Using license file /home/anup/gurobi.lic
Academic license - for non-commercial use only

--------------------------------------------------
Model update took: 2.574920654296875e-05 seconds
Model optimize took: 0.06553959846496582 seconds
--------------------------------------------------

Throughput: 83.32500083324999 Mpps, ns per packet: 12.001200000000003
Resources: 132.7878507970658

Sketch (0) (cm: eps0: 0.03125, del0: 0.05, min_mem: 0.33984375)
Par: 1, Rows: 3
0.297    0.703    0.000    
Total frac: 1.000

Sketch (1) (cm: eps0: 3.125e-06, del0: 0.05, min_mem: 3397.85546875)
Par: 1, Rows: 3
0.560    0.000    0.440    
Total frac: 1.000

Sketch (2) (cm: eps0: 0.625, del0: 0.025, min_mem: 0.01953125)
Par: 1, Rows: 4
0.000    1.000    0.000    
Total frac: 1.000

Device (0) cpu_1:
cores_sketch: 2.0, cores_dpdk: 5.0
Rows total: 2.5735554035985877
Mem total: 5713.054123147563
Throughput: 83.32500083324999

Device (1) p4_1:
Rows total: 6.107725905130749
Mem total: 0.7944224755717779
Throughput: 148.0

Device (2) cpu_2:
cores_sketch: 1.0000000000000004, cores_dpdk: 5.0
Rows total: 1.3187186912706634
Mem total: 4480.815516876865
Throughput: 83.32500083324999
--------------------------------------------------
