Using license file /home/anup/gurobi.lic
Academic license - for non-commercial use only

--------------------------------------------------
Model update took: 7.319450378417969e-05 seconds
Model optimize took: 0.004361629486083984 seconds
--------------------------------------------------

Sketch (0) (cm: eps0: 0.03125, del0: 0.05, min_mem: 0.33984375)
Par: 1, Rows: 1
0.500    0.000    0.500    
Total frac: 1.000
Par: 2, Rows: 1
0.500    0.000    0.500    
Total frac: 1.000
Par: 3, Rows: 1
0.000    1.000    0.000    
Total frac: 1.000

Sketch (1) (cm: eps0: 1.25e-06, del0: 0.05, min_mem: 8494.6328125)
Par: 1, Rows: 1
0.489    0.022    0.489    
Total frac: 1.000
Par: 2, Rows: 1
0.489    0.022    0.489    
Total frac: 1.000
Par: 3, Rows: 1
0.489    0.022    0.489    
Total frac: 1.000

Sketch (2) (cm: eps0: 0.625, del0: 0.025, min_mem: 0.01953125)
Par: 1, Rows: 1
0.000    1.000    0.000    
Total frac: 1.000
Par: 2, Rows: 1
0.000    1.000    0.000    
Total frac: 1.000
Par: 3, Rows: 1
0.000    1.000    0.000    
Total frac: 1.000
Par: 4, Rows: 1
0.000    1.000    0.000    
Total frac: 1.000

Device (0) cpu_1:
Rows total: 2.466267457211493
Mem total: 12455.743497679689

Device (1) p4_1:
Rows total: 5.067465085577014
Mem total: 573.509098390622

Device (2) cpu_2:
Rows total: 2.466267457211493
Mem total: 12455.743497679689
--------------------------------------------------
Changed value of parameter NonConvex to 2
   Prev: -1  Min: -1  Max: 2  Default: -1
Changed value of parameter NonConvex to 2
   Prev: -1  Min: -1  Max: 2  Default: -1

Throughput: 78.61901600704289 Mpps, ns per packet: 12.719569015089396
Resources: 156.25592549022866

Sketch (0) (cm: eps0: 0.03125, del0: 0.05, min_mem: 0.33984375)
Par: 1, Rows: 1
0.500    0.000    0.500    
Total frac: 1.000
Par: 2, Rows: 1
0.500    0.000    0.500    
Total frac: 1.000
Par: 3, Rows: 1
0.000    1.000    0.000    
Total frac: 1.000

Sketch (1) (cm: eps0: 1.25e-06, del0: 0.05, min_mem: 8494.6328125)
Par: 1, Rows: 1
0.489    0.022    0.489    
Total frac: 1.000
Par: 2, Rows: 1
0.489    0.022    0.489    
Total frac: 1.000
Par: 3, Rows: 1
0.489    0.022    0.489    
Total frac: 1.000

Sketch (2) (cm: eps0: 0.625, del0: 0.025, min_mem: 0.01953125)
Par: 1, Rows: 1
0.000    1.000    0.000    
Total frac: 1.000
Par: 2, Rows: 1
0.000    1.000    0.000    
Total frac: 1.000
Par: 3, Rows: 1
0.000    1.000    0.000    
Total frac: 1.000
Par: 4, Rows: 1
0.000    1.000    0.000    
Total frac: 1.000

Device (0) cpu_1:
cores_sketch: 2.999999999999999, cores_dpdk: 3.999999999999997
Rows total: 2.466267457211493
Mem total: 12455.743497679689
Throughput: 78.61901600704289

Device (1) p4_1:
Rows total: 5.067465085577014
Mem total: 573.509098390622
Throughput: 148.0

Device (2) cpu_2:
cores_sketch: 2.999999999999999, cores_dpdk: 3.999999999999997
Rows total: 2.466267457211493
Mem total: 12455.743497679689
Throughput: 78.61901600704289
--------------------------------------------------
