Using license file /home/anup/gurobi.lic
Academic license - for non-commercial use only

--------------------------------------------------
Model update took: 2.6464462280273438e-05 seconds
Model optimize took: 0.07315301895141602 seconds
--------------------------------------------------

VARIABLES ------------------------------
Objective: 12.001200000000003
frac[0,0] 0
frac[0,1] 0.497807
frac[0,2] 0.00923467
frac[1,0] 0
frac[1,1] 0.502193
frac[1,2] 0.00102812
frac[2,0] 1
frac[2,1] 0
frac[2,2] 0.989737
frac[3,0] 0
frac[3,1] 0
frac[3,2] 0.489737
mem[0,0] 0
mem[0,1] 12686.1
mem[0,2] 0.000721459
mem[1,0] 0
mem[1,1] 12797.8
mem[1,2] 8.03216e-05
mem[2,0] 0.105469
mem[2,1] 0
mem[2,2] 0.0773232
mem[3,0] 0
mem[3,1] 0
mem[3,2] 0.0382607
mem_tot_cpu_1 12686.1
rows_tot_cpu_1 1.53036
mem_tot_cpu_2 12797.8
rows_tot_cpu_2 1.51069
mem_tot_p4_1 0.182792
rows_tot_p4_1 6.95895
mem_tot_p4_2 0.0382607
rows_tot_p4_2 1.95895
m_access_time_cpu_1 12.1842
ns_single_cpu_1 24.0024
pdt_m_rows_cpu_1 18.6461
cores_sketch_cpu_1 2
cores_dpdk_cpu_1 5
ns_sketch_cpu_1 12.0012
ns_dpdk_cpu_1 11.4286
ns_cpu_1 12.0012
pdt_nsk_c_cpu_1 24.0024
pdt_nsc_dpdk_cpu_1 57.1429
m_access_time_cpu_2 12.287
ns_single_cpu_2 23.8494
pdt_m_rows_cpu_2 18.5619
cores_sketch_cpu_2 2
cores_dpdk_cpu_2 5
ns_sketch_cpu_2 11.9247
ns_dpdk_cpu_2 11.4286
ns_cpu_2 11.9247
pdt_nsk_c_cpu_2 23.8494
pdt_nsc_dpdk_cpu_2 57.1429
ns_p4_1 6.75676
ns_p4_2 6.75676
ns 12.0012
ns 145.345
--------------------------------------------------

Throughput: 83.32500083324999 Mpps, ns per packet: 12.001200000000003
Resources: 145.34490723378673

Sketch (0) (cm: eps0: 0.3125, del0: 0.05, min_mem: 0.03515625)
Par: 1, Rows: 3
0.000    0.000    1.000    0.000    
Total frac: 1.000

Sketch (1) (cm: eps0: 1.25e-06, del0: 0.05, min_mem: 8494.6328125)
Par: 1, Rows: 3
0.498    0.502    0.000    0.000    
Total frac: 1.000

Sketch (2) (cm: eps0: 0.625, del0: 0.025, min_mem: 0.01953125)
Par: 1, Rows: 4
0.009    0.001    0.990    0.490    
Total frac: 1.490

Device (0) cpu_1:
cores_sketch: 2.0, cores_dpdk: 5.0
Rows total: 1.530358310256346
Mem total: 12686.052112036135
Throughput: 83.32500083324999

Device (1) cpu_2:
cores_sketch: 2.0, cores_dpdk: 5.0
Rows total: 1.5106928386141385
Mem total: 12797.847127244117
Throughput: 83.85966917473945

Device (2) p4_1:
Rows total: 6.9589488511295166
Mem total: 0.18279196974862336
Throughput: 148.0

Device (3) p4_2:
Rows total: 1.958948851129516
Mem total: 0.038260719748623356
Throughput: 148.0

Flow 0:
queries: [(1, 1), (2, 1)]
path: (0, 2, 1)
Flow 1:
queries: [(2, 0.9), (0, 1)]
path: (0, 2)
Flow 2:
queries: [(1, 0.8), (2, 0.5)]
path: (0, 3, 1)
--------------------------------------------------
