Using license file /home/anup/gurobi.lic
Academic license - for non-commercial use only

--------------------------------------------------
Model update took: 0.0036284923553466797 seconds
Model optimize took: 120.05876231193542 seconds
--------------------------------------------------

Sketch (0) (cm: eps0: 0.00625, del0: 0.05, min_mem: 1.69921875)
Par: 1, Rows: 1
1.000    -0.000    -0.000    -0.000    -0.000    -0.000    -0.000    -0.000    -0.000    -0.000    -0.000    -0.000    0.000    0.000    1.000    
Total frac: 2.000
Par: 2, Rows: 1
-0.000    1.000    -0.000    -0.000    -0.000    0.000    -0.000    -0.000    -0.000    -0.000    -0.000    -0.000    0.000    0.000    1.000    
Total frac: 2.000
Par: 3, Rows: 1
-0.000    1.000    0.000    -0.000    -0.000    -0.000    0.000    -0.000    -0.000    -0.000    -0.000    -0.000    -0.000    -0.000    1.000    
Total frac: 2.000

Sketch (1) (cm: eps0: 0.00625, del0: 0.05, min_mem: 1.69921875)
Par: 1, Rows: 1
-0.000    0.000    0.000    -0.000    0.000    -0.000    -0.000    0.000    -0.000    0.000    -0.000    0.000    -0.000    1.000    0.000    
Total frac: 1.000
Par: 2, Rows: 1
-0.000    0.000    0.000    0.000    0.000    0.000    -0.000    0.000    0.000    0.000    -0.000    -0.000    0.000    1.000    -0.000    
Total frac: 1.000
Par: 3, Rows: 1
0.000    0.000    0.000    0.000    0.000    -0.000    -0.000    0.000    0.000    0.000    0.000    -0.000    0.000    1.000    0.000    
Total frac: 1.000

Sketch (2) (cm: eps0: 0.00625, del0: 0.05, min_mem: 1.69921875)
Par: 1, Rows: 1
-0.000    0.000    0.000    -0.000    0.000    0.000    -0.000    0.000    0.000    1.000    -0.000    1.000    -0.000    -0.000    -0.000    
Total frac: 2.000
Par: 2, Rows: 1
-0.000    0.000    -0.000    -0.000    -0.000    -0.000    1.000    0.000    -0.000    1.000    -0.000    0.000    -0.000    -0.000    -0.000    
Total frac: 2.000
Par: 3, Rows: 1
0.000    0.000    0.000    -0.000    1.000    0.000    0.000    0.000    0.000    1.000    -0.000    -0.000    0.000    0.000    -0.000    
Total frac: 2.000

Sketch (3) (cm: eps0: 0.00625, del0: 0.05, min_mem: 1.69921875)
Par: 1, Rows: 1
0.000    0.000    -0.000    0.000    0.000    0.000    0.000    -0.000    0.000    1.000    0.000    -0.000    -0.000    -0.000    -0.000    
Total frac: 1.000
Par: 2, Rows: 1
0.000    0.000    0.000    -0.000    0.000    -0.000    0.000    -0.000    0.000    0.000    0.000    -0.000    -0.000    -0.000    1.000    
Total frac: 1.000
Par: 3, Rows: 1
0.000    0.000    -0.000    0.000    0.000    0.000    0.000    -0.000    0.000    -0.000    0.000    -0.000    0.000    -0.000    1.000    
Total frac: 1.000

Sketch (4) (cm: eps0: 0.00625, del0: 0.05, min_mem: 1.69921875)
Par: 1, Rows: 1
0.000    0.000    0.000    -0.000    0.000    1.000    0.000    0.000    0.000    1.000    -0.000    -0.000    0.000    -0.000    -0.000    
Total frac: 2.000
Par: 2, Rows: 1
0.000    0.000    0.000    -0.000    -0.000    1.000    -0.000    0.000    0.000    1.000    0.000    -0.000    -0.000    0.000    0.000    
Total frac: 2.000
Par: 3, Rows: 1
0.000    0.000    0.000    -0.000    -0.000    1.000    -0.000    0.000    0.000    -0.000    -0.000    0.000    1.000    -0.000    -0.000    
Total frac: 2.000

Sketch (5) (cm: eps0: 0.00625, del0: 0.05, min_mem: 1.69921875)
Par: 1, Rows: 1
-0.000    1.000    -0.000    -0.000    0.000    -0.000    0.000    1.000    -0.000    1.000    -0.000    -0.000    -0.000    -0.000    -0.000    
Total frac: 3.000
Par: 2, Rows: 1
-0.000    -0.000    -0.000    0.000    0.000    1.000    -0.000    1.000    1.000    -0.000    -0.000    -0.000    -0.000    -0.000    0.000    
Total frac: 3.000
Par: 3, Rows: 1
1.000    0.000    -0.000    1.000    0.000    -0.000    0.000    1.000    -0.000    -0.000    -0.000    0.000    -0.000    -0.000    -0.000    
Total frac: 3.000

Sketch (6) (cm: eps0: 0.00625, del0: 0.05, min_mem: 1.69921875)
Par: 1, Rows: 1
0.000    0.000    0.000    -0.000    -0.000    0.000    0.000    1.000    0.000    -0.000    0.000    0.000    1.000    -0.000    -0.000    
Total frac: 2.000
Par: 2, Rows: 1
-0.000    0.000    0.000    -0.000    0.000    0.000    0.000    -0.000    1.000    -0.000    -0.000    1.000    -0.000    -0.000    -0.000    
Total frac: 2.000
Par: 3, Rows: 1
0.000    0.000    0.000    0.000    1.000    0.000    0.000    -0.000    1.000    -0.000    0.000    -0.000    -0.000    -0.000    -0.000    
Total frac: 2.000

Sketch (7) (cm: eps0: 0.00625, del0: 0.05, min_mem: 1.69921875)
Par: 1, Rows: 1
0.000    0.000    0.000    -0.000    0.000    -0.000    0.000    1.000    0.000    1.000    -0.000    0.000    -0.000    0.000    0.000    
Total frac: 2.000
Par: 2, Rows: 1
0.000    0.000    0.000    -0.000    0.000    0.000    0.000    1.000    0.000    1.000    -0.000    -0.000    0.000    -0.000    -0.000    
Total frac: 2.000
Par: 3, Rows: 1
0.000    0.000    0.000    0.000    0.000    0.000    0.000    1.000    0.000    1.000    -0.000    -0.000    -0.000    -0.000    -0.000    
Total frac: 2.000

Sketch (8) (cm: eps0: 0.00625, del0: 0.05, min_mem: 1.69921875)
Par: 1, Rows: 1
0.000    -0.000    -0.000    1.000    1.000    0.000    -0.000    0.000    0.000    0.000    -0.000    1.000    -0.000    -0.000    -0.000    
Total frac: 3.000
Par: 2, Rows: 1
-0.000    1.000    -0.000    -0.000    1.000    -0.000    0.000    0.000    -0.000    1.000    0.000    -0.000    0.000    -0.000    -0.000    
Total frac: 3.000
Par: 3, Rows: 1
-0.000    1.000    -0.000    0.000    0.000    1.000    -0.000    0.000    -0.000    1.000    -0.000    -0.000    -0.000    -0.000    -0.000    
Total frac: 3.000

Sketch (9) (cm: eps0: 0.00625, del0: 0.05, min_mem: 1.69921875)
Par: 1, Rows: 1
-0.000    -0.000    0.000    0.000    -0.000    0.000    -0.000    0.000    -0.000    0.000    -0.000    0.000    -0.000    -0.000    1.000    
Total frac: 1.000
Par: 2, Rows: 1
-0.000    -0.000    -0.000    0.000    -0.000    -0.000    -0.000    0.000    -0.000    -0.000    0.000    -0.000    -0.000    -0.000    1.000    
Total frac: 1.000
Par: 3, Rows: 1
0.000    -0.000    -0.000    0.000    -0.000    0.000    -0.000    0.000    0.000    -0.000    0.000    -0.000    -0.000    -0.000    1.000    
Total frac: 1.000

Sketch (10) (cm: eps0: 0.00625, del0: 0.05, min_mem: 1.69921875)
Par: 1, Rows: 1
-0.000    0.000    0.000    -0.000    0.000    -0.000    0.000    -0.000    -0.000    0.000    1.000    -0.000    0.000    -0.000    0.000    
Total frac: 1.000
Par: 2, Rows: 1
-0.000    0.000    0.000    -0.000    0.000    0.000    0.000    0.000    -0.000    0.000    1.000    -0.000    0.000    0.000    0.000    
Total frac: 1.000
Par: 3, Rows: 1
-0.000    0.000    0.000    -0.000    0.000    -0.000    0.000    0.000    -0.000    0.000    1.000    -0.000    0.000    -0.000    0.000    
Total frac: 1.000

Sketch (11) (cm: eps0: 0.00625, del0: 0.05, min_mem: 1.69921875)
Par: 1, Rows: 1
-0.000    -0.000    -0.000    1.000    0.000    0.000    0.000    0.000    -0.000    0.000    -0.000    0.000    0.000    1.000    0.000    
Total frac: 2.000
Par: 2, Rows: 1
-0.000    0.000    -0.000    1.000    -0.000    -0.000    0.000    -0.000    -0.000    -0.000    -0.000    -0.000    -0.000    1.000    -0.000    
Total frac: 2.000
Par: 3, Rows: 1
0.000    -0.000    1.000    -0.000    -0.000    0.000    0.000    -0.000    -0.000    0.000    -0.000    0.000    -0.000    1.000    -0.000    
Total frac: 2.000

Sketch (12) (cm: eps0: 0.00625, del0: 0.05, min_mem: 1.69921875)
Par: 1, Rows: 1
0.000    0.000    0.000    -0.000    0.000    -0.000    0.000    0.000    0.000    1.000    -0.000    0.000    -0.000    -0.000    -0.000    
Total frac: 1.000
Par: 2, Rows: 1
0.000    -0.000    0.000    -0.000    0.000    0.000    0.000    0.000    0.000    1.000    0.000    0.000    -0.000    -0.000    0.000    
Total frac: 1.000
Par: 3, Rows: 1
0.000    -0.000    0.000    -0.000    0.000    -0.000    0.000    0.000    0.000    -0.000    0.000    0.000    1.000    -0.000    0.000    
Total frac: 1.000

Sketch (13) (cm: eps0: 0.00625, del0: 0.05, min_mem: 1.69921875)
Par: 1, Rows: 1
1.000    -0.000    0.000    0.000    -0.000    0.000    1.000    -0.000    -0.000    0.000    -0.000    -0.000    0.000    -0.000    0.000    
Total frac: 2.000
Par: 2, Rows: 1
1.000    0.000    0.000    0.000    -0.000    0.000    1.000    0.000    -0.000    0.000    -0.000    -0.000    0.000    0.000    -0.000    
Total frac: 2.000
Par: 3, Rows: 1
0.000    -0.000    0.000    0.000    -0.000    0.000    1.000    0.000    1.000    0.000    0.000    -0.000    0.000    0.000    -0.000    
Total frac: 2.000

Sketch (14) (cm: eps0: 0.00625, del0: 0.05, min_mem: 1.69921875)
Par: 1, Rows: 1
-0.000    0.000    -0.000    0.000    -0.000    0.000    -0.000    -0.000    -0.000    0.000    0.000    -0.000    0.000    1.000    -0.000    
Total frac: 1.000
Par: 2, Rows: 1
-0.000    0.000    -0.000    0.000    -0.000    0.000    0.000    0.000    -0.000    -0.000    0.000    -0.000    -0.000    1.000    -0.000    
Total frac: 1.000
Par: 3, Rows: 1
-0.000    0.000    -0.000    0.000    -0.000    0.000    -0.000    0.000    -0.000    0.000    -0.000    -0.000    -0.000    1.000    -0.000    
Total frac: 1.000

Sketch (15) (cm: eps0: 0.00625, del0: 0.05, min_mem: 1.69921875)
Par: 1, Rows: 1
-0.000    0.000    1.000    0.000    0.000    -0.000    -0.000    0.000    -0.000    -0.000    -0.000    0.000    -0.000    0.000    1.000    
Total frac: 2.000
Par: 2, Rows: 1
0.000    0.000    1.000    -0.000    0.000    -0.000    -0.000    0.000    -0.000    -0.000    -0.000    0.000    0.000    -0.000    1.000    
Total frac: 2.000
Par: 3, Rows: 1
0.000    -0.000    1.000    -0.000    0.000    0.000    -0.000    0.000    -0.000    -0.000    0.000    -0.000    -0.000    -0.000    1.000    
Total frac: 2.000

Sketch (16) (cm: eps0: 0.00625, del0: 0.05, min_mem: 1.69921875)
Par: 1, Rows: 1
0.000    0.000    0.000    0.000    1.000    0.000    0.000    0.000    1.000    -0.000    -0.000    0.000    -0.000    -0.000    0.000    
Total frac: 2.000
Par: 2, Rows: 1
-0.000    0.000    -0.000    0.000    0.000    1.000    0.000    0.000    -0.000    -0.000    0.000    0.000    1.000    0.000    0.000    
Total frac: 2.000
Par: 3, Rows: 1
0.000    0.000    -0.000    0.000    0.000    1.000    0.000    0.000    -0.000    1.000    -0.000    0.000    0.000    0.000    0.000    
Total frac: 2.000

Sketch (17) (cm: eps0: 0.00625, del0: 0.05, min_mem: 1.69921875)
Par: 1, Rows: 1
-0.000    0.000    0.000    0.000    -0.000    1.000    0.000    0.000    0.000    0.000    -0.000    0.000    0.000    0.000    0.000    
Total frac: 1.000
Par: 2, Rows: 1
0.000    0.000    0.000    0.000    -0.000    -0.000    0.000    0.000    0.000    0.000    1.000    0.000    0.000    0.000    0.000    
Total frac: 1.000
Par: 3, Rows: 1
0.000    0.000    0.000    0.000    0.000    1.000    0.000    0.000    0.000    0.000    -0.000    0.000    0.000    0.000    0.000    
Total frac: 1.000

Sketch (18) (cm: eps0: 0.00625, del0: 0.05, min_mem: 1.69921875)
Par: 1, Rows: 1
1.000    -0.000    0.000    0.000    -0.000    -0.000    0.000    0.000    -0.000    0.000    -0.000    -0.000    -0.000    1.000    -0.000    
Total frac: 2.000
Par: 2, Rows: 1
0.000    1.000    0.000    0.000    1.000    0.000    -0.000    0.000    -0.000    0.000    -0.000    -0.000    0.000    -0.000    0.000    
Total frac: 2.000
Par: 3, Rows: 1
0.000    1.000    0.000    0.000    -0.000    -0.000    1.000    0.000    -0.000    0.000    -0.000    -0.000    0.000    -0.000    0.000    
Total frac: 2.000

Sketch (19) (cm: eps0: 0.00625, del0: 0.05, min_mem: 1.69921875)
Par: 1, Rows: 1
0.000    -0.000    0.000    -0.000    0.000    1.000    -0.000    0.000    1.000    -0.000    -0.000    0.000    1.000    -0.000    -0.000    
Total frac: 3.000
Par: 2, Rows: 1
1.000    -0.000    -0.000    -0.000    0.000    1.000    -0.000    0.000    0.000    0.000    0.000    -0.000    1.000    -0.000    -0.000    
Total frac: 3.000
Par: 3, Rows: 1
-0.000    0.000    -0.000    -0.000    1.000    0.000    1.000    0.000    1.000    -0.000    -0.000    -0.000    -0.000    -0.000    -0.000    
Total frac: 3.000

Sketch (20) (cm: eps0: 0.00625, del0: 0.05, min_mem: 1.69921875)
Par: 1, Rows: 1
0.000    1.000    1.000    0.000    0.000    -0.000    0.000    0.000    -0.000    -0.000    0.000    0.000    -0.000    -0.000    -0.000    
Total frac: 2.000
Par: 2, Rows: 1
0.000    -0.000    -0.000    0.000    0.000    1.000    0.000    0.000    -0.000    1.000    -0.000    0.000    0.000    0.000    -0.000    
Total frac: 2.000
Par: 3, Rows: 1
0.000    -0.000    1.000    -0.000    0.000    1.000    0.000    0.000    -0.000    -0.000    0.000    0.000    -0.000    -0.000    0.000    
Total frac: 2.000

Sketch (21) (cm: eps0: 0.00625, del0: 0.05, min_mem: 1.69921875)
Par: 1, Rows: 1
-0.000    0.000    -0.000    0.000    0.000    0.000    0.000    0.000    1.000    0.000    -0.000    0.000    -0.000    0.000    0.000    
Total frac: 1.000
Par: 2, Rows: 1
0.000    0.000    -0.000    0.000    0.000    0.000    0.000    0.000    1.000    -0.000    0.000    0.000    -0.000    0.000    0.000    
Total frac: 1.000
Par: 3, Rows: 1
-0.000    0.000    -0.000    -0.000    0.000    0.000    0.000    0.000    1.000    -0.000    0.000    0.000    0.000    0.000    0.000    
Total frac: 1.000

Sketch (22) (cm: eps0: 0.00625, del0: 0.05, min_mem: 1.69921875)
Par: 1, Rows: 1
0.000    0.000    -0.000    -0.000    -0.000    -0.000    0.000    -0.000    1.000    -0.000    -0.000    1.000    -0.000    0.000    0.000    
Total frac: 2.000
Par: 2, Rows: 1
-0.000    -0.000    -0.000    0.000    -0.000    0.000    0.000    0.000    1.000    0.000    -0.000    1.000    0.000    -0.000    0.000    
Total frac: 2.000
Par: 3, Rows: 1
0.000    -0.000    -0.000    0.000    0.000    -0.000    0.000    -0.000    1.000    0.000    -0.000    1.000    0.000    0.000    0.000    
Total frac: 2.000

Sketch (23) (cm: eps0: 0.00625, del0: 0.05, min_mem: 1.69921875)
Par: 1, Rows: 1
0.000    -0.000    0.000    0.000    -0.000    0.000    -0.000    0.000    0.000    1.000    -0.000    0.000    -0.000    1.000    -0.000    
Total frac: 2.000
Par: 2, Rows: 1
0.000    -0.000    0.000    0.000    0.000    0.000    0.000    0.000    -0.000    1.000    -0.000    -0.000    -0.000    1.000    -0.000    
Total frac: 2.000
Par: 3, Rows: 1
-0.000    0.000    1.000    0.000    -0.000    0.000    -0.000    0.000    -0.000    -0.000    -0.000    0.000    0.000    1.000    -0.000    
Total frac: 2.000

Sketch (24) (cm: eps0: 0.00625, del0: 0.05, min_mem: 1.69921875)
Par: 1, Rows: 1
0.000    0.000    0.000    0.000    1.000    0.000    0.000    0.000    0.000    -0.000    -0.000    0.000    -0.000    -0.000    -0.000    
Total frac: 1.000
Par: 2, Rows: 1
0.000    0.000    0.000    -0.000    1.000    0.000    0.000    0.000    0.000    0.000    0.000    0.000    -0.000    0.000    0.000    
Total frac: 1.000
Par: 3, Rows: 1
0.000    0.000    0.000    -0.000    1.000    0.000    0.000    0.000    0.000    -0.000    -0.000    0.000    -0.000    -0.000    -0.000    
Total frac: 1.000

Sketch (25) (cm: eps0: 0.00625, del0: 0.05, min_mem: 1.69921875)
Par: 1, Rows: 1
0.000    -0.000    0.000    0.000    0.000    1.000    0.000    1.000    -0.000    0.000    0.000    -0.000    0.000    0.000    0.000    
Total frac: 2.000
Par: 2, Rows: 1
0.000    0.000    -0.000    0.000    0.000    1.000    -0.000    1.000    0.000    0.000    -0.000    -0.000    -0.000    -0.000    -0.000    
Total frac: 2.000
Par: 3, Rows: 1
0.000    -0.000    0.000    0.000    0.000    -0.000    -0.000    0.000    -0.000    0.000    1.000    1.000    0.000    0.000    0.000    
Total frac: 2.000

Sketch (26) (cm: eps0: 0.00625, del0: 0.05, min_mem: 1.69921875)
Par: 1, Rows: 1
0.000    -0.000    -0.000    -0.000    0.000    0.000    1.000    0.000    1.000    -0.000    0.000    -0.000    0.000    -0.000    0.000    
Total frac: 2.000
Par: 2, Rows: 1
-0.000    0.000    -0.000    -0.000    0.000    0.000    1.000    0.000    1.000    0.000    -0.000    -0.000    -0.000    -0.000    0.000    
Total frac: 2.000
Par: 3, Rows: 1
-0.000    -0.000    -0.000    0.000    -0.000    -0.000    1.000    0.000    1.000    -0.000    -0.000    -0.000    -0.000    -0.000    0.000    
Total frac: 2.000

Sketch (27) (cm: eps0: 0.00625, del0: 0.05, min_mem: 1.69921875)
Par: 1, Rows: 1
0.000    0.000    -0.000    -0.000    0.000    -0.000    0.000    -0.000    0.000    -0.000    0.000    1.000    -0.000    -0.000    1.000    
Total frac: 2.000
Par: 2, Rows: 1
-0.000    0.000    -0.000    -0.000    -0.000    0.000    -0.000    1.000    -0.000    0.000    1.000    -0.000    0.000    -0.000    -0.000    
Total frac: 2.000
Par: 3, Rows: 1
-0.000    0.000    -0.000    -0.000    0.000    0.000    0.000    1.000    -0.000    -0.000    0.000    -0.000    -0.000    0.000    1.000    
Total frac: 2.000

Sketch (28) (cm: eps0: 0.00625, del0: 0.05, min_mem: 1.69921875)
Par: 1, Rows: 1
0.000    1.000    -0.000    0.000    0.000    0.000    0.000    0.000    0.000    0.000    0.000    0.000    0.000    0.000    0.000    
Total frac: 1.000
Par: 2, Rows: 1
0.000    1.000    0.000    0.000    0.000    0.000    0.000    0.000    -0.000    -0.000    0.000    0.000    0.000    0.000    0.000    
Total frac: 1.000
Par: 3, Rows: 1
0.000    -0.000    -0.000    0.000    0.000    0.000    0.000    0.000    -0.000    1.000    0.000    0.000    -0.000    0.000    0.000    
Total frac: 1.000

Sketch (29) (cm: eps0: 0.00625, del0: 0.05, min_mem: 1.69921875)
Par: 1, Rows: 1
0.000    0.000    0.000    -0.000    1.000    -0.000    1.000    0.000    0.000    -0.000    0.000    0.000    -0.000    -0.000    -0.000    
Total frac: 2.000
Par: 2, Rows: 1
0.000    0.000    0.000    -0.000    0.000    0.000    1.000    -0.000    0.000    -0.000    1.000    0.000    -0.000    -0.000    -0.000    
Total frac: 2.000
Par: 3, Rows: 1
0.000    0.000    0.000    1.000    1.000    0.000    -0.000    -0.000    0.000    -0.000    -0.000    -0.000    -0.000    -0.000    0.000    
Total frac: 2.000

Sketch (30) (cm: eps0: 0.00625, del0: 0.05, min_mem: 1.69921875)
Par: 1, Rows: 1
1.000    -0.000    0.000    -0.000    -0.000    0.000    -0.000    0.000    0.000    -0.000    -0.000    1.000    0.000    0.000    0.000    
Total frac: 2.000
Par: 2, Rows: 1
1.000    0.000    0.000    -0.000    -0.000    -0.000    -0.000    -0.000    0.000    -0.000    -0.000    1.000    -0.000    -0.000    -0.000    
Total frac: 2.000
Par: 3, Rows: 1
1.000    0.000    0.000    -0.000    0.000    -0.000    -0.000    -0.000    -0.000    -0.000    0.000    1.000    -0.000    -0.000    0.000    
Total frac: 2.000

Sketch (31) (cm: eps0: 0.00625, del0: 0.05, min_mem: 1.69921875)
Par: 1, Rows: 1
0.000    0.000    0.000    -0.000    0.000    1.000    -0.000    1.000    -0.000    0.000    -0.000    0.000    -0.000    0.000    -0.000    
Total frac: 2.000
Par: 2, Rows: 1
-0.000    0.000    0.000    -0.000    0.000    1.000    -0.000    1.000    -0.000    -0.000    0.000    -0.000    -0.000    0.000    -0.000    
Total frac: 2.000
Par: 3, Rows: 1
-0.000    0.000    0.000    0.000    0.000    0.000    -0.000    -0.000    -0.000    -0.000    1.000    1.000    0.000    -0.000    -0.000    
Total frac: 2.000

Sketch (32) (cm: eps0: 0.00625, del0: 0.05, min_mem: 1.69921875)
Par: 1, Rows: 1
-0.000    1.000    0.000    0.000    -0.000    0.000    0.000    0.000    0.000    1.000    -0.000    0.000    -0.000    0.000    -0.000    
Total frac: 2.000
Par: 2, Rows: 1
-0.000    1.000    -0.000    0.000    -0.000    0.000    0.000    0.000    -0.000    1.000    0.000    0.000    0.000    0.000    -0.000    
Total frac: 2.000
Par: 3, Rows: 1
-0.000    1.000    -0.000    -0.000    0.000    0.000    0.000    0.000    -0.000    1.000    -0.000    0.000    0.000    0.000    0.000    
Total frac: 2.000

Sketch (33) (cm: eps0: 0.00625, del0: 0.05, min_mem: 1.69921875)
Par: 1, Rows: 1
-0.000    -0.000    -0.000    -0.000    0.000    -0.000    -0.000    -0.000    1.000    -0.000    0.000    1.000    -0.000    -0.000    -0.000    
Total frac: 2.000
Par: 2, Rows: 1
1.000    0.000    -0.000    -0.000    0.000    0.000    -0.000    -0.000    -0.000    -0.000    0.000    1.000    -0.000    -0.000    0.000    
Total frac: 2.000
Par: 3, Rows: 1
-0.000    -0.000    -0.000    0.000    0.000    -0.000    1.000    -0.000    -0.000    -0.000    -0.000    -0.000    1.000    -0.000    -0.000    
Total frac: 2.000

Sketch (34) (cm: eps0: 0.00625, del0: 0.05, min_mem: 1.69921875)
Par: 1, Rows: 1
0.000    1.000    0.000    0.000    0.000    0.000    1.000    -0.000    -0.000    0.000    0.000    0.000    0.000    0.000    0.000    
Total frac: 2.000
Par: 2, Rows: 1
-0.000    1.000    0.000    0.000    0.000    -0.000    1.000    0.000    -0.000    0.000    -0.000    -0.000    0.000    0.000    0.000    
Total frac: 2.000
Par: 3, Rows: 1
-0.000    1.000    0.000    0.000    0.000    -0.000    -0.000    0.000    -0.000    0.000    -0.000    1.000    0.000    -0.000    0.000    
Total frac: 2.000

Sketch (35) (cm: eps0: 0.00625, del0: 0.05, min_mem: 1.69921875)
Par: 1, Rows: 1
0.000    0.000    -0.000    0.000    -0.000    0.000    0.000    0.000    0.000    0.000    1.000    0.000    -0.000    -0.000    -0.000    
Total frac: 1.000
Par: 2, Rows: 1
0.000    0.000    1.000    0.000    -0.000    0.000    0.000    0.000    0.000    -0.000    0.000    0.000    -0.000    -0.000    -0.000    
Total frac: 1.000
Par: 3, Rows: 1
0.000    0.000    -0.000    0.000    -0.000    0.000    0.000    0.000    0.000    -0.000    1.000    0.000    -0.000    -0.000    -0.000    
Total frac: 1.000

Sketch (36) (cm: eps0: 0.00625, del0: 0.05, min_mem: 1.69921875)
Par: 1, Rows: 1
0.000    0.000    0.000    0.000    0.000    0.000    0.000    1.000    0.000    0.000    0.000    -0.000    0.000    0.000    0.000    
Total frac: 1.000
Par: 2, Rows: 1
0.000    0.000    0.000    0.000    0.000    0.000    0.000    1.000    0.000    0.000    0.000    -0.000    -0.000    0.000    0.000    
Total frac: 1.000
Par: 3, Rows: 1
0.000    0.000    0.000    0.000    0.000    0.000    -0.000    1.000    0.000    0.000    0.000    -0.000    0.000    0.000    0.000    
Total frac: 1.000

Sketch (37) (cm: eps0: 0.00625, del0: 0.05, min_mem: 1.69921875)
Par: 1, Rows: 1
0.000    1.000    -0.000    0.000    0.000    0.000    -0.000    0.000    -0.000    -0.000    -0.000    -0.000    -0.000    0.000    1.000    
Total frac: 2.000
Par: 2, Rows: 1
1.000    0.000    -0.000    0.000    -0.000    0.000    0.000    -0.000    -0.000    -0.000    0.000    1.000    -0.000    -0.000    -0.000    
Total frac: 2.000
Par: 3, Rows: 1
1.000    -0.000    -0.000    0.000    0.000    0.000    -0.000    -0.000    -0.000    -0.000    -0.000    -0.000    -0.000    0.000    1.000    
Total frac: 2.000

Sketch (38) (cm: eps0: 0.00625, del0: 0.05, min_mem: 1.69921875)
Par: 1, Rows: 1
0.000    0.000    -0.000    -0.000    -0.000    1.000    0.000    -0.000    0.000    1.000    0.000    0.000    -0.000    -0.000    -0.000    
Total frac: 2.000
Par: 2, Rows: 1
0.000    -0.000    0.000    -0.000    0.000    1.000    0.000    0.000    -0.000    -0.000    -0.000    0.000    1.000    0.000    0.000    
Total frac: 2.000
Par: 3, Rows: 1
0.000    0.000    0.000    1.000    0.000    1.000    0.000    0.000    0.000    -0.000    0.000    0.000    0.000    0.000    0.000    
Total frac: 2.000

Sketch (39) (cm: eps0: 0.00625, del0: 0.05, min_mem: 1.69921875)
Par: 1, Rows: 1
0.000    -0.000    -0.000    -0.000    -0.000    -0.000    -0.000    0.000    1.000    -0.000    1.000    -0.000    0.000    -0.000    -0.000    
Total frac: 2.000
Par: 2, Rows: 1
0.000    -0.000    -0.000    -0.000    1.000    0.000    -0.000    0.000    1.000    -0.000    -0.000    0.000    0.000    -0.000    -0.000    
Total frac: 2.000
Par: 3, Rows: 1
-0.000    -0.000    -0.000    -0.000    0.000    0.000    1.000    0.000    -0.000    0.000    -0.000    0.000    1.000    0.000    -0.000    
Total frac: 2.000

Sketch (40) (cm: eps0: 0.00625, del0: 0.05, min_mem: 1.69921875)
Par: 1, Rows: 1
0.000    -0.000    1.000    0.000    -0.000    0.000    -0.000    -0.000    -0.000    0.000    -0.000    1.000    -0.000    -0.000    -0.000    
Total frac: 2.000
Par: 2, Rows: 1
-0.000    1.000    -0.000    0.000    -0.000    -0.000    -0.000    -0.000    -0.000    0.000    -0.000    0.000    -0.000    1.000    -0.000    
Total frac: 2.000
Par: 3, Rows: 1
0.000    -0.000    1.000    0.000    0.000    0.000    -0.000    -0.000    0.000    -0.000    -0.000    1.000    -0.000    -0.000    -0.000    
Total frac: 2.000

Sketch (41) (cm: eps0: 0.00625, del0: 0.05, min_mem: 1.69921875)
Par: 1, Rows: 1
-0.000    -0.000    1.000    -0.000    -0.000    0.000    0.000    -0.000    -0.000    -0.000    -0.000    -0.000    1.000    -0.000    -0.000    
Total frac: 2.000
Par: 2, Rows: 1
1.000    -0.000    1.000    0.000    -0.000    0.000    0.000    -0.000    -0.000    -0.000    -0.000    0.000    0.000    -0.000    -0.000    
Total frac: 2.000
Par: 3, Rows: 1
1.000    -0.000    1.000    0.000    -0.000    0.000    -0.000    -0.000    0.000    -0.000    0.000    -0.000    -0.000    0.000    0.000    
Total frac: 2.000

Sketch (42) (cm: eps0: 0.00625, del0: 0.05, min_mem: 1.69921875)
Par: 1, Rows: 1
0.000    0.000    -0.000    0.000    -0.000    -0.000    0.000    -0.000    0.000    0.000    0.000    -0.000    -0.000    1.000    -0.000    
Total frac: 1.000
Par: 2, Rows: 1
0.000    0.000    0.000    0.000    -0.000    0.000    -0.000    0.000    0.000    -0.000    1.000    -0.000    0.000    -0.000    -0.000    
Total frac: 1.000
Par: 3, Rows: 1
0.000    0.000    -0.000    0.000    -0.000    -0.000    -0.000    -0.000    0.000    -0.000    1.000    0.000    -0.000    -0.000    0.000    
Total frac: 1.000

Sketch (43) (cm: eps0: 0.00625, del0: 0.05, min_mem: 1.69921875)
Par: 1, Rows: 1
-0.000    1.000    -0.000    0.000    0.000    0.000    0.000    0.000    -0.000    0.000    1.000    -0.000    0.000    -0.000    -0.000    
Total frac: 2.000
Par: 2, Rows: 1
-0.000    1.000    0.000    0.000    0.000    -0.000    0.000    0.000    -0.000    0.000    1.000    -0.000    0.000    -0.000    0.000    
Total frac: 2.000
Par: 3, Rows: 1
1.000    -0.000    0.000    0.000    0.000    -0.000    0.000    -0.000    -0.000    -0.000    1.000    -0.000    0.000    -0.000    -0.000    
Total frac: 2.000

Sketch (44) (cm: eps0: 0.00625, del0: 0.05, min_mem: 1.69921875)
Par: 1, Rows: 1
-0.000    0.000    0.000    -0.000    0.000    0.000    -0.000    0.000    -0.000    -0.000    -0.000    1.000    1.000    -0.000    -0.000    
Total frac: 2.000
Par: 2, Rows: 1
0.000    -0.000    0.000    0.000    0.000    0.000    1.000    0.000    -0.000    0.000    -0.000    0.000    1.000    -0.000    -0.000    
Total frac: 2.000
Par: 3, Rows: 1
-0.000    -0.000    0.000    -0.000    -0.000    0.000    -0.000    0.000    -0.000    -0.000    1.000    -0.000    1.000    0.000    -0.000    
Total frac: 2.000

Sketch (45) (cm: eps0: 0.00625, del0: 0.05, min_mem: 1.69921875)
Par: 1, Rows: 1
0.000    -0.000    -0.000    1.000    0.000    0.000    0.000    0.000    -0.000    -0.000    0.000    1.000    -0.000    0.000    -0.000    
Total frac: 2.000
Par: 2, Rows: 1
0.000    -0.000    -0.000    1.000    0.000    0.000    1.000    0.000    -0.000    -0.000    0.000    -0.000    -0.000    -0.000    -0.000    
Total frac: 2.000
Par: 3, Rows: 1
0.000    -0.000    0.000    1.000    0.000    0.000    1.000    0.000    -0.000    -0.000    0.000    -0.000    -0.000    -0.000    0.000    
Total frac: 2.000

Sketch (46) (cm: eps0: 0.00625, del0: 0.05, min_mem: 1.69921875)
Par: 1, Rows: 1
0.000    0.000    0.000    1.000    0.000    0.000    0.000    0.000    0.000    -0.000    0.000    0.000    0.000    0.000    0.000    
Total frac: 1.000
Par: 2, Rows: 1
0.000    0.000    -0.000    1.000    0.000    0.000    0.000    0.000    0.000    -0.000    0.000    0.000    0.000    0.000    0.000    
Total frac: 1.000
Par: 3, Rows: 1
0.000    0.000    1.000    -0.000    0.000    0.000    0.000    0.000    0.000    -0.000    0.000    0.000    0.000    0.000    0.000    
Total frac: 1.000

Sketch (47) (cm: eps0: 0.00625, del0: 0.05, min_mem: 1.69921875)
Par: 1, Rows: 1
0.000    -0.000    -0.000    0.000    1.000    0.000    0.000    0.000    1.000    1.000    -0.000    -0.000    0.000    -0.000    0.000    
Total frac: 3.000
Par: 2, Rows: 1
-0.000    -0.000    -0.000    1.000    1.000    -0.000    0.000    0.000    1.000    -0.000    -0.000    -0.000    -0.000    -0.000    -0.000    
Total frac: 3.000
Par: 3, Rows: 1
0.000    -0.000    0.000    1.000    1.000    0.000    0.000    -0.000    1.000    -0.000    0.000    0.000    0.000    0.000    0.000    
Total frac: 3.000

Sketch (48) (cm: eps0: 0.00625, del0: 0.05, min_mem: 1.69921875)
Par: 1, Rows: 1
-0.000    0.000    0.000    0.000    -0.000    0.000    0.000    0.000    1.000    -0.000    0.000    1.000    -0.000    -0.000    0.000    
Total frac: 2.000
Par: 2, Rows: 1
1.000    -0.000    -0.000    0.000    -0.000    0.000    0.000    -0.000    -0.000    -0.000    0.000    -0.000    -0.000    1.000    0.000    
Total frac: 2.000
Par: 3, Rows: 1
1.000    -0.000    -0.000    0.000    -0.000    0.000    0.000    -0.000    0.000    -0.000    0.000    0.000    -0.000    1.000    -0.000    
Total frac: 2.000

Sketch (49) (cm: eps0: 0.00625, del0: 0.05, min_mem: 1.69921875)
Par: 1, Rows: 1
1.000    -0.000    -0.000    0.000    0.000    0.000    -0.000    1.000    -0.000    1.000    0.000    -0.000    0.000    0.000    0.000    
Total frac: 3.000
Par: 2, Rows: 1
0.000    0.000    0.000    -0.000    0.000    0.000    1.000    -0.000    1.000    1.000    0.000    -0.000    0.000    0.000    0.000    
Total frac: 3.000
Par: 3, Rows: 1
1.000    -0.000    1.000    -0.000    0.000    0.000    -0.000    1.000    -0.000    0.000    0.000    -0.000    0.000    0.000    0.000    
Total frac: 3.000

Sketch (50) (cm: eps0: 0.00625, del0: 0.05, min_mem: 1.69921875)
Par: 1, Rows: 1
1.000    -0.000    0.000    0.000    -0.000    -0.000    0.000    0.000    -0.000    0.000    1.000    -0.000    0.000    0.000    0.000    
Total frac: 2.000
Par: 2, Rows: 1
1.000    -0.000    0.000    0.000    0.000    -0.000    0.000    -0.000    -0.000    0.000    1.000    -0.000    0.000    0.000    0.000    
Total frac: 2.000
Par: 3, Rows: 1
1.000    -0.000    0.000    0.000    0.000    -0.000    -0.000    -0.000    0.000    0.000    1.000    -0.000    0.000    0.000    0.000    
Total frac: 2.000

Sketch (51) (cm: eps0: 0.00625, del0: 0.05, min_mem: 1.69921875)
Par: 1, Rows: 1
0.000    0.000    0.000    0.000    1.000    -0.000    1.000    -0.000    -0.000    -0.000    -0.000    0.000    -0.000    -0.000    -0.000    
Total frac: 2.000
Par: 2, Rows: 1
0.000    -0.000    0.000    -0.000    1.000    -0.000    1.000    -0.000    -0.000    -0.000    -0.000    -0.000    -0.000    -0.000    -0.000    
Total frac: 2.000
Par: 3, Rows: 1
0.000    -0.000    0.000    -0.000    1.000    0.000    -0.000    -0.000    -0.000    -0.000    -0.000    1.000    -0.000    -0.000    -0.000    
Total frac: 2.000

Sketch (52) (cm: eps0: 0.00625, del0: 0.05, min_mem: 1.69921875)
Par: 1, Rows: 1
0.000    0.000    1.000    -0.000    0.000    0.000    0.000    0.000    -0.000    -0.000    0.000    0.000    1.000    -0.000    -0.000    
Total frac: 2.000
Par: 2, Rows: 1
-0.000    0.000    1.000    -0.000    0.000    0.000    0.000    0.000    -0.000    0.000    -0.000    0.000    0.000    1.000    -0.000    
Total frac: 2.000
Par: 3, Rows: 1
0.000    0.000    0.000    0.000    0.000    0.000    0.000    -0.000    -0.000    1.000    -0.000    -0.000    -0.000    -0.000    1.000    
Total frac: 2.000

Sketch (53) (cm: eps0: 0.00625, del0: 0.05, min_mem: 1.69921875)
Par: 1, Rows: 1
0.000    -0.000    -0.000    1.000    -0.000    0.000    -0.000    -0.000    -0.000    -0.000    1.000    -0.000    -0.000    -0.000    -0.000    
Total frac: 2.000
Par: 2, Rows: 1
0.000    -0.000    0.000    0.000    -0.000    1.000    -0.000    0.000    -0.000    -0.000    0.000    -0.000    1.000    0.000    -0.000    
Total frac: 2.000
Par: 3, Rows: 1
0.000    -0.000    -0.000    -0.000    0.000    -0.000    0.000    -0.000    -0.000    -0.000    -0.000    1.000    1.000    -0.000    -0.000    
Total frac: 2.000

Sketch (54) (cm: eps0: 0.00625, del0: 0.05, min_mem: 1.69921875)
Par: 1, Rows: 1
0.000    0.000    0.000    0.000    1.000    0.000    0.000    0.000    -0.000    0.000    -0.000    0.000    -0.000    0.000    -0.000    
Total frac: 1.000
Par: 2, Rows: 1
0.000    0.000    0.000    0.000    1.000    0.000    0.000    0.000    0.000    0.000    -0.000    0.000    -0.000    -0.000    -0.000    
Total frac: 1.000
Par: 3, Rows: 1
-0.000    0.000    0.000    0.000    1.000    0.000    0.000    0.000    -0.000    0.000    0.000    0.000    -0.000    -0.000    0.000    
Total frac: 1.000

Sketch (55) (cm: eps0: 0.00625, del0: 0.05, min_mem: 1.69921875)
Par: 1, Rows: 1
-0.000    0.000    1.000    0.000    -0.000    -0.000    0.000    0.000    1.000    -0.000    -0.000    0.000    -0.000    0.000    -0.000    
Total frac: 2.000
Par: 2, Rows: 1
1.000    0.000    1.000    -0.000    -0.000    -0.000    -0.000    -0.000    -0.000    -0.000    -0.000    -0.000    -0.000    -0.000    -0.000    
Total frac: 2.000
Par: 3, Rows: 1
0.000    0.000    0.000    1.000    -0.000    -0.000    -0.000    0.000    -0.000    -0.000    -0.000    0.000    0.000    0.000    1.000    
Total frac: 2.000

Sketch (56) (cm: eps0: 0.00625, del0: 0.05, min_mem: 1.69921875)
Par: 1, Rows: 1
-0.000    0.000    0.000    0.000    -0.000    0.000    -0.000    0.000    1.000    0.000    -0.000    0.000    -0.000    -0.000    -0.000    
Total frac: 1.000
Par: 2, Rows: 1
1.000    0.000    0.000    0.000    -0.000    0.000    0.000    0.000    -0.000    0.000    -0.000    -0.000    0.000    0.000    -0.000    
Total frac: 1.000
Par: 3, Rows: 1
1.000    0.000    -0.000    0.000    -0.000    0.000    -0.000    0.000    -0.000    0.000    0.000    -0.000    -0.000    0.000    -0.000    
Total frac: 1.000

Sketch (57) (cm: eps0: 0.00625, del0: 0.05, min_mem: 1.69921875)
Par: 1, Rows: 1
-0.000    0.000    0.000    0.000    0.000    -0.000    0.000    -0.000    0.000    -0.000    -0.000    -0.000    0.000    1.000    -0.000    
Total frac: 1.000
Par: 2, Rows: 1
0.000    0.000    -0.000    0.000    0.000    0.000    0.000    0.000    -0.000    -0.000    0.000    -0.000    0.000    -0.000    1.000    
Total frac: 1.000
Par: 3, Rows: 1
-0.000    0.000    0.000    0.000    -0.000    -0.000    0.000    0.000    -0.000    0.000    -0.000    -0.000    -0.000    -0.000    1.000    
Total frac: 1.000

Sketch (58) (cm: eps0: 0.00625, del0: 0.05, min_mem: 1.69921875)
Par: 1, Rows: 1
-0.000    0.000    0.000    -0.000    -0.000    0.000    0.000    0.000    0.000    0.000    1.000    0.000    0.000    -0.000    0.000    
Total frac: 1.000
Par: 2, Rows: 1
-0.000    0.000    0.000    0.000    0.000    0.000    0.000    0.000    -0.000    -0.000    1.000    0.000    0.000    -0.000    -0.000    
Total frac: 1.000
Par: 3, Rows: 1
0.000    0.000    0.000    0.000    0.000    0.000    0.000    0.000    -0.000    -0.000    1.000    0.000    -0.000    -0.000    -0.000    
Total frac: 1.000

Sketch (59) (cm: eps0: 0.00625, del0: 0.05, min_mem: 1.69921875)
Par: 1, Rows: 1
-0.000    0.000    0.000    0.000    0.000    1.000    0.000    1.000    -0.000    -0.000    -0.000    -0.000    -0.000    0.000    -0.000    
Total frac: 2.000
Par: 2, Rows: 1
0.000    0.000    -0.000    0.000    0.000    1.000    0.000    1.000    0.000    -0.000    -0.000    0.000    -0.000    -0.000    -0.000    
Total frac: 2.000
Par: 3, Rows: 1
0.000    0.000    1.000    0.000    -0.000    1.000    0.000    -0.000    -0.000    -0.000    -0.000    -0.000    0.000    -0.000    -0.000    
Total frac: 2.000

Sketch (60) (cm: eps0: 0.00625, del0: 0.05, min_mem: 1.69921875)
Par: 1, Rows: 1
0.000    -0.000    -0.000    -0.000    -0.000    0.000    -0.000    -0.000    -0.000    -0.000    -0.000    1.000    1.000    -0.000    -0.000    
Total frac: 2.000
Par: 2, Rows: 1
0.000    -0.000    -0.000    0.000    0.000    0.000    -0.000    1.000    -0.000    -0.000    -0.000    -0.000    1.000    -0.000    -0.000    
Total frac: 2.000
Par: 3, Rows: 1
0.000    -0.000    -0.000    -0.000    -0.000    0.000    0.000    1.000    -0.000    0.000    -0.000    -0.000    1.000    -0.000    -0.000    
Total frac: 2.000

Sketch (61) (cm: eps0: 0.00625, del0: 0.05, min_mem: 1.69921875)
Par: 1, Rows: 1
-0.000    0.000    0.000    -0.000    -0.000    1.000    -0.000    0.000    -0.000    -0.000    -0.000    0.000    1.000    0.000    0.000    
Total frac: 2.000
Par: 2, Rows: 1
0.000    0.000    0.000    0.000    -0.000    -0.000    -0.000    0.000    -0.000    -0.000    1.000    0.000    1.000    0.000    0.000    
Total frac: 2.000
Par: 3, Rows: 1
-0.000    0.000    0.000    -0.000    -0.000    1.000    0.000    0.000    0.000    -0.000    -0.000    0.000    1.000    0.000    0.000    
Total frac: 2.000

Sketch (62) (cm: eps0: 0.00625, del0: 0.05, min_mem: 1.69921875)
Par: 1, Rows: 1
0.000    0.000    -0.000    -0.000    0.000    -0.000    0.000    0.000    -0.000    -0.000    0.000    0.000    -0.000    1.000    -0.000    
Total frac: 1.000
Par: 2, Rows: 1
-0.000    0.000    0.000    -0.000    0.000    -0.000    0.000    0.000    0.000    -0.000    -0.000    0.000    -0.000    1.000    0.000    
Total frac: 1.000
Par: 3, Rows: 1
-0.000    0.000    -0.000    -0.000    0.000    -0.000    0.000    -0.000    -0.000    0.000    -0.000    0.000    -0.000    1.000    -0.000    
Total frac: 1.000

Sketch (63) (cm: eps0: 0.00625, del0: 0.05, min_mem: 1.69921875)
Par: 1, Rows: 1
0.000    1.000    0.000    1.000    0.000    0.000    -0.000    1.000    -0.000    -0.000    0.000    -0.000    -0.000    -0.000    -0.000    
Total frac: 3.000
Par: 2, Rows: 1
0.000    -0.000    1.000    -0.000    0.000    1.000    0.000    0.000    -0.000    0.000    -0.000    1.000    -0.000    0.000    -0.000    
Total frac: 3.000
Par: 3, Rows: 1
0.000    -0.000    1.000    -0.000    0.000    -0.000    0.000    1.000    -0.000    -0.000    1.000    -0.000    -0.000    -0.000    -0.000    
Total frac: 3.000

Sketch (64) (cm: eps0: 0.00625, del0: 0.05, min_mem: 1.69921875)
Par: 1, Rows: 1
-0.000    1.000    -0.000    -0.000    -0.000    -0.000    0.000    0.000    -0.000    1.000    -0.000    1.000    0.000    -0.000    -0.000    
Total frac: 3.000
Par: 2, Rows: 1
1.000    -0.000    1.000    0.000    -0.000    -0.000    -0.000    -0.000    -0.000    -0.000    1.000    -0.000    0.000    -0.000    -0.000    
Total frac: 3.000
Par: 3, Rows: 1
1.000    -0.000    1.000    0.000    -0.000    -0.000    -0.000    -0.000    -0.000    -0.000    1.000    0.000    0.000    -0.000    -0.000    
Total frac: 3.000

Sketch (65) (cm: eps0: 0.00625, del0: 0.05, min_mem: 1.69921875)
Par: 1, Rows: 1
0.000    1.000    -0.000    0.000    -0.000    1.000    0.000    0.000    -0.000    0.000    -0.000    0.000    0.000    -0.000    -0.000    
Total frac: 2.000
Par: 2, Rows: 1
0.000    -0.000    1.000    0.000    1.000    0.000    0.000    0.000    -0.000    -0.000    0.000    0.000    -0.000    -0.000    -0.000    
Total frac: 2.000
Par: 3, Rows: 1
0.000    -0.000    1.000    0.000    0.000    0.000    0.000    0.000    -0.000    0.000    1.000    0.000    0.000    -0.000    -0.000    
Total frac: 2.000

Sketch (66) (cm: eps0: 0.00625, del0: 0.05, min_mem: 1.69921875)
Par: 1, Rows: 1
0.000    0.000    -0.000    -0.000    -0.000    -0.000    0.000    -0.000    0.000    -0.000    0.000    -0.000    0.000    1.000    0.000    
Total frac: 1.000
Par: 2, Rows: 1
0.000    0.000    0.000    0.000    0.000    -0.000    -0.000    0.000    -0.000    -0.000    0.000    -0.000    0.000    1.000    -0.000    
Total frac: 1.000
Par: 3, Rows: 1
0.000    -0.000    -0.000    0.000    0.000    -0.000    -0.000    0.000    -0.000    -0.000    -0.000    0.000    0.000    1.000    -0.000    
Total frac: 1.000

Sketch (67) (cm: eps0: 0.00625, del0: 0.05, min_mem: 1.69921875)
Par: 1, Rows: 1
0.000    0.000    -0.000    0.000    0.000    0.000    0.000    -0.000    0.000    -0.000    -0.000    0.000    0.000    -0.000    1.000    
Total frac: 1.000
Par: 2, Rows: 1
0.000    -0.000    -0.000    0.000    0.000    0.000    0.000    0.000    -0.000    -0.000    -0.000    0.000    -0.000    -0.000    1.000    
Total frac: 1.000
Par: 3, Rows: 1
0.000    -0.000    -0.000    0.000    0.000    -0.000    0.000    0.000    -0.000    -0.000    0.000    -0.000    -0.000    0.000    1.000    
Total frac: 1.000

Sketch (68) (cm: eps0: 0.00625, del0: 0.05, min_mem: 1.69921875)
Par: 1, Rows: 1
0.000    -0.000    -0.000    -0.000    1.000    0.000    -0.000    -0.000    -0.000    -0.000    0.000    -0.000    1.000    -0.000    -0.000    
Total frac: 2.000
Par: 2, Rows: 1
0.000    -0.000    -0.000    -0.000    0.000    0.000    -0.000    0.000    0.000    -0.000    -0.000    1.000    1.000    -0.000    -0.000    
Total frac: 2.000
Par: 3, Rows: 1
0.000    -0.000    -0.000    -0.000    -0.000    -0.000    -0.000    1.000    -0.000    -0.000    -0.000    -0.000    1.000    -0.000    -0.000    
Total frac: 2.000

Sketch (69) (cm: eps0: 0.00625, del0: 0.05, min_mem: 1.69921875)
Par: 1, Rows: 1
-0.000    -0.000    -0.000    1.000    -0.000    -0.000    -0.000    0.000    1.000    -0.000    0.000    -0.000    -0.000    -0.000    -0.000    
Total frac: 2.000
Par: 2, Rows: 1
-0.000    -0.000    1.000    -0.000    -0.000    -0.000    -0.000    0.000    0.000    -0.000    -0.000    -0.000    0.000    -0.000    1.000    
Total frac: 2.000
Par: 3, Rows: 1
-0.000    -0.000    1.000    0.000    0.000    -0.000    0.000    0.000    -0.000    -0.000    -0.000    -0.000    -0.000    -0.000    1.000    
Total frac: 2.000

Sketch (70) (cm: eps0: 0.00625, del0: 0.05, min_mem: 1.69921875)
Par: 1, Rows: 1
0.000    -0.000    0.000    1.000    -0.000    0.000    -0.000    0.000    -0.000    -0.000    0.000    1.000    0.000    -0.000    -0.000    
Total frac: 2.000
Par: 2, Rows: 1
0.000    -0.000    0.000    1.000    -0.000    0.000    1.000    0.000    -0.000    -0.000    -0.000    -0.000    0.000    -0.000    -0.000    
Total frac: 2.000
Par: 3, Rows: 1
0.000    -0.000    0.000    1.000    -0.000    0.000    1.000    0.000    -0.000    0.000    -0.000    -0.000    0.000    0.000    0.000    
Total frac: 2.000

Sketch (71) (cm: eps0: 0.00625, del0: 0.05, min_mem: 1.69921875)
Par: 1, Rows: 1
0.000    0.000    -0.000    1.000    0.000    -0.000    0.000    1.000    0.000    -0.000    -0.000    -0.000    -0.000    -0.000    0.000    
Total frac: 2.000
Par: 2, Rows: 1
0.000    0.000    -0.000    1.000    -0.000    -0.000    0.000    1.000    0.000    -0.000    -0.000    -0.000    0.000    -0.000    -0.000    
Total frac: 2.000
Par: 3, Rows: 1
0.000    0.000    0.000    1.000    -0.000    0.000    0.000    1.000    0.000    0.000    -0.000    -0.000    0.000    -0.000    -0.000    
Total frac: 2.000

Sketch (72) (cm: eps0: 0.00625, del0: 0.05, min_mem: 1.69921875)
Par: 1, Rows: 1
0.000    1.000    -0.000    0.000    -0.000    0.000    0.000    0.000    -0.000    0.000    -0.000    0.000    0.000    -0.000    -0.000    
Total frac: 1.000
Par: 2, Rows: 1
0.000    1.000    -0.000    0.000    -0.000    0.000    0.000    0.000    0.000    -0.000    -0.000    0.000    0.000    -0.000    -0.000    
Total frac: 1.000
Par: 3, Rows: 1
0.000    -0.000    -0.000    0.000    -0.000    0.000    0.000    0.000    1.000    -0.000    0.000    0.000    0.000    -0.000    -0.000    
Total frac: 1.000

Sketch (73) (cm: eps0: 0.00625, del0: 0.05, min_mem: 1.69921875)
Par: 1, Rows: 1
-0.000    0.000    0.000    1.000    -0.000    0.000    1.000    -0.000    -0.000    -0.000    -0.000    -0.000    -0.000    -0.000    -0.000    
Total frac: 2.000
Par: 2, Rows: 1
0.000    0.000    -0.000    1.000    -0.000    0.000    1.000    -0.000    -0.000    -0.000    -0.000    0.000    0.000    -0.000    0.000    
Total frac: 2.000
Par: 3, Rows: 1
-0.000    0.000    -0.000    1.000    0.000    -0.000    1.000    0.000    -0.000    -0.000    -0.000    -0.000    0.000    -0.000    -0.000    
Total frac: 2.000

Sketch (74) (cm: eps0: 0.00625, del0: 0.05, min_mem: 1.69921875)
Par: 1, Rows: 1
-0.000    1.000    1.000    0.000    -0.000    0.000    0.000    0.000    -0.000    -0.000    -0.000    0.000    -0.000    -0.000    0.000    
Total frac: 2.000
Par: 2, Rows: 1
-0.000    1.000    -0.000    -0.000    1.000    0.000    0.000    0.000    -0.000    -0.000    -0.000    0.000    -0.000    -0.000    -0.000    
Total frac: 2.000
Par: 3, Rows: 1
-0.000    1.000    -0.000    -0.000    1.000    0.000    0.000    0.000    -0.000    0.000    -0.000    0.000    -0.000    -0.000    -0.000    
Total frac: 2.000

Sketch (75) (cm: eps0: 0.00625, del0: 0.05, min_mem: 1.69921875)
Par: 1, Rows: 1
0.000    0.000    -0.000    -0.000    -0.000    -0.000    0.000    -0.000    0.000    0.000    -0.000    -0.000    -0.000    -0.000    1.000    
Total frac: 1.000
Par: 2, Rows: 1
0.000    0.000    -0.000    0.000    -0.000    0.000    0.000    -0.000    0.000    -0.000    0.000    0.000    -0.000    -0.000    1.000    
Total frac: 1.000
Par: 3, Rows: 1
0.000    0.000    -0.000    0.000    0.000    0.000    0.000    -0.000    0.000    -0.000    0.000    -0.000    0.000    -0.000    1.000    
Total frac: 1.000

Sketch (76) (cm: eps0: 0.00625, del0: 0.05, min_mem: 1.69921875)
Par: 1, Rows: 1
0.000    -0.000    0.000    0.000    -0.000    0.000    0.000    -0.000    -0.000    0.000    -0.000    0.000    1.000    -0.000    0.000    
Total frac: 1.000
Par: 2, Rows: 1
0.000    0.000    -0.000    0.000    0.000    0.000    0.000    -0.000    -0.000    0.000    -0.000    -0.000    1.000    -0.000    -0.000    
Total frac: 1.000
Par: 3, Rows: 1
0.000    0.000    -0.000    0.000    0.000    0.000    0.000    -0.000    0.000    0.000    -0.000    0.000    1.000    -0.000    -0.000    
Total frac: 1.000

Sketch (77) (cm: eps0: 0.00625, del0: 0.05, min_mem: 1.69921875)
Par: 1, Rows: 1
1.000    0.000    -0.000    -0.000    0.000    1.000    -0.000    0.000    -0.000    -0.000    -0.000    1.000    -0.000    -0.000    -0.000    
Total frac: 3.000
Par: 2, Rows: 1
-0.000    1.000    -0.000    -0.000    1.000    -0.000    -0.000    0.000    0.000    -0.000    -0.000    -0.000    0.000    -0.000    1.000    
Total frac: 3.000
Par: 3, Rows: 1
1.000    0.000    -0.000    0.000    1.000    -0.000    -0.000    0.000    -0.000    -0.000    -0.000    0.000    -0.000    1.000    0.000    
Total frac: 3.000

Sketch (78) (cm: eps0: 0.00625, del0: 0.05, min_mem: 1.69921875)
Par: 1, Rows: 1
0.000    0.000    -0.000    -0.000    0.000    -0.000    0.000    0.000    -0.000    -0.000    -0.000    0.000    -0.000    1.000    -0.000    
Total frac: 1.000
Par: 2, Rows: 1
0.000    0.000    0.000    0.000    0.000    -0.000    -0.000    0.000    0.000    -0.000    0.000    -0.000    0.000    1.000    -0.000    
Total frac: 1.000
Par: 3, Rows: 1
0.000    0.000    -0.000    0.000    0.000    -0.000    -0.000    0.000    0.000    -0.000    0.000    0.000    -0.000    1.000    -0.000    
Total frac: 1.000

Sketch (79) (cm: eps0: 0.00625, del0: 0.05, min_mem: 1.69921875)
Par: 1, Rows: 1
-0.000    -0.000    0.000    1.000    0.000    0.000    1.000    0.000    -0.000    -0.000    0.000    -0.000    -0.000    -0.000    -0.000    
Total frac: 2.000
Par: 2, Rows: 1
-0.000    -0.000    0.000    1.000    0.000    0.000    1.000    0.000    -0.000    -0.000    0.000    -0.000    0.000    -0.000    -0.000    
Total frac: 2.000
Par: 3, Rows: 1
-0.000    0.000    -0.000    1.000    0.000    0.000    1.000    0.000    0.000    -0.000    -0.000    -0.000    0.000    -0.000    -0.000    
Total frac: 2.000

Device (0) cpu1:
Rows total: 28.99999971301117
Mem total: 49.2773432623432

Device (1) cpu2:
Rows total: 28.999999712970457
Mem total: 49.277343262274016

Device (2) cpu3:
Rows total: 28.999999712899378
Mem total: 49.27734326215324

Device (3) cpu4:
Rows total: 28.999999712923824
Mem total: 49.277343262194776

Device (4) cpu5:
Rows total: 28.000000574345165
Mem total: 47.57812597593807

Device (5) cpu6:
Rows total: 28.999999712888716
Mem total: 49.277343262135126

Device (6) cpu7:
Rows total: 28.999999712888716
Mem total: 49.277343262135126

Device (7) cpu8:
Rows total: 28.000000861415526
Mem total: 47.57812646373341

Device (8) tor_p41:
Rows total: 28.000000574260433
Mem total: 47.578125975794094

Device (9) tor_p42:
Rows total: 28.000000287138526
Mem total: 47.578125487911166

Device (10) tor_p43:
Rows total: 28.999999712970453
Mem total: 49.27734326227401

Device (11) tor_p44:
Rows total: 28.999999712387634
Mem total: 49.277343261283676

Device (12) l1_p41:
Rows total: 28.000000804145436
Mem total: 47.578126366419006

Device (13) l1_p42:
Rows total: 28.9999991959368
Mem total: 49.277342383720736

Device (14) l2_p4:
Rows total: 28.0
Mem total: 47.578125
--------------------------------------------------
Infeasible placement
