Using license file /home/anup/gurobi.lic
Academic license - for non-commercial use only

--------------------------------------------------
Model update took: 7.677078247070312e-05 seconds
Model optimize took: 0.015239715576171875 seconds
--------------------------------------------------

Sketch (0) (cm: eps0: 0.03125, del0: 0.05, min_mem: 0.33984375)
Par: 1, Rows: 1
-0.000    1.000    -0.000    
Total frac: 1.000
Par: 2, Rows: 1
1.000    -0.000    0.000    
Total frac: 1.000
Par: 3, Rows: 1
1.000    -0.000    0.000    
Total frac: 1.000

Sketch (1) (cm: eps0: 3.125e-06, del0: 0.05, min_mem: 3397.85546875)
Par: 1, Rows: 1
1.000    0.000    -0.000    
Total frac: 1.000
Par: 2, Rows: 1
0.000    0.000    1.000    
Total frac: 1.000
Par: 3, Rows: 1
-0.000    0.000    1.000    
Total frac: 1.000

Sketch (2) (cm: eps0: 0.625, del0: 0.025, min_mem: 0.01953125)
Par: 1, Rows: 1
-0.000    -0.000    1.000    
Total frac: 1.000
Par: 2, Rows: 1
-0.000    -0.000    1.000    
Total frac: 1.000
Par: 3, Rows: 1
-0.000    -0.000    1.000    
Total frac: 1.000
Par: 4, Rows: 1
1.000    -0.000    -0.000    
Total frac: 1.000

Device (0) cpu_1:
Rows total: 4.0
Mem total: 3398.5546875

Device (1) p4_1:
Rows total: 1.0
Mem total: 0.33984375

Device (2) cpu_2:
Rows total: 5.0
Mem total: 6795.76953125
--------------------------------------------------
Changed value of parameter NonConvex to 2
   Prev: -1  Min: -1  Max: 2  Default: -1
Changed value of parameter NonConvex to 2
   Prev: -1  Min: -1  Max: 2  Default: -1

Throughput: 70.0 Mpps, ns per packet: 14.285714285714286
Resources: 131.50150442123413
Total Cores: 13.0, Switch Memory: 0.33984375

Sketch (0) (cm: eps0: 0.03125, del0: 0.05, min_mem: 0.33984375)
Par: 1, Rows: 1
-0.000    1.000    -0.000    
Total frac: 1.000
Par: 2, Rows: 1
1.000    -0.000    0.000    
Total frac: 1.000
Par: 3, Rows: 1
1.000    -0.000    0.000    
Total frac: 1.000

Sketch (1) (cm: eps0: 3.125e-06, del0: 0.05, min_mem: 3397.85546875)
Par: 1, Rows: 1
1.000    0.000    -0.000    
Total frac: 1.000
Par: 2, Rows: 1
0.000    0.000    1.000    
Total frac: 1.000
Par: 3, Rows: 1
-0.000    0.000    1.000    
Total frac: 1.000

Sketch (2) (cm: eps0: 0.625, del0: 0.025, min_mem: 0.01953125)
Par: 1, Rows: 1
-0.000    -0.000    1.000    
Total frac: 1.000
Par: 2, Rows: 1
-0.000    -0.000    1.000    
Total frac: 1.000
Par: 3, Rows: 1
-0.000    -0.000    1.000    
Total frac: 1.000
Par: 4, Rows: 1
1.000    -0.000    -0.000    
Total frac: 1.000

Device (0) cpu_1:
cores_sketch: 3.0000000000000004, cores_dpdk: 2.9999999999999996
Rows total: 4.0
Mem total: 3398.5546875
Throughput: 70.0

Device (1) p4_1:
Rows total: 1.0
Mem total: 0.33984375
Throughput: 148.0

Device (2) cpu_2:
cores_sketch: 4.0, cores_dpdk: 2.9999999999999996
Rows total: 5.0
Mem total: 6795.76953125
Throughput: 70.0
--------------------------------------------------
