Using license file /home/anup/gurobi.lic
Academic license - for non-commercial use only

--------------------------------------------------
Model update took: 3.1948089599609375e-05 seconds
Model optimize took: 0.012770652770996094 seconds
--------------------------------------------------

Throughput: 76.69386036458448 Mpps, ns per packet: 13.03885337426277
Resources: 69.73036008980439
Total Cores: 6.000000000000003, Switch Memory: 364.87675331577447

Sketch (0) (cm: eps0: 6.25e-06, del0: 0.05, min_mem: 1698.9296875)
Par: 1, Rows: 1
0.845    0.155    
Total frac: 1.000
Par: 2, Rows: 1
1.000    0.000    
Total frac: 1.000
Par: 3, Rows: 1
1.000    0.000    
Total frac: 1.000

Sketch (1) (cm: eps0: 0.000625, del0: 0.05, min_mem: 16.9921875)
Par: 1, Rows: 1
0.000    1.000    
Total frac: 1.000
Par: 2, Rows: 1
0.000    1.000    
Total frac: 1.000
Par: 3, Rows: 1
0.000    1.000    
Total frac: 1.000

Sketch (2) (cm: eps0: 0.000625, del0: 0.05, min_mem: 16.9921875)
Par: 1, Rows: 1
0.000    1.000    
Total frac: 1.000
Par: 2, Rows: 1
0.000    1.000    
Total frac: 1.000
Par: 3, Rows: 1
0.000    1.000    
Total frac: 1.000

Device (0) cpu_1:
cores_sketch: 2.0000000000000027, cores_dpdk: 4.0
Rows total: 2.8452416069656947
Mem total: 4833.86543418423
Throughput: 76.69386036458448

Device (1) p4_1:
Rows total: 6.154758393034305
Mem total: 364.87675331577447
Throughput: 148.0
--------------------------------------------------
