Using license file /home/anup/gurobi.lic
Academic license - for non-commercial use only

--------------------------------------------------
Model update took: 5.4836273193359375e-05 seconds
Model optimize took: 0.0021936893463134766 seconds
--------------------------------------------------

Sketch (0) (cm: eps0: 6.25e-06, del0: 0.05, min_mem: 1698.9296875)
Par: 1, Rows: 1
1.000    -0.000    
Total frac: 1.000
Par: 2, Rows: 1
0.721    0.279    
Total frac: 1.000
Par: 3, Rows: 1
1.000    0.000    
Total frac: 1.000

Sketch (1) (cm: eps0: 0.000625, del0: 0.05, min_mem: 16.9921875)
Par: 1, Rows: 1
0.000    1.000    
Total frac: 1.000
Par: 2, Rows: 1
0.000    1.000    
Total frac: 1.000
Par: 3, Rows: 1
0.000    1.000    
Total frac: 1.000

Sketch (2) (cm: eps0: 0.000625, del0: 0.05, min_mem: 16.9921875)
Par: 1, Rows: 1
0.000    1.000    
Total frac: 1.000
Par: 2, Rows: 1
0.000    1.000    
Total frac: 1.000
Par: 3, Rows: 1
0.000    1.000    
Total frac: 1.000

Device (0) cpu_1:
Rows total: 2.721245320941953
Mem total: 4623.20446271875

Device (1) p4_1:
Rows total: 6.278754679058046
Mem total: 575.5377247812501
--------------------------------------------------
Changed value of parameter NonConvex to 2
   Prev: -1  Min: -1  Max: 2  Default: -1

Throughput: 80.0000000000006 Mpps, ns per packet: 12.499999999999906
Resources: 74.12441394955674
Total Cores: 6.000000000000073, Switch Memory: 575.5377247812501

Sketch (0) (cm: eps0: 6.25e-06, del0: 0.05, min_mem: 1698.9296875)
Par: 1, Rows: 1
1.000    -0.000    
Total frac: 1.000
Par: 2, Rows: 1
0.721    0.279    
Total frac: 1.000
Par: 3, Rows: 1
1.000    0.000    
Total frac: 1.000

Sketch (1) (cm: eps0: 0.000625, del0: 0.05, min_mem: 16.9921875)
Par: 1, Rows: 1
0.000    1.000    
Total frac: 1.000
Par: 2, Rows: 1
0.000    1.000    
Total frac: 1.000
Par: 3, Rows: 1
0.000    1.000    
Total frac: 1.000

Sketch (2) (cm: eps0: 0.000625, del0: 0.05, min_mem: 16.9921875)
Par: 1, Rows: 1
0.000    1.000    
Total frac: 1.000
Par: 2, Rows: 1
0.000    1.000    
Total frac: 1.000
Par: 3, Rows: 1
0.000    1.000    
Total frac: 1.000

Device (0) cpu_1:
cores_sketch: 2.0000000000000004, cores_dpdk: 4.000000000000072
Rows total: 2.721245320941953
Mem total: 4623.20446271875
Throughput: 80.0000000000006

Device (1) p4_1:
Rows total: 6.278754679058046
Mem total: 575.5377247812501
Throughput: 148.0
--------------------------------------------------
