Using license file /home/anup/gurobi.lic
Academic license - for non-commercial use only

--------------------------------------------------
Model update took: 5.650520324707031e-05 seconds
Model optimize took: 0.002690553665161133 seconds
--------------------------------------------------

Sketch (0) (cm: eps0: 0.3125, del0: 0.05, min_mem: 0.03515625)
Par: 1, Rows: 1
0.000    1.000    
Total frac: 1.000
Par: 2, Rows: 1
0.000    1.000    
Total frac: 1.000
Par: 3, Rows: 1
0.000    1.000    
Total frac: 1.000

Sketch (1) (cm: eps0: 0.00125, del0: 0.05, min_mem: 8.49609375)
Par: 1, Rows: 1
0.504    0.496    
Total frac: 1.000
Par: 2, Rows: 1
0.504    0.496    
Total frac: 1.000
Par: 3, Rows: 1
0.504    0.496    
Total frac: 1.000

Sketch (2) (cm: eps0: 0.625, del0: 0.025, min_mem: 0.01953125)
Par: 1, Rows: 1
0.000    1.000    
Total frac: 1.000
Par: 2, Rows: 1
0.000    1.000    
Total frac: 1.000
Par: 3, Rows: 1
0.000    1.000    
Total frac: 1.000
Par: 4, Rows: 1
0.000    1.000    
Total frac: 1.000

Device (0) cpu_1:
Rows total: 1.5108045977011493
Mem total: 12.8359375

Device (1) p4_1:
Rows total: 8.48919540229885
Mem total: 12.8359375
--------------------------------------------------
Changed value of parameter NonConvex to 2
   Prev: -1  Min: -1  Max: 2  Default: -1

Throughput: 93.33333333333333 Mpps, ns per packet: 10.714285714285715
Resources: 72.39128110205989
Total Cores: 6.999999999999998, Switch Memory: 12.8359375

Sketch (0) (cm: eps0: 0.3125, del0: 0.05, min_mem: 0.03515625)
Par: 1, Rows: 1
0.000    1.000    
Total frac: 1.000
Par: 2, Rows: 1
0.000    1.000    
Total frac: 1.000
Par: 3, Rows: 1
0.000    1.000    
Total frac: 1.000

Sketch (1) (cm: eps0: 0.00125, del0: 0.05, min_mem: 8.49609375)
Par: 1, Rows: 1
0.504    0.496    
Total frac: 1.000
Par: 2, Rows: 1
0.504    0.496    
Total frac: 1.000
Par: 3, Rows: 1
0.504    0.496    
Total frac: 1.000

Sketch (2) (cm: eps0: 0.625, del0: 0.025, min_mem: 0.01953125)
Par: 1, Rows: 1
0.000    1.000    
Total frac: 1.000
Par: 2, Rows: 1
0.000    1.000    
Total frac: 1.000
Par: 3, Rows: 1
0.000    1.000    
Total frac: 1.000
Par: 4, Rows: 1
0.000    1.000    
Total frac: 1.000

Device (0) cpu_1:
cores_sketch: 1.0, cores_dpdk: 5.999999999999998
Rows total: 1.5108045977011493
Mem total: 12.8359375
Throughput: 93.33333333333333

Device (1) p4_1:
Rows total: 8.48919540229885
Mem total: 12.8359375
Throughput: 148.0
--------------------------------------------------
