Using license file /home/anup/gurobi.lic
Academic license - for non-commercial use only

--------------------------------------------------
Model update took: 2.7418136596679688e-05 seconds
Model optimize took: 0.0787820816040039 seconds
--------------------------------------------------

Throughput: 83.32500083324999 Mpps, ns per packet: 12.001200000000003
Resources: 132.78833963273271
Total Cores: 13.000000000000103, Switch Memory: 0.7950687899780966

Sketch (0) (cm: eps0: 0.03125, del0: 0.05, min_mem: 0.33984375)
Par: 1, Rows: 1
0.288    0.703    0.009    
Total frac: 1.000
Par: 2, Rows: 1
0.288    0.703    0.009    
Total frac: 1.000
Par: 3, Rows: 1
0.288    0.703    0.009    
Total frac: 1.000

Sketch (1) (cm: eps0: 3.125e-06, del0: 0.05, min_mem: 3397.85546875)
Par: 1, Rows: 1
0.568    0.000    0.432    
Total frac: 1.000
Par: 2, Rows: 1
0.568    0.000    0.432    
Total frac: 1.000
Par: 3, Rows: 1
0.568    0.000    0.432    
Total frac: 1.000

Sketch (2) (cm: eps0: 0.625, del0: 0.025, min_mem: 0.01953125)
Par: 1, Rows: 1
0.000    1.000    0.000    
Total frac: 1.000
Par: 2, Rows: 1
0.000    1.000    0.000    
Total frac: 1.000
Par: 3, Rows: 1
0.000    1.000    0.000    
Total frac: 1.000
Par: 4, Rows: 1
0.000    1.000    0.000    
Total frac: 1.000

Device (0) cpu_1:
cores_sketch: 2.0000000000001013, cores_dpdk: 5.0
Rows total: 2.569536480558177
Mem total: 5792.625000000001
Throughput: 83.32500083324999

Device (1) p4_1:
Rows total: 6.109627703843595
Mem total: 0.7950687899780966
Throughput: 148.0

Device (2) cpu_2:
cores_sketch: 1.000000000000001, cores_dpdk: 5.0
Rows total: 1.3208358155982278
Mem total: 4401.24399371002
Throughput: 83.32500083324999
--------------------------------------------------
