Using license file /home/anup/gurobi.lic
Academic license - for non-commercial use only

--------------------------------------------------
Model update took: 0.0001220703125 seconds
Model optimize took: 0.004740238189697266 seconds
--------------------------------------------------

Sketch (0) (cm: eps0: 0.03125, del0: 0.05, min_mem: 0.33984375)
Par: 1, Rows: 1
1.000    0.000    0.000    
Total frac: 1.000
Par: 2, Rows: 1
1.000    0.000    0.000    
Total frac: 1.000
Par: 3, Rows: 1
1.000    0.000    0.000    
Total frac: 1.000

Sketch (1) (cm: eps0: 1.25e-06, del0: 0.05, min_mem: 8494.6328125)
Par: 1, Rows: 1
0.489    0.023    0.489    
Total frac: 1.000
Par: 2, Rows: 1
0.489    0.023    0.489    
Total frac: 1.000
Par: 3, Rows: 1
0.489    0.023    0.489    
Total frac: 1.000

Sketch (2) (cm: eps0: 0.625, del0: 0.025, min_mem: 0.01953125)
Par: 1, Rows: 1
1.000    0.000    0.000    
Total frac: 1.000
Par: 2, Rows: 1
1.000    0.000    0.000    
Total frac: 1.000
Par: 3, Rows: 1
1.000    0.000    0.000    
Total frac: 1.000
Par: 4, Rows: 1
1.000    0.000    0.000    
Total frac: 1.000

Device (0) cpu_1:
Rows total: 8.466178246469049
Mem total: 12455.743497679689

Device (1) p4_1:
Rows total: 0.06751428944011473
Mem total: 573.5090983906208

Device (2) cpu_2:
Rows total: 1.466307464090837
Mem total: 12455.743497679689
--------------------------------------------------
Changed value of parameter NonConvex to 2
   Prev: -1  Min: -1  Max: 2  Default: -1
Changed value of parameter NonConvex to 2
   Prev: -1  Min: -1  Max: 2  Default: -1

Throughput: 35.0 Mpps, ns per packet: 28.571428571428573
Resources: 105.0059377911945
Total Cores: 9.0, Switch Memory: 573.5090983906208

Sketch (0) (cm: eps0: 0.03125, del0: 0.05, min_mem: 0.33984375)
Par: 1, Rows: 1
1.000    0.000    0.000    
Total frac: 1.000
Par: 2, Rows: 1
1.000    0.000    0.000    
Total frac: 1.000
Par: 3, Rows: 1
1.000    0.000    0.000    
Total frac: 1.000

Sketch (1) (cm: eps0: 1.25e-06, del0: 0.05, min_mem: 8494.6328125)
Par: 1, Rows: 1
0.489    0.023    0.489    
Total frac: 1.000
Par: 2, Rows: 1
0.489    0.023    0.489    
Total frac: 1.000
Par: 3, Rows: 1
0.489    0.023    0.489    
Total frac: 1.000

Sketch (2) (cm: eps0: 0.625, del0: 0.025, min_mem: 0.01953125)
Par: 1, Rows: 1
1.000    0.000    0.000    
Total frac: 1.000
Par: 2, Rows: 1
1.000    0.000    0.000    
Total frac: 1.000
Par: 3, Rows: 1
1.000    0.000    0.000    
Total frac: 1.000
Par: 4, Rows: 1
1.000    0.000    0.000    
Total frac: 1.000

Device (0) cpu_1:
cores_sketch: 5.0, cores_dpdk: 2.0
Rows total: 8.466178246469049
Mem total: 12455.743497679689
Throughput: 38.170611550145914

Device (1) p4_1:
Rows total: 0.06751428944011473
Mem total: 573.5090983906208
Throughput: 148.0

Device (2) cpu_2:
cores_sketch: 1.0, cores_dpdk: 1.0
Rows total: 1.466307464090837
Mem total: 12455.743497679689
Throughput: 35.0
--------------------------------------------------
