Using license file /home/anup/gurobi.lic
Academic license - for non-commercial use only

--------------------------------------------------
Model update took: 2.765655517578125e-05 seconds
Model optimize took: 0.05552339553833008 seconds
--------------------------------------------------

Throughput: 83.32500083324999 Mpps, ns per packet: 12.001200000000003
Resources: 144.87069407768863
Total Cores: 14.0, Switch Memory: 1.0804666955856437

Sketch (0) (cm: eps0: 0.03125, del0: 0.05, min_mem: 0.33984375)
Par: 1, Rows: 1
0.000    0.983    0.017    
Total frac: 1.000
Par: 2, Rows: 1
0.000    0.983    0.017    
Total frac: 1.000
Par: 3, Rows: 1
0.000    0.983    0.017    
Total frac: 1.000

Sketch (1) (cm: eps0: 1.25e-06, del0: 0.05, min_mem: 8494.6328125)
Par: 1, Rows: 1
0.505    0.000    0.495    
Total frac: 1.000
Par: 2, Rows: 1
0.505    0.000    0.495    
Total frac: 1.000
Par: 3, Rows: 1
0.505    0.000    0.495    
Total frac: 1.000

Sketch (2) (cm: eps0: 0.625, del0: 0.025, min_mem: 0.01953125)
Par: 1, Rows: 1
0.000    1.000    0.000    
Total frac: 1.000
Par: 2, Rows: 1
0.000    1.000    0.000    
Total frac: 1.000
Par: 3, Rows: 1
0.000    1.000    0.000    
Total frac: 1.000
Par: 4, Rows: 1
0.000    1.000    0.000    
Total frac: 1.000

Device (0) cpu_1:
cores_sketch: 2.0, cores_dpdk: 5.0
Rows total: 1.5143076870479961
Mem total: 12863.487766618888
Throughput: 83.34063230002194

Device (1) p4_1:
Rows total: 6.949419242183043
Mem total: 1.0804666955856437
Throughput: 148.0

Device (2) cpu_2:
cores_sketch: 2.0, cores_dpdk: 5.0
Rows total: 1.5362730707689602
Mem total: 12620.427860435528
Throughput: 83.32500083324999
--------------------------------------------------
