Using license file /home/anup/gurobi.lic
Academic license - for non-commercial use only

--------------------------------------------------
Model update took: 9.059906005859375e-05 seconds
Model optimize took: 0.00466609001159668 seconds
--------------------------------------------------

Sketch (0) (cm: eps0: 7.500000000000001e-05, del0: 0.05, min_mem: 141.578125)
Par: 1, Rows: 1
1.000    0.000    0.000    0.000    
Total frac: 1.000
Par: 2, Rows: 1
1.000    0.000    0.000    0.000    
Total frac: 1.000
Par: 3, Rows: 1
1.000    0.000    0.000    0.000    
Total frac: 1.000

Sketch (1) (cm: eps0: 1.25e-06, del0: 0.05, min_mem: 8494.6328125)
Par: 1, Rows: 1
0.468    0.487    0.023    0.023    
Total frac: 1.000
Par: 2, Rows: 1
0.468    0.487    0.023    0.023    
Total frac: 1.000
Par: 3, Rows: 1
0.468    0.487    0.023    0.023    
Total frac: 1.000

Sketch (2) (cm: eps0: 0.000625, del0: 0.025, min_mem: 16.9921875)
Par: 1, Rows: 1
1.000    0.000    0.000    0.000    
Total frac: 1.000
Par: 2, Rows: 1
1.000    0.000    0.000    0.000    
Total frac: 1.000
Par: 3, Rows: 1
1.000    0.000    0.000    0.000    
Total frac: 1.000
Par: 4, Rows: 1
1.000    0.000    0.000    0.000    
Total frac: 1.000

Device (0) cpu_1:
Rows total: 8.40333774872369
Mem total: 12413.542012328126

Device (1) cpu_2:
Rows total: 1.4613394464868903
Mem total: 12413.542012328126

Device (2) p4_1:
Rows total: 0.06766140239471055
Mem total: 574.7587689218743

Device (3) p4_2:
Rows total: 0.06766140239471055
Mem total: 574.7587689218743
--------------------------------------------------
Changed value of parameter NonConvex to 2
   Prev: -1  Min: -1  Max: 2  Default: -1
Changed value of parameter NonConvex to 2
   Prev: -1  Min: -1  Max: 2  Default: -1

Throughput: 35.0 Mpps, ns per packet: 28.571428571428573
Resources: 117.01276264496232
Total Cores: 9.0, Switch Memory: 1149.5175378437486

Sketch (0) (cm: eps0: 7.500000000000001e-05, del0: 0.05, min_mem: 141.578125)
Par: 1, Rows: 1
1.000    0.000    0.000    0.000    
Total frac: 1.000
Par: 2, Rows: 1
1.000    0.000    0.000    0.000    
Total frac: 1.000
Par: 3, Rows: 1
1.000    0.000    0.000    0.000    
Total frac: 1.000

Sketch (1) (cm: eps0: 1.25e-06, del0: 0.05, min_mem: 8494.6328125)
Par: 1, Rows: 1
0.468    0.487    0.023    0.023    
Total frac: 1.000
Par: 2, Rows: 1
0.468    0.487    0.023    0.023    
Total frac: 1.000
Par: 3, Rows: 1
0.468    0.487    0.023    0.023    
Total frac: 1.000

Sketch (2) (cm: eps0: 0.000625, del0: 0.025, min_mem: 16.9921875)
Par: 1, Rows: 1
1.000    0.000    0.000    0.000    
Total frac: 1.000
Par: 2, Rows: 1
1.000    0.000    0.000    0.000    
Total frac: 1.000
Par: 3, Rows: 1
1.000    0.000    0.000    0.000    
Total frac: 1.000
Par: 4, Rows: 1
1.000    0.000    0.000    0.000    
Total frac: 1.000

Device (0) cpu_1:
cores_sketch: 5.0, cores_dpdk: 2.0
Rows total: 8.40333774872369
Mem total: 12413.542012328126
Throughput: 38.552812037016906

Device (1) cpu_2:
cores_sketch: 1.0, cores_dpdk: 1.0
Rows total: 1.4613394464868903
Mem total: 12413.542012328126
Throughput: 35.0

Device (2) p4_1:
Rows total: 0.06766140239471055
Mem total: 574.7587689218743
Throughput: 148.0

Device (3) p4_2:
Rows total: 0.06766140239471055
Mem total: 574.7587689218743
Throughput: 148.0
--------------------------------------------------
