Using license file /home/anup/gurobi.lic
Academic license - for non-commercial use only

--------------------------------------------------
Model update took: 3.1948089599609375e-05 seconds
Model optimize took: 0.07717347145080566 seconds
--------------------------------------------------

Throughput: 83.32500083324999 Mpps, ns per packet: 12.001200000000003
Resources: 154.96564159140257
Total Cores: 13.999999999999986, Switch Memory: 485.59213259480765

Sketch (0) (cm: eps0: 7.500000000000001e-05, del0: 0.05, min_mem: 141.578125)
Par: 1, Rows: 1
0.017    0.000    0.492    0.492    
Total frac: 1.000
Par: 2, Rows: 1
0.017    0.000    0.492    0.492    
Total frac: 1.000
Par: 3, Rows: 1
0.017    0.000    0.492    0.492    
Total frac: 1.000

Sketch (1) (cm: eps0: 1.25e-06, del0: 0.05, min_mem: 8494.6328125)
Par: 1, Rows: 1
0.495    0.505    0.000    0.000    
Total frac: 1.000
Par: 2, Rows: 1
0.495    0.505    0.000    0.000    
Total frac: 1.000
Par: 3, Rows: 1
0.495    0.505    0.000    0.000    
Total frac: 1.000

Sketch (2) (cm: eps0: 0.000625, del0: 0.025, min_mem: 16.9921875)
Par: 1, Rows: 1
0.000    0.000    0.500    0.500    
Total frac: 1.000
Par: 2, Rows: 1
0.000    0.000    0.500    0.500    
Total frac: 1.000
Par: 3, Rows: 1
0.000    0.000    0.500    0.500    
Total frac: 1.000
Par: 4, Rows: 1
0.000    0.000    0.500    0.500    
Total frac: 1.000

Device (0) cpu_1:
cores_sketch: 1.999999999999987, cores_dpdk: 5.0
Rows total: 1.535756333354573
Mem total: 12626.140336181039
Throughput: 83.32500083324999

Device (1) cpu_2:
cores_sketch: 2.0, cores_dpdk: 5.0
Rows total: 1.5144702987977623
Mem total: 12864.869093724154
Throughput: 83.32500083324999

Device (2) p4_1:
Rows total: 3.4748866839238324
Mem total: 242.79606629740383
Throughput: 148.0

Device (3) p4_2:
Rows total: 3.4748866839238324
Mem total: 242.79606629740383
Throughput: 148.0
--------------------------------------------------
