Using license file /home/anup/gurobi.lic
Academic license - for non-commercial use only

--------------------------------------------------
Model update took: 0.00018835067749023438 seconds
Model optimize took: 4.850789308547974 seconds
--------------------------------------------------

Throughput: 83.32500083324999 Mpps, ns per packet: 12.001200000000003
Resources: 643.0413869767674
Total Cores: 49.999999999999886, Switch Memory: 4022.4262885545836

Sketch (0) (cm: eps0: 0.000625, del0: 0.05, min_mem: 16.9921875)
Par: 1, Rows: 1
0.000    0.000    0.000    0.000    0.000    0.000    0.000    0.000    0.000    0.000    0.000    0.000    1.000    0.000    0.000    
Total frac: 1.000
Par: 2, Rows: 1
0.000    0.000    0.000    0.000    0.000    0.000    0.000    0.000    0.000    0.000    0.000    0.000    1.000    0.000    0.000    
Total frac: 1.000
Par: 3, Rows: 1
0.000    0.000    0.000    0.000    0.000    0.000    0.000    0.000    0.000    0.000    0.000    0.000    1.000    0.000    0.000    
Total frac: 1.000

Sketch (1) (cm: eps0: 0.000625, del0: 0.05, min_mem: 16.9921875)
Par: 1, Rows: 1
0.000    0.000    0.000    0.100    0.000    0.000    0.000    0.000    0.000    0.000    0.000    0.800    0.900    0.000    0.000    
Total frac: 1.800
Par: 2, Rows: 1
0.000    0.000    0.000    0.100    0.000    0.000    0.000    0.000    0.000    0.000    0.000    0.800    0.900    0.000    0.000    
Total frac: 1.800
Par: 3, Rows: 1
0.000    0.000    0.000    0.100    0.000    0.000    0.000    0.000    0.000    0.000    0.000    0.800    0.900    0.000    0.000    
Total frac: 1.800

Sketch (2) (cm: eps0: 0.000625, del0: 0.05, min_mem: 16.9921875)
Par: 1, Rows: 1
0.166    0.734    0.000    0.000    0.000    0.000    0.000    0.000    0.000    0.000    0.000    1.000    0.000    0.000    0.000    
Total frac: 1.900
Par: 2, Rows: 1
0.166    0.734    0.000    0.000    0.000    0.000    0.000    0.000    0.000    0.000    0.000    1.000    0.000    0.000    0.000    
Total frac: 1.900
Par: 3, Rows: 1
0.166    0.734    0.000    0.000    0.000    0.000    0.000    0.000    0.000    0.000    0.000    1.000    0.000    0.000    0.000    
Total frac: 1.900

Sketch (3) (cm: eps0: 0.000625, del0: 0.05, min_mem: 16.9921875)
Par: 1, Rows: 1
0.000    0.000    0.000    0.000    0.000    0.000    0.000    0.000    0.000    0.000    0.000    0.100    0.000    0.800    0.100    
Total frac: 1.000
Par: 2, Rows: 1
0.000    0.000    0.000    0.000    0.000    0.000    0.000    0.000    0.000    0.000    0.000    0.100    0.000    0.800    0.100    
Total frac: 1.000
Par: 3, Rows: 1
0.000    0.000    0.000    0.000    0.000    0.000    0.000    0.000    0.000    0.000    0.000    0.100    0.000    0.800    0.100    
Total frac: 1.000

Sketch (4) (cm: eps0: 0.000625, del0: 0.05, min_mem: 16.9921875)
Par: 1, Rows: 1
0.000    0.000    0.000    0.000    0.000    0.000    0.000    0.000    0.000    0.000    0.000    0.000    0.000    0.000    1.000    
Total frac: 1.000
Par: 2, Rows: 1
0.000    0.000    0.000    0.000    0.000    0.000    0.000    0.000    0.000    0.000    0.000    0.000    0.000    0.000    1.000    
Total frac: 1.000
Par: 3, Rows: 1
0.000    0.000    0.000    0.000    0.000    0.000    0.000    0.000    0.000    0.000    0.000    0.000    0.000    0.000    1.000    
Total frac: 1.000

Sketch (5) (cm: eps0: 0.000625, del0: 0.05, min_mem: 16.9921875)
Par: 1, Rows: 1
0.000    0.000    0.000    0.000    0.000    0.000    0.000    0.000    0.000    0.000    0.000    0.000    0.000    0.000    0.800    
Total frac: 0.800
Par: 2, Rows: 1
0.000    0.000    0.000    0.000    0.000    0.000    0.000    0.000    0.000    0.000    0.000    0.000    0.000    0.000    0.800    
Total frac: 0.800
Par: 3, Rows: 1
0.000    0.000    0.000    0.000    0.000    0.000    0.000    0.000    0.000    0.000    0.000    0.000    0.000    0.000    0.800    
Total frac: 0.800

Sketch (6) (cm: eps0: 0.000625, del0: 0.05, min_mem: 16.9921875)
Par: 1, Rows: 1
0.000    0.000    0.000    0.000    0.000    0.000    0.000    0.000    0.000    0.000    0.000    0.000    0.000    1.000    0.000    
Total frac: 1.000
Par: 2, Rows: 1
0.000    0.000    0.000    0.000    0.000    0.000    0.000    0.000    0.000    0.000    0.000    0.000    0.000    1.000    0.000    
Total frac: 1.000
Par: 3, Rows: 1
0.000    0.000    0.000    0.000    0.000    0.000    0.000    0.000    0.000    0.000    0.000    0.000    0.000    1.000    0.000    
Total frac: 1.000

Sketch (7) (cm: eps0: 0.000625, del0: 0.05, min_mem: 16.9921875)
Par: 1, Rows: 1
0.000    0.000    0.000    0.000    0.000    0.000    0.000    0.000    0.000    0.000    0.000    0.000    0.000    1.000    0.000    
Total frac: 1.000
Par: 2, Rows: 1
0.000    0.000    0.000    0.000    0.000    0.000    0.000    0.000    0.000    0.000    0.000    0.000    0.000    1.000    0.000    
Total frac: 1.000
Par: 3, Rows: 1
0.000    0.000    0.000    0.000    0.000    0.000    0.000    0.000    0.000    0.000    0.000    0.000    0.000    1.000    0.000    
Total frac: 1.000

Sketch (8) (cm: eps0: 0.000625, del0: 0.05, min_mem: 16.9921875)
Par: 1, Rows: 1
0.000    0.000    0.000    0.000    0.000    0.000    0.000    0.000    1.000    0.900    0.900    0.000    0.000    0.000    0.000    
Total frac: 2.800
Par: 2, Rows: 1
0.000    0.000    0.000    0.000    0.000    0.000    0.000    0.000    1.000    0.900    0.900    0.000    0.000    0.000    0.000    
Total frac: 2.800
Par: 3, Rows: 1
0.000    0.000    0.000    0.000    0.000    0.000    0.000    0.000    1.000    0.900    0.900    0.000    0.000    0.000    0.000    
Total frac: 2.800

Sketch (9) (cm: eps0: 0.000625, del0: 0.05, min_mem: 16.9921875)
Par: 1, Rows: 1
0.000    0.000    0.000    0.000    0.000    0.000    0.000    0.000    0.700    0.000    0.000    0.700    0.000    0.300    0.000    
Total frac: 1.700
Par: 2, Rows: 1
0.000    0.000    0.000    0.000    0.000    0.000    0.000    0.000    0.700    0.000    0.000    0.700    0.000    0.300    0.000    
Total frac: 1.700
Par: 3, Rows: 1
0.000    0.000    0.000    0.000    0.000    0.000    0.000    0.000    0.700    0.000    0.000    0.700    0.000    0.300    0.000    
Total frac: 1.700

Sketch (10) (cm: eps0: 0.000625, del0: 0.05, min_mem: 16.9921875)
Par: 1, Rows: 1
0.000    0.000    0.000    0.100    0.000    0.000    0.000    0.000    0.000    0.000    0.000    0.000    0.900    0.000    0.000    
Total frac: 1.000
Par: 2, Rows: 1
0.000    0.000    0.000    0.100    0.000    0.000    0.000    0.000    0.000    0.000    0.000    0.000    0.900    0.000    0.000    
Total frac: 1.000
Par: 3, Rows: 1
0.000    0.000    0.000    0.100    0.000    0.000    0.000    0.000    0.000    0.000    0.000    0.000    0.900    0.000    0.000    
Total frac: 1.000

Sketch (11) (cm: eps0: 0.000625, del0: 0.05, min_mem: 16.9921875)
Par: 1, Rows: 1
0.000    0.000    0.000    0.397    0.000    0.200    0.000    0.000    0.000    0.403    0.800    0.700    0.000    0.000    0.000    
Total frac: 2.500
Par: 2, Rows: 1
0.000    0.000    0.000    0.397    0.000    0.200    0.000    0.000    0.000    0.403    0.800    0.700    0.000    0.000    0.000    
Total frac: 2.500
Par: 3, Rows: 1
0.000    0.000    0.000    0.397    0.000    0.200    0.000    0.000    0.000    0.403    0.800    0.700    0.000    0.000    0.000    
Total frac: 2.500

Sketch (12) (cm: eps0: 0.000625, del0: 0.05, min_mem: 16.9921875)
Par: 1, Rows: 1
0.000    0.000    0.000    0.000    0.000    0.000    0.000    0.000    0.000    0.000    0.000    0.000    0.000    0.000    1.000    
Total frac: 1.000
Par: 2, Rows: 1
0.000    0.000    0.000    0.000    0.000    0.000    0.000    0.000    0.000    0.000    0.000    0.000    0.000    0.000    1.000    
Total frac: 1.000
Par: 3, Rows: 1
0.000    0.000    0.000    0.000    0.000    0.000    0.000    0.000    0.000    0.000    0.000    0.000    0.000    0.000    1.000    
Total frac: 1.000

Sketch (13) (cm: eps0: 0.000625, del0: 0.05, min_mem: 16.9921875)
Par: 1, Rows: 1
0.000    0.000    0.000    0.000    0.000    0.000    0.000    0.000    0.000    0.000    0.000    0.800    0.000    0.000    0.000    
Total frac: 0.800
Par: 2, Rows: 1
0.000    0.000    0.000    0.000    0.000    0.000    0.000    0.000    0.000    0.000    0.000    0.800    0.000    0.000    0.000    
Total frac: 0.800
Par: 3, Rows: 1
0.000    0.000    0.000    0.000    0.000    0.000    0.000    0.000    0.000    0.000    0.000    0.800    0.000    0.000    0.000    
Total frac: 0.800

Sketch (14) (cm: eps0: 0.000625, del0: 0.05, min_mem: 16.9921875)
Par: 1, Rows: 1
0.000    0.000    0.000    0.000    0.000    0.000    0.333    0.000    0.000    0.000    0.000    0.667    0.900    0.000    0.000    
Total frac: 1.900
Par: 2, Rows: 1
0.000    0.000    0.000    0.000    0.000    0.000    0.333    0.000    0.000    0.000    0.000    0.667    0.900    0.000    0.000    
Total frac: 1.900
Par: 3, Rows: 1
0.000    0.000    0.000    0.000    0.000    0.000    0.333    0.000    0.000    0.000    0.000    0.667    0.900    0.000    0.000    
Total frac: 1.900

Sketch (15) (cm: eps0: 0.000625, del0: 0.05, min_mem: 16.9921875)
Par: 1, Rows: 1
0.000    0.200    0.000    0.000    0.000    0.000    0.000    0.195    0.000    0.000    0.000    0.000    0.000    0.605    0.000    
Total frac: 1.000
Par: 2, Rows: 1
0.000    0.200    0.000    0.000    0.000    0.000    0.000    0.195    0.000    0.000    0.000    0.000    0.000    0.605    0.000    
Total frac: 1.000
Par: 3, Rows: 1
0.000    0.200    0.000    0.000    0.000    0.000    0.000    0.195    0.000    0.000    0.000    0.000    0.000    0.605    0.000    
Total frac: 1.000

Sketch (16) (cm: eps0: 0.000625, del0: 0.05, min_mem: 16.9921875)
Par: 1, Rows: 1
0.000    0.000    0.000    0.000    0.000    0.000    0.000    0.000    0.000    1.000    0.000    0.000    0.000    0.000    0.000    
Total frac: 1.000
Par: 2, Rows: 1
0.000    0.000    0.000    0.000    0.000    0.000    0.000    0.000    0.000    1.000    0.000    0.000    0.000    0.000    0.000    
Total frac: 1.000
Par: 3, Rows: 1
0.000    0.000    0.000    0.000    0.000    0.000    0.000    0.000    0.000    1.000    0.000    0.000    0.000    0.000    0.000    
Total frac: 1.000

Sketch (17) (cm: eps0: 0.000625, del0: 0.05, min_mem: 16.9921875)
Par: 1, Rows: 1
0.000    0.000    0.000    0.000    0.000    0.000    0.000    0.000    0.000    0.000    0.000    0.000    0.000    0.000    1.000    
Total frac: 1.000
Par: 2, Rows: 1
0.000    0.000    0.000    0.000    0.000    0.000    0.000    0.000    0.000    0.000    0.000    0.000    0.000    0.000    1.000    
Total frac: 1.000
Par: 3, Rows: 1
0.000    0.000    0.000    0.000    0.000    0.000    0.000    0.000    0.000    0.000    0.000    0.000    0.000    0.000    1.000    
Total frac: 1.000

Sketch (18) (cm: eps0: 0.000625, del0: 0.05, min_mem: 16.9921875)
Par: 1, Rows: 1
0.000    0.000    0.000    0.000    0.000    0.000    0.000    0.000    0.000    0.000    0.000    0.000    0.900    0.000    0.000    
Total frac: 0.900
Par: 2, Rows: 1
0.000    0.000    0.000    0.000    0.000    0.000    0.000    0.000    0.000    0.000    0.000    0.000    0.900    0.000    0.000    
Total frac: 0.900
Par: 3, Rows: 1
0.000    0.000    0.000    0.000    0.000    0.000    0.000    0.000    0.000    0.000    0.000    0.000    0.900    0.000    0.000    
Total frac: 0.900

Sketch (19) (cm: eps0: 0.000625, del0: 0.05, min_mem: 16.9921875)
Par: 1, Rows: 1
0.000    0.000    0.000    0.000    0.000    0.000    0.000    0.200    0.000    0.000    0.000    0.000    0.700    0.000    0.000    
Total frac: 0.900
Par: 2, Rows: 1
0.000    0.000    0.000    0.000    0.000    0.000    0.000    0.200    0.000    0.000    0.000    0.000    0.700    0.000    0.000    
Total frac: 0.900
Par: 3, Rows: 1
0.000    0.000    0.000    0.000    0.000    0.000    0.000    0.200    0.000    0.000    0.000    0.000    0.700    0.000    0.000    
Total frac: 0.900

Sketch (20) (cm: eps0: 0.000625, del0: 0.05, min_mem: 16.9921875)
Par: 1, Rows: 1
0.000    0.049    0.000    0.000    0.779    0.000    0.000    0.000    0.951    0.000    0.000    0.121    0.000    0.000    0.000    
Total frac: 1.900
Par: 2, Rows: 1
0.000    0.049    0.000    0.000    0.779    0.000    0.000    0.000    0.951    0.000    0.000    0.121    0.000    0.000    0.000    
Total frac: 1.900
Par: 3, Rows: 1
0.000    0.049    0.000    0.000    0.779    0.000    0.000    0.000    0.951    0.000    0.000    0.121    0.000    0.000    0.000    
Total frac: 1.900

Sketch (21) (cm: eps0: 0.000625, del0: 0.05, min_mem: 16.9921875)
Par: 1, Rows: 1
0.000    0.000    0.000    0.000    0.000    0.000    0.000    0.000    0.100    0.000    0.000    0.000    0.000    0.000    0.800    
Total frac: 0.900
Par: 2, Rows: 1
0.000    0.000    0.000    0.000    0.000    0.000    0.000    0.000    0.100    0.000    0.000    0.000    0.000    0.000    0.800    
Total frac: 0.900
Par: 3, Rows: 1
0.000    0.000    0.000    0.000    0.000    0.000    0.000    0.000    0.100    0.000    0.000    0.000    0.000    0.000    0.800    
Total frac: 0.900

Sketch (22) (cm: eps0: 0.000625, del0: 0.05, min_mem: 16.9921875)
Par: 1, Rows: 1
0.000    0.000    0.000    0.900    0.000    0.000    0.000    0.000    0.900    0.000    0.000    0.900    0.000    0.000    0.000    
Total frac: 2.700
Par: 2, Rows: 1
0.000    0.000    0.000    0.900    0.000    0.000    0.000    0.000    0.900    0.000    0.000    0.900    0.000    0.000    0.000    
Total frac: 2.700
Par: 3, Rows: 1
0.000    0.000    0.000    0.900    0.000    0.000    0.000    0.000    0.900    0.000    0.000    0.900    0.000    0.000    0.000    
Total frac: 2.700

Sketch (23) (cm: eps0: 0.000625, del0: 0.05, min_mem: 16.9921875)
Par: 1, Rows: 1
0.000    0.000    0.000    0.000    0.000    0.000    0.000    0.000    0.000    0.000    0.000    0.000    0.000    0.000    0.900    
Total frac: 0.900
Par: 2, Rows: 1
0.000    0.000    0.000    0.000    0.000    0.000    0.000    0.000    0.000    0.000    0.000    0.000    0.000    0.000    0.900    
Total frac: 0.900
Par: 3, Rows: 1
0.000    0.000    0.000    0.000    0.000    0.000    0.000    0.000    0.000    0.000    0.000    0.000    0.000    0.000    0.900    
Total frac: 0.900

Sketch (24) (cm: eps0: 0.000625, del0: 0.05, min_mem: 16.9921875)
Par: 1, Rows: 1
0.000    0.000    0.000    0.000    0.000    0.000    0.000    0.000    0.000    0.000    1.000    0.000    0.800    0.000    0.000    
Total frac: 1.800
Par: 2, Rows: 1
0.000    0.000    0.000    0.000    0.000    0.000    0.000    0.000    0.000    0.000    1.000    0.000    0.800    0.000    0.000    
Total frac: 1.800
Par: 3, Rows: 1
0.000    0.000    0.000    0.000    0.000    0.000    0.000    0.000    0.000    0.000    1.000    0.000    0.800    0.000    0.000    
Total frac: 1.800

Sketch (25) (cm: eps0: 0.000625, del0: 0.05, min_mem: 16.9921875)
Par: 1, Rows: 1
0.000    0.000    0.000    0.000    0.000    0.000    0.000    0.000    0.288    0.000    0.000    0.000    0.712    0.000    0.000    
Total frac: 1.000
Par: 2, Rows: 1
0.000    0.000    0.000    0.000    0.000    0.000    0.000    0.000    0.288    0.000    0.000    0.000    0.712    0.000    0.000    
Total frac: 1.000
Par: 3, Rows: 1
0.000    0.000    0.000    0.000    0.000    0.000    0.000    0.000    0.288    0.000    0.000    0.000    0.712    0.000    0.000    
Total frac: 1.000

Sketch (26) (cm: eps0: 0.000625, del0: 0.05, min_mem: 16.9921875)
Par: 1, Rows: 1
0.000    0.000    0.000    0.000    0.000    0.000    0.000    0.000    0.000    0.000    0.000    0.000    0.000    1.000    0.000    
Total frac: 1.000
Par: 2, Rows: 1
0.000    0.000    0.000    0.000    0.000    0.000    0.000    0.000    0.000    0.000    0.000    0.000    0.000    1.000    0.000    
Total frac: 1.000
Par: 3, Rows: 1
0.000    0.000    0.000    0.000    0.000    0.000    0.000    0.000    0.000    0.000    0.000    0.000    0.000    1.000    0.000    
Total frac: 1.000

Sketch (27) (cm: eps0: 0.000625, del0: 0.05, min_mem: 16.9921875)
Par: 1, Rows: 1
0.000    0.000    0.000    0.100    0.000    0.000    0.000    0.000    0.000    0.000    0.000    0.000    0.900    0.000    0.000    
Total frac: 1.000
Par: 2, Rows: 1
0.000    0.000    0.000    0.100    0.000    0.000    0.000    0.000    0.000    0.000    0.000    0.000    0.900    0.000    0.000    
Total frac: 1.000
Par: 3, Rows: 1
0.000    0.000    0.000    0.100    0.000    0.000    0.000    0.000    0.000    0.000    0.000    0.000    0.900    0.000    0.000    
Total frac: 1.000

Sketch (28) (cm: eps0: 0.000625, del0: 0.05, min_mem: 16.9921875)
Par: 1, Rows: 1
0.000    0.000    0.000    0.000    0.000    0.000    0.000    0.000    0.000    0.000    0.000    0.000    1.000    0.000    0.000    
Total frac: 1.000
Par: 2, Rows: 1
0.000    0.000    0.000    0.000    0.000    0.000    0.000    0.000    0.000    0.000    0.000    0.000    1.000    0.000    0.000    
Total frac: 1.000
Par: 3, Rows: 1
0.000    0.000    0.000    0.000    0.000    0.000    0.000    0.000    0.000    0.000    0.000    0.000    1.000    0.000    0.000    
Total frac: 1.000

Sketch (29) (cm: eps0: 0.000625, del0: 0.05, min_mem: 16.9921875)
Par: 1, Rows: 1
0.000    0.000    0.000    0.000    0.018    0.000    0.000    0.000    0.000    0.756    0.682    0.000    0.000    0.244    0.000    
Total frac: 1.700
Par: 2, Rows: 1
0.000    0.000    0.000    0.000    0.018    0.000    0.000    0.000    0.000    0.756    0.682    0.000    0.000    0.244    0.000    
Total frac: 1.700
Par: 3, Rows: 1
0.000    0.000    0.000    0.000    0.018    0.000    0.000    0.000    0.000    0.756    0.682    0.000    0.000    0.244    0.000    
Total frac: 1.700

Sketch (30) (cm: eps0: 0.000625, del0: 0.05, min_mem: 16.9921875)
Par: 1, Rows: 1
0.000    0.000    0.000    0.000    0.000    0.000    0.000    0.000    0.000    0.000    0.900    0.000    0.000    0.000    0.700    
Total frac: 1.600
Par: 2, Rows: 1
0.000    0.000    0.000    0.000    0.000    0.000    0.000    0.000    0.000    0.000    0.900    0.000    0.000    0.000    0.700    
Total frac: 1.600
Par: 3, Rows: 1
0.000    0.000    0.000    0.000    0.000    0.000    0.000    0.000    0.000    0.000    0.900    0.000    0.000    0.000    0.700    
Total frac: 1.600

Sketch (31) (cm: eps0: 0.000625, del0: 0.05, min_mem: 16.9921875)
Par: 1, Rows: 1
0.000    0.000    0.000    0.000    0.000    0.000    0.000    0.000    0.700    0.000    0.000    0.000    0.000    0.000    0.000    
Total frac: 0.700
Par: 2, Rows: 1
0.000    0.000    0.000    0.000    0.000    0.000    0.000    0.000    0.700    0.000    0.000    0.000    0.000    0.000    0.000    
Total frac: 0.700
Par: 3, Rows: 1
0.000    0.000    0.000    0.000    0.000    0.000    0.000    0.000    0.700    0.000    0.000    0.000    0.000    0.000    0.000    
Total frac: 0.700

Sketch (32) (cm: eps0: 0.000625, del0: 0.05, min_mem: 16.9921875)
Par: 1, Rows: 1
0.000    0.000    0.000    0.000    0.000    0.000    0.000    0.000    0.000    0.900    0.000    0.000    0.000    0.700    0.000    
Total frac: 1.600
Par: 2, Rows: 1
0.000    0.000    0.000    0.000    0.000    0.000    0.000    0.000    0.000    0.900    0.000    0.000    0.000    0.700    0.000    
Total frac: 1.600
Par: 3, Rows: 1
0.000    0.000    0.000    0.000    0.000    0.000    0.000    0.000    0.000    0.900    0.000    0.000    0.000    0.700    0.000    
Total frac: 1.600

Sketch (33) (cm: eps0: 0.000625, del0: 0.05, min_mem: 16.9921875)
Par: 1, Rows: 1
0.000    0.000    0.000    0.000    0.000    0.000    0.000    0.000    0.210    0.490    0.000    0.000    0.000    0.700    0.000    
Total frac: 1.400
Par: 2, Rows: 1
0.000    0.000    0.000    0.000    0.000    0.000    0.000    0.000    0.210    0.490    0.000    0.000    0.000    0.700    0.000    
Total frac: 1.400
Par: 3, Rows: 1
0.000    0.000    0.000    0.000    0.000    0.000    0.000    0.000    0.210    0.490    0.000    0.000    0.000    0.700    0.000    
Total frac: 1.400

Sketch (34) (cm: eps0: 0.000625, del0: 0.05, min_mem: 16.9921875)
Par: 1, Rows: 1
0.000    0.000    0.000    0.000    0.000    0.000    0.000    0.000    0.000    0.000    0.000    0.000    0.000    0.700    0.300    
Total frac: 1.000
Par: 2, Rows: 1
0.000    0.000    0.000    0.000    0.000    0.000    0.000    0.000    0.000    0.000    0.000    0.000    0.000    0.700    0.300    
Total frac: 1.000
Par: 3, Rows: 1
0.000    0.000    0.000    0.000    0.000    0.000    0.000    0.000    0.000    0.000    0.000    0.000    0.000    0.700    0.300    
Total frac: 1.000

Sketch (35) (cm: eps0: 0.000625, del0: 0.05, min_mem: 16.9921875)
Par: 1, Rows: 1
0.000    0.000    0.000    0.000    0.000    0.000    0.300    0.588    0.000    0.800    0.000    0.112    0.000    0.000    0.000    
Total frac: 1.800
Par: 2, Rows: 1
0.000    0.000    0.000    0.000    0.000    0.000    0.300    0.588    0.000    0.800    0.000    0.112    0.000    0.000    0.000    
Total frac: 1.800
Par: 3, Rows: 1
0.000    0.000    0.000    0.000    0.000    0.000    0.300    0.588    0.000    0.800    0.000    0.112    0.000    0.000    0.000    
Total frac: 1.800

Sketch (36) (cm: eps0: 0.000625, del0: 0.05, min_mem: 16.9921875)
Par: 1, Rows: 1
0.000    0.000    0.000    0.000    0.000    0.000    0.000    0.000    0.000    0.000    1.000    0.000    0.000    0.000    0.000    
Total frac: 1.000
Par: 2, Rows: 1
0.000    0.000    0.000    0.000    0.000    0.000    0.000    0.000    0.000    0.000    1.000    0.000    0.000    0.000    0.000    
Total frac: 1.000
Par: 3, Rows: 1
0.000    0.000    0.000    0.000    0.000    0.000    0.000    0.000    0.000    0.000    1.000    0.000    0.000    0.000    0.000    
Total frac: 1.000

Sketch (37) (cm: eps0: 0.000625, del0: 0.05, min_mem: 16.9921875)
Par: 1, Rows: 1
0.000    0.000    0.000    0.000    0.100    0.000    0.000    0.000    0.000    0.000    0.700    0.000    0.000    0.000    0.000    
Total frac: 0.800
Par: 2, Rows: 1
0.000    0.000    0.000    0.000    0.100    0.000    0.000    0.000    0.000    0.000    0.700    0.000    0.000    0.000    0.000    
Total frac: 0.800
Par: 3, Rows: 1
0.000    0.000    0.000    0.000    0.100    0.000    0.000    0.000    0.000    0.000    0.700    0.000    0.000    0.000    0.000    
Total frac: 0.800

Sketch (38) (cm: eps0: 0.000625, del0: 0.05, min_mem: 16.9921875)
Par: 1, Rows: 1
0.000    0.000    0.000    0.000    0.000    0.100    0.000    0.000    0.000    0.000    0.700    1.000    0.000    0.000    0.000    
Total frac: 1.800
Par: 2, Rows: 1
0.000    0.000    0.000    0.000    0.000    0.100    0.000    0.000    0.000    0.000    0.700    1.000    0.000    0.000    0.000    
Total frac: 1.800
Par: 3, Rows: 1
0.000    0.000    0.000    0.000    0.000    0.100    0.000    0.000    0.000    0.000    0.700    1.000    0.000    0.000    0.000    
Total frac: 1.800

Sketch (39) (cm: eps0: 0.000625, del0: 0.05, min_mem: 16.9921875)
Par: 1, Rows: 1
0.000    0.000    0.000    0.000    0.000    0.000    0.000    0.000    0.000    0.000    0.000    0.000    0.000    0.000    1.000    
Total frac: 1.000
Par: 2, Rows: 1
0.000    0.000    0.000    0.000    0.000    0.000    0.000    0.000    0.000    0.000    0.000    0.000    0.000    0.000    1.000    
Total frac: 1.000
Par: 3, Rows: 1
0.000    0.000    0.000    0.000    0.000    0.000    0.000    0.000    0.000    0.000    0.000    0.000    0.000    0.000    1.000    
Total frac: 1.000

Sketch (40) (cm: eps0: 0.000625, del0: 0.05, min_mem: 16.9921875)
Par: 1, Rows: 1
0.000    0.000    0.000    0.000    0.000    0.000    0.000    0.000    0.800    0.000    0.000    0.800    0.000    0.000    0.000    
Total frac: 1.600
Par: 2, Rows: 1
0.000    0.000    0.000    0.000    0.000    0.000    0.000    0.000    0.800    0.000    0.000    0.800    0.000    0.000    0.000    
Total frac: 1.600
Par: 3, Rows: 1
0.000    0.000    0.000    0.000    0.000    0.000    0.000    0.000    0.800    0.000    0.000    0.800    0.000    0.000    0.000    
Total frac: 1.600

Sketch (41) (cm: eps0: 0.000625, del0: 0.05, min_mem: 16.9921875)
Par: 1, Rows: 1
0.000    0.000    0.000    0.000    0.000    0.000    0.000    0.000    0.800    0.500    0.000    0.000    0.000    0.000    0.200    
Total frac: 1.500
Par: 2, Rows: 1
0.000    0.000    0.000    0.000    0.000    0.000    0.000    0.000    0.800    0.500    0.000    0.000    0.000    0.000    0.200    
Total frac: 1.500
Par: 3, Rows: 1
0.000    0.000    0.000    0.000    0.000    0.000    0.000    0.000    0.800    0.500    0.000    0.000    0.000    0.000    0.200    
Total frac: 1.500

Sketch (42) (cm: eps0: 0.000625, del0: 0.05, min_mem: 16.9921875)
Par: 1, Rows: 1
0.000    0.000    0.000    0.200    0.000    0.000    0.000    0.000    0.000    0.000    0.000    0.900    0.700    0.000    0.000    
Total frac: 1.800
Par: 2, Rows: 1
0.000    0.000    0.000    0.200    0.000    0.000    0.000    0.000    0.000    0.000    0.000    0.900    0.700    0.000    0.000    
Total frac: 1.800
Par: 3, Rows: 1
0.000    0.000    0.000    0.200    0.000    0.000    0.000    0.000    0.000    0.000    0.000    0.900    0.700    0.000    0.000    
Total frac: 1.800

Sketch (43) (cm: eps0: 0.000625, del0: 0.05, min_mem: 16.9921875)
Par: 1, Rows: 1
0.000    0.000    0.000    0.000    0.000    0.000    0.000    0.000    0.000    0.000    0.000    0.000    1.000    0.000    0.000    
Total frac: 1.000
Par: 2, Rows: 1
0.000    0.000    0.000    0.000    0.000    0.000    0.000    0.000    0.000    0.000    0.000    0.000    1.000    0.000    0.000    
Total frac: 1.000
Par: 3, Rows: 1
0.000    0.000    0.000    0.000    0.000    0.000    0.000    0.000    0.000    0.000    0.000    0.000    1.000    0.000    0.000    
Total frac: 1.000

Sketch (44) (cm: eps0: 0.000625, del0: 0.05, min_mem: 16.9921875)
Par: 1, Rows: 1
0.000    0.000    0.000    0.000    0.000    0.000    0.000    0.000    0.000    0.000    1.000    0.000    0.000    0.000    0.900    
Total frac: 1.900
Par: 2, Rows: 1
0.000    0.000    0.000    0.000    0.000    0.000    0.000    0.000    0.000    0.000    1.000    0.000    0.000    0.000    0.900    
Total frac: 1.900
Par: 3, Rows: 1
0.000    0.000    0.000    0.000    0.000    0.000    0.000    0.000    0.000    0.000    1.000    0.000    0.000    0.000    0.900    
Total frac: 1.900

Sketch (45) (cm: eps0: 0.000625, del0: 0.05, min_mem: 16.9921875)
Par: 1, Rows: 1
0.000    0.000    0.000    0.000    0.000    0.000    0.250    0.000    0.550    0.450    0.000    0.000    0.000    0.450    0.000    
Total frac: 1.700
Par: 2, Rows: 1
0.000    0.000    0.000    0.000    0.000    0.000    0.250    0.000    0.550    0.450    0.000    0.000    0.000    0.450    0.000    
Total frac: 1.700
Par: 3, Rows: 1
0.000    0.000    0.000    0.000    0.000    0.000    0.250    0.000    0.550    0.450    0.000    0.000    0.000    0.450    0.000    
Total frac: 1.700

Sketch (46) (cm: eps0: 0.000625, del0: 0.05, min_mem: 16.9921875)
Par: 1, Rows: 1
0.000    0.000    0.000    0.000    0.000    0.000    0.000    0.000    0.000    0.000    0.000    0.000    0.000    0.000    1.000    
Total frac: 1.000
Par: 2, Rows: 1
0.000    0.000    0.000    0.000    0.000    0.000    0.000    0.000    0.000    0.000    0.000    0.000    0.000    0.000    1.000    
Total frac: 1.000
Par: 3, Rows: 1
0.000    0.000    0.000    0.000    0.000    0.000    0.000    0.000    0.000    0.000    0.000    0.000    0.000    0.000    1.000    
Total frac: 1.000

Sketch (47) (cm: eps0: 0.000625, del0: 0.05, min_mem: 16.9921875)
Par: 1, Rows: 1
0.000    0.000    0.000    0.000    0.000    0.000    0.000    0.000    0.000    0.401    1.000    0.000    0.000    0.000    0.499    
Total frac: 1.900
Par: 2, Rows: 1
0.000    0.000    0.000    0.000    0.000    0.000    0.000    0.000    0.000    0.401    1.000    0.000    0.000    0.000    0.499    
Total frac: 1.900
Par: 3, Rows: 1
0.000    0.000    0.000    0.000    0.000    0.000    0.000    0.000    0.000    0.401    1.000    0.000    0.000    0.000    0.499    
Total frac: 1.900

Sketch (48) (cm: eps0: 0.000625, del0: 0.05, min_mem: 16.9921875)
Par: 1, Rows: 1
0.000    0.000    0.000    0.000    0.000    0.283    0.000    0.000    0.000    1.000    0.417    0.000    0.000    0.000    0.000    
Total frac: 1.700
Par: 2, Rows: 1
0.000    0.000    0.000    0.000    0.000    0.283    0.000    0.000    0.000    1.000    0.417    0.000    0.000    0.000    0.000    
Total frac: 1.700
Par: 3, Rows: 1
0.000    0.000    0.000    0.000    0.000    0.283    0.000    0.000    0.000    1.000    0.417    0.000    0.000    0.000    0.000    
Total frac: 1.700

Sketch (49) (cm: eps0: 0.000625, del0: 0.05, min_mem: 16.9921875)
Par: 1, Rows: 1
0.000    0.000    0.000    0.000    0.000    0.000    0.000    0.000    0.700    0.900    0.000    0.000    0.000    0.000    0.000    
Total frac: 1.600
Par: 2, Rows: 1
0.000    0.000    0.000    0.000    0.000    0.000    0.000    0.000    0.700    0.900    0.000    0.000    0.000    0.000    0.000    
Total frac: 1.600
Par: 3, Rows: 1
0.000    0.000    0.000    0.000    0.000    0.000    0.000    0.000    0.700    0.900    0.000    0.000    0.000    0.000    0.000    
Total frac: 1.600

Sketch (50) (cm: eps0: 0.000625, del0: 0.05, min_mem: 16.9921875)
Par: 1, Rows: 1
0.000    0.000    0.000    0.000    0.000    0.000    0.000    0.000    0.000    0.000    0.000    0.000    0.000    0.800    0.000    
Total frac: 0.800
Par: 2, Rows: 1
0.000    0.000    0.000    0.000    0.000    0.000    0.000    0.000    0.000    0.000    0.000    0.000    0.000    0.800    0.000    
Total frac: 0.800
Par: 3, Rows: 1
0.000    0.000    0.000    0.000    0.000    0.000    0.000    0.000    0.000    0.000    0.000    0.000    0.000    0.800    0.000    
Total frac: 0.800

Sketch (51) (cm: eps0: 0.000625, del0: 0.05, min_mem: 16.9921875)
Par: 1, Rows: 1
0.000    0.000    0.000    0.000    0.000    0.000    0.000    0.000    0.000    0.000    0.000    0.000    0.000    1.000    0.000    
Total frac: 1.000
Par: 2, Rows: 1
0.000    0.000    0.000    0.000    0.000    0.000    0.000    0.000    0.000    0.000    0.000    0.000    0.000    1.000    0.000    
Total frac: 1.000
Par: 3, Rows: 1
0.000    0.000    0.000    0.000    0.000    0.000    0.000    0.000    0.000    0.000    0.000    0.000    0.000    1.000    0.000    
Total frac: 1.000

Sketch (52) (cm: eps0: 0.000625, del0: 0.05, min_mem: 16.9921875)
Par: 1, Rows: 1
0.000    0.000    0.000    0.000    0.000    0.000    0.000    0.000    1.000    1.000    0.000    0.000    0.000    0.000    0.000    
Total frac: 2.000
Par: 2, Rows: 1
0.000    0.000    0.000    0.000    0.000    0.000    0.000    0.000    1.000    1.000    0.000    0.000    0.000    0.000    0.000    
Total frac: 2.000
Par: 3, Rows: 1
0.000    0.000    0.000    0.000    0.000    0.000    0.000    0.000    1.000    1.000    0.000    0.000    0.000    0.000    0.000    
Total frac: 2.000

Sketch (53) (cm: eps0: 0.000625, del0: 0.05, min_mem: 16.9921875)
Par: 1, Rows: 1
0.000    0.000    0.000    0.000    0.000    0.000    0.000    0.000    0.000    0.000    1.000    0.800    0.000    0.000    0.000    
Total frac: 1.800
Par: 2, Rows: 1
0.000    0.000    0.000    0.000    0.000    0.000    0.000    0.000    0.000    0.000    1.000    0.800    0.000    0.000    0.000    
Total frac: 1.800
Par: 3, Rows: 1
0.000    0.000    0.000    0.000    0.000    0.000    0.000    0.000    0.000    0.000    1.000    0.800    0.000    0.000    0.000    
Total frac: 1.800

Sketch (54) (cm: eps0: 0.000625, del0: 0.05, min_mem: 16.9921875)
Par: 1, Rows: 1
0.000    0.000    0.900    0.000    0.000    0.000    0.100    0.000    0.000    0.000    0.000    0.000    0.000    0.000    0.000    
Total frac: 1.000
Par: 2, Rows: 1
0.000    0.000    0.900    0.000    0.000    0.000    0.100    0.000    0.000    0.000    0.000    0.000    0.000    0.000    0.000    
Total frac: 1.000
Par: 3, Rows: 1
0.000    0.000    0.900    0.000    0.000    0.000    0.100    0.000    0.000    0.000    0.000    0.000    0.000    0.000    0.000    
Total frac: 1.000

Sketch (55) (cm: eps0: 0.000625, del0: 0.05, min_mem: 16.9921875)
Par: 1, Rows: 1
0.000    0.000    0.000    0.000    1.000    0.000    0.000    0.000    0.900    0.000    0.000    0.000    0.000    0.000    0.000    
Total frac: 1.900
Par: 2, Rows: 1
0.000    0.000    0.000    0.000    1.000    0.000    0.000    0.000    0.900    0.000    0.000    0.000    0.000    0.000    0.000    
Total frac: 1.900
Par: 3, Rows: 1
0.000    0.000    0.000    0.000    1.000    0.000    0.000    0.000    0.900    0.000    0.000    0.000    0.000    0.000    0.000    
Total frac: 1.900

Sketch (56) (cm: eps0: 0.000625, del0: 0.05, min_mem: 16.9921875)
Par: 1, Rows: 1
0.000    0.000    0.000    0.000    0.000    0.000    0.000    0.000    0.000    0.000    0.000    0.000    0.000    0.000    1.000    
Total frac: 1.000
Par: 2, Rows: 1
0.000    0.000    0.000    0.000    0.000    0.000    0.000    0.000    0.000    0.000    0.000    0.000    0.000    0.000    1.000    
Total frac: 1.000
Par: 3, Rows: 1
0.000    0.000    0.000    0.000    0.000    0.000    0.000    0.000    0.000    0.000    0.000    0.000    0.000    0.000    1.000    
Total frac: 1.000

Sketch (57) (cm: eps0: 0.000625, del0: 0.05, min_mem: 16.9921875)
Par: 1, Rows: 1
0.817    0.000    0.083    0.000    0.000    0.000    0.000    0.000    0.000    0.100    0.000    0.000    0.000    0.900    0.000    
Total frac: 1.900
Par: 2, Rows: 1
0.817    0.000    0.083    0.000    0.000    0.000    0.000    0.000    0.000    0.100    0.000    0.000    0.000    0.900    0.000    
Total frac: 1.900
Par: 3, Rows: 1
0.817    0.000    0.083    0.000    0.000    0.000    0.000    0.000    0.000    0.100    0.000    0.000    0.000    0.900    0.000    
Total frac: 1.900

Sketch (58) (cm: eps0: 0.000625, del0: 0.05, min_mem: 16.9921875)
Par: 1, Rows: 1
0.000    0.000    0.000    0.000    0.000    0.000    0.000    0.000    0.900    0.000    0.000    0.700    0.000    0.000    0.000    
Total frac: 1.600
Par: 2, Rows: 1
0.000    0.000    0.000    0.000    0.000    0.000    0.000    0.000    0.900    0.000    0.000    0.700    0.000    0.000    0.000    
Total frac: 1.600
Par: 3, Rows: 1
0.000    0.000    0.000    0.000    0.000    0.000    0.000    0.000    0.900    0.000    0.000    0.700    0.000    0.000    0.000    
Total frac: 1.600

Sketch (59) (cm: eps0: 0.000625, del0: 0.05, min_mem: 16.9921875)
Par: 1, Rows: 1
0.000    0.000    0.000    0.100    0.000    0.000    0.000    0.000    0.800    0.000    0.900    0.000    0.000    0.000    0.000    
Total frac: 1.800
Par: 2, Rows: 1
0.000    0.000    0.000    0.100    0.000    0.000    0.000    0.000    0.800    0.000    0.900    0.000    0.000    0.000    0.000    
Total frac: 1.800
Par: 3, Rows: 1
0.000    0.000    0.000    0.100    0.000    0.000    0.000    0.000    0.800    0.000    0.900    0.000    0.000    0.000    0.000    
Total frac: 1.800

Sketch (60) (cm: eps0: 0.000625, del0: 0.05, min_mem: 16.9921875)
Par: 1, Rows: 1
0.000    0.000    0.000    0.000    0.000    0.400    0.000    0.000    0.000    0.000    0.300    0.300    0.700    0.000    0.000    
Total frac: 1.700
Par: 2, Rows: 1
0.000    0.000    0.000    0.000    0.000    0.400    0.000    0.000    0.000    0.000    0.300    0.300    0.700    0.000    0.000    
Total frac: 1.700
Par: 3, Rows: 1
0.000    0.000    0.000    0.000    0.000    0.400    0.000    0.000    0.000    0.000    0.300    0.300    0.700    0.000    0.000    
Total frac: 1.700

Sketch (61) (cm: eps0: 0.000625, del0: 0.05, min_mem: 16.9921875)
Par: 1, Rows: 1
0.000    0.000    0.000    0.000    0.000    0.000    0.000    0.000    0.000    0.000    0.000    0.000    0.000    1.000    0.000    
Total frac: 1.000
Par: 2, Rows: 1
0.000    0.000    0.000    0.000    0.000    0.000    0.000    0.000    0.000    0.000    0.000    0.000    0.000    1.000    0.000    
Total frac: 1.000
Par: 3, Rows: 1
-0.000    0.000    0.000    0.000    0.000    0.000    0.000    0.000    0.000    0.000    0.000    0.000    0.000    1.000    0.000    
Total frac: 1.000

Sketch (62) (cm: eps0: 0.000625, del0: 0.05, min_mem: 16.9921875)
Par: 1, Rows: 1
0.000    0.000    0.000    0.000    0.000    0.000    0.000    0.000    0.000    0.900    0.000    0.000    0.000    0.000    0.100    
Total frac: 1.000
Par: 2, Rows: 1
0.000    0.000    0.000    0.000    0.000    0.000    0.000    0.000    0.000    0.900    0.000    0.000    0.000    0.000    0.100    
Total frac: 1.000
Par: 3, Rows: 1
0.000    0.000    0.000    0.000    0.000    0.000    0.000    0.000    0.000    0.900    0.000    0.000    0.000    0.000    0.100    
Total frac: 1.000

Sketch (63) (cm: eps0: 0.000625, del0: 0.05, min_mem: 16.9921875)
Par: 1, Rows: 1
0.000    0.000    0.000    0.000    0.000    0.000    0.000    0.000    0.000    0.800    0.000    0.900    0.000    0.100    0.000    
Total frac: 1.800
Par: 2, Rows: 1
0.000    0.000    0.000    0.000    0.000    0.000    0.000    0.000    0.000    0.800    0.000    0.900    0.000    0.100    0.000    
Total frac: 1.800
Par: 3, Rows: 1
0.000    0.000    0.000    0.000    0.000    0.000    0.000    0.000    0.000    0.800    0.000    0.900    0.000    0.100    0.000    
Total frac: 1.800

Device (0) cpu1:
cores_sketch: 0.9999999999999895, cores_dpdk: 5.0
Rows total: 2.949496646555321
Mem total: 50.11840004888925
Throughput: 83.32500083324999

Device (1) cpu2:
cores_sketch: 1.0, cores_dpdk: 5.0
Rows total: 2.9494966467183965
Mem total: 50.11840005166025
Throughput: 83.32500083324999

Device (2) cpu3:
cores_sketch: 0.9999999999999895, cores_dpdk: 5.0
Rows total: 2.949496646555321
Mem total: 50.11840004888925
Throughput: 83.32500083324999

Device (3) cpu4:
cores_sketch: 2.0000000000000244, cores_dpdk: 5.0
Rows total: 5.690460569533828
Mem total: 96.69337295887559
Throughput: 83.32500083324999

Device (4) cpu5:
cores_sketch: 1.999999999999914, cores_dpdk: 5.0
Rows total: 5.690460609377129
Mem total: 96.69337363590043
Throughput: 83.32500083324999

Device (5) cpu6:
cores_sketch: 0.9999999999999997, cores_dpdk: 5.0
Rows total: 2.949496646555265
Mem total: 50.11840004888829
Throughput: 83.32500083324999

Device (6) cpu7:
cores_sketch: 0.9999999999999883, cores_dpdk: 5.0
Rows total: 2.9494967068792457
Mem total: 50.11840107392468
Throughput: 83.32500083324999

Device (7) cpu8:
cores_sketch: 0.9999999999999835, cores_dpdk: 5.0
Rows total: 2.9494967071419467
Mem total: 50.118401078388544
Throughput: 83.32500083324999

Device (8) tor_p41:
Rows total: 33.89793103448276
Mem total: 576.0
Throughput: 148.0

Device (9) tor_p42:
Rows total: 33.89793103448276
Mem total: 576.0
Throughput: 148.0

Device (10) tor_p43:
Rows total: 33.89793103448276
Mem total: 576.0
Throughput: 148.0

Device (11) tor_p44:
Rows total: 33.89793103448276
Mem total: 576.0
Throughput: 148.0

Device (12) l1_p41:
Rows total: 33.334512613787
Mem total: 566.4262885545837
Throughput: 148.0

Device (13) l1_p42:
Rows total: 33.89793103448276
Mem total: 576.0
Throughput: 148.0

Device (14) l2_p4:
Rows total: 33.89793103448276
Mem total: 576.0
Throughput: 148.0
--------------------------------------------------
