Using license file /home/anup/gurobi.lic
Academic license - for non-commercial use only

--------------------------------------------------
Model update took: 5.412101745605469e-05 seconds
Model optimize took: 0.0008852481842041016 seconds
--------------------------------------------------

Sketch (0) (cm: eps0: 6.25e-06, del0: 0.05, min_mem: 1698.9296875)
Par: 1, Rows: 3
0.887    0.113    
Total frac: 1.000

Sketch (1) (cm: eps0: 0.000625, del0: 0.05, min_mem: 16.9921875)
Par: 1, Rows: 3
1.000    0.000    
Total frac: 1.000

Sketch (2) (cm: eps0: 0.000625, del0: 0.05, min_mem: 16.9921875)
Par: 1, Rows: 3
1.000    0.000    
Total frac: 1.000

Device (0) cpu_1:
Rows total: 8.66096301439785
Mem total: 4622.7421875

Device (1) p4_1:
Rows total: 0.33903698560214846
Mem total: 576.0
--------------------------------------------------
Changed value of parameter NonConvex to 2
   Prev: -1  Min: -1  Max: 2  Default: -1

Throughput: 56.00000000000043 Mpps, ns per packet: 17.85714285714272
Resources: 82.6490588298356
Total Cores: 7.0, Switch Memory: 576.0

Sketch (0) (cm: eps0: 6.25e-06, del0: 0.05, min_mem: 1698.9296875)
Par: 1, Rows: 3
0.887    0.113    
Total frac: 1.000

Sketch (1) (cm: eps0: 0.000625, del0: 0.05, min_mem: 16.9921875)
Par: 1, Rows: 3
1.000    0.000    
Total frac: 1.000

Sketch (2) (cm: eps0: 0.000625, del0: 0.05, min_mem: 16.9921875)
Par: 1, Rows: 3
1.000    0.000    
Total frac: 1.000

Device (0) cpu_1:
cores_sketch: 5.000000000000001, cores_dpdk: 1.9999999999999993
Rows total: 8.66096301439785
Mem total: 4622.7421875
Throughput: 56.00000000000043

Device (1) p4_1:
Rows total: 0.33903698560214846
Mem total: 576.0
Throughput: 148.0
--------------------------------------------------
