Using license file /home/anup/gurobi.lic
Academic license - for non-commercial use only

--------------------------------------------------
Model update took: 4.76837158203125e-05 seconds
Model optimize took: 0.0015316009521484375 seconds
--------------------------------------------------

Sketch (0) (cm: eps0: 0.3125, del0: 0.05, min_mem: 0.03515625)
Par: 1, Rows: 3
0.000    1.000    
Total frac: 1.000

Sketch (1) (cm: eps0: 0.00125, del0: 0.05, min_mem: 8.49609375)
Par: 1, Rows: 3
0.000    1.000    
Total frac: 1.000

Sketch (2) (cm: eps0: 0.625, del0: 0.025, min_mem: 0.01953125)
Par: 1, Rows: 4
0.000    1.000    
Total frac: 1.000

Device (0) cpu_1:
Rows total: 1.1771291954022987e-07
Mem total: 1.0001e-06

Device (1) p4_1:
Rows total: 9.999999882287081
Mem total: 25.6718739999
--------------------------------------------------
Changed value of parameter NonConvex to 2
   Prev: -1  Min: -1  Max: 2  Default: -1

Throughput: 93.33333333333333 Mpps, ns per packet: 10.714285714285715
Resources: 63.034830678902985
Total Cores: 5.9999999999999964, Switch Memory: 25.6718739999

Sketch (0) (cm: eps0: 0.3125, del0: 0.05, min_mem: 0.03515625)
Par: 1, Rows: 3
0.000    1.000    
Total frac: 1.000

Sketch (1) (cm: eps0: 0.00125, del0: 0.05, min_mem: 8.49609375)
Par: 1, Rows: 3
0.000    1.000    
Total frac: 1.000

Sketch (2) (cm: eps0: 0.625, del0: 0.025, min_mem: 0.01953125)
Par: 1, Rows: 4
0.000    1.000    
Total frac: 1.000

Device (0) cpu_1:
cores_sketch: 0.0, cores_dpdk: 5.9999999999999964
Rows total: 0
Mem total: 0.0
Throughput: 93.33333333333333

Device (1) p4_1:
Rows total: 9.999999882287081
Mem total: 25.6718739999
Throughput: 148.0
--------------------------------------------------
