Using license file /home/anupa/gurobi.lic
Academic license - for non-commercial use only

Gurobi Optimizer version 9.0.0 build v9.0.0rc2 (linux64)
Optimize a model with 505 rows, 888 columns and 1847 nonzeros
Model fingerprint: 0x91f2c676
Model has 4 general constraints
Variable types: 888 continuous, 0 integer (0 binary)
Coefficient statistics:
  Matrix range     [1e+00, 5e+00]
  Objective range  [1e+00, 1e+00]
  Bounds range     [1e+00, 3e+04]
  RHS range        [1e+00, 5e+01]

---------------------------------------------------------------------------
Multi-objectives: starting optimization with 8 objectives ... 
---------------------------------------------------------------------------

Multi-objectives: applying initial presolve ...
---------------------------------------------------------------------------

Presolve added 0 rows and 59 columns
Presolve removed 2 rows and 0 columns
Presolve time: 0.00s
Presolved: 503 rows and 947 columns
---------------------------------------------------------------------------

Multi-objectives: optimize objective 1 (tot_rows_cpu) ...
---------------------------------------------------------------------------

Presolve removed 400 rows and 765 columns
Presolve time: 0.00s
Presolved: 103 rows, 182 columns, 340 nonzeros
Presolved model has 40 SOS constraint(s)
Variable types: 142 continuous, 40 integer (40 binary)

Root relaxation: objective 1.200000e+01, 60 iterations, 0.00 seconds

    Nodes    |    Current Node    |     Objective Bounds      |     Work
 Expl Unexpl |  Obj  Depth IntInf | Incumbent    BestBd   Gap | It/Node Time

     0     0   12.00000    0    2          -   12.00000      -     -    0s
H    0     0                      12.0000000   12.00000  0.00%     -    0s
     0     0   12.00000    0    2   12.00000   12.00000  0.00%     -    0s

Explored 1 nodes (60 simplex iterations) in 0.00 seconds
Thread count was 12 (of 12 available processors)

Solution count 1: 12 

Optimal solution found (tolerance 1.00e-04)
Best objective 1.200000000000e+01, best bound 1.200000000000e+01, gap 0.0000%
---------------------------------------------------------------------------

Multi-objectives: optimize objective 2 (cpu_rows_load) ...
---------------------------------------------------------------------------


Loaded user MIP start with objective 2.4

Presolve removed 400 rows and 765 columns
Presolve time: 0.00s
Presolved: 104 rows, 182 columns, 360 nonzeros
Presolved model has 40 SOS constraint(s)
Variable types: 142 continuous, 40 integer (40 binary)

Root relaxation: objective 6.000000e-01, 94 iterations, 0.00 seconds

    Nodes    |    Current Node    |     Objective Bounds      |     Work
 Expl Unexpl |  Obj  Depth IntInf | Incumbent    BestBd   Gap | It/Node Time

*    0     0               0       0.6000000    0.60000  0.00%     -    0s

Explored 0 nodes (94 simplex iterations) in 0.01 seconds
Thread count was 12 (of 12 available processors)

Solution count 2: 0.6 2.4 

Optimal solution found (tolerance 1.00e-04)
Best objective 6.000000000000e-01, best bound 6.000000000000e-01, gap 0.0000%
---------------------------------------------------------------------------

Multi-objectives: optimize objective 3 (tot_rows_p4) ...
---------------------------------------------------------------------------


Loaded user MIP start with objective 48

Presolve removed 401 rows and 784 columns
Presolve time: 0.00s
Presolved: 104 rows, 163 columns, 382 nonzeros
Presolved model has 20 SOS constraint(s)
Variable types: 123 continuous, 40 integer (40 binary)

Root relaxation: objective 4.799880e+01, 52 iterations, 0.00 seconds

    Nodes    |    Current Node    |     Objective Bounds      |     Work
 Expl Unexpl |  Obj  Depth IntInf | Incumbent    BestBd   Gap | It/Node Time

*    0     0               0      47.9987990   47.99880  0.00%     -    0s

Explored 0 nodes (52 simplex iterations) in 0.01 seconds
Thread count was 12 (of 12 available processors)

Solution count 2: 47.9988 48 

Optimal solution found (tolerance 1.00e-04)
Best objective 4.799879900000e+01, best bound 4.799879900000e+01, gap 0.0000%
---------------------------------------------------------------------------

Multi-objectives: optimize objective 4 (p4_rows_load) ...
---------------------------------------------------------------------------


Loaded user MIP start with objective 47.9988

Presolve removed 402 rows and 784 columns
Presolve time: 0.00s
Presolved: 104 rows, 163 columns, 382 nonzeros
Presolved model has 20 SOS constraint(s)
Variable types: 123 continuous, 40 integer (40 binary)

Root relaxation: cutoff, 47 iterations, 0.00 seconds

    Nodes    |    Current Node    |     Objective Bounds      |     Work
 Expl Unexpl |  Obj  Depth IntInf | Incumbent    BestBd   Gap | It/Node Time

     0     0     cutoff    0        47.99880   47.99880  0.00%     -    0s

Explored 0 nodes (47 simplex iterations) in 0.01 seconds
Thread count was 12 (of 12 available processors)

Solution count 1: 47.9988 

Optimal solution found (tolerance 1.00e-04)
Best objective 4.799879900000e+01, best bound 4.799879900000e+01, gap 0.0000%
---------------------------------------------------------------------------

Multi-objectives: optimize objective 5 (tot_mem_cpu) ...
---------------------------------------------------------------------------


Loaded user MIP start with objective 20.3927

Presolve removed 444 rows and 845 columns
Presolve time: 0.00s
Presolved: 63 rows, 102 columns, 221 nonzeros
Presolved model has 20 SOS constraint(s)
Variable types: 62 continuous, 40 integer (40 binary)

Root relaxation: objective 2.039062e+01, 46 iterations, 0.00 seconds

    Nodes    |    Current Node    |     Objective Bounds      |     Work
 Expl Unexpl |  Obj  Depth IntInf | Incumbent    BestBd   Gap | It/Node Time

*    0     0               0      20.3906250   20.39062  0.00%     -    0s

Explored 0 nodes (46 simplex iterations) in 0.02 seconds
Thread count was 12 (of 12 available processors)

Solution count 2: 20.3906 20.3927 

Optimal solution found (tolerance 1.00e-04)
Best objective 2.039062500000e+01, best bound 2.039062500000e+01, gap 0.0000%
---------------------------------------------------------------------------

Multi-objectives: optimize objective 6 (cpu_load_mem) ...
---------------------------------------------------------------------------


Loaded user MIP start with objective 1.01963

Presolve removed 445 rows and 846 columns
Presolve time: 0.00s
Presolved: 63 rows, 101 columns, 240 nonzeros
Presolved model has 20 SOS constraint(s)
Variable types: 61 continuous, 40 integer (40 binary)

Root relaxation: objective 1.019531e+00, 41 iterations, 0.00 seconds

    Nodes    |    Current Node    |     Objective Bounds      |     Work
 Expl Unexpl |  Obj  Depth IntInf | Incumbent    BestBd   Gap | It/Node Time

*    0     0               0       1.0195312    1.01953  0.00%     -    0s

Explored 0 nodes (41 simplex iterations) in 0.02 seconds
Thread count was 12 (of 12 available processors)

Solution count 2: 1.01953 1.01963 

Optimal solution found (tolerance 1.00e-04)
Best objective 1.019531250000e+00, best bound 1.019531250000e+00, gap 0.0000%
---------------------------------------------------------------------------

Multi-objectives: optimize objective 7 (tot_mem_p4) ...
---------------------------------------------------------------------------


Loaded user MIP start with objective 576

Presolve removed 444 rows and 865 columns
Presolve time: 0.00s
Presolved: 65 rows, 82 columns, 263 nonzeros
Found heuristic solution: objective 81.5608399
Variable types: 42 continuous, 40 integer (40 binary)

Explored 0 nodes (0 simplex iterations) in 0.02 seconds
Thread count was 12 (of 12 available processors)

Solution count 2: 81.5608 576 

Optimal solution found (tolerance 1.00e-04)
Best objective 8.156083993752e+01, best bound 8.156042695313e+01, gap 0.0005%
---------------------------------------------------------------------------

Multi-objectives: optimize objective 8 (p4_load_mem) ...
---------------------------------------------------------------------------


Loaded user MIP start with objective 81.5608

Presolve removed 424 rows and 821 columns
Presolve time: 0.00s
Presolved: 86 rows, 126 columns, 349 nonzeros
Variable types: 86 continuous, 40 integer (40 binary)

Root relaxation: objective 8.156046e+01, 97 iterations, 0.00 seconds

    Nodes    |    Current Node    |     Objective Bounds      |     Work
 Expl Unexpl |  Obj  Depth IntInf | Incumbent    BestBd   Gap | It/Node Time

*    0     0               0      81.5604592   81.56046  0.00%     -    0s

Explored 0 nodes (97 simplex iterations) in 0.03 seconds
Thread count was 12 (of 12 available processors)

Solution count 2: 81.5605 81.5608 

Optimal solution found (tolerance 1.00e-04)
Best objective 8.156045923828e+01, best bound 8.156045923828e+01, gap 0.0000%

---------------------------------------------------------------------------
Multi-objectives: solved in 0.03 seconds, solution count 7

--------------------------------------------------
Model update took: 0.0003559589385986328 seconds
Model optimize took: 0.026997089385986328 seconds
--------------------------------------------------

Solution quality statistics for model netmon :
  Maximum violation:
    Bound       : 9.50000055e-07 (mem[0,19])
    Constraint  : 6.99219850e-07
    Integrality : 0.00000000e+00

Sketch (0) (cm: eps0: 0.00625, del0: 0.05, min_mem: 1.69921875)
Par: 1, Rows: 3
0.200    0.200    0.000    0.000    0.000    0.000    0.000    0.000    0.000    0.000    0.000    0.000    0.000    0.000    0.000    0.000    0.000    0.000    0.000    0.000    0.600    
Total frac: 1.000

Sketch (1) (cm: eps0: 0.00625, del0: 0.05, min_mem: 1.69921875)
Par: 1, Rows: 3
0.000    0.000    0.000    0.000    0.000    0.000    0.000    0.000    0.000    0.000    0.000    0.000    0.000    0.000    0.000    0.000    0.000    0.000    0.000    0.000    1.000    
Total frac: 1.000

Sketch (2) (cm: eps0: 0.00625, del0: 0.05, min_mem: 1.69921875)
Par: 1, Rows: 3
0.000    0.000    0.200    0.000    0.000    0.000    0.000    0.000    0.000    0.000    0.000    0.000    0.000    0.000    0.000    0.000    0.000    0.000    0.000    0.000    0.800    
Total frac: 1.000

Sketch (3) (cm: eps0: 0.00625, del0: 0.05, min_mem: 1.69921875)
Par: 1, Rows: 3
0.000    0.000    0.000    0.200    0.000    0.000    0.000    0.000    0.000    0.000    0.000    0.000    0.000    0.000    0.000    0.000    0.000    0.000    0.000    0.000    0.800    
Total frac: 1.000

Sketch (4) (cm: eps0: 0.00625, del0: 0.05, min_mem: 1.69921875)
Par: 1, Rows: 3
0.000    0.000    0.000    0.000    0.200    0.000    0.000    0.000    0.000    0.000    0.000    0.000    0.000    0.000    0.000    0.000    0.000    0.000    0.000    0.000    0.800    
Total frac: 1.000

Sketch (5) (cm: eps0: 0.00625, del0: 0.05, min_mem: 1.69921875)
Par: 1, Rows: 3
0.000    0.000    0.000    0.000    0.000    0.200    0.000    0.000    0.000    0.000    0.000    0.000    0.000    0.000    0.000    0.000    0.000    0.000    0.000    0.000    0.800    
Total frac: 1.000

Sketch (6) (cm: eps0: 0.00625, del0: 0.05, min_mem: 1.69921875)
Par: 1, Rows: 3
0.000    0.000    0.000    0.000    0.000    0.000    0.200    0.000    0.000    0.000    0.000    0.000    0.000    0.000    0.000    0.000    0.000    0.000    0.000    0.000    0.800    
Total frac: 1.000

Sketch (7) (cm: eps0: 0.00625, del0: 0.05, min_mem: 1.69921875)
Par: 1, Rows: 3
0.000    0.000    0.000    0.000    0.000    0.000    0.000    0.200    0.000    0.000    0.000    0.000    0.000    0.000    0.000    0.000    0.000    0.000    0.000    0.000    0.800    
Total frac: 1.000

Sketch (8) (cm: eps0: 0.00625, del0: 0.05, min_mem: 1.69921875)
Par: 1, Rows: 3
0.000    0.000    0.000    0.000    0.000    0.000    0.000    0.000    0.200    0.000    0.000    0.000    0.000    0.000    0.000    0.000    0.000    0.000    0.000    0.000    0.800    
Total frac: 1.000

Sketch (9) (cm: eps0: 0.00625, del0: 0.05, min_mem: 1.69921875)
Par: 1, Rows: 3
0.000    0.000    0.000    0.000    0.000    0.000    0.000    0.000    0.000    0.200    0.000    0.000    0.000    0.000    0.000    0.000    0.000    0.000    0.000    0.000    0.800    
Total frac: 1.000

Sketch (10) (cm: eps0: 0.00625, del0: 0.05, min_mem: 1.69921875)
Par: 1, Rows: 3
0.000    0.000    0.000    0.000    0.000    0.000    0.000    0.000    0.000    0.000    0.200    0.000    0.000    0.000    0.000    0.000    0.000    0.000    0.000    0.000    0.800    
Total frac: 1.000

Sketch (11) (cm: eps0: 0.00625, del0: 0.05, min_mem: 1.69921875)
Par: 1, Rows: 3
0.000    0.000    0.000    0.000    0.000    0.000    0.000    0.000    0.000    0.000    0.000    0.200    0.000    0.000    0.000    0.000    0.000    0.000    0.000    0.000    0.800    
Total frac: 1.000

Sketch (12) (cm: eps0: 0.00625, del0: 0.05, min_mem: 1.69921875)
Par: 1, Rows: 3
0.000    0.000    0.000    0.000    0.000    0.000    0.000    0.000    0.000    0.000    0.000    0.000    0.200    0.000    0.000    0.000    0.000    0.000    0.000    0.000    0.800    
Total frac: 1.000

Sketch (13) (cm: eps0: 0.00625, del0: 0.05, min_mem: 1.69921875)
Par: 1, Rows: 3
0.000    0.000    0.000    0.000    0.000    0.000    0.000    0.000    0.000    0.000    0.000    0.000    0.000    0.200    0.000    0.000    0.000    0.000    0.000    0.000    0.800    
Total frac: 1.000

Sketch (14) (cm: eps0: 0.00625, del0: 0.05, min_mem: 1.69921875)
Par: 1, Rows: 3
0.000    0.000    0.000    0.000    0.000    0.000    0.000    0.000    0.000    0.000    0.000    0.000    0.000    0.000    0.200    0.000    0.000    0.000    0.000    0.000    0.800    
Total frac: 1.000

Sketch (15) (cm: eps0: 0.00625, del0: 0.05, min_mem: 1.69921875)
Par: 1, Rows: 3
0.000    0.000    0.000    0.000    0.000    0.000    0.000    0.000    0.000    0.000    0.000    0.000    0.000    0.000    0.000    0.200    0.000    0.000    0.000    0.000    0.800    
Total frac: 1.000

Sketch (16) (cm: eps0: 0.00625, del0: 0.05, min_mem: 1.69921875)
Par: 1, Rows: 3
0.000    0.000    0.000    0.000    0.000    0.000    0.000    0.000    0.000    0.000    0.000    0.000    0.000    0.000    0.000    0.000    0.200    0.000    0.000    0.000    0.800    
Total frac: 1.000

Sketch (17) (cm: eps0: 0.00625, del0: 0.05, min_mem: 1.69921875)
Par: 1, Rows: 3
0.000    0.000    0.000    0.000    0.000    0.000    0.000    0.000    0.000    0.000    0.000    0.000    0.000    0.000    0.000    0.000    0.000    0.200    0.000    0.000    0.800    
Total frac: 1.000

Sketch (18) (cm: eps0: 0.00625, del0: 0.05, min_mem: 1.69921875)
Par: 1, Rows: 3
0.000    0.000    0.000    0.000    0.000    0.000    0.000    0.000    0.000    0.000    0.000    0.000    0.000    0.000    0.000    0.000    0.000    0.000    0.200    0.000    0.800    
Total frac: 1.000

Sketch (19) (cm: eps0: 0.00625, del0: 0.05, min_mem: 1.69921875)
Par: 1, Rows: 3
-0.000    0.000    0.000    0.000    0.000    0.000    0.000    0.000    0.000    0.000    0.000    0.000    0.000    0.000    0.000    0.000    0.000    0.000    0.000    0.200    0.800    
Total frac: 1.000

Device (0) cpu_0:
Rows total: 0.600060029425255
Mem total: 1.019633253124945

Device (1) cpu_1:
Rows total: 0.600060029425255
Mem total: 1.019633253124945

Device (2) cpu_2:
Rows total: 0.600060029425255
Mem total: 1.019633253124945

Device (3) cpu_3:
Rows total: 0.600060029425255
Mem total: 1.019633253124945

Device (4) cpu_4:
Rows total: 0.600060029425255
Mem total: 1.019633253124945

Device (5) cpu_5:
Rows total: 0.600060029425255
Mem total: 1.019633253124945

Device (6) cpu_6:
Rows total: 0.600060029425255
Mem total: 1.019633253124945

Device (7) cpu_7:
Rows total: 0.600060029425255
Mem total: 1.019633253124945

Device (8) cpu_8:
Rows total: 0.600060029425255
Mem total: 1.019633253124945

Device (9) cpu_9:
Rows total: 0.600060029425255
Mem total: 1.0196325539050948

Device (10) cpu_10:
Rows total: 0.600060029425255
Mem total: 1.019633253124945

Device (11) cpu_11:
Rows total: 0.600060029425255
Mem total: 1.019633253124945

Device (12) cpu_12:
Rows total: 0.600060029425255
Mem total: 1.019633253124945

Device (13) cpu_13:
Rows total: 0.600060029425255
Mem total: 1.019633253124945

Device (14) cpu_14:
Rows total: 0.600060029425255
Mem total: 1.019633253124945

Device (15) cpu_15:
Rows total: 0.600060029425255
Mem total: 1.019633253124945

Device (16) cpu_16:
Rows total: 0.600060029425255
Mem total: 1.019633253124945

Device (17) cpu_17:
Rows total: 0.600060029425255
Mem total: 1.019633253124945

Device (18) cpu_18:
Rows total: 0.6000604409201554
Mem total: 1.0196339523447953

Device (19) cpu_19:
Rows total: 0.600060029425255
Mem total: 1.019633253124945

Device (20) p4_1:
Rows total: 47.998799000000005
Mem total: 81.56045923828115
--------------------------------------------------
Changed value of parameter NonConvex to 2
   Prev: -1  Min: -1  Max: 2  Default: -1
Changed value of parameter NonConvex to 2
   Prev: -1  Min: -1  Max: 2  Default: -1
Changed value of parameter NonConvex to 2
   Prev: -1  Min: -1  Max: 2  Default: -1
Changed value of parameter NonConvex to 2
   Prev: -1  Min: -1  Max: 2  Default: -1
Changed value of parameter NonConvex to 2
   Prev: -1  Min: -1  Max: 2  Default: -1
Changed value of parameter NonConvex to 2
   Prev: -1  Min: -1  Max: 2  Default: -1
Changed value of parameter NonConvex to 2
   Prev: -1  Min: -1  Max: 2  Default: -1
Changed value of parameter NonConvex to 2
   Prev: -1  Min: -1  Max: 2  Default: -1
Changed value of parameter NonConvex to 2
   Prev: -1  Min: -1  Max: 2  Default: -1
Changed value of parameter NonConvex to 2
   Prev: -1  Min: -1  Max: 2  Default: -1
Changed value of parameter NonConvex to 2
   Prev: -1  Min: -1  Max: 2  Default: -1
Changed value of parameter NonConvex to 2
   Prev: -1  Min: -1  Max: 2  Default: -1
Changed value of parameter NonConvex to 2
   Prev: -1  Min: -1  Max: 2  Default: -1
Changed value of parameter NonConvex to 2
   Prev: -1  Min: -1  Max: 2  Default: -1
Changed value of parameter NonConvex to 2
   Prev: -1  Min: -1  Max: 2  Default: -1
Changed value of parameter NonConvex to 2
   Prev: -1  Min: -1  Max: 2  Default: -1
Changed value of parameter NonConvex to 2
   Prev: -1  Min: -1  Max: 2  Default: -1
Changed value of parameter NonConvex to 2
   Prev: -1  Min: -1  Max: 2  Default: -1
Changed value of parameter NonConvex to 2
   Prev: -1  Min: -1  Max: 2  Default: -1
Changed value of parameter NonConvex to 2
   Prev: -1  Min: -1  Max: 2  Default: -1

Throughput: 93.33333333333333 Mpps, ns per packet: 10.714285714285715
Resources: 1413.701365323127

Sketch (0) (cm: eps0: 0.00625, del0: 0.05, min_mem: 1.69921875)
Par: 1, Rows: 3
0.200    0.200    0.000    0.000    0.000    0.000    0.000    0.000    0.000    0.000    0.000    0.000    0.000    0.000    0.000    0.000    0.000    0.000    0.000    0.000    0.600    
Total frac: 1.000

Sketch (1) (cm: eps0: 0.00625, del0: 0.05, min_mem: 1.69921875)
Par: 1, Rows: 3
0.000    0.000    0.000    0.000    0.000    0.000    0.000    0.000    0.000    0.000    0.000    0.000    0.000    0.000    0.000    0.000    0.000    0.000    0.000    0.000    1.000    
Total frac: 1.000

Sketch (2) (cm: eps0: 0.00625, del0: 0.05, min_mem: 1.69921875)
Par: 1, Rows: 3
0.000    0.000    0.200    0.000    0.000    0.000    0.000    0.000    0.000    0.000    0.000    0.000    0.000    0.000    0.000    0.000    0.000    0.000    0.000    0.000    0.800    
Total frac: 1.000

Sketch (3) (cm: eps0: 0.00625, del0: 0.05, min_mem: 1.69921875)
Par: 1, Rows: 3
0.000    0.000    0.000    0.200    0.000    0.000    0.000    0.000    0.000    0.000    0.000    0.000    0.000    0.000    0.000    0.000    0.000    0.000    0.000    0.000    0.800    
Total frac: 1.000

Sketch (4) (cm: eps0: 0.00625, del0: 0.05, min_mem: 1.69921875)
Par: 1, Rows: 3
0.000    0.000    0.000    0.000    0.200    0.000    0.000    0.000    0.000    0.000    0.000    0.000    0.000    0.000    0.000    0.000    0.000    0.000    0.000    0.000    0.800    
Total frac: 1.000

Sketch (5) (cm: eps0: 0.00625, del0: 0.05, min_mem: 1.69921875)
Par: 1, Rows: 3
0.000    0.000    0.000    0.000    0.000    0.200    0.000    0.000    0.000    0.000    0.000    0.000    0.000    0.000    0.000    0.000    0.000    0.000    0.000    0.000    0.800    
Total frac: 1.000

Sketch (6) (cm: eps0: 0.00625, del0: 0.05, min_mem: 1.69921875)
Par: 1, Rows: 3
0.000    0.000    0.000    0.000    0.000    0.000    0.200    0.000    0.000    0.000    0.000    0.000    0.000    0.000    0.000    0.000    0.000    0.000    0.000    0.000    0.800    
Total frac: 1.000

Sketch (7) (cm: eps0: 0.00625, del0: 0.05, min_mem: 1.69921875)
Par: 1, Rows: 3
0.000    0.000    0.000    0.000    0.000    0.000    0.000    0.200    0.000    0.000    0.000    0.000    0.000    0.000    0.000    0.000    0.000    0.000    0.000    0.000    0.800    
Total frac: 1.000

Sketch (8) (cm: eps0: 0.00625, del0: 0.05, min_mem: 1.69921875)
Par: 1, Rows: 3
0.000    0.000    0.000    0.000    0.000    0.000    0.000    0.000    0.200    0.000    0.000    0.000    0.000    0.000    0.000    0.000    0.000    0.000    0.000    0.000    0.800    
Total frac: 1.000

Sketch (9) (cm: eps0: 0.00625, del0: 0.05, min_mem: 1.69921875)
Par: 1, Rows: 3
0.000    0.000    0.000    0.000    0.000    0.000    0.000    0.000    0.000    0.200    0.000    0.000    0.000    0.000    0.000    0.000    0.000    0.000    0.000    0.000    0.800    
Total frac: 1.000

Sketch (10) (cm: eps0: 0.00625, del0: 0.05, min_mem: 1.69921875)
Par: 1, Rows: 3
0.000    0.000    0.000    0.000    0.000    0.000    0.000    0.000    0.000    0.000    0.200    0.000    0.000    0.000    0.000    0.000    0.000    0.000    0.000    0.000    0.800    
Total frac: 1.000

Sketch (11) (cm: eps0: 0.00625, del0: 0.05, min_mem: 1.69921875)
Par: 1, Rows: 3
0.000    0.000    0.000    0.000    0.000    0.000    0.000    0.000    0.000    0.000    0.000    0.200    0.000    0.000    0.000    0.000    0.000    0.000    0.000    0.000    0.800    
Total frac: 1.000

Sketch (12) (cm: eps0: 0.00625, del0: 0.05, min_mem: 1.69921875)
Par: 1, Rows: 3
0.000    0.000    0.000    0.000    0.000    0.000    0.000    0.000    0.000    0.000    0.000    0.000    0.200    0.000    0.000    0.000    0.000    0.000    0.000    0.000    0.800    
Total frac: 1.000

Sketch (13) (cm: eps0: 0.00625, del0: 0.05, min_mem: 1.69921875)
Par: 1, Rows: 3
0.000    0.000    0.000    0.000    0.000    0.000    0.000    0.000    0.000    0.000    0.000    0.000    0.000    0.200    0.000    0.000    0.000    0.000    0.000    0.000    0.800    
Total frac: 1.000

Sketch (14) (cm: eps0: 0.00625, del0: 0.05, min_mem: 1.69921875)
Par: 1, Rows: 3
0.000    0.000    0.000    0.000    0.000    0.000    0.000    0.000    0.000    0.000    0.000    0.000    0.000    0.000    0.200    0.000    0.000    0.000    0.000    0.000    0.800    
Total frac: 1.000

Sketch (15) (cm: eps0: 0.00625, del0: 0.05, min_mem: 1.69921875)
Par: 1, Rows: 3
0.000    0.000    0.000    0.000    0.000    0.000    0.000    0.000    0.000    0.000    0.000    0.000    0.000    0.000    0.000    0.200    0.000    0.000    0.000    0.000    0.800    
Total frac: 1.000

Sketch (16) (cm: eps0: 0.00625, del0: 0.05, min_mem: 1.69921875)
Par: 1, Rows: 3
0.000    0.000    0.000    0.000    0.000    0.000    0.000    0.000    0.000    0.000    0.000    0.000    0.000    0.000    0.000    0.000    0.200    0.000    0.000    0.000    0.800    
Total frac: 1.000

Sketch (17) (cm: eps0: 0.00625, del0: 0.05, min_mem: 1.69921875)
Par: 1, Rows: 3
0.000    0.000    0.000    0.000    0.000    0.000    0.000    0.000    0.000    0.000    0.000    0.000    0.000    0.000    0.000    0.000    0.000    0.200    0.000    0.000    0.800    
Total frac: 1.000

Sketch (18) (cm: eps0: 0.00625, del0: 0.05, min_mem: 1.69921875)
Par: 1, Rows: 3
0.000    0.000    0.000    0.000    0.000    0.000    0.000    0.000    0.000    0.000    0.000    0.000    0.000    0.000    0.000    0.000    0.000    0.000    0.200    0.000    0.800    
Total frac: 1.000

Sketch (19) (cm: eps0: 0.00625, del0: 0.05, min_mem: 1.69921875)
Par: 1, Rows: 3
-0.000    0.000    0.000    0.000    0.000    0.000    0.000    0.000    0.000    0.000    0.000    0.000    0.000    0.000    0.000    0.000    0.000    0.000    0.000    0.200    0.800    
Total frac: 1.000

Device (0) cpu_0:
cores_sketch: 1.0, cores_dpdk: 5.999999999999998
Rows total: 0.600060029425255
Mem total: 1.019633253124945
Throughput: 93.33333333333333

Device (1) cpu_1:
cores_sketch: 1.0, cores_dpdk: 5.999999999999998
Rows total: 0.600060029425255
Mem total: 1.019633253124945
Throughput: 93.33333333333333

Device (2) cpu_2:
cores_sketch: 1.0, cores_dpdk: 5.999999999999998
Rows total: 0.600060029425255
Mem total: 1.019633253124945
Throughput: 93.33333333333333

Device (3) cpu_3:
cores_sketch: 1.0, cores_dpdk: 5.999999999999998
Rows total: 0.600060029425255
Mem total: 1.019633253124945
Throughput: 93.33333333333333

Device (4) cpu_4:
cores_sketch: 1.0, cores_dpdk: 5.999999999999998
Rows total: 0.600060029425255
Mem total: 1.019633253124945
Throughput: 93.33333333333333

Device (5) cpu_5:
cores_sketch: 1.0, cores_dpdk: 5.999999999999998
Rows total: 0.600060029425255
Mem total: 1.019633253124945
Throughput: 93.33333333333333

Device (6) cpu_6:
cores_sketch: 1.0, cores_dpdk: 5.999999999999998
Rows total: 0.600060029425255
Mem total: 1.019633253124945
Throughput: 93.33333333333333

Device (7) cpu_7:
cores_sketch: 1.0, cores_dpdk: 5.999999999999998
Rows total: 0.600060029425255
Mem total: 1.019633253124945
Throughput: 93.33333333333333

Device (8) cpu_8:
cores_sketch: 1.0, cores_dpdk: 5.999999999999998
Rows total: 0.600060029425255
Mem total: 1.019633253124945
Throughput: 93.33333333333333

Device (9) cpu_9:
cores_sketch: 1.0, cores_dpdk: 5.999999999999998
Rows total: 0.600060029425255
Mem total: 1.0196325539050948
Throughput: 93.33333333333333

Device (10) cpu_10:
cores_sketch: 1.0, cores_dpdk: 5.999999999999998
Rows total: 0.600060029425255
Mem total: 1.019633253124945
Throughput: 93.33333333333333

Device (11) cpu_11:
cores_sketch: 1.0, cores_dpdk: 5.999999999999998
Rows total: 0.600060029425255
Mem total: 1.019633253124945
Throughput: 93.33333333333333

Device (12) cpu_12:
cores_sketch: 1.0, cores_dpdk: 5.999999999999998
Rows total: 0.600060029425255
Mem total: 1.019633253124945
Throughput: 93.33333333333333

Device (13) cpu_13:
cores_sketch: 1.0, cores_dpdk: 5.999999999999998
Rows total: 0.600060029425255
Mem total: 1.019633253124945
Throughput: 93.33333333333333

Device (14) cpu_14:
cores_sketch: 1.0, cores_dpdk: 5.999999999999998
Rows total: 0.600060029425255
Mem total: 1.019633253124945
Throughput: 93.33333333333333

Device (15) cpu_15:
cores_sketch: 1.0, cores_dpdk: 5.999999999999998
Rows total: 0.600060029425255
Mem total: 1.019633253124945
Throughput: 93.33333333333333

Device (16) cpu_16:
cores_sketch: 1.0, cores_dpdk: 5.999999999999998
Rows total: 0.600060029425255
Mem total: 1.019633253124945
Throughput: 93.33333333333333

Device (17) cpu_17:
cores_sketch: 1.0, cores_dpdk: 5.999999999999998
Rows total: 0.600060029425255
Mem total: 1.019633253124945
Throughput: 93.33333333333333

Device (18) cpu_18:
cores_sketch: 1.0, cores_dpdk: 5.999999999999998
Rows total: 0.6000604409201554
Mem total: 1.0196339523447953
Throughput: 93.33333333333333

Device (19) cpu_19:
cores_sketch: 1.0, cores_dpdk: 5.999999999999998
Rows total: 0.600060029425255
Mem total: 1.019633253124945
Throughput: 93.33333333333333

Device (20) p4_1:
Rows total: 47.998799000000005
Mem total: 81.56045923828115
Throughput: 148.0
--------------------------------------------------
