Using license file /home/anupa/gurobi.lic
Academic license - for non-commercial use only

Gurobi Optimizer version 9.0.0 build v9.0.0rc2 (linux64)
Optimize a model with 17 rows, 22 columns and 42 nonzeros
Model fingerprint: 0x4a51c6a4
Model has 4 general constraints
Variable types: 22 continuous, 0 integer (0 binary)
Coefficient statistics:
  Matrix range     [1e+00, 5e+03]
  Objective range  [1e+00, 1e+00]
  Bounds range     [1e+00, 3e+04]
  RHS range        [1e+00, 5e+01]

---------------------------------------------------------------------------
Multi-objectives: starting optimization with 8 objectives ... 
---------------------------------------------------------------------------

Multi-objectives: applying initial presolve ...
---------------------------------------------------------------------------

Presolve removed 8 rows and 10 columns
Presolve time: 0.00s
Presolved: 9 rows and 12 columns
---------------------------------------------------------------------------

Multi-objectives: optimize objective 1 (tot_rows_cpu) ...
---------------------------------------------------------------------------

Presolve removed 9 rows and 12 columns
Presolve time: 0.00s
Presolve: All rows and columns removed
Iteration    Objective       Primal Inf.    Dual Inf.      Time
       0    2.7209732e+00   0.000000e+00   0.000000e+00      0s

Solved in 0 iterations and 0.00 seconds
Optimal objective  2.720973223e+00
---------------------------------------------------------------------------

Multi-objectives: optimize objective 2 (cpu_rows_load) ...
---------------------------------------------------------------------------

Presolve removed 8 rows and 10 columns
Presolve time: 0.00s
Presolved: 2 rows, 2 columns, 4 nonzeros

Iteration    Objective       Primal Inf.    Dual Inf.      Time
       0    2.6852772e+00   9.475800e-01   0.000000e+00      0s
       1    2.7209732e+00   0.000000e+00   0.000000e+00      0s

Solved in 1 iterations and 0.00 seconds
Optimal objective  2.720973223e+00
---------------------------------------------------------------------------

Multi-objectives: optimize objective 3 (tot_rows_p4) ...
---------------------------------------------------------------------------

Presolve removed 6 rows and 7 columns
Presolve time: 0.00s
Presolved: 5 rows, 5 columns, 13 nonzeros

Iteration    Objective       Primal Inf.    Dual Inf.      Time
       0    6.2787537e+00   6.310878e+00   0.000000e+00      0s
       2    6.2787537e+00   0.000000e+00   0.000000e+00      0s

Solved in 2 iterations and 0.00 seconds
Optimal objective  6.278753680e+00
---------------------------------------------------------------------------

Multi-objectives: optimize objective 4 (p4_rows_load) ...
---------------------------------------------------------------------------

Presolve removed 7 rows and 7 columns
Presolve time: 0.00s
Presolved: 5 rows, 6 columns, 14 nonzeros

Iteration    Objective       Primal Inf.    Dual Inf.      Time
       0    6.1430289e+00   1.357248e-01   0.000000e+00      0s
       2    6.2787537e+00   0.000000e+00   0.000000e+00      0s

Solved in 2 iterations and 0.00 seconds
Optimal objective  6.278753680e+00
---------------------------------------------------------------------------

Multi-objectives: optimize objective 5 (tot_mem_cpu) ...
---------------------------------------------------------------------------

Presolve removed 8 rows and 6 columns
Presolve time: 0.00s
Presolved: 5 rows, 7 columns, 15 nonzeros

Iteration    Objective       Primal Inf.    Dual Inf.      Time
       0    4.5207891e+03   1.858194e+00   0.000000e+00      0s
       4    4.6227422e+03   0.000000e+00   0.000000e+00      0s

Solved in 4 iterations and 0.00 seconds
Optimal objective  4.622742187e+03
---------------------------------------------------------------------------

Multi-objectives: optimize objective 6 (cpu_load_mem) ...
---------------------------------------------------------------------------

Presolve removed 10 rows and 7 columns
Presolve time: 0.00s
Presolved: 4 rows, 6 columns, 13 nonzeros

Iteration    Objective       Primal Inf.    Dual Inf.      Time
       0    4.5207891e+03   1.858183e+00   0.000000e+00      0s
       4    4.6227422e+03   0.000000e+00   0.000000e+00      0s

Solved in 4 iterations and 0.00 seconds
Optimal objective  4.622742187e+03
---------------------------------------------------------------------------

Multi-objectives: optimize objective 7 (tot_mem_p4) ...
---------------------------------------------------------------------------

Presolve removed 11 rows and 7 columns
Presolve time: 0.00s
Presolved: 4 rows, 6 columns, 13 nonzeros

Iteration    Objective       Primal Inf.    Dual Inf.      Time
       0   -1.0000000e-03   2.372086e+01   0.000000e+00      0s
       3    5.7553772e+02   0.000000e+00   0.000000e+00      0s

Solved in 3 iterations and 0.00 seconds
Optimal objective  5.755377248e+02
---------------------------------------------------------------------------

Multi-objectives: optimize objective 8 (p4_load_mem) ...
---------------------------------------------------------------------------

Presolve removed 12 rows and 7 columns
Presolve time: 0.00s
Presolved: 4 rows, 6 columns, 13 nonzeros

Iteration    Objective       Primal Inf.    Dual Inf.      Time
       0   -1.0000000e-03   2.372086e+01   0.000000e+00      0s
       3    5.7553772e+02   0.000000e+00   0.000000e+00      0s

Solved in 3 iterations and 0.00 seconds
Optimal objective  5.755377248e+02

---------------------------------------------------------------------------
Multi-objectives: solved in 0.00 seconds, solution count 4

--------------------------------------------------
Model update took: 3.7670135498046875e-05 seconds
Model optimize took: 0.0018267631530761719 seconds
--------------------------------------------------

Solution quality statistics for model netmon :
  Maximum violation:
    Bound       : 0.00000000e+00
    Constraint  : 1.11022302e-16 (cov_0_0)
    Integrality : 0.00000000e+00

Sketch (0) (cm: eps0: 6.25e-06, del0: 0.05, min_mem: 1698.9296875)
Par: 1, Rows: 3
0.907    0.093    
Total frac: 1.000

Sketch (1) (cm: eps0: 0.000625, del0: 0.05, min_mem: 16.9921875)
Par: 1, Rows: 3
0.000    1.000    
Total frac: 1.000

Sketch (2) (cm: eps0: 0.000625, del0: 0.05, min_mem: 16.9921875)
Par: 1, Rows: 3
0.000    1.000    
Total frac: 1.000

Device (0) cpu_1:
Rows total: 2.721245320941953
Mem total: 4623.20446271875

Device (1) p4_1:
Rows total: 6.278754679058046
Mem total: 575.53772478125
--------------------------------------------------
Changed value of parameter NonConvex to 2
   Prev: -1  Min: -1  Max: 2  Default: -1

Throughput: 80.0000000000006 Mpps, ns per packet: 12.499999999999906
Resources: 74.12441394955674

Sketch (0) (cm: eps0: 6.25e-06, del0: 0.05, min_mem: 1698.9296875)
Par: 1, Rows: 3
0.907    0.093    
Total frac: 1.000

Sketch (1) (cm: eps0: 0.000625, del0: 0.05, min_mem: 16.9921875)
Par: 1, Rows: 3
0.000    1.000    
Total frac: 1.000

Sketch (2) (cm: eps0: 0.000625, del0: 0.05, min_mem: 16.9921875)
Par: 1, Rows: 3
0.000    1.000    
Total frac: 1.000

Device (0) cpu_1:
cores_sketch: 2.0000000000000004, cores_dpdk: 4.000000000000072
Rows total: 2.721245320941953
Mem total: 4623.20446271875
Throughput: 80.0000000000006

Device (1) p4_1:
Rows total: 6.278754679058046
Mem total: 575.53772478125
Throughput: 148.0
--------------------------------------------------
