Using license file /home/anupa/gurobi.lic
Academic license - for non-commercial use only
Changed value of parameter NonConvex to 2
   Prev: -1  Min: -1  Max: 2  Default: -1
Parameter NonConvex unchanged
   Value: 2  Min: -1  Max: 2  Default: -1
Parameter NonConvex unchanged
   Value: 2  Min: -1  Max: 2  Default: -1
Parameter NonConvex unchanged
   Value: 2  Min: -1  Max: 2  Default: -1
Parameter NonConvex unchanged
   Value: 2  Min: -1  Max: 2  Default: -1
Parameter NonConvex unchanged
   Value: 2  Min: -1  Max: 2  Default: -1
Parameter NonConvex unchanged
   Value: 2  Min: -1  Max: 2  Default: -1
Parameter NonConvex unchanged
   Value: 2  Min: -1  Max: 2  Default: -1
Changed value of parameter TimeLimit to 120.0
   Prev: inf  Min: 0.0  Max: inf  Default: inf

Gurobi Optimizer version 9.0.0 build v9.0.0rc2 (linux64)
Optimize a model with 1685 rows, 2519 columns and 7299 nonzeros
Model fingerprint: 0x846185ae
Model has 24 quadratic constraints
Model has 17 general constraints
Variable types: 2503 continuous, 16 integer (0 binary)
Coefficient statistics:
  Matrix range     [1e-04, 1e+01]
  QMatrix range    [1e+00, 1e+00]
  QLMatrix range   [1e+00, 1e+00]
  Objective range  [1e+00, 1e+00]
  Bounds range     [1e+00, 3e+04]
  RHS range        [7e-01, 5e+01]

---------------------------------------------------------------------------
Multi-objectives: starting optimization with 2 objectives ... 
---------------------------------------------------------------------------

Multi-objectives: applying initial presolve ...
---------------------------------------------------------------------------

Presolve added 24 rows and 98 columns
Presolve time: 0.00s
Presolved: 1805 rows and 2618 columns
---------------------------------------------------------------------------

Multi-objectives: optimize objective 1 (ns) ...
---------------------------------------------------------------------------

Presolve removed 1225 rows and 1449 columns
Presolve time: 0.01s
Presolved: 676 rows, 1170 columns, 3916 nonzeros
Presolved model has 24 SOS constraint(s)
Presolved model has 24 bilinear constraint(s)
Variable types: 1090 continuous, 80 integer (64 binary)

Root relaxation: objective 1.020408e+01, 585 iterations, 0.00 seconds

    Nodes    |    Current Node    |     Objective Bounds      |     Work
 Expl Unexpl |  Obj  Depth IntInf | Incumbent    BestBd   Gap | It/Node Time

     0     0   10.20408    0    8          -   10.20408      -     -    0s
     0     0   10.20408    0   10          -   10.20408      -     -    0s
     0     0   10.20408    0   11          -   10.20408      -     -    0s
     0     0   10.20408    0   11          -   10.20408      -     -    0s
     0     0   10.20408    0    8          -   10.20408      -     -    0s
     0     0   10.20408    0    8          -   10.20408      -     -    0s
     0     0   10.20408    0    7          -   10.20408      -     -    0s
     0     0   10.20408    0    7          -   10.20408      -     -    0s
     0     2   10.20408    0    7          -   10.20408      -     -    0s
*  305   442              55      13.5223305   10.20408  24.5%  15.4    0s
*  567   402              63      12.5000000   10.20408  18.4%  12.8    0s
*  834   357              52      11.4285714   10.20408  10.7%  11.9    0s
* 1488   397              49      10.7142857   10.20408  4.76%  16.7    0s

Cutting planes:
  Implied bound: 14
  MIR: 8
  Flow cover: 1
  RLT: 6
  Relax-and-lift: 1

Explored 1911 nodes (38172 simplex iterations) in 0.41 seconds
Thread count was 12 (of 12 available processors)

Solution count 4: 10.7143 11.4286 12.5 13.5223 

Optimal solution found (tolerance 1.00e-04)
Best objective 1.071428571429e+01, best bound 1.071428571429e+01, gap 0.0000%
---------------------------------------------------------------------------

Multi-objectives: optimize objective 2 (res) ...
---------------------------------------------------------------------------


Loaded user MIP start with objective 718.183

Presolve removed 1226 rows and 1450 columns
Presolve time: 0.01s
Presolved: 676 rows, 1176 columns, 3979 nonzeros
Presolved model has 16 bilinear constraint(s)
Found heuristic solution: objective 646.0770687
Variable types: 1104 continuous, 72 integer (64 binary)

Root relaxation: objective 6.104267e+02, 804 iterations, 0.01 seconds

    Nodes    |    Current Node    |     Objective Bounds      |     Work
 Expl Unexpl |  Obj  Depth IntInf | Incumbent    BestBd   Gap | It/Node Time

     0     0  610.42671    0   14  646.07707  610.42671  5.52%     -    0s
     0     0  610.42671    0   28  646.07707  610.42671  5.52%     -    0s
H    0     0                     646.0105798  610.42671  5.51%     -    0s
     0     0  610.42671    0   12  646.01058  610.42671  5.51%     -    0s
     0     0  610.42671    0   22  646.01058  610.42671  5.51%     -    0s
     0     0  610.42866    0   20  646.01058  610.42866  5.51%     -    0s
     0     0  610.43183    0   28  646.01058  610.43183  5.51%     -    0s
     0     0  610.43429    0   29  646.01058  610.43429  5.51%     -    0s
     0     0  610.43651    0   33  646.01058  610.43651  5.51%     -    0s
     0     0  610.44418    0   26  646.01058  610.44418  5.51%     -    0s
     0     0  610.48046    0   30  646.01058  610.48046  5.50%     -    0s
     0     0  610.66527    0   32  646.01058  610.66527  5.47%     -    0s
     0     0  610.78401    0   38  646.01058  610.78401  5.45%     -    0s
     0     0  611.02109    0   31  646.01058  611.02109  5.42%     -    0s
     0     0  611.06901    0   31  646.01058  611.06901  5.41%     -    0s
     0     0  611.08088    0   36  646.01058  611.08088  5.41%     -    0s
     0     0  611.08110    0   36  646.01058  611.08110  5.41%     -    0s
     0     0  611.10101    0   35  646.01058  611.10101  5.40%     -    0s
     0     0  611.10101    0   35  646.01058  611.10101  5.40%     -    0s
     0     0  611.10381    0   35  646.01058  611.10381  5.40%     -    0s
     0     0  611.10416    0   35  646.01058  611.10416  5.40%     -    0s
     0     0  611.10546    0   35  646.01058  611.10546  5.40%     -    0s
     0     0  611.10546    0   32  646.01058  611.10546  5.40%     -    0s
     0     2  611.10546    0   31  646.01058  611.10546  5.40%     -    0s
H  127    69                     615.8786763  611.35220  0.73%  11.7    0s
*  174    63              19     615.8757451  611.35220  0.73%  10.8    0s

Cutting planes:
  Gomory: 2
  Cover: 6
  Implied bound: 16
  MIR: 27
  Flow cover: 49
  Inf proof: 2
  RLT: 23
  Relax-and-lift: 6

Explored 925 nodes (7016 simplex iterations) in 0.77 seconds
Thread count was 12 (of 12 available processors)

Solution count 5: 615.876 615.879 646.011 ... 718.183

Optimal solution found (tolerance 1.00e-04)
Best objective 6.158757451299e+02, best bound 6.158755267332e+02, gap 0.0000%

---------------------------------------------------------------------------
Multi-objectives: solved in 0.77 seconds, solution count 8

--------------------------------------------------
Model update took: 6.198883056640625e-05 seconds
Model optimize took: 0.7725801467895508 seconds
--------------------------------------------------

Solution quality statistics for model netmon :
  Maximum violation:
    Bound       : 7.10542736e-15 (mem[12,1])
    Constraint  : 7.10542736e-15 (accuracy_1_sk_1[12])
    Integrality : 0.00000000e+00

Throughput: 88.8800008888 Mpps, ns per packet: 11.251125000000002
Resources: 615.8757451298736

Sketch (0) (cm: eps0: 0.00625, del0: 0.05, min_mem: 1.69921875)
Par: 1, Rows: 3
0.000    0.000    0.000    0.000    0.000    0.000    0.000    0.000    0.000    0.000    0.000    0.000    1.000    0.000    0.000    
Total frac: 1.000

Sketch (1) (cm: eps0: 0.00625, del0: 0.05, min_mem: 1.69921875)
Par: 1, Rows: 3
0.000    0.000    0.000    0.000    0.000    0.000    0.000    0.000    0.000    0.900    0.765    0.135    0.000    0.000    0.000    
Total frac: 1.800

Sketch (2) (cm: eps0: 0.00625, del0: 0.05, min_mem: 1.69921875)
Par: 1, Rows: 3
0.000    0.000    0.000    0.000    0.000    0.000    0.000    0.000    0.000    0.000    0.000    0.000    0.000    0.000    0.900    
Total frac: 0.900

Sketch (3) (cm: eps0: 0.00625, del0: 0.05, min_mem: 1.69921875)
Par: 1, Rows: 3
0.000    0.000    0.000    0.000    0.000    0.000    0.418    0.000    0.000    0.000    0.000    0.482    0.000    0.000    0.000    
Total frac: 0.900

Sketch (4) (cm: eps0: 0.00625, del0: 0.05, min_mem: 1.69921875)
Par: 1, Rows: 3
0.000    0.000    0.000    0.000    0.000    0.100    0.000    0.000    0.000    0.900    0.000    0.000    0.000    0.800    0.000    
Total frac: 1.800

Sketch (5) (cm: eps0: 0.00625, del0: 0.05, min_mem: 1.69921875)
Par: 1, Rows: 3
0.000    0.000    0.000    0.000    0.000    0.000    0.000    0.000    1.000    0.000    0.000    0.000    0.000    0.000    0.000    
Total frac: 1.000

Sketch (6) (cm: eps0: 0.00625, del0: 0.05, min_mem: 1.69921875)
Par: 1, Rows: 3
0.000    0.000    0.000    0.000    0.000    0.000    0.000    0.000    0.000    0.000    0.900    0.000    0.000    0.000    0.000    
Total frac: 0.900

Sketch (7) (cm: eps0: 0.00625, del0: 0.05, min_mem: 1.69921875)
Par: 1, Rows: 3
0.000    0.000    0.000    0.000    0.000    0.000    0.000    0.000    0.000    0.700    0.000    0.000    0.000    0.000    1.000    
Total frac: 1.700

Sketch (8) (cm: eps0: 0.00625, del0: 0.05, min_mem: 1.69921875)
Par: 1, Rows: 3
0.000    0.000    0.000    0.000    0.000    0.000    0.000    0.000    0.000    0.000    0.000    0.000    0.000    1.000    0.000    
Total frac: 1.000

Sketch (9) (cm: eps0: 0.00625, del0: 0.05, min_mem: 1.69921875)
Par: 1, Rows: 3
0.000    0.000    0.000    0.000    0.000    0.000    0.418    0.000    0.000    0.800    0.000    0.482    0.000    0.000    0.000    
Total frac: 1.700

Sketch (10) (cm: eps0: 0.00625, del0: 0.05, min_mem: 1.69921875)
Par: 1, Rows: 3
0.000    0.000    0.000    0.000    0.800    0.000    0.000    0.000    0.700    0.800    0.000    0.000    0.000    0.000    0.200    
Total frac: 2.500

Sketch (11) (cm: eps0: 0.00625, del0: 0.05, min_mem: 1.69921875)
Par: 1, Rows: 3
0.000    0.000    0.000    0.000    0.000    0.705    0.000    0.000    0.000    0.000    0.000    0.000    0.000    0.000    0.195    
Total frac: 0.900

Sketch (12) (cm: eps0: 0.00625, del0: 0.05, min_mem: 1.69921875)
Par: 1, Rows: 3
0.000    0.000    0.000    0.000    0.000    0.000    0.000    0.000    0.000    0.000    0.000    0.000    0.700    0.000    0.300    
Total frac: 1.000

Sketch (13) (cm: eps0: 0.00625, del0: 0.05, min_mem: 1.69921875)
Par: 1, Rows: 3
0.000    0.000    0.000    0.000    0.000    0.000    0.000    0.000    0.000    0.000    0.900    0.700    0.000    0.000    0.100    
Total frac: 1.700

Sketch (14) (cm: eps0: 0.00625, del0: 0.05, min_mem: 1.69921875)
Par: 1, Rows: 3
0.000    0.000    0.000    0.000    0.000    0.000    -0.000    0.000    0.000    0.000    0.000    0.000    0.000    1.000    0.000    
Total frac: 1.000

Sketch (15) (cm: eps0: 0.00625, del0: 0.05, min_mem: 1.69921875)
Par: 1, Rows: 3
0.000    0.000    0.000    0.000    0.000    0.000    0.000    0.000    0.000    0.000    0.000    0.000    0.000    0.000    1.000    
Total frac: 1.000

Sketch (16) (cm: eps0: 0.00625, del0: 0.05, min_mem: 1.69921875)
Par: 1, Rows: 3
0.000    0.000    0.000    0.000    0.000    0.000    0.000    0.000    0.000    0.700    0.000    0.000    0.000    0.000    0.700    
Total frac: 1.400

Sketch (17) (cm: eps0: 0.00625, del0: 0.05, min_mem: 1.69921875)
Par: 1, Rows: 3
0.000    0.000    0.000    0.000    0.000    0.000    0.100    0.000    0.000    0.900    0.700    0.000    0.000    0.000    0.000    
Total frac: 1.700

Sketch (18) (cm: eps0: 0.00625, del0: 0.05, min_mem: 1.69921875)
Par: 1, Rows: 3
0.000    0.000    0.000    0.000    0.000    0.000    0.000    0.000    0.000    0.700    1.000    0.900    0.000    0.000    0.000    
Total frac: 2.600

Sketch (19) (cm: eps0: 0.00625, del0: 0.05, min_mem: 1.69921875)
Par: 1, Rows: 3
0.000    0.000    0.000    0.000    0.000    0.000    0.000    0.000    0.000    0.000    0.000    0.000    1.000    0.000    0.000    
Total frac: 1.000

Sketch (20) (cm: eps0: 0.00625, del0: 0.05, min_mem: 1.69921875)
Par: 1, Rows: 3
0.000    0.000    0.000    0.000    0.000    0.000    0.000    0.000    1.000    1.000    0.000    0.000    0.000    0.000    0.000    
Total frac: 2.000

Sketch (21) (cm: eps0: 0.00625, del0: 0.05, min_mem: 1.69921875)
Par: 1, Rows: 3
0.000    0.000    0.000    0.000    0.000    0.000    0.000    0.000    0.000    0.700    0.000    0.000    0.000    0.000    1.000    
Total frac: 1.700

Sketch (22) (cm: eps0: 0.00625, del0: 0.05, min_mem: 1.69921875)
Par: 1, Rows: 3
0.000    0.000    0.000    0.000    0.000    0.000    0.000    0.000    0.000    0.000    0.000    0.000    0.000    0.900    0.100    
Total frac: 1.000

Sketch (23) (cm: eps0: 0.00625, del0: 0.05, min_mem: 1.69921875)
Par: 1, Rows: 3
0.000    0.000    0.000    0.000    0.000    0.130    0.000    0.000    0.000    0.000    0.270    0.000    0.000    0.600    0.000    
Total frac: 1.000

Sketch (24) (cm: eps0: 0.00625, del0: 0.05, min_mem: 1.69921875)
Par: 1, Rows: 3
0.000    0.000    0.000    0.000    0.000    0.000    0.000    0.000    1.000    0.000    0.000    1.000    0.000    0.000    0.000    
Total frac: 2.000

Sketch (25) (cm: eps0: 0.00625, del0: 0.05, min_mem: 1.69921875)
Par: 1, Rows: 3
0.000    0.000    0.000    0.000    0.000    0.000    0.000    0.000    0.000    0.000    0.000    0.000    0.000    0.700    0.300    
Total frac: 1.000

Sketch (26) (cm: eps0: 0.00625, del0: 0.05, min_mem: 1.69921875)
Par: 1, Rows: 3
0.000    0.000    0.000    0.000    0.000    0.000    0.000    0.000    0.700    0.300    0.000    0.000    0.000    0.000    0.600    
Total frac: 1.600

Sketch (27) (cm: eps0: 0.00625, del0: 0.05, min_mem: 1.69921875)
Par: 1, Rows: 3
0.000    0.000    0.000    0.000    0.000    0.000    0.000    0.000    0.000    0.000    0.000    0.000    0.000    1.000    0.000    
Total frac: 1.000

Sketch (28) (cm: eps0: 0.00625, del0: 0.05, min_mem: 1.69921875)
Par: 1, Rows: 3
0.000    0.000    0.900    0.000    0.000    0.000    0.000    0.000    0.495    0.000    0.000    0.000    0.000    0.000    0.305    
Total frac: 1.700

Sketch (29) (cm: eps0: 0.00625, del0: 0.05, min_mem: 1.69921875)
Par: 1, Rows: 3
0.000    0.000    0.000    0.000    0.000    0.000    0.000    0.000    0.000    0.200    0.000    0.000    0.800    0.000    0.000    
Total frac: 1.000

Sketch (30) (cm: eps0: 0.00625, del0: 0.05, min_mem: 1.69921875)
Par: 1, Rows: 3
0.000    0.000    0.000    0.000    0.000    0.000    0.000    0.000    0.000    0.000    0.900    0.000    0.000    0.000    0.700    
Total frac: 1.600

Sketch (31) (cm: eps0: 0.00625, del0: 0.05, min_mem: 1.69921875)
Par: 1, Rows: 3
0.000    0.000    0.000    0.000    0.000    0.000    0.000    0.000    0.000    0.000    0.200    0.700    0.000    0.000    0.600    
Total frac: 1.500

Sketch (32) (cm: eps0: 0.00625, del0: 0.05, min_mem: 1.69921875)
Par: 1, Rows: 3
0.000    0.000    0.000    0.000    0.000    0.000    0.000    0.000    0.000    1.000    0.000    0.900    0.000    0.000    0.000    
Total frac: 1.900

Sketch (33) (cm: eps0: 0.00625, del0: 0.05, min_mem: 1.69921875)
Par: 1, Rows: 3
0.000    0.000    0.000    0.000    0.000    0.000    0.000    0.000    0.000    0.000    0.000    0.000    0.900    0.000    0.100    
Total frac: 1.000

Sketch (34) (cm: eps0: 0.00625, del0: 0.05, min_mem: 1.69921875)
Par: 1, Rows: 3
0.000    0.000    0.000    0.000    0.000    0.000    0.000    0.000    0.700    0.000    0.000    0.000    0.000    0.000    0.000    
Total frac: 0.700

Sketch (35) (cm: eps0: 0.00625, del0: 0.05, min_mem: 1.69921875)
Par: 1, Rows: 3
0.000    0.000    0.000    0.000    0.000    0.000    0.000    0.000    0.000    0.000    0.000    1.000    0.000    0.000    0.900    
Total frac: 1.900

Sketch (36) (cm: eps0: 0.00625, del0: 0.05, min_mem: 1.69921875)
Par: 1, Rows: 3
0.000    0.000    0.000    0.000    0.000    0.000    0.000    0.000    1.000    0.000    0.000    0.800    0.000    0.000    1.000    
Total frac: 2.800

Sketch (37) (cm: eps0: 0.00625, del0: 0.05, min_mem: 1.69921875)
Par: 1, Rows: 3
0.000    0.000    0.000    0.000    0.000    0.000    0.000    0.000    0.000    1.000    0.000    0.000    0.000    1.000    0.000    
Total frac: 2.000

Sketch (38) (cm: eps0: 0.00625, del0: 0.05, min_mem: 1.69921875)
Par: 1, Rows: 3
0.000    0.000    0.000    0.000    0.000    0.000    0.000    0.000    0.000    0.000    0.000    1.000    0.900    0.000    0.000    
Total frac: 1.900

Sketch (39) (cm: eps0: 0.00625, del0: 0.05, min_mem: 1.69921875)
Par: 1, Rows: 3
0.000    0.000    0.000    0.000    0.000    0.000    0.000    0.000    0.000    0.000    0.000    0.000    0.000    0.800    0.200    
Total frac: 1.000

Sketch (40) (cm: eps0: 0.00625, del0: 0.05, min_mem: 1.69921875)
Par: 1, Rows: 3
0.000    0.000    0.000    0.000    0.135    0.000    0.000    0.000    0.000    0.000    0.765    1.000    0.000    0.000    0.000    
Total frac: 1.900

Sketch (41) (cm: eps0: 0.00625, del0: 0.05, min_mem: 1.69921875)
Par: 1, Rows: 3
0.000    0.000    0.000    0.000    0.000    0.000    0.000    0.000    0.000    0.000    0.000    0.000    1.000    0.000    0.000    
Total frac: 1.000

Sketch (42) (cm: eps0: 0.00625, del0: 0.05, min_mem: 1.69921875)
Par: 1, Rows: 3
0.000    0.000    0.000    0.000    0.000    0.000    0.000    0.000    0.000    0.000    0.000    0.000    0.000    0.800    0.000    
Total frac: 0.800

Sketch (43) (cm: eps0: 0.00625, del0: 0.05, min_mem: 1.69921875)
Par: 1, Rows: 3
0.000    0.000    0.000    0.000    0.000    0.000    0.000    0.000    0.000    0.000    1.000    0.000    0.000    0.000    0.000    
Total frac: 1.000

Sketch (44) (cm: eps0: 0.00625, del0: 0.05, min_mem: 1.69921875)
Par: 1, Rows: 3
0.000    0.000    0.000    0.000    0.000    0.000    0.000    0.000    0.000    0.000    0.000    0.000    0.000    0.000    0.900    
Total frac: 0.900

Sketch (45) (cm: eps0: 0.00625, del0: 0.05, min_mem: 1.69921875)
Par: 1, Rows: 3
0.000    0.000    0.000    0.000    0.000    0.000    0.000    0.000    0.000    0.000    0.000    0.000    0.900    0.000    0.000    
Total frac: 0.900

Sketch (46) (cm: eps0: 0.00625, del0: 0.05, min_mem: 1.69921875)
Par: 1, Rows: 3
0.000    0.000    0.000    0.000    0.000    0.000    0.000    0.000    0.000    0.000    0.000    0.800    0.900    0.000    0.000    
Total frac: 1.700

Sketch (47) (cm: eps0: 0.00625, del0: 0.05, min_mem: 1.69921875)
Par: 1, Rows: 3
0.000    0.000    0.000    0.000    0.000    0.000    0.000    0.000    0.100    0.000    0.000    0.000    0.000    0.900    0.000    
Total frac: 1.000

Sketch (48) (cm: eps0: 0.00625, del0: 0.05, min_mem: 1.69921875)
Par: 1, Rows: 3
0.000    0.000    0.000    0.000    0.000    0.000    0.000    0.000    0.000    0.000    0.100    0.700    0.700    0.000    0.000    
Total frac: 1.500

Sketch (49) (cm: eps0: 0.00625, del0: 0.05, min_mem: 1.69921875)
Par: 1, Rows: 3
0.000    0.000    0.000    0.000    0.000    0.000    0.000    0.000    0.700    0.000    0.000    0.000    0.000    1.000    0.000    
Total frac: 1.700

Sketch (50) (cm: eps0: 0.00625, del0: 0.05, min_mem: 1.69921875)
Par: 1, Rows: 3
0.000    0.000    0.000    0.000    0.000    0.000    0.000    0.000    0.000    0.000    0.800    0.100    0.000    0.000    0.900    
Total frac: 1.800

Sketch (51) (cm: eps0: 0.00625, del0: 0.05, min_mem: 1.69921875)
Par: 1, Rows: 3
0.000    0.000    0.000    0.000    0.000    0.000    0.000    0.000    0.000    0.900    0.800    0.000    0.000    0.000    0.000    
Total frac: 1.700

Sketch (52) (cm: eps0: 0.00625, del0: 0.05, min_mem: 1.69921875)
Par: 1, Rows: 3
0.000    0.000    0.000    0.000    0.000    0.000    0.000    0.000    0.000    0.000    0.000    0.000    0.000    0.000    1.000    
Total frac: 1.000

Sketch (53) (cm: eps0: 0.00625, del0: 0.05, min_mem: 1.69921875)
Par: 1, Rows: 3
0.000    0.000    0.000    0.000    0.000    0.000    0.000    0.000    1.000    0.000    0.000    0.000    0.900    0.000    0.000    
Total frac: 1.900

Sketch (54) (cm: eps0: 0.00625, del0: 0.05, min_mem: 1.69921875)
Par: 1, Rows: 3
0.000    0.000    0.000    0.000    0.000    0.000    0.000    0.000    0.000    0.000    0.000    0.000    1.000    0.000    0.000    
Total frac: 1.000

Sketch (55) (cm: eps0: 0.00625, del0: 0.05, min_mem: 1.69921875)
Par: 1, Rows: 3
0.000    0.000    0.000    0.000    0.000    0.000    0.000    0.000    0.700    0.000    0.000    0.700    0.000    0.000    0.700    
Total frac: 2.100

Sketch (56) (cm: eps0: 0.00625, del0: 0.05, min_mem: 1.69921875)
Par: 1, Rows: 3
0.000    0.000    0.000    0.000    0.000    0.000    0.000    0.000    0.000    0.000    0.000    0.000    1.000    0.000    0.000    
Total frac: 1.000

Sketch (57) (cm: eps0: 0.00625, del0: 0.05, min_mem: 1.69921875)
Par: 1, Rows: 3
0.000    0.000    0.000    0.000    0.000    0.000    0.000    0.000    0.800    0.000    0.000    0.000    0.000    0.800    0.200    
Total frac: 1.800

Sketch (58) (cm: eps0: 0.00625, del0: 0.05, min_mem: 1.69921875)
Par: 1, Rows: 3
0.000    0.000    0.000    0.000    0.000    0.000    0.000    0.000    0.900    0.000    0.000    1.000    0.000    0.000    0.000    
Total frac: 1.900

Sketch (59) (cm: eps0: 0.00625, del0: 0.05, min_mem: 1.69921875)
Par: 1, Rows: 3
0.000    0.000    0.000    0.000    0.000    0.000    0.000    0.000    0.000    1.000    0.000    0.000    0.000    0.800    0.100    
Total frac: 1.900

Sketch (60) (cm: eps0: 0.00625, del0: 0.05, min_mem: 1.69921875)
Par: 1, Rows: 3
0.000    0.000    0.035    0.000    0.000    0.000    0.000    0.000    0.000    0.265    0.000    0.800    0.700    0.000    0.000    
Total frac: 1.800

Sketch (61) (cm: eps0: 0.00625, del0: 0.05, min_mem: 1.69921875)
Par: 1, Rows: 3
0.000    0.000    0.000    0.000    0.000    0.000    0.000    0.000    0.000    0.200    0.900    0.000    0.800    0.000    0.000    
Total frac: 1.900

Sketch (62) (cm: eps0: 0.00625, del0: 0.05, min_mem: 1.69921875)
Par: 1, Rows: 3
0.000    0.000    0.000    0.000    0.000    0.000    0.000    0.000    0.000    0.000    0.900    0.000    0.000    0.000    0.000    
Total frac: 0.900

Sketch (63) (cm: eps0: 0.00625, del0: 0.05, min_mem: 1.69921875)
Par: 1, Rows: 3
0.000    0.000    0.000    0.000    0.000    0.000    0.000    0.000    0.000    0.000    0.000    0.000    0.000    1.000    0.000    
Total frac: 1.000

Sketch (64) (cm: eps0: 0.00625, del0: 0.05, min_mem: 1.69921875)
Par: 1, Rows: 3
0.000    0.000    0.000    0.000    0.000    0.000    0.000    0.000    0.000    0.000    0.000    0.900    0.900    0.000    0.000    
Total frac: 1.800

Sketch (65) (cm: eps0: 0.00625, del0: 0.05, min_mem: 1.69921875)
Par: 1, Rows: 3
0.000    0.000    0.000    0.000    0.000    0.000    0.000    0.000    0.000    0.900    0.300    0.000    0.000    0.700    0.000    
Total frac: 1.900

Sketch (66) (cm: eps0: 0.00625, del0: 0.05, min_mem: 1.69921875)
Par: 1, Rows: 3
0.000    0.000    0.000    0.000    0.000    0.000    0.000    0.000    0.000    0.000    0.900    0.000    0.000    0.000    1.000    
Total frac: 1.900

Sketch (67) (cm: eps0: 0.00625, del0: 0.05, min_mem: 1.69921875)
Par: 1, Rows: 3
0.000    0.000    0.000    0.000    0.000    0.000    0.000    0.000    0.100    0.000    0.000    0.000    0.000    0.700    0.000    
Total frac: 0.800

Sketch (68) (cm: eps0: 0.00625, del0: 0.05, min_mem: 1.69921875)
Par: 1, Rows: 3
0.000    0.000    0.000    0.000    0.000    0.000    0.000    0.000    0.900    0.000    0.000    0.000    0.000    0.000    0.000    
Total frac: 0.900

Sketch (69) (cm: eps0: 0.00625, del0: 0.05, min_mem: 1.69921875)
Par: 1, Rows: 3
0.000    0.000    0.000    0.000    0.000    0.000    0.000    0.000    0.800    1.000    0.000    0.000    0.000    0.000    0.000    
Total frac: 1.800

Sketch (70) (cm: eps0: 0.00625, del0: 0.05, min_mem: 1.69921875)
Par: 1, Rows: 3
0.000    0.000    0.000    0.000    0.000    0.000    0.000    0.000    0.800    0.200    0.000    0.000    0.000    0.800    0.000    
Total frac: 1.800

Sketch (71) (cm: eps0: 0.00625, del0: 0.05, min_mem: 1.69921875)
Par: 1, Rows: 3
0.000    0.000    0.000    0.000    0.000    0.000    0.000    0.000    0.000    0.000    0.000    0.000    0.000    0.000    1.000    
Total frac: 1.000

Sketch (72) (cm: eps0: 0.00625, del0: 0.05, min_mem: 1.69921875)
Par: 1, Rows: 3
0.000    0.000    0.000    0.000    0.000    0.000    0.000    0.000    0.000    0.900    0.000    1.000    0.000    0.000    0.000    
Total frac: 1.900

Sketch (73) (cm: eps0: 0.00625, del0: 0.05, min_mem: 1.69921875)
Par: 1, Rows: 3
0.000    0.000    0.000    0.000    0.000    0.000    0.000    0.000    0.000    0.000    1.000    0.000    0.800    0.000    0.000    
Total frac: 1.800

Sketch (74) (cm: eps0: 0.00625, del0: 0.05, min_mem: 1.69921875)
Par: 1, Rows: 3
0.000    0.000    0.000    0.000    0.000    0.000    0.000    0.000    0.800    0.000    0.000    0.000    0.000    0.000    0.000    
Total frac: 0.800

Sketch (75) (cm: eps0: 0.00625, del0: 0.05, min_mem: 1.69921875)
Par: 1, Rows: 3
0.000    0.000    0.000    0.000    0.000    0.000    0.000    0.000    0.000    0.000    1.000    0.000    0.000    0.000    0.000    
Total frac: 1.000

Sketch (76) (cm: eps0: 0.00625, del0: 0.05, min_mem: 1.69921875)
Par: 1, Rows: 3
0.000    0.000    0.000    0.000    0.000    0.000    0.000    0.000    1.000    0.000    0.000    0.000    0.000    0.000    0.000    
Total frac: 1.000

Sketch (77) (cm: eps0: 0.00625, del0: 0.05, min_mem: 1.69921875)
Par: 1, Rows: 3
0.000    0.000    0.000    0.000    0.000    0.000    0.000    0.000    0.000    0.000    0.900    0.000    0.900    0.000    0.000    
Total frac: 1.800

Sketch (78) (cm: eps0: 0.00625, del0: 0.05, min_mem: 1.69921875)
Par: 1, Rows: 3
0.000    0.000    0.000    0.000    0.000    0.000    0.000    0.000    0.800    0.000    0.000    0.000    0.200    0.700    0.000    
Total frac: 1.700

Sketch (79) (cm: eps0: 0.00625, del0: 0.05, min_mem: 1.69921875)
Par: 1, Rows: 3
0.000    0.000    0.000    0.000    0.000    0.000    0.000    0.000    0.000    0.000    1.000    0.900    0.000    0.000    0.000    
Total frac: 1.900

Device (0) cpu1:
cores_sketch: 0.0, cores_dpdk: 6.0
Rows total: 0.0
Mem total: 0.0
Throughput: 93.33333333333333

Device (1) cpu2:
cores_sketch: 0.0, cores_dpdk: 6.0
Rows total: 0.0
Mem total: 0.0
Throughput: 93.33333333333333

Device (2) cpu3:
cores_sketch: 1.0, cores_dpdk: 6.0
Rows total: 2.80514284603026
Mem total: 32.0
Throughput: 88.8800008888

Device (3) cpu4:
cores_sketch: 0.0, cores_dpdk: 6.0
Rows total: 0.0
Mem total: 0.0
Throughput: 88.8800008888

Device (4) cpu5:
cores_sketch: 1.0, cores_dpdk: 6.0
Rows total: 2.8051428460302597
Mem total: 32.0
Throughput: 88.8800008888

Device (5) cpu6:
cores_sketch: 1.0, cores_dpdk: 6.0
Rows total: 2.80514284603026
Mem total: 32.0
Throughput: 88.8800008888

Device (6) cpu7:
cores_sketch: 1.0, cores_dpdk: 6.0
Rows total: 2.80514284603026
Mem total: 32.0
Throughput: 88.8800008888

Device (7) cpu8:
cores_sketch: 0.0, cores_dpdk: 6.0
Rows total: 0.0
Mem total: 0.0
Throughput: 88.8800008888

Device (8) tor_p41:
Rows total: 47.98457146190921
Mem total: 81.53628353879105
Throughput: 148.0

Device (9) tor_p42:
Rows total: 47.894857153969745
Mem total: 81.38383930459702
Throughput: 148.0

Device (10) tor_p43:
Rows total: 48.0
Mem total: 81.5625
Throughput: 148.0

Device (11) tor_p44:
Rows total: 48.0
Mem total: 81.5625
Throughput: 148.0

Device (12) l1_p41:
Rows total: 48.0
Mem total: 81.5625
Throughput: 148.0

Device (13) l1_p42:
Rows total: 48.0
Mem total: 81.5625
Throughput: 148.0

Device (14) l2_p4:
Rows total: 48.0
Mem total: 81.5625
Throughput: 148.0
--------------------------------------------------
