Using license file /home/anupa/gurobi.lic
Academic license - for non-commercial use only

Gurobi Optimizer version 9.0.0 build v9.0.0rc2 (linux64)
Optimize a model with 17 rows, 22 columns and 42 nonzeros
Model fingerprint: 0x2c3e65ad
Model has 4 general constraints
Variable types: 22 continuous, 0 integer (0 binary)
Coefficient statistics:
  Matrix range     [8e-02, 3e+01]
  Objective range  [1e+00, 1e+00]
  Bounds range     [1e+00, 3e+04]
  RHS range        [1e+00, 5e+01]

---------------------------------------------------------------------------
Multi-objectives: starting optimization with 8 objectives ... 
---------------------------------------------------------------------------

Multi-objectives: applying initial presolve ...
---------------------------------------------------------------------------

Presolve removed 8 rows and 10 columns
Presolve time: 0.00s
Presolved: 9 rows and 12 columns
---------------------------------------------------------------------------

Multi-objectives: optimize objective 1 (tot_rows_cpu) ...
---------------------------------------------------------------------------

Presolve removed 9 rows and 12 columns
Presolve time: 0.00s
Presolve: All rows and columns removed
Iteration    Objective       Primal Inf.    Dual Inf.      Time
       0    0.0000000e+00   0.000000e+00   0.000000e+00      0s

Solved in 0 iterations and 0.00 seconds
Optimal objective  0.000000000e+00
---------------------------------------------------------------------------

Multi-objectives: optimize objective 2 (cpu_rows_load) ...
---------------------------------------------------------------------------

Presolve removed 10 rows and 12 columns
Presolve time: 0.00s
Presolve: All rows and columns removed
Iteration    Objective       Primal Inf.    Dual Inf.      Time
       0    0.0000000e+00   0.000000e+00   0.000000e+00      0s

Solved in 0 iterations and 0.00 seconds
Optimal objective  0.000000000e+00
---------------------------------------------------------------------------

Multi-objectives: optimize objective 3 (tot_rows_p4) ...
---------------------------------------------------------------------------

Presolve removed 11 rows and 12 columns
Presolve time: 0.00s
Presolve: All rows and columns removed
Iteration    Objective       Primal Inf.    Dual Inf.      Time
       0    9.9999990e+00   0.000000e+00   0.000000e+00      0s

Solved in 0 iterations and 0.00 seconds
Optimal objective  9.999999000e+00
---------------------------------------------------------------------------

Multi-objectives: optimize objective 4 (p4_rows_load) ...
---------------------------------------------------------------------------

Presolve removed 12 rows and 12 columns
Presolve time: 0.00s
Presolve: All rows and columns removed
Iteration    Objective       Primal Inf.    Dual Inf.      Time
       0    9.9999990e+00   0.000000e+00   0.000000e+00      0s

Solved in 0 iterations and 0.00 seconds
Optimal objective  9.999999000e+00
---------------------------------------------------------------------------

Multi-objectives: optimize objective 5 (tot_mem_cpu) ...
---------------------------------------------------------------------------

Presolve removed 9 rows and 7 columns
Presolve time: 0.00s
Presolved: 4 rows, 5 columns, 9 nonzeros

Iteration    Objective       Primal Inf.    Dual Inf.      Time
       0    0.0000000e+00   9.892915e-03   0.000000e+00      0s
       2    0.0000000e+00   0.000000e+00   0.000000e+00      0s

Solved in 2 iterations and 0.00 seconds
Optimal objective  0.000000000e+00
---------------------------------------------------------------------------

Multi-objectives: optimize objective 6 (cpu_load_mem) ...
---------------------------------------------------------------------------

Presolve removed 12 rows and 9 columns
Presolve time: 0.00s
Presolved: 2 rows, 3 columns, 4 nonzeros

Iteration    Objective       Primal Inf.    Dual Inf.      Time
       0    0.0000000e+00   1.600000e-03   0.000000e+00      0s
       1    0.0000000e+00   0.000000e+00   0.000000e+00      0s

Solved in 1 iterations and 0.00 seconds
Optimal objective  0.000000000e+00
---------------------------------------------------------------------------

Multi-objectives: optimize objective 7 (tot_mem_p4) ...
---------------------------------------------------------------------------

Presolve removed 12 rows and 8 columns
Presolve time: 0.00s
Presolved: 3 rows, 4 columns, 8 nonzeros

Iteration    Objective       Primal Inf.    Dual Inf.      Time
       0    2.5671867e+01   0.000000e+00   0.000000e+00      0s
       0    2.5671867e+01   7.496843e-06   0.000000e+00      0s
Extra one simplex iteration after uncrush
       1    2.5671874e+01   0.000000e+00   0.000000e+00      0s

Solved in 1 iterations and 0.00 seconds
Optimal objective  2.567187400e+01
---------------------------------------------------------------------------

Multi-objectives: optimize objective 8 (p4_load_mem) ...
---------------------------------------------------------------------------

Presolve removed 13 rows and 8 columns
Presolve time: 0.00s
Presolved: 3 rows, 4 columns, 8 nonzeros

Iteration    Objective       Primal Inf.    Dual Inf.      Time
       0    2.5671867e+01   0.000000e+00   0.000000e+00      0s
       0    2.5671867e+01   7.496843e-06   0.000000e+00      0s
Extra one simplex iteration after uncrush
       1    2.5671874e+01   0.000000e+00   0.000000e+00      0s

Solved in 1 iterations and 0.00 seconds
Optimal objective  2.567187400e+01

---------------------------------------------------------------------------
Multi-objectives: solved in 0.00 seconds, solution count 6

--------------------------------------------------
Model update took: 4.267692565917969e-05 seconds
Model optimize took: 0.001722574234008789 seconds
--------------------------------------------------

Solution quality statistics for model netmon :
  Maximum violation:
    Bound       : 0.00000000e+00
    Constraint  : 0.00000000e+00
    Integrality : 0.00000000e+00

Sketch (0) (cm: eps0: 0.3125, del0: 0.05, min_mem: 0.03515625)
Par: 1, Rows: 3
0.000    1.000    
Total frac: 1.000

Sketch (1) (cm: eps0: 0.00125, del0: 0.05, min_mem: 8.49609375)
Par: 1, Rows: 3
0.000    1.000    
Total frac: 1.000

Sketch (2) (cm: eps0: 0.625, del0: 0.025, min_mem: 0.01953125)
Par: 1, Rows: 4
0.000    1.000    
Total frac: 1.000

Device (0) cpu_1:
Rows total: 1.1771291954022987e-07
Mem total: 1.0001e-06

Device (1) p4_1:
Rows total: 9.999999882287081
Mem total: 25.6718739999
--------------------------------------------------
Changed value of parameter NonConvex to 2
   Prev: -1  Min: -1  Max: 2  Default: -1

Throughput: 93.33333333333333 Mpps, ns per packet: 10.714285714285715
Resources: 63.034830678902985

Sketch (0) (cm: eps0: 0.3125, del0: 0.05, min_mem: 0.03515625)
Par: 1, Rows: 3
0.000    1.000    
Total frac: 1.000

Sketch (1) (cm: eps0: 0.00125, del0: 0.05, min_mem: 8.49609375)
Par: 1, Rows: 3
0.000    1.000    
Total frac: 1.000

Sketch (2) (cm: eps0: 0.625, del0: 0.025, min_mem: 0.01953125)
Par: 1, Rows: 4
0.000    1.000    
Total frac: 1.000

Device (0) cpu_1:
cores_sketch: 0.0, cores_dpdk: 5.9999999999999964
Rows total: 0
Mem total: 0.0
Throughput: 93.33333333333333

Device (1) p4_1:
Rows total: 9.999999882287081
Mem total: 25.6718739999
Throughput: 148.0
--------------------------------------------------
