Function: get_partitions took 9.775161743164062e-06 seconds
Function: map_flows_partitions took 2.1457672119140625e-06 seconds
Function: map_flows_to_cluster took 1.2636184692382812e-05 seconds
Building model with:
3 devices, 4 partitions and 4 flows
Function: MIP.add_frac_mem_var took 8.296966552734375e-05 seconds
Function: MIP.add_coverage_constraints took 4.863739013671875e-05 seconds
Function: MIP.add_accuracy_constraints took 0.000118255615234375 seconds
Function: MIP.add_capacity_constraints took 0.00026702880859375 seconds
Netmon behaving like UnivmonGreedyRows
--------------------------------------------------
Starting model update
Model update took: 2.9325485229492188e-05 s
--------------------------------------------------
Starting model optimize
Model optimize took: 0.0005714893341064453 seconds
--------------------------------------------------

VARIABLES ------------------------------
Objective: 0.0
frac[0,1] 0
frac[1,2] 0
frac[0,0] 0
frac[1,3] 0
frac[2,1] 1
frac[2,0] 1
frac[2,3] 1
frac[2,2] 1
frac[0,3] 0
frac[1,1] 0
mem[0,1] 0
mem[1,2] 0
mem[0,0] 0
mem[1,3] 0
mem[2,1] 5.09766
mem[2,0] 5.09766
mem[2,3] 5.09766
mem[2,2] 5.09766
mem[0,3] 0
mem[1,1] 0
mem_tot_{CPU_0,CPU_1} 0
normalized_mem_tot_{CPU_0,CPU_1} 0
rows_tot_{CPU_0,CPU_1} 0
normalized_rows_tot_{CPU_0,CPU_1} 0
mem_tot_{CPU_2,CPU_3} 0
normalized_mem_tot_{CPU_2,CPU_3} 0
rows_tot_{CPU_2,CPU_3} 0
normalized_rows_tot_{CPU_2,CPU_3} 0
mem_tot_P4_1 20.3906
normalized_mem_tot_P4_1 0.0354004
rows_tot_P4_1 12
normalized_rows_tot_P4_1 0.25
max_mem_P4 20.3906
max_mem_CPU_Cluster 0
max_rows_P4 12
max_rows_CPU_Cluster 0
--------------------------------------------------

Sketch (0) (cm: eps0: 0.00625, del0: 0.05, min_mem: 1.69921875)
Par0 id: 0, Rows: 3
(0.000,0)    (1.000,2)    
Total frac: 1.000

Sketch (1) (cm: eps0: 0.00625, del0: 0.05, min_mem: 1.69921875)
Par0 id: 1, Rows: 3
(0.000,0)    (1.000,2)    (0.000,1)    
Total frac: 1.000

Sketch (2) (cm: eps0: 0.00625, del0: 0.05, min_mem: 1.69921875)
Par0 id: 2, Rows: 3
(0.000,1)    (1.000,2)    
Total frac: 1.000

Sketch (3) (cm: eps0: 0.00625, del0: 0.05, min_mem: 1.69921875)
Par0 id: 3, Rows: 3
(0.000,1)    (1.000,2)    (0.000,0)    
Total frac: 1.000

Device (0) {CPU_0,CPU_1}:
Rows total: 0.0
Mem total: 0.0

Device (1) {CPU_2,CPU_3}:
Rows total: 0.0
Mem total: 0.0

Device (2) P4_1:
Rows total: 12.0
Mem total: 20.390625

Flow 0:
partitions: [(0, 1)]
path: {0, 2}
Flow 1:
partitions: [(1, 1)]
path: {0, 1, 2}
Flow 2:
partitions: [(2, 1)]
path: {1, 2}
Flow 3:
partitions: [(3, 1)]
path: {0, 1, 2}
--------------------------------------------------

VARIABLES ------------------------------
Objective: 10.204081632653061
mem_tot_{CPU_0,CPU_1} 0
ns_{CPU_0,CPU_1} 10.2041
--------------------------------------------------

VARIABLES ------------------------------
Objective: 10.204081632653061
mem_tot_{CPU_2,CPU_3} 0
ns_{CPU_2,CPU_3} 10.2041
--------------------------------------------------

VARIABLES ------------------------------
Objective: 6.756756756756757
mem_tot_P4_1 20.3906
ns_P4_1 6.75676
--------------------------------------------------

Throughput: 98.0 Mpps, ns per packet: 10.204081632653061
Resources: 3.4248046875
Used Cores: 0, Total CPUS: 0, Switch Memory: 20.390625

Sketch (0) (cm: eps0: 0.00625, del0: 0.05, min_mem: 1.69921875)
Par0 id: 0, Rows: 3
(0.000,0)    (1.000,2)    
Total frac: 1.000

Sketch (1) (cm: eps0: 0.00625, del0: 0.05, min_mem: 1.69921875)
Par0 id: 1, Rows: 3
(0.000,0)    (1.000,2)    (0.000,1)    
Total frac: 1.000

Sketch (2) (cm: eps0: 0.00625, del0: 0.05, min_mem: 1.69921875)
Par0 id: 2, Rows: 3
(0.000,1)    (1.000,2)    
Total frac: 1.000

Sketch (3) (cm: eps0: 0.00625, del0: 0.05, min_mem: 1.69921875)
Par0 id: 3, Rows: 3
(0.000,1)    (1.000,2)    (0.000,0)    
Total frac: 1.000

Device (0) {CPU_0,CPU_1}:
Rows total: 0.0
Mem total: 0.0
Throughput: 98.0

Device (1) {CPU_2,CPU_3}:
Rows total: 0.0
Mem total: 0.0
Throughput: 98.0

Device (2) P4_1:
Rows total: 12.0
Mem total: 20.390625
Throughput: 148.0

Flow 0:
partitions: [(0, 1)]
path: {0, 2}
Flow 1:
partitions: [(1, 1)]
path: {0, 1, 2}
Flow 2:
partitions: [(2, 1)]
path: {1, 2}
Flow 3:
partitions: [(3, 1)]
path: {0, 1, 2}
--------------------------------------------------
Function: MIP.solve took 0.005938529968261719 seconds
Function: get_partitions_flows took 2.3365020751953125e-05 seconds
Function: get_partitions_flows took 1.8596649169921875e-05 seconds
--------------------------------------------------
Clustered Optimization complete
--------------------------------------------------

VARIABLES ------------------------------
Objective: 10.204081632653063
mem_tot_CPU_0 0
m_access_time_CPU_0 0
ns_single_CPU_0 0
pdt_m_rows_CPU_0 0
cores_sketch_CPU_0 0
cores_dpdk_CPU_0 7
ns_sketch_CPU_0 10.2041
pdt_nsk_c_CPU_0 0
ns_dpdk_CPU_0 10.2041
pdt_nsc_dpdk_CPU_0 71.4286
ns_CPU_0 10.2041
--------------------------------------------------

VARIABLES ------------------------------
Objective: 10.204081632653063
mem_tot_CPU_1 0
m_access_time_CPU_1 0
ns_single_CPU_1 0
pdt_m_rows_CPU_1 0
cores_sketch_CPU_1 0
cores_dpdk_CPU_1 7
ns_sketch_CPU_1 10.2041
pdt_nsk_c_CPU_1 0
ns_dpdk_CPU_1 10.2041
pdt_nsc_dpdk_CPU_1 71.4286
ns_CPU_1 10.2041
--------------------------------------------------

VARIABLES ------------------------------
Objective: 10.204081632653063
mem_tot_CPU_2 0
m_access_time_CPU_2 0
ns_single_CPU_2 0
pdt_m_rows_CPU_2 0
cores_sketch_CPU_2 0
cores_dpdk_CPU_2 7
ns_sketch_CPU_2 10.2041
pdt_nsk_c_CPU_2 0
ns_dpdk_CPU_2 10.2041
pdt_nsc_dpdk_CPU_2 71.4286
ns_CPU_2 10.2041
--------------------------------------------------

VARIABLES ------------------------------
Objective: 10.204081632653063
mem_tot_CPU_3 0
m_access_time_CPU_3 0
ns_single_CPU_3 0
pdt_m_rows_CPU_3 0
cores_sketch_CPU_3 0
cores_dpdk_CPU_3 7
ns_sketch_CPU_3 10.2041
pdt_nsk_c_CPU_3 0
ns_dpdk_CPU_3 10.2041
pdt_nsc_dpdk_CPU_3 71.4286
ns_CPU_3 10.2041
--------------------------------------------------

VARIABLES ------------------------------
Objective: 6.756756756756757
mem_tot_P4_1 20.3906
ns_P4_1 6.75676
--------------------------------------------------

VARIABLES ------------------------------
Objective: 10.204081632653063
mem_tot_CPU_0 0
m_access_time_CPU_0 0
ns_single_CPU_0 0
pdt_m_rows_CPU_0 0
cores_sketch_CPU_0 0
cores_dpdk_CPU_0 7
ns_sketch_CPU_0 10.2041
pdt_nsk_c_CPU_0 0
ns_dpdk_CPU_0 10.2041
pdt_nsc_dpdk_CPU_0 71.4286
ns_CPU_0 10.2041
--------------------------------------------------

VARIABLES ------------------------------
Objective: 10.204081632653063
mem_tot_CPU_1 0
m_access_time_CPU_1 0
ns_single_CPU_1 0
pdt_m_rows_CPU_1 0
cores_sketch_CPU_1 0
cores_dpdk_CPU_1 7
ns_sketch_CPU_1 10.2041
pdt_nsk_c_CPU_1 0
ns_dpdk_CPU_1 10.2041
pdt_nsc_dpdk_CPU_1 71.4286
ns_CPU_1 10.2041
--------------------------------------------------

VARIABLES ------------------------------
Objective: 10.204081632653063
mem_tot_CPU_2 0
m_access_time_CPU_2 0
ns_single_CPU_2 0
pdt_m_rows_CPU_2 0
cores_sketch_CPU_2 0
cores_dpdk_CPU_2 7
ns_sketch_CPU_2 10.2041
pdt_nsk_c_CPU_2 0
ns_dpdk_CPU_2 10.2041
pdt_nsc_dpdk_CPU_2 71.4286
ns_CPU_2 10.2041
--------------------------------------------------

VARIABLES ------------------------------
Objective: 10.204081632653063
mem_tot_CPU_3 0
m_access_time_CPU_3 0
ns_single_CPU_3 0
pdt_m_rows_CPU_3 0
cores_sketch_CPU_3 0
cores_dpdk_CPU_3 7
ns_sketch_CPU_3 10.2041
pdt_nsk_c_CPU_3 0
ns_dpdk_CPU_3 10.2041
pdt_nsc_dpdk_CPU_3 71.4286
ns_CPU_3 10.2041
--------------------------------------------------

Throughput: 97.99999999999999 Mpps, ns per packet: 10.204081632653063
Resources: 283.4248046874989
Used Cores: 27.999999999999893, Total CPUS: 4, Switch Memory: 20.390625

Sketch (0) (cm: eps0: 0.00625, del0: 0.05, min_mem: 1.69921875)
Par0 id: 0, Rows: 3
(1.000,4)    
Total frac: 1.000

Sketch (1) (cm: eps0: 0.00625, del0: 0.05, min_mem: 1.69921875)
Par0 id: 1, Rows: 3
(1.000,4)    
Total frac: 1.000

Sketch (2) (cm: eps0: 0.00625, del0: 0.05, min_mem: 1.69921875)
Par0 id: 2, Rows: 3
(1.000,4)    
Total frac: 1.000

Sketch (3) (cm: eps0: 0.00625, del0: 0.05, min_mem: 1.69921875)
Par0 id: 3, Rows: 3
(1.000,4)    
Total frac: 1.000

Device (0) CPU_0:
cores_sketch: 0.0, cores_dpdk: 6.999999999999973
Rows total: 0
Mem total: 0
Throughput: 97.99999999999999

Device (1) CPU_1:
cores_sketch: 0.0, cores_dpdk: 6.999999999999973
Rows total: 0
Mem total: 0
Throughput: 97.99999999999999

Device (2) CPU_2:
cores_sketch: 0.0, cores_dpdk: 6.999999999999973
Rows total: 0
Mem total: 0
Throughput: 97.99999999999999

Device (3) CPU_3:
cores_sketch: 0.0, cores_dpdk: 6.999999999999973
Rows total: 0
Mem total: 0
Throughput: 97.99999999999999

Device (4) P4_1:
Rows total: 12.0
Mem total: 20.390625
Throughput: 148.0

Flow 0:
partitions: [(0, 1)]
path: (0, 4, 1)
Flow 1:
partitions: [(1, 1)]
path: (1, 4, 2)
Flow 2:
partitions: [(2, 1)]
path: (2, 4, 3)
Flow 3:
partitions: [(3, 1)]
path: (3, 4, 0)
--------------------------------------------------
Function: solve took 0.01834249496459961 seconds
Function: get_partitions took 8.58306884765625e-06 seconds
Function: map_flows_partitions took 2.384185791015625e-06 seconds
Function: map_flows_to_cluster took 1.2159347534179688e-05 seconds
Building model with:
3 devices, 4 partitions and 4 flows
Function: MIP.add_frac_mem_var took 8.225440979003906e-05 seconds
Function: MIP.add_coverage_constraints took 4.76837158203125e-05 seconds
Function: MIP.add_accuracy_constraints took 0.00012087821960449219 seconds
Function: MIP.add_capacity_constraints took 0.00027179718017578125 seconds
Netmon behaving like UnivmonGreedyRows
--------------------------------------------------
Starting model update
Model update took: 2.9087066650390625e-05 s
--------------------------------------------------
Starting model optimize
Model optimize took: 0.0005509853363037109 seconds
--------------------------------------------------

VARIABLES ------------------------------
Objective: 0.0
frac[0,1] 0
frac[1,2] 0
frac[0,0] 0
frac[1,3] 0
frac[2,1] 1
frac[2,0] 1
frac[2,3] 1
frac[2,2] 1
frac[0,3] 0
frac[1,1] 0
mem[0,1] 0
mem[1,2] 0
mem[0,0] 0
mem[1,3] 0
mem[2,1] 5.09766
mem[2,0] 5.09766
mem[2,3] 5.09766
mem[2,2] 5.09766
mem[0,3] 0
mem[1,1] 0
mem_tot_{CPU_0,CPU_1} 0
normalized_mem_tot_{CPU_0,CPU_1} 0
rows_tot_{CPU_0,CPU_1} 0
normalized_rows_tot_{CPU_0,CPU_1} 0
mem_tot_{CPU_2,CPU_3} 0
normalized_mem_tot_{CPU_2,CPU_3} 0
rows_tot_{CPU_2,CPU_3} 0
normalized_rows_tot_{CPU_2,CPU_3} 0
mem_tot_P4_1 20.3906
normalized_mem_tot_P4_1 0.0354004
rows_tot_P4_1 12
normalized_rows_tot_P4_1 0.25
max_mem_P4 20.3906
max_mem_CPU_Cluster 0
max_rows_P4 12
max_rows_CPU_Cluster 0
--------------------------------------------------

Sketch (0) (cm: eps0: 0.00625, del0: 0.05, min_mem: 1.69921875)
Par0 id: 0, Rows: 3
(0.000,0)    (1.000,2)    
Total frac: 1.000

Sketch (1) (cm: eps0: 0.00625, del0: 0.05, min_mem: 1.69921875)
Par0 id: 1, Rows: 3
(0.000,0)    (1.000,2)    (0.000,1)    
Total frac: 1.000

Sketch (2) (cm: eps0: 0.00625, del0: 0.05, min_mem: 1.69921875)
Par0 id: 2, Rows: 3
(0.000,1)    (1.000,2)    
Total frac: 1.000

Sketch (3) (cm: eps0: 0.00625, del0: 0.05, min_mem: 1.69921875)
Par0 id: 3, Rows: 3
(0.000,1)    (1.000,2)    (0.000,0)    
Total frac: 1.000

Device (0) {CPU_0,CPU_1}:
Rows total: 0.0
Mem total: 0.0

Device (1) {CPU_2,CPU_3}:
Rows total: 0.0
Mem total: 0.0

Device (2) P4_1:
Rows total: 12.0
Mem total: 20.390625

Flow 0:
partitions: [(0, 1)]
path: {0, 2}
Flow 1:
partitions: [(1, 1)]
path: {0, 1, 2}
Flow 2:
partitions: [(2, 1)]
path: {1, 2}
Flow 3:
partitions: [(3, 1)]
path: {0, 1, 2}
--------------------------------------------------

VARIABLES ------------------------------
Objective: 10.204081632653061
mem_tot_{CPU_0,CPU_1} 0
ns_{CPU_0,CPU_1} 10.2041
--------------------------------------------------

VARIABLES ------------------------------
Objective: 10.204081632653061
mem_tot_{CPU_2,CPU_3} 0
ns_{CPU_2,CPU_3} 10.2041
--------------------------------------------------

VARIABLES ------------------------------
Objective: 6.756756756756757
mem_tot_P4_1 20.3906
ns_P4_1 6.75676
--------------------------------------------------

Throughput: 98.0 Mpps, ns per packet: 10.204081632653061
Resources: 3.4248046875
Used Cores: 0, Total CPUS: 0, Switch Memory: 20.390625

Sketch (0) (cm: eps0: 0.00625, del0: 0.05, min_mem: 1.69921875)
Par0 id: 0, Rows: 3
(0.000,0)    (1.000,2)    
Total frac: 1.000

Sketch (1) (cm: eps0: 0.00625, del0: 0.05, min_mem: 1.69921875)
Par0 id: 1, Rows: 3
(0.000,0)    (1.000,2)    (0.000,1)    
Total frac: 1.000

Sketch (2) (cm: eps0: 0.00625, del0: 0.05, min_mem: 1.69921875)
Par0 id: 2, Rows: 3
(0.000,1)    (1.000,2)    
Total frac: 1.000

Sketch (3) (cm: eps0: 0.00625, del0: 0.05, min_mem: 1.69921875)
Par0 id: 3, Rows: 3
(0.000,1)    (1.000,2)    (0.000,0)    
Total frac: 1.000

Device (0) {CPU_0,CPU_1}:
Rows total: 0.0
Mem total: 0.0
Throughput: 98.0

Device (1) {CPU_2,CPU_3}:
Rows total: 0.0
Mem total: 0.0
Throughput: 98.0

Device (2) P4_1:
Rows total: 12.0
Mem total: 20.390625
Throughput: 148.0

Flow 0:
partitions: [(0, 1)]
path: {0, 2}
Flow 1:
partitions: [(1, 1)]
path: {0, 1, 2}
Flow 2:
partitions: [(2, 1)]
path: {1, 2}
Flow 3:
partitions: [(3, 1)]
path: {0, 1, 2}
--------------------------------------------------
Function: MIP.solve took 0.00600433349609375 seconds
Function: get_partitions_flows took 2.3365020751953125e-05 seconds
Function: get_partitions_flows took 1.9311904907226562e-05 seconds
--------------------------------------------------
Clustered Optimization complete
--------------------------------------------------

VARIABLES ------------------------------
Objective: 10.204081632653063
mem_tot_CPU_0 0
m_access_time_CPU_0 0
ns_single_CPU_0 0
pdt_m_rows_CPU_0 0
cores_sketch_CPU_0 0
cores_dpdk_CPU_0 7
ns_sketch_CPU_0 10.2041
pdt_nsk_c_CPU_0 0
ns_dpdk_CPU_0 10.2041
pdt_nsc_dpdk_CPU_0 71.4286
ns_CPU_0 10.2041
--------------------------------------------------

VARIABLES ------------------------------
Objective: 10.204081632653063
mem_tot_CPU_1 0
m_access_time_CPU_1 0
ns_single_CPU_1 0
pdt_m_rows_CPU_1 0
cores_sketch_CPU_1 0
cores_dpdk_CPU_1 7
ns_sketch_CPU_1 10.2041
pdt_nsk_c_CPU_1 0
ns_dpdk_CPU_1 10.2041
pdt_nsc_dpdk_CPU_1 71.4286
ns_CPU_1 10.2041
--------------------------------------------------

VARIABLES ------------------------------
Objective: 10.204081632653063
mem_tot_CPU_2 0
m_access_time_CPU_2 0
ns_single_CPU_2 0
pdt_m_rows_CPU_2 0
cores_sketch_CPU_2 0
cores_dpdk_CPU_2 7
ns_sketch_CPU_2 10.2041
pdt_nsk_c_CPU_2 0
ns_dpdk_CPU_2 10.2041
pdt_nsc_dpdk_CPU_2 71.4286
ns_CPU_2 10.2041
--------------------------------------------------

VARIABLES ------------------------------
Objective: 10.204081632653063
mem_tot_CPU_3 0
m_access_time_CPU_3 0
ns_single_CPU_3 0
pdt_m_rows_CPU_3 0
cores_sketch_CPU_3 0
cores_dpdk_CPU_3 7
ns_sketch_CPU_3 10.2041
pdt_nsk_c_CPU_3 0
ns_dpdk_CPU_3 10.2041
pdt_nsc_dpdk_CPU_3 71.4286
ns_CPU_3 10.2041
--------------------------------------------------

VARIABLES ------------------------------
Objective: 6.756756756756757
mem_tot_P4_1 20.3906
ns_P4_1 6.75676
--------------------------------------------------

VARIABLES ------------------------------
Objective: 10.204081632653063
mem_tot_CPU_0 0
m_access_time_CPU_0 0
ns_single_CPU_0 0
pdt_m_rows_CPU_0 0
cores_sketch_CPU_0 0
cores_dpdk_CPU_0 7
ns_sketch_CPU_0 10.2041
pdt_nsk_c_CPU_0 0
ns_dpdk_CPU_0 10.2041
pdt_nsc_dpdk_CPU_0 71.4286
ns_CPU_0 10.2041
--------------------------------------------------

VARIABLES ------------------------------
Objective: 10.204081632653063
mem_tot_CPU_1 0
m_access_time_CPU_1 0
ns_single_CPU_1 0
pdt_m_rows_CPU_1 0
cores_sketch_CPU_1 0
cores_dpdk_CPU_1 7
ns_sketch_CPU_1 10.2041
pdt_nsk_c_CPU_1 0
ns_dpdk_CPU_1 10.2041
pdt_nsc_dpdk_CPU_1 71.4286
ns_CPU_1 10.2041
--------------------------------------------------

VARIABLES ------------------------------
Objective: 10.204081632653063
mem_tot_CPU_2 0
m_access_time_CPU_2 0
ns_single_CPU_2 0
pdt_m_rows_CPU_2 0
cores_sketch_CPU_2 0
cores_dpdk_CPU_2 7
ns_sketch_CPU_2 10.2041
pdt_nsk_c_CPU_2 0
ns_dpdk_CPU_2 10.2041
pdt_nsc_dpdk_CPU_2 71.4286
ns_CPU_2 10.2041
--------------------------------------------------

VARIABLES ------------------------------
Objective: 10.204081632653063
mem_tot_CPU_3 0
m_access_time_CPU_3 0
ns_single_CPU_3 0
pdt_m_rows_CPU_3 0
cores_sketch_CPU_3 0
cores_dpdk_CPU_3 7
ns_sketch_CPU_3 10.2041
pdt_nsk_c_CPU_3 0
ns_dpdk_CPU_3 10.2041
pdt_nsc_dpdk_CPU_3 71.4286
ns_CPU_3 10.2041
--------------------------------------------------

Throughput: 97.99999999999999 Mpps, ns per packet: 10.204081632653063
Resources: 283.4248046874989
Used Cores: 27.999999999999893, Total CPUS: 4, Switch Memory: 20.390625

Sketch (0) (cm: eps0: 0.00625, del0: 0.05, min_mem: 1.69921875)
Par0 id: 0, Rows: 3
(1.000,4)    
Total frac: 1.000

Sketch (1) (cm: eps0: 0.00625, del0: 0.05, min_mem: 1.69921875)
Par0 id: 1, Rows: 3
(1.000,4)    
Total frac: 1.000

Sketch (2) (cm: eps0: 0.00625, del0: 0.05, min_mem: 1.69921875)
Par0 id: 2, Rows: 3
(1.000,4)    
Total frac: 1.000

Sketch (3) (cm: eps0: 0.00625, del0: 0.05, min_mem: 1.69921875)
Par0 id: 3, Rows: 3
(1.000,4)    
Total frac: 1.000

Device (0) CPU_0:
cores_sketch: 0.0, cores_dpdk: 6.999999999999973
Rows total: 0
Mem total: 0
Throughput: 97.99999999999999

Device (1) CPU_1:
cores_sketch: 0.0, cores_dpdk: 6.999999999999973
Rows total: 0
Mem total: 0
Throughput: 97.99999999999999

Device (2) CPU_2:
cores_sketch: 0.0, cores_dpdk: 6.999999999999973
Rows total: 0
Mem total: 0
Throughput: 97.99999999999999

Device (3) CPU_3:
cores_sketch: 0.0, cores_dpdk: 6.999999999999973
Rows total: 0
Mem total: 0
Throughput: 97.99999999999999

Device (4) P4_1:
Rows total: 12.0
Mem total: 20.390625
Throughput: 148.0

Flow 0:
partitions: [(0, 1)]
path: (0, 4, 1)
Flow 1:
partitions: [(1, 1)]
path: (1, 4, 2)
Flow 2:
partitions: [(2, 1)]
path: (2, 4, 3)
Flow 3:
partitions: [(3, 1)]
path: (3, 4, 0)
--------------------------------------------------
Function: solve took 0.017217397689819336 seconds
Function: get_partitions took 8.821487426757812e-06 seconds
Function: map_flows_partitions took 2.384185791015625e-06 seconds
Function: map_flows_to_cluster took 1.239776611328125e-05 seconds
Building model with:
3 devices, 4 partitions and 4 flows
Function: MIP.add_frac_mem_var took 8.0108642578125e-05 seconds
Function: MIP.add_coverage_constraints took 4.673004150390625e-05 seconds
Function: MIP.add_accuracy_constraints took 0.00011920928955078125 seconds
Function: MIP.add_capacity_constraints took 0.0002696514129638672 seconds
Netmon behaving like UnivmonGreedyRows
--------------------------------------------------
Starting model update
Model update took: 2.956390380859375e-05 s
--------------------------------------------------
Starting model optimize
Model optimize took: 0.0005552768707275391 seconds
--------------------------------------------------

VARIABLES ------------------------------
Objective: 0.0
frac[0,1] 0
frac[1,2] 0
frac[0,0] 0
frac[1,3] 0
frac[2,1] 1
frac[2,0] 1
frac[2,3] 1
frac[2,2] 1
frac[0,3] 0
frac[1,1] 0
mem[0,1] 0
mem[1,2] 0
mem[0,0] 0
mem[1,3] 0
mem[2,1] 5.09766
mem[2,0] 5.09766
mem[2,3] 5.09766
mem[2,2] 5.09766
mem[0,3] 0
mem[1,1] 0
mem_tot_{CPU_0,CPU_1} 0
normalized_mem_tot_{CPU_0,CPU_1} 0
rows_tot_{CPU_0,CPU_1} 0
normalized_rows_tot_{CPU_0,CPU_1} 0
mem_tot_{CPU_2,CPU_3} 0
normalized_mem_tot_{CPU_2,CPU_3} 0
rows_tot_{CPU_2,CPU_3} 0
normalized_rows_tot_{CPU_2,CPU_3} 0
mem_tot_P4_1 20.3906
normalized_mem_tot_P4_1 0.0354004
rows_tot_P4_1 12
normalized_rows_tot_P4_1 0.25
max_mem_P4 20.3906
max_mem_CPU_Cluster 0
max_rows_P4 12
max_rows_CPU_Cluster 0
--------------------------------------------------

Sketch (0) (cm: eps0: 0.00625, del0: 0.05, min_mem: 1.69921875)
Par0 id: 0, Rows: 3
(0.000,0)    (1.000,2)    
Total frac: 1.000

Sketch (1) (cm: eps0: 0.00625, del0: 0.05, min_mem: 1.69921875)
Par0 id: 1, Rows: 3
(0.000,0)    (1.000,2)    (0.000,1)    
Total frac: 1.000

Sketch (2) (cm: eps0: 0.00625, del0: 0.05, min_mem: 1.69921875)
Par0 id: 2, Rows: 3
(0.000,1)    (1.000,2)    
Total frac: 1.000

Sketch (3) (cm: eps0: 0.00625, del0: 0.05, min_mem: 1.69921875)
Par0 id: 3, Rows: 3
(0.000,1)    (1.000,2)    (0.000,0)    
Total frac: 1.000

Device (0) {CPU_0,CPU_1}:
Rows total: 0.0
Mem total: 0.0

Device (1) {CPU_2,CPU_3}:
Rows total: 0.0
Mem total: 0.0

Device (2) P4_1:
Rows total: 12.0
Mem total: 20.390625

Flow 0:
partitions: [(0, 1)]
path: {0, 2}
Flow 1:
partitions: [(1, 1)]
path: {0, 1, 2}
Flow 2:
partitions: [(2, 1)]
path: {1, 2}
Flow 3:
partitions: [(3, 1)]
path: {0, 1, 2}
--------------------------------------------------

VARIABLES ------------------------------
Objective: 10.204081632653061
mem_tot_{CPU_0,CPU_1} 0
ns_{CPU_0,CPU_1} 10.2041
--------------------------------------------------

VARIABLES ------------------------------
Objective: 10.204081632653061
mem_tot_{CPU_2,CPU_3} 0
ns_{CPU_2,CPU_3} 10.2041
--------------------------------------------------

VARIABLES ------------------------------
Objective: 6.756756756756757
mem_tot_P4_1 20.3906
ns_P4_1 6.75676
--------------------------------------------------

Throughput: 98.0 Mpps, ns per packet: 10.204081632653061
Resources: 3.4248046875
Used Cores: 0, Total CPUS: 0, Switch Memory: 20.390625

Sketch (0) (cm: eps0: 0.00625, del0: 0.05, min_mem: 1.69921875)
Par0 id: 0, Rows: 3
(0.000,0)    (1.000,2)    
Total frac: 1.000

Sketch (1) (cm: eps0: 0.00625, del0: 0.05, min_mem: 1.69921875)
Par0 id: 1, Rows: 3
(0.000,0)    (1.000,2)    (0.000,1)    
Total frac: 1.000

Sketch (2) (cm: eps0: 0.00625, del0: 0.05, min_mem: 1.69921875)
Par0 id: 2, Rows: 3
(0.000,1)    (1.000,2)    
Total frac: 1.000

Sketch (3) (cm: eps0: 0.00625, del0: 0.05, min_mem: 1.69921875)
Par0 id: 3, Rows: 3
(0.000,1)    (1.000,2)    (0.000,0)    
Total frac: 1.000

Device (0) {CPU_0,CPU_1}:
Rows total: 0.0
Mem total: 0.0
Throughput: 98.0

Device (1) {CPU_2,CPU_3}:
Rows total: 0.0
Mem total: 0.0
Throughput: 98.0

Device (2) P4_1:
Rows total: 12.0
Mem total: 20.390625
Throughput: 148.0

Flow 0:
partitions: [(0, 1)]
path: {0, 2}
Flow 1:
partitions: [(1, 1)]
path: {0, 1, 2}
Flow 2:
partitions: [(2, 1)]
path: {1, 2}
Flow 3:
partitions: [(3, 1)]
path: {0, 1, 2}
--------------------------------------------------
Function: MIP.solve took 0.006094932556152344 seconds
Function: get_partitions_flows took 2.3365020751953125e-05 seconds
Function: get_partitions_flows took 1.8835067749023438e-05 seconds
--------------------------------------------------
Clustered Optimization complete
--------------------------------------------------

VARIABLES ------------------------------
Objective: 10.204081632653063
mem_tot_CPU_0 0
m_access_time_CPU_0 0
ns_single_CPU_0 0
pdt_m_rows_CPU_0 0
cores_sketch_CPU_0 0
cores_dpdk_CPU_0 7
ns_sketch_CPU_0 10.2041
pdt_nsk_c_CPU_0 0
ns_dpdk_CPU_0 10.2041
pdt_nsc_dpdk_CPU_0 71.4286
ns_CPU_0 10.2041
--------------------------------------------------

VARIABLES ------------------------------
Objective: 10.204081632653063
mem_tot_CPU_1 0
m_access_time_CPU_1 0
ns_single_CPU_1 0
pdt_m_rows_CPU_1 0
cores_sketch_CPU_1 0
cores_dpdk_CPU_1 7
ns_sketch_CPU_1 10.2041
pdt_nsk_c_CPU_1 0
ns_dpdk_CPU_1 10.2041
pdt_nsc_dpdk_CPU_1 71.4286
ns_CPU_1 10.2041
--------------------------------------------------

VARIABLES ------------------------------
Objective: 10.204081632653063
mem_tot_CPU_2 0
m_access_time_CPU_2 0
ns_single_CPU_2 0
pdt_m_rows_CPU_2 0
cores_sketch_CPU_2 0
cores_dpdk_CPU_2 7
ns_sketch_CPU_2 10.2041
pdt_nsk_c_CPU_2 0
ns_dpdk_CPU_2 10.2041
pdt_nsc_dpdk_CPU_2 71.4286
ns_CPU_2 10.2041
--------------------------------------------------

VARIABLES ------------------------------
Objective: 10.204081632653063
mem_tot_CPU_3 0
m_access_time_CPU_3 0
ns_single_CPU_3 0
pdt_m_rows_CPU_3 0
cores_sketch_CPU_3 0
cores_dpdk_CPU_3 7
ns_sketch_CPU_3 10.2041
pdt_nsk_c_CPU_3 0
ns_dpdk_CPU_3 10.2041
pdt_nsc_dpdk_CPU_3 71.4286
ns_CPU_3 10.2041
--------------------------------------------------

VARIABLES ------------------------------
Objective: 6.756756756756757
mem_tot_P4_1 20.3906
ns_P4_1 6.75676
--------------------------------------------------

VARIABLES ------------------------------
Objective: 10.204081632653063
mem_tot_CPU_0 0
m_access_time_CPU_0 0
ns_single_CPU_0 0
pdt_m_rows_CPU_0 0
cores_sketch_CPU_0 0
cores_dpdk_CPU_0 7
ns_sketch_CPU_0 10.2041
pdt_nsk_c_CPU_0 0
ns_dpdk_CPU_0 10.2041
pdt_nsc_dpdk_CPU_0 71.4286
ns_CPU_0 10.2041
--------------------------------------------------

VARIABLES ------------------------------
Objective: 10.204081632653063
mem_tot_CPU_1 0
m_access_time_CPU_1 0
ns_single_CPU_1 0
pdt_m_rows_CPU_1 0
cores_sketch_CPU_1 0
cores_dpdk_CPU_1 7
ns_sketch_CPU_1 10.2041
pdt_nsk_c_CPU_1 0
ns_dpdk_CPU_1 10.2041
pdt_nsc_dpdk_CPU_1 71.4286
ns_CPU_1 10.2041
--------------------------------------------------

VARIABLES ------------------------------
Objective: 10.204081632653063
mem_tot_CPU_2 0
m_access_time_CPU_2 0
ns_single_CPU_2 0
pdt_m_rows_CPU_2 0
cores_sketch_CPU_2 0
cores_dpdk_CPU_2 7
ns_sketch_CPU_2 10.2041
pdt_nsk_c_CPU_2 0
ns_dpdk_CPU_2 10.2041
pdt_nsc_dpdk_CPU_2 71.4286
ns_CPU_2 10.2041
--------------------------------------------------

VARIABLES ------------------------------
Objective: 10.204081632653063
mem_tot_CPU_3 0
m_access_time_CPU_3 0
ns_single_CPU_3 0
pdt_m_rows_CPU_3 0
cores_sketch_CPU_3 0
cores_dpdk_CPU_3 7
ns_sketch_CPU_3 10.2041
pdt_nsk_c_CPU_3 0
ns_dpdk_CPU_3 10.2041
pdt_nsc_dpdk_CPU_3 71.4286
ns_CPU_3 10.2041
--------------------------------------------------

Throughput: 97.99999999999999 Mpps, ns per packet: 10.204081632653063
Resources: 283.4248046874989
Used Cores: 27.999999999999893, Total CPUS: 4, Switch Memory: 20.390625

Sketch (0) (cm: eps0: 0.00625, del0: 0.05, min_mem: 1.69921875)
Par0 id: 0, Rows: 3
(1.000,4)    
Total frac: 1.000

Sketch (1) (cm: eps0: 0.00625, del0: 0.05, min_mem: 1.69921875)
Par0 id: 1, Rows: 3
(1.000,4)    
Total frac: 1.000

Sketch (2) (cm: eps0: 0.00625, del0: 0.05, min_mem: 1.69921875)
Par0 id: 2, Rows: 3
(1.000,4)    
Total frac: 1.000

Sketch (3) (cm: eps0: 0.00625, del0: 0.05, min_mem: 1.69921875)
Par0 id: 3, Rows: 3
(1.000,4)    
Total frac: 1.000

Device (0) CPU_0:
cores_sketch: 0.0, cores_dpdk: 6.999999999999973
Rows total: 0
Mem total: 0
Throughput: 97.99999999999999

Device (1) CPU_1:
cores_sketch: 0.0, cores_dpdk: 6.999999999999973
Rows total: 0
Mem total: 0
Throughput: 97.99999999999999

Device (2) CPU_2:
cores_sketch: 0.0, cores_dpdk: 6.999999999999973
Rows total: 0
Mem total: 0
Throughput: 97.99999999999999

Device (3) CPU_3:
cores_sketch: 0.0, cores_dpdk: 6.999999999999973
Rows total: 0
Mem total: 0
Throughput: 97.99999999999999

Device (4) P4_1:
Rows total: 12.0
Mem total: 20.390625
Throughput: 148.0

Flow 0:
partitions: [(0, 1)]
path: (0, 4, 1)
Flow 1:
partitions: [(1, 1)]
path: (1, 4, 2)
Flow 2:
partitions: [(2, 1)]
path: (2, 4, 3)
Flow 3:
partitions: [(3, 1)]
path: (3, 4, 0)
--------------------------------------------------
Function: solve took 0.017869234085083008 seconds
Function: get_partitions took 9.5367431640625e-06 seconds
Function: map_flows_partitions took 2.1457672119140625e-06 seconds
Function: map_flows_to_cluster took 1.2636184692382812e-05 seconds
Building model with:
3 devices, 4 partitions and 4 flows
Function: MIP.add_frac_mem_var took 8.130073547363281e-05 seconds
Function: MIP.add_coverage_constraints took 4.863739013671875e-05 seconds
Function: MIP.add_accuracy_constraints took 0.00012063980102539062 seconds
Function: MIP.add_capacity_constraints took 0.0002777576446533203 seconds
Netmon behaving like UnivmonGreedyRows
--------------------------------------------------
Starting model update
Model update took: 2.956390380859375e-05 s
--------------------------------------------------
Starting model optimize
Model optimize took: 0.0005571842193603516 seconds
--------------------------------------------------

VARIABLES ------------------------------
Objective: 0.0
frac[0,1] 0
frac[1,2] 0
frac[0,0] 0
frac[1,3] 0
frac[2,1] 1
frac[2,0] 1
frac[2,3] 1
frac[2,2] 1
frac[0,3] 0
frac[1,1] 0
mem[0,1] 0
mem[1,2] 0
mem[0,0] 0
mem[1,3] 0
mem[2,1] 5.09766
mem[2,0] 5.09766
mem[2,3] 5.09766
mem[2,2] 5.09766
mem[0,3] 0
mem[1,1] 0
mem_tot_{CPU_0,CPU_1} 0
normalized_mem_tot_{CPU_0,CPU_1} 0
rows_tot_{CPU_0,CPU_1} 0
normalized_rows_tot_{CPU_0,CPU_1} 0
mem_tot_{CPU_2,CPU_3} 0
normalized_mem_tot_{CPU_2,CPU_3} 0
rows_tot_{CPU_2,CPU_3} 0
normalized_rows_tot_{CPU_2,CPU_3} 0
mem_tot_P4_1 20.3906
normalized_mem_tot_P4_1 0.0354004
rows_tot_P4_1 12
normalized_rows_tot_P4_1 0.25
max_mem_P4 20.3906
max_mem_CPU_Cluster 0
max_rows_P4 12
max_rows_CPU_Cluster 0
--------------------------------------------------

Sketch (0) (cm: eps0: 0.00625, del0: 0.05, min_mem: 1.69921875)
Par0 id: 0, Rows: 3
(0.000,0)    (1.000,2)    
Total frac: 1.000

Sketch (1) (cm: eps0: 0.00625, del0: 0.05, min_mem: 1.69921875)
Par0 id: 1, Rows: 3
(0.000,0)    (1.000,2)    (0.000,1)    
Total frac: 1.000

Sketch (2) (cm: eps0: 0.00625, del0: 0.05, min_mem: 1.69921875)
Par0 id: 2, Rows: 3
(0.000,1)    (1.000,2)    
Total frac: 1.000

Sketch (3) (cm: eps0: 0.00625, del0: 0.05, min_mem: 1.69921875)
Par0 id: 3, Rows: 3
(0.000,1)    (1.000,2)    (0.000,0)    
Total frac: 1.000

Device (0) {CPU_0,CPU_1}:
Rows total: 0.0
Mem total: 0.0

Device (1) {CPU_2,CPU_3}:
Rows total: 0.0
Mem total: 0.0

Device (2) P4_1:
Rows total: 12.0
Mem total: 20.390625

Flow 0:
partitions: [(0, 1)]
path: {0, 2}
Flow 1:
partitions: [(1, 1)]
path: {0, 1, 2}
Flow 2:
partitions: [(2, 1)]
path: {1, 2}
Flow 3:
partitions: [(3, 1)]
path: {0, 1, 2}
--------------------------------------------------

VARIABLES ------------------------------
Objective: 10.204081632653061
mem_tot_{CPU_0,CPU_1} 0
ns_{CPU_0,CPU_1} 10.2041
--------------------------------------------------

VARIABLES ------------------------------
Objective: 10.204081632653061
mem_tot_{CPU_2,CPU_3} 0
ns_{CPU_2,CPU_3} 10.2041
--------------------------------------------------

VARIABLES ------------------------------
Objective: 6.756756756756757
mem_tot_P4_1 20.3906
ns_P4_1 6.75676
--------------------------------------------------

Throughput: 98.0 Mpps, ns per packet: 10.204081632653061
Resources: 3.4248046875
Used Cores: 0, Total CPUS: 0, Switch Memory: 20.390625

Sketch (0) (cm: eps0: 0.00625, del0: 0.05, min_mem: 1.69921875)
Par0 id: 0, Rows: 3
(0.000,0)    (1.000,2)    
Total frac: 1.000

Sketch (1) (cm: eps0: 0.00625, del0: 0.05, min_mem: 1.69921875)
Par0 id: 1, Rows: 3
(0.000,0)    (1.000,2)    (0.000,1)    
Total frac: 1.000

Sketch (2) (cm: eps0: 0.00625, del0: 0.05, min_mem: 1.69921875)
Par0 id: 2, Rows: 3
(0.000,1)    (1.000,2)    
Total frac: 1.000

Sketch (3) (cm: eps0: 0.00625, del0: 0.05, min_mem: 1.69921875)
Par0 id: 3, Rows: 3
(0.000,1)    (1.000,2)    (0.000,0)    
Total frac: 1.000

Device (0) {CPU_0,CPU_1}:
Rows total: 0.0
Mem total: 0.0
Throughput: 98.0

Device (1) {CPU_2,CPU_3}:
Rows total: 0.0
Mem total: 0.0
Throughput: 98.0

Device (2) P4_1:
Rows total: 12.0
Mem total: 20.390625
Throughput: 148.0

Flow 0:
partitions: [(0, 1)]
path: {0, 2}
Flow 1:
partitions: [(1, 1)]
path: {0, 1, 2}
Flow 2:
partitions: [(2, 1)]
path: {1, 2}
Flow 3:
partitions: [(3, 1)]
path: {0, 1, 2}
--------------------------------------------------
Function: MIP.solve took 0.0060575008392333984 seconds
Function: get_partitions_flows took 2.3126602172851562e-05 seconds
Function: get_partitions_flows took 1.9073486328125e-05 seconds
--------------------------------------------------
Clustered Optimization complete
--------------------------------------------------

VARIABLES ------------------------------
Objective: 10.204081632653063
mem_tot_CPU_0 0
m_access_time_CPU_0 0
ns_single_CPU_0 0
pdt_m_rows_CPU_0 0
cores_sketch_CPU_0 0
cores_dpdk_CPU_0 7
ns_sketch_CPU_0 10.2041
pdt_nsk_c_CPU_0 0
ns_dpdk_CPU_0 10.2041
pdt_nsc_dpdk_CPU_0 71.4286
ns_CPU_0 10.2041
--------------------------------------------------

VARIABLES ------------------------------
Objective: 10.204081632653063
mem_tot_CPU_1 0
m_access_time_CPU_1 0
ns_single_CPU_1 0
pdt_m_rows_CPU_1 0
cores_sketch_CPU_1 0
cores_dpdk_CPU_1 7
ns_sketch_CPU_1 10.2041
pdt_nsk_c_CPU_1 0
ns_dpdk_CPU_1 10.2041
pdt_nsc_dpdk_CPU_1 71.4286
ns_CPU_1 10.2041
--------------------------------------------------

VARIABLES ------------------------------
Objective: 10.204081632653063
mem_tot_CPU_2 0
m_access_time_CPU_2 0
ns_single_CPU_2 0
pdt_m_rows_CPU_2 0
cores_sketch_CPU_2 0
cores_dpdk_CPU_2 7
ns_sketch_CPU_2 10.2041
pdt_nsk_c_CPU_2 0
ns_dpdk_CPU_2 10.2041
pdt_nsc_dpdk_CPU_2 71.4286
ns_CPU_2 10.2041
--------------------------------------------------

VARIABLES ------------------------------
Objective: 10.204081632653063
mem_tot_CPU_3 0
m_access_time_CPU_3 0
ns_single_CPU_3 0
pdt_m_rows_CPU_3 0
cores_sketch_CPU_3 0
cores_dpdk_CPU_3 7
ns_sketch_CPU_3 10.2041
pdt_nsk_c_CPU_3 0
ns_dpdk_CPU_3 10.2041
pdt_nsc_dpdk_CPU_3 71.4286
ns_CPU_3 10.2041
--------------------------------------------------

VARIABLES ------------------------------
Objective: 6.756756756756757
mem_tot_P4_1 20.3906
ns_P4_1 6.75676
--------------------------------------------------

VARIABLES ------------------------------
Objective: 10.204081632653063
mem_tot_CPU_0 0
m_access_time_CPU_0 0
ns_single_CPU_0 0
pdt_m_rows_CPU_0 0
cores_sketch_CPU_0 0
cores_dpdk_CPU_0 7
ns_sketch_CPU_0 10.2041
pdt_nsk_c_CPU_0 0
ns_dpdk_CPU_0 10.2041
pdt_nsc_dpdk_CPU_0 71.4286
ns_CPU_0 10.2041
--------------------------------------------------

VARIABLES ------------------------------
Objective: 10.204081632653063
mem_tot_CPU_1 0
m_access_time_CPU_1 0
ns_single_CPU_1 0
pdt_m_rows_CPU_1 0
cores_sketch_CPU_1 0
cores_dpdk_CPU_1 7
ns_sketch_CPU_1 10.2041
pdt_nsk_c_CPU_1 0
ns_dpdk_CPU_1 10.2041
pdt_nsc_dpdk_CPU_1 71.4286
ns_CPU_1 10.2041
--------------------------------------------------

VARIABLES ------------------------------
Objective: 10.204081632653063
mem_tot_CPU_2 0
m_access_time_CPU_2 0
ns_single_CPU_2 0
pdt_m_rows_CPU_2 0
cores_sketch_CPU_2 0
cores_dpdk_CPU_2 7
ns_sketch_CPU_2 10.2041
pdt_nsk_c_CPU_2 0
ns_dpdk_CPU_2 10.2041
pdt_nsc_dpdk_CPU_2 71.4286
ns_CPU_2 10.2041
--------------------------------------------------

VARIABLES ------------------------------
Objective: 10.204081632653063
mem_tot_CPU_3 0
m_access_time_CPU_3 0
ns_single_CPU_3 0
pdt_m_rows_CPU_3 0
cores_sketch_CPU_3 0
cores_dpdk_CPU_3 7
ns_sketch_CPU_3 10.2041
pdt_nsk_c_CPU_3 0
ns_dpdk_CPU_3 10.2041
pdt_nsc_dpdk_CPU_3 71.4286
ns_CPU_3 10.2041
--------------------------------------------------

Throughput: 97.99999999999999 Mpps, ns per packet: 10.204081632653063
Resources: 283.4248046874989
Used Cores: 27.999999999999893, Total CPUS: 4, Switch Memory: 20.390625

Sketch (0) (cm: eps0: 0.00625, del0: 0.05, min_mem: 1.69921875)
Par0 id: 0, Rows: 3
(1.000,4)    
Total frac: 1.000

Sketch (1) (cm: eps0: 0.00625, del0: 0.05, min_mem: 1.69921875)
Par0 id: 1, Rows: 3
(1.000,4)    
Total frac: 1.000

Sketch (2) (cm: eps0: 0.00625, del0: 0.05, min_mem: 1.69921875)
Par0 id: 2, Rows: 3
(1.000,4)    
Total frac: 1.000

Sketch (3) (cm: eps0: 0.00625, del0: 0.05, min_mem: 1.69921875)
Par0 id: 3, Rows: 3
(1.000,4)    
Total frac: 1.000

Device (0) CPU_0:
cores_sketch: 0.0, cores_dpdk: 6.999999999999973
Rows total: 0
Mem total: 0
Throughput: 97.99999999999999

Device (1) CPU_1:
cores_sketch: 0.0, cores_dpdk: 6.999999999999973
Rows total: 0
Mem total: 0
Throughput: 97.99999999999999

Device (2) CPU_2:
cores_sketch: 0.0, cores_dpdk: 6.999999999999973
Rows total: 0
Mem total: 0
Throughput: 97.99999999999999

Device (3) CPU_3:
cores_sketch: 0.0, cores_dpdk: 6.999999999999973
Rows total: 0
Mem total: 0
Throughput: 97.99999999999999

Device (4) P4_1:
Rows total: 12.0
Mem total: 20.390625
Throughput: 148.0

Flow 0:
partitions: [(0, 1)]
path: (0, 4, 1)
Flow 1:
partitions: [(1, 1)]
path: (1, 4, 2)
Flow 2:
partitions: [(2, 1)]
path: (2, 4, 3)
Flow 3:
partitions: [(3, 1)]
path: (3, 4, 0)
--------------------------------------------------
Function: solve took 0.0174102783203125 seconds
