Function: get_partitions took 3.361701965332031e-05 seconds
Function: map_flows_partitions took 8.58306884765625e-06 seconds
Function: map_flows_to_cluster took 4.1961669921875e-05 seconds
Building model with:
11 devices, 20 partitions and 20 flows
Function: MIP.add_frac_mem_var took 0.0002963542938232422 seconds
Function: MIP.add_coverage_constraints took 0.0002028942108154297 seconds
Function: MIP.add_accuracy_constraints took 0.0006134510040283203 seconds
Function: MIP.add_capacity_constraints took 0.0010404586791992188 seconds
Netmon behaving like UnivmonGreedyRows
--------------------------------------------------
Starting model update
Model update took: 7.891654968261719e-05 s
--------------------------------------------------
Starting model optimize
Model optimize took: 0.018369436264038086 seconds
--------------------------------------------------

VARIABLES ------------------------------
Objective: 12.0
frac[5,9] -0
frac[4,7] -0
frac[1,3] -0
frac[10,11] 1
frac[10,17] 1
frac[4,8] 0
frac[10,6] 1
frac[10,15] 1
frac[9,18] 0
frac[3,7] -0
frac[2,5] -0
frac[10,3] 1
frac[1,2] 0
frac[10,8] 1
frac[4,9] -0
frac[7,15] -0
frac[10,7] 1
frac[10,12] 1
frac[10,18] 1
frac[9,17] -0
frac[3,6] -0
frac[10,0] 1
frac[8,16] 0
frac[1,1] -0
frac[10,9] 1
frac[8,15] -0
frac[7,14] 0
frac[0,0] -0
frac[10,4] 1
frac[5,11] -0
frac[6,11] -0
frac[10,13] -0
frac[10,19] -0
frac[2,3] -0
frac[10,1] -0
frac[8,17] -0
frac[6,12] -0
frac[3,5] 1
frac[0,1] 1
frac[10,5] -0
frac[5,10] 0
frac[10,10] 1
frac[10,16] 1
frac[0,19] -0
frac[7,13] -0
frac[10,14] 1
frac[6,13] 1
frac[9,19] 1
frac[2,4] -0
frac[10,2] 1
mem[5,9] 0
mem[4,7] 0
mem[1,3] 0
mem[10,11] 5.09766
mem[10,17] 5.09766
mem[4,8] 0
mem[10,6] 5.09766
mem[10,15] 5.09766
mem[9,18] 0
mem[3,7] 0
mem[2,5] 0
mem[10,3] 5.09766
mem[1,2] 0
mem[10,8] 5.09766
mem[4,9] 0
mem[7,15] 0
mem[10,7] 5.09766
mem[10,12] 5.09766
mem[10,18] 5.09766
mem[9,17] 0
mem[3,6] 0
mem[10,0] 5.09766
mem[8,16] 0
mem[1,1] 0
mem[10,9] 5.09766
mem[8,15] 0
mem[7,14] 0
mem[0,0] 0
mem[10,4] 5.09766
mem[5,11] 0
mem[6,11] 0
mem[10,13] 0
mem[10,19] 0
mem[2,3] 0
mem[10,1] 0
mem[8,17] 0
mem[6,12] 0
mem[3,5] 5.09766
mem[0,1] 5.09766
mem[10,5] 0
mem[5,10] 0
mem[10,10] 5.09766
mem[10,16] 5.09766
mem[0,19] 0
mem[7,13] 0
mem[10,14] 5.09766
mem[6,13] 5.09766
mem[9,19] 5.09766
mem[2,4] 0
mem[10,2] 5.09766
mem_tot_{CPU_0,CPU_1} 5.09766
normalized_mem_tot_{CPU_0,CPU_1} 7.77841e-05
rows_tot_{CPU_0,CPU_1} 3
normalized_rows_tot_{CPU_0,CPU_1} 0.125
mem_tot_{CPU_2,CPU_3} 0
normalized_mem_tot_{CPU_2,CPU_3} 0
rows_tot_{CPU_2,CPU_3} 0
normalized_rows_tot_{CPU_2,CPU_3} 0
mem_tot_{CPU_4,CPU_5} 0
normalized_mem_tot_{CPU_4,CPU_5} 0
rows_tot_{CPU_4,CPU_5} 0
normalized_rows_tot_{CPU_4,CPU_5} 0
mem_tot_{CPU_6,CPU_7} 5.09766
normalized_mem_tot_{CPU_6,CPU_7} 7.77841e-05
rows_tot_{CPU_6,CPU_7} 3
normalized_rows_tot_{CPU_6,CPU_7} 0.125
mem_tot_{CPU_8,CPU_9} 0
normalized_mem_tot_{CPU_8,CPU_9} 0
rows_tot_{CPU_8,CPU_9} 0
normalized_rows_tot_{CPU_8,CPU_9} 0
mem_tot_{CPU_10,CPU_11} 0
normalized_mem_tot_{CPU_10,CPU_11} 0
rows_tot_{CPU_10,CPU_11} 0
normalized_rows_tot_{CPU_10,CPU_11} 0
mem_tot_{CPU_12,CPU_13} 5.09766
normalized_mem_tot_{CPU_12,CPU_13} 7.77841e-05
rows_tot_{CPU_12,CPU_13} 3
normalized_rows_tot_{CPU_12,CPU_13} 0.125
mem_tot_{CPU_14,CPU_15} 0
normalized_mem_tot_{CPU_14,CPU_15} 0
rows_tot_{CPU_14,CPU_15} 0
normalized_rows_tot_{CPU_14,CPU_15} 0
mem_tot_{CPU_16,CPU_17} 0
normalized_mem_tot_{CPU_16,CPU_17} 0
rows_tot_{CPU_16,CPU_17} 0
normalized_rows_tot_{CPU_16,CPU_17} 0
mem_tot_{CPU_18,CPU_19} 5.09766
normalized_mem_tot_{CPU_18,CPU_19} 7.77841e-05
rows_tot_{CPU_18,CPU_19} 3
normalized_rows_tot_{CPU_18,CPU_19} 0.125
mem_tot_P4_1 81.5625
normalized_mem_tot_P4_1 0.141602
rows_tot_P4_1 48
normalized_rows_tot_P4_1 1
max_mem_P4 81.5625
max_mem_CPU_Cluster 7.77841e-05
max_rows_P4 48
max_rows_CPU_Cluster 0.125
--------------------------------------------------

Sketch (0) (cm: eps0: 0.00625, del0: 0.05, min_mem: 1.69921875)
Par0 id: 0, Rows: 3
(1.000,10)    (-0.000,0)    
Total frac: 1.000

Sketch (1) (cm: eps0: 0.00625, del0: 0.05, min_mem: 1.69921875)
Par0 id: 1, Rows: 3
(-0.000,1)    (-0.000,10)    (1.000,0)    
Total frac: 1.000

Sketch (2) (cm: eps0: 0.00625, del0: 0.05, min_mem: 1.69921875)
Par0 id: 2, Rows: 3
(0.000,1)    (1.000,10)    
Total frac: 1.000

Sketch (3) (cm: eps0: 0.00625, del0: 0.05, min_mem: 1.69921875)
Par0 id: 3, Rows: 3
(-0.000,1)    (1.000,10)    (-0.000,2)    
Total frac: 1.000

Sketch (4) (cm: eps0: 0.00625, del0: 0.05, min_mem: 1.69921875)
Par0 id: 4, Rows: 3
(1.000,10)    (-0.000,2)    
Total frac: 1.000

Sketch (5) (cm: eps0: 0.00625, del0: 0.05, min_mem: 1.69921875)
Par0 id: 5, Rows: 3
(-0.000,2)    (1.000,3)    (-0.000,10)    
Total frac: 1.000

Sketch (6) (cm: eps0: 0.00625, del0: 0.05, min_mem: 1.69921875)
Par0 id: 6, Rows: 3
(1.000,10)    (-0.000,3)    
Total frac: 1.000

Sketch (7) (cm: eps0: 0.00625, del0: 0.05, min_mem: 1.69921875)
Par0 id: 7, Rows: 3
(-0.000,4)    (-0.000,3)    (1.000,10)    
Total frac: 1.000

Sketch (8) (cm: eps0: 0.00625, del0: 0.05, min_mem: 1.69921875)
Par0 id: 8, Rows: 3
(0.000,4)    (1.000,10)    
Total frac: 1.000

Sketch (9) (cm: eps0: 0.00625, del0: 0.05, min_mem: 1.69921875)
Par0 id: 9, Rows: 3
(-0.000,5)    (-0.000,4)    (1.000,10)    
Total frac: 1.000

Sketch (10) (cm: eps0: 0.00625, del0: 0.05, min_mem: 1.69921875)
Par0 id: 10, Rows: 3
(0.000,5)    (1.000,10)    
Total frac: 1.000

Sketch (11) (cm: eps0: 0.00625, del0: 0.05, min_mem: 1.69921875)
Par0 id: 11, Rows: 3
(1.000,10)    (-0.000,5)    (-0.000,6)    
Total frac: 1.000

Sketch (12) (cm: eps0: 0.00625, del0: 0.05, min_mem: 1.69921875)
Par0 id: 12, Rows: 3
(1.000,10)    (-0.000,6)    
Total frac: 1.000

Sketch (13) (cm: eps0: 0.00625, del0: 0.05, min_mem: 1.69921875)
Par0 id: 13, Rows: 3
(-0.000,10)    (-0.000,7)    (1.000,6)    
Total frac: 1.000

Sketch (14) (cm: eps0: 0.00625, del0: 0.05, min_mem: 1.69921875)
Par0 id: 14, Rows: 3
(0.000,7)    (1.000,10)    
Total frac: 1.000

Sketch (15) (cm: eps0: 0.00625, del0: 0.05, min_mem: 1.69921875)
Par0 id: 15, Rows: 3
(1.000,10)    (-0.000,7)    (-0.000,8)    
Total frac: 1.000

Sketch (16) (cm: eps0: 0.00625, del0: 0.05, min_mem: 1.69921875)
Par0 id: 16, Rows: 3
(0.000,8)    (1.000,10)    
Total frac: 1.000

Sketch (17) (cm: eps0: 0.00625, del0: 0.05, min_mem: 1.69921875)
Par0 id: 17, Rows: 3
(1.000,10)    (-0.000,9)    (-0.000,8)    
Total frac: 1.000

Sketch (18) (cm: eps0: 0.00625, del0: 0.05, min_mem: 1.69921875)
Par0 id: 18, Rows: 3
(0.000,9)    (1.000,10)    
Total frac: 1.000

Sketch (19) (cm: eps0: 0.00625, del0: 0.05, min_mem: 1.69921875)
Par0 id: 19, Rows: 3
(-0.000,10)    (-0.000,0)    (1.000,9)    
Total frac: 1.000

Device (0) {CPU_0,CPU_1}:
Rows total: 3.0
Mem total: 5.09765625

Device (1) {CPU_2,CPU_3}:
Rows total: 0.0
Mem total: 0.0

Device (2) {CPU_4,CPU_5}:
Rows total: 0.0
Mem total: 0.0

Device (3) {CPU_6,CPU_7}:
Rows total: 3.0
Mem total: 5.09765625

Device (4) {CPU_8,CPU_9}:
Rows total: 0.0
Mem total: 0.0

Device (5) {CPU_10,CPU_11}:
Rows total: 0.0
Mem total: 0.0

Device (6) {CPU_12,CPU_13}:
Rows total: 3.0
Mem total: 5.09765625

Device (7) {CPU_14,CPU_15}:
Rows total: 0.0
Mem total: 0.0

Device (8) {CPU_16,CPU_17}:
Rows total: 0.0
Mem total: 0.0

Device (9) {CPU_18,CPU_19}:
Rows total: 3.0
Mem total: 5.09765625

Device (10) P4_1:
Rows total: 48.0
Mem total: 81.5625

Flow 0:
partitions: [(0, 1)]
path: {0, 10}
Flow 1:
partitions: [(1, 1)]
path: {0, 1, 10}
Flow 2:
partitions: [(2, 1)]
path: {1, 10}
Flow 3:
partitions: [(3, 1)]
path: {1, 10, 2}
Flow 4:
partitions: [(4, 1)]
path: {2, 10}
Flow 5:
partitions: [(5, 1)]
path: {3, 2, 10}
Flow 6:
partitions: [(6, 1)]
path: {10, 3}
Flow 7:
partitions: [(7, 1)]
path: {10, 3, 4}
Flow 8:
partitions: [(8, 1)]
path: {10, 4}
Flow 9:
partitions: [(9, 1)]
path: {10, 4, 5}
Flow 10:
partitions: [(10, 1)]
path: {10, 5}
Flow 11:
partitions: [(11, 1)]
path: {10, 5, 6}
Flow 12:
partitions: [(12, 1)]
path: {10, 6}
Flow 13:
partitions: [(13, 1)]
path: {10, 6, 7}
Flow 14:
partitions: [(14, 1)]
path: {10, 7}
Flow 15:
partitions: [(15, 1)]
path: {8, 10, 7}
Flow 16:
partitions: [(16, 1)]
path: {8, 10}
Flow 17:
partitions: [(17, 1)]
path: {8, 9, 10}
Flow 18:
partitions: [(18, 1)]
path: {9, 10}
Flow 19:
partitions: [(19, 1)]
path: {0, 9, 10}
--------------------------------------------------

VARIABLES ------------------------------
Objective: 10.204081632653061
mem_tot_{CPU_0,CPU_1} 5.09766
ns_{CPU_0,CPU_1} 10.2041
--------------------------------------------------

VARIABLES ------------------------------
Objective: 10.204081632653061
mem_tot_{CPU_2,CPU_3} 0
ns_{CPU_2,CPU_3} 10.2041
--------------------------------------------------

VARIABLES ------------------------------
Objective: 10.204081632653061
mem_tot_{CPU_4,CPU_5} 0
ns_{CPU_4,CPU_5} 10.2041
--------------------------------------------------

VARIABLES ------------------------------
Objective: 10.204081632653061
mem_tot_{CPU_6,CPU_7} 5.09766
ns_{CPU_6,CPU_7} 10.2041
--------------------------------------------------

VARIABLES ------------------------------
Objective: 10.204081632653061
mem_tot_{CPU_8,CPU_9} 0
ns_{CPU_8,CPU_9} 10.2041
--------------------------------------------------

VARIABLES ------------------------------
Objective: 10.204081632653061
mem_tot_{CPU_10,CPU_11} 0
ns_{CPU_10,CPU_11} 10.2041
--------------------------------------------------

VARIABLES ------------------------------
Objective: 10.204081632653061
mem_tot_{CPU_12,CPU_13} 5.09766
ns_{CPU_12,CPU_13} 10.2041
--------------------------------------------------

VARIABLES ------------------------------
Objective: 10.204081632653061
mem_tot_{CPU_14,CPU_15} 0
ns_{CPU_14,CPU_15} 10.2041
--------------------------------------------------

VARIABLES ------------------------------
Objective: 10.204081632653061
mem_tot_{CPU_16,CPU_17} 0
ns_{CPU_16,CPU_17} 10.2041
--------------------------------------------------

VARIABLES ------------------------------
Objective: 10.204081632653061
mem_tot_{CPU_18,CPU_19} 5.09766
ns_{CPU_18,CPU_19} 10.2041
--------------------------------------------------

VARIABLES ------------------------------
Objective: 6.756756756756757
mem_tot_P4_1 81.5625
ns_P4_1 6.75676
--------------------------------------------------

Throughput: 98.0 Mpps, ns per packet: 10.204081632653061
Resources: 34.08984375
Used Cores: 0, Total CPUS: 0, Switch Memory: 81.5625

Sketch (0) (cm: eps0: 0.00625, del0: 0.05, min_mem: 1.69921875)
Par0 id: 0, Rows: 3
(1.000,10)    (-0.000,0)    
Total frac: 1.000

Sketch (1) (cm: eps0: 0.00625, del0: 0.05, min_mem: 1.69921875)
Par0 id: 1, Rows: 3
(-0.000,1)    (-0.000,10)    (1.000,0)    
Total frac: 1.000

Sketch (2) (cm: eps0: 0.00625, del0: 0.05, min_mem: 1.69921875)
Par0 id: 2, Rows: 3
(0.000,1)    (1.000,10)    
Total frac: 1.000

Sketch (3) (cm: eps0: 0.00625, del0: 0.05, min_mem: 1.69921875)
Par0 id: 3, Rows: 3
(-0.000,1)    (1.000,10)    (-0.000,2)    
Total frac: 1.000

Sketch (4) (cm: eps0: 0.00625, del0: 0.05, min_mem: 1.69921875)
Par0 id: 4, Rows: 3
(1.000,10)    (-0.000,2)    
Total frac: 1.000

Sketch (5) (cm: eps0: 0.00625, del0: 0.05, min_mem: 1.69921875)
Par0 id: 5, Rows: 3
(-0.000,2)    (1.000,3)    (-0.000,10)    
Total frac: 1.000

Sketch (6) (cm: eps0: 0.00625, del0: 0.05, min_mem: 1.69921875)
Par0 id: 6, Rows: 3
(1.000,10)    (-0.000,3)    
Total frac: 1.000

Sketch (7) (cm: eps0: 0.00625, del0: 0.05, min_mem: 1.69921875)
Par0 id: 7, Rows: 3
(-0.000,4)    (-0.000,3)    (1.000,10)    
Total frac: 1.000

Sketch (8) (cm: eps0: 0.00625, del0: 0.05, min_mem: 1.69921875)
Par0 id: 8, Rows: 3
(0.000,4)    (1.000,10)    
Total frac: 1.000

Sketch (9) (cm: eps0: 0.00625, del0: 0.05, min_mem: 1.69921875)
Par0 id: 9, Rows: 3
(-0.000,5)    (-0.000,4)    (1.000,10)    
Total frac: 1.000

Sketch (10) (cm: eps0: 0.00625, del0: 0.05, min_mem: 1.69921875)
Par0 id: 10, Rows: 3
(0.000,5)    (1.000,10)    
Total frac: 1.000

Sketch (11) (cm: eps0: 0.00625, del0: 0.05, min_mem: 1.69921875)
Par0 id: 11, Rows: 3
(1.000,10)    (-0.000,5)    (-0.000,6)    
Total frac: 1.000

Sketch (12) (cm: eps0: 0.00625, del0: 0.05, min_mem: 1.69921875)
Par0 id: 12, Rows: 3
(1.000,10)    (-0.000,6)    
Total frac: 1.000

Sketch (13) (cm: eps0: 0.00625, del0: 0.05, min_mem: 1.69921875)
Par0 id: 13, Rows: 3
(-0.000,10)    (-0.000,7)    (1.000,6)    
Total frac: 1.000

Sketch (14) (cm: eps0: 0.00625, del0: 0.05, min_mem: 1.69921875)
Par0 id: 14, Rows: 3
(0.000,7)    (1.000,10)    
Total frac: 1.000

Sketch (15) (cm: eps0: 0.00625, del0: 0.05, min_mem: 1.69921875)
Par0 id: 15, Rows: 3
(1.000,10)    (-0.000,7)    (-0.000,8)    
Total frac: 1.000

Sketch (16) (cm: eps0: 0.00625, del0: 0.05, min_mem: 1.69921875)
Par0 id: 16, Rows: 3
(0.000,8)    (1.000,10)    
Total frac: 1.000

Sketch (17) (cm: eps0: 0.00625, del0: 0.05, min_mem: 1.69921875)
Par0 id: 17, Rows: 3
(1.000,10)    (-0.000,9)    (-0.000,8)    
Total frac: 1.000

Sketch (18) (cm: eps0: 0.00625, del0: 0.05, min_mem: 1.69921875)
Par0 id: 18, Rows: 3
(0.000,9)    (1.000,10)    
Total frac: 1.000

Sketch (19) (cm: eps0: 0.00625, del0: 0.05, min_mem: 1.69921875)
Par0 id: 19, Rows: 3
(-0.000,10)    (-0.000,0)    (1.000,9)    
Total frac: 1.000

Device (0) {CPU_0,CPU_1}:
Rows total: 3.0
Mem total: 5.09765625
Throughput: 98.0

Device (1) {CPU_2,CPU_3}:
Rows total: 0.0
Mem total: 0.0
Throughput: 98.0

Device (2) {CPU_4,CPU_5}:
Rows total: 0.0
Mem total: 0.0
Throughput: 98.0

Device (3) {CPU_6,CPU_7}:
Rows total: 3.0
Mem total: 5.09765625
Throughput: 98.0

Device (4) {CPU_8,CPU_9}:
Rows total: 0.0
Mem total: 0.0
Throughput: 98.0

Device (5) {CPU_10,CPU_11}:
Rows total: 0.0
Mem total: 0.0
Throughput: 98.0

Device (6) {CPU_12,CPU_13}:
Rows total: 3.0
Mem total: 5.09765625
Throughput: 98.0

Device (7) {CPU_14,CPU_15}:
Rows total: 0.0
Mem total: 0.0
Throughput: 98.0

Device (8) {CPU_16,CPU_17}:
Rows total: 0.0
Mem total: 0.0
Throughput: 98.0

Device (9) {CPU_18,CPU_19}:
Rows total: 3.0
Mem total: 5.09765625
Throughput: 98.0

Device (10) P4_1:
Rows total: 48.0
Mem total: 81.5625
Throughput: 148.0

Flow 0:
partitions: [(0, 1)]
path: {0, 10}
Flow 1:
partitions: [(1, 1)]
path: {0, 1, 10}
Flow 2:
partitions: [(2, 1)]
path: {1, 10}
Flow 3:
partitions: [(3, 1)]
path: {1, 10, 2}
Flow 4:
partitions: [(4, 1)]
path: {2, 10}
Flow 5:
partitions: [(5, 1)]
path: {3, 2, 10}
Flow 6:
partitions: [(6, 1)]
path: {10, 3}
Flow 7:
partitions: [(7, 1)]
path: {10, 3, 4}
Flow 8:
partitions: [(8, 1)]
path: {10, 4}
Flow 9:
partitions: [(9, 1)]
path: {10, 4, 5}
Flow 10:
partitions: [(10, 1)]
path: {10, 5}
Flow 11:
partitions: [(11, 1)]
path: {10, 5, 6}
Flow 12:
partitions: [(12, 1)]
path: {10, 6}
Flow 13:
partitions: [(13, 1)]
path: {10, 6, 7}
Flow 14:
partitions: [(14, 1)]
path: {10, 7}
Flow 15:
partitions: [(15, 1)]
path: {8, 10, 7}
Flow 16:
partitions: [(16, 1)]
path: {8, 10}
Flow 17:
partitions: [(17, 1)]
path: {8, 9, 10}
Flow 18:
partitions: [(18, 1)]
path: {9, 10}
Flow 19:
partitions: [(19, 1)]
path: {0, 9, 10}
--------------------------------------------------
Function: MIP.solve took 0.03977560997009277 seconds
Function: get_partitions_flows took 4.696846008300781e-05 seconds
Function: get_partitions_flows took 3.528594970703125e-05 seconds
Function: get_partitions_flows took 3.266334533691406e-05 seconds
Function: get_partitions_flows took 3.6716461181640625e-05 seconds
Function: get_partitions_flows took 3.2901763916015625e-05 seconds
Function: get_partitions_flows took 3.218650817871094e-05 seconds
Function: get_partitions_flows took 3.695487976074219e-05 seconds
Function: get_partitions_flows took 3.2901763916015625e-05 seconds
Function: get_partitions_flows took 3.1948089599609375e-05 seconds
Function: get_partitions_flows took 3.695487976074219e-05 seconds
Building model with:
2 devices, 1 partitions and 1 flows
Function: MIP.add_frac_mem_var took 4.982948303222656e-05 seconds
Function: MIP.add_coverage_constraints took 2.1457672119140625e-05 seconds
Function: MIP.add_accuracy_constraints took 2.1457672119140625e-05 seconds
Function: MIP.add_capacity_constraints took 0.0001671314239501953 seconds

VARIABLES ------------------------------
Objective: 10.204081632653063
mem_tot_CPU_0 0
m_access_time_CPU_0 0
ns_single_CPU_0 0
pdt_m_rows_CPU_0 0
cores_sketch_CPU_0 0
cores_dpdk_CPU_0 7
ns_sketch_CPU_0 10.2041
pdt_nsk_c_CPU_0 0
ns_dpdk_CPU_0 10.2041
pdt_nsc_dpdk_CPU_0 71.4286
ns_CPU_0 10.2041
--------------------------------------------------

VARIABLES ------------------------------
Objective: 11.42857142857143
mem_tot_CPU_1 5.09766
m_access_time_CPU_1 0.536096
ns_single_CPU_1 12.1083
pdt_m_rows_CPU_1 1.60829
cores_sketch_CPU_1 2
cores_dpdk_CPU_1 5
ns_sketch_CPU_1 6.05414
pdt_nsk_c_CPU_1 12.1083
ns_dpdk_CPU_1 11.4286
pdt_nsc_dpdk_CPU_1 57.1429
ns_CPU_1 11.4286
--------------------------------------------------

VARIABLES ------------------------------
Objective: 11.42857142857143
mem_tot_CPU_0 0
m_access_time_CPU_0 0
ns_single_CPU_0 0
pdt_m_rows_CPU_0 0
cores_sketch_CPU_0 0
cores_dpdk_CPU_0 5
ns_sketch_CPU_0 11.4286
pdt_nsk_c_CPU_0 0
ns_dpdk_CPU_0 11.4286
pdt_nsc_dpdk_CPU_0 57.1429
ns_CPU_0 11.4286
--------------------------------------------------

VARIABLES ------------------------------
Objective: 11.42857142857143
mem_tot_CPU_1 5.09766
m_access_time_CPU_1 0.536096
ns_single_CPU_1 12.1083
pdt_m_rows_CPU_1 1.60829
cores_sketch_CPU_1 2
cores_dpdk_CPU_1 5
ns_sketch_CPU_1 6.05414
pdt_nsk_c_CPU_1 12.1083
ns_dpdk_CPU_1 11.4286
pdt_nsc_dpdk_CPU_1 57.1429
ns_CPU_1 11.4286
--------------------------------------------------

Sketch (1) (cm: eps0: 0.00625, del0: 0.05, min_mem: 1.69921875)
Par0 id: 1, Rows: 3
(1.000,1)    
Total frac: 1.000

Device (0) CPU_0:
cores_sketch: 0.0, cores_dpdk: 5.0
Rows total: 0.0
Mem total: 0.0
Throughput: 87.49999999999999

Device (1) CPU_1:
cores_sketch: 2.0, cores_dpdk: 4.9999999999999964
Rows total: 3.0
Mem total: 5.09765625
Throughput: 87.49999999999999

Flow 0:
partitions: [(0, 1.0)]
path: {1}
--------------------------------------------------
--------------------------------------------------
Starting model update
Model update took: 1.7881393432617188e-05 s
--------------------------------------------------
Starting model optimize
Model optimize took: 0.00024962425231933594 seconds
--------------------------------------------------

VARIABLES ------------------------------
Objective: 120.00062227249146
frac[1,0] 1
mem[1,0] 5.09766
mem_tot_CPU_0 0
normalized_mem_tot_CPU_0 0
rows_tot_CPU_0 0
normalized_rows_tot_CPU_0 0
mem_tot_CPU_1 5.09766
normalized_mem_tot_CPU_1 0.000155568
rows_tot_CPU_1 3
normalized_rows_tot_CPU_1 0.25
max_mem_CPU_Cluster 0.000155568
max_rows_CPU_Cluster 0.25
m_access_time_CPU_0 0
ns_single_CPU_0 0
pdt_m_rows_CPU_0 0
cores_sketch_CPU_0 -0
cores_dpdk_CPU_0 5
m_access_time_CPU_1 0.536096
ns_single_CPU_1 12.1083
pdt_m_rows_CPU_1 1.60829
cores_sketch_CPU_1 2
cores_dpdk_CPU_1 5
res 120.001
--------------------------------------------------

Throughput: 87.49999999999999 Mpps, ns per packet: 11.42857142857143
Resources: 120.00062227249146
Used Cores: 12.0, Total CPUS: 2, Switch Memory: 0

Sketch (1) (cm: eps0: 0.00625, del0: 0.05, min_mem: 1.69921875)
Par0 id: 1, Rows: 3
(1.000,1)    
Total frac: 1.000

Device (0) CPU_0:
cores_sketch: -0.0, cores_dpdk: 5.0
Rows total: 0.0
Mem total: 0.0
Throughput: 87.49999999999999

Device (1) CPU_1:
cores_sketch: 2.0, cores_dpdk: 5.0
Rows total: 3.0
Mem total: 5.09765625
Throughput: 87.49999999999999

Flow 0:
partitions: [(0, 1.0)]
path: {1}
--------------------------------------------------
Function: MIP.solve took 0.010185718536376953 seconds
Building model with:
2 devices, 1 partitions and 1 flows
Function: MIP.add_frac_mem_var took 4.553794860839844e-05 seconds
Function: MIP.add_coverage_constraints took 2.0503997802734375e-05 seconds
Function: MIP.add_accuracy_constraints took 2.002716064453125e-05 seconds
Function: MIP.add_capacity_constraints took 0.00015997886657714844 seconds

VARIABLES ------------------------------
Objective: 11.42857142857143
mem_tot_CPU_6 5.09766
m_access_time_CPU_6 0.536096
ns_single_CPU_6 12.1083
pdt_m_rows_CPU_6 1.60829
cores_sketch_CPU_6 2
cores_dpdk_CPU_6 5
ns_sketch_CPU_6 6.05414
pdt_nsk_c_CPU_6 12.1083
ns_dpdk_CPU_6 11.4286
pdt_nsc_dpdk_CPU_6 57.1429
ns_CPU_6 11.4286
--------------------------------------------------

VARIABLES ------------------------------
Objective: 10.204081632653063
mem_tot_CPU_7 0
m_access_time_CPU_7 0
ns_single_CPU_7 0
pdt_m_rows_CPU_7 0
cores_sketch_CPU_7 0
cores_dpdk_CPU_7 7
ns_sketch_CPU_7 10.2041
pdt_nsk_c_CPU_7 0
ns_dpdk_CPU_7 10.2041
pdt_nsc_dpdk_CPU_7 71.4286
ns_CPU_7 10.2041
--------------------------------------------------

VARIABLES ------------------------------
Objective: 11.42857142857143
mem_tot_CPU_6 5.09766
m_access_time_CPU_6 0.536096
ns_single_CPU_6 12.1083
pdt_m_rows_CPU_6 1.60829
cores_sketch_CPU_6 2
cores_dpdk_CPU_6 5
ns_sketch_CPU_6 6.05414
pdt_nsk_c_CPU_6 12.1083
ns_dpdk_CPU_6 11.4286
pdt_nsc_dpdk_CPU_6 57.1429
ns_CPU_6 11.4286
--------------------------------------------------

VARIABLES ------------------------------
Objective: 11.42857142857143
mem_tot_CPU_7 0
m_access_time_CPU_7 0
ns_single_CPU_7 0
pdt_m_rows_CPU_7 0
cores_sketch_CPU_7 0
cores_dpdk_CPU_7 5
ns_sketch_CPU_7 11.4286
pdt_nsk_c_CPU_7 0
ns_dpdk_CPU_7 11.4286
pdt_nsc_dpdk_CPU_7 57.1429
ns_CPU_7 11.4286
--------------------------------------------------

Sketch (5) (cm: eps0: 0.00625, del0: 0.05, min_mem: 1.69921875)
Par0 id: 5, Rows: 3
(1.000,0)    
Total frac: 1.000

Device (0) CPU_6:
cores_sketch: 2.0, cores_dpdk: 4.9999999999999964
Rows total: 3.0
Mem total: 5.09765625
Throughput: 87.49999999999999

Device (1) CPU_7:
cores_sketch: 0.0, cores_dpdk: 5.0
Rows total: 0.0
Mem total: 0.0
Throughput: 87.49999999999999

Flow 0:
partitions: [(0, 1.0)]
path: {0}
--------------------------------------------------
--------------------------------------------------
Starting model update
Model update took: 1.9550323486328125e-05 s
--------------------------------------------------
Starting model optimize
Model optimize took: 0.0002472400665283203 seconds
--------------------------------------------------

VARIABLES ------------------------------
Objective: 120.00062227249146
frac[0,0] 1
mem[0,0] 5.09766
mem_tot_CPU_6 5.09766
normalized_mem_tot_CPU_6 0.000155568
rows_tot_CPU_6 3
normalized_rows_tot_CPU_6 0.25
mem_tot_CPU_7 0
normalized_mem_tot_CPU_7 0
rows_tot_CPU_7 0
normalized_rows_tot_CPU_7 0
max_mem_CPU_Cluster 0.000155568
max_rows_CPU_Cluster 0.25
m_access_time_CPU_6 0.536096
ns_single_CPU_6 12.1083
pdt_m_rows_CPU_6 1.60829
cores_sketch_CPU_6 2
cores_dpdk_CPU_6 5
m_access_time_CPU_7 0
ns_single_CPU_7 0
pdt_m_rows_CPU_7 0
cores_sketch_CPU_7 -0
cores_dpdk_CPU_7 5
res 120.001
--------------------------------------------------

Throughput: 87.49999999999999 Mpps, ns per packet: 11.42857142857143
Resources: 120.00062227249146
Used Cores: 12.0, Total CPUS: 2, Switch Memory: 0

Sketch (5) (cm: eps0: 0.00625, del0: 0.05, min_mem: 1.69921875)
Par0 id: 5, Rows: 3
(1.000,0)    
Total frac: 1.000

Device (0) CPU_6:
cores_sketch: 2.0, cores_dpdk: 5.0
Rows total: 3.0
Mem total: 5.09765625
Throughput: 87.49999999999999

Device (1) CPU_7:
cores_sketch: -0.0, cores_dpdk: 5.0
Rows total: 0.0
Mem total: 0.0
Throughput: 87.49999999999999

Flow 0:
partitions: [(0, 1.0)]
path: {0}
--------------------------------------------------
Function: MIP.solve took 0.010097980499267578 seconds
Building model with:
2 devices, 1 partitions and 1 flows
Function: MIP.add_frac_mem_var took 4.553794860839844e-05 seconds
Function: MIP.add_coverage_constraints took 2.1219253540039062e-05 seconds
Function: MIP.add_accuracy_constraints took 2.0265579223632812e-05 seconds
Function: MIP.add_capacity_constraints took 0.00016069412231445312 seconds

VARIABLES ------------------------------
Objective: 10.204081632653063
mem_tot_CPU_12 0
m_access_time_CPU_12 0
ns_single_CPU_12 0
pdt_m_rows_CPU_12 0
cores_sketch_CPU_12 0
cores_dpdk_CPU_12 7
ns_sketch_CPU_12 10.2041
pdt_nsk_c_CPU_12 0
ns_dpdk_CPU_12 10.2041
pdt_nsc_dpdk_CPU_12 71.4286
ns_CPU_12 10.2041
--------------------------------------------------

VARIABLES ------------------------------
Objective: 11.42857142857143
mem_tot_CPU_13 5.09766
m_access_time_CPU_13 0.536096
ns_single_CPU_13 12.1083
pdt_m_rows_CPU_13 1.60829
cores_sketch_CPU_13 2
cores_dpdk_CPU_13 5
ns_sketch_CPU_13 6.05414
pdt_nsk_c_CPU_13 12.1083
ns_dpdk_CPU_13 11.4286
pdt_nsc_dpdk_CPU_13 57.1429
ns_CPU_13 11.4286
--------------------------------------------------

VARIABLES ------------------------------
Objective: 11.42857142857143
mem_tot_CPU_12 0
m_access_time_CPU_12 0
ns_single_CPU_12 0
pdt_m_rows_CPU_12 0
cores_sketch_CPU_12 0
cores_dpdk_CPU_12 5
ns_sketch_CPU_12 11.4286
pdt_nsk_c_CPU_12 0
ns_dpdk_CPU_12 11.4286
pdt_nsc_dpdk_CPU_12 57.1429
ns_CPU_12 11.4286
--------------------------------------------------

VARIABLES ------------------------------
Objective: 11.42857142857143
mem_tot_CPU_13 5.09766
m_access_time_CPU_13 0.536096
ns_single_CPU_13 12.1083
pdt_m_rows_CPU_13 1.60829
cores_sketch_CPU_13 2
cores_dpdk_CPU_13 5
ns_sketch_CPU_13 6.05414
pdt_nsk_c_CPU_13 12.1083
ns_dpdk_CPU_13 11.4286
pdt_nsc_dpdk_CPU_13 57.1429
ns_CPU_13 11.4286
--------------------------------------------------

Sketch (13) (cm: eps0: 0.00625, del0: 0.05, min_mem: 1.69921875)
Par0 id: 13, Rows: 3
(1.000,1)    
Total frac: 1.000

Device (0) CPU_12:
cores_sketch: 0.0, cores_dpdk: 5.0
Rows total: 0.0
Mem total: 0.0
Throughput: 87.49999999999999

Device (1) CPU_13:
cores_sketch: 2.0, cores_dpdk: 4.9999999999999964
Rows total: 3.0
Mem total: 5.09765625
Throughput: 87.49999999999999

Flow 0:
partitions: [(0, 1.0)]
path: {1}
--------------------------------------------------
--------------------------------------------------
Starting model update
Model update took: 1.7404556274414062e-05 s
--------------------------------------------------
Starting model optimize
Model optimize took: 0.00024175643920898438 seconds
--------------------------------------------------

VARIABLES ------------------------------
Objective: 120.00062227249146
frac[1,0] 1
mem[1,0] 5.09766
mem_tot_CPU_12 0
normalized_mem_tot_CPU_12 0
rows_tot_CPU_12 0
normalized_rows_tot_CPU_12 0
mem_tot_CPU_13 5.09766
normalized_mem_tot_CPU_13 0.000155568
rows_tot_CPU_13 3
normalized_rows_tot_CPU_13 0.25
max_mem_CPU_Cluster 0.000155568
max_rows_CPU_Cluster 0.25
m_access_time_CPU_12 0
ns_single_CPU_12 0
pdt_m_rows_CPU_12 0
cores_sketch_CPU_12 -0
cores_dpdk_CPU_12 5
m_access_time_CPU_13 0.536096
ns_single_CPU_13 12.1083
pdt_m_rows_CPU_13 1.60829
cores_sketch_CPU_13 2
cores_dpdk_CPU_13 5
res 120.001
--------------------------------------------------

Throughput: 87.49999999999999 Mpps, ns per packet: 11.42857142857143
Resources: 120.00062227249146
Used Cores: 12.0, Total CPUS: 2, Switch Memory: 0

Sketch (13) (cm: eps0: 0.00625, del0: 0.05, min_mem: 1.69921875)
Par0 id: 13, Rows: 3
(1.000,1)    
Total frac: 1.000

Device (0) CPU_12:
cores_sketch: -0.0, cores_dpdk: 5.0
Rows total: 0.0
Mem total: 0.0
Throughput: 87.49999999999999

Device (1) CPU_13:
cores_sketch: 2.0, cores_dpdk: 5.0
Rows total: 3.0
Mem total: 5.09765625
Throughput: 87.49999999999999

Flow 0:
partitions: [(0, 1.0)]
path: {1}
--------------------------------------------------
Function: MIP.solve took 0.009771108627319336 seconds
Building model with:
2 devices, 1 partitions and 1 flows
Function: MIP.add_frac_mem_var took 4.482269287109375e-05 seconds
Function: MIP.add_coverage_constraints took 1.9550323486328125e-05 seconds
Function: MIP.add_accuracy_constraints took 1.9550323486328125e-05 seconds
Function: MIP.add_capacity_constraints took 0.0001506805419921875 seconds

VARIABLES ------------------------------
Objective: 10.204081632653063
mem_tot_CPU_18 0
m_access_time_CPU_18 0
ns_single_CPU_18 0
pdt_m_rows_CPU_18 0
cores_sketch_CPU_18 0
cores_dpdk_CPU_18 7
ns_sketch_CPU_18 10.2041
pdt_nsk_c_CPU_18 0
ns_dpdk_CPU_18 10.2041
pdt_nsc_dpdk_CPU_18 71.4286
ns_CPU_18 10.2041
--------------------------------------------------

VARIABLES ------------------------------
Objective: 11.42857142857143
mem_tot_CPU_19 5.09766
m_access_time_CPU_19 0.536096
ns_single_CPU_19 12.1083
pdt_m_rows_CPU_19 1.60829
cores_sketch_CPU_19 2
cores_dpdk_CPU_19 5
ns_sketch_CPU_19 6.05414
pdt_nsk_c_CPU_19 12.1083
ns_dpdk_CPU_19 11.4286
pdt_nsc_dpdk_CPU_19 57.1429
ns_CPU_19 11.4286
--------------------------------------------------

VARIABLES ------------------------------
Objective: 11.42857142857143
mem_tot_CPU_18 0
m_access_time_CPU_18 0
ns_single_CPU_18 0
pdt_m_rows_CPU_18 0
cores_sketch_CPU_18 0
cores_dpdk_CPU_18 5
ns_sketch_CPU_18 11.4286
pdt_nsk_c_CPU_18 0
ns_dpdk_CPU_18 11.4286
pdt_nsc_dpdk_CPU_18 57.1429
ns_CPU_18 11.4286
--------------------------------------------------

VARIABLES ------------------------------
Objective: 11.42857142857143
mem_tot_CPU_19 5.09766
m_access_time_CPU_19 0.536096
ns_single_CPU_19 12.1083
pdt_m_rows_CPU_19 1.60829
cores_sketch_CPU_19 2
cores_dpdk_CPU_19 5
ns_sketch_CPU_19 6.05414
pdt_nsk_c_CPU_19 12.1083
ns_dpdk_CPU_19 11.4286
pdt_nsc_dpdk_CPU_19 57.1429
ns_CPU_19 11.4286
--------------------------------------------------

Sketch (19) (cm: eps0: 0.00625, del0: 0.05, min_mem: 1.69921875)
Par0 id: 19, Rows: 3
(1.000,1)    
Total frac: 1.000

Device (0) CPU_18:
cores_sketch: 0.0, cores_dpdk: 5.0
Rows total: 0.0
Mem total: 0.0
Throughput: 87.49999999999999

Device (1) CPU_19:
cores_sketch: 2.0, cores_dpdk: 4.9999999999999964
Rows total: 3.0
Mem total: 5.09765625
Throughput: 87.49999999999999

Flow 0:
partitions: [(0, 1.0)]
path: {1}
--------------------------------------------------
--------------------------------------------------
Starting model update
Model update took: 1.8596649169921875e-05 s
--------------------------------------------------
Starting model optimize
Model optimize took: 0.0002448558807373047 seconds
--------------------------------------------------

VARIABLES ------------------------------
Objective: 120.00062227249146
frac[1,0] 1
mem[1,0] 5.09766
mem_tot_CPU_18 0
normalized_mem_tot_CPU_18 0
rows_tot_CPU_18 0
normalized_rows_tot_CPU_18 0
mem_tot_CPU_19 5.09766
normalized_mem_tot_CPU_19 0.000155568
rows_tot_CPU_19 3
normalized_rows_tot_CPU_19 0.25
max_mem_CPU_Cluster 0.000155568
max_rows_CPU_Cluster 0.25
m_access_time_CPU_18 0
ns_single_CPU_18 0
pdt_m_rows_CPU_18 0
cores_sketch_CPU_18 -0
cores_dpdk_CPU_18 5
m_access_time_CPU_19 0.536096
ns_single_CPU_19 12.1083
pdt_m_rows_CPU_19 1.60829
cores_sketch_CPU_19 2
cores_dpdk_CPU_19 5
res 120.001
--------------------------------------------------

Throughput: 87.49999999999999 Mpps, ns per packet: 11.42857142857143
Resources: 120.00062227249146
Used Cores: 12.0, Total CPUS: 2, Switch Memory: 0

Sketch (19) (cm: eps0: 0.00625, del0: 0.05, min_mem: 1.69921875)
Par0 id: 19, Rows: 3
(1.000,1)    
Total frac: 1.000

Device (0) CPU_18:
cores_sketch: -0.0, cores_dpdk: 5.0
Rows total: 0.0
Mem total: 0.0
Throughput: 87.49999999999999

Device (1) CPU_19:
cores_sketch: 2.0, cores_dpdk: 5.0
Rows total: 3.0
Mem total: 5.09765625
Throughput: 87.49999999999999

Flow 0:
partitions: [(0, 1.0)]
path: {1}
--------------------------------------------------
Function: MIP.solve took 0.00995182991027832 seconds
--------------------------------------------------
Clustered Optimization complete
--------------------------------------------------

VARIABLES ------------------------------
Objective: 10.204081632653063
mem_tot_CPU_0 0
m_access_time_CPU_0 0
ns_single_CPU_0 0
pdt_m_rows_CPU_0 0
cores_sketch_CPU_0 0
cores_dpdk_CPU_0 7
ns_sketch_CPU_0 10.2041
pdt_nsk_c_CPU_0 0
ns_dpdk_CPU_0 10.2041
pdt_nsc_dpdk_CPU_0 71.4286
ns_CPU_0 10.2041
--------------------------------------------------

VARIABLES ------------------------------
Objective: 11.42857142857143
mem_tot_CPU_1 5.09766
m_access_time_CPU_1 0.536096
ns_single_CPU_1 12.1083
pdt_m_rows_CPU_1 1.60829
cores_sketch_CPU_1 2
cores_dpdk_CPU_1 5
ns_sketch_CPU_1 6.05414
pdt_nsk_c_CPU_1 12.1083
ns_dpdk_CPU_1 11.4286
pdt_nsc_dpdk_CPU_1 57.1429
ns_CPU_1 11.4286
--------------------------------------------------

VARIABLES ------------------------------
Objective: 10.204081632653063
mem_tot_CPU_2 0
m_access_time_CPU_2 0
ns_single_CPU_2 0
pdt_m_rows_CPU_2 0
cores_sketch_CPU_2 0
cores_dpdk_CPU_2 7
ns_sketch_CPU_2 10.2041
pdt_nsk_c_CPU_2 0
ns_dpdk_CPU_2 10.2041
pdt_nsc_dpdk_CPU_2 71.4286
ns_CPU_2 10.2041
--------------------------------------------------

VARIABLES ------------------------------
Objective: 10.204081632653063
mem_tot_CPU_3 0
m_access_time_CPU_3 0
ns_single_CPU_3 0
pdt_m_rows_CPU_3 0
cores_sketch_CPU_3 0
cores_dpdk_CPU_3 7
ns_sketch_CPU_3 10.2041
pdt_nsk_c_CPU_3 0
ns_dpdk_CPU_3 10.2041
pdt_nsc_dpdk_CPU_3 71.4286
ns_CPU_3 10.2041
--------------------------------------------------

VARIABLES ------------------------------
Objective: 10.204081632653063
mem_tot_CPU_4 0
m_access_time_CPU_4 0
ns_single_CPU_4 0
pdt_m_rows_CPU_4 0
cores_sketch_CPU_4 0
cores_dpdk_CPU_4 7
ns_sketch_CPU_4 10.2041
pdt_nsk_c_CPU_4 0
ns_dpdk_CPU_4 10.2041
pdt_nsc_dpdk_CPU_4 71.4286
ns_CPU_4 10.2041
--------------------------------------------------

VARIABLES ------------------------------
Objective: 10.204081632653063
mem_tot_CPU_5 0
m_access_time_CPU_5 0
ns_single_CPU_5 0
pdt_m_rows_CPU_5 0
cores_sketch_CPU_5 0
cores_dpdk_CPU_5 7
ns_sketch_CPU_5 10.2041
pdt_nsk_c_CPU_5 0
ns_dpdk_CPU_5 10.2041
pdt_nsc_dpdk_CPU_5 71.4286
ns_CPU_5 10.2041
--------------------------------------------------

VARIABLES ------------------------------
Objective: 11.42857142857143
mem_tot_CPU_6 5.09766
m_access_time_CPU_6 0.536096
ns_single_CPU_6 12.1083
pdt_m_rows_CPU_6 1.60829
cores_sketch_CPU_6 2
cores_dpdk_CPU_6 5
ns_sketch_CPU_6 6.05414
pdt_nsk_c_CPU_6 12.1083
ns_dpdk_CPU_6 11.4286
pdt_nsc_dpdk_CPU_6 57.1429
ns_CPU_6 11.4286
--------------------------------------------------

VARIABLES ------------------------------
Objective: 10.204081632653063
mem_tot_CPU_7 0
m_access_time_CPU_7 0
ns_single_CPU_7 0
pdt_m_rows_CPU_7 0
cores_sketch_CPU_7 0
cores_dpdk_CPU_7 7
ns_sketch_CPU_7 10.2041
pdt_nsk_c_CPU_7 0
ns_dpdk_CPU_7 10.2041
pdt_nsc_dpdk_CPU_7 71.4286
ns_CPU_7 10.2041
--------------------------------------------------

VARIABLES ------------------------------
Objective: 10.204081632653063
mem_tot_CPU_8 0
m_access_time_CPU_8 0
ns_single_CPU_8 0
pdt_m_rows_CPU_8 0
cores_sketch_CPU_8 0
cores_dpdk_CPU_8 7
ns_sketch_CPU_8 10.2041
pdt_nsk_c_CPU_8 0
ns_dpdk_CPU_8 10.2041
pdt_nsc_dpdk_CPU_8 71.4286
ns_CPU_8 10.2041
--------------------------------------------------

VARIABLES ------------------------------
Objective: 10.204081632653063
mem_tot_CPU_9 0
m_access_time_CPU_9 0
ns_single_CPU_9 0
pdt_m_rows_CPU_9 0
cores_sketch_CPU_9 0
cores_dpdk_CPU_9 7
ns_sketch_CPU_9 10.2041
pdt_nsk_c_CPU_9 0
ns_dpdk_CPU_9 10.2041
pdt_nsc_dpdk_CPU_9 71.4286
ns_CPU_9 10.2041
--------------------------------------------------

VARIABLES ------------------------------
Objective: 10.204081632653063
mem_tot_CPU_10 0
m_access_time_CPU_10 0
ns_single_CPU_10 0
pdt_m_rows_CPU_10 0
cores_sketch_CPU_10 0
cores_dpdk_CPU_10 7
ns_sketch_CPU_10 10.2041
pdt_nsk_c_CPU_10 0
ns_dpdk_CPU_10 10.2041
pdt_nsc_dpdk_CPU_10 71.4286
ns_CPU_10 10.2041
--------------------------------------------------

VARIABLES ------------------------------
Objective: 10.204081632653063
mem_tot_CPU_11 0
m_access_time_CPU_11 0
ns_single_CPU_11 0
pdt_m_rows_CPU_11 0
cores_sketch_CPU_11 0
cores_dpdk_CPU_11 7
ns_sketch_CPU_11 10.2041
pdt_nsk_c_CPU_11 0
ns_dpdk_CPU_11 10.2041
pdt_nsc_dpdk_CPU_11 71.4286
ns_CPU_11 10.2041
--------------------------------------------------

VARIABLES ------------------------------
Objective: 10.204081632653063
mem_tot_CPU_12 0
m_access_time_CPU_12 0
ns_single_CPU_12 0
pdt_m_rows_CPU_12 0
cores_sketch_CPU_12 0
cores_dpdk_CPU_12 7
ns_sketch_CPU_12 10.2041
pdt_nsk_c_CPU_12 0
ns_dpdk_CPU_12 10.2041
pdt_nsc_dpdk_CPU_12 71.4286
ns_CPU_12 10.2041
--------------------------------------------------

VARIABLES ------------------------------
Objective: 11.42857142857143
mem_tot_CPU_13 5.09766
m_access_time_CPU_13 0.536096
ns_single_CPU_13 12.1083
pdt_m_rows_CPU_13 1.60829
cores_sketch_CPU_13 2
cores_dpdk_CPU_13 5
ns_sketch_CPU_13 6.05414
pdt_nsk_c_CPU_13 12.1083
ns_dpdk_CPU_13 11.4286
pdt_nsc_dpdk_CPU_13 57.1429
ns_CPU_13 11.4286
--------------------------------------------------

VARIABLES ------------------------------
Objective: 10.204081632653063
mem_tot_CPU_14 0
m_access_time_CPU_14 0
ns_single_CPU_14 0
pdt_m_rows_CPU_14 0
cores_sketch_CPU_14 0
cores_dpdk_CPU_14 7
ns_sketch_CPU_14 10.2041
pdt_nsk_c_CPU_14 0
ns_dpdk_CPU_14 10.2041
pdt_nsc_dpdk_CPU_14 71.4286
ns_CPU_14 10.2041
--------------------------------------------------

VARIABLES ------------------------------
Objective: 10.204081632653063
mem_tot_CPU_15 0
m_access_time_CPU_15 0
ns_single_CPU_15 0
pdt_m_rows_CPU_15 0
cores_sketch_CPU_15 0
cores_dpdk_CPU_15 7
ns_sketch_CPU_15 10.2041
pdt_nsk_c_CPU_15 0
ns_dpdk_CPU_15 10.2041
pdt_nsc_dpdk_CPU_15 71.4286
ns_CPU_15 10.2041
--------------------------------------------------

VARIABLES ------------------------------
Objective: 10.204081632653063
mem_tot_CPU_16 0
m_access_time_CPU_16 0
ns_single_CPU_16 0
pdt_m_rows_CPU_16 0
cores_sketch_CPU_16 0
cores_dpdk_CPU_16 7
ns_sketch_CPU_16 10.2041
pdt_nsk_c_CPU_16 0
ns_dpdk_CPU_16 10.2041
pdt_nsc_dpdk_CPU_16 71.4286
ns_CPU_16 10.2041
--------------------------------------------------

VARIABLES ------------------------------
Objective: 10.204081632653063
mem_tot_CPU_17 0
m_access_time_CPU_17 0
ns_single_CPU_17 0
pdt_m_rows_CPU_17 0
cores_sketch_CPU_17 0
cores_dpdk_CPU_17 7
ns_sketch_CPU_17 10.2041
pdt_nsk_c_CPU_17 0
ns_dpdk_CPU_17 10.2041
pdt_nsc_dpdk_CPU_17 71.4286
ns_CPU_17 10.2041
--------------------------------------------------

VARIABLES ------------------------------
Objective: 10.204081632653063
mem_tot_CPU_18 0
m_access_time_CPU_18 0
ns_single_CPU_18 0
pdt_m_rows_CPU_18 0
cores_sketch_CPU_18 0
cores_dpdk_CPU_18 7
ns_sketch_CPU_18 10.2041
pdt_nsk_c_CPU_18 0
ns_dpdk_CPU_18 10.2041
pdt_nsc_dpdk_CPU_18 71.4286
ns_CPU_18 10.2041
--------------------------------------------------

VARIABLES ------------------------------
Objective: 11.42857142857143
mem_tot_CPU_19 5.09766
m_access_time_CPU_19 0.536096
ns_single_CPU_19 12.1083
pdt_m_rows_CPU_19 1.60829
cores_sketch_CPU_19 2
cores_dpdk_CPU_19 5
ns_sketch_CPU_19 6.05414
pdt_nsk_c_CPU_19 12.1083
ns_dpdk_CPU_19 11.4286
pdt_nsc_dpdk_CPU_19 57.1429
ns_CPU_19 11.4286
--------------------------------------------------

VARIABLES ------------------------------
Objective: 6.756756756756757
mem_tot_P4_1 81.5625
ns_P4_1 6.75676
--------------------------------------------------

VARIABLES ------------------------------
Objective: 11.42857142857143
mem_tot_CPU_0 0
m_access_time_CPU_0 0
ns_single_CPU_0 0
pdt_m_rows_CPU_0 0
cores_sketch_CPU_0 0
cores_dpdk_CPU_0 5
ns_sketch_CPU_0 11.4286
pdt_nsk_c_CPU_0 0
ns_dpdk_CPU_0 11.4286
pdt_nsc_dpdk_CPU_0 57.1429
ns_CPU_0 11.4286
--------------------------------------------------

VARIABLES ------------------------------
Objective: 11.42857142857143
mem_tot_CPU_1 5.09766
m_access_time_CPU_1 0.536096
ns_single_CPU_1 12.1083
pdt_m_rows_CPU_1 1.60829
cores_sketch_CPU_1 2
cores_dpdk_CPU_1 5
ns_sketch_CPU_1 6.05414
pdt_nsk_c_CPU_1 12.1083
ns_dpdk_CPU_1 11.4286
pdt_nsc_dpdk_CPU_1 57.1429
ns_CPU_1 11.4286
--------------------------------------------------

VARIABLES ------------------------------
Objective: 11.42857142857143
mem_tot_CPU_2 0
m_access_time_CPU_2 0
ns_single_CPU_2 0
pdt_m_rows_CPU_2 0
cores_sketch_CPU_2 0
cores_dpdk_CPU_2 5
ns_sketch_CPU_2 11.4286
pdt_nsk_c_CPU_2 0
ns_dpdk_CPU_2 11.4286
pdt_nsc_dpdk_CPU_2 57.1429
ns_CPU_2 11.4286
--------------------------------------------------

VARIABLES ------------------------------
Objective: 11.42857142857143
mem_tot_CPU_3 0
m_access_time_CPU_3 0
ns_single_CPU_3 0
pdt_m_rows_CPU_3 0
cores_sketch_CPU_3 0
cores_dpdk_CPU_3 5
ns_sketch_CPU_3 11.4286
pdt_nsk_c_CPU_3 0
ns_dpdk_CPU_3 11.4286
pdt_nsc_dpdk_CPU_3 57.1429
ns_CPU_3 11.4286
--------------------------------------------------

VARIABLES ------------------------------
Objective: 11.42857142857143
mem_tot_CPU_4 0
m_access_time_CPU_4 0
ns_single_CPU_4 0
pdt_m_rows_CPU_4 0
cores_sketch_CPU_4 0
cores_dpdk_CPU_4 5
ns_sketch_CPU_4 11.4286
pdt_nsk_c_CPU_4 0
ns_dpdk_CPU_4 11.4286
pdt_nsc_dpdk_CPU_4 57.1429
ns_CPU_4 11.4286
--------------------------------------------------

VARIABLES ------------------------------
Objective: 11.42857142857143
mem_tot_CPU_5 0
m_access_time_CPU_5 0
ns_single_CPU_5 0
pdt_m_rows_CPU_5 0
cores_sketch_CPU_5 0
cores_dpdk_CPU_5 5
ns_sketch_CPU_5 11.4286
pdt_nsk_c_CPU_5 0
ns_dpdk_CPU_5 11.4286
pdt_nsc_dpdk_CPU_5 57.1429
ns_CPU_5 11.4286
--------------------------------------------------

VARIABLES ------------------------------
Objective: 11.42857142857143
mem_tot_CPU_6 5.09766
m_access_time_CPU_6 0.536096
ns_single_CPU_6 12.1083
pdt_m_rows_CPU_6 1.60829
cores_sketch_CPU_6 2
cores_dpdk_CPU_6 5
ns_sketch_CPU_6 6.05414
pdt_nsk_c_CPU_6 12.1083
ns_dpdk_CPU_6 11.4286
pdt_nsc_dpdk_CPU_6 57.1429
ns_CPU_6 11.4286
--------------------------------------------------

VARIABLES ------------------------------
Objective: 11.42857142857143
mem_tot_CPU_7 0
m_access_time_CPU_7 0
ns_single_CPU_7 0
pdt_m_rows_CPU_7 0
cores_sketch_CPU_7 0
cores_dpdk_CPU_7 5
ns_sketch_CPU_7 11.4286
pdt_nsk_c_CPU_7 0
ns_dpdk_CPU_7 11.4286
pdt_nsc_dpdk_CPU_7 57.1429
ns_CPU_7 11.4286
--------------------------------------------------

VARIABLES ------------------------------
Objective: 11.42857142857143
mem_tot_CPU_8 0
m_access_time_CPU_8 0
ns_single_CPU_8 0
pdt_m_rows_CPU_8 0
cores_sketch_CPU_8 0
cores_dpdk_CPU_8 5
ns_sketch_CPU_8 11.4286
pdt_nsk_c_CPU_8 0
ns_dpdk_CPU_8 11.4286
pdt_nsc_dpdk_CPU_8 57.1429
ns_CPU_8 11.4286
--------------------------------------------------

VARIABLES ------------------------------
Objective: 11.42857142857143
mem_tot_CPU_9 0
m_access_time_CPU_9 0
ns_single_CPU_9 0
pdt_m_rows_CPU_9 0
cores_sketch_CPU_9 0
cores_dpdk_CPU_9 5
ns_sketch_CPU_9 11.4286
pdt_nsk_c_CPU_9 0
ns_dpdk_CPU_9 11.4286
pdt_nsc_dpdk_CPU_9 57.1429
ns_CPU_9 11.4286
--------------------------------------------------

VARIABLES ------------------------------
Objective: 11.42857142857143
mem_tot_CPU_10 0
m_access_time_CPU_10 0
ns_single_CPU_10 0
pdt_m_rows_CPU_10 0
cores_sketch_CPU_10 0
cores_dpdk_CPU_10 5
ns_sketch_CPU_10 11.4286
pdt_nsk_c_CPU_10 0
ns_dpdk_CPU_10 11.4286
pdt_nsc_dpdk_CPU_10 57.1429
ns_CPU_10 11.4286
--------------------------------------------------

VARIABLES ------------------------------
Objective: 11.42857142857143
mem_tot_CPU_11 0
m_access_time_CPU_11 0
ns_single_CPU_11 0
pdt_m_rows_CPU_11 0
cores_sketch_CPU_11 0
cores_dpdk_CPU_11 5
ns_sketch_CPU_11 11.4286
pdt_nsk_c_CPU_11 0
ns_dpdk_CPU_11 11.4286
pdt_nsc_dpdk_CPU_11 57.1429
ns_CPU_11 11.4286
--------------------------------------------------

VARIABLES ------------------------------
Objective: 11.42857142857143
mem_tot_CPU_12 0
m_access_time_CPU_12 0
ns_single_CPU_12 0
pdt_m_rows_CPU_12 0
cores_sketch_CPU_12 0
cores_dpdk_CPU_12 5
ns_sketch_CPU_12 11.4286
pdt_nsk_c_CPU_12 0
ns_dpdk_CPU_12 11.4286
pdt_nsc_dpdk_CPU_12 57.1429
ns_CPU_12 11.4286
--------------------------------------------------

VARIABLES ------------------------------
Objective: 11.42857142857143
mem_tot_CPU_13 5.09766
m_access_time_CPU_13 0.536096
ns_single_CPU_13 12.1083
pdt_m_rows_CPU_13 1.60829
cores_sketch_CPU_13 2
cores_dpdk_CPU_13 5
ns_sketch_CPU_13 6.05414
pdt_nsk_c_CPU_13 12.1083
ns_dpdk_CPU_13 11.4286
pdt_nsc_dpdk_CPU_13 57.1429
ns_CPU_13 11.4286
--------------------------------------------------

VARIABLES ------------------------------
Objective: 11.42857142857143
mem_tot_CPU_14 0
m_access_time_CPU_14 0
ns_single_CPU_14 0
pdt_m_rows_CPU_14 0
cores_sketch_CPU_14 0
cores_dpdk_CPU_14 5
ns_sketch_CPU_14 11.4286
pdt_nsk_c_CPU_14 0
ns_dpdk_CPU_14 11.4286
pdt_nsc_dpdk_CPU_14 57.1429
ns_CPU_14 11.4286
--------------------------------------------------

VARIABLES ------------------------------
Objective: 11.42857142857143
mem_tot_CPU_15 0
m_access_time_CPU_15 0
ns_single_CPU_15 0
pdt_m_rows_CPU_15 0
cores_sketch_CPU_15 0
cores_dpdk_CPU_15 5
ns_sketch_CPU_15 11.4286
pdt_nsk_c_CPU_15 0
ns_dpdk_CPU_15 11.4286
pdt_nsc_dpdk_CPU_15 57.1429
ns_CPU_15 11.4286
--------------------------------------------------

VARIABLES ------------------------------
Objective: 11.42857142857143
mem_tot_CPU_16 0
m_access_time_CPU_16 0
ns_single_CPU_16 0
pdt_m_rows_CPU_16 0
cores_sketch_CPU_16 0
cores_dpdk_CPU_16 5
ns_sketch_CPU_16 11.4286
pdt_nsk_c_CPU_16 0
ns_dpdk_CPU_16 11.4286
pdt_nsc_dpdk_CPU_16 57.1429
ns_CPU_16 11.4286
--------------------------------------------------

VARIABLES ------------------------------
Objective: 11.42857142857143
mem_tot_CPU_17 0
m_access_time_CPU_17 0
ns_single_CPU_17 0
pdt_m_rows_CPU_17 0
cores_sketch_CPU_17 0
cores_dpdk_CPU_17 5
ns_sketch_CPU_17 11.4286
pdt_nsk_c_CPU_17 0
ns_dpdk_CPU_17 11.4286
pdt_nsc_dpdk_CPU_17 57.1429
ns_CPU_17 11.4286
--------------------------------------------------

VARIABLES ------------------------------
Objective: 11.42857142857143
mem_tot_CPU_18 0
m_access_time_CPU_18 0
ns_single_CPU_18 0
pdt_m_rows_CPU_18 0
cores_sketch_CPU_18 0
cores_dpdk_CPU_18 5
ns_sketch_CPU_18 11.4286
pdt_nsk_c_CPU_18 0
ns_dpdk_CPU_18 11.4286
pdt_nsc_dpdk_CPU_18 57.1429
ns_CPU_18 11.4286
--------------------------------------------------

VARIABLES ------------------------------
Objective: 11.42857142857143
mem_tot_CPU_19 5.09766
m_access_time_CPU_19 0.536096
ns_single_CPU_19 12.1083
pdt_m_rows_CPU_19 1.60829
cores_sketch_CPU_19 2
cores_dpdk_CPU_19 5
ns_sketch_CPU_19 6.05414
pdt_nsk_c_CPU_19 12.1083
ns_dpdk_CPU_19 11.4286
pdt_nsc_dpdk_CPU_19 57.1429
ns_CPU_19 11.4286
--------------------------------------------------

Throughput: 87.49999999999999 Mpps, ns per packet: 11.42857142857143
Resources: 1093.7017078399658
Used Cores: 108.0, Total CPUS: 20, Switch Memory: 81.5625

Sketch (0) (cm: eps0: 0.00625, del0: 0.05, min_mem: 1.69921875)
Par0 id: 0, Rows: 3
(1.000,20)    
Total frac: 1.000

Sketch (1) (cm: eps0: 0.00625, del0: 0.05, min_mem: 1.69921875)
Par0 id: 1, Rows: 3
(-0.000,20)    (1.000,1)    
Total frac: 1.000

Sketch (2) (cm: eps0: 0.00625, del0: 0.05, min_mem: 1.69921875)
Par0 id: 2, Rows: 3
(1.000,20)    
Total frac: 1.000

Sketch (3) (cm: eps0: 0.00625, del0: 0.05, min_mem: 1.69921875)
Par0 id: 3, Rows: 3
(1.000,20)    
Total frac: 1.000

Sketch (4) (cm: eps0: 0.00625, del0: 0.05, min_mem: 1.69921875)
Par0 id: 4, Rows: 3
(1.000,20)    
Total frac: 1.000

Sketch (5) (cm: eps0: 0.00625, del0: 0.05, min_mem: 1.69921875)
Par0 id: 5, Rows: 3
(-0.000,20)    (1.000,6)    
Total frac: 1.000

Sketch (6) (cm: eps0: 0.00625, del0: 0.05, min_mem: 1.69921875)
Par0 id: 6, Rows: 3
(1.000,20)    
Total frac: 1.000

Sketch (7) (cm: eps0: 0.00625, del0: 0.05, min_mem: 1.69921875)
Par0 id: 7, Rows: 3
(1.000,20)    
Total frac: 1.000

Sketch (8) (cm: eps0: 0.00625, del0: 0.05, min_mem: 1.69921875)
Par0 id: 8, Rows: 3
(1.000,20)    
Total frac: 1.000

Sketch (9) (cm: eps0: 0.00625, del0: 0.05, min_mem: 1.69921875)
Par0 id: 9, Rows: 3
(1.000,20)    
Total frac: 1.000

Sketch (10) (cm: eps0: 0.00625, del0: 0.05, min_mem: 1.69921875)
Par0 id: 10, Rows: 3
(1.000,20)    
Total frac: 1.000

Sketch (11) (cm: eps0: 0.00625, del0: 0.05, min_mem: 1.69921875)
Par0 id: 11, Rows: 3
(1.000,20)    
Total frac: 1.000

Sketch (12) (cm: eps0: 0.00625, del0: 0.05, min_mem: 1.69921875)
Par0 id: 12, Rows: 3
(1.000,20)    
Total frac: 1.000

Sketch (13) (cm: eps0: 0.00625, del0: 0.05, min_mem: 1.69921875)
Par0 id: 13, Rows: 3
(-0.000,20)    (1.000,13)    
Total frac: 1.000

Sketch (14) (cm: eps0: 0.00625, del0: 0.05, min_mem: 1.69921875)
Par0 id: 14, Rows: 3
(1.000,20)    
Total frac: 1.000

Sketch (15) (cm: eps0: 0.00625, del0: 0.05, min_mem: 1.69921875)
Par0 id: 15, Rows: 3
(1.000,20)    
Total frac: 1.000

Sketch (16) (cm: eps0: 0.00625, del0: 0.05, min_mem: 1.69921875)
Par0 id: 16, Rows: 3
(1.000,20)    
Total frac: 1.000

Sketch (17) (cm: eps0: 0.00625, del0: 0.05, min_mem: 1.69921875)
Par0 id: 17, Rows: 3
(1.000,20)    
Total frac: 1.000

Sketch (18) (cm: eps0: 0.00625, del0: 0.05, min_mem: 1.69921875)
Par0 id: 18, Rows: 3
(1.000,20)    
Total frac: 1.000

Sketch (19) (cm: eps0: 0.00625, del0: 0.05, min_mem: 1.69921875)
Par0 id: 19, Rows: 3
(-0.000,20)    (1.000,19)    
Total frac: 1.000

Device (0) CPU_0:
cores_sketch: 0.0, cores_dpdk: 5.0
Rows total: 0.0
Mem total: 0.0
Throughput: 87.49999999999999

Device (1) CPU_1:
cores_sketch: 2.0, cores_dpdk: 4.9999999999999964
Rows total: 3.0
Mem total: 5.09765625
Throughput: 87.49999999999999

Device (2) CPU_2:
cores_sketch: 0.0, cores_dpdk: 5.0
Rows total: 0
Mem total: 0
Throughput: 87.49999999999999

Device (3) CPU_3:
cores_sketch: 0.0, cores_dpdk: 5.0
Rows total: 0
Mem total: 0
Throughput: 87.49999999999999

Device (4) CPU_4:
cores_sketch: 0.0, cores_dpdk: 5.0
Rows total: 0
Mem total: 0
Throughput: 87.49999999999999

Device (5) CPU_5:
cores_sketch: 0.0, cores_dpdk: 5.0
Rows total: 0
Mem total: 0
Throughput: 87.49999999999999

Device (6) CPU_6:
cores_sketch: 2.0, cores_dpdk: 4.9999999999999964
Rows total: 3.0
Mem total: 5.09765625
Throughput: 87.49999999999999

Device (7) CPU_7:
cores_sketch: 0.0, cores_dpdk: 5.0
Rows total: 0.0
Mem total: 0.0
Throughput: 87.49999999999999

Device (8) CPU_8:
cores_sketch: 0.0, cores_dpdk: 5.0
Rows total: 0
Mem total: 0
Throughput: 87.49999999999999

Device (9) CPU_9:
cores_sketch: 0.0, cores_dpdk: 5.0
Rows total: 0
Mem total: 0
Throughput: 87.49999999999999

Device (10) CPU_10:
cores_sketch: 0.0, cores_dpdk: 5.0
Rows total: 0
Mem total: 0
Throughput: 87.49999999999999

Device (11) CPU_11:
cores_sketch: 0.0, cores_dpdk: 5.0
Rows total: 0
Mem total: 0
Throughput: 87.49999999999999

Device (12) CPU_12:
cores_sketch: 0.0, cores_dpdk: 5.0
Rows total: 0.0
Mem total: 0.0
Throughput: 87.49999999999999

Device (13) CPU_13:
cores_sketch: 2.0, cores_dpdk: 4.9999999999999964
Rows total: 3.0
Mem total: 5.09765625
Throughput: 87.49999999999999

Device (14) CPU_14:
cores_sketch: 0.0, cores_dpdk: 5.0
Rows total: 0
Mem total: 0
Throughput: 87.49999999999999

Device (15) CPU_15:
cores_sketch: 0.0, cores_dpdk: 5.0
Rows total: 0
Mem total: 0
Throughput: 87.49999999999999

Device (16) CPU_16:
cores_sketch: 0.0, cores_dpdk: 5.0
Rows total: 0
Mem total: 0
Throughput: 87.49999999999999

Device (17) CPU_17:
cores_sketch: 0.0, cores_dpdk: 5.0
Rows total: 0
Mem total: 0
Throughput: 87.49999999999999

Device (18) CPU_18:
cores_sketch: 0.0, cores_dpdk: 5.0
Rows total: 0.0
Mem total: 0.0
Throughput: 87.49999999999999

Device (19) CPU_19:
cores_sketch: 2.0, cores_dpdk: 4.9999999999999964
Rows total: 3.0
Mem total: 5.09765625
Throughput: 87.49999999999999

Device (20) P4_1:
Rows total: 48.0
Mem total: 81.5625
Throughput: 148.0

Flow 0:
partitions: [(0, 1)]
path: (0, 20, 1)
Flow 1:
partitions: [(1, 1)]
path: (1, 20, 2)
Flow 2:
partitions: [(2, 1)]
path: (2, 20, 3)
Flow 3:
partitions: [(3, 1)]
path: (3, 20, 4)
Flow 4:
partitions: [(4, 1)]
path: (4, 20, 5)
Flow 5:
partitions: [(5, 1)]
path: (5, 20, 6)
Flow 6:
partitions: [(6, 1)]
path: (6, 20, 7)
Flow 7:
partitions: [(7, 1)]
path: (7, 20, 8)
Flow 8:
partitions: [(8, 1)]
path: (8, 20, 9)
Flow 9:
partitions: [(9, 1)]
path: (9, 20, 10)
Flow 10:
partitions: [(10, 1)]
path: (10, 20, 11)
Flow 11:
partitions: [(11, 1)]
path: (11, 20, 12)
Flow 12:
partitions: [(12, 1)]
path: (12, 20, 13)
Flow 13:
partitions: [(13, 1)]
path: (13, 20, 14)
Flow 14:
partitions: [(14, 1)]
path: (14, 20, 15)
Flow 15:
partitions: [(15, 1)]
path: (15, 20, 16)
Flow 16:
partitions: [(16, 1)]
path: (16, 20, 17)
Flow 17:
partitions: [(17, 1)]
path: (17, 20, 18)
Flow 18:
partitions: [(18, 1)]
path: (18, 20, 19)
Flow 19:
partitions: [(19, 1)]
path: (19, 20, 0)
--------------------------------------------------
Function: solve took 0.1446986198425293 seconds
