Function: get_partitions took 3.123283386230469e-05 seconds
Function: map_flows_partitions took 8.344650268554688e-06 seconds
Function: map_flows_to_cluster took 3.600120544433594e-05 seconds
Building model with:
2 devices, 20 partitions and 20 flows
Function: MIP.add_frac_mem_var took 0.00021386146545410156 seconds
Function: MIP.add_coverage_constraints took 0.00017881393432617188 seconds
Function: MIP.add_accuracy_constraints took 0.000484466552734375 seconds
Function: MIP.add_capacity_constraints took 0.00033211708068847656 seconds
Netmon behaving like UnivmonGreedyRows
--------------------------------------------------
Starting model update
Model update took: 5.173683166503906e-05 s
--------------------------------------------------
Starting model optimize
Model optimize took: 0.00139617919921875 seconds
--------------------------------------------------

VARIABLES ------------------------------
Objective: 11.999999999999998
frac[1,3] 1
frac[0,14] 0
frac[1,17] 1
frac[0,7] 1
frac[1,15] 1
frac[0,16] 0
frac[1,6] 1
frac[0,10] 0
frac[0,3] 0
frac[1,11] 1
frac[1,2] 0
frac[0,15] 0
frac[1,16] 1
frac[1,14] 1
frac[0,17] 0
frac[1,5] 1
frac[0,11] 0
frac[0,4] 0
frac[1,10] 1
frac[1,1] 1
frac[0,0] 0
frac[1,13] 1
frac[0,18] 0
frac[1,4] 1
frac[0,12] 0
frac[1,19] 1
frac[0,5] 0
frac[1,9] 0
frac[1,0] 1
frac[0,8] 1
frac[0,1] 0
frac[1,12] 1
frac[0,19] 0
frac[0,13] 0
frac[1,18] 1
frac[0,6] 0
frac[1,8] 0
frac[1,7] 0
frac[0,9] 1
frac[0,2] 1
mem[1,3] 5.09766
mem[0,14] 0
mem[1,17] 5.09766
mem[0,7] 5.09766
mem[1,15] 5.09766
mem[0,16] 0
mem[1,6] 5.09766
mem[0,10] 0
mem[0,3] 0
mem[1,11] 5.09766
mem[1,2] 0
mem[0,15] 0
mem[1,16] 5.09766
mem[1,14] 5.09766
mem[0,17] 0
mem[1,5] 5.09766
mem[0,11] 0
mem[0,4] 0
mem[1,10] 5.09766
mem[1,1] 5.09766
mem[0,0] 0
mem[1,13] 5.09766
mem[0,18] 0
mem[1,4] 5.09766
mem[0,12] 0
mem[1,19] 5.09766
mem[0,5] 0
mem[1,9] 0
mem[1,0] 5.09766
mem[0,8] 5.09766
mem[0,1] 0
mem[1,12] 5.09766
mem[0,19] 0
mem[0,13] 0
mem[1,18] 5.09766
mem[0,6] 0
mem[1,8] 0
mem[1,7] 0
mem[0,9] 5.09766
mem[0,2] 5.09766
mem_tot_{CPU_0,CPU_1,CPU_2,CPU_3,CPU_4,CPU_5,CPU_6,CPU_7,CPU_8,CPU_9,CPU_10,CPU_11,CPU_12,CPU_13,CPU_14,CPU_15,CPU_16,CPU_17,CPU_18,CPU_19} 20.3906
normalized_mem_tot_{CPU_0,CPU_1,CPU_2,CPU_3,CPU_4,CPU_5,CPU_6,CPU_7,CPU_8,CPU_9,CPU_10,CPU_11,CPU_12,CPU_13,CPU_14,CPU_15,CPU_16,CPU_17,CPU_18,CPU_19} 3.11136e-05
rows_tot_{CPU_0,CPU_1,CPU_2,CPU_3,CPU_4,CPU_5,CPU_6,CPU_7,CPU_8,CPU_9,CPU_10,CPU_11,CPU_12,CPU_13,CPU_14,CPU_15,CPU_16,CPU_17,CPU_18,CPU_19} 12
normalized_rows_tot_{CPU_0,CPU_1,CPU_2,CPU_3,CPU_4,CPU_5,CPU_6,CPU_7,CPU_8,CPU_9,CPU_10,CPU_11,CPU_12,CPU_13,CPU_14,CPU_15,CPU_16,CPU_17,CPU_18,CPU_19} 0.05
mem_tot_P4_1 81.5625
normalized_mem_tot_P4_1 0.141602
rows_tot_P4_1 48
normalized_rows_tot_P4_1 1
max_mem_P4 81.5625
max_mem_CPU_Cluster 3.11136e-05
max_rows_P4 48
max_rows_CPU_Cluster 0.05
--------------------------------------------------

Sketch (0) (cm: eps0: 0.00625, del0: 0.05, min_mem: 1.69921875)
Par0 id: 0, Rows: 3
(0.000,0)    (1.000,1)    
Total frac: 1.000

Sketch (1) (cm: eps0: 0.00625, del0: 0.05, min_mem: 1.69921875)
Par0 id: 1, Rows: 3
(1.000,1)    (0.000,0)    
Total frac: 1.000

Sketch (2) (cm: eps0: 0.00625, del0: 0.05, min_mem: 1.69921875)
Par0 id: 2, Rows: 3
(0.000,1)    (1.000,0)    
Total frac: 1.000

Sketch (3) (cm: eps0: 0.00625, del0: 0.05, min_mem: 1.69921875)
Par0 id: 3, Rows: 3
(1.000,1)    (0.000,0)    
Total frac: 1.000

Sketch (4) (cm: eps0: 0.00625, del0: 0.05, min_mem: 1.69921875)
Par0 id: 4, Rows: 3
(0.000,0)    (1.000,1)    
Total frac: 1.000

Sketch (5) (cm: eps0: 0.00625, del0: 0.05, min_mem: 1.69921875)
Par0 id: 5, Rows: 3
(1.000,1)    (0.000,0)    
Total frac: 1.000

Sketch (6) (cm: eps0: 0.00625, del0: 0.05, min_mem: 1.69921875)
Par0 id: 6, Rows: 3
(1.000,1)    (0.000,0)    
Total frac: 1.000

Sketch (7) (cm: eps0: 0.00625, del0: 0.05, min_mem: 1.69921875)
Par0 id: 7, Rows: 3
(1.000,0)    (0.000,1)    
Total frac: 1.000

Sketch (8) (cm: eps0: 0.00625, del0: 0.05, min_mem: 1.69921875)
Par0 id: 8, Rows: 3
(1.000,0)    (0.000,1)    
Total frac: 1.000

Sketch (9) (cm: eps0: 0.00625, del0: 0.05, min_mem: 1.69921875)
Par0 id: 9, Rows: 3
(0.000,1)    (1.000,0)    
Total frac: 1.000

Sketch (10) (cm: eps0: 0.00625, del0: 0.05, min_mem: 1.69921875)
Par0 id: 10, Rows: 3
(0.000,0)    (1.000,1)    
Total frac: 1.000

Sketch (11) (cm: eps0: 0.00625, del0: 0.05, min_mem: 1.69921875)
Par0 id: 11, Rows: 3
(1.000,1)    (0.000,0)    
Total frac: 1.000

Sketch (12) (cm: eps0: 0.00625, del0: 0.05, min_mem: 1.69921875)
Par0 id: 12, Rows: 3
(0.000,0)    (1.000,1)    
Total frac: 1.000

Sketch (13) (cm: eps0: 0.00625, del0: 0.05, min_mem: 1.69921875)
Par0 id: 13, Rows: 3
(1.000,1)    (0.000,0)    
Total frac: 1.000

Sketch (14) (cm: eps0: 0.00625, del0: 0.05, min_mem: 1.69921875)
Par0 id: 14, Rows: 3
(0.000,0)    (1.000,1)    
Total frac: 1.000

Sketch (15) (cm: eps0: 0.00625, del0: 0.05, min_mem: 1.69921875)
Par0 id: 15, Rows: 3
(1.000,1)    (0.000,0)    
Total frac: 1.000

Sketch (16) (cm: eps0: 0.00625, del0: 0.05, min_mem: 1.69921875)
Par0 id: 16, Rows: 3
(0.000,0)    (1.000,1)    
Total frac: 1.000

Sketch (17) (cm: eps0: 0.00625, del0: 0.05, min_mem: 1.69921875)
Par0 id: 17, Rows: 3
(1.000,1)    (0.000,0)    
Total frac: 1.000

Sketch (18) (cm: eps0: 0.00625, del0: 0.05, min_mem: 1.69921875)
Par0 id: 18, Rows: 3
(0.000,0)    (1.000,1)    
Total frac: 1.000

Sketch (19) (cm: eps0: 0.00625, del0: 0.05, min_mem: 1.69921875)
Par0 id: 19, Rows: 3
(1.000,1)    (0.000,0)    
Total frac: 1.000

Device (0) {CPU_0,CPU_1,CPU_2,CPU_3,CPU_4,CPU_5,CPU_6,CPU_7,CPU_8,CPU_9,CPU_10,CPU_11,CPU_12,CPU_13,CPU_14,CPU_15,CPU_16,CPU_17,CPU_18,CPU_19}:
Rows total: 11.999999999999998
Mem total: 20.390624999999996

Device (1) P4_1:
Rows total: 48.0
Mem total: 81.5625

Flow 0:
partitions: [(0, 1)]
path: {0, 1}
Flow 1:
partitions: [(1, 1)]
path: {0, 1}
Flow 2:
partitions: [(2, 1)]
path: {0, 1}
Flow 3:
partitions: [(3, 1)]
path: {0, 1}
Flow 4:
partitions: [(4, 1)]
path: {0, 1}
Flow 5:
partitions: [(5, 1)]
path: {0, 1}
Flow 6:
partitions: [(6, 1)]
path: {0, 1}
Flow 7:
partitions: [(7, 1)]
path: {0, 1}
Flow 8:
partitions: [(8, 1)]
path: {0, 1}
Flow 9:
partitions: [(9, 1)]
path: {0, 1}
Flow 10:
partitions: [(10, 1)]
path: {0, 1}
Flow 11:
partitions: [(11, 1)]
path: {0, 1}
Flow 12:
partitions: [(12, 1)]
path: {0, 1}
Flow 13:
partitions: [(13, 1)]
path: {0, 1}
Flow 14:
partitions: [(14, 1)]
path: {0, 1}
Flow 15:
partitions: [(15, 1)]
path: {0, 1}
Flow 16:
partitions: [(16, 1)]
path: {0, 1}
Flow 17:
partitions: [(17, 1)]
path: {0, 1}
Flow 18:
partitions: [(18, 1)]
path: {0, 1}
Flow 19:
partitions: [(19, 1)]
path: {0, 1}
--------------------------------------------------

VARIABLES ------------------------------
Objective: 10.204081632653061
mem_tot_{CPU_0,CPU_1,CPU_2,CPU_3,CPU_4,CPU_5,CPU_6,CPU_7,CPU_8,CPU_9,CPU_10,CPU_11,CPU_12,CPU_13,CPU_14,CPU_15,CPU_16,CPU_17,CPU_18,CPU_19} 20.3906
ns_{CPU_0,CPU_1,CPU_2,CPU_3,CPU_4,CPU_5,CPU_6,CPU_7,CPU_8,CPU_9,CPU_10,CPU_11,CPU_12,CPU_13,CPU_14,CPU_15,CPU_16,CPU_17,CPU_18,CPU_19} 10.2041
--------------------------------------------------

VARIABLES ------------------------------
Objective: 6.756756756756757
mem_tot_P4_1 81.5625
ns_P4_1 6.75676
--------------------------------------------------

Throughput: 98.0 Mpps, ns per packet: 10.204081632653061
Resources: 34.08984375
Used Cores: 0, Total CPUS: 0, Switch Memory: 81.5625

Sketch (0) (cm: eps0: 0.00625, del0: 0.05, min_mem: 1.69921875)
Par0 id: 0, Rows: 3
(0.000,0)    (1.000,1)    
Total frac: 1.000

Sketch (1) (cm: eps0: 0.00625, del0: 0.05, min_mem: 1.69921875)
Par0 id: 1, Rows: 3
(1.000,1)    (0.000,0)    
Total frac: 1.000

Sketch (2) (cm: eps0: 0.00625, del0: 0.05, min_mem: 1.69921875)
Par0 id: 2, Rows: 3
(0.000,1)    (1.000,0)    
Total frac: 1.000

Sketch (3) (cm: eps0: 0.00625, del0: 0.05, min_mem: 1.69921875)
Par0 id: 3, Rows: 3
(1.000,1)    (0.000,0)    
Total frac: 1.000

Sketch (4) (cm: eps0: 0.00625, del0: 0.05, min_mem: 1.69921875)
Par0 id: 4, Rows: 3
(0.000,0)    (1.000,1)    
Total frac: 1.000

Sketch (5) (cm: eps0: 0.00625, del0: 0.05, min_mem: 1.69921875)
Par0 id: 5, Rows: 3
(1.000,1)    (0.000,0)    
Total frac: 1.000

Sketch (6) (cm: eps0: 0.00625, del0: 0.05, min_mem: 1.69921875)
Par0 id: 6, Rows: 3
(1.000,1)    (0.000,0)    
Total frac: 1.000

Sketch (7) (cm: eps0: 0.00625, del0: 0.05, min_mem: 1.69921875)
Par0 id: 7, Rows: 3
(1.000,0)    (0.000,1)    
Total frac: 1.000

Sketch (8) (cm: eps0: 0.00625, del0: 0.05, min_mem: 1.69921875)
Par0 id: 8, Rows: 3
(1.000,0)    (0.000,1)    
Total frac: 1.000

Sketch (9) (cm: eps0: 0.00625, del0: 0.05, min_mem: 1.69921875)
Par0 id: 9, Rows: 3
(0.000,1)    (1.000,0)    
Total frac: 1.000

Sketch (10) (cm: eps0: 0.00625, del0: 0.05, min_mem: 1.69921875)
Par0 id: 10, Rows: 3
(0.000,0)    (1.000,1)    
Total frac: 1.000

Sketch (11) (cm: eps0: 0.00625, del0: 0.05, min_mem: 1.69921875)
Par0 id: 11, Rows: 3
(1.000,1)    (0.000,0)    
Total frac: 1.000

Sketch (12) (cm: eps0: 0.00625, del0: 0.05, min_mem: 1.69921875)
Par0 id: 12, Rows: 3
(0.000,0)    (1.000,1)    
Total frac: 1.000

Sketch (13) (cm: eps0: 0.00625, del0: 0.05, min_mem: 1.69921875)
Par0 id: 13, Rows: 3
(1.000,1)    (0.000,0)    
Total frac: 1.000

Sketch (14) (cm: eps0: 0.00625, del0: 0.05, min_mem: 1.69921875)
Par0 id: 14, Rows: 3
(0.000,0)    (1.000,1)    
Total frac: 1.000

Sketch (15) (cm: eps0: 0.00625, del0: 0.05, min_mem: 1.69921875)
Par0 id: 15, Rows: 3
(1.000,1)    (0.000,0)    
Total frac: 1.000

Sketch (16) (cm: eps0: 0.00625, del0: 0.05, min_mem: 1.69921875)
Par0 id: 16, Rows: 3
(0.000,0)    (1.000,1)    
Total frac: 1.000

Sketch (17) (cm: eps0: 0.00625, del0: 0.05, min_mem: 1.69921875)
Par0 id: 17, Rows: 3
(1.000,1)    (0.000,0)    
Total frac: 1.000

Sketch (18) (cm: eps0: 0.00625, del0: 0.05, min_mem: 1.69921875)
Par0 id: 18, Rows: 3
(0.000,0)    (1.000,1)    
Total frac: 1.000

Sketch (19) (cm: eps0: 0.00625, del0: 0.05, min_mem: 1.69921875)
Par0 id: 19, Rows: 3
(1.000,1)    (0.000,0)    
Total frac: 1.000

Device (0) {CPU_0,CPU_1,CPU_2,CPU_3,CPU_4,CPU_5,CPU_6,CPU_7,CPU_8,CPU_9,CPU_10,CPU_11,CPU_12,CPU_13,CPU_14,CPU_15,CPU_16,CPU_17,CPU_18,CPU_19}:
Rows total: 11.999999999999998
Mem total: 20.390624999999996
Throughput: 98.0

Device (1) P4_1:
Rows total: 48.0
Mem total: 81.5625
Throughput: 148.0

Flow 0:
partitions: [(0, 1)]
path: {0, 1}
Flow 1:
partitions: [(1, 1)]
path: {0, 1}
Flow 2:
partitions: [(2, 1)]
path: {0, 1}
Flow 3:
partitions: [(3, 1)]
path: {0, 1}
Flow 4:
partitions: [(4, 1)]
path: {0, 1}
Flow 5:
partitions: [(5, 1)]
path: {0, 1}
Flow 6:
partitions: [(6, 1)]
path: {0, 1}
Flow 7:
partitions: [(7, 1)]
path: {0, 1}
Flow 8:
partitions: [(8, 1)]
path: {0, 1}
Flow 9:
partitions: [(9, 1)]
path: {0, 1}
Flow 10:
partitions: [(10, 1)]
path: {0, 1}
Flow 11:
partitions: [(11, 1)]
path: {0, 1}
Flow 12:
partitions: [(12, 1)]
path: {0, 1}
Flow 13:
partitions: [(13, 1)]
path: {0, 1}
Flow 14:
partitions: [(14, 1)]
path: {0, 1}
Flow 15:
partitions: [(15, 1)]
path: {0, 1}
Flow 16:
partitions: [(16, 1)]
path: {0, 1}
Flow 17:
partitions: [(17, 1)]
path: {0, 1}
Flow 18:
partitions: [(18, 1)]
path: {0, 1}
Flow 19:
partitions: [(19, 1)]
path: {0, 1}
--------------------------------------------------
Function: MIP.solve took 0.014208555221557617 seconds
Function: get_partitions_flows took 9.012222290039062e-05 seconds
Building model with:
20 devices, 4 partitions and 4 flows
Function: MIP.add_frac_mem_var took 7.414817810058594e-05 seconds
Function: MIP.add_coverage_constraints took 4.744529724121094e-05 seconds
Function: MIP.add_accuracy_constraints took 0.00011658668518066406 seconds
Function: MIP.add_capacity_constraints took 0.0012617111206054688 seconds

VARIABLES ------------------------------
Objective: 10.204081632653063
mem_tot_CPU_0 0
m_access_time_CPU_0 0
ns_single_CPU_0 0
pdt_m_rows_CPU_0 0
cores_sketch_CPU_0 0
cores_dpdk_CPU_0 7
ns_sketch_CPU_0 10.2041
pdt_nsk_c_CPU_0 0
ns_dpdk_CPU_0 10.2041
pdt_nsc_dpdk_CPU_0 71.4286
ns_CPU_0 10.2041
--------------------------------------------------

VARIABLES ------------------------------
Objective: 10.204081632653063
mem_tot_CPU_1 0
m_access_time_CPU_1 0
ns_single_CPU_1 0
pdt_m_rows_CPU_1 0
cores_sketch_CPU_1 0
cores_dpdk_CPU_1 7
ns_sketch_CPU_1 10.2041
pdt_nsk_c_CPU_1 0
ns_dpdk_CPU_1 10.2041
pdt_nsc_dpdk_CPU_1 71.4286
ns_CPU_1 10.2041
--------------------------------------------------

VARIABLES ------------------------------
Objective: 10.204081632653063
mem_tot_CPU_2 0
m_access_time_CPU_2 0
ns_single_CPU_2 0
pdt_m_rows_CPU_2 0
cores_sketch_CPU_2 0
cores_dpdk_CPU_2 7
ns_sketch_CPU_2 10.2041
pdt_nsk_c_CPU_2 0
ns_dpdk_CPU_2 10.2041
pdt_nsc_dpdk_CPU_2 71.4286
ns_CPU_2 10.2041
--------------------------------------------------

VARIABLES ------------------------------
Objective: 11.42857142857143
mem_tot_CPU_3 5.09766
m_access_time_CPU_3 0.536096
ns_single_CPU_3 12.1083
pdt_m_rows_CPU_3 1.60829
cores_sketch_CPU_3 2
cores_dpdk_CPU_3 5
ns_sketch_CPU_3 6.05414
pdt_nsk_c_CPU_3 12.1083
ns_dpdk_CPU_3 11.4286
pdt_nsc_dpdk_CPU_3 57.1429
ns_CPU_3 11.4286
--------------------------------------------------

VARIABLES ------------------------------
Objective: 10.204081632653063
mem_tot_CPU_4 0
m_access_time_CPU_4 0
ns_single_CPU_4 0
pdt_m_rows_CPU_4 0
cores_sketch_CPU_4 0
cores_dpdk_CPU_4 7
ns_sketch_CPU_4 10.2041
pdt_nsk_c_CPU_4 0
ns_dpdk_CPU_4 10.2041
pdt_nsc_dpdk_CPU_4 71.4286
ns_CPU_4 10.2041
--------------------------------------------------

VARIABLES ------------------------------
Objective: 10.204081632653063
mem_tot_CPU_5 0
m_access_time_CPU_5 0
ns_single_CPU_5 0
pdt_m_rows_CPU_5 0
cores_sketch_CPU_5 0
cores_dpdk_CPU_5 7
ns_sketch_CPU_5 10.2041
pdt_nsk_c_CPU_5 0
ns_dpdk_CPU_5 10.2041
pdt_nsc_dpdk_CPU_5 71.4286
ns_CPU_5 10.2041
--------------------------------------------------

VARIABLES ------------------------------
Objective: 10.204081632653063
mem_tot_CPU_6 0
m_access_time_CPU_6 0
ns_single_CPU_6 0
pdt_m_rows_CPU_6 0
cores_sketch_CPU_6 0
cores_dpdk_CPU_6 7
ns_sketch_CPU_6 10.2041
pdt_nsk_c_CPU_6 0
ns_dpdk_CPU_6 10.2041
pdt_nsc_dpdk_CPU_6 71.4286
ns_CPU_6 10.2041
--------------------------------------------------

VARIABLES ------------------------------
Objective: 11.42857142857143
mem_tot_CPU_7 5.09766
m_access_time_CPU_7 0.536096
ns_single_CPU_7 12.1083
pdt_m_rows_CPU_7 1.60829
cores_sketch_CPU_7 2
cores_dpdk_CPU_7 5
ns_sketch_CPU_7 6.05414
pdt_nsk_c_CPU_7 12.1083
ns_dpdk_CPU_7 11.4286
pdt_nsc_dpdk_CPU_7 57.1429
ns_CPU_7 11.4286
--------------------------------------------------

VARIABLES ------------------------------
Objective: 11.42857142857143
mem_tot_CPU_8 5.09766
m_access_time_CPU_8 0.536096
ns_single_CPU_8 12.1083
pdt_m_rows_CPU_8 1.60829
cores_sketch_CPU_8 2
cores_dpdk_CPU_8 5
ns_sketch_CPU_8 6.05414
pdt_nsk_c_CPU_8 12.1083
ns_dpdk_CPU_8 11.4286
pdt_nsc_dpdk_CPU_8 57.1429
ns_CPU_8 11.4286
--------------------------------------------------

VARIABLES ------------------------------
Objective: 11.42857142857143
mem_tot_CPU_9 5.09766
m_access_time_CPU_9 0.536096
ns_single_CPU_9 12.1083
pdt_m_rows_CPU_9 1.60829
cores_sketch_CPU_9 2
cores_dpdk_CPU_9 5
ns_sketch_CPU_9 6.05414
pdt_nsk_c_CPU_9 12.1083
ns_dpdk_CPU_9 11.4286
pdt_nsc_dpdk_CPU_9 57.1429
ns_CPU_9 11.4286
--------------------------------------------------

VARIABLES ------------------------------
Objective: 10.204081632653063
mem_tot_CPU_10 0
m_access_time_CPU_10 0
ns_single_CPU_10 0
pdt_m_rows_CPU_10 0
cores_sketch_CPU_10 0
cores_dpdk_CPU_10 7
ns_sketch_CPU_10 10.2041
pdt_nsk_c_CPU_10 0
ns_dpdk_CPU_10 10.2041
pdt_nsc_dpdk_CPU_10 71.4286
ns_CPU_10 10.2041
--------------------------------------------------

VARIABLES ------------------------------
Objective: 10.204081632653063
mem_tot_CPU_11 0
m_access_time_CPU_11 0
ns_single_CPU_11 0
pdt_m_rows_CPU_11 0
cores_sketch_CPU_11 0
cores_dpdk_CPU_11 7
ns_sketch_CPU_11 10.2041
pdt_nsk_c_CPU_11 0
ns_dpdk_CPU_11 10.2041
pdt_nsc_dpdk_CPU_11 71.4286
ns_CPU_11 10.2041
--------------------------------------------------

VARIABLES ------------------------------
Objective: 10.204081632653063
mem_tot_CPU_12 0
m_access_time_CPU_12 0
ns_single_CPU_12 0
pdt_m_rows_CPU_12 0
cores_sketch_CPU_12 0
cores_dpdk_CPU_12 7
ns_sketch_CPU_12 10.2041
pdt_nsk_c_CPU_12 0
ns_dpdk_CPU_12 10.2041
pdt_nsc_dpdk_CPU_12 71.4286
ns_CPU_12 10.2041
--------------------------------------------------

VARIABLES ------------------------------
Objective: 10.204081632653063
mem_tot_CPU_13 0
m_access_time_CPU_13 0
ns_single_CPU_13 0
pdt_m_rows_CPU_13 0
cores_sketch_CPU_13 0
cores_dpdk_CPU_13 7
ns_sketch_CPU_13 10.2041
pdt_nsk_c_CPU_13 0
ns_dpdk_CPU_13 10.2041
pdt_nsc_dpdk_CPU_13 71.4286
ns_CPU_13 10.2041
--------------------------------------------------

VARIABLES ------------------------------
Objective: 10.204081632653063
mem_tot_CPU_14 0
m_access_time_CPU_14 0
ns_single_CPU_14 0
pdt_m_rows_CPU_14 0
cores_sketch_CPU_14 0
cores_dpdk_CPU_14 7
ns_sketch_CPU_14 10.2041
pdt_nsk_c_CPU_14 0
ns_dpdk_CPU_14 10.2041
pdt_nsc_dpdk_CPU_14 71.4286
ns_CPU_14 10.2041
--------------------------------------------------

VARIABLES ------------------------------
Objective: 10.204081632653063
mem_tot_CPU_15 0
m_access_time_CPU_15 0
ns_single_CPU_15 0
pdt_m_rows_CPU_15 0
cores_sketch_CPU_15 0
cores_dpdk_CPU_15 7
ns_sketch_CPU_15 10.2041
pdt_nsk_c_CPU_15 0
ns_dpdk_CPU_15 10.2041
pdt_nsc_dpdk_CPU_15 71.4286
ns_CPU_15 10.2041
--------------------------------------------------

VARIABLES ------------------------------
Objective: 10.204081632653063
mem_tot_CPU_16 0
m_access_time_CPU_16 0
ns_single_CPU_16 0
pdt_m_rows_CPU_16 0
cores_sketch_CPU_16 0
cores_dpdk_CPU_16 7
ns_sketch_CPU_16 10.2041
pdt_nsk_c_CPU_16 0
ns_dpdk_CPU_16 10.2041
pdt_nsc_dpdk_CPU_16 71.4286
ns_CPU_16 10.2041
--------------------------------------------------

VARIABLES ------------------------------
Objective: 10.204081632653063
mem_tot_CPU_17 0
m_access_time_CPU_17 0
ns_single_CPU_17 0
pdt_m_rows_CPU_17 0
cores_sketch_CPU_17 0
cores_dpdk_CPU_17 7
ns_sketch_CPU_17 10.2041
pdt_nsk_c_CPU_17 0
ns_dpdk_CPU_17 10.2041
pdt_nsc_dpdk_CPU_17 71.4286
ns_CPU_17 10.2041
--------------------------------------------------

VARIABLES ------------------------------
Objective: 10.204081632653063
mem_tot_CPU_18 0
m_access_time_CPU_18 0
ns_single_CPU_18 0
pdt_m_rows_CPU_18 0
cores_sketch_CPU_18 0
cores_dpdk_CPU_18 7
ns_sketch_CPU_18 10.2041
pdt_nsk_c_CPU_18 0
ns_dpdk_CPU_18 10.2041
pdt_nsc_dpdk_CPU_18 71.4286
ns_CPU_18 10.2041
--------------------------------------------------

VARIABLES ------------------------------
Objective: 10.204081632653063
mem_tot_CPU_19 0
m_access_time_CPU_19 0
ns_single_CPU_19 0
pdt_m_rows_CPU_19 0
cores_sketch_CPU_19 0
cores_dpdk_CPU_19 7
ns_sketch_CPU_19 10.2041
pdt_nsk_c_CPU_19 0
ns_dpdk_CPU_19 10.2041
pdt_nsc_dpdk_CPU_19 71.4286
ns_CPU_19 10.2041
--------------------------------------------------

VARIABLES ------------------------------
Objective: 11.42857142857143
mem_tot_CPU_0 0
m_access_time_CPU_0 0
ns_single_CPU_0 0
pdt_m_rows_CPU_0 0
cores_sketch_CPU_0 0
cores_dpdk_CPU_0 5
ns_sketch_CPU_0 11.4286
pdt_nsk_c_CPU_0 0
ns_dpdk_CPU_0 11.4286
pdt_nsc_dpdk_CPU_0 57.1429
ns_CPU_0 11.4286
--------------------------------------------------

VARIABLES ------------------------------
Objective: 11.42857142857143
mem_tot_CPU_1 0
m_access_time_CPU_1 0
ns_single_CPU_1 0
pdt_m_rows_CPU_1 0
cores_sketch_CPU_1 0
cores_dpdk_CPU_1 5
ns_sketch_CPU_1 11.4286
pdt_nsk_c_CPU_1 0
ns_dpdk_CPU_1 11.4286
pdt_nsc_dpdk_CPU_1 57.1429
ns_CPU_1 11.4286
--------------------------------------------------

VARIABLES ------------------------------
Objective: 11.42857142857143
mem_tot_CPU_2 0
m_access_time_CPU_2 0
ns_single_CPU_2 0
pdt_m_rows_CPU_2 0
cores_sketch_CPU_2 0
cores_dpdk_CPU_2 5
ns_sketch_CPU_2 11.4286
pdt_nsk_c_CPU_2 0
ns_dpdk_CPU_2 11.4286
pdt_nsc_dpdk_CPU_2 57.1429
ns_CPU_2 11.4286
--------------------------------------------------

VARIABLES ------------------------------
Objective: 11.42857142857143
mem_tot_CPU_3 5.09766
m_access_time_CPU_3 0.536096
ns_single_CPU_3 12.1083
pdt_m_rows_CPU_3 1.60829
cores_sketch_CPU_3 2
cores_dpdk_CPU_3 5
ns_sketch_CPU_3 6.05414
pdt_nsk_c_CPU_3 12.1083
ns_dpdk_CPU_3 11.4286
pdt_nsc_dpdk_CPU_3 57.1429
ns_CPU_3 11.4286
--------------------------------------------------

VARIABLES ------------------------------
Objective: 11.42857142857143
mem_tot_CPU_4 0
m_access_time_CPU_4 0
ns_single_CPU_4 0
pdt_m_rows_CPU_4 0
cores_sketch_CPU_4 0
cores_dpdk_CPU_4 5
ns_sketch_CPU_4 11.4286
pdt_nsk_c_CPU_4 0
ns_dpdk_CPU_4 11.4286
pdt_nsc_dpdk_CPU_4 57.1429
ns_CPU_4 11.4286
--------------------------------------------------

VARIABLES ------------------------------
Objective: 11.42857142857143
mem_tot_CPU_5 0
m_access_time_CPU_5 0
ns_single_CPU_5 0
pdt_m_rows_CPU_5 0
cores_sketch_CPU_5 0
cores_dpdk_CPU_5 5
ns_sketch_CPU_5 11.4286
pdt_nsk_c_CPU_5 0
ns_dpdk_CPU_5 11.4286
pdt_nsc_dpdk_CPU_5 57.1429
ns_CPU_5 11.4286
--------------------------------------------------

VARIABLES ------------------------------
Objective: 11.42857142857143
mem_tot_CPU_6 0
m_access_time_CPU_6 0
ns_single_CPU_6 0
pdt_m_rows_CPU_6 0
cores_sketch_CPU_6 0
cores_dpdk_CPU_6 5
ns_sketch_CPU_6 11.4286
pdt_nsk_c_CPU_6 0
ns_dpdk_CPU_6 11.4286
pdt_nsc_dpdk_CPU_6 57.1429
ns_CPU_6 11.4286
--------------------------------------------------

VARIABLES ------------------------------
Objective: 11.42857142857143
mem_tot_CPU_7 5.09766
m_access_time_CPU_7 0.536096
ns_single_CPU_7 12.1083
pdt_m_rows_CPU_7 1.60829
cores_sketch_CPU_7 2
cores_dpdk_CPU_7 5
ns_sketch_CPU_7 6.05414
pdt_nsk_c_CPU_7 12.1083
ns_dpdk_CPU_7 11.4286
pdt_nsc_dpdk_CPU_7 57.1429
ns_CPU_7 11.4286
--------------------------------------------------

VARIABLES ------------------------------
Objective: 11.42857142857143
mem_tot_CPU_8 5.09766
m_access_time_CPU_8 0.536096
ns_single_CPU_8 12.1083
pdt_m_rows_CPU_8 1.60829
cores_sketch_CPU_8 2
cores_dpdk_CPU_8 5
ns_sketch_CPU_8 6.05414
pdt_nsk_c_CPU_8 12.1083
ns_dpdk_CPU_8 11.4286
pdt_nsc_dpdk_CPU_8 57.1429
ns_CPU_8 11.4286
--------------------------------------------------

VARIABLES ------------------------------
Objective: 11.42857142857143
mem_tot_CPU_9 5.09766
m_access_time_CPU_9 0.536096
ns_single_CPU_9 12.1083
pdt_m_rows_CPU_9 1.60829
cores_sketch_CPU_9 2
cores_dpdk_CPU_9 5
ns_sketch_CPU_9 6.05414
pdt_nsk_c_CPU_9 12.1083
ns_dpdk_CPU_9 11.4286
pdt_nsc_dpdk_CPU_9 57.1429
ns_CPU_9 11.4286
--------------------------------------------------

VARIABLES ------------------------------
Objective: 11.42857142857143
mem_tot_CPU_10 0
m_access_time_CPU_10 0
ns_single_CPU_10 0
pdt_m_rows_CPU_10 0
cores_sketch_CPU_10 0
cores_dpdk_CPU_10 5
ns_sketch_CPU_10 11.4286
pdt_nsk_c_CPU_10 0
ns_dpdk_CPU_10 11.4286
pdt_nsc_dpdk_CPU_10 57.1429
ns_CPU_10 11.4286
--------------------------------------------------

VARIABLES ------------------------------
Objective: 11.42857142857143
mem_tot_CPU_11 0
m_access_time_CPU_11 0
ns_single_CPU_11 0
pdt_m_rows_CPU_11 0
cores_sketch_CPU_11 0
cores_dpdk_CPU_11 5
ns_sketch_CPU_11 11.4286
pdt_nsk_c_CPU_11 0
ns_dpdk_CPU_11 11.4286
pdt_nsc_dpdk_CPU_11 57.1429
ns_CPU_11 11.4286
--------------------------------------------------

VARIABLES ------------------------------
Objective: 11.42857142857143
mem_tot_CPU_12 0
m_access_time_CPU_12 0
ns_single_CPU_12 0
pdt_m_rows_CPU_12 0
cores_sketch_CPU_12 0
cores_dpdk_CPU_12 5
ns_sketch_CPU_12 11.4286
pdt_nsk_c_CPU_12 0
ns_dpdk_CPU_12 11.4286
pdt_nsc_dpdk_CPU_12 57.1429
ns_CPU_12 11.4286
--------------------------------------------------

VARIABLES ------------------------------
Objective: 11.42857142857143
mem_tot_CPU_13 0
m_access_time_CPU_13 0
ns_single_CPU_13 0
pdt_m_rows_CPU_13 0
cores_sketch_CPU_13 0
cores_dpdk_CPU_13 5
ns_sketch_CPU_13 11.4286
pdt_nsk_c_CPU_13 0
ns_dpdk_CPU_13 11.4286
pdt_nsc_dpdk_CPU_13 57.1429
ns_CPU_13 11.4286
--------------------------------------------------

VARIABLES ------------------------------
Objective: 11.42857142857143
mem_tot_CPU_14 0
m_access_time_CPU_14 0
ns_single_CPU_14 0
pdt_m_rows_CPU_14 0
cores_sketch_CPU_14 0
cores_dpdk_CPU_14 5
ns_sketch_CPU_14 11.4286
pdt_nsk_c_CPU_14 0
ns_dpdk_CPU_14 11.4286
pdt_nsc_dpdk_CPU_14 57.1429
ns_CPU_14 11.4286
--------------------------------------------------

VARIABLES ------------------------------
Objective: 11.42857142857143
mem_tot_CPU_15 0
m_access_time_CPU_15 0
ns_single_CPU_15 0
pdt_m_rows_CPU_15 0
cores_sketch_CPU_15 0
cores_dpdk_CPU_15 5
ns_sketch_CPU_15 11.4286
pdt_nsk_c_CPU_15 0
ns_dpdk_CPU_15 11.4286
pdt_nsc_dpdk_CPU_15 57.1429
ns_CPU_15 11.4286
--------------------------------------------------

VARIABLES ------------------------------
Objective: 11.42857142857143
mem_tot_CPU_16 0
m_access_time_CPU_16 0
ns_single_CPU_16 0
pdt_m_rows_CPU_16 0
cores_sketch_CPU_16 0
cores_dpdk_CPU_16 5
ns_sketch_CPU_16 11.4286
pdt_nsk_c_CPU_16 0
ns_dpdk_CPU_16 11.4286
pdt_nsc_dpdk_CPU_16 57.1429
ns_CPU_16 11.4286
--------------------------------------------------

VARIABLES ------------------------------
Objective: 11.42857142857143
mem_tot_CPU_17 0
m_access_time_CPU_17 0
ns_single_CPU_17 0
pdt_m_rows_CPU_17 0
cores_sketch_CPU_17 0
cores_dpdk_CPU_17 5
ns_sketch_CPU_17 11.4286
pdt_nsk_c_CPU_17 0
ns_dpdk_CPU_17 11.4286
pdt_nsc_dpdk_CPU_17 57.1429
ns_CPU_17 11.4286
--------------------------------------------------

VARIABLES ------------------------------
Objective: 11.42857142857143
mem_tot_CPU_18 0
m_access_time_CPU_18 0
ns_single_CPU_18 0
pdt_m_rows_CPU_18 0
cores_sketch_CPU_18 0
cores_dpdk_CPU_18 5
ns_sketch_CPU_18 11.4286
pdt_nsk_c_CPU_18 0
ns_dpdk_CPU_18 11.4286
pdt_nsc_dpdk_CPU_18 57.1429
ns_CPU_18 11.4286
--------------------------------------------------

VARIABLES ------------------------------
Objective: 11.42857142857143
mem_tot_CPU_19 0
m_access_time_CPU_19 0
ns_single_CPU_19 0
pdt_m_rows_CPU_19 0
cores_sketch_CPU_19 0
cores_dpdk_CPU_19 5
ns_sketch_CPU_19 11.4286
pdt_nsk_c_CPU_19 0
ns_dpdk_CPU_19 11.4286
pdt_nsc_dpdk_CPU_19 57.1429
ns_CPU_19 11.4286
--------------------------------------------------

Sketch (7) (cm: eps0: 0.00625, del0: 0.05, min_mem: 1.69921875)
Par0 id: 7, Rows: 3
(1.000,7)    (-0.000,8)    
Total frac: 1.000

Sketch (8) (cm: eps0: 0.00625, del0: 0.05, min_mem: 1.69921875)
Par0 id: 8, Rows: 3
(-0.000,9)    (1.000,8)    
Total frac: 1.000

Sketch (9) (cm: eps0: 0.00625, del0: 0.05, min_mem: 1.69921875)
Par0 id: 9, Rows: 3
(1.000,9)    (-0.000,10)    
Total frac: 1.000

Sketch (2) (cm: eps0: 0.00625, del0: 0.05, min_mem: 1.69921875)
Par0 id: 2, Rows: 3
(1.000,3)    (-0.000,2)    
Total frac: 1.000

Device (0) CPU_0:
cores_sketch: 0.0, cores_dpdk: 5.0
Rows total: 0.0
Mem total: 0.0
Throughput: 87.49999999999999

Device (1) CPU_1:
cores_sketch: 0.0, cores_dpdk: 5.0
Rows total: 0.0
Mem total: 0.0
Throughput: 87.49999999999999

Device (2) CPU_2:
cores_sketch: 0.0, cores_dpdk: 5.0
Rows total: 0.0
Mem total: 0.0
Throughput: 87.49999999999999

Device (3) CPU_3:
cores_sketch: 2.0, cores_dpdk: 4.9999999999999964
Rows total: 3.0
Mem total: 5.09765625
Throughput: 87.49999999999999

Device (4) CPU_4:
cores_sketch: 0.0, cores_dpdk: 5.0
Rows total: 0.0
Mem total: 0.0
Throughput: 87.49999999999999

Device (5) CPU_5:
cores_sketch: 0.0, cores_dpdk: 5.0
Rows total: 0.0
Mem total: 0.0
Throughput: 87.49999999999999

Device (6) CPU_6:
cores_sketch: 0.0, cores_dpdk: 5.0
Rows total: 0.0
Mem total: 0.0
Throughput: 87.49999999999999

Device (7) CPU_7:
cores_sketch: 2.0, cores_dpdk: 4.9999999999999964
Rows total: 3.0
Mem total: 5.09765625
Throughput: 87.49999999999999

Device (8) CPU_8:
cores_sketch: 2.0, cores_dpdk: 4.9999999999999964
Rows total: 3.0
Mem total: 5.09765625
Throughput: 87.49999999999999

Device (9) CPU_9:
cores_sketch: 2.0, cores_dpdk: 4.9999999999999964
Rows total: 3.0
Mem total: 5.09765625
Throughput: 87.49999999999999

Device (10) CPU_10:
cores_sketch: 0.0, cores_dpdk: 5.0
Rows total: 0.0
Mem total: 0.0
Throughput: 87.49999999999999

Device (11) CPU_11:
cores_sketch: 0.0, cores_dpdk: 5.0
Rows total: 0.0
Mem total: 0.0
Throughput: 87.49999999999999

Device (12) CPU_12:
cores_sketch: 0.0, cores_dpdk: 5.0
Rows total: 0.0
Mem total: 0.0
Throughput: 87.49999999999999

Device (13) CPU_13:
cores_sketch: 0.0, cores_dpdk: 5.0
Rows total: 0.0
Mem total: 0.0
Throughput: 87.49999999999999

Device (14) CPU_14:
cores_sketch: 0.0, cores_dpdk: 5.0
Rows total: 0.0
Mem total: 0.0
Throughput: 87.49999999999999

Device (15) CPU_15:
cores_sketch: 0.0, cores_dpdk: 5.0
Rows total: 0.0
Mem total: 0.0
Throughput: 87.49999999999999

Device (16) CPU_16:
cores_sketch: 0.0, cores_dpdk: 5.0
Rows total: 0.0
Mem total: 0.0
Throughput: 87.49999999999999

Device (17) CPU_17:
cores_sketch: 0.0, cores_dpdk: 5.0
Rows total: 0.0
Mem total: 0.0
Throughput: 87.49999999999999

Device (18) CPU_18:
cores_sketch: 0.0, cores_dpdk: 5.0
Rows total: 0.0
Mem total: 0.0
Throughput: 87.49999999999999

Device (19) CPU_19:
cores_sketch: 0.0, cores_dpdk: 5.0
Rows total: 0.0
Mem total: 0.0
Throughput: 87.49999999999999

Flow 0:
partitions: [(3, 1.0)]
path: {2, 3}
Flow 1:
partitions: [(0, 1.0)]
path: {8, 7}
Flow 2:
partitions: [(1, 1.0)]
path: {8, 9}
Flow 3:
partitions: [(2, 1.0)]
path: {9, 10}
--------------------------------------------------
--------------------------------------------------
Starting model update
Model update took: 2.8848648071289062e-05 s
--------------------------------------------------
Starting model optimize
Model optimize took: 0.006978511810302734 seconds
--------------------------------------------------

VARIABLES ------------------------------
Objective: 1080.0024875636502
frac[7,0] 1
frac[3,3] 1
frac[9,1] 0
frac[8,1] 1
frac[9,2] 1
frac[8,0] 0
frac[2,3] -1.6613e-07
frac[10,2] 0
mem[7,0] 5.09766
mem[3,3] 5.09766
mem[9,1] 0
mem[8,1] 5.09766
mem[9,2] 5.09766
mem[8,0] 0
mem[2,3] -8.46872e-07
mem[10,2] 0
mem_tot_CPU_0 0
normalized_mem_tot_CPU_0 0
rows_tot_CPU_0 0
normalized_rows_tot_CPU_0 0
mem_tot_CPU_1 0
normalized_mem_tot_CPU_1 0
rows_tot_CPU_1 0
normalized_rows_tot_CPU_1 0
mem_tot_CPU_2 -8.46872e-07
normalized_mem_tot_CPU_2 -2.58445e-11
rows_tot_CPU_2 -4.98389e-07
normalized_rows_tot_CPU_2 -4.15324e-08
mem_tot_CPU_3 5.09766
normalized_mem_tot_CPU_3 0.000155568
rows_tot_CPU_3 3
normalized_rows_tot_CPU_3 0.25
mem_tot_CPU_4 0
normalized_mem_tot_CPU_4 0
rows_tot_CPU_4 0
normalized_rows_tot_CPU_4 0
mem_tot_CPU_5 0
normalized_mem_tot_CPU_5 0
rows_tot_CPU_5 0
normalized_rows_tot_CPU_5 0
mem_tot_CPU_6 0
normalized_mem_tot_CPU_6 0
rows_tot_CPU_6 0
normalized_rows_tot_CPU_6 0
mem_tot_CPU_7 5.09766
normalized_mem_tot_CPU_7 0.000155568
rows_tot_CPU_7 3
normalized_rows_tot_CPU_7 0.25
mem_tot_CPU_8 5.09766
normalized_mem_tot_CPU_8 0.000155568
rows_tot_CPU_8 3
normalized_rows_tot_CPU_8 0.25
mem_tot_CPU_9 5.09766
normalized_mem_tot_CPU_9 0.000155568
rows_tot_CPU_9 3
normalized_rows_tot_CPU_9 0.25
mem_tot_CPU_10 0
normalized_mem_tot_CPU_10 0
rows_tot_CPU_10 0
normalized_rows_tot_CPU_10 0
mem_tot_CPU_11 0
normalized_mem_tot_CPU_11 0
rows_tot_CPU_11 0
normalized_rows_tot_CPU_11 0
mem_tot_CPU_12 0
normalized_mem_tot_CPU_12 0
rows_tot_CPU_12 0
normalized_rows_tot_CPU_12 0
mem_tot_CPU_13 0
normalized_mem_tot_CPU_13 0
rows_tot_CPU_13 0
normalized_rows_tot_CPU_13 0
mem_tot_CPU_14 0
normalized_mem_tot_CPU_14 0
rows_tot_CPU_14 0
normalized_rows_tot_CPU_14 0
mem_tot_CPU_15 0
normalized_mem_tot_CPU_15 0
rows_tot_CPU_15 0
normalized_rows_tot_CPU_15 0
mem_tot_CPU_16 0
normalized_mem_tot_CPU_16 0
rows_tot_CPU_16 0
normalized_rows_tot_CPU_16 0
mem_tot_CPU_17 0
normalized_mem_tot_CPU_17 0
rows_tot_CPU_17 0
normalized_rows_tot_CPU_17 0
mem_tot_CPU_18 0
normalized_mem_tot_CPU_18 0
rows_tot_CPU_18 0
normalized_rows_tot_CPU_18 0
mem_tot_CPU_19 0
normalized_mem_tot_CPU_19 0
rows_tot_CPU_19 0
normalized_rows_tot_CPU_19 0
max_mem_CPU_Cluster 0.000155568
max_rows_CPU_Cluster 0.25
m_access_time_CPU_0 0
ns_single_CPU_0 0
pdt_m_rows_CPU_0 0
cores_sketch_CPU_0 -0
cores_dpdk_CPU_0 5
m_access_time_CPU_1 0
ns_single_CPU_1 0
pdt_m_rows_CPU_1 0
cores_sketch_CPU_1 -0
cores_dpdk_CPU_1 5
m_access_time_CPU_2 -8.90614e-08
ns_single_CPU_2 -1.74436e-06
pdt_m_rows_CPU_2 0
cores_sketch_CPU_2 -1.52632e-07
cores_dpdk_CPU_2 5
m_access_time_CPU_3 0.536096
ns_single_CPU_3 12.1083
pdt_m_rows_CPU_3 1.60829
cores_sketch_CPU_3 2
cores_dpdk_CPU_3 5
m_access_time_CPU_4 0
ns_single_CPU_4 0
pdt_m_rows_CPU_4 0
cores_sketch_CPU_4 -0
cores_dpdk_CPU_4 5
m_access_time_CPU_5 0
ns_single_CPU_5 0
pdt_m_rows_CPU_5 0
cores_sketch_CPU_5 -0
cores_dpdk_CPU_5 5
m_access_time_CPU_6 0
ns_single_CPU_6 0
pdt_m_rows_CPU_6 0
cores_sketch_CPU_6 -0
cores_dpdk_CPU_6 5
m_access_time_CPU_7 0.536096
ns_single_CPU_7 12.1083
pdt_m_rows_CPU_7 1.60829
cores_sketch_CPU_7 2
cores_dpdk_CPU_7 5
m_access_time_CPU_8 0.536096
ns_single_CPU_8 12.1083
pdt_m_rows_CPU_8 1.60829
cores_sketch_CPU_8 2
cores_dpdk_CPU_8 5
m_access_time_CPU_9 0.536096
ns_single_CPU_9 12.1083
pdt_m_rows_CPU_9 1.60829
cores_sketch_CPU_9 2
cores_dpdk_CPU_9 5
m_access_time_CPU_10 0
ns_single_CPU_10 0
pdt_m_rows_CPU_10 0
cores_sketch_CPU_10 0
cores_dpdk_CPU_10 5
m_access_time_CPU_11 0
ns_single_CPU_11 0
pdt_m_rows_CPU_11 0
cores_sketch_CPU_11 -0
cores_dpdk_CPU_11 5
m_access_time_CPU_12 0
ns_single_CPU_12 0
pdt_m_rows_CPU_12 0
cores_sketch_CPU_12 -0
cores_dpdk_CPU_12 5
m_access_time_CPU_13 0
ns_single_CPU_13 0
pdt_m_rows_CPU_13 0
cores_sketch_CPU_13 -0
cores_dpdk_CPU_13 5
m_access_time_CPU_14 0
ns_single_CPU_14 0
pdt_m_rows_CPU_14 0
cores_sketch_CPU_14 -0
cores_dpdk_CPU_14 5
m_access_time_CPU_15 0
ns_single_CPU_15 0
pdt_m_rows_CPU_15 0
cores_sketch_CPU_15 -0
cores_dpdk_CPU_15 5
m_access_time_CPU_16 0
ns_single_CPU_16 0
pdt_m_rows_CPU_16 0
cores_sketch_CPU_16 -0
cores_dpdk_CPU_16 5
m_access_time_CPU_17 0
ns_single_CPU_17 0
pdt_m_rows_CPU_17 0
cores_sketch_CPU_17 -0
cores_dpdk_CPU_17 5
m_access_time_CPU_18 0
ns_single_CPU_18 0
pdt_m_rows_CPU_18 0
cores_sketch_CPU_18 -0
cores_dpdk_CPU_18 5
m_access_time_CPU_19 0
ns_single_CPU_19 0
pdt_m_rows_CPU_19 0
cores_sketch_CPU_19 -0
cores_dpdk_CPU_19 5
res 1080
--------------------------------------------------

Throughput: 87.49999999999999 Mpps, ns per packet: 11.42857142857143
Resources: 1080.0024875636502
Used Cores: 107.99999984736844, Total CPUS: 20, Switch Memory: 0

Sketch (7) (cm: eps0: 0.00625, del0: 0.05, min_mem: 1.69921875)
Par0 id: 7, Rows: 3
(1.000,7)    (0.000,8)    
Total frac: 1.000

Sketch (8) (cm: eps0: 0.00625, del0: 0.05, min_mem: 1.69921875)
Par0 id: 8, Rows: 3
(0.000,9)    (1.000,8)    
Total frac: 1.000

Sketch (9) (cm: eps0: 0.00625, del0: 0.05, min_mem: 1.69921875)
Par0 id: 9, Rows: 3
(1.000,9)    (0.000,10)    
Total frac: 1.000

Sketch (2) (cm: eps0: 0.00625, del0: 0.05, min_mem: 1.69921875)
Par0 id: 2, Rows: 3
(1.000,3)    (-0.000,2)    
Total frac: 1.000

Device (0) CPU_0:
cores_sketch: -0.0, cores_dpdk: 5.0
Rows total: 0.0
Mem total: 0.0
Throughput: 87.49999999999999

Device (1) CPU_1:
cores_sketch: -0.0, cores_dpdk: 5.0
Rows total: 0.0
Mem total: 0.0
Throughput: 87.49999999999999

Device (2) CPU_2:
cores_sketch: -1.5263155742212262e-07, cores_dpdk: 5.0
Rows total: -4.983887589293801e-07
Mem total: -8.468715239620325e-07
Throughput: 87.49999999999999

Device (3) CPU_3:
cores_sketch: 2.0, cores_dpdk: 5.0
Rows total: 3.0000004983887587
Mem total: 5.097657096871524
Throughput: 87.49999999999999

Device (4) CPU_4:
cores_sketch: -0.0, cores_dpdk: 5.0
Rows total: 0.0
Mem total: 0.0
Throughput: 87.49999999999999

Device (5) CPU_5:
cores_sketch: -0.0, cores_dpdk: 5.0
Rows total: 0.0
Mem total: 0.0
Throughput: 87.49999999999999

Device (6) CPU_6:
cores_sketch: -0.0, cores_dpdk: 5.0
Rows total: 0.0
Mem total: 0.0
Throughput: 87.49999999999999

Device (7) CPU_7:
cores_sketch: 2.0, cores_dpdk: 5.0
Rows total: 3.0
Mem total: 5.09765625
Throughput: 87.49999999999999

Device (8) CPU_8:
cores_sketch: 2.0, cores_dpdk: 5.0
Rows total: 3.0
Mem total: 5.09765625
Throughput: 87.49999999999999

Device (9) CPU_9:
cores_sketch: 2.0, cores_dpdk: 5.0
Rows total: 3.0
Mem total: 5.09765625
Throughput: 87.49999999999999

Device (10) CPU_10:
cores_sketch: 0.0, cores_dpdk: 5.0
Rows total: 0.0
Mem total: 0.0
Throughput: 87.49999999999999

Device (11) CPU_11:
cores_sketch: -0.0, cores_dpdk: 5.0
Rows total: 0.0
Mem total: 0.0
Throughput: 87.49999999999999

Device (12) CPU_12:
cores_sketch: -0.0, cores_dpdk: 5.0
Rows total: 0.0
Mem total: 0.0
Throughput: 87.49999999999999

Device (13) CPU_13:
cores_sketch: -0.0, cores_dpdk: 5.0
Rows total: 0.0
Mem total: 0.0
Throughput: 87.49999999999999

Device (14) CPU_14:
cores_sketch: -0.0, cores_dpdk: 5.0
Rows total: 0.0
Mem total: 0.0
Throughput: 87.49999999999999

Device (15) CPU_15:
cores_sketch: -0.0, cores_dpdk: 5.0
Rows total: 0.0
Mem total: 0.0
Throughput: 87.49999999999999

Device (16) CPU_16:
cores_sketch: -0.0, cores_dpdk: 5.0
Rows total: 0.0
Mem total: 0.0
Throughput: 87.49999999999999

Device (17) CPU_17:
cores_sketch: -0.0, cores_dpdk: 5.0
Rows total: 0.0
Mem total: 0.0
Throughput: 87.49999999999999

Device (18) CPU_18:
cores_sketch: -0.0, cores_dpdk: 5.0
Rows total: 0.0
Mem total: 0.0
Throughput: 87.49999999999999

Device (19) CPU_19:
cores_sketch: -0.0, cores_dpdk: 5.0
Rows total: 0.0
Mem total: 0.0
Throughput: 87.49999999999999

Flow 0:
partitions: [(3, 1.0)]
path: {2, 3}
Flow 1:
partitions: [(0, 1.0)]
path: {8, 7}
Flow 2:
partitions: [(1, 1.0)]
path: {8, 9}
Flow 3:
partitions: [(2, 1.0)]
path: {9, 10}
--------------------------------------------------
Function: MIP.solve took 0.08149957656860352 seconds
--------------------------------------------------
Clustered Optimization complete
--------------------------------------------------

VARIABLES ------------------------------
Objective: 10.204081632653063
mem_tot_CPU_0 0
m_access_time_CPU_0 0
ns_single_CPU_0 0
pdt_m_rows_CPU_0 0
cores_sketch_CPU_0 0
cores_dpdk_CPU_0 7
ns_sketch_CPU_0 10.2041
pdt_nsk_c_CPU_0 0
ns_dpdk_CPU_0 10.2041
pdt_nsc_dpdk_CPU_0 71.4286
ns_CPU_0 10.2041
--------------------------------------------------

VARIABLES ------------------------------
Objective: 10.204081632653063
mem_tot_CPU_1 0
m_access_time_CPU_1 0
ns_single_CPU_1 0
pdt_m_rows_CPU_1 0
cores_sketch_CPU_1 0
cores_dpdk_CPU_1 7
ns_sketch_CPU_1 10.2041
pdt_nsk_c_CPU_1 0
ns_dpdk_CPU_1 10.2041
pdt_nsc_dpdk_CPU_1 71.4286
ns_CPU_1 10.2041
--------------------------------------------------

VARIABLES ------------------------------
Objective: 10.204081632653063
mem_tot_CPU_2 0
m_access_time_CPU_2 0
ns_single_CPU_2 0
pdt_m_rows_CPU_2 0
cores_sketch_CPU_2 0
cores_dpdk_CPU_2 7
ns_sketch_CPU_2 10.2041
pdt_nsk_c_CPU_2 0
ns_dpdk_CPU_2 10.2041
pdt_nsc_dpdk_CPU_2 71.4286
ns_CPU_2 10.2041
--------------------------------------------------

VARIABLES ------------------------------
Objective: 11.42857142857143
mem_tot_CPU_3 5.09766
m_access_time_CPU_3 0.536096
ns_single_CPU_3 12.1083
pdt_m_rows_CPU_3 1.60829
cores_sketch_CPU_3 2
cores_dpdk_CPU_3 5
ns_sketch_CPU_3 6.05414
pdt_nsk_c_CPU_3 12.1083
ns_dpdk_CPU_3 11.4286
pdt_nsc_dpdk_CPU_3 57.1429
ns_CPU_3 11.4286
--------------------------------------------------

VARIABLES ------------------------------
Objective: 10.204081632653063
mem_tot_CPU_4 0
m_access_time_CPU_4 0
ns_single_CPU_4 0
pdt_m_rows_CPU_4 0
cores_sketch_CPU_4 0
cores_dpdk_CPU_4 7
ns_sketch_CPU_4 10.2041
pdt_nsk_c_CPU_4 0
ns_dpdk_CPU_4 10.2041
pdt_nsc_dpdk_CPU_4 71.4286
ns_CPU_4 10.2041
--------------------------------------------------

VARIABLES ------------------------------
Objective: 10.204081632653063
mem_tot_CPU_5 0
m_access_time_CPU_5 0
ns_single_CPU_5 0
pdt_m_rows_CPU_5 0
cores_sketch_CPU_5 0
cores_dpdk_CPU_5 7
ns_sketch_CPU_5 10.2041
pdt_nsk_c_CPU_5 0
ns_dpdk_CPU_5 10.2041
pdt_nsc_dpdk_CPU_5 71.4286
ns_CPU_5 10.2041
--------------------------------------------------

VARIABLES ------------------------------
Objective: 10.204081632653063
mem_tot_CPU_6 0
m_access_time_CPU_6 0
ns_single_CPU_6 0
pdt_m_rows_CPU_6 0
cores_sketch_CPU_6 0
cores_dpdk_CPU_6 7
ns_sketch_CPU_6 10.2041
pdt_nsk_c_CPU_6 0
ns_dpdk_CPU_6 10.2041
pdt_nsc_dpdk_CPU_6 71.4286
ns_CPU_6 10.2041
--------------------------------------------------

VARIABLES ------------------------------
Objective: 11.42857142857143
mem_tot_CPU_7 5.09766
m_access_time_CPU_7 0.536096
ns_single_CPU_7 12.1083
pdt_m_rows_CPU_7 1.60829
cores_sketch_CPU_7 2
cores_dpdk_CPU_7 5
ns_sketch_CPU_7 6.05414
pdt_nsk_c_CPU_7 12.1083
ns_dpdk_CPU_7 11.4286
pdt_nsc_dpdk_CPU_7 57.1429
ns_CPU_7 11.4286
--------------------------------------------------

VARIABLES ------------------------------
Objective: 11.42857142857143
mem_tot_CPU_8 5.09766
m_access_time_CPU_8 0.536096
ns_single_CPU_8 12.1083
pdt_m_rows_CPU_8 1.60829
cores_sketch_CPU_8 2
cores_dpdk_CPU_8 5
ns_sketch_CPU_8 6.05414
pdt_nsk_c_CPU_8 12.1083
ns_dpdk_CPU_8 11.4286
pdt_nsc_dpdk_CPU_8 57.1429
ns_CPU_8 11.4286
--------------------------------------------------

VARIABLES ------------------------------
Objective: 11.42857142857143
mem_tot_CPU_9 5.09766
m_access_time_CPU_9 0.536096
ns_single_CPU_9 12.1083
pdt_m_rows_CPU_9 1.60829
cores_sketch_CPU_9 2
cores_dpdk_CPU_9 5
ns_sketch_CPU_9 6.05414
pdt_nsk_c_CPU_9 12.1083
ns_dpdk_CPU_9 11.4286
pdt_nsc_dpdk_CPU_9 57.1429
ns_CPU_9 11.4286
--------------------------------------------------

VARIABLES ------------------------------
Objective: 10.204081632653063
mem_tot_CPU_10 0
m_access_time_CPU_10 0
ns_single_CPU_10 0
pdt_m_rows_CPU_10 0
cores_sketch_CPU_10 0
cores_dpdk_CPU_10 7
ns_sketch_CPU_10 10.2041
pdt_nsk_c_CPU_10 0
ns_dpdk_CPU_10 10.2041
pdt_nsc_dpdk_CPU_10 71.4286
ns_CPU_10 10.2041
--------------------------------------------------

VARIABLES ------------------------------
Objective: 10.204081632653063
mem_tot_CPU_11 0
m_access_time_CPU_11 0
ns_single_CPU_11 0
pdt_m_rows_CPU_11 0
cores_sketch_CPU_11 0
cores_dpdk_CPU_11 7
ns_sketch_CPU_11 10.2041
pdt_nsk_c_CPU_11 0
ns_dpdk_CPU_11 10.2041
pdt_nsc_dpdk_CPU_11 71.4286
ns_CPU_11 10.2041
--------------------------------------------------

VARIABLES ------------------------------
Objective: 10.204081632653063
mem_tot_CPU_12 0
m_access_time_CPU_12 0
ns_single_CPU_12 0
pdt_m_rows_CPU_12 0
cores_sketch_CPU_12 0
cores_dpdk_CPU_12 7
ns_sketch_CPU_12 10.2041
pdt_nsk_c_CPU_12 0
ns_dpdk_CPU_12 10.2041
pdt_nsc_dpdk_CPU_12 71.4286
ns_CPU_12 10.2041
--------------------------------------------------

VARIABLES ------------------------------
Objective: 10.204081632653063
mem_tot_CPU_13 0
m_access_time_CPU_13 0
ns_single_CPU_13 0
pdt_m_rows_CPU_13 0
cores_sketch_CPU_13 0
cores_dpdk_CPU_13 7
ns_sketch_CPU_13 10.2041
pdt_nsk_c_CPU_13 0
ns_dpdk_CPU_13 10.2041
pdt_nsc_dpdk_CPU_13 71.4286
ns_CPU_13 10.2041
--------------------------------------------------

VARIABLES ------------------------------
Objective: 10.204081632653063
mem_tot_CPU_14 0
m_access_time_CPU_14 0
ns_single_CPU_14 0
pdt_m_rows_CPU_14 0
cores_sketch_CPU_14 0
cores_dpdk_CPU_14 7
ns_sketch_CPU_14 10.2041
pdt_nsk_c_CPU_14 0
ns_dpdk_CPU_14 10.2041
pdt_nsc_dpdk_CPU_14 71.4286
ns_CPU_14 10.2041
--------------------------------------------------

VARIABLES ------------------------------
Objective: 10.204081632653063
mem_tot_CPU_15 0
m_access_time_CPU_15 0
ns_single_CPU_15 0
pdt_m_rows_CPU_15 0
cores_sketch_CPU_15 0
cores_dpdk_CPU_15 7
ns_sketch_CPU_15 10.2041
pdt_nsk_c_CPU_15 0
ns_dpdk_CPU_15 10.2041
pdt_nsc_dpdk_CPU_15 71.4286
ns_CPU_15 10.2041
--------------------------------------------------

VARIABLES ------------------------------
Objective: 10.204081632653063
mem_tot_CPU_16 0
m_access_time_CPU_16 0
ns_single_CPU_16 0
pdt_m_rows_CPU_16 0
cores_sketch_CPU_16 0
cores_dpdk_CPU_16 7
ns_sketch_CPU_16 10.2041
pdt_nsk_c_CPU_16 0
ns_dpdk_CPU_16 10.2041
pdt_nsc_dpdk_CPU_16 71.4286
ns_CPU_16 10.2041
--------------------------------------------------

VARIABLES ------------------------------
Objective: 10.204081632653063
mem_tot_CPU_17 0
m_access_time_CPU_17 0
ns_single_CPU_17 0
pdt_m_rows_CPU_17 0
cores_sketch_CPU_17 0
cores_dpdk_CPU_17 7
ns_sketch_CPU_17 10.2041
pdt_nsk_c_CPU_17 0
ns_dpdk_CPU_17 10.2041
pdt_nsc_dpdk_CPU_17 71.4286
ns_CPU_17 10.2041
--------------------------------------------------

VARIABLES ------------------------------
Objective: 10.204081632653063
mem_tot_CPU_18 0
m_access_time_CPU_18 0
ns_single_CPU_18 0
pdt_m_rows_CPU_18 0
cores_sketch_CPU_18 0
cores_dpdk_CPU_18 7
ns_sketch_CPU_18 10.2041
pdt_nsk_c_CPU_18 0
ns_dpdk_CPU_18 10.2041
pdt_nsc_dpdk_CPU_18 71.4286
ns_CPU_18 10.2041
--------------------------------------------------

VARIABLES ------------------------------
Objective: 10.204081632653063
mem_tot_CPU_19 0
m_access_time_CPU_19 0
ns_single_CPU_19 0
pdt_m_rows_CPU_19 0
cores_sketch_CPU_19 0
cores_dpdk_CPU_19 7
ns_sketch_CPU_19 10.2041
pdt_nsk_c_CPU_19 0
ns_dpdk_CPU_19 10.2041
pdt_nsc_dpdk_CPU_19 71.4286
ns_CPU_19 10.2041
--------------------------------------------------

VARIABLES ------------------------------
Objective: 6.756756756756757
mem_tot_P4_1 81.5625
ns_P4_1 6.75676
--------------------------------------------------

VARIABLES ------------------------------
Objective: 11.42857142857143
mem_tot_CPU_0 0
m_access_time_CPU_0 0
ns_single_CPU_0 0
pdt_m_rows_CPU_0 0
cores_sketch_CPU_0 0
cores_dpdk_CPU_0 5
ns_sketch_CPU_0 11.4286
pdt_nsk_c_CPU_0 0
ns_dpdk_CPU_0 11.4286
pdt_nsc_dpdk_CPU_0 57.1429
ns_CPU_0 11.4286
--------------------------------------------------

VARIABLES ------------------------------
Objective: 11.42857142857143
mem_tot_CPU_1 0
m_access_time_CPU_1 0
ns_single_CPU_1 0
pdt_m_rows_CPU_1 0
cores_sketch_CPU_1 0
cores_dpdk_CPU_1 5
ns_sketch_CPU_1 11.4286
pdt_nsk_c_CPU_1 0
ns_dpdk_CPU_1 11.4286
pdt_nsc_dpdk_CPU_1 57.1429
ns_CPU_1 11.4286
--------------------------------------------------

VARIABLES ------------------------------
Objective: 11.42857142857143
mem_tot_CPU_2 0
m_access_time_CPU_2 0
ns_single_CPU_2 0
pdt_m_rows_CPU_2 0
cores_sketch_CPU_2 0
cores_dpdk_CPU_2 5
ns_sketch_CPU_2 11.4286
pdt_nsk_c_CPU_2 0
ns_dpdk_CPU_2 11.4286
pdt_nsc_dpdk_CPU_2 57.1429
ns_CPU_2 11.4286
--------------------------------------------------

VARIABLES ------------------------------
Objective: 11.42857142857143
mem_tot_CPU_3 5.09766
m_access_time_CPU_3 0.536096
ns_single_CPU_3 12.1083
pdt_m_rows_CPU_3 1.60829
cores_sketch_CPU_3 2
cores_dpdk_CPU_3 5
ns_sketch_CPU_3 6.05414
pdt_nsk_c_CPU_3 12.1083
ns_dpdk_CPU_3 11.4286
pdt_nsc_dpdk_CPU_3 57.1429
ns_CPU_3 11.4286
--------------------------------------------------

VARIABLES ------------------------------
Objective: 11.42857142857143
mem_tot_CPU_4 0
m_access_time_CPU_4 0
ns_single_CPU_4 0
pdt_m_rows_CPU_4 0
cores_sketch_CPU_4 0
cores_dpdk_CPU_4 5
ns_sketch_CPU_4 11.4286
pdt_nsk_c_CPU_4 0
ns_dpdk_CPU_4 11.4286
pdt_nsc_dpdk_CPU_4 57.1429
ns_CPU_4 11.4286
--------------------------------------------------

VARIABLES ------------------------------
Objective: 11.42857142857143
mem_tot_CPU_5 0
m_access_time_CPU_5 0
ns_single_CPU_5 0
pdt_m_rows_CPU_5 0
cores_sketch_CPU_5 0
cores_dpdk_CPU_5 5
ns_sketch_CPU_5 11.4286
pdt_nsk_c_CPU_5 0
ns_dpdk_CPU_5 11.4286
pdt_nsc_dpdk_CPU_5 57.1429
ns_CPU_5 11.4286
--------------------------------------------------

VARIABLES ------------------------------
Objective: 11.42857142857143
mem_tot_CPU_6 0
m_access_time_CPU_6 0
ns_single_CPU_6 0
pdt_m_rows_CPU_6 0
cores_sketch_CPU_6 0
cores_dpdk_CPU_6 5
ns_sketch_CPU_6 11.4286
pdt_nsk_c_CPU_6 0
ns_dpdk_CPU_6 11.4286
pdt_nsc_dpdk_CPU_6 57.1429
ns_CPU_6 11.4286
--------------------------------------------------

VARIABLES ------------------------------
Objective: 11.42857142857143
mem_tot_CPU_7 5.09766
m_access_time_CPU_7 0.536096
ns_single_CPU_7 12.1083
pdt_m_rows_CPU_7 1.60829
cores_sketch_CPU_7 2
cores_dpdk_CPU_7 5
ns_sketch_CPU_7 6.05414
pdt_nsk_c_CPU_7 12.1083
ns_dpdk_CPU_7 11.4286
pdt_nsc_dpdk_CPU_7 57.1429
ns_CPU_7 11.4286
--------------------------------------------------

VARIABLES ------------------------------
Objective: 11.42857142857143
mem_tot_CPU_8 5.09766
m_access_time_CPU_8 0.536096
ns_single_CPU_8 12.1083
pdt_m_rows_CPU_8 1.60829
cores_sketch_CPU_8 2
cores_dpdk_CPU_8 5
ns_sketch_CPU_8 6.05414
pdt_nsk_c_CPU_8 12.1083
ns_dpdk_CPU_8 11.4286
pdt_nsc_dpdk_CPU_8 57.1429
ns_CPU_8 11.4286
--------------------------------------------------

VARIABLES ------------------------------
Objective: 11.42857142857143
mem_tot_CPU_9 5.09766
m_access_time_CPU_9 0.536096
ns_single_CPU_9 12.1083
pdt_m_rows_CPU_9 1.60829
cores_sketch_CPU_9 2
cores_dpdk_CPU_9 5
ns_sketch_CPU_9 6.05414
pdt_nsk_c_CPU_9 12.1083
ns_dpdk_CPU_9 11.4286
pdt_nsc_dpdk_CPU_9 57.1429
ns_CPU_9 11.4286
--------------------------------------------------

VARIABLES ------------------------------
Objective: 11.42857142857143
mem_tot_CPU_10 0
m_access_time_CPU_10 0
ns_single_CPU_10 0
pdt_m_rows_CPU_10 0
cores_sketch_CPU_10 0
cores_dpdk_CPU_10 5
ns_sketch_CPU_10 11.4286
pdt_nsk_c_CPU_10 0
ns_dpdk_CPU_10 11.4286
pdt_nsc_dpdk_CPU_10 57.1429
ns_CPU_10 11.4286
--------------------------------------------------

VARIABLES ------------------------------
Objective: 11.42857142857143
mem_tot_CPU_11 0
m_access_time_CPU_11 0
ns_single_CPU_11 0
pdt_m_rows_CPU_11 0
cores_sketch_CPU_11 0
cores_dpdk_CPU_11 5
ns_sketch_CPU_11 11.4286
pdt_nsk_c_CPU_11 0
ns_dpdk_CPU_11 11.4286
pdt_nsc_dpdk_CPU_11 57.1429
ns_CPU_11 11.4286
--------------------------------------------------

VARIABLES ------------------------------
Objective: 11.42857142857143
mem_tot_CPU_12 0
m_access_time_CPU_12 0
ns_single_CPU_12 0
pdt_m_rows_CPU_12 0
cores_sketch_CPU_12 0
cores_dpdk_CPU_12 5
ns_sketch_CPU_12 11.4286
pdt_nsk_c_CPU_12 0
ns_dpdk_CPU_12 11.4286
pdt_nsc_dpdk_CPU_12 57.1429
ns_CPU_12 11.4286
--------------------------------------------------

VARIABLES ------------------------------
Objective: 11.42857142857143
mem_tot_CPU_13 0
m_access_time_CPU_13 0
ns_single_CPU_13 0
pdt_m_rows_CPU_13 0
cores_sketch_CPU_13 0
cores_dpdk_CPU_13 5
ns_sketch_CPU_13 11.4286
pdt_nsk_c_CPU_13 0
ns_dpdk_CPU_13 11.4286
pdt_nsc_dpdk_CPU_13 57.1429
ns_CPU_13 11.4286
--------------------------------------------------

VARIABLES ------------------------------
Objective: 11.42857142857143
mem_tot_CPU_14 0
m_access_time_CPU_14 0
ns_single_CPU_14 0
pdt_m_rows_CPU_14 0
cores_sketch_CPU_14 0
cores_dpdk_CPU_14 5
ns_sketch_CPU_14 11.4286
pdt_nsk_c_CPU_14 0
ns_dpdk_CPU_14 11.4286
pdt_nsc_dpdk_CPU_14 57.1429
ns_CPU_14 11.4286
--------------------------------------------------

VARIABLES ------------------------------
Objective: 11.42857142857143
mem_tot_CPU_15 0
m_access_time_CPU_15 0
ns_single_CPU_15 0
pdt_m_rows_CPU_15 0
cores_sketch_CPU_15 0
cores_dpdk_CPU_15 5
ns_sketch_CPU_15 11.4286
pdt_nsk_c_CPU_15 0
ns_dpdk_CPU_15 11.4286
pdt_nsc_dpdk_CPU_15 57.1429
ns_CPU_15 11.4286
--------------------------------------------------

VARIABLES ------------------------------
Objective: 11.42857142857143
mem_tot_CPU_16 0
m_access_time_CPU_16 0
ns_single_CPU_16 0
pdt_m_rows_CPU_16 0
cores_sketch_CPU_16 0
cores_dpdk_CPU_16 5
ns_sketch_CPU_16 11.4286
pdt_nsk_c_CPU_16 0
ns_dpdk_CPU_16 11.4286
pdt_nsc_dpdk_CPU_16 57.1429
ns_CPU_16 11.4286
--------------------------------------------------

VARIABLES ------------------------------
Objective: 11.42857142857143
mem_tot_CPU_17 0
m_access_time_CPU_17 0
ns_single_CPU_17 0
pdt_m_rows_CPU_17 0
cores_sketch_CPU_17 0
cores_dpdk_CPU_17 5
ns_sketch_CPU_17 11.4286
pdt_nsk_c_CPU_17 0
ns_dpdk_CPU_17 11.4286
pdt_nsc_dpdk_CPU_17 57.1429
ns_CPU_17 11.4286
--------------------------------------------------

VARIABLES ------------------------------
Objective: 11.42857142857143
mem_tot_CPU_18 0
m_access_time_CPU_18 0
ns_single_CPU_18 0
pdt_m_rows_CPU_18 0
cores_sketch_CPU_18 0
cores_dpdk_CPU_18 5
ns_sketch_CPU_18 11.4286
pdt_nsk_c_CPU_18 0
ns_dpdk_CPU_18 11.4286
pdt_nsc_dpdk_CPU_18 57.1429
ns_CPU_18 11.4286
--------------------------------------------------

VARIABLES ------------------------------
Objective: 11.42857142857143
mem_tot_CPU_19 0
m_access_time_CPU_19 0
ns_single_CPU_19 0
pdt_m_rows_CPU_19 0
cores_sketch_CPU_19 0
cores_dpdk_CPU_19 5
ns_sketch_CPU_19 11.4286
pdt_nsk_c_CPU_19 0
ns_dpdk_CPU_19 11.4286
pdt_nsc_dpdk_CPU_19 57.1429
ns_CPU_19 11.4286
--------------------------------------------------

Throughput: 87.49999999999999 Mpps, ns per packet: 11.42857142857143
Resources: 1093.7017078399658
Used Cores: 108.0, Total CPUS: 20, Switch Memory: 81.5625

Sketch (0) (cm: eps0: 0.00625, del0: 0.05, min_mem: 1.69921875)
Par0 id: 0, Rows: 3
(1.000,20)    
Total frac: 1.000

Sketch (1) (cm: eps0: 0.00625, del0: 0.05, min_mem: 1.69921875)
Par0 id: 1, Rows: 3
(1.000,20)    
Total frac: 1.000

Sketch (2) (cm: eps0: 0.00625, del0: 0.05, min_mem: 1.69921875)
Par0 id: 2, Rows: 3
(0.000,20)    (-0.000,2)    (1.000,3)    
Total frac: 1.000

Sketch (3) (cm: eps0: 0.00625, del0: 0.05, min_mem: 1.69921875)
Par0 id: 3, Rows: 3
(1.000,20)    
Total frac: 1.000

Sketch (4) (cm: eps0: 0.00625, del0: 0.05, min_mem: 1.69921875)
Par0 id: 4, Rows: 3
(1.000,20)    
Total frac: 1.000

Sketch (5) (cm: eps0: 0.00625, del0: 0.05, min_mem: 1.69921875)
Par0 id: 5, Rows: 3
(1.000,20)    
Total frac: 1.000

Sketch (6) (cm: eps0: 0.00625, del0: 0.05, min_mem: 1.69921875)
Par0 id: 6, Rows: 3
(1.000,20)    
Total frac: 1.000

Sketch (7) (cm: eps0: 0.00625, del0: 0.05, min_mem: 1.69921875)
Par0 id: 7, Rows: 3
(0.000,20)    (1.000,7)    (0.000,8)    
Total frac: 1.000

Sketch (8) (cm: eps0: 0.00625, del0: 0.05, min_mem: 1.69921875)
Par0 id: 8, Rows: 3
(0.000,20)    (1.000,8)    (0.000,9)    
Total frac: 1.000

Sketch (9) (cm: eps0: 0.00625, del0: 0.05, min_mem: 1.69921875)
Par0 id: 9, Rows: 3
(0.000,20)    (1.000,9)    (0.000,10)    
Total frac: 1.000

Sketch (10) (cm: eps0: 0.00625, del0: 0.05, min_mem: 1.69921875)
Par0 id: 10, Rows: 3
(1.000,20)    
Total frac: 1.000

Sketch (11) (cm: eps0: 0.00625, del0: 0.05, min_mem: 1.69921875)
Par0 id: 11, Rows: 3
(1.000,20)    
Total frac: 1.000

Sketch (12) (cm: eps0: 0.00625, del0: 0.05, min_mem: 1.69921875)
Par0 id: 12, Rows: 3
(1.000,20)    
Total frac: 1.000

Sketch (13) (cm: eps0: 0.00625, del0: 0.05, min_mem: 1.69921875)
Par0 id: 13, Rows: 3
(1.000,20)    
Total frac: 1.000

Sketch (14) (cm: eps0: 0.00625, del0: 0.05, min_mem: 1.69921875)
Par0 id: 14, Rows: 3
(1.000,20)    
Total frac: 1.000

Sketch (15) (cm: eps0: 0.00625, del0: 0.05, min_mem: 1.69921875)
Par0 id: 15, Rows: 3
(1.000,20)    
Total frac: 1.000

Sketch (16) (cm: eps0: 0.00625, del0: 0.05, min_mem: 1.69921875)
Par0 id: 16, Rows: 3
(1.000,20)    
Total frac: 1.000

Sketch (17) (cm: eps0: 0.00625, del0: 0.05, min_mem: 1.69921875)
Par0 id: 17, Rows: 3
(1.000,20)    
Total frac: 1.000

Sketch (18) (cm: eps0: 0.00625, del0: 0.05, min_mem: 1.69921875)
Par0 id: 18, Rows: 3
(1.000,20)    
Total frac: 1.000

Sketch (19) (cm: eps0: 0.00625, del0: 0.05, min_mem: 1.69921875)
Par0 id: 19, Rows: 3
(1.000,20)    
Total frac: 1.000

Device (0) CPU_0:
cores_sketch: 0.0, cores_dpdk: 5.0
Rows total: 0.0
Mem total: 0.0
Throughput: 87.49999999999999

Device (1) CPU_1:
cores_sketch: 0.0, cores_dpdk: 5.0
Rows total: 0.0
Mem total: 0.0
Throughput: 87.49999999999999

Device (2) CPU_2:
cores_sketch: 0.0, cores_dpdk: 5.0
Rows total: -4.983887589293801e-07
Mem total: -8.468715239620325e-07
Throughput: 87.49999999999999

Device (3) CPU_3:
cores_sketch: 1.9999999999999993, cores_dpdk: 4.9999999999999964
Rows total: 3.0000004983887587
Mem total: 5.097657096871524
Throughput: 87.49999999999999

Device (4) CPU_4:
cores_sketch: 0.0, cores_dpdk: 5.0
Rows total: 0.0
Mem total: 0.0
Throughput: 87.49999999999999

Device (5) CPU_5:
cores_sketch: 0.0, cores_dpdk: 5.0
Rows total: 0.0
Mem total: 0.0
Throughput: 87.49999999999999

Device (6) CPU_6:
cores_sketch: 0.0, cores_dpdk: 5.0
Rows total: 0.0
Mem total: 0.0
Throughput: 87.49999999999999

Device (7) CPU_7:
cores_sketch: 2.0, cores_dpdk: 4.9999999999999964
Rows total: 3.0
Mem total: 5.09765625
Throughput: 87.49999999999999

Device (8) CPU_8:
cores_sketch: 2.0, cores_dpdk: 4.9999999999999964
Rows total: 3.0
Mem total: 5.09765625
Throughput: 87.49999999999999

Device (9) CPU_9:
cores_sketch: 2.0, cores_dpdk: 4.9999999999999964
Rows total: 3.0
Mem total: 5.09765625
Throughput: 87.49999999999999

Device (10) CPU_10:
cores_sketch: 0.0, cores_dpdk: 5.0
Rows total: 0.0
Mem total: 0.0
Throughput: 87.49999999999999

Device (11) CPU_11:
cores_sketch: 0.0, cores_dpdk: 5.0
Rows total: 0.0
Mem total: 0.0
Throughput: 87.49999999999999

Device (12) CPU_12:
cores_sketch: 0.0, cores_dpdk: 5.0
Rows total: 0.0
Mem total: 0.0
Throughput: 87.49999999999999

Device (13) CPU_13:
cores_sketch: 0.0, cores_dpdk: 5.0
Rows total: 0.0
Mem total: 0.0
Throughput: 87.49999999999999

Device (14) CPU_14:
cores_sketch: 0.0, cores_dpdk: 5.0
Rows total: 0.0
Mem total: 0.0
Throughput: 87.49999999999999

Device (15) CPU_15:
cores_sketch: 0.0, cores_dpdk: 5.0
Rows total: 0.0
Mem total: 0.0
Throughput: 87.49999999999999

Device (16) CPU_16:
cores_sketch: 0.0, cores_dpdk: 5.0
Rows total: 0.0
Mem total: 0.0
Throughput: 87.49999999999999

Device (17) CPU_17:
cores_sketch: 0.0, cores_dpdk: 5.0
Rows total: 0.0
Mem total: 0.0
Throughput: 87.49999999999999

Device (18) CPU_18:
cores_sketch: 0.0, cores_dpdk: 5.0
Rows total: 0.0
Mem total: 0.0
Throughput: 87.49999999999999

Device (19) CPU_19:
cores_sketch: 0.0, cores_dpdk: 5.0
Rows total: 0.0
Mem total: 0.0
Throughput: 87.49999999999999

Device (20) P4_1:
Rows total: 48.0
Mem total: 81.5625
Throughput: 148.0

Flow 0:
partitions: [(0, 1)]
path: (0, 20, 1)
Flow 1:
partitions: [(1, 1)]
path: (1, 20, 2)
Flow 2:
partitions: [(2, 1)]
path: (2, 20, 3)
Flow 3:
partitions: [(3, 1)]
path: (3, 20, 4)
Flow 4:
partitions: [(4, 1)]
path: (4, 20, 5)
Flow 5:
partitions: [(5, 1)]
path: (5, 20, 6)
Flow 6:
partitions: [(6, 1)]
path: (6, 20, 7)
Flow 7:
partitions: [(7, 1)]
path: (7, 20, 8)
Flow 8:
partitions: [(8, 1)]
path: (8, 20, 9)
Flow 9:
partitions: [(9, 1)]
path: (9, 20, 10)
Flow 10:
partitions: [(10, 1)]
path: (10, 20, 11)
Flow 11:
partitions: [(11, 1)]
path: (11, 20, 12)
Flow 12:
partitions: [(12, 1)]
path: (12, 20, 13)
Flow 13:
partitions: [(13, 1)]
path: (13, 20, 14)
Flow 14:
partitions: [(14, 1)]
path: (14, 20, 15)
Flow 15:
partitions: [(15, 1)]
path: (15, 20, 16)
Flow 16:
partitions: [(16, 1)]
path: (16, 20, 17)
Flow 17:
partitions: [(17, 1)]
path: (17, 20, 18)
Flow 18:
partitions: [(18, 1)]
path: (18, 20, 19)
Flow 19:
partitions: [(19, 1)]
path: (19, 20, 0)
--------------------------------------------------
Function: solve took 0.1584627628326416 seconds
