Using license file /home/anupa/gurobi.lic
Academic license - for non-commercial use only

--------------------------------------------------
Model update took: 1.5497207641601562e-05 seconds
Model optimize took: 0.002050638198852539 seconds
--------------------------------------------------

Throughput: 93.33333333333333 Mpps, ns per packet: 10.714285714285715
Resources: 60.856201171875

Sketch (0) (cm: eps0: 0.00625, del0: 0.05, min_mem: 1.69921875)
Par: 1, Rows: 1
0.000    1.000    
Total frac: 1.000
Par: 2, Rows: 1
0.000    1.000    
Total frac: 1.000
Par: 3, Rows: 1
0.000    1.000    
Total frac: 1.000

Device (0) cpu_1:
cores_sketch: -0.0, cores_dpdk: 6.0
Rows total: 0.0
Mem total: 0.0
Throughput: 93.33333333333333

Device (1) p4_1:
Rows total: 3.0
Mem total: 5.09765625
Throughput: 148.0
--------------------------------------------------
