Using license file /home/anupa/gurobi.lic
Academic license - for non-commercial use only

--------------------------------------------------
Model update took: 5.4836273193359375e-05 seconds
Model optimize took: 0.003115415573120117 seconds
--------------------------------------------------

Sketch (0) (cm: eps0: 7.500000000000001e-05, del0: 0.05, min_mem: 141.578125)
Par: 1, Rows: 1
-0.000    -0.000    0.000    1.000    
Total frac: 1.000
Par: 2, Rows: 1
-0.000    -0.000    0.000    1.000    
Total frac: 1.000
Par: 3, Rows: 1
-0.000    -0.000    0.000    1.000    
Total frac: 1.000

Sketch (1) (cm: eps0: 1.25e-06, del0: 0.05, min_mem: 8494.6328125)
Par: 1, Rows: 1
1.000    -0.000    0.000    0.000    
Total frac: 1.000
Par: 2, Rows: 1
1.000    0.000    0.000    0.000    
Total frac: 1.000
Par: 3, Rows: 1
0.000    1.000    0.000    0.000    
Total frac: 1.000

Sketch (2) (cm: eps0: 0.000625, del0: 0.025, min_mem: 16.9921875)
Par: 1, Rows: 1
-0.000    -0.000    0.000    1.000    
Total frac: 1.000
Par: 2, Rows: 1
-0.000    -0.000    0.000    1.000    
Total frac: 1.000
Par: 3, Rows: 1
-0.000    -0.000    0.000    1.000    
Total frac: 1.000
Par: 4, Rows: 1
-0.000    -0.000    0.000    1.000    
Total frac: 1.000

Device (0) cpu_1:
Rows total: 2.0
Mem total: 16990.964552562495

Device (1) cpu_2:
Rows total: 1.0
Mem total: 8494.6328125

Device (2) p4_1:
Rows total: 0.0
Mem total: 0.0

Device (3) p4_2:
Rows total: 7.0
Mem total: 492.703125
--------------------------------------------------
Changed value of parameter NonConvex to 2
   Prev: -1  Min: -1  Max: 2  Default: -1
Changed value of parameter NonConvex to 2
   Prev: -1  Min: -1  Max: 2  Default: -1

Throughput: 70.00000000000063 Mpps, ns per packet: 14.285714285714159
Resources: 125.12568327210236

Sketch (0) (cm: eps0: 7.500000000000001e-05, del0: 0.05, min_mem: 141.578125)
Par: 1, Rows: 1
-0.000    -0.000    0.000    1.000    
Total frac: 1.000
Par: 2, Rows: 1
-0.000    -0.000    0.000    1.000    
Total frac: 1.000
Par: 3, Rows: 1
-0.000    -0.000    0.000    1.000    
Total frac: 1.000

Sketch (1) (cm: eps0: 1.25e-06, del0: 0.05, min_mem: 8494.6328125)
Par: 1, Rows: 1
1.000    -0.000    0.000    0.000    
Total frac: 1.000
Par: 2, Rows: 1
1.000    0.000    0.000    0.000    
Total frac: 1.000
Par: 3, Rows: 1
0.000    1.000    0.000    0.000    
Total frac: 1.000

Sketch (2) (cm: eps0: 0.000625, del0: 0.025, min_mem: 16.9921875)
Par: 1, Rows: 1
-0.000    -0.000    0.000    1.000    
Total frac: 1.000
Par: 2, Rows: 1
-0.000    -0.000    0.000    1.000    
Total frac: 1.000
Par: 3, Rows: 1
-0.000    -0.000    0.000    1.000    
Total frac: 1.000
Par: 4, Rows: 1
-0.000    -0.000    0.000    1.000    
Total frac: 1.000

Device (0) cpu_1:
cores_sketch: 2.999999999999999, cores_dpdk: 4.000000000000002
Rows total: 2.0
Mem total: 16990.964552562495
Throughput: 76.35389905574748

Device (1) cpu_2:
cores_sketch: 1.0, cores_dpdk: 3.0
Rows total: 1.0
Mem total: 8494.6328125
Throughput: 70.00000000000063

Device (2) p4_1:
Rows total: 0
Mem total: 0.0
Throughput: 148.0

Device (3) p4_2:
Rows total: 7.0
Mem total: 492.703125
Throughput: 148.0
--------------------------------------------------
