Using license file /home/anupa/gurobi.lic
Academic license - for non-commercial use only

--------------------------------------------------
Model update took: 2.1219253540039062e-05 seconds
Model optimize took: 0.06264543533325195 seconds
--------------------------------------------------

Throughput: 76.35997539739427 Mpps, ns per packet: 13.095865927087823
Resources: 135.1254758834839

Sketch (0) (cm: eps0: 7.500000000000001e-05, del0: 0.05, min_mem: 141.578125)
Par: 1, Rows: 1
-0.000    0.000    0.000    1.000    
Total frac: 1.000
Par: 2, Rows: 1
-0.000    0.000    0.000    1.000    
Total frac: 1.000
Par: 3, Rows: 1
-0.000    -0.000    0.000    1.000    
Total frac: 1.000

Sketch (1) (cm: eps0: 1.25e-06, del0: 0.05, min_mem: 8494.6328125)
Par: 1, Rows: 1
0.000    1.000    0.000    0.000    
Total frac: 1.000
Par: 2, Rows: 1
1.000    0.000    0.000    0.000    
Total frac: 1.000
Par: 3, Rows: 1
1.000    0.000    0.000    0.000    
Total frac: 1.000

Sketch (2) (cm: eps0: 0.000625, del0: 0.025, min_mem: 16.9921875)
Par: 1, Rows: 1
-0.000    -0.000    0.000    1.000    
Total frac: 1.000
Par: 2, Rows: 1
-0.000    -0.000    0.000    1.000    
Total frac: 1.000
Par: 3, Rows: 1
-0.000    -0.000    0.000    1.000    
Total frac: 1.000
Par: 4, Rows: 1
-0.000    -0.000    0.000    1.000    
Total frac: 1.000

Device (0) cpu_1:
cores_sketch: 3.0, cores_dpdk: 4.0
Rows total: 2.0
Mem total: 16989.265625
Throughput: 76.35997539739427

Device (1) cpu_2:
cores_sketch: 1.0, cores_dpdk: 4.0
Rows total: 1.0
Mem total: 8494.6328125
Throughput: 80.00000000000009

Device (2) p4_1:
Rows total: 0.0
Mem total: 0.0
Throughput: 148.0

Device (3) p4_2:
Rows total: 7.0
Mem total: 492.703125
Throughput: 148.0
--------------------------------------------------
