Using license file /home/anupa/gurobi.lic
Academic license - for non-commercial use only

--------------------------------------------------
Model update took: 0.002926349639892578 seconds
Model optimize took: 0.07999062538146973 seconds
--------------------------------------------------

Sketch (0) (cm: eps0: 0.00625, del0: 0.05, min_mem: 1.69921875)
Par: 1, Rows: 1
0.000    0.400    0.400    0.000    0.000    0.000    0.500    0.000    0.000    0.000    0.300    0.000    0.000    0.000    0.000    
Total frac: 1.600
Par: 2, Rows: 1
0.000    0.400    0.400    0.000    0.000    0.000    0.500    0.000    0.000    0.000    0.300    0.000    0.000    0.000    0.000    
Total frac: 1.600
Par: 3, Rows: 1
0.000    0.400    0.400    0.000    0.000    0.000    0.500    0.000    0.000    0.000    0.300    0.000    0.000    0.000    0.000    
Total frac: 1.600

Sketch (1) (cm: eps0: 0.00625, del0: 0.05, min_mem: 1.69921875)
Par: 1, Rows: 1
0.164    0.000    0.000    0.536    0.000    0.000    0.164    0.000    0.000    0.000    0.636    0.000    0.000    0.000    0.000    
Total frac: 1.500
Par: 2, Rows: 1
0.164    0.000    0.000    0.536    0.000    0.000    0.164    0.000    0.000    0.000    0.636    0.000    0.000    0.000    0.000    
Total frac: 1.500
Par: 3, Rows: 1
0.164    0.000    0.000    0.536    0.000    0.000    0.164    0.000    0.000    0.000    0.636    0.000    0.000    0.000    0.000    
Total frac: 1.500

Sketch (2) (cm: eps0: 0.00625, del0: 0.05, min_mem: 1.69921875)
Par: 1, Rows: 1
0.900    0.000    0.000    0.000    0.100    0.000    0.000    0.000    0.000    0.000    0.296    0.000    0.000    0.504    0.000    
Total frac: 1.800
Par: 2, Rows: 1
0.900    0.000    0.000    0.000    0.100    0.000    0.000    0.000    0.000    0.000    0.296    0.000    0.000    0.504    0.000    
Total frac: 1.800
Par: 3, Rows: 1
0.900    0.000    0.000    0.000    0.100    0.000    0.000    0.000    0.000    0.000    0.296    0.000    0.000    0.504    0.000    
Total frac: 1.800

Sketch (3) (cm: eps0: 0.00625, del0: 0.05, min_mem: 1.69921875)
Par: 1, Rows: 1
0.100    0.000    0.000    0.000    0.000    0.000    0.000    0.000    0.350    0.550    0.550    0.450    0.000    0.000    0.000    
Total frac: 2.000
Par: 2, Rows: 1
0.100    0.000    0.000    0.000    0.000    0.000    0.000    0.000    0.350    0.550    0.550    0.450    0.000    0.000    0.000    
Total frac: 2.000
Par: 3, Rows: 1
0.100    0.000    0.000    0.000    0.000    0.000    0.000    0.000    0.350    0.550    0.550    0.450    0.000    0.000    0.000    
Total frac: 2.000

Sketch (4) (cm: eps0: 0.00625, del0: 0.05, min_mem: 1.69921875)
Par: 1, Rows: 1
0.190    0.000    0.110    0.000    0.000    0.300    0.000    0.000    0.155    0.545    0.245    0.455    0.000    0.000    0.000    
Total frac: 2.000
Par: 2, Rows: 1
0.190    0.000    0.110    0.000    0.000    0.300    0.000    0.000    0.155    0.545    0.245    0.455    0.000    0.000    0.000    
Total frac: 2.000
Par: 3, Rows: 1
0.190    0.000    0.110    0.000    0.000    0.300    0.000    0.000    0.155    0.545    0.245    0.455    0.000    0.000    0.000    
Total frac: 2.000

Sketch (5) (cm: eps0: 0.00625, del0: 0.05, min_mem: 1.69921875)
Par: 1, Rows: 1
0.000    0.000    0.000    0.000    0.000    0.100    0.000    0.100    0.000    0.000    0.000    0.000    0.000    0.800    0.000    
Total frac: 1.000
Par: 2, Rows: 1
0.000    0.000    0.000    0.000    0.000    0.100    0.000    0.100    0.000    0.000    0.000    0.000    0.000    0.800    0.000    
Total frac: 1.000
Par: 3, Rows: 1
0.000    0.000    0.000    0.000    0.000    0.100    0.000    0.100    0.000    0.000    0.000    0.000    0.000    0.800    0.000    
Total frac: 1.000

Sketch (6) (cm: eps0: 0.00625, del0: 0.05, min_mem: 1.69921875)
Par: 1, Rows: 1
0.000    0.000    0.000    0.300    0.000    0.000    0.000    0.450    0.350    0.350    0.550    0.000    0.000    0.000    0.000    
Total frac: 2.000
Par: 2, Rows: 1
0.000    0.000    0.000    0.300    0.000    0.000    0.000    0.450    0.350    0.350    0.550    0.000    0.000    0.000    0.000    
Total frac: 2.000
Par: 3, Rows: 1
0.000    0.000    0.000    0.300    0.000    0.000    0.000    0.450    0.350    0.350    0.550    0.000    0.000    0.000    0.000    
Total frac: 2.000

Sketch (7) (cm: eps0: 0.00625, del0: 0.05, min_mem: 1.69921875)
Par: 1, Rows: 1
1.000    0.000    0.000    0.000    0.000    0.000    0.000    0.000    0.000    0.000    0.000    0.000    0.000    0.000    0.000    
Total frac: 1.000
Par: 2, Rows: 1
1.000    0.000    0.000    0.000    0.000    0.000    0.000    0.000    0.000    0.000    0.000    0.000    0.000    0.000    0.000    
Total frac: 1.000
Par: 3, Rows: 1
1.000    0.000    0.000    0.000    0.000    0.000    0.000    0.000    0.000    0.000    0.000    0.000    0.000    0.000    0.000    
Total frac: 1.000

Sketch (8) (cm: eps0: 0.00625, del0: 0.05, min_mem: 1.69921875)
Par: 1, Rows: 1
0.000    0.000    0.000    0.800    0.000    0.000    0.000    0.000    0.000    0.000    0.800    0.200    0.000    0.000    0.000    
Total frac: 1.800
Par: 2, Rows: 1
0.000    0.000    0.000    0.800    0.000    0.000    0.000    0.000    0.000    0.000    0.800    0.200    0.000    0.000    0.000    
Total frac: 1.800
Par: 3, Rows: 1
0.000    0.000    0.000    0.800    0.000    0.000    0.000    0.000    0.000    0.000    0.800    0.200    0.000    0.000    0.000    
Total frac: 1.800

Sketch (9) (cm: eps0: 0.00625, del0: 0.05, min_mem: 1.69921875)
Par: 1, Rows: 1
0.000    0.700    0.000    0.000    0.000    0.000    0.000    0.000    0.100    0.000    0.000    0.000    0.200    0.700    0.000    
Total frac: 1.700
Par: 2, Rows: 1
0.000    0.700    0.000    0.000    0.000    0.000    0.000    0.000    0.100    0.000    0.000    0.000    0.200    0.700    0.000    
Total frac: 1.700
Par: 3, Rows: 1
0.000    0.700    0.000    0.000    0.000    0.000    0.000    0.000    0.100    0.000    0.000    0.000    0.200    0.700    0.000    
Total frac: 1.700

Sketch (10) (cm: eps0: 0.00625, del0: 0.05, min_mem: 1.69921875)
Par: 1, Rows: 1
0.000    0.000    0.000    0.111    0.000    0.000    0.689    0.311    0.000    0.000    0.478    0.000    0.000    0.111    0.000    
Total frac: 1.700
Par: 2, Rows: 1
0.000    0.000    0.000    0.111    0.000    0.000    0.689    0.311    0.000    0.000    0.478    0.000    0.000    0.111    0.000    
Total frac: 1.700
Par: 3, Rows: 1
0.000    0.000    0.000    0.111    0.000    0.000    0.689    0.311    0.000    0.000    0.478    0.000    0.000    0.111    0.000    
Total frac: 1.700

Sketch (11) (cm: eps0: 0.00625, del0: 0.05, min_mem: 1.69921875)
Par: 1, Rows: 1
0.000    0.000    0.000    0.000    0.000    0.000    0.000    0.000    0.000    0.000    0.000    0.000    0.000    0.000    0.800    
Total frac: 0.800
Par: 2, Rows: 1
0.000    0.000    0.000    0.000    0.000    0.000    0.000    0.000    0.000    0.000    0.000    0.000    0.000    0.000    0.800    
Total frac: 0.800
Par: 3, Rows: 1
0.000    0.000    0.000    0.000    0.000    0.000    0.000    0.000    0.000    0.000    0.000    0.000    0.000    0.000    0.800    
Total frac: 0.800

Sketch (12) (cm: eps0: 0.00625, del0: 0.05, min_mem: 1.69921875)
Par: 1, Rows: 1
0.252    0.000    0.300    0.000    0.248    0.400    0.000    0.548    0.448    0.000    0.152    0.452    0.000    0.000    0.000    
Total frac: 2.800
Par: 2, Rows: 1
0.252    0.000    0.300    0.000    0.248    0.400    0.000    0.548    0.448    0.000    0.152    0.452    0.000    0.000    0.000    
Total frac: 2.800
Par: 3, Rows: 1
0.252    0.000    0.300    0.000    0.248    0.400    0.000    0.548    0.448    0.000    0.152    0.452    0.000    0.000    0.000    
Total frac: 2.800

Sketch (13) (cm: eps0: 0.00625, del0: 0.05, min_mem: 1.69921875)
Par: 1, Rows: 1
0.000    0.000    0.000    0.000    0.000    0.000    0.000    0.000    0.000    0.000    0.000    0.000    0.000    0.800    0.100    
Total frac: 0.900
Par: 2, Rows: 1
0.000    0.000    0.000    0.000    0.000    0.000    0.000    0.000    0.000    0.000    0.000    0.000    0.000    0.800    0.100    
Total frac: 0.900
Par: 3, Rows: 1
0.000    0.000    0.000    0.000    0.000    0.000    0.000    0.000    0.000    0.000    0.000    0.000    0.000    0.800    0.100    
Total frac: 0.900

Sketch (14) (cm: eps0: 0.00625, del0: 0.05, min_mem: 1.69921875)
Par: 1, Rows: 1
0.000    0.000    0.000    0.333    0.567    0.000    0.000    0.000    1.000    0.000    0.000    0.000    0.000    0.000    0.000    
Total frac: 1.900
Par: 2, Rows: 1
0.000    0.000    0.000    0.333    0.567    0.000    0.000    0.000    1.000    0.000    0.000    0.000    0.000    0.000    0.000    
Total frac: 1.900
Par: 3, Rows: 1
0.000    0.000    0.000    0.333    0.567    0.000    0.000    0.000    1.000    0.000    0.000    0.000    0.000    0.000    0.000    
Total frac: 1.900

Sketch (15) (cm: eps0: 0.00625, del0: 0.05, min_mem: 1.69921875)
Par: 1, Rows: 1
0.000    0.000    0.000    0.000    0.000    0.000    0.000    0.000    0.000    0.000    0.000    0.800    0.000    0.000    0.000    
Total frac: 0.800
Par: 2, Rows: 1
0.000    0.000    0.000    0.000    0.000    0.000    0.000    0.000    0.000    0.000    0.000    0.800    0.000    0.000    0.000    
Total frac: 0.800
Par: 3, Rows: 1
0.000    0.000    0.000    0.000    0.000    0.000    0.000    0.000    0.000    0.000    0.000    0.800    0.000    0.000    0.000    
Total frac: 0.800

Sketch (16) (cm: eps0: 0.00625, del0: 0.05, min_mem: 1.69921875)
Par: 1, Rows: 1
0.000    0.000    0.000    0.000    0.000    1.000    0.000    0.000    0.000    0.000    0.000    0.000    0.000    0.000    0.000    
Total frac: 1.000
Par: 2, Rows: 1
0.000    0.000    0.000    0.000    0.000    1.000    0.000    0.000    0.000    0.000    0.000    0.000    0.000    0.000    0.000    
Total frac: 1.000
Par: 3, Rows: 1
0.000    0.000    0.000    0.000    0.000    1.000    0.000    0.000    0.000    0.000    0.000    0.000    0.000    0.000    0.000    
Total frac: 1.000

Sketch (17) (cm: eps0: 0.00625, del0: 0.05, min_mem: 1.69921875)
Par: 1, Rows: 1
0.000    0.000    0.000    0.000    0.000    0.000    0.000    0.000    0.000    0.000    0.000    0.000    0.000    0.000    1.000    
Total frac: 1.000
Par: 2, Rows: 1
0.000    0.000    0.000    0.000    0.000    0.000    0.000    0.000    0.000    0.000    0.000    0.000    0.000    0.000    1.000    
Total frac: 1.000
Par: 3, Rows: 1
0.000    0.000    0.000    0.000    0.000    0.000    0.000    0.000    0.000    0.000    0.000    0.000    0.000    0.000    1.000    
Total frac: 1.000

Sketch (18) (cm: eps0: 0.00625, del0: 0.05, min_mem: 1.69921875)
Par: 1, Rows: 1
0.100    0.000    0.000    0.000    0.000    0.000    0.300    0.700    0.000    0.000    0.000    0.000    0.600    0.000    0.100    
Total frac: 1.800
Par: 2, Rows: 1
0.100    0.000    0.000    0.000    0.000    0.000    0.300    0.700    0.000    0.000    0.000    0.000    0.600    0.000    0.100    
Total frac: 1.800
Par: 3, Rows: 1
0.100    0.000    0.000    0.000    0.000    0.000    0.300    0.700    0.000    0.000    0.000    0.000    0.600    0.000    0.100    
Total frac: 1.800

Sketch (19) (cm: eps0: 0.00625, del0: 0.05, min_mem: 1.69921875)
Par: 1, Rows: 1
0.000    0.000    0.900    0.000    0.000    0.000    0.000    0.000    0.000    0.000    0.000    1.000    0.000    0.000    0.000    
Total frac: 1.900
Par: 2, Rows: 1
0.000    0.000    0.900    0.000    0.000    0.000    0.000    0.000    0.000    0.000    0.000    1.000    0.000    0.000    0.000    
Total frac: 1.900
Par: 3, Rows: 1
0.000    0.000    0.900    0.000    0.000    0.000    0.000    0.000    0.000    0.000    0.000    1.000    0.000    0.000    0.000    
Total frac: 1.900

Sketch (20) (cm: eps0: 0.00625, del0: 0.05, min_mem: 1.69921875)
Par: 1, Rows: 1
0.000    0.000    0.900    0.000    0.000    0.000    0.000    0.000    0.000    0.100    0.000    0.900    0.000    0.000    0.000    
Total frac: 1.900
Par: 2, Rows: 1
0.000    0.000    0.900    0.000    0.000    0.000    0.000    0.000    0.000    0.100    0.000    0.900    0.000    0.000    0.000    
Total frac: 1.900
Par: 3, Rows: 1
0.000    0.000    0.900    0.000    0.000    0.000    0.000    0.000    0.000    0.100    0.000    0.900    0.000    0.000    0.000    
Total frac: 1.900

Sketch (21) (cm: eps0: 0.00625, del0: 0.05, min_mem: 1.69921875)
Par: 1, Rows: 1
0.000    1.000    0.000    0.000    0.000    0.000    0.000    0.000    0.000    0.900    0.000    0.000    0.000    0.000    0.000    
Total frac: 1.900
Par: 2, Rows: 1
0.000    1.000    0.000    0.000    0.000    0.000    0.000    0.000    0.000    0.900    0.000    0.000    0.000    0.000    0.000    
Total frac: 1.900
Par: 3, Rows: 1
0.000    1.000    0.000    0.000    0.000    0.000    0.000    0.000    0.000    0.900    0.000    0.000    0.000    0.000    0.000    
Total frac: 1.900

Sketch (22) (cm: eps0: 0.00625, del0: 0.05, min_mem: 1.69921875)
Par: 1, Rows: 1
0.000    0.300    0.000    0.000    0.000    0.000    0.000    0.300    0.400    0.000    0.300    0.700    0.000    0.000    0.000    
Total frac: 2.000
Par: 2, Rows: 1
0.000    0.300    0.000    0.000    0.000    0.000    0.000    0.300    0.400    0.000    0.300    0.700    0.000    0.000    0.000    
Total frac: 2.000
Par: 3, Rows: 1
0.000    0.300    0.000    0.000    0.000    0.000    0.000    0.300    0.400    0.000    0.300    0.700    0.000    0.000    0.000    
Total frac: 2.000

Sketch (23) (cm: eps0: 0.00625, del0: 0.05, min_mem: 1.69921875)
Par: 1, Rows: 1
0.000    0.000    0.000    0.000    0.200    0.000    0.000    0.000    0.000    0.000    0.000    0.000    0.000    0.700    0.100    
Total frac: 1.000
Par: 2, Rows: 1
0.000    0.000    0.000    0.000    0.200    0.000    0.000    0.000    0.000    0.000    0.000    0.000    0.000    0.700    0.100    
Total frac: 1.000
Par: 3, Rows: 1
0.000    0.000    0.000    0.000    0.200    0.000    0.000    0.000    0.000    0.000    0.000    0.000    0.000    0.700    0.100    
Total frac: 1.000

Sketch (24) (cm: eps0: 0.00625, del0: 0.05, min_mem: 1.69921875)
Par: 1, Rows: 1
0.000    0.000    0.000    0.000    0.000    0.000    0.000    0.000    0.000    0.000    0.000    0.000    1.000    0.000    0.000    
Total frac: 1.000
Par: 2, Rows: 1
0.000    0.000    0.000    0.000    0.000    0.000    0.000    0.000    0.000    0.000    0.000    0.000    1.000    0.000    0.000    
Total frac: 1.000
Par: 3, Rows: 1
0.000    0.000    0.000    0.000    0.000    0.000    0.000    0.000    0.000    0.000    0.000    0.000    1.000    0.000    0.000    
Total frac: 1.000

Sketch (25) (cm: eps0: 0.00625, del0: 0.05, min_mem: 1.69921875)
Par: 1, Rows: 1
0.000    0.300    0.000    0.000    0.000    0.147    0.353    0.000    0.000    0.000    0.000    0.347    0.000    0.000    0.353    
Total frac: 1.500
Par: 2, Rows: 1
0.000    0.300    0.000    0.000    0.000    0.147    0.353    0.000    0.000    0.000    0.000    0.347    0.000    0.000    0.353    
Total frac: 1.500
Par: 3, Rows: 1
0.000    0.300    0.000    0.000    0.000    0.147    0.353    0.000    0.000    0.000    0.000    0.347    0.000    0.000    0.353    
Total frac: 1.500

Sketch (26) (cm: eps0: 0.00625, del0: 0.05, min_mem: 1.69921875)
Par: 1, Rows: 1
0.000    0.200    0.000    0.700    0.000    0.000    0.000    0.000    0.000    0.000    0.000    0.000    0.000    0.000    0.000    
Total frac: 0.900
Par: 2, Rows: 1
0.000    0.200    0.000    0.700    0.000    0.000    0.000    0.000    0.000    0.000    0.000    0.000    0.000    0.000    0.000    
Total frac: 0.900
Par: 3, Rows: 1
0.000    0.200    0.000    0.700    0.000    0.000    0.000    0.000    0.000    0.000    0.000    0.000    0.000    0.000    0.000    
Total frac: 0.900

Sketch (27) (cm: eps0: 0.00625, del0: 0.05, min_mem: 1.69921875)
Par: 1, Rows: 1
0.000    0.000    0.000    0.000    0.000    0.000    0.000    0.000    0.000    0.000    0.000    0.000    0.000    0.000    0.000    
Total frac: 0.000
Par: 2, Rows: 1
0.000    0.000    0.000    0.000    0.000    0.000    0.000    0.000    0.000    0.000    0.000    0.000    0.000    0.000    0.000    
Total frac: 0.000
Par: 3, Rows: 1
0.000    0.000    0.000    0.000    0.000    0.000    0.000    0.000    0.000    0.000    0.000    0.000    0.000    0.000    0.000    
Total frac: 0.000

Sketch (28) (cm: eps0: 0.00625, del0: 0.05, min_mem: 1.69921875)
Par: 1, Rows: 1
0.000    0.100    0.000    0.000    0.000    0.000    0.000    0.000    0.000    0.100    0.000    0.000    0.800    0.000    0.000    
Total frac: 1.000
Par: 2, Rows: 1
0.000    0.100    0.000    0.000    0.000    0.000    0.000    0.000    0.000    0.100    0.000    0.000    0.800    0.000    0.000    
Total frac: 1.000
Par: 3, Rows: 1
0.000    0.100    0.000    0.000    0.000    0.000    0.000    0.000    0.000    0.100    0.000    0.000    0.800    0.000    0.000    
Total frac: 1.000

Sketch (29) (cm: eps0: 0.00625, del0: 0.05, min_mem: 1.69921875)
Par: 1, Rows: 1
0.900    0.000    0.600    0.000    0.400    0.600    0.000    0.000    0.000    0.000    0.000    0.400    0.000    0.000    0.000    
Total frac: 2.900
Par: 2, Rows: 1
0.900    0.000    0.600    0.000    0.400    0.600    0.000    0.000    0.000    0.000    0.000    0.400    0.000    0.000    0.000    
Total frac: 2.900
Par: 3, Rows: 1
0.900    0.000    0.600    0.000    0.400    0.600    0.000    0.000    0.000    0.000    0.000    0.400    0.000    0.000    0.000    
Total frac: 2.900

Sketch (30) (cm: eps0: 0.00625, del0: 0.05, min_mem: 1.69921875)
Par: 1, Rows: 1
0.000    0.000    0.900    0.000    0.000    0.000    1.000    0.000    0.000    0.000    0.000    0.000    0.000    0.000    0.000    
Total frac: 1.900
Par: 2, Rows: 1
0.000    0.000    0.900    0.000    0.000    0.000    1.000    0.000    0.000    0.000    0.000    0.000    0.000    0.000    0.000    
Total frac: 1.900
Par: 3, Rows: 1
0.000    0.000    0.900    0.000    0.000    0.000    1.000    0.000    0.000    0.000    0.000    0.000    0.000    0.000    0.000    
Total frac: 1.900

Sketch (31) (cm: eps0: 0.00625, del0: 0.05, min_mem: 1.69921875)
Par: 1, Rows: 1
0.900    0.000    0.200    0.800    0.100    0.000    0.700    0.200    0.000    0.000    0.000    0.000    0.000    0.000    0.000    
Total frac: 2.900
Par: 2, Rows: 1
0.900    0.000    0.200    0.800    0.100    0.000    0.700    0.200    0.000    0.000    0.000    0.000    0.000    0.000    0.000    
Total frac: 2.900
Par: 3, Rows: 1
0.900    0.000    0.200    0.800    0.100    0.000    0.700    0.200    0.000    0.000    0.000    0.000    0.000    0.000    0.000    
Total frac: 2.900

Sketch (32) (cm: eps0: 0.00625, del0: 0.05, min_mem: 1.69921875)
Par: 1, Rows: 1
0.000    0.000    0.000    0.200    0.000    0.000    0.000    0.900    0.100    0.700    0.000    0.000    0.000    0.000    0.000    
Total frac: 1.900
Par: 2, Rows: 1
0.000    0.000    0.000    0.200    0.000    0.000    0.000    0.900    0.100    0.700    0.000    0.000    0.000    0.000    0.000    
Total frac: 1.900
Par: 3, Rows: 1
0.000    0.000    0.000    0.200    0.000    0.000    0.000    0.900    0.100    0.700    0.000    0.000    0.000    0.000    0.000    
Total frac: 1.900

Sketch (33) (cm: eps0: 0.00625, del0: 0.05, min_mem: 1.69921875)
Par: 1, Rows: 1
0.000    0.000    0.000    0.000    0.000    0.000    0.000    0.000    0.000    0.000    0.000    0.000    0.000    0.000    0.000    
Total frac: 0.000
Par: 2, Rows: 1
0.000    0.000    0.000    0.000    0.000    0.000    0.000    0.000    0.000    0.000    0.000    0.000    0.000    0.000    0.000    
Total frac: 0.000
Par: 3, Rows: 1
0.000    0.000    0.000    0.000    0.000    0.000    0.000    0.000    0.000    0.000    0.000    0.000    0.000    0.000    0.000    
Total frac: 0.000

Sketch (34) (cm: eps0: 0.00625, del0: 0.05, min_mem: 1.69921875)
Par: 1, Rows: 1
0.000    0.000    0.000    0.000    0.000    0.000    0.000    0.100    0.000    0.000    0.000    0.000    0.000    0.847    0.053    
Total frac: 1.000
Par: 2, Rows: 1
0.000    0.000    0.000    0.000    0.000    0.000    0.000    0.100    0.000    0.000    0.000    0.000    0.000    0.847    0.053    
Total frac: 1.000
Par: 3, Rows: 1
0.000    0.000    0.000    0.000    0.000    0.000    0.000    0.100    0.000    0.000    0.000    0.000    0.000    0.847    0.053    
Total frac: 1.000

Sketch (35) (cm: eps0: 0.00625, del0: 0.05, min_mem: 1.69921875)
Par: 1, Rows: 1
0.900    0.000    0.000    0.000    0.000    0.900    0.000    0.000    0.000    0.000    0.000    0.000    0.000    0.000    0.000    
Total frac: 1.800
Par: 2, Rows: 1
0.900    0.000    0.000    0.000    0.000    0.900    0.000    0.000    0.000    0.000    0.000    0.000    0.000    0.000    0.000    
Total frac: 1.800
Par: 3, Rows: 1
0.900    0.000    0.000    0.000    0.000    0.900    0.000    0.000    0.000    0.000    0.000    0.000    0.000    0.000    0.000    
Total frac: 1.800

Sketch (36) (cm: eps0: 0.00625, del0: 0.05, min_mem: 1.69921875)
Par: 1, Rows: 1
0.000    0.000    0.000    0.000    0.000    0.000    0.000    0.000    0.000    0.000    0.000    0.000    0.000    0.000    1.000    
Total frac: 1.000
Par: 2, Rows: 1
0.000    0.000    0.000    0.000    0.000    0.000    0.000    0.000    0.000    0.000    0.000    0.000    0.000    0.000    1.000    
Total frac: 1.000
Par: 3, Rows: 1
0.000    0.000    0.000    0.000    0.000    0.000    0.000    0.000    0.000    0.000    0.000    0.000    0.000    0.000    1.000    
Total frac: 1.000

Sketch (37) (cm: eps0: 0.00625, del0: 0.05, min_mem: 1.69921875)
Par: 1, Rows: 1
0.000    0.000    0.000    0.000    0.900    0.000    0.900    0.100    0.000    0.000    0.000    0.000    0.000    0.000    0.000    
Total frac: 1.900
Par: 2, Rows: 1
0.000    0.000    0.000    0.000    0.900    0.000    0.900    0.100    0.000    0.000    0.000    0.000    0.000    0.000    0.000    
Total frac: 1.900
Par: 3, Rows: 1
0.000    0.000    0.000    0.000    0.900    0.000    0.900    0.100    0.000    0.000    0.000    0.000    0.000    0.000    0.000    
Total frac: 1.900

Sketch (38) (cm: eps0: 0.00625, del0: 0.05, min_mem: 1.69921875)
Par: 1, Rows: 1
0.000    0.000    0.000    0.100    0.000    0.000    0.000    0.000    0.000    0.000    0.000    0.000    0.000    0.000    0.900    
Total frac: 1.000
Par: 2, Rows: 1
0.000    0.000    0.000    0.100    0.000    0.000    0.000    0.000    0.000    0.000    0.000    0.000    0.000    0.000    0.900    
Total frac: 1.000
Par: 3, Rows: 1
0.000    0.000    0.000    0.100    0.000    0.000    0.000    0.000    0.000    0.000    0.000    0.000    0.000    0.000    0.900    
Total frac: 1.000

Sketch (39) (cm: eps0: 0.00625, del0: 0.05, min_mem: 1.69921875)
Par: 1, Rows: 1
0.200    0.000    0.000    0.000    0.700    0.000    0.000    0.000    0.700    0.000    0.000    0.100    0.000    0.000    0.000    
Total frac: 1.700
Par: 2, Rows: 1
0.200    0.000    0.000    0.000    0.700    0.000    0.000    0.000    0.700    0.000    0.000    0.100    0.000    0.000    0.000    
Total frac: 1.700
Par: 3, Rows: 1
0.200    0.000    0.000    0.000    0.700    0.000    0.000    0.000    0.700    0.000    0.000    0.100    0.000    0.000    0.000    
Total frac: 1.700

Sketch (40) (cm: eps0: 0.00625, del0: 0.05, min_mem: 1.69921875)
Par: 1, Rows: 1
0.000    0.700    0.000    0.000    0.700    0.000    0.000    0.700    0.100    0.000    0.000    0.000    0.000    0.000    0.000    
Total frac: 2.200
Par: 2, Rows: 1
0.000    0.700    0.000    0.000    0.700    0.000    0.000    0.700    0.100    0.000    0.000    0.000    0.000    0.000    0.000    
Total frac: 2.200
Par: 3, Rows: 1
0.000    0.700    0.000    0.000    0.700    0.000    0.000    0.700    0.100    0.000    0.000    0.000    0.000    0.000    0.000    
Total frac: 2.200

Sketch (41) (cm: eps0: 0.00625, del0: 0.05, min_mem: 1.69921875)
Par: 1, Rows: 1
0.000    0.000    0.097    0.000    0.000    0.000    0.000    0.000    0.600    0.000    0.000    0.603    0.003    0.297    0.000    
Total frac: 1.600
Par: 2, Rows: 1
0.000    0.000    0.097    0.000    0.000    0.000    0.000    0.000    0.600    0.000    0.000    0.603    0.003    0.297    0.000    
Total frac: 1.600
Par: 3, Rows: 1
0.000    0.000    0.097    0.000    0.000    0.000    0.000    0.000    0.600    0.000    0.000    0.603    0.003    0.297    0.000    
Total frac: 1.600

Sketch (42) (cm: eps0: 0.00625, del0: 0.05, min_mem: 1.69921875)
Par: 1, Rows: 1
0.000    0.000    0.000    0.200    0.800    0.000    0.000    0.000    0.000    0.000    0.000    0.200    0.500    0.000    0.000    
Total frac: 1.700
Par: 2, Rows: 1
0.000    0.000    0.000    0.200    0.800    0.000    0.000    0.000    0.000    0.000    0.000    0.200    0.500    0.000    0.000    
Total frac: 1.700
Par: 3, Rows: 1
0.000    0.000    0.000    0.200    0.800    0.000    0.000    0.000    0.000    0.000    0.000    0.200    0.500    0.000    0.000    
Total frac: 1.700

Sketch (43) (cm: eps0: 0.00625, del0: 0.05, min_mem: 1.69921875)
Par: 1, Rows: 1
0.000    0.000    0.000    0.000    0.000    0.000    0.000    0.000    0.000    0.000    0.000    0.100    0.000    0.900    0.000    
Total frac: 1.000
Par: 2, Rows: 1
0.000    0.000    0.000    0.000    0.000    0.000    0.000    0.000    0.000    0.000    0.000    0.100    0.000    0.900    0.000    
Total frac: 1.000
Par: 3, Rows: 1
0.000    0.000    0.000    0.000    0.000    0.000    0.000    0.000    0.000    0.000    0.000    0.100    0.000    0.900    0.000    
Total frac: 1.000

Sketch (44) (cm: eps0: 0.00625, del0: 0.05, min_mem: 1.69921875)
Par: 1, Rows: 1
0.900    0.000    0.900    0.000    0.000    0.000    0.100    0.800    0.000    0.000    0.000    0.000    0.000    0.000    0.000    
Total frac: 2.700
Par: 2, Rows: 1
0.900    0.000    0.900    0.000    0.000    0.000    0.100    0.800    0.000    0.000    0.000    0.000    0.000    0.000    0.000    
Total frac: 2.700
Par: 3, Rows: 1
0.900    0.000    0.900    0.000    0.000    0.000    0.100    0.800    0.000    0.000    0.000    0.000    0.000    0.000    0.000    
Total frac: 2.700

Sketch (45) (cm: eps0: 0.00625, del0: 0.05, min_mem: 1.69921875)
Par: 1, Rows: 1
0.000    0.000    0.000    0.000    0.000    0.000    0.000    0.000    0.200    0.000    0.000    0.000    0.700    0.000    0.000    
Total frac: 0.900
Par: 2, Rows: 1
0.000    0.000    0.000    0.000    0.000    0.000    0.000    0.000    0.200    0.000    0.000    0.000    0.700    0.000    0.000    
Total frac: 0.900
Par: 3, Rows: 1
0.000    0.000    0.000    0.000    0.000    0.000    0.000    0.000    0.200    0.000    0.000    0.000    0.700    0.000    0.000    
Total frac: 0.900

Sketch (46) (cm: eps0: 0.00625, del0: 0.05, min_mem: 1.69921875)
Par: 1, Rows: 1
0.000    0.000    0.000    0.000    0.000    0.000    0.000    0.000    0.100    0.000    0.000    0.000    0.700    0.000    0.200    
Total frac: 1.000
Par: 2, Rows: 1
0.000    0.000    0.000    0.000    0.000    0.000    0.000    0.000    0.100    0.000    0.000    0.000    0.700    0.000    0.200    
Total frac: 1.000
Par: 3, Rows: 1
0.000    0.000    0.000    0.000    0.000    0.000    0.000    0.000    0.100    0.000    0.000    0.000    0.700    0.000    0.200    
Total frac: 1.000

Sketch (47) (cm: eps0: 0.00625, del0: 0.05, min_mem: 1.69921875)
Par: 1, Rows: 1
0.000    0.000    0.000    0.000    0.300    0.000    0.000    0.700    0.000    0.000    0.000    0.000    0.000    0.000    0.000    
Total frac: 1.000
Par: 2, Rows: 1
0.000    0.000    0.000    0.000    0.300    0.000    0.000    0.700    0.000    0.000    0.000    0.000    0.000    0.000    0.000    
Total frac: 1.000
Par: 3, Rows: 1
0.000    0.000    0.000    0.000    0.300    0.000    0.000    0.700    0.000    0.000    0.000    0.000    0.000    0.000    0.000    
Total frac: 1.000

Sketch (48) (cm: eps0: 0.00625, del0: 0.05, min_mem: 1.69921875)
Par: 1, Rows: 1
0.000    0.000    0.000    1.000    0.000    0.000    0.100    0.000    0.300    0.000    0.000    0.000    0.000    0.600    0.000    
Total frac: 2.000
Par: 2, Rows: 1
0.000    0.000    0.000    1.000    0.000    0.000    0.100    0.000    0.300    0.000    0.000    0.000    0.000    0.600    0.000    
Total frac: 2.000
Par: 3, Rows: 1
0.000    0.000    0.000    1.000    0.000    0.000    0.100    0.000    0.300    0.000    0.000    0.000    0.000    0.600    0.000    
Total frac: 2.000

Sketch (49) (cm: eps0: 0.00625, del0: 0.05, min_mem: 1.69921875)
Par: 1, Rows: 1
0.000    0.000    0.000    0.800    0.800    0.000    0.000    0.100    0.000    0.000    0.000    0.000    0.000    0.000    0.000    
Total frac: 1.700
Par: 2, Rows: 1
0.000    0.000    0.000    0.800    0.800    0.000    0.000    0.100    0.000    0.000    0.000    0.000    0.000    0.000    0.000    
Total frac: 1.700
Par: 3, Rows: 1
0.000    0.000    0.000    0.800    0.800    0.000    0.000    0.100    0.000    0.000    0.000    0.000    0.000    0.000    0.000    
Total frac: 1.700

Sketch (50) (cm: eps0: 0.00625, del0: 0.05, min_mem: 1.69921875)
Par: 1, Rows: 1
0.000    0.000    0.000    0.100    0.000    0.000    0.000    0.000    0.000    0.000    0.000    0.000    0.900    0.000    0.000    
Total frac: 1.000
Par: 2, Rows: 1
0.000    0.000    0.000    0.100    0.000    0.000    0.000    0.000    0.000    0.000    0.000    0.000    0.900    0.000    0.000    
Total frac: 1.000
Par: 3, Rows: 1
0.000    0.000    0.000    0.100    0.000    0.000    0.000    0.000    0.000    0.000    0.000    0.000    0.900    0.000    0.000    
Total frac: 1.000

Sketch (51) (cm: eps0: 0.00625, del0: 0.05, min_mem: 1.69921875)
Par: 1, Rows: 1
0.000    0.044    0.000    0.100    0.000    0.000    0.000    0.000    0.756    0.100    0.000    0.000    0.000    0.000    0.000    
Total frac: 1.000
Par: 2, Rows: 1
0.000    0.044    0.000    0.100    0.000    0.000    0.000    0.000    0.756    0.100    0.000    0.000    0.000    0.000    0.000    
Total frac: 1.000
Par: 3, Rows: 1
0.000    0.044    0.000    0.100    0.000    0.000    0.000    0.000    0.756    0.100    0.000    0.000    0.000    0.000    0.000    
Total frac: 1.000

Sketch (52) (cm: eps0: 0.00625, del0: 0.05, min_mem: 1.69921875)
Par: 1, Rows: 1
0.000    0.000    0.000    0.000    0.552    0.000    0.100    0.000    0.448    0.348    0.000    0.000    0.104    0.348    0.000    
Total frac: 1.900
Par: 2, Rows: 1
0.000    0.000    0.000    0.000    0.552    0.000    0.100    0.000    0.448    0.348    0.000    0.000    0.104    0.348    0.000    
Total frac: 1.900
Par: 3, Rows: 1
0.000    0.000    0.000    0.000    0.552    0.000    0.100    0.000    0.448    0.348    0.000    0.000    0.104    0.348    0.000    
Total frac: 1.900

Sketch (53) (cm: eps0: 0.00625, del0: 0.05, min_mem: 1.69921875)
Par: 1, Rows: 1
0.000    0.000    0.000    0.100    0.000    0.000    0.000    0.000    0.000    0.000    0.000    0.000    0.000    0.000    0.900    
Total frac: 1.000
Par: 2, Rows: 1
0.000    0.000    0.000    0.100    0.000    0.000    0.000    0.000    0.000    0.000    0.000    0.000    0.000    0.000    0.900    
Total frac: 1.000
Par: 3, Rows: 1
0.000    0.000    0.000    0.100    0.000    0.000    0.000    0.000    0.000    0.000    0.000    0.000    0.000    0.000    0.900    
Total frac: 1.000

Sketch (54) (cm: eps0: 0.00625, del0: 0.05, min_mem: 1.69921875)
Par: 1, Rows: 1
0.000    0.000    0.900    0.000    0.100    0.000    0.100    0.000    0.000    0.000    0.000    0.100    0.000    0.700    0.000    
Total frac: 1.900
Par: 2, Rows: 1
0.000    0.000    0.900    0.000    0.100    0.000    0.100    0.000    0.000    0.000    0.000    0.100    0.000    0.700    0.000    
Total frac: 1.900
Par: 3, Rows: 1
0.000    0.000    0.900    0.000    0.100    0.000    0.100    0.000    0.000    0.000    0.000    0.100    0.000    0.700    0.000    
Total frac: 1.900

Sketch (55) (cm: eps0: 0.00625, del0: 0.05, min_mem: 1.69921875)
Par: 1, Rows: 1
0.000    0.000    0.000    0.700    0.000    0.000    0.000    0.000    0.800    0.000    0.000    0.000    0.000    0.000    0.100    
Total frac: 1.600
Par: 2, Rows: 1
0.000    0.000    0.000    0.700    0.000    0.000    0.000    0.000    0.800    0.000    0.000    0.000    0.000    0.000    0.100    
Total frac: 1.600
Par: 3, Rows: 1
0.000    0.000    0.000    0.700    0.000    0.000    0.000    0.000    0.800    0.000    0.000    0.000    0.000    0.000    0.100    
Total frac: 1.600

Sketch (56) (cm: eps0: 0.00625, del0: 0.05, min_mem: 1.69921875)
Par: 1, Rows: 1
0.000    0.000    0.000    0.000    0.000    0.000    0.000    0.000    0.100    0.000    0.000    0.000    0.700    0.000    0.200    
Total frac: 1.000
Par: 2, Rows: 1
0.000    0.000    0.000    0.000    0.000    0.000    0.000    0.000    0.100    0.000    0.000    0.000    0.700    0.000    0.200    
Total frac: 1.000
Par: 3, Rows: 1
0.000    0.000    0.000    0.000    0.000    0.000    0.000    0.000    0.100    0.000    0.000    0.000    0.700    0.000    0.200    
Total frac: 1.000

Sketch (57) (cm: eps0: 0.00625, del0: 0.05, min_mem: 1.69921875)
Par: 1, Rows: 1
0.000    1.000    0.000    0.000    0.000    0.900    0.000    0.100    0.000    0.000    0.000    0.000    0.000    0.000    0.000    
Total frac: 2.000
Par: 2, Rows: 1
0.000    1.000    0.000    0.000    0.000    0.900    0.000    0.100    0.000    0.000    0.000    0.000    0.000    0.000    0.000    
Total frac: 2.000
Par: 3, Rows: 1
0.000    1.000    0.000    0.000    0.000    0.900    0.000    0.100    0.000    0.000    0.000    0.000    0.000    0.000    0.000    
Total frac: 2.000

Sketch (58) (cm: eps0: 0.00625, del0: 0.05, min_mem: 1.69921875)
Par: 1, Rows: 1
0.000    0.402    0.000    0.000    0.000    0.000    0.000    0.398    0.000    0.900    0.000    0.000    0.000    0.000    0.100    
Total frac: 1.800
Par: 2, Rows: 1
0.000    0.402    0.000    0.000    0.000    0.000    0.000    0.398    0.000    0.900    0.000    0.000    0.000    0.000    0.100    
Total frac: 1.800
Par: 3, Rows: 1
0.000    0.402    0.000    0.000    0.000    0.000    0.000    0.398    0.000    0.900    0.000    0.000    0.000    0.000    0.100    
Total frac: 1.800

Sketch (59) (cm: eps0: 0.00625, del0: 0.05, min_mem: 1.69921875)
Par: 1, Rows: 1
0.000    0.000    0.000    0.000    0.000    0.000    0.000    0.000    0.000    0.000    0.000    0.000    0.900    0.000    0.100    
Total frac: 1.000
Par: 2, Rows: 1
0.000    0.000    0.000    0.000    0.000    0.000    0.000    0.000    0.000    0.000    0.000    0.000    0.900    0.000    0.100    
Total frac: 1.000
Par: 3, Rows: 1
0.000    0.000    0.000    0.000    0.000    0.000    0.000    0.000    0.000    0.000    0.000    0.000    0.900    0.000    0.100    
Total frac: 1.000

Sketch (60) (cm: eps0: 0.00625, del0: 0.05, min_mem: 1.69921875)
Par: 1, Rows: 1
0.000    0.000    0.000    0.700    0.000    0.900    0.000    0.000    0.000    0.000    0.000    0.000    0.000    0.000    0.000    
Total frac: 1.600
Par: 2, Rows: 1
0.000    0.000    0.000    0.700    0.000    0.900    0.000    0.000    0.000    0.000    0.000    0.000    0.000    0.000    0.000    
Total frac: 1.600
Par: 3, Rows: 1
0.000    0.000    0.000    0.700    0.000    0.900    0.000    0.000    0.000    0.000    0.000    0.000    0.000    0.000    0.000    
Total frac: 1.600

Sketch (61) (cm: eps0: 0.00625, del0: 0.05, min_mem: 1.69921875)
Par: 1, Rows: 1
0.000    0.000    0.000    0.000    0.000    0.100    0.000    0.000    0.000    0.000    0.800    0.000    0.000    0.000    0.000    
Total frac: 0.900
Par: 2, Rows: 1
0.000    0.000    0.000    0.000    0.000    0.100    0.000    0.000    0.000    0.000    0.800    0.000    0.000    0.000    0.000    
Total frac: 0.900
Par: 3, Rows: 1
0.000    0.000    0.000    0.000    0.000    0.100    0.000    0.000    0.000    0.000    0.800    0.000    0.000    0.000    0.000    
Total frac: 0.900

Sketch (62) (cm: eps0: 0.00625, del0: 0.05, min_mem: 1.69921875)
Par: 1, Rows: 1
0.000    0.000    0.000    0.000    0.000    0.000    0.000    0.000    0.000    0.900    0.000    1.000    0.000    0.000    0.000    
Total frac: 1.900
Par: 2, Rows: 1
0.000    0.000    0.000    0.000    0.000    0.000    0.000    0.000    0.000    0.900    0.000    1.000    0.000    0.000    0.000    
Total frac: 1.900
Par: 3, Rows: 1
0.000    0.000    0.000    0.000    0.000    0.000    0.000    0.000    0.000    0.900    0.000    1.000    0.000    0.000    0.000    
Total frac: 1.900

Sketch (63) (cm: eps0: 0.00625, del0: 0.05, min_mem: 1.69921875)
Par: 1, Rows: 1
0.000    0.000    0.000    0.000    0.000    0.000    0.000    0.000    0.000    0.000    0.000    0.000    0.000    0.700    0.300    
Total frac: 1.000
Par: 2, Rows: 1
0.000    0.000    0.000    0.000    0.000    0.000    0.000    0.000    0.000    0.000    0.000    0.000    0.000    0.700    0.300    
Total frac: 1.000
Par: 3, Rows: 1
0.000    0.000    0.000    0.000    0.000    0.000    0.000    0.000    0.000    0.000    0.000    0.000    0.000    0.700    0.300    
Total frac: 1.000

Sketch (64) (cm: eps0: 0.00625, del0: 0.05, min_mem: 1.69921875)
Par: 1, Rows: 1
0.000    0.000    0.000    0.000    0.300    0.000    0.000    0.000    0.000    0.700    0.000    0.000    0.000    0.000    0.000    
Total frac: 1.000
Par: 2, Rows: 1
0.000    0.000    0.000    0.000    0.300    0.000    0.000    0.000    0.000    0.700    0.000    0.000    0.000    0.000    0.000    
Total frac: 1.000
Par: 3, Rows: 1
0.000    0.000    0.000    0.000    0.300    0.000    0.000    0.000    0.000    0.700    0.000    0.000    0.000    0.000    0.000    
Total frac: 1.000

Sketch (65) (cm: eps0: 0.00625, del0: 0.05, min_mem: 1.69921875)
Par: 1, Rows: 1
0.000    0.000    0.800    0.000    0.100    0.200    0.000    0.000    0.100    0.000    0.500    0.000    0.000    0.000    0.000    
Total frac: 1.700
Par: 2, Rows: 1
0.000    0.000    0.800    0.000    0.100    0.200    0.000    0.000    0.100    0.000    0.500    0.000    0.000    0.000    0.000    
Total frac: 1.700
Par: 3, Rows: 1
0.000    0.000    0.800    0.000    0.100    0.200    0.000    0.000    0.100    0.000    0.500    0.000    0.000    0.000    0.000    
Total frac: 1.700

Sketch (66) (cm: eps0: 0.00625, del0: 0.05, min_mem: 1.69921875)
Par: 1, Rows: 1
0.000    0.900    0.000    0.000    0.000    0.000    0.000    0.000    0.000    0.000    1.000    0.000    0.000    0.000    0.000    
Total frac: 1.900
Par: 2, Rows: 1
0.000    0.900    0.000    0.000    0.000    0.000    0.000    0.000    0.000    0.000    1.000    0.000    0.000    0.000    0.000    
Total frac: 1.900
Par: 3, Rows: 1
0.000    0.900    0.000    0.000    0.000    0.000    0.000    0.000    0.000    0.000    1.000    0.000    0.000    0.000    0.000    
Total frac: 1.900

Sketch (67) (cm: eps0: 0.00625, del0: 0.05, min_mem: 1.69921875)
Par: 1, Rows: 1
0.800    0.000    0.000    0.000    0.000    0.000    0.500    0.000    0.000    0.200    0.000    0.000    0.000    0.000    0.000    
Total frac: 1.500
Par: 2, Rows: 1
0.800    0.000    0.000    0.000    0.000    0.000    0.500    0.000    0.000    0.200    0.000    0.000    0.000    0.000    0.000    
Total frac: 1.500
Par: 3, Rows: 1
0.800    0.000    0.000    0.000    0.000    0.000    0.500    0.000    0.000    0.200    0.000    0.000    0.000    0.000    0.000    
Total frac: 1.500

Sketch (68) (cm: eps0: 0.00625, del0: 0.05, min_mem: 1.69921875)
Par: 1, Rows: 1
0.100    0.000    0.100    0.000    0.900    0.000    0.700    0.000    0.000    0.900    0.000    0.000    0.000    0.000    0.000    
Total frac: 2.700
Par: 2, Rows: 1
0.100    0.000    0.100    0.000    0.900    0.000    0.700    0.000    0.000    0.900    0.000    0.000    0.000    0.000    0.000    
Total frac: 2.700
Par: 3, Rows: 1
0.100    0.000    0.100    0.000    0.900    0.000    0.700    0.000    0.000    0.900    0.000    0.000    0.000    0.000    0.000    
Total frac: 2.700

Sketch (69) (cm: eps0: 0.00625, del0: 0.05, min_mem: 1.69921875)
Par: 1, Rows: 1
0.500    0.000    0.000    0.000    0.000    0.100    0.000    0.000    0.500    0.000    0.700    0.200    0.000    0.000    0.000    
Total frac: 2.000
Par: 2, Rows: 1
0.500    0.000    0.000    0.000    0.000    0.100    0.000    0.000    0.500    0.000    0.700    0.200    0.000    0.000    0.000    
Total frac: 2.000
Par: 3, Rows: 1
0.500    0.000    0.000    0.000    0.000    0.100    0.000    0.000    0.500    0.000    0.700    0.200    0.000    0.000    0.000    
Total frac: 2.000

Sketch (70) (cm: eps0: 0.00625, del0: 0.05, min_mem: 1.69921875)
Par: 1, Rows: 1
0.000    0.300    0.000    0.000    0.000    0.100    0.000    0.000    0.400    0.000    0.600    0.000    0.300    0.000    0.000    
Total frac: 1.700
Par: 2, Rows: 1
0.000    0.300    0.000    0.000    0.000    0.100    0.000    0.000    0.400    0.000    0.600    0.000    0.300    0.000    0.000    
Total frac: 1.700
Par: 3, Rows: 1
0.000    0.300    0.000    0.000    0.000    0.100    0.000    0.000    0.400    0.000    0.600    0.000    0.300    0.000    0.000    
Total frac: 1.700

Sketch (71) (cm: eps0: 0.00625, del0: 0.05, min_mem: 1.69921875)
Par: 1, Rows: 1
0.100    0.000    0.000    0.000    0.000    0.000    0.000    0.000    0.000    0.000    0.000    0.000    0.000    0.000    0.900    
Total frac: 1.000
Par: 2, Rows: 1
0.100    0.000    0.000    0.000    0.000    0.000    0.000    0.000    0.000    0.000    0.000    0.000    0.000    0.000    0.900    
Total frac: 1.000
Par: 3, Rows: 1
0.100    0.000    0.000    0.000    0.000    0.000    0.000    0.000    0.000    0.000    0.000    0.000    0.000    0.000    0.900    
Total frac: 1.000

Sketch (72) (cm: eps0: 0.00625, del0: 0.05, min_mem: 1.69921875)
Par: 1, Rows: 1
0.000    0.000    0.000    0.100    0.000    0.000    0.000    0.000    0.000    0.100    0.000    0.000    0.600    0.000    0.100    
Total frac: 0.900
Par: 2, Rows: 1
0.000    0.000    0.000    0.100    0.000    0.000    0.000    0.000    0.000    0.100    0.000    0.000    0.600    0.000    0.100    
Total frac: 0.900
Par: 3, Rows: 1
0.000    0.000    0.000    0.100    0.000    0.000    0.000    0.000    0.000    0.100    0.000    0.000    0.600    0.000    0.100    
Total frac: 0.900

Sketch (73) (cm: eps0: 0.00625, del0: 0.05, min_mem: 1.69921875)
Par: 1, Rows: 1
0.000    0.000    0.000    0.100    0.000    0.000    0.000    0.000    0.000    0.000    0.000    0.000    0.000    0.000    0.700    
Total frac: 0.800
Par: 2, Rows: 1
0.000    0.000    0.000    0.100    0.000    0.000    0.000    0.000    0.000    0.000    0.000    0.000    0.000    0.000    0.700    
Total frac: 0.800
Par: 3, Rows: 1
0.000    0.000    0.000    0.100    0.000    0.000    0.000    0.000    0.000    0.000    0.000    0.000    0.000    0.000    0.700    
Total frac: 0.800

Sketch (74) (cm: eps0: 0.00625, del0: 0.05, min_mem: 1.69921875)
Par: 1, Rows: 1
0.000    0.000    0.900    0.000    0.000    0.000    0.000    0.000    0.000    0.000    0.000    0.000    0.000    0.000    0.000    
Total frac: 0.900
Par: 2, Rows: 1
0.000    0.000    0.900    0.000    0.000    0.000    0.000    0.000    0.000    0.000    0.000    0.000    0.000    0.000    0.000    
Total frac: 0.900
Par: 3, Rows: 1
0.000    0.000    0.900    0.000    0.000    0.000    0.000    0.000    0.000    0.000    0.000    0.000    0.000    0.000    0.000    
Total frac: 0.900

Sketch (75) (cm: eps0: 0.00625, del0: 0.05, min_mem: 1.69921875)
Par: 1, Rows: 1
0.000    0.300    0.000    0.087    0.000    0.700    0.000    0.000    0.000    0.613    0.000    0.000    0.000    0.000    0.000    
Total frac: 1.700
Par: 2, Rows: 1
0.000    0.300    0.000    0.087    0.000    0.700    0.000    0.000    0.000    0.613    0.000    0.000    0.000    0.000    0.000    
Total frac: 1.700
Par: 3, Rows: 1
0.000    0.300    0.000    0.087    0.000    0.700    0.000    0.000    0.000    0.613    0.000    0.000    0.000    0.000    0.000    
Total frac: 1.700

Sketch (76) (cm: eps0: 0.00625, del0: 0.05, min_mem: 1.69921875)
Par: 1, Rows: 1
0.000    0.700    0.000    0.000    0.100    0.700    0.000    0.800    0.000    0.000    0.100    0.000    0.000    0.000    0.000    
Total frac: 2.400
Par: 2, Rows: 1
0.000    0.700    0.000    0.000    0.100    0.700    0.000    0.800    0.000    0.000    0.100    0.000    0.000    0.000    0.000    
Total frac: 2.400
Par: 3, Rows: 1
0.000    0.700    0.000    0.000    0.100    0.700    0.000    0.800    0.000    0.000    0.100    0.000    0.000    0.000    0.000    
Total frac: 2.400

Sketch (77) (cm: eps0: 0.00625, del0: 0.05, min_mem: 1.69921875)
Par: 1, Rows: 1
0.000    0.000    0.000    0.000    0.000    0.000    1.000    0.000    0.000    0.000    0.000    0.000    0.000    0.000    0.000    
Total frac: 1.000
Par: 2, Rows: 1
0.000    0.000    0.000    0.000    0.000    0.000    1.000    0.000    0.000    0.000    0.000    0.000    0.000    0.000    0.000    
Total frac: 1.000
Par: 3, Rows: 1
0.000    0.000    0.000    0.000    0.000    0.000    1.000    0.000    0.000    0.000    0.000    0.000    0.000    0.000    0.000    
Total frac: 1.000

Sketch (78) (cm: eps0: 0.00625, del0: 0.05, min_mem: 1.69921875)
Par: 1, Rows: 1
0.000    0.660    0.000    0.140    0.140    0.860    0.800    0.000    0.000    0.000    0.000    0.000    0.000    0.000    0.000    
Total frac: 2.600
Par: 2, Rows: 1
0.000    0.660    0.000    0.140    0.140    0.860    0.800    0.000    0.000    0.000    0.000    0.000    0.000    0.000    0.000    
Total frac: 2.600
Par: 3, Rows: 1
0.000    0.660    0.000    0.140    0.140    0.860    0.800    0.000    0.000    0.000    0.000    0.000    0.000    0.000    0.000    
Total frac: 2.600

Sketch (79) (cm: eps0: 0.00625, del0: 0.05, min_mem: 1.69921875)
Par: 1, Rows: 1
0.000    0.000    0.000    0.000    0.000    0.000    0.000    0.700    0.000    0.000    0.000    0.000    0.000    0.000    0.000    
Total frac: 0.700
Par: 2, Rows: 1
0.000    0.000    0.000    0.000    0.000    0.000    0.000    0.700    0.000    0.000    0.000    0.000    0.000    0.000    0.000    
Total frac: 0.700
Par: 3, Rows: 1
0.000    0.000    0.000    0.000    0.000    0.000    0.000    0.700    0.000    0.000    0.000    0.000    0.000    0.000    0.000    
Total frac: 0.700

Device (0) cpu1:
Rows total: 24.02
Mem total: 40.815234375

Device (1) cpu2:
Rows total: 24.019999999999996
Mem total: 40.815234375

Device (2) cpu3:
Rows total: 24.020000000000003
Mem total: 40.815234375

Device (3) cpu4:
Rows total: 24.02
Mem total: 40.815234375

Device (4) cpu5:
Rows total: 24.020000000000003
Mem total: 40.815234375

Device (5) cpu6:
Rows total: 24.020000000000003
Mem total: 40.815234375

Device (6) cpu7:
Rows total: 24.020000000000003
Mem total: 40.815234375

Device (7) cpu8:
Rows total: 24.020000000000003
Mem total: 40.815234375

Device (8) tor_p41:
Rows total: 24.01999999999999
Mem total: 40.815234375

Device (9) tor_p42:
Rows total: 24.020000000000003
Mem total: 40.815234375

Device (10) tor_p43:
Rows total: 24.019999999999996
Mem total: 40.815234375

Device (11) tor_p44:
Rows total: 24.020000000000003
Mem total: 40.815234375

Device (12) l1_p41:
Rows total: 24.020000000000003
Mem total: 40.815234375

Device (13) l1_p42:
Rows total: 24.020000000000003
Mem total: 40.815234375

Device (14) l2_p4:
Rows total: 24.020000000000003
Mem total: 40.815234375
--------------------------------------------------
Infeasible placement
