Using license file /home/anupa/gurobi.lic
Academic license - for non-commercial use only

--------------------------------------------------
Model update took: 5.555152893066406e-05 seconds
Model optimize took: 0.0031626224517822266 seconds
--------------------------------------------------

Sketch (0) (cm: eps0: 0.03125, del0: 0.05, min_mem: 0.33984375)
Par: 1, Rows: 1
1.000    0.000    0.000    
Total frac: 1.000
Par: 2, Rows: 1
1.000    0.000    0.000    
Total frac: 1.000
Par: 3, Rows: 1
0.000    1.000    0.000    
Total frac: 1.000

Sketch (1) (cm: eps0: 1.25e-06, del0: 0.05, min_mem: 8494.6328125)
Par: 1, Rows: 1
0.489    0.022    0.489    
Total frac: 1.000
Par: 2, Rows: 1
0.489    0.022    0.489    
Total frac: 1.000
Par: 3, Rows: 1
0.489    0.022    0.489    
Total frac: 1.000

Sketch (2) (cm: eps0: 0.625, del0: 0.025, min_mem: 0.01953125)
Par: 1, Rows: 1
0.000    1.000    0.000    
Total frac: 1.000
Par: 2, Rows: 1
0.000    1.000    0.000    
Total frac: 1.000
Par: 3, Rows: 1
0.000    1.000    0.000    
Total frac: 1.000
Par: 4, Rows: 1
0.000    1.000    0.000    
Total frac: 1.000

Device (0) cpu_1:
Rows total: 3.4662274503321497
Mem total: 12455.743497679689

Device (1) p4_1:
Rows total: 5.067465085577014
Mem total: 573.5090983906206

Device (2) cpu_2:
Rows total: 1.466307464090837
Mem total: 12455.743497679689
--------------------------------------------------
Changed value of parameter NonConvex to 2
   Prev: -1  Min: -1  Max: 2  Default: -1
Changed value of parameter NonConvex to 2
   Prev: -1  Min: -1  Max: 2  Default: -1

Throughput: 70.0 Mpps, ns per packet: 14.285714285714286
Resources: 136.2559254902287

Sketch (0) (cm: eps0: 0.03125, del0: 0.05, min_mem: 0.33984375)
Par: 1, Rows: 1
1.000    0.000    0.000    
Total frac: 1.000
Par: 2, Rows: 1
1.000    0.000    0.000    
Total frac: 1.000
Par: 3, Rows: 1
0.000    1.000    0.000    
Total frac: 1.000

Sketch (1) (cm: eps0: 1.25e-06, del0: 0.05, min_mem: 8494.6328125)
Par: 1, Rows: 1
0.489    0.022    0.489    
Total frac: 1.000
Par: 2, Rows: 1
0.489    0.022    0.489    
Total frac: 1.000
Par: 3, Rows: 1
0.489    0.022    0.489    
Total frac: 1.000

Sketch (2) (cm: eps0: 0.625, del0: 0.025, min_mem: 0.01953125)
Par: 1, Rows: 1
0.000    1.000    0.000    
Total frac: 1.000
Par: 2, Rows: 1
0.000    1.000    0.000    
Total frac: 1.000
Par: 3, Rows: 1
0.000    1.000    0.000    
Total frac: 1.000
Par: 4, Rows: 1
0.000    1.000    0.000    
Total frac: 1.000

Device (0) cpu_1:
cores_sketch: 4.0, cores_dpdk: 2.9999999999999996
Rows total: 3.4662274503321497
Mem total: 12455.743497679689
Throughput: 70.0

Device (1) p4_1:
Rows total: 5.067465085577014
Mem total: 573.5090983906206
Throughput: 148.0

Device (2) cpu_2:
cores_sketch: 2.0, cores_dpdk: 2.9999999999999982
Rows total: 1.466307464090837
Mem total: 12455.743497679689
Throughput: 70.0
--------------------------------------------------
