Using license file /home/anupa/gurobi.lic
Academic license - for non-commercial use only

--------------------------------------------------
Model update took: 2.0742416381835938e-05 seconds
Model optimize took: 0.047539710998535156 seconds
--------------------------------------------------

Throughput: 83.32500083324999 Mpps, ns per packet: 12.001200000000003
Resources: 144.88321507623584

Sketch (0) (cm: eps0: 0.03125, del0: 0.05, min_mem: 0.33984375)
Par: 1, Rows: 1
0.001    0.999    0.000    
Total frac: 1.000
Par: 2, Rows: 1
0.001    0.999    0.000    
Total frac: 1.000
Par: 3, Rows: 1
0.000    1.000    0.000    
Total frac: 1.000

Sketch (1) (cm: eps0: 1.25e-06, del0: 0.05, min_mem: 8494.6328125)
Par: 1, Rows: 1
0.243    0.000    0.757    
Total frac: 1.000
Par: 2, Rows: 1
0.243    0.000    0.757    
Total frac: 1.000
Par: 3, Rows: 1
1.000    0.000    0.000    
Total frac: 1.000

Sketch (2) (cm: eps0: 0.625, del0: 0.025, min_mem: 0.01953125)
Par: 1, Rows: 1
0.000    1.000    0.000    
Total frac: 1.000
Par: 2, Rows: 1
0.000    1.000    0.000    
Total frac: 1.000
Par: 3, Rows: 1
0.000    1.000    0.000    
Total frac: 1.000
Par: 4, Rows: 1
0.000    1.000    0.000    
Total frac: 1.000

Device (0) cpu_1:
cores_sketch: 2.0, cores_dpdk: 5.0
Rows total: 1.4873366214779862
Mem total: 12619.727274448698
Throughput: 86.07011358739307

Device (1) p4_1:
Rows total: 6.99813176580394
Mem total: 1.0970213422849329
Throughput: 148.0

Device (2) cpu_2:
cores_sketch: 2.0, cores_dpdk: 5.0
Rows total: 1.5145316127180735
Mem total: 12864.171797959018
Throughput: 83.32500083324999
--------------------------------------------------
