Using license file /home/anupa/gurobi.lic
Academic license - for non-commercial use only

--------------------------------------------------
Model update took: 0.000141143798828125 seconds
Model optimize took: 3.7345693111419678 seconds
--------------------------------------------------

Throughput: 83.32500083324999 Mpps, ns per packet: 12.001200000000003
Resources: 682.4215555463779

Sketch (0) (cm: eps0: 0.000625, del0: 0.05, min_mem: 16.9921875)
Par: 1, Rows: 1
0.000    0.000    0.000    0.000    0.000    0.000    0.000    0.000    0.000    1.000    0.800    0.000    0.000    0.000    0.000    
Total frac: 1.800
Par: 2, Rows: 1
0.000    0.000    0.000    0.000    0.000    0.000    0.000    0.000    0.000    1.000    0.800    0.000    0.000    0.000    0.000    
Total frac: 1.800
Par: 3, Rows: 1
0.000    0.000    0.000    0.000    0.000    0.000    0.000    0.000    0.000    1.000    0.800    0.000    0.000    0.000    0.000    
Total frac: 1.800

Sketch (1) (cm: eps0: 0.000625, del0: 0.05, min_mem: 16.9921875)
Par: 1, Rows: 1
0.000    0.000    0.780    0.000    0.700    0.000    0.000    0.000    0.700    0.000    0.000    0.000    0.000    0.220    0.000    
Total frac: 2.400
Par: 2, Rows: 1
0.000    0.000    0.780    0.000    0.700    0.000    0.000    0.000    0.700    0.000    0.000    0.000    0.000    0.220    0.000    
Total frac: 2.400
Par: 3, Rows: 1
0.000    0.000    0.780    0.000    0.700    0.000    0.000    0.000    0.700    0.000    0.000    0.000    0.000    0.220    0.000    
Total frac: 2.400

Sketch (2) (cm: eps0: 0.000625, del0: 0.05, min_mem: 16.9921875)
Par: 1, Rows: 1
0.000    0.000    0.000    0.000    0.000    0.000    0.000    0.000    0.000    0.000    1.000    0.000    0.000    0.000    0.000    
Total frac: 1.000
Par: 2, Rows: 1
0.000    0.000    0.000    0.000    0.000    0.000    0.000    0.000    0.000    0.000    1.000    0.000    0.000    0.000    0.000    
Total frac: 1.000
Par: 3, Rows: 1
0.000    0.000    0.000    0.000    0.000    0.000    0.000    0.000    0.000    0.000    1.000    0.000    0.000    0.000    0.000    
Total frac: 1.000

Sketch (3) (cm: eps0: 0.000625, del0: 0.05, min_mem: 16.9921875)
Par: 1, Rows: 1
0.000    0.000    0.000    0.000    0.000    0.000    0.000    0.000    0.000    0.000    0.000    0.000    0.900    0.000    0.000    
Total frac: 0.900
Par: 2, Rows: 1
0.000    0.000    0.000    0.000    0.000    0.000    0.000    0.000    0.000    0.000    0.000    0.000    0.900    0.000    0.000    
Total frac: 0.900
Par: 3, Rows: 1
0.000    0.000    0.000    0.000    0.000    0.000    0.000    0.000    0.000    0.000    0.000    0.000    0.900    0.000    0.000    
Total frac: 0.900

Sketch (4) (cm: eps0: 0.000625, del0: 0.05, min_mem: 16.9921875)
Par: 1, Rows: 1
0.000    0.000    0.000    0.000    0.000    0.000    0.000    0.000    0.000    0.000    0.000    0.000    0.000    0.800    0.200    
Total frac: 1.000
Par: 2, Rows: 1
0.000    0.000    0.000    0.000    0.000    0.000    0.000    0.000    0.000    0.000    0.000    0.000    0.000    0.800    0.200    
Total frac: 1.000
Par: 3, Rows: 1
0.000    0.000    0.000    0.000    0.000    0.000    0.000    0.000    0.000    0.000    0.000    0.000    0.000    0.800    0.200    
Total frac: 1.000

Sketch (5) (cm: eps0: 0.000625, del0: 0.05, min_mem: 16.9921875)
Par: 1, Rows: 1
0.000    0.000    0.000    0.000    0.000    0.000    0.000    0.000    0.000    0.000    0.000    0.000    0.700    0.000    0.300    
Total frac: 1.000
Par: 2, Rows: 1
0.000    0.000    0.000    0.000    0.000    0.000    0.000    0.000    0.000    0.000    0.000    0.000    0.700    0.000    0.300    
Total frac: 1.000
Par: 3, Rows: 1
0.000    0.000    0.000    0.000    0.000    0.000    0.000    0.000    0.000    0.000    0.000    0.000    0.700    0.000    0.300    
Total frac: 1.000

Sketch (6) (cm: eps0: 0.000625, del0: 0.05, min_mem: 16.9921875)
Par: 1, Rows: 1
0.000    0.000    0.000    0.000    0.000    0.000    0.000    0.000    0.000    0.700    0.200    0.000    0.000    0.700    0.000    
Total frac: 1.600
Par: 2, Rows: 1
0.000    0.000    0.000    0.000    0.000    0.000    0.000    0.000    0.000    0.700    0.200    0.000    0.000    0.700    0.000    
Total frac: 1.600
Par: 3, Rows: 1
0.000    0.000    0.000    0.000    0.000    0.000    0.000    0.000    0.000    0.700    0.200    0.000    0.000    0.700    0.000    
Total frac: 1.600

Sketch (7) (cm: eps0: 0.000625, del0: 0.05, min_mem: 16.9921875)
Par: 1, Rows: 1
0.000    0.000    0.000    0.000    0.000    0.000    0.629    0.171    0.829    0.000    0.000    0.000    0.000    0.000    0.071    
Total frac: 1.700
Par: 2, Rows: 1
0.000    0.000    0.000    0.000    0.000    0.000    0.629    0.171    0.829    0.000    0.000    0.000    0.000    0.000    0.071    
Total frac: 1.700
Par: 3, Rows: 1
0.000    0.000    0.000    0.000    0.000    0.000    0.629    0.171    0.829    0.000    0.000    0.000    0.000    0.000    0.071    
Total frac: 1.700

Sketch (8) (cm: eps0: 0.000625, del0: 0.05, min_mem: 16.9921875)
Par: 1, Rows: 1
0.197    0.000    0.000    0.000    0.000    0.000    0.000    0.000    0.703    0.000    0.000    1.000    0.000    0.000    0.000    
Total frac: 1.900
Par: 2, Rows: 1
0.197    0.000    0.000    0.000    0.000    0.000    0.000    0.000    0.703    0.000    0.000    1.000    0.000    0.000    0.000    
Total frac: 1.900
Par: 3, Rows: 1
0.197    0.000    0.000    0.000    0.000    0.000    0.000    0.000    0.703    0.000    0.000    1.000    0.000    0.000    0.000    
Total frac: 1.900

Sketch (9) (cm: eps0: 0.000625, del0: 0.05, min_mem: 16.9921875)
Par: 1, Rows: 1
0.000    0.000    0.000    0.000    0.000    0.000    0.000    0.700    0.000    0.000    0.000    0.000    0.900    0.000    0.000    
Total frac: 1.600
Par: 2, Rows: 1
0.000    0.000    0.000    0.000    0.000    0.000    0.000    0.700    0.000    0.000    0.000    0.000    0.900    0.000    0.000    
Total frac: 1.600
Par: 3, Rows: 1
0.000    0.000    0.000    0.000    0.000    0.000    0.000    0.700    0.000    0.000    0.000    0.000    0.900    0.000    0.000    
Total frac: 1.600

Sketch (10) (cm: eps0: 0.000625, del0: 0.05, min_mem: 16.9921875)
Par: 1, Rows: 1
0.000    0.000    0.000    0.334    0.000    0.000    0.000    0.259    0.000    0.366    0.000    0.000    0.250    0.000    0.492    
Total frac: 1.700
Par: 2, Rows: 1
0.000    0.000    0.000    0.334    0.000    0.000    0.000    0.259    0.000    0.366    0.000    0.000    0.250    0.000    0.492    
Total frac: 1.700
Par: 3, Rows: 1
0.000    0.000    0.000    0.334    0.000    0.000    0.000    0.259    0.000    0.366    0.000    0.000    0.250    0.000    0.492    
Total frac: 1.700

Sketch (11) (cm: eps0: 0.000625, del0: 0.05, min_mem: 16.9921875)
Par: 1, Rows: 1
0.000    0.000    0.000    0.000    0.000    0.000    0.000    0.000    0.000    0.800    0.000    0.000    0.000    0.000    0.000    
Total frac: 0.800
Par: 2, Rows: 1
0.000    0.000    0.000    0.000    0.000    0.000    0.000    0.000    0.000    0.800    0.000    0.000    0.000    0.000    0.000    
Total frac: 0.800
Par: 3, Rows: 1
0.000    0.000    0.000    0.000    0.000    0.000    0.000    0.000    0.000    0.800    0.000    0.000    0.000    0.000    0.000    
Total frac: 0.800

Sketch (12) (cm: eps0: 0.000625, del0: 0.05, min_mem: 16.9921875)
Par: 1, Rows: 1
0.000    0.000    0.000    0.000    0.000    0.000    0.000    0.000    0.000    1.000    0.000    0.000    0.000    0.700    0.000    
Total frac: 1.700
Par: 2, Rows: 1
0.000    0.000    0.000    0.000    0.000    0.000    0.000    0.000    0.000    1.000    0.000    0.000    0.000    0.700    0.000    
Total frac: 1.700
Par: 3, Rows: 1
0.000    0.000    0.000    0.000    0.000    0.000    0.000    0.000    0.000    1.000    0.000    0.000    0.000    0.700    0.000    
Total frac: 1.700

Sketch (13) (cm: eps0: 0.000625, del0: 0.05, min_mem: 16.9921875)
Par: 1, Rows: 1
0.000    0.000    0.000    0.000    0.000    0.000    0.000    0.000    0.000    0.900    0.800    0.000    0.000    0.000    0.000    
Total frac: 1.700
Par: 2, Rows: 1
0.000    0.000    0.000    0.000    0.000    0.000    0.000    0.000    0.000    0.900    0.800    0.000    0.000    0.000    0.000    
Total frac: 1.700
Par: 3, Rows: 1
0.000    0.000    0.000    0.000    0.000    0.000    0.000    0.000    0.000    0.900    0.800    0.000    0.000    0.000    0.000    
Total frac: 1.700

Sketch (14) (cm: eps0: 0.000625, del0: 0.05, min_mem: 16.9921875)
Par: 1, Rows: 1
0.000    0.000    0.000    0.000    0.000    0.000    0.000    0.000    0.000    0.000    0.900    0.000    0.000    0.000    0.000    
Total frac: 0.900
Par: 2, Rows: 1
0.000    0.000    0.000    0.000    0.000    0.000    0.000    0.000    0.000    0.000    0.900    0.000    0.000    0.000    0.000    
Total frac: 0.900
Par: 3, Rows: 1
0.000    0.000    -0.000    0.000    0.000    0.000    0.000    0.000    0.000    0.000    0.900    0.000    0.000    0.000    0.000    
Total frac: 0.900

Sketch (15) (cm: eps0: 0.000625, del0: 0.05, min_mem: 16.9921875)
Par: 1, Rows: 1
0.000    0.000    0.000    0.000    0.000    0.000    0.000    0.000    0.000    0.000    0.000    0.000    0.000    0.000    1.000    
Total frac: 1.000
Par: 2, Rows: 1
0.000    0.000    0.000    0.000    0.000    0.000    0.000    0.000    0.000    0.000    0.000    0.000    0.000    0.000    1.000    
Total frac: 1.000
Par: 3, Rows: 1
0.000    0.000    0.000    0.000    0.000    0.000    0.000    0.000    0.000    0.000    0.000    0.000    0.000    0.000    1.000    
Total frac: 1.000

Sketch (16) (cm: eps0: 0.000625, del0: 0.05, min_mem: 16.9921875)
Par: 1, Rows: 1
0.000    0.000    0.000    0.000    0.000    0.000    0.000    0.000    0.000    0.000    0.000    0.000    0.000    0.000    0.900    
Total frac: 0.900
Par: 2, Rows: 1
0.000    0.000    0.000    0.000    0.000    0.000    0.000    0.000    0.000    0.000    0.000    0.000    0.000    0.000    0.900    
Total frac: 0.900
Par: 3, Rows: 1
0.000    0.000    0.000    0.000    0.000    0.000    0.000    0.000    0.000    0.000    0.000    0.000    0.000    0.000    0.900    
Total frac: 0.900

Sketch (17) (cm: eps0: 0.000625, del0: 0.05, min_mem: 16.9921875)
Par: 1, Rows: 1
0.000    0.000    0.000    0.000    0.000    0.000    0.000    0.000    0.000    1.000    0.000    0.000    0.000    0.800    0.200    
Total frac: 2.000
Par: 2, Rows: 1
0.000    0.000    0.000    0.000    0.000    0.000    0.000    0.000    0.000    1.000    0.000    0.000    0.000    0.800    0.200    
Total frac: 2.000
Par: 3, Rows: 1
0.000    0.000    0.000    0.000    0.000    0.000    0.000    0.000    0.000    1.000    0.000    0.000    0.000    0.800    0.200    
Total frac: 2.000

Sketch (18) (cm: eps0: 0.000625, del0: 0.05, min_mem: 16.9921875)
Par: 1, Rows: 1
0.000    0.000    0.000    0.000    0.000    0.000    0.000    0.000    0.000    0.700    0.000    0.800    0.000    0.000    0.000    
Total frac: 1.500
Par: 2, Rows: 1
0.000    0.000    0.000    0.000    0.000    0.000    0.000    0.000    0.000    0.700    0.000    0.800    0.000    0.000    0.000    
Total frac: 1.500
Par: 3, Rows: 1
0.000    0.000    0.000    0.000    0.000    0.000    0.000    0.000    0.000    0.700    0.000    0.800    0.000    0.000    0.000    
Total frac: 1.500

Sketch (19) (cm: eps0: 0.000625, del0: 0.05, min_mem: 16.9921875)
Par: 1, Rows: 1
0.000    0.000    0.000    0.000    0.000    0.000    0.000    0.100    1.000    0.000    0.000    0.000    0.000    0.800    0.000    
Total frac: 1.900
Par: 2, Rows: 1
0.000    0.000    0.000    0.000    0.000    0.000    0.000    0.100    1.000    0.000    0.000    0.000    0.000    0.800    0.000    
Total frac: 1.900
Par: 3, Rows: 1
0.000    0.000    0.000    0.000    0.000    0.000    0.000    0.100    1.000    0.000    0.000    0.000    0.000    0.800    0.000    
Total frac: 1.900

Sketch (20) (cm: eps0: 0.000625, del0: 0.05, min_mem: 16.9921875)
Par: 1, Rows: 1
0.000    0.000    0.100    0.000    0.000    0.000    0.000    0.000    0.800    0.000    0.600    0.000    0.000    0.200    0.000    
Total frac: 1.700
Par: 2, Rows: 1
0.000    0.000    0.100    0.000    0.000    0.000    0.000    0.000    0.800    0.000    0.600    0.000    0.000    0.200    0.000    
Total frac: 1.700
Par: 3, Rows: 1
0.000    0.000    0.100    0.000    0.000    0.000    0.000    0.000    0.800    0.000    0.600    0.000    0.000    0.200    0.000    
Total frac: 1.700

Sketch (21) (cm: eps0: 0.000625, del0: 0.05, min_mem: 16.9921875)
Par: 1, Rows: 1
0.000    0.000    0.000    0.000    0.000    0.000    0.000    0.000    0.000    0.000    0.000    1.000    0.000    0.000    0.000    
Total frac: 1.000
Par: 2, Rows: 1
0.000    0.000    0.000    0.000    0.000    0.000    0.000    0.000    0.000    0.000    0.000    1.000    0.000    0.000    0.000    
Total frac: 1.000
Par: 3, Rows: 1
0.000    0.000    0.000    0.000    0.000    0.000    0.000    0.000    0.000    0.000    0.000    1.000    0.000    0.000    0.000    
Total frac: 1.000

Sketch (22) (cm: eps0: 0.000625, del0: 0.05, min_mem: 16.9921875)
Par: 1, Rows: 1
0.000    0.000    0.000    0.900    0.000    0.000    0.000    0.000    0.000    0.000    0.000    0.000    0.000    0.000    0.000    
Total frac: 0.900
Par: 2, Rows: 1
0.000    0.000    0.000    0.900    0.000    0.000    0.000    0.000    0.000    0.000    0.000    0.000    0.000    0.000    0.000    
Total frac: 0.900
Par: 3, Rows: 1
0.000    0.000    0.000    0.900    0.000    0.000    0.000    0.000    0.000    0.000    0.000    0.000    0.000    0.000    0.000    
Total frac: 0.900

Sketch (23) (cm: eps0: 0.000625, del0: 0.05, min_mem: 16.9921875)
Par: 1, Rows: 1
0.000    0.000    0.000    0.100    0.000    0.000    0.000    0.000    0.800    0.000    0.700    1.000    0.000    0.000    0.000    
Total frac: 2.600
Par: 2, Rows: 1
0.000    0.000    0.000    0.100    0.000    0.000    0.000    0.000    0.800    0.000    0.700    1.000    0.000    0.000    0.000    
Total frac: 2.600
Par: 3, Rows: 1
0.000    0.000    0.000    0.100    0.000    0.000    0.000    0.000    0.800    0.000    0.700    1.000    0.000    0.000    0.000    
Total frac: 2.600

Sketch (24) (cm: eps0: 0.000625, del0: 0.05, min_mem: 16.9921875)
Par: 1, Rows: 1
0.000    0.000    0.000    0.000    0.000    0.000    0.000    0.000    0.000    0.000    0.100    0.000    0.000    0.900    0.000    
Total frac: 1.000
Par: 2, Rows: 1
0.000    0.000    0.000    0.000    0.000    0.000    0.000    0.000    0.000    0.000    0.100    0.000    0.000    0.900    0.000    
Total frac: 1.000
Par: 3, Rows: 1
0.000    0.000    0.000    0.000    0.000    0.000    0.000    0.000    0.000    0.000    0.100    0.000    0.000    0.900    0.000    
Total frac: 1.000

Sketch (25) (cm: eps0: 0.000625, del0: 0.05, min_mem: 16.9921875)
Par: 1, Rows: 1
0.000    0.000    0.000    0.000    0.573    0.000    0.000    0.000    0.000    1.000    0.327    0.000    0.000    0.000    0.000    
Total frac: 1.900
Par: 2, Rows: 1
0.000    0.000    0.000    0.000    0.573    0.000    0.000    0.000    0.000    1.000    0.327    0.000    0.000    0.000    0.000    
Total frac: 1.900
Par: 3, Rows: 1
0.000    0.000    0.000    0.000    0.573    0.000    0.000    0.000    0.000    1.000    0.327    0.000    0.000    0.000    0.000    
Total frac: 1.900

Sketch (26) (cm: eps0: 0.000625, del0: 0.05, min_mem: 16.9921875)
Par: 1, Rows: 1
0.000    0.983    0.017    0.000    0.000    0.000    0.000    0.000    0.000    0.000    0.700    0.000    0.000    0.000    0.000    
Total frac: 1.700
Par: 2, Rows: 1
0.000    0.983    0.017    0.000    0.000    0.000    0.000    0.000    0.000    0.000    0.700    0.000    0.000    0.000    0.000    
Total frac: 1.700
Par: 3, Rows: 1
0.000    0.983    0.017    0.000    0.000    0.000    0.000    0.000    0.000    0.000    0.700    0.000    0.000    0.000    0.000    
Total frac: 1.700

Sketch (27) (cm: eps0: 0.000625, del0: 0.05, min_mem: 16.9921875)
Par: 1, Rows: 1
0.000    0.000    0.000    0.000    0.000    0.000    0.000    0.000    0.000    0.000    0.000    0.000    1.000    0.000    0.000    
Total frac: 1.000
Par: 2, Rows: 1
0.000    0.000    0.000    0.000    0.000    0.000    0.000    0.000    0.000    0.000    0.000    0.000    1.000    0.000    0.000    
Total frac: 1.000
Par: 3, Rows: 1
0.000    0.000    0.000    0.000    0.000    0.000    0.000    0.000    0.000    0.000    0.000    0.000    1.000    0.000    0.000    
Total frac: 1.000

Sketch (28) (cm: eps0: 0.000625, del0: 0.05, min_mem: 16.9921875)
Par: 1, Rows: 1
0.000    0.000    0.000    0.000    0.000    0.000    0.000    0.000    0.000    0.000    0.800    0.000    0.000    0.000    1.000    
Total frac: 1.800
Par: 2, Rows: 1
0.000    0.000    0.000    0.000    0.000    0.000    0.000    0.000    0.000    0.000    0.800    0.000    0.000    0.000    1.000    
Total frac: 1.800
Par: 3, Rows: 1
0.000    0.000    0.000    0.000    0.000    0.000    0.000    0.000    0.000    0.000    0.800    0.000    0.000    0.000    1.000    
Total frac: 1.800

Sketch (29) (cm: eps0: 0.000625, del0: 0.05, min_mem: 16.9921875)
Par: 1, Rows: 1
0.000    0.000    0.000    0.100    0.000    0.000    0.000    0.000    0.800    0.000    0.900    0.000    0.000    0.000    0.000    
Total frac: 1.800
Par: 2, Rows: 1
0.000    0.000    0.000    0.100    0.000    0.000    0.000    0.000    0.800    0.000    0.900    0.000    0.000    0.000    0.000    
Total frac: 1.800
Par: 3, Rows: 1
0.000    0.000    0.000    0.100    0.000    0.000    0.000    0.000    0.800    0.000    0.900    0.000    0.000    0.000    0.000    
Total frac: 1.800

Sketch (30) (cm: eps0: 0.000625, del0: 0.05, min_mem: 16.9921875)
Par: 1, Rows: 1
0.000    0.000    0.000    0.000    0.000    0.000    0.000    0.000    0.000    0.000    1.000    0.000    0.000    0.000    1.000    
Total frac: 2.000
Par: 2, Rows: 1
0.000    0.000    0.000    0.000    0.000    0.000    0.000    0.000    0.000    0.000    1.000    0.000    0.000    0.000    1.000    
Total frac: 2.000
Par: 3, Rows: 1
0.000    0.000    0.000    0.000    0.000    0.000    0.000    0.000    0.000    0.000    1.000    0.000    0.000    0.000    1.000    
Total frac: 2.000

Sketch (31) (cm: eps0: 0.000625, del0: 0.05, min_mem: 16.9921875)
Par: 1, Rows: 1
0.000    0.000    0.000    0.000    0.000    0.000    0.000    0.000    0.000    0.000    0.000    0.000    0.000    1.000    0.000    
Total frac: 1.000
Par: 2, Rows: 1
0.000    0.000    0.000    0.000    0.000    0.000    0.000    0.000    0.000    0.000    0.000    0.000    0.000    1.000    0.000    
Total frac: 1.000
Par: 3, Rows: 1
0.000    0.000    0.000    0.000    0.000    0.000    0.000    0.000    0.000    0.000    0.000    0.000    0.000    1.000    0.000    
Total frac: 1.000

Sketch (32) (cm: eps0: 0.000625, del0: 0.05, min_mem: 16.9921875)
Par: 1, Rows: 1
0.000    0.000    0.000    0.000    0.000    0.000    0.354    0.000    0.000    0.000    0.000    0.000    0.700    0.646    0.000    
Total frac: 1.700
Par: 2, Rows: 1
0.000    0.000    0.000    0.000    0.000    0.000    0.354    0.000    0.000    0.000    0.000    0.000    0.700    0.646    0.000    
Total frac: 1.700
Par: 3, Rows: 1
0.000    0.000    0.000    0.000    0.000    0.000    0.354    0.000    0.000    0.000    0.000    0.000    0.700    0.646    0.000    
Total frac: 1.700

Sketch (33) (cm: eps0: 0.000625, del0: 0.05, min_mem: 16.9921875)
Par: 1, Rows: 1
0.000    0.000    0.000    0.000    0.000    0.000    0.000    0.000    0.000    0.800    0.000    0.000    0.000    0.000    0.000    
Total frac: 0.800
Par: 2, Rows: 1
0.000    0.000    0.000    0.000    0.000    0.000    0.000    0.000    0.000    0.800    0.000    0.000    0.000    0.000    0.000    
Total frac: 0.800
Par: 3, Rows: 1
0.000    0.000    0.000    0.000    0.000    0.000    0.000    0.000    0.000    0.800    0.000    0.000    0.000    0.000    0.000    
Total frac: 0.800

Sketch (34) (cm: eps0: 0.000625, del0: 0.05, min_mem: 16.9921875)
Par: 1, Rows: 1
0.000    0.000    0.000    0.000    0.000    0.000    0.000    0.000    0.000    0.000    0.000    0.000    0.000    1.000    0.000    
Total frac: 1.000
Par: 2, Rows: 1
0.000    0.000    0.000    0.000    0.000    0.000    0.000    0.000    0.000    0.000    0.000    0.000    0.000    1.000    0.000    
Total frac: 1.000
Par: 3, Rows: 1
0.000    0.000    0.000    0.000    0.000    0.000    0.000    0.000    0.000    0.000    0.000    0.000    0.000    1.000    0.000    
Total frac: 1.000

Sketch (35) (cm: eps0: 0.000625, del0: 0.05, min_mem: 16.9921875)
Par: 1, Rows: 1
0.000    0.000    0.000    0.000    0.000    0.000    0.000    0.000    0.000    0.000    0.000    0.000    0.000    0.700    0.200    
Total frac: 0.900
Par: 2, Rows: 1
0.000    0.000    0.000    0.000    0.000    0.000    0.000    0.000    0.000    0.000    0.000    0.000    0.000    0.700    0.200    
Total frac: 0.900
Par: 3, Rows: 1
0.000    0.000    0.000    0.000    0.000    0.000    0.000    0.000    0.000    0.000    0.000    0.000    0.000    0.700    0.200    
Total frac: 0.900

Sketch (36) (cm: eps0: 0.000625, del0: 0.05, min_mem: 16.9921875)
Par: 1, Rows: 1
0.000    0.000    0.000    0.000    0.000    0.600    0.000    0.000    0.800    0.000    0.100    0.000    0.000    0.000    0.000    
Total frac: 1.500
Par: 2, Rows: 1
0.000    0.000    0.000    0.000    0.000    0.600    0.000    0.000    0.800    0.000    0.100    0.000    0.000    0.000    0.000    
Total frac: 1.500
Par: 3, Rows: 1
0.000    0.000    0.000    0.000    0.000    0.600    0.000    0.000    0.800    0.000    0.100    0.000    0.000    0.000    0.000    
Total frac: 1.500

Sketch (37) (cm: eps0: 0.000625, del0: 0.05, min_mem: 16.9921875)
Par: 1, Rows: 1
0.000    0.000    0.000    0.000    0.000    0.000    0.000    0.000    1.000    0.000    0.000    0.000    0.000    0.000    0.000    
Total frac: 1.000
Par: 2, Rows: 1
0.000    0.000    0.000    0.000    0.000    0.000    0.000    0.000    1.000    0.000    0.000    0.000    0.000    0.000    0.000    
Total frac: 1.000
Par: 3, Rows: 1
0.000    0.000    0.000    0.000    0.000    0.000    0.000    0.000    1.000    0.000    0.000    0.000    0.000    0.000    0.000    
Total frac: 1.000

Sketch (38) (cm: eps0: 0.000625, del0: 0.05, min_mem: 16.9921875)
Par: 1, Rows: 1
0.800    0.000    0.000    0.000    0.000    0.000    0.000    0.000    0.000    0.000    0.000    0.000    0.000    0.000    1.000    
Total frac: 1.800
Par: 2, Rows: 1
0.800    0.000    0.000    0.000    0.000    0.000    0.000    0.000    0.000    0.000    0.000    0.000    0.000    0.000    1.000    
Total frac: 1.800
Par: 3, Rows: 1
0.800    0.000    0.000    0.000    0.000    0.000    0.000    0.000    0.000    0.000    0.000    0.000    0.000    0.000    1.000    
Total frac: 1.800

Sketch (39) (cm: eps0: 0.000625, del0: 0.05, min_mem: 16.9921875)
Par: 1, Rows: 1
0.000    0.000    0.000    0.000    0.573    0.000    0.000    0.000    0.300    0.700    0.327    0.000    0.000    0.000    0.700    
Total frac: 2.600
Par: 2, Rows: 1
0.000    0.000    0.000    0.000    0.573    0.000    0.000    0.000    0.300    0.700    0.327    0.000    0.000    0.000    0.700    
Total frac: 2.600
Par: 3, Rows: 1
0.000    0.000    0.000    0.000    0.573    0.000    0.000    0.000    0.300    0.700    0.327    0.000    0.000    0.000    0.700    
Total frac: 2.600

Sketch (40) (cm: eps0: 0.000625, del0: 0.05, min_mem: 16.9921875)
Par: 1, Rows: 1
0.000    0.000    0.000    0.000    0.000    0.000    0.000    0.000    0.000    0.100    0.000    0.000    0.900    0.000    0.000    
Total frac: 1.000
Par: 2, Rows: 1
0.000    0.000    0.000    0.000    0.000    0.000    0.000    0.000    0.000    0.100    0.000    0.000    0.900    0.000    0.000    
Total frac: 1.000
Par: 3, Rows: 1
0.000    0.000    0.000    0.000    0.000    0.000    0.000    0.000    0.000    0.100    0.000    0.000    0.900    0.000    0.000    
Total frac: 1.000

Sketch (41) (cm: eps0: 0.000625, del0: 0.05, min_mem: 16.9921875)
Par: 1, Rows: 1
0.000    0.000    0.000    0.000    0.000    0.597    0.000    0.000    0.000    0.000    0.403    0.000    0.700    0.000    0.000    
Total frac: 1.700
Par: 2, Rows: 1
0.000    0.000    0.000    0.000    0.000    0.597    0.000    0.000    0.000    0.000    0.403    0.000    0.700    0.000    0.000    
Total frac: 1.700
Par: 3, Rows: 1
0.000    0.000    0.000    0.000    0.000    0.597    0.000    0.000    0.000    0.000    0.403    0.000    0.700    0.000    0.000    
Total frac: 1.700

Sketch (42) (cm: eps0: 0.000625, del0: 0.05, min_mem: 16.9921875)
Par: 1, Rows: 1
0.000    0.000    0.000    0.000    0.000    0.000    0.000    0.000    0.000    0.000    0.000    0.000    0.000    0.000    1.000    
Total frac: 1.000
Par: 2, Rows: 1
0.000    0.000    0.000    0.000    0.000    0.000    0.000    0.000    0.000    0.000    0.000    0.000    0.000    0.000    1.000    
Total frac: 1.000
Par: 3, Rows: 1
0.000    0.000    0.000    0.000    0.000    0.000    0.000    0.000    0.000    0.000    0.000    0.000    0.000    0.000    1.000    
Total frac: 1.000

Sketch (43) (cm: eps0: 0.000625, del0: 0.05, min_mem: 16.9921875)
Par: 1, Rows: 1
0.000    0.000    0.000    0.000    0.000    0.000    0.000    0.000    0.000    0.000    0.300    0.000    0.000    0.700    0.000    
Total frac: 1.000
Par: 2, Rows: 1
0.000    0.000    0.000    0.000    0.000    0.000    0.000    0.000    0.000    0.000    0.300    0.000    0.000    0.700    0.000    
Total frac: 1.000
Par: 3, Rows: 1
0.000    0.000    0.000    0.000    0.000    0.000    0.000    0.000    0.000    0.000    0.300    0.000    0.000    0.700    0.000    
Total frac: 1.000

Sketch (44) (cm: eps0: 0.000625, del0: 0.05, min_mem: 16.9921875)
Par: 1, Rows: 1
0.000    0.000    0.000    0.000    0.000    0.000    0.000    0.000    0.000    0.000    0.000    0.000    0.900    0.000    0.000    
Total frac: 0.900
Par: 2, Rows: 1
0.000    0.000    0.000    0.000    0.000    0.000    0.000    0.000    0.000    0.000    0.000    0.000    0.900    0.000    0.000    
Total frac: 0.900
Par: 3, Rows: 1
0.000    0.000    0.000    0.000    0.000    0.000    0.000    0.000    0.000    0.000    0.000    0.000    0.900    0.000    0.000    
Total frac: 0.900

Sketch (45) (cm: eps0: 0.000625, del0: 0.05, min_mem: 16.9921875)
Par: 1, Rows: 1
0.900    0.000    0.000    0.000    0.000    0.000    0.000    0.000    0.000    0.000    0.000    0.000    1.000    0.000    0.000    
Total frac: 1.900
Par: 2, Rows: 1
0.900    0.000    0.000    0.000    0.000    0.000    0.000    0.000    0.000    0.000    0.000    0.000    1.000    0.000    0.000    
Total frac: 1.900
Par: 3, Rows: 1
0.900    0.000    0.000    0.000    0.000    0.000    0.000    0.000    0.000    0.000    0.000    0.000    1.000    0.000    0.000    
Total frac: 1.900

Sketch (46) (cm: eps0: 0.000625, del0: 0.05, min_mem: 16.9921875)
Par: 1, Rows: 1
0.000    0.000    0.000    0.000    0.000    0.000    0.000    0.000    0.000    0.000    0.000    0.000    0.000    0.000    0.000    
Total frac: 0.000
Par: 2, Rows: 1
0.000    0.000    0.000    0.000    0.000    0.000    0.000    0.000    0.000    0.000    0.000    0.000    0.000    0.000    0.000    
Total frac: 0.000
Par: 3, Rows: 1
0.000    0.000    0.000    0.000    0.000    0.000    0.000    0.000    0.000    0.000    0.000    0.000    0.000    0.000    0.000    
Total frac: 0.000

Sketch (47) (cm: eps0: 0.000625, del0: 0.05, min_mem: 16.9921875)
Par: 1, Rows: 1
0.000    0.000    0.000    0.000    0.000    0.000    0.000    0.000    0.000    0.000    0.000    1.000    0.000    0.000    0.000    
Total frac: 1.000
Par: 2, Rows: 1
0.000    0.000    0.000    0.000    0.000    0.000    0.000    0.000    0.000    0.000    0.000    1.000    0.000    0.000    0.000    
Total frac: 1.000
Par: 3, Rows: 1
0.000    0.000    0.000    0.000    0.000    0.000    0.000    0.000    0.000    0.000    0.000    1.000    0.000    0.000    0.000    
Total frac: 1.000

Sketch (48) (cm: eps0: 0.000625, del0: 0.05, min_mem: 16.9921875)
Par: 1, Rows: 1
0.000    0.000    0.000    0.000    0.000    0.000    0.000    0.000    0.800    0.000    0.000    0.800    0.000    0.000    0.000    
Total frac: 1.600
Par: 2, Rows: 1
0.000    0.000    0.000    0.000    0.000    0.000    0.000    0.000    0.800    0.000    0.000    0.800    0.000    0.000    0.000    
Total frac: 1.600
Par: 3, Rows: 1
0.000    0.000    0.000    0.000    0.000    0.000    0.000    0.000    0.800    0.000    0.000    0.800    0.000    0.000    0.000    
Total frac: 1.600

Sketch (49) (cm: eps0: 0.000625, del0: 0.05, min_mem: 16.9921875)
Par: 1, Rows: 1
0.000    0.000    0.000    0.000    0.051    0.000    0.000    0.000    0.000    0.000    0.000    1.000    0.849    0.000    0.000    
Total frac: 1.900
Par: 2, Rows: 1
0.000    0.000    0.000    0.000    0.051    0.000    0.000    0.000    0.000    0.000    0.000    1.000    0.849    0.000    0.000    
Total frac: 1.900
Par: 3, Rows: 1
0.000    0.000    0.000    0.000    0.051    0.000    0.000    0.000    0.000    0.000    0.000    1.000    0.849    0.000    0.000    
Total frac: 1.900

Sketch (50) (cm: eps0: 0.000625, del0: 0.05, min_mem: 16.9921875)
Par: 1, Rows: 1
0.000    0.000    0.000    0.000    0.000    0.000    0.000    0.000    0.000    0.000    0.800    0.000    0.800    0.000    0.200    
Total frac: 1.800
Par: 2, Rows: 1
0.000    0.000    0.000    0.000    0.000    0.000    0.000    0.000    0.000    0.000    0.800    0.000    0.800    0.000    0.200    
Total frac: 1.800
Par: 3, Rows: 1
0.000    0.000    0.000    0.000    0.000    0.000    0.000    0.000    0.000    0.000    0.800    0.000    0.800    0.000    0.200    
Total frac: 1.800

Sketch (51) (cm: eps0: 0.000625, del0: 0.05, min_mem: 16.9921875)
Par: 1, Rows: 1
0.000    0.000    0.000    0.463    0.000    0.000    0.000    0.000    0.700    0.000    0.000    0.000    0.000    0.000    0.437    
Total frac: 1.600
Par: 2, Rows: 1
0.000    0.000    0.000    0.463    0.000    0.000    0.000    0.000    0.700    0.000    0.000    0.000    0.000    0.000    0.437    
Total frac: 1.600
Par: 3, Rows: 1
0.000    0.000    0.000    0.463    0.000    0.000    0.000    0.000    0.700    0.000    0.000    0.000    0.000    0.000    0.437    
Total frac: 1.600

Sketch (52) (cm: eps0: 0.000625, del0: 0.05, min_mem: 16.9921875)
Par: 1, Rows: 1
0.000    0.000    0.000    0.000    0.000    0.000    0.000    0.000    0.000    1.000    0.000    1.000    0.000    0.000    0.000    
Total frac: 2.000
Par: 2, Rows: 1
0.000    0.000    0.000    0.000    0.000    0.000    0.000    0.000    0.000    1.000    0.000    1.000    0.000    0.000    0.000    
Total frac: 2.000
Par: 3, Rows: 1
0.000    0.000    0.000    0.000    0.000    0.000    0.000    0.000    0.000    1.000    0.000    1.000    0.000    0.000    0.000    
Total frac: 2.000

Sketch (53) (cm: eps0: 0.000625, del0: 0.05, min_mem: 16.9921875)
Par: 1, Rows: 1
0.000    0.000    0.000    0.000    0.000    0.000    0.000    0.000    0.267    0.733    0.000    0.367    0.000    0.533    0.000    
Total frac: 1.900
Par: 2, Rows: 1
0.000    0.000    0.000    0.000    0.000    0.000    0.000    0.000    0.267    0.733    0.000    0.367    0.000    0.533    0.000    
Total frac: 1.900
Par: 3, Rows: 1
0.000    0.000    0.000    0.000    0.000    0.000    0.000    0.000    0.267    0.733    0.000    0.367    0.000    0.533    0.000    
Total frac: 1.900

Sketch (54) (cm: eps0: 0.000625, del0: 0.05, min_mem: 16.9921875)
Par: 1, Rows: 1
0.000    0.000    0.000    0.000    0.000    0.700    0.000    0.000    0.000    0.000    0.000    0.000    0.000    0.000    0.000    
Total frac: 0.700
Par: 2, Rows: 1
0.000    0.000    0.000    0.000    0.000    0.700    0.000    0.000    0.000    0.000    0.000    0.000    0.000    0.000    0.000    
Total frac: 0.700
Par: 3, Rows: 1
0.000    0.000    0.000    0.000    0.000    0.700    0.000    0.000    0.000    0.000    0.000    0.000    0.000    0.000    0.000    
Total frac: 0.700

Sketch (55) (cm: eps0: 0.000625, del0: 0.05, min_mem: 16.9921875)
Par: 1, Rows: 1
0.000    0.000    0.000    0.000    0.000    0.000    0.000    0.000    0.000    0.300    0.000    1.000    0.700    0.000    0.000    
Total frac: 2.000
Par: 2, Rows: 1
0.000    0.000    0.000    0.000    0.000    0.000    0.000    0.000    0.000    0.300    0.000    1.000    0.700    0.000    0.000    
Total frac: 2.000
Par: 3, Rows: 1
0.000    0.000    0.000    0.000    0.000    0.000    0.000    0.000    0.000    0.300    0.000    1.000    0.700    0.000    0.000    
Total frac: 2.000

Sketch (56) (cm: eps0: 0.000625, del0: 0.05, min_mem: 16.9921875)
Par: 1, Rows: 1
0.000    0.000    0.000    0.000    0.000    0.000    0.000    0.468    1.000    0.000    0.000    0.532    0.000    0.000    0.000    
Total frac: 2.000
Par: 2, Rows: 1
0.000    0.000    0.000    0.000    0.000    0.000    0.000    0.468    1.000    0.000    0.000    0.532    0.000    0.000    0.000    
Total frac: 2.000
Par: 3, Rows: 1
0.000    0.000    0.000    0.000    0.000    0.000    0.000    0.468    1.000    0.000    0.000    0.532    0.000    0.000    0.000    
Total frac: 2.000

Sketch (57) (cm: eps0: 0.000625, del0: 0.05, min_mem: 16.9921875)
Par: 1, Rows: 1
0.000    0.000    0.000    0.000    0.000    0.000    0.000    0.000    0.000    0.000    0.000    0.800    0.000    0.200    0.800    
Total frac: 1.800
Par: 2, Rows: 1
0.000    0.000    0.000    0.000    0.000    0.000    0.000    0.000    0.000    0.000    0.000    0.800    0.000    0.200    0.800    
Total frac: 1.800
Par: 3, Rows: 1
0.000    0.000    0.000    0.000    0.000    0.000    0.000    0.000    0.000    0.000    0.000    0.800    0.000    0.200    0.800    
Total frac: 1.800

Sketch (58) (cm: eps0: 0.000625, del0: 0.05, min_mem: 16.9921875)
Par: 1, Rows: 1
0.000    0.000    0.000    0.000    0.000    0.000    0.000    0.000    0.000    0.000    0.000    0.000    0.000    0.000    0.900    
Total frac: 0.900
Par: 2, Rows: 1
0.000    0.000    0.000    0.000    0.000    0.000    0.000    0.000    0.000    0.000    0.000    0.000    0.000    0.000    0.900    
Total frac: 0.900
Par: 3, Rows: 1
0.000    0.000    0.000    0.000    0.000    0.000    0.000    0.000    0.000    0.000    0.000    0.000    0.000    0.000    0.900    
Total frac: 0.900

Sketch (59) (cm: eps0: 0.000625, del0: 0.05, min_mem: 16.9921875)
Par: 1, Rows: 1
0.000    0.000    0.000    0.000    0.000    0.000    0.000    0.200    0.000    0.200    0.000    0.000    0.000    0.600    0.000    
Total frac: 1.000
Par: 2, Rows: 1
0.000    0.000    0.000    0.000    0.000    0.000    0.000    0.200    0.000    0.200    0.000    0.000    0.000    0.600    0.000    
Total frac: 1.000
Par: 3, Rows: 1
0.000    0.000    0.000    0.000    0.000    0.000    0.000    0.200    0.000    0.200    0.000    0.000    0.000    0.600    0.000    
Total frac: 1.000

Sketch (60) (cm: eps0: 0.000625, del0: 0.05, min_mem: 16.9921875)
Par: 1, Rows: 1
0.000    0.000    1.000    0.000    0.000    0.000    0.000    0.000    0.000    0.000    0.000    0.000    0.000    0.000    0.000    
Total frac: 1.000
Par: 2, Rows: 1
0.000    0.000    1.000    0.000    0.000    0.000    0.000    0.000    0.000    0.000    0.000    0.000    0.000    0.000    0.000    
Total frac: 1.000
Par: 3, Rows: 1
0.000    0.000    1.000    0.000    0.000    0.000    0.000    0.000    0.000    0.000    0.000    0.000    0.000    0.000    0.000    
Total frac: 1.000

Sketch (61) (cm: eps0: 0.000625, del0: 0.05, min_mem: 16.9921875)
Par: 1, Rows: 1
0.000    0.000    0.000    0.000    0.000    0.000    0.000    0.000    0.000    0.000    0.000    1.000    1.000    0.000    0.000    
Total frac: 2.000
Par: 2, Rows: 1
0.000    0.000    0.000    0.000    0.000    0.000    0.000    0.000    0.000    0.000    0.000    1.000    1.000    0.000    0.000    
Total frac: 2.000
Par: 3, Rows: 1
0.000    0.000    0.000    0.000    0.000    0.000    0.000    0.000    0.000    0.000    0.000    1.000    1.000    0.000    0.000    
Total frac: 2.000

Sketch (62) (cm: eps0: 0.000625, del0: 0.05, min_mem: 16.9921875)
Par: 1, Rows: 1
0.000    0.000    0.000    0.000    0.000    0.000    0.000    0.000    0.800    0.000    0.000    0.000    0.000    0.000    0.900    
Total frac: 1.700
Par: 2, Rows: 1
0.000    0.000    0.000    0.000    0.000    0.000    0.000    0.000    0.800    0.000    0.000    0.000    0.000    0.000    0.900    
Total frac: 1.700
Par: 3, Rows: 1
0.000    0.000    0.000    0.000    0.000    0.000    0.000    -0.000    0.800    0.000    0.000    0.000    0.000    0.000    0.900    
Total frac: 1.700

Sketch (63) (cm: eps0: 0.000625, del0: 0.05, min_mem: 16.9921875)
Par: 1, Rows: 1
0.000    0.000    0.000    0.000    0.000    0.000    0.000    0.000    0.000    0.000    0.000    0.000    0.000    0.800    0.000    
Total frac: 0.800
Par: 2, Rows: 1
0.000    0.000    0.000    0.000    0.000    0.000    0.000    0.000    0.000    0.000    0.000    0.000    0.000    0.800    0.000    
Total frac: 0.800
Par: 3, Rows: 1
0.000    0.000    0.000    0.000    0.000    0.000    0.000    0.000    0.000    0.000    0.000    0.000    0.000    0.800    0.000    
Total frac: 0.800

Device (0) cpu1:
cores_sketch: 2.0, cores_dpdk: 5.0
Rows total: 5.6904606699024365
Mem total: 96.6933746643578
Throughput: 83.32500083324999

Device (1) cpu2:
cores_sketch: 0.99999999996158, cores_dpdk: 5.0
Rows total: 2.949496647465434
Mem total: 50.118400064354056
Throughput: 83.32500083324999

Device (2) cpu3:
cores_sketch: 2.0, cores_dpdk: 5.0
Rows total: 5.690460666441024
Mem total: 96.69337460554084
Throughput: 83.32500083324999

Device (3) cpu4:
cores_sketch: 2.0, cores_dpdk: 5.0
Rows total: 5.690460653251032
Mem total: 96.69337438141402
Throughput: 83.32500083324999

Device (4) cpu5:
cores_sketch: 2.0, cores_dpdk: 5.0
Rows total: 5.690460472914306
Mem total: 96.69337131709855
Throughput: 83.32500083324999

Device (5) cpu6:
cores_sketch: 2.0, cores_dpdk: 5.0
Rows total: 5.690460654206804
Mem total: 96.69337439765468
Throughput: 83.32500083324999

Device (6) cpu7:
cores_sketch: 1.0, cores_dpdk: 5.0
Rows total: 2.9494966414530976
Mem total: 50.118399962191305
Throughput: 83.32500083324999

Device (7) cpu8:
cores_sketch: 2.0, cores_dpdk: 5.0
Rows total: 5.690460668934578
Mem total: 96.69337464791177
Throughput: 83.32500083324999

Device (8) tor_p41:
Rows total: 33.89793103448276
Mem total: 576.0
Throughput: 148.0

Device (9) tor_p42:
Rows total: 33.89793103448276
Mem total: 576.0
Throughput: 148.0

Device (10) tor_p43:
Rows total: 32.27065671853474
Mem total: 548.349049709477
Throughput: 148.0

Device (11) tor_p44:
Rows total: 33.89793103448276
Mem total: 576.0
Throughput: 148.0

Device (12) l1_p41:
Rows total: 33.89793103448276
Mem total: 576.0
Throughput: 148.0

Device (13) l1_p42:
Rows total: 33.89793103448276
Mem total: 576.0
Throughput: 148.0

Device (14) l2_p4:
Rows total: 33.89793103448276
Mem total: 576.0
Throughput: 148.0
--------------------------------------------------
