Using license file /home/anupa/gurobi.lic
Academic license - for non-commercial use only

--------------------------------------------------
Model update took: 3.600120544433594e-05 seconds
Model optimize took: 0.004373073577880859 seconds
--------------------------------------------------

Sketch (0) (cm: eps0: 0.03125, del0: 0.05, min_mem: 0.33984375)
Par: 1, Rows: 3
0.000    1.000    -0.000    
Total frac: 1.000

Sketch (1) (cm: eps0: 3.125e-06, del0: 0.05, min_mem: 3397.85546875)
Par: 1, Rows: 3
1.000    0.000    0.000    
Total frac: 1.000

Sketch (2) (cm: eps0: 0.625, del0: 0.025, min_mem: 0.01953125)
Par: 1, Rows: 4
1.000    -0.000    -0.000    
Total frac: 1.000

Device (0) cpu_1:
Rows total: 7.0
Mem total: 10194.585763890625

Device (1) p4_1:
Rows total: 3.0
Mem total: 1.01953125

Device (2) cpu_2:
Rows total: 0.0
Mem total: 0.0
--------------------------------------------------
Changed value of parameter NonConvex to 2
   Prev: -1  Min: -1  Max: 2  Default: -1
Changed value of parameter NonConvex to 2
   Prev: -1  Min: -1  Max: 2  Default: -1

Throughput: 50.79321940735277 Mpps, ns per packet: 19.687667205738116
Resources: 92.01569650438118

Sketch (0) (cm: eps0: 0.03125, del0: 0.05, min_mem: 0.33984375)
Par: 1, Rows: 3
0.000    1.000    -0.000    
Total frac: 1.000

Sketch (1) (cm: eps0: 3.125e-06, del0: 0.05, min_mem: 3397.85546875)
Par: 1, Rows: 3
1.000    0.000    0.000    
Total frac: 1.000

Sketch (2) (cm: eps0: 0.625, del0: 0.025, min_mem: 0.01953125)
Par: 1, Rows: 4
1.000    -0.000    -0.000    
Total frac: 1.000

Device (0) cpu_1:
cores_sketch: 5.0, cores_dpdk: 2.0000000000000004
Rows total: 7.0
Mem total: 10194.585763890625
Throughput: 53.33821366575819

Device (1) p4_1:
Rows total: 3.0
Mem total: 1.01953125
Throughput: 148.0

Device (2) cpu_2:
cores_sketch: 0.0, cores_dpdk: 2.0
Rows total: 0
Mem total: 0.0
Throughput: 50.79321940735277
--------------------------------------------------
