Using license file /home/anupa/gurobi.lic
Academic license - for non-commercial use only

--------------------------------------------------
Model update took: 4.482269287109375e-05 seconds
Model optimize took: 0.00415492057800293 seconds
--------------------------------------------------

Sketch (0) (cm: eps0: 0.03125, del0: 0.05, min_mem: 0.33984375)
Par: 1, Rows: 3
0.000    1.000    0.000    
Total frac: 1.000

Sketch (1) (cm: eps0: 3.125e-06, del0: 0.05, min_mem: 3397.85546875)
Par: 1, Rows: 3
0.000    0.000    1.000    
Total frac: 1.000

Sketch (2) (cm: eps0: 0.625, del0: 0.025, min_mem: 0.01953125)
Par: 1, Rows: 4
0.000    1.000    0.000    
Total frac: 1.000

Device (0) cpu_1:
Rows total: 0.0
Mem total: 0.0

Device (1) p4_1:
Rows total: 7.0
Mem total: 1.09765625

Device (2) cpu_2:
Rows total: 3.0
Mem total: 10193.56640625
--------------------------------------------------
Changed value of parameter NonConvex to 2
   Prev: -1  Min: -1  Max: 2  Default: -1
Changed value of parameter NonConvex to 2
   Prev: -1  Min: -1  Max: 2  Default: -1

Throughput: 74.67872973302082 Mpps, ns per packet: 13.390693756777017
Resources: 113.01719967524213

Sketch (0) (cm: eps0: 0.03125, del0: 0.05, min_mem: 0.33984375)
Par: 1, Rows: 3
0.000    1.000    0.000    
Total frac: 1.000

Sketch (1) (cm: eps0: 3.125e-06, del0: 0.05, min_mem: 3397.85546875)
Par: 1, Rows: 3
0.000    0.000    1.000    
Total frac: 1.000

Sketch (2) (cm: eps0: 0.625, del0: 0.025, min_mem: 0.01953125)
Par: 1, Rows: 4
0.000    1.000    0.000    
Total frac: 1.000

Device (0) cpu_1:
cores_sketch: 0.0, cores_dpdk: 4.000000000000002
Rows total: 0
Mem total: 0.0
Throughput: 74.67872973302082

Device (1) p4_1:
Rows total: 7.0
Mem total: 1.09765625
Throughput: 148.0

Device (2) cpu_2:
cores_sketch: 3.0, cores_dpdk: 4.000000000000001
Rows total: 3.0
Mem total: 10193.56640625
Throughput: 74.67872973302082
--------------------------------------------------
