Using license file /home/anupa/gurobi.lic
Academic license - for non-commercial use only

--------------------------------------------------
Model update took: 0.002345561981201172 seconds
Model optimize took: 0.06285405158996582 seconds
--------------------------------------------------

Sketch (0) (cm: eps0: 0.000625, del0: 0.05, min_mem: 16.9921875)
Par: 1, Rows: 1
0.000    0.000    0.000    0.000    0.000    0.600    0.300    0.000    0.000    0.600    0.000    0.100    0.300    0.000    0.000    
Total frac: 1.900
Par: 2, Rows: 1
0.000    0.000    0.000    0.000    0.000    0.600    0.300    0.000    0.000    0.600    0.000    0.100    0.300    0.000    0.000    
Total frac: 1.900
Par: 3, Rows: 1
0.000    0.000    0.000    0.000    0.000    0.600    0.300    0.000    0.000    0.600    0.000    0.100    0.300    0.000    0.000    
Total frac: 1.900

Sketch (1) (cm: eps0: 0.000625, del0: 0.05, min_mem: 16.9921875)
Par: 1, Rows: 1
0.800    0.000    0.000    0.000    0.000    0.000    0.000    0.000    0.000    0.000    0.100    0.000    0.000    0.700    0.000    
Total frac: 1.600
Par: 2, Rows: 1
0.800    0.000    0.000    0.000    0.000    0.000    0.000    0.000    0.000    0.000    0.100    0.000    0.000    0.700    0.000    
Total frac: 1.600
Par: 3, Rows: 1
0.800    0.000    0.000    0.000    0.000    0.000    0.000    0.000    0.000    0.000    0.100    0.000    0.000    0.700    0.000    
Total frac: 1.600

Sketch (2) (cm: eps0: 0.000625, del0: 0.05, min_mem: 16.9921875)
Par: 1, Rows: 1
0.000    0.600    0.000    0.000    0.200    0.200    0.000    0.000    0.000    0.000    0.600    0.000    0.200    0.000    0.000    
Total frac: 1.800
Par: 2, Rows: 1
0.000    0.600    0.000    0.000    0.200    0.200    0.000    0.000    0.000    0.000    0.600    0.000    0.200    0.000    0.000    
Total frac: 1.800
Par: 3, Rows: 1
0.000    0.600    0.000    0.000    0.200    0.200    0.000    0.000    0.000    0.000    0.600    0.000    0.200    0.000    0.000    
Total frac: 1.800

Sketch (3) (cm: eps0: 0.000625, del0: 0.05, min_mem: 16.9921875)
Par: 1, Rows: 1
0.800    0.000    0.000    0.800    0.000    0.000    0.900    0.100    0.200    0.000    0.000    0.000    0.000    0.000    0.000    
Total frac: 2.800
Par: 2, Rows: 1
0.800    0.000    0.000    0.800    0.000    0.000    0.900    0.100    0.200    0.000    0.000    0.000    0.000    0.000    0.000    
Total frac: 2.800
Par: 3, Rows: 1
0.800    0.000    0.000    0.800    0.000    0.000    0.900    0.100    0.200    0.000    0.000    0.000    0.000    0.000    0.000    
Total frac: 2.800

Sketch (4) (cm: eps0: 0.000625, del0: 0.05, min_mem: 16.9921875)
Par: 1, Rows: 1
0.000    0.600    0.300    0.000    0.000    0.000    0.000    0.000    0.400    0.400    0.300    0.000    0.000    0.000    0.000    
Total frac: 2.000
Par: 2, Rows: 1
0.000    0.600    0.300    0.000    0.000    0.000    0.000    0.000    0.400    0.400    0.300    0.000    0.000    0.000    0.000    
Total frac: 2.000
Par: 3, Rows: 1
0.000    0.600    0.300    0.000    0.000    0.000    0.000    0.000    0.400    0.400    0.300    0.000    0.000    0.000    0.000    
Total frac: 2.000

Sketch (5) (cm: eps0: 0.000625, del0: 0.05, min_mem: 16.9921875)
Par: 1, Rows: 1
0.000    0.000    0.000    0.000    0.000    0.100    0.882    0.000    0.000    0.000    0.000    0.018    0.000    0.000    0.000    
Total frac: 1.000
Par: 2, Rows: 1
0.000    0.000    0.000    0.000    0.000    0.100    0.882    0.000    0.000    0.000    0.000    0.018    0.000    0.000    0.000    
Total frac: 1.000
Par: 3, Rows: 1
0.000    0.000    0.000    0.000    0.000    0.100    0.882    0.000    0.000    0.000    0.000    0.018    0.000    0.000    0.000    
Total frac: 1.000

Sketch (6) (cm: eps0: 0.000625, del0: 0.05, min_mem: 16.9921875)
Par: 1, Rows: 1
0.517    0.000    0.000    0.000    0.000    0.000    0.000    0.100    0.000    0.383    0.383    0.417    0.000    0.000    0.000    
Total frac: 1.800
Par: 2, Rows: 1
0.517    0.000    0.000    0.000    0.000    0.000    0.000    0.100    0.000    0.383    0.383    0.417    0.000    0.000    0.000    
Total frac: 1.800
Par: 3, Rows: 1
0.517    0.000    0.000    0.000    0.000    0.000    0.000    0.100    0.000    0.383    0.383    0.417    0.000    0.000    0.000    
Total frac: 1.800

Sketch (7) (cm: eps0: 0.000625, del0: 0.05, min_mem: 16.9921875)
Par: 1, Rows: 1
0.000    0.000    0.700    0.000    0.900    0.000    0.000    0.000    0.000    0.000    0.000    0.000    0.000    0.000    0.000    
Total frac: 1.600
Par: 2, Rows: 1
0.000    0.000    0.700    0.000    0.900    0.000    0.000    0.000    0.000    0.000    0.000    0.000    0.000    0.000    0.000    
Total frac: 1.600
Par: 3, Rows: 1
0.000    0.000    0.700    0.000    0.900    0.000    0.000    0.000    0.000    0.000    0.000    0.000    0.000    0.000    0.000    
Total frac: 1.600

Sketch (8) (cm: eps0: 0.000625, del0: 0.05, min_mem: 16.9921875)
Par: 1, Rows: 1
0.000    0.000    0.600    0.000    0.000    0.000    0.000    0.000    0.100    0.200    0.700    0.000    0.000    0.100    0.000    
Total frac: 1.700
Par: 2, Rows: 1
0.000    0.000    0.600    0.000    0.000    0.000    0.000    0.000    0.100    0.200    0.700    0.000    0.000    0.100    0.000    
Total frac: 1.700
Par: 3, Rows: 1
0.000    0.000    0.600    0.000    0.000    0.000    0.000    0.000    0.100    0.200    0.700    0.000    0.000    0.100    0.000    
Total frac: 1.700

Sketch (9) (cm: eps0: 0.000625, del0: 0.05, min_mem: 16.9921875)
Par: 1, Rows: 1
0.000    0.000    0.000    0.600    0.000    0.000    0.700    0.000    0.000    0.200    0.000    0.000    0.000    0.000    0.000    
Total frac: 1.500
Par: 2, Rows: 1
0.000    0.000    0.000    0.600    0.000    0.000    0.700    0.000    0.000    0.200    0.000    0.000    0.000    0.000    0.000    
Total frac: 1.500
Par: 3, Rows: 1
0.000    0.000    0.000    0.600    0.000    0.000    0.700    0.000    0.000    0.200    0.000    0.000    0.000    0.000    0.000    
Total frac: 1.500

Sketch (10) (cm: eps0: 0.000625, del0: 0.05, min_mem: 16.9921875)
Par: 1, Rows: 1
0.000    0.000    0.000    0.000    0.000    0.000    0.000    0.000    0.300    0.000    0.000    0.000    0.000    0.700    0.000    
Total frac: 1.000
Par: 2, Rows: 1
0.000    0.000    0.000    0.000    0.000    0.000    0.000    0.000    0.300    0.000    0.000    0.000    0.000    0.700    0.000    
Total frac: 1.000
Par: 3, Rows: 1
0.000    0.000    0.000    0.000    0.000    0.000    0.000    0.000    0.300    0.000    0.000    0.000    0.000    0.700    0.000    
Total frac: 1.000

Sketch (11) (cm: eps0: 0.000625, del0: 0.05, min_mem: 16.9921875)
Par: 1, Rows: 1
0.000    0.687    0.013    0.000    0.000    0.300    0.000    0.000    0.200    0.000    0.000    0.700    0.000    0.000    0.000    
Total frac: 1.900
Par: 2, Rows: 1
0.000    0.687    0.013    0.000    0.000    0.300    0.000    0.000    0.200    0.000    0.000    0.700    0.000    0.000    0.000    
Total frac: 1.900
Par: 3, Rows: 1
0.000    0.687    0.013    0.000    0.000    0.300    0.000    0.000    0.200    0.000    0.000    0.700    0.000    0.000    0.000    
Total frac: 1.900

Sketch (12) (cm: eps0: 0.000625, del0: 0.05, min_mem: 16.9921875)
Par: 1, Rows: 1
0.000    0.000    0.000    0.000    0.300    0.000    0.000    0.000    0.000    0.000    0.000    0.700    0.000    0.000    0.000    
Total frac: 1.000
Par: 2, Rows: 1
0.000    0.000    0.000    0.000    0.300    0.000    0.000    0.000    0.000    0.000    0.000    0.700    0.000    0.000    0.000    
Total frac: 1.000
Par: 3, Rows: 1
0.000    0.000    0.000    0.000    0.300    0.000    0.000    0.000    0.000    0.000    0.000    0.700    0.000    0.000    0.000    
Total frac: 1.000

Sketch (13) (cm: eps0: 0.000625, del0: 0.05, min_mem: 16.9921875)
Par: 1, Rows: 1
0.000    0.000    0.513    0.000    0.087    0.000    0.000    0.000    0.000    0.000    0.000    0.287    0.387    0.327    0.000    
Total frac: 1.600
Par: 2, Rows: 1
0.000    0.000    0.513    0.000    0.087    0.000    0.000    0.000    0.000    0.000    0.000    0.287    0.387    0.327    0.000    
Total frac: 1.600
Par: 3, Rows: 1
0.000    0.000    0.513    0.000    0.087    0.000    0.000    0.000    0.000    0.000    0.000    0.287    0.387    0.327    0.000    
Total frac: 1.600

Sketch (14) (cm: eps0: 0.000625, del0: 0.05, min_mem: 16.9921875)
Par: 1, Rows: 1
0.000    0.256    0.000    0.000    0.000    0.000    0.244    0.000    0.000    0.000    0.000    0.456    0.000    0.000    0.444    
Total frac: 1.400
Par: 2, Rows: 1
0.000    0.256    0.000    0.000    0.000    0.000    0.244    0.000    0.000    0.000    0.000    0.456    0.000    0.000    0.444    
Total frac: 1.400
Par: 3, Rows: 1
0.000    0.256    0.000    0.000    0.000    0.000    0.244    0.000    0.000    0.000    0.000    0.456    0.000    0.000    0.444    
Total frac: 1.400

Sketch (15) (cm: eps0: 0.000625, del0: 0.05, min_mem: 16.9921875)
Par: 1, Rows: 1
0.000    0.000    0.000    0.000    0.000    0.000    0.000    0.000    0.000    0.200    0.000    0.000    0.800    0.000    0.000    
Total frac: 1.000
Par: 2, Rows: 1
0.000    0.000    0.000    0.000    0.000    0.000    0.000    0.000    0.000    0.200    0.000    0.000    0.800    0.000    0.000    
Total frac: 1.000
Par: 3, Rows: 1
0.000    0.000    0.000    0.000    0.000    0.000    0.000    0.000    0.000    0.200    0.000    0.000    0.800    0.000    0.000    
Total frac: 1.000

Sketch (16) (cm: eps0: 0.000625, del0: 0.05, min_mem: 16.9921875)
Par: 1, Rows: 1
0.000    0.000    0.000    0.000    0.200    0.248    0.000    0.000    0.000    0.000    0.552    0.000    0.000    0.000    0.000    
Total frac: 1.000
Par: 2, Rows: 1
0.000    0.000    0.000    0.000    0.200    0.248    0.000    0.000    0.000    0.000    0.552    0.000    0.000    0.000    0.000    
Total frac: 1.000
Par: 3, Rows: 1
0.000    0.000    0.000    0.000    0.200    0.248    0.000    0.000    0.000    0.000    0.552    0.000    0.000    0.000    0.000    
Total frac: 1.000

Sketch (17) (cm: eps0: 0.000625, del0: 0.05, min_mem: 16.9921875)
Par: 1, Rows: 1
0.000    0.000    0.000    0.000    0.040    0.000    0.000    0.000    0.000    0.300    0.660    0.000    0.000    0.000    0.000    
Total frac: 1.000
Par: 2, Rows: 1
0.000    0.000    0.000    0.000    0.040    0.000    0.000    0.000    0.000    0.300    0.660    0.000    0.000    0.000    0.000    
Total frac: 1.000
Par: 3, Rows: 1
0.000    0.000    0.000    0.000    0.040    0.000    0.000    0.000    0.000    0.300    0.660    0.000    0.000    0.000    0.000    
Total frac: 1.000

Sketch (18) (cm: eps0: 0.000625, del0: 0.05, min_mem: 16.9921875)
Par: 1, Rows: 1
0.000    0.000    0.000    0.000    0.000    0.900    0.000    0.000    0.700    0.000    0.000    0.000    0.100    0.000    0.000    
Total frac: 1.700
Par: 2, Rows: 1
0.000    0.000    0.000    0.000    0.000    0.900    0.000    0.000    0.700    0.000    0.000    0.000    0.100    0.000    0.000    
Total frac: 1.700
Par: 3, Rows: 1
0.000    0.000    0.000    0.000    0.000    0.900    0.000    0.000    0.700    0.000    0.000    0.000    0.100    0.000    0.000    
Total frac: 1.700

Sketch (19) (cm: eps0: 0.000625, del0: 0.05, min_mem: 16.9921875)
Par: 1, Rows: 1
0.000    0.594    0.000    0.006    0.000    1.000    0.000    0.306    0.100    0.694    0.000    0.000    0.000    0.000    0.000    
Total frac: 2.700
Par: 2, Rows: 1
0.000    0.594    0.000    0.006    0.000    1.000    0.000    0.306    0.100    0.694    0.000    0.000    0.000    0.000    0.000    
Total frac: 2.700
Par: 3, Rows: 1
0.000    0.594    0.000    0.006    0.000    1.000    0.000    0.306    0.100    0.694    0.000    0.000    0.000    0.000    0.000    
Total frac: 2.700

Sketch (20) (cm: eps0: 0.000625, del0: 0.05, min_mem: 16.9921875)
Par: 1, Rows: 1
0.000    0.000    0.000    0.000    0.000    0.000    0.000    0.000    0.000    0.000    0.300    0.000    0.000    0.400    0.300    
Total frac: 1.000
Par: 2, Rows: 1
0.000    0.000    0.000    0.000    0.000    0.000    0.000    0.000    0.000    0.000    0.300    0.000    0.000    0.400    0.300    
Total frac: 1.000
Par: 3, Rows: 1
0.000    0.000    0.000    0.000    0.000    0.000    0.000    0.000    0.000    0.000    0.300    0.000    0.000    0.400    0.300    
Total frac: 1.000

Sketch (21) (cm: eps0: 0.000625, del0: 0.05, min_mem: 16.9921875)
Par: 1, Rows: 1
0.000    0.000    0.000    0.000    0.000    0.000    0.000    0.000    0.000    0.000    0.000    0.000    0.000    1.000    0.000    
Total frac: 1.000
Par: 2, Rows: 1
0.000    0.000    0.000    0.000    0.000    0.000    0.000    0.000    0.000    0.000    0.000    0.000    0.000    1.000    0.000    
Total frac: 1.000
Par: 3, Rows: 1
0.000    0.000    0.000    0.000    0.000    0.000    0.000    0.000    0.000    0.000    0.000    0.000    0.000    1.000    0.000    
Total frac: 1.000

Sketch (22) (cm: eps0: 0.000625, del0: 0.05, min_mem: 16.9921875)
Par: 1, Rows: 1
0.000    0.000    0.000    0.000    0.000    0.000    0.000    0.000    0.000    0.000    0.000    0.000    0.000    0.000    0.000    
Total frac: 0.000
Par: 2, Rows: 1
0.000    0.000    0.000    0.000    0.000    0.000    0.000    0.000    0.000    0.000    0.000    0.000    0.000    0.000    0.000    
Total frac: 0.000
Par: 3, Rows: 1
0.000    0.000    0.000    0.000    0.000    0.000    0.000    0.000    0.000    0.000    0.000    0.000    0.000    0.000    0.000    
Total frac: 0.000

Sketch (23) (cm: eps0: 0.000625, del0: 0.05, min_mem: 16.9921875)
Par: 1, Rows: 1
0.900    0.000    0.000    0.000    0.000    0.000    0.000    0.000    0.000    0.000    0.000    0.000    0.000    0.000    0.000    
Total frac: 0.900
Par: 2, Rows: 1
0.900    0.000    0.000    0.000    0.000    0.000    0.000    0.000    0.000    0.000    0.000    0.000    0.000    0.000    0.000    
Total frac: 0.900
Par: 3, Rows: 1
0.900    0.000    0.000    0.000    0.000    0.000    0.000    0.000    0.000    0.000    0.000    0.000    0.000    0.000    0.000    
Total frac: 0.900

Sketch (24) (cm: eps0: 0.000625, del0: 0.05, min_mem: 16.9921875)
Par: 1, Rows: 1
0.510    0.490    0.000    0.000    0.000    0.000    0.000    0.000    0.000    0.020    0.000    0.000    0.190    0.000    0.790    
Total frac: 2.000
Par: 2, Rows: 1
0.510    0.490    0.000    0.000    0.000    0.000    0.000    0.000    0.000    0.020    0.000    0.000    0.190    0.000    0.790    
Total frac: 2.000
Par: 3, Rows: 1
0.510    0.490    0.000    0.000    0.000    0.000    0.000    0.000    0.000    0.020    0.000    0.000    0.190    0.000    0.790    
Total frac: 2.000

Sketch (25) (cm: eps0: 0.000625, del0: 0.05, min_mem: 16.9921875)
Par: 1, Rows: 1
0.600    0.000    0.900    0.000    0.000    0.800    0.000    0.000    0.100    0.000    0.000    0.000    0.000    0.000    0.000    
Total frac: 2.400
Par: 2, Rows: 1
0.600    0.000    0.900    0.000    0.000    0.800    0.000    0.000    0.100    0.000    0.000    0.000    0.000    0.000    0.000    
Total frac: 2.400
Par: 3, Rows: 1
0.600    0.000    0.900    0.000    0.000    0.800    0.000    0.000    0.100    0.000    0.000    0.000    0.000    0.000    0.000    
Total frac: 2.400

Sketch (26) (cm: eps0: 0.000625, del0: 0.05, min_mem: 16.9921875)
Par: 1, Rows: 1
0.000    0.000    0.000    0.000    1.000    0.000    0.800    0.000    0.000    0.000    0.000    0.000    0.000    0.000    0.000    
Total frac: 1.800
Par: 2, Rows: 1
0.000    0.000    0.000    0.000    1.000    0.000    0.800    0.000    0.000    0.000    0.000    0.000    0.000    0.000    0.000    
Total frac: 1.800
Par: 3, Rows: 1
0.000    0.000    0.000    0.000    1.000    0.000    0.800    0.000    0.000    0.000    0.000    0.000    0.000    0.000    0.000    
Total frac: 1.800

Sketch (27) (cm: eps0: 0.000625, del0: 0.05, min_mem: 16.9921875)
Par: 1, Rows: 1
0.000    0.000    0.000    0.100    0.000    0.000    0.000    0.100    0.000    0.000    0.000    0.000    0.000    0.700    0.100    
Total frac: 1.000
Par: 2, Rows: 1
0.000    0.000    0.000    0.100    0.000    0.000    0.000    0.100    0.000    0.000    0.000    0.000    0.000    0.700    0.100    
Total frac: 1.000
Par: 3, Rows: 1
0.000    0.000    0.000    0.100    0.000    0.000    0.000    0.100    0.000    0.000    0.000    0.000    0.000    0.700    0.100    
Total frac: 1.000

Sketch (28) (cm: eps0: 0.000625, del0: 0.05, min_mem: 16.9921875)
Par: 1, Rows: 1
0.000    0.100    0.000    0.000    0.000    0.100    0.000    0.000    0.000    0.000    0.000    0.000    0.800    0.000    0.000    
Total frac: 1.000
Par: 2, Rows: 1
0.000    0.100    0.000    0.000    0.000    0.100    0.000    0.000    0.000    0.000    0.000    0.000    0.800    0.000    0.000    
Total frac: 1.000
Par: 3, Rows: 1
0.000    0.100    0.000    0.000    0.000    0.100    0.000    0.000    0.000    0.000    0.000    0.000    0.800    0.000    0.000    
Total frac: 1.000

Sketch (29) (cm: eps0: 0.000625, del0: 0.05, min_mem: 16.9921875)
Par: 1, Rows: 1
0.000    0.000    0.000    1.000    0.000    0.000    0.000    0.000    0.000    0.000    0.700    0.000    0.000    0.000    0.000    
Total frac: 1.700
Par: 2, Rows: 1
0.000    0.000    0.000    1.000    0.000    0.000    0.000    0.000    0.000    0.000    0.700    0.000    0.000    0.000    0.000    
Total frac: 1.700
Par: 3, Rows: 1
0.000    0.000    0.000    1.000    0.000    0.000    0.000    0.000    0.000    0.000    0.700    0.000    0.000    0.000    0.000    
Total frac: 1.700

Sketch (30) (cm: eps0: 0.000625, del0: 0.05, min_mem: 16.9921875)
Par: 1, Rows: 1
0.800    0.100    0.800    0.000    0.000    0.000    0.000    0.900    0.000    0.000    0.000    0.000    0.000    0.000    0.000    
Total frac: 2.600
Par: 2, Rows: 1
0.800    0.100    0.800    0.000    0.000    0.000    0.000    0.900    0.000    0.000    0.000    0.000    0.000    0.000    0.000    
Total frac: 2.600
Par: 3, Rows: 1
0.800    0.100    0.800    0.000    0.000    0.000    0.000    0.900    0.000    0.000    0.000    0.000    0.000    0.000    0.000    
Total frac: 2.600

Sketch (31) (cm: eps0: 0.000625, del0: 0.05, min_mem: 16.9921875)
Par: 1, Rows: 1
0.000    0.100    0.000    0.000    0.550    0.450    0.000    0.000    0.650    0.000    0.000    0.250    0.000    0.000    0.000    
Total frac: 2.000
Par: 2, Rows: 1
0.000    0.100    0.000    0.000    0.550    0.450    0.000    0.000    0.650    0.000    0.000    0.250    0.000    0.000    0.000    
Total frac: 2.000
Par: 3, Rows: 1
0.000    0.100    0.000    0.000    0.550    0.450    0.000    0.000    0.650    0.000    0.000    0.250    0.000    0.000    0.000    
Total frac: 2.000

Sketch (32) (cm: eps0: 0.000625, del0: 0.05, min_mem: 16.9921875)
Par: 1, Rows: 1
0.000    0.000    0.000    0.029    0.000    0.029    0.000    0.771    0.000    0.871    0.000    0.000    0.000    0.000    0.000    
Total frac: 1.700
Par: 2, Rows: 1
0.000    0.000    0.000    0.029    0.000    0.029    0.000    0.771    0.000    0.871    0.000    0.000    0.000    0.000    0.000    
Total frac: 1.700
Par: 3, Rows: 1
0.000    0.000    0.000    0.029    0.000    0.029    0.000    0.771    0.000    0.871    0.000    0.000    0.000    0.000    0.000    
Total frac: 1.700

Sketch (33) (cm: eps0: 0.000625, del0: 0.05, min_mem: 16.9921875)
Par: 1, Rows: 1
0.100    0.000    0.000    0.000    0.000    0.000    0.000    0.000    0.000    0.000    0.000    0.000    0.700    0.000    0.100    
Total frac: 0.900
Par: 2, Rows: 1
0.100    0.000    0.000    0.000    0.000    0.000    0.000    0.000    0.000    0.000    0.000    0.000    0.700    0.000    0.100    
Total frac: 0.900
Par: 3, Rows: 1
0.100    0.000    0.000    0.000    0.000    0.000    0.000    0.000    0.000    0.000    0.000    0.000    0.700    0.000    0.100    
Total frac: 0.900

Sketch (34) (cm: eps0: 0.000625, del0: 0.05, min_mem: 16.9921875)
Par: 1, Rows: 1
0.000    0.000    0.000    0.000    0.000    0.000    0.000    0.000    0.000    0.000    0.000    0.000    0.000    0.000    1.000    
Total frac: 1.000
Par: 2, Rows: 1
0.000    0.000    0.000    0.000    0.000    0.000    0.000    0.000    0.000    0.000    0.000    0.000    0.000    0.000    1.000    
Total frac: 1.000
Par: 3, Rows: 1
0.000    0.000    0.000    0.000    0.000    0.000    0.000    0.000    0.000    0.000    0.000    0.000    0.000    0.000    1.000    
Total frac: 1.000

Sketch (35) (cm: eps0: 0.000625, del0: 0.05, min_mem: 16.9921875)
Par: 1, Rows: 1
0.000    0.000    0.000    0.000    0.000    0.000    0.000    0.000    0.000    0.000    0.000    0.900    0.000    0.000    0.000    
Total frac: 0.900
Par: 2, Rows: 1
0.000    0.000    0.000    0.000    0.000    0.000    0.000    0.000    0.000    0.000    0.000    0.900    0.000    0.000    0.000    
Total frac: 0.900
Par: 3, Rows: 1
0.000    0.000    0.000    0.000    0.000    0.000    0.000    0.000    0.000    0.000    0.000    0.900    0.000    0.000    0.000    
Total frac: 0.900

Sketch (36) (cm: eps0: 0.000625, del0: 0.05, min_mem: 16.9921875)
Par: 1, Rows: 1
0.000    0.000    0.000    0.000    0.000    0.200    0.000    0.000    0.000    0.000    0.800    0.000    0.000    0.000    0.000    
Total frac: 1.000
Par: 2, Rows: 1
0.000    0.000    0.000    0.000    0.000    0.200    0.000    0.000    0.000    0.000    0.800    0.000    0.000    0.000    0.000    
Total frac: 1.000
Par: 3, Rows: 1
0.000    0.000    0.000    0.000    0.000    0.200    0.000    0.000    0.000    0.000    0.800    0.000    0.000    0.000    0.000    
Total frac: 1.000

Sketch (37) (cm: eps0: 0.000625, del0: 0.05, min_mem: 16.9921875)
Par: 1, Rows: 1
0.000    0.100    0.000    0.000    0.000    0.000    0.000    0.000    0.000    0.000    0.000    0.000    0.000    0.000    0.900    
Total frac: 1.000
Par: 2, Rows: 1
0.000    0.100    0.000    0.000    0.000    0.000    0.000    0.000    0.000    0.000    0.000    0.000    0.000    0.000    0.900    
Total frac: 1.000
Par: 3, Rows: 1
0.000    0.100    0.000    0.000    0.000    0.000    0.000    0.000    0.000    0.000    0.000    0.000    0.000    0.000    0.900    
Total frac: 1.000

Sketch (38) (cm: eps0: 0.000625, del0: 0.05, min_mem: 16.9921875)
Par: 1, Rows: 1
0.000    0.000    0.000    0.000    0.000    0.700    0.200    0.700    0.800    0.000    0.000    0.000    0.000    0.000    0.000    
Total frac: 2.400
Par: 2, Rows: 1
0.000    0.000    0.000    0.000    0.000    0.700    0.200    0.700    0.800    0.000    0.000    0.000    0.000    0.000    0.000    
Total frac: 2.400
Par: 3, Rows: 1
0.000    0.000    0.000    0.000    0.000    0.700    0.200    0.700    0.800    0.000    0.000    0.000    0.000    0.000    0.000    
Total frac: 2.400

Sketch (39) (cm: eps0: 0.000625, del0: 0.05, min_mem: 16.9921875)
Par: 1, Rows: 1
0.000    0.000    0.000    0.000    0.000    0.000    0.000    0.000    0.000    0.000    0.000    0.000    0.000    0.900    0.000    
Total frac: 0.900
Par: 2, Rows: 1
0.000    0.000    0.000    0.000    0.000    0.000    0.000    0.000    0.000    0.000    0.000    0.000    0.000    0.900    0.000    
Total frac: 0.900
Par: 3, Rows: 1
0.000    0.000    0.000    0.000    0.000    0.000    0.000    0.000    0.000    0.000    0.000    0.000    0.000    0.900    0.000    
Total frac: 0.900

Sketch (40) (cm: eps0: 0.000625, del0: 0.05, min_mem: 16.9921875)
Par: 1, Rows: 1
0.000    0.000    0.000    0.000    0.000    0.000    0.000    0.000    0.000    0.000    0.000    0.000    0.000    0.000    0.000    
Total frac: 0.000
Par: 2, Rows: 1
0.000    0.000    0.000    0.000    0.000    0.000    0.000    0.000    0.000    0.000    0.000    0.000    0.000    0.000    0.000    
Total frac: 0.000
Par: 3, Rows: 1
0.000    0.000    0.000    0.000    0.000    0.000    0.000    0.000    0.000    0.000    0.000    0.000    0.000    0.000    0.000    
Total frac: 0.000

Sketch (41) (cm: eps0: 0.000625, del0: 0.05, min_mem: 16.9921875)
Par: 1, Rows: 1
0.100    0.000    0.000    0.000    0.000    0.000    1.000    0.000    0.469    0.000    0.231    0.000    0.000    0.000    0.000    
Total frac: 1.800
Par: 2, Rows: 1
0.100    0.000    0.000    0.000    0.000    0.000    1.000    0.000    0.469    0.000    0.231    0.000    0.000    0.000    0.000    
Total frac: 1.800
Par: 3, Rows: 1
0.100    0.000    0.000    0.000    0.000    0.000    1.000    0.000    0.469    0.000    0.231    0.000    0.000    0.000    0.000    
Total frac: 1.800

Sketch (42) (cm: eps0: 0.000625, del0: 0.05, min_mem: 16.9921875)
Par: 1, Rows: 1
0.200    0.000    0.000    0.000    0.800    0.000    0.000    0.000    0.700    0.000    0.000    0.000    0.000    0.000    0.000    
Total frac: 1.700
Par: 2, Rows: 1
0.200    0.000    0.000    0.000    0.800    0.000    0.000    0.000    0.700    0.000    0.000    0.000    0.000    0.000    0.000    
Total frac: 1.700
Par: 3, Rows: 1
0.200    0.000    0.000    0.000    0.800    0.000    0.000    0.000    0.700    0.000    0.000    0.000    0.000    0.000    0.000    
Total frac: 1.700

Sketch (43) (cm: eps0: 0.000625, del0: 0.05, min_mem: 16.9921875)
Par: 1, Rows: 1
0.000    0.000    0.000    0.000    0.000    0.000    0.000    0.700    0.100    0.000    0.000    0.000    0.000    0.000    0.700    
Total frac: 1.500
Par: 2, Rows: 1
0.000    0.000    0.000    0.000    0.000    0.000    0.000    0.700    0.100    0.000    0.000    0.000    0.000    0.000    0.700    
Total frac: 1.500
Par: 3, Rows: 1
0.000    0.000    0.000    0.000    0.000    0.000    0.000    0.700    0.100    0.000    0.000    0.000    0.000    0.000    0.700    
Total frac: 1.500

Sketch (44) (cm: eps0: 0.000625, del0: 0.05, min_mem: 16.9921875)
Par: 1, Rows: 1
0.800    0.000    0.000    0.000    0.000    0.100    0.000    0.000    0.000    0.000    0.000    0.900    0.000    0.000    0.000    
Total frac: 1.800
Par: 2, Rows: 1
0.800    0.000    0.000    0.000    0.000    0.100    0.000    0.000    0.000    0.000    0.000    0.900    0.000    0.000    0.000    
Total frac: 1.800
Par: 3, Rows: 1
0.800    0.000    0.000    0.000    0.000    0.100    0.000    0.000    0.000    0.000    0.000    0.900    0.000    0.000    0.000    
Total frac: 1.800

Sketch (45) (cm: eps0: 0.000625, del0: 0.05, min_mem: 16.9921875)
Par: 1, Rows: 1
0.000    0.900    0.700    0.000    0.000    0.000    0.000    1.000    0.000    0.000    0.000    0.000    0.000    0.000    0.000    
Total frac: 2.600
Par: 2, Rows: 1
0.000    0.900    0.700    0.000    0.000    0.000    0.000    1.000    0.000    0.000    0.000    0.000    0.000    0.000    0.000    
Total frac: 2.600
Par: 3, Rows: 1
0.000    0.900    0.700    0.000    0.000    0.000    0.000    1.000    0.000    0.000    0.000    0.000    0.000    0.000    0.000    
Total frac: 2.600

Sketch (46) (cm: eps0: 0.000625, del0: 0.05, min_mem: 16.9921875)
Par: 1, Rows: 1
0.000    0.000    0.000    0.000    0.000    0.200    0.000    0.000    0.000    0.000    0.000    0.000    0.000    0.800    0.000    
Total frac: 1.000
Par: 2, Rows: 1
0.000    0.000    0.000    0.000    0.000    0.200    0.000    0.000    0.000    0.000    0.000    0.000    0.000    0.800    0.000    
Total frac: 1.000
Par: 3, Rows: 1
0.000    0.000    0.000    0.000    0.000    0.200    0.000    0.000    0.000    0.000    0.000    0.000    0.000    0.800    0.000    
Total frac: 1.000

Sketch (47) (cm: eps0: 0.000625, del0: 0.05, min_mem: 16.9921875)
Par: 1, Rows: 1
0.000    0.250    0.000    0.000    0.000    0.100    0.000    0.000    0.000    0.450    0.150    0.550    0.000    0.000    0.000    
Total frac: 1.500
Par: 2, Rows: 1
0.000    0.250    0.000    0.000    0.000    0.100    0.000    0.000    0.000    0.450    0.150    0.550    0.000    0.000    0.000    
Total frac: 1.500
Par: 3, Rows: 1
0.000    0.250    0.000    0.000    0.000    0.100    0.000    0.000    0.000    0.450    0.150    0.550    0.000    0.000    0.000    
Total frac: 1.500

Sketch (48) (cm: eps0: 0.000625, del0: 0.05, min_mem: 16.9921875)
Par: 1, Rows: 1
0.000    0.000    0.100    0.000    0.000    0.000    0.000    0.000    0.000    0.000    0.000    0.000    0.900    0.000    0.000    
Total frac: 1.000
Par: 2, Rows: 1
0.000    0.000    0.100    0.000    0.000    0.000    0.000    0.000    0.000    0.000    0.000    0.000    0.900    0.000    0.000    
Total frac: 1.000
Par: 3, Rows: 1
0.000    0.000    0.100    0.000    0.000    0.000    0.000    0.000    0.000    0.000    0.000    0.000    0.900    0.000    0.000    
Total frac: 1.000

Sketch (49) (cm: eps0: 0.000625, del0: 0.05, min_mem: 16.9921875)
Par: 1, Rows: 1
0.000    0.000    0.000    1.000    0.000    0.000    0.000    0.000    0.000    0.000    0.050    0.950    0.000    0.000    0.000    
Total frac: 2.000
Par: 2, Rows: 1
0.000    0.000    0.000    1.000    0.000    0.000    0.000    0.000    0.000    0.000    0.050    0.950    0.000    0.000    0.000    
Total frac: 2.000
Par: 3, Rows: 1
0.000    0.000    0.000    1.000    0.000    0.000    0.000    0.000    0.000    0.000    0.050    0.950    0.000    0.000    0.000    
Total frac: 2.000

Sketch (50) (cm: eps0: 0.000625, del0: 0.05, min_mem: 16.9921875)
Par: 1, Rows: 1
0.000    0.000    0.000    0.000    0.000    0.200    0.000    0.000    0.200    0.000    0.000    0.000    0.000    0.000    0.600    
Total frac: 1.000
Par: 2, Rows: 1
0.000    0.000    0.000    0.000    0.000    0.200    0.000    0.000    0.200    0.000    0.000    0.000    0.000    0.000    0.600    
Total frac: 1.000
Par: 3, Rows: 1
0.000    0.000    0.000    0.000    0.000    0.200    0.000    0.000    0.200    0.000    0.000    0.000    0.000    0.000    0.600    
Total frac: 1.000

Sketch (51) (cm: eps0: 0.000625, del0: 0.05, min_mem: 16.9921875)
Par: 1, Rows: 1
0.000    0.250    0.000    0.000    0.350    0.000    0.000    0.550    0.000    0.000    0.000    0.000    0.450    0.000    0.000    
Total frac: 1.600
Par: 2, Rows: 1
0.000    0.250    0.000    0.000    0.350    0.000    0.000    0.550    0.000    0.000    0.000    0.000    0.450    0.000    0.000    
Total frac: 1.600
Par: 3, Rows: 1
0.000    0.250    0.000    0.000    0.350    0.000    0.000    0.550    0.000    0.000    0.000    0.000    0.450    0.000    0.000    
Total frac: 1.600

Sketch (52) (cm: eps0: 0.000625, del0: 0.05, min_mem: 16.9921875)
Par: 1, Rows: 1
0.000    0.000    0.000    0.000    0.000    0.000    1.000    0.000    0.000    0.000    0.000    0.000    0.000    0.000    0.000    
Total frac: 1.000
Par: 2, Rows: 1
0.000    0.000    0.000    0.000    0.000    0.000    1.000    0.000    0.000    0.000    0.000    0.000    0.000    0.000    0.000    
Total frac: 1.000
Par: 3, Rows: 1
0.000    0.000    0.000    0.000    0.000    0.000    1.000    0.000    0.000    0.000    0.000    0.000    0.000    0.000    0.000    
Total frac: 1.000

Sketch (53) (cm: eps0: 0.000625, del0: 0.05, min_mem: 16.9921875)
Par: 1, Rows: 1
0.000    0.000    0.000    0.700    0.000    0.000    0.000    0.000    0.000    0.000    0.700    0.000    0.000    0.000    0.300    
Total frac: 1.700
Par: 2, Rows: 1
0.000    0.000    0.000    0.700    0.000    0.000    0.000    0.000    0.000    0.000    0.700    0.000    0.000    0.000    0.300    
Total frac: 1.700
Par: 3, Rows: 1
0.000    0.000    0.000    0.700    0.000    0.000    0.000    0.000    0.000    0.000    0.700    0.000    0.000    0.000    0.300    
Total frac: 1.700

Sketch (54) (cm: eps0: 0.000625, del0: 0.05, min_mem: 16.9921875)
Par: 1, Rows: 1
0.000    0.300    0.000    0.000    0.000    0.000    0.000    0.000    0.000    0.700    0.000    0.000    0.000    0.000    0.000    
Total frac: 1.000
Par: 2, Rows: 1
0.000    0.300    0.000    0.000    0.000    0.000    0.000    0.000    0.000    0.700    0.000    0.000    0.000    0.000    0.000    
Total frac: 1.000
Par: 3, Rows: 1
0.000    0.300    0.000    0.000    0.000    0.000    0.000    0.000    0.000    0.700    0.000    0.000    0.000    0.000    0.000    
Total frac: 1.000

Sketch (55) (cm: eps0: 0.000625, del0: 0.05, min_mem: 16.9921875)
Par: 1, Rows: 1
0.000    0.000    0.000    0.692    0.000    0.000    0.000    0.000    0.208    0.208    0.000    0.000    0.000    0.000    0.692    
Total frac: 1.800
Par: 2, Rows: 1
0.000    0.000    0.000    0.692    0.000    0.000    0.000    0.000    0.208    0.208    0.000    0.000    0.000    0.000    0.692    
Total frac: 1.800
Par: 3, Rows: 1
0.000    0.000    0.000    0.692    0.000    0.000    0.000    0.000    0.208    0.208    0.000    0.000    0.000    0.000    0.692    
Total frac: 1.800

Sketch (56) (cm: eps0: 0.000625, del0: 0.05, min_mem: 16.9921875)
Par: 1, Rows: 1
0.000    0.000    0.300    0.000    0.000    0.000    0.000    0.000    0.700    0.000    0.000    0.000    0.000    0.000    0.000    
Total frac: 1.000
Par: 2, Rows: 1
0.000    0.000    0.300    0.000    0.000    0.000    0.000    0.000    0.700    0.000    0.000    0.000    0.000    0.000    0.000    
Total frac: 1.000
Par: 3, Rows: 1
0.000    0.000    0.300    0.000    0.000    0.000    0.000    0.000    0.700    0.000    0.000    0.000    0.000    0.000    0.000    
Total frac: 1.000

Sketch (57) (cm: eps0: 0.000625, del0: 0.05, min_mem: 16.9921875)
Par: 1, Rows: 1
0.000    0.000    0.000    0.000    0.000    0.000    0.000    0.000    0.000    1.000    0.000    0.000    0.000    0.000    0.000    
Total frac: 1.000
Par: 2, Rows: 1
0.000    0.000    0.000    0.000    0.000    0.000    0.000    0.000    0.000    1.000    0.000    0.000    0.000    0.000    0.000    
Total frac: 1.000
Par: 3, Rows: 1
0.000    0.000    0.000    0.000    0.000    0.000    0.000    0.000    0.000    1.000    0.000    0.000    0.000    0.000    0.000    
Total frac: 1.000

Sketch (58) (cm: eps0: 0.000625, del0: 0.05, min_mem: 16.9921875)
Par: 1, Rows: 1
0.000    0.000    0.500    0.400    0.000    0.000    0.200    0.000    0.100    0.000    0.000    0.000    0.000    0.600    0.000    
Total frac: 1.800
Par: 2, Rows: 1
0.000    0.000    0.500    0.400    0.000    0.000    0.200    0.000    0.100    0.000    0.000    0.000    0.000    0.600    0.000    
Total frac: 1.800
Par: 3, Rows: 1
0.000    0.000    0.500    0.400    0.000    0.000    0.200    0.000    0.100    0.000    0.000    0.000    0.000    0.600    0.000    
Total frac: 1.800

Sketch (59) (cm: eps0: 0.000625, del0: 0.05, min_mem: 16.9921875)
Par: 1, Rows: 1
0.000    0.000    0.000    0.000    0.000    0.000    0.000    1.000    0.200    0.000    0.000    0.000    0.700    0.000    0.000    
Total frac: 1.900
Par: 2, Rows: 1
0.000    0.000    0.000    0.000    0.000    0.000    0.000    1.000    0.200    0.000    0.000    0.000    0.700    0.000    0.000    
Total frac: 1.900
Par: 3, Rows: 1
0.000    0.000    0.000    0.000    0.000    0.000    0.000    1.000    0.200    0.000    0.000    0.000    0.700    0.000    0.000    
Total frac: 1.900

Sketch (60) (cm: eps0: 0.000625, del0: 0.05, min_mem: 16.9921875)
Par: 1, Rows: 1
0.000    0.000    0.000    0.000    0.000    0.000    0.000    0.000    0.000    0.000    0.000    0.000    0.700    0.000    0.200    
Total frac: 0.900
Par: 2, Rows: 1
0.000    0.000    0.000    0.000    0.000    0.000    0.000    0.000    0.000    0.000    0.000    0.000    0.700    0.000    0.200    
Total frac: 0.900
Par: 3, Rows: 1
0.000    0.000    0.000    0.000    0.000    0.000    0.000    0.000    0.000    0.000    0.000    0.000    0.700    0.000    0.200    
Total frac: 0.900

Sketch (61) (cm: eps0: 0.000625, del0: 0.05, min_mem: 16.9921875)
Par: 1, Rows: 1
0.000    0.900    0.000    0.000    0.900    0.000    0.000    0.000    0.000    0.000    0.000    0.000    0.000    0.000    0.100    
Total frac: 1.900
Par: 2, Rows: 1
0.000    0.900    0.000    0.000    0.900    0.000    0.000    0.000    0.000    0.000    0.000    0.000    0.000    0.000    0.100    
Total frac: 1.900
Par: 3, Rows: 1
0.000    0.900    0.000    0.000    0.900    0.000    0.000    0.000    0.000    0.000    0.000    0.000    0.000    0.000    0.100    
Total frac: 1.900

Sketch (62) (cm: eps0: 0.000625, del0: 0.05, min_mem: 16.9921875)
Par: 1, Rows: 1
0.000    0.000    0.000    0.900    0.000    0.000    0.000    0.000    0.000    0.000    0.000    0.000    0.000    0.000    0.000    
Total frac: 0.900
Par: 2, Rows: 1
0.000    0.000    0.000    0.900    0.000    0.000    0.000    0.000    0.000    0.000    0.000    0.000    0.000    0.000    0.000    
Total frac: 0.900
Par: 3, Rows: 1
0.000    0.000    0.000    0.900    0.000    0.000    0.000    0.000    0.000    0.000    0.000    0.000    0.000    0.000    0.000    
Total frac: 0.900

Sketch (63) (cm: eps0: 0.000625, del0: 0.05, min_mem: 16.9921875)
Par: 1, Rows: 1
0.100    0.000    0.800    0.000    0.900    0.000    0.000    0.000    0.000    0.000    0.000    0.000    0.000    0.000    0.000    
Total frac: 1.800
Par: 2, Rows: 1
0.100    0.000    0.800    0.000    0.900    0.000    0.000    0.000    0.000    0.000    0.000    0.000    0.000    0.000    0.000    
Total frac: 1.800
Par: 3, Rows: 1
0.100    0.000    0.800    0.000    0.900    0.000    0.000    0.000    0.000    0.000    0.000    0.000    0.000    0.000    0.000    
Total frac: 1.800

Device (0) cpu1:
Rows total: 18.680000000000003
Mem total: 317.4140625

Device (1) cpu2:
Rows total: 18.68
Mem total: 317.4140625

Device (2) cpu3:
Rows total: 18.68
Mem total: 317.4140625

Device (3) cpu4:
Rows total: 18.68
Mem total: 317.4140625

Device (4) cpu5:
Rows total: 18.68
Mem total: 317.4140625

Device (5) cpu6:
Rows total: 18.68
Mem total: 317.4140625

Device (6) cpu7:
Rows total: 18.68
Mem total: 317.4140625

Device (7) cpu8:
Rows total: 18.68
Mem total: 317.4140625

Device (8) tor_p41:
Rows total: 18.680000000000003
Mem total: 317.4140625

Device (9) tor_p42:
Rows total: 18.68
Mem total: 317.4140625

Device (10) tor_p43:
Rows total: 18.68
Mem total: 317.4140625

Device (11) tor_p44:
Rows total: 18.68
Mem total: 317.4140625

Device (12) l1_p41:
Rows total: 18.68
Mem total: 317.4140625

Device (13) l1_p42:
Rows total: 18.68
Mem total: 317.4140625

Device (14) l2_p4:
Rows total: 18.68
Mem total: 317.4140625
--------------------------------------------------
Infeasible placement
