Using license file /home/anupa/gurobi.lic
Academic license - for non-commercial use only

--------------------------------------------------
Model update took: 2.1219253540039062e-05 seconds
Model optimize took: 0.00639653205871582 seconds
--------------------------------------------------

Throughput: 83.32500083325063 Mpps, ns per packet: 12.00119999999991
Resources: 199.780225108974

Sketch (0) (cm: eps0: 6.25e-06, del0: 0.05, min_mem: 1698.9296875)
Par: 1, Rows: 3
0.060    0.060    0.060    0.060    0.060    0.060    0.060    0.060    0.060    0.060    0.060    0.060    0.060    0.060    0.060    0.060    0.060    0.060    0.060    0.060    0.879    
Total frac: 2.088

Device (0) p4_0:
Rows total: 0.18128144144645875
Mem total: 307.98442266618173
Throughput: 148.0

Device (1) p4_1:
Rows total: 0.18128144144645875
Mem total: 307.98442266618173
Throughput: 148.0

Device (2) p4_2:
Rows total: 0.18128144144645875
Mem total: 307.98442266618173
Throughput: 148.0

Device (3) p4_3:
Rows total: 0.18128144144645875
Mem total: 307.98442266618173
Throughput: 148.0

Device (4) p4_4:
Rows total: 0.18128144144645875
Mem total: 307.98442266618173
Throughput: 148.0

Device (5) p4_5:
Rows total: 0.18128144144645875
Mem total: 307.98442266618173
Throughput: 148.0

Device (6) p4_6:
Rows total: 0.18128144144645875
Mem total: 307.98442266618173
Throughput: 148.0

Device (7) p4_7:
Rows total: 0.18128144144645875
Mem total: 307.98442266618173
Throughput: 148.0

Device (8) p4_8:
Rows total: 0.18128144144645875
Mem total: 307.98442266618173
Throughput: 148.0

Device (9) p4_9:
Rows total: 0.18128144144645875
Mem total: 307.98442266618173
Throughput: 148.0

Device (10) p4_10:
Rows total: 0.18128144144645875
Mem total: 307.98442266618173
Throughput: 148.0

Device (11) p4_11:
Rows total: 0.18128144144645875
Mem total: 307.98442266618173
Throughput: 148.0

Device (12) p4_12:
Rows total: 0.18128144144645875
Mem total: 307.98442266618173
Throughput: 148.0

Device (13) p4_13:
Rows total: 0.18128144144645875
Mem total: 307.98442266618173
Throughput: 148.0

Device (14) p4_14:
Rows total: 0.18128144144645875
Mem total: 307.98442266618173
Throughput: 148.0

Device (15) p4_15:
Rows total: 0.18128144144645875
Mem total: 307.98442266618173
Throughput: 148.0

Device (16) p4_16:
Rows total: 0.18128144144645875
Mem total: 307.98442266618173
Throughput: 148.0

Device (17) p4_17:
Rows total: 0.18128144144645875
Mem total: 307.98442266618173
Throughput: 148.0

Device (18) p4_18:
Rows total: 0.18128144144645875
Mem total: 307.98442266618173
Throughput: 148.0

Device (19) p4_19:
Rows total: 0.18128144144645875
Mem total: 307.98442266618173
Throughput: 148.0

Device (20) cpu_1:
cores_sketch: 2.0, cores_dpdk: 5.0
Rows total: 2.6374371171070825
Mem total: 4480.820217167637
Throughput: 83.32500083325063
--------------------------------------------------
