Using license file /home/anupa/gurobi.lic
Academic license - for non-commercial use only

--------------------------------------------------
Model update took: 1.811981201171875e-05 seconds
Model optimize took: 0.052245378494262695 seconds
--------------------------------------------------

Throughput: 83.32500083324999 Mpps, ns per packet: 12.001200000000003
Resources: 144.87218577293805

Sketch (0) (cm: eps0: 0.03125, del0: 0.05, min_mem: 0.33984375)
Par: 1, Rows: 3
0.001    0.985    0.013    
Total frac: 1.000

Sketch (1) (cm: eps0: 1.25e-06, del0: 0.05, min_mem: 8494.6328125)
Par: 1, Rows: 3
0.503    0.000    0.497    
Total frac: 1.000

Sketch (2) (cm: eps0: 0.625, del0: 0.025, min_mem: 0.01953125)
Par: 1, Rows: 4
0.000    1.000    0.000    
Total frac: 1.000

Device (0) cpu_1:
cores_sketch: 2.0, cores_dpdk: 5.0
Rows total: 1.5129215990054066
Mem total: 12814.52391538365
Throughput: 83.65481750428717

Device (1) p4_1:
Rows total: 6.95522263236788
Mem total: 1.0824389414687718
Throughput: 148.0

Device (2) cpu_2:
cores_sketch: 2.0, cores_dpdk: 5.0
Rows total: 1.5318557686267134
Mem total: 12669.38973942488
Throughput: 83.32500083324999
--------------------------------------------------
