Using license file /home/anup/gurobi.lic
Academic license - for non-commercial use only

--------------------------------------------------
Model update took: 2.86102294921875e-05 seconds
Model optimize took: 0.008699893951416016 seconds
--------------------------------------------------

Throughput: 80.52854689796634 Mpps, ns per packet: 12.417956594535967
Resources: 84.12522613493422

Sketch (0) (cm: eps0: 6.25e-06, del0: 0.05, min_mem: 1698.9296875)
Par: 1, Rows: 1
1.000    -0.000    
Total frac: 1.000
Par: 2, Rows: 1
0.721    0.279    
Total frac: 1.000
Par: 3, Rows: 1
1.000    0.000    
Total frac: 1.000

Sketch (1) (cm: eps0: 0.000625, del0: 0.05, min_mem: 16.9921875)
Par: 1, Rows: 1
0.000    1.000    
Total frac: 1.000
Par: 2, Rows: 1
0.000    1.000    
Total frac: 1.000
Par: 3, Rows: 1
0.000    1.000    
Total frac: 1.000

Sketch (2) (cm: eps0: 0.000625, del0: 0.05, min_mem: 16.9921875)
Par: 1, Rows: 1
0.000    1.000    
Total frac: 1.000
Par: 2, Rows: 1
0.000    1.000    
Total frac: 1.000
Par: 3, Rows: 1
0.000    1.000    
Total frac: 1.000

Device (0) cpu_1:
cores_sketch: 2.0, cores_dpdk: 5.0
Rows total: 2.7212224017940154
Mem total: 4623.165524697906
Throughput: 80.52854689796634

Device (1) p4_1:
Rows total: 6.278777598205984
Mem total: 575.576662802094
Throughput: 148.0
--------------------------------------------------
