Using license file /home/anup/gurobi.lic
Academic license - for non-commercial use only

--------------------------------------------------
Model update took: 0.0037348270416259766 seconds
Model optimize took: 0.1154625415802002 seconds
--------------------------------------------------

Sketch (0) (cm: eps0: 0.00625, del0: 0.05, min_mem: 1.69921875)
Par: 1, Rows: 1
0.000    0.000    0.000    0.000    0.000    0.000    0.000    0.000    0.100    0.700    0.000    0.000    0.000    0.000    0.000    
Total frac: 0.800
Par: 2, Rows: 1
0.000    0.000    0.000    0.000    0.000    0.000    0.000    0.000    0.100    0.700    0.000    0.000    0.000    0.000    0.000    
Total frac: 0.800
Par: 3, Rows: 1
0.000    0.000    0.000    0.000    0.000    0.000    0.000    0.000    0.100    0.700    0.000    0.000    0.000    0.000    0.000    
Total frac: 0.800

Sketch (1) (cm: eps0: 0.00625, del0: 0.05, min_mem: 1.69921875)
Par: 1, Rows: 1
0.000    0.000    0.000    0.000    0.000    0.000    0.700    0.000    1.000    0.000    0.000    0.000    0.000    0.000    0.000    
Total frac: 1.700
Par: 2, Rows: 1
0.000    0.000    0.000    0.000    0.000    0.000    0.700    0.000    1.000    0.000    0.000    0.000    0.000    0.000    0.000    
Total frac: 1.700
Par: 3, Rows: 1
0.000    0.000    0.000    0.000    0.000    0.000    0.700    0.000    1.000    0.000    0.000    0.000    0.000    0.000    0.000    
Total frac: 1.700

Sketch (2) (cm: eps0: 0.00625, del0: 0.05, min_mem: 1.69921875)
Par: 1, Rows: 1
0.000    0.000    0.000    0.000    0.000    0.000    0.000    0.000    0.000    0.000    0.300    0.000    0.000    0.000    0.700    
Total frac: 1.000
Par: 2, Rows: 1
0.000    0.000    0.000    0.000    0.000    0.000    0.000    0.000    0.000    0.000    0.300    0.000    0.000    0.000    0.700    
Total frac: 1.000
Par: 3, Rows: 1
0.000    0.000    0.000    0.000    0.000    0.000    0.000    0.000    0.000    0.000    0.300    0.000    0.000    0.000    0.700    
Total frac: 1.000

Sketch (3) (cm: eps0: 0.00625, del0: 0.05, min_mem: 1.69921875)
Par: 1, Rows: 1
0.000    0.000    0.000    0.000    0.000    0.000    0.000    0.000    0.000    0.000    0.000    0.000    0.000    0.000    1.000    
Total frac: 1.000
Par: 2, Rows: 1
0.000    0.000    0.000    0.000    0.000    0.000    0.000    0.000    0.000    0.000    0.000    0.000    0.000    0.000    1.000    
Total frac: 1.000
Par: 3, Rows: 1
0.000    0.000    0.000    0.000    0.000    0.000    0.000    0.000    0.000    0.000    0.000    0.000    0.000    0.000    1.000    
Total frac: 1.000

Sketch (4) (cm: eps0: 0.00625, del0: 0.05, min_mem: 1.69921875)
Par: 1, Rows: 1
0.000    0.000    0.000    0.000    0.000    0.000    0.000    0.000    0.100    0.000    0.000    0.000    0.800    0.000    0.000    
Total frac: 0.900
Par: 2, Rows: 1
0.000    0.000    0.000    0.000    0.000    0.000    0.000    0.000    0.100    0.000    0.000    0.000    0.800    0.000    0.000    
Total frac: 0.900
Par: 3, Rows: 1
0.000    0.000    0.000    0.000    0.000    0.000    0.000    0.000    0.100    0.000    0.000    0.000    0.800    0.000    0.000    
Total frac: 0.900

Sketch (5) (cm: eps0: 0.00625, del0: 0.05, min_mem: 1.69921875)
Par: 1, Rows: 1
0.000    0.000    0.000    0.000    0.000    0.000    0.000    0.000    0.000    0.000    0.000    0.000    0.700    0.000    0.000    
Total frac: 0.700
Par: 2, Rows: 1
0.000    0.000    0.000    0.000    0.000    0.000    0.000    0.000    0.000    0.000    0.000    0.000    0.700    0.000    0.000    
Total frac: 0.700
Par: 3, Rows: 1
0.000    0.000    0.000    0.000    0.000    0.000    0.000    0.000    0.000    0.000    0.000    0.000    0.700    0.000    0.000    
Total frac: 0.700

Sketch (6) (cm: eps0: 0.00625, del0: 0.05, min_mem: 1.69921875)
Par: 1, Rows: 1
0.000    0.000    0.000    0.000    0.000    0.000    0.000    0.000    0.000    0.000    0.000    0.000    0.000    0.000    0.900    
Total frac: 0.900
Par: 2, Rows: 1
0.000    0.000    0.000    0.000    0.000    0.000    0.000    0.000    0.000    0.000    0.000    0.000    0.000    0.000    0.900    
Total frac: 0.900
Par: 3, Rows: 1
0.000    0.000    0.000    0.000    0.000    0.000    0.000    0.000    0.000    0.000    0.000    0.000    0.000    0.000    0.900    
Total frac: 0.900

Sketch (7) (cm: eps0: 0.00625, del0: 0.05, min_mem: 1.69921875)
Par: 1, Rows: 1
0.000    0.100    0.800    0.000    0.000    0.100    0.000    0.000    0.000    0.000    0.000    0.000    0.000    0.800    0.000    
Total frac: 1.800
Par: 2, Rows: 1
0.000    0.100    0.800    0.000    0.000    0.100    0.000    0.000    0.000    0.000    0.000    0.000    0.000    0.800    0.000    
Total frac: 1.800
Par: 3, Rows: 1
0.000    0.100    0.800    0.000    0.000    0.100    0.000    0.000    0.000    0.000    0.000    0.000    0.000    0.800    0.000    
Total frac: 1.800

Sketch (8) (cm: eps0: 0.00625, del0: 0.05, min_mem: 1.69921875)
Par: 1, Rows: 1
0.000    0.000    0.000    0.000    0.000    0.000    0.100    0.000    0.000    0.000    0.000    0.000    0.000    0.000    0.700    
Total frac: 0.800
Par: 2, Rows: 1
0.000    0.000    0.000    0.000    0.000    0.000    0.100    0.000    0.000    0.000    0.000    0.000    0.000    0.000    0.700    
Total frac: 0.800
Par: 3, Rows: 1
0.000    0.000    0.000    0.000    0.000    0.000    0.100    0.000    0.000    0.000    0.000    0.000    0.000    0.000    0.700    
Total frac: 0.800

Sketch (9) (cm: eps0: 0.00625, del0: 0.05, min_mem: 1.69921875)
Par: 1, Rows: 1
0.300    0.000    0.000    0.800    0.000    0.000    0.000    0.000    0.000    0.000    0.000    0.000    0.000    0.700    0.000    
Total frac: 1.800
Par: 2, Rows: 1
0.300    0.000    0.000    0.800    0.000    0.000    0.000    0.000    0.000    0.000    0.000    0.000    0.000    0.700    0.000    
Total frac: 1.800
Par: 3, Rows: 1
0.300    0.000    0.000    0.800    0.000    0.000    0.000    0.000    0.000    0.000    0.000    0.000    0.000    0.700    0.000    
Total frac: 1.800

Sketch (10) (cm: eps0: 0.00625, del0: 0.05, min_mem: 1.69921875)
Par: 1, Rows: 1
0.200    0.000    0.000    0.000    0.000    0.700    0.000    0.000    0.000    0.700    0.000    0.200    0.100    0.000    0.000    
Total frac: 1.900
Par: 2, Rows: 1
0.200    0.000    0.000    0.000    0.000    0.700    0.000    0.000    0.000    0.700    0.000    0.200    0.100    0.000    0.000    
Total frac: 1.900
Par: 3, Rows: 1
0.200    0.000    0.000    0.000    0.000    0.700    0.000    0.000    0.000    0.700    0.000    0.200    0.100    0.000    0.000    
Total frac: 1.900

Sketch (11) (cm: eps0: 0.00625, del0: 0.05, min_mem: 1.69921875)
Par: 1, Rows: 1
0.000    0.000    0.000    0.000    0.200    0.000    0.000    0.000    0.100    0.000    0.000    0.000    0.700    0.000    0.000    
Total frac: 1.000
Par: 2, Rows: 1
0.000    0.000    0.000    0.000    0.200    0.000    0.000    0.000    0.100    0.000    0.000    0.000    0.700    0.000    0.000    
Total frac: 1.000
Par: 3, Rows: 1
0.000    0.000    0.000    0.000    0.200    0.000    0.000    0.000    0.100    0.000    0.000    0.000    0.700    0.000    0.000    
Total frac: 1.000

Sketch (12) (cm: eps0: 0.00625, del0: 0.05, min_mem: 1.69921875)
Par: 1, Rows: 1
0.000    0.100    1.000    0.000    0.597    0.303    0.000    0.200    0.600    0.000    0.000    0.000    0.000    0.000    0.000    
Total frac: 2.800
Par: 2, Rows: 1
0.000    0.100    1.000    0.000    0.597    0.303    0.000    0.200    0.600    0.000    0.000    0.000    0.000    0.000    0.000    
Total frac: 2.800
Par: 3, Rows: 1
0.000    0.100    1.000    0.000    0.597    0.303    0.000    0.200    0.600    0.000    0.000    0.000    0.000    0.000    0.000    
Total frac: 2.800

Sketch (13) (cm: eps0: 0.00625, del0: 0.05, min_mem: 1.69921875)
Par: 1, Rows: 1
0.000    0.200    0.000    0.000    0.000    0.000    0.437    0.200    0.000    0.000    0.800    0.363    0.000    0.000    0.000    
Total frac: 2.000
Par: 2, Rows: 1
0.000    0.200    0.000    0.000    0.000    0.000    0.437    0.200    0.000    0.000    0.800    0.363    0.000    0.000    0.000    
Total frac: 2.000
Par: 3, Rows: 1
0.000    0.200    0.000    0.000    0.000    0.000    0.437    0.200    0.000    0.000    0.800    0.363    0.000    0.000    0.000    
Total frac: 2.000

Sketch (14) (cm: eps0: 0.00625, del0: 0.05, min_mem: 1.69921875)
Par: 1, Rows: 1
0.000    0.000    0.100    0.000    0.000    0.000    0.000    0.000    0.200    0.000    0.000    0.000    0.600    0.000    0.000    
Total frac: 0.900
Par: 2, Rows: 1
0.000    0.000    0.100    0.000    0.000    0.000    0.000    0.000    0.200    0.000    0.000    0.000    0.600    0.000    0.000    
Total frac: 0.900
Par: 3, Rows: 1
0.000    0.000    0.100    0.000    0.000    0.000    0.000    0.000    0.200    0.000    0.000    0.000    0.600    0.000    0.000    
Total frac: 0.900

Sketch (15) (cm: eps0: 0.00625, del0: 0.05, min_mem: 1.69921875)
Par: 1, Rows: 1
0.700    0.000    0.000    0.000    0.000    0.300    0.300    0.300    0.000    0.700    0.000    0.400    0.000    0.000    0.000    
Total frac: 2.700
Par: 2, Rows: 1
0.700    0.000    0.000    0.000    0.000    0.300    0.300    0.300    0.000    0.700    0.000    0.400    0.000    0.000    0.000    
Total frac: 2.700
Par: 3, Rows: 1
0.700    0.000    0.000    0.000    0.000    0.300    0.300    0.300    0.000    0.700    0.000    0.400    0.000    0.000    0.000    
Total frac: 2.700

Sketch (16) (cm: eps0: 0.00625, del0: 0.05, min_mem: 1.69921875)
Par: 1, Rows: 1
0.000    0.000    0.000    0.000    0.000    0.000    0.000    1.000    0.000    0.000    0.000    0.000    0.000    0.000    0.000    
Total frac: 1.000
Par: 2, Rows: 1
0.000    0.000    0.000    0.000    0.000    0.000    0.000    1.000    0.000    0.000    0.000    0.000    0.000    0.000    0.000    
Total frac: 1.000
Par: 3, Rows: 1
0.000    0.000    0.000    0.000    0.000    0.000    0.000    1.000    0.000    0.000    0.000    0.000    0.000    0.000    0.000    
Total frac: 1.000

Sketch (17) (cm: eps0: 0.00625, del0: 0.05, min_mem: 1.69921875)
Par: 1, Rows: 1
0.800    0.000    0.000    0.000    0.000    0.100    0.000    0.000    0.100    0.000    0.700    0.000    0.000    0.000    0.000    
Total frac: 1.700
Par: 2, Rows: 1
0.800    0.000    0.000    0.000    0.000    0.100    0.000    0.000    0.100    0.000    0.700    0.000    0.000    0.000    0.000    
Total frac: 1.700
Par: 3, Rows: 1
0.800    0.000    0.000    0.000    0.000    0.100    0.000    0.000    0.100    0.000    0.700    0.000    0.000    0.000    0.000    
Total frac: 1.700

Sketch (18) (cm: eps0: 0.00625, del0: 0.05, min_mem: 1.69921875)
Par: 1, Rows: 1
0.000    0.900    0.000    0.000    0.000    0.000    0.000    0.000    0.000    0.000    0.900    0.000    0.000    0.000    0.000    
Total frac: 1.800
Par: 2, Rows: 1
0.000    0.900    0.000    0.000    0.000    0.000    0.000    0.000    0.000    0.000    0.900    0.000    0.000    0.000    0.000    
Total frac: 1.800
Par: 3, Rows: 1
0.000    0.900    0.000    0.000    0.000    0.000    0.000    0.000    0.000    0.000    0.900    0.000    0.000    0.000    0.000    
Total frac: 1.800

Sketch (19) (cm: eps0: 0.00625, del0: 0.05, min_mem: 1.69921875)
Par: 1, Rows: 1
0.280    0.000    0.000    0.120    0.000    0.100    0.000    0.000    0.420    0.300    0.000    0.000    0.000    0.000    0.480    
Total frac: 1.700
Par: 2, Rows: 1
0.280    0.000    0.000    0.120    0.000    0.100    0.000    0.000    0.420    0.300    0.000    0.000    0.000    0.000    0.480    
Total frac: 1.700
Par: 3, Rows: 1
0.280    0.000    0.000    0.120    0.000    0.100    0.000    0.000    0.420    0.300    0.000    0.000    0.000    0.000    0.480    
Total frac: 1.700

Sketch (20) (cm: eps0: 0.00625, del0: 0.05, min_mem: 1.69921875)
Par: 1, Rows: 1
0.000    0.000    0.700    0.000    0.300    0.000    0.000    0.000    0.000    0.200    0.000    0.700    0.000    0.000    0.000    
Total frac: 1.900
Par: 2, Rows: 1
0.000    0.000    0.700    0.000    0.300    0.000    0.000    0.000    0.000    0.200    0.000    0.700    0.000    0.000    0.000    
Total frac: 1.900
Par: 3, Rows: 1
0.000    0.000    0.700    0.000    0.300    0.000    0.000    0.000    0.000    0.200    0.000    0.700    0.000    0.000    0.000    
Total frac: 1.900

Sketch (21) (cm: eps0: 0.00625, del0: 0.05, min_mem: 1.69921875)
Par: 1, Rows: 1
0.000    0.900    0.000    0.000    0.000    0.000    0.000    0.000    0.000    0.000    0.000    0.900    0.000    0.000    0.000    
Total frac: 1.800
Par: 2, Rows: 1
0.000    0.900    0.000    0.000    0.000    0.000    0.000    0.000    0.000    0.000    0.000    0.900    0.000    0.000    0.000    
Total frac: 1.800
Par: 3, Rows: 1
0.000    0.900    0.000    0.000    0.000    0.000    0.000    0.000    0.000    0.000    0.000    0.900    0.000    0.000    0.000    
Total frac: 1.800

Sketch (22) (cm: eps0: 0.00625, del0: 0.05, min_mem: 1.69921875)
Par: 1, Rows: 1
0.000    0.000    0.000    0.000    0.000    0.100    0.000    0.000    0.000    0.000    0.000    0.100    0.000    0.800    0.000    
Total frac: 1.000
Par: 2, Rows: 1
0.000    0.000    0.000    0.000    0.000    0.100    0.000    0.000    0.000    0.000    0.000    0.100    0.000    0.800    0.000    
Total frac: 1.000
Par: 3, Rows: 1
0.000    0.000    0.000    0.000    0.000    0.100    0.000    0.000    0.000    0.000    0.000    0.100    0.000    0.800    0.000    
Total frac: 1.000

Sketch (23) (cm: eps0: 0.00625, del0: 0.05, min_mem: 1.69921875)
Par: 1, Rows: 1
0.000    0.000    0.000    0.000    0.000    0.000    0.000    0.000    0.000    0.000    0.000    0.000    0.000    0.000    1.000    
Total frac: 1.000
Par: 2, Rows: 1
0.000    0.000    0.000    0.000    0.000    0.000    0.000    0.000    0.000    0.000    0.000    0.000    0.000    0.000    1.000    
Total frac: 1.000
Par: 3, Rows: 1
0.000    0.000    0.000    0.000    0.000    0.000    0.000    0.000    0.000    0.000    0.000    0.000    0.000    0.000    1.000    
Total frac: 1.000

Sketch (24) (cm: eps0: 0.00625, del0: 0.05, min_mem: 1.69921875)
Par: 1, Rows: 1
0.300    0.000    0.000    0.000    0.700    0.000    0.000    0.000    0.600    0.100    0.100    0.000    0.000    0.000    0.000    
Total frac: 1.800
Par: 2, Rows: 1
0.300    0.000    0.000    0.000    0.700    0.000    0.000    0.000    0.600    0.100    0.100    0.000    0.000    0.000    0.000    
Total frac: 1.800
Par: 3, Rows: 1
0.300    0.000    0.000    0.000    0.700    0.000    0.000    0.000    0.600    0.100    0.100    0.000    0.000    0.000    0.000    
Total frac: 1.800

Sketch (25) (cm: eps0: 0.00625, del0: 0.05, min_mem: 1.69921875)
Par: 1, Rows: 1
0.000    0.000    0.000    0.000    0.000    0.000    0.000    0.000    0.000    0.000    0.200    0.000    0.000    0.600    0.200    
Total frac: 1.000
Par: 2, Rows: 1
0.000    0.000    0.000    0.000    0.000    0.000    0.000    0.000    0.000    0.000    0.200    0.000    0.000    0.600    0.200    
Total frac: 1.000
Par: 3, Rows: 1
0.000    0.000    0.000    0.000    0.000    0.000    0.000    0.000    0.000    0.000    0.200    0.000    0.000    0.600    0.200    
Total frac: 1.000

Sketch (26) (cm: eps0: 0.00625, del0: 0.05, min_mem: 1.69921875)
Par: 1, Rows: 1
0.000    1.000    0.000    0.000    0.000    0.000    0.000    0.000    0.000    0.000    0.000    1.000    0.000    0.000    0.000    
Total frac: 2.000
Par: 2, Rows: 1
0.000    1.000    0.000    0.000    0.000    0.000    0.000    0.000    0.000    0.000    0.000    1.000    0.000    0.000    0.000    
Total frac: 2.000
Par: 3, Rows: 1
0.000    1.000    0.000    0.000    0.000    0.000    0.000    0.000    0.000    0.000    0.000    1.000    0.000    0.000    0.000    
Total frac: 2.000

Sketch (27) (cm: eps0: 0.00625, del0: 0.05, min_mem: 1.69921875)
Par: 1, Rows: 1
0.000    0.700    0.000    0.600    0.000    0.000    0.000    0.000    0.000    0.300    0.000    0.000    0.000    0.000    0.000    
Total frac: 1.600
Par: 2, Rows: 1
0.000    0.700    0.000    0.600    0.000    0.000    0.000    0.000    0.000    0.300    0.000    0.000    0.000    0.000    0.000    
Total frac: 1.600
Par: 3, Rows: 1
0.000    0.700    0.000    0.600    0.000    0.000    0.000    0.000    0.000    0.300    0.000    0.000    0.000    0.000    0.000    
Total frac: 1.600

Sketch (28) (cm: eps0: 0.00625, del0: 0.05, min_mem: 1.69921875)
Par: 1, Rows: 1
0.000    0.500    0.000    0.400    0.000    0.000    0.000    0.000    0.000    0.300    0.000    0.000    0.000    0.000    0.300    
Total frac: 1.500
Par: 2, Rows: 1
0.000    0.500    0.000    0.400    0.000    0.000    0.000    0.000    0.000    0.300    0.000    0.000    0.000    0.000    0.300    
Total frac: 1.500
Par: 3, Rows: 1
0.000    0.500    0.000    0.400    0.000    0.000    0.000    0.000    0.000    0.300    0.000    0.000    0.000    0.000    0.300    
Total frac: 1.500

Sketch (29) (cm: eps0: 0.00625, del0: 0.05, min_mem: 1.69921875)
Par: 1, Rows: 1
0.000    0.000    0.000    0.000    0.253    0.000    0.000    0.000    0.000    0.000    0.000    0.000    0.000    0.000    0.547    
Total frac: 0.800
Par: 2, Rows: 1
0.000    0.000    0.000    0.000    0.253    0.000    0.000    0.000    0.000    0.000    0.000    0.000    0.000    0.000    0.547    
Total frac: 0.800
Par: 3, Rows: 1
0.000    0.000    0.000    0.000    0.253    0.000    0.000    0.000    0.000    0.000    0.000    0.000    0.000    0.000    0.547    
Total frac: 0.800

Sketch (30) (cm: eps0: 0.00625, del0: 0.05, min_mem: 1.69921875)
Par: 1, Rows: 1
0.000    0.200    0.000    0.000    0.000    0.000    0.000    0.300    0.450    0.350    0.550    0.150    0.000    0.000    0.000    
Total frac: 2.000
Par: 2, Rows: 1
0.000    0.200    0.000    0.000    0.000    0.000    0.000    0.300    0.450    0.350    0.550    0.150    0.000    0.000    0.000    
Total frac: 2.000
Par: 3, Rows: 1
0.000    0.200    0.000    0.000    0.000    0.000    0.000    0.300    0.450    0.350    0.550    0.150    0.000    0.000    0.000    
Total frac: 2.000

Sketch (31) (cm: eps0: 0.00625, del0: 0.05, min_mem: 1.69921875)
Par: 1, Rows: 1
0.000    0.210    0.000    0.690    0.000    0.900    0.000    0.000    0.000    0.000    0.000    0.000    0.000    0.000    0.000    
Total frac: 1.800
Par: 2, Rows: 1
0.000    0.210    0.000    0.690    0.000    0.900    0.000    0.000    0.000    0.000    0.000    0.000    0.000    0.000    0.000    
Total frac: 1.800
Par: 3, Rows: 1
0.000    0.210    0.000    0.690    0.000    0.900    0.000    0.000    0.000    0.000    0.000    0.000    0.000    0.000    0.000    
Total frac: 1.800

Sketch (32) (cm: eps0: 0.00625, del0: 0.05, min_mem: 1.69921875)
Par: 1, Rows: 1
1.000    0.000    0.000    0.000    0.000    0.000    0.800    0.000    0.000    0.000    0.000    0.000    0.000    0.000    0.000    
Total frac: 1.800
Par: 2, Rows: 1
1.000    0.000    0.000    0.000    0.000    0.000    0.800    0.000    0.000    0.000    0.000    0.000    0.000    0.000    0.000    
Total frac: 1.800
Par: 3, Rows: 1
1.000    0.000    0.000    0.000    0.000    0.000    0.800    0.000    0.000    0.000    0.000    0.000    0.000    0.000    0.000    
Total frac: 1.800

Sketch (33) (cm: eps0: 0.00625, del0: 0.05, min_mem: 1.69921875)
Par: 1, Rows: 1
0.100    0.000    0.000    0.000    0.000    0.100    0.000    0.000    0.000    0.000    0.800    0.000    0.000    0.000    0.000    
Total frac: 1.000
Par: 2, Rows: 1
0.100    0.000    0.000    0.000    0.000    0.100    0.000    0.000    0.000    0.000    0.800    0.000    0.000    0.000    0.000    
Total frac: 1.000
Par: 3, Rows: 1
0.100    0.000    0.000    0.000    0.000    0.100    0.000    0.000    0.000    0.000    0.800    0.000    0.000    0.000    0.000    
Total frac: 1.000

Sketch (34) (cm: eps0: 0.00625, del0: 0.05, min_mem: 1.69921875)
Par: 1, Rows: 1
0.000    0.900    0.800    0.000    0.000    0.200    0.700    0.000    0.000    0.000    0.000    0.000    0.000    0.000    0.000    
Total frac: 2.600
Par: 2, Rows: 1
0.000    0.900    0.800    0.000    0.000    0.200    0.700    0.000    0.000    0.000    0.000    0.000    0.000    0.000    0.000    
Total frac: 2.600
Par: 3, Rows: 1
0.000    0.900    0.800    0.000    0.000    0.200    0.700    0.000    0.000    0.000    0.000    0.000    0.000    0.000    0.000    
Total frac: 2.600

Sketch (35) (cm: eps0: 0.00625, del0: 0.05, min_mem: 1.69921875)
Par: 1, Rows: 1
0.000    0.000    0.000    0.000    0.000    0.000    0.000    1.000    0.800    0.000    0.000    0.000    0.000    0.000    0.000    
Total frac: 1.800
Par: 2, Rows: 1
0.000    0.000    0.000    0.000    0.000    0.000    0.000    1.000    0.800    0.000    0.000    0.000    0.000    0.000    0.000    
Total frac: 1.800
Par: 3, Rows: 1
0.000    0.000    0.000    0.000    0.000    0.000    0.000    1.000    0.800    0.000    0.000    0.000    0.000    0.000    0.000    
Total frac: 1.800

Sketch (36) (cm: eps0: 0.00625, del0: 0.05, min_mem: 1.69921875)
Par: 1, Rows: 1
0.900    0.000    0.000    0.000    0.000    0.900    0.200    0.800    0.000    0.000    0.000    0.000    0.000    0.000    0.000    
Total frac: 2.800
Par: 2, Rows: 1
0.900    0.000    0.000    0.000    0.000    0.900    0.200    0.800    0.000    0.000    0.000    0.000    0.000    0.000    0.000    
Total frac: 2.800
Par: 3, Rows: 1
0.900    0.000    0.000    0.000    0.000    0.900    0.200    0.800    0.000    0.000    0.000    0.000    0.000    0.000    0.000    
Total frac: 2.800

Sketch (37) (cm: eps0: 0.00625, del0: 0.05, min_mem: 1.69921875)
Par: 1, Rows: 1
0.300    0.000    0.000    0.000    0.000    0.000    0.000    0.000    0.000    0.000    0.000    0.000    0.600    0.000    0.100    
Total frac: 1.000
Par: 2, Rows: 1
0.300    0.000    0.000    0.000    0.000    0.000    0.000    0.000    0.000    0.000    0.000    0.000    0.600    0.000    0.100    
Total frac: 1.000
Par: 3, Rows: 1
0.300    0.000    0.000    0.000    0.000    0.000    0.000    0.000    0.000    0.000    0.000    0.000    0.600    0.000    0.100    
Total frac: 1.000

Sketch (38) (cm: eps0: 0.00625, del0: 0.05, min_mem: 1.69921875)
Par: 1, Rows: 1
0.200    0.000    0.000    0.800    0.000    0.000    0.800    0.000    0.000    0.000    0.000    0.000    0.000    0.000    0.000    
Total frac: 1.800
Par: 2, Rows: 1
0.200    0.000    0.000    0.800    0.000    0.000    0.800    0.000    0.000    0.000    0.000    0.000    0.000    0.000    0.000    
Total frac: 1.800
Par: 3, Rows: 1
0.200    0.000    0.000    0.800    0.000    0.000    0.800    0.000    0.000    0.000    0.000    0.000    0.000    0.000    0.000    
Total frac: 1.800

Sketch (39) (cm: eps0: 0.00625, del0: 0.05, min_mem: 1.69921875)
Par: 1, Rows: 1
0.000    0.800    0.200    0.000    0.000    0.700    0.000    0.000    0.000    0.000    0.000    0.000    0.000    0.000    0.000    
Total frac: 1.700
Par: 2, Rows: 1
0.000    0.800    0.200    0.000    0.000    0.700    0.000    0.000    0.000    0.000    0.000    0.000    0.000    0.000    0.000    
Total frac: 1.700
Par: 3, Rows: 1
0.000    0.800    0.200    0.000    0.000    0.700    0.000    0.000    0.000    0.000    0.000    0.000    0.000    0.000    0.000    
Total frac: 1.700

Sketch (40) (cm: eps0: 0.00625, del0: 0.05, min_mem: 1.69921875)
Par: 1, Rows: 1
0.000    0.000    0.000    0.800    0.000    0.000    0.000    0.000    0.000    0.000    0.000    0.000    0.000    0.000    0.000    
Total frac: 0.800
Par: 2, Rows: 1
0.000    0.000    0.000    0.800    0.000    0.000    0.000    0.000    0.000    0.000    0.000    0.000    0.000    0.000    0.000    
Total frac: 0.800
Par: 3, Rows: 1
0.000    0.000    0.000    0.800    0.000    0.000    0.000    0.000    0.000    0.000    0.000    0.000    0.000    0.000    0.000    
Total frac: 0.800

Sketch (41) (cm: eps0: 0.00625, del0: 0.05, min_mem: 1.69921875)
Par: 1, Rows: 1
0.000    0.000    0.000    0.000    0.000    0.000    0.000    0.000    0.100    0.000    0.200    0.000    0.700    0.000    0.000    
Total frac: 1.000
Par: 2, Rows: 1
0.000    0.000    0.000    0.000    0.000    0.000    0.000    0.000    0.100    0.000    0.200    0.000    0.700    0.000    0.000    
Total frac: 1.000
Par: 3, Rows: 1
0.000    0.000    0.000    0.000    0.000    0.000    0.000    0.000    0.100    0.000    0.200    0.000    0.700    0.000    0.000    
Total frac: 1.000

Sketch (42) (cm: eps0: 0.00625, del0: 0.05, min_mem: 1.69921875)
Par: 1, Rows: 1
0.000    0.100    0.000    0.000    0.000    0.000    0.000    0.000    0.000    0.000    0.000    0.000    0.900    0.000    0.000    
Total frac: 1.000
Par: 2, Rows: 1
0.000    0.100    0.000    0.000    0.000    0.000    0.000    0.000    0.000    0.000    0.000    0.000    0.900    0.000    0.000    
Total frac: 1.000
Par: 3, Rows: 1
0.000    0.100    0.000    0.000    0.000    0.000    0.000    0.000    0.000    0.000    0.000    0.000    0.900    0.000    0.000    
Total frac: 1.000

Sketch (43) (cm: eps0: 0.00625, del0: 0.05, min_mem: 1.69921875)
Par: 1, Rows: 1
0.000    0.000    0.800    0.000    0.700    0.000    0.000    0.000    0.000    0.000    0.000    0.000    0.000    0.000    0.000    
Total frac: 1.500
Par: 2, Rows: 1
0.000    0.000    0.800    0.000    0.700    0.000    0.000    0.000    0.000    0.000    0.000    0.000    0.000    0.000    0.000    
Total frac: 1.500
Par: 3, Rows: 1
0.000    0.000    0.800    0.000    0.700    0.000    0.000    0.000    0.000    0.000    0.000    0.000    0.000    0.000    0.000    
Total frac: 1.500

Sketch (44) (cm: eps0: 0.00625, del0: 0.05, min_mem: 1.69921875)
Par: 1, Rows: 1
0.000    0.000    0.000    0.100    0.700    0.000    0.000    0.000    0.900    0.000    0.000    0.000    0.000    0.000    0.000    
Total frac: 1.700
Par: 2, Rows: 1
0.000    0.000    0.000    0.100    0.700    0.000    0.000    0.000    0.900    0.000    0.000    0.000    0.000    0.000    0.000    
Total frac: 1.700
Par: 3, Rows: 1
0.000    0.000    0.000    0.100    0.700    0.000    0.000    0.000    0.900    0.000    0.000    0.000    0.000    0.000    0.000    
Total frac: 1.700

Sketch (45) (cm: eps0: 0.00625, del0: 0.05, min_mem: 1.69921875)
Par: 1, Rows: 1
0.000    0.000    0.000    0.000    0.000    0.000    0.200    0.000    0.800    0.000    0.000    0.000    0.000    0.000    0.000    
Total frac: 1.000
Par: 2, Rows: 1
0.000    0.000    0.000    0.000    0.000    0.000    0.200    0.000    0.800    0.000    0.000    0.000    0.000    0.000    0.000    
Total frac: 1.000
Par: 3, Rows: 1
0.000    0.000    0.000    0.000    0.000    0.000    0.200    0.000    0.800    0.000    0.000    0.000    0.000    0.000    0.000    
Total frac: 1.000

Sketch (46) (cm: eps0: 0.00625, del0: 0.05, min_mem: 1.69921875)
Par: 1, Rows: 1
0.100    0.000    0.000    0.000    0.000    0.000    0.000    0.900    0.000    0.000    0.000    0.000    0.800    0.100    0.000    
Total frac: 1.900
Par: 2, Rows: 1
0.100    0.000    0.000    0.000    0.000    0.000    0.000    0.900    0.000    0.000    0.000    0.000    0.800    0.100    0.000    
Total frac: 1.900
Par: 3, Rows: 1
0.100    0.000    0.000    0.000    0.000    0.000    0.000    0.900    0.000    0.000    0.000    0.000    0.800    0.100    0.000    
Total frac: 1.900

Sketch (47) (cm: eps0: 0.00625, del0: 0.05, min_mem: 1.69921875)
Par: 1, Rows: 1
0.100    0.000    0.000    0.000    0.000    0.000    0.000    0.900    0.000    0.000    0.000    0.000    0.000    0.000    0.000    
Total frac: 1.000
Par: 2, Rows: 1
0.100    0.000    0.000    0.000    0.000    0.000    0.000    0.900    0.000    0.000    0.000    0.000    0.000    0.000    0.000    
Total frac: 1.000
Par: 3, Rows: 1
0.100    0.000    0.000    0.000    0.000    0.000    0.000    0.900    0.000    0.000    0.000    0.000    0.000    0.000    0.000    
Total frac: 1.000

Sketch (48) (cm: eps0: 0.00625, del0: 0.05, min_mem: 1.69921875)
Par: 1, Rows: 1
0.000    0.000    0.000    0.000    0.000    0.000    0.900    0.000    0.000    0.000    0.000    0.000    0.000    0.000    0.000    
Total frac: 0.900
Par: 2, Rows: 1
0.000    0.000    0.000    0.000    0.000    0.000    0.900    0.000    0.000    0.000    0.000    0.000    0.000    0.000    0.000    
Total frac: 0.900
Par: 3, Rows: 1
0.000    0.000    0.000    0.000    0.000    0.000    0.900    0.000    0.000    0.000    0.000    0.000    0.000    0.000    0.000    
Total frac: 0.900

Sketch (49) (cm: eps0: 0.00625, del0: 0.05, min_mem: 1.69921875)
Par: 1, Rows: 1
0.000    0.000    0.000    0.000    0.457    0.000    0.000    0.000    0.343    0.457    0.087    0.000    0.000    0.457    0.000    
Total frac: 1.800
Par: 2, Rows: 1
0.000    0.000    0.000    0.000    0.457    0.000    0.000    0.000    0.343    0.457    0.087    0.000    0.000    0.457    0.000    
Total frac: 1.800
Par: 3, Rows: 1
0.000    0.000    0.000    0.000    0.457    0.000    0.000    0.000    0.343    0.457    0.087    0.000    0.000    0.457    0.000    
Total frac: 1.800

Sketch (50) (cm: eps0: 0.00625, del0: 0.05, min_mem: 1.69921875)
Par: 1, Rows: 1
0.000    0.000    0.000    0.000    0.000    0.000    0.000    0.000    0.000    0.000    0.000    0.000    0.000    0.000    0.800    
Total frac: 0.800
Par: 2, Rows: 1
0.000    0.000    0.000    0.000    0.000    0.000    0.000    0.000    0.000    0.000    0.000    0.000    0.000    0.000    0.800    
Total frac: 0.800
Par: 3, Rows: 1
0.000    0.000    0.000    0.000    0.000    0.000    0.000    0.000    0.000    0.000    0.000    0.000    0.000    0.000    0.800    
Total frac: 0.800

Sketch (51) (cm: eps0: 0.00625, del0: 0.05, min_mem: 1.69921875)
Par: 1, Rows: 1
0.000    0.000    0.000    0.100    0.000    0.000    0.000    0.000    0.000    0.900    0.900    0.100    0.000    0.000    0.000    
Total frac: 2.000
Par: 2, Rows: 1
0.000    0.000    0.000    0.100    0.000    0.000    0.000    0.000    0.000    0.900    0.900    0.100    0.000    0.000    0.000    
Total frac: 2.000
Par: 3, Rows: 1
0.000    0.000    0.000    0.100    0.000    0.000    0.000    0.000    0.000    0.900    0.900    0.100    0.000    0.000    0.000    
Total frac: 2.000

Sketch (52) (cm: eps0: 0.00625, del0: 0.05, min_mem: 1.69921875)
Par: 1, Rows: 1
0.000    0.000    0.000    0.000    0.000    0.000    0.000    0.000    0.000    0.000    0.000    0.000    0.000    0.800    0.200    
Total frac: 1.000
Par: 2, Rows: 1
0.000    0.000    0.000    0.000    0.000    0.000    0.000    0.000    0.000    0.000    0.000    0.000    0.000    0.800    0.200    
Total frac: 1.000
Par: 3, Rows: 1
0.000    0.000    0.000    0.000    0.000    0.000    0.000    0.000    0.000    0.000    0.000    0.000    0.000    0.800    0.200    
Total frac: 1.000

Sketch (53) (cm: eps0: 0.00625, del0: 0.05, min_mem: 1.69921875)
Par: 1, Rows: 1
0.000    0.000    0.400    0.300    0.000    0.300    0.000    0.000    0.000    0.000    0.000    0.000    0.000    0.600    0.000    
Total frac: 1.600
Par: 2, Rows: 1
0.000    0.000    0.400    0.300    0.000    0.300    0.000    0.000    0.000    0.000    0.000    0.000    0.000    0.600    0.000    
Total frac: 1.600
Par: 3, Rows: 1
0.000    0.000    0.400    0.300    0.000    0.300    0.000    0.000    0.000    0.000    0.000    0.000    0.000    0.600    0.000    
Total frac: 1.600

Sketch (54) (cm: eps0: 0.00625, del0: 0.05, min_mem: 1.69921875)
Par: 1, Rows: 1
1.000    0.000    0.000    0.000    0.000    0.000    0.000    0.000    0.000    0.000    0.000    0.000    0.000    1.000    0.000    
Total frac: 2.000
Par: 2, Rows: 1
1.000    0.000    0.000    0.000    0.000    0.000    0.000    0.000    0.000    0.000    0.000    0.000    0.000    1.000    0.000    
Total frac: 2.000
Par: 3, Rows: 1
1.000    0.000    0.000    0.000    0.000    0.000    0.000    0.000    0.000    0.000    0.000    0.000    0.000    1.000    0.000    
Total frac: 2.000

Sketch (55) (cm: eps0: 0.00625, del0: 0.05, min_mem: 1.69921875)
Par: 1, Rows: 1
0.000    0.000    0.100    0.000    0.000    0.000    0.070    0.930    0.000    0.000    0.370    0.000    0.000    0.350    0.180    
Total frac: 2.000
Par: 2, Rows: 1
0.000    0.000    0.100    0.000    0.000    0.000    0.070    0.930    0.000    0.000    0.370    0.000    0.000    0.350    0.180    
Total frac: 2.000
Par: 3, Rows: 1
0.000    0.000    0.100    0.000    0.000    0.000    0.070    0.930    0.000    0.000    0.370    0.000    0.000    0.350    0.180    
Total frac: 2.000

Sketch (56) (cm: eps0: 0.00625, del0: 0.05, min_mem: 1.69921875)
Par: 1, Rows: 1
0.200    0.000    0.000    0.000    0.000    0.000    0.000    0.000    0.000    0.000    0.000    0.000    0.800    0.000    0.000    
Total frac: 1.000
Par: 2, Rows: 1
0.200    0.000    0.000    0.000    0.000    0.000    0.000    0.000    0.000    0.000    0.000    0.000    0.800    0.000    0.000    
Total frac: 1.000
Par: 3, Rows: 1
0.200    0.000    0.000    0.000    0.000    0.000    0.000    0.000    0.000    0.000    0.000    0.000    0.800    0.000    0.000    
Total frac: 1.000

Sketch (57) (cm: eps0: 0.00625, del0: 0.05, min_mem: 1.69921875)
Par: 1, Rows: 1
0.000    0.000    0.000    0.000    0.000    0.000    0.000    0.000    0.800    0.200    0.000    0.800    0.000    0.000    0.000    
Total frac: 1.800
Par: 2, Rows: 1
0.000    0.000    0.000    0.000    0.000    0.000    0.000    0.000    0.800    0.200    0.000    0.800    0.000    0.000    0.000    
Total frac: 1.800
Par: 3, Rows: 1
0.000    0.000    0.000    0.000    0.000    0.000    0.000    0.000    0.800    0.200    0.000    0.800    0.000    0.000    0.000    
Total frac: 1.800

Sketch (58) (cm: eps0: 0.00625, del0: 0.05, min_mem: 1.69921875)
Par: 1, Rows: 1
0.100    0.900    0.000    0.000    0.000    0.000    0.700    0.200    0.000    0.000    0.000    0.000    0.000    0.000    0.000    
Total frac: 1.900
Par: 2, Rows: 1
0.100    0.900    0.000    0.000    0.000    0.000    0.700    0.200    0.000    0.000    0.000    0.000    0.000    0.000    0.000    
Total frac: 1.900
Par: 3, Rows: 1
0.100    0.900    0.000    0.000    0.000    0.000    0.700    0.200    0.000    0.000    0.000    0.000    0.000    0.000    0.000    
Total frac: 1.900

Sketch (59) (cm: eps0: 0.00625, del0: 0.05, min_mem: 1.69921875)
Par: 1, Rows: 1
0.000    0.000    0.000    0.000    0.000    0.700    0.000    0.000    0.000    0.900    0.000    0.000    0.100    0.000    0.000    
Total frac: 1.700
Par: 2, Rows: 1
0.000    0.000    0.000    0.000    0.000    0.700    0.000    0.000    0.000    0.900    0.000    0.000    0.100    0.000    0.000    
Total frac: 1.700
Par: 3, Rows: 1
0.000    0.000    0.000    0.000    0.000    0.700    0.000    0.000    0.000    0.900    0.000    0.000    0.100    0.000    0.000    
Total frac: 1.700

Sketch (60) (cm: eps0: 0.00625, del0: 0.05, min_mem: 1.69921875)
Par: 1, Rows: 1
0.000    0.000    0.000    0.000    0.000    0.300    0.000    0.000    0.000    0.000    0.000    0.000    0.000    0.700    0.000    
Total frac: 1.000
Par: 2, Rows: 1
0.000    0.000    0.000    0.000    0.000    0.300    0.000    0.000    0.000    0.000    0.000    0.000    0.000    0.700    0.000    
Total frac: 1.000
Par: 3, Rows: 1
0.000    0.000    0.000    0.000    0.000    0.300    0.000    0.000    0.000    0.000    0.000    0.000    0.000    0.700    0.000    
Total frac: 1.000

Sketch (61) (cm: eps0: 0.00625, del0: 0.05, min_mem: 1.69921875)
Par: 1, Rows: 1
0.000    0.000    0.900    0.000    0.700    0.000    0.900    0.000    0.000    0.000    0.000    0.000    0.000    0.000    0.100    
Total frac: 2.600
Par: 2, Rows: 1
0.000    0.000    0.900    0.000    0.700    0.000    0.900    0.000    0.000    0.000    0.000    0.000    0.000    0.000    0.100    
Total frac: 2.600
Par: 3, Rows: 1
0.000    0.000    0.900    0.000    0.700    0.000    0.900    0.000    0.000    0.000    0.000    0.000    0.000    0.000    0.100    
Total frac: 2.600

Sketch (62) (cm: eps0: 0.00625, del0: 0.05, min_mem: 1.69921875)
Par: 1, Rows: 1
0.000    0.000    0.000    1.000    0.000    0.000    0.000    0.000    0.000    0.000    0.000    0.000    0.000    0.000    0.000    
Total frac: 1.000
Par: 2, Rows: 1
0.000    0.000    0.000    1.000    0.000    0.000    0.000    0.000    0.000    0.000    0.000    0.000    0.000    0.000    0.000    
Total frac: 1.000
Par: 3, Rows: 1
0.000    0.000    0.000    1.000    0.000    0.000    0.000    0.000    0.000    0.000    0.000    0.000    0.000    0.000    0.000    
Total frac: 1.000

Sketch (63) (cm: eps0: 0.00625, del0: 0.05, min_mem: 1.69921875)
Par: 1, Rows: 1
0.000    0.000    0.000    0.000    0.000    0.000    0.000    0.000    0.000    0.000    0.000    0.000    0.000    1.000    0.000    
Total frac: 1.000
Par: 2, Rows: 1
0.000    0.000    0.000    0.000    0.000    0.000    0.000    0.000    0.000    0.000    0.000    0.000    0.000    1.000    0.000    
Total frac: 1.000
Par: 3, Rows: 1
0.000    0.000    0.000    0.000    0.000    0.000    0.000    0.000    0.000    0.000    0.000    0.000    0.000    1.000    0.000    
Total frac: 1.000

Sketch (64) (cm: eps0: 0.00625, del0: 0.05, min_mem: 1.69921875)
Par: 1, Rows: 1
0.000    0.000    0.000    0.000    0.200    0.000    0.000    0.000    0.000    0.000    0.800    0.000    0.000    0.000    0.000    
Total frac: 1.000
Par: 2, Rows: 1
0.000    0.000    0.000    0.000    0.200    0.000    0.000    0.000    0.000    0.000    0.800    0.000    0.000    0.000    0.000    
Total frac: 1.000
Par: 3, Rows: 1
0.000    0.000    0.000    0.000    0.200    0.000    0.000    0.000    0.000    0.000    0.800    0.000    0.000    0.000    0.000    
Total frac: 1.000

Sketch (65) (cm: eps0: 0.00625, del0: 0.05, min_mem: 1.69921875)
Par: 1, Rows: 1
0.500    0.000    0.000    0.000    0.000    0.000    0.100    0.000    0.100    0.100    0.900    0.800    0.000    0.000    0.000    
Total frac: 2.500
Par: 2, Rows: 1
0.500    0.000    0.000    0.000    0.000    0.000    0.100    0.000    0.100    0.100    0.900    0.800    0.000    0.000    0.000    
Total frac: 2.500
Par: 3, Rows: 1
0.500    0.000    0.000    0.000    0.000    0.000    0.100    0.000    0.100    0.100    0.900    0.800    0.000    0.000    0.000    
Total frac: 2.500

Sketch (66) (cm: eps0: 0.00625, del0: 0.05, min_mem: 1.69921875)
Par: 1, Rows: 1
0.827    0.000    0.000    0.000    0.000    0.000    0.000    0.077    0.000    0.000    0.000    0.000    0.000    0.000    0.097    
Total frac: 1.000
Par: 2, Rows: 1
0.827    0.000    0.000    0.000    0.000    0.000    0.000    0.077    0.000    0.000    0.000    0.000    0.000    0.000    0.097    
Total frac: 1.000
Par: 3, Rows: 1
0.827    0.000    0.000    0.000    0.000    0.000    0.000    0.077    0.000    0.000    0.000    0.000    0.000    0.000    0.097    
Total frac: 1.000

Sketch (67) (cm: eps0: 0.00625, del0: 0.05, min_mem: 1.69921875)
Par: 1, Rows: 1
0.000    0.000    0.700    0.000    1.000    0.000    0.000    0.000    0.000    0.000    0.000    0.000    0.000    0.000    0.000    
Total frac: 1.700
Par: 2, Rows: 1
0.000    0.000    0.700    0.000    1.000    0.000    0.000    0.000    0.000    0.000    0.000    0.000    0.000    0.000    0.000    
Total frac: 1.700
Par: 3, Rows: 1
0.000    0.000    0.700    0.000    1.000    0.000    0.000    0.000    0.000    0.000    0.000    0.000    0.000    0.000    0.000    
Total frac: 1.700

Sketch (68) (cm: eps0: 0.00625, del0: 0.05, min_mem: 1.69921875)
Par: 1, Rows: 1
0.000    0.000    0.000    0.000    0.000    0.200    0.000    0.800    0.000    0.000    0.000    0.000    0.000    0.000    0.000    
Total frac: 1.000
Par: 2, Rows: 1
0.000    0.000    0.000    0.000    0.000    0.200    0.000    0.800    0.000    0.000    0.000    0.000    0.000    0.000    0.000    
Total frac: 1.000
Par: 3, Rows: 1
0.000    0.000    0.000    0.000    0.000    0.200    0.000    0.800    0.000    0.000    0.000    0.000    0.000    0.000    0.000    
Total frac: 1.000

Sketch (69) (cm: eps0: 0.00625, del0: 0.05, min_mem: 1.69921875)
Par: 1, Rows: 1
0.000    0.000    0.000    1.000    0.000    0.000    0.000    0.000    0.000    0.000    0.000    0.000    0.000    0.000    0.000    
Total frac: 1.000
Par: 2, Rows: 1
0.000    0.000    0.000    1.000    0.000    0.000    0.000    0.000    0.000    0.000    0.000    0.000    0.000    0.000    0.000    
Total frac: 1.000
Par: 3, Rows: 1
0.000    0.000    0.000    1.000    0.000    0.000    0.000    0.000    0.000    0.000    0.000    0.000    0.000    0.000    0.000    
Total frac: 1.000

Sketch (70) (cm: eps0: 0.00625, del0: 0.05, min_mem: 1.69921875)
Par: 1, Rows: 1
0.000    0.000    0.000    0.800    0.200    0.000    0.000    0.000    0.000    0.000    0.000    0.800    0.000    0.000    0.000    
Total frac: 1.800
Par: 2, Rows: 1
0.000    0.000    0.000    0.800    0.200    0.000    0.000    0.000    0.000    0.000    0.000    0.800    0.000    0.000    0.000    
Total frac: 1.800
Par: 3, Rows: 1
0.000    0.000    0.000    0.800    0.200    0.000    0.000    0.000    0.000    0.000    0.000    0.800    0.000    0.000    0.000    
Total frac: 1.800

Sketch (71) (cm: eps0: 0.00625, del0: 0.05, min_mem: 1.69921875)
Par: 1, Rows: 1
0.000    0.000    0.000    0.000    0.000    1.000    0.000    0.000    0.000    1.000    0.000    0.000    0.000    0.000    0.000    
Total frac: 2.000
Par: 2, Rows: 1
0.000    0.000    0.000    0.000    0.000    1.000    0.000    0.000    0.000    1.000    0.000    0.000    0.000    0.000    0.000    
Total frac: 2.000
Par: 3, Rows: 1
0.000    0.000    0.000    0.000    0.000    1.000    0.000    0.000    0.000    1.000    0.000    0.000    0.000    0.000    0.000    
Total frac: 2.000

Sketch (72) (cm: eps0: 0.00625, del0: 0.05, min_mem: 1.69921875)
Par: 1, Rows: 1
0.000    0.000    0.000    0.000    0.400    0.000    0.000    0.300    0.000    0.700    0.000    0.000    0.000    0.000    0.000    
Total frac: 1.400
Par: 2, Rows: 1
0.000    0.000    0.000    0.000    0.400    0.000    0.000    0.300    0.000    0.700    0.000    0.000    0.000    0.000    0.000    
Total frac: 1.400
Par: 3, Rows: 1
0.000    0.000    0.000    0.000    0.400    0.000    0.000    0.300    0.000    0.700    0.000    0.000    0.000    0.000    0.000    
Total frac: 1.400

Sketch (73) (cm: eps0: 0.00625, del0: 0.05, min_mem: 1.69921875)
Par: 1, Rows: 1
0.000    0.000    0.000    0.000    0.000    0.000    0.000    0.000    0.000    0.000    0.000    1.000    0.800    0.000    0.000    
Total frac: 1.800
Par: 2, Rows: 1
0.000    0.000    0.000    0.000    0.000    0.000    0.000    0.000    0.000    0.000    0.000    1.000    0.800    0.000    0.000    
Total frac: 1.800
Par: 3, Rows: 1
0.000    0.000    0.000    0.000    0.000    0.000    0.000    0.000    0.000    0.000    0.000    1.000    0.800    0.000    0.000    
Total frac: 1.800

Sketch (74) (cm: eps0: 0.00625, del0: 0.05, min_mem: 1.69921875)
Par: 1, Rows: 1
0.000    0.000    0.000    0.000    0.000    0.107    0.000    0.000    0.393    0.000    0.300    0.593    0.307    0.000    0.000    
Total frac: 1.700
Par: 2, Rows: 1
0.000    0.000    0.000    0.000    0.000    0.107    0.000    0.000    0.393    0.000    0.300    0.593    0.307    0.000    0.000    
Total frac: 1.700
Par: 3, Rows: 1
0.000    0.000    0.000    0.000    0.000    0.107    0.000    0.000    0.393    0.000    0.300    0.593    0.307    0.000    0.000    
Total frac: 1.700

Sketch (75) (cm: eps0: 0.00625, del0: 0.05, min_mem: 1.69921875)
Par: 1, Rows: 1
0.000    0.000    0.000    0.000    0.800    0.000    0.000    0.000    0.000    0.000    0.000    0.000    0.000    0.000    0.000    
Total frac: 0.800
Par: 2, Rows: 1
0.000    0.000    0.000    0.000    0.800    0.000    0.000    0.000    0.000    0.000    0.000    0.000    0.000    0.000    0.000    
Total frac: 0.800
Par: 3, Rows: 1
0.000    0.000    0.000    0.000    0.800    0.000    0.000    0.000    0.000    0.000    0.000    0.000    0.000    0.000    0.000    
Total frac: 0.800

Sketch (76) (cm: eps0: 0.00625, del0: 0.05, min_mem: 1.69921875)
Par: 1, Rows: 1
0.000    0.000    0.103    0.000    0.000    0.797    0.000    0.000    0.000    0.000    0.000    0.000    0.000    0.000    0.000    
Total frac: 0.900
Par: 2, Rows: 1
0.000    0.000    0.103    0.000    0.000    0.797    0.000    0.000    0.000    0.000    0.000    0.000    0.000    0.000    0.000    
Total frac: 0.900
Par: 3, Rows: 1
0.000    0.000    0.103    0.000    0.000    0.797    0.000    0.000    0.000    0.000    0.000    0.000    0.000    0.000    0.000    
Total frac: 0.900

Sketch (77) (cm: eps0: 0.00625, del0: 0.05, min_mem: 1.69921875)
Par: 1, Rows: 1
0.000    0.397    0.503    0.397    0.000    0.000    1.000    0.000    0.000    0.000    0.000    0.000    0.000    0.000    0.603    
Total frac: 2.900
Par: 2, Rows: 1
0.000    0.397    0.503    0.397    0.000    0.000    1.000    0.000    0.000    0.000    0.000    0.000    0.000    0.000    0.603    
Total frac: 2.900
Par: 3, Rows: 1
0.000    0.397    0.503    0.397    0.000    0.000    1.000    0.000    0.000    0.000    0.000    0.000    0.000    0.000    0.603    
Total frac: 2.900

Sketch (78) (cm: eps0: 0.00625, del0: 0.05, min_mem: 1.69921875)
Par: 1, Rows: 1
0.000    0.000    0.000    0.000    0.000    0.000    0.000    0.000    0.000    0.000    0.000    0.000    0.000    0.000    0.000    
Total frac: 0.000
Par: 2, Rows: 1
0.000    0.000    0.000    0.000    0.000    0.000    0.000    0.000    0.000    0.000    0.000    0.000    0.000    0.000    0.000    
Total frac: 0.000
Par: 3, Rows: 1
0.000    0.000    0.000    0.000    0.000    0.000    0.000    0.000    0.000    0.000    0.000    0.000    0.000    0.000    0.000    
Total frac: 0.000

Sketch (79) (cm: eps0: 0.00625, del0: 0.05, min_mem: 1.69921875)
Par: 1, Rows: 1
0.000    0.000    0.800    0.000    0.700    0.000    0.000    0.000    0.000    0.000    0.000    0.000    0.000    0.000    0.000    
Total frac: 1.500
Par: 2, Rows: 1
0.000    0.000    0.800    0.000    0.700    0.000    0.000    0.000    0.000    0.000    0.000    0.000    0.000    0.000    0.000    
Total frac: 1.500
Par: 3, Rows: 1
0.000    0.000    0.800    0.000    0.700    0.000    0.000    0.000    0.000    0.000    0.000    0.000    0.000    0.000    0.000    
Total frac: 1.500

Device (0) cpu1:
Rows total: 23.720000000000002
Mem total: 40.30546875

Device (1) cpu2:
Rows total: 23.720000000000002
Mem total: 40.30546875

Device (2) cpu3:
Rows total: 23.72
Mem total: 40.30546875

Device (3) cpu4:
Rows total: 23.720000000000002
Mem total: 40.30546875

Device (4) cpu5:
Rows total: 23.72
Mem total: 40.30546875

Device (5) cpu6:
Rows total: 23.720000000000002
Mem total: 40.30546875

Device (6) cpu7:
Rows total: 23.72
Mem total: 40.30546875

Device (7) cpu8:
Rows total: 23.720000000000006
Mem total: 40.30546875

Device (8) tor_p41:
Rows total: 23.720000000000002
Mem total: 40.30546875

Device (9) tor_p42:
Rows total: 23.720000000000002
Mem total: 40.30546875

Device (10) tor_p43:
Rows total: 23.720000000000006
Mem total: 40.30546875

Device (11) tor_p44:
Rows total: 23.720000000000002
Mem total: 40.30546875

Device (12) l1_p41:
Rows total: 23.72
Mem total: 40.30546875

Device (13) l1_p42:
Rows total: 23.72
Mem total: 40.30546875

Device (14) l2_p4:
Rows total: 23.719999999999978
Mem total: 40.30546875
--------------------------------------------------
Infeasible placement
