Using license file /home/anup/gurobi.lic
Academic license - for non-commercial use only

--------------------------------------------------
Model update took: 0.0005071163177490234 seconds
Model optimize took: 0.02335071563720703 seconds
--------------------------------------------------

Sketch (0) (cm: eps0: 0.00625, del0: 0.05, min_mem: 1.69921875)
Par: 1, Rows: 3
0.000    0.000    0.000    0.000    0.000    0.000    0.000    0.000    0.000    0.000    0.000    0.000    0.000    0.000    0.000    0.000    0.000    0.000    0.000    0.000    1.000    
Total frac: 1.000

Sketch (1) (cm: eps0: 0.00625, del0: 0.05, min_mem: 1.69921875)
Par: 1, Rows: 3
0.000    0.200    0.200    0.000    0.000    0.000    0.000    0.000    0.000    0.000    0.000    0.000    0.000    0.000    0.000    0.000    0.000    0.000    0.000    0.000    0.600    
Total frac: 1.000

Sketch (2) (cm: eps0: 0.00625, del0: 0.05, min_mem: 1.69921875)
Par: 1, Rows: 3
0.000    0.000    0.000    0.000    0.000    0.000    0.000    0.000    0.000    0.000    0.000    0.000    0.000    0.000    0.000    0.000    0.000    0.000    0.000    0.000    1.000    
Total frac: 1.000

Sketch (3) (cm: eps0: 0.00625, del0: 0.05, min_mem: 1.69921875)
Par: 1, Rows: 3
0.000    0.000    0.000    0.200    0.200    0.000    0.000    0.000    0.000    0.000    0.000    0.000    0.000    0.000    0.000    0.000    0.000    0.000    0.000    0.000    0.600    
Total frac: 1.000

Sketch (4) (cm: eps0: 0.00625, del0: 0.05, min_mem: 1.69921875)
Par: 1, Rows: 3
0.000    0.000    0.000    0.000    0.000    0.200    0.000    0.000    0.000    0.000    0.000    0.000    0.000    0.000    0.000    0.000    0.000    0.000    0.000    0.000    0.800    
Total frac: 1.000

Sketch (5) (cm: eps0: 0.00625, del0: 0.05, min_mem: 1.69921875)
Par: 1, Rows: 3
0.000    0.000    0.000    0.000    0.000    0.000    0.000    0.000    0.000    0.000    0.000    0.000    0.000    0.000    0.000    0.000    0.000    0.000    0.000    0.000    1.000    
Total frac: 1.000

Sketch (6) (cm: eps0: 0.00625, del0: 0.05, min_mem: 1.69921875)
Par: 1, Rows: 3
0.000    0.000    0.000    0.000    0.000    0.000    0.200    0.000    0.000    0.000    0.000    0.000    0.000    0.000    0.000    0.000    0.000    0.000    0.000    0.000    0.800    
Total frac: 1.000

Sketch (7) (cm: eps0: 0.00625, del0: 0.05, min_mem: 1.69921875)
Par: 1, Rows: 3
0.000    0.000    0.000    0.000    0.000    0.000    0.000    0.200    0.200    0.000    0.000    0.000    0.000    0.000    0.000    0.000    0.000    0.000    0.000    0.000    0.600    
Total frac: 1.000

Sketch (8) (cm: eps0: 0.00625, del0: 0.05, min_mem: 1.69921875)
Par: 1, Rows: 3
0.000    0.000    0.000    0.000    0.000    0.000    0.000    0.000    0.000    0.000    0.000    0.000    0.000    0.000    0.000    0.000    0.000    0.000    0.000    0.000    1.000    
Total frac: 1.000

Sketch (9) (cm: eps0: 0.00625, del0: 0.05, min_mem: 1.69921875)
Par: 1, Rows: 3
0.000    0.000    0.000    0.000    0.000    0.000    0.000    0.000    0.000    0.200    0.000    0.000    0.000    0.000    0.000    0.000    0.000    0.000    0.000    0.000    0.800    
Total frac: 1.000

Sketch (10) (cm: eps0: 0.00625, del0: 0.05, min_mem: 1.69921875)
Par: 1, Rows: 3
0.000    0.000    0.000    0.000    0.000    0.000    0.000    0.000    0.000    0.000    0.200    0.200    0.000    0.000    0.000    0.000    0.000    0.000    0.000    0.000    0.600    
Total frac: 1.000

Sketch (11) (cm: eps0: 0.00625, del0: 0.05, min_mem: 1.69921875)
Par: 1, Rows: 3
0.000    0.000    0.000    0.000    0.000    0.000    0.000    0.000    0.000    0.000    0.000    0.000    0.200    0.000    0.000    0.000    0.000    0.000    0.000    0.000    0.800    
Total frac: 1.000

Sketch (12) (cm: eps0: 0.00625, del0: 0.05, min_mem: 1.69921875)
Par: 1, Rows: 3
0.000    0.000    0.000    0.000    0.000    0.000    0.000    0.000    0.000    0.000    0.000    0.000    0.000    0.000    0.000    0.000    0.000    0.000    0.000    0.000    1.000    
Total frac: 1.000

Sketch (13) (cm: eps0: 0.00625, del0: 0.05, min_mem: 1.69921875)
Par: 1, Rows: 3
0.000    0.000    0.000    0.000    0.000    0.000    0.000    0.000    0.000    0.000    0.000    0.000    0.000    0.200    0.200    0.000    0.000    0.000    0.000    0.000    0.600    
Total frac: 1.000

Sketch (14) (cm: eps0: 0.00625, del0: 0.05, min_mem: 1.69921875)
Par: 1, Rows: 3
0.000    0.000    0.000    0.000    0.000    0.000    0.000    0.000    0.000    0.000    0.000    0.000    0.000    0.000    0.000    0.200    -0.000    0.000    -0.000    0.000    0.800    
Total frac: 1.000

Sketch (15) (cm: eps0: 0.00625, del0: 0.05, min_mem: 1.69921875)
Par: 1, Rows: 3
0.000    0.000    0.000    0.000    0.000    0.000    0.000    0.000    0.000    0.000    0.000    0.000    0.000    0.000    0.000    0.000    0.200    0.000    0.000    0.000    0.800    
Total frac: 1.000

Sketch (16) (cm: eps0: 0.00625, del0: 0.05, min_mem: 1.69921875)
Par: 1, Rows: 3
0.000    0.000    0.000    0.000    0.000    0.000    0.000    0.000    0.000    0.000    0.000    -0.000    0.000    0.000    -0.000    -0.000    0.000    0.000    0.000    0.000    1.000    
Total frac: 1.000

Sketch (17) (cm: eps0: 0.00625, del0: 0.05, min_mem: 1.69921875)
Par: 1, Rows: 3
0.000    0.000    0.000    0.000    0.000    0.000    0.000    0.000    0.000    0.000    0.000    0.000    0.000    0.000    0.000    0.000    0.000    0.200    0.200    0.000    0.600    
Total frac: 1.000

Sketch (18) (cm: eps0: 0.00625, del0: 0.05, min_mem: 1.69921875)
Par: 1, Rows: 3
0.000    0.000    0.000    0.000    0.000    0.000    0.000    0.000    0.000    0.000    0.000    0.000    0.000    0.000    0.000    0.000    0.000    0.000    0.000    0.000    1.000    
Total frac: 1.000

Sketch (19) (cm: eps0: 0.00625, del0: 0.05, min_mem: 1.69921875)
Par: 1, Rows: 3
0.200    0.000    0.000    0.000    0.000    0.000    0.000    0.000    0.000    0.000    0.000    0.000    0.000    0.000    0.000    0.000    0.000    0.000    0.000    0.200    0.600    
Total frac: 1.000

Device (0) cpu_0:
Rows total: 0.6000605885057471
Mem total: 1.0196342031249999

Device (1) cpu_1:
Rows total: 0.6000605885057471
Mem total: 1.0196342031249999

Device (2) cpu_2:
Rows total: 0.6000605885057471
Mem total: 1.0196342031249999

Device (3) cpu_3:
Rows total: 0.6000605885057471
Mem total: 1.0196342031249999

Device (4) cpu_4:
Rows total: 0.6000605885057471
Mem total: 1.0196342031249999

Device (5) cpu_5:
Rows total: 0.6000605885057471
Mem total: 1.0196342031249999

Device (6) cpu_6:
Rows total: 0.6000605885057471
Mem total: 1.0196342031249999

Device (7) cpu_7:
Rows total: 0.600061
Mem total: 1.0196349023437499

Device (8) cpu_8:
Rows total: 0.6000605885057471
Mem total: 1.0196342031249999

Device (9) cpu_9:
Rows total: 0.600061
Mem total: 1.0196349023437499

Device (10) cpu_10:
Rows total: 0.600061
Mem total: 1.0196349023437499

Device (11) cpu_11:
Rows total: 0.600061
Mem total: 1.0196349023437499

Device (12) cpu_12:
Rows total: 0.600044880459773
Mem total: 1.0196075117187549

Device (13) cpu_13:
Rows total: 0.600061
Mem total: 1.0196349023437499

Device (14) cpu_14:
Rows total: 0.600061
Mem total: 1.0196349023437499

Device (15) cpu_15:
Rows total: 0.600061
Mem total: 1.0196349023437499

Device (16) cpu_16:
Rows total: 0.600061
Mem total: 1.0196349023437499

Device (17) cpu_17:
Rows total: 0.600061
Mem total: 1.0196349023437499

Device (18) cpu_18:
Rows total: 0.600061
Mem total: 1.0196349023437499

Device (19) cpu_19:
Rows total: 0.600061
Mem total: 1.0196349023437499

Device (20) p4_1:
Rows total: 47.998799411494254
Mem total: 81.5604599375
--------------------------------------------------
Changed value of parameter NonConvex to 2
   Prev: -1  Min: -1  Max: 2  Default: -1
Changed value of parameter NonConvex to 2
   Prev: -1  Min: -1  Max: 2  Default: -1
Changed value of parameter NonConvex to 2
   Prev: -1  Min: -1  Max: 2  Default: -1
Changed value of parameter NonConvex to 2
   Prev: -1  Min: -1  Max: 2  Default: -1
Changed value of parameter NonConvex to 2
   Prev: -1  Min: -1  Max: 2  Default: -1
Changed value of parameter NonConvex to 2
   Prev: -1  Min: -1  Max: 2  Default: -1
Changed value of parameter NonConvex to 2
   Prev: -1  Min: -1  Max: 2  Default: -1
Changed value of parameter NonConvex to 2
   Prev: -1  Min: -1  Max: 2  Default: -1
Changed value of parameter NonConvex to 2
   Prev: -1  Min: -1  Max: 2  Default: -1
Changed value of parameter NonConvex to 2
   Prev: -1  Min: -1  Max: 2  Default: -1
Changed value of parameter NonConvex to 2
   Prev: -1  Min: -1  Max: 2  Default: -1
Changed value of parameter NonConvex to 2
   Prev: -1  Min: -1  Max: 2  Default: -1
Changed value of parameter NonConvex to 2
   Prev: -1  Min: -1  Max: 2  Default: -1
Changed value of parameter NonConvex to 2
   Prev: -1  Min: -1  Max: 2  Default: -1
Changed value of parameter NonConvex to 2
   Prev: -1  Min: -1  Max: 2  Default: -1
Changed value of parameter NonConvex to 2
   Prev: -1  Min: -1  Max: 2  Default: -1
Changed value of parameter NonConvex to 2
   Prev: -1  Min: -1  Max: 2  Default: -1
Changed value of parameter NonConvex to 2
   Prev: -1  Min: -1  Max: 2  Default: -1
Changed value of parameter NonConvex to 2
   Prev: -1  Min: -1  Max: 2  Default: -1
Changed value of parameter NonConvex to 2
   Prev: -1  Min: -1  Max: 2  Default: -1

Throughput: 93.33333333333333 Mpps, ns per packet: 10.714285714285715
Resources: 1413.7013654405682

Sketch (0) (cm: eps0: 0.00625, del0: 0.05, min_mem: 1.69921875)
Par: 1, Rows: 3
0.000    0.000    0.000    0.000    0.000    0.000    0.000    0.000    0.000    0.000    0.000    0.000    0.000    0.000    0.000    0.000    0.000    0.000    0.000    0.000    1.000    
Total frac: 1.000

Sketch (1) (cm: eps0: 0.00625, del0: 0.05, min_mem: 1.69921875)
Par: 1, Rows: 3
0.000    0.200    0.200    0.000    0.000    0.000    0.000    0.000    0.000    0.000    0.000    0.000    0.000    0.000    0.000    0.000    0.000    0.000    0.000    0.000    0.600    
Total frac: 1.000

Sketch (2) (cm: eps0: 0.00625, del0: 0.05, min_mem: 1.69921875)
Par: 1, Rows: 3
0.000    0.000    0.000    0.000    0.000    0.000    0.000    0.000    0.000    0.000    0.000    0.000    0.000    0.000    0.000    0.000    0.000    0.000    0.000    0.000    1.000    
Total frac: 1.000

Sketch (3) (cm: eps0: 0.00625, del0: 0.05, min_mem: 1.69921875)
Par: 1, Rows: 3
0.000    0.000    0.000    0.200    0.200    0.000    0.000    0.000    0.000    0.000    0.000    0.000    0.000    0.000    0.000    0.000    0.000    0.000    0.000    0.000    0.600    
Total frac: 1.000

Sketch (4) (cm: eps0: 0.00625, del0: 0.05, min_mem: 1.69921875)
Par: 1, Rows: 3
0.000    0.000    0.000    0.000    0.000    0.200    0.000    0.000    0.000    0.000    0.000    0.000    0.000    0.000    0.000    0.000    0.000    0.000    0.000    0.000    0.800    
Total frac: 1.000

Sketch (5) (cm: eps0: 0.00625, del0: 0.05, min_mem: 1.69921875)
Par: 1, Rows: 3
0.000    0.000    0.000    0.000    0.000    0.000    0.000    0.000    0.000    0.000    0.000    0.000    0.000    0.000    0.000    0.000    0.000    0.000    0.000    0.000    1.000    
Total frac: 1.000

Sketch (6) (cm: eps0: 0.00625, del0: 0.05, min_mem: 1.69921875)
Par: 1, Rows: 3
0.000    0.000    0.000    0.000    0.000    0.000    0.200    0.000    0.000    0.000    0.000    0.000    0.000    0.000    0.000    0.000    0.000    0.000    0.000    0.000    0.800    
Total frac: 1.000

Sketch (7) (cm: eps0: 0.00625, del0: 0.05, min_mem: 1.69921875)
Par: 1, Rows: 3
0.000    0.000    0.000    0.000    0.000    0.000    0.000    0.200    0.200    0.000    0.000    0.000    0.000    0.000    0.000    0.000    0.000    0.000    0.000    0.000    0.600    
Total frac: 1.000

Sketch (8) (cm: eps0: 0.00625, del0: 0.05, min_mem: 1.69921875)
Par: 1, Rows: 3
0.000    0.000    0.000    0.000    0.000    0.000    0.000    0.000    0.000    0.000    0.000    0.000    0.000    0.000    0.000    0.000    0.000    0.000    0.000    0.000    1.000    
Total frac: 1.000

Sketch (9) (cm: eps0: 0.00625, del0: 0.05, min_mem: 1.69921875)
Par: 1, Rows: 3
0.000    0.000    0.000    0.000    0.000    0.000    0.000    0.000    0.000    0.200    0.000    0.000    0.000    0.000    0.000    0.000    0.000    0.000    0.000    0.000    0.800    
Total frac: 1.000

Sketch (10) (cm: eps0: 0.00625, del0: 0.05, min_mem: 1.69921875)
Par: 1, Rows: 3
0.000    0.000    0.000    0.000    0.000    0.000    0.000    0.000    0.000    0.000    0.200    0.200    0.000    0.000    0.000    0.000    0.000    0.000    0.000    0.000    0.600    
Total frac: 1.000

Sketch (11) (cm: eps0: 0.00625, del0: 0.05, min_mem: 1.69921875)
Par: 1, Rows: 3
0.000    0.000    0.000    0.000    0.000    0.000    0.000    0.000    0.000    0.000    0.000    0.000    0.200    0.000    0.000    0.000    0.000    0.000    0.000    0.000    0.800    
Total frac: 1.000

Sketch (12) (cm: eps0: 0.00625, del0: 0.05, min_mem: 1.69921875)
Par: 1, Rows: 3
0.000    0.000    0.000    0.000    0.000    0.000    0.000    0.000    0.000    0.000    0.000    0.000    0.000    0.000    0.000    0.000    0.000    0.000    0.000    0.000    1.000    
Total frac: 1.000

Sketch (13) (cm: eps0: 0.00625, del0: 0.05, min_mem: 1.69921875)
Par: 1, Rows: 3
0.000    0.000    0.000    0.000    0.000    0.000    0.000    0.000    0.000    0.000    0.000    0.000    0.000    0.200    0.200    0.000    0.000    0.000    0.000    0.000    0.600    
Total frac: 1.000

Sketch (14) (cm: eps0: 0.00625, del0: 0.05, min_mem: 1.69921875)
Par: 1, Rows: 3
0.000    0.000    0.000    0.000    0.000    0.000    0.000    0.000    0.000    0.000    0.000    0.000    0.000    0.000    0.000    0.200    -0.000    0.000    -0.000    0.000    0.800    
Total frac: 1.000

Sketch (15) (cm: eps0: 0.00625, del0: 0.05, min_mem: 1.69921875)
Par: 1, Rows: 3
0.000    0.000    0.000    0.000    0.000    0.000    0.000    0.000    0.000    0.000    0.000    0.000    0.000    0.000    0.000    0.000    0.200    0.000    0.000    0.000    0.800    
Total frac: 1.000

Sketch (16) (cm: eps0: 0.00625, del0: 0.05, min_mem: 1.69921875)
Par: 1, Rows: 3
0.000    0.000    0.000    0.000    0.000    0.000    0.000    0.000    0.000    0.000    0.000    -0.000    0.000    0.000    -0.000    -0.000    0.000    0.000    0.000    0.000    1.000    
Total frac: 1.000

Sketch (17) (cm: eps0: 0.00625, del0: 0.05, min_mem: 1.69921875)
Par: 1, Rows: 3
0.000    0.000    0.000    0.000    0.000    0.000    0.000    0.000    0.000    0.000    0.000    0.000    0.000    0.000    0.000    0.000    0.000    0.200    0.200    0.000    0.600    
Total frac: 1.000

Sketch (18) (cm: eps0: 0.00625, del0: 0.05, min_mem: 1.69921875)
Par: 1, Rows: 3
0.000    0.000    0.000    0.000    0.000    0.000    0.000    0.000    0.000    0.000    0.000    0.000    0.000    0.000    0.000    0.000    0.000    0.000    0.000    0.000    1.000    
Total frac: 1.000

Sketch (19) (cm: eps0: 0.00625, del0: 0.05, min_mem: 1.69921875)
Par: 1, Rows: 3
0.200    0.000    0.000    0.000    0.000    0.000    0.000    0.000    0.000    0.000    0.000    0.000    0.000    0.000    0.000    0.000    0.000    0.000    0.000    0.200    0.600    
Total frac: 1.000

Device (0) cpu_0:
cores_sketch: 1.0, cores_dpdk: 5.999999999999998
Rows total: 0.6000605885057471
Mem total: 1.0196342031249999
Throughput: 93.33333333333333

Device (1) cpu_1:
cores_sketch: 1.0, cores_dpdk: 5.999999999999998
Rows total: 0.6000605885057471
Mem total: 1.0196342031249999
Throughput: 93.33333333333333

Device (2) cpu_2:
cores_sketch: 1.0, cores_dpdk: 5.999999999999998
Rows total: 0.6000605885057471
Mem total: 1.0196342031249999
Throughput: 93.33333333333333

Device (3) cpu_3:
cores_sketch: 1.0, cores_dpdk: 5.999999999999998
Rows total: 0.6000605885057471
Mem total: 1.0196342031249999
Throughput: 93.33333333333333

Device (4) cpu_4:
cores_sketch: 1.0, cores_dpdk: 5.999999999999998
Rows total: 0.6000605885057471
Mem total: 1.0196342031249999
Throughput: 93.33333333333333

Device (5) cpu_5:
cores_sketch: 1.0, cores_dpdk: 5.999999999999998
Rows total: 0.6000605885057471
Mem total: 1.0196342031249999
Throughput: 93.33333333333333

Device (6) cpu_6:
cores_sketch: 1.0, cores_dpdk: 5.999999999999998
Rows total: 0.6000605885057471
Mem total: 1.0196342031249999
Throughput: 93.33333333333333

Device (7) cpu_7:
cores_sketch: 1.0, cores_dpdk: 5.999999999999998
Rows total: 0.600061
Mem total: 1.0196349023437499
Throughput: 93.33333333333333

Device (8) cpu_8:
cores_sketch: 1.0, cores_dpdk: 5.999999999999998
Rows total: 0.6000605885057471
Mem total: 1.0196342031249999
Throughput: 93.33333333333333

Device (9) cpu_9:
cores_sketch: 1.0, cores_dpdk: 5.999999999999998
Rows total: 0.600061
Mem total: 1.0196349023437499
Throughput: 93.33333333333333

Device (10) cpu_10:
cores_sketch: 1.0, cores_dpdk: 5.999999999999998
Rows total: 0.600061
Mem total: 1.0196349023437499
Throughput: 93.33333333333333

Device (11) cpu_11:
cores_sketch: 1.0, cores_dpdk: 5.999999999999998
Rows total: 0.600061
Mem total: 1.0196349023437499
Throughput: 93.33333333333333

Device (12) cpu_12:
cores_sketch: 1.0, cores_dpdk: 5.999999999999998
Rows total: 0.600044880459773
Mem total: 1.0196075117187549
Throughput: 93.33333333333333

Device (13) cpu_13:
cores_sketch: 1.0, cores_dpdk: 5.999999999999998
Rows total: 0.600061
Mem total: 1.0196349023437499
Throughput: 93.33333333333333

Device (14) cpu_14:
cores_sketch: 1.0, cores_dpdk: 5.999999999999998
Rows total: 0.600061
Mem total: 1.0196349023437499
Throughput: 93.33333333333333

Device (15) cpu_15:
cores_sketch: 1.0, cores_dpdk: 5.999999999999998
Rows total: 0.600061
Mem total: 1.0196349023437499
Throughput: 93.33333333333333

Device (16) cpu_16:
cores_sketch: 1.0, cores_dpdk: 5.999999999999998
Rows total: 0.600061
Mem total: 1.0196349023437499
Throughput: 93.33333333333333

Device (17) cpu_17:
cores_sketch: 1.0, cores_dpdk: 5.999999999999998
Rows total: 0.600061
Mem total: 1.0196349023437499
Throughput: 93.33333333333333

Device (18) cpu_18:
cores_sketch: 1.0, cores_dpdk: 5.999999999999998
Rows total: 0.600061
Mem total: 1.0196349023437499
Throughput: 93.33333333333333

Device (19) cpu_19:
cores_sketch: 1.0, cores_dpdk: 5.999999999999998
Rows total: 0.600061
Mem total: 1.0196349023437499
Throughput: 93.33333333333333

Device (20) p4_1:
Rows total: 47.998799411494254
Mem total: 81.5604599375
Throughput: 148.0
--------------------------------------------------
