Using license file /home/anup/gurobi.lic
Academic license - for non-commercial use only

--------------------------------------------------
Model update took: 4.267692565917969e-05 seconds
Model optimize took: 0.0027768611907958984 seconds
--------------------------------------------------

Sketch (0) (cm: eps0: 0.03125, del0: 0.05, min_mem: 0.33984375)
Par: 1, Rows: 3
0.000    0.000    1.000    
Total frac: 1.000

Sketch (1) (cm: eps0: 3.125e-06, del0: 0.05, min_mem: 3397.85546875)
Par: 1, Rows: 3
0.472    0.056    0.472    
Total frac: 1.000

Sketch (2) (cm: eps0: 0.625, del0: 0.025, min_mem: 0.01953125)
Par: 1, Rows: 4
0.000    0.000    1.000    
Total frac: 1.000

Device (0) cpu_1:
Rows total: 1.4155437185862867
Mem total: 4809.812965453125

Device (1) p4_1:
Rows total: 0.16923560665907159
Mem total: 575.0381315937502

Device (2) cpu_2:
Rows total: 8.415220674754643
Mem total: 4809.812965453125
--------------------------------------------------
Changed value of parameter NonConvex to 2
   Prev: -1  Min: -1  Max: 2  Default: -1
Changed value of parameter NonConvex to 2
   Prev: -1  Min: -1  Max: 2  Default: -1

Throughput: 56.00000000000043 Mpps, ns per packet: 17.85714285714272
Resources: 113.19654072005339

Sketch (0) (cm: eps0: 0.03125, del0: 0.05, min_mem: 0.33984375)
Par: 1, Rows: 3
0.000    0.000    1.000    
Total frac: 1.000

Sketch (1) (cm: eps0: 3.125e-06, del0: 0.05, min_mem: 3397.85546875)
Par: 1, Rows: 3
0.472    0.056    0.472    
Total frac: 1.000

Sketch (2) (cm: eps0: 0.625, del0: 0.025, min_mem: 0.01953125)
Par: 1, Rows: 4
0.000    0.000    1.000    
Total frac: 1.000

Device (0) cpu_1:
cores_sketch: 1.0, cores_dpdk: 2.0
Rows total: 1.4155437185862867
Mem total: 4809.812965453125
Throughput: 56.00000000000043

Device (1) p4_1:
Rows total: 0.16923560665907159
Mem total: 575.0381315937502
Throughput: 148.0

Device (2) cpu_2:
cores_sketch: 5.000000000000001, cores_dpdk: 1.9999999999999993
Rows total: 8.415220674754643
Mem total: 4809.812965453125
Throughput: 56.00000000000043
--------------------------------------------------
