Using license file /home/anup/gurobi.lic
Academic license - for non-commercial use only

--------------------------------------------------
Model update took: 6.413459777832031e-05 seconds
Model optimize took: 0.0029668807983398438 seconds
--------------------------------------------------

VARIABLES ------------------------------
Objective: 12455.286420726563
frac[0,0] 0
frac[0,1] 0.488748
frac[0,2] 1
frac[1,0] 0
frac[1,1] 0.488751
frac[1,2] -0
frac[2,0] 1
frac[2,1] 0.0225006
frac[2,2] 0
frac[3,0] 0
frac[3,1] 0
frac[3,2] 0
mem[0,0] 0
mem[0,1] 12455.2
mem[0,2] 0.078125
mem[1,0] 0
mem[1,1] 12455.3
mem[1,2] -0
mem[2,0] 0.105469
mem[2,1] 573.404
mem[2,2] 0
mem[3,0] 0
mem[3,1] 0
mem[3,2] 0
mem_tot_cpu_1 12455.3
rows_tot_cpu_1 5.46624
mem_tot_cpu_2 12455.3
rows_tot_cpu_2 1.46625
mem_tot_p4_1 573.509
rows_tot_p4_1 3.0675
mem_tot_p4_2 0
rows_tot_p4_2 0
max_mem 12455.3
tot_mem 25484.1
--------------------------------------------------

Sketch (0) (cm: eps0: 0.3125, del0: 0.05, min_mem: 0.03515625)
Par: 1, Rows: 3
0.000    0.000    1.000    0.000    
Total frac: 1.000

Sketch (1) (cm: eps0: 1.25e-06, del0: 0.05, min_mem: 8494.6328125)
Par: 1, Rows: 3
0.489    0.489    0.023    0.000    
Total frac: 1.000

Sketch (2) (cm: eps0: 0.625, del0: 0.025, min_mem: 0.01953125)
Par: 1, Rows: 4
1.000    -0.000    0.000    0.000    
Total frac: 1.000

Device (0) cpu_1:
Rows total: 5.466244459371865
Mem total: 12455.286420726563

Device (1) cpu_2:
Rows total: 1.4662536563556217
Mem total: 12455.286420726563

Device (2) p4_1:
Rows total: 3.067501884272514
Mem total: 573.5091897968741

Device (3) p4_2:
Rows total: 0.0
Mem total: 0.0

Flow 0:
queries: [(1, 1), (2, 1)]
path: (0, 2, 1)
Flow 1:
queries: [(2, 0.9), (0, 1)]
path: (0, 2)
Flow 2:
queries: [(1, 0.8), (2, 0.5)]
path: (0, 3, 1)
--------------------------------------------------

VARIABLES ------------------------------
Objective: 17.857142857142858
frac[0,0] 0
frac[0,1] 0.488748
frac[0,2] 1
frac[1,0] 0
frac[1,1] 0.488751
frac[1,2] 0
frac[2,0] 1
frac[2,1] 0.0225006
frac[2,2] 0
frac[3,0] 0
frac[3,1] 0
frac[3,2] 0
mem[0,0] 0
mem[0,1] 12455.2
mem[0,2] 0.078125
mem[1,0] 0
mem[1,1] 12455.3
mem[1,2] 0
mem[2,0] 0.105469
mem[2,1] 573.404
mem[2,2] 0
mem[3,0] 0
mem[3,1] 0
mem[3,2] 0
mem_tot_cpu_1 12455.3
rows_tot_cpu_1 5.46624
mem_tot_cpu_2 12455.3
rows_tot_cpu_2 1.46625
mem_tot_p4_1 573.509
rows_tot_p4_1 3.0675
mem_tot_p4_2 0
rows_tot_p4_2 0
max_mem 12455.3
tot_mem 25484.1
m_access_time_cpu_1 11.9718
ns_single_cpu_1 84.5728
pdt_m_rows_cpu_1 65.4409
cores_sketch_cpu_1 5
cores_dpdk_cpu_1 2
ns_sketch_cpu_1 16.9146
ns_dpdk_cpu_1 17.8571
ns_cpu_1 17.8571
pdt_nsk_c_cpu_1 84.5728
pdt_nsc_dpdk_cpu_1 35.7143
m_access_time_cpu_2 11.9718
ns_single_cpu_2 22.6856
pdt_m_rows_cpu_2 17.5537
cores_sketch_cpu_2 2
cores_dpdk_cpu_2 2
ns_sketch_cpu_2 11.3428
ns_dpdk_cpu_2 17.8571
ns_cpu_2 17.8571
pdt_nsk_c_cpu_2 22.6856
pdt_nsc_dpdk_cpu_2 35.7143
ns_p4_1 6.75676
ns_p4_2 6.75676
ns 17.8571
ns 125.756
--------------------------------------------------

Throughput: 56.0 Mpps, ns per packet: 17.857142857142858
Resources: 125.75582500314654

Sketch (0) (cm: eps0: 0.3125, del0: 0.05, min_mem: 0.03515625)
Par: 1, Rows: 3
0.000    0.000    1.000    0.000    
Total frac: 1.000

Sketch (1) (cm: eps0: 1.25e-06, del0: 0.05, min_mem: 8494.6328125)
Par: 1, Rows: 3
0.489    0.489    0.023    0.000    
Total frac: 1.000

Sketch (2) (cm: eps0: 0.625, del0: 0.025, min_mem: 0.01953125)
Par: 1, Rows: 4
1.000    0.000    0.000    0.000    
Total frac: 1.000

Device (0) cpu_1:
cores_sketch: 5.0, cores_dpdk: 2.0
Rows total: 5.466244459371865
Mem total: 12455.286420726563
Throughput: 56.0

Device (1) cpu_2:
cores_sketch: 2.0, cores_dpdk: 2.0
Rows total: 1.4662536563556217
Mem total: 12455.286420726563
Throughput: 56.0

Device (2) p4_1:
Rows total: 3.067501884272514
Mem total: 573.5091897968741
Throughput: 148.0

Device (3) p4_2:
Rows total: 0.0
Mem total: 0.0
Throughput: 148.0

Flow 0:
queries: [(1, 1), (2, 1)]
path: (0, 2, 1)
Flow 1:
queries: [(2, 0.9), (0, 1)]
path: (0, 2)
Flow 2:
queries: [(1, 0.8), (2, 0.5)]
path: (0, 3, 1)
--------------------------------------------------
