Using license file /home/anup/gurobi.lic
Academic license - for non-commercial use only
Changed value of parameter NonConvex to 2
   Prev: -1  Min: -1  Max: 2  Default: -1
Parameter NonConvex unchanged
   Value: 2  Min: -1  Max: 2  Default: -1
Parameter NonConvex unchanged
   Value: 2  Min: -1  Max: 2  Default: -1
Parameter NonConvex unchanged
   Value: 2  Min: -1  Max: 2  Default: -1
Parameter NonConvex unchanged
   Value: 2  Min: -1  Max: 2  Default: -1
Parameter NonConvex unchanged
   Value: 2  Min: -1  Max: 2  Default: -1
Parameter NonConvex unchanged
   Value: 2  Min: -1  Max: 2  Default: -1
Parameter NonConvex unchanged
   Value: 2  Min: -1  Max: 2  Default: -1

Gurobi Optimizer version 9.0.0 build v9.0.0rc2 (linux64)
Optimize a model with 1365 rows, 2039 columns and 5873 nonzeros
Model fingerprint: 0xa320e1dd
Model has 24 quadratic constraints
Model has 17 general constraints
Variable types: 2023 continuous, 16 integer (0 binary)
Coefficient statistics:
  Matrix range     [1e-04, 5e+01]
  QMatrix range    [1e+00, 1e+00]
  QLMatrix range   [1e+00, 1e+00]
  Objective range  [1e+00, 1e+00]
  Bounds range     [1e+00, 3e+04]
  RHS range        [7e-01, 5e+01]

---------------------------------------------------------------------------
Multi-objectives: starting optimization with 2 objectives ... 
---------------------------------------------------------------------------

Multi-objectives: applying initial presolve ...
---------------------------------------------------------------------------

Presolve added 0 rows and 58 columns
Presolve removed 24 rows and 0 columns
Presolve time: 0.00s
Presolved: 1437 rows and 2098 columns
---------------------------------------------------------------------------

Multi-objectives: optimize objective 1 (ns) ...
---------------------------------------------------------------------------

Presolve removed 946 rows and 1135 columns
Presolve time: 0.01s
Presolved: 587 rows, 964 columns, 3235 nonzeros
Presolved model has 24 SOS constraint(s)
Presolved model has 24 bilinear constraint(s)
Variable types: 884 continuous, 80 integer (64 binary)

Root relaxation: objective 1.020408e+01, 527 iterations, 0.01 seconds

    Nodes    |    Current Node    |     Objective Bounds      |     Work
 Expl Unexpl |  Obj  Depth IntInf | Incumbent    BestBd   Gap | It/Node Time

     0     0   10.20408    0   16          -   10.20408      -     -    0s
     0     0   10.20408    0   29          -   10.20408      -     -    0s
     0     0   10.20408    0   15          -   10.20408      -     -    0s
     0     0   10.20408    0   19          -   10.20408      -     -    0s
     0     0   10.20408    0   15          -   10.20408      -     -    0s
     0     0   10.20408    0   15          -   10.20408      -     -    0s
     0     2   10.20408    0   15          -   10.20408      -     -    0s
* 1043   782              80      17.1071942   10.20408  40.4%  24.5    0s
* 1045   728              81      16.8945097   10.20408  39.6%  24.4    0s
* 1046   726              81      16.8837693   10.20408  39.6%  24.4    0s
H 1147   685                      16.6973124   11.10699  33.5%  25.7    1s
* 1910   893              86      14.2857143   11.42857  20.0%  30.8    1s
H 2197   782                      14.1864390   11.42857  19.4%  28.9    2s
* 2265   727             111      13.9829701   11.42857  18.3%  28.3    2s
* 2288   690             106      13.7424561   11.42857  16.8%  28.1    2s
* 2297   658             103      13.7424560   11.42857  16.8%  28.0    2s
* 2642   512             102      13.7124601   11.42857  16.7%  26.8    2s
* 2650   487             109      13.6978883   11.42857  16.6%  26.7    2s
* 2654   487             111      13.6975522   11.42857  16.6%  26.7    2s
* 2916   557             102      13.5272224   11.42857  15.5%  26.4    2s
* 2922   557             105      13.5266914   11.42857  15.5%  26.3    2s
* 2923   557             106      13.5266835   11.42857  15.5%  26.3    2s
* 2926   557             107      13.5266835   11.42857  15.5%  26.3    2s
* 3134   622             107      13.3996698   11.42857  14.7%  26.0    2s
H 3425   620                      13.2353483   11.42857  13.7%  26.7    2s
* 3525   666             106      13.1547783   11.42857  13.1%  26.5    2s
* 3713   705              97      13.1258257   11.42857  12.9%  26.2    2s
* 3715   705              98      13.1254181   11.42857  12.9%  26.2    2s
* 3716   705              98      13.1253426   11.42857  12.9%  26.2    2s
* 3779   622             110      12.6345167   11.42857  9.54%  26.2    2s
H 4053   465                      12.5000000   11.42857  8.57%  26.3    2s

Cutting planes:
  Gomory: 6
  Implied bound: 2
  Projected implied bound: 3
  MIR: 6
  Flow cover: 12
  RLT: 52
  Relax-and-lift: 5

Explored 4867 nodes (128390 simplex iterations) in 2.98 seconds
Thread count was 8 (of 8 available processors)

Solution count 10: 12.5 12.6345 13.1253 ... 13.5272

Optimal solution found (tolerance 1.00e-04)
Best objective 1.250000000000e+01, best bound 1.250000000000e+01, gap 0.0000%
---------------------------------------------------------------------------

Multi-objectives: optimize objective 2 (res) ...
---------------------------------------------------------------------------


Loaded user MIP start with objective 703.596

Presolve removed 947 rows and 1136 columns
Presolve time: 0.02s
Presolved: 587 rows, 962 columns, 3250 nonzeros
Presolved model has 24 bilinear constraint(s)
Variable types: 890 continuous, 72 integer (56 binary)

Root relaxation: objective 5.754359e+02, 603 iterations, 0.01 seconds

    Nodes    |    Current Node    |     Objective Bounds      |     Work
 Expl Unexpl |  Obj  Depth IntInf | Incumbent    BestBd   Gap | It/Node Time

     0     0  575.43595    0   23  703.59554  575.43595  18.2%     -    3s
     0     0  575.43595    0   36  703.59554  575.43595  18.2%     -    3s
     0     0  575.43595    0   36  703.59554  575.43595  18.2%     -    3s
     0     0  575.43595    0   10  703.59554  575.43595  18.2%     -    3s
     0     0  575.43595    0   15  703.59554  575.43595  18.2%     -    3s
     0     0  575.43595    0   25  703.59554  575.43595  18.2%     -    3s
     0     0  575.43595    0   29  703.59554  575.43595  18.2%     -    3s
     0     0  575.43595    0   23  703.59554  575.43595  18.2%     -    3s
     0     0  575.43595    0   23  703.59554  575.43595  18.2%     -    3s
     0     2  575.43595    0   23  703.59554  575.43595  18.2%     -    3s
H   33    34                     701.7736121  575.43595  18.0%  40.4    3s
H   83    76                     701.6030364  575.43595  18.0%  26.1    3s
*  573   361              89     602.7294637  575.61680  4.50%  18.3    3s
*  575   355              90     602.7284966  575.61680  4.50%  18.3    3s
* 2210   839              89     602.7284965  576.14438  4.41%  16.6    4s
  6222  2498  583.04767   30   19  602.72850  579.12619  3.92%  13.9    5s
 27456  6602  589.46475   35   16  602.72850  584.67797  2.99%  13.7   10s
*38793  8599              72     602.7193196  588.89191  2.29%  12.9   12s
*38803  8599              81     602.7169748  588.89191  2.29%  12.8   12s
*38804  8599              81     602.7168514  588.89191  2.29%  12.8   12s
*38805  8599              80     602.7167215  588.89191  2.29%  12.8   12s
*38806  8599              79     602.7165847  588.89191  2.29%  12.8   12s
*38807  8599              78     602.7164408  588.89191  2.29%  12.8   12s
*38808  8599              77     602.7162893  588.89191  2.29%  12.8   12s
*38809  8599              76     602.7161298  588.89191  2.29%  12.8   12s
H41300  8986                     602.7153556  590.22151  2.07%  12.7   13s
 48058  9903     cutoff   44       602.71536  591.75632  1.82%  12.2   15s
*58333  8966              88     602.6104591  592.44708  1.69%  12.1   17s
 67351  7331     cutoff   49       602.61046  592.98832  1.60%  12.0   20s
 86869  3868     cutoff   36       602.61046  599.92455  0.45%  11.8   25s

Cutting planes:
  Cover: 1
  Implied bound: 4
  MIR: 1
  Flow cover: 1
  RLT: 8
  Relax-and-lift: 2

Explored 98430 nodes (1096737 simplex iterations) in 27.40 seconds
Thread count was 8 (of 8 available processors)

Solution count 10: 602.61 602.715 602.716 ... 602.719

Optimal solution found (tolerance 1.00e-04)
Best objective 6.026104591269e+02, best bound 6.026104591269e+02, gap 0.0000%

---------------------------------------------------------------------------
Multi-objectives: solved in 27.40 seconds, solution count 10

--------------------------------------------------
Model update took: 0.00010538101196289062 seconds
Model optimize took: 27.40038752555847 seconds
--------------------------------------------------

Solution quality statistics for model netmon :
  Maximum violation:
    Bound       : 2.26381414e-14 (mem[5,19])
    Constraint  : 9.69862735e-07
    Integrality : 7.11652959e-14 (cores_sketch_cpu1)

Throughput: 76.18285790468586 Mpps, ns per packet: 13.126312499999976
Resources: 602.6104591268854

Sketch (0) (cm: eps0: 0.000625, del0: 0.05, min_mem: 16.9921875)
Par: 1, Rows: 3
0.000    0.000    0.000    0.000    0.000    0.000    0.000    0.000    0.000    0.000    0.000    0.000    1.000    0.000    0.000    
Total frac: 1.000

Sketch (1) (cm: eps0: 0.000625, del0: 0.05, min_mem: 16.9921875)
Par: 1, Rows: 3
0.000    0.000    0.000    0.000    0.000    0.000    0.600    0.300    0.400    0.400    1.000    0.000    0.000    0.000    0.000    
Total frac: 2.700

Sketch (2) (cm: eps0: 0.000625, del0: 0.05, min_mem: 16.9921875)
Par: 1, Rows: 3
0.000    0.000    0.000    0.000    0.000    0.000    0.000    0.000    0.000    0.000    0.100    0.900    0.000    0.000    0.900    
Total frac: 1.900

Sketch (3) (cm: eps0: 0.000625, del0: 0.05, min_mem: 16.9921875)
Par: 1, Rows: 3
0.000    0.000    0.000    0.000    0.000    0.000    0.000    0.015    0.000    0.000    0.885    0.000    0.000    0.000    0.000    
Total frac: 0.900

Sketch (4) (cm: eps0: 0.000625, del0: 0.05, min_mem: 16.9921875)
Par: 1, Rows: 3
0.000    0.000    0.000    0.000    0.000    0.000    0.000    0.000    0.000    0.000    0.000    0.000    1.000    0.000    0.000    
Total frac: 1.000

Sketch (5) (cm: eps0: 0.000625, del0: 0.05, min_mem: 16.9921875)
Par: 1, Rows: 3
0.000    0.000    0.000    0.000    0.000    0.000    0.000    0.000    0.000    0.000    0.000    0.000    0.000    1.000    0.000    
Total frac: 1.000

Sketch (6) (cm: eps0: 0.000625, del0: 0.05, min_mem: 16.9921875)
Par: 1, Rows: 3
0.000    0.000    0.000    0.000    0.000    0.000    0.000    0.000    0.000    0.000    0.000    0.000    0.000    0.000    1.000    
Total frac: 1.000

Sketch (7) (cm: eps0: 0.000625, del0: 0.05, min_mem: 16.9921875)
Par: 1, Rows: 3
0.000    0.000    0.000    0.000    0.000    0.000    0.000    0.000    0.000    0.000    0.000    0.000    0.000    0.000    0.900    
Total frac: 0.900

Sketch (8) (cm: eps0: 0.000625, del0: 0.05, min_mem: 16.9921875)
Par: 1, Rows: 3
0.000    0.000    0.000    0.000    0.000    0.000    0.000    0.000    0.000    0.000    0.000    0.000    0.000    0.000    1.000    
Total frac: 1.000

Sketch (9) (cm: eps0: 0.000625, del0: 0.05, min_mem: 16.9921875)
Par: 1, Rows: 3
0.000    0.000    0.100    0.000    0.000    0.000    0.000    0.000    0.900    0.000    0.800    0.000    0.000    0.000    0.000    
Total frac: 1.800

Sketch (10) (cm: eps0: 0.000625, del0: 0.05, min_mem: 16.9921875)
Par: 1, Rows: 3
0.000    0.000    0.000    0.000    0.300    0.000    0.000    0.000    0.000    0.000    0.700    0.000    0.000    0.000    0.000    
Total frac: 1.000

Sketch (11) (cm: eps0: 0.000625, del0: 0.05, min_mem: 16.9921875)
Par: 1, Rows: 3
0.000    0.000    0.000    0.000    0.000    0.286    0.000    0.000    0.000    0.900    0.614    0.000    0.000    0.000    0.100    
Total frac: 1.900

Sketch (12) (cm: eps0: 0.000625, del0: 0.05, min_mem: 16.9921875)
Par: 1, Rows: 3
0.000    0.000    0.000    0.000    0.000    0.000    0.000    0.000    0.000    0.000    0.000    0.000    0.000    1.000    0.000    
Total frac: 1.000

Sketch (13) (cm: eps0: 0.000625, del0: 0.05, min_mem: 16.9921875)
Par: 1, Rows: 3
0.000    0.000    0.000    0.000    0.008    0.000    0.161    0.000    0.000    0.000    0.000    0.000    1.000    0.531    0.000    
Total frac: 1.700

Sketch (14) (cm: eps0: 0.000625, del0: 0.05, min_mem: 16.9921875)
Par: 1, Rows: 3
0.000    0.000    0.000    0.000    0.000    0.000    0.000    0.000    0.000    0.000    0.000    0.000    1.000    0.000    0.000    
Total frac: 1.000

Sketch (15) (cm: eps0: 0.000625, del0: 0.05, min_mem: 16.9921875)
Par: 1, Rows: 3
0.000    0.000    0.000    0.000    0.000    0.000    0.000    0.000    0.000    1.000    1.000    0.000    0.000    0.000    0.000    
Total frac: 2.000

Sketch (16) (cm: eps0: 0.000625, del0: 0.05, min_mem: 16.9921875)
Par: 1, Rows: 3
0.000    0.000    0.000    0.000    0.000    0.000    0.000    0.000    0.000    0.700    0.000    0.000    0.000    1.000    0.000    
Total frac: 1.700

Sketch (17) (cm: eps0: 0.000625, del0: 0.05, min_mem: 16.9921875)
Par: 1, Rows: 3
0.000    0.000    0.000    0.000    0.000    0.000    0.000    0.000    1.000    0.700    0.800    0.000    0.000    0.000    0.000    
Total frac: 2.500

Sketch (18) (cm: eps0: 0.000625, del0: 0.05, min_mem: 16.9921875)
Par: 1, Rows: 3
0.000    0.000    0.000    0.000    0.000    0.000    0.000    0.000    0.000    1.000    0.000    0.900    0.000    0.000    0.000    
Total frac: 1.900

Sketch (19) (cm: eps0: 0.000625, del0: 0.05, min_mem: 16.9921875)
Par: 1, Rows: 3
0.000    0.170    0.386    0.000    0.000    -0.000    0.501    0.000    0.228    0.216    0.000    0.299    0.000    0.000    0.000    
Total frac: 1.800

Sketch (20) (cm: eps0: 0.000625, del0: 0.05, min_mem: 16.9921875)
Par: 1, Rows: 3
0.000    0.000    0.000    0.000    0.000    0.000    0.000    0.000    0.700    0.300    0.000    0.000    0.000    0.000    0.700    
Total frac: 1.700

Sketch (21) (cm: eps0: 0.000625, del0: 0.05, min_mem: 16.9921875)
Par: 1, Rows: 3
0.000    0.000    0.000    0.000    0.000    0.000    0.000    0.000    0.000    0.000    0.000    0.000    0.000    0.000    0.900    
Total frac: 0.900

Sketch (22) (cm: eps0: 0.000625, del0: 0.05, min_mem: 16.9921875)
Par: 1, Rows: 3
0.000    0.170    0.386    0.000    0.000    0.000    0.000    0.000    0.228    0.216    0.000    0.000    0.000    0.000    0.000    
Total frac: 1.000

Sketch (23) (cm: eps0: 0.000625, del0: 0.05, min_mem: 16.9921875)
Par: 1, Rows: 3
1.000    0.000    0.000    0.000    0.000    0.000    0.000    0.000    0.000    0.000    0.000    0.800    0.000    0.000    0.000    
Total frac: 1.800

Sketch (24) (cm: eps0: 0.000625, del0: 0.05, min_mem: 16.9921875)
Par: 1, Rows: 3
0.000    0.000    0.000    0.000    0.000    0.000    0.000    0.000    0.000    0.000    0.000    0.800    0.700    0.000    0.000    
Total frac: 1.500

Sketch (25) (cm: eps0: 0.000625, del0: 0.05, min_mem: 16.9921875)
Par: 1, Rows: 3
0.000    0.000    0.000    0.000    0.000    0.000    0.000    0.000    0.000    0.000    0.000    0.000    0.000    1.000    0.000    
Total frac: 1.000

Sketch (26) (cm: eps0: 0.000625, del0: 0.05, min_mem: 16.9921875)
Par: 1, Rows: 3
0.000    0.000    0.000    0.000    0.000    0.000    0.000    0.000    0.000    0.000    0.000    1.000    0.000    0.000    0.000    
Total frac: 1.000

Sketch (27) (cm: eps0: 0.000625, del0: 0.05, min_mem: 16.9921875)
Par: 1, Rows: 3
0.000    0.000    0.000    0.000    0.000    0.000    0.800    0.000    0.000    1.000    0.000    0.000    0.000    0.000    0.000    
Total frac: 1.800

Sketch (28) (cm: eps0: 0.000625, del0: 0.05, min_mem: 16.9921875)
Par: 1, Rows: 3
0.000    0.000    0.000    0.000    0.000    0.000    0.000    0.000    1.000    0.000    0.000    1.000    0.000    0.000    0.000    
Total frac: 2.000

Sketch (29) (cm: eps0: 0.000625, del0: 0.05, min_mem: 16.9921875)
Par: 1, Rows: 3
0.000    0.000    0.000    0.000    0.000    0.000    0.000    0.000    0.000    0.000    0.000    0.000    0.000    0.700    0.300    
Total frac: 1.000

Sketch (30) (cm: eps0: 0.000625, del0: 0.05, min_mem: 16.9921875)
Par: 1, Rows: 3
0.000    0.600    0.000    0.000    0.000    0.000    0.000    0.000    0.000    0.000    0.000    0.000    0.200    0.800    0.000    
Total frac: 1.600

Sketch (31) (cm: eps0: 0.000625, del0: 0.05, min_mem: 16.9921875)
Par: 1, Rows: 3
0.000    0.000    0.000    0.000    0.000    0.000    0.000    0.000    0.800    0.000    0.000    0.000    0.000    1.000    0.000    
Total frac: 1.800

Sketch (32) (cm: eps0: 0.000625, del0: 0.05, min_mem: 16.9921875)
Par: 1, Rows: 3
0.000    0.000    0.000    0.000    0.000    0.000    0.000    0.000    0.000    0.000    0.700    0.000    0.900    0.000    0.000    
Total frac: 1.600

Sketch (33) (cm: eps0: 0.000625, del0: 0.05, min_mem: 16.9921875)
Par: 1, Rows: 3
0.000    0.000    0.000    0.000    0.000    0.000    0.000    0.000    0.000    0.000    0.000    1.000    1.000    0.000    0.000    
Total frac: 2.000

Sketch (34) (cm: eps0: 0.000625, del0: 0.05, min_mem: 16.9921875)
Par: 1, Rows: 3
0.000    0.000    -0.000    0.000    0.700    0.000    0.000    0.000    0.800    0.000    0.000    0.000    0.000    0.000    0.200    
Total frac: 1.700

Sketch (35) (cm: eps0: 0.000625, del0: 0.05, min_mem: 16.9921875)
Par: 1, Rows: 3
0.000    0.000    0.000    0.000    0.000    0.000    0.000    -0.000    0.000    0.000    0.000    1.000    0.000    0.000    0.000    
Total frac: 1.000

Sketch (36) (cm: eps0: 0.000625, del0: 0.05, min_mem: 16.9921875)
Par: 1, Rows: 3
0.000    0.000    0.000    0.000    0.000    0.000    0.000    0.000    0.000    0.000    0.000    0.000    0.000    0.800    0.100    
Total frac: 0.900

Sketch (37) (cm: eps0: 0.000625, del0: 0.05, min_mem: 16.9921875)
Par: 1, Rows: 3
0.000    0.000    0.200    0.362    0.000    0.000    0.000    0.700    0.200    0.438    0.700    0.000    0.000    0.000    0.000    
Total frac: 2.600

Sketch (38) (cm: eps0: 0.000625, del0: 0.05, min_mem: 16.9921875)
Par: 1, Rows: 3
0.000    0.000    0.000    0.000    0.000    1.000    0.000    0.000    1.000    0.000    0.000    0.000    0.000    0.000    0.000    
Total frac: 2.000

Sketch (39) (cm: eps0: 0.000625, del0: 0.05, min_mem: 16.9921875)
Par: 1, Rows: 3
0.000    0.000    0.000    0.000    0.000    0.000    0.000    0.000    0.000    0.000    0.000    0.000    0.000    0.000    1.000    
Total frac: 1.000

Sketch (40) (cm: eps0: 0.000625, del0: 0.05, min_mem: 16.9921875)
Par: 1, Rows: 3
0.000    0.000    0.000    0.000    0.000    0.000    0.000    0.000    0.000    0.000    1.000    0.000    1.000    0.000    0.000    
Total frac: 2.000

Sketch (41) (cm: eps0: 0.000625, del0: 0.05, min_mem: 16.9921875)
Par: 1, Rows: 3
0.000    0.000    0.000    0.000    0.000    0.000    0.000    0.000    0.800    0.100    0.000    0.000    0.000    0.000    0.900    
Total frac: 1.800

Sketch (42) (cm: eps0: 0.000625, del0: 0.05, min_mem: 16.9921875)
Par: 1, Rows: 3
0.000    0.000    0.000    0.000    0.000    0.700    0.000    0.000    0.700    0.200    0.000    0.000    0.000    0.000    0.800    
Total frac: 2.400

Sketch (43) (cm: eps0: 0.000625, del0: 0.05, min_mem: 16.9921875)
Par: 1, Rows: 3
0.000    0.000    0.000    0.000    0.000    0.000    0.000    0.000    0.000    0.000    0.900    0.000    0.000    0.000    0.000    
Total frac: 0.900

Sketch (44) (cm: eps0: 0.000625, del0: 0.05, min_mem: 16.9921875)
Par: 1, Rows: 3
0.000    0.132    0.000    0.000    0.000    0.000    0.000    0.000    0.000    0.000    0.000    0.000    0.768    1.000    0.000    
Total frac: 1.900

Sketch (45) (cm: eps0: 0.000625, del0: 0.05, min_mem: 16.9921875)
Par: 1, Rows: 3
0.000    0.000    0.000    0.000    0.000    0.000    0.000    0.000    0.800    0.000    0.000    0.000    0.000    0.000    0.000    
Total frac: 0.800

Sketch (46) (cm: eps0: 0.000625, del0: 0.05, min_mem: 16.9921875)
Par: 1, Rows: 3
0.000    0.000    0.000    0.000    0.000    0.000    0.000    0.000    0.000    0.000    0.000    0.000    0.000    0.800    0.200    
Total frac: 1.000

Sketch (47) (cm: eps0: 0.000625, del0: 0.05, min_mem: 16.9921875)
Par: 1, Rows: 3
0.000    0.000    0.000    0.900    0.000    0.000    0.000    0.000    0.700    0.000    0.900    0.000    0.000    0.000    0.000    
Total frac: 2.500

Sketch (48) (cm: eps0: 0.000625, del0: 0.05, min_mem: 16.9921875)
Par: 1, Rows: 3
0.000    0.000    0.000    0.000    0.000    0.000    0.000    0.000    0.000    0.000    0.900    0.000    0.000    0.000    0.000    
Total frac: 0.900

Sketch (49) (cm: eps0: 0.000625, del0: 0.05, min_mem: 16.9921875)
Par: 1, Rows: 3
0.000    0.000    0.000    0.800    -0.000    0.000    0.000    0.000    0.900    0.000    0.000    1.000    0.000    0.000    0.000    
Total frac: 2.700

Sketch (50) (cm: eps0: 0.000625, del0: 0.05, min_mem: 16.9921875)
Par: 1, Rows: 3
0.000    0.000    0.000    0.000    0.000    0.000    0.000    0.000    0.000    0.000    0.000    0.000    0.000    0.800    0.200    
Total frac: 1.000

Sketch (51) (cm: eps0: 0.000625, del0: 0.05, min_mem: 16.9921875)
Par: 1, Rows: 3
0.000    0.000    0.000    0.000    0.000    0.000    0.000    0.000    0.000    0.000    0.000    0.000    0.000    0.000    0.900    
Total frac: 0.900

Sketch (52) (cm: eps0: 0.000625, del0: 0.05, min_mem: 16.9921875)
Par: 1, Rows: 3
0.000    0.000    0.000    0.000    0.000    0.000    0.000    0.000    0.000    0.700    0.000    0.000    0.000    0.000    0.300    
Total frac: 1.000

Sketch (53) (cm: eps0: 0.000625, del0: 0.05, min_mem: 16.9921875)
Par: 1, Rows: 3
0.000    0.000    0.000    0.000    0.000    0.000    0.000    0.000    0.000    0.000    0.000    0.800    0.000    0.000    0.200    
Total frac: 1.000

Sketch (54) (cm: eps0: 0.000625, del0: 0.05, min_mem: 16.9921875)
Par: 1, Rows: 3
0.000    0.000    0.000    0.000    0.153    0.000    0.000    0.347    0.000    0.000    0.300    0.000    0.700    0.000    0.000    
Total frac: 1.500

Sketch (55) (cm: eps0: 0.000625, del0: 0.05, min_mem: 16.9921875)
Par: 1, Rows: 3
0.000    0.000    0.000    0.000    0.000    0.000    0.000    0.000    0.000    0.000    0.000    0.000    1.000    0.000    0.000    
Total frac: 1.000

Sketch (56) (cm: eps0: 0.000625, del0: 0.05, min_mem: 16.9921875)
Par: 1, Rows: 3
0.000    0.000    0.000    0.000    0.000    0.000    0.000    0.000    0.000    0.000    0.000    0.000    0.000    0.800    0.200    
Total frac: 1.000

Sketch (57) (cm: eps0: 0.000625, del0: 0.05, min_mem: 16.9921875)
Par: 1, Rows: 3
0.000    0.000    0.000    0.000    0.000    0.000    0.000    0.700    0.000    0.900    0.000    0.000    0.031    0.069    0.000    
Total frac: 1.700

Sketch (58) (cm: eps0: 0.000625, del0: 0.05, min_mem: 16.9921875)
Par: 1, Rows: 3
0.000    0.000    0.000    0.000    0.000    1.000    0.000    0.000    0.000    0.800    0.000    0.000    0.000    0.000    0.000    
Total frac: 1.800

Sketch (59) (cm: eps0: 0.000625, del0: 0.05, min_mem: 16.9921875)
Par: 1, Rows: 3
0.000    0.000    0.000    0.000    0.000    0.000    0.000    0.000    0.000    0.800    0.000    0.000    0.000    0.000    0.100    
Total frac: 0.900

Sketch (60) (cm: eps0: 0.000625, del0: 0.05, min_mem: 16.9921875)
Par: 1, Rows: 3
0.000    0.000    0.000    0.000    0.900    0.000    0.000    0.000    0.000    0.000    0.000    0.000    0.000    0.000    0.000    
Total frac: 0.900

Sketch (61) (cm: eps0: 0.000625, del0: 0.05, min_mem: 16.9921875)
Par: 1, Rows: 3
0.000    0.000    0.000    0.000    0.000    0.000    0.000    0.000    0.000    0.000    0.000    0.000    1.000    0.000    0.000    
Total frac: 1.000

Sketch (62) (cm: eps0: 0.000625, del0: 0.05, min_mem: 16.9921875)
Par: 1, Rows: 3
0.000    0.000    0.000    0.000    0.000    0.000    0.000    0.000    0.000    0.000    0.000    0.900    0.000    0.000    0.100    
Total frac: 1.000

Sketch (63) (cm: eps0: 0.000625, del0: 0.05, min_mem: 16.9921875)
Par: 1, Rows: 3
0.072    0.000    0.000    0.000    0.000    0.000    0.000    0.000    0.000    0.928    0.000    0.900    0.000    0.000    0.000    
Total frac: 1.900

Device (0) cpu1:
cores_sketch: 0.9999999999999288, cores_dpdk: 4.0
Rows total: 3.214617392371431
Mem total: 54.62338147193642
Throughput: 76.18285790468586

Device (1) cpu2:
cores_sketch: 0.9999999999999999, cores_dpdk: 4.0
Rows total: 3.2146173868558967
Mem total: 54.62338137821544
Throughput: 76.18285790468586

Device (2) cpu3:
cores_sketch: 0.9999999999999456, cores_dpdk: 4.0
Rows total: 3.2146173923063253
Mem total: 54.62338147083015
Throughput: 76.18285790468586

Device (3) cpu4:
cores_sketch: 2.0000000000000067, cores_dpdk: 4.0
Rows total: 6.184532611841655
Mem total: 105.08873774027812
Throughput: 76.18285790468586

Device (4) cpu5:
cores_sketch: 1.9999999999999984, cores_dpdk: 4.0
Rows total: 6.184532820229692
Mem total: 105.08874128124673
Throughput: 76.18285790468586

Device (5) cpu6:
cores_sketch: 2.9999999999999867, cores_dpdk: 4.0
Rows total: 8.95834965777533
Mem total: 152.22195707547922
Throughput: 76.18285790468586

Device (6) cpu7:
cores_sketch: 1.9999999999999984, cores_dpdk: 4.0
Rows total: 6.1845327479251315
Mem total: 105.08874005263407
Throughput: 76.18285790468586

Device (7) cpu8:
cores_sketch: 1.9999999999999996, cores_dpdk: 4.0
Rows total: 6.1845326283330255
Mem total: 105.08873802050257
Throughput: 76.18285790468586

Device (8) tor_p41:
Rows total: 33.470012189947724
Mem total: 568.7287227588773
Throughput: 148.0

Device (9) tor_p42:
Rows total: 33.89793103448276
Mem total: 576.0
Throughput: 148.0

Device (10) tor_p43:
Rows total: 33.89793103448276
Mem total: 576.0
Throughput: 148.0

Device (11) tor_p44:
Rows total: 33.89793103448276
Mem total: 576.0
Throughput: 148.0

Device (12) l1_p41:
Rows total: 33.89793103448276
Mem total: 576.0
Throughput: 148.0

Device (13) l1_p42:
Rows total: 33.89793103448276
Mem total: 576.0
Throughput: 148.0

Device (14) l2_p4:
Rows total: 33.0
Mem total: 560.7421875
Throughput: 148.0
--------------------------------------------------
