Using license file /home/anup/gurobi.lic
Academic license - for non-commercial use only

--------------------------------------------------
Model update took: 0.0009281635284423828 seconds
Model optimize took: 0.03586983680725098 seconds
--------------------------------------------------

Sketch (0) (cm: eps0: 0.000625, del0: 0.05, min_mem: 16.9921875)
Par: 1, Rows: 3
0.000    0.000    0.000    0.000    0.000    0.000    0.000    0.000    0.000    0.000    0.000    0.000    0.800    0.000    0.200    
Total frac: 1.000

Sketch (1) (cm: eps0: 0.000625, del0: 0.05, min_mem: 16.9921875)
Par: 1, Rows: 3
0.000    0.200    0.600    0.000    0.300    0.700    0.200    0.700    0.000    0.000    0.000    0.000    0.000    0.000    0.000    
Total frac: 2.700

Sketch (2) (cm: eps0: 0.000625, del0: 0.05, min_mem: 16.9921875)
Par: 1, Rows: 3
0.100    0.000    0.000    0.000    0.100    0.000    0.900    0.000    0.000    0.000    0.000    0.000    0.000    0.000    0.800    
Total frac: 1.900

Sketch (3) (cm: eps0: 0.000625, del0: 0.05, min_mem: 16.9921875)
Par: 1, Rows: 3
0.000    0.000    0.000    0.000    0.000    0.000    0.000    0.200    0.000    0.000    0.700    0.000    0.000    0.000    0.000    
Total frac: 0.900

Sketch (4) (cm: eps0: 0.000625, del0: 0.05, min_mem: 16.9921875)
Par: 1, Rows: 3
0.000    0.000    0.000    0.000    0.000    0.000    0.000    0.000    0.000    0.100    0.000    0.000    0.800    0.000    0.100    
Total frac: 1.000

Sketch (5) (cm: eps0: 0.000625, del0: 0.05, min_mem: 16.9921875)
Par: 1, Rows: 3
0.000    0.000    0.000    0.000    0.000    0.000    0.200    0.000    0.000    0.000    0.100    0.000    0.000    0.700    0.000    
Total frac: 1.000

Sketch (6) (cm: eps0: 0.000625, del0: 0.05, min_mem: 16.9921875)
Par: 1, Rows: 3
0.000    0.000    0.000    0.000    0.000    0.000    0.000    0.000    0.000    0.000    0.000    0.000    0.000    0.000    1.000    
Total frac: 1.000

Sketch (7) (cm: eps0: 0.000625, del0: 0.05, min_mem: 16.9921875)
Par: 1, Rows: 3
0.000    0.000    0.000    0.900    0.000    0.000    0.000    0.000    0.000    0.000    0.000    0.000    0.000    0.000    0.000    
Total frac: 0.900

Sketch (8) (cm: eps0: 0.000625, del0: 0.05, min_mem: 16.9921875)
Par: 1, Rows: 3
1.000    0.000    0.000    0.000    0.000    0.000    0.000    0.000    0.000    0.000    0.000    0.000    0.000    0.000    0.000    
Total frac: 1.000

Sketch (9) (cm: eps0: 0.000625, del0: 0.05, min_mem: 16.9921875)
Par: 1, Rows: 3
0.900    0.000    0.100    0.000    0.200    0.000    0.000    0.000    0.000    0.000    0.600    0.000    0.000    0.000    0.000    
Total frac: 1.800

Sketch (10) (cm: eps0: 0.000625, del0: 0.05, min_mem: 16.9921875)
Par: 1, Rows: 3
0.000    0.000    0.000    0.000    0.000    0.000    0.100    0.000    0.000    0.000    0.900    0.000    0.000    0.000    0.000    
Total frac: 1.000

Sketch (11) (cm: eps0: 0.000625, del0: 0.05, min_mem: 16.9921875)
Par: 1, Rows: 3
0.000    0.000    0.100    0.000    0.900    0.000    0.000    0.000    0.000    0.900    0.000    0.000    0.000    0.000    0.000    
Total frac: 1.900

Sketch (12) (cm: eps0: 0.000625, del0: 0.05, min_mem: 16.9921875)
Par: 1, Rows: 3
0.000    0.000    0.000    0.000    1.000    0.000    0.000    0.000    0.000    0.000    0.000    0.000    0.000    0.000    0.000    
Total frac: 1.000

Sketch (13) (cm: eps0: 0.000625, del0: 0.05, min_mem: 16.9921875)
Par: 1, Rows: 3
0.000    0.150    0.000    0.000    0.000    0.000    0.000    0.000    0.850    0.000    0.700    0.000    0.000    0.000    0.000    
Total frac: 1.700

Sketch (14) (cm: eps0: 0.000625, del0: 0.05, min_mem: 16.9921875)
Par: 1, Rows: 3
0.000    0.000    0.000    0.000    0.000    0.000    0.000    0.000    0.000    0.000    0.000    0.000    1.000    0.000    0.000    
Total frac: 1.000

Sketch (15) (cm: eps0: 0.000625, del0: 0.05, min_mem: 16.9921875)
Par: 1, Rows: 3
0.000    0.500    0.100    0.000    0.000    0.000    0.000    0.200    0.000    0.000    0.600    0.200    0.400    0.000    0.000    
Total frac: 2.000

Sketch (16) (cm: eps0: 0.000625, del0: 0.05, min_mem: 16.9921875)
Par: 1, Rows: 3
0.000    0.000    0.700    0.000    0.000    0.000    0.000    0.000    0.100    0.000    0.000    0.000    0.000    0.900    0.000    
Total frac: 1.700

Sketch (17) (cm: eps0: 0.000625, del0: 0.05, min_mem: 16.9921875)
Par: 1, Rows: 3
0.200    0.000    0.700    0.000    0.100    0.700    0.000    0.000    0.000    0.000    0.000    0.000    0.800    0.000    0.000    
Total frac: 2.500

Sketch (18) (cm: eps0: 0.000625, del0: 0.05, min_mem: 16.9921875)
Par: 1, Rows: 3
0.100    0.000    0.000    0.100    0.000    0.000    0.000    0.900    0.000    0.800    0.000    0.000    0.000    0.000    0.000    
Total frac: 1.900

Sketch (19) (cm: eps0: 0.000625, del0: 0.05, min_mem: 16.9921875)
Par: 1, Rows: 3
0.000    0.428    0.572    0.000    0.000    0.000    0.000    0.800    0.000    0.000    0.000    0.000    0.000    0.000    0.000    
Total frac: 1.800

Sketch (20) (cm: eps0: 0.000625, del0: 0.05, min_mem: 16.9921875)
Par: 1, Rows: 3
0.000    0.000    0.000    0.400    0.000    0.000    0.000    0.000    0.700    0.300    0.000    0.000    0.000    0.000    0.300    
Total frac: 1.700

Sketch (21) (cm: eps0: 0.000625, del0: 0.05, min_mem: 16.9921875)
Par: 1, Rows: 3
0.000    0.000    0.000    0.000    0.000    0.000    0.000    0.000    0.000    0.000    0.000    0.000    0.000    0.000    0.900    
Total frac: 0.900

Sketch (22) (cm: eps0: 0.000625, del0: 0.05, min_mem: 16.9921875)
Par: 1, Rows: 3
0.000    0.428    0.572    0.000    0.000    0.000    0.000    0.000    0.000    0.000    0.000    0.000    0.000    0.000    0.000    
Total frac: 1.000

Sketch (23) (cm: eps0: 0.000625, del0: 0.05, min_mem: 16.9921875)
Par: 1, Rows: 3
1.000    0.000    0.000    0.000    0.000    0.000    0.100    0.100    0.000    0.000    0.000    0.600    0.000    0.000    0.000    
Total frac: 1.800

Sketch (24) (cm: eps0: 0.000625, del0: 0.05, min_mem: 16.9921875)
Par: 1, Rows: 3
0.000    0.000    0.000    0.250    0.000    0.000    0.000    0.350    0.450    0.000    0.000    0.200    0.000    0.250    0.000    
Total frac: 1.500

Sketch (25) (cm: eps0: 0.000625, del0: 0.05, min_mem: 16.9921875)
Par: 1, Rows: 3
0.000    0.000    0.000    0.000    0.000    0.000    0.000    0.200    0.000    0.000    0.200    0.000    0.000    0.600    0.000    
Total frac: 1.000

Sketch (26) (cm: eps0: 0.000625, del0: 0.05, min_mem: 16.9921875)
Par: 1, Rows: 3
0.000    0.000    0.000    0.000    0.100    0.000    0.000    0.000    0.000    0.000    0.000    0.273    0.000    0.627    0.000    
Total frac: 1.000

Sketch (27) (cm: eps0: 0.000625, del0: 0.05, min_mem: 16.9921875)
Par: 1, Rows: 3
0.000    0.000    0.470    0.100    0.000    0.000    0.330    0.000    0.000    0.430    0.000    0.470    0.000    0.000    0.000    
Total frac: 1.800

Sketch (28) (cm: eps0: 0.000625, del0: 0.05, min_mem: 16.9921875)
Par: 1, Rows: 3
0.000    0.000    0.300    0.000    0.000    0.000    0.300    0.200    0.500    0.200    0.000    0.500    0.000    0.000    0.000    
Total frac: 2.000

Sketch (29) (cm: eps0: 0.000625, del0: 0.05, min_mem: 16.9921875)
Par: 1, Rows: 3
0.000    0.000    0.300    0.000    0.000    0.000    0.000    0.000    0.000    0.000    0.700    0.000    0.000    0.000    0.000    
Total frac: 1.000

Sketch (30) (cm: eps0: 0.000625, del0: 0.05, min_mem: 16.9921875)
Par: 1, Rows: 3
0.000    0.000    0.000    0.323    0.000    0.000    0.277    0.000    0.477    0.000    0.523    0.000    0.000    0.000    0.000    
Total frac: 1.600

Sketch (31) (cm: eps0: 0.000625, del0: 0.05, min_mem: 16.9921875)
Par: 1, Rows: 3
0.100    0.700    0.000    0.000    0.000    0.000    0.000    0.000    0.000    0.000    0.000    1.000    0.000    0.000    0.000    
Total frac: 1.800

Sketch (32) (cm: eps0: 0.000625, del0: 0.05, min_mem: 16.9921875)
Par: 1, Rows: 3
0.000    0.000    0.493    0.000    0.000    0.207    0.000    0.000    0.000    0.000    0.100    0.000    0.407    0.393    0.000    
Total frac: 1.600

Sketch (33) (cm: eps0: 0.000625, del0: 0.05, min_mem: 16.9921875)
Par: 1, Rows: 3
0.000    0.000    0.000    0.000    0.000    0.000    0.100    0.100    0.000    0.100    0.000    0.800    0.900    0.000    0.000    
Total frac: 2.000

Sketch (34) (cm: eps0: 0.000625, del0: 0.05, min_mem: 16.9921875)
Par: 1, Rows: 3
0.200    0.000    0.000    0.000    0.600    0.100    0.000    0.000    0.800    0.000    0.000    0.000    0.000    0.000    0.000    
Total frac: 1.700

Sketch (35) (cm: eps0: 0.000625, del0: 0.05, min_mem: 16.9921875)
Par: 1, Rows: 3
0.000    0.000    0.000    0.000    0.000    0.000    1.000    0.000    0.000    0.000    0.000    0.000    0.000    0.000    0.000    
Total frac: 1.000

Sketch (36) (cm: eps0: 0.000625, del0: 0.05, min_mem: 16.9921875)
Par: 1, Rows: 3
0.000    0.000    0.000    0.000    0.000    0.000    0.000    0.000    0.000    0.000    0.000    0.000    0.000    0.800    0.100    
Total frac: 0.900

Sketch (37) (cm: eps0: 0.000625, del0: 0.05, min_mem: 16.9921875)
Par: 1, Rows: 3
0.200    0.000    0.000    1.000    0.000    0.700    0.700    0.000    0.000    0.000    0.000    0.000    0.000    0.000    0.000    
Total frac: 2.600

Sketch (38) (cm: eps0: 0.000625, del0: 0.05, min_mem: 16.9921875)
Par: 1, Rows: 3
0.000    1.000    0.000    0.000    0.000    1.000    0.000    0.000    0.000    0.000    0.000    0.000    0.000    0.000    0.000    
Total frac: 2.000

Sketch (39) (cm: eps0: 0.000625, del0: 0.05, min_mem: 16.9921875)
Par: 1, Rows: 3
0.000    0.000    0.000    0.033    0.000    0.000    0.000    0.000    0.000    0.967    0.000    0.000    0.000    0.000    0.000    
Total frac: 1.000

Sketch (40) (cm: eps0: 0.000625, del0: 0.05, min_mem: 16.9921875)
Par: 1, Rows: 3
0.000    1.000    0.000    0.000    1.000    0.000    0.000    0.000    0.000    0.000    0.000    0.000    0.000    0.000    0.000    
Total frac: 2.000

Sketch (41) (cm: eps0: 0.000625, del0: 0.05, min_mem: 16.9921875)
Par: 1, Rows: 3
0.100    0.000    0.000    0.600    0.000    0.000    0.000    0.300    0.700    0.100    0.000    0.000    0.000    0.000    0.000    
Total frac: 1.800

Sketch (42) (cm: eps0: 0.000625, del0: 0.05, min_mem: 16.9921875)
Par: 1, Rows: 3
0.307    0.000    0.000    0.200    0.000    0.700    0.000    0.047    0.393    0.753    0.000    0.000    0.000    0.000    0.000    
Total frac: 2.400

Sketch (43) (cm: eps0: 0.000625, del0: 0.05, min_mem: 16.9921875)
Par: 1, Rows: 3
0.000    0.000    0.000    0.000    0.017    0.000    0.200    0.000    0.000    0.000    0.683    0.000    0.000    0.000    0.000    
Total frac: 0.900

Sketch (44) (cm: eps0: 0.000625, del0: 0.05, min_mem: 16.9921875)
Par: 1, Rows: 3
0.000    0.000    0.000    0.100    0.390    0.000    0.000    0.610    0.800    0.000    0.000    0.000    0.000    0.000    0.000    
Total frac: 1.900

Sketch (45) (cm: eps0: 0.000625, del0: 0.05, min_mem: 16.9921875)
Par: 1, Rows: 3
0.000    0.800    0.000    0.000    0.000    0.000    0.000    0.000    0.000    0.000    0.000    0.000    0.000    0.000    0.000    
Total frac: 0.800

Sketch (46) (cm: eps0: 0.000625, del0: 0.05, min_mem: 16.9921875)
Par: 1, Rows: 3
0.000    0.000    0.000    0.000    0.000    0.000    0.000    0.000    0.037    0.000    0.000    0.063    0.000    0.737    0.163    
Total frac: 1.000

Sketch (47) (cm: eps0: 0.000625, del0: 0.05, min_mem: 16.9921875)
Par: 1, Rows: 3
0.700    0.000    0.100    0.200    0.000    0.900    0.000    0.000    0.000    0.600    0.000    0.000    0.000    0.000    0.000    
Total frac: 2.500

Sketch (48) (cm: eps0: 0.000625, del0: 0.05, min_mem: 16.9921875)
Par: 1, Rows: 3
0.000    0.000    0.000    0.000    0.700    0.200    0.000    0.000    0.000    0.000    0.000    0.000    0.000    0.000    0.000    
Total frac: 0.900

Sketch (49) (cm: eps0: 0.000625, del0: 0.05, min_mem: 16.9921875)
Par: 1, Rows: 3
0.400    0.500    0.000    0.200    0.000    0.000    0.700    0.300    0.000    0.300    0.000    0.000    0.000    0.000    0.300    
Total frac: 2.700

Sketch (50) (cm: eps0: 0.000625, del0: 0.05, min_mem: 16.9921875)
Par: 1, Rows: 3
0.000    0.000    0.200    0.000    0.000    0.000    0.000    0.000    0.000    0.000    0.100    0.000    0.000    0.700    0.000    
Total frac: 1.000

Sketch (51) (cm: eps0: 0.000625, del0: 0.05, min_mem: 16.9921875)
Par: 1, Rows: 3
0.000    0.000    0.000    0.900    0.000    0.000    0.000    0.000    0.000    0.000    0.000    0.000    0.000    0.000    0.000    
Total frac: 0.900

Sketch (52) (cm: eps0: 0.000625, del0: 0.05, min_mem: 16.9921875)
Par: 1, Rows: 3
0.000    0.000    0.100    0.000    0.000    0.000    0.000    0.000    0.000    0.600    0.000    0.000    0.000    0.000    0.300    
Total frac: 1.000

Sketch (53) (cm: eps0: 0.000625, del0: 0.05, min_mem: 16.9921875)
Par: 1, Rows: 3
0.000    0.000    0.000    0.000    0.000    0.000    0.000    0.200    0.000    0.000    0.000    0.800    0.000    0.000    0.000    
Total frac: 1.000

Sketch (54) (cm: eps0: 0.000625, del0: 0.05, min_mem: 16.9921875)
Par: 1, Rows: 3
0.000    0.000    0.000    0.000    0.000    0.000    0.000    0.500    0.300    0.000    0.300    0.000    0.400    0.000    0.000    
Total frac: 1.500

Sketch (55) (cm: eps0: 0.000625, del0: 0.05, min_mem: 16.9921875)
Par: 1, Rows: 3
0.000    0.300    0.000    0.000    0.000    0.000    0.000    0.000    0.000    0.000    0.000    0.000    0.000    0.000    0.700    
Total frac: 1.000

Sketch (56) (cm: eps0: 0.000625, del0: 0.05, min_mem: 16.9921875)
Par: 1, Rows: 3
0.000    0.000    0.000    0.000    0.000    0.000    0.000    0.300    0.000    0.000    0.000    0.000    0.000    0.500    0.200    
Total frac: 1.000

Sketch (57) (cm: eps0: 0.000625, del0: 0.05, min_mem: 16.9921875)
Par: 1, Rows: 3
0.000    0.000    0.000    0.000    0.000    0.000    0.700    0.000    0.000    0.057    0.000    0.000    0.000    0.000    0.943    
Total frac: 1.700

Sketch (58) (cm: eps0: 0.000625, del0: 0.05, min_mem: 16.9921875)
Par: 1, Rows: 3
0.000    0.000    0.800    0.000    0.000    1.000    0.000    0.000    0.000    0.000    0.000    0.000    0.000    0.000    0.000    
Total frac: 1.800

Sketch (59) (cm: eps0: 0.000625, del0: 0.05, min_mem: 16.9921875)
Par: 1, Rows: 3
0.000    0.000    0.000    0.900    0.000    0.000    0.000    0.000    0.000    0.000    0.000    0.000    0.000    0.000    0.000    
Total frac: 0.900

Sketch (60) (cm: eps0: 0.000625, del0: 0.05, min_mem: 16.9921875)
Par: 1, Rows: 3
0.000    0.000    0.000    0.000    0.800    0.000    0.100    0.000    0.000    0.000    0.000    0.000    0.000    0.000    0.000    
Total frac: 0.900

Sketch (61) (cm: eps0: 0.000625, del0: 0.05, min_mem: 16.9921875)
Par: 1, Rows: 3
0.000    0.200    0.000    0.000    0.000    0.000    0.000    0.000    0.000    0.000    0.000    0.000    0.700    0.000    0.100    
Total frac: 1.000

Sketch (62) (cm: eps0: 0.000625, del0: 0.05, min_mem: 16.9921875)
Par: 1, Rows: 3
0.000    0.000    0.000    0.000    0.000    0.000    0.300    0.000    0.000    0.000    0.000    0.600    0.000    0.000    0.100    
Total frac: 1.000

Sketch (63) (cm: eps0: 0.000625, del0: 0.05, min_mem: 16.9921875)
Par: 1, Rows: 3
0.900    0.000    0.000    0.000    0.000    0.000    0.000    0.200    0.100    0.000    0.000    0.700    0.000    0.000    0.000    
Total frac: 1.900

Device (0) cpu1:
Rows total: 18.62
Mem total: 316.39453125

Device (1) cpu2:
Rows total: 18.62
Mem total: 316.39453125

Device (2) cpu3:
Rows total: 18.62
Mem total: 316.39453125

Device (3) cpu4:
Rows total: 18.619999999999997
Mem total: 316.39453125

Device (4) cpu5:
Rows total: 18.62
Mem total: 316.39453125

Device (5) cpu6:
Rows total: 18.619999999999997
Mem total: 316.39453125

Device (6) cpu7:
Rows total: 18.62
Mem total: 316.39453125

Device (7) cpu8:
Rows total: 18.619999999999997
Mem total: 316.39453125

Device (8) tor_p41:
Rows total: 18.619999999999997
Mem total: 316.39453125

Device (9) tor_p42:
Rows total: 18.619999999999997
Mem total: 316.39453125

Device (10) tor_p43:
Rows total: 18.619999999999997
Mem total: 316.39453125

Device (11) tor_p44:
Rows total: 18.62
Mem total: 316.39453125

Device (12) l1_p41:
Rows total: 18.62
Mem total: 316.39453125

Device (13) l1_p42:
Rows total: 18.620000000000005
Mem total: 316.39453125

Device (14) l2_p4:
Rows total: 18.62
Mem total: 316.39453125
--------------------------------------------------
Infeasible placement
