Using license file /home/anupa/gurobi.lic
Academic license - for non-commercial use only

Gurobi Optimizer version 9.0.0 build v9.0.0rc2 (linux64)
Optimize a model with 505 rows, 888 columns and 1847 nonzeros
Model fingerprint: 0x037759ce
Model has 4 general constraints
Variable types: 468 continuous, 420 integer (420 binary)
Coefficient statistics:
  Matrix range     [1e+00, 5e+00]
  Objective range  [1e+00, 1e+00]
  Bounds range     [1e+00, 3e+04]
  RHS range        [1e+00, 5e+01]

---------------------------------------------------------------------------
Multi-objectives: starting optimization with 8 objectives ... 
---------------------------------------------------------------------------

Multi-objectives: applying initial presolve ...
---------------------------------------------------------------------------

Presolve added 0 rows and 59 columns
Presolve removed 2 rows and 0 columns
Presolve time: 0.00s
Presolved: 503 rows and 947 columns
---------------------------------------------------------------------------

Multi-objectives: optimize objective 1 (tot_rows_cpu) ...
---------------------------------------------------------------------------

Presolve removed 400 rows and 765 columns
Presolve time: 0.00s
Presolved: 103 rows, 182 columns, 340 nonzeros
Presolved model has 40 SOS constraint(s)
Variable types: 62 continuous, 120 integer (100 binary)
Found heuristic solution: objective 12.0000000

Root relaxation: cutoff, 61 iterations, 0.00 seconds

    Nodes    |    Current Node    |     Objective Bounds      |     Work
 Expl Unexpl |  Obj  Depth IntInf | Incumbent    BestBd   Gap | It/Node Time

     0     0     cutoff    0        12.00000   12.00000  0.00%     -    0s

Explored 0 nodes (61 simplex iterations) in 0.01 seconds
Thread count was 12 (of 12 available processors)

Solution count 1: 12 

Optimal solution found (tolerance 1.00e-04)
Best objective 1.200000000000e+01, best bound 1.200000000000e+01, gap 0.0000%
---------------------------------------------------------------------------

Multi-objectives: optimize objective 2 (cpu_rows_load) ...
---------------------------------------------------------------------------


Loaded user MIP start with objective 6

Presolve removed 400 rows and 765 columns
Presolve time: 0.00s
Presolved: 104 rows, 182 columns, 360 nonzeros
Presolved model has 40 SOS constraint(s)
Variable types: 62 continuous, 120 integer (100 binary)

Root relaxation: objective 6.000000e-01, 93 iterations, 0.00 seconds

    Nodes    |    Current Node    |     Objective Bounds      |     Work
 Expl Unexpl |  Obj  Depth IntInf | Incumbent    BestBd   Gap | It/Node Time

     0     0    0.60000    0   54    6.00000    0.60000  90.0%     -    0s
H    0     0                       3.0000000    0.60000  80.0%     -    0s

Cutting planes:
  Gomory: 14

Explored 1 nodes (136 simplex iterations) in 0.01 seconds
Thread count was 12 (of 12 available processors)

Solution count 2: 3 6 

Optimal solution found (tolerance 1.00e-04)
Best objective 3.000000000000e+00, best bound 3.000000000000e+00, gap 0.0000%
---------------------------------------------------------------------------

Multi-objectives: optimize objective 3 (tot_rows_p4) ...
---------------------------------------------------------------------------


Loaded user MIP start with objective 48

Presolve removed 381 rows and 764 columns
Presolve time: 0.00s
Presolved: 124 rows, 183 columns, 401 nonzeros
Presolved model has 20 SOS constraint(s)
Variable types: 62 continuous, 121 integer (120 binary)

Root relaxation: infeasible, 76 iterations, 0.00 seconds

    Nodes    |    Current Node    |     Objective Bounds      |     Work
 Expl Unexpl |  Obj  Depth IntInf | Incumbent    BestBd   Gap | It/Node Time

     0     0 infeasible    0        48.00000   48.00000  0.00%     -    0s

Explored 0 nodes (76 simplex iterations) in 0.02 seconds
Thread count was 12 (of 12 available processors)

Solution count 1: 48 

Optimal solution found (tolerance 1.00e-04)
Best objective 4.800000000000e+01, best bound 4.800000000000e+01, gap 0.0000%
---------------------------------------------------------------------------

Multi-objectives: optimize objective 4 (p4_rows_load) ...
---------------------------------------------------------------------------


Loaded user MIP start with objective 48

Presolve removed 382 rows and 764 columns
Presolve time: 0.00s
Presolved: 124 rows, 183 columns, 401 nonzeros
Presolved model has 20 SOS constraint(s)
Variable types: 62 continuous, 121 integer (120 binary)

Root relaxation: infeasible, 76 iterations, 0.00 seconds

    Nodes    |    Current Node    |     Objective Bounds      |     Work
 Expl Unexpl |  Obj  Depth IntInf | Incumbent    BestBd   Gap | It/Node Time

     0     0 infeasible    0        48.00000   48.00000  0.00%     -    0s

Explored 0 nodes (76 simplex iterations) in 0.02 seconds
Thread count was 12 (of 12 available processors)

Solution count 1: 48 

Optimal solution found (tolerance 1.00e-04)
Best objective 4.800000000000e+01, best bound 4.800000000000e+01, gap 0.0000%
---------------------------------------------------------------------------

Multi-objectives: optimize objective 5 (tot_mem_cpu) ...
---------------------------------------------------------------------------


Loaded user MIP start with objective 101.953

Presolve removed 383 rows and 765 columns
Presolve time: 0.00s
Presolved: 124 rows, 182 columns, 400 nonzeros
Presolved model has 20 SOS constraint(s)
Variable types: 62 continuous, 120 integer (120 binary)

Root relaxation: objective 2.039062e+01, 84 iterations, 0.00 seconds

    Nodes    |    Current Node    |     Objective Bounds      |     Work
 Expl Unexpl |  Obj  Depth IntInf | Incumbent    BestBd   Gap | It/Node Time

*    0     0               0      20.3906250   20.39062  0.00%     -    0s

Explored 0 nodes (84 simplex iterations) in 0.02 seconds
Thread count was 12 (of 12 available processors)

Solution count 2: 20.3906 101.953 

Optimal solution found (tolerance 1.00e-04)
Best objective 2.039062500000e+01, best bound 2.039062500000e+01, gap 0.0000%
---------------------------------------------------------------------------

Multi-objectives: optimize objective 6 (cpu_load_mem) ...
---------------------------------------------------------------------------


Loaded user MIP start with objective 5.09766

Presolve removed 384 rows and 766 columns
Presolve time: 0.00s
Presolved: 124 rows, 181 columns, 419 nonzeros
Presolved model has 20 SOS constraint(s)
Variable types: 61 continuous, 120 integer (120 binary)

Root relaxation: objective 1.019531e+00, 103 iterations, 0.00 seconds

    Nodes    |    Current Node    |     Objective Bounds      |     Work
 Expl Unexpl |  Obj  Depth IntInf | Incumbent    BestBd   Gap | It/Node Time

     0     0    1.01953    0   53    5.09766    1.01953  80.0%     -    0s

Cutting planes:
  Gomory: 14

Explored 1 nodes (142 simplex iterations) in 0.03 seconds
Thread count was 12 (of 12 available processors)

Solution count 1: 5.09766 

Optimal solution found (tolerance 1.00e-04)
Best objective 5.097656250000e+00, best bound 5.097656250000e+00, gap 0.0000%
---------------------------------------------------------------------------

Multi-objectives: optimize objective 7 (tot_mem_p4) ...
---------------------------------------------------------------------------


Loaded user MIP start with objective 576

Presolve removed 384 rows and 784 columns
Presolve time: 0.00s
Presolved: 125 rows, 163 columns, 422 nonzeros
Found heuristic solution: objective 81.5625000
Variable types: 42 continuous, 121 integer (120 binary)

Root relaxation: infeasible, 67 iterations, 0.00 seconds

    Nodes    |    Current Node    |     Objective Bounds      |     Work
 Expl Unexpl |  Obj  Depth IntInf | Incumbent    BestBd   Gap | It/Node Time

     0     0 infeasible    0        81.56250   81.56250  0.00%     -    0s

Explored 0 nodes (67 simplex iterations) in 0.03 seconds
Thread count was 12 (of 12 available processors)

Solution count 2: 81.5625 576 

Optimal solution found (tolerance 1.00e-04)
Best objective 8.156250000000e+01, best bound 8.156250000000e+01, gap 0.0000%
---------------------------------------------------------------------------

Multi-objectives: optimize objective 8 (p4_load_mem) ...
---------------------------------------------------------------------------


Loaded user MIP start with objective 81.5625

Presolve removed 385 rows and 784 columns
Presolve time: 0.00s
Presolved: 125 rows, 163 columns, 422 nonzeros
Variable types: 42 continuous, 121 integer (120 binary)

Root relaxation: infeasible, 67 iterations, 0.00 seconds

    Nodes    |    Current Node    |     Objective Bounds      |     Work
 Expl Unexpl |  Obj  Depth IntInf | Incumbent    BestBd   Gap | It/Node Time

     0     0 infeasible    0        81.56250   81.56250  0.00%     -    0s

Explored 0 nodes (67 simplex iterations) in 0.03 seconds
Thread count was 12 (of 12 available processors)

Solution count 1: 81.5625 

Optimal solution found (tolerance 1.00e-04)
Best objective 8.156250000000e+01, best bound 8.156250000000e+01, gap 0.0000%

---------------------------------------------------------------------------
Multi-objectives: solved in 0.03 seconds, solution count 4

--------------------------------------------------
Model update took: 0.00036406517028808594 seconds
Model optimize took: 0.033885955810546875 seconds
--------------------------------------------------

Solution quality statistics for model netmon :
  Maximum violation:
    Bound       : 0.00000000e+00
    Constraint  : 0.00000000e+00
    Integrality : 0.00000000e+00

Sketch (0) (cm: eps0: 0.00625, del0: 0.05, min_mem: 1.69921875)
Par: 1, Rows: 3
0.000    0.000    0.000    0.000    0.000    0.000    0.000    0.000    0.000    0.000    0.000    0.000    0.000    0.000    0.000    0.000    0.000    0.000    0.000    0.000    1.000    
Total frac: 1.000

Sketch (1) (cm: eps0: 0.00625, del0: 0.05, min_mem: 1.69921875)
Par: 1, Rows: 3
0.000    0.000    0.000    0.000    0.000    0.000    0.000    0.000    0.000    0.000    0.000    0.000    0.000    0.000    0.000    0.000    0.000    0.000    0.000    0.000    1.000    
Total frac: 1.000

Sketch (2) (cm: eps0: 0.00625, del0: 0.05, min_mem: 1.69921875)
Par: 1, Rows: 3
0.000    0.000    0.000    0.000    0.000    0.000    0.000    0.000    0.000    0.000    0.000    0.000    0.000    0.000    0.000    0.000    0.000    0.000    0.000    0.000    1.000    
Total frac: 1.000

Sketch (3) (cm: eps0: 0.00625, del0: 0.05, min_mem: 1.69921875)
Par: 1, Rows: 3
0.000    0.000    0.000    0.000    0.000    0.000    0.000    0.000    0.000    0.000    0.000    0.000    0.000    0.000    0.000    0.000    0.000    0.000    0.000    0.000    1.000    
Total frac: 1.000

Sketch (4) (cm: eps0: 0.00625, del0: 0.05, min_mem: 1.69921875)
Par: 1, Rows: 3
0.000    0.000    0.000    0.000    0.000    0.000    0.000    0.000    0.000    0.000    0.000    0.000    0.000    0.000    0.000    0.000    0.000    0.000    0.000    0.000    1.000    
Total frac: 1.000

Sketch (5) (cm: eps0: 0.00625, del0: 0.05, min_mem: 1.69921875)
Par: 1, Rows: 3
0.000    0.000    0.000    0.000    0.000    0.000    0.000    0.000    0.000    0.000    0.000    0.000    0.000    0.000    0.000    0.000    0.000    0.000    0.000    0.000    1.000    
Total frac: 1.000

Sketch (6) (cm: eps0: 0.00625, del0: 0.05, min_mem: 1.69921875)
Par: 1, Rows: 3
0.000    0.000    0.000    0.000    0.000    0.000    0.000    0.000    0.000    0.000    0.000    0.000    0.000    0.000    0.000    0.000    0.000    0.000    0.000    0.000    1.000    
Total frac: 1.000

Sketch (7) (cm: eps0: 0.00625, del0: 0.05, min_mem: 1.69921875)
Par: 1, Rows: 3
0.000    0.000    0.000    0.000    0.000    0.000    0.000    0.000    0.000    0.000    0.000    0.000    0.000    0.000    0.000    0.000    0.000    0.000    0.000    0.000    1.000    
Total frac: 1.000

Sketch (8) (cm: eps0: 0.00625, del0: 0.05, min_mem: 1.69921875)
Par: 1, Rows: 3
0.000    0.000    0.000    0.000    0.000    0.000    0.000    0.000    0.000    0.000    0.000    0.000    0.000    0.000    0.000    0.000    0.000    0.000    0.000    0.000    1.000    
Total frac: 1.000

Sketch (9) (cm: eps0: 0.00625, del0: 0.05, min_mem: 1.69921875)
Par: 1, Rows: 3
0.000    0.000    0.000    0.000    0.000    0.000    0.000    0.000    0.000    0.000    0.000    0.000    0.000    0.000    0.000    0.000    0.000    0.000    0.000    0.000    1.000    
Total frac: 1.000

Sketch (10) (cm: eps0: 0.00625, del0: 0.05, min_mem: 1.69921875)
Par: 1, Rows: 3
0.000    0.000    0.000    0.000    0.000    0.000    0.000    0.000    0.000    0.000    0.000    0.000    0.000    0.000    0.000    0.000    0.000    0.000    0.000    0.000    1.000    
Total frac: 1.000

Sketch (11) (cm: eps0: 0.00625, del0: 0.05, min_mem: 1.69921875)
Par: 1, Rows: 3
0.000    0.000    0.000    0.000    0.000    0.000    0.000    0.000    0.000    0.000    0.000    0.000    0.000    0.000    0.000    0.000    0.000    0.000    0.000    0.000    1.000    
Total frac: 1.000

Sketch (12) (cm: eps0: 0.00625, del0: 0.05, min_mem: 1.69921875)
Par: 1, Rows: 3
0.000    0.000    0.000    0.000    0.000    0.000    0.000    0.000    0.000    0.000    0.000    0.000    1.000    0.000    0.000    0.000    0.000    0.000    0.000    0.000    0.000    
Total frac: 1.000

Sketch (13) (cm: eps0: 0.00625, del0: 0.05, min_mem: 1.69921875)
Par: 1, Rows: 3
0.000    0.000    0.000    0.000    0.000    0.000    0.000    0.000    0.000    0.000    0.000    0.000    0.000    1.000    0.000    0.000    0.000    0.000    0.000    0.000    0.000    
Total frac: 1.000

Sketch (14) (cm: eps0: 0.00625, del0: 0.05, min_mem: 1.69921875)
Par: 1, Rows: 3
0.000    0.000    0.000    0.000    0.000    0.000    0.000    0.000    0.000    0.000    0.000    0.000    0.000    0.000    0.000    0.000    0.000    0.000    0.000    0.000    1.000    
Total frac: 1.000

Sketch (15) (cm: eps0: 0.00625, del0: 0.05, min_mem: 1.69921875)
Par: 1, Rows: 3
0.000    0.000    0.000    0.000    0.000    0.000    0.000    0.000    0.000    0.000    0.000    0.000    0.000    0.000    0.000    1.000    0.000    0.000    0.000    0.000    0.000    
Total frac: 1.000

Sketch (16) (cm: eps0: 0.00625, del0: 0.05, min_mem: 1.69921875)
Par: 1, Rows: 3
0.000    0.000    0.000    0.000    0.000    0.000    0.000    0.000    0.000    0.000    0.000    0.000    0.000    0.000    0.000    0.000    0.000    0.000    0.000    0.000    1.000    
Total frac: 1.000

Sketch (17) (cm: eps0: 0.00625, del0: 0.05, min_mem: 1.69921875)
Par: 1, Rows: 3
0.000    0.000    0.000    0.000    0.000    0.000    0.000    0.000    0.000    0.000    0.000    0.000    0.000    0.000    0.000    0.000    0.000    0.000    0.000    0.000    1.000    
Total frac: 1.000

Sketch (18) (cm: eps0: 0.00625, del0: 0.05, min_mem: 1.69921875)
Par: 1, Rows: 3
0.000    0.000    0.000    0.000    0.000    0.000    0.000    0.000    0.000    0.000    0.000    0.000    0.000    0.000    0.000    0.000    0.000    0.000    0.000    0.000    1.000    
Total frac: 1.000

Sketch (19) (cm: eps0: 0.00625, del0: 0.05, min_mem: 1.69921875)
Par: 1, Rows: 3
1.000    0.000    0.000    0.000    0.000    0.000    0.000    0.000    0.000    0.000    0.000    0.000    0.000    0.000    0.000    0.000    0.000    0.000    0.000    0.000    0.000    
Total frac: 1.000

Device (0) cpu_0:
Rows total: 3.0
Mem total: 5.09765625

Device (1) cpu_1:
Rows total: 0.0
Mem total: 0.0

Device (2) cpu_2:
Rows total: 0.0
Mem total: 0.0

Device (3) cpu_3:
Rows total: 0.0
Mem total: 0.0

Device (4) cpu_4:
Rows total: 0.0
Mem total: 0.0

Device (5) cpu_5:
Rows total: 0.0
Mem total: 0.0

Device (6) cpu_6:
Rows total: 0.0
Mem total: 0.0

Device (7) cpu_7:
Rows total: 0.0
Mem total: 0.0

Device (8) cpu_8:
Rows total: 0.0
Mem total: 0.0

Device (9) cpu_9:
Rows total: 0.0
Mem total: 0.0

Device (10) cpu_10:
Rows total: 0.0
Mem total: 0.0

Device (11) cpu_11:
Rows total: 0.0
Mem total: 0.0

Device (12) cpu_12:
Rows total: 3.0
Mem total: 5.09765625

Device (13) cpu_13:
Rows total: 3.0
Mem total: 5.09765625

Device (14) cpu_14:
Rows total: 0.0
Mem total: 0.0

Device (15) cpu_15:
Rows total: 3.0
Mem total: 5.09765625

Device (16) cpu_16:
Rows total: 0.0
Mem total: 0.0

Device (17) cpu_17:
Rows total: 0.0
Mem total: 0.0

Device (18) cpu_18:
Rows total: 0.0
Mem total: 0.0

Device (19) cpu_19:
Rows total: 0.0
Mem total: 0.0

Device (20) p4_1:
Rows total: 48.0
Mem total: 81.5625
--------------------------------------------------
Changed value of parameter NonConvex to 2
   Prev: -1  Min: -1  Max: 2  Default: -1
Changed value of parameter NonConvex to 2
   Prev: -1  Min: -1  Max: 2  Default: -1
Changed value of parameter NonConvex to 2
   Prev: -1  Min: -1  Max: 2  Default: -1
Changed value of parameter NonConvex to 2
   Prev: -1  Min: -1  Max: 2  Default: -1
Changed value of parameter NonConvex to 2
   Prev: -1  Min: -1  Max: 2  Default: -1
Changed value of parameter NonConvex to 2
   Prev: -1  Min: -1  Max: 2  Default: -1
Changed value of parameter NonConvex to 2
   Prev: -1  Min: -1  Max: 2  Default: -1
Changed value of parameter NonConvex to 2
   Prev: -1  Min: -1  Max: 2  Default: -1
Changed value of parameter NonConvex to 2
   Prev: -1  Min: -1  Max: 2  Default: -1
Changed value of parameter NonConvex to 2
   Prev: -1  Min: -1  Max: 2  Default: -1
Changed value of parameter NonConvex to 2
   Prev: -1  Min: -1  Max: 2  Default: -1
Changed value of parameter NonConvex to 2
   Prev: -1  Min: -1  Max: 2  Default: -1
Changed value of parameter NonConvex to 2
   Prev: -1  Min: -1  Max: 2  Default: -1
Changed value of parameter NonConvex to 2
   Prev: -1  Min: -1  Max: 2  Default: -1
Changed value of parameter NonConvex to 2
   Prev: -1  Min: -1  Max: 2  Default: -1
Changed value of parameter NonConvex to 2
   Prev: -1  Min: -1  Max: 2  Default: -1
Changed value of parameter NonConvex to 2
   Prev: -1  Min: -1  Max: 2  Default: -1
Changed value of parameter NonConvex to 2
   Prev: -1  Min: -1  Max: 2  Default: -1
Changed value of parameter NonConvex to 2
   Prev: -1  Min: -1  Max: 2  Default: -1
Changed value of parameter NonConvex to 2
   Prev: -1  Min: -1  Max: 2  Default: -1

Throughput: 87.49999999999999 Mpps, ns per packet: 11.42857142857143
Resources: 1093.7017078399658

Sketch (0) (cm: eps0: 0.00625, del0: 0.05, min_mem: 1.69921875)
Par: 1, Rows: 3
0.000    0.000    0.000    0.000    0.000    0.000    0.000    0.000    0.000    0.000    0.000    0.000    0.000    0.000    0.000    0.000    0.000    0.000    0.000    0.000    1.000    
Total frac: 1.000

Sketch (1) (cm: eps0: 0.00625, del0: 0.05, min_mem: 1.69921875)
Par: 1, Rows: 3
0.000    0.000    0.000    0.000    0.000    0.000    0.000    0.000    0.000    0.000    0.000    0.000    0.000    0.000    0.000    0.000    0.000    0.000    0.000    0.000    1.000    
Total frac: 1.000

Sketch (2) (cm: eps0: 0.00625, del0: 0.05, min_mem: 1.69921875)
Par: 1, Rows: 3
0.000    0.000    0.000    0.000    0.000    0.000    0.000    0.000    0.000    0.000    0.000    0.000    0.000    0.000    0.000    0.000    0.000    0.000    0.000    0.000    1.000    
Total frac: 1.000

Sketch (3) (cm: eps0: 0.00625, del0: 0.05, min_mem: 1.69921875)
Par: 1, Rows: 3
0.000    0.000    0.000    0.000    0.000    0.000    0.000    0.000    0.000    0.000    0.000    0.000    0.000    0.000    0.000    0.000    0.000    0.000    0.000    0.000    1.000    
Total frac: 1.000

Sketch (4) (cm: eps0: 0.00625, del0: 0.05, min_mem: 1.69921875)
Par: 1, Rows: 3
0.000    0.000    0.000    0.000    0.000    0.000    0.000    0.000    0.000    0.000    0.000    0.000    0.000    0.000    0.000    0.000    0.000    0.000    0.000    0.000    1.000    
Total frac: 1.000

Sketch (5) (cm: eps0: 0.00625, del0: 0.05, min_mem: 1.69921875)
Par: 1, Rows: 3
0.000    0.000    0.000    0.000    0.000    0.000    0.000    0.000    0.000    0.000    0.000    0.000    0.000    0.000    0.000    0.000    0.000    0.000    0.000    0.000    1.000    
Total frac: 1.000

Sketch (6) (cm: eps0: 0.00625, del0: 0.05, min_mem: 1.69921875)
Par: 1, Rows: 3
0.000    0.000    0.000    0.000    0.000    0.000    0.000    0.000    0.000    0.000    0.000    0.000    0.000    0.000    0.000    0.000    0.000    0.000    0.000    0.000    1.000    
Total frac: 1.000

Sketch (7) (cm: eps0: 0.00625, del0: 0.05, min_mem: 1.69921875)
Par: 1, Rows: 3
0.000    0.000    0.000    0.000    0.000    0.000    0.000    0.000    0.000    0.000    0.000    0.000    0.000    0.000    0.000    0.000    0.000    0.000    0.000    0.000    1.000    
Total frac: 1.000

Sketch (8) (cm: eps0: 0.00625, del0: 0.05, min_mem: 1.69921875)
Par: 1, Rows: 3
0.000    0.000    0.000    0.000    0.000    0.000    0.000    0.000    0.000    0.000    0.000    0.000    0.000    0.000    0.000    0.000    0.000    0.000    0.000    0.000    1.000    
Total frac: 1.000

Sketch (9) (cm: eps0: 0.00625, del0: 0.05, min_mem: 1.69921875)
Par: 1, Rows: 3
0.000    0.000    0.000    0.000    0.000    0.000    0.000    0.000    0.000    0.000    0.000    0.000    0.000    0.000    0.000    0.000    0.000    0.000    0.000    0.000    1.000    
Total frac: 1.000

Sketch (10) (cm: eps0: 0.00625, del0: 0.05, min_mem: 1.69921875)
Par: 1, Rows: 3
0.000    0.000    0.000    0.000    0.000    0.000    0.000    0.000    0.000    0.000    0.000    0.000    0.000    0.000    0.000    0.000    0.000    0.000    0.000    0.000    1.000    
Total frac: 1.000

Sketch (11) (cm: eps0: 0.00625, del0: 0.05, min_mem: 1.69921875)
Par: 1, Rows: 3
0.000    0.000    0.000    0.000    0.000    0.000    0.000    0.000    0.000    0.000    0.000    0.000    0.000    0.000    0.000    0.000    0.000    0.000    0.000    0.000    1.000    
Total frac: 1.000

Sketch (12) (cm: eps0: 0.00625, del0: 0.05, min_mem: 1.69921875)
Par: 1, Rows: 3
0.000    0.000    0.000    0.000    0.000    0.000    0.000    0.000    0.000    0.000    0.000    0.000    1.000    0.000    0.000    0.000    0.000    0.000    0.000    0.000    0.000    
Total frac: 1.000

Sketch (13) (cm: eps0: 0.00625, del0: 0.05, min_mem: 1.69921875)
Par: 1, Rows: 3
0.000    0.000    0.000    0.000    0.000    0.000    0.000    0.000    0.000    0.000    0.000    0.000    0.000    1.000    0.000    0.000    0.000    0.000    0.000    0.000    0.000    
Total frac: 1.000

Sketch (14) (cm: eps0: 0.00625, del0: 0.05, min_mem: 1.69921875)
Par: 1, Rows: 3
0.000    0.000    0.000    0.000    0.000    0.000    0.000    0.000    0.000    0.000    0.000    0.000    0.000    0.000    0.000    0.000    0.000    0.000    0.000    0.000    1.000    
Total frac: 1.000

Sketch (15) (cm: eps0: 0.00625, del0: 0.05, min_mem: 1.69921875)
Par: 1, Rows: 3
0.000    0.000    0.000    0.000    0.000    0.000    0.000    0.000    0.000    0.000    0.000    0.000    0.000    0.000    0.000    1.000    0.000    0.000    0.000    0.000    0.000    
Total frac: 1.000

Sketch (16) (cm: eps0: 0.00625, del0: 0.05, min_mem: 1.69921875)
Par: 1, Rows: 3
0.000    0.000    0.000    0.000    0.000    0.000    0.000    0.000    0.000    0.000    0.000    0.000    0.000    0.000    0.000    0.000    0.000    0.000    0.000    0.000    1.000    
Total frac: 1.000

Sketch (17) (cm: eps0: 0.00625, del0: 0.05, min_mem: 1.69921875)
Par: 1, Rows: 3
0.000    0.000    0.000    0.000    0.000    0.000    0.000    0.000    0.000    0.000    0.000    0.000    0.000    0.000    0.000    0.000    0.000    0.000    0.000    0.000    1.000    
Total frac: 1.000

Sketch (18) (cm: eps0: 0.00625, del0: 0.05, min_mem: 1.69921875)
Par: 1, Rows: 3
0.000    0.000    0.000    0.000    0.000    0.000    0.000    0.000    0.000    0.000    0.000    0.000    0.000    0.000    0.000    0.000    0.000    0.000    0.000    0.000    1.000    
Total frac: 1.000

Sketch (19) (cm: eps0: 0.00625, del0: 0.05, min_mem: 1.69921875)
Par: 1, Rows: 3
1.000    0.000    0.000    0.000    0.000    0.000    0.000    0.000    0.000    0.000    0.000    0.000    0.000    0.000    0.000    0.000    0.000    0.000    0.000    0.000    0.000    
Total frac: 1.000

Device (0) cpu_0:
cores_sketch: 2.0, cores_dpdk: 4.9999999999999964
Rows total: 3.0
Mem total: 5.09765625
Throughput: 87.49999999999999

Device (1) cpu_1:
cores_sketch: 0.0, cores_dpdk: 5.0
Rows total: 0
Mem total: 0.0
Throughput: 87.49999999999999

Device (2) cpu_2:
cores_sketch: 0.0, cores_dpdk: 5.0
Rows total: 0
Mem total: 0.0
Throughput: 87.49999999999999

Device (3) cpu_3:
cores_sketch: 0.0, cores_dpdk: 5.0
Rows total: 0
Mem total: 0.0
Throughput: 87.49999999999999

Device (4) cpu_4:
cores_sketch: 0.0, cores_dpdk: 5.0
Rows total: 0
Mem total: 0.0
Throughput: 87.49999999999999

Device (5) cpu_5:
cores_sketch: 0.0, cores_dpdk: 5.0
Rows total: 0
Mem total: 0.0
Throughput: 87.49999999999999

Device (6) cpu_6:
cores_sketch: 0.0, cores_dpdk: 5.0
Rows total: 0
Mem total: 0.0
Throughput: 87.49999999999999

Device (7) cpu_7:
cores_sketch: 0.0, cores_dpdk: 5.0
Rows total: 0
Mem total: 0.0
Throughput: 87.49999999999999

Device (8) cpu_8:
cores_sketch: 0.0, cores_dpdk: 5.0
Rows total: 0
Mem total: 0.0
Throughput: 87.49999999999999

Device (9) cpu_9:
cores_sketch: 0.0, cores_dpdk: 5.0
Rows total: 0
Mem total: 0.0
Throughput: 87.49999999999999

Device (10) cpu_10:
cores_sketch: 0.0, cores_dpdk: 5.0
Rows total: 0
Mem total: 0.0
Throughput: 87.49999999999999

Device (11) cpu_11:
cores_sketch: 0.0, cores_dpdk: 5.0
Rows total: 0
Mem total: 0.0
Throughput: 87.49999999999999

Device (12) cpu_12:
cores_sketch: 2.0, cores_dpdk: 4.9999999999999964
Rows total: 3.0
Mem total: 5.09765625
Throughput: 87.49999999999999

Device (13) cpu_13:
cores_sketch: 2.0, cores_dpdk: 4.9999999999999964
Rows total: 3.0
Mem total: 5.09765625
Throughput: 87.49999999999999

Device (14) cpu_14:
cores_sketch: 0.0, cores_dpdk: 5.0
Rows total: 0
Mem total: 0.0
Throughput: 87.49999999999999

Device (15) cpu_15:
cores_sketch: 2.0, cores_dpdk: 4.9999999999999964
Rows total: 3.0
Mem total: 5.09765625
Throughput: 87.49999999999999

Device (16) cpu_16:
cores_sketch: 0.0, cores_dpdk: 5.0
Rows total: 0
Mem total: 0.0
Throughput: 87.49999999999999

Device (17) cpu_17:
cores_sketch: 0.0, cores_dpdk: 5.0
Rows total: 0
Mem total: 0.0
Throughput: 87.49999999999999

Device (18) cpu_18:
cores_sketch: 0.0, cores_dpdk: 5.0
Rows total: 0
Mem total: 0.0
Throughput: 87.49999999999999

Device (19) cpu_19:
cores_sketch: 0.0, cores_dpdk: 5.0
Rows total: 0
Mem total: 0.0
Throughput: 87.49999999999999

Device (20) p4_1:
Rows total: 48.0
Mem total: 81.5625
Throughput: 148.0
--------------------------------------------------
