Using license file /home/anup/gurobi.lic
Academic license - for non-commercial use only

--------------------------------------------------
Model update took: 0.0011353492736816406 seconds
Model optimize took: 0.0480654239654541 seconds
--------------------------------------------------

Sketch (0) (cm: eps0: 0.000625, del0: 0.05, min_mem: 16.9921875)
Par: 1, Rows: 3
0.000    0.000    0.100    0.000    0.000    0.000    0.000    0.400    0.000    0.600    0.200    0.300    0.000    0.000    0.000    
Total frac: 1.600

Sketch (1) (cm: eps0: 0.000625, del0: 0.05, min_mem: 16.9921875)
Par: 1, Rows: 3
0.000    0.000    0.200    0.000    0.000    0.000    0.000    0.000    0.000    0.000    0.000    0.800    0.700    0.200    0.000    
Total frac: 1.900

Sketch (2) (cm: eps0: 0.000625, del0: 0.05, min_mem: 16.9921875)
Par: 1, Rows: 3
0.000    0.000    0.000    0.000    0.000    0.000    0.000    0.000    0.000    0.000    0.000    0.000    0.000    0.000    0.800    
Total frac: 0.800

Sketch (3) (cm: eps0: 0.000625, del0: 0.05, min_mem: 16.9921875)
Par: 1, Rows: 3
0.000    0.000    0.000    0.000    0.000    0.000    0.000    0.000    0.000    0.800    0.000    0.000    0.000    1.000    0.000    
Total frac: 1.800

Sketch (4) (cm: eps0: 0.000625, del0: 0.05, min_mem: 16.9921875)
Par: 1, Rows: 3
0.000    0.000    0.000    0.000    0.100    0.000    0.000    0.000    0.000    0.000    0.000    0.900    0.900    0.000    0.000    
Total frac: 1.900

Sketch (5) (cm: eps0: 0.000625, del0: 0.05, min_mem: 16.9921875)
Par: 1, Rows: 3
0.000    0.000    0.000    0.000    0.000    0.000    0.000    0.000    0.000    0.000    0.800    0.000    0.200    0.000    0.000    
Total frac: 1.000

Sketch (6) (cm: eps0: 0.000625, del0: 0.05, min_mem: 16.9921875)
Par: 1, Rows: 3
0.000    0.000    0.000    0.000    0.000    0.000    0.100    0.000    0.700    0.000    0.000    0.900    0.000    0.000    0.000    
Total frac: 1.700

Sketch (7) (cm: eps0: 0.000625, del0: 0.05, min_mem: 16.9921875)
Par: 1, Rows: 3
0.000    0.000    0.000    0.000    0.000    0.000    0.000    0.000    0.000    0.000    0.000    0.100    0.800    0.000    0.000    
Total frac: 0.900

Sketch (8) (cm: eps0: 0.000625, del0: 0.05, min_mem: 16.9921875)
Par: 1, Rows: 3
0.000    0.000    0.000    0.000    0.000    0.000    0.000    0.000    0.000    0.800    0.200    0.700    0.000    0.000    0.000    
Total frac: 1.700

Sketch (9) (cm: eps0: 0.000625, del0: 0.05, min_mem: 16.9921875)
Par: 1, Rows: 3
0.000    0.000    0.000    1.000    0.000    0.000    0.000    0.000    0.000    0.000    0.000    0.000    1.000    0.000    0.000    
Total frac: 2.000

Sketch (10) (cm: eps0: 0.000625, del0: 0.05, min_mem: 16.9921875)
Par: 1, Rows: 3
0.000    0.000    0.000    0.000    0.000    0.300    0.000    0.000    0.700    0.000    0.000    0.400    0.000    0.300    0.000    
Total frac: 1.700

Sketch (11) (cm: eps0: 0.000625, del0: 0.05, min_mem: 16.9921875)
Par: 1, Rows: 3
0.000    0.000    0.000    0.000    0.000    0.500    0.000    0.000    0.700    0.000    0.500    0.000    0.000    0.000    0.200    
Total frac: 1.900

Sketch (12) (cm: eps0: 0.000625, del0: 0.05, min_mem: 16.9921875)
Par: 1, Rows: 3
0.000    0.000    0.000    0.000    0.000    0.000    0.000    0.000    1.000    0.000    0.000    0.000    0.000    0.000    0.000    
Total frac: 1.000

Sketch (13) (cm: eps0: 0.000625, del0: 0.05, min_mem: 16.9921875)
Par: 1, Rows: 3
0.000    0.000    0.000    0.000    0.000    0.000    0.000    0.000    0.200    0.800    0.800    0.000    0.000    0.000    0.000    
Total frac: 1.800

Sketch (14) (cm: eps0: 0.000625, del0: 0.05, min_mem: 16.9921875)
Par: 1, Rows: 3
0.000    0.000    0.000    0.000    0.000    0.000    0.000    0.000    0.000    0.000    0.000    0.000    0.000    0.000    0.700    
Total frac: 0.700

Sketch (15) (cm: eps0: 0.000625, del0: 0.05, min_mem: 16.9921875)
Par: 1, Rows: 3
0.000    0.000    0.000    0.113    0.000    0.000    0.000    0.000    0.387    0.687    0.000    0.000    0.313    0.000    0.000    
Total frac: 1.500

Sketch (16) (cm: eps0: 0.000625, del0: 0.05, min_mem: 16.9921875)
Par: 1, Rows: 3
0.000    0.000    0.000    0.200    0.000    0.000    0.000    0.000    0.000    0.000    0.000    0.000    0.000    0.800    0.000    
Total frac: 1.000

Sketch (17) (cm: eps0: 0.000625, del0: 0.05, min_mem: 16.9921875)
Par: 1, Rows: 3
0.000    0.000    0.000    0.000    0.000    0.000    0.000    0.000    0.800    0.000    0.700    0.200    0.000    0.000    0.000    
Total frac: 1.700

Sketch (18) (cm: eps0: 0.000625, del0: 0.05, min_mem: 16.9921875)
Par: 1, Rows: 3
0.000    0.000    0.000    0.000    0.213    0.787    0.300    0.000    0.000    0.000    0.000    0.000    0.000    0.390    0.310    
Total frac: 2.000

Sketch (19) (cm: eps0: 0.000625, del0: 0.05, min_mem: 16.9921875)
Par: 1, Rows: 3
0.000    0.200    0.000    0.000    0.000    0.000    0.000    0.100    0.800    0.000    0.000    0.000    0.000    0.800    0.000    
Total frac: 1.900

Sketch (20) (cm: eps0: 0.000625, del0: 0.05, min_mem: 16.9921875)
Par: 1, Rows: 3
0.531    0.469    0.034    0.000    0.000    0.000    0.000    0.000    0.000    0.297    0.000    0.100    0.000    0.000    0.269    
Total frac: 1.700

Sketch (21) (cm: eps0: 0.000625, del0: 0.05, min_mem: 16.9921875)
Par: 1, Rows: 3
0.000    0.000    0.000    0.000    0.000    0.000    0.000    0.000    0.200    1.000    0.000    0.100    0.000    0.700    0.000    
Total frac: 2.000

Sketch (22) (cm: eps0: 0.000625, del0: 0.05, min_mem: 16.9921875)
Par: 1, Rows: 3
0.000    0.000    0.200    0.100    0.000    0.000    0.800    0.000    0.000    0.700    0.200    0.000    0.000    0.000    0.000    
Total frac: 2.000

Sketch (23) (cm: eps0: 0.000625, del0: 0.05, min_mem: 16.9921875)
Par: 1, Rows: 3
0.000    0.000    0.000    0.000    0.000    0.000    0.000    0.000    0.000    0.000    0.200    0.300    0.000    0.500    0.000    
Total frac: 1.000

Sketch (24) (cm: eps0: 0.000625, del0: 0.05, min_mem: 16.9921875)
Par: 1, Rows: 3
0.000    0.000    0.000    0.000    0.000    0.000    0.000    0.000    0.000    0.000    0.000    0.000    0.700    0.000    0.200    
Total frac: 0.900

Sketch (25) (cm: eps0: 0.000625, del0: 0.05, min_mem: 16.9921875)
Par: 1, Rows: 3
0.000    0.000    0.000    0.000    0.000    0.000    0.160    0.840    0.000    0.000    0.160    0.000    0.000    0.000    0.840    
Total frac: 2.000

Sketch (26) (cm: eps0: 0.000625, del0: 0.05, min_mem: 16.9921875)
Par: 1, Rows: 3
0.000    0.000    0.000    0.000    0.000    0.000    0.000    0.000    0.200    0.000    0.000    0.000    0.700    0.000    0.000    
Total frac: 0.900

Sketch (27) (cm: eps0: 0.000625, del0: 0.05, min_mem: 16.9921875)
Par: 1, Rows: 3
0.800    0.000    0.000    0.000    0.000    0.000    0.000    0.000    0.000    0.000    0.000    0.000    0.686    0.000    0.214    
Total frac: 1.700

Sketch (28) (cm: eps0: 0.000625, del0: 0.05, min_mem: 16.9921875)
Par: 1, Rows: 3
0.000    0.000    0.000    0.000    0.000    0.000    0.000    0.000    0.100    0.900    0.400    0.300    0.000    0.300    0.000    
Total frac: 2.000

Sketch (29) (cm: eps0: 0.000625, del0: 0.05, min_mem: 16.9921875)
Par: 1, Rows: 3
0.000    0.000    0.000    0.000    0.000    0.000    0.000    0.000    0.000    0.700    0.700    0.000    0.000    0.000    0.000    
Total frac: 1.400

Sketch (30) (cm: eps0: 0.000625, del0: 0.05, min_mem: 16.9921875)
Par: 1, Rows: 3
0.000    0.000    0.000    0.000    0.000    0.000    0.000    0.000    0.000    0.000    0.900    0.100    0.000    0.000    0.000    
Total frac: 1.000

Sketch (31) (cm: eps0: 0.000625, del0: 0.05, min_mem: 16.9921875)
Par: 1, Rows: 3
0.000    0.000    0.000    0.000    0.000    0.000    0.000    0.300    0.000    0.000    0.700    0.700    0.000    0.000    0.200    
Total frac: 1.900

Sketch (32) (cm: eps0: 0.000625, del0: 0.05, min_mem: 16.9921875)
Par: 1, Rows: 3
0.000    0.000    0.379    0.000    0.000    0.000    0.000    0.000    0.621    0.000    0.421    0.379    0.000    0.000    0.000    
Total frac: 1.800

Sketch (33) (cm: eps0: 0.000625, del0: 0.05, min_mem: 16.9921875)
Par: 1, Rows: 3
0.000    0.000    0.400    0.600    0.000    0.000    0.000    0.000    0.400    0.000    0.800    0.000    0.000    0.100    0.200    
Total frac: 2.500

Sketch (34) (cm: eps0: 0.000625, del0: 0.05, min_mem: 16.9921875)
Par: 1, Rows: 3
0.000    0.000    0.000    0.000    0.000    0.000    0.000    0.000    0.000    0.000    0.100    0.000    0.800    0.000    0.000    
Total frac: 0.900

Sketch (35) (cm: eps0: 0.000625, del0: 0.05, min_mem: 16.9921875)
Par: 1, Rows: 3
0.000    0.000    0.000    0.000    0.000    0.000    0.453    0.000    0.000    0.000    0.100    0.447    0.000    0.000    0.900    
Total frac: 1.900

Sketch (36) (cm: eps0: 0.000625, del0: 0.05, min_mem: 16.9921875)
Par: 1, Rows: 3
0.000    0.018    0.000    0.000    0.000    0.000    0.000    0.000    0.000    0.982    0.000    0.000    0.000    1.000    0.000    
Total frac: 2.000

Sketch (37) (cm: eps0: 0.000625, del0: 0.05, min_mem: 16.9921875)
Par: 1, Rows: 3
0.100    0.000    0.000    0.000    0.000    0.000    0.000    0.000    0.000    0.000    0.000    0.900    0.000    0.000    0.000    
Total frac: 1.000

Sketch (38) (cm: eps0: 0.000625, del0: 0.05, min_mem: 16.9921875)
Par: 1, Rows: 3
0.000    0.000    0.000    0.000    1.000    0.000    0.000    0.000    0.000    0.000    0.000    0.000    0.000    0.000    0.800    
Total frac: 1.800

Sketch (39) (cm: eps0: 0.000625, del0: 0.05, min_mem: 16.9921875)
Par: 1, Rows: 3
0.000    0.000    0.000    0.000    0.000    0.000    0.000    0.000    1.000    0.000    0.000    0.000    0.000    0.000    0.000    
Total frac: 1.000

Sketch (40) (cm: eps0: 0.000625, del0: 0.05, min_mem: 16.9921875)
Par: 1, Rows: 3
0.000    0.027    0.000    0.000    0.000    0.000    0.300    0.000    0.773    0.700    0.000    0.473    0.000    0.227    0.000    
Total frac: 2.500

Sketch (41) (cm: eps0: 0.000625, del0: 0.05, min_mem: 16.9921875)
Par: 1, Rows: 3
0.000    0.000    0.000    0.000    0.000    0.000    0.000    0.000    0.000    0.000    0.000    0.000    0.000    0.800    0.000    
Total frac: 0.800

Sketch (42) (cm: eps0: 0.000625, del0: 0.05, min_mem: 16.9921875)
Par: 1, Rows: 3
0.000    0.000    0.000    0.000    0.000    0.000    0.000    0.000    0.800    0.100    0.000    0.000    0.000    0.900    0.000    
Total frac: 1.800

Sketch (43) (cm: eps0: 0.000625, del0: 0.05, min_mem: 16.9921875)
Par: 1, Rows: 3
0.000    0.000    0.000    0.000    0.000    0.000    0.000    0.200    0.000    0.000    0.700    0.000    0.800    0.000    0.000    
Total frac: 1.700

Sketch (44) (cm: eps0: 0.000625, del0: 0.05, min_mem: 16.9921875)
Par: 1, Rows: 3
0.000    0.000    0.000    0.200    0.000    0.000    0.000    0.000    0.000    0.000    0.000    0.000    0.000    0.000    0.800    
Total frac: 1.000

Sketch (45) (cm: eps0: 0.000625, del0: 0.05, min_mem: 16.9921875)
Par: 1, Rows: 3
0.000    0.000    0.000    0.000    0.000    0.000    0.000    0.000    0.000    0.000    0.000    0.000    0.000    0.000    1.000    
Total frac: 1.000

Sketch (46) (cm: eps0: 0.000625, del0: 0.05, min_mem: 16.9921875)
Par: 1, Rows: 3
0.000    0.000    0.700    0.000    0.000    0.000    0.000    0.000    0.000    0.000    0.000    0.000    0.700    0.000    0.000    
Total frac: 1.400

Sketch (47) (cm: eps0: 0.000625, del0: 0.05, min_mem: 16.9921875)
Par: 1, Rows: 3
0.000    0.000    0.000    0.000    0.000    0.000    0.000    0.000    0.000    0.700    0.000    0.200    0.000    0.000    0.000    
Total frac: 0.900

Sketch (48) (cm: eps0: 0.000625, del0: 0.05, min_mem: 16.9921875)
Par: 1, Rows: 3
0.000    0.000    0.000    0.000    0.000    0.000    0.000    0.000    0.000    0.000    0.000    0.000    0.000    0.000    0.900    
Total frac: 0.900

Sketch (49) (cm: eps0: 0.000625, del0: 0.05, min_mem: 16.9921875)
Par: 1, Rows: 3
0.000    0.000    0.000    0.000    0.000    0.000    0.000    0.000    0.000    0.000    0.000    0.000    0.000    0.000    1.000    
Total frac: 1.000

Sketch (50) (cm: eps0: 0.000625, del0: 0.05, min_mem: 16.9921875)
Par: 1, Rows: 3
0.000    0.900    0.000    0.000    0.000    0.000    0.000    0.000    0.000    0.000    0.900    0.000    0.000    0.000    0.000    
Total frac: 1.800

Sketch (51) (cm: eps0: 0.000625, del0: 0.05, min_mem: 16.9921875)
Par: 1, Rows: 3
0.000    0.000    0.000    0.000    0.000    0.000    0.000    0.000    0.000    0.000    0.000    0.000    0.100    0.900    0.000    
Total frac: 1.000

Sketch (52) (cm: eps0: 0.000625, del0: 0.05, min_mem: 16.9921875)
Par: 1, Rows: 3
0.000    0.000    0.000    0.000    0.000    0.000    0.000    0.000    0.000    0.000    0.900    0.900    0.000    0.000    0.000    
Total frac: 1.800

Sketch (53) (cm: eps0: 0.000625, del0: 0.05, min_mem: 16.9921875)
Par: 1, Rows: 3
0.000    0.600    0.200    0.000    0.000    0.000    0.100    0.000    0.100    0.000    0.000    0.900    0.000    0.000    0.800    
Total frac: 2.700

Sketch (54) (cm: eps0: 0.000625, del0: 0.05, min_mem: 16.9921875)
Par: 1, Rows: 3
0.482    0.000    0.000    0.000    0.000    0.000    0.000    0.000    0.318    0.200    0.118    0.000    0.000    0.682    0.000    
Total frac: 1.800

Sketch (55) (cm: eps0: 0.000625, del0: 0.05, min_mem: 16.9921875)
Par: 1, Rows: 3
0.000    0.000    0.000    0.000    0.000    0.000    0.000    0.000    0.000    0.000    0.000    0.100    0.000    0.900    0.000    
Total frac: 1.000

Sketch (56) (cm: eps0: 0.000625, del0: 0.05, min_mem: 16.9921875)
Par: 1, Rows: 3
0.000    0.000    0.000    0.000    0.000    0.000    0.000    0.000    0.000    0.000    0.800    0.000    1.000    0.000    0.000    
Total frac: 1.800

Sketch (57) (cm: eps0: 0.000625, del0: 0.05, min_mem: 16.9921875)
Par: 1, Rows: 3
0.000    0.000    0.000    0.000    0.000    0.000    0.000    0.000    0.000    0.700    0.000    0.900    0.000    0.000    0.000    
Total frac: 1.600

Sketch (58) (cm: eps0: 0.000625, del0: 0.05, min_mem: 16.9921875)
Par: 1, Rows: 3
0.000    0.000    0.000    0.000    0.000    0.627    0.000    0.373    0.800    0.000    0.000    0.000    0.000    0.000    0.000    
Total frac: 1.800

Sketch (59) (cm: eps0: 0.000625, del0: 0.05, min_mem: 16.9921875)
Par: 1, Rows: 3
0.300    0.000    0.000    0.000    0.000    0.000    0.000    0.000    0.700    0.000    0.000    0.200    0.000    0.800    0.000    
Total frac: 2.000

Sketch (60) (cm: eps0: 0.000625, del0: 0.05, min_mem: 16.9921875)
Par: 1, Rows: 3
0.000    0.000    0.000    0.000    0.000    0.000    0.000    0.000    0.000    0.000    0.000    0.000    0.000    0.000    0.900    
Total frac: 0.900

Sketch (61) (cm: eps0: 0.000625, del0: 0.05, min_mem: 16.9921875)
Par: 1, Rows: 3
0.000    0.000    0.000    0.000    0.000    0.000    0.000    0.000    0.000    0.100    0.000    0.000    0.900    0.000    0.000    
Total frac: 1.000

Sketch (62) (cm: eps0: 0.000625, del0: 0.05, min_mem: 16.9921875)
Par: 1, Rows: 3
0.000    0.000    0.000    0.000    0.900    0.000    0.000    0.000    0.000    0.000    0.000    0.000    1.000    0.000    0.000    
Total frac: 1.900

Sketch (63) (cm: eps0: 0.000625, del0: 0.05, min_mem: 16.9921875)
Par: 1, Rows: 3
0.000    0.000    0.000    0.000    0.000    0.000    0.000    0.000    0.000    0.533    0.000    0.000    0.000    0.000    0.267    
Total frac: 0.800

Device (0) cpu1:
Rows total: 6.639974334712644
Mem total: 112.827688890625

Device (1) cpu2:
Rows total: 6.639974334712644
Mem total: 112.827688890625

Device (2) cpu3:
Rows total: 6.639974334712642
Mem total: 112.827688890625

Device (3) cpu4:
Rows total: 6.639974334712644
Mem total: 112.827688890625

Device (4) cpu5:
Rows total: 6.639974334712644
Mem total: 112.827688890625

Device (5) cpu6:
Rows total: 6.639974334712644
Mem total: 112.827688890625

Device (6) cpu7:
Rows total: 6.639974334712644
Mem total: 112.827688890625

Device (7) cpu8:
Rows total: 6.639974334712643
Mem total: 112.827688890625

Device (8) tor_p41:
Rows total: 33.89717218889984
Mem total: 575.9871055535714

Device (9) tor_p42:
Rows total: 33.897172188899845
Mem total: 575.9871055535714

Device (10) tor_p43:
Rows total: 33.89717218889984
Mem total: 575.9871055535714

Device (11) tor_p44:
Rows total: 33.89717218889983
Mem total: 575.9871055535714

Device (12) l1_p41:
Rows total: 33.89717218889983
Mem total: 575.9871055535714

Device (13) l1_p42:
Rows total: 33.89717218889983
Mem total: 575.9871055535714

Device (14) l2_p4:
Rows total: 33.89717218889984
Mem total: 575.9871055535714
--------------------------------------------------
Changed value of parameter NonConvex to 2
   Prev: -1  Min: -1  Max: 2  Default: -1
Changed value of parameter NonConvex to 2
   Prev: -1  Min: -1  Max: 2  Default: -1
Changed value of parameter NonConvex to 2
   Prev: -1  Min: -1  Max: 2  Default: -1
Changed value of parameter NonConvex to 2
   Prev: -1  Min: -1  Max: 2  Default: -1
Changed value of parameter NonConvex to 2
   Prev: -1  Min: -1  Max: 2  Default: -1
Changed value of parameter NonConvex to 2
   Prev: -1  Min: -1  Max: 2  Default: -1
Changed value of parameter NonConvex to 2
   Prev: -1  Min: -1  Max: 2  Default: -1
Changed value of parameter NonConvex to 2
   Prev: -1  Min: -1  Max: 2  Default: -1

Throughput: 80.0 Mpps, ns per packet: 12.5
Resources: 703.4283541804026

Sketch (0) (cm: eps0: 0.000625, del0: 0.05, min_mem: 16.9921875)
Par: 1, Rows: 3
0.000    0.000    0.100    0.000    0.000    0.000    0.000    0.400    0.000    0.600    0.200    0.300    0.000    0.000    0.000    
Total frac: 1.600

Sketch (1) (cm: eps0: 0.000625, del0: 0.05, min_mem: 16.9921875)
Par: 1, Rows: 3
0.000    0.000    0.200    0.000    0.000    0.000    0.000    0.000    0.000    0.000    0.000    0.800    0.700    0.200    0.000    
Total frac: 1.900

Sketch (2) (cm: eps0: 0.000625, del0: 0.05, min_mem: 16.9921875)
Par: 1, Rows: 3
0.000    0.000    0.000    0.000    0.000    0.000    0.000    0.000    0.000    0.000    0.000    0.000    0.000    0.000    0.800    
Total frac: 0.800

Sketch (3) (cm: eps0: 0.000625, del0: 0.05, min_mem: 16.9921875)
Par: 1, Rows: 3
0.000    0.000    0.000    0.000    0.000    0.000    0.000    0.000    0.000    0.800    0.000    0.000    0.000    1.000    0.000    
Total frac: 1.800

Sketch (4) (cm: eps0: 0.000625, del0: 0.05, min_mem: 16.9921875)
Par: 1, Rows: 3
0.000    0.000    0.000    0.000    0.100    0.000    0.000    0.000    0.000    0.000    0.000    0.900    0.900    0.000    0.000    
Total frac: 1.900

Sketch (5) (cm: eps0: 0.000625, del0: 0.05, min_mem: 16.9921875)
Par: 1, Rows: 3
0.000    0.000    0.000    0.000    0.000    0.000    0.000    0.000    0.000    0.000    0.800    0.000    0.200    0.000    0.000    
Total frac: 1.000

Sketch (6) (cm: eps0: 0.000625, del0: 0.05, min_mem: 16.9921875)
Par: 1, Rows: 3
0.000    0.000    0.000    0.000    0.000    0.000    0.100    0.000    0.700    0.000    0.000    0.900    0.000    0.000    0.000    
Total frac: 1.700

Sketch (7) (cm: eps0: 0.000625, del0: 0.05, min_mem: 16.9921875)
Par: 1, Rows: 3
0.000    0.000    0.000    0.000    0.000    0.000    0.000    0.000    0.000    0.000    0.000    0.100    0.800    0.000    0.000    
Total frac: 0.900

Sketch (8) (cm: eps0: 0.000625, del0: 0.05, min_mem: 16.9921875)
Par: 1, Rows: 3
0.000    0.000    0.000    0.000    0.000    0.000    0.000    0.000    0.000    0.800    0.200    0.700    0.000    0.000    0.000    
Total frac: 1.700

Sketch (9) (cm: eps0: 0.000625, del0: 0.05, min_mem: 16.9921875)
Par: 1, Rows: 3
0.000    0.000    0.000    1.000    0.000    0.000    0.000    0.000    0.000    0.000    0.000    0.000    1.000    0.000    0.000    
Total frac: 2.000

Sketch (10) (cm: eps0: 0.000625, del0: 0.05, min_mem: 16.9921875)
Par: 1, Rows: 3
0.000    0.000    0.000    0.000    0.000    0.300    0.000    0.000    0.700    0.000    0.000    0.400    0.000    0.300    0.000    
Total frac: 1.700

Sketch (11) (cm: eps0: 0.000625, del0: 0.05, min_mem: 16.9921875)
Par: 1, Rows: 3
0.000    0.000    0.000    0.000    0.000    0.500    0.000    0.000    0.700    0.000    0.500    0.000    0.000    0.000    0.200    
Total frac: 1.900

Sketch (12) (cm: eps0: 0.000625, del0: 0.05, min_mem: 16.9921875)
Par: 1, Rows: 3
0.000    0.000    0.000    0.000    0.000    0.000    0.000    0.000    1.000    0.000    0.000    0.000    0.000    0.000    0.000    
Total frac: 1.000

Sketch (13) (cm: eps0: 0.000625, del0: 0.05, min_mem: 16.9921875)
Par: 1, Rows: 3
0.000    0.000    0.000    0.000    0.000    0.000    0.000    0.000    0.200    0.800    0.800    0.000    0.000    0.000    0.000    
Total frac: 1.800

Sketch (14) (cm: eps0: 0.000625, del0: 0.05, min_mem: 16.9921875)
Par: 1, Rows: 3
0.000    0.000    0.000    0.000    0.000    0.000    0.000    0.000    0.000    0.000    0.000    0.000    0.000    0.000    0.700    
Total frac: 0.700

Sketch (15) (cm: eps0: 0.000625, del0: 0.05, min_mem: 16.9921875)
Par: 1, Rows: 3
0.000    0.000    0.000    0.113    0.000    0.000    0.000    0.000    0.387    0.687    0.000    0.000    0.313    0.000    0.000    
Total frac: 1.500

Sketch (16) (cm: eps0: 0.000625, del0: 0.05, min_mem: 16.9921875)
Par: 1, Rows: 3
0.000    0.000    0.000    0.200    0.000    0.000    0.000    0.000    0.000    0.000    0.000    0.000    0.000    0.800    0.000    
Total frac: 1.000

Sketch (17) (cm: eps0: 0.000625, del0: 0.05, min_mem: 16.9921875)
Par: 1, Rows: 3
0.000    0.000    0.000    0.000    0.000    0.000    0.000    0.000    0.800    0.000    0.700    0.200    0.000    0.000    0.000    
Total frac: 1.700

Sketch (18) (cm: eps0: 0.000625, del0: 0.05, min_mem: 16.9921875)
Par: 1, Rows: 3
0.000    0.000    0.000    0.000    0.213    0.787    0.300    0.000    0.000    0.000    0.000    0.000    0.000    0.390    0.310    
Total frac: 2.000

Sketch (19) (cm: eps0: 0.000625, del0: 0.05, min_mem: 16.9921875)
Par: 1, Rows: 3
0.000    0.200    0.000    0.000    0.000    0.000    0.000    0.100    0.800    0.000    0.000    0.000    0.000    0.800    0.000    
Total frac: 1.900

Sketch (20) (cm: eps0: 0.000625, del0: 0.05, min_mem: 16.9921875)
Par: 1, Rows: 3
0.531    0.469    0.034    0.000    0.000    0.000    0.000    0.000    0.000    0.297    0.000    0.100    0.000    0.000    0.269    
Total frac: 1.700

Sketch (21) (cm: eps0: 0.000625, del0: 0.05, min_mem: 16.9921875)
Par: 1, Rows: 3
0.000    0.000    0.000    0.000    0.000    0.000    0.000    0.000    0.200    1.000    0.000    0.100    0.000    0.700    0.000    
Total frac: 2.000

Sketch (22) (cm: eps0: 0.000625, del0: 0.05, min_mem: 16.9921875)
Par: 1, Rows: 3
0.000    0.000    0.200    0.100    0.000    0.000    0.800    0.000    0.000    0.700    0.200    0.000    0.000    0.000    0.000    
Total frac: 2.000

Sketch (23) (cm: eps0: 0.000625, del0: 0.05, min_mem: 16.9921875)
Par: 1, Rows: 3
0.000    0.000    0.000    0.000    0.000    0.000    0.000    0.000    0.000    0.000    0.200    0.300    0.000    0.500    0.000    
Total frac: 1.000

Sketch (24) (cm: eps0: 0.000625, del0: 0.05, min_mem: 16.9921875)
Par: 1, Rows: 3
0.000    0.000    0.000    0.000    0.000    0.000    0.000    0.000    0.000    0.000    0.000    0.000    0.700    0.000    0.200    
Total frac: 0.900

Sketch (25) (cm: eps0: 0.000625, del0: 0.05, min_mem: 16.9921875)
Par: 1, Rows: 3
0.000    0.000    0.000    0.000    0.000    0.000    0.160    0.840    0.000    0.000    0.160    0.000    0.000    0.000    0.840    
Total frac: 2.000

Sketch (26) (cm: eps0: 0.000625, del0: 0.05, min_mem: 16.9921875)
Par: 1, Rows: 3
0.000    0.000    0.000    0.000    0.000    0.000    0.000    0.000    0.200    0.000    0.000    0.000    0.700    0.000    0.000    
Total frac: 0.900

Sketch (27) (cm: eps0: 0.000625, del0: 0.05, min_mem: 16.9921875)
Par: 1, Rows: 3
0.800    0.000    0.000    0.000    0.000    0.000    0.000    0.000    0.000    0.000    0.000    0.000    0.686    0.000    0.214    
Total frac: 1.700

Sketch (28) (cm: eps0: 0.000625, del0: 0.05, min_mem: 16.9921875)
Par: 1, Rows: 3
0.000    0.000    0.000    0.000    0.000    0.000    0.000    0.000    0.100    0.900    0.400    0.300    0.000    0.300    0.000    
Total frac: 2.000

Sketch (29) (cm: eps0: 0.000625, del0: 0.05, min_mem: 16.9921875)
Par: 1, Rows: 3
0.000    0.000    0.000    0.000    0.000    0.000    0.000    0.000    0.000    0.700    0.700    0.000    0.000    0.000    0.000    
Total frac: 1.400

Sketch (30) (cm: eps0: 0.000625, del0: 0.05, min_mem: 16.9921875)
Par: 1, Rows: 3
0.000    0.000    0.000    0.000    0.000    0.000    0.000    0.000    0.000    0.000    0.900    0.100    0.000    0.000    0.000    
Total frac: 1.000

Sketch (31) (cm: eps0: 0.000625, del0: 0.05, min_mem: 16.9921875)
Par: 1, Rows: 3
0.000    0.000    0.000    0.000    0.000    0.000    0.000    0.300    0.000    0.000    0.700    0.700    0.000    0.000    0.200    
Total frac: 1.900

Sketch (32) (cm: eps0: 0.000625, del0: 0.05, min_mem: 16.9921875)
Par: 1, Rows: 3
0.000    0.000    0.379    0.000    0.000    0.000    0.000    0.000    0.621    0.000    0.421    0.379    0.000    0.000    0.000    
Total frac: 1.800

Sketch (33) (cm: eps0: 0.000625, del0: 0.05, min_mem: 16.9921875)
Par: 1, Rows: 3
0.000    0.000    0.400    0.600    0.000    0.000    0.000    0.000    0.400    0.000    0.800    0.000    0.000    0.100    0.200    
Total frac: 2.500

Sketch (34) (cm: eps0: 0.000625, del0: 0.05, min_mem: 16.9921875)
Par: 1, Rows: 3
0.000    0.000    0.000    0.000    0.000    0.000    0.000    0.000    0.000    0.000    0.100    0.000    0.800    0.000    0.000    
Total frac: 0.900

Sketch (35) (cm: eps0: 0.000625, del0: 0.05, min_mem: 16.9921875)
Par: 1, Rows: 3
0.000    0.000    0.000    0.000    0.000    0.000    0.453    0.000    0.000    0.000    0.100    0.447    0.000    0.000    0.900    
Total frac: 1.900

Sketch (36) (cm: eps0: 0.000625, del0: 0.05, min_mem: 16.9921875)
Par: 1, Rows: 3
0.000    0.018    0.000    0.000    0.000    0.000    0.000    0.000    0.000    0.982    0.000    0.000    0.000    1.000    0.000    
Total frac: 2.000

Sketch (37) (cm: eps0: 0.000625, del0: 0.05, min_mem: 16.9921875)
Par: 1, Rows: 3
0.100    0.000    0.000    0.000    0.000    0.000    0.000    0.000    0.000    0.000    0.000    0.900    0.000    0.000    0.000    
Total frac: 1.000

Sketch (38) (cm: eps0: 0.000625, del0: 0.05, min_mem: 16.9921875)
Par: 1, Rows: 3
0.000    0.000    0.000    0.000    1.000    0.000    0.000    0.000    0.000    0.000    0.000    0.000    0.000    0.000    0.800    
Total frac: 1.800

Sketch (39) (cm: eps0: 0.000625, del0: 0.05, min_mem: 16.9921875)
Par: 1, Rows: 3
0.000    0.000    0.000    0.000    0.000    0.000    0.000    0.000    1.000    0.000    0.000    0.000    0.000    0.000    0.000    
Total frac: 1.000

Sketch (40) (cm: eps0: 0.000625, del0: 0.05, min_mem: 16.9921875)
Par: 1, Rows: 3
0.000    0.027    0.000    0.000    0.000    0.000    0.300    0.000    0.773    0.700    0.000    0.473    0.000    0.227    0.000    
Total frac: 2.500

Sketch (41) (cm: eps0: 0.000625, del0: 0.05, min_mem: 16.9921875)
Par: 1, Rows: 3
0.000    0.000    0.000    0.000    0.000    0.000    0.000    0.000    0.000    0.000    0.000    0.000    0.000    0.800    0.000    
Total frac: 0.800

Sketch (42) (cm: eps0: 0.000625, del0: 0.05, min_mem: 16.9921875)
Par: 1, Rows: 3
0.000    0.000    0.000    0.000    0.000    0.000    0.000    0.000    0.800    0.100    0.000    0.000    0.000    0.900    0.000    
Total frac: 1.800

Sketch (43) (cm: eps0: 0.000625, del0: 0.05, min_mem: 16.9921875)
Par: 1, Rows: 3
0.000    0.000    0.000    0.000    0.000    0.000    0.000    0.200    0.000    0.000    0.700    0.000    0.800    0.000    0.000    
Total frac: 1.700

Sketch (44) (cm: eps0: 0.000625, del0: 0.05, min_mem: 16.9921875)
Par: 1, Rows: 3
0.000    0.000    0.000    0.200    0.000    0.000    0.000    0.000    0.000    0.000    0.000    0.000    0.000    0.000    0.800    
Total frac: 1.000

Sketch (45) (cm: eps0: 0.000625, del0: 0.05, min_mem: 16.9921875)
Par: 1, Rows: 3
0.000    0.000    0.000    0.000    0.000    0.000    0.000    0.000    0.000    0.000    0.000    0.000    0.000    0.000    1.000    
Total frac: 1.000

Sketch (46) (cm: eps0: 0.000625, del0: 0.05, min_mem: 16.9921875)
Par: 1, Rows: 3
0.000    0.000    0.700    0.000    0.000    0.000    0.000    0.000    0.000    0.000    0.000    0.000    0.700    0.000    0.000    
Total frac: 1.400

Sketch (47) (cm: eps0: 0.000625, del0: 0.05, min_mem: 16.9921875)
Par: 1, Rows: 3
0.000    0.000    0.000    0.000    0.000    0.000    0.000    0.000    0.000    0.700    0.000    0.200    0.000    0.000    0.000    
Total frac: 0.900

Sketch (48) (cm: eps0: 0.000625, del0: 0.05, min_mem: 16.9921875)
Par: 1, Rows: 3
0.000    0.000    0.000    0.000    0.000    0.000    0.000    0.000    0.000    0.000    0.000    0.000    0.000    0.000    0.900    
Total frac: 0.900

Sketch (49) (cm: eps0: 0.000625, del0: 0.05, min_mem: 16.9921875)
Par: 1, Rows: 3
0.000    0.000    0.000    0.000    0.000    0.000    0.000    0.000    0.000    0.000    0.000    0.000    0.000    0.000    1.000    
Total frac: 1.000

Sketch (50) (cm: eps0: 0.000625, del0: 0.05, min_mem: 16.9921875)
Par: 1, Rows: 3
0.000    0.900    0.000    0.000    0.000    0.000    0.000    0.000    0.000    0.000    0.900    0.000    0.000    0.000    0.000    
Total frac: 1.800

Sketch (51) (cm: eps0: 0.000625, del0: 0.05, min_mem: 16.9921875)
Par: 1, Rows: 3
0.000    0.000    0.000    0.000    0.000    0.000    0.000    0.000    0.000    0.000    0.000    0.000    0.100    0.900    0.000    
Total frac: 1.000

Sketch (52) (cm: eps0: 0.000625, del0: 0.05, min_mem: 16.9921875)
Par: 1, Rows: 3
0.000    0.000    0.000    0.000    0.000    0.000    0.000    0.000    0.000    0.000    0.900    0.900    0.000    0.000    0.000    
Total frac: 1.800

Sketch (53) (cm: eps0: 0.000625, del0: 0.05, min_mem: 16.9921875)
Par: 1, Rows: 3
0.000    0.600    0.200    0.000    0.000    0.000    0.100    0.000    0.100    0.000    0.000    0.900    0.000    0.000    0.800    
Total frac: 2.700

Sketch (54) (cm: eps0: 0.000625, del0: 0.05, min_mem: 16.9921875)
Par: 1, Rows: 3
0.482    0.000    0.000    0.000    0.000    0.000    0.000    0.000    0.318    0.200    0.118    0.000    0.000    0.682    0.000    
Total frac: 1.800

Sketch (55) (cm: eps0: 0.000625, del0: 0.05, min_mem: 16.9921875)
Par: 1, Rows: 3
0.000    0.000    0.000    0.000    0.000    0.000    0.000    0.000    0.000    0.000    0.000    0.100    0.000    0.900    0.000    
Total frac: 1.000

Sketch (56) (cm: eps0: 0.000625, del0: 0.05, min_mem: 16.9921875)
Par: 1, Rows: 3
0.000    0.000    0.000    0.000    0.000    0.000    0.000    0.000    0.000    0.000    0.800    0.000    1.000    0.000    0.000    
Total frac: 1.800

Sketch (57) (cm: eps0: 0.000625, del0: 0.05, min_mem: 16.9921875)
Par: 1, Rows: 3
0.000    0.000    0.000    0.000    0.000    0.000    0.000    0.000    0.000    0.700    0.000    0.900    0.000    0.000    0.000    
Total frac: 1.600

Sketch (58) (cm: eps0: 0.000625, del0: 0.05, min_mem: 16.9921875)
Par: 1, Rows: 3
0.000    0.000    0.000    0.000    0.000    0.627    0.000    0.373    0.800    0.000    0.000    0.000    0.000    0.000    0.000    
Total frac: 1.800

Sketch (59) (cm: eps0: 0.000625, del0: 0.05, min_mem: 16.9921875)
Par: 1, Rows: 3
0.300    0.000    0.000    0.000    0.000    0.000    0.000    0.000    0.700    0.000    0.000    0.200    0.000    0.800    0.000    
Total frac: 2.000

Sketch (60) (cm: eps0: 0.000625, del0: 0.05, min_mem: 16.9921875)
Par: 1, Rows: 3
0.000    0.000    0.000    0.000    0.000    0.000    0.000    0.000    0.000    0.000    0.000    0.000    0.000    0.000    0.900    
Total frac: 0.900

Sketch (61) (cm: eps0: 0.000625, del0: 0.05, min_mem: 16.9921875)
Par: 1, Rows: 3
0.000    0.000    0.000    0.000    0.000    0.000    0.000    0.000    0.000    0.100    0.000    0.000    0.900    0.000    0.000    
Total frac: 1.000

Sketch (62) (cm: eps0: 0.000625, del0: 0.05, min_mem: 16.9921875)
Par: 1, Rows: 3
0.000    0.000    0.000    0.000    0.900    0.000    0.000    0.000    0.000    0.000    0.000    0.000    1.000    0.000    0.000    
Total frac: 1.900

Sketch (63) (cm: eps0: 0.000625, del0: 0.05, min_mem: 16.9921875)
Par: 1, Rows: 3
0.000    0.000    0.000    0.000    0.000    0.000    0.000    0.000    0.000    0.533    0.000    0.000    0.000    0.000    0.267    
Total frac: 0.800

Device (0) cpu1:
cores_sketch: 2.9999999999999996, cores_dpdk: 4.0
Rows total: 6.639974334712644
Mem total: 112.827688890625
Throughput: 80.0

Device (1) cpu2:
cores_sketch: 2.9999999999999996, cores_dpdk: 4.0
Rows total: 6.639974334712644
Mem total: 112.827688890625
Throughput: 80.0

Device (2) cpu3:
cores_sketch: 2.9999999999999996, cores_dpdk: 4.0
Rows total: 6.639974334712642
Mem total: 112.827688890625
Throughput: 80.0

Device (3) cpu4:
cores_sketch: 2.9999999999999996, cores_dpdk: 4.0
Rows total: 6.639974334712644
Mem total: 112.827688890625
Throughput: 80.0

Device (4) cpu5:
cores_sketch: 2.9999999999999996, cores_dpdk: 4.0
Rows total: 6.639974334712644
Mem total: 112.827688890625
Throughput: 80.0

Device (5) cpu6:
cores_sketch: 2.9999999999999996, cores_dpdk: 4.0
Rows total: 6.639974334712644
Mem total: 112.827688890625
Throughput: 80.0

Device (6) cpu7:
cores_sketch: 2.9999999999999996, cores_dpdk: 4.0
Rows total: 6.639974334712644
Mem total: 112.827688890625
Throughput: 80.0

Device (7) cpu8:
cores_sketch: 2.9999999999999996, cores_dpdk: 4.0
Rows total: 6.639974334712643
Mem total: 112.827688890625
Throughput: 80.0

Device (8) tor_p41:
Rows total: 33.89717218889984
Mem total: 575.9871055535714
Throughput: 148.0

Device (9) tor_p42:
Rows total: 33.897172188899845
Mem total: 575.9871055535714
Throughput: 148.0

Device (10) tor_p43:
Rows total: 33.89717218889984
Mem total: 575.9871055535714
Throughput: 148.0

Device (11) tor_p44:
Rows total: 33.89717218889983
Mem total: 575.9871055535714
Throughput: 148.0

Device (12) l1_p41:
Rows total: 33.89717218889983
Mem total: 575.9871055535714
Throughput: 148.0

Device (13) l1_p42:
Rows total: 33.89717218889983
Mem total: 575.9871055535714
Throughput: 148.0

Device (14) l2_p4:
Rows total: 33.89717218889984
Mem total: 575.9871055535714
Throughput: 148.0
--------------------------------------------------
