Using license file /home/anupa/gurobi.lic
Academic license - for non-commercial use only

--------------------------------------------------
Model update took: 0.002329587936401367 seconds
Model optimize took: 0.3275644779205322 seconds
--------------------------------------------------

Sketch (0) (cm: eps0: 0.000625, del0: 0.05, min_mem: 16.9921875)
Par: 1, Rows: 1
0.000    0.000    0.000    -0.000    0.000    -0.000    -0.000    0.000    0.000    -0.000    -0.000    0.000    -0.000    1.000    0.000    
Total frac: 1.000
Par: 2, Rows: 1
0.000    -0.000    -0.000    0.000    0.000    -0.000    -0.000    0.000    0.000    -0.000    0.000    -0.000    -0.000    -0.000    1.000    
Total frac: 1.000
Par: 3, Rows: 1
0.000    0.000    -0.000    -0.000    0.000    0.000    -0.000    0.000    0.000    -0.000    -0.000    -0.000    -0.000    0.000    1.000    
Total frac: 1.000

Sketch (1) (cm: eps0: 0.000625, del0: 0.05, min_mem: 16.9921875)
Par: 1, Rows: 1
-0.000    0.000    0.000    -0.000    0.000    -0.000    0.000    0.000    -0.000    1.000    0.000    0.000    -0.000    0.000    0.000    
Total frac: 1.000
Par: 2, Rows: 1
-0.000    0.000    -0.000    -0.000    0.000    0.000    0.000    0.000    -0.000    1.000    -0.000    -0.000    -0.000    0.000    0.000    
Total frac: 1.000
Par: 3, Rows: 1
-0.000    0.000    -0.000    -0.000    0.000    -0.000    0.000    0.000    -0.000    1.000    0.000    -0.000    -0.000    0.000    0.000    
Total frac: 1.000

Sketch (2) (cm: eps0: 0.000625, del0: 0.05, min_mem: 16.9921875)
Par: 1, Rows: 1
0.000    0.000    -0.000    0.000    0.000    1.000    -0.000    -0.000    0.000    -0.000    0.000    1.000    -0.000    -0.000    -0.000    
Total frac: 2.000
Par: 2, Rows: 1
0.000    0.000    -0.000    0.000    0.000    1.000    -0.000    0.000    0.000    -0.000    -0.000    1.000    -0.000    -0.000    -0.000    
Total frac: 2.000
Par: 3, Rows: 1
0.000    0.000    -0.000    0.000    0.000    -0.000    -0.000    1.000    0.000    -0.000    -0.000    0.000    -0.000    -0.000    1.000    
Total frac: 2.000

Sketch (3) (cm: eps0: 0.000625, del0: 0.05, min_mem: 16.9921875)
Par: 1, Rows: 1
0.000    0.000    0.000    -0.000    0.000    0.000    0.000    -0.000    0.000    1.000    0.000    -0.000    -0.000    -0.000    -0.000    
Total frac: 1.000
Par: 2, Rows: 1
0.000    0.000    0.000    -0.000    0.000    -0.000    0.000    -0.000    -0.000    1.000    0.000    -0.000    -0.000    -0.000    -0.000    
Total frac: 1.000
Par: 3, Rows: 1
0.000    -0.000    -0.000    0.000    0.000    0.000    0.000    0.000    -0.000    1.000    0.000    -0.000    -0.000    0.000    0.000    
Total frac: 1.000

Sketch (4) (cm: eps0: 0.000625, del0: 0.05, min_mem: 16.9921875)
Par: 1, Rows: 1
-0.000    0.000    0.000    0.000    0.000    0.000    0.000    -0.000    1.000    0.000    -0.000    -0.000    -0.000    -0.000    -0.000    
Total frac: 1.000
Par: 2, Rows: 1
0.000    -0.000    0.000    0.000    0.000    -0.000    0.000    0.000    1.000    0.000    -0.000    -0.000    -0.000    -0.000    -0.000    
Total frac: 1.000
Par: 3, Rows: 1
-0.000    -0.000    0.000    -0.000    0.000    -0.000    0.000    0.000    1.000    0.000    -0.000    0.000    -0.000    -0.000    -0.000    
Total frac: 1.000

Sketch (5) (cm: eps0: 0.000625, del0: 0.05, min_mem: 16.9921875)
Par: 1, Rows: 1
0.000    -0.000    -0.000    -0.000    -0.000    -0.000    -0.000    0.000    -0.000    -0.000    -0.000    1.000    1.000    -0.000    0.000    
Total frac: 2.000
Par: 2, Rows: 1
-0.000    -0.000    -0.000    0.000    0.000    0.000    -0.000    -0.000    -0.000    -0.000    0.000    1.000    1.000    -0.000    0.000    
Total frac: 2.000
Par: 3, Rows: 1
-0.000    -0.000    -0.000    0.000    -0.000    0.000    -0.000    -0.000    -0.000    -0.000    0.000    1.000    1.000    0.000    0.000    
Total frac: 2.000

Sketch (6) (cm: eps0: 0.000625, del0: 0.05, min_mem: 16.9921875)
Par: 1, Rows: 1
-0.000    0.000    0.000    1.000    0.000    0.000    -0.000    0.000    0.000    0.000    0.000    -0.000    -0.000    -0.000    -0.000    
Total frac: 1.000
Par: 2, Rows: 1
-0.000    0.000    0.000    1.000    0.000    0.000    -0.000    0.000    -0.000    -0.000    0.000    -0.000    -0.000    -0.000    -0.000    
Total frac: 1.000
Par: 3, Rows: 1
0.000    0.000    0.000    -0.000    0.000    0.000    -0.000    0.000    0.000    1.000    0.000    -0.000    -0.000    -0.000    -0.000    
Total frac: 1.000

Sketch (7) (cm: eps0: 0.000625, del0: 0.05, min_mem: 16.9921875)
Par: 1, Rows: 1
0.000    -0.000    -0.000    1.000    0.000    0.000    0.000    -0.000    -0.000    0.000    0.000    1.000    -0.000    -0.000    -0.000    
Total frac: 2.000
Par: 2, Rows: 1
-0.000    -0.000    1.000    -0.000    0.000    0.000    0.000    -0.000    -0.000    0.000    -0.000    1.000    -0.000    -0.000    -0.000    
Total frac: 2.000
Par: 3, Rows: 1
0.000    0.000    1.000    0.000    -0.000    0.000    -0.000    0.000    0.000    -0.000    -0.000    1.000    0.000    -0.000    0.000    
Total frac: 2.000

Sketch (8) (cm: eps0: 0.000625, del0: 0.05, min_mem: 16.9921875)
Par: 1, Rows: 1
0.000    0.000    0.000    -0.000    0.000    0.000    0.000    -0.000    -0.000    -0.000    0.000    -0.000    -0.000    1.000    -0.000    
Total frac: 1.000
Par: 2, Rows: 1
0.000    0.000    0.000    -0.000    0.000    0.000    0.000    -0.000    0.000    -0.000    0.000    -0.000    -0.000    1.000    -0.000    
Total frac: 1.000
Par: 3, Rows: 1
-0.000    0.000    0.000    -0.000    0.000    0.000    0.000    -0.000    0.000    -0.000    0.000    -0.000    -0.000    1.000    -0.000    
Total frac: 1.000

Sketch (9) (cm: eps0: 0.000625, del0: 0.05, min_mem: 16.9921875)
Par: 1, Rows: 1
0.000    -0.000    -0.000    -0.000    -0.000    0.000    0.000    -0.000    -0.000    -0.000    1.000    -0.000    1.000    -0.000    0.000    
Total frac: 2.000
Par: 2, Rows: 1
0.000    -0.000    -0.000    0.000    -0.000    0.000    -0.000    -0.000    -0.000    -0.000    1.000    -0.000    1.000    -0.000    0.000    
Total frac: 2.000
Par: 3, Rows: 1
0.000    -0.000    -0.000    -0.000    -0.000    -0.000    0.000    -0.000    -0.000    -0.000    1.000    -0.000    1.000    -0.000    0.000    
Total frac: 2.000

Sketch (10) (cm: eps0: 0.000625, del0: 0.05, min_mem: 16.9921875)
Par: 1, Rows: 1
-0.000    1.000    -0.000    0.000    0.000    0.000    0.000    1.000    -0.000    -0.000    0.000    -0.000    -0.000    -0.000    -0.000    
Total frac: 2.000
Par: 2, Rows: 1
-0.000    1.000    -0.000    0.000    0.000    0.000    0.000    1.000    0.000    -0.000    0.000    0.000    -0.000    -0.000    -0.000    
Total frac: 2.000
Par: 3, Rows: 1
-0.000    1.000    -0.000    0.000    0.000    0.000    0.000    -0.000    -0.000    -0.000    0.000    1.000    -0.000    -0.000    0.000    
Total frac: 2.000

Sketch (11) (cm: eps0: 0.000625, del0: 0.05, min_mem: 16.9921875)
Par: 1, Rows: 1
-0.000    0.000    -0.000    0.000    -0.000    0.000    0.000    0.000    -0.000    1.000    -0.000    -0.000    -0.000    1.000    0.000    
Total frac: 2.000
Par: 2, Rows: 1
1.000    0.000    -0.000    0.000    -0.000    0.000    0.000    -0.000    -0.000    -0.000    -0.000    -0.000    -0.000    1.000    0.000    
Total frac: 2.000
Par: 3, Rows: 1
1.000    0.000    -0.000    0.000    -0.000    0.000    0.000    -0.000    -0.000    -0.000    -0.000    -0.000    -0.000    1.000    0.000    
Total frac: 2.000

Sketch (12) (cm: eps0: 0.000625, del0: 0.05, min_mem: 16.9921875)
Par: 1, Rows: 1
0.000    -0.000    0.000    -0.000    -0.000    0.000    0.000    0.000    0.000    -0.000    -0.000    0.000    -0.000    1.000    0.000    
Total frac: 1.000
Par: 2, Rows: 1
0.000    -0.000    0.000    -0.000    -0.000    -0.000    -0.000    -0.000    0.000    -0.000    -0.000    0.000    -0.000    -0.000    1.000    
Total frac: 1.000
Par: 3, Rows: 1
0.000    0.000    0.000    -0.000    -0.000    -0.000    -0.000    0.000    0.000    -0.000    -0.000    0.000    -0.000    -0.000    1.000    
Total frac: 1.000

Sketch (13) (cm: eps0: 0.000625, del0: 0.05, min_mem: 16.9921875)
Par: 1, Rows: 1
0.000    0.000    0.000    -0.000    0.000    -0.000    0.000    0.000    0.000    -0.000    -0.000    0.000    -0.000    1.000    -0.000    
Total frac: 1.000
Par: 2, Rows: 1
0.000    -0.000    0.000    0.000    0.000    -0.000    -0.000    0.000    -0.000    0.000    0.000    -0.000    -0.000    1.000    -0.000    
Total frac: 1.000
Par: 3, Rows: 1
0.000    -0.000    0.000    -0.000    0.000    0.000    -0.000    -0.000    -0.000    -0.000    -0.000    -0.000    -0.000    1.000    -0.000    
Total frac: 1.000

Sketch (14) (cm: eps0: 0.000625, del0: 0.05, min_mem: 16.9921875)
Par: 1, Rows: 1
-0.000    0.000    -0.000    0.000    -0.000    -0.000    0.000    0.000    -0.000    -0.000    1.000    -0.000    1.000    0.000    0.000    
Total frac: 2.000
Par: 2, Rows: 1
-0.000    0.000    -0.000    0.000    -0.000    -0.000    0.000    0.000    -0.000    -0.000    1.000    0.000    1.000    0.000    -0.000    
Total frac: 2.000
Par: 3, Rows: 1
-0.000    0.000    -0.000    0.000    0.000    -0.000    0.000    0.000    -0.000    -0.000    1.000    0.000    1.000    0.000    0.000    
Total frac: 2.000

Sketch (15) (cm: eps0: 0.000625, del0: 0.05, min_mem: 16.9921875)
Par: 1, Rows: 1
-0.000    -0.000    0.000    0.000    0.000    -0.000    0.000    0.000    -0.000    0.000    -0.000    -0.000    -0.000    1.000    -0.000    
Total frac: 1.000
Par: 2, Rows: 1
0.000    -0.000    0.000    0.000    0.000    -0.000    0.000    0.000    -0.000    0.000    0.000    -0.000    -0.000    1.000    -0.000    
Total frac: 1.000
Par: 3, Rows: 1
0.000    -0.000    0.000    0.000    0.000    -0.000    0.000    0.000    -0.000    -0.000    0.000    0.000    -0.000    1.000    -0.000    
Total frac: 1.000

Sketch (16) (cm: eps0: 0.000625, del0: 0.05, min_mem: 16.9921875)
Par: 1, Rows: 1
0.000    0.000    0.000    0.000    0.000    -0.000    1.000    0.000    0.000    0.000    -0.000    0.000    0.000    -0.000    0.000    
Total frac: 1.000
Par: 2, Rows: 1
0.000    0.000    0.000    0.000    0.000    -0.000    1.000    0.000    0.000    0.000    -0.000    0.000    0.000    -0.000    0.000    
Total frac: 1.000
Par: 3, Rows: 1
0.000    0.000    0.000    0.000    0.000    -0.000    0.000    0.000    0.000    0.000    -0.000    1.000    0.000    -0.000    -0.000    
Total frac: 1.000

Sketch (17) (cm: eps0: 0.000625, del0: 0.05, min_mem: 16.9921875)
Par: 1, Rows: 1
-0.000    0.000    0.000    0.000    0.000    -0.000    -0.000    1.000    -0.000    0.000    -0.000    -0.000    1.000    -0.000    -0.000    
Total frac: 2.000
Par: 2, Rows: 1
-0.000    -0.000    0.000    0.000    -0.000    -0.000    -0.000    1.000    -0.000    0.000    -0.000    0.000    1.000    -0.000    -0.000    
Total frac: 2.000
Par: 3, Rows: 1
-0.000    0.000    0.000    0.000    0.000    -0.000    -0.000    -0.000    -0.000    0.000    -0.000    1.000    1.000    -0.000    -0.000    
Total frac: 2.000

Sketch (18) (cm: eps0: 0.000625, del0: 0.05, min_mem: 16.9921875)
Par: 1, Rows: 1
0.000    0.000    0.000    0.000    0.000    0.000    -0.000    0.000    0.000    -0.000    -0.000    -0.000    -0.000    -0.000    1.000    
Total frac: 1.000
Par: 2, Rows: 1
0.000    0.000    0.000    -0.000    0.000    0.000    -0.000    0.000    0.000    -0.000    0.000    -0.000    -0.000    -0.000    1.000    
Total frac: 1.000
Par: 3, Rows: 1
0.000    0.000    0.000    -0.000    0.000    0.000    -0.000    0.000    0.000    1.000    0.000    -0.000    -0.000    -0.000    0.000    
Total frac: 1.000

Sketch (19) (cm: eps0: 0.000625, del0: 0.05, min_mem: 16.9921875)
Par: 1, Rows: 1
0.000    0.000    -0.000    0.000    -0.000    -0.000    0.000    -0.000    -0.000    1.000    1.000    -0.000    -0.000    -0.000    -0.000    
Total frac: 2.000
Par: 2, Rows: 1
-0.000    -0.000    0.000    -0.000    -0.000    -0.000    0.000    0.000    -0.000    1.000    1.000    0.000    -0.000    0.000    -0.000    
Total frac: 2.000
Par: 3, Rows: 1
0.000    -0.000    -0.000    -0.000    -0.000    0.000    -0.000    0.000    -0.000    1.000    1.000    -0.000    -0.000    -0.000    0.000    
Total frac: 2.000

Sketch (20) (cm: eps0: 0.000625, del0: 0.05, min_mem: 16.9921875)
Par: 1, Rows: 1
-0.000    0.000    0.000    -0.000    -0.000    0.000    -0.000    0.000    0.000    1.000    -0.000    1.000    -0.000    -0.000    0.000    
Total frac: 2.000
Par: 2, Rows: 1
-0.000    0.000    0.000    -0.000    -0.000    -0.000    0.000    0.000    1.000    -0.000    1.000    -0.000    -0.000    -0.000    -0.000    
Total frac: 2.000
Par: 3, Rows: 1
-0.000    -0.000    0.000    1.000    -0.000    0.000    0.000    0.000    -0.000    -0.000    -0.000    1.000    -0.000    -0.000    0.000    
Total frac: 2.000

Sketch (21) (cm: eps0: 0.000625, del0: 0.05, min_mem: 16.9921875)
Par: 1, Rows: 1
-0.000    0.000    0.000    -0.000    -0.000    -0.000    -0.000    0.000    1.000    -0.000    0.000    -0.000    -0.000    1.000    0.000    
Total frac: 2.000
Par: 2, Rows: 1
-0.000    0.000    0.000    -0.000    0.000    -0.000    -0.000    0.000    1.000    -0.000    -0.000    -0.000    -0.000    1.000    0.000    
Total frac: 2.000
Par: 3, Rows: 1
-0.000    0.000    -0.000    0.000    0.000    0.000    -0.000    0.000    1.000    -0.000    1.000    -0.000    -0.000    -0.000    0.000    
Total frac: 2.000

Sketch (22) (cm: eps0: 0.000625, del0: 0.05, min_mem: 16.9921875)
Par: 1, Rows: 1
0.000    -0.000    0.000    0.000    -0.000    -0.000    0.000    0.000    -0.000    0.000    -0.000    -0.000    1.000    -0.000    -0.000    
Total frac: 1.000
Par: 2, Rows: 1
0.000    -0.000    0.000    0.000    -0.000    0.000    0.000    0.000    -0.000    0.000    -0.000    0.000    1.000    -0.000    -0.000    
Total frac: 1.000
Par: 3, Rows: 1
0.000    -0.000    0.000    0.000    -0.000    0.000    0.000    -0.000    -0.000    0.000    -0.000    0.000    1.000    -0.000    -0.000    
Total frac: 1.000

Sketch (23) (cm: eps0: 0.000625, del0: 0.05, min_mem: 16.9921875)
Par: 1, Rows: 1
0.000    -0.000    1.000    -0.000    0.000    -0.000    0.000    0.000    -0.000    0.000    -0.000    0.000    -0.000    1.000    -0.000    
Total frac: 2.000
Par: 2, Rows: 1
0.000    -0.000    -0.000    1.000    0.000    -0.000    0.000    0.000    -0.000    -0.000    1.000    0.000    -0.000    -0.000    -0.000    
Total frac: 2.000
Par: 3, Rows: 1
0.000    -0.000    1.000    -0.000    0.000    -0.000    0.000    0.000    -0.000    0.000    1.000    -0.000    -0.000    -0.000    -0.000    
Total frac: 2.000

Sketch (24) (cm: eps0: 0.000625, del0: 0.05, min_mem: 16.9921875)
Par: 1, Rows: 1
0.000    -0.000    -0.000    -0.000    1.000    0.000    0.000    0.000    -0.000    1.000    0.000    0.000    -0.000    -0.000    -0.000    
Total frac: 2.000
Par: 2, Rows: 1
0.000    -0.000    -0.000    -0.000    1.000    0.000    0.000    0.000    -0.000    1.000    0.000    0.000    -0.000    -0.000    -0.000    
Total frac: 2.000
Par: 3, Rows: 1
0.000    -0.000    -0.000    -0.000    1.000    0.000    0.000    0.000    -0.000    1.000    0.000    0.000    -0.000    -0.000    -0.000    
Total frac: 2.000

Sketch (25) (cm: eps0: 0.000625, del0: 0.05, min_mem: 16.9921875)
Par: 1, Rows: 1
0.000    0.000    -0.000    -0.000    -0.000    0.000    -0.000    0.000    0.000    -0.000    -0.000    0.000    1.000    -0.000    -0.000    
Total frac: 1.000
Par: 2, Rows: 1
0.000    0.000    -0.000    0.000    -0.000    0.000    0.000    0.000    0.000    -0.000    -0.000    0.000    1.000    -0.000    -0.000    
Total frac: 1.000
Par: 3, Rows: 1
0.000    0.000    -0.000    0.000    -0.000    0.000    0.000    -0.000    0.000    -0.000    -0.000    -0.000    1.000    -0.000    -0.000    
Total frac: 1.000

Sketch (26) (cm: eps0: 0.000625, del0: 0.05, min_mem: 16.9921875)
Par: 1, Rows: 1
0.000    -0.000    0.000    0.000    -0.000    0.000    -0.000    0.000    -0.000    0.000    -0.000    -0.000    -0.000    -0.000    1.000    
Total frac: 1.000
Par: 2, Rows: 1
-0.000    -0.000    0.000    0.000    -0.000    0.000    0.000    0.000    -0.000    -0.000    -0.000    0.000    -0.000    -0.000    1.000    
Total frac: 1.000
Par: 3, Rows: 1
0.000    -0.000    0.000    0.000    -0.000    0.000    0.000    0.000    -0.000    0.000    -0.000    0.000    -0.000    -0.000    1.000    
Total frac: 1.000

Sketch (27) (cm: eps0: 0.000625, del0: 0.05, min_mem: 16.9921875)
Par: 1, Rows: 1
-0.000    -0.000    0.000    -0.000    0.000    0.000    -0.000    0.000    1.000    -0.000    0.000    -0.000    -0.000    -0.000    1.000    
Total frac: 2.000
Par: 2, Rows: 1
-0.000    1.000    0.000    -0.000    0.000    0.000    -0.000    0.000    -0.000    -0.000    0.000    0.000    -0.000    -0.000    1.000    
Total frac: 2.000
Par: 3, Rows: 1
-0.000    0.000    0.000    -0.000    0.000    0.000    -0.000    -0.000    1.000    0.000    0.000    1.000    -0.000    -0.000    -0.000    
Total frac: 2.000

Sketch (28) (cm: eps0: 0.000625, del0: 0.05, min_mem: 16.9921875)
Par: 1, Rows: 1
0.000    -0.000    0.000    0.000    1.000    -0.000    0.000    -0.000    -0.000    0.000    -0.000    1.000    -0.000    0.000    -0.000    
Total frac: 2.000
Par: 2, Rows: 1
-0.000    0.000    0.000    0.000    -0.000    -0.000    -0.000    -0.000    -0.000    0.000    1.000    1.000    -0.000    0.000    -0.000    
Total frac: 2.000
Par: 3, Rows: 1
0.000    -0.000    -0.000    0.000    1.000    -0.000    0.000    -0.000    -0.000    0.000    -0.000    -0.000    -0.000    -0.000    1.000    
Total frac: 2.000

Sketch (29) (cm: eps0: 0.000625, del0: 0.05, min_mem: 16.9921875)
Par: 1, Rows: 1
0.000    0.000    -0.000    0.000    0.000    -0.000    0.000    -0.000    0.000    -0.000    0.000    -0.000    -0.000    -0.000    1.000    
Total frac: 1.000
Par: 2, Rows: 1
0.000    0.000    -0.000    0.000    0.000    0.000    0.000    -0.000    0.000    -0.000    0.000    -0.000    -0.000    1.000    0.000    
Total frac: 1.000
Par: 3, Rows: 1
0.000    0.000    -0.000    0.000    0.000    0.000    0.000    -0.000    0.000    -0.000    0.000    -0.000    -0.000    1.000    -0.000    
Total frac: 1.000

Sketch (30) (cm: eps0: 0.000625, del0: 0.05, min_mem: 16.9921875)
Par: 1, Rows: 1
-0.000    -0.000    0.000    -0.000    0.000    -0.000    0.000    -0.000    1.000    -0.000    -0.000    1.000    -0.000    0.000    1.000    
Total frac: 3.000
Par: 2, Rows: 1
-0.000    -0.000    0.000    -0.000    0.000    -0.000    -0.000    1.000    1.000    -0.000    1.000    -0.000    -0.000    -0.000    -0.000    
Total frac: 3.000
Par: 3, Rows: 1
1.000    -0.000    -0.000    -0.000    0.000    -0.000    -0.000    -0.000    -0.000    1.000    -0.000    1.000    -0.000    -0.000    0.000    
Total frac: 3.000

Sketch (31) (cm: eps0: 0.000625, del0: 0.05, min_mem: 16.9921875)
Par: 1, Rows: 1
0.000    -0.000    -0.000    1.000    -0.000    -0.000    0.000    -0.000    -0.000    -0.000    1.000    -0.000    -0.000    0.000    1.000    
Total frac: 3.000
Par: 2, Rows: 1
0.000    -0.000    -0.000    -0.000    0.000    -0.000    0.000    -0.000    1.000    1.000    1.000    -0.000    -0.000    -0.000    -0.000    
Total frac: 3.000
Par: 3, Rows: 1
0.000    -0.000    -0.000    1.000    -0.000    0.000    0.000    -0.000    1.000    0.000    1.000    -0.000    -0.000    -0.000    -0.000    
Total frac: 3.000

Sketch (32) (cm: eps0: 0.000625, del0: 0.05, min_mem: 16.9921875)
Par: 1, Rows: 1
-0.000    0.000    -0.000    -0.000    -0.000    0.000    0.000    0.000    -0.000    -0.000    0.000    0.000    1.000    -0.000    0.000    
Total frac: 1.000
Par: 2, Rows: 1
-0.000    0.000    0.000    -0.000    0.000    0.000    0.000    0.000    -0.000    -0.000    0.000    -0.000    1.000    0.000    0.000    
Total frac: 1.000
Par: 3, Rows: 1
-0.000    0.000    0.000    -0.000    -0.000    0.000    0.000    0.000    -0.000    -0.000    0.000    0.000    1.000    0.000    0.000    
Total frac: 1.000

Sketch (33) (cm: eps0: 0.000625, del0: 0.05, min_mem: 16.9921875)
Par: 1, Rows: 1
0.000    0.000    0.000    0.000    -0.000    -0.000    -0.000    0.000    0.000    0.000    1.000    -0.000    0.000    -0.000    -0.000    
Total frac: 1.000
Par: 2, Rows: 1
0.000    0.000    0.000    0.000    0.000    -0.000    -0.000    0.000    0.000    0.000    1.000    -0.000    -0.000    0.000    0.000    
Total frac: 1.000
Par: 3, Rows: 1
0.000    0.000    0.000    0.000    0.000    -0.000    -0.000    0.000    0.000    -0.000    1.000    -0.000    0.000    -0.000    0.000    
Total frac: 1.000

Sketch (34) (cm: eps0: 0.000625, del0: 0.05, min_mem: 16.9921875)
Par: 1, Rows: 1
-0.000    -0.000    0.000    -0.000    -0.000    0.000    0.000    0.000    -0.000    -0.000    1.000    -0.000    1.000    -0.000    0.000    
Total frac: 2.000
Par: 2, Rows: 1
0.000    0.000    0.000    -0.000    -0.000    -0.000    -0.000    0.000    0.000    -0.000    1.000    -0.000    1.000    -0.000    -0.000    
Total frac: 2.000
Par: 3, Rows: 1
-0.000    0.000    0.000    -0.000    1.000    0.000    0.000    0.000    -0.000    -0.000    -0.000    0.000    1.000    0.000    0.000    
Total frac: 2.000

Sketch (35) (cm: eps0: 0.000625, del0: 0.05, min_mem: 16.9921875)
Par: 1, Rows: 1
-0.000    -0.000    -0.000    -0.000    -0.000    -0.000    0.000    0.000    1.000    -0.000    1.000    -0.000    -0.000    -0.000    1.000    
Total frac: 3.000
Par: 2, Rows: 1
1.000    -0.000    -0.000    -0.000    1.000    -0.000    0.000    -0.000    -0.000    -0.000    -0.000    1.000    -0.000    -0.000    -0.000    
Total frac: 3.000
Par: 3, Rows: 1
0.000    -0.000    -0.000    0.000    0.000    -0.000    0.000    0.000    1.000    -0.000    1.000    1.000    -0.000    -0.000    -0.000    
Total frac: 3.000

Sketch (36) (cm: eps0: 0.000625, del0: 0.05, min_mem: 16.9921875)
Par: 1, Rows: 1
0.000    -0.000    -0.000    0.000    0.000    -0.000    0.000    0.000    -0.000    0.000    -0.000    0.000    -0.000    -0.000    1.000    
Total frac: 1.000
Par: 2, Rows: 1
0.000    -0.000    0.000    -0.000    -0.000    -0.000    0.000    0.000    -0.000    -0.000    -0.000    0.000    -0.000    -0.000    1.000    
Total frac: 1.000
Par: 3, Rows: 1
0.000    0.000    0.000    -0.000    -0.000    0.000    0.000    0.000    0.000    -0.000    -0.000    0.000    -0.000    -0.000    1.000    
Total frac: 1.000

Sketch (37) (cm: eps0: 0.000625, del0: 0.05, min_mem: 16.9921875)
Par: 1, Rows: 1
0.000    1.000    0.000    -0.000    -0.000    0.000    0.000    0.000    -0.000    1.000    -0.000    0.000    -0.000    -0.000    -0.000    
Total frac: 2.000
Par: 2, Rows: 1
0.000    0.000    1.000    -0.000    -0.000    0.000    0.000    0.000    -0.000    -0.000    -0.000    0.000    -0.000    -0.000    1.000    
Total frac: 2.000
Par: 3, Rows: 1
0.000    1.000    0.000    -0.000    -0.000    0.000    0.000    -0.000    0.000    1.000    -0.000    0.000    -0.000    -0.000    -0.000    
Total frac: 2.000

Sketch (38) (cm: eps0: 0.000625, del0: 0.05, min_mem: 16.9921875)
Par: 1, Rows: 1
0.000    0.000    -0.000    0.000    0.000    0.000    0.000    -0.000    0.000    1.000    0.000    -0.000    -0.000    -0.000    0.000    
Total frac: 1.000
Par: 2, Rows: 1
0.000    0.000    -0.000    0.000    0.000    0.000    0.000    -0.000    0.000    -0.000    -0.000    -0.000    -0.000    1.000    0.000    
Total frac: 1.000
Par: 3, Rows: 1
0.000    0.000    -0.000    0.000    0.000    0.000    0.000    -0.000    0.000    -0.000    -0.000    -0.000    -0.000    1.000    -0.000    
Total frac: 1.000

Sketch (39) (cm: eps0: 0.000625, del0: 0.05, min_mem: 16.9921875)
Par: 1, Rows: 1
0.000    0.000    0.000    -0.000    0.000    0.000    0.000    -0.000    0.000    1.000    0.000    -0.000    -0.000    -0.000    -0.000    
Total frac: 1.000
Par: 2, Rows: 1
0.000    -0.000    0.000    -0.000    0.000    0.000    0.000    -0.000    0.000    1.000    0.000    -0.000    -0.000    -0.000    -0.000    
Total frac: 1.000
Par: 3, Rows: 1
0.000    0.000    0.000    -0.000    0.000    0.000    -0.000    -0.000    0.000    1.000    0.000    -0.000    -0.000    -0.000    -0.000    
Total frac: 1.000

Sketch (40) (cm: eps0: 0.000625, del0: 0.05, min_mem: 16.9921875)
Par: 1, Rows: 1
0.000    0.000    0.000    0.000    0.000    0.000    -0.000    0.000    0.000    0.000    -0.000    -0.000    0.000    1.000    0.000    
Total frac: 1.000
Par: 2, Rows: 1
0.000    0.000    0.000    0.000    0.000    1.000    -0.000    0.000    0.000    0.000    -0.000    -0.000    0.000    -0.000    0.000    
Total frac: 1.000
Par: 3, Rows: 1
0.000    0.000    0.000    0.000    0.000    1.000    -0.000    0.000    0.000    0.000    0.000    -0.000    0.000    -0.000    0.000    
Total frac: 1.000

Sketch (41) (cm: eps0: 0.000625, del0: 0.05, min_mem: 16.9921875)
Par: 1, Rows: 1
-0.000    -0.000    1.000    -0.000    -0.000    1.000    0.000    -0.000    1.000    -0.000    -0.000    0.000    -0.000    -0.000    -0.000    
Total frac: 3.000
Par: 2, Rows: 1
0.000    -0.000    0.000    -0.000    -0.000    1.000    0.000    0.000    -0.000    1.000    -0.000    -0.000    -0.000    -0.000    1.000    
Total frac: 3.000
Par: 3, Rows: 1
0.000    -0.000    -0.000    1.000    0.000    -0.000    -0.000    0.000    -0.000    -0.000    1.000    1.000    -0.000    -0.000    -0.000    
Total frac: 3.000

Sketch (42) (cm: eps0: 0.000625, del0: 0.05, min_mem: 16.9921875)
Par: 1, Rows: 1
1.000    0.000    0.000    0.000    0.000    -0.000    0.000    -0.000    -0.000    0.000    -0.000    1.000    -0.000    -0.000    -0.000    
Total frac: 2.000
Par: 2, Rows: 1
-0.000    0.000    0.000    0.000    0.000    -0.000    -0.000    -0.000    0.000    0.000    -0.000    1.000    -0.000    -0.000    1.000    
Total frac: 2.000
Par: 3, Rows: 1
-0.000    0.000    0.000    0.000    -0.000    -0.000    -0.000    1.000    -0.000    0.000    -0.000    -0.000    -0.000    1.000    -0.000    
Total frac: 2.000

Sketch (43) (cm: eps0: 0.000625, del0: 0.05, min_mem: 16.9921875)
Par: 1, Rows: 1
-0.000    0.000    -0.000    -0.000    0.000    0.000    0.000    -0.000    -0.000    -0.000    0.000    0.000    1.000    -0.000    0.000    
Total frac: 1.000
Par: 2, Rows: 1
-0.000    0.000    -0.000    0.000    0.000    0.000    0.000    0.000    -0.000    -0.000    0.000    -0.000    1.000    0.000    0.000    
Total frac: 1.000
Par: 3, Rows: 1
-0.000    0.000    -0.000    0.000    0.000    0.000    0.000    0.000    -0.000    -0.000    -0.000    0.000    1.000    0.000    0.000    
Total frac: 1.000

Sketch (44) (cm: eps0: 0.000625, del0: 0.05, min_mem: 16.9921875)
Par: 1, Rows: 1
0.000    0.000    -0.000    0.000    0.000    -0.000    0.000    0.000    0.000    -0.000    -0.000    0.000    -0.000    1.000    -0.000    
Total frac: 1.000
Par: 2, Rows: 1
0.000    0.000    -0.000    0.000    0.000    -0.000    0.000    0.000    0.000    -0.000    -0.000    0.000    -0.000    -0.000    1.000    
Total frac: 1.000
Par: 3, Rows: 1
0.000    0.000    -0.000    0.000    0.000    -0.000    0.000    0.000    0.000    -0.000    -0.000    -0.000    -0.000    -0.000    1.000    
Total frac: 1.000

Sketch (45) (cm: eps0: 0.000625, del0: 0.05, min_mem: 16.9921875)
Par: 1, Rows: 1
0.000    -0.000    0.000    0.000    0.000    0.000    -0.000    0.000    0.000    0.000    0.000    -0.000    -0.000    -0.000    1.000    
Total frac: 1.000
Par: 2, Rows: 1
0.000    -0.000    0.000    0.000    0.000    0.000    -0.000    0.000    -0.000    0.000    0.000    -0.000    -0.000    -0.000    1.000    
Total frac: 1.000
Par: 3, Rows: 1
0.000    -0.000    0.000    0.000    0.000    0.000    -0.000    0.000    0.000    0.000    0.000    -0.000    -0.000    -0.000    1.000    
Total frac: 1.000

Sketch (46) (cm: eps0: 0.000625, del0: 0.05, min_mem: 16.9921875)
Par: 1, Rows: 1
0.000    0.000    0.000    -0.000    -0.000    1.000    0.000    -0.000    0.000    -0.000    -0.000    1.000    -0.000    -0.000    0.000    
Total frac: 2.000
Par: 2, Rows: 1
0.000    0.000    0.000    -0.000    -0.000    1.000    -0.000    1.000    0.000    -0.000    -0.000    0.000    -0.000    -0.000    -0.000    
Total frac: 2.000
Par: 3, Rows: 1
0.000    0.000    0.000    -0.000    -0.000    1.000    -0.000    1.000    0.000    -0.000    -0.000    0.000    -0.000    -0.000    -0.000    
Total frac: 2.000

Sketch (47) (cm: eps0: 0.000625, del0: 0.05, min_mem: 16.9921875)
Par: 1, Rows: 1
-0.000    -0.000    0.000    0.000    -0.000    0.000    0.000    -0.000    1.000    0.000    0.000    -0.000    0.000    1.000    0.000    
Total frac: 2.000
Par: 2, Rows: 1
-0.000    0.000    0.000    0.000    -0.000    0.000    0.000    -0.000    1.000    0.000    1.000    -0.000    0.000    0.000    0.000    
Total frac: 2.000
Par: 3, Rows: 1
-0.000    -0.000    0.000    0.000    1.000    0.000    0.000    -0.000    1.000    0.000    -0.000    -0.000    0.000    -0.000    0.000    
Total frac: 2.000

Sketch (48) (cm: eps0: 0.000625, del0: 0.05, min_mem: 16.9921875)
Par: 1, Rows: 1
0.000    -0.000    0.000    0.000    -0.000    0.000    -0.000    0.000    1.000    -0.000    1.000    -0.000    -0.000    -0.000    0.000    
Total frac: 2.000
Par: 2, Rows: 1
0.000    -0.000    0.000    -0.000    -0.000    0.000    -0.000    0.000    -0.000    1.000    -0.000    1.000    -0.000    -0.000    0.000    
Total frac: 2.000
Par: 3, Rows: 1
-0.000    -0.000    0.000    -0.000    1.000    0.000    -0.000    -0.000    1.000    -0.000    -0.000    -0.000    -0.000    -0.000    -0.000    
Total frac: 2.000

Sketch (49) (cm: eps0: 0.000625, del0: 0.05, min_mem: 16.9921875)
Par: 1, Rows: 1
-0.000    1.000    1.000    0.000    0.000    -0.000    1.000    0.000    -0.000    -0.000    -0.000    -0.000    0.000    -0.000    0.000    
Total frac: 3.000
Par: 2, Rows: 1
-0.000    1.000    0.000    -0.000    0.000    -0.000    1.000    0.000    -0.000    1.000    -0.000    -0.000    0.000    -0.000    0.000    
Total frac: 3.000
Par: 3, Rows: 1
-0.000    1.000    1.000    -0.000    0.000    -0.000    -0.000    0.000    0.000    -0.000    -0.000    1.000    0.000    -0.000    -0.000    
Total frac: 3.000

Sketch (50) (cm: eps0: 0.000625, del0: 0.05, min_mem: 16.9921875)
Par: 1, Rows: 1
0.000    0.000    0.000    0.000    -0.000    0.000    0.000    0.000    1.000    0.000    -0.000    0.000    -0.000    -0.000    -0.000    
Total frac: 1.000
Par: 2, Rows: 1
-0.000    0.000    0.000    0.000    -0.000    0.000    0.000    0.000    1.000    0.000    -0.000    0.000    -0.000    -0.000    -0.000    
Total frac: 1.000
Par: 3, Rows: 1
-0.000    0.000    0.000    0.000    -0.000    0.000    0.000    0.000    1.000    0.000    -0.000    0.000    -0.000    -0.000    -0.000    
Total frac: 1.000

Sketch (51) (cm: eps0: 0.000625, del0: 0.05, min_mem: 16.9921875)
Par: 1, Rows: 1
-0.000    0.000    -0.000    -0.000    0.000    0.000    -0.000    -0.000    1.000    -0.000    0.000    1.000    -0.000    0.000    0.000    
Total frac: 2.000
Par: 2, Rows: 1
-0.000    -0.000    -0.000    0.000    0.000    -0.000    1.000    -0.000    1.000    -0.000    0.000    0.000    -0.000    -0.000    0.000    
Total frac: 2.000
Par: 3, Rows: 1
-0.000    -0.000    -0.000    -0.000    0.000    -0.000    1.000    0.000    1.000    -0.000    -0.000    -0.000    -0.000    -0.000    0.000    
Total frac: 2.000

Sketch (52) (cm: eps0: 0.000625, del0: 0.05, min_mem: 16.9921875)
Par: 1, Rows: 1
1.000    0.000    -0.000    -0.000    -0.000    -0.000    0.000    0.000    -0.000    1.000    1.000    0.000    0.000    0.000    0.000    
Total frac: 3.000
Par: 2, Rows: 1
-0.000    -0.000    -0.000    1.000    0.000    -0.000    0.000    0.000    1.000    0.000    1.000    0.000    0.000    0.000    0.000    
Total frac: 3.000
Par: 3, Rows: 1
0.000    -0.000    -0.000    -0.000    -0.000    -0.000    0.000    0.000    1.000    1.000    1.000    0.000    -0.000    0.000    0.000    
Total frac: 3.000

Sketch (53) (cm: eps0: 0.000625, del0: 0.05, min_mem: 16.9921875)
Par: 1, Rows: 1
0.000    -0.000    0.000    0.000    0.000    -0.000    0.000    0.000    1.000    0.000    -0.000    0.000    -0.000    -0.000    -0.000    
Total frac: 1.000
Par: 2, Rows: 1
0.000    -0.000    0.000    0.000    -0.000    -0.000    0.000    0.000    -0.000    0.000    -0.000    0.000    -0.000    -0.000    1.000    
Total frac: 1.000
Par: 3, Rows: 1
0.000    -0.000    0.000    0.000    0.000    -0.000    0.000    0.000    0.000    0.000    -0.000    -0.000    -0.000    -0.000    1.000    
Total frac: 1.000

Sketch (54) (cm: eps0: 0.000625, del0: 0.05, min_mem: 16.9921875)
Par: 1, Rows: 1
1.000    0.000    0.000    -0.000    -0.000    0.000    0.000    -0.000    -0.000    -0.000    -0.000    1.000    -0.000    0.000    -0.000    
Total frac: 2.000
Par: 2, Rows: 1
1.000    -0.000    0.000    -0.000    -0.000    0.000    0.000    -0.000    -0.000    -0.000    -0.000    1.000    -0.000    -0.000    0.000    
Total frac: 2.000
Par: 3, Rows: 1
1.000    -0.000    0.000    -0.000    -0.000    0.000    0.000    -0.000    -0.000    -0.000    -0.000    1.000    -0.000    -0.000    -0.000    
Total frac: 2.000

Sketch (55) (cm: eps0: 0.000625, del0: 0.05, min_mem: 16.9921875)
Par: 1, Rows: 1
-0.000    0.000    1.000    0.000    0.000    -0.000    0.000    -0.000    -0.000    0.000    1.000    -0.000    -0.000    -0.000    0.000    
Total frac: 2.000
Par: 2, Rows: 1
0.000    0.000    0.000    -0.000    0.000    -0.000    0.000    -0.000    0.000    1.000    1.000    -0.000    0.000    0.000    0.000    
Total frac: 2.000
Par: 3, Rows: 1
0.000    0.000    0.000    -0.000    0.000    -0.000    0.000    -0.000    0.000    1.000    -0.000    -0.000    0.000    1.000    -0.000    
Total frac: 2.000

Sketch (56) (cm: eps0: 0.000625, del0: 0.05, min_mem: 16.9921875)
Par: 1, Rows: 1
-0.000    0.000    0.000    0.000    0.000    -0.000    -0.000    0.000    -0.000    0.000    0.000    -0.000    -0.000    1.000    -0.000    
Total frac: 1.000
Par: 2, Rows: 1
-0.000    0.000    0.000    -0.000    0.000    -0.000    -0.000    0.000    -0.000    0.000    -0.000    -0.000    -0.000    1.000    -0.000    
Total frac: 1.000
Par: 3, Rows: 1
-0.000    0.000    0.000    0.000    0.000    -0.000    -0.000    0.000    -0.000    0.000    0.000    -0.000    -0.000    1.000    -0.000    
Total frac: 1.000

Sketch (57) (cm: eps0: 0.000625, del0: 0.05, min_mem: 16.9921875)
Par: 1, Rows: 1
-0.000    0.000    -0.000    -0.000    0.000    0.000    1.000    -0.000    -0.000    -0.000    0.000    -0.000    1.000    0.000    0.000    
Total frac: 2.000
Par: 2, Rows: 1
-0.000    0.000    -0.000    -0.000    -0.000    0.000    1.000    0.000    -0.000    -0.000    -0.000    0.000    1.000    -0.000    0.000    
Total frac: 2.000
Par: 3, Rows: 1
-0.000    -0.000    0.000    -0.000    0.000    -0.000    1.000    -0.000    -0.000    -0.000    0.000    0.000    1.000    0.000    0.000    
Total frac: 2.000

Sketch (58) (cm: eps0: 0.000625, del0: 0.05, min_mem: 16.9921875)
Par: 1, Rows: 1
0.000    0.000    -0.000    0.000    0.000    -0.000    0.000    0.000    0.000    1.000    -0.000    0.000    -0.000    -0.000    0.000    
Total frac: 1.000
Par: 2, Rows: 1
0.000    0.000    -0.000    0.000    -0.000    -0.000    0.000    0.000    0.000    1.000    -0.000    0.000    -0.000    -0.000    0.000    
Total frac: 1.000
Par: 3, Rows: 1
0.000    0.000    -0.000    0.000    0.000    -0.000    0.000    0.000    0.000    -0.000    -0.000    0.000    -0.000    -0.000    1.000    
Total frac: 1.000

Sketch (59) (cm: eps0: 0.000625, del0: 0.05, min_mem: 16.9921875)
Par: 1, Rows: 1
-0.000    0.000    0.000    -0.000    0.000    0.000    -0.000    0.000    1.000    0.000    0.000    -0.000    -0.000    -0.000    -0.000    
Total frac: 1.000
Par: 2, Rows: 1
-0.000    -0.000    0.000    -0.000    0.000    0.000    -0.000    0.000    1.000    0.000    -0.000    -0.000    -0.000    -0.000    -0.000    
Total frac: 1.000
Par: 3, Rows: 1
-0.000    0.000    0.000    0.000    0.000    0.000    -0.000    0.000    1.000    0.000    0.000    -0.000    -0.000    -0.000    -0.000    
Total frac: 1.000

Sketch (60) (cm: eps0: 0.000625, del0: 0.05, min_mem: 16.9921875)
Par: 1, Rows: 1
0.000    0.000    -0.000    0.000    -0.000    0.000    0.000    0.000    0.000    -0.000    -0.000    0.000    -0.000    -0.000    1.000    
Total frac: 1.000
Par: 2, Rows: 1
0.000    0.000    -0.000    0.000    -0.000    0.000    0.000    0.000    0.000    -0.000    -0.000    0.000    -0.000    -0.000    1.000    
Total frac: 1.000
Par: 3, Rows: 1
0.000    0.000    0.000    0.000    -0.000    0.000    0.000    0.000    0.000    -0.000    -0.000    0.000    -0.000    1.000    -0.000    
Total frac: 1.000

Sketch (61) (cm: eps0: 0.000625, del0: 0.05, min_mem: 16.9921875)
Par: 1, Rows: 1
0.000    0.000    0.000    0.000    -0.000    0.000    0.000    -0.000    0.000    0.000    -0.000    1.000    0.000    -0.000    0.000    
Total frac: 1.000
Par: 2, Rows: 1
0.000    0.000    0.000    0.000    -0.000    0.000    0.000    -0.000    0.000    0.000    -0.000    1.000    0.000    -0.000    0.000    
Total frac: 1.000
Par: 3, Rows: 1
0.000    -0.000    0.000    0.000    -0.000    0.000    0.000    -0.000    -0.000    0.000    0.000    1.000    -0.000    -0.000    -0.000    
Total frac: 1.000

Sketch (62) (cm: eps0: 0.000625, del0: 0.05, min_mem: 16.9921875)
Par: 1, Rows: 1
0.000    0.000    -0.000    0.000    0.000    -0.000    0.000    0.000    -0.000    -0.000    -0.000    0.000    -0.000    1.000    -0.000    
Total frac: 1.000
Par: 2, Rows: 1
-0.000    0.000    -0.000    0.000    0.000    -0.000    0.000    0.000    0.000    -0.000    -0.000    -0.000    -0.000    1.000    -0.000    
Total frac: 1.000
Par: 3, Rows: 1
0.000    0.000    -0.000    0.000    0.000    -0.000    0.000    0.000    0.000    -0.000    -0.000    0.000    -0.000    1.000    -0.000    
Total frac: 1.000

Sketch (63) (cm: eps0: 0.000625, del0: 0.05, min_mem: 16.9921875)
Par: 1, Rows: 1
-0.000    0.000    0.000    -0.000    0.000    0.000    0.000    -0.000    0.000    -0.000    0.000    -0.000    1.000    -0.000    -0.000    
Total frac: 1.000
Par: 2, Rows: 1
-0.000    0.000    0.000    -0.000    0.000    0.000    0.000    -0.000    0.000    -0.000    0.000    -0.000    1.000    -0.000    -0.000    
Total frac: 1.000
Par: 3, Rows: 1
0.000    0.000    0.000    -0.000    0.000    0.000    0.000    -0.000    0.000    -0.000    0.000    -0.000    1.000    -0.000    -0.000    
Total frac: 1.000

Device (0) cpu1:
Rows total: 9.0
Mem total: 152.94498059374865

Device (1) cpu2:
Rows total: 9.0
Mem total: 152.94498059374865

Device (2) cpu3:
Rows total: 9.0
Mem total: 152.94498059374865

Device (3) cpu4:
Rows total: 9.0
Mem total: 152.94498059374865

Device (4) cpu5:
Rows total: 9.0
Mem total: 152.94498059374865

Device (5) cpu6:
Rows total: 9.0
Mem total: 152.94498059374865

Device (6) cpu7:
Rows total: 9.0
Mem total: 152.94498059374865

Device (7) cpu8:
Rows total: 9.0
Mem total: 152.94498059374865

Device (8) tor_p41:
Rows total: 33.0
Mem total: 560.742187499995

Device (9) tor_p42:
Rows total: 33.0
Mem total: 560.742187499995

Device (10) tor_p43:
Rows total: 33.0
Mem total: 560.7421874999998

Device (11) tor_p44:
Rows total: 33.0
Mem total: 560.742187499995

Device (12) l1_p41:
Rows total: 33.0
Mem total: 560.7421874999957

Device (13) l1_p42:
Rows total: 33.0
Mem total: 560.7421874999997

Device (14) l2_p4:
Rows total: 33.0
Mem total: 560.7421874999997
--------------------------------------------------
Changed value of parameter NonConvex to 2
   Prev: -1  Min: -1  Max: 2  Default: -1
Changed value of parameter NonConvex to 2
   Prev: -1  Min: -1  Max: 2  Default: -1
Changed value of parameter NonConvex to 2
   Prev: -1  Min: -1  Max: 2  Default: -1
Changed value of parameter NonConvex to 2
   Prev: -1  Min: -1  Max: 2  Default: -1
Changed value of parameter NonConvex to 2
   Prev: -1  Min: -1  Max: 2  Default: -1
Changed value of parameter NonConvex to 2
   Prev: -1  Min: -1  Max: 2  Default: -1
Changed value of parameter NonConvex to 2
   Prev: -1  Min: -1  Max: 2  Default: -1
Changed value of parameter NonConvex to 2
   Prev: -1  Min: -1  Max: 2  Default: -1

Throughput: 75.79038757193334 Mpps, ns per packet: 13.194285344574746
Resources: 699.6742626763607

Sketch (0) (cm: eps0: 0.000625, del0: 0.05, min_mem: 16.9921875)
Par: 1, Rows: 1
0.000    0.000    0.000    -0.000    0.000    -0.000    -0.000    0.000    0.000    -0.000    -0.000    0.000    -0.000    1.000    0.000    
Total frac: 1.000
Par: 2, Rows: 1
0.000    -0.000    -0.000    0.000    0.000    -0.000    -0.000    0.000    0.000    -0.000    0.000    -0.000    -0.000    -0.000    1.000    
Total frac: 1.000
Par: 3, Rows: 1
0.000    0.000    -0.000    -0.000    0.000    0.000    -0.000    0.000    0.000    -0.000    -0.000    -0.000    -0.000    0.000    1.000    
Total frac: 1.000

Sketch (1) (cm: eps0: 0.000625, del0: 0.05, min_mem: 16.9921875)
Par: 1, Rows: 1
-0.000    0.000    0.000    -0.000    0.000    -0.000    0.000    0.000    -0.000    1.000    0.000    0.000    -0.000    0.000    0.000    
Total frac: 1.000
Par: 2, Rows: 1
-0.000    0.000    -0.000    -0.000    0.000    0.000    0.000    0.000    -0.000    1.000    -0.000    -0.000    -0.000    0.000    0.000    
Total frac: 1.000
Par: 3, Rows: 1
-0.000    0.000    -0.000    -0.000    0.000    -0.000    0.000    0.000    -0.000    1.000    0.000    -0.000    -0.000    0.000    0.000    
Total frac: 1.000

Sketch (2) (cm: eps0: 0.000625, del0: 0.05, min_mem: 16.9921875)
Par: 1, Rows: 1
0.000    0.000    -0.000    0.000    0.000    1.000    -0.000    -0.000    0.000    -0.000    0.000    1.000    -0.000    -0.000    -0.000    
Total frac: 2.000
Par: 2, Rows: 1
0.000    0.000    -0.000    0.000    0.000    1.000    -0.000    0.000    0.000    -0.000    -0.000    1.000    -0.000    -0.000    -0.000    
Total frac: 2.000
Par: 3, Rows: 1
0.000    0.000    -0.000    0.000    0.000    -0.000    -0.000    1.000    0.000    -0.000    -0.000    0.000    -0.000    -0.000    1.000    
Total frac: 2.000

Sketch (3) (cm: eps0: 0.000625, del0: 0.05, min_mem: 16.9921875)
Par: 1, Rows: 1
0.000    0.000    0.000    -0.000    0.000    0.000    0.000    -0.000    0.000    1.000    0.000    -0.000    -0.000    -0.000    -0.000    
Total frac: 1.000
Par: 2, Rows: 1
0.000    0.000    0.000    -0.000    0.000    -0.000    0.000    -0.000    -0.000    1.000    0.000    -0.000    -0.000    -0.000    -0.000    
Total frac: 1.000
Par: 3, Rows: 1
0.000    -0.000    -0.000    0.000    0.000    0.000    0.000    0.000    -0.000    1.000    0.000    -0.000    -0.000    0.000    0.000    
Total frac: 1.000

Sketch (4) (cm: eps0: 0.000625, del0: 0.05, min_mem: 16.9921875)
Par: 1, Rows: 1
-0.000    0.000    0.000    0.000    0.000    0.000    0.000    -0.000    1.000    0.000    -0.000    -0.000    -0.000    -0.000    -0.000    
Total frac: 1.000
Par: 2, Rows: 1
0.000    -0.000    0.000    0.000    0.000    -0.000    0.000    0.000    1.000    0.000    -0.000    -0.000    -0.000    -0.000    -0.000    
Total frac: 1.000
Par: 3, Rows: 1
-0.000    -0.000    0.000    -0.000    0.000    -0.000    0.000    0.000    1.000    0.000    -0.000    0.000    -0.000    -0.000    -0.000    
Total frac: 1.000

Sketch (5) (cm: eps0: 0.000625, del0: 0.05, min_mem: 16.9921875)
Par: 1, Rows: 1
0.000    -0.000    -0.000    -0.000    -0.000    -0.000    -0.000    0.000    -0.000    -0.000    -0.000    1.000    1.000    -0.000    0.000    
Total frac: 2.000
Par: 2, Rows: 1
-0.000    -0.000    -0.000    0.000    0.000    0.000    -0.000    -0.000    -0.000    -0.000    0.000    1.000    1.000    -0.000    0.000    
Total frac: 2.000
Par: 3, Rows: 1
-0.000    -0.000    -0.000    0.000    -0.000    0.000    -0.000    -0.000    -0.000    -0.000    0.000    1.000    1.000    0.000    0.000    
Total frac: 2.000

Sketch (6) (cm: eps0: 0.000625, del0: 0.05, min_mem: 16.9921875)
Par: 1, Rows: 1
-0.000    0.000    0.000    1.000    0.000    0.000    -0.000    0.000    0.000    0.000    0.000    -0.000    -0.000    -0.000    -0.000    
Total frac: 1.000
Par: 2, Rows: 1
-0.000    0.000    0.000    1.000    0.000    0.000    -0.000    0.000    -0.000    -0.000    0.000    -0.000    -0.000    -0.000    -0.000    
Total frac: 1.000
Par: 3, Rows: 1
0.000    0.000    0.000    -0.000    0.000    0.000    -0.000    0.000    0.000    1.000    0.000    -0.000    -0.000    -0.000    -0.000    
Total frac: 1.000

Sketch (7) (cm: eps0: 0.000625, del0: 0.05, min_mem: 16.9921875)
Par: 1, Rows: 1
0.000    -0.000    -0.000    1.000    0.000    0.000    0.000    -0.000    -0.000    0.000    0.000    1.000    -0.000    -0.000    -0.000    
Total frac: 2.000
Par: 2, Rows: 1
-0.000    -0.000    1.000    -0.000    0.000    0.000    0.000    -0.000    -0.000    0.000    -0.000    1.000    -0.000    -0.000    -0.000    
Total frac: 2.000
Par: 3, Rows: 1
0.000    0.000    1.000    0.000    -0.000    0.000    -0.000    0.000    0.000    -0.000    -0.000    1.000    0.000    -0.000    0.000    
Total frac: 2.000

Sketch (8) (cm: eps0: 0.000625, del0: 0.05, min_mem: 16.9921875)
Par: 1, Rows: 1
0.000    0.000    0.000    -0.000    0.000    0.000    0.000    -0.000    -0.000    -0.000    0.000    -0.000    -0.000    1.000    -0.000    
Total frac: 1.000
Par: 2, Rows: 1
0.000    0.000    0.000    -0.000    0.000    0.000    0.000    -0.000    0.000    -0.000    0.000    -0.000    -0.000    1.000    -0.000    
Total frac: 1.000
Par: 3, Rows: 1
-0.000    0.000    0.000    -0.000    0.000    0.000    0.000    -0.000    0.000    -0.000    0.000    -0.000    -0.000    1.000    -0.000    
Total frac: 1.000

Sketch (9) (cm: eps0: 0.000625, del0: 0.05, min_mem: 16.9921875)
Par: 1, Rows: 1
0.000    -0.000    -0.000    -0.000    -0.000    0.000    0.000    -0.000    -0.000    -0.000    1.000    -0.000    1.000    -0.000    0.000    
Total frac: 2.000
Par: 2, Rows: 1
0.000    -0.000    -0.000    0.000    -0.000    0.000    -0.000    -0.000    -0.000    -0.000    1.000    -0.000    1.000    -0.000    0.000    
Total frac: 2.000
Par: 3, Rows: 1
0.000    -0.000    -0.000    -0.000    -0.000    -0.000    0.000    -0.000    -0.000    -0.000    1.000    -0.000    1.000    -0.000    0.000    
Total frac: 2.000

Sketch (10) (cm: eps0: 0.000625, del0: 0.05, min_mem: 16.9921875)
Par: 1, Rows: 1
-0.000    1.000    -0.000    0.000    0.000    0.000    0.000    1.000    -0.000    -0.000    0.000    -0.000    -0.000    -0.000    -0.000    
Total frac: 2.000
Par: 2, Rows: 1
-0.000    1.000    -0.000    0.000    0.000    0.000    0.000    1.000    0.000    -0.000    0.000    0.000    -0.000    -0.000    -0.000    
Total frac: 2.000
Par: 3, Rows: 1
-0.000    1.000    -0.000    0.000    0.000    0.000    0.000    -0.000    -0.000    -0.000    0.000    1.000    -0.000    -0.000    0.000    
Total frac: 2.000

Sketch (11) (cm: eps0: 0.000625, del0: 0.05, min_mem: 16.9921875)
Par: 1, Rows: 1
-0.000    0.000    -0.000    0.000    -0.000    0.000    0.000    0.000    -0.000    1.000    -0.000    -0.000    -0.000    1.000    0.000    
Total frac: 2.000
Par: 2, Rows: 1
1.000    0.000    -0.000    0.000    -0.000    0.000    0.000    -0.000    -0.000    -0.000    -0.000    -0.000    -0.000    1.000    0.000    
Total frac: 2.000
Par: 3, Rows: 1
1.000    0.000    -0.000    0.000    -0.000    0.000    0.000    -0.000    -0.000    -0.000    -0.000    -0.000    -0.000    1.000    0.000    
Total frac: 2.000

Sketch (12) (cm: eps0: 0.000625, del0: 0.05, min_mem: 16.9921875)
Par: 1, Rows: 1
0.000    -0.000    0.000    -0.000    -0.000    0.000    0.000    0.000    0.000    -0.000    -0.000    0.000    -0.000    1.000    0.000    
Total frac: 1.000
Par: 2, Rows: 1
0.000    -0.000    0.000    -0.000    -0.000    -0.000    -0.000    -0.000    0.000    -0.000    -0.000    0.000    -0.000    -0.000    1.000    
Total frac: 1.000
Par: 3, Rows: 1
0.000    0.000    0.000    -0.000    -0.000    -0.000    -0.000    0.000    0.000    -0.000    -0.000    0.000    -0.000    -0.000    1.000    
Total frac: 1.000

Sketch (13) (cm: eps0: 0.000625, del0: 0.05, min_mem: 16.9921875)
Par: 1, Rows: 1
0.000    0.000    0.000    -0.000    0.000    -0.000    0.000    0.000    0.000    -0.000    -0.000    0.000    -0.000    1.000    -0.000    
Total frac: 1.000
Par: 2, Rows: 1
0.000    -0.000    0.000    0.000    0.000    -0.000    -0.000    0.000    -0.000    0.000    0.000    -0.000    -0.000    1.000    -0.000    
Total frac: 1.000
Par: 3, Rows: 1
0.000    -0.000    0.000    -0.000    0.000    0.000    -0.000    -0.000    -0.000    -0.000    -0.000    -0.000    -0.000    1.000    -0.000    
Total frac: 1.000

Sketch (14) (cm: eps0: 0.000625, del0: 0.05, min_mem: 16.9921875)
Par: 1, Rows: 1
-0.000    0.000    -0.000    0.000    -0.000    -0.000    0.000    0.000    -0.000    -0.000    1.000    -0.000    1.000    0.000    0.000    
Total frac: 2.000
Par: 2, Rows: 1
-0.000    0.000    -0.000    0.000    -0.000    -0.000    0.000    0.000    -0.000    -0.000    1.000    0.000    1.000    0.000    -0.000    
Total frac: 2.000
Par: 3, Rows: 1
-0.000    0.000    -0.000    0.000    0.000    -0.000    0.000    0.000    -0.000    -0.000    1.000    0.000    1.000    0.000    0.000    
Total frac: 2.000

Sketch (15) (cm: eps0: 0.000625, del0: 0.05, min_mem: 16.9921875)
Par: 1, Rows: 1
-0.000    -0.000    0.000    0.000    0.000    -0.000    0.000    0.000    -0.000    0.000    -0.000    -0.000    -0.000    1.000    -0.000    
Total frac: 1.000
Par: 2, Rows: 1
0.000    -0.000    0.000    0.000    0.000    -0.000    0.000    0.000    -0.000    0.000    0.000    -0.000    -0.000    1.000    -0.000    
Total frac: 1.000
Par: 3, Rows: 1
0.000    -0.000    0.000    0.000    0.000    -0.000    0.000    0.000    -0.000    -0.000    0.000    0.000    -0.000    1.000    -0.000    
Total frac: 1.000

Sketch (16) (cm: eps0: 0.000625, del0: 0.05, min_mem: 16.9921875)
Par: 1, Rows: 1
0.000    0.000    0.000    0.000    0.000    -0.000    1.000    0.000    0.000    0.000    -0.000    0.000    0.000    -0.000    0.000    
Total frac: 1.000
Par: 2, Rows: 1
0.000    0.000    0.000    0.000    0.000    -0.000    1.000    0.000    0.000    0.000    -0.000    0.000    0.000    -0.000    0.000    
Total frac: 1.000
Par: 3, Rows: 1
0.000    0.000    0.000    0.000    0.000    -0.000    0.000    0.000    0.000    0.000    -0.000    1.000    0.000    -0.000    -0.000    
Total frac: 1.000

Sketch (17) (cm: eps0: 0.000625, del0: 0.05, min_mem: 16.9921875)
Par: 1, Rows: 1
-0.000    0.000    0.000    0.000    0.000    -0.000    -0.000    1.000    -0.000    0.000    -0.000    -0.000    1.000    -0.000    -0.000    
Total frac: 2.000
Par: 2, Rows: 1
-0.000    -0.000    0.000    0.000    -0.000    -0.000    -0.000    1.000    -0.000    0.000    -0.000    0.000    1.000    -0.000    -0.000    
Total frac: 2.000
Par: 3, Rows: 1
-0.000    0.000    0.000    0.000    0.000    -0.000    -0.000    -0.000    -0.000    0.000    -0.000    1.000    1.000    -0.000    -0.000    
Total frac: 2.000

Sketch (18) (cm: eps0: 0.000625, del0: 0.05, min_mem: 16.9921875)
Par: 1, Rows: 1
0.000    0.000    0.000    0.000    0.000    0.000    -0.000    0.000    0.000    -0.000    -0.000    -0.000    -0.000    -0.000    1.000    
Total frac: 1.000
Par: 2, Rows: 1
0.000    0.000    0.000    -0.000    0.000    0.000    -0.000    0.000    0.000    -0.000    0.000    -0.000    -0.000    -0.000    1.000    
Total frac: 1.000
Par: 3, Rows: 1
0.000    0.000    0.000    -0.000    0.000    0.000    -0.000    0.000    0.000    1.000    0.000    -0.000    -0.000    -0.000    0.000    
Total frac: 1.000

Sketch (19) (cm: eps0: 0.000625, del0: 0.05, min_mem: 16.9921875)
Par: 1, Rows: 1
0.000    0.000    -0.000    0.000    -0.000    -0.000    0.000    -0.000    -0.000    1.000    1.000    -0.000    -0.000    -0.000    -0.000    
Total frac: 2.000
Par: 2, Rows: 1
-0.000    -0.000    0.000    -0.000    -0.000    -0.000    0.000    0.000    -0.000    1.000    1.000    0.000    -0.000    0.000    -0.000    
Total frac: 2.000
Par: 3, Rows: 1
0.000    -0.000    -0.000    -0.000    -0.000    0.000    -0.000    0.000    -0.000    1.000    1.000    -0.000    -0.000    -0.000    0.000    
Total frac: 2.000

Sketch (20) (cm: eps0: 0.000625, del0: 0.05, min_mem: 16.9921875)
Par: 1, Rows: 1
-0.000    0.000    0.000    -0.000    -0.000    0.000    -0.000    0.000    0.000    1.000    -0.000    1.000    -0.000    -0.000    0.000    
Total frac: 2.000
Par: 2, Rows: 1
-0.000    0.000    0.000    -0.000    -0.000    -0.000    0.000    0.000    1.000    -0.000    1.000    -0.000    -0.000    -0.000    -0.000    
Total frac: 2.000
Par: 3, Rows: 1
-0.000    -0.000    0.000    1.000    -0.000    0.000    0.000    0.000    -0.000    -0.000    -0.000    1.000    -0.000    -0.000    0.000    
Total frac: 2.000

Sketch (21) (cm: eps0: 0.000625, del0: 0.05, min_mem: 16.9921875)
Par: 1, Rows: 1
-0.000    0.000    0.000    -0.000    -0.000    -0.000    -0.000    0.000    1.000    -0.000    0.000    -0.000    -0.000    1.000    0.000    
Total frac: 2.000
Par: 2, Rows: 1
-0.000    0.000    0.000    -0.000    0.000    -0.000    -0.000    0.000    1.000    -0.000    -0.000    -0.000    -0.000    1.000    0.000    
Total frac: 2.000
Par: 3, Rows: 1
-0.000    0.000    -0.000    0.000    0.000    0.000    -0.000    0.000    1.000    -0.000    1.000    -0.000    -0.000    -0.000    0.000    
Total frac: 2.000

Sketch (22) (cm: eps0: 0.000625, del0: 0.05, min_mem: 16.9921875)
Par: 1, Rows: 1
0.000    -0.000    0.000    0.000    -0.000    -0.000    0.000    0.000    -0.000    0.000    -0.000    -0.000    1.000    -0.000    -0.000    
Total frac: 1.000
Par: 2, Rows: 1
0.000    -0.000    0.000    0.000    -0.000    0.000    0.000    0.000    -0.000    0.000    -0.000    0.000    1.000    -0.000    -0.000    
Total frac: 1.000
Par: 3, Rows: 1
0.000    -0.000    0.000    0.000    -0.000    0.000    0.000    -0.000    -0.000    0.000    -0.000    0.000    1.000    -0.000    -0.000    
Total frac: 1.000

Sketch (23) (cm: eps0: 0.000625, del0: 0.05, min_mem: 16.9921875)
Par: 1, Rows: 1
0.000    -0.000    1.000    -0.000    0.000    -0.000    0.000    0.000    -0.000    0.000    -0.000    0.000    -0.000    1.000    -0.000    
Total frac: 2.000
Par: 2, Rows: 1
0.000    -0.000    -0.000    1.000    0.000    -0.000    0.000    0.000    -0.000    -0.000    1.000    0.000    -0.000    -0.000    -0.000    
Total frac: 2.000
Par: 3, Rows: 1
0.000    -0.000    1.000    -0.000    0.000    -0.000    0.000    0.000    -0.000    0.000    1.000    -0.000    -0.000    -0.000    -0.000    
Total frac: 2.000

Sketch (24) (cm: eps0: 0.000625, del0: 0.05, min_mem: 16.9921875)
Par: 1, Rows: 1
0.000    -0.000    -0.000    -0.000    1.000    0.000    0.000    0.000    -0.000    1.000    0.000    0.000    -0.000    -0.000    -0.000    
Total frac: 2.000
Par: 2, Rows: 1
0.000    -0.000    -0.000    -0.000    1.000    0.000    0.000    0.000    -0.000    1.000    0.000    0.000    -0.000    -0.000    -0.000    
Total frac: 2.000
Par: 3, Rows: 1
0.000    -0.000    -0.000    -0.000    1.000    0.000    0.000    0.000    -0.000    1.000    0.000    0.000    -0.000    -0.000    -0.000    
Total frac: 2.000

Sketch (25) (cm: eps0: 0.000625, del0: 0.05, min_mem: 16.9921875)
Par: 1, Rows: 1
0.000    0.000    -0.000    -0.000    -0.000    0.000    -0.000    0.000    0.000    -0.000    -0.000    0.000    1.000    -0.000    -0.000    
Total frac: 1.000
Par: 2, Rows: 1
0.000    0.000    -0.000    0.000    -0.000    0.000    0.000    0.000    0.000    -0.000    -0.000    0.000    1.000    -0.000    -0.000    
Total frac: 1.000
Par: 3, Rows: 1
0.000    0.000    -0.000    0.000    -0.000    0.000    0.000    -0.000    0.000    -0.000    -0.000    -0.000    1.000    -0.000    -0.000    
Total frac: 1.000

Sketch (26) (cm: eps0: 0.000625, del0: 0.05, min_mem: 16.9921875)
Par: 1, Rows: 1
0.000    -0.000    0.000    0.000    -0.000    0.000    -0.000    0.000    -0.000    0.000    -0.000    -0.000    -0.000    -0.000    1.000    
Total frac: 1.000
Par: 2, Rows: 1
-0.000    -0.000    0.000    0.000    -0.000    0.000    0.000    0.000    -0.000    -0.000    -0.000    0.000    -0.000    -0.000    1.000    
Total frac: 1.000
Par: 3, Rows: 1
0.000    -0.000    0.000    0.000    -0.000    0.000    0.000    0.000    -0.000    0.000    -0.000    0.000    -0.000    -0.000    1.000    
Total frac: 1.000

Sketch (27) (cm: eps0: 0.000625, del0: 0.05, min_mem: 16.9921875)
Par: 1, Rows: 1
-0.000    -0.000    0.000    -0.000    0.000    0.000    -0.000    0.000    1.000    -0.000    0.000    -0.000    -0.000    -0.000    1.000    
Total frac: 2.000
Par: 2, Rows: 1
-0.000    1.000    0.000    -0.000    0.000    0.000    -0.000    0.000    -0.000    -0.000    0.000    0.000    -0.000    -0.000    1.000    
Total frac: 2.000
Par: 3, Rows: 1
-0.000    0.000    0.000    -0.000    0.000    0.000    -0.000    -0.000    1.000    0.000    0.000    1.000    -0.000    -0.000    -0.000    
Total frac: 2.000

Sketch (28) (cm: eps0: 0.000625, del0: 0.05, min_mem: 16.9921875)
Par: 1, Rows: 1
0.000    -0.000    0.000    0.000    1.000    -0.000    0.000    -0.000    -0.000    0.000    -0.000    1.000    -0.000    0.000    -0.000    
Total frac: 2.000
Par: 2, Rows: 1
-0.000    0.000    0.000    0.000    -0.000    -0.000    -0.000    -0.000    -0.000    0.000    1.000    1.000    -0.000    0.000    -0.000    
Total frac: 2.000
Par: 3, Rows: 1
0.000    -0.000    -0.000    0.000    1.000    -0.000    0.000    -0.000    -0.000    0.000    -0.000    -0.000    -0.000    -0.000    1.000    
Total frac: 2.000

Sketch (29) (cm: eps0: 0.000625, del0: 0.05, min_mem: 16.9921875)
Par: 1, Rows: 1
0.000    0.000    -0.000    0.000    0.000    -0.000    0.000    -0.000    0.000    -0.000    0.000    -0.000    -0.000    -0.000    1.000    
Total frac: 1.000
Par: 2, Rows: 1
0.000    0.000    -0.000    0.000    0.000    0.000    0.000    -0.000    0.000    -0.000    0.000    -0.000    -0.000    1.000    0.000    
Total frac: 1.000
Par: 3, Rows: 1
0.000    0.000    -0.000    0.000    0.000    0.000    0.000    -0.000    0.000    -0.000    0.000    -0.000    -0.000    1.000    -0.000    
Total frac: 1.000

Sketch (30) (cm: eps0: 0.000625, del0: 0.05, min_mem: 16.9921875)
Par: 1, Rows: 1
-0.000    -0.000    0.000    -0.000    0.000    -0.000    0.000    -0.000    1.000    -0.000    -0.000    1.000    -0.000    0.000    1.000    
Total frac: 3.000
Par: 2, Rows: 1
-0.000    -0.000    0.000    -0.000    0.000    -0.000    -0.000    1.000    1.000    -0.000    1.000    -0.000    -0.000    -0.000    -0.000    
Total frac: 3.000
Par: 3, Rows: 1
1.000    -0.000    -0.000    -0.000    0.000    -0.000    -0.000    -0.000    -0.000    1.000    -0.000    1.000    -0.000    -0.000    0.000    
Total frac: 3.000

Sketch (31) (cm: eps0: 0.000625, del0: 0.05, min_mem: 16.9921875)
Par: 1, Rows: 1
0.000    -0.000    -0.000    1.000    -0.000    -0.000    0.000    -0.000    -0.000    -0.000    1.000    -0.000    -0.000    0.000    1.000    
Total frac: 3.000
Par: 2, Rows: 1
0.000    -0.000    -0.000    -0.000    0.000    -0.000    0.000    -0.000    1.000    1.000    1.000    -0.000    -0.000    -0.000    -0.000    
Total frac: 3.000
Par: 3, Rows: 1
0.000    -0.000    -0.000    1.000    -0.000    0.000    0.000    -0.000    1.000    0.000    1.000    -0.000    -0.000    -0.000    -0.000    
Total frac: 3.000

Sketch (32) (cm: eps0: 0.000625, del0: 0.05, min_mem: 16.9921875)
Par: 1, Rows: 1
-0.000    0.000    -0.000    -0.000    -0.000    0.000    0.000    0.000    -0.000    -0.000    0.000    0.000    1.000    -0.000    0.000    
Total frac: 1.000
Par: 2, Rows: 1
-0.000    0.000    0.000    -0.000    0.000    0.000    0.000    0.000    -0.000    -0.000    0.000    -0.000    1.000    0.000    0.000    
Total frac: 1.000
Par: 3, Rows: 1
-0.000    0.000    0.000    -0.000    -0.000    0.000    0.000    0.000    -0.000    -0.000    0.000    0.000    1.000    0.000    0.000    
Total frac: 1.000

Sketch (33) (cm: eps0: 0.000625, del0: 0.05, min_mem: 16.9921875)
Par: 1, Rows: 1
0.000    0.000    0.000    0.000    -0.000    -0.000    -0.000    0.000    0.000    0.000    1.000    -0.000    0.000    -0.000    -0.000    
Total frac: 1.000
Par: 2, Rows: 1
0.000    0.000    0.000    0.000    0.000    -0.000    -0.000    0.000    0.000    0.000    1.000    -0.000    -0.000    0.000    0.000    
Total frac: 1.000
Par: 3, Rows: 1
0.000    0.000    0.000    0.000    0.000    -0.000    -0.000    0.000    0.000    -0.000    1.000    -0.000    0.000    -0.000    0.000    
Total frac: 1.000

Sketch (34) (cm: eps0: 0.000625, del0: 0.05, min_mem: 16.9921875)
Par: 1, Rows: 1
-0.000    -0.000    0.000    -0.000    -0.000    0.000    0.000    0.000    -0.000    -0.000    1.000    -0.000    1.000    -0.000    0.000    
Total frac: 2.000
Par: 2, Rows: 1
0.000    0.000    0.000    -0.000    -0.000    -0.000    -0.000    0.000    0.000    -0.000    1.000    -0.000    1.000    -0.000    -0.000    
Total frac: 2.000
Par: 3, Rows: 1
-0.000    0.000    0.000    -0.000    1.000    0.000    0.000    0.000    -0.000    -0.000    -0.000    0.000    1.000    0.000    0.000    
Total frac: 2.000

Sketch (35) (cm: eps0: 0.000625, del0: 0.05, min_mem: 16.9921875)
Par: 1, Rows: 1
-0.000    -0.000    -0.000    -0.000    -0.000    -0.000    0.000    0.000    1.000    -0.000    1.000    -0.000    -0.000    -0.000    1.000    
Total frac: 3.000
Par: 2, Rows: 1
1.000    -0.000    -0.000    -0.000    1.000    -0.000    0.000    -0.000    -0.000    -0.000    -0.000    1.000    -0.000    -0.000    -0.000    
Total frac: 3.000
Par: 3, Rows: 1
0.000    -0.000    -0.000    0.000    0.000    -0.000    0.000    0.000    1.000    -0.000    1.000    1.000    -0.000    -0.000    -0.000    
Total frac: 3.000

Sketch (36) (cm: eps0: 0.000625, del0: 0.05, min_mem: 16.9921875)
Par: 1, Rows: 1
0.000    -0.000    -0.000    0.000    0.000    -0.000    0.000    0.000    -0.000    0.000    -0.000    0.000    -0.000    -0.000    1.000    
Total frac: 1.000
Par: 2, Rows: 1
0.000    -0.000    0.000    -0.000    -0.000    -0.000    0.000    0.000    -0.000    -0.000    -0.000    0.000    -0.000    -0.000    1.000    
Total frac: 1.000
Par: 3, Rows: 1
0.000    0.000    0.000    -0.000    -0.000    0.000    0.000    0.000    0.000    -0.000    -0.000    0.000    -0.000    -0.000    1.000    
Total frac: 1.000

Sketch (37) (cm: eps0: 0.000625, del0: 0.05, min_mem: 16.9921875)
Par: 1, Rows: 1
0.000    1.000    0.000    -0.000    -0.000    0.000    0.000    0.000    -0.000    1.000    -0.000    0.000    -0.000    -0.000    -0.000    
Total frac: 2.000
Par: 2, Rows: 1
0.000    0.000    1.000    -0.000    -0.000    0.000    0.000    0.000    -0.000    -0.000    -0.000    0.000    -0.000    -0.000    1.000    
Total frac: 2.000
Par: 3, Rows: 1
0.000    1.000    0.000    -0.000    -0.000    0.000    0.000    -0.000    0.000    1.000    -0.000    0.000    -0.000    -0.000    -0.000    
Total frac: 2.000

Sketch (38) (cm: eps0: 0.000625, del0: 0.05, min_mem: 16.9921875)
Par: 1, Rows: 1
0.000    0.000    -0.000    0.000    0.000    0.000    0.000    -0.000    0.000    1.000    0.000    -0.000    -0.000    -0.000    0.000    
Total frac: 1.000
Par: 2, Rows: 1
0.000    0.000    -0.000    0.000    0.000    0.000    0.000    -0.000    0.000    -0.000    -0.000    -0.000    -0.000    1.000    0.000    
Total frac: 1.000
Par: 3, Rows: 1
0.000    0.000    -0.000    0.000    0.000    0.000    0.000    -0.000    0.000    -0.000    -0.000    -0.000    -0.000    1.000    -0.000    
Total frac: 1.000

Sketch (39) (cm: eps0: 0.000625, del0: 0.05, min_mem: 16.9921875)
Par: 1, Rows: 1
0.000    0.000    0.000    -0.000    0.000    0.000    0.000    -0.000    0.000    1.000    0.000    -0.000    -0.000    -0.000    -0.000    
Total frac: 1.000
Par: 2, Rows: 1
0.000    -0.000    0.000    -0.000    0.000    0.000    0.000    -0.000    0.000    1.000    0.000    -0.000    -0.000    -0.000    -0.000    
Total frac: 1.000
Par: 3, Rows: 1
0.000    0.000    0.000    -0.000    0.000    0.000    -0.000    -0.000    0.000    1.000    0.000    -0.000    -0.000    -0.000    -0.000    
Total frac: 1.000

Sketch (40) (cm: eps0: 0.000625, del0: 0.05, min_mem: 16.9921875)
Par: 1, Rows: 1
0.000    0.000    0.000    0.000    0.000    0.000    -0.000    0.000    0.000    0.000    -0.000    -0.000    0.000    1.000    0.000    
Total frac: 1.000
Par: 2, Rows: 1
0.000    0.000    0.000    0.000    0.000    1.000    -0.000    0.000    0.000    0.000    -0.000    -0.000    0.000    -0.000    0.000    
Total frac: 1.000
Par: 3, Rows: 1
0.000    0.000    0.000    0.000    0.000    1.000    -0.000    0.000    0.000    0.000    0.000    -0.000    0.000    -0.000    0.000    
Total frac: 1.000

Sketch (41) (cm: eps0: 0.000625, del0: 0.05, min_mem: 16.9921875)
Par: 1, Rows: 1
-0.000    -0.000    1.000    -0.000    -0.000    1.000    0.000    -0.000    1.000    -0.000    -0.000    0.000    -0.000    -0.000    -0.000    
Total frac: 3.000
Par: 2, Rows: 1
0.000    -0.000    0.000    -0.000    -0.000    1.000    0.000    0.000    -0.000    1.000    -0.000    -0.000    -0.000    -0.000    1.000    
Total frac: 3.000
Par: 3, Rows: 1
0.000    -0.000    -0.000    1.000    0.000    -0.000    -0.000    0.000    -0.000    -0.000    1.000    1.000    -0.000    -0.000    -0.000    
Total frac: 3.000

Sketch (42) (cm: eps0: 0.000625, del0: 0.05, min_mem: 16.9921875)
Par: 1, Rows: 1
1.000    0.000    0.000    0.000    0.000    -0.000    0.000    -0.000    -0.000    0.000    -0.000    1.000    -0.000    -0.000    -0.000    
Total frac: 2.000
Par: 2, Rows: 1
-0.000    0.000    0.000    0.000    0.000    -0.000    -0.000    -0.000    0.000    0.000    -0.000    1.000    -0.000    -0.000    1.000    
Total frac: 2.000
Par: 3, Rows: 1
-0.000    0.000    0.000    0.000    -0.000    -0.000    -0.000    1.000    -0.000    0.000    -0.000    -0.000    -0.000    1.000    -0.000    
Total frac: 2.000

Sketch (43) (cm: eps0: 0.000625, del0: 0.05, min_mem: 16.9921875)
Par: 1, Rows: 1
-0.000    0.000    -0.000    -0.000    0.000    0.000    0.000    -0.000    -0.000    -0.000    0.000    0.000    1.000    -0.000    0.000    
Total frac: 1.000
Par: 2, Rows: 1
-0.000    0.000    -0.000    0.000    0.000    0.000    0.000    0.000    -0.000    -0.000    0.000    -0.000    1.000    0.000    0.000    
Total frac: 1.000
Par: 3, Rows: 1
-0.000    0.000    -0.000    0.000    0.000    0.000    0.000    0.000    -0.000    -0.000    -0.000    0.000    1.000    0.000    0.000    
Total frac: 1.000

Sketch (44) (cm: eps0: 0.000625, del0: 0.05, min_mem: 16.9921875)
Par: 1, Rows: 1
0.000    0.000    -0.000    0.000    0.000    -0.000    0.000    0.000    0.000    -0.000    -0.000    0.000    -0.000    1.000    -0.000    
Total frac: 1.000
Par: 2, Rows: 1
0.000    0.000    -0.000    0.000    0.000    -0.000    0.000    0.000    0.000    -0.000    -0.000    0.000    -0.000    -0.000    1.000    
Total frac: 1.000
Par: 3, Rows: 1
0.000    0.000    -0.000    0.000    0.000    -0.000    0.000    0.000    0.000    -0.000    -0.000    -0.000    -0.000    -0.000    1.000    
Total frac: 1.000

Sketch (45) (cm: eps0: 0.000625, del0: 0.05, min_mem: 16.9921875)
Par: 1, Rows: 1
0.000    -0.000    0.000    0.000    0.000    0.000    -0.000    0.000    0.000    0.000    0.000    -0.000    -0.000    -0.000    1.000    
Total frac: 1.000
Par: 2, Rows: 1
0.000    -0.000    0.000    0.000    0.000    0.000    -0.000    0.000    -0.000    0.000    0.000    -0.000    -0.000    -0.000    1.000    
Total frac: 1.000
Par: 3, Rows: 1
0.000    -0.000    0.000    0.000    0.000    0.000    -0.000    0.000    0.000    0.000    0.000    -0.000    -0.000    -0.000    1.000    
Total frac: 1.000

Sketch (46) (cm: eps0: 0.000625, del0: 0.05, min_mem: 16.9921875)
Par: 1, Rows: 1
0.000    0.000    0.000    -0.000    -0.000    1.000    0.000    -0.000    0.000    -0.000    -0.000    1.000    -0.000    -0.000    0.000    
Total frac: 2.000
Par: 2, Rows: 1
0.000    0.000    0.000    -0.000    -0.000    1.000    -0.000    1.000    0.000    -0.000    -0.000    0.000    -0.000    -0.000    -0.000    
Total frac: 2.000
Par: 3, Rows: 1
0.000    0.000    0.000    -0.000    -0.000    1.000    -0.000    1.000    0.000    -0.000    -0.000    0.000    -0.000    -0.000    -0.000    
Total frac: 2.000

Sketch (47) (cm: eps0: 0.000625, del0: 0.05, min_mem: 16.9921875)
Par: 1, Rows: 1
-0.000    -0.000    0.000    0.000    -0.000    0.000    0.000    -0.000    1.000    0.000    0.000    -0.000    0.000    1.000    0.000    
Total frac: 2.000
Par: 2, Rows: 1
-0.000    0.000    0.000    0.000    -0.000    0.000    0.000    -0.000    1.000    0.000    1.000    -0.000    0.000    0.000    0.000    
Total frac: 2.000
Par: 3, Rows: 1
-0.000    -0.000    0.000    0.000    1.000    0.000    0.000    -0.000    1.000    0.000    -0.000    -0.000    0.000    -0.000    0.000    
Total frac: 2.000

Sketch (48) (cm: eps0: 0.000625, del0: 0.05, min_mem: 16.9921875)
Par: 1, Rows: 1
0.000    -0.000    0.000    0.000    -0.000    0.000    -0.000    0.000    1.000    -0.000    1.000    -0.000    -0.000    -0.000    0.000    
Total frac: 2.000
Par: 2, Rows: 1
0.000    -0.000    0.000    -0.000    -0.000    0.000    -0.000    0.000    -0.000    1.000    -0.000    1.000    -0.000    -0.000    0.000    
Total frac: 2.000
Par: 3, Rows: 1
-0.000    -0.000    0.000    -0.000    1.000    0.000    -0.000    -0.000    1.000    -0.000    -0.000    -0.000    -0.000    -0.000    -0.000    
Total frac: 2.000

Sketch (49) (cm: eps0: 0.000625, del0: 0.05, min_mem: 16.9921875)
Par: 1, Rows: 1
-0.000    1.000    1.000    0.000    0.000    -0.000    1.000    0.000    -0.000    -0.000    -0.000    -0.000    0.000    -0.000    0.000    
Total frac: 3.000
Par: 2, Rows: 1
-0.000    1.000    0.000    -0.000    0.000    -0.000    1.000    0.000    -0.000    1.000    -0.000    -0.000    0.000    -0.000    0.000    
Total frac: 3.000
Par: 3, Rows: 1
-0.000    1.000    1.000    -0.000    0.000    -0.000    -0.000    0.000    0.000    -0.000    -0.000    1.000    0.000    -0.000    -0.000    
Total frac: 3.000

Sketch (50) (cm: eps0: 0.000625, del0: 0.05, min_mem: 16.9921875)
Par: 1, Rows: 1
0.000    0.000    0.000    0.000    -0.000    0.000    0.000    0.000    1.000    0.000    -0.000    0.000    -0.000    -0.000    -0.000    
Total frac: 1.000
Par: 2, Rows: 1
-0.000    0.000    0.000    0.000    -0.000    0.000    0.000    0.000    1.000    0.000    -0.000    0.000    -0.000    -0.000    -0.000    
Total frac: 1.000
Par: 3, Rows: 1
-0.000    0.000    0.000    0.000    -0.000    0.000    0.000    0.000    1.000    0.000    -0.000    0.000    -0.000    -0.000    -0.000    
Total frac: 1.000

Sketch (51) (cm: eps0: 0.000625, del0: 0.05, min_mem: 16.9921875)
Par: 1, Rows: 1
-0.000    0.000    -0.000    -0.000    0.000    0.000    -0.000    -0.000    1.000    -0.000    0.000    1.000    -0.000    0.000    0.000    
Total frac: 2.000
Par: 2, Rows: 1
-0.000    -0.000    -0.000    0.000    0.000    -0.000    1.000    -0.000    1.000    -0.000    0.000    0.000    -0.000    -0.000    0.000    
Total frac: 2.000
Par: 3, Rows: 1
-0.000    -0.000    -0.000    -0.000    0.000    -0.000    1.000    0.000    1.000    -0.000    -0.000    -0.000    -0.000    -0.000    0.000    
Total frac: 2.000

Sketch (52) (cm: eps0: 0.000625, del0: 0.05, min_mem: 16.9921875)
Par: 1, Rows: 1
1.000    0.000    -0.000    -0.000    -0.000    -0.000    0.000    0.000    -0.000    1.000    1.000    0.000    0.000    0.000    0.000    
Total frac: 3.000
Par: 2, Rows: 1
-0.000    -0.000    -0.000    1.000    0.000    -0.000    0.000    0.000    1.000    0.000    1.000    0.000    0.000    0.000    0.000    
Total frac: 3.000
Par: 3, Rows: 1
0.000    -0.000    -0.000    -0.000    -0.000    -0.000    0.000    0.000    1.000    1.000    1.000    0.000    -0.000    0.000    0.000    
Total frac: 3.000

Sketch (53) (cm: eps0: 0.000625, del0: 0.05, min_mem: 16.9921875)
Par: 1, Rows: 1
0.000    -0.000    0.000    0.000    0.000    -0.000    0.000    0.000    1.000    0.000    -0.000    0.000    -0.000    -0.000    -0.000    
Total frac: 1.000
Par: 2, Rows: 1
0.000    -0.000    0.000    0.000    -0.000    -0.000    0.000    0.000    -0.000    0.000    -0.000    0.000    -0.000    -0.000    1.000    
Total frac: 1.000
Par: 3, Rows: 1
0.000    -0.000    0.000    0.000    0.000    -0.000    0.000    0.000    0.000    0.000    -0.000    -0.000    -0.000    -0.000    1.000    
Total frac: 1.000

Sketch (54) (cm: eps0: 0.000625, del0: 0.05, min_mem: 16.9921875)
Par: 1, Rows: 1
1.000    0.000    0.000    -0.000    -0.000    0.000    0.000    -0.000    -0.000    -0.000    -0.000    1.000    -0.000    0.000    -0.000    
Total frac: 2.000
Par: 2, Rows: 1
1.000    -0.000    0.000    -0.000    -0.000    0.000    0.000    -0.000    -0.000    -0.000    -0.000    1.000    -0.000    -0.000    0.000    
Total frac: 2.000
Par: 3, Rows: 1
1.000    -0.000    0.000    -0.000    -0.000    0.000    0.000    -0.000    -0.000    -0.000    -0.000    1.000    -0.000    -0.000    -0.000    
Total frac: 2.000

Sketch (55) (cm: eps0: 0.000625, del0: 0.05, min_mem: 16.9921875)
Par: 1, Rows: 1
-0.000    0.000    1.000    0.000    0.000    -0.000    0.000    -0.000    -0.000    0.000    1.000    -0.000    -0.000    -0.000    0.000    
Total frac: 2.000
Par: 2, Rows: 1
0.000    0.000    0.000    -0.000    0.000    -0.000    0.000    -0.000    0.000    1.000    1.000    -0.000    0.000    0.000    0.000    
Total frac: 2.000
Par: 3, Rows: 1
0.000    0.000    0.000    -0.000    0.000    -0.000    0.000    -0.000    0.000    1.000    -0.000    -0.000    0.000    1.000    -0.000    
Total frac: 2.000

Sketch (56) (cm: eps0: 0.000625, del0: 0.05, min_mem: 16.9921875)
Par: 1, Rows: 1
-0.000    0.000    0.000    0.000    0.000    -0.000    -0.000    0.000    -0.000    0.000    0.000    -0.000    -0.000    1.000    -0.000    
Total frac: 1.000
Par: 2, Rows: 1
-0.000    0.000    0.000    -0.000    0.000    -0.000    -0.000    0.000    -0.000    0.000    -0.000    -0.000    -0.000    1.000    -0.000    
Total frac: 1.000
Par: 3, Rows: 1
-0.000    0.000    0.000    0.000    0.000    -0.000    -0.000    0.000    -0.000    0.000    0.000    -0.000    -0.000    1.000    -0.000    
Total frac: 1.000

Sketch (57) (cm: eps0: 0.000625, del0: 0.05, min_mem: 16.9921875)
Par: 1, Rows: 1
-0.000    0.000    -0.000    -0.000    0.000    0.000    1.000    -0.000    -0.000    -0.000    0.000    -0.000    1.000    0.000    0.000    
Total frac: 2.000
Par: 2, Rows: 1
-0.000    0.000    -0.000    -0.000    -0.000    0.000    1.000    0.000    -0.000    -0.000    -0.000    0.000    1.000    -0.000    0.000    
Total frac: 2.000
Par: 3, Rows: 1
-0.000    -0.000    0.000    -0.000    0.000    -0.000    1.000    -0.000    -0.000    -0.000    0.000    0.000    1.000    0.000    0.000    
Total frac: 2.000

Sketch (58) (cm: eps0: 0.000625, del0: 0.05, min_mem: 16.9921875)
Par: 1, Rows: 1
0.000    0.000    -0.000    0.000    0.000    -0.000    0.000    0.000    0.000    1.000    -0.000    0.000    -0.000    -0.000    0.000    
Total frac: 1.000
Par: 2, Rows: 1
0.000    0.000    -0.000    0.000    -0.000    -0.000    0.000    0.000    0.000    1.000    -0.000    0.000    -0.000    -0.000    0.000    
Total frac: 1.000
Par: 3, Rows: 1
0.000    0.000    -0.000    0.000    0.000    -0.000    0.000    0.000    0.000    -0.000    -0.000    0.000    -0.000    -0.000    1.000    
Total frac: 1.000

Sketch (59) (cm: eps0: 0.000625, del0: 0.05, min_mem: 16.9921875)
Par: 1, Rows: 1
-0.000    0.000    0.000    -0.000    0.000    0.000    -0.000    0.000    1.000    0.000    0.000    -0.000    -0.000    -0.000    -0.000    
Total frac: 1.000
Par: 2, Rows: 1
-0.000    -0.000    0.000    -0.000    0.000    0.000    -0.000    0.000    1.000    0.000    -0.000    -0.000    -0.000    -0.000    -0.000    
Total frac: 1.000
Par: 3, Rows: 1
-0.000    0.000    0.000    0.000    0.000    0.000    -0.000    0.000    1.000    0.000    0.000    -0.000    -0.000    -0.000    -0.000    
Total frac: 1.000

Sketch (60) (cm: eps0: 0.000625, del0: 0.05, min_mem: 16.9921875)
Par: 1, Rows: 1
0.000    0.000    -0.000    0.000    -0.000    0.000    0.000    0.000    0.000    -0.000    -0.000    0.000    -0.000    -0.000    1.000    
Total frac: 1.000
Par: 2, Rows: 1
0.000    0.000    -0.000    0.000    -0.000    0.000    0.000    0.000    0.000    -0.000    -0.000    0.000    -0.000    -0.000    1.000    
Total frac: 1.000
Par: 3, Rows: 1
0.000    0.000    0.000    0.000    -0.000    0.000    0.000    0.000    0.000    -0.000    -0.000    0.000    -0.000    1.000    -0.000    
Total frac: 1.000

Sketch (61) (cm: eps0: 0.000625, del0: 0.05, min_mem: 16.9921875)
Par: 1, Rows: 1
0.000    0.000    0.000    0.000    -0.000    0.000    0.000    -0.000    0.000    0.000    -0.000    1.000    0.000    -0.000    0.000    
Total frac: 1.000
Par: 2, Rows: 1
0.000    0.000    0.000    0.000    -0.000    0.000    0.000    -0.000    0.000    0.000    -0.000    1.000    0.000    -0.000    0.000    
Total frac: 1.000
Par: 3, Rows: 1
0.000    -0.000    0.000    0.000    -0.000    0.000    0.000    -0.000    -0.000    0.000    0.000    1.000    -0.000    -0.000    -0.000    
Total frac: 1.000

Sketch (62) (cm: eps0: 0.000625, del0: 0.05, min_mem: 16.9921875)
Par: 1, Rows: 1
0.000    0.000    -0.000    0.000    0.000    -0.000    0.000    0.000    -0.000    -0.000    -0.000    0.000    -0.000    1.000    -0.000    
Total frac: 1.000
Par: 2, Rows: 1
-0.000    0.000    -0.000    0.000    0.000    -0.000    0.000    0.000    0.000    -0.000    -0.000    -0.000    -0.000    1.000    -0.000    
Total frac: 1.000
Par: 3, Rows: 1
0.000    0.000    -0.000    0.000    0.000    -0.000    0.000    0.000    0.000    -0.000    -0.000    0.000    -0.000    1.000    -0.000    
Total frac: 1.000

Sketch (63) (cm: eps0: 0.000625, del0: 0.05, min_mem: 16.9921875)
Par: 1, Rows: 1
-0.000    0.000    0.000    -0.000    0.000    0.000    0.000    -0.000    0.000    -0.000    0.000    -0.000    1.000    -0.000    -0.000    
Total frac: 1.000
Par: 2, Rows: 1
-0.000    0.000    0.000    -0.000    0.000    0.000    0.000    -0.000    0.000    -0.000    0.000    -0.000    1.000    -0.000    -0.000    
Total frac: 1.000
Par: 3, Rows: 1
0.000    0.000    0.000    -0.000    0.000    0.000    0.000    -0.000    0.000    -0.000    0.000    -0.000    1.000    -0.000    -0.000    
Total frac: 1.000

Device (0) cpu1:
cores_sketch: 3.0, cores_dpdk: 4.000000000000001
Rows total: 9.0
Mem total: 152.94498059374865
Throughput: 75.79038757193334

Device (1) cpu2:
cores_sketch: 3.0, cores_dpdk: 4.000000000000001
Rows total: 9.0
Mem total: 152.94498059374865
Throughput: 75.79038757193334

Device (2) cpu3:
cores_sketch: 3.0, cores_dpdk: 4.000000000000001
Rows total: 9.0
Mem total: 152.94498059374865
Throughput: 75.79038757193334

Device (3) cpu4:
cores_sketch: 3.0, cores_dpdk: 4.000000000000001
Rows total: 9.0
Mem total: 152.94498059374865
Throughput: 75.79038757193334

Device (4) cpu5:
cores_sketch: 3.0, cores_dpdk: 4.000000000000001
Rows total: 9.0
Mem total: 152.94498059374865
Throughput: 75.79038757193334

Device (5) cpu6:
cores_sketch: 3.0, cores_dpdk: 4.000000000000001
Rows total: 9.0
Mem total: 152.94498059374865
Throughput: 75.79038757193334

Device (6) cpu7:
cores_sketch: 3.0, cores_dpdk: 4.000000000000001
Rows total: 9.0
Mem total: 152.94498059374865
Throughput: 75.79038757193334

Device (7) cpu8:
cores_sketch: 3.0, cores_dpdk: 4.000000000000001
Rows total: 9.0
Mem total: 152.94498059374865
Throughput: 75.79038757193334

Device (8) tor_p41:
Rows total: 33.0
Mem total: 560.742187499995
Throughput: 148.0

Device (9) tor_p42:
Rows total: 33.0
Mem total: 560.742187499995
Throughput: 148.0

Device (10) tor_p43:
Rows total: 33.0
Mem total: 560.7421874999998
Throughput: 148.0

Device (11) tor_p44:
Rows total: 33.0
Mem total: 560.742187499995
Throughput: 148.0

Device (12) l1_p41:
Rows total: 33.0
Mem total: 560.7421874999957
Throughput: 148.0

Device (13) l1_p42:
Rows total: 33.0
Mem total: 560.7421874999997
Throughput: 148.0

Device (14) l2_p4:
Rows total: 33.0
Mem total: 560.7421874999997
Throughput: 148.0
--------------------------------------------------
