Using license file /home/anupa/gurobi.lic
Academic license - for non-commercial use only

--------------------------------------------------
Model update took: 0.0023283958435058594 seconds
Model optimize took: 0.06035470962524414 seconds
--------------------------------------------------

Sketch (0) (cm: eps0: 0.000625, del0: 0.05, min_mem: 16.9921875)
Par: 1, Rows: 1
0.000    0.000    0.167    0.167    0.633    0.000    0.000    0.000    0.000    0.667    0.000    0.000    0.167    0.000    0.000    
Total frac: 1.800
Par: 2, Rows: 1
0.000    0.000    0.167    0.167    0.633    0.000    0.000    0.000    0.000    0.667    0.000    0.000    0.167    0.000    0.000    
Total frac: 1.800
Par: 3, Rows: 1
0.000    0.000    0.167    0.167    0.633    0.000    0.000    0.000    0.000    0.667    0.000    0.000    0.167    0.000    0.000    
Total frac: 1.800

Sketch (1) (cm: eps0: 0.000625, del0: 0.05, min_mem: 16.9921875)
Par: 1, Rows: 1
0.000    0.700    0.800    0.000    0.500    0.000    0.000    0.000    0.000    0.000    0.200    0.200    0.000    0.000    0.000    
Total frac: 2.400
Par: 2, Rows: 1
0.000    0.700    0.800    0.000    0.500    0.000    0.000    0.000    0.000    0.000    0.200    0.200    0.000    0.000    0.000    
Total frac: 2.400
Par: 3, Rows: 1
0.000    0.700    0.800    0.000    0.500    0.000    0.000    0.000    0.000    0.000    0.200    0.200    0.000    0.000    0.000    
Total frac: 2.400

Sketch (2) (cm: eps0: 0.000625, del0: 0.05, min_mem: 16.9921875)
Par: 1, Rows: 1
0.000    0.000    0.000    0.000    0.000    0.100    0.000    0.000    0.000    0.000    0.700    0.000    0.000    0.000    0.200    
Total frac: 1.000
Par: 2, Rows: 1
0.000    0.000    0.000    0.000    0.000    0.100    0.000    0.000    0.000    0.000    0.700    0.000    0.000    0.000    0.200    
Total frac: 1.000
Par: 3, Rows: 1
0.000    0.000    0.000    0.000    0.000    0.100    0.000    0.000    0.000    0.000    0.700    0.000    0.000    0.000    0.200    
Total frac: 1.000

Sketch (3) (cm: eps0: 0.000625, del0: 0.05, min_mem: 16.9921875)
Par: 1, Rows: 1
0.000    0.000    0.000    0.200    0.000    0.000    0.000    0.000    0.000    0.000    0.000    0.000    0.600    0.000    0.100    
Total frac: 0.900
Par: 2, Rows: 1
0.000    0.000    0.000    0.200    0.000    0.000    0.000    0.000    0.000    0.000    0.000    0.000    0.600    0.000    0.100    
Total frac: 0.900
Par: 3, Rows: 1
0.000    0.000    0.000    0.200    0.000    0.000    0.000    0.000    0.000    0.000    0.000    0.000    0.600    0.000    0.100    
Total frac: 0.900

Sketch (4) (cm: eps0: 0.000625, del0: 0.05, min_mem: 16.9921875)
Par: 1, Rows: 1
0.000    0.000    0.000    0.000    0.000    0.000    0.100    0.000    0.000    0.000    0.000    0.000    0.000    0.700    0.200    
Total frac: 1.000
Par: 2, Rows: 1
0.000    0.000    0.000    0.000    0.000    0.000    0.100    0.000    0.000    0.000    0.000    0.000    0.000    0.700    0.200    
Total frac: 1.000
Par: 3, Rows: 1
0.000    0.000    0.000    0.000    0.000    0.000    0.100    0.000    0.000    0.000    0.000    0.000    0.000    0.700    0.200    
Total frac: 1.000

Sketch (5) (cm: eps0: 0.000625, del0: 0.05, min_mem: 16.9921875)
Par: 1, Rows: 1
0.000    0.000    0.000    0.000    0.000    0.000    0.000    0.000    0.000    0.000    0.000    0.000    0.700    0.000    0.300    
Total frac: 1.000
Par: 2, Rows: 1
0.000    0.000    0.000    0.000    0.000    0.000    0.000    0.000    0.000    0.000    0.000    0.000    0.700    0.000    0.300    
Total frac: 1.000
Par: 3, Rows: 1
0.000    0.000    0.000    0.000    0.000    0.000    0.000    0.000    0.000    0.000    0.000    0.000    0.700    0.000    0.300    
Total frac: 1.000

Sketch (6) (cm: eps0: 0.000625, del0: 0.05, min_mem: 16.9921875)
Par: 1, Rows: 1
0.700    0.000    0.000    0.000    0.117    0.000    0.000    0.783    0.000    0.000    0.000    0.000    0.000    0.000    0.000    
Total frac: 1.600
Par: 2, Rows: 1
0.700    0.000    0.000    0.000    0.117    0.000    0.000    0.783    0.000    0.000    0.000    0.000    0.000    0.000    0.000    
Total frac: 1.600
Par: 3, Rows: 1
0.700    0.000    0.000    0.000    0.117    0.000    0.000    0.783    0.000    0.000    0.000    0.000    0.000    0.000    0.000    
Total frac: 1.600

Sketch (7) (cm: eps0: 0.000625, del0: 0.05, min_mem: 16.9921875)
Par: 1, Rows: 1
0.100    0.000    0.000    0.000    0.000    0.027    0.800    0.000    0.700    0.000    0.000    0.000    0.000    0.000    0.073    
Total frac: 1.700
Par: 2, Rows: 1
0.100    0.000    0.000    0.000    0.000    0.027    0.800    0.000    0.700    0.000    0.000    0.000    0.000    0.000    0.073    
Total frac: 1.700
Par: 3, Rows: 1
0.100    0.000    0.000    0.000    0.000    0.027    0.800    0.000    0.700    0.000    0.000    0.000    0.000    0.000    0.073    
Total frac: 1.700

Sketch (8) (cm: eps0: 0.000625, del0: 0.05, min_mem: 16.9921875)
Par: 1, Rows: 1
0.000    0.900    0.000    0.000    0.000    0.000    0.000    1.000    0.000    0.000    0.000    0.000    0.000    0.000    0.000    
Total frac: 1.900
Par: 2, Rows: 1
0.000    0.900    0.000    0.000    0.000    0.000    0.000    1.000    0.000    0.000    0.000    0.000    0.000    0.000    0.000    
Total frac: 1.900
Par: 3, Rows: 1
0.000    0.900    0.000    0.000    0.000    0.000    0.000    1.000    0.000    0.000    0.000    0.000    0.000    0.000    0.000    
Total frac: 1.900

Sketch (9) (cm: eps0: 0.000625, del0: 0.05, min_mem: 16.9921875)
Par: 1, Rows: 1
0.000    0.000    0.000    0.100    0.000    0.400    0.300    0.400    0.000    0.000    0.000    0.000    0.000    0.000    0.400    
Total frac: 1.600
Par: 2, Rows: 1
0.000    0.000    0.000    0.100    0.000    0.400    0.300    0.400    0.000    0.000    0.000    0.000    0.000    0.000    0.400    
Total frac: 1.600
Par: 3, Rows: 1
0.000    0.000    0.000    0.100    0.000    0.400    0.300    0.400    0.000    0.000    0.000    0.000    0.000    0.000    0.400    
Total frac: 1.600

Sketch (10) (cm: eps0: 0.000625, del0: 0.05, min_mem: 16.9921875)
Par: 1, Rows: 1
1.000    0.000    0.000    0.700    0.000    0.000    0.000    0.000    0.000    0.000    0.000    0.000    0.000    0.000    0.000    
Total frac: 1.700
Par: 2, Rows: 1
1.000    0.000    0.000    0.700    0.000    0.000    0.000    0.000    0.000    0.000    0.000    0.000    0.000    0.000    0.000    
Total frac: 1.700
Par: 3, Rows: 1
1.000    0.000    0.000    0.700    0.000    0.000    0.000    0.000    0.000    0.000    0.000    0.000    0.000    0.000    0.000    
Total frac: 1.700

Sketch (11) (cm: eps0: 0.000625, del0: 0.05, min_mem: 16.9921875)
Par: 1, Rows: 1
0.000    0.000    0.000    0.100    0.000    0.000    0.000    0.000    0.000    0.700    0.000    0.000    0.000    0.000    0.000    
Total frac: 0.800
Par: 2, Rows: 1
0.000    0.000    0.000    0.100    0.000    0.000    0.000    0.000    0.000    0.700    0.000    0.000    0.000    0.000    0.000    
Total frac: 0.800
Par: 3, Rows: 1
0.000    0.000    0.000    0.100    0.000    0.000    0.000    0.000    0.000    0.700    0.000    0.000    0.000    0.000    0.000    
Total frac: 0.800

Sketch (12) (cm: eps0: 0.000625, del0: 0.05, min_mem: 16.9921875)
Par: 1, Rows: 1
0.527    0.000    0.023    0.000    0.000    0.000    0.000    0.000    0.000    0.000    0.450    0.250    0.450    0.000    0.000    
Total frac: 1.700
Par: 2, Rows: 1
0.527    0.000    0.023    0.000    0.000    0.000    0.000    0.000    0.000    0.000    0.450    0.250    0.450    0.000    0.000    
Total frac: 1.700
Par: 3, Rows: 1
0.527    0.000    0.023    0.000    0.000    0.000    0.000    0.000    0.000    0.000    0.450    0.250    0.450    0.000    0.000    
Total frac: 1.700

Sketch (13) (cm: eps0: 0.000625, del0: 0.05, min_mem: 16.9921875)
Par: 1, Rows: 1
0.000    0.000    0.000    0.900    0.800    0.000    0.000    0.000    0.000    0.000    0.000    0.000    0.000    0.000    0.000    
Total frac: 1.700
Par: 2, Rows: 1
0.000    0.000    0.000    0.900    0.800    0.000    0.000    0.000    0.000    0.000    0.000    0.000    0.000    0.000    0.000    
Total frac: 1.700
Par: 3, Rows: 1
0.000    0.000    0.000    0.900    0.800    0.000    0.000    0.000    0.000    0.000    0.000    0.000    0.000    0.000    0.000    
Total frac: 1.700

Sketch (14) (cm: eps0: 0.000625, del0: 0.05, min_mem: 16.9921875)
Par: 1, Rows: 1
0.000    0.000    0.000    0.000    0.000    0.000    0.100    0.000    0.000    0.000    0.800    0.000    0.000    0.000    0.000    
Total frac: 0.900
Par: 2, Rows: 1
0.000    0.000    0.000    0.000    0.000    0.000    0.100    0.000    0.000    0.000    0.800    0.000    0.000    0.000    0.000    
Total frac: 0.900
Par: 3, Rows: 1
0.000    0.000    0.000    0.000    0.000    0.000    0.100    0.000    0.000    0.000    0.800    0.000    0.000    0.000    0.000    
Total frac: 0.900

Sketch (15) (cm: eps0: 0.000625, del0: 0.05, min_mem: 16.9921875)
Par: 1, Rows: 1
0.000    0.100    0.000    0.000    0.000    0.000    0.000    0.000    0.000    0.000    0.000    0.000    0.000    0.000    0.900    
Total frac: 1.000
Par: 2, Rows: 1
0.000    0.100    0.000    0.000    0.000    0.000    0.000    0.000    0.000    0.000    0.000    0.000    0.000    0.000    0.900    
Total frac: 1.000
Par: 3, Rows: 1
0.000    0.100    0.000    0.000    0.000    0.000    0.000    0.000    0.000    0.000    0.000    0.000    0.000    0.000    0.900    
Total frac: 1.000

Sketch (16) (cm: eps0: 0.000625, del0: 0.05, min_mem: 16.9921875)
Par: 1, Rows: 1
0.000    0.000    0.000    0.000    0.000    0.000    0.000    0.000    0.000    0.000    0.000    0.000    0.900    0.000    0.000    
Total frac: 0.900
Par: 2, Rows: 1
0.000    0.000    0.000    0.000    0.000    0.000    0.000    0.000    0.000    0.000    0.000    0.000    0.900    0.000    0.000    
Total frac: 0.900
Par: 3, Rows: 1
0.000    0.000    0.000    0.000    0.000    0.000    0.000    0.000    0.000    0.000    0.000    0.000    0.900    0.000    0.000    
Total frac: 0.900

Sketch (17) (cm: eps0: 0.000625, del0: 0.05, min_mem: 16.9921875)
Par: 1, Rows: 1
0.000    0.200    0.200    0.100    0.800    0.000    0.000    0.000    0.000    0.700    0.000    0.000    0.000    0.000    0.000    
Total frac: 2.000
Par: 2, Rows: 1
0.000    0.200    0.200    0.100    0.800    0.000    0.000    0.000    0.000    0.700    0.000    0.000    0.000    0.000    0.000    
Total frac: 2.000
Par: 3, Rows: 1
0.000    0.200    0.200    0.100    0.800    0.000    0.000    0.000    0.000    0.700    0.000    0.000    0.000    0.000    0.000    
Total frac: 2.000

Sketch (18) (cm: eps0: 0.000625, del0: 0.05, min_mem: 16.9921875)
Par: 1, Rows: 1
0.000    0.000    0.000    0.700    0.000    0.000    0.800    0.000    0.000    0.000    0.000    0.000    0.000    0.000    0.000    
Total frac: 1.500
Par: 2, Rows: 1
0.000    0.000    0.000    0.700    0.000    0.000    0.800    0.000    0.000    0.000    0.000    0.000    0.000    0.000    0.000    
Total frac: 1.500
Par: 3, Rows: 1
0.000    0.000    0.000    0.700    0.000    0.000    0.800    0.000    0.000    0.000    0.000    0.000    0.000    0.000    0.000    
Total frac: 1.500

Sketch (19) (cm: eps0: 0.000625, del0: 0.05, min_mem: 16.9921875)
Par: 1, Rows: 1
0.000    1.000    0.000    0.000    0.000    0.100    0.000    0.000    0.000    0.000    0.000    0.200    0.000    0.600    0.000    
Total frac: 1.900
Par: 2, Rows: 1
0.000    1.000    0.000    0.000    0.000    0.100    0.000    0.000    0.000    0.000    0.000    0.200    0.000    0.600    0.000    
Total frac: 1.900
Par: 3, Rows: 1
0.000    1.000    0.000    0.000    0.000    0.100    0.000    0.000    0.000    0.000    0.000    0.200    0.000    0.600    0.000    
Total frac: 1.900

Sketch (20) (cm: eps0: 0.000625, del0: 0.05, min_mem: 16.9921875)
Par: 1, Rows: 1
0.000    0.000    0.100    0.000    0.000    0.000    0.000    0.000    0.127    0.600    0.000    0.673    0.073    0.127    0.000    
Total frac: 1.700
Par: 2, Rows: 1
0.000    0.000    0.100    0.000    0.000    0.000    0.000    0.000    0.127    0.600    0.000    0.673    0.073    0.127    0.000    
Total frac: 1.700
Par: 3, Rows: 1
0.000    0.000    0.100    0.000    0.000    0.000    0.000    0.000    0.127    0.600    0.000    0.673    0.073    0.127    0.000    
Total frac: 1.700

Sketch (21) (cm: eps0: 0.000625, del0: 0.05, min_mem: 16.9921875)
Par: 1, Rows: 1
0.100    0.000    0.000    0.000    0.000    0.000    0.100    0.000    0.000    0.000    0.000    0.800    0.000    0.000    0.000    
Total frac: 1.000
Par: 2, Rows: 1
0.100    0.000    0.000    0.000    0.000    0.000    0.100    0.000    0.000    0.000    0.000    0.800    0.000    0.000    0.000    
Total frac: 1.000
Par: 3, Rows: 1
0.100    0.000    0.000    0.000    0.000    0.000    0.100    0.000    0.000    0.000    0.000    0.800    0.000    0.000    0.000    
Total frac: 1.000

Sketch (22) (cm: eps0: 0.000625, del0: 0.05, min_mem: 16.9921875)
Par: 1, Rows: 1
0.000    0.000    0.000    0.900    0.000    0.000    0.000    0.000    0.000    0.000    0.000    0.000    0.000    0.000    0.000    
Total frac: 0.900
Par: 2, Rows: 1
0.000    0.000    0.000    0.900    0.000    0.000    0.000    0.000    0.000    0.000    0.000    0.000    0.000    0.000    0.000    
Total frac: 0.900
Par: 3, Rows: 1
0.000    0.000    0.000    0.900    0.000    0.000    0.000    0.000    0.000    0.000    0.000    0.000    0.000    0.000    0.000    
Total frac: 0.900

Sketch (23) (cm: eps0: 0.000625, del0: 0.05, min_mem: 16.9921875)
Par: 1, Rows: 1
0.000    0.000    0.000    0.000    0.600    0.100    0.100    0.100    0.800    0.100    0.000    0.800    0.000    0.000    0.000    
Total frac: 2.600
Par: 2, Rows: 1
0.000    0.000    0.000    0.000    0.600    0.100    0.100    0.100    0.800    0.100    0.000    0.800    0.000    0.000    0.000    
Total frac: 2.600
Par: 3, Rows: 1
0.000    0.000    0.000    0.000    0.600    0.100    0.100    0.100    0.800    0.100    0.000    0.800    0.000    0.000    0.000    
Total frac: 2.600

Sketch (24) (cm: eps0: 0.000625, del0: 0.05, min_mem: 16.9921875)
Par: 1, Rows: 1
0.000    0.000    0.000    0.000    0.000    0.000    0.000    0.000    0.000    0.000    0.100    0.000    0.000    0.900    0.000    
Total frac: 1.000
Par: 2, Rows: 1
0.000    0.000    0.000    0.000    0.000    0.000    0.000    0.000    0.000    0.000    0.100    0.000    0.000    0.900    0.000    
Total frac: 1.000
Par: 3, Rows: 1
0.000    0.000    0.000    0.000    0.000    0.000    0.000    0.000    0.000    0.000    0.100    0.000    0.000    0.900    0.000    
Total frac: 1.000

Sketch (25) (cm: eps0: 0.000625, del0: 0.05, min_mem: 16.9921875)
Par: 1, Rows: 1
0.200    0.000    0.000    0.000    0.900    0.000    0.000    0.000    0.000    0.800    0.000    0.000    0.000    0.000    0.000    
Total frac: 1.900
Par: 2, Rows: 1
0.200    0.000    0.000    0.000    0.900    0.000    0.000    0.000    0.000    0.800    0.000    0.000    0.000    0.000    0.000    
Total frac: 1.900
Par: 3, Rows: 1
0.200    0.000    0.000    0.000    0.900    0.000    0.000    0.000    0.000    0.800    0.000    0.000    0.000    0.000    0.000    
Total frac: 1.900

Sketch (26) (cm: eps0: 0.000625, del0: 0.05, min_mem: 16.9921875)
Par: 1, Rows: 1
0.000    0.487    0.513    0.000    0.477    0.000    0.187    0.000    0.000    0.000    0.037    0.000    0.000    0.000    0.000    
Total frac: 1.700
Par: 2, Rows: 1
0.000    0.487    0.513    0.000    0.477    0.000    0.187    0.000    0.000    0.000    0.037    0.000    0.000    0.000    0.000    
Total frac: 1.700
Par: 3, Rows: 1
0.000    0.487    0.513    0.000    0.477    0.000    0.187    0.000    0.000    0.000    0.037    0.000    0.000    0.000    0.000    
Total frac: 1.700

Sketch (27) (cm: eps0: 0.000625, del0: 0.05, min_mem: 16.9921875)
Par: 1, Rows: 1
0.300    0.000    0.000    0.000    0.000    0.000    0.000    0.000    0.000    0.000    0.000    0.000    0.700    0.000    0.000    
Total frac: 1.000
Par: 2, Rows: 1
0.300    0.000    0.000    0.000    0.000    0.000    0.000    0.000    0.000    0.000    0.000    0.000    0.700    0.000    0.000    
Total frac: 1.000
Par: 3, Rows: 1
0.300    0.000    0.000    0.000    0.000    0.000    0.000    0.000    0.000    0.000    0.000    0.000    0.700    0.000    0.000    
Total frac: 1.000

Sketch (28) (cm: eps0: 0.000625, del0: 0.05, min_mem: 16.9921875)
Par: 1, Rows: 1
0.660    0.000    0.000    0.000    0.000    0.100    0.340    0.000    0.000    0.000    0.700    0.000    0.000    0.000    0.000    
Total frac: 1.800
Par: 2, Rows: 1
0.660    0.000    0.000    0.000    0.000    0.100    0.340    0.000    0.000    0.000    0.700    0.000    0.000    0.000    0.000    
Total frac: 1.800
Par: 3, Rows: 1
0.660    0.000    0.000    0.000    0.000    0.100    0.340    0.000    0.000    0.000    0.700    0.000    0.000    0.000    0.000    
Total frac: 1.800

Sketch (29) (cm: eps0: 0.000625, del0: 0.05, min_mem: 16.9921875)
Par: 1, Rows: 1
0.000    0.000    0.000    0.100    0.000    0.800    0.100    0.000    0.340    0.460    0.000    0.000    0.000    0.000    0.000    
Total frac: 1.800
Par: 2, Rows: 1
0.000    0.000    0.000    0.100    0.000    0.800    0.100    0.000    0.340    0.460    0.000    0.000    0.000    0.000    0.000    
Total frac: 1.800
Par: 3, Rows: 1
0.000    0.000    0.000    0.100    0.000    0.800    0.100    0.000    0.340    0.460    0.000    0.000    0.000    0.000    0.000    
Total frac: 1.800

Sketch (30) (cm: eps0: 0.000625, del0: 0.05, min_mem: 16.9921875)
Par: 1, Rows: 1
0.000    0.000    0.000    0.100    0.000    1.000    0.200    0.000    0.000    0.000    0.000    0.000    0.000    0.000    0.700    
Total frac: 2.000
Par: 2, Rows: 1
0.000    0.000    0.000    0.100    0.000    1.000    0.200    0.000    0.000    0.000    0.000    0.000    0.000    0.000    0.700    
Total frac: 2.000
Par: 3, Rows: 1
0.000    0.000    0.000    0.100    0.000    1.000    0.200    0.000    0.000    0.000    0.000    0.000    0.000    0.000    0.700    
Total frac: 2.000

Sketch (31) (cm: eps0: 0.000625, del0: 0.05, min_mem: 16.9921875)
Par: 1, Rows: 1
0.000    0.000    0.000    0.000    0.200    0.000    0.100    0.000    0.000    0.000    0.000    0.100    0.000    0.600    0.000    
Total frac: 1.000
Par: 2, Rows: 1
0.000    0.000    0.000    0.000    0.200    0.000    0.100    0.000    0.000    0.000    0.000    0.100    0.000    0.600    0.000    
Total frac: 1.000
Par: 3, Rows: 1
0.000    0.000    0.000    0.000    0.200    0.000    0.100    0.000    0.000    0.000    0.000    0.100    0.000    0.600    0.000    
Total frac: 1.000

Sketch (32) (cm: eps0: 0.000625, del0: 0.05, min_mem: 16.9921875)
Par: 1, Rows: 1
0.000    0.000    0.000    0.700    0.200    0.000    0.100    0.000    0.000    0.000    0.700    0.000    0.000    0.000    0.000    
Total frac: 1.700
Par: 2, Rows: 1
0.000    0.000    0.000    0.700    0.200    0.000    0.100    0.000    0.000    0.000    0.700    0.000    0.000    0.000    0.000    
Total frac: 1.700
Par: 3, Rows: 1
0.000    0.000    0.000    0.700    0.200    0.000    0.100    0.000    0.000    0.000    0.700    0.000    0.000    0.000    0.000    
Total frac: 1.700

Sketch (33) (cm: eps0: 0.000625, del0: 0.05, min_mem: 16.9921875)
Par: 1, Rows: 1
0.000    0.000    0.800    0.000    0.000    0.000    0.000    0.000    0.000    0.000    0.000    0.000    0.000    0.000    0.000    
Total frac: 0.800
Par: 2, Rows: 1
0.000    0.000    0.800    0.000    0.000    0.000    0.000    0.000    0.000    0.000    0.000    0.000    0.000    0.000    0.000    
Total frac: 0.800
Par: 3, Rows: 1
0.000    0.000    0.800    0.000    0.000    0.000    0.000    0.000    0.000    0.000    0.000    0.000    0.000    0.000    0.000    
Total frac: 0.800

Sketch (34) (cm: eps0: 0.000625, del0: 0.05, min_mem: 16.9921875)
Par: 1, Rows: 1
0.000    0.000    0.000    0.000    0.000    0.000    0.100    0.000    0.000    0.000    0.000    0.000    0.000    0.900    0.000    
Total frac: 1.000
Par: 2, Rows: 1
0.000    0.000    0.000    0.000    0.000    0.000    0.100    0.000    0.000    0.000    0.000    0.000    0.000    0.900    0.000    
Total frac: 1.000
Par: 3, Rows: 1
0.000    0.000    0.000    0.000    0.000    0.000    0.100    0.000    0.000    0.000    0.000    0.000    0.000    0.900    0.000    
Total frac: 1.000

Sketch (35) (cm: eps0: 0.000625, del0: 0.05, min_mem: 16.9921875)
Par: 1, Rows: 1
0.000    0.000    0.000    0.000    0.000    0.000    0.000    0.000    0.000    0.000    0.000    0.000    0.000    0.700    0.200    
Total frac: 0.900
Par: 2, Rows: 1
0.000    0.000    0.000    0.000    0.000    0.000    0.000    0.000    0.000    0.000    0.000    0.000    0.000    0.700    0.200    
Total frac: 0.900
Par: 3, Rows: 1
0.000    0.000    0.000    0.000    0.000    0.000    0.000    0.000    0.000    0.000    0.000    0.000    0.000    0.700    0.200    
Total frac: 0.900

Sketch (36) (cm: eps0: 0.000625, del0: 0.05, min_mem: 16.9921875)
Par: 1, Rows: 1
0.000    0.200    0.600    0.000    0.000    0.000    0.000    0.000    0.000    0.000    0.700    0.000    0.000    0.000    0.000    
Total frac: 1.500
Par: 2, Rows: 1
0.000    0.200    0.600    0.000    0.000    0.000    0.000    0.000    0.000    0.000    0.700    0.000    0.000    0.000    0.000    
Total frac: 1.500
Par: 3, Rows: 1
0.000    0.200    0.600    0.000    0.000    0.000    0.000    0.000    0.000    0.000    0.700    0.000    0.000    0.000    0.000    
Total frac: 1.500

Sketch (37) (cm: eps0: 0.000625, del0: 0.05, min_mem: 16.9921875)
Par: 1, Rows: 1
0.000    0.000    0.000    0.000    0.000    0.000    0.000    0.100    0.700    0.000    0.000    0.200    0.000    0.000    0.000    
Total frac: 1.000
Par: 2, Rows: 1
0.000    0.000    0.000    0.000    0.000    0.000    0.000    0.100    0.700    0.000    0.000    0.200    0.000    0.000    0.000    
Total frac: 1.000
Par: 3, Rows: 1
0.000    0.000    0.000    0.000    0.000    0.000    0.000    0.100    0.700    0.000    0.000    0.200    0.000    0.000    0.000    
Total frac: 1.000

Sketch (38) (cm: eps0: 0.000625, del0: 0.05, min_mem: 16.9921875)
Par: 1, Rows: 1
0.000    0.800    1.000    0.000    0.000    0.000    0.000    0.000    0.000    0.000    0.000    0.000    0.000    0.000    0.000    
Total frac: 1.800
Par: 2, Rows: 1
0.000    0.800    1.000    0.000    0.000    0.000    0.000    0.000    0.000    0.000    0.000    0.000    0.000    0.000    0.000    
Total frac: 1.800
Par: 3, Rows: 1
0.000    0.800    1.000    0.000    0.000    0.000    0.000    0.000    0.000    0.000    0.000    0.000    0.000    0.000    0.000    
Total frac: 1.800

Sketch (39) (cm: eps0: 0.000625, del0: 0.05, min_mem: 16.9921875)
Par: 1, Rows: 1
0.000    0.000    0.400    0.000    0.900    0.000    0.000    0.700    0.300    0.300    0.000    0.000    0.000    0.000    0.000    
Total frac: 2.600
Par: 2, Rows: 1
0.000    0.000    0.400    0.000    0.900    0.000    0.000    0.700    0.300    0.300    0.000    0.000    0.000    0.000    0.000    
Total frac: 2.600
Par: 3, Rows: 1
0.000    0.000    0.400    0.000    0.900    0.000    0.000    0.700    0.300    0.300    0.000    0.000    0.000    0.000    0.000    
Total frac: 2.600

Sketch (40) (cm: eps0: 0.000625, del0: 0.05, min_mem: 16.9921875)
Par: 1, Rows: 1
0.000    0.000    0.000    0.100    0.000    0.000    0.000    0.000    0.200    0.000    0.000    0.000    0.700    0.000    0.000    
Total frac: 1.000
Par: 2, Rows: 1
0.000    0.000    0.000    0.100    0.000    0.000    0.000    0.000    0.200    0.000    0.000    0.000    0.700    0.000    0.000    
Total frac: 1.000
Par: 3, Rows: 1
0.000    0.000    0.000    0.100    0.000    0.000    0.000    0.000    0.200    0.000    0.000    0.000    0.700    0.000    0.000    
Total frac: 1.000

Sketch (41) (cm: eps0: 0.000625, del0: 0.05, min_mem: 16.9921875)
Par: 1, Rows: 1
0.000    0.000    0.000    0.000    0.000    0.500    0.100    0.000    0.600    0.100    0.400    0.000    0.000    0.000    0.000    
Total frac: 1.700
Par: 2, Rows: 1
0.000    0.000    0.000    0.000    0.000    0.500    0.100    0.000    0.600    0.100    0.400    0.000    0.000    0.000    0.000    
Total frac: 1.700
Par: 3, Rows: 1
0.000    0.000    0.000    0.000    0.000    0.500    0.100    0.000    0.600    0.100    0.400    0.000    0.000    0.000    0.000    
Total frac: 1.700

Sketch (42) (cm: eps0: 0.000625, del0: 0.05, min_mem: 16.9921875)
Par: 1, Rows: 1
0.000    0.000    0.000    0.000    0.000    0.000    0.300    0.000    0.000    0.700    0.000    0.000    0.000    0.000    0.000    
Total frac: 1.000
Par: 2, Rows: 1
0.000    0.000    0.000    0.000    0.000    0.000    0.300    0.000    0.000    0.700    0.000    0.000    0.000    0.000    0.000    
Total frac: 1.000
Par: 3, Rows: 1
0.000    0.000    0.000    0.000    0.000    0.000    0.300    0.000    0.000    0.700    0.000    0.000    0.000    0.000    0.000    
Total frac: 1.000

Sketch (43) (cm: eps0: 0.000625, del0: 0.05, min_mem: 16.9921875)
Par: 1, Rows: 1
0.000    0.000    0.000    0.000    0.000    0.000    0.000    0.000    0.000    0.000    0.300    0.000    0.000    0.400    0.300    
Total frac: 1.000
Par: 2, Rows: 1
0.000    0.000    0.000    0.000    0.000    0.000    0.000    0.000    0.000    0.000    0.300    0.000    0.000    0.400    0.300    
Total frac: 1.000
Par: 3, Rows: 1
0.000    0.000    0.000    0.000    0.000    0.000    0.000    0.000    0.000    0.000    0.300    0.000    0.000    0.400    0.300    
Total frac: 1.000

Sketch (44) (cm: eps0: 0.000625, del0: 0.05, min_mem: 16.9921875)
Par: 1, Rows: 1
0.000    0.000    0.000    0.000    0.000    0.000    0.000    0.000    0.000    0.100    0.000    0.000    0.000    0.000    0.800    
Total frac: 0.900
Par: 2, Rows: 1
0.000    0.000    0.000    0.000    0.000    0.000    0.000    0.000    0.000    0.100    0.000    0.000    0.000    0.000    0.800    
Total frac: 0.900
Par: 3, Rows: 1
0.000    0.000    0.000    0.000    0.000    0.000    0.000    0.000    0.000    0.100    0.000    0.000    0.000    0.000    0.800    
Total frac: 0.900

Sketch (45) (cm: eps0: 0.000625, del0: 0.05, min_mem: 16.9921875)
Par: 1, Rows: 1
0.900    0.000    0.000    0.000    0.000    0.000    0.100    0.000    0.000    0.200    0.000    0.000    0.000    0.000    0.700    
Total frac: 1.900
Par: 2, Rows: 1
0.900    0.000    0.000    0.000    0.000    0.000    0.100    0.000    0.000    0.200    0.000    0.000    0.000    0.000    0.700    
Total frac: 1.900
Par: 3, Rows: 1
0.900    0.000    0.000    0.000    0.000    0.000    0.100    0.000    0.000    0.200    0.000    0.000    0.000    0.000    0.700    
Total frac: 1.900

Sketch (46) (cm: eps0: 0.000625, del0: 0.05, min_mem: 16.9921875)
Par: 1, Rows: 1
0.000    0.000    0.000    0.000    0.000    0.000    0.000    0.000    0.000    0.000    0.000    0.000    0.000    0.000    0.000    
Total frac: 0.000
Par: 2, Rows: 1
0.000    0.000    0.000    0.000    0.000    0.000    0.000    0.000    0.000    0.000    0.000    0.000    0.000    0.000    0.000    
Total frac: 0.000
Par: 3, Rows: 1
0.000    0.000    0.000    0.000    0.000    0.000    0.000    0.000    0.000    0.000    0.000    0.000    0.000    0.000    0.000    
Total frac: 0.000

Sketch (47) (cm: eps0: 0.000625, del0: 0.05, min_mem: 16.9921875)
Par: 1, Rows: 1
0.000    0.000    0.000    0.000    0.000    0.000    0.300    0.200    0.000    0.000    0.000    0.500    0.000    0.000    0.000    
Total frac: 1.000
Par: 2, Rows: 1
0.000    0.000    0.000    0.000    0.000    0.000    0.300    0.200    0.000    0.000    0.000    0.500    0.000    0.000    0.000    
Total frac: 1.000
Par: 3, Rows: 1
0.000    0.000    0.000    0.000    0.000    0.000    0.300    0.200    0.000    0.000    0.000    0.500    0.000    0.000    0.000    
Total frac: 1.000

Sketch (48) (cm: eps0: 0.000625, del0: 0.05, min_mem: 16.9921875)
Par: 1, Rows: 1
0.800    0.000    0.000    0.000    0.000    0.000    0.000    0.000    0.000    0.000    0.000    0.700    0.000    0.000    0.100    
Total frac: 1.600
Par: 2, Rows: 1
0.800    0.000    0.000    0.000    0.000    0.000    0.000    0.000    0.000    0.000    0.000    0.700    0.000    0.000    0.100    
Total frac: 1.600
Par: 3, Rows: 1
0.800    0.000    0.000    0.000    0.000    0.000    0.000    0.000    0.000    0.000    0.000    0.700    0.000    0.000    0.100    
Total frac: 1.600

Sketch (49) (cm: eps0: 0.000625, del0: 0.05, min_mem: 16.9921875)
Par: 1, Rows: 1
0.000    0.200    0.000    0.000    0.000    0.000    1.000    0.000    0.700    0.000    0.000    0.000    0.000    0.000    0.000    
Total frac: 1.900
Par: 2, Rows: 1
0.000    0.200    0.000    0.000    0.000    0.000    1.000    0.000    0.700    0.000    0.000    0.000    0.000    0.000    0.000    
Total frac: 1.900
Par: 3, Rows: 1
0.000    0.200    0.000    0.000    0.000    0.000    1.000    0.000    0.700    0.000    0.000    0.000    0.000    0.000    0.000    
Total frac: 1.900

Sketch (50) (cm: eps0: 0.000625, del0: 0.05, min_mem: 16.9921875)
Par: 1, Rows: 1
0.000    0.000    0.000    0.000    0.000    0.800    0.000    0.000    0.000    0.000    0.000    0.040    0.800    0.000    0.160    
Total frac: 1.800
Par: 2, Rows: 1
0.000    0.000    0.000    0.000    0.000    0.800    0.000    0.000    0.000    0.000    0.000    0.040    0.800    0.000    0.160    
Total frac: 1.800
Par: 3, Rows: 1
0.000    0.000    0.000    0.000    0.000    0.800    0.000    0.000    0.000    0.000    0.000    0.040    0.800    0.000    0.160    
Total frac: 1.800

Sketch (51) (cm: eps0: 0.000625, del0: 0.05, min_mem: 16.9921875)
Par: 1, Rows: 1
0.000    0.700    0.000    0.000    0.000    0.600    0.000    0.000    0.000    0.000    0.000    0.000    0.000    0.000    0.300    
Total frac: 1.600
Par: 2, Rows: 1
0.000    0.700    0.000    0.000    0.000    0.600    0.000    0.000    0.000    0.000    0.000    0.000    0.000    0.000    0.300    
Total frac: 1.600
Par: 3, Rows: 1
0.000    0.700    0.000    0.000    0.000    0.600    0.000    0.000    0.000    0.000    0.000    0.000    0.000    0.000    0.300    
Total frac: 1.600

Sketch (52) (cm: eps0: 0.000625, del0: 0.05, min_mem: 16.9921875)
Par: 1, Rows: 1
0.000    0.000    0.900    0.100    0.000    0.000    0.000    0.000    0.000    0.000    0.100    0.900    0.000    0.000    0.000    
Total frac: 2.000
Par: 2, Rows: 1
0.000    0.000    0.900    0.100    0.000    0.000    0.000    0.000    0.000    0.000    0.100    0.900    0.000    0.000    0.000    
Total frac: 2.000
Par: 3, Rows: 1
0.000    0.000    0.900    0.100    0.000    0.000    0.000    0.000    0.000    0.000    0.100    0.900    0.000    0.000    0.000    
Total frac: 2.000

Sketch (53) (cm: eps0: 0.000625, del0: 0.05, min_mem: 16.9921875)
Par: 1, Rows: 1
0.000    0.000    0.000    0.500    0.000    0.100    0.000    0.500    0.500    0.000    0.300    0.000    0.000    0.000    0.000    
Total frac: 1.900
Par: 2, Rows: 1
0.000    0.000    0.000    0.500    0.000    0.100    0.000    0.500    0.500    0.000    0.300    0.000    0.000    0.000    0.000    
Total frac: 1.900
Par: 3, Rows: 1
0.000    0.000    0.000    0.500    0.000    0.100    0.000    0.500    0.500    0.000    0.300    0.000    0.000    0.000    0.000    
Total frac: 1.900

Sketch (54) (cm: eps0: 0.000625, del0: 0.05, min_mem: 16.9921875)
Par: 1, Rows: 1
0.000    0.000    0.000    0.000    0.000    0.700    0.000    0.000    0.000    0.000    0.000    0.000    0.000    0.000    0.000    
Total frac: 0.700
Par: 2, Rows: 1
0.000    0.000    0.000    0.000    0.000    0.700    0.000    0.000    0.000    0.000    0.000    0.000    0.000    0.000    0.000    
Total frac: 0.700
Par: 3, Rows: 1
0.000    0.000    0.000    0.000    0.000    0.700    0.000    0.000    0.000    0.000    0.000    0.000    0.000    0.000    0.000    
Total frac: 0.700

Sketch (55) (cm: eps0: 0.000625, del0: 0.05, min_mem: 16.9921875)
Par: 1, Rows: 1
0.100    0.000    0.163    0.000    0.000    0.000    0.000    0.837    0.000    0.000    0.000    0.163    0.737    0.000    0.000    
Total frac: 2.000
Par: 2, Rows: 1
0.100    0.000    0.163    0.000    0.000    0.000    0.000    0.837    0.000    0.000    0.000    0.163    0.737    0.000    0.000    
Total frac: 2.000
Par: 3, Rows: 1
0.100    0.000    0.163    0.000    0.000    0.000    0.000    0.837    0.000    0.000    0.000    0.163    0.737    0.000    0.000    
Total frac: 2.000

Sketch (56) (cm: eps0: 0.000625, del0: 0.05, min_mem: 16.9921875)
Par: 1, Rows: 1
0.200    0.300    0.000    0.000    0.000    0.000    0.100    0.900    0.500    0.000    0.000    0.000    0.000    0.000    0.000    
Total frac: 2.000
Par: 2, Rows: 1
0.200    0.300    0.000    0.000    0.000    0.000    0.100    0.900    0.500    0.000    0.000    0.000    0.000    0.000    0.000    
Total frac: 2.000
Par: 3, Rows: 1
0.200    0.300    0.000    0.000    0.000    0.000    0.100    0.900    0.500    0.000    0.000    0.000    0.000    0.000    0.000    
Total frac: 2.000

Sketch (57) (cm: eps0: 0.000625, del0: 0.05, min_mem: 16.9921875)
Par: 1, Rows: 1
0.000    0.000    0.000    0.000    0.000    0.800    0.800    0.000    0.000    0.000    0.200    0.000    0.000    0.000    0.000    
Total frac: 1.800
Par: 2, Rows: 1
0.000    0.000    0.000    0.000    0.000    0.800    0.800    0.000    0.000    0.000    0.200    0.000    0.000    0.000    0.000    
Total frac: 1.800
Par: 3, Rows: 1
0.000    0.000    0.000    0.000    0.000    0.800    0.800    0.000    0.000    0.000    0.200    0.000    0.000    0.000    0.000    
Total frac: 1.800

Sketch (58) (cm: eps0: 0.000625, del0: 0.05, min_mem: 16.9921875)
Par: 1, Rows: 1
0.200    0.000    0.000    0.000    0.000    0.000    0.000    0.207    0.000    0.000    0.000    0.000    0.000    0.000    0.493    
Total frac: 0.900
Par: 2, Rows: 1
0.200    0.000    0.000    0.000    0.000    0.000    0.000    0.207    0.000    0.000    0.000    0.000    0.000    0.000    0.493    
Total frac: 0.900
Par: 3, Rows: 1
0.200    0.000    0.000    0.000    0.000    0.000    0.000    0.207    0.000    0.000    0.000    0.000    0.000    0.000    0.493    
Total frac: 0.900

Sketch (59) (cm: eps0: 0.000625, del0: 0.05, min_mem: 16.9921875)
Par: 1, Rows: 1
0.000    0.000    0.000    0.000    0.000    0.000    0.000    0.200    0.000    0.200    0.000    0.000    0.000    0.600    0.000    
Total frac: 1.000
Par: 2, Rows: 1
0.000    0.000    0.000    0.000    0.000    0.000    0.000    0.200    0.000    0.200    0.000    0.000    0.000    0.600    0.000    
Total frac: 1.000
Par: 3, Rows: 1
0.000    0.000    0.000    0.000    0.000    0.000    0.000    0.200    0.000    0.200    0.000    0.000    0.000    0.600    0.000    
Total frac: 1.000

Sketch (60) (cm: eps0: 0.000625, del0: 0.05, min_mem: 16.9921875)
Par: 1, Rows: 1
0.000    0.540    0.460    0.000    0.000    0.000    0.000    0.000    0.000    0.000    0.000    0.000    0.000    0.000    0.000    
Total frac: 1.000
Par: 2, Rows: 1
0.000    0.540    0.460    0.000    0.000    0.000    0.000    0.000    0.000    0.000    0.000    0.000    0.000    0.000    0.000    
Total frac: 1.000
Par: 3, Rows: 1
0.000    0.540    0.460    0.000    0.000    0.000    0.000    0.000    0.000    0.000    0.000    0.000    0.000    0.000    0.000    
Total frac: 1.000

Sketch (61) (cm: eps0: 0.000625, del0: 0.05, min_mem: 16.9921875)
Par: 1, Rows: 1
0.000    0.000    0.000    0.000    0.000    0.000    0.000    0.200    0.200    0.500    0.200    0.600    0.300    0.000    0.000    
Total frac: 2.000
Par: 2, Rows: 1
0.000    0.000    0.000    0.000    0.000    0.000    0.000    0.200    0.200    0.500    0.200    0.600    0.300    0.000    0.000    
Total frac: 2.000
Par: 3, Rows: 1
0.000    0.000    0.000    0.000    0.000    0.000    0.000    0.200    0.200    0.500    0.200    0.600    0.300    0.000    0.000    
Total frac: 2.000

Sketch (62) (cm: eps0: 0.000625, del0: 0.05, min_mem: 16.9921875)
Par: 1, Rows: 1
0.340    0.000    0.000    0.660    0.000    0.000    0.000    0.000    0.460    0.000    0.140    0.000    0.000    0.000    0.100    
Total frac: 1.700
Par: 2, Rows: 1
0.340    0.000    0.000    0.660    0.000    0.000    0.000    0.000    0.460    0.000    0.140    0.000    0.000    0.000    0.100    
Total frac: 1.700
Par: 3, Rows: 1
0.340    0.000    0.000    0.660    0.000    0.000    0.000    0.000    0.460    0.000    0.140    0.000    0.000    0.000    0.100    
Total frac: 1.700

Sketch (63) (cm: eps0: 0.000625, del0: 0.05, min_mem: 16.9921875)
Par: 1, Rows: 1
0.000    0.000    0.000    0.000    0.000    0.000    0.000    0.000    0.000    0.000    0.100    0.000    0.000    0.600    0.100    
Total frac: 0.800
Par: 2, Rows: 1
0.000    0.000    0.000    0.000    0.000    0.000    0.000    0.000    0.000    0.000    0.100    0.000    0.000    0.600    0.100    
Total frac: 0.800
Par: 3, Rows: 1
0.000    0.000    0.000    0.000    0.000    0.000    0.000    0.000    0.000    0.000    0.100    0.000    0.000    0.600    0.100    
Total frac: 0.800

Device (0) cpu1:
Rows total: 18.380000000000003
Mem total: 312.31640625

Device (1) cpu2:
Rows total: 18.380000000000003
Mem total: 312.31640625

Device (2) cpu3:
Rows total: 18.38
Mem total: 312.31640625

Device (3) cpu4:
Rows total: 18.380000000000003
Mem total: 312.31640625

Device (4) cpu5:
Rows total: 18.380000000000003
Mem total: 312.31640625

Device (5) cpu6:
Rows total: 18.380000000000003
Mem total: 312.31640625

Device (6) cpu7:
Rows total: 18.38
Mem total: 312.31640625

Device (7) cpu8:
Rows total: 18.38
Mem total: 312.31640625

Device (8) tor_p41:
Rows total: 18.380000000000003
Mem total: 312.31640625

Device (9) tor_p42:
Rows total: 18.380000000000003
Mem total: 312.31640625

Device (10) tor_p43:
Rows total: 18.38
Mem total: 312.31640625

Device (11) tor_p44:
Rows total: 18.38
Mem total: 312.31640625

Device (12) l1_p41:
Rows total: 18.380000000000003
Mem total: 312.31640625

Device (13) l1_p42:
Rows total: 18.38
Mem total: 312.31640625

Device (14) l2_p4:
Rows total: 18.380000000000003
Mem total: 312.31640625
--------------------------------------------------
Infeasible placement
