Using license file /home/anup/gurobi.lic
Academic license - for non-commercial use only

--------------------------------------------------
Model update took: 6.198883056640625e-05 seconds
Model optimize took: 0.0034868717193603516 seconds
--------------------------------------------------

Sketch (0) (cm: eps0: 0.3125, del0: 0.05, min_mem: 0.03515625)
Par: 1, Rows: 3
-0.000    0.000    1.000    0.000    
Total frac: 1.000

Sketch (1) (cm: eps0: 0.00125, del0: 0.05, min_mem: 8.49609375)
Par: 1, Rows: 3
0.000    0.000    1.000    0.800    
Total frac: 1.800

Sketch (2) (cm: eps0: 0.625, del0: 0.025, min_mem: 0.01953125)
Par: 1, Rows: 4
0.000    0.000    1.000    0.500    
Total frac: 1.500

Device (0) cpu_1:
Rows total: 5.120512000358346e-05
Mem total: 1.0001000000138778e-06

Device (1) cpu_2:
Rows total: 1.1771291954022987e-07
Mem total: 1.0001e-06

Device (2) p4_1:
Rows total: 9.999948677167078
Mem total: 25.671872999799916

Device (3) p4_2:
Rows total: 4.399948677167073
Mem total: 25.671872999799916
--------------------------------------------------

Throughput: 88.8800008888 Mpps, ns per packet: 11.251125000000002
Resources: 134.66963571381936

Sketch (0) (cm: eps0: 0.3125, del0: 0.05, min_mem: 0.03515625)
Par: 1, Rows: 3
0.000    0.000    1.000    0.000    
Total frac: 1.000

Sketch (1) (cm: eps0: 0.00125, del0: 0.05, min_mem: 8.49609375)
Par: 1, Rows: 3
0.000    0.000    1.000    0.800    
Total frac: 1.800

Sketch (2) (cm: eps0: 0.625, del0: 0.025, min_mem: 0.01953125)
Par: 1, Rows: 4
0.000    0.000    1.000    0.500    
Total frac: 1.500

Device (0) cpu_1:
cores_sketch: 1.0, cores_dpdk: 6.0
Rows total: 5.1205120007580264e-05
Mem total: 1.000100000148052e-06
Throughput: 88.8800008888

Device (1) cpu_2:
cores_sketch: -0.0, cores_dpdk: 6.0
Rows total: 1.1771291954022987e-07
Mem total: 1.0001e-06
Throughput: 93.33333333333333

Device (2) p4_1:
Rows total: 9.999948677167072
Mem total: 25.671872999799916
Throughput: 148.0

Device (3) p4_2:
Rows total: 4.399948677167073
Mem total: 25.671872999799916
Throughput: 148.0
--------------------------------------------------
