-----------------------------

Throughput: 76.18285790468587 Mpps, ns per packet: 13.126312499999974
Resources: 70.51847267150879
Sketch 1 (cm: eps0: 1e-05, del0: 0.02, min_mem: 1061.83203125)
Device cpu_1:
cores_sketch: 3.0, cores_dpdk: 4.0
Rows total: 4.0
Mem total: 4247.328125

Device p4_1:

Rows total: 0.0
Mem total: 0.0

-----------------------------

Throughput: 83.32500083325016 Mpps, ns per packet: 12.00119999999998
Resources: 73.05502962396068
Sketch 1 (cm: eps0: 4e-05, del0: 0.02, min_mem: 265.4609375)
Device cpu_1:
cores_sketch: 2.0, cores_dpdk: 5.0
Rows total: 3.491058810328974
Mem total: 926.740877930594

Device p4_1:

Rows total: 0.5089411896710261
Mem total: 135.10400534243593

-----------------------------

Throughput: 88.8800008888 Mpps, ns per packet: 11.251125000000002
Resources: 74.00916177555028
Sketch 1 (cm: eps0: 0.0001, del0: 0.02, min_mem: 106.18359375)
Device cpu_1:
cores_sketch: 1.0, cores_dpdk: 6.0
Rows total: 2.3842396644309836
Mem total: 253.16729688091777

Device p4_1:

Rows total: 1.6157603355690164
Mem total: 171.56723906942415

-----------------------------

Throughput: 93.33333333333333 Mpps, ns per packet: 10.714285714285715
Resources: 64.84733072916667
Sketch 1 (cm: eps0: 0.00023, del0: 0.02, min_mem: 46.16796875)
Device cpu_1:
cores_sketch: -0.0, cores_dpdk: 6.0
Rows total: 0.0
Mem total: 0.0

Device p4_1:

Rows total: 4.0
Mem total: 184.671875

-----------------------------

Throughput: 66.66000066660001 Mpps, ns per packet: 15.0015
Resources: 145.45524122697094
Sketch 1 (cm: eps0: 1e-05, del0: 0.02, min_mem: 1061.83203125)
Sketch 2 (cm: eps0: 2.0000000000000003e-06, del0: 0.02, min_mem: 5309.14453125)
Sketch 3 (cm: eps0: 0.001, del0: 0.01, min_mem: 10.62109375)
Device cpu_1:
cores_sketch: 4.0, cores_dpdk: 3.0
Rows total: 3.1183120850230566
Mem total: 16553.800350780333

Device cpu_2:
cores_sketch: 4.0, cores_dpdk: 3.0
Rows total: 4.907117082017505
Mem total: 8930.375984786788

Device p4_1:

Rows total: 0.0
Mem total: 0.0

Device p4_2:

Rows total: 4.974570832959438
Mem total: 52.835383182877784

-----------------------------

Throughput: 66.66000066659998 Mpps, ns per packet: 15.001500000000004
Resources: 132.80921859029928
Sketch 1 (cm: eps0: 4e-05, del0: 0.02, min_mem: 265.4609375)
Sketch 2 (cm: eps0: 2.0000000000000003e-06, del0: 0.02, min_mem: 5309.14453125)
Sketch 3 (cm: eps0: 0.001, del0: 0.01, min_mem: 10.62109375)
Device cpu_1:
cores_sketch: 2.9999999928515924, cores_dpdk: 3.0
Rows total: 4.00274274894774
Mem total: 7859.964526221414

Device cpu_2:
cores_sketch: 2.999999988931285, cores_dpdk: 3.0
Rows total: 2.652295974327658
Mem total: 14081.422667358076

Device p4_1:

Rows total: 0.6978754467599477
Mem total: 185.25867035512704

Device p4_2:

Rows total: 5.647085829964648
Mem total: 224.88147981538106

-----------------------------

Throughput: 76.18285790468599 Mpps, ns per packet: 13.126312499999953
Resources: 143.00695830305827
Sketch 1 (cm: eps0: 0.0001, del0: 0.02, min_mem: 106.18359375)
Sketch 2 (cm: eps0: 2.0000000000000003e-06, del0: 0.02, min_mem: 5309.14453125)
Sketch 3 (cm: eps0: 0.001, del0: 0.01, min_mem: 10.62109375)
Device cpu_1:
cores_sketch: 2.000000000001017, cores_dpdk: 4.0
Rows total: 1.9437046701694518
Mem total: 10319.40901999523

Device cpu_2:
cores_sketch: 3.0, cores_dpdk: 4.0
Rows total: 2.7873082509413276
Mem total: 10994.790684045998

Device p4_1:

Rows total: 1.7213412405312667
Mem total: 182.77819898969307

Device p4_2:

Rows total: 6.547645838357955
Mem total: 217.4400657190792

-----------------------------

Throughput: 76.18285790468572 Mpps, ns per packet: 13.126312500000001
Resources: 138.90475116094248
Sketch 1 (cm: eps0: 0.00023, del0: 0.02, min_mem: 46.16796875)
Sketch 2 (cm: eps0: 2.0000000000000003e-06, del0: 0.02, min_mem: 5309.14453125)
Sketch 3 (cm: eps0: 0.001, del0: 0.01, min_mem: 10.62109375)
Device cpu_1:
cores_sketch: 3.0, cores_dpdk: 4.0
Rows total: 2.79522874330531
Mem total: 10951.284144158371

Device cpu_2:
cores_sketch: 2.0000000000000058, cores_dpdk: 4.0
Rows total: 1.9437046731312804
Mem total: 10319.409035720006

Device p4_1:

Rows total: 0.0
Mem total: 0.0

Device p4_2:

Rows total: 8.261066583563409
Mem total: 203.66228887162472

-----------------------------

Throughput: 76.18285790468587 Mpps, ns per packet: 13.126312499999974
Resources: 70.51847267150879
Sketch 1 (cm: eps0: 1e-05, del0: 0.02, min_mem: 1061.83203125)
Device cpu_1:
cores_sketch: 3.0, cores_dpdk: 4.0
Rows total: 4.0
Mem total: 4247.328125

Device p4_1:

Rows total: 0.0
Mem total: 0.0

-----------------------------

Throughput: 83.32500083325016 Mpps, ns per packet: 12.00119999999998
Resources: 73.05502962396068
Sketch 1 (cm: eps0: 4e-05, del0: 0.02, min_mem: 265.4609375)
Device cpu_1:
cores_sketch: 2.0, cores_dpdk: 5.0
Rows total: 3.491058810328974
Mem total: 926.740877930594

Device p4_1:

Rows total: 0.5089411896710261
Mem total: 135.10400534243593

-----------------------------

Throughput: 88.8800008888 Mpps, ns per packet: 11.251125000000002
Resources: 74.00916177555028
Sketch 1 (cm: eps0: 0.0001, del0: 0.02, min_mem: 106.18359375)
Device cpu_1:
cores_sketch: 1.0, cores_dpdk: 6.0
Rows total: 2.3842396644309836
Mem total: 253.16729688091777

Device p4_1:

Rows total: 1.6157603355690164
Mem total: 171.56723906942415

-----------------------------

Throughput: 93.33333333333333 Mpps, ns per packet: 10.714285714285715
Resources: 64.84733072916667
Sketch 1 (cm: eps0: 0.00023, del0: 0.02, min_mem: 46.16796875)
Device cpu_1:
cores_sketch: -0.0, cores_dpdk: 6.0
Rows total: 0.0
Mem total: 0.0

Device p4_1:

Rows total: 4.0
Mem total: 184.671875

