Using license file /home/anup/gurobi.lic
Academic license - for non-commercial use only

--------------------------------------------------
Model update took: 5.888938903808594e-05 seconds
Model optimize took: 0.0033805370330810547 seconds
--------------------------------------------------

VARIABLES ------------------------------
Objective: 8.558148395833332
frac[0,0] 0
frac[0,1] 0.335768
frac[0,2] 0
frac[1,0] 0
frac[1,1] 0.335768
frac[1,2] 0
frac[2,0] 1
frac[2,1] 0.328464
frac[2,2] 1
frac[3,0] 0
frac[3,1] 0.128464
frac[3,2] 0.5
mem[0,0] 0
mem[0,1] 8.55815
mem[0,2] 0
mem[1,0] 0
mem[1,1] 8.55815
mem[1,2] 0
mem[2,0] 0.105469
mem[2,1] 8.37198
mem[2,2] 0.078125
mem[3,0] 8.88178e-16
mem[3,1] 3.27433
mem[3,2] 0.0390625
mem_tot_cpu_1 8.55815
rows_tot_cpu_1 1.0073
mem_tot_cpu_2 8.55815
rows_tot_cpu_2 1.0073
mem_tot_p4_1 8.55558
rows_tot_p4_1 7.98539
mem_tot_p4_2 3.31339
rows_tot_p4_2 2.38539
max_mem 8.55815
tot_mem 28.9853
--------------------------------------------------

Sketch (0) (cm: eps0: 0.3125, del0: 0.05, min_mem: 0.03515625)
Par: 1, Rows: 3
0.000    0.000    1.000    0.000    
Total frac: 1.000

Sketch (1) (cm: eps0: 0.00125, del0: 0.05, min_mem: 8.49609375)
Par: 1, Rows: 3
0.336    0.336    0.328    0.128    
Total frac: 1.128

Sketch (2) (cm: eps0: 0.625, del0: 0.025, min_mem: 0.01953125)
Par: 1, Rows: 4
0.000    0.000    1.000    0.500    
Total frac: 1.500

Device (0) cpu_1:
Rows total: 1.0073039031417623
Mem total: 8.558148395833332

Device (1) cpu_2:
Rows total: 1.0073039031417623
Mem total: 8.558148395833332

Device (2) p4_1:
Rows total: 7.985392193716475
Mem total: 8.555578208333337

Device (3) p4_2:
Rows total: 2.385392193716476
Mem total: 3.3133907083333414

Flow 0:
queries: [(1, 1), (2, 1)]
path: (0, 2, 1)
Flow 1:
queries: [(2, 0.9), (0, 1)]
path: (0, 2)
Flow 2:
queries: [(1, 0.8), (2, 0.5)]
path: (0, 3, 1)
--------------------------------------------------

VARIABLES ------------------------------
Objective: 10.714285714285715
frac[0,0] 0
frac[0,1] 0.335768
frac[0,2] 0
frac[1,0] 0
frac[1,1] 0.335768
frac[1,2] 0
frac[2,0] 1
frac[2,1] 0.328464
frac[2,2] 1
frac[3,0] 0
frac[3,1] 0.128464
frac[3,2] 0.5
mem[0,0] 0
mem[0,1] 8.55815
mem[0,2] 0
mem[1,0] 0
mem[1,1] 8.55815
mem[1,2] 0
mem[2,0] 0.105469
mem[2,1] 8.37198
mem[2,2] 0.078125
mem[3,0] 0
mem[3,1] 3.27433
mem[3,2] 0.0390625
mem_tot_cpu_1 8.55815
rows_tot_cpu_1 1.0073
mem_tot_cpu_2 8.55815
rows_tot_cpu_2 1.0073
mem_tot_p4_1 8.55558
rows_tot_p4_1 7.98539
mem_tot_p4_2 3.31339
rows_tot_p4_2 2.38539
max_mem 8.55815
tot_mem 28.9853
m_access_time_cpu_1 0.532854
ns_single_cpu_1 4.06231
pdt_m_rows_cpu_1 0.536746
cores_sketch_cpu_1 1
cores_dpdk_cpu_1 6
ns_sketch_cpu_1 4.06231
ns_dpdk_cpu_1 10.7143
ns_cpu_1 10.7143
pdt_nsk_c_cpu_1 4.06231
pdt_nsc_dpdk_cpu_1 64.2857
m_access_time_cpu_2 0.532854
ns_single_cpu_2 4.06231
pdt_m_rows_cpu_2 0.536746
cores_sketch_cpu_2 1
cores_dpdk_cpu_2 6
ns_sketch_cpu_2 4.06231
ns_dpdk_cpu_2 10.7143
ns_cpu_2 10.7143
pdt_nsk_c_cpu_2 4.06231
pdt_nsc_dpdk_cpu_2 64.2857
ns_p4_1 6.75676
ns_p4_2 6.75676
ns 10.7143
ns 142.842
--------------------------------------------------

Throughput: 93.33333333333333 Mpps, ns per packet: 10.714285714285715
Resources: 142.84205567432033

Sketch (0) (cm: eps0: 0.3125, del0: 0.05, min_mem: 0.03515625)
Par: 1, Rows: 3
0.000    0.000    1.000    0.000    
Total frac: 1.000

Sketch (1) (cm: eps0: 0.00125, del0: 0.05, min_mem: 8.49609375)
Par: 1, Rows: 3
0.336    0.336    0.328    0.128    
Total frac: 1.128

Sketch (2) (cm: eps0: 0.625, del0: 0.025, min_mem: 0.01953125)
Par: 1, Rows: 4
0.000    0.000    1.000    0.500    
Total frac: 1.500

Device (0) cpu_1:
cores_sketch: 1.0, cores_dpdk: 6.0
Rows total: 1.0073039031417623
Mem total: 8.558148395833332
Throughput: 93.33333333333333

Device (1) cpu_2:
cores_sketch: 1.0, cores_dpdk: 6.0
Rows total: 1.0073039031417623
Mem total: 8.558148395833332
Throughput: 93.33333333333333

Device (2) p4_1:
Rows total: 7.985392193716475
Mem total: 8.555578208333337
Throughput: 148.0

Device (3) p4_2:
Rows total: 2.385392193716476
Mem total: 3.3133907083333405
Throughput: 148.0

Flow 0:
queries: [(1, 1), (2, 1)]
path: (0, 2, 1)
Flow 1:
queries: [(2, 0.9), (0, 1)]
path: (0, 2)
Flow 2:
queries: [(1, 0.8), (2, 0.5)]
path: (0, 3, 1)
--------------------------------------------------
