Using license file /home/anup/gurobi.lic
Academic license - for non-commercial use only
Changed value of parameter NonConvex to 2
   Prev: -1  Min: -1  Max: 2  Default: -1
Parameter NonConvex unchanged
   Value: 2  Min: -1  Max: 2  Default: -1
Parameter NonConvex unchanged
   Value: 2  Min: -1  Max: 2  Default: -1
Parameter NonConvex unchanged
   Value: 2  Min: -1  Max: 2  Default: -1
Parameter NonConvex unchanged
   Value: 2  Min: -1  Max: 2  Default: -1
Parameter NonConvex unchanged
   Value: 2  Min: -1  Max: 2  Default: -1
Parameter NonConvex unchanged
   Value: 2  Min: -1  Max: 2  Default: -1
Parameter NonConvex unchanged
   Value: 2  Min: -1  Max: 2  Default: -1

Gurobi Optimizer version 9.0.0 build v9.0.0rc2 (linux64)
Optimize a model with 1685 rows, 2519 columns and 7339 nonzeros
Model fingerprint: 0x388c2cbe
Model has 24 quadratic constraints
Model has 17 general constraints
Variable types: 1303 continuous, 1216 integer (1200 binary)
Coefficient statistics:
  Matrix range     [1e-04, 1e+01]
  QMatrix range    [1e+00, 1e+00]
  QLMatrix range   [1e+00, 1e+00]
  Objective range  [1e+00, 1e+00]
  Bounds range     [1e+00, 3e+04]
  RHS range        [7e-01, 5e+01]

---------------------------------------------------------------------------
Multi-objectives: starting optimization with 2 objectives ... 
---------------------------------------------------------------------------

Multi-objectives: applying initial presolve ...
---------------------------------------------------------------------------

Presolve added 0 rows and 58 columns
Presolve removed 24 rows and 0 columns
Presolve time: 0.01s
Presolved: 1757 rows and 2578 columns
---------------------------------------------------------------------------

Multi-objectives: optimize objective 1 (ns) ...
---------------------------------------------------------------------------

Presolve removed 1184 rows and 1375 columns
Presolve time: 0.01s
Presolved: 669 rows, 1204 columns, 4003 nonzeros
Presolved model has 24 SOS constraint(s)
Presolved model has 24 bilinear constraint(s)
Variable types: 130 continuous, 1074 integer (1042 binary)

Root relaxation: objective 1.020408e+01, 689 iterations, 0.01 seconds

    Nodes    |    Current Node    |     Objective Bounds      |     Work
 Expl Unexpl |  Obj  Depth IntInf | Incumbent    BestBd   Gap | It/Node Time

     0     0   10.20408    0   18          -   10.20408      -     -    0s
     0     0   10.20408    0   68          -   10.20408      -     -    0s
     0     0   10.20408    0   32          -   10.20408      -     -    0s
     0     0   10.20408    0   16          -   10.20408      -     -    0s
     0     0   10.20408    0   32          -   10.20408      -     -    0s
     0     0   10.20408    0   29          -   10.20408      -     -    0s
     0     0   10.20408    0   29          -   10.20408      -     -    0s
     0     2   10.20408    0   27          -   10.20408      -     -    0s
H  810   873                      48.1307040   10.20408  78.8%  13.2    0s
* 1038  1001             191      18.0490140   10.20408  43.5%  13.6    0s
H 1165   817                      16.0435680   10.20408  36.4%  13.2    0s
  2731  1357   14.28571   79   21   16.04357   11.42857  28.8%  26.8    5s
* 3092  1105             158      14.2857143   11.42857  20.0%  25.5    5s
H 3685   595                      12.5000000   11.42857  8.57%  24.1    5s

Cutting planes:
  Gomory: 9
  Cover: 4
  Implied bound: 2
  Projected implied bound: 2
  Clique: 1
  MIR: 15
  Flow cover: 5
  Zero half: 1
  RLT: 40
  Relax-and-lift: 3

Explored 4279 nodes (100787 simplex iterations) in 5.78 seconds
Thread count was 8 (of 8 available processors)

Solution count 6: 12.5 14.2857 16.0436 ... 48.1307

Optimal solution found (tolerance 1.00e-04)
Best objective 1.250000000000e+01, best bound 1.250000000000e+01, gap 0.0000%
---------------------------------------------------------------------------

Multi-objectives: optimize objective 2 (res) ...
---------------------------------------------------------------------------


Loaded user MIP start with objective 728.031

Presolve removed 1185 rows and 1376 columns
Presolve time: 0.02s
Presolved: 669 rows, 1202 columns, 4018 nonzeros
Presolved model has 24 bilinear constraint(s)
Found heuristic solution: objective 655.9257812
Variable types: 129 continuous, 1073 integer (1034 binary)

Root simplex log...

Iteration    Objective       Primal Inf.    Dual Inf.      Time
       0    1.8317964e+02   3.908857e+02   0.000000e+00      6s
     945    5.5189151e+02   0.000000e+00   0.000000e+00      6s

Root relaxation: objective 5.518915e+02, 945 iterations, 0.01 seconds

    Nodes    |    Current Node    |     Objective Bounds      |     Work
 Expl Unexpl |  Obj  Depth IntInf | Incumbent    BestBd   Gap | It/Node Time

     0     0  551.89151    0   41  655.92578  551.89151  15.9%     -    5s
     0     0  552.33129    0   88  655.92578  552.33129  15.8%     -    5s
     0     0  554.99602    0   88  655.92578  554.99602  15.4%     -    5s
     0     0  554.99602    0   75  655.92578  554.99602  15.4%     -    5s
     0     0  565.93607    0   74  655.92578  565.93607  13.7%     -    5s
     0     0  569.62962    0   55  655.92578  569.62962  13.2%     -    5s
     0     0  585.90511    0   38  655.92578  585.90511  10.7%     -    5s
     0     0  585.90511    0   33  655.92578  585.90511  10.7%     -    6s
     0     0  585.90511    0   30  655.92578  585.90511  10.7%     -    6s
     0     0  585.90511    0    3  655.92578  585.90511  10.7%     -    6s
H    0     0                     585.9051099  585.90511  0.00%     -    6s
     0     0  585.90511    0    3  585.90511  585.90511  0.00%     -    6s

Cutting planes:
  Cover: 6
  Clique: 2
  MIR: 42
  Flow cover: 3
  Zero half: 2
  RLT: 11
  Relax-and-lift: 9

Explored 1 nodes (3022 simplex iterations) in 6.04 seconds
Thread count was 8 (of 8 available processors)

Solution count 3: 585.905 655.926 728.031 

Optimal solution found (tolerance 1.00e-04)
Best objective 5.859051098824e+02, best bound 5.859051098824e+02, gap 0.0000%

---------------------------------------------------------------------------
Multi-objectives: solved in 6.04 seconds, solution count 8

--------------------------------------------------
Model update took: 0.00010943412780761719 seconds
Model optimize took: 6.044567584991455 seconds
--------------------------------------------------

Solution quality statistics for model netmon :
  Maximum violation:
    Bound       : 0.00000000e+00
    Constraint  : 3.55271368e-15 (ns_dpdk_cpu1)
    Integrality : 0.00000000e+00

Throughput: 80.0 Mpps, ns per packet: 12.5
Resources: 585.9051098823547

Sketch (0) (cm: eps0: 0.00625, del0: 0.05, min_mem: 1.69921875)
Par: 1, Rows: 3
0.000    -0.000    -0.000    -0.000    0.000    -0.000    -0.000    -0.000    0.000    1.000    -0.000    -0.000    -0.000    -0.000    1.000    
Total frac: 2.000

Sketch (1) (cm: eps0: 0.00625, del0: 0.05, min_mem: 1.69921875)
Par: 1, Rows: 3
-0.000    -0.000    -0.000    0.000    -0.000    -0.000    -0.000    -0.000    -0.000    1.000    -0.000    1.000    -0.000    -0.000    -0.000    
Total frac: 2.000

Sketch (2) (cm: eps0: 0.00625, del0: 0.05, min_mem: 1.69921875)
Par: 1, Rows: 3
-0.000    -0.000    -0.000    1.000    -0.000    -0.000    0.000    1.000    0.000    0.000    1.000    -0.000    -0.000    -0.000    -0.000    
Total frac: 3.000

Sketch (3) (cm: eps0: 0.00625, del0: 0.05, min_mem: 1.69921875)
Par: 1, Rows: 3
-0.000    -0.000    -0.000    0.000    -0.000    -0.000    -0.000    0.000    1.000    1.000    -0.000    -0.000    -0.000    -0.000    -0.000    
Total frac: 2.000

Sketch (4) (cm: eps0: 0.00625, del0: 0.05, min_mem: 1.69921875)
Par: 1, Rows: 3
-0.000    -0.000    -0.000    -0.000    -0.000    -0.000    -0.000    -0.000    -0.000    -0.000    -0.000    -0.000    1.000    1.000    -0.000    
Total frac: 2.000

Sketch (5) (cm: eps0: 0.00625, del0: 0.05, min_mem: 1.69921875)
Par: 1, Rows: 3
-0.000    -0.000    0.000    -0.000    -0.000    -0.000    0.000    -0.000    -0.000    -0.000    -0.000    -0.000    1.000    -0.000    -0.000    
Total frac: 1.000

Sketch (6) (cm: eps0: 0.00625, del0: 0.05, min_mem: 1.69921875)
Par: 1, Rows: 3
-0.000    -0.000    -0.000    -0.000    -0.000    -0.000    0.000    -0.000    0.000    1.000    -0.000    1.000    -0.000    -0.000    -0.000    
Total frac: 2.000

Sketch (7) (cm: eps0: 0.00625, del0: 0.05, min_mem: 1.69921875)
Par: 1, Rows: 3
0.000    -0.000    -0.000    0.000    -0.000    0.000    -0.000    -0.000    0.000    -0.000    -0.000    -0.000    1.000    -0.000    -0.000    
Total frac: 1.000

Sketch (8) (cm: eps0: 0.00625, del0: 0.05, min_mem: 1.69921875)
Par: 1, Rows: 3
-0.000    -0.000    -0.000    -0.000    -0.000    0.000    -0.000    -0.000    -0.000    -0.000    -0.000    -0.000    -0.000    1.000    -0.000    
Total frac: 1.000

Sketch (9) (cm: eps0: 0.00625, del0: 0.05, min_mem: 1.69921875)
Par: 1, Rows: 3
-0.000    0.000    0.000    0.000    -0.000    0.000    -0.000    -0.000    -0.000    -0.000    -0.000    -0.000    1.000    -0.000    -0.000    
Total frac: 1.000

Sketch (10) (cm: eps0: 0.00625, del0: 0.05, min_mem: 1.69921875)
Par: 1, Rows: 3
-0.000    0.000    -0.000    -0.000    -0.000    -0.000    0.000    -0.000    -0.000    -0.000    -0.000    -0.000    1.000    0.000    -0.000    
Total frac: 1.000

Sketch (11) (cm: eps0: 0.00625, del0: 0.05, min_mem: 1.69921875)
Par: 1, Rows: 3
1.000    0.000    0.000    -0.000    -0.000    -0.000    0.000    0.000    0.000    -0.000    1.000    0.000    -0.000    -0.000    -0.000    
Total frac: 2.000

Sketch (12) (cm: eps0: 0.00625, del0: 0.05, min_mem: 1.69921875)
Par: 1, Rows: 3
-0.000    -0.000    -0.000    -0.000    -0.000    -0.000    -0.000    0.000    1.000    -0.000    -0.000    0.000    -0.000    1.000    -0.000    
Total frac: 2.000

Sketch (13) (cm: eps0: 0.00625, del0: 0.05, min_mem: 1.69921875)
Par: 1, Rows: 3
-0.000    -0.000    -0.000    -0.000    -0.000    -0.000    -0.000    -0.000    -0.000    -0.000    -0.000    -0.000    1.000    -0.000    -0.000    
Total frac: 1.000

Sketch (14) (cm: eps0: 0.00625, del0: 0.05, min_mem: 1.69921875)
Par: 1, Rows: 3
0.000    0.000    -0.000    0.000    0.000    0.000    -0.000    -0.000    0.000    1.000    0.000    -0.000    -0.000    -0.000    -0.000    
Total frac: 1.000

Sketch (15) (cm: eps0: 0.00625, del0: 0.05, min_mem: 1.69921875)
Par: 1, Rows: 3
-0.000    -0.000    -0.000    -0.000    -0.000    -0.000    1.000    0.000    0.000    -0.000    -0.000    0.000    1.000    -0.000    -0.000    
Total frac: 2.000

Sketch (16) (cm: eps0: 0.00625, del0: 0.05, min_mem: 1.69921875)
Par: 1, Rows: 3
0.000    -0.000    0.000    -0.000    0.000    -0.000    -0.000    -0.000    0.000    -0.000    -0.000    1.000    -0.000    -0.000    1.000    
Total frac: 2.000

Sketch (17) (cm: eps0: 0.00625, del0: 0.05, min_mem: 1.69921875)
Par: 1, Rows: 3
-0.000    0.000    -0.000    0.000    1.000    -0.000    -0.000    0.000    -0.000    -0.000    -0.000    -0.000    -0.000    -0.000    1.000    
Total frac: 2.000

Sketch (18) (cm: eps0: 0.00625, del0: 0.05, min_mem: 1.69921875)
Par: 1, Rows: 3
-0.000    0.000    -0.000    0.000    0.000    0.000    0.000    0.000    0.000    1.000    0.000    0.000    0.000    0.000    0.000    
Total frac: 1.000

Sketch (19) (cm: eps0: 0.00625, del0: 0.05, min_mem: 1.69921875)
Par: 1, Rows: 3
0.000    1.000    -0.000    0.000    -0.000    -0.000    -0.000    -0.000    0.000    -0.000    1.000    -0.000    -0.000    -0.000    -0.000    
Total frac: 2.000

Sketch (20) (cm: eps0: 0.00625, del0: 0.05, min_mem: 1.69921875)
Par: 1, Rows: 3
0.000    0.000    -0.000    -0.000    1.000    0.000    -0.000    0.000    0.000    1.000    -0.000    1.000    -0.000    -0.000    -0.000    
Total frac: 3.000

Sketch (21) (cm: eps0: 0.00625, del0: 0.05, min_mem: 1.69921875)
Par: 1, Rows: 3
-0.000    -0.000    -0.000    0.000    -0.000    -0.000    -0.000    -0.000    0.000    -0.000    1.000    -0.000    1.000    -0.000    -0.000    
Total frac: 2.000

Sketch (22) (cm: eps0: 0.00625, del0: 0.05, min_mem: 1.69921875)
Par: 1, Rows: 3
-0.000    -0.000    -0.000    -0.000    -0.000    -0.000    -0.000    -0.000    1.000    1.000    -0.000    1.000    -0.000    -0.000    -0.000    
Total frac: 3.000

Sketch (23) (cm: eps0: 0.00625, del0: 0.05, min_mem: 1.69921875)
Par: 1, Rows: 3
0.000    -0.000    -0.000    -0.000    -0.000    -0.000    -0.000    -0.000    0.000    -0.000    1.000    -0.000    1.000    -0.000    -0.000    
Total frac: 2.000

Sketch (24) (cm: eps0: 0.00625, del0: 0.05, min_mem: 1.69921875)
Par: 1, Rows: 3
-0.000    -0.000    -0.000    -0.000    -0.000    0.000    -0.000    0.000    0.000    1.000    -0.000    1.000    -0.000    -0.000    0.000    
Total frac: 2.000

Sketch (25) (cm: eps0: 0.00625, del0: 0.05, min_mem: 1.69921875)
Par: 1, Rows: 3
0.000    -0.000    0.000    0.000    -0.000    -0.000    -0.000    -0.000    -0.000    0.000    -0.000    -0.000    -0.000    1.000    -0.000    
Total frac: 1.000

Sketch (26) (cm: eps0: 0.00625, del0: 0.05, min_mem: 1.69921875)
Par: 1, Rows: 3
-0.000    0.000    -0.000    0.000    -0.000    0.000    0.000    0.000    0.000    -0.000    -0.000    0.000    1.000    -0.000    -0.000    
Total frac: 1.000

Sketch (27) (cm: eps0: 0.00625, del0: 0.05, min_mem: 1.69921875)
Par: 1, Rows: 3
0.000    -0.000    -0.000    0.000    -0.000    0.000    0.000    0.000    1.000    -0.000    -0.000    0.000    0.000    -0.000    -0.000    
Total frac: 1.000

Sketch (28) (cm: eps0: 0.00625, del0: 0.05, min_mem: 1.69921875)
Par: 1, Rows: 3
1.000    -0.000    -0.000    0.000    -0.000    0.000    0.000    1.000    0.000    -0.000    -0.000    -0.000    -0.000    0.000    -0.000    
Total frac: 2.000

Sketch (29) (cm: eps0: 0.00625, del0: 0.05, min_mem: 1.69921875)
Par: 1, Rows: 3
-0.000    -0.000    -0.000    0.000    1.000    0.000    -0.000    -0.000    1.000    -0.000    -0.000    -0.000    -0.000    0.000    -0.000    
Total frac: 2.000

Sketch (30) (cm: eps0: 0.00625, del0: 0.05, min_mem: 1.69921875)
Par: 1, Rows: 3
-0.000    -0.000    0.000    0.000    -0.000    -0.000    -0.000    0.000    -0.000    -0.000    -0.000    -0.000    -0.000    1.000    -0.000    
Total frac: 1.000

Sketch (31) (cm: eps0: 0.00625, del0: 0.05, min_mem: 1.69921875)
Par: 1, Rows: 3
0.000    0.000    0.000    0.000    0.000    -0.000    1.000    -0.000    0.000    0.000    -0.000    0.000    0.000    -0.000    0.000    
Total frac: 1.000

Sketch (32) (cm: eps0: 0.00625, del0: 0.05, min_mem: 1.69921875)
Par: 1, Rows: 3
-0.000    0.000    -0.000    -0.000    0.000    -0.000    0.000    -0.000    1.000    -0.000    -0.000    1.000    -0.000    -0.000    -0.000    
Total frac: 2.000

Sketch (33) (cm: eps0: 0.00625, del0: 0.05, min_mem: 1.69921875)
Par: 1, Rows: 3
-0.000    -0.000    0.000    0.000    -0.000    -0.000    -0.000    -0.000    0.000    0.000    -0.000    -0.000    -0.000    1.000    -0.000    
Total frac: 1.000

Sketch (34) (cm: eps0: 0.00625, del0: 0.05, min_mem: 1.69921875)
Par: 1, Rows: 3
-0.000    -0.000    -0.000    -0.000    0.000    0.000    -0.000    -0.000    -0.000    -0.000    0.000    -0.000    -0.000    -0.000    1.000    
Total frac: 1.000

Sketch (35) (cm: eps0: 0.00625, del0: 0.05, min_mem: 1.69921875)
Par: 1, Rows: 3
0.000    -0.000    0.000    -0.000    -0.000    0.000    -0.000    -0.000    0.000    -0.000    -0.000    1.000    1.000    -0.000    -0.000    
Total frac: 2.000

Sketch (36) (cm: eps0: 0.00625, del0: 0.05, min_mem: 1.69921875)
Par: 1, Rows: 3
0.000    -0.000    -0.000    -0.000    -0.000    -0.000    0.000    -0.000    -0.000    1.000    1.000    0.000    -0.000    -0.000    -0.000    
Total frac: 2.000

Sketch (37) (cm: eps0: 0.00625, del0: 0.05, min_mem: 1.69921875)
Par: 1, Rows: 3
-0.000    -0.000    1.000    0.000    -0.000    -0.000    0.000    -0.000    1.000    0.000    1.000    0.000    -0.000    -0.000    -0.000    
Total frac: 3.000

Sketch (38) (cm: eps0: 0.00625, del0: 0.05, min_mem: 1.69921875)
Par: 1, Rows: 3
-0.000    -0.000    -0.000    -0.000    -0.000    -0.000    -0.000    -0.000    1.000    0.000    -0.000    -0.000    -0.000    1.000    -0.000    
Total frac: 2.000

Sketch (39) (cm: eps0: 0.00625, del0: 0.05, min_mem: 1.69921875)
Par: 1, Rows: 3
-0.000    -0.000    0.000    -0.000    0.000    0.000    -0.000    -0.000    0.000    0.000    0.000    1.000    -0.000    -0.000    -0.000    
Total frac: 1.000

Sketch (40) (cm: eps0: 0.00625, del0: 0.05, min_mem: 1.69921875)
Par: 1, Rows: 3
-0.000    -0.000    -0.000    0.000    -0.000    0.000    -0.000    0.000    1.000    -0.000    1.000    -0.000    0.000    -0.000    -0.000    
Total frac: 2.000

Sketch (41) (cm: eps0: 0.00625, del0: 0.05, min_mem: 1.69921875)
Par: 1, Rows: 3
-0.000    0.000    -0.000    -0.000    -0.000    0.000    -0.000    0.000    -0.000    -0.000    -0.000    0.000    -0.000    1.000    -0.000    
Total frac: 1.000

Sketch (42) (cm: eps0: 0.00625, del0: 0.05, min_mem: 1.69921875)
Par: 1, Rows: 3
0.000    -0.000    0.000    0.000    -0.000    -0.000    0.000    -0.000    0.000    0.000    1.000    -0.000    -0.000    -0.000    -0.000    
Total frac: 1.000

Sketch (43) (cm: eps0: 0.00625, del0: 0.05, min_mem: 1.69921875)
Par: 1, Rows: 3
-0.000    0.000    -0.000    0.000    -0.000    -0.000    -0.000    -0.000    1.000    -0.000    -0.000    -0.000    -0.000    1.000    -0.000    
Total frac: 2.000

Sketch (44) (cm: eps0: 0.00625, del0: 0.05, min_mem: 1.69921875)
Par: 1, Rows: 3
-0.000    -0.000    0.000    -0.000    -0.000    -0.000    -0.000    -0.000    -0.000    1.000    1.000    -0.000    -0.000    0.000    -0.000    
Total frac: 2.000

Sketch (45) (cm: eps0: 0.00625, del0: 0.05, min_mem: 1.69921875)
Par: 1, Rows: 3
0.000    0.000    -0.000    -0.000    -0.000    -0.000    -0.000    -0.000    0.000    -0.000    -0.000    1.000    -0.000    -0.000    1.000    
Total frac: 2.000

Sketch (46) (cm: eps0: 0.00625, del0: 0.05, min_mem: 1.69921875)
Par: 1, Rows: 3
-0.000    -0.000    0.000    -0.000    0.000    -0.000    -0.000    0.000    -0.000    -0.000    -0.000    -0.000    -0.000    -0.000    1.000    
Total frac: 1.000

Sketch (47) (cm: eps0: 0.00625, del0: 0.05, min_mem: 1.69921875)
Par: 1, Rows: 3
-0.000    -0.000    -0.000    -0.000    -0.000    -0.000    -0.000    0.000    1.000    -0.000    1.000    0.000    -0.000    -0.000    -0.000    
Total frac: 2.000

Sketch (48) (cm: eps0: 0.00625, del0: 0.05, min_mem: 1.69921875)
Par: 1, Rows: 3
0.000    0.000    -0.000    0.000    -0.000    -0.000    -0.000    0.000    0.000    -0.000    -0.000    -0.000    -0.000    1.000    -0.000    
Total frac: 1.000

Sketch (49) (cm: eps0: 0.00625, del0: 0.05, min_mem: 1.69921875)
Par: 1, Rows: 3
1.000    -0.000    -0.000    0.000    -0.000    -0.000    0.000    -0.000    0.000    1.000    1.000    -0.000    -0.000    -0.000    -0.000    
Total frac: 3.000

Sketch (50) (cm: eps0: 0.00625, del0: 0.05, min_mem: 1.69921875)
Par: 1, Rows: 3
-0.000    -0.000    0.000    -0.000    0.000    0.000    -0.000    -0.000    -0.000    -0.000    0.000    -0.000    -0.000    -0.000    1.000    
Total frac: 1.000

Sketch (51) (cm: eps0: 0.00625, del0: 0.05, min_mem: 1.69921875)
Par: 1, Rows: 3
-0.000    -0.000    0.000    0.000    -0.000    -0.000    -0.000    -0.000    -0.000    0.000    -0.000    1.000    -0.000    0.000    -0.000    
Total frac: 1.000

Sketch (52) (cm: eps0: 0.00625, del0: 0.05, min_mem: 1.69921875)
Par: 1, Rows: 3
0.000    -0.000    -0.000    -0.000    0.000    -0.000    0.000    0.000    1.000    1.000    -0.000    0.000    -0.000    -0.000    -0.000    
Total frac: 2.000

Sketch (53) (cm: eps0: 0.00625, del0: 0.05, min_mem: 1.69921875)
Par: 1, Rows: 3
-0.000    0.000    0.000    -0.000    -0.000    -0.000    -0.000    0.000    -0.000    -0.000    1.000    1.000    -0.000    0.000    0.000    
Total frac: 2.000

Sketch (54) (cm: eps0: 0.00625, del0: 0.05, min_mem: 1.69921875)
Par: 1, Rows: 3
-0.000    -0.000    0.000    0.000    -0.000    -0.000    -0.000    0.000    -0.000    0.000    -0.000    -0.000    -0.000    1.000    -0.000    
Total frac: 1.000

Sketch (55) (cm: eps0: 0.00625, del0: 0.05, min_mem: 1.69921875)
Par: 1, Rows: 3
-0.000    -0.000    -0.000    0.000    -0.000    -0.000    -0.000    -0.000    0.000    1.000    -0.000    -0.000    -0.000    1.000    -0.000    
Total frac: 2.000

Sketch (56) (cm: eps0: 0.00625, del0: 0.05, min_mem: 1.69921875)
Par: 1, Rows: 3
0.000    -0.000    -0.000    -0.000    -0.000    -0.000    0.000    0.000    0.000    -0.000    -0.000    0.000    -0.000    -0.000    1.000    
Total frac: 1.000

Sketch (57) (cm: eps0: 0.00625, del0: 0.05, min_mem: 1.69921875)
Par: 1, Rows: 3
-0.000    0.000    -0.000    0.000    -0.000    -0.000    -0.000    -0.000    -0.000    -0.000    -0.000    -0.000    -0.000    1.000    -0.000    
Total frac: 1.000

Sketch (58) (cm: eps0: 0.00625, del0: 0.05, min_mem: 1.69921875)
Par: 1, Rows: 3
-0.000    0.000    -0.000    0.000    -0.000    -0.000    -0.000    0.000    -0.000    -0.000    -0.000    -0.000    -0.000    0.000    1.000    
Total frac: 1.000

Sketch (59) (cm: eps0: 0.00625, del0: 0.05, min_mem: 1.69921875)
Par: 1, Rows: 3
-0.000    -0.000    0.000    -0.000    -0.000    -0.000    1.000    -0.000    0.000    -0.000    -0.000    -0.000    1.000    0.000    -0.000    
Total frac: 2.000

Sketch (60) (cm: eps0: 0.00625, del0: 0.05, min_mem: 1.69921875)
Par: 1, Rows: 3
0.000    -0.000    -0.000    -0.000    -0.000    0.000    0.000    0.000    0.000    -0.000    -0.000    0.000    1.000    -0.000    -0.000    
Total frac: 1.000

Sketch (61) (cm: eps0: 0.00625, del0: 0.05, min_mem: 1.69921875)
Par: 1, Rows: 3
-0.000    1.000    0.000    -0.000    0.000    -0.000    -0.000    -0.000    0.000    -0.000    -0.000    1.000    -0.000    0.000    -0.000    
Total frac: 2.000

Sketch (62) (cm: eps0: 0.00625, del0: 0.05, min_mem: 1.69921875)
Par: 1, Rows: 3
-0.000    1.000    -0.000    0.000    -0.000    -0.000    -0.000    0.000    0.000    -0.000    -0.000    -0.000    -0.000    1.000    -0.000    
Total frac: 2.000

Sketch (63) (cm: eps0: 0.00625, del0: 0.05, min_mem: 1.69921875)
Par: 1, Rows: 3
0.000    -0.000    -0.000    -0.000    -0.000    -0.000    -0.000    -0.000    1.000    -0.000    -0.000    1.000    -0.000    -0.000    -0.000    
Total frac: 2.000

Sketch (64) (cm: eps0: 0.00625, del0: 0.05, min_mem: 1.69921875)
Par: 1, Rows: 3
0.000    -0.000    -0.000    -0.000    -0.000    0.000    -0.000    -0.000    0.000    -0.000    -0.000    -0.000    -0.000    -0.000    1.000    
Total frac: 1.000

Sketch (65) (cm: eps0: 0.00625, del0: 0.05, min_mem: 1.69921875)
Par: 1, Rows: 3
-0.000    -0.000    -0.000    -0.000    -0.000    0.000    -0.000    0.000    0.000    -0.000    -0.000    -0.000    1.000    -0.000    -0.000    
Total frac: 1.000

Sketch (66) (cm: eps0: 0.00625, del0: 0.05, min_mem: 1.69921875)
Par: 1, Rows: 3
-0.000    -0.000    -0.000    -0.000    0.000    -0.000    -0.000    -0.000    -0.000    -0.000    -0.000    0.000    -0.000    -0.000    1.000    
Total frac: 1.000

Sketch (67) (cm: eps0: 0.00625, del0: 0.05, min_mem: 1.69921875)
Par: 1, Rows: 3
-0.000    -0.000    -0.000    -0.000    0.000    0.000    -0.000    -0.000    -0.000    -0.000    -0.000    -0.000    1.000    -0.000    -0.000    
Total frac: 1.000

Sketch (68) (cm: eps0: 0.00625, del0: 0.05, min_mem: 1.69921875)
Par: 1, Rows: 3
0.000    -0.000    0.000    -0.000    -0.000    0.000    0.000    -0.000    -0.000    -0.000    -0.000    0.000    -0.000    1.000    -0.000    
Total frac: 1.000

Sketch (69) (cm: eps0: 0.00625, del0: 0.05, min_mem: 1.69921875)
Par: 1, Rows: 3
-0.000    0.000    -0.000    -0.000    -0.000    0.000    -0.000    -0.000    -0.000    -0.000    -0.000    -0.000    -0.000    -0.000    1.000    
Total frac: 1.000

Sketch (70) (cm: eps0: 0.00625, del0: 0.05, min_mem: 1.69921875)
Par: 1, Rows: 3
0.000    -0.000    -0.000    0.000    -0.000    -0.000    -0.000    -0.000    -0.000    -0.000    1.000    -0.000    -0.000    -0.000    1.000    
Total frac: 2.000

Sketch (71) (cm: eps0: 0.00625, del0: 0.05, min_mem: 1.69921875)
Par: 1, Rows: 3
0.000    -0.000    0.000    -0.000    -0.000    -0.000    -0.000    -0.000    -0.000    -0.000    1.000    1.000    -0.000    0.000    -0.000    
Total frac: 2.000

Sketch (72) (cm: eps0: 0.00625, del0: 0.05, min_mem: 1.69921875)
Par: 1, Rows: 3
-0.000    0.000    -0.000    0.000    0.000    0.000    -0.000    0.000    1.000    -0.000    0.000    -0.000    -0.000    0.000    -0.000    
Total frac: 1.000

Sketch (73) (cm: eps0: 0.00625, del0: 0.05, min_mem: 1.69921875)
Par: 1, Rows: 3
-0.000    -0.000    -0.000    -0.000    0.000    -0.000    -0.000    0.000    -0.000    -0.000    -0.000    -0.000    1.000    0.000    -0.000    
Total frac: 1.000

Sketch (74) (cm: eps0: 0.00625, del0: 0.05, min_mem: 1.69921875)
Par: 1, Rows: 3
0.000    -0.000    -0.000    0.000    -0.000    -0.000    0.000    0.000    1.000    -0.000    1.000    0.000    -0.000    0.000    0.000    
Total frac: 2.000

Sketch (75) (cm: eps0: 0.00625, del0: 0.05, min_mem: 1.69921875)
Par: 1, Rows: 3
-0.000    0.000    0.000    0.000    -0.000    -0.000    0.000    0.000    0.000    0.000    -0.000    0.000    -0.000    0.000    1.000    
Total frac: 1.000

Sketch (76) (cm: eps0: 0.00625, del0: 0.05, min_mem: 1.69921875)
Par: 1, Rows: 3
-0.000    -0.000    0.000    -0.000    -0.000    -0.000    -0.000    1.000    0.000    1.000    -0.000    0.000    -0.000    1.000    -0.000    
Total frac: 3.000

Sketch (77) (cm: eps0: 0.00625, del0: 0.05, min_mem: 1.69921875)
Par: 1, Rows: 3
-0.000    -0.000    -0.000    0.000    0.000    0.000    0.000    -0.000    1.000    1.000    0.000    0.000    -0.000    -0.000    -0.000    
Total frac: 2.000

Sketch (78) (cm: eps0: 0.00625, del0: 0.05, min_mem: 1.69921875)
Par: 1, Rows: 3
-0.000    0.000    0.000    -0.000    -0.000    0.000    -0.000    -0.000    -0.000    -0.000    -0.000    1.000    -0.000    -0.000    1.000    
Total frac: 2.000

Sketch (79) (cm: eps0: 0.00625, del0: 0.05, min_mem: 1.69921875)
Par: 1, Rows: 3
0.000    -0.000    0.000    0.000    0.000    -0.000    0.000    -0.000    0.000    0.000    -0.000    0.000    -0.000    -0.000    1.000    
Total frac: 1.000

Device (0) cpu1:
cores_sketch: 3.0, cores_dpdk: 4.0
Rows total: 9.0
Mem total: 15.29296875
Throughput: 80.0

Device (1) cpu2:
cores_sketch: 3.0, cores_dpdk: 4.0
Rows total: 9.0
Mem total: 15.29296875
Throughput: 80.0

Device (2) cpu3:
cores_sketch: 1.0, cores_dpdk: 4.0
Rows total: 3.0
Mem total: 5.09765625
Throughput: 80.0

Device (3) cpu4:
cores_sketch: 1.0, cores_dpdk: 4.0
Rows total: 3.0
Mem total: 5.09765625
Throughput: 80.0

Device (4) cpu5:
cores_sketch: 3.0, cores_dpdk: 4.0
Rows total: 9.0
Mem total: 15.29296875
Throughput: 80.0

Device (5) cpu6:
cores_sketch: 0.0, cores_dpdk: 4.0
Rows total: -0.0
Mem total: 0.0
Throughput: 80.0

Device (6) cpu7:
cores_sketch: 3.0, cores_dpdk: 4.0
Rows total: 9.0
Mem total: 15.29296875
Throughput: 80.0

Device (7) cpu8:
cores_sketch: 3.0, cores_dpdk: 4.0
Rows total: 9.0
Mem total: 15.29296875
Throughput: 80.0

Device (8) tor_p41:
Rows total: 48.0
Mem total: 81.5625
Throughput: 148.0

Device (9) tor_p42:
Rows total: 48.0
Mem total: 81.5625
Throughput: 148.0

Device (10) tor_p43:
Rows total: 48.0
Mem total: 81.5625
Throughput: 148.0

Device (11) tor_p44:
Rows total: 48.0
Mem total: 81.5625
Throughput: 148.0

Device (12) l1_p41:
Rows total: 48.0
Mem total: 81.5625
Throughput: 148.0

Device (13) l1_p42:
Rows total: 48.0
Mem total: 81.5625
Throughput: 148.0

Device (14) l2_p4:
Rows total: 48.0
Mem total: 81.5625
Throughput: 148.0
--------------------------------------------------
