Using license file /home/anup/gurobi.lic
Academic license - for non-commercial use only

--------------------------------------------------
Model update took: 4.696846008300781e-05 seconds
Model optimize took: 0.004307746887207031 seconds
--------------------------------------------------

Sketch (0) (cm: eps0: 0.3125, del0: 0.05, min_mem: 0.03515625)
Par: 1, Rows: 3
1.000    0.000    
Total frac: 1.000

Sketch (1) (cm: eps0: 0.00125, del0: 0.05, min_mem: 8.49609375)
Par: 1, Rows: 3
0.000    1.000    
Total frac: 1.000

Sketch (2) (cm: eps0: 0.625, del0: 0.025, min_mem: 0.01953125)
Par: 1, Rows: 4
1.000    0.000    
Total frac: 1.000

Device (0) cpu_1:
Rows total: 7.0
Mem total: 0.18359375

Device (1) p4_1:
Rows total: 3.0
Mem total: 25.48828125
--------------------------------------------------
Changed value of parameter NonConvex to 2
   Prev: -1  Min: -1  Max: 2  Default: -1

Throughput: 79.73163265099956 Mpps, ns per packet: 12.542073537828948
Resources: 61.28102827072145

Sketch (0) (cm: eps0: 0.3125, del0: 0.05, min_mem: 0.03515625)
Par: 1, Rows: 3
1.000    0.000    
Total frac: 1.000

Sketch (1) (cm: eps0: 0.00125, del0: 0.05, min_mem: 8.49609375)
Par: 1, Rows: 3
0.000    1.000    
Total frac: 1.000

Sketch (2) (cm: eps0: 0.625, del0: 0.025, min_mem: 0.01953125)
Par: 1, Rows: 4
1.000    0.000    
Total frac: 1.000

Device (0) cpu_1:
cores_sketch: 2.0000000000000004, cores_dpdk: 4.000000000000001
Rows total: 7.0
Mem total: 0.18359375
Throughput: 79.73163265099956

Device (1) p4_1:
Rows total: 3.0
Mem total: 25.48828125
Throughput: 148.0
--------------------------------------------------
