Using license file /home/anup/gurobi.lic
Academic license - for non-commercial use only
Changed value of parameter NonConvex to 2
   Prev: -1  Min: -1  Max: 2  Default: -1
Parameter NonConvex unchanged
   Value: 2  Min: -1  Max: 2  Default: -1
Parameter NonConvex unchanged
   Value: 2  Min: -1  Max: 2  Default: -1
Parameter NonConvex unchanged
   Value: 2  Min: -1  Max: 2  Default: -1
Parameter NonConvex unchanged
   Value: 2  Min: -1  Max: 2  Default: -1
Parameter NonConvex unchanged
   Value: 2  Min: -1  Max: 2  Default: -1
Parameter NonConvex unchanged
   Value: 2  Min: -1  Max: 2  Default: -1
Parameter NonConvex unchanged
   Value: 2  Min: -1  Max: 2  Default: -1

Gurobi Optimizer version 9.0.0 build v9.0.0rc2 (linux64)
Optimize a model with 1685 rows, 2519 columns and 7267 nonzeros
Model fingerprint: 0x4a928397
Model has 24 quadratic constraints
Model has 17 general constraints
Variable types: 2503 continuous, 16 integer (0 binary)
Coefficient statistics:
  Matrix range     [1e-04, 1e+01]
  QMatrix range    [1e+00, 1e+00]
  QLMatrix range   [1e+00, 1e+00]
  Objective range  [1e+00, 1e+00]
  Bounds range     [1e+00, 3e+04]
  RHS range        [7e-01, 5e+01]

---------------------------------------------------------------------------
Multi-objectives: starting optimization with 2 objectives ... 
---------------------------------------------------------------------------

Multi-objectives: applying initial presolve ...
---------------------------------------------------------------------------

Presolve added 25 rows and 98 columns
Presolve time: 0.01s
Presolved: 1806 rows and 2618 columns
---------------------------------------------------------------------------

Multi-objectives: optimize objective 1 (ns) ...
---------------------------------------------------------------------------

Presolve removed 1226 rows and 1429 columns
Presolve time: 0.01s
Presolved: 676 rows, 1190 columns, 3906 nonzeros
Presolved model has 24 SOS constraint(s)
Presolved model has 24 bilinear constraint(s)
Variable types: 1110 continuous, 80 integer (64 binary)

Root relaxation: objective 1.020408e+01, 639 iterations, 0.01 seconds

    Nodes    |    Current Node    |     Objective Bounds      |     Work
 Expl Unexpl |  Obj  Depth IntInf | Incumbent    BestBd   Gap | It/Node Time

     0     0   10.20408    0   16          -   10.20408      -     -    0s
     0     0   10.20408    0   20          -   10.20408      -     -    0s
     0     0   10.20408    0   12          -   10.20408      -     -    0s
     0     0   10.20408    0   17          -   10.20408      -     -    0s
     0     0   10.20408    0   16          -   10.20408      -     -    0s
     0     0   10.20408    0   18          -   10.20408      -     -    0s
     0     0   10.20408    0   19          -   10.20408      -     -    0s
     0     0   10.20408    0   15          -   10.20408      -     -    0s
     0     0   10.20408    0   15          -   10.20408      -     -    0s
     0     2   10.20408    0   15          -   10.20408      -     -    0s
*  636   314             110      12.5000000   10.20408  18.4%  14.5    0s
* 1762   550              78      12.1294485   11.42857  5.78%  18.4    1s
* 1763   530              78      12.0477717   11.42857  5.14%  18.4    1s
* 1875   475              86      11.6379952   11.42857  1.80%  17.5    1s
H 1975   482                      11.4285714   11.42857  0.00%  16.8    1s

Cutting planes:
  MIR: 1
  Flow cover: 1
  RLT: 35

Explored 2119 nodes (35521 simplex iterations) in 1.64 seconds
Thread count was 8 (of 8 available processors)

Solution count 6: 11.4286 11.638 12.0478 ... 12.5

Optimal solution found (tolerance 1.00e-04)
Best objective 1.142857142857e+01, best bound 1.142857142857e+01, gap 0.0000%
---------------------------------------------------------------------------

Multi-objectives: optimize objective 2 (res) ...
---------------------------------------------------------------------------


Loaded user MIP start with objective 727.073

Presolve removed 1227 rows and 1430 columns
Presolve time: 0.02s
Presolved: 676 rows, 1188 columns, 3961 nonzeros
Presolved model has 24 bilinear constraint(s)
Found heuristic solution: objective 654.8317685
Variable types: 1116 continuous, 72 integer (56 binary)

Root relaxation: objective 6.035164e+02, 863 iterations, 0.01 seconds

    Nodes    |    Current Node    |     Objective Bounds      |     Work
 Expl Unexpl |  Obj  Depth IntInf | Incumbent    BestBd   Gap | It/Node Time

     0     0  603.51642    0   23  654.83177  603.51642  7.84%     -    1s
     0     0  603.51642    0   41  654.83177  603.51642  7.84%     -    1s
     0     0  603.55511    0   42  654.83177  603.55511  7.83%     -    1s
     0     0  603.57772    0   43  654.83177  603.57772  7.83%     -    1s
     0     0  603.67122    0   47  654.83177  603.67122  7.81%     -    1s
     0     0  603.68357    0   43  654.83177  603.68357  7.81%     -    1s
     0     0  603.78354    0   40  654.83177  603.78354  7.80%     -    1s
     0     0  603.89613    0   41  654.83177  603.89613  7.78%     -    1s
     0     0  603.93211    0   41  654.83177  603.93211  7.77%     -    1s
     0     0  603.93953    0   41  654.83177  603.93953  7.77%     -    1s
     0     0  603.95927    0   43  654.83177  603.95927  7.77%     -    1s
     0     0  603.95927    0   43  654.83177  603.95927  7.77%     -    1s
     0     0  604.00712    0   42  654.83177  604.00712  7.76%     -    1s
     0     0  604.00806    0   42  654.83177  604.00806  7.76%     -    1s
     0     0  604.10317    0   43  654.83177  604.10317  7.75%     -    1s
     0     0  604.15336    0   45  654.83177  604.15336  7.74%     -    1s
     0     0  604.31306    0   44  654.83177  604.31306  7.71%     -    1s
     0     0  604.32670    0   43  654.83177  604.32670  7.71%     -    1s
     0     0  604.45331    0   47  654.83177  604.45331  7.69%     -    1s
     0     0  604.45331    0   47  654.83177  604.45331  7.69%     -    1s
     0     0  604.53266    0   44  654.83177  604.53266  7.68%     -    1s
     0     0  604.53892    0   44  654.83177  604.53892  7.68%     -    1s
     0     0  604.61894    0   46  654.83177  604.61894  7.67%     -    1s
     0     0  604.63977    0   46  654.83177  604.63977  7.66%     -    1s
     0     0  604.67990    0   48  654.83177  604.67990  7.66%     -    1s
     0     0  604.68063    0   48  654.83177  604.68063  7.66%     -    1s
     0     0  604.68401    0   48  654.83177  604.68401  7.66%     -    1s
     0     0  604.68401    0   48  654.83177  604.68401  7.66%     -    1s
     0     0  604.68401    0   46  654.83177  604.68401  7.66%     -    1s
     0     2  604.68401    0   46  654.83177  604.68401  7.66%     -    1s
H   33    26                     653.4089873  605.92986  7.27%  19.7    2s
*  835   485              43     634.5026886  608.16443  4.15%  12.3    2s
*  889   473              46     625.3565643  608.16443  2.75%  11.8    2s
* 1537   567              60     625.3564736  608.16443  2.75%  13.4    2s
* 1692   579              60     625.3555567  608.16443  2.75%  13.6    2s
* 2326   649              50     625.3526485  608.16443  2.75%  14.1    3s
* 2329   638              49     625.3526067  608.16443  2.75%  14.1    3s
H 2795   848                     625.3521173  609.10932  2.60%  14.3    3s
H 2844   848                     625.3516505  609.11338  2.60%  14.2    3s
  7870  1341  615.91110   34   13  625.35165  615.69273  1.54%  14.2    5s

Cutting planes:
  Gomory: 1
  MIR: 11
  Flow cover: 13
  RLT: 28
  Relax-and-lift: 2

Explored 14086 nodes (202525 simplex iterations) in 7.05 seconds
Thread count was 8 (of 8 available processors)

Solution count 10: 625.352 625.352 625.353 ... 654.832

Optimal solution found (tolerance 1.00e-04)
Best objective 6.253516504999e+02, best bound 6.253516504999e+02, gap 0.0000%

---------------------------------------------------------------------------
Multi-objectives: solved in 7.05 seconds, solution count 10

--------------------------------------------------
Model update took: 9.34600830078125e-05 seconds
Model optimize took: 7.050313234329224 seconds
--------------------------------------------------

Solution quality statistics for model netmon :
  Maximum violation:
    Bound       : 7.10542736e-15 (mem[9,0])
    Constraint  : 1.42108547e-14 (mem_tot_tor_p42)
    Integrality : 0.00000000e+00

Throughput: 83.32500083325019 Mpps, ns per packet: 12.001199999999974
Resources: 625.3516504999034

Sketch (0) (cm: eps0: 0.00625, del0: 0.05, min_mem: 1.69921875)
Par: 1, Rows: 3
0.000    0.000    0.000    0.000    0.000    0.000    0.000    0.000    0.000    0.000    0.600    0.000    0.800    0.200    0.000    
Total frac: 1.600

Sketch (1) (cm: eps0: 0.00625, del0: 0.05, min_mem: 1.69921875)
Par: 1, Rows: 3
0.000    0.000    0.000    0.000    0.000    0.000    0.000    0.000    0.200    0.100    0.000    0.800    0.700    0.000    0.000    
Total frac: 1.800

Sketch (2) (cm: eps0: 0.00625, del0: 0.05, min_mem: 1.69921875)
Par: 1, Rows: 3
0.000    0.000    0.000    0.000    0.000    0.000    0.000    0.000    0.700    0.000    0.000    0.300    0.300    0.700    0.000    
Total frac: 2.000

Sketch (3) (cm: eps0: 0.00625, del0: 0.05, min_mem: 1.69921875)
Par: 1, Rows: 3
0.000    0.000    0.000    0.000    0.000    0.000    0.000    0.000    0.000    0.700    0.000    0.000    0.000    1.000    0.000    
Total frac: 1.700

Sketch (4) (cm: eps0: 0.00625, del0: 0.05, min_mem: 1.69921875)
Par: 1, Rows: 3
0.000    0.000    0.000    0.000    0.000    0.000    0.000    0.000    0.900    0.000    0.000    0.000    0.100    0.000    0.000    
Total frac: 1.000

Sketch (5) (cm: eps0: 0.00625, del0: 0.05, min_mem: 1.69921875)
Par: 1, Rows: 3
0.000    0.000    0.000    0.000    0.000    0.000    0.000    0.000    0.350    0.350    0.000    0.150    0.000    0.650    0.000    
Total frac: 1.500

Sketch (6) (cm: eps0: 0.00625, del0: 0.05, min_mem: 1.69921875)
Par: 1, Rows: 3
0.000    0.000    0.000    0.000    0.000    0.000    0.000    0.000    0.300    0.000    0.000    0.000    0.000    0.000    0.700    
Total frac: 1.000

Sketch (7) (cm: eps0: 0.00625, del0: 0.05, min_mem: 1.69921875)
Par: 1, Rows: 3
0.000    0.000    0.000    0.000    0.000    0.000    0.000    0.000    0.900    0.000    0.000    0.000    0.000    0.700    0.000    
Total frac: 1.600

Sketch (8) (cm: eps0: 0.00625, del0: 0.05, min_mem: 1.69921875)
Par: 1, Rows: 3
0.000    0.000    0.000    0.000    0.000    0.000    0.000    0.000    0.000    0.000    1.000    0.000    0.000    0.000    0.900    
Total frac: 1.900

Sketch (9) (cm: eps0: 0.00625, del0: 0.05, min_mem: 1.69921875)
Par: 1, Rows: 3
0.000    0.000    0.000    0.000    0.000    0.000    0.000    0.000    0.000    0.000    0.000    1.000    1.000    0.000    0.000    
Total frac: 2.000

Sketch (10) (cm: eps0: 0.00625, del0: 0.05, min_mem: 1.69921875)
Par: 1, Rows: 3
0.000    0.000    0.000    0.000    0.000    0.000    0.000    0.000    1.000    0.000    1.000    0.000    0.000    1.000    0.000    
Total frac: 3.000

Sketch (11) (cm: eps0: 0.00625, del0: 0.05, min_mem: 1.69921875)
Par: 1, Rows: 3
0.000    0.000    0.000    0.000    0.000    0.000    0.000    0.000    0.000    0.000    0.000    0.800    0.000    0.000    1.000    
Total frac: 1.800

Sketch (12) (cm: eps0: 0.00625, del0: 0.05, min_mem: 1.69921875)
Par: 1, Rows: 3
0.000    0.000    0.000    0.000    0.000    0.000    0.000    0.000    0.000    0.000    0.700    0.000    0.800    0.000    0.100    
Total frac: 1.600

Sketch (13) (cm: eps0: 0.00625, del0: 0.05, min_mem: 1.69921875)
Par: 1, Rows: 3
0.000    0.000    0.000    0.000    0.000    0.000    0.000    0.000    0.000    1.000    0.800    0.000    0.000    0.100    0.000    
Total frac: 1.900

Sketch (14) (cm: eps0: 0.00625, del0: 0.05, min_mem: 1.69921875)
Par: 1, Rows: 3
0.000    0.000    -0.000    0.000    0.000    0.000    0.000    0.000    0.700    0.000    0.000    0.000    0.000    0.800    0.200    
Total frac: 1.700

Sketch (15) (cm: eps0: 0.00625, del0: 0.05, min_mem: 1.69921875)
Par: 1, Rows: 3
0.200    0.000    0.000    0.000    0.000    0.000    0.700    0.000    0.000    0.400    0.000    0.000    0.400    0.200    0.000    
Total frac: 1.900

Sketch (16) (cm: eps0: 0.00625, del0: 0.05, min_mem: 1.69921875)
Par: 1, Rows: 3
0.000    0.000    0.000    0.000    0.000    0.000    0.000    0.000    0.000    0.645    0.000    1.000    0.155    0.000    0.200    
Total frac: 2.000

Sketch (17) (cm: eps0: 0.00625, del0: 0.05, min_mem: 1.69921875)
Par: 1, Rows: 3
0.000    0.000    0.000    0.000    0.000    0.000    0.000    0.000    0.000    1.000    0.000    0.000    0.000    0.000    0.000    
Total frac: 1.000

Sketch (18) (cm: eps0: 0.00625, del0: 0.05, min_mem: 1.69921875)
Par: 1, Rows: 3
0.000    0.000    0.000    0.000    0.000    0.000    0.000    0.000    0.700    0.000    0.000    0.900    0.000    0.000    0.000    
Total frac: 1.600

Sketch (19) (cm: eps0: 0.00625, del0: 0.05, min_mem: 1.69921875)
Par: 1, Rows: 3
0.000    0.000    0.000    0.000    0.000    0.000    0.000    0.000    0.000    0.000    0.000    0.700    0.900    0.100    0.000    
Total frac: 1.700

Sketch (20) (cm: eps0: 0.00625, del0: 0.05, min_mem: 1.69921875)
Par: 1, Rows: 3
0.000    0.000    0.000    0.000    0.000    0.000    0.000    0.000    0.000    0.000    0.100    0.000    0.000    0.800    0.000    
Total frac: 0.900

Sketch (21) (cm: eps0: 0.00625, del0: 0.05, min_mem: 1.69921875)
Par: 1, Rows: 3
0.000    0.000    0.000    0.000    0.000    0.000    0.000    0.000    0.000    0.000    1.000    0.000    0.000    0.000    0.000    
Total frac: 1.000

Sketch (22) (cm: eps0: 0.00625, del0: 0.05, min_mem: 1.69921875)
Par: 1, Rows: 3
0.000    0.000    0.000    0.100    0.000    0.000    0.000    0.000    0.000    0.000    0.000    0.000    0.700    0.000    0.100    
Total frac: 0.900

Sketch (23) (cm: eps0: 0.00625, del0: 0.05, min_mem: 1.69921875)
Par: 1, Rows: 3
0.000    0.000    0.000    0.000    0.000    0.000    0.000    0.000    0.000    0.000    0.000    0.700    1.000    0.000    0.000    
Total frac: 1.700

Sketch (24) (cm: eps0: 0.00625, del0: 0.05, min_mem: 1.69921875)
Par: 1, Rows: 3
0.000    0.000    0.000    0.000    0.000    0.000    0.500    0.000    0.000    0.000    0.000    0.300    0.000    0.200    0.500    
Total frac: 1.500

Sketch (25) (cm: eps0: 0.00625, del0: 0.05, min_mem: 1.69921875)
Par: 1, Rows: 3
0.000    0.000    0.000    0.000    0.000    0.000    0.000    0.000    0.000    1.000    0.700    0.300    0.000    0.000    0.400    
Total frac: 2.400

Sketch (26) (cm: eps0: 0.00625, del0: 0.05, min_mem: 1.69921875)
Par: 1, Rows: 3
0.000    0.000    0.000    0.000    0.000    0.000    0.000    0.000    0.000    0.000    0.000    0.000    1.000    0.000    0.000    
Total frac: 1.000

Sketch (27) (cm: eps0: 0.00625, del0: 0.05, min_mem: 1.69921875)
Par: 1, Rows: 3
0.000    0.000    0.000    0.000    0.000    0.000    0.000    0.000    0.900    0.000    0.000    0.000    0.000    0.100    0.000    
Total frac: 1.000

Sketch (28) (cm: eps0: 0.00625, del0: 0.05, min_mem: 1.69921875)
Par: 1, Rows: 3
0.000    0.000    0.000    0.000    0.000    0.000    0.000    0.000    0.900    0.000    0.000    0.000    0.000    0.000    1.000    
Total frac: 1.900

Sketch (29) (cm: eps0: 0.00625, del0: 0.05, min_mem: 1.69921875)
Par: 1, Rows: 3
0.000    0.000    0.000    0.000    0.000    0.000    0.000    0.000    0.900    0.000    0.000    1.000    0.000    0.000    0.000    
Total frac: 1.900

Sketch (30) (cm: eps0: 0.00625, del0: 0.05, min_mem: 1.69921875)
Par: 1, Rows: 3
0.000    0.000    0.000    0.000    0.000    0.000    0.000    0.000    0.900    0.000    0.800    0.000    0.000    0.000    0.000    
Total frac: 1.700

Sketch (31) (cm: eps0: 0.00625, del0: 0.05, min_mem: 1.69921875)
Par: 1, Rows: 3
0.000    0.000    0.000    0.000    0.000    0.300    0.000    0.000    0.000    0.000    0.600    0.000    0.900    0.100    0.000    
Total frac: 1.900

Sketch (32) (cm: eps0: 0.00625, del0: 0.05, min_mem: 1.69921875)
Par: 1, Rows: 3
0.000    0.000    0.000    0.295    0.000    0.000    0.000    0.000    0.000    0.705    0.000    0.118    0.882    0.000    0.000    
Total frac: 2.000

Sketch (33) (cm: eps0: 0.00625, del0: 0.05, min_mem: 1.69921875)
Par: 1, Rows: 3
0.000    0.000    0.000    0.000    0.000    0.000    0.000    0.000    0.000    0.000    0.000    0.900    0.900    0.000    0.000    
Total frac: 1.800

Sketch (34) (cm: eps0: 0.00625, del0: 0.05, min_mem: 1.69921875)
Par: 1, Rows: 3
0.005    0.995    0.000    0.000    0.000    0.000    0.005    0.000    0.000    0.000    1.000    0.995    0.000    0.000    0.000    
Total frac: 3.000

Sketch (35) (cm: eps0: 0.00625, del0: 0.05, min_mem: 1.69921875)
Par: 1, Rows: 3
0.000    0.000    0.000    0.000    0.000    0.000    0.000    0.000    0.000    0.000    0.700    0.300    0.000    0.000    0.600    
Total frac: 1.600

Sketch (36) (cm: eps0: 0.00625, del0: 0.05, min_mem: 1.69921875)
Par: 1, Rows: 3
0.000    0.000    0.000    0.000    0.000    0.000    0.000    0.000    0.000    0.000    0.000    0.000    0.000    0.000    0.900    
Total frac: 0.900

Sketch (37) (cm: eps0: 0.00625, del0: 0.05, min_mem: 1.69921875)
Par: 1, Rows: 3
-0.000    0.000    0.000    0.000    0.000    0.100    0.000    0.000    0.000    0.700    0.000    0.000    0.000    0.900    0.000    
Total frac: 1.700

Sketch (38) (cm: eps0: 0.00625, del0: 0.05, min_mem: 1.69921875)
Par: 1, Rows: 3
0.000    0.000    0.000    0.900    0.000    0.295    0.000    0.000    0.000    0.000    0.705    0.100    0.000    0.000    0.000    
Total frac: 2.000

Sketch (39) (cm: eps0: 0.00625, del0: 0.05, min_mem: 1.69921875)
Par: 1, Rows: 3
0.000    0.000    0.000    0.000    0.000    0.000    0.000    0.000    0.000    0.000    1.000    0.000    0.000    0.000    0.000    
Total frac: 1.000

Sketch (40) (cm: eps0: 0.00625, del0: 0.05, min_mem: 1.69921875)
Par: 1, Rows: 3
0.000    0.000    0.000    0.000    0.000    0.200    0.000    0.100    0.000    0.000    0.000    0.000    0.000    0.700    0.000    
Total frac: 1.000

Sketch (41) (cm: eps0: 0.00625, del0: 0.05, min_mem: 1.69921875)
Par: 1, Rows: 3
0.000    0.000    0.000    0.000    0.000    0.000    0.000    0.000    0.000    1.000    0.000    0.000    0.000    0.900    0.000    
Total frac: 1.900

Sketch (42) (cm: eps0: 0.00625, del0: 0.05, min_mem: 1.69921875)
Par: 1, Rows: 3
0.000    0.000    0.000    0.000    0.000    0.200    0.000    0.000    0.900    0.100    0.800    0.000    0.000    0.000    0.000    
Total frac: 2.000

Sketch (43) (cm: eps0: 0.00625, del0: 0.05, min_mem: 1.69921875)
Par: 1, Rows: 3
0.000    0.000    0.000    0.000    0.000    0.000    0.000    0.000    0.000    0.900    0.300    0.000    0.000    0.000    0.700    
Total frac: 1.900

Sketch (44) (cm: eps0: 0.00625, del0: 0.05, min_mem: 1.69921875)
Par: 1, Rows: 3
0.000    0.000    0.000    0.000    0.000    0.000    0.000    0.000    0.100    0.700    0.800    0.000    0.000    0.000    0.000    
Total frac: 1.600

Sketch (45) (cm: eps0: 0.00625, del0: 0.05, min_mem: 1.69921875)
Par: 1, Rows: 3
0.000    0.000    0.000    0.000    0.000    0.000    0.000    0.000    0.000    0.000    0.000    0.000    0.700    0.000    0.100    
Total frac: 0.800

Sketch (46) (cm: eps0: 0.00625, del0: 0.05, min_mem: 1.69921875)
Par: 1, Rows: 3
0.792    0.000    0.000    0.000    0.000    0.000    0.000    0.000    0.108    0.000    0.100    0.900    0.000    0.000    0.000    
Total frac: 1.900

Sketch (47) (cm: eps0: 0.00625, del0: 0.05, min_mem: 1.69921875)
Par: 1, Rows: 3
0.000    0.000    0.000    0.700    0.000    0.000    0.000    0.000    0.100    0.000    0.000    0.000    0.000    0.900    0.000    
Total frac: 1.700

Sketch (48) (cm: eps0: 0.00625, del0: 0.05, min_mem: 1.69921875)
Par: 1, Rows: 3
0.000    0.000    0.000    0.000    0.000    0.000    0.000    0.000    0.000    1.000    0.700    0.000    0.000    0.000    0.000    
Total frac: 1.700

Sketch (49) (cm: eps0: 0.00625, del0: 0.05, min_mem: 1.69921875)
Par: 1, Rows: 3
0.000    0.000    0.000    0.000    0.000    0.000    0.000    0.000    0.000    0.900    0.000    0.000    0.000    0.000    0.000    
Total frac: 0.900

Sketch (50) (cm: eps0: 0.00625, del0: 0.05, min_mem: 1.69921875)
Par: 1, Rows: 3
0.000    0.000    0.000    0.000    0.000    0.000    0.000    0.000    0.000    0.000    0.000    1.000    0.000    0.000    0.700    
Total frac: 1.700

Sketch (51) (cm: eps0: 0.00625, del0: 0.05, min_mem: 1.69921875)
Par: 1, Rows: 3
0.000    0.000    0.000    0.000    0.000    -0.000    0.000    0.000    0.000    0.000    0.000    0.000    0.900    0.000    0.100    
Total frac: 1.000

Sketch (52) (cm: eps0: 0.00625, del0: 0.05, min_mem: 1.69921875)
Par: 1, Rows: 3
0.000    0.000    0.000    0.000    0.000    0.000    0.000    0.000    0.000    0.000    0.000    0.000    0.000    0.900    0.000    
Total frac: 0.900

Sketch (53) (cm: eps0: 0.00625, del0: 0.05, min_mem: 1.69921875)
Par: 1, Rows: 3
0.000    0.000    0.000    0.000    0.000    0.000    0.000    0.000    0.000    0.000    0.000    0.000    1.000    0.000    0.000    
Total frac: 1.000

Sketch (54) (cm: eps0: 0.00625, del0: 0.05, min_mem: 1.69921875)
Par: 1, Rows: 3
0.000    0.000    0.000    0.000    0.000    0.000    0.000    0.000    0.000    0.000    0.000    1.000    0.000    0.000    0.000    
Total frac: 1.000

Sketch (55) (cm: eps0: 0.00625, del0: 0.05, min_mem: 1.69921875)
Par: 1, Rows: 3
0.000    0.000    0.000    0.000    0.000    0.000    0.100    0.000    0.737    0.000    0.000    0.800    0.163    0.000    0.100    
Total frac: 1.900

Sketch (56) (cm: eps0: 0.00625, del0: 0.05, min_mem: 1.69921875)
Par: 1, Rows: 3
0.000    0.000    0.000    0.000    0.000    0.000    0.000    0.000    0.800    0.000    1.000    0.000    0.000    0.000    0.000    
Total frac: 1.800

Sketch (57) (cm: eps0: 0.00625, del0: 0.05, min_mem: 1.69921875)
Par: 1, Rows: 3
0.000    0.000    0.000    0.000    0.000    0.000    0.000    0.000    0.000    0.000    0.000    0.000    1.000    0.000    0.000    
Total frac: 1.000

Sketch (58) (cm: eps0: 0.00625, del0: 0.05, min_mem: 1.69921875)
Par: 1, Rows: 3
0.000    0.000    0.000    0.000    0.000    0.000    0.590    0.000    0.000    0.700    0.300    0.110    0.000    0.000    0.600    
Total frac: 2.300

Sketch (59) (cm: eps0: 0.00625, del0: 0.05, min_mem: 1.69921875)
Par: 1, Rows: 3
0.000    0.000    0.000    0.000    0.000    0.000    0.000    0.000    0.700    0.000    0.000    0.000    0.000    0.000    1.000    
Total frac: 1.700

Sketch (60) (cm: eps0: 0.00625, del0: 0.05, min_mem: 1.69921875)
Par: 1, Rows: 3
0.000    -0.000    0.000    0.000    0.000    0.000    -0.000    0.000    0.000    0.000    0.000    0.000    0.000    0.000    0.900    
Total frac: 0.900

Sketch (61) (cm: eps0: 0.00625, del0: 0.05, min_mem: 1.69921875)
Par: 1, Rows: 3
0.000    0.000    1.000    0.000    0.000    0.000    0.000    0.000    0.000    0.000    0.000    0.000    0.000    1.000    0.000    
Total frac: 2.000

Sketch (62) (cm: eps0: 0.00625, del0: 0.05, min_mem: 1.69921875)
Par: 1, Rows: 3
0.000    0.000    0.100    0.000    0.000    0.000    0.000    0.000    0.000    0.700    0.000    0.516    0.000    0.484    0.000    
Total frac: 1.800

Sketch (63) (cm: eps0: 0.00625, del0: 0.05, min_mem: 1.69921875)
Par: 1, Rows: 3
0.000    0.000    0.000    0.000    0.000    0.100    0.000    0.900    0.000    0.000    0.000    0.000    0.800    0.000    0.000    
Total frac: 1.800

Sketch (64) (cm: eps0: 0.00625, del0: 0.05, min_mem: 1.69921875)
Par: 1, Rows: 3
0.000    0.000    0.000    0.000    0.000    0.000    0.000    0.000    0.000    0.100    0.000    0.000    0.900    0.000    0.000    
Total frac: 1.000

Sketch (65) (cm: eps0: 0.00625, del0: 0.05, min_mem: 1.69921875)
Par: 1, Rows: 3
0.000    0.000    0.195    0.000    0.000    0.000    0.000    0.000    0.000    0.705    0.000    0.000    0.000    0.000    1.000    
Total frac: 1.900

Sketch (66) (cm: eps0: 0.00625, del0: 0.05, min_mem: 1.69921875)
Par: 1, Rows: 3
0.000    0.000    0.000    0.000    0.000    0.000    0.000    0.000    0.000    0.000    0.000    0.000    0.000    0.800    0.200    
Total frac: 1.000

Sketch (67) (cm: eps0: 0.00625, del0: 0.05, min_mem: 1.69921875)
Par: 1, Rows: 3
0.000    0.000    0.000    0.000    0.000    0.000    0.000    0.490    0.900    0.100    0.000    0.410    0.000    0.000    0.000    
Total frac: 1.900

Sketch (68) (cm: eps0: 0.00625, del0: 0.05, min_mem: 1.69921875)
Par: 1, Rows: 3
0.000    0.000    0.000    0.000    0.000    0.000    0.100    0.000    0.000    0.000    0.000    0.000    0.000    0.000    0.900    
Total frac: 1.000

Sketch (69) (cm: eps0: 0.00625, del0: 0.05, min_mem: 1.69921875)
Par: 1, Rows: 3
0.000    0.000    0.000    0.000    0.000    0.000    0.000    0.505    0.405    0.495    0.295    0.000    0.000    0.000    0.000    
Total frac: 1.700

Sketch (70) (cm: eps0: 0.00625, del0: 0.05, min_mem: 1.69921875)
Par: 1, Rows: 3
0.000    0.000    0.000    0.000    0.000    0.800    0.000    0.000    1.000    0.000    0.000    0.000    0.000    0.000    0.800    
Total frac: 2.600

Sketch (71) (cm: eps0: 0.00625, del0: 0.05, min_mem: 1.69921875)
Par: 1, Rows: 3
0.000    0.000    0.000    0.000    0.000    0.000    0.000    0.000    0.000    1.000    0.000    0.000    0.000    0.000    0.000    
Total frac: 1.000

Sketch (72) (cm: eps0: 0.00625, del0: 0.05, min_mem: 1.69921875)
Par: 1, Rows: 3
0.000    0.000    0.000    0.000    0.000    0.000    0.000    0.000    0.000    1.000    0.000    0.000    0.000    0.000    0.000    
Total frac: 1.000

Sketch (73) (cm: eps0: 0.00625, del0: 0.05, min_mem: 1.69921875)
Par: 1, Rows: 3
0.000    0.000    0.000    0.000    0.000    0.000    0.000    0.000    0.000    0.000    0.000    0.000    0.000    0.900    0.000    
Total frac: 0.900

Sketch (74) (cm: eps0: 0.00625, del0: 0.05, min_mem: 1.69921875)
Par: 1, Rows: 3
0.000    0.000    0.000    0.000    0.000    0.000    0.000    0.000    0.000    0.000    1.000    0.000    0.000    0.000    0.000    
Total frac: 1.000

Sketch (75) (cm: eps0: 0.00625, del0: 0.05, min_mem: 1.69921875)
Par: 1, Rows: 3
0.000    0.000    0.000    0.000    0.000    0.000    0.000    0.000    0.000    0.000    0.000    0.000    0.000    0.000    1.000    
Total frac: 1.000

Sketch (76) (cm: eps0: 0.00625, del0: 0.05, min_mem: 1.69921875)
Par: 1, Rows: 3
0.000    0.000    0.000    0.000    0.000    0.000    0.000    0.000    0.000    0.000    0.000    0.900    0.000    0.900    0.000    
Total frac: 1.800

Sketch (77) (cm: eps0: 0.00625, del0: 0.05, min_mem: 1.69921875)
Par: 1, Rows: 3
0.000    1.000    0.000    0.000    0.000    0.000    0.000    0.000    0.000    0.000    0.000    0.000    0.000    0.700    0.000    
Total frac: 1.700

Sketch (78) (cm: eps0: 0.00625, del0: 0.05, min_mem: 1.69921875)
Par: 1, Rows: 3
0.000    0.000    0.000    0.000    0.000    0.000    0.000    0.000    0.900    0.000    0.000    0.000    0.000    0.266    0.634    
Total frac: 1.800

Sketch (79) (cm: eps0: 0.00625, del0: 0.05, min_mem: 1.69921875)
Par: 1, Rows: 3
0.000    0.000    0.700    0.000    0.000    0.000    0.000    0.000    0.000    0.000    0.000    0.000    0.000    0.000    0.000    
Total frac: 0.700

Device (0) cpu1:
cores_sketch: 1.0, cores_dpdk: 5.0
Rows total: 2.9921523673340165
Mem total: 31.999997474730257
Throughput: 83.32500083325019

Device (1) cpu2:
cores_sketch: 2.0, cores_dpdk: 5.0
Rows total: 5.984304738197874
Mem total: 32.0
Throughput: 83.32500083325019

Device (2) cpu3:
cores_sketch: 2.0, cores_dpdk: 5.0
Rows total: 5.984304738197874
Mem total: 32.0
Throughput: 83.32500083325019

Device (3) cpu4:
cores_sketch: 2.0, cores_dpdk: 5.0
Rows total: 5.984304738197874
Mem total: 32.0
Throughput: 83.32500083325019

Device (4) cpu5:
cores_sketch: 0.0, cores_dpdk: 5.0
Rows total: 0.0
Mem total: 0.0
Throughput: 87.5

Device (5) cpu6:
cores_sketch: 2.0, cores_dpdk: 5.0
Rows total: 5.984304738197874
Mem total: 32.0
Throughput: 83.32500083325019

Device (6) cpu7:
cores_sketch: 2.0, cores_dpdk: 5.0
Rows total: 5.984304738197875
Mem total: 32.0
Throughput: 83.32500083325019

Device (7) cpu8:
cores_sketch: 2.0, cores_dpdk: 5.0
Rows total: 5.984304738197874
Mem total: 32.0
Throughput: 83.32500083325019

Device (8) tor_p41:
Rows total: 48.0
Mem total: 81.5625
Throughput: 148.0

Device (9) tor_p42:
Rows total: 48.0
Mem total: 81.56250000000001
Throughput: 148.0

Device (10) tor_p43:
Rows total: 48.0
Mem total: 81.5625
Throughput: 148.0

Device (11) tor_p44:
Rows total: 48.0
Mem total: 81.5625
Throughput: 148.0

Device (12) l1_p41:
Rows total: 48.0
Mem total: 81.5625
Throughput: 148.0

Device (13) l1_p42:
Rows total: 48.0
Mem total: 81.56249999999999
Throughput: 148.0

Device (14) l2_p4:
Rows total: 46.002019203478746
Mem total: 78.16749356841115
Throughput: 148.0
--------------------------------------------------
