Using license file /home/anup/gurobi.lic
Academic license - for non-commercial use only

--------------------------------------------------
Model update took: 0.0031070709228515625 seconds
Model optimize took: 0.04682111740112305 seconds
--------------------------------------------------

Sketch (0) (cm: eps0: 0.000625, del0: 0.05, min_mem: 16.9921875)
Par: 1, Rows: 3
0.000    0.000    0.000    0.000    0.000    0.000    0.100    0.000    0.000    0.000    0.000    0.700    0.000    0.000    0.000    
Total frac: 0.800

Sketch (1) (cm: eps0: 0.000625, del0: 0.05, min_mem: 16.9921875)
Par: 1, Rows: 3
0.000    0.200    0.000    0.000    0.000    0.700    0.000    0.000    0.000    0.000    0.000    0.000    0.000    0.000    0.000    
Total frac: 0.900

Sketch (2) (cm: eps0: 0.000625, del0: 0.05, min_mem: 16.9921875)
Par: 1, Rows: 3
0.400    0.000    0.000    0.500    0.000    0.000    0.000    0.200    0.000    0.000    0.400    0.300    0.000    0.000    0.000    
Total frac: 1.800

Sketch (3) (cm: eps0: 0.000625, del0: 0.05, min_mem: 16.9921875)
Par: 1, Rows: 3
0.000    0.000    0.000    0.000    0.000    0.000    0.000    0.000    0.000    0.000    0.000    0.000    0.900    0.000    0.000    
Total frac: 0.900

Sketch (4) (cm: eps0: 0.000625, del0: 0.05, min_mem: 16.9921875)
Par: 1, Rows: 3
0.000    0.000    0.000    0.000    0.000    0.000    0.100    0.000    0.000    0.000    0.900    0.000    0.000    0.000    0.000    
Total frac: 1.000

Sketch (5) (cm: eps0: 0.000625, del0: 0.05, min_mem: 16.9921875)
Par: 1, Rows: 3
0.000    0.000    0.100    0.200    0.000    0.000    0.000    0.000    0.100    0.600    0.000    0.000    0.000    0.800    0.000    
Total frac: 1.800

Sketch (6) (cm: eps0: 0.000625, del0: 0.05, min_mem: 16.9921875)
Par: 1, Rows: 3
0.000    0.800    0.000    0.000    0.000    0.000    0.000    0.100    0.000    0.000    0.700    0.100    0.000    0.000    0.000    
Total frac: 1.700

Sketch (7) (cm: eps0: 0.000625, del0: 0.05, min_mem: 16.9921875)
Par: 1, Rows: 3
0.000    0.000    0.000    0.000    0.100    0.000    0.381    0.619    0.000    0.000    0.181    0.000    0.000    0.000    0.619    
Total frac: 1.900

Sketch (8) (cm: eps0: 0.000625, del0: 0.05, min_mem: 16.9921875)
Par: 1, Rows: 3
0.000    0.000    0.000    0.000    0.000    0.000    0.000    0.000    0.700    1.000    0.000    0.000    0.000    0.000    0.000    
Total frac: 1.700

Sketch (9) (cm: eps0: 0.000625, del0: 0.05, min_mem: 16.9921875)
Par: 1, Rows: 3
0.000    0.000    0.000    0.900    0.000    0.000    0.000    0.000    0.000    0.000    0.000    0.000    0.000    0.000    0.000    
Total frac: 0.900

Sketch (10) (cm: eps0: 0.000625, del0: 0.05, min_mem: 16.9921875)
Par: 1, Rows: 3
0.000    0.678    0.000    0.000    0.000    0.122    0.000    0.000    0.000    0.000    0.000    0.000    0.000    0.000    0.000    
Total frac: 0.800

Sketch (11) (cm: eps0: 0.000625, del0: 0.05, min_mem: 16.9921875)
Par: 1, Rows: 3
0.000    0.000    0.000    0.000    0.000    -0.000    1.000    0.000    0.000    0.000    0.000    0.000    0.000    0.000    0.000    
Total frac: 1.000

Sketch (12) (cm: eps0: 0.000625, del0: 0.05, min_mem: 16.9921875)
Par: 1, Rows: 3
0.000    0.000    0.000    0.000    0.000    0.000    0.000    1.000    0.000    0.000    0.000    0.000    0.000    0.000    0.000    
Total frac: 1.000

Sketch (13) (cm: eps0: 0.000625, del0: 0.05, min_mem: 16.9921875)
Par: 1, Rows: 3
0.000    0.000    0.000    0.000    0.000    0.000    0.000    0.000    0.000    0.800    0.200    0.800    0.000    0.000    0.000    
Total frac: 1.800

Sketch (14) (cm: eps0: 0.000625, del0: 0.05, min_mem: 16.9921875)
Par: 1, Rows: 3
0.000    0.000    0.900    0.000    0.000    0.900    0.100    0.600    0.000    0.100    0.000    0.000    0.000    0.000    0.000    
Total frac: 2.600

Sketch (15) (cm: eps0: 0.000625, del0: 0.05, min_mem: 16.9921875)
Par: 1, Rows: 3
0.000    0.267    0.441    0.259    0.217    0.583    0.317    0.000    0.092    0.000    0.000    0.000    0.000    0.324    0.000    
Total frac: 2.500

Sketch (16) (cm: eps0: 0.000625, del0: 0.05, min_mem: 16.9921875)
Par: 1, Rows: 3
0.000    0.000    0.000    0.800    0.000    0.000    0.000    0.000    0.000    0.000    0.000    0.000    0.000    0.000    0.000    
Total frac: 0.800

Sketch (17) (cm: eps0: 0.000625, del0: 0.05, min_mem: 16.9921875)
Par: 1, Rows: 3
0.000    0.000    0.200    0.000    0.000    0.000    0.000    0.000    0.000    0.000    0.000    0.000    0.800    0.000    0.000    
Total frac: 1.000

Sketch (18) (cm: eps0: 0.000625, del0: 0.05, min_mem: 16.9921875)
Par: 1, Rows: 3
0.309    0.409    0.000    0.109    0.583    0.000    0.000    0.000    0.283    0.000    0.000    0.000    0.000    0.000    0.309    
Total frac: 2.000

Sketch (19) (cm: eps0: 0.000625, del0: 0.05, min_mem: 16.9921875)
Par: 1, Rows: 3
0.000    1.000    1.000    0.000    0.000    0.000    0.000    0.000    0.000    0.000    0.000    0.000    0.000    0.000    0.000    
Total frac: 2.000

Sketch (20) (cm: eps0: 0.000625, del0: 0.05, min_mem: 16.9921875)
Par: 1, Rows: 3
0.000    0.000    0.000    0.000    0.200    0.800    1.000    0.000    0.000    0.000    0.000    0.000    0.000    0.000    0.000    
Total frac: 2.000

Sketch (21) (cm: eps0: 0.000625, del0: 0.05, min_mem: 16.9921875)
Par: 1, Rows: 3
0.000    0.000    0.000    0.242    0.000    0.000    0.000    0.000    0.042    0.000    0.000    0.042    0.717    0.000    0.000    
Total frac: 1.042

Sketch (22) (cm: eps0: 0.000625, del0: 0.05, min_mem: 16.9921875)
Par: 1, Rows: 3
0.000    -0.000    0.000    0.000    0.000    0.000    0.000    0.100    0.000    0.000    0.000    0.900    0.000    0.000    0.000    
Total frac: 1.000

Sketch (23) (cm: eps0: 0.000625, del0: 0.05, min_mem: 16.9921875)
Par: 1, Rows: 3
0.000    0.000    0.000    0.000    0.000    0.000    0.000    0.100    0.900    0.000    0.000    0.000    0.000    0.000    0.000    
Total frac: 1.000

Sketch (24) (cm: eps0: 0.000625, del0: 0.05, min_mem: 16.9921875)
Par: 1, Rows: 3
0.000    0.000    0.000    0.100    0.000    0.000    0.000    0.100    0.800    0.000    0.000    0.800    0.000    0.000    0.000    
Total frac: 1.800

Sketch (25) (cm: eps0: 0.000625, del0: 0.05, min_mem: 16.9921875)
Par: 1, Rows: 3
0.000    0.000    0.000    0.000    0.000    0.000    0.000    0.700    0.800    0.000    0.100    0.000    0.000    0.000    0.000    
Total frac: 1.600

Sketch (26) (cm: eps0: 0.000625, del0: 0.05, min_mem: 16.9921875)
Par: 1, Rows: 3
0.000    0.000    0.000    0.000    0.000    0.200    0.200    0.600    0.000    0.000    0.000    0.000    0.000    0.000    0.800    
Total frac: 1.800

Sketch (27) (cm: eps0: 0.000625, del0: 0.05, min_mem: 16.9921875)
Par: 1, Rows: 3
0.000    0.000    0.000    0.100    0.000    0.000    0.000    0.700    0.000    0.800    0.000    0.000    0.000    0.000    0.000    
Total frac: 1.600

Sketch (28) (cm: eps0: 0.000625, del0: 0.05, min_mem: 16.9921875)
Par: 1, Rows: 3
0.800    0.100    0.000    0.100    0.000    0.000    0.000    0.000    0.000    0.000    0.800    0.000    0.000    0.000    0.000    
Total frac: 1.800

Sketch (29) (cm: eps0: 0.000625, del0: 0.05, min_mem: 16.9921875)
Par: 1, Rows: 3
0.000    0.000    0.000    0.900    0.000    0.000    0.017    0.000    0.000    0.000    0.000    0.083    0.000    0.717    0.183    
Total frac: 1.900

Sketch (30) (cm: eps0: 0.000625, del0: 0.05, min_mem: 16.9921875)
Par: 1, Rows: 3
0.000    0.000    0.000    0.000    0.000    0.000    0.000    0.000    0.000    0.000    0.300    0.000    0.000    0.700    0.000    
Total frac: 1.000

Sketch (31) (cm: eps0: 0.000625, del0: 0.05, min_mem: 16.9921875)
Par: 1, Rows: 3
0.400    0.000    0.376    0.000    0.000    0.000    0.000    0.000    0.400    0.124    0.000    0.000    0.000    0.000    0.200    
Total frac: 1.500

Sketch (32) (cm: eps0: 0.000625, del0: 0.05, min_mem: 16.9921875)
Par: 1, Rows: 3
0.000    0.100    0.000    0.100    0.000    0.000    0.000    0.000    0.000    0.000    0.000    0.000    0.800    0.000    0.000    
Total frac: 1.000

Sketch (33) (cm: eps0: 0.000625, del0: 0.05, min_mem: 16.9921875)
Par: 1, Rows: 3
0.000    0.000    0.100    0.000    0.000    0.600    0.000    0.000    0.200    0.600    0.100    0.000    0.000    0.000    0.000    
Total frac: 1.600

Sketch (34) (cm: eps0: 0.000625, del0: 0.05, min_mem: 16.9921875)
Par: 1, Rows: 3
0.000    0.000    0.000    0.000    0.000    0.000    0.000    0.300    0.500    0.400    0.500    0.000    0.000    0.000    0.000    
Total frac: 1.700

Sketch (35) (cm: eps0: 0.000625, del0: 0.05, min_mem: 16.9921875)
Par: 1, Rows: 3
0.000    0.800    0.000    0.000    0.000    0.000    0.000    0.000    0.000    0.700    0.000    0.100    0.000    0.000    0.100    
Total frac: 1.700

Sketch (36) (cm: eps0: 0.000625, del0: 0.05, min_mem: 16.9921875)
Par: 1, Rows: 3
0.000    0.000    0.000    0.000    0.100    0.000    0.000    0.000    0.000    0.000    0.000    0.000    0.000    0.900    0.000    
Total frac: 1.000

Sketch (37) (cm: eps0: 0.000625, del0: 0.05, min_mem: 16.9921875)
Par: 1, Rows: 3
0.000    0.000    0.000    0.000    0.000    0.000    0.200    0.000    0.100    0.000    0.000    0.000    0.000    0.000    0.700    
Total frac: 1.000

Sketch (38) (cm: eps0: 0.000625, del0: 0.05, min_mem: 16.9921875)
Par: 1, Rows: 3
0.637    0.363    0.000    0.300    0.000    0.200    0.137    0.000    0.000    0.400    0.000    0.363    0.000    0.000    0.000    
Total frac: 2.400

Sketch (39) (cm: eps0: 0.000625, del0: 0.05, min_mem: 16.9921875)
Par: 1, Rows: 3
0.000    0.000    0.000    0.007    0.670    0.000    0.000    0.000    0.500    0.393    0.130    0.130    0.100    0.070    0.000    
Total frac: 2.000

Sketch (40) (cm: eps0: 0.000625, del0: 0.05, min_mem: 16.9921875)
Par: 1, Rows: 3
0.000    0.000    0.000    0.000    0.900    0.000    0.900    0.000    0.000    0.000    0.100    0.000    0.000    0.000    0.000    
Total frac: 1.900

Sketch (41) (cm: eps0: 0.000625, del0: 0.05, min_mem: 16.9921875)
Par: 1, Rows: 3
0.000    0.000    0.000    0.000    0.000    0.000    0.000    0.000    0.000    0.000    0.000    0.000    0.000    0.900    0.000    
Total frac: 0.900

Sketch (42) (cm: eps0: 0.000625, del0: 0.05, min_mem: 16.9921875)
Par: 1, Rows: 3
0.000    0.000    0.000    0.000    0.000    0.000    0.000    0.000    0.000    0.000    0.000    0.000    0.000    0.000    0.700    
Total frac: 0.700

Sketch (43) (cm: eps0: 0.000625, del0: 0.05, min_mem: 16.9921875)
Par: 1, Rows: 3
0.071    0.000    0.000    0.000    0.000    0.364    0.364    0.436    0.000    0.000    0.000    0.000    0.000    0.000    0.564    
Total frac: 1.800

Sketch (44) (cm: eps0: 0.000625, del0: 0.05, min_mem: 16.9921875)
Par: 1, Rows: 3
1.000    0.000    0.000    0.000    0.000    0.000    0.100    0.000    0.000    0.000    0.000    0.900    0.000    0.000    0.000    
Total frac: 2.000

Sketch (45) (cm: eps0: 0.000625, del0: 0.05, min_mem: 16.9921875)
Par: 1, Rows: 3
0.000    0.000    0.000    0.000    0.347    0.347    0.000    0.453    0.000    0.000    0.006    0.000    0.000    0.000    0.547    
Total frac: 1.700

Sketch (46) (cm: eps0: 0.000625, del0: 0.05, min_mem: 16.9921875)
Par: 1, Rows: 3
0.000    0.000    0.100    0.000    0.000    0.300    0.000    0.000    0.000    0.000    0.000    0.000    0.600    0.000    0.000    
Total frac: 1.000

Sketch (47) (cm: eps0: 0.000625, del0: 0.05, min_mem: 16.9921875)
Par: 1, Rows: 3
0.000    0.000    0.900    0.000    0.100    0.000    0.000    0.000    0.000    0.000    0.700    0.000    0.000    0.000    0.000    
Total frac: 1.700

Sketch (48) (cm: eps0: 0.000625, del0: 0.05, min_mem: 16.9921875)
Par: 1, Rows: 3
0.000    0.000    0.000    0.000    0.100    0.000    0.000    0.000    0.000    0.000    0.800    0.000    0.000    0.000    0.000    
Total frac: 0.900

Sketch (49) (cm: eps0: 0.000625, del0: 0.05, min_mem: 16.9921875)
Par: 1, Rows: 3
0.800    0.000    0.900    0.000    0.000    0.000    0.000    0.000    0.000    0.000    0.000    0.000    0.000    0.000    0.000    
Total frac: 1.700

Sketch (50) (cm: eps0: 0.000625, del0: 0.05, min_mem: 16.9921875)
Par: 1, Rows: 3
0.000    0.000    0.000    0.000    0.000    0.000    0.100    0.000    0.000    0.000    0.000    0.000    0.000    0.505    0.295    
Total frac: 0.900

Sketch (51) (cm: eps0: 0.000625, del0: 0.05, min_mem: 16.9921875)
Par: 1, Rows: 3
0.000    0.000    0.000    0.000    0.800    0.000    0.000    0.000    0.000    0.000    0.000    0.000    0.000    0.000    0.000    
Total frac: 0.800

Sketch (52) (cm: eps0: 0.000625, del0: 0.05, min_mem: 16.9921875)
Par: 1, Rows: 3
0.900    0.100    0.000    0.000    0.000    0.000    0.000    0.000    0.000    0.000    0.000    0.000    0.000    0.000    0.000    
Total frac: 1.000

Sketch (53) (cm: eps0: 0.000625, del0: 0.05, min_mem: 16.9921875)
Par: 1, Rows: 3
0.000    0.000    0.000    0.000    0.000    0.200    0.000    0.000    0.000    0.100    0.000    0.000    0.700    0.000    0.000    
Total frac: 1.000

Sketch (54) (cm: eps0: 0.000625, del0: 0.05, min_mem: 16.9921875)
Par: 1, Rows: 3
0.000    0.000    0.000    0.000    0.000    0.000    0.000    0.000    0.000    0.100    0.000    0.000    0.700    0.000    0.200    
Total frac: 1.000

Sketch (55) (cm: eps0: 0.000625, del0: 0.05, min_mem: 16.9921875)
Par: 1, Rows: 3
0.000    0.200    0.000    0.000    0.000    0.000    0.000    0.000    0.000    0.000    0.100    0.000    0.000    0.000    0.700    
Total frac: 1.000

Sketch (56) (cm: eps0: 0.000625, del0: 0.05, min_mem: 16.9921875)
Par: 1, Rows: 3
0.700    0.000    0.000    0.000    0.000    0.100    0.000    0.000    0.000    0.000    0.000    0.000    0.000    0.000    0.000    
Total frac: 0.800

Sketch (57) (cm: eps0: 0.000625, del0: 0.05, min_mem: 16.9921875)
Par: 1, Rows: 3
0.000    0.000    1.000    0.000    0.000    0.000    0.000    0.100    0.000    0.000    0.000    0.900    0.000    0.000    0.000    
Total frac: 2.000

Sketch (58) (cm: eps0: 0.000625, del0: 0.05, min_mem: 16.9921875)
Par: 1, Rows: 3
0.000    0.900    0.000    0.000    0.000    0.000    0.800    0.000    0.000    0.000    0.000    0.000    0.000    0.000    0.000    
Total frac: 1.700

Sketch (59) (cm: eps0: 0.000625, del0: 0.05, min_mem: 16.9921875)
Par: 1, Rows: 3
0.100    0.000    0.000    0.000    0.800    0.000    0.000    0.000    0.000    0.000    0.100    0.000    0.800    0.000    0.000    
Total frac: 1.800

Sketch (60) (cm: eps0: 0.000625, del0: 0.05, min_mem: 16.9921875)
Par: 1, Rows: 3
0.000    0.200    0.000    0.700    0.000    0.000    0.200    -0.000    0.000    0.000    0.000    0.000    0.000    0.500    0.000    
Total frac: 1.600

Sketch (61) (cm: eps0: 0.000625, del0: 0.05, min_mem: 16.9921875)
Par: 1, Rows: 3
0.000    0.000    0.000    0.800    0.900    0.000    0.100    0.000    0.000    0.000    0.000    0.000    0.000    0.000    0.000    
Total frac: 1.800

Sketch (62) (cm: eps0: 0.000625, del0: 0.05, min_mem: 16.9921875)
Par: 1, Rows: 3
0.000    0.000    0.100    0.000    0.300    0.700    0.000    0.000    0.700    0.000    0.000    0.000    0.000    0.000    0.000    
Total frac: 1.800

Sketch (63) (cm: eps0: 0.000625, del0: 0.05, min_mem: 16.9921875)
Par: 1, Rows: 3
0.000    0.000    0.000    0.000    0.000    0.000    0.000    0.000    0.000    0.000    0.000    0.000    0.000    0.700    0.200    
Total frac: 0.900

Device (0) cpu1:
Rows total: 18.350221994334444
Mem total: 311.8104127943548

Device (1) cpu2:
Rows total: 18.350221994334444
Mem total: 311.8104127943548

Device (2) cpu3:
Rows total: 18.350221994334444
Mem total: 311.8104127943548

Device (3) cpu4:
Rows total: 18.350221994334444
Mem total: 311.8104127943548

Device (4) cpu5:
Rows total: 18.350221994334444
Mem total: 311.8104127943548

Device (5) cpu6:
Rows total: 18.350221994334444
Mem total: 311.8104127943548

Device (6) cpu7:
Rows total: 18.350221994334444
Mem total: 311.8104127943548

Device (7) cpu8:
Rows total: 18.321781082150558
Mem total: 311.32713948185517

Device (8) tor_p41:
Rows total: 18.350221994334444
Mem total: 311.8104127943548

Device (9) tor_p42:
Rows total: 18.350221994334444
Mem total: 311.8104127943548

Device (10) tor_p43:
Rows total: 18.350221994334444
Mem total: 311.8104127943548

Device (11) tor_p44:
Rows total: 18.350221994334444
Mem total: 311.8104127943548

Device (12) l1_p41:
Rows total: 18.350221994334444
Mem total: 311.8104127943548

Device (13) l1_p42:
Rows total: 18.350221994334444
Mem total: 311.8104127943548

Device (14) l2_p4:
Rows total: 18.350221994334444
Mem total: 311.8104127943548
--------------------------------------------------
Infeasible placement
