Function: get_partitions took 1.7642974853515625e-05 seconds
Function: map_flows_partitions took 1.8835067749023438e-05 seconds
Using license file /home/anup/gurobi.lic
Academic license - for non-commercial use only
Building model with:
21 devices, 3 partitions and 20 flows
Adding frac and mem vars took: 0.0006613731384277344s
Adding coverage constraints took: 0.0010313987731933594s
Adding accuracy constraints took 0.0011982917785644531s
Adding load constraints took: 0.002628803253173828s
Starting model update
Model update complete, took: 0.00028514862060546875 s
Starting model optimize
--------------------------------------------------
Model update took: 0.00028514862060546875 seconds
Model optimize took: 0.03003692626953125 seconds
--------------------------------------------------

Sketch (0) (cm: eps0: 0.00625, del0: 0.05, min_mem: 1.69921875)
Par: 1, Rows: 1
(1.000,18)    (-0.000,3)    (1.000,8)    (1.000,14)    (-0.000,19)    (1.000,4)    (-0.000,9)    (-0.000,15)    (0.000,20)    (-0.000,5)    (1.000,10)    (1.000,0)    (1.000,6)    (-0.000,11)    (1.000,16)    (-0.000,1)    (-0.000,7)    (1.000,12)    (-0.000,17)    (1.000,2)    (-0.000,13)    
Total frac: 10.000
Par: 2, Rows: 1
(-0.000,12)    (1.000,9)    (-0.000,2)    (1.000,15)    (1.000,5)    (-0.000,18)    (-0.000,8)    (-0.000,14)    (1.000,11)    (-0.000,4)    (1.000,1)    (1.000,7)    (0.000,20)    (1.000,17)    (-0.000,10)    (-0.000,0)    (1.000,13)    (-0.000,6)    (1.000,3)    (-0.000,16)    (1.000,19)    
Total frac: 10.000
Par: 3, Rows: 1
(1.000,11)    (-0.000,16)    (-0.000,6)    (1.000,7)    (1.000,1)    (-0.000,12)    (1.000,17)    (-0.000,2)    (1.000,3)    (1.000,13)    (-0.000,8)    (-0.000,18)    (1.000,19)    (-0.000,4)    (-0.000,14)    (1.000,15)    (1.000,9)    (0.000,20)    (1.000,5)    (-0.000,0)    (-0.000,10)    
Total frac: 10.000

Device (0) p4_0:
Rows total: 1.0
Mem total: 1.69921875

Device (1) p4_1:
Rows total: 2.0
Mem total: 3.3984375

Device (2) p4_2:
Rows total: 1.0
Mem total: 1.69921875

Device (3) p4_3:
Rows total: 2.0
Mem total: 3.3984375

Device (4) p4_4:
Rows total: 1.0
Mem total: 1.69921875

Device (5) p4_5:
Rows total: 2.0
Mem total: 3.3984375

Device (6) p4_6:
Rows total: 1.0
Mem total: 1.69921875

Device (7) p4_7:
Rows total: 2.0
Mem total: 3.3984375

Device (8) p4_8:
Rows total: 1.0
Mem total: 1.69921875

Device (9) p4_9:
Rows total: 2.0
Mem total: 3.3984375

Device (10) p4_10:
Rows total: 1.0
Mem total: 1.69921875

Device (11) p4_11:
Rows total: 2.0
Mem total: 3.3984375

Device (12) p4_12:
Rows total: 1.0
Mem total: 1.69921875

Device (13) p4_13:
Rows total: 2.0
Mem total: 3.3984375

Device (14) p4_14:
Rows total: 1.0
Mem total: 1.69921875

Device (15) p4_15:
Rows total: 2.0
Mem total: 3.3984375

Device (16) p4_16:
Rows total: 1.0
Mem total: 1.69921875

Device (17) p4_17:
Rows total: 2.0
Mem total: 3.3984375

Device (18) p4_18:
Rows total: 1.0
Mem total: 1.69921875

Device (19) p4_19:
Rows total: 2.0
Mem total: 3.3984375

Device (20) cpu_1:
Rows total: 0.0
Mem total: 0.0
--------------------------------------------------
Changed value of parameter NonConvex to 2
   Prev: -1  Min: -1  Max: 2  Default: -1

Throughput: 97.99999999999999 Mpps, ns per packet: 10.204081632653063
Resources: 78.56201171874973
Used Cores: 6.999999999999973, Total CPUS: 1, Switch Memory: 50.9765625

Sketch (0) (cm: eps0: 0.00625, del0: 0.05, min_mem: 1.69921875)
Par: 1, Rows: 1
(1.000,18)    (-0.000,3)    (1.000,8)    (1.000,14)    (-0.000,19)    (1.000,4)    (-0.000,9)    (-0.000,15)    (0.000,20)    (-0.000,5)    (1.000,10)    (1.000,0)    (1.000,6)    (-0.000,11)    (1.000,16)    (-0.000,1)    (-0.000,7)    (1.000,12)    (-0.000,17)    (1.000,2)    (-0.000,13)    
Total frac: 10.000
Par: 2, Rows: 1
(-0.000,12)    (1.000,9)    (-0.000,2)    (1.000,15)    (1.000,5)    (-0.000,18)    (-0.000,8)    (-0.000,14)    (1.000,11)    (-0.000,4)    (1.000,1)    (1.000,7)    (0.000,20)    (1.000,17)    (-0.000,10)    (-0.000,0)    (1.000,13)    (-0.000,6)    (1.000,3)    (-0.000,16)    (1.000,19)    
Total frac: 10.000
Par: 3, Rows: 1
(1.000,11)    (-0.000,16)    (-0.000,6)    (1.000,7)    (1.000,1)    (-0.000,12)    (1.000,17)    (-0.000,2)    (1.000,3)    (1.000,13)    (-0.000,8)    (-0.000,18)    (1.000,19)    (-0.000,4)    (-0.000,14)    (1.000,15)    (1.000,9)    (0.000,20)    (1.000,5)    (-0.000,0)    (-0.000,10)    
Total frac: 10.000

Device (0) p4_0:
Rows total: 1.0
Mem total: 1.69921875
Throughput: 148.0

Device (1) p4_1:
Rows total: 2.0
Mem total: 3.3984375
Throughput: 148.0

Device (2) p4_2:
Rows total: 1.0
Mem total: 1.69921875
Throughput: 148.0

Device (3) p4_3:
Rows total: 2.0
Mem total: 3.3984375
Throughput: 148.0

Device (4) p4_4:
Rows total: 1.0
Mem total: 1.69921875
Throughput: 148.0

Device (5) p4_5:
Rows total: 2.0
Mem total: 3.3984375
Throughput: 148.0

Device (6) p4_6:
Rows total: 1.0
Mem total: 1.69921875
Throughput: 148.0

Device (7) p4_7:
Rows total: 2.0
Mem total: 3.3984375
Throughput: 148.0

Device (8) p4_8:
Rows total: 1.0
Mem total: 1.69921875
Throughput: 148.0

Device (9) p4_9:
Rows total: 2.0
Mem total: 3.3984375
Throughput: 148.0

Device (10) p4_10:
Rows total: 1.0
Mem total: 1.69921875
Throughput: 148.0

Device (11) p4_11:
Rows total: 2.0
Mem total: 3.3984375
Throughput: 148.0

Device (12) p4_12:
Rows total: 1.0
Mem total: 1.69921875
Throughput: 148.0

Device (13) p4_13:
Rows total: 2.0
Mem total: 3.3984375
Throughput: 148.0

Device (14) p4_14:
Rows total: 1.0
Mem total: 1.69921875
Throughput: 148.0

Device (15) p4_15:
Rows total: 2.0
Mem total: 3.3984375
Throughput: 148.0

Device (16) p4_16:
Rows total: 1.0
Mem total: 1.69921875
Throughput: 148.0

Device (17) p4_17:
Rows total: 2.0
Mem total: 3.3984375
Throughput: 148.0

Device (18) p4_18:
Rows total: 1.0
Mem total: 1.69921875
Throughput: 148.0

Device (19) p4_19:
Rows total: 2.0
Mem total: 3.3984375
Throughput: 148.0

Device (20) cpu_1:
cores_sketch: 0.0, cores_dpdk: 6.999999999999973
Rows total: 0
Mem total: 0.0
Throughput: 97.99999999999999
--------------------------------------------------
Function: solve took 0.061971187591552734 seconds
