Function: get_partitions took 3.0040740966796875e-05 seconds
Function: map_flows_partitions took 4.76837158203125e-06 seconds
Using license file /home/anup/gurobi.lic
Academic license - for non-commercial use only
Building model with:
2 devices, 9 partitions and 1 flows
Adding frac and mem vars took: 0.0002970695495605469s
Adding coverage constraints took: 0.0003058910369873047s
Adding accuracy constraints took 0.0004153251647949219s
Adding load constraints took: 0.00035643577575683594s
Starting model update
Model update complete, took: 3.24249267578125e-05 s
Starting model optimize
--------------------------------------------------
Model update took: 3.24249267578125e-05 seconds
Model optimize took: 0.008288383483886719 seconds
--------------------------------------------------

Throughput: 80.0 Mpps, ns per packet: 12.5
Resources: 73.64426040649414
Used Cores: 7.0, Total CPUS: 1, Switch Memory: 84.9609375

Sketch (0) (cm: eps0: 6.25e-06, del0: 0.05, min_mem: 1698.9296875)
Par: 1, Rows: 1
(1.000,0)    (0.000,1)    
Total frac: 1.000
Par: 2, Rows: 1
(1.000,0)    (0.000,1)    
Total frac: 1.000
Par: 3, Rows: 1
(0.000,1)    (1.000,0)    
Total frac: 1.000

Sketch (1) (cm: eps0: 0.000625, del0: 0.05, min_mem: 16.9921875)
Par: 1, Rows: 1
(1.000,1)    (0.000,0)    
Total frac: 1.000
Par: 2, Rows: 1
(1.000,1)    (0.000,0)    
Total frac: 1.000
Par: 3, Rows: 1
(1.000,1)    (0.000,0)    
Total frac: 1.000

Sketch (2) (cm: eps0: 0.000625, del0: 0.05, min_mem: 16.9921875)
Par: 1, Rows: 1
(0.000,0)    (1.000,1)    
Total frac: 1.000
Par: 2, Rows: 1
(1.000,0)    (0.000,1)    
Total frac: 1.000
Par: 3, Rows: 1
(0.000,0)    (1.000,1)    
Total frac: 1.000

Device (0) cpu_1:
cores_sketch: 3.0, cores_dpdk: 4.0
Rows total: 4.0
Mem total: 5113.78125
Throughput: 80.0

Device (1) p4_1:
Rows total: 5.0
Mem total: 84.9609375
Throughput: 148.0
--------------------------------------------------
Function: solve took 0.016522884368896484 seconds
