Function: get_partitions took 1.9073486328125e-05 seconds
Function: map_flows_partitions took 4.0531158447265625e-06 seconds
Using license file /home/anup/gurobi.lic
Academic license - for non-commercial use only
Building model with:
2 devices, 3 partitions and 1 flows
Adding frac and mem vars took: 0.00025653839111328125s
Adding coverage constraints took: 0.00022554397583007812s
Adding accuracy constraints took 0.00017333030700683594s
Adding load constraints took: 0.00029277801513671875s
Starting model update
Model update complete, took: 3.933906555175781e-05 s
Starting model optimize
--------------------------------------------------
Model update took: 3.933906555175781e-05 seconds
Model optimize took: 0.004896402359008789 seconds
--------------------------------------------------

Throughput: 56.0000000000005 Mpps, ns per packet: 17.857142857142698
Resources: 73.11082744598389
Used Cores: 7.0, Total CPUS: 1, Switch Memory: 0.0

Sketch (0) (cm: eps0: 1.25e-06, del0: 0.05, min_mem: 8494.6328125)
Par: 1, Rows: 1
(1.000,0)    (0.000,1)    
Total frac: 1.000
Par: 2, Rows: 1
(1.000,0)    (0.000,1)    
Total frac: 1.000
Par: 3, Rows: 1
(0.000,1)    (1.000,0)    
Total frac: 1.000

Device (0) cpu_1:
cores_sketch: 5.0, cores_dpdk: 2.0
Rows total: 3.0
Mem total: 25483.8984375
Throughput: 56.0000000000005

Device (1) p4_1:
Rows total: 0.0
Mem total: 0.0
Throughput: 148.0
--------------------------------------------------
Function: solve took 0.01161813735961914 seconds
