Function: get_partitions took 0.0003879070281982422 seconds
Function: map_flows_partitions took 0.0006742477416992188 seconds
Using license file /home/anup/gurobi.lic
Academic license - for non-commercial use only
Building model with:
15 devices, 240 partitions and 400 flows
Adding frac and mem vars took: 0.029375791549682617s
Adding coverage constraints took: 0.01731276512145996s
Adding accuracy constraints took 0.05169034004211426s
Adding load constraints took: 0.016724348068237305s
Starting model update
Model update complete, took: 0.003299236297607422 s
Starting model optimize
--------------------------------------------------
Model update took: 0.003299236297607422 seconds
Model optimize took: 120.01683640480042 seconds
--------------------------------------------------

Sketch (0) (cm: eps0: 0.00625, del0: 0.05, min_mem: 1.69921875)
Par: 1, Rows: 1
(1.000,9)    (0.000,6)    (0.000,4)    (-0.000,2)    (-0.000,0)    (0.000,14)    (-0.000,12)    (0.000,10)    (-0.000,8)    (1.000,7)    (0.000,3)    (-0.000,1)    (0.000,13)    (-0.000,11)    
Total frac: 2.000
Par: 2, Rows: 1
(0.000,6)    (0.000,4)    (0.000,2)    (-0.000,0)    (1.000,7)    (0.000,14)    (-0.000,12)    (-0.000,3)    (0.000,10)    (-0.000,1)    (-0.000,8)    (0.000,13)    (-0.000,11)    (1.000,9)    
Total frac: 2.000
Par: 3, Rows: 1
(0.000,3)    (0.000,14)    (0.000,10)    (-0.000,11)    (0.000,4)    (-0.000,1)    (-0.000,0)    (0.000,13)    (-0.000,12)    (1.000,9)    (-0.000,8)    (0.000,6)    (1.000,7)    (-0.000,2)    
Total frac: 2.000

Sketch (1) (cm: eps0: 0.00625, del0: 0.05, min_mem: 1.69921875)
Par: 1, Rows: 1
(-0.000,11)    (-0.000,2)    (-0.000,14)    (-0.000,13)    (-0.000,9)    (-0.000,0)    (1.000,12)    (-0.000,8)    (-0.000,6)    
Total frac: 1.000
Par: 2, Rows: 1
(-0.000,8)    (-0.000,13)    (-0.000,11)    (0.000,9)    (-0.000,2)    (0.000,6)    (1.000,12)    (0.000,0)    (-0.000,14)    
Total frac: 1.000
Par: 3, Rows: 1
(-0.000,0)    (-0.000,14)    (-0.000,13)    (-0.000,8)    (-0.000,11)    (0.000,9)    (1.000,2)    (1.000,6)    (0.000,12)    
Total frac: 2.000

Sketch (2) (cm: eps0: 0.00625, del0: 0.05, min_mem: 1.69921875)
Par: 1, Rows: 1
(0.000,13)    (0.000,9)    (0.000,7)    (-0.000,2)    (1.000,3)    (-0.000,10)    (0.000,5)    (0.000,11)    (1.000,4)    
Total frac: 2.000
Par: 2, Rows: 1
(1.000,4)    (0.000,9)    (0.000,7)    (1.000,3)    (-0.000,2)    (-0.000,5)    (0.000,11)    (0.000,10)    (0.000,13)    
Total frac: 2.000
Par: 3, Rows: 1
(-0.000,2)    (0.000,9)    (1.000,4)    (0.000,7)    (-0.000,10)    (0.000,13)    (0.000,11)    (0.000,5)    (1.000,3)    
Total frac: 2.000

Sketch (3) (cm: eps0: 0.00625, del0: 0.05, min_mem: 1.69921875)
Par: 1, Rows: 1
(-0.000,9)    (0.000,6)    (1.000,2)    (-0.000,7)    (0.000,12)    (0.000,13)    (0.000,11)    (0.000,14)    
Total frac: 1.000
Par: 2, Rows: 1
(0.000,11)    (0.000,14)    (0.000,13)    (0.000,12)    (0.000,6)    (-0.000,7)    (1.000,2)    (0.000,9)    
Total frac: 1.000
Par: 3, Rows: 1
(0.000,13)    (0.000,14)    (-0.000,7)    (0.000,12)    (0.000,9)    (0.000,6)    (0.000,11)    (1.000,2)    
Total frac: 1.000

Sketch (4) (cm: eps0: 0.00625, del0: 0.05, min_mem: 1.69921875)
Par: 1, Rows: 1
(0.000,14)    (0.000,13)    (-0.000,1)    (0.000,8)    (0.000,11)    (-0.000,3)    (0.000,2)    (-0.000,6)    (-0.000,12)    (0.000,0)    (1.000,9)    
Total frac: 1.000
Par: 2, Rows: 1
(0.000,13)    (-0.000,1)    (0.000,11)    (0.000,14)    (0.000,3)    (0.000,8)    (1.000,9)    (-0.000,2)    (-0.000,6)    (-0.000,12)    (0.000,0)    
Total frac: 1.000
Par: 3, Rows: 1
(0.000,0)    (0.000,2)    (-0.000,6)    (1.000,9)    (0.000,8)    (0.000,11)    (-0.000,3)    (0.000,14)    (0.000,13)    (-0.000,1)    (-0.000,12)    
Total frac: 1.000

Sketch (5) (cm: eps0: 0.00625, del0: 0.05, min_mem: 1.69921875)
Par: 1, Rows: 1
(-0.000,7)    (-0.000,12)    (-0.000,0)    (-0.000,9)    (-0.000,2)    (-0.000,11)    (1.000,8)    (0.000,13)    (-0.000,1)    (0.000,14)    
Total frac: 1.000
Par: 2, Rows: 1
(-0.000,1)    (-0.000,12)    (1.000,8)    (-0.000,7)    (-0.000,2)    (0.000,13)    (-0.000,0)    (0.000,11)    (0.000,14)    (0.000,9)    
Total frac: 1.000
Par: 3, Rows: 1
(-0.000,7)    (0.000,12)    (1.000,8)    (0.000,13)    (-0.000,11)    (-0.000,9)    (-0.000,2)    (-0.000,0)    (0.000,14)    (-0.000,1)    
Total frac: 1.000

Sketch (6) (cm: eps0: 0.00625, del0: 0.05, min_mem: 1.69921875)
Par: 1, Rows: 1
(-0.000,5)    (-0.000,4)    (-0.000,13)    (-0.000,14)    (-0.000,12)    (-0.000,8)    (1.000,6)    (-0.000,7)    (1.000,10)    (0.000,0)    (-0.000,11)    
Total frac: 2.000
Par: 2, Rows: 1
(1.000,10)    (-0.000,0)    (0.000,13)    (-0.000,4)    (1.000,7)    (0.000,14)    (0.000,12)    (-0.000,8)    (0.000,6)    (-0.000,11)    (0.000,5)    
Total frac: 2.000
Par: 3, Rows: 1
(-0.000,13)    (-0.000,0)    (-0.000,11)    (-0.000,14)    (-0.000,4)    (-0.000,6)    (-0.000,12)    (1.000,10)    (1.000,7)    (0.000,5)    (-0.000,8)    
Total frac: 2.000

Sketch (7) (cm: eps0: 0.00625, del0: 0.05, min_mem: 1.69921875)
Par: 1, Rows: 1
(1.000,11)    (1.000,2)    (0.000,9)    (-0.000,0)    (0.000,14)    (-0.000,1)    (-0.000,6)    (-0.000,7)    (-0.000,5)    (-0.000,12)    (-0.000,10)    (-0.000,13)    (-0.000,8)    
Total frac: 2.000
Par: 2, Rows: 1
(-0.000,7)    (-0.000,8)    (0.000,6)    (-0.000,10)    (-0.000,1)    (-0.000,0)    (0.000,5)    (1.000,11)    (1.000,2)    (-0.000,13)    (-0.000,12)    (0.000,14)    (0.000,9)    
Total frac: 2.000
Par: 3, Rows: 1
(0.000,14)    (-0.000,1)    (-0.000,8)    (0.000,6)    (0.000,5)    (1.000,11)    (-0.000,10)    (-0.000,13)    (-0.000,0)    (1.000,2)    (0.000,9)    (-0.000,7)    (-0.000,12)    
Total frac: 2.000

Sketch (8) (cm: eps0: 0.00625, del0: 0.05, min_mem: 1.69921875)
Par: 1, Rows: 1
(0.000,4)    (0.000,10)    (-0.000,8)    (0.000,2)    (0.000,13)    (-0.000,0)    (0.000,11)    (0.000,5)    (-0.000,3)    (-0.000,6)    (0.000,14)    (0.000,9)    (0.000,1)    (1.000,12)    
Total frac: 1.000
Par: 2, Rows: 1
(1.000,12)    (0.000,4)    (-0.000,13)    (0.000,11)    (-0.000,5)    (-0.000,3)    (-0.000,10)    (-0.000,8)    (-0.000,2)    (-0.000,0)    (-0.000,9)    (-0.000,1)    (-0.000,6)    (-0.000,14)    
Total frac: 1.000
Par: 3, Rows: 1
(0.000,10)    (0.000,2)    (-0.000,13)    (-0.000,5)    (1.000,12)    (0.000,4)    (-0.000,6)    (-0.000,14)    (0.000,9)    (-0.000,1)    (-0.000,8)    (-0.000,0)    (0.000,11)    (0.000,3)    
Total frac: 1.000

Sketch (9) (cm: eps0: 0.00625, del0: 0.05, min_mem: 1.69921875)
Par: 1, Rows: 1
(1.000,7)    (0.000,12)    (0.000,9)    (-0.000,6)    (0.000,11)    (0.000,14)    (0.000,3)    (0.000,13)    
Total frac: 1.000
Par: 2, Rows: 1
(0.000,11)    (0.000,3)    (-0.000,6)    (0.000,12)    (0.000,14)    (0.000,9)    (1.000,7)    (0.000,13)    
Total frac: 1.000
Par: 3, Rows: 1
(0.000,9)    (0.000,6)    (1.000,7)    (0.000,12)    (0.000,14)    (0.000,13)    (-0.000,11)    (0.000,3)    
Total frac: 1.000

Sketch (10) (cm: eps0: 0.00625, del0: 0.05, min_mem: 1.69921875)
Par: 1, Rows: 1
(-0.000,14)    (-0.000,1)    (-0.000,8)    (-0.000,10)    (-0.000,13)    (-0.000,12)    (1.000,4)    
Total frac: 1.000
Par: 2, Rows: 1
(-0.000,1)    (0.000,14)    (0.000,8)    (0.000,13)    (-0.000,10)    (0.000,12)    (1.000,4)    
Total frac: 1.000
Par: 3, Rows: 1
(-0.000,12)    (-0.000,10)    (-0.000,8)    (0.000,1)    (-0.000,13)    (1.000,4)    (-0.000,14)    
Total frac: 1.000

Sketch (11) (cm: eps0: 0.00625, del0: 0.05, min_mem: 1.69921875)
Par: 1, Rows: 1
(-0.000,12)    (0.000,10)    (-0.000,13)    (-0.000,9)    (-0.000,4)    (1.000,2)    (-0.000,14)    (-0.000,5)    
Total frac: 1.000
Par: 2, Rows: 1
(-0.000,13)    (-0.000,12)    (0.000,9)    (1.000,2)    (-0.000,14)    (-0.000,5)    (-0.000,10)    (0.000,4)    
Total frac: 1.000
Par: 3, Rows: 1
(-0.000,4)    (0.000,13)    (-0.000,9)    (0.000,12)    (1.000,2)    (0.000,14)    (0.000,5)    (-0.000,10)    
Total frac: 1.000

Sketch (12) (cm: eps0: 0.00625, del0: 0.05, min_mem: 1.69921875)
Par: 1, Rows: 1
(1.000,4)    (-0.000,5)    (-0.000,10)    
Total frac: 1.000
Par: 2, Rows: 1
(1.000,4)    (-0.000,5)    (-0.000,10)    
Total frac: 1.000
Par: 3, Rows: 1
(-0.000,5)    (-0.000,10)    (1.000,4)    
Total frac: 1.000

Sketch (13) (cm: eps0: 0.00625, del0: 0.05, min_mem: 1.69921875)
Par: 1, Rows: 1
(-0.000,8)    (0.000,14)    (-0.000,11)    (0.000,1)    (0.000,13)    (0.000,7)    (-0.000,9)    (0.000,3)    (1.000,12)    (-0.000,2)    (-0.000,6)    
Total frac: 1.000
Par: 2, Rows: 1
(-0.000,1)    (-0.000,3)    (-0.000,8)    (0.000,13)    (-0.000,6)    (-0.000,11)    (0.000,2)    (-0.000,9)    (0.000,7)    (1.000,12)    (0.000,14)    
Total frac: 1.000
Par: 3, Rows: 1
(-0.000,12)    (-0.000,14)    (1.000,3)    (-0.000,13)    (-0.000,11)    (-0.000,8)    (-0.000,6)    (-0.000,2)    (-0.000,9)    (-0.000,7)    (1.000,1)    
Total frac: 2.000

Sketch (14) (cm: eps0: 0.00625, del0: 0.05, min_mem: 1.69921875)
Par: 1, Rows: 1
(-0.000,4)    (-0.000,13)    (0.000,6)    (-0.000,7)    (-0.000,12)    (0.000,2)    (1.000,9)    (-0.000,3)    (0.000,8)    (0.000,14)    (0.000,11)    (-0.000,0)    (-0.000,5)    (1.000,10)    
Total frac: 2.000
Par: 2, Rows: 1
(1.000,10)    (-0.000,4)    (0.000,6)    (-0.000,12)    (1.000,2)    (-0.000,9)    (0.000,3)    (0.000,11)    (0.000,8)    (0.000,14)    (-0.000,5)    (-0.000,13)    (-0.000,0)    (0.000,7)    
Total frac: 2.000
Par: 3, Rows: 1
(-0.000,0)    (-0.000,4)    (0.000,7)    (-0.000,12)    (-0.000,9)    (0.000,14)    (-0.000,5)    (1.000,10)    (-0.000,13)    (0.000,3)    (0.000,8)    (1.000,2)    (-0.000,6)    (0.000,11)    
Total frac: 2.000

Sketch (15) (cm: eps0: 0.00625, del0: 0.05, min_mem: 1.69921875)
Par: 1, Rows: 1
(-0.000,8)    (0.000,2)    (-0.000,6)    (0.000,7)    (-0.000,9)    (1.000,0)    (-0.000,4)    (0.000,1)    (-0.000,12)    (-0.000,5)    (0.000,14)    (1.000,13)    (-0.000,3)    (0.000,10)    (-0.000,11)    
Total frac: 2.000
Par: 2, Rows: 1
(-0.000,9)    (-0.000,3)    (-0.000,8)    (0.000,14)    (-0.000,11)    (0.000,1)    (-0.000,5)    (0.000,10)    (1.000,0)    (-0.000,4)    (1.000,13)    (0.000,7)    (0.000,12)    (-0.000,2)    (-0.000,6)    
Total frac: 2.000
Par: 3, Rows: 1
(-0.000,11)    (0.000,1)    (-0.000,5)    (-0.000,8)    (0.000,14)    (1.000,13)    (0.000,7)    (0.000,10)    (1.000,0)    (-0.000,4)    (-0.000,12)    (0.000,2)    (-0.000,6)    (-0.000,9)    (-0.000,3)    
Total frac: 2.000

Sketch (16) (cm: eps0: 0.00625, del0: 0.05, min_mem: 1.69921875)
Par: 1, Rows: 1
(-0.000,14)    (1.000,13)    (0.000,6)    (-0.000,11)    (0.000,9)    (-0.000,1)    (-0.000,7)    (-0.000,12)    (-0.000,5)    (-0.000,10)    (-0.000,3)    (0.000,8)    (-0.000,2)    
Total frac: 1.000
Par: 2, Rows: 1
(1.000,13)    (-0.000,2)    (-0.000,11)    (0.000,9)    (-0.000,14)    (0.000,1)    (0.000,6)    (0.000,7)    (-0.000,5)    (-0.000,3)    (-0.000,12)    (0.000,10)    (-0.000,8)    
Total frac: 1.000
Par: 3, Rows: 1
(-0.000,12)    (0.000,9)    (0.000,3)    (0.000,8)    (-0.000,1)    (0.000,5)    (-0.000,10)    (-0.000,11)    (0.000,2)    (-0.000,14)    (1.000,13)    (-0.000,6)    (0.000,7)    
Total frac: 1.000

Sketch (17) (cm: eps0: 0.00625, del0: 0.05, min_mem: 1.69921875)
Par: 1, Rows: 1
(-0.000,6)    (-0.000,12)    (0.000,8)    (0.000,11)    (-0.000,0)    (0.000,13)    (-0.000,2)    (1.000,9)    (0.000,14)    (-0.000,3)    
Total frac: 1.000
Par: 2, Rows: 1
(-0.000,12)    (-0.000,2)    (-0.000,3)    (0.000,8)    (-0.000,0)    (0.000,13)    (0.000,14)    (-0.000,6)    (0.000,11)    (1.000,9)    
Total frac: 1.000
Par: 3, Rows: 1
(0.000,3)    (-0.000,12)    (0.000,13)    (0.000,2)    (0.000,8)    (0.000,11)    (-0.000,0)    (1.000,9)    (0.000,14)    (-0.000,6)    
Total frac: 1.000

Sketch (18) (cm: eps0: 0.00625, del0: 0.05, min_mem: 1.69921875)
Par: 1, Rows: 1
(0.000,11)    (0.000,13)    (0.000,14)    (-0.000,7)    (0.000,12)    (1.000,6)    (0.000,9)    (1.000,3)    (0.000,8)    (0.000,1)    (-0.000,0)    (0.000,10)    (0.000,4)    
Total frac: 2.000
Par: 2, Rows: 1
(-0.000,0)    (0.000,10)    (0.000,4)    (0.000,13)    (0.000,7)    (0.000,9)    (0.000,14)    (1.000,3)    (0.000,12)    (0.000,1)    (1.000,6)    (0.000,8)    (-0.000,11)    
Total frac: 2.000
Par: 3, Rows: 1
(0.000,13)    (1.000,6)    (-0.000,11)    (0.000,14)    (0.000,1)    (0.000,4)    (0.000,9)    (0.000,7)    (0.000,12)    (-0.000,0)    (0.000,10)    (1.000,3)    (0.000,8)    
Total frac: 2.000

Sketch (19) (cm: eps0: 0.00625, del0: 0.05, min_mem: 1.69921875)
Par: 1, Rows: 1
(-0.000,10)    (0.000,8)    (-0.000,1)    (0.000,6)    (0.000,9)    (1.000,14)    (-0.000,7)    (0.000,4)    (-0.000,12)    (-0.000,5)    (0.000,3)    (-0.000,13)    (-0.000,2)    (-0.000,11)    (0.000,0)    
Total frac: 1.000
Par: 2, Rows: 1
(0.000,1)    (0.000,0)    (-0.000,9)    (0.000,3)    (-0.000,8)    (-0.000,11)    (-0.000,2)    (-0.000,5)    (0.000,10)    (0.000,4)    (-0.000,13)    (0.000,6)    (-0.000,7)    (-0.000,12)    (1.000,14)    
Total frac: 1.000
Par: 3, Rows: 1
(-0.000,12)    (-0.000,9)    (1.000,14)    (0.000,3)    (-0.000,11)    (0.000,0)    (0.000,8)    (-0.000,5)    (-0.000,13)    (-0.000,2)    (-0.000,7)    (0.000,10)    (0.000,4)    (-0.000,1)    (0.000,6)    
Total frac: 1.000

Sketch (20) (cm: eps0: 0.00625, del0: 0.05, min_mem: 1.69921875)
Par: 1, Rows: 1
(0.000,9)    (0.000,2)    (-0.000,5)    (-0.000,10)    (-0.000,0)    (-0.000,13)    (0.000,8)    (-0.000,6)    (-0.000,11)    (1.000,14)    (0.000,7)    (-0.000,12)    
Total frac: 1.000
Par: 2, Rows: 1
(0.000,12)    (-0.000,5)    (-0.000,13)    (0.000,2)    (-0.000,10)    (0.000,11)    (-0.000,0)    (0.000,8)    (-0.000,6)    (0.000,7)    (0.000,9)    (1.000,14)    
Total frac: 1.000
Par: 3, Rows: 1
(0.000,5)    (-0.000,10)    (-0.000,13)    (0.000,7)    (0.000,12)    (-0.000,6)    (1.000,14)    (-0.000,0)    (0.000,9)    (0.000,8)    (0.000,2)    (0.000,11)    
Total frac: 1.000

Sketch (21) (cm: eps0: 0.00625, del0: 0.05, min_mem: 1.69921875)
Par: 1, Rows: 1
(0.000,8)    (-0.000,13)    (-0.000,2)    (0.000,7)    (0.000,10)    (1.000,4)    (-0.000,12)    (-0.000,1)    (1.000,6)    (1.000,9)    (-0.000,14)    (-0.000,3)    (-0.000,11)    (0.000,5)    
Total frac: 3.000
Par: 2, Rows: 1
(-0.000,1)    (-0.000,2)    (-0.000,13)    (-0.000,14)    (1.000,11)    (-0.000,12)    (-0.000,9)    (1.000,10)    (0.000,8)    (0.000,7)    (-0.000,5)    (0.000,6)    (1.000,3)    (-0.000,4)    
Total frac: 3.000
Par: 3, Rows: 1
(-0.000,11)    (1.000,6)    (1.000,9)    (-0.000,4)    (-0.000,2)    (-0.000,14)    (-0.000,12)    (-0.000,10)    (0.000,8)    (-0.000,7)    (1.000,5)    (-0.000,3)    (-0.000,1)    (-0.000,13)    
Total frac: 3.000

Sketch (22) (cm: eps0: 0.00625, del0: 0.05, min_mem: 1.69921875)
Par: 1, Rows: 1
(1.000,7)    (-0.000,3)    (-0.000,4)    (-0.000,11)    (-0.000,12)    (0.000,8)    (-0.000,5)    (-0.000,6)    (0.000,1)    (-0.000,2)    (1.000,13)    (-0.000,14)    (-0.000,9)    (0.000,10)    
Total frac: 2.000
Par: 2, Rows: 1
(-0.000,3)    (0.000,10)    (0.000,11)    (-0.000,4)    (-0.000,5)    (0.000,1)    (1.000,12)    (-0.000,13)    (0.000,8)    (1.000,6)    (-0.000,9)    (-0.000,2)    (-0.000,7)    (-0.000,14)    
Total frac: 2.000
Par: 3, Rows: 1
(-0.000,7)    (-0.000,5)    (-0.000,4)    (-0.000,2)    (0.000,6)    (-0.000,3)    (-0.000,13)    (0.000,1)    (0.000,12)    (1.000,10)    (0.000,14)    (1.000,11)    (-0.000,9)    (0.000,8)    
Total frac: 2.000

Sketch (23) (cm: eps0: 0.00625, del0: 0.05, min_mem: 1.69921875)
Par: 1, Rows: 1
(-0.000,8)    (-0.000,5)    (-0.000,3)    (0.000,13)    (-0.000,1)    (0.000,4)    (0.000,2)    (-0.000,9)    (1.000,12)    (0.000,0)    (-0.000,10)    (0.000,14)    
Total frac: 1.000
Par: 2, Rows: 1
(-0.000,5)    (0.000,2)    (-0.000,8)    (-0.000,13)    (0.000,1)    (-0.000,10)    (-0.000,14)    (0.000,9)    (-0.000,4)    (0.000,3)    (1.000,12)    (0.000,0)    
Total frac: 1.000
Par: 3, Rows: 1
(1.000,12)    (0.000,0)    (0.000,13)    (-0.000,1)    (-0.000,2)    (-0.000,8)    (0.000,9)    (-0.000,10)    (0.000,14)    (0.000,3)    (0.000,4)    (0.000,5)    
Total frac: 1.000

Sketch (24) (cm: eps0: 0.00625, del0: 0.05, min_mem: 1.69921875)
Par: 1, Rows: 1
(0.000,11)    (1.000,12)    (-0.000,5)    (-0.000,3)    (-0.000,4)    (-0.000,14)    (-0.000,9)    (0.000,10)    (0.000,8)    (0.000,7)    (0.000,6)    (0.000,1)    (0.000,2)    (-0.000,0)    (-0.000,13)    
Total frac: 1.000
Par: 2, Rows: 1
(-0.000,2)    (0.000,0)    (1.000,12)    (0.000,9)    (0.000,4)    (0.000,14)    (-0.000,7)    (0.000,10)    (0.000,8)    (-0.000,1)    (0.000,13)    (0.000,11)    (0.000,5)    (0.000,6)    (0.000,3)    
Total frac: 1.000
Par: 3, Rows: 1
(-0.000,14)    (-0.000,9)    (0.000,10)    (-0.000,0)    (0.000,11)    (1.000,12)    (-0.000,3)    (0.000,4)    (-0.000,6)    (0.000,1)    (-0.000,2)    (-0.000,13)    (0.000,8)    (0.000,5)    (-0.000,7)    
Total frac: 1.000

Sketch (25) (cm: eps0: 0.00625, del0: 0.05, min_mem: 1.69921875)
Par: 1, Rows: 1
(-0.000,14)    (-0.000,11)    (0.000,3)    (-0.000,10)    (0.000,0)    (1.000,12)    (-0.000,13)    (0.000,4)    (-0.000,5)    (-0.000,2)    (-0.000,7)    (0.000,8)    (-0.000,9)    
Total frac: 1.000
Par: 2, Rows: 1
(-0.000,8)    (-0.000,7)    (0.000,2)    (-0.000,13)    (1.000,12)    (-0.000,5)    (0.000,0)    (0.000,4)    (0.000,11)    (0.000,3)    (0.000,10)    (-0.000,14)    (0.000,9)    
Total frac: 1.000
Par: 3, Rows: 1
(-0.000,14)    (-0.000,8)    (-0.000,13)    (0.000,5)    (0.000,2)    (0.000,11)    (-0.000,3)    (1.000,12)    (-0.000,0)    (-0.000,4)    (0.000,9)    (0.000,7)    (-0.000,10)    
Total frac: 1.000

Sketch (26) (cm: eps0: 0.00625, del0: 0.05, min_mem: 1.69921875)
Par: 1, Rows: 1
(0.000,2)    (-0.000,6)    (-0.000,13)    (-0.000,1)    (1.000,5)    (1.000,8)    (-0.000,10)    (-0.000,14)    (0.000,9)    (-0.000,12)    (0.000,0)    (0.000,4)    (-0.000,11)    (-0.000,3)    
Total frac: 2.000
Par: 2, Rows: 1
(1.000,5)    (0.000,2)    (-0.000,6)    (1.000,8)    (0.000,9)    (-0.000,10)    (0.000,14)    (-0.000,11)    (0.000,3)    (0.000,12)    (-0.000,0)    (0.000,13)    (0.000,4)    (-0.000,1)    
Total frac: 2.000
Par: 3, Rows: 1
(-0.000,1)    (0.000,2)    (0.000,0)    (-0.000,14)    (1.000,5)    (-0.000,6)    (-0.000,3)    (0.000,4)    (-0.000,13)    (-0.000,11)    (-0.000,12)    (0.000,9)    (-0.000,10)    (1.000,8)    
Total frac: 2.000

Sketch (27) (cm: eps0: 0.00625, del0: 0.05, min_mem: 1.69921875)
Par: 1, Rows: 1
(-0.000,12)    (-0.000,10)    (-0.000,8)    (-0.000,5)    (0.000,2)    (-0.000,3)    (1.000,0)    (0.000,14)    (1.000,13)    (-0.000,11)    (-0.000,6)    (-0.000,9)    (-0.000,4)    
Total frac: 2.000
Par: 2, Rows: 1
(-0.000,2)    (0.000,14)    (-0.000,11)    (-0.000,12)    (-0.000,8)    (-0.000,5)    (-0.000,6)    (1.000,13)    (0.000,9)    (-0.000,10)    (1.000,0)    (0.000,3)    (0.000,4)    
Total frac: 2.000
Par: 3, Rows: 1
(-0.000,11)    (-0.000,4)    (-0.000,5)    (0.000,2)    (0.000,14)    (0.000,12)    (1.000,13)    (-0.000,8)    (0.000,6)    (1.000,9)    (-0.000,3)    (-0.000,10)    (-0.000,0)    
Total frac: 2.000

Sketch (28) (cm: eps0: 0.00625, del0: 0.05, min_mem: 1.69921875)
Par: 1, Rows: 1
(0.000,5)    (0.000,14)    (1.000,4)    (-0.000,6)    (-0.000,3)    (-0.000,13)    (-0.000,12)    (-0.000,10)    (0.000,11)    (-0.000,9)    (1.000,8)    (-0.000,2)    (-0.000,1)    (-0.000,7)    (-0.000,0)    
Total frac: 2.000
Par: 2, Rows: 1
(-0.000,3)    (-0.000,13)    (-0.000,0)    (0.000,14)    (1.000,4)    (-0.000,11)    (-0.000,6)    (-0.000,9)    (-0.000,12)    (-0.000,10)    (1.000,8)    (-0.000,1)    (0.000,7)    (-0.000,5)    (-0.000,2)    
Total frac: 2.000
Par: 3, Rows: 1
(-0.000,10)    (-0.000,9)    (0.000,7)    (-0.000,0)    (1.000,4)    (-0.000,2)    (-0.000,3)    (-0.000,12)    (-0.000,1)    (-0.000,5)    (0.000,14)    (-0.000,11)    (1.000,8)    (-0.000,6)    (0.000,13)    
Total frac: 2.000

Sketch (29) (cm: eps0: 0.00625, del0: 0.05, min_mem: 1.69921875)
Par: 1, Rows: 1
(0.000,8)    (0.000,9)    (-0.000,7)    (1.000,10)    (0.000,0)    (-0.000,4)    (-0.000,5)    (0.000,11)    (-0.000,2)    (0.000,12)    (-0.000,13)    (0.000,14)    
Total frac: 1.000
Par: 2, Rows: 1
(-0.000,9)    (1.000,10)    (0.000,8)    (0.000,2)    (0.000,0)    (-0.000,7)    (0.000,14)    (-0.000,13)    (0.000,11)    (0.000,12)    (-0.000,5)    (-0.000,4)    
Total frac: 1.000
Par: 3, Rows: 1
(-0.000,7)    (1.000,10)    (0.000,8)    (-0.000,2)    (0.000,0)    (-0.000,13)    (-0.000,11)    (0.000,5)    (0.000,14)    (0.000,12)    (0.000,9)    (-0.000,4)    
Total frac: 1.000

Sketch (30) (cm: eps0: 0.00625, del0: 0.05, min_mem: 1.69921875)
Par: 1, Rows: 1
(-0.000,11)    (-0.000,12)    (0.000,3)    (0.000,4)    (-0.000,6)    (1.000,14)    (0.000,13)    (0.000,8)    (0.000,7)    (-0.000,9)    (-0.000,10)    (-0.000,1)    (-0.000,2)    
Total frac: 1.000
Par: 2, Rows: 1
(-0.000,2)    (-0.000,12)    (1.000,13)    (0.000,4)    (-0.000,6)    (-0.000,14)    (0.000,7)    (0.000,8)    (-0.000,9)    (-0.000,1)    (-0.000,11)    (-0.000,3)    (-0.000,10)    
Total frac: 1.000
Par: 3, Rows: 1
(-0.000,6)    (-0.000,13)    (-0.000,12)    (1.000,14)    (0.000,4)    (-0.000,11)    (0.000,3)    (-0.000,10)    (-0.000,2)    (-0.000,9)    (0.000,8)    (-0.000,1)    (0.000,7)    
Total frac: 1.000

Sketch (31) (cm: eps0: 0.00625, del0: 0.05, min_mem: 1.69921875)
Par: 1, Rows: 1
(-0.000,5)    (-0.000,11)    (-0.000,6)    (-0.000,12)    (-0.000,14)    (0.000,9)    (0.000,1)    (0.000,7)    (0.000,10)    (-0.000,2)    (-0.000,8)    (1.000,13)    (0.000,0)    
Total frac: 1.000
Par: 2, Rows: 1
(-0.000,8)    (0.000,7)    (0.000,0)    (-0.000,10)    (0.000,2)    (0.000,9)    (-0.000,12)    (0.000,1)    (-0.000,11)    (-0.000,6)    (-0.000,13)    (-0.000,5)    (1.000,14)    
Total frac: 1.000
Par: 3, Rows: 1
(1.000,14)    (0.000,8)    (0.000,9)    (0.000,0)    (-0.000,1)    (0.000,10)    (-0.000,11)    (0.000,2)    (0.000,12)    (-0.000,13)    (-0.000,5)    (0.000,6)    (-0.000,7)    
Total frac: 1.000

Sketch (32) (cm: eps0: 0.00625, del0: 0.05, min_mem: 1.69921875)
Par: 1, Rows: 1
(0.000,7)    (0.000,5)    (-0.000,6)    (0.000,3)    (-0.000,4)    (1.000,1)    (-0.000,2)    (-0.000,0)    (-0.000,14)    (-0.000,13)    (0.000,11)    (-0.000,12)    (1.000,9)    (0.000,10)    (-0.000,8)    
Total frac: 2.000
Par: 2, Rows: 1
(-0.000,10)    (-0.000,8)    (0.000,7)    (0.000,5)    (-0.000,3)    (1.000,1)    (-0.000,6)    (-0.000,4)    (-0.000,2)    (-0.000,13)    (-0.000,0)    (0.000,11)    (-0.000,14)    (1.000,9)    (-0.000,12)    
Total frac: 2.000
Par: 3, Rows: 1
(-0.000,6)    (0.000,11)    (-0.000,12)    (1.000,1)    (-0.000,2)    (-0.000,8)    (-0.000,14)    (-0.000,13)    (0.000,7)    (1.000,9)    (0.000,10)    (-0.000,3)    (-0.000,4)    (0.000,0)    (0.000,5)    
Total frac: 2.000

Sketch (33) (cm: eps0: 0.00625, del0: 0.05, min_mem: 1.69921875)
Par: 1, Rows: 1
(-0.000,12)    (0.000,2)    (0.000,13)    (1.000,8)    (0.000,14)    (-0.000,9)    (0.000,10)    (-0.000,5)    (-0.000,0)    (-0.000,1)    
Total frac: 1.000
Par: 2, Rows: 1
(-0.000,0)    (0.000,14)    (0.000,13)    (-0.000,12)    (0.000,10)    (-0.000,9)    (1.000,8)    (-0.000,5)    (-0.000,2)    (-0.000,1)    
Total frac: 1.000
Par: 3, Rows: 1
(0.000,13)    (-0.000,0)    (0.000,14)    (0.000,9)    (-0.000,12)    (0.000,10)    (-0.000,5)    (1.000,8)    (-0.000,1)    (0.000,2)    
Total frac: 1.000

Sketch (34) (cm: eps0: 0.00625, del0: 0.05, min_mem: 1.69921875)
Par: 1, Rows: 1
(-0.000,4)    (0.000,9)    (-0.000,3)    (-0.000,0)    (-0.000,5)    (1.000,12)    (1.000,6)    (-0.000,11)    (-0.000,1)    (-0.000,8)    (-0.000,14)    (-0.000,13)    (-0.000,7)    (-0.000,10)    
Total frac: 2.000
Par: 2, Rows: 1
(0.000,3)    (0.000,10)    (1.000,4)    (-0.000,5)    (1.000,0)    (-0.000,11)    (-0.000,1)    (-0.000,12)    (-0.000,13)    (0.000,6)    (1.000,7)    (-0.000,8)    (-0.000,14)    (0.000,9)    
Total frac: 3.000
Par: 3, Rows: 1
(-0.000,10)    (1.000,7)    (-0.000,8)    (-0.000,6)    (-0.000,1)    (1.000,0)    (-0.000,5)    (0.000,3)    (1.000,4)    (-0.000,13)    (-0.000,11)    (-0.000,12)    (-0.000,14)    (0.000,9)    
Total frac: 3.000

Sketch (35) (cm: eps0: 0.00625, del0: 0.05, min_mem: 1.69921875)
Par: 1, Rows: 1
(0.000,1)    (-0.000,10)    (-0.000,8)    (1.000,3)    (-0.000,2)    (1.000,13)    (-0.000,0)    (-0.000,11)    (0.000,4)    (-0.000,12)    (0.000,14)    (-0.000,9)    (0.000,7)    
Total frac: 2.000
Par: 2, Rows: 1
(1.000,13)    (0.000,7)    (-0.000,8)    (0.000,14)    (-0.000,0)    (-0.000,9)    (-0.000,10)    (1.000,3)    (-0.000,4)    (-0.000,11)    (0.000,12)    (0.000,1)    (-0.000,2)    
Total frac: 2.000
Par: 3, Rows: 1
(-0.000,12)    (-0.000,2)    (1.000,13)    (0.000,7)    (-0.000,8)    (0.000,14)    (-0.000,9)    (1.000,3)    (-0.000,0)    (-0.000,11)    (0.000,1)    (-0.000,10)    (-0.000,4)    
Total frac: 2.000

Sketch (36) (cm: eps0: 0.00625, del0: 0.05, min_mem: 1.69921875)
Par: 1, Rows: 1
(-0.000,13)    (0.000,12)    (-0.000,11)    (0.000,14)    (1.000,10)    (-0.000,7)    (0.000,9)    (0.000,8)    (0.000,2)    (0.000,6)    (0.000,1)    (0.000,5)    (0.000,0)    (-0.000,4)    
Total frac: 1.000
Par: 2, Rows: 1
(0.000,0)    (0.000,11)    (-0.000,4)    (0.000,12)    (-0.000,7)    (0.000,14)    (0.000,9)    (1.000,10)    (0.000,1)    (-0.000,5)    (0.000,8)    (0.000,2)    (-0.000,13)    (-0.000,6)    
Total frac: 1.000
Par: 3, Rows: 1
(1.000,10)    (0.000,0)    (-0.000,4)    (0.000,9)    (0.000,12)    (0.000,2)    (0.000,6)    (0.000,11)    (0.000,1)    (0.000,5)    (-0.000,13)    (-0.000,7)    (0.000,8)    (0.000,14)    
Total frac: 1.000

Sketch (37) (cm: eps0: 0.00625, del0: 0.05, min_mem: 1.69921875)
Par: 1, Rows: 1
(-0.000,8)    (0.000,14)    (-0.000,9)    (0.000,10)    (-0.000,0)    (-0.000,11)    (-0.000,4)    (1.000,1)    (1.000,5)    (0.000,12)    (0.000,2)    (0.000,13)    (1.000,6)    (-0.000,7)    
Total frac: 3.000
Par: 2, Rows: 1
(-0.000,4)    (0.000,13)    (-0.000,11)    (0.000,12)    (0.000,9)    (-0.000,10)    (-0.000,8)    (-0.000,1)    (0.000,2)    (1.000,0)    (0.000,14)    (0.000,7)    (1.000,5)    (1.000,6)    
Total frac: 3.000
Par: 3, Rows: 1
(1.000,6)    (-0.000,4)    (0.000,13)    (-0.000,11)    (0.000,9)    (-0.000,1)    (0.000,12)    (-0.000,10)    (-0.000,8)    (-0.000,7)    (1.000,5)    (-0.000,2)    (1.000,0)    (0.000,14)    
Total frac: 3.000

Sketch (38) (cm: eps0: 0.00625, del0: 0.05, min_mem: 1.69921875)
Par: 1, Rows: 1
(1.000,0)    (0.000,13)    (-0.000,7)    (-0.000,9)    (-0.000,10)    (-0.000,3)    (-0.000,4)    (0.000,2)    (0.000,14)    (0.000,5)    (0.000,6)    (1.000,11)    (0.000,12)    (-0.000,8)    
Total frac: 2.000
Par: 2, Rows: 1
(-0.000,8)    (0.000,7)    (-0.000,9)    (-0.000,3)    (1.000,0)    (-0.000,10)    (0.000,4)    (0.000,5)    (0.000,2)    (1.000,11)    (0.000,14)    (0.000,6)    (0.000,12)    (0.000,13)    
Total frac: 2.000
Par: 3, Rows: 1
(1.000,11)    (-0.000,9)    (-0.000,2)    (-0.000,8)    (-0.000,7)    (1.000,0)    (0.000,5)    (0.000,14)    (-0.000,4)    (0.000,6)    (-0.000,3)    (0.000,13)    (-0.000,12)    (0.000,10)    
Total frac: 2.000

Sketch (39) (cm: eps0: 0.00625, del0: 0.05, min_mem: 1.69921875)
Par: 1, Rows: 1
(-0.000,12)    (0.000,10)    (-0.000,1)    (-0.000,7)    (0.000,5)    (-0.000,8)    (-0.000,14)    (-0.000,4)    (-0.000,13)    (0.000,6)    (1.000,11)    
Total frac: 1.000
Par: 2, Rows: 1
(0.000,5)    (-0.000,14)    (-0.000,12)    (0.000,6)    (1.000,11)    (-0.000,8)    (-0.000,13)    (0.000,7)    (0.000,10)    (0.000,4)    (0.000,1)    
Total frac: 1.000
Par: 3, Rows: 1
(1.000,11)    (-0.000,14)    (-0.000,12)    (-0.000,13)    (0.000,6)    (-0.000,7)    (-0.000,8)    (0.000,10)    (0.000,1)    (-0.000,4)    (0.000,5)    
Total frac: 1.000

Sketch (40) (cm: eps0: 0.00625, del0: 0.05, min_mem: 1.69921875)
Par: 1, Rows: 1
(-0.000,3)    (-0.000,4)    (1.000,13)    (-0.000,11)    (-0.000,12)    (-0.000,2)    (-0.000,9)    (-0.000,10)    (-0.000,7)    (-0.000,14)    
Total frac: 1.000
Par: 2, Rows: 1
(-0.000,3)    (1.000,13)    (-0.000,14)    (-0.000,11)    (0.000,4)    (-0.000,12)    (-0.000,9)    (-0.000,7)    (0.000,2)    (-0.000,10)    
Total frac: 1.000
Par: 3, Rows: 1
(-0.000,7)    (-0.000,2)    (0.000,9)    (-0.000,10)    (-0.000,3)    (-0.000,4)    (-0.000,11)    (-0.000,12)    (-0.000,14)    (1.000,13)    
Total frac: 1.000

Sketch (41) (cm: eps0: 0.00625, del0: 0.05, min_mem: 1.69921875)
Par: 1, Rows: 1
(-0.000,1)    (0.000,8)    (0.000,9)    (1.000,3)    (-0.000,2)    (-0.000,11)    (1.000,10)    (0.000,4)    (0.000,5)    (0.000,12)    (0.000,13)    (0.000,14)    (-0.000,7)    
Total frac: 2.000
Par: 2, Rows: 1
(-0.000,1)    (1.000,10)    (-0.000,7)    (-0.000,9)    (0.000,8)    (-0.000,5)    (0.000,14)    (0.000,4)    (-0.000,13)    (1.000,3)    (0.000,12)    (-0.000,11)    (-0.000,2)    
Total frac: 2.000
Par: 3, Rows: 1
(-0.000,7)    (0.000,9)    (-0.000,2)    (1.000,10)    (-0.000,5)    (0.000,8)    (-0.000,13)    (1.000,3)    (0.000,14)    (-0.000,11)    (0.000,4)    (0.000,12)    (-0.000,1)    
Total frac: 2.000

Sketch (42) (cm: eps0: 0.00625, del0: 0.05, min_mem: 1.69921875)
Par: 1, Rows: 1
(-0.000,12)    (-0.000,6)    (0.000,11)    (-0.000,14)    (-0.000,13)    (1.000,0)    (-0.000,8)    (-0.000,10)    (-0.000,4)    
Total frac: 1.000
Par: 2, Rows: 1
(0.000,11)    (-0.000,4)    (-0.000,12)    (-0.000,13)    (0.000,6)    (-0.000,14)    (1.000,0)    (-0.000,8)    (-0.000,10)    
Total frac: 1.000
Par: 3, Rows: 1
(-0.000,10)    (0.000,11)    (-0.000,13)    (0.000,4)    (-0.000,6)    (1.000,0)    (-0.000,12)    (-0.000,14)    (0.000,8)    
Total frac: 1.000

Sketch (43) (cm: eps0: 0.00625, del0: 0.05, min_mem: 1.69921875)
Par: 1, Rows: 1
(0.000,12)    (0.000,3)    (1.000,14)    (0.000,5)    (-0.000,8)    (0.000,10)    (-0.000,11)    (-0.000,13)    (0.000,9)    (0.000,6)    (-0.000,0)    (-0.000,7)    (-0.000,2)    
Total frac: 1.000
Par: 2, Rows: 1
(-0.000,0)    (0.000,13)    (-0.000,12)    (0.000,9)    (-0.000,8)    (-0.000,7)    (0.000,6)    (-0.000,3)    (-0.000,2)    (1.000,14)    (-0.000,11)    (0.000,10)    (-0.000,5)    
Total frac: 1.000
Par: 3, Rows: 1
(-0.000,13)    (0.000,9)    (-0.000,0)    (-0.000,7)    (-0.000,12)    (-0.000,3)    (-0.000,8)    (0.000,6)    (-0.000,11)    (-0.000,2)    (1.000,14)    (-0.000,5)    (0.000,10)    
Total frac: 1.000

Sketch (44) (cm: eps0: 0.00625, del0: 0.05, min_mem: 1.69921875)
Par: 1, Rows: 1
(-0.000,4)    (-0.000,10)    (1.000,5)    
Total frac: 1.000
Par: 2, Rows: 1
(1.000,4)    (0.000,5)    (-0.000,10)    
Total frac: 1.000
Par: 3, Rows: 1
(-0.000,10)    (-0.000,5)    (1.000,4)    
Total frac: 1.000

Sketch (45) (cm: eps0: 0.00625, del0: 0.05, min_mem: 1.69921875)
Par: 1, Rows: 1
(-0.000,2)    (0.000,6)    (0.000,11)    (0.000,14)    (0.000,13)    (0.000,1)    (-0.000,9)    (-0.000,12)    (-0.000,0)    (-0.000,3)    (1.000,8)    
Total frac: 1.000
Par: 2, Rows: 1
(-0.000,14)    (1.000,8)    (-0.000,1)    (-0.000,11)    (-0.000,13)    (-0.000,3)    (-0.000,6)    (-0.000,0)    (0.000,2)    (0.000,9)    (-0.000,12)    
Total frac: 1.000
Par: 3, Rows: 1
(0.000,1)    (-0.000,11)    (-0.000,13)    (-0.000,3)    (-0.000,14)    (1.000,8)    (0.000,9)    (-0.000,6)    (-0.000,0)    (-0.000,2)    (-0.000,12)    
Total frac: 1.000

Sketch (46) (cm: eps0: 0.00625, del0: 0.05, min_mem: 1.69921875)
Par: 1, Rows: 1
(-0.000,12)    (-0.000,5)    (1.000,4)    (-0.000,7)    (-0.000,6)    (0.000,2)    (-0.000,9)    (-0.000,8)    (1.000,11)    (0.000,3)    (-0.000,14)    (1.000,1)    (-0.000,10)    (-0.000,0)    (-0.000,13)    
Total frac: 3.000
Par: 2, Rows: 1
(-0.000,10)    (0.000,0)    (-0.000,7)    (-0.000,12)    (1.000,4)    (-0.000,9)    (-0.000,6)    (1.000,11)    (-0.000,3)    (0.000,2)    (-0.000,8)    (1.000,1)    (-0.000,13)    (-0.000,14)    (-0.000,5)    
Total frac: 3.000
Par: 3, Rows: 1
(0.000,2)    (-0.000,6)    (-0.000,12)    (-0.000,0)    (1.000,4)    (0.000,9)    (-0.000,7)    (-0.000,10)    (-0.000,14)    (-0.000,13)    (-0.000,8)    (1.000,1)    (0.000,5)    (1.000,11)    (0.000,3)    
Total frac: 3.000

Sketch (47) (cm: eps0: 0.00625, del0: 0.05, min_mem: 1.69921875)
Par: 1, Rows: 1
(0.000,9)    (-0.000,7)    (1.000,2)    (-0.000,12)    (0.000,4)    (-0.000,13)    (0.000,5)    (-0.000,11)    (0.000,10)    (-0.000,14)    
Total frac: 1.000
Par: 2, Rows: 1
(-0.000,11)    (0.000,10)    (-0.000,14)    (-0.000,13)    (-0.000,12)    (0.000,5)    (0.000,4)    (-0.000,7)    (1.000,2)    (-0.000,9)    
Total frac: 1.000
Par: 3, Rows: 1
(-0.000,13)    (0.000,5)    (0.000,10)    (-0.000,7)    (-0.000,14)    (-0.000,12)    (0.000,4)    (-0.000,9)    (1.000,2)    (-0.000,11)    
Total frac: 1.000

Sketch (48) (cm: eps0: 0.00625, del0: 0.05, min_mem: 1.69921875)
Par: 1, Rows: 1
(0.000,0)    (-0.000,11)    (-0.000,2)    (-0.000,13)    (0.000,14)    (-0.000,9)    (-0.000,4)    (-0.000,6)    (0.000,12)    (-0.000,1)    (1.000,8)    (0.000,10)    (-0.000,3)    (1.000,5)    
Total frac: 2.000
Par: 2, Rows: 1
(-0.000,9)    (0.000,0)    (-0.000,2)    (0.000,14)    (0.000,4)    (0.000,1)    (0.000,6)    (0.000,12)    (-0.000,3)    (1.000,5)    (1.000,8)    (-0.000,10)    (-0.000,11)    (-0.000,13)    
Total frac: 2.000
Par: 3, Rows: 1
(0.000,6)    (-0.000,3)    (-0.000,1)    (-0.000,0)    (-0.000,11)    (-0.000,10)    (1.000,5)    (0.000,4)    (0.000,2)    (-0.000,13)    (0.000,12)    (0.000,14)    (0.000,9)    (1.000,8)    
Total frac: 2.000

Sketch (49) (cm: eps0: 0.00625, del0: 0.05, min_mem: 1.69921875)
Par: 1, Rows: 1
(-0.000,3)    (0.000,14)    (-0.000,8)    (0.000,1)    (0.000,6)    (-0.000,11)    (1.000,5)    (1.000,0)    (-0.000,10)    (0.000,13)    (-0.000,4)    (0.000,9)    (1.000,7)    (-0.000,12)    
Total frac: 3.000
Par: 2, Rows: 1
(-0.000,10)    (1.000,7)    (0.000,1)    (-0.000,8)    (1.000,5)    (-0.000,3)    (0.000,13)    (1.000,0)    (-0.000,11)    (-0.000,4)    (0.000,14)    (0.000,9)    (0.000,6)    (-0.000,12)    
Total frac: 3.000
Par: 3, Rows: 1
(1.000,7)    (0.000,1)    (0.000,6)    (-0.000,12)    (1.000,5)    (-0.000,10)    (0.000,3)    (-0.000,8)    (0.000,13)    (-0.000,11)    (0.000,9)    (1.000,0)    (-0.000,4)    (0.000,14)    
Total frac: 3.000

Sketch (50) (cm: eps0: 0.00625, del0: 0.05, min_mem: 1.69921875)
Par: 1, Rows: 1
(0.000,5)    (0.000,2)    (0.000,13)    (0.000,12)    (0.000,7)    (1.000,14)    (0.000,9)    (0.000,8)    (-0.000,6)    (-0.000,3)    (0.000,10)    (0.000,1)    (0.000,0)    (0.000,11)    
Total frac: 1.000
Par: 2, Rows: 1
(0.000,0)    (-0.000,13)    (-0.000,7)    (-0.000,2)    (-0.000,9)    (-0.000,12)    (0.000,3)    (1.000,14)    (0.000,8)    (-0.000,1)    (-0.000,6)    (-0.000,11)    (-0.000,5)    (0.000,10)    
Total frac: 1.000
Par: 3, Rows: 1
(-0.000,3)    (-0.000,5)    (-0.000,6)    (1.000,14)    (-0.000,9)    (-0.000,12)    (-0.000,1)    (-0.000,7)    (0.000,8)    (0.000,10)    (0.000,0)    (0.000,11)    (-0.000,2)    (-0.000,13)    
Total frac: 1.000

Sketch (51) (cm: eps0: 0.00625, del0: 0.05, min_mem: 1.69921875)
Par: 1, Rows: 1
(-0.000,10)    (-0.000,0)    (0.000,2)    (-0.000,9)    (-0.000,1)    (-0.000,6)    (-0.000,7)    (0.000,14)    (0.000,12)    (0.000,11)    (-0.000,13)    (-0.000,3)    (1.000,5)    (1.000,8)    
Total frac: 2.000
Par: 2, Rows: 1
(0.000,14)    (-0.000,9)    (1.000,8)    (-0.000,1)    (-0.000,0)    (-0.000,11)    (-0.000,3)    (-0.000,10)    (-0.000,2)    (-0.000,13)    (-0.000,12)    (1.000,5)    (-0.000,7)    (-0.000,6)    
Total frac: 2.000
Par: 3, Rows: 1
(-0.000,1)    (-0.000,6)    (0.000,11)    (-0.000,3)    (0.000,14)    (1.000,8)    (-0.000,0)    (-0.000,13)    (1.000,5)    (-0.000,10)    (-0.000,7)    (0.000,2)    (0.000,12)    (-0.000,9)    
Total frac: 2.000

Sketch (52) (cm: eps0: 0.00625, del0: 0.05, min_mem: 1.69921875)
Par: 1, Rows: 1
(1.000,7)    (-0.000,1)    (-0.000,10)    (1.000,2)    (0.000,13)    (-0.000,8)    (1.000,0)    (-0.000,11)    (0.000,6)    (-0.000,12)    (0.000,4)    (0.000,14)    (-0.000,9)    
Total frac: 3.000
Par: 2, Rows: 1
(0.000,4)    (0.000,14)    (0.000,13)    (-0.000,11)    (-0.000,10)    (1.000,2)    (-0.000,8)    (1.000,0)    (-0.000,9)    (1.000,7)    (-0.000,1)    (0.000,6)    (-0.000,12)    
Total frac: 3.000
Par: 3, Rows: 1
(-0.000,10)    (1.000,2)    (0.000,13)    (-0.000,12)    (0.000,4)    (1.000,7)    (-0.000,6)    (0.000,14)    (-0.000,9)    (-0.000,8)    (0.000,1)    (1.000,0)    (-0.000,11)    
Total frac: 3.000

Sketch (53) (cm: eps0: 0.00625, del0: 0.05, min_mem: 1.69921875)
Par: 1, Rows: 1
(-0.000,5)    (0.000,10)    (-0.000,7)    (0.000,2)    (-0.000,12)    (0.000,4)    (0.000,9)    (0.000,1)    (0.000,6)    (-0.000,11)    (-0.000,3)    (1.000,14)    (-0.000,8)    (0.000,0)    (-0.000,13)    
Total frac: 1.000
Par: 2, Rows: 1
(-0.000,11)    (-0.000,4)    (1.000,13)    (0.000,6)    (-0.000,0)    (0.000,9)    (0.000,2)    (0.000,14)    (-0.000,7)    (-0.000,12)    (0.000,3)    (0.000,5)    (-0.000,8)    (0.000,10)    (-0.000,1)    
Total frac: 1.000
Par: 3, Rows: 1
(0.000,9)    (-0.000,4)    (0.000,6)    (0.000,0)    (-0.000,7)    (0.000,2)    (0.000,3)    (1.000,14)    (0.000,5)    (-0.000,1)    (-0.000,12)    (-0.000,8)    (0.000,10)    (-0.000,11)    (-0.000,13)    
Total frac: 1.000

Sketch (54) (cm: eps0: 0.00625, del0: 0.05, min_mem: 1.69921875)
Par: 1, Rows: 1
(-0.000,14)    (-0.000,5)    (-0.000,4)    (1.000,10)    (1.000,1)    (-0.000,0)    (-0.000,13)    (-0.000,12)    (-0.000,3)    (-0.000,9)    (-0.000,8)    (0.000,2)    
Total frac: 2.000
Par: 2, Rows: 1
(-0.000,8)    (-0.000,2)    (-0.000,14)    (-0.000,5)    (1.000,1)    (-0.000,4)    (1.000,10)    (-0.000,0)    (-0.000,13)    (-0.000,3)    (0.000,9)    (-0.000,12)    
Total frac: 2.000
Par: 3, Rows: 1
(-0.000,5)    (1.000,10)    (-0.000,3)    (-0.000,8)    (1.000,1)    (-0.000,4)    (-0.000,13)    (0.000,2)    (0.000,0)    (-0.000,9)    (-0.000,14)    (-0.000,12)    
Total frac: 2.000

Sketch (55) (cm: eps0: 0.00625, del0: 0.05, min_mem: 1.69921875)
Par: 1, Rows: 1
(1.000,14)    (-0.000,12)    (0.000,10)    (0.000,8)    (-0.000,13)    (-0.000,11)    (0.000,9)    (-0.000,4)    (0.000,2)    (-0.000,6)    (-0.000,0)    
Total frac: 1.000
Par: 2, Rows: 1
(0.000,0)    (-0.000,13)    (-0.000,12)    (-0.000,2)    (-0.000,6)    (0.000,9)    (-0.000,8)    (1.000,14)    (-0.000,4)    (0.000,10)    (-0.000,11)    
Total frac: 1.000
Par: 3, Rows: 1
(-0.000,13)    (-0.000,0)    (0.000,9)    (-0.000,12)    (0.000,2)    (-0.000,6)    (-0.000,8)    (1.000,14)    (-0.000,11)    (-0.000,4)    (-0.000,10)    
Total frac: 1.000

Sketch (56) (cm: eps0: 0.00625, del0: 0.05, min_mem: 1.69921875)
Par: 1, Rows: 1
(0.000,2)    (0.000,4)    (0.000,7)    (-0.000,9)    (1.000,12)    (-0.000,14)    (-0.000,1)    (0.000,3)    (-0.000,8)    (-0.000,10)    (0.000,11)    (-0.000,13)    (-0.000,6)    (-0.000,0)    
Total frac: 1.000
Par: 2, Rows: 1
(0.000,6)    (-0.000,0)    (0.000,7)    (0.000,2)    (0.000,9)    (-0.000,4)    (-0.000,1)    (1.000,12)    (-0.000,3)    (0.000,14)    (0.000,11)    (0.000,13)    (-0.000,8)    (-0.000,10)    
Total frac: 1.000
Par: 3, Rows: 1
(0.000,3)    (-0.000,9)    (-0.000,8)    (0.000,11)    (-0.000,14)    (-0.000,1)    (-0.000,0)    (0.000,4)    (-0.000,10)    (-0.000,7)    (-0.000,13)    (1.000,12)    (0.000,6)    (-0.000,2)    
Total frac: 1.000

Sketch (57) (cm: eps0: 0.00625, del0: 0.05, min_mem: 1.69921875)
Par: 1, Rows: 1
(0.000,11)    (0.000,1)    (-0.000,8)    (-0.000,14)    (0.000,5)    (-0.000,0)    (-0.000,7)    (1.000,13)    (-0.000,10)    (-0.000,12)    (0.000,6)    
Total frac: 1.000
Par: 2, Rows: 1
(-0.000,14)    (0.000,1)    (-0.000,5)    (0.000,10)    (1.000,13)    (-0.000,8)    (-0.000,11)    (0.000,6)    (-0.000,0)    (-0.000,7)    (-0.000,12)    
Total frac: 1.000
Par: 3, Rows: 1
(-0.000,5)    (-0.000,14)    (1.000,13)    (-0.000,11)    (0.000,10)    (0.000,8)    (-0.000,7)    (0.000,6)    (-0.000,0)    (-0.000,12)    (0.000,1)    
Total frac: 1.000

Sketch (58) (cm: eps0: 0.00625, del0: 0.05, min_mem: 1.69921875)
Par: 1, Rows: 1
(-0.000,7)    (0.000,13)    (1.000,12)    (-0.000,2)    (1.000,6)    (-0.000,3)    (-0.000,9)    (-0.000,8)    (-0.000,11)    (0.000,14)    (-0.000,1)    (-0.000,0)    (-0.000,5)    (-0.000,10)    
Total frac: 2.000
Par: 2, Rows: 1
(-0.000,0)    (-0.000,10)    (-0.000,12)    (0.000,2)    (-0.000,6)    (0.000,3)    (0.000,9)    (1.000,11)    (-0.000,1)    (-0.000,5)    (1.000,8)    (-0.000,7)    (0.000,14)    (-0.000,13)    
Total frac: 2.000
Par: 3, Rows: 1
(-0.000,1)    (-0.000,7)    (1.000,12)    (0.000,3)    (0.000,5)    (-0.000,8)    (-0.000,10)    (-0.000,0)    (-0.000,2)    (0.000,14)    (1.000,11)    (0.000,13)    (-0.000,6)    (-0.000,9)    
Total frac: 2.000

Sketch (59) (cm: eps0: 0.00625, del0: 0.05, min_mem: 1.69921875)
Par: 1, Rows: 1
(0.000,3)    (0.000,5)    (-0.000,12)    (-0.000,8)    (-0.000,10)    (-0.000,11)    (-0.000,0)    (0.000,13)    (0.000,9)    (1.000,14)    (0.000,4)    (0.000,1)    (-0.000,6)    (0.000,7)    
Total frac: 1.000
Par: 2, Rows: 1
(0.000,5)    (0.000,4)    (-0.000,10)    (1.000,14)    (0.000,7)    (-0.000,13)    (-0.000,12)    (-0.000,6)    (-0.000,3)    (0.000,9)    (0.000,8)    (-0.000,1)    (-0.000,0)    (-0.000,11)    
Total frac: 1.000
Par: 3, Rows: 1
(-0.000,4)    (-0.000,10)    (0.000,7)    (-0.000,13)    (-0.000,3)    (0.000,9)    (1.000,14)    (0.000,1)    (-0.000,12)    (-0.000,6)    (0.000,8)    (0.000,11)    (0.000,5)    (-0.000,0)    
Total frac: 1.000

Sketch (60) (cm: eps0: 0.00625, del0: 0.05, min_mem: 1.69921875)
Par: 1, Rows: 1
(0.000,0)    (-0.000,13)    (0.000,14)    (-0.000,11)    (1.000,6)    (0.000,9)    (-0.000,1)    (-0.000,12)    (0.000,5)    (-0.000,10)    (1.000,3)    (-0.000,8)    
Total frac: 2.000
Par: 2, Rows: 1
(-0.000,8)    (-0.000,13)    (0.000,11)    (-0.000,0)    (0.000,9)    (0.000,14)    (-0.000,1)    (1.000,6)    (0.000,5)    (1.000,3)    (-0.000,12)    (-0.000,10)    
Total frac: 2.000
Par: 3, Rows: 1
(1.000,6)    (1.000,3)    (0.000,9)    (-0.000,8)    (-0.000,1)    (0.000,0)    (-0.000,5)    (-0.000,10)    (-0.000,11)    (-0.000,13)    (-0.000,12)    (0.000,14)    
Total frac: 2.000

Sketch (61) (cm: eps0: 0.00625, del0: 0.05, min_mem: 1.69921875)
Par: 1, Rows: 1
(0.000,9)    (-0.000,12)    (-0.000,14)    (-0.000,1)    (-0.000,8)    (-0.000,11)    (1.000,7)    (-0.000,13)    (0.000,2)    (1.000,3)    
Total frac: 2.000
Par: 2, Rows: 1
(0.000,9)    (-0.000,12)    (1.000,2)    (-0.000,3)    (-0.000,8)    (-0.000,11)    (-0.000,13)    (-0.000,14)    (-0.000,1)    (1.000,7)    
Total frac: 2.000
Par: 3, Rows: 1
(-0.000,12)    (1.000,3)    (-0.000,11)    (-0.000,13)    (-0.000,2)    (-0.000,8)    (-0.000,1)    (1.000,7)    (0.000,9)    (-0.000,14)    
Total frac: 2.000

Sketch (62) (cm: eps0: 0.00625, del0: 0.05, min_mem: 1.69921875)
Par: 1, Rows: 1
(-0.000,2)    (-0.000,4)    (-0.000,10)    (0.000,13)    (-0.000,12)    (0.000,14)    (1.000,1)    (1.000,3)    (-0.000,9)    (-0.000,8)    
Total frac: 2.000
Par: 2, Rows: 1
(0.000,13)    (-0.000,2)    (-0.000,4)    (-0.000,10)    (1.000,1)    (-0.000,12)    (1.000,3)    (-0.000,9)    (0.000,14)    (-0.000,8)    
Total frac: 2.000
Par: 3, Rows: 1
(0.000,13)    (-0.000,8)    (-0.000,4)    (0.000,14)    (1.000,1)    (1.000,12)    (-0.000,9)    (-0.000,2)    (-0.000,10)    (0.000,3)    
Total frac: 2.000

Sketch (63) (cm: eps0: 0.00625, del0: 0.05, min_mem: 1.69921875)
Par: 1, Rows: 1
(-0.000,0)    (0.000,10)    (-0.000,8)    (-0.000,7)    (0.000,1)    (-0.000,6)    (1.000,9)    (0.000,14)    (0.000,12)    (-0.000,5)    (-0.000,3)    (0.000,13)    (0.000,2)    (1.000,11)    
Total frac: 2.000
Par: 2, Rows: 1
(0.000,14)    (0.000,1)    (-0.000,0)    (0.000,3)    (1.000,9)    (-0.000,8)    (1.000,11)    (0.000,2)    (-0.000,5)    (0.000,10)    (0.000,7)    (0.000,13)    (-0.000,12)    (-0.000,6)    
Total frac: 2.000
Par: 3, Rows: 1
(0.000,1)    (-0.000,6)    (-0.000,3)    (1.000,9)    (0.000,14)    (1.000,11)    (-0.000,0)    (-0.000,5)    (-0.000,8)    (-0.000,7)    (0.000,13)    (0.000,2)    (0.000,10)    (0.000,12)    
Total frac: 2.000

Sketch (64) (cm: eps0: 0.00625, del0: 0.05, min_mem: 1.69921875)
Par: 1, Rows: 1
(0.000,7)    (-0.000,3)    (-0.000,4)    (-0.000,5)    (-0.000,6)    (0.000,0)    (-0.000,1)    (1.000,2)    (-0.000,11)    (-0.000,12)    (1.000,13)    (0.000,14)    (-0.000,8)    (0.000,9)    (-0.000,10)    
Total frac: 2.000
Par: 2, Rows: 1
(0.000,7)    (-0.000,3)    (-0.000,5)    (-0.000,1)    (-0.000,11)    (1.000,13)    (-0.000,4)    (-0.000,6)    (-0.000,9)    (-0.000,0)    (1.000,2)    (-0.000,12)    (0.000,14)    (0.000,8)    (-0.000,10)    
Total frac: 2.000
Par: 3, Rows: 1
(0.000,8)    (-0.000,5)    (-0.000,6)    (-0.000,1)    (1.000,2)    (1.000,13)    (0.000,14)    (-0.000,9)    (-0.000,10)    (0.000,7)    (-0.000,3)    (-0.000,4)    (0.000,0)    (-0.000,11)    (-0.000,12)    
Total frac: 2.000

Sketch (65) (cm: eps0: 0.00625, del0: 0.05, min_mem: 1.69921875)
Par: 1, Rows: 1
(0.000,5)    (-0.000,12)    (0.000,1)    (-0.000,8)    (0.000,13)    (1.000,6)    (-0.000,9)    (1.000,2)    (-0.000,7)    (0.000,14)    (-0.000,10)    (-0.000,11)    (1.000,4)    (0.000,0)    
Total frac: 3.000
Par: 2, Rows: 1
(-0.000,6)    (-0.000,12)    (-0.000,13)    (0.000,0)    (0.000,1)    (-0.000,11)    (-0.000,10)    (-0.000,14)    (-0.000,8)    (0.000,9)    (1.000,7)    (1.000,4)    (-0.000,5)    (1.000,2)    
Total frac: 3.000
Par: 3, Rows: 1
(-0.000,11)    (1.000,2)    (-0.000,6)    (-0.000,9)    (0.000,12)    (0.000,0)    (-0.000,10)    (-0.000,14)    (-0.000,8)    (1.000,7)    (-0.000,5)    (-0.000,13)    (0.000,1)    (1.000,4)    
Total frac: 3.000

Sketch (66) (cm: eps0: 0.00625, del0: 0.05, min_mem: 1.69921875)
Par: 1, Rows: 1
(-0.000,11)    (0.000,5)    (1.000,6)    (0.000,13)    (0.000,10)    (-0.000,7)    
Total frac: 1.000
Par: 2, Rows: 1
(0.000,10)    (0.000,11)    (0.000,5)    (0.000,13)    (-0.000,7)    (1.000,6)    
Total frac: 1.000
Par: 3, Rows: 1
(-0.000,7)    (1.000,6)    (-0.000,11)    (0.000,13)    (0.000,5)    (0.000,10)    
Total frac: 1.000

Sketch (67) (cm: eps0: 0.00625, del0: 0.05, min_mem: 1.69921875)
Par: 1, Rows: 1
(-0.000,8)    (-0.000,10)    (0.000,1)    (1.000,11)    (-0.000,13)    (1.000,3)    (1.000,5)    (-0.000,6)    (-0.000,2)    (-0.000,12)    (0.000,4)    (0.000,9)    (-0.000,14)    (0.000,7)    
Total frac: 3.000
Par: 2, Rows: 1
(-0.000,6)    (0.000,1)    (0.000,2)    (-0.000,8)    (-0.000,13)    (-0.000,5)    (0.000,7)    (-0.000,14)    (0.000,9)    (-0.000,10)    (1.000,11)    (-0.000,12)    (1.000,3)    (1.000,4)    
Total frac: 3.000
Par: 3, Rows: 1
(1.000,4)    (-0.000,13)    (-0.000,5)    (0.000,6)    (-0.000,2)    (0.000,7)    (-0.000,8)    (0.000,9)    (1.000,11)    (-0.000,14)    (1.000,3)    (-0.000,10)    (-0.000,12)    (0.000,1)    
Total frac: 3.000

Sketch (68) (cm: eps0: 0.00625, del0: 0.05, min_mem: 1.69921875)
Par: 1, Rows: 1
(-0.000,11)    (-0.000,14)    (-0.000,8)    (-0.000,6)    (-0.000,12)    (-0.000,13)    (1.000,1)    
Total frac: 1.000
Par: 2, Rows: 1
(-0.000,6)    (-0.000,12)    (-0.000,14)    (-0.000,8)    (-0.000,13)    (1.000,1)    (-0.000,11)    
Total frac: 1.000
Par: 3, Rows: 1
(-0.000,14)    (-0.000,12)    (-0.000,11)    (-0.000,6)    (-0.000,13)    (1.000,1)    (-0.000,8)    
Total frac: 1.000

Sketch (69) (cm: eps0: 0.00625, del0: 0.05, min_mem: 1.69921875)
Par: 1, Rows: 1
(0.000,9)    (-0.000,11)    (-0.000,10)    (-0.000,14)    (0.000,3)    (-0.000,12)    (0.000,0)    (1.000,13)    (0.000,5)    (-0.000,6)    (-0.000,8)    
Total frac: 1.000
Par: 2, Rows: 1
(-0.000,3)    (1.000,5)    (-0.000,6)    (-0.000,11)    (-0.000,12)    (-0.000,13)    (-0.000,8)    (0.000,9)    (-0.000,10)    (-0.000,0)    (1.000,14)    
Total frac: 2.000
Par: 3, Rows: 1
(1.000,14)    (-0.000,11)    (-0.000,13)    (-0.000,6)    (0.000,9)    (-0.000,12)    (-0.000,8)    (0.000,10)    (0.000,3)    (-0.000,0)    (-0.000,5)    
Total frac: 1.000

Sketch (70) (cm: eps0: 0.00625, del0: 0.05, min_mem: 1.69921875)
Par: 1, Rows: 1
(0.000,13)    (0.000,9)    (0.000,10)    (-0.000,1)    (0.000,2)    (1.000,12)    (0.000,14)    (0.000,8)    (-0.000,5)    
Total frac: 1.000
Par: 2, Rows: 1
(-0.000,9)    (-0.000,10)    (-0.000,1)    (1.000,5)    (1.000,2)    (-0.000,12)    (0.000,14)    (0.000,8)    (0.000,13)    
Total frac: 2.000
Par: 3, Rows: 1
(-0.000,8)    (0.000,9)    (-0.000,2)    (-0.000,1)    (0.000,5)    (0.000,14)    (1.000,12)    (0.000,13)    (-0.000,10)    
Total frac: 1.000

Sketch (71) (cm: eps0: 0.00625, del0: 0.05, min_mem: 1.69921875)
Par: 1, Rows: 1
(-0.000,10)    (-0.000,8)    (-0.000,7)    (1.000,1)    (1.000,5)    (-0.000,0)    (0.000,13)    (-0.000,11)    
Total frac: 2.000
Par: 2, Rows: 1
(1.000,1)    (-0.000,11)    (1.000,5)    (-0.000,8)    (0.000,13)    (-0.000,10)    (-0.000,7)    (-0.000,0)    
Total frac: 2.000
Par: 3, Rows: 1
(1.000,1)    (-0.000,11)    (1.000,5)    (-0.000,13)    (-0.000,8)    (-0.000,7)    (-0.000,10)    (0.000,0)    
Total frac: 2.000

Sketch (72) (cm: eps0: 0.00625, del0: 0.05, min_mem: 1.69921875)
Par: 1, Rows: 1
(0.000,14)    (1.000,11)    (0.000,12)    (-0.000,13)    (0.000,4)    (0.000,5)    (-0.000,8)    (0.000,9)    (-0.000,10)    (1.000,0)    (0.000,1)    (-0.000,2)    (0.000,7)    (-0.000,6)    
Total frac: 2.000
Par: 2, Rows: 1
(1.000,11)    (-0.000,13)    (0.000,5)    (-0.000,6)    (0.000,14)    (0.000,12)    (-0.000,4)    (0.000,9)    (-0.000,1)    (-0.000,7)    (-0.000,8)    (0.000,10)    (1.000,0)    (0.000,2)    
Total frac: 2.000
Par: 3, Rows: 1
(0.000,7)    (0.000,9)    (-0.000,10)    (0.000,1)    (-0.000,2)    (1.000,11)    (0.000,12)    (0.000,4)    (-0.000,6)    (0.000,14)    (-0.000,8)    (-0.000,13)    (1.000,0)    (-0.000,5)    
Total frac: 2.000

Sketch (73) (cm: eps0: 0.00625, del0: 0.05, min_mem: 1.69921875)
Par: 1, Rows: 1
(1.000,8)    (-0.000,0)    (0.000,9)    (-0.000,1)    (-0.000,11)    (0.000,3)    (-0.000,10)    (-0.000,12)    (0.000,4)    (-0.000,13)    (-0.000,7)    (-0.000,14)    
Total frac: 1.000
Par: 2, Rows: 1
(-0.000,10)    (1.000,8)    (0.000,9)    (-0.000,7)    (-0.000,0)    (-0.000,1)    (0.000,12)    (-0.000,13)    (0.000,4)    (-0.000,14)    (0.000,11)    (0.000,3)    
Total frac: 1.000
Par: 3, Rows: 1
(0.000,9)    (-0.000,7)    (-0.000,1)    (-0.000,10)    (1.000,8)    (-0.000,0)    (-0.000,13)    (0.000,11)    (0.000,3)    (0.000,12)    (-0.000,4)    (-0.000,14)    
Total frac: 1.000

Sketch (74) (cm: eps0: 0.00625, del0: 0.05, min_mem: 1.69921875)
Par: 1, Rows: 1
(-0.000,11)    (1.000,6)    (0.000,13)    (0.000,14)    (-0.000,8)    (-0.000,7)    (-0.000,0)    (0.000,12)    (1.000,1)    
Total frac: 2.000
Par: 2, Rows: 1
(0.000,12)    (0.000,13)    (0.000,7)    (1.000,6)    (0.000,14)    (-0.000,8)    (0.000,0)    (1.000,1)    (-0.000,11)    
Total frac: 2.000
Par: 3, Rows: 1
(0.000,14)    (-0.000,11)    (0.000,12)    (0.000,13)    (-0.000,8)    (1.000,7)    (0.000,6)    (0.000,0)    (1.000,1)    
Total frac: 2.000

Sketch (75) (cm: eps0: 0.00625, del0: 0.05, min_mem: 1.69921875)
Par: 1, Rows: 1
(0.000,0)    (-0.000,11)    (0.000,2)    (-0.000,13)    (-0.000,14)    (0.000,9)    (-0.000,12)    (-0.000,8)    (1.000,7)    (-0.000,1)    (0.000,6)    
Total frac: 1.000
Par: 2, Rows: 1
(0.000,9)    (0.000,0)    (-0.000,11)    (-0.000,12)    (0.000,6)    (-0.000,1)    (-0.000,8)    (0.000,2)    (-0.000,14)    (1.000,7)    (-0.000,13)    
Total frac: 1.000
Par: 3, Rows: 1
(0.000,0)    (-0.000,11)    (-0.000,1)    (-0.000,12)    (0.000,6)    (-0.000,8)    (0.000,2)    (1.000,7)    (-0.000,13)    (-0.000,14)    (0.000,9)    
Total frac: 1.000

Sketch (76) (cm: eps0: 0.00625, del0: 0.05, min_mem: 1.69921875)
Par: 1, Rows: 1
(0.000,7)    (-0.000,4)    (0.000,5)    (0.000,3)    (-0.000,2)    (0.000,6)    (-0.000,0)    (0.000,1)    (0.000,14)    (-0.000,12)    (-0.000,13)    (-0.000,11)    (1.000,10)    (-0.000,8)    (1.000,9)    
Total frac: 2.000
Par: 2, Rows: 1
(-0.000,8)    (0.000,5)    (-0.000,3)    (-0.000,1)    (-0.000,4)    (-0.000,2)    (-0.000,13)    (0.000,6)    (-0.000,0)    (-0.000,11)    (0.000,14)    (1.000,9)    (-0.000,12)    (-0.000,7)    (1.000,10)    
Total frac: 2.000
Par: 3, Rows: 1
(-0.000,2)    (-0.000,11)    (0.000,6)    (-0.000,1)    (-0.000,8)    (0.000,14)    (-0.000,7)    (-0.000,13)    (-0.000,4)    (1.000,10)    (-0.000,3)    (1.000,9)    (-0.000,0)    (0.000,5)    (-0.000,12)    
Total frac: 2.000

Sketch (77) (cm: eps0: 0.00625, del0: 0.05, min_mem: 1.69921875)
Par: 1, Rows: 1
(1.000,1)    (-0.000,12)    (-0.000,2)    (0.000,7)    (-0.000,13)    (-0.000,6)    (-0.000,8)    (0.000,14)    (0.000,3)    (0.000,9)    (-0.000,4)    (1.000,10)    (-0.000,5)    (0.000,0)    (-0.000,11)    
Total frac: 2.000
Par: 2, Rows: 1
(-0.000,11)    (-0.000,12)    (-0.000,13)    (0.000,14)    (0.000,7)    (-0.000,8)    (-0.000,9)    (1.000,10)    (-0.000,6)    (0.000,0)    (1.000,1)    (-0.000,2)    (-0.000,3)    (-0.000,4)    (-0.000,5)    
Total frac: 2.000
Par: 3, Rows: 1
(0.000,4)    (-0.000,12)    (0.000,14)    (0.000,7)    (-0.000,9)    (1.000,1)    (-0.000,8)    (1.000,10)    (-0.000,3)    (-0.000,5)    (-0.000,6)    (0.000,0)    (-0.000,11)    (-0.000,2)    (-0.000,13)    
Total frac: 2.000

Sketch (78) (cm: eps0: 0.00625, del0: 0.05, min_mem: 1.69921875)
Par: 1, Rows: 1
(-0.000,4)    (0.000,9)    (-0.000,10)    (-0.000,11)    (0.000,12)    (1.000,6)    (-0.000,2)    (-0.000,13)    (0.000,14)    
Total frac: 1.000
Par: 2, Rows: 1
(0.000,14)    (0.000,9)    (-0.000,11)    (-0.000,4)    (-0.000,10)    (0.000,12)    (1.000,6)    (-0.000,2)    (-0.000,13)    
Total frac: 1.000
Par: 3, Rows: 1
(0.000,9)    (-0.000,2)    (1.000,6)    (0.000,4)    (0.000,12)    (-0.000,13)    (0.000,11)    (0.000,14)    (-0.000,10)    
Total frac: 1.000

Sketch (79) (cm: eps0: 0.00625, del0: 0.05, min_mem: 1.69921875)
Par: 1, Rows: 1
(-0.000,10)    (1.000,5)    (-0.000,2)    (0.000,3)    (-0.000,13)    (-0.000,6)    (-0.000,11)    (-0.000,4)    (-0.000,12)    (-0.000,7)    (-0.000,14)    (1.000,9)    
Total frac: 2.000
Par: 2, Rows: 1
(1.000,5)    (-0.000,7)    (-0.000,13)    (-0.000,14)    (-0.000,4)    (-0.000,10)    (-0.000,3)    (-0.000,12)    (1.000,9)    (0.000,2)    (-0.000,11)    (-0.000,6)    
Total frac: 2.000
Par: 3, Rows: 1
(-0.000,2)    (-0.000,7)    (-0.000,13)    (-0.000,6)    (-0.000,14)    (-0.000,3)    (1.000,9)    (-0.000,11)    (-0.000,4)    (-0.000,10)    (-0.000,12)    (1.000,5)    
Total frac: 2.000

Device (0) cpu1:
Rows total: 24.0
Mem total: 40.78125

Device (1) cpu2:
Rows total: 25.999998962849087
Mem total: 44.17968573765372

Device (2) cpu3:
Rows total: 25.99999896368639
Mem total: 44.17968573907648

Device (3) cpu4:
Rows total: 24.00000311090251
Mem total: 40.78125528610388

Device (4) cpu5:
Rows total: 25.0
Mem total: 42.48046875

Device (5) cpu6:
Rows total: 25.99999896344118
Mem total: 44.17968573865981

Device (6) cpu7:
Rows total: 25.000002478128312
Mem total: 42.480472960882096

Device (7) cpu8:
Rows total: 25.999998962889457
Mem total: 44.179685737722316

Device (8) tor_p41:
Rows total: 25.0
Mem total: 42.48046875

Device (9) tor_p42:
Rows total: 25.0
Mem total: 42.48046875

Device (10) tor_p43:
Rows total: 25.999998963546272
Mem total: 44.179685738838394

Device (11) tor_p44:
Rows total: 25.0
Mem total: 42.48046875

Device (12) l1_p41:
Rows total: 25.999998962554653
Mem total: 44.17968573715341

Device (13) l1_p42:
Rows total: 25.99999896289539
Mem total: 44.1796857377324

Device (14) l2_p4:
Rows total: 25.999998559640204
Mem total: 44.179685052513626
--------------------------------------------------
Infeasible placement
Function: solve took 120.25541496276855 seconds
