Function: get_partitions took 3.0517578125e-05 seconds
Function: map_flows_partitions took 4.76837158203125e-06 seconds
Using license file /home/anup/gurobi.lic
Academic license - for non-commercial use only
Building model with:
3 devices, 10 partitions and 1 flows
Adding frac and mem vars took: 0.0003826618194580078s
Adding coverage constraints took: 0.00035309791564941406s
Adding accuracy constraints took 0.0006296634674072266s
Adding load constraints took: 0.0006403923034667969s
Starting model update
Model update complete, took: 0.00011658668518066406 s
Starting model optimize
--------------------------------------------------
Model update took: 0.00011658668518066406 seconds
Model optimize took: 0.008632183074951172 seconds
--------------------------------------------------

Sketch (0) (cm: eps0: 0.03125, del0: 0.05, min_mem: 0.33984375)
Par: 1, Rows: 1
(-0.000,0)    (1.000,1)    (-0.000,2)    
Total frac: 1.000
Par: 2, Rows: 1
(0.000,2)    (1.000,1)    (0.000,0)    
Total frac: 1.000
Par: 3, Rows: 1
(1.000,1)    (0.000,2)    (0.000,0)    
Total frac: 1.000

Sketch (1) (cm: eps0: 1.25e-06, del0: 0.05, min_mem: 8494.6328125)
Par: 1, Rows: 1
(0.000,1)    (1.000,0)    (-0.000,2)    
Total frac: 1.000
Par: 2, Rows: 1
(1.000,2)    (-0.000,0)    (0.000,1)    
Total frac: 1.000
Par: 3, Rows: 1
(1.000,2)    (0.000,1)    (-0.000,0)    
Total frac: 1.000

Sketch (2) (cm: eps0: 0.625, del0: 0.025, min_mem: 0.01953125)
Par: 1, Rows: 1
(1.000,1)    (0.000,2)    (-0.000,0)    
Total frac: 1.000
Par: 2, Rows: 1
(0.000,0)    (0.000,2)    (1.000,1)    
Total frac: 1.000
Par: 3, Rows: 1
(-0.000,2)    (0.000,0)    (1.000,1)    
Total frac: 1.000
Par: 4, Rows: 1
(0.000,2)    (1.000,1)    (0.000,0)    
Total frac: 1.000

Device (0) cpu_1:
Rows total: 1.0
Mem total: 8494.6328125

Device (1) p4_1:
Rows total: 7.0
Mem total: 1.09765625

Device (2) cpu_2:
Rows total: 2.0
Mem total: 16989.265625
--------------------------------------------------
Changed value of parameter NonConvex to 2
   Prev: -1  Min: -1  Max: 2  Default: -1
Changed value of parameter NonConvex to 2
   Prev: -1  Min: -1  Max: 2  Default: -1

Throughput: 70.00000000000063 Mpps, ns per packet: 14.285714285714159
Resources: 104.88369528452607
Used Cores: 10.000000000000052, Total CPUS: 2, Switch Memory: 1.09765625

Sketch (0) (cm: eps0: 0.03125, del0: 0.05, min_mem: 0.33984375)
Par: 1, Rows: 1
(-0.000,0)    (1.000,1)    (-0.000,2)    
Total frac: 1.000
Par: 2, Rows: 1
(0.000,2)    (1.000,1)    (0.000,0)    
Total frac: 1.000
Par: 3, Rows: 1
(1.000,1)    (0.000,2)    (0.000,0)    
Total frac: 1.000

Sketch (1) (cm: eps0: 1.25e-06, del0: 0.05, min_mem: 8494.6328125)
Par: 1, Rows: 1
(0.000,1)    (1.000,0)    (-0.000,2)    
Total frac: 1.000
Par: 2, Rows: 1
(1.000,2)    (-0.000,0)    (0.000,1)    
Total frac: 1.000
Par: 3, Rows: 1
(1.000,2)    (0.000,1)    (-0.000,0)    
Total frac: 1.000

Sketch (2) (cm: eps0: 0.625, del0: 0.025, min_mem: 0.01953125)
Par: 1, Rows: 1
(1.000,1)    (0.000,2)    (-0.000,0)    
Total frac: 1.000
Par: 2, Rows: 1
(0.000,0)    (0.000,2)    (1.000,1)    
Total frac: 1.000
Par: 3, Rows: 1
(-0.000,2)    (0.000,0)    (1.000,1)    
Total frac: 1.000
Par: 4, Rows: 1
(0.000,2)    (1.000,1)    (0.000,0)    
Total frac: 1.000

Device (0) cpu_1:
cores_sketch: 1.0, cores_dpdk: 3.0
Rows total: 1.0
Mem total: 8494.6328125
Throughput: 70.00000000000063

Device (1) p4_1:
Rows total: 7.0
Mem total: 1.09765625
Throughput: 148.0

Device (2) cpu_2:
cores_sketch: 2.9999999999999987, cores_dpdk: 3.0000000000000533
Rows total: 2.0
Mem total: 16989.265625
Throughput: 70.00000000000063
--------------------------------------------------
Function: solve took 0.036232709884643555 seconds
