Function: get_partitions took 3.0517578125e-05 seconds
Function: map_flows_partitions took 5.0067901611328125e-06 seconds
Using license file /home/anup/gurobi.lic
Academic license - for non-commercial use only
Building model with:
3 devices, 10 partitions and 1 flows
Adding frac and mem vars took: 0.00036787986755371094s
Adding coverage constraints took: 0.0003261566162109375s
Adding accuracy constraints took 0.0006041526794433594s
Adding load constraints took: 0.0006036758422851562s
Starting model update
Model update complete, took: 8.153915405273438e-05 s
Starting model optimize
--------------------------------------------------
Model update took: 8.153915405273438e-05 seconds
Model optimize took: 0.005498647689819336 seconds
--------------------------------------------------

Sketch (0) (cm: eps0: 0.03125, del0: 0.05, min_mem: 0.33984375)
Par: 1, Rows: 1
(1.000,0)    (-0.000,1)    (0.000,2)    
Total frac: 1.000
Par: 2, Rows: 1
(1.000,2)    (-0.000,1)    (1.000,0)    
Total frac: 2.000
Par: 3, Rows: 1
(-0.000,1)    (1.000,2)    (1.000,0)    
Total frac: 2.000

Sketch (1) (cm: eps0: 1.25e-06, del0: 0.05, min_mem: 8494.6328125)
Par: 1, Rows: 1
(0.000,1)    (-0.000,0)    (1.000,2)    
Total frac: 1.000
Par: 2, Rows: 1
(-0.000,2)    (1.000,0)    (0.000,1)    
Total frac: 1.000
Par: 3, Rows: 1
(-0.000,2)    (0.000,1)    (1.000,0)    
Total frac: 1.000

Sketch (2) (cm: eps0: 0.625, del0: 0.025, min_mem: 0.01953125)
Par: 1, Rows: 1
(-0.000,1)    (-0.000,2)    (1.000,0)    
Total frac: 1.000
Par: 2, Rows: 1
(1.000,0)    (1.000,2)    (-0.000,1)    
Total frac: 2.000
Par: 3, Rows: 1
(1.000,2)    (0.000,0)    (-0.000,1)    
Total frac: 1.000
Par: 4, Rows: 1
(-0.000,2)    (-0.000,1)    (1.000,0)    
Total frac: 1.000

Device (0) cpu_1:
Rows total: 8.0
Mem total: 16990.34375

Device (1) p4_1:
Rows total: 0.0
Mem total: 0.0

Device (2) cpu_2:
Rows total: 5.0
Mem total: 8495.3515625
--------------------------------------------------
Changed value of parameter NonConvex to 2
   Prev: -1  Min: -1  Max: 2  Default: -1
Changed value of parameter NonConvex to 2
   Prev: -1  Min: -1  Max: 2  Default: -1

Throughput: 34.99999999999999 Mpps, ns per packet: 28.571428571428577
Resources: 113.11104679107666
Used Cores: 11.0, Total CPUS: 2, Switch Memory: 0.0

Sketch (0) (cm: eps0: 0.03125, del0: 0.05, min_mem: 0.33984375)
Par: 1, Rows: 1
(1.000,0)    (-0.000,1)    (0.000,2)    
Total frac: 1.000
Par: 2, Rows: 1
(1.000,2)    (-0.000,1)    (1.000,0)    
Total frac: 2.000
Par: 3, Rows: 1
(-0.000,1)    (1.000,2)    (1.000,0)    
Total frac: 2.000

Sketch (1) (cm: eps0: 1.25e-06, del0: 0.05, min_mem: 8494.6328125)
Par: 1, Rows: 1
(0.000,1)    (-0.000,0)    (1.000,2)    
Total frac: 1.000
Par: 2, Rows: 1
(-0.000,2)    (1.000,0)    (0.000,1)    
Total frac: 1.000
Par: 3, Rows: 1
(-0.000,2)    (0.000,1)    (1.000,0)    
Total frac: 1.000

Sketch (2) (cm: eps0: 0.625, del0: 0.025, min_mem: 0.01953125)
Par: 1, Rows: 1
(-0.000,1)    (-0.000,2)    (1.000,0)    
Total frac: 1.000
Par: 2, Rows: 1
(1.000,0)    (1.000,2)    (-0.000,1)    
Total frac: 2.000
Par: 3, Rows: 1
(1.000,2)    (0.000,0)    (-0.000,1)    
Total frac: 1.000
Par: 4, Rows: 1
(-0.000,2)    (-0.000,1)    (1.000,0)    
Total frac: 1.000

Device (0) cpu_1:
cores_sketch: 6.0, cores_dpdk: 1.0
Rows total: 8.0
Mem total: 16990.34375
Throughput: 34.99999999999999

Device (1) p4_1:
Rows total: 0
Mem total: 0.0
Throughput: 148.0

Device (2) cpu_2:
cores_sketch: 3.0, cores_dpdk: 1.0
Rows total: 5.0
Mem total: 8495.3515625
Throughput: 34.99999999999999
--------------------------------------------------
Function: solve took 0.02924203872680664 seconds
