Function: get_partitions took 3.147125244140625e-05 seconds
Function: map_flows_partitions took 5.0067901611328125e-06 seconds
Using license file /home/anup/gurobi.lic
Academic license - for non-commercial use only
Building model with:
3 devices, 10 partitions and 1 flows
Adding frac and mem vars took: 0.0004208087921142578s
Adding coverage constraints took: 0.00032138824462890625s
Adding accuracy constraints took 0.00057220458984375s
Adding load constraints took: 0.0005495548248291016s
Starting model update
Model update complete, took: 3.2901763916015625e-05 s
Starting model optimize
--------------------------------------------------
Model update took: 3.2901763916015625e-05 seconds
Model optimize took: 0.057837486267089844 seconds
--------------------------------------------------

Throughput: 76.35997539739428 Mpps, ns per packet: 13.095865927087821
Resources: 124.88369528452556
Used Cores: 12.0, Total CPUS: 2, Switch Memory: 1.09765625

Sketch (0) (cm: eps0: 0.03125, del0: 0.05, min_mem: 0.33984375)
Par: 1, Rows: 1
(-0.000,0)    (1.000,1)    (-0.000,2)    
Total frac: 1.000
Par: 2, Rows: 1
(0.000,2)    (1.000,1)    (-0.000,0)    
Total frac: 1.000
Par: 3, Rows: 1
(1.000,1)    (-0.000,2)    (-0.000,0)    
Total frac: 1.000

Sketch (1) (cm: eps0: 1.25e-06, del0: 0.05, min_mem: 8494.6328125)
Par: 1, Rows: 1
(0.000,1)    (0.000,0)    (1.000,2)    
Total frac: 1.000
Par: 2, Rows: 1
(0.000,2)    (1.000,0)    (0.000,1)    
Total frac: 1.000
Par: 3, Rows: 1
(1.000,2)    (0.000,1)    (0.000,0)    
Total frac: 1.000

Sketch (2) (cm: eps0: 0.625, del0: 0.025, min_mem: 0.01953125)
Par: 1, Rows: 1
(1.000,1)    (-0.000,2)    (-0.000,0)    
Total frac: 1.000
Par: 2, Rows: 1
(-0.000,0)    (0.000,2)    (1.000,1)    
Total frac: 1.000
Par: 3, Rows: 1
(0.000,2)    (-0.000,0)    (1.000,1)    
Total frac: 1.000
Par: 4, Rows: 1
(-0.000,2)    (1.000,1)    (-0.000,0)    
Total frac: 1.000

Device (0) cpu_1:
cores_sketch: 1.0, cores_dpdk: 4.0
Rows total: 1.0
Mem total: 8494.6328125
Throughput: 80.00000000000009

Device (1) p4_1:
Rows total: 7.0
Mem total: 1.09765625
Throughput: 148.0

Device (2) cpu_2:
cores_sketch: 3.0, cores_dpdk: 4.0
Rows total: 2.0
Mem total: 16989.265625
Throughput: 76.35997539739428
--------------------------------------------------
Function: solve took 0.0678865909576416 seconds
