Function: get_partitions took 3.123283386230469e-05 seconds
Function: map_flows_partitions took 5.0067901611328125e-06 seconds
Using license file /home/anup/gurobi.lic
Academic license - for non-commercial use only
Building model with:
4 devices, 10 partitions and 1 flows
Adding frac and mem vars took: 0.0004572868347167969s
Adding coverage constraints took: 0.0003733634948730469s
Adding accuracy constraints took 0.000682830810546875s
Adding load constraints took: 0.0005970001220703125s
Starting model update
Model update complete, took: 0.00012373924255371094 s
Starting model optimize
--------------------------------------------------
Model update took: 0.00012373924255371094 seconds
Model optimize took: 0.00399017333984375 seconds
--------------------------------------------------

Sketch (0) (cm: eps0: 7.500000000000001e-05, del0: 0.05, min_mem: 141.578125)
Par: 1, Rows: 1
(1.000,3)    (0.000,0)    (0.000,1)    (0.000,2)    
Total frac: 1.000
Par: 2, Rows: 1
(0.000,2)    (0.000,1)    (0.000,0)    (1.000,3)    
Total frac: 1.000
Par: 3, Rows: 1
(0.000,1)    (0.000,2)    (1.000,3)    (0.000,0)    
Total frac: 1.000

Sketch (1) (cm: eps0: 1.25e-06, del0: 0.05, min_mem: 8494.6328125)
Par: 1, Rows: 1
(1.000,1)    (0.000,0)    (0.000,3)    (0.000,2)    
Total frac: 1.000
Par: 2, Rows: 1
(0.000,2)    (1.000,0)    (0.000,1)    (0.000,3)    
Total frac: 1.000
Par: 3, Rows: 1
(0.000,2)    (1.000,1)    (0.000,0)    (0.000,3)    
Total frac: 1.000

Sketch (2) (cm: eps0: 0.000625, del0: 0.025, min_mem: 16.9921875)
Par: 1, Rows: 1
(0.000,1)    (1.000,3)    (0.000,2)    (0.000,0)    
Total frac: 1.000
Par: 2, Rows: 1
(0.000,0)    (0.000,3)    (1.000,2)    (0.000,1)    
Total frac: 1.000
Par: 3, Rows: 1
(0.000,2)    (0.000,0)    (1.000,3)    (0.000,1)    
Total frac: 1.000
Par: 4, Rows: 1
(1.000,2)    (0.000,3)    (0.000,1)    (0.000,0)    
Total frac: 1.000

Device (0) cpu_1:
Rows total: 1.0
Mem total: 8494.632812500042

Device (1) cpu_2:
Rows total: 2.0
Mem total: 16989.265624999985

Device (2) p4_1:
Rows total: 2.0
Mem total: 33.984375

Device (3) p4_2:
Rows total: 5.0
Mem total: 458.71875
--------------------------------------------------
Changed value of parameter NonConvex to 2
   Prev: -1  Min: -1  Max: 2  Default: -1
Changed value of parameter NonConvex to 2
   Prev: -1  Min: -1  Max: 2  Default: -1

Throughput: 70.00000000000064 Mpps, ns per packet: 14.285714285714155
Resources: 115.12547588348444
Used Cores: 10.000000000000055, Total CPUS: 2, Switch Memory: 492.703125

Sketch (0) (cm: eps0: 7.500000000000001e-05, del0: 0.05, min_mem: 141.578125)
Par: 1, Rows: 1
(1.000,3)    (0.000,0)    (0.000,1)    (0.000,2)    
Total frac: 1.000
Par: 2, Rows: 1
(0.000,2)    (0.000,1)    (0.000,0)    (1.000,3)    
Total frac: 1.000
Par: 3, Rows: 1
(0.000,1)    (0.000,2)    (1.000,3)    (0.000,0)    
Total frac: 1.000

Sketch (1) (cm: eps0: 1.25e-06, del0: 0.05, min_mem: 8494.6328125)
Par: 1, Rows: 1
(1.000,1)    (0.000,0)    (0.000,3)    (0.000,2)    
Total frac: 1.000
Par: 2, Rows: 1
(0.000,2)    (1.000,0)    (0.000,1)    (0.000,3)    
Total frac: 1.000
Par: 3, Rows: 1
(0.000,2)    (1.000,1)    (0.000,0)    (0.000,3)    
Total frac: 1.000

Sketch (2) (cm: eps0: 0.000625, del0: 0.025, min_mem: 16.9921875)
Par: 1, Rows: 1
(0.000,1)    (1.000,3)    (0.000,2)    (0.000,0)    
Total frac: 1.000
Par: 2, Rows: 1
(0.000,0)    (0.000,3)    (1.000,2)    (0.000,1)    
Total frac: 1.000
Par: 3, Rows: 1
(0.000,2)    (0.000,0)    (1.000,3)    (0.000,1)    
Total frac: 1.000
Par: 4, Rows: 1
(1.000,2)    (0.000,3)    (0.000,1)    (0.000,0)    
Total frac: 1.000

Device (0) cpu_1:
cores_sketch: 1.0, cores_dpdk: 3.0
Rows total: 1.0
Mem total: 8494.632812500042
Throughput: 70.00000000000064

Device (1) cpu_2:
cores_sketch: 2.9999999999999987, cores_dpdk: 3.000000000000056
Rows total: 2.0
Mem total: 16989.265624999985
Throughput: 70.00000000000064

Device (2) p4_1:
Rows total: 2.0
Mem total: 33.984375
Throughput: 148.0

Device (3) p4_2:
Rows total: 5.0
Mem total: 458.71875
Throughput: 148.0
--------------------------------------------------
Function: solve took 0.033814191818237305 seconds
