Function: get_partitions took 1.8835067749023438e-05 seconds
Function: map_flows_partitions took 3.0994415283203125e-06 seconds
Using license file /home/anup/gurobi.lic
Academic license - for non-commercial use only
Building model with:
2 devices, 3 partitions and 1 flows
Adding frac and mem vars took: 0.0002522468566894531s
Adding coverage constraints took: 0.00023674964904785156s
Adding accuracy constraints took 0.0001971721649169922s
Adding load constraints took: 0.0002951622009277344s
Starting model update
Model update complete, took: 6.031990051269531e-05 s
Starting model optimize
--------------------------------------------------
Model update took: 6.031990051269531e-05 seconds
Model optimize took: 0.0006847381591796875 seconds
--------------------------------------------------

Throughput: 148.0 Mpps, ns per packet: 6.756756756756757
Resources: 2.873779296875
Used Cores: 0, Total CPUS: 0, Switch Memory: 101.94140625

Sketch (0) (cm: eps0: 0.0003125, del0: 0.05, min_mem: 33.98046875)
Par: 1, Rows: 1
(1.000,0)    (0.000,1)    
Total frac: 1.000
Par: 2, Rows: 1
(0.000,0)    (1.000,1)    
Total frac: 1.000
Par: 3, Rows: 1
(0.000,1)    (1.000,0)    
Total frac: 1.000

Device (0) p4_1:
Rows total: 2.0
Mem total: 67.9609375
Throughput: 148.0

Device (1) p4_2:
Rows total: 1.0
Mem total: 33.98046875
Throughput: 148.0
--------------------------------------------------
Function: solve took 0.006815433502197266 seconds
