Function: get_partitions took 1.9073486328125e-05 seconds
Function: map_flows_partitions took 3.337860107421875e-06 seconds
Using license file /home/anup/gurobi.lic
Academic license - for non-commercial use only
Building model with:
2 devices, 3 partitions and 1 flows
Adding frac and mem vars took: 0.0002288818359375s
Adding coverage constraints took: 0.00025343894958496094s
Adding accuracy constraints took 0.0001811981201171875s
Adding load constraints took: 0.0003161430358886719s
Starting model update
Model update complete, took: 5.91278076171875e-05 s
Starting model optimize
--------------------------------------------------
Model update took: 5.91278076171875e-05 seconds
Model optimize took: 0.0014755725860595703 seconds
--------------------------------------------------

Sketch (0) (cm: eps0: 0.00625, del0: 0.05, min_mem: 1.69921875)
Par: 1, Rows: 1
(0.000,0)    (1.000,1)    
Total frac: 1.000
Par: 2, Rows: 1
(0.000,0)    (1.000,1)    
Total frac: 1.000
Par: 3, Rows: 1
(1.000,1)    (0.000,0)    
Total frac: 1.000

Device (0) cpu_1:
Rows total: 5.885645977011494e-07
Mem total: 1.0001e-06

Device (1) p4_1:
Rows total: 2.999999411435402
Mem total: 5.0976552499
--------------------------------------------------
Changed value of parameter NonConvex to 2
   Prev: -1  Min: -1  Max: 2  Default: -1

Throughput: 97.99999999999999 Mpps, ns per packet: 10.204081632653063
Resources: 70.85620100389816
Used Cores: 6.999999999999973, Total CPUS: 1, Switch Memory: 5.0976552499

Sketch (0) (cm: eps0: 0.00625, del0: 0.05, min_mem: 1.69921875)
Par: 1, Rows: 1
(0.000,0)    (1.000,1)    
Total frac: 1.000
Par: 2, Rows: 1
(0.000,0)    (1.000,1)    
Total frac: 1.000
Par: 3, Rows: 1
(1.000,1)    (0.000,0)    
Total frac: 1.000

Device (0) cpu_1:
cores_sketch: 0.0, cores_dpdk: 6.999999999999973
Rows total: 0
Mem total: 0.0
Throughput: 97.99999999999999

Device (1) p4_1:
Rows total: 2.999999411435402
Mem total: 5.0976552499
Throughput: 148.0
--------------------------------------------------
Function: solve took 0.012148380279541016 seconds
