Function: get_partitions took 0.00010848045349121094 seconds
Function: map_flows_partitions took 1.8596649169921875e-05 seconds
Using license file /home/anup/gurobi.lic
Academic license - for non-commercial use only
Building model with:
21 devices, 60 partitions and 20 flows
Adding frac and mem vars took: 0.0013020038604736328s
Adding coverage constraints took: 0.0010478496551513672s
Adding accuracy constraints took 0.0032536983489990234s
Adding load constraints took: 0.0024890899658203125s
Starting model update
Model update complete, took: 6.341934204101562e-05 s
Starting model optimize
--------------------------------------------------
Model update took: 6.341934204101562e-05 seconds
Model optimize took: 44.068217277526855 seconds
--------------------------------------------------

Throughput: 93.32399222387167 Mpps, ns per packet: 10.715358142857143
Resources: 1263.33877058658
Used Cores: 125.0, Total CPUS: 20, Switch Memory: 79.40007014179172

Sketch (0) (cm: eps0: 0.00625, del0: 0.05, min_mem: 1.69921875)
Par: 1, Rows: 1
(1.000,20)    (0.000,1)    (0.000,0)    
Total frac: 1.000
Par: 2, Rows: 1
(0.000,1)    (0.000,0)    (1.000,20)    
Total frac: 1.000
Par: 3, Rows: 1
(0.000,0)    (0.000,1)    (1.000,20)    
Total frac: 1.000

Sketch (1) (cm: eps0: 0.00625, del0: 0.05, min_mem: 1.69921875)
Par: 1, Rows: 1
(1.000,20)    (0.000,1)    (0.000,2)    
Total frac: 1.000
Par: 2, Rows: 1
(1.000,20)    (0.000,1)    (0.000,2)    
Total frac: 1.000
Par: 3, Rows: 1
(0.000,2)    (0.000,1)    (1.000,20)    
Total frac: 1.000

Sketch (2) (cm: eps0: 0.00625, del0: 0.05, min_mem: 1.69921875)
Par: 1, Rows: 1
(0.885,2)    (0.000,3)    (0.115,20)    
Total frac: 1.000
Par: 2, Rows: 1
(0.115,20)    (0.000,3)    (0.885,2)    
Total frac: 1.000
Par: 3, Rows: 1
(0.885,2)    (0.115,20)    (0.000,3)    
Total frac: 1.000

Sketch (3) (cm: eps0: 0.00625, del0: 0.05, min_mem: 1.69921875)
Par: 1, Rows: 1
(0.115,20)    (0.885,3)    (0.000,4)    
Total frac: 1.000
Par: 2, Rows: 1
(0.000,4)    (0.115,20)    (0.885,3)    
Total frac: 1.000
Par: 3, Rows: 1
(0.885,3)    (0.000,4)    (0.115,20)    
Total frac: 1.000

Sketch (4) (cm: eps0: 0.00625, del0: 0.05, min_mem: 1.69921875)
Par: 1, Rows: 1
(0.000,4)    (1.000,20)    (0.000,5)    
Total frac: 1.000
Par: 2, Rows: 1
(0.000,5)    (0.000,4)    (1.000,20)    
Total frac: 1.000
Par: 3, Rows: 1
(1.000,20)    (0.000,5)    (0.000,4)    
Total frac: 1.000

Sketch (5) (cm: eps0: 0.00625, del0: 0.05, min_mem: 1.69921875)
Par: 1, Rows: 1
(1.000,20)    (0.000,6)    (0.000,5)    
Total frac: 1.000
Par: 2, Rows: 1
(0.000,6)    (1.000,20)    (0.000,5)    
Total frac: 1.000
Par: 3, Rows: 1
(0.000,5)    (0.000,6)    (1.000,20)    
Total frac: 1.000

Sketch (6) (cm: eps0: 0.00625, del0: 0.05, min_mem: 1.69921875)
Par: 1, Rows: 1
(0.000,7)    (0.885,6)    (0.115,20)    
Total frac: 1.000
Par: 2, Rows: 1
(0.000,7)    (0.115,20)    (0.885,6)    
Total frac: 1.000
Par: 3, Rows: 1
(0.115,20)    (0.885,6)    (0.000,7)    
Total frac: 1.000

Sketch (7) (cm: eps0: 0.00625, del0: 0.05, min_mem: 1.69921875)
Par: 1, Rows: 1
(0.000,8)    (0.000,7)    (1.000,20)    
Total frac: 1.000
Par: 2, Rows: 1
(0.000,7)    (0.000,8)    (1.000,20)    
Total frac: 1.000
Par: 3, Rows: 1
(0.000,8)    (0.000,7)    (1.000,20)    
Total frac: 1.000

Sketch (8) (cm: eps0: 0.00625, del0: 0.05, min_mem: 1.69921875)
Par: 1, Rows: 1
(0.885,8)    (0.000,9)    (0.115,20)    
Total frac: 1.000
Par: 2, Rows: 1
(0.115,20)    (0.000,9)    (0.885,8)    
Total frac: 1.000
Par: 3, Rows: 1
(0.000,9)    (0.115,20)    (0.885,8)    
Total frac: 1.000

Sketch (9) (cm: eps0: 0.00625, del0: 0.05, min_mem: 1.69921875)
Par: 1, Rows: 1
(1.000,20)    (0.000,9)    (0.000,10)    
Total frac: 1.000
Par: 2, Rows: 1
(1.000,20)    (0.000,9)    (0.000,10)    
Total frac: 1.000
Par: 3, Rows: 1
(0.000,10)    (0.000,9)    (1.000,20)    
Total frac: 1.000

Sketch (10) (cm: eps0: 0.00625, del0: 0.05, min_mem: 1.69921875)
Par: 1, Rows: 1
(1.000,20)    (0.000,10)    (0.000,11)    
Total frac: 1.000
Par: 2, Rows: 1
(0.000,11)    (1.000,20)    (0.000,10)    
Total frac: 1.000
Par: 3, Rows: 1
(1.000,20)    (0.000,10)    (0.000,11)    
Total frac: 1.000

Sketch (11) (cm: eps0: 0.00625, del0: 0.05, min_mem: 1.69921875)
Par: 1, Rows: 1
(1.000,20)    (0.000,11)    (0.000,12)    
Total frac: 1.000
Par: 2, Rows: 1
(0.000,12)    (0.000,11)    (1.000,20)    
Total frac: 1.000
Par: 3, Rows: 1
(1.000,20)    (0.000,11)    (0.000,12)    
Total frac: 1.000

Sketch (12) (cm: eps0: 0.00625, del0: 0.05, min_mem: 1.69921875)
Par: 1, Rows: 1
(0.000,12)    (0.000,13)    (1.000,20)    
Total frac: 1.000
Par: 2, Rows: 1
(1.000,20)    (0.000,13)    (0.000,12)    
Total frac: 1.000
Par: 3, Rows: 1
(0.000,13)    (1.000,20)    (0.000,12)    
Total frac: 1.000

Sketch (13) (cm: eps0: 0.00625, del0: 0.05, min_mem: 1.69921875)
Par: 1, Rows: 1
(1.000,20)    (0.000,14)    (0.000,13)    
Total frac: 1.000
Par: 2, Rows: 1
(0.000,14)    (0.000,13)    (1.000,20)    
Total frac: 1.000
Par: 3, Rows: 1
(0.000,13)    (0.000,14)    (1.000,20)    
Total frac: 1.000

Sketch (14) (cm: eps0: 0.00625, del0: 0.05, min_mem: 1.69921875)
Par: 1, Rows: 1
(1.000,20)    (0.000,15)    (0.000,14)    
Total frac: 1.000
Par: 2, Rows: 1
(0.000,14)    (0.000,15)    (1.000,20)    
Total frac: 1.000
Par: 3, Rows: 1
(1.000,20)    (0.000,14)    (0.000,15)    
Total frac: 1.000

Sketch (15) (cm: eps0: 0.00625, del0: 0.05, min_mem: 1.69921875)
Par: 1, Rows: 1
(0.000,16)    (0.000,15)    (1.000,20)    
Total frac: 1.000
Par: 2, Rows: 1
(0.000,15)    (0.000,16)    (1.000,20)    
Total frac: 1.000
Par: 3, Rows: 1
(0.000,16)    (0.000,15)    (1.000,20)    
Total frac: 1.000

Sketch (16) (cm: eps0: 0.00625, del0: 0.05, min_mem: 1.69921875)
Par: 1, Rows: 1
(1.000,20)    (0.000,16)    (0.000,17)    
Total frac: 1.000
Par: 2, Rows: 1
(1.000,20)    (0.000,17)    (0.000,16)    
Total frac: 1.000
Par: 3, Rows: 1
(0.000,16)    (0.000,17)    (1.000,20)    
Total frac: 1.000

Sketch (17) (cm: eps0: 0.00625, del0: 0.05, min_mem: 1.69921875)
Par: 1, Rows: 1
(0.000,17)    (0.000,18)    (1.000,20)    
Total frac: 1.000
Par: 2, Rows: 1
(0.000,17)    (0.000,18)    (1.000,20)    
Total frac: 1.000
Par: 3, Rows: 1
(1.000,20)    (0.000,18)    (0.000,17)    
Total frac: 1.000

Sketch (18) (cm: eps0: 0.00625, del0: 0.05, min_mem: 1.69921875)
Par: 1, Rows: 1
(0.885,19)    (0.115,20)    (0.000,18)    
Total frac: 1.000
Par: 2, Rows: 1
(0.000,18)    (0.885,19)    (0.115,20)    
Total frac: 1.000
Par: 3, Rows: 1
(0.000,18)    (0.115,20)    (0.885,19)    
Total frac: 1.000

Sketch (19) (cm: eps0: 0.00625, del0: 0.05, min_mem: 1.69921875)
Par: 1, Rows: 1
(0.000,19)    (1.000,20)    (0.000,0)    
Total frac: 1.000
Par: 2, Rows: 1
(1.000,20)    (0.000,0)    (0.000,19)    
Total frac: 1.000
Par: 3, Rows: 1
(0.000,19)    (1.000,20)    (0.000,0)    
Total frac: 1.000

Device (0) cpu_0:
cores_sketch: 0.0, cores_dpdk: 6.0
Rows total: 0.0
Mem total: 0.0
Throughput: 93.32399222387167

Device (1) cpu_1:
cores_sketch: 0.0, cores_dpdk: 6.0
Rows total: 0.0
Mem total: 0.0
Throughput: 93.33333333333334

Device (2) cpu_2:
cores_sketch: 1.0, cores_dpdk: 6.0
Rows total: 2.654520481939387
Mem total: 4.510610975170443
Throughput: 93.32399222387167

Device (3) cpu_3:
cores_sketch: 1.0, cores_dpdk: 6.0
Rows total: 2.6545204791843475
Mem total: 4.510610970489028
Throughput: 93.32399222387167

Device (4) cpu_4:
cores_sketch: 0.0, cores_dpdk: 6.0
Rows total: 0.0
Mem total: 0.0
Throughput: 93.33333333333334

Device (5) cpu_5:
cores_sketch: 0.0, cores_dpdk: 6.0
Rows total: 0.0
Mem total: 0.0
Throughput: 93.33333333333334

Device (6) cpu_6:
cores_sketch: 1.0, cores_dpdk: 6.0
Rows total: 2.654520480235695
Mem total: 4.510610972275497
Throughput: 93.32399222387167

Device (7) cpu_7:
cores_sketch: 0.0, cores_dpdk: 6.0
Rows total: 0.0
Mem total: 0.0
Throughput: 93.33333333333334

Device (8) cpu_8:
cores_sketch: 1.0, cores_dpdk: 6.0
Rows total: 2.6545204777182643
Mem total: 4.510610967997832
Throughput: 93.32399222387167

Device (9) cpu_9:
cores_sketch: 0.0, cores_dpdk: 6.0
Rows total: 0.0
Mem total: 0.0
Throughput: 93.33333333333334

Device (10) cpu_10:
cores_sketch: 0.0, cores_dpdk: 6.0
Rows total: 0.0
Mem total: 0.0
Throughput: 93.33333333333334

Device (11) cpu_11:
cores_sketch: 0.0, cores_dpdk: 6.0
Rows total: 0.0
Mem total: 0.0
Throughput: 93.33333333333334

Device (12) cpu_12:
cores_sketch: 0.0, cores_dpdk: 6.0
Rows total: 0.0
Mem total: 0.0
Throughput: 93.33333333333334

Device (13) cpu_13:
cores_sketch: 0.0, cores_dpdk: 6.0
Rows total: 0.0
Mem total: 0.0
Throughput: 93.33333333333334

Device (14) cpu_14:
cores_sketch: 0.0, cores_dpdk: 6.0
Rows total: 0.0
Mem total: 0.0
Throughput: 93.33333333333334

Device (15) cpu_15:
cores_sketch: 0.0, cores_dpdk: 6.0
Rows total: 0.0
Mem total: 0.0
Throughput: 93.32399222387167

Device (16) cpu_16:
cores_sketch: 0.0, cores_dpdk: 6.0
Rows total: 0.0
Mem total: 0.0
Throughput: 93.33333333333334

Device (17) cpu_17:
cores_sketch: 0.0, cores_dpdk: 6.0
Rows total: 0.0
Mem total: 0.0
Throughput: 93.32399222387167

Device (18) cpu_18:
cores_sketch: 0.0, cores_dpdk: 6.0
Rows total: 0.0
Mem total: 0.0
Throughput: 93.33333333333334

Device (19) cpu_19:
cores_sketch: 1.0, cores_dpdk: 6.0
Rows total: 2.654520480235695
Mem total: 4.510610972275497
Throughput: 93.32399222387167

Device (20) p4_1:
Rows total: 46.727397600686615
Mem total: 79.40007014179172
Throughput: 148.0
--------------------------------------------------
Function: solve took 44.1072461605072 seconds
