Function: get_partitions took 1.8596649169921875e-05 seconds
Function: map_flows_partitions took 1.7404556274414062e-05 seconds
Using license file /home/anup/gurobi.lic
Academic license - for non-commercial use only
Building model with:
21 devices, 3 partitions and 20 flows
Adding frac and mem vars took: 0.0006740093231201172s
Adding coverage constraints took: 0.0010175704956054688s
Adding accuracy constraints took 0.0012536048889160156s
Adding load constraints took: 0.002167224884033203s
Starting model update
Model update complete, took: 0.0001761913299560547 s
Starting model optimize
--------------------------------------------------
Model update took: 0.0001761913299560547 seconds
Model optimize took: 0.0024580955505371094 seconds
--------------------------------------------------

Sketch (0) (cm: eps0: 6.25e-06, del0: 0.05, min_mem: 1698.9296875)
Par: 1, Rows: 1
(0.000,18)    (0.339,3)    (0.000,8)    (0.000,14)    (0.339,19)    (0.000,4)    (0.339,9)    (0.339,15)    (0.661,20)    (0.339,5)    (0.000,10)    (0.000,0)    (0.000,6)    (0.339,11)    (0.000,16)    (0.339,1)    (0.339,7)    (0.000,12)    (0.339,17)    (0.000,2)    (0.339,13)    
Total frac: 4.049
Par: 2, Rows: 1
(0.000,12)    (0.000,9)    (0.000,2)    (0.000,15)    (0.000,5)    (0.000,18)    (0.000,8)    (0.000,14)    (0.000,11)    (0.000,4)    (0.000,1)    (0.000,7)    (1.000,20)    (0.000,17)    (0.000,10)    (0.000,0)    (0.000,13)    (0.000,6)    (0.000,3)    (0.000,16)    (0.000,19)    
Total frac: 1.000
Par: 3, Rows: 1
(0.000,11)    (0.339,16)    (0.339,6)    (0.000,7)    (0.000,1)    (0.339,12)    (0.000,17)    (0.339,2)    (0.000,3)    (0.000,13)    (0.339,8)    (0.339,18)    (0.000,19)    (0.339,4)    (0.339,14)    (0.000,15)    (0.000,9)    (0.661,20)    (0.000,5)    (0.339,0)    (0.339,10)    
Total frac: 4.051

Device (0) p4_0:
Rows total: 0.33903698560214846
Mem total: 576.0

Device (1) p4_1:
Rows total: 0.3388047924106631
Mem total: 575.6055200937502

Device (2) p4_2:
Rows total: 0.33903698560214846
Mem total: 576.0

Device (3) p4_3:
Rows total: 0.3388047924106631
Mem total: 575.6055200937502

Device (4) p4_4:
Rows total: 0.33903698560214846
Mem total: 576.0000000000001

Device (5) p4_5:
Rows total: 0.3388047924106631
Mem total: 575.6055200937502

Device (6) p4_6:
Rows total: 0.33903698560214846
Mem total: 576.0

Device (7) p4_7:
Rows total: 0.3388047924106631
Mem total: 575.6055200937502

Device (8) p4_8:
Rows total: 0.33903698560214846
Mem total: 576.0000000000001

Device (9) p4_9:
Rows total: 0.3388047924106631
Mem total: 575.6055200937502

Device (10) p4_10:
Rows total: 0.33903698560214846
Mem total: 576.0000000000001

Device (11) p4_11:
Rows total: 0.3388047924106631
Mem total: 575.6055200937502

Device (12) p4_12:
Rows total: 0.33903698560214846
Mem total: 576.0000000000001

Device (13) p4_13:
Rows total: 0.3388047924106631
Mem total: 575.6055200937502

Device (14) p4_14:
Rows total: 0.33903698560214846
Mem total: 576.0000000000001

Device (15) p4_15:
Rows total: 0.3388047924106631
Mem total: 575.6055200937502

Device (16) p4_16:
Rows total: 0.33903698560214846
Mem total: 576.0000000000001

Device (17) p4_17:
Rows total: 0.3388047924106631
Mem total: 575.6055200937502

Device (18) p4_18:
Rows total: 0.3390369856021484
Mem total: 576.0

Device (19) p4_19:
Rows total: 0.3388047924106631
Mem total: 575.6055200937502

Device (20) cpu_1:
Rows total: 2.3221582219871886
Mem total: 3945.1835424062497
--------------------------------------------------
Changed value of parameter NonConvex to 2
   Prev: -1  Min: -1  Max: 2  Default: -1

Throughput: 87.49999999999999 Mpps, ns per packet: 11.42857142857143
Resources: 312.0940109191214
Used Cores: 6.9999999999999964, Total CPUS: 1, Switch Memory: 11516.0552009375

Sketch (0) (cm: eps0: 6.25e-06, del0: 0.05, min_mem: 1698.9296875)
Par: 1, Rows: 1
(0.000,18)    (0.339,3)    (0.000,8)    (0.000,14)    (0.339,19)    (0.000,4)    (0.339,9)    (0.339,15)    (0.661,20)    (0.339,5)    (0.000,10)    (0.000,0)    (0.000,6)    (0.339,11)    (0.000,16)    (0.339,1)    (0.339,7)    (0.000,12)    (0.339,17)    (0.000,2)    (0.339,13)    
Total frac: 4.049
Par: 2, Rows: 1
(0.000,12)    (0.000,9)    (0.000,2)    (0.000,15)    (0.000,5)    (0.000,18)    (0.000,8)    (0.000,14)    (0.000,11)    (0.000,4)    (0.000,1)    (0.000,7)    (1.000,20)    (0.000,17)    (0.000,10)    (0.000,0)    (0.000,13)    (0.000,6)    (0.000,3)    (0.000,16)    (0.000,19)    
Total frac: 1.000
Par: 3, Rows: 1
(0.000,11)    (0.339,16)    (0.339,6)    (0.000,7)    (0.000,1)    (0.339,12)    (0.000,17)    (0.339,2)    (0.000,3)    (0.000,13)    (0.339,8)    (0.339,18)    (0.000,19)    (0.339,4)    (0.339,14)    (0.000,15)    (0.000,9)    (0.661,20)    (0.000,5)    (0.339,0)    (0.339,10)    
Total frac: 4.051

Device (0) p4_0:
Rows total: 0.33903698560214846
Mem total: 576.0
Throughput: 148.0

Device (1) p4_1:
Rows total: 0.3388047924106631
Mem total: 575.6055200937502
Throughput: 148.0

Device (2) p4_2:
Rows total: 0.33903698560214846
Mem total: 576.0
Throughput: 148.0

Device (3) p4_3:
Rows total: 0.3388047924106631
Mem total: 575.6055200937502
Throughput: 148.0

Device (4) p4_4:
Rows total: 0.33903698560214846
Mem total: 576.0
Throughput: 148.0

Device (5) p4_5:
Rows total: 0.3388047924106631
Mem total: 575.6055200937502
Throughput: 148.0

Device (6) p4_6:
Rows total: 0.33903698560214846
Mem total: 576.0
Throughput: 148.0

Device (7) p4_7:
Rows total: 0.3388047924106631
Mem total: 575.6055200937502
Throughput: 148.0

Device (8) p4_8:
Rows total: 0.33903698560214846
Mem total: 576.0
Throughput: 148.0

Device (9) p4_9:
Rows total: 0.3388047924106631
Mem total: 575.6055200937502
Throughput: 148.0

Device (10) p4_10:
Rows total: 0.33903698560214846
Mem total: 576.0
Throughput: 148.0

Device (11) p4_11:
Rows total: 0.3388047924106631
Mem total: 575.6055200937502
Throughput: 148.0

Device (12) p4_12:
Rows total: 0.33903698560214846
Mem total: 576.0
Throughput: 148.0

Device (13) p4_13:
Rows total: 0.3388047924106631
Mem total: 575.6055200937502
Throughput: 148.0

Device (14) p4_14:
Rows total: 0.33903698560214846
Mem total: 576.0
Throughput: 148.0

Device (15) p4_15:
Rows total: 0.3388047924106631
Mem total: 575.6055200937502
Throughput: 148.0

Device (16) p4_16:
Rows total: 0.33903698560214846
Mem total: 576.0
Throughput: 148.0

Device (17) p4_17:
Rows total: 0.3388047924106631
Mem total: 575.6055200937502
Throughput: 148.0

Device (18) p4_18:
Rows total: 0.3390369856021484
Mem total: 576.0
Throughput: 148.0

Device (19) p4_19:
Rows total: 0.3388047924106631
Mem total: 575.6055200937502
Throughput: 148.0

Device (20) cpu_1:
cores_sketch: 2.0, cores_dpdk: 4.9999999999999964
Rows total: 2.3221582219871886
Mem total: 3945.1835424062497
Throughput: 87.49999999999999
--------------------------------------------------
Function: solve took 0.05370473861694336 seconds
