Function: get_partitions took 1.5974044799804688e-05 seconds
Function: map_flows_partitions took 1.5497207641601562e-05 seconds
Using license file /home/anup/gurobi.lic
Academic license - for non-commercial use only
Building model with:
21 devices, 3 partitions and 20 flows
Adding frac and mem vars took: 0.0005562305450439453s
Adding coverage constraints took: 0.0011818408966064453s
Adding accuracy constraints took 0.0012390613555908203s
Adding load constraints took: 0.002046823501586914s
Starting model update
Model update complete, took: 0.00024199485778808594 s
Starting model optimize
--------------------------------------------------
Model update took: 0.00024199485778808594 seconds
Model optimize took: 0.00486302375793457 seconds
--------------------------------------------------

Sketch (0) (cm: eps0: 0.00625, del0: 0.05, min_mem: 1.69921875)
Par: 1, Rows: 1
(0.333,18)    (0.333,3)    (0.333,8)    (0.333,14)    (0.333,19)    (0.333,4)    (0.333,9)    (0.333,15)    (0.333,20)    (0.333,5)    (0.333,10)    (0.333,0)    (0.333,6)    (0.333,11)    (0.333,16)    (0.333,1)    (0.333,7)    (0.333,12)    (0.333,17)    (0.333,2)    (0.333,13)    
Total frac: 7.000
Par: 2, Rows: 1
(0.333,12)    (0.333,9)    (0.333,2)    (0.333,15)    (0.333,5)    (0.333,18)    (0.333,8)    (0.333,14)    (0.333,11)    (0.333,4)    (0.333,1)    (0.333,7)    (0.333,20)    (0.333,17)    (0.333,10)    (0.333,0)    (0.333,13)    (0.333,6)    (0.333,3)    (0.333,16)    (0.333,19)    
Total frac: 7.000
Par: 3, Rows: 1
(0.333,11)    (0.333,16)    (0.333,6)    (0.333,7)    (0.333,1)    (0.333,12)    (0.333,17)    (0.333,2)    (0.333,3)    (0.333,13)    (0.333,8)    (0.333,18)    (0.333,19)    (0.333,4)    (0.333,14)    (0.333,15)    (0.333,9)    (0.333,20)    (0.333,5)    (0.333,0)    (0.333,10)    
Total frac: 7.000

Device (0) p4_0:
Rows total: 0.9997988229885034
Mem total: 1.698876906249996

Device (1) p4_1:
Rows total: 1.0001005885057472
Mem total: 1.6993896718750001

Device (2) p4_2:
Rows total: 0.9997988229885034
Mem total: 1.698876906249996

Device (3) p4_3:
Rows total: 1.0001005885057472
Mem total: 1.6993896718750001

Device (4) p4_4:
Rows total: 0.9997988229885034
Mem total: 1.698876906249996

Device (5) p4_5:
Rows total: 1.0001005885057472
Mem total: 1.6993896718750001

Device (6) p4_6:
Rows total: 0.9997988229885034
Mem total: 1.698876906249996

Device (7) p4_7:
Rows total: 1.0001005885057472
Mem total: 1.6993896718750001

Device (8) p4_8:
Rows total: 0.9997988229885034
Mem total: 1.698876906249996

Device (9) p4_9:
Rows total: 1.0001005885057472
Mem total: 1.6993896718750001

Device (10) p4_10:
Rows total: 0.9997988229885034
Mem total: 1.698876906249996

Device (11) p4_11:
Rows total: 1.0001005885057472
Mem total: 1.6993896718750001

Device (12) p4_12:
Rows total: 0.9997988229885034
Mem total: 1.698876906249996

Device (13) p4_13:
Rows total: 1.0001005885057472
Mem total: 1.6993896718750001

Device (14) p4_14:
Rows total: 0.9997988229885034
Mem total: 1.698876906249996

Device (15) p4_15:
Rows total: 1.0001005885057472
Mem total: 1.6993896718750001

Device (16) p4_16:
Rows total: 0.9997988229885034
Mem total: 1.698876906249996

Device (17) p4_17:
Rows total: 1.0001005885057472
Mem total: 1.6993896718750001

Device (18) p4_18:
Rows total: 0.9997988229885054
Mem total: 1.6988769062499995

Device (19) p4_19:
Rows total: 1.0001005885057472
Mem total: 1.6993896718750001

Device (20) cpu_1:
Rows total: 1.0001005885057472
Mem total: 1.6993896718750001
--------------------------------------------------
Changed value of parameter NonConvex to 2
   Prev: -1  Min: -1  Max: 2  Default: -1

Throughput: 93.33333333333333 Mpps, ns per packet: 10.714285714285715
Resources: 75.70792817753997
Used Cores: 6.999999999999998, Total CPUS: 1, Switch Memory: 33.98266578124996

Sketch (0) (cm: eps0: 0.00625, del0: 0.05, min_mem: 1.69921875)
Par: 1, Rows: 1
(0.333,18)    (0.333,3)    (0.333,8)    (0.333,14)    (0.333,19)    (0.333,4)    (0.333,9)    (0.333,15)    (0.333,20)    (0.333,5)    (0.333,10)    (0.333,0)    (0.333,6)    (0.333,11)    (0.333,16)    (0.333,1)    (0.333,7)    (0.333,12)    (0.333,17)    (0.333,2)    (0.333,13)    
Total frac: 7.000
Par: 2, Rows: 1
(0.333,12)    (0.333,9)    (0.333,2)    (0.333,15)    (0.333,5)    (0.333,18)    (0.333,8)    (0.333,14)    (0.333,11)    (0.333,4)    (0.333,1)    (0.333,7)    (0.333,20)    (0.333,17)    (0.333,10)    (0.333,0)    (0.333,13)    (0.333,6)    (0.333,3)    (0.333,16)    (0.333,19)    
Total frac: 7.000
Par: 3, Rows: 1
(0.333,11)    (0.333,16)    (0.333,6)    (0.333,7)    (0.333,1)    (0.333,12)    (0.333,17)    (0.333,2)    (0.333,3)    (0.333,13)    (0.333,8)    (0.333,18)    (0.333,19)    (0.333,4)    (0.333,14)    (0.333,15)    (0.333,9)    (0.333,20)    (0.333,5)    (0.333,0)    (0.333,10)    
Total frac: 7.000

Device (0) p4_0:
Rows total: 0.9997988229885034
Mem total: 1.698876906249996
Throughput: 148.0

Device (1) p4_1:
Rows total: 1.0001005885057472
Mem total: 1.6993896718750001
Throughput: 148.0

Device (2) p4_2:
Rows total: 0.9997988229885034
Mem total: 1.698876906249996
Throughput: 148.0

Device (3) p4_3:
Rows total: 1.0001005885057472
Mem total: 1.6993896718750001
Throughput: 148.0

Device (4) p4_4:
Rows total: 0.9997988229885034
Mem total: 1.698876906249996
Throughput: 148.0

Device (5) p4_5:
Rows total: 1.0001005885057472
Mem total: 1.6993896718750001
Throughput: 148.0

Device (6) p4_6:
Rows total: 0.9997988229885034
Mem total: 1.698876906249996
Throughput: 148.0

Device (7) p4_7:
Rows total: 1.0001005885057472
Mem total: 1.6993896718750001
Throughput: 148.0

Device (8) p4_8:
Rows total: 0.9997988229885034
Mem total: 1.698876906249996
Throughput: 148.0

Device (9) p4_9:
Rows total: 1.0001005885057472
Mem total: 1.6993896718750001
Throughput: 148.0

Device (10) p4_10:
Rows total: 0.9997988229885034
Mem total: 1.698876906249996
Throughput: 148.0

Device (11) p4_11:
Rows total: 1.0001005885057472
Mem total: 1.6993896718750001
Throughput: 148.0

Device (12) p4_12:
Rows total: 0.9997988229885034
Mem total: 1.698876906249996
Throughput: 148.0

Device (13) p4_13:
Rows total: 1.0001005885057472
Mem total: 1.6993896718750001
Throughput: 148.0

Device (14) p4_14:
Rows total: 0.9997988229885034
Mem total: 1.698876906249996
Throughput: 148.0

Device (15) p4_15:
Rows total: 1.0001005885057472
Mem total: 1.6993896718750001
Throughput: 148.0

Device (16) p4_16:
Rows total: 0.9997988229885034
Mem total: 1.698876906249996
Throughput: 148.0

Device (17) p4_17:
Rows total: 1.0001005885057472
Mem total: 1.6993896718750001
Throughput: 148.0

Device (18) p4_18:
Rows total: 0.9997988229885054
Mem total: 1.6988769062499995
Throughput: 148.0

Device (19) p4_19:
Rows total: 1.0001005885057472
Mem total: 1.6993896718750001
Throughput: 148.0

Device (20) cpu_1:
cores_sketch: 1.0, cores_dpdk: 5.999999999999998
Rows total: 1.0001005885057472
Mem total: 1.6993896718750001
Throughput: 93.33333333333333
--------------------------------------------------
Function: solve took 0.03891253471374512 seconds
