Function: get_partitions took 1.7881393432617188e-05 seconds
Function: map_flows_partitions took 1.8835067749023438e-05 seconds
Using license file /home/anup/gurobi.lic
Academic license - for non-commercial use only
Building model with:
21 devices, 3 partitions and 20 flows
Adding frac and mem vars took: 0.0006272792816162109s
Adding coverage constraints took: 0.0009834766387939453s
Adding accuracy constraints took 0.0011296272277832031s
Adding load constraints took: 0.00191497802734375s
Starting model update
Model update complete, took: 0.0001819133758544922 s
Starting model optimize
--------------------------------------------------
Model update took: 0.0001819133758544922 seconds
Model optimize took: 0.012881040573120117 seconds
--------------------------------------------------

Sketch (0) (cm: eps0: 0.00625, del0: 0.05, min_mem: 1.69921875)
Par: 1, Rows: 1
(0.500,18)    (0.500,3)    (0.500,8)    (0.500,14)    (0.500,19)    (0.500,4)    (0.500,9)    (0.500,15)    (0.000,20)    (0.500,5)    (0.500,10)    (0.500,0)    (0.500,6)    (0.500,11)    (0.500,16)    (0.500,1)    (0.500,7)    (0.500,12)    (0.500,17)    (0.500,2)    (0.500,13)    
Total frac: 10.000
Par: 2, Rows: 1
(0.500,12)    (0.500,9)    (0.500,2)    (0.500,15)    (0.500,5)    (0.500,18)    (0.500,8)    (0.500,14)    (0.500,11)    (0.500,4)    (0.500,1)    (0.500,7)    (0.000,20)    (0.500,17)    (0.500,10)    (0.500,0)    (0.500,13)    (0.500,6)    (0.500,3)    (0.500,16)    (0.500,19)    
Total frac: 10.000
Par: 3, Rows: 1
(0.500,11)    (0.500,16)    (0.500,6)    (0.500,7)    (0.500,1)    (0.500,12)    (0.500,17)    (0.500,2)    (0.500,3)    (0.500,13)    (0.500,8)    (0.500,18)    (0.500,19)    (0.500,4)    (0.500,14)    (0.500,15)    (0.500,9)    (0.000,20)    (0.500,5)    (0.500,0)    (0.500,10)    
Total frac: 10.000

Device (0) p4_0:
Rows total: 1.4999994999499997
Mem total: 2.5488272753056638

Device (1) p4_1:
Rows total: 1.4999994999499997
Mem total: 2.5488272753056638

Device (2) p4_2:
Rows total: 1.4999994999499997
Mem total: 2.5488272753056638

Device (3) p4_3:
Rows total: 1.4999994999499997
Mem total: 2.5488272753056638

Device (4) p4_4:
Rows total: 1.4999994999499997
Mem total: 2.5488272753056638

Device (5) p4_5:
Rows total: 1.4999994999499997
Mem total: 2.5488272753056638

Device (6) p4_6:
Rows total: 1.4999994999499997
Mem total: 2.5488272753056638

Device (7) p4_7:
Rows total: 1.4999994999499997
Mem total: 2.5488272753056638

Device (8) p4_8:
Rows total: 1.4999994999499997
Mem total: 2.5488272753056638

Device (9) p4_9:
Rows total: 1.4999994999499997
Mem total: 2.5488272753056638

Device (10) p4_10:
Rows total: 1.4999994999499997
Mem total: 2.5488272753056638

Device (11) p4_11:
Rows total: 1.4999994999499997
Mem total: 2.5488272753056638

Device (12) p4_12:
Rows total: 1.4999994999499997
Mem total: 2.5488272753056638

Device (13) p4_13:
Rows total: 1.4999994999499997
Mem total: 2.5488272753056638

Device (14) p4_14:
Rows total: 1.4999994999499997
Mem total: 2.5488272753056638

Device (15) p4_15:
Rows total: 1.4999994999499997
Mem total: 2.5488272753056638

Device (16) p4_16:
Rows total: 1.4999994999499997
Mem total: 2.5488272753056638

Device (17) p4_17:
Rows total: 1.4999994999499997
Mem total: 2.5488272753056638

Device (18) p4_18:
Rows total: 1.4999994999499997
Mem total: 2.5488272753056638

Device (19) p4_19:
Rows total: 1.4999994999499997
Mem total: 2.5488272753056638

Device (20) cpu_1:
Rows total: 1.0000999999999998e-06
Mem total: 1.6993886718749997e-06
--------------------------------------------------
Changed value of parameter NonConvex to 2
   Prev: -1  Min: -1  Max: 2  Default: -1

Throughput: 97.99999999999999 Mpps, ns per packet: 10.204081632653063
Resources: 78.56200886446042
Used Cores: 6.999999999999973, Total CPUS: 1, Switch Memory: 50.976545506113254

Sketch (0) (cm: eps0: 0.00625, del0: 0.05, min_mem: 1.69921875)
Par: 1, Rows: 1
(0.500,18)    (0.500,3)    (0.500,8)    (0.500,14)    (0.500,19)    (0.500,4)    (0.500,9)    (0.500,15)    (0.000,20)    (0.500,5)    (0.500,10)    (0.500,0)    (0.500,6)    (0.500,11)    (0.500,16)    (0.500,1)    (0.500,7)    (0.500,12)    (0.500,17)    (0.500,2)    (0.500,13)    
Total frac: 10.000
Par: 2, Rows: 1
(0.500,12)    (0.500,9)    (0.500,2)    (0.500,15)    (0.500,5)    (0.500,18)    (0.500,8)    (0.500,14)    (0.500,11)    (0.500,4)    (0.500,1)    (0.500,7)    (0.000,20)    (0.500,17)    (0.500,10)    (0.500,0)    (0.500,13)    (0.500,6)    (0.500,3)    (0.500,16)    (0.500,19)    
Total frac: 10.000
Par: 3, Rows: 1
(0.500,11)    (0.500,16)    (0.500,6)    (0.500,7)    (0.500,1)    (0.500,12)    (0.500,17)    (0.500,2)    (0.500,3)    (0.500,13)    (0.500,8)    (0.500,18)    (0.500,19)    (0.500,4)    (0.500,14)    (0.500,15)    (0.500,9)    (0.000,20)    (0.500,5)    (0.500,0)    (0.500,10)    
Total frac: 10.000

Device (0) p4_0:
Rows total: 1.4999994999499997
Mem total: 2.5488272753056638
Throughput: 148.0

Device (1) p4_1:
Rows total: 1.4999994999499997
Mem total: 2.5488272753056638
Throughput: 148.0

Device (2) p4_2:
Rows total: 1.4999994999499997
Mem total: 2.5488272753056638
Throughput: 148.0

Device (3) p4_3:
Rows total: 1.4999994999499997
Mem total: 2.5488272753056638
Throughput: 148.0

Device (4) p4_4:
Rows total: 1.4999994999499997
Mem total: 2.5488272753056638
Throughput: 148.0

Device (5) p4_5:
Rows total: 1.4999994999499997
Mem total: 2.5488272753056638
Throughput: 148.0

Device (6) p4_6:
Rows total: 1.4999994999499997
Mem total: 2.5488272753056638
Throughput: 148.0

Device (7) p4_7:
Rows total: 1.4999994999499997
Mem total: 2.5488272753056638
Throughput: 148.0

Device (8) p4_8:
Rows total: 1.4999994999499997
Mem total: 2.5488272753056638
Throughput: 148.0

Device (9) p4_9:
Rows total: 1.4999994999499997
Mem total: 2.5488272753056638
Throughput: 148.0

Device (10) p4_10:
Rows total: 1.4999994999499997
Mem total: 2.5488272753056638
Throughput: 148.0

Device (11) p4_11:
Rows total: 1.4999994999499997
Mem total: 2.5488272753056638
Throughput: 148.0

Device (12) p4_12:
Rows total: 1.4999994999499997
Mem total: 2.5488272753056638
Throughput: 148.0

Device (13) p4_13:
Rows total: 1.4999994999499997
Mem total: 2.5488272753056638
Throughput: 148.0

Device (14) p4_14:
Rows total: 1.4999994999499997
Mem total: 2.5488272753056638
Throughput: 148.0

Device (15) p4_15:
Rows total: 1.4999994999499997
Mem total: 2.5488272753056638
Throughput: 148.0

Device (16) p4_16:
Rows total: 1.4999994999499997
Mem total: 2.5488272753056638
Throughput: 148.0

Device (17) p4_17:
Rows total: 1.4999994999499997
Mem total: 2.5488272753056638
Throughput: 148.0

Device (18) p4_18:
Rows total: 1.4999994999499997
Mem total: 2.5488272753056638
Throughput: 148.0

Device (19) p4_19:
Rows total: 1.4999994999499997
Mem total: 2.5488272753056638
Throughput: 148.0

Device (20) cpu_1:
cores_sketch: 0.0, cores_dpdk: 6.999999999999973
Rows total: 0
Mem total: 0.0
Throughput: 97.99999999999999
--------------------------------------------------
Function: solve took 0.041617393493652344 seconds
