Function: get_partitions took 3.266334533691406e-05 seconds
Function: map_flows_partitions took 4.5299530029296875e-06 seconds
Using license file /home/anup/gurobi.lic
Academic license - for non-commercial use only
Building model with:
2 devices, 9 partitions and 1 flows
Adding frac and mem vars took: 0.00035071372985839844s
Adding coverage constraints took: 0.00031113624572753906s
Adding accuracy constraints took 0.0004394054412841797s
Adding load constraints took: 0.0003421306610107422s
Starting model update
Model update complete, took: 6.628036499023438e-05 s
Starting model optimize
--------------------------------------------------
Model update took: 6.628036499023438e-05 seconds
Model optimize took: 0.0009338855743408203 seconds
--------------------------------------------------

Sketch (0) (cm: eps0: 6.25e-06, del0: 0.05, min_mem: 1698.9296875)
Par: 1, Rows: 1
(1.000,0)    (0.000,1)    
Total frac: 1.000
Par: 2, Rows: 1
(0.661,0)    (0.339,1)    
Total frac: 1.000
Par: 3, Rows: 1
(0.000,1)    (1.000,0)    
Total frac: 1.000

Sketch (1) (cm: eps0: 0.000625, del0: 0.05, min_mem: 16.9921875)
Par: 1, Rows: 1
(0.000,1)    (1.000,0)    
Total frac: 1.000
Par: 2, Rows: 1
(0.000,1)    (1.000,0)    
Total frac: 1.000
Par: 3, Rows: 1
(0.000,1)    (1.000,0)    
Total frac: 1.000

Sketch (2) (cm: eps0: 0.000625, del0: 0.05, min_mem: 16.9921875)
Par: 1, Rows: 1
(1.000,0)    (0.000,1)    
Total frac: 1.000
Par: 2, Rows: 1
(1.000,0)    (0.000,1)    
Total frac: 1.000
Par: 3, Rows: 1
(1.000,0)    (0.000,1)    
Total frac: 1.000

Device (0) cpu_1:
Rows total: 8.661235112308761
Mem total: 4623.204462718751

Device (1) p4_1:
Rows total: 0.338764887691239
Mem total: 575.5377247812493
--------------------------------------------------
Changed value of parameter NonConvex to 2
   Prev: -1  Min: -1  Max: 2  Default: -1

Throughput: 56.00000000000043 Mpps, ns per packet: 17.85714285714272
Resources: 82.6394165017143
Used Cores: 7.0, Total CPUS: 1, Switch Memory: 575.5377247812493

Sketch (0) (cm: eps0: 6.25e-06, del0: 0.05, min_mem: 1698.9296875)
Par: 1, Rows: 1
(1.000,0)    (0.000,1)    
Total frac: 1.000
Par: 2, Rows: 1
(0.661,0)    (0.339,1)    
Total frac: 1.000
Par: 3, Rows: 1
(0.000,1)    (1.000,0)    
Total frac: 1.000

Sketch (1) (cm: eps0: 0.000625, del0: 0.05, min_mem: 16.9921875)
Par: 1, Rows: 1
(0.000,1)    (1.000,0)    
Total frac: 1.000
Par: 2, Rows: 1
(0.000,1)    (1.000,0)    
Total frac: 1.000
Par: 3, Rows: 1
(0.000,1)    (1.000,0)    
Total frac: 1.000

Sketch (2) (cm: eps0: 0.000625, del0: 0.05, min_mem: 16.9921875)
Par: 1, Rows: 1
(1.000,0)    (0.000,1)    
Total frac: 1.000
Par: 2, Rows: 1
(1.000,0)    (0.000,1)    
Total frac: 1.000
Par: 3, Rows: 1
(1.000,0)    (0.000,1)    
Total frac: 1.000

Device (0) cpu_1:
cores_sketch: 5.000000000000001, cores_dpdk: 1.9999999999999993
Rows total: 8.661235112308761
Mem total: 4623.204462718751
Throughput: 56.00000000000043

Device (1) p4_1:
Rows total: 0.338764887691239
Mem total: 575.5377247812493
Throughput: 148.0
--------------------------------------------------
Function: solve took 0.017296791076660156 seconds
