Function: get_partitions took 2.6226043701171875e-05 seconds
Function: map_flows_partitions took 6.198883056640625e-06 seconds
Using license file /home/anup/gurobi.lic
Academic license - for non-commercial use only
Building model with:
2 devices, 3 partitions and 1 flows
Adding frac and mem vars took: 0.00023984909057617188s
Adding coverage constraints took: 0.00022411346435546875s
Adding accuracy constraints took 0.00014972686767578125s
Adding load constraints took: 0.0003712177276611328s
Starting model update
Model update complete, took: 3.075599670410156e-05 s
Starting model optimize
--------------------------------------------------
Model update took: 3.075599670410156e-05 seconds
Model optimize took: 0.005831003189086914 seconds
--------------------------------------------------

Throughput: 56.000000000000476 Mpps, ns per packet: 17.857142857142705
Resources: 73.11082744598373
Used Cores: 7.0, Total CPUS: 1, Switch Memory: -7.54474954733908e-12

Sketch (0) (cm: eps0: 1.25e-06, del0: 0.05, min_mem: 8494.6328125)
Par: 1, Rows: 1
(1.000,0)    (0.000,1)    
Total frac: 1.000
Par: 2, Rows: 1
(1.000,0)    (-0.000,1)    
Total frac: 1.000
Par: 3, Rows: 1
(0.000,1)    (1.000,0)    
Total frac: 1.000

Device (0) cpu_1:
cores_sketch: 5.0, cores_dpdk: 2.0
Rows total: 3.000000000000001
Mem total: 25483.898437500004
Throughput: 56.000000000000476

Device (1) p4_1:
Rows total: -8.881784197001252e-16
Mem total: -7.54474954733908e-12
Throughput: 148.0
--------------------------------------------------
Function: solve took 0.012365102767944336 seconds
