Function: get_partitions took 1.7642974853515625e-05 seconds
Function: map_flows_partitions took 3.337860107421875e-06 seconds
Using license file /home/anup/gurobi.lic
Academic license - for non-commercial use only
Building model with:
2 devices, 3 partitions and 1 flows
Adding frac and mem vars took: 0.0002675056457519531s
Adding coverage constraints took: 0.0002243518829345703s
Adding accuracy constraints took 0.00017523765563964844s
Adding load constraints took: 0.00029277801513671875s
Starting model update
Model update complete, took: 6.4849853515625e-05 s
Starting model optimize
--------------------------------------------------
Model update took: 6.4849853515625e-05 seconds
Model optimize took: 0.0016398429870605469 seconds
--------------------------------------------------

Sketch (0) (cm: eps0: 1.25e-06, del0: 0.05, min_mem: 8494.6328125)
Par: 1, Rows: 1
(1.000,0)    (0.000,1)    
Total frac: 1.000
Par: 2, Rows: 1
(0.932,0)    (0.068,1)    
Total frac: 1.000
Par: 3, Rows: 1
(0.000,1)    (1.000,0)    
Total frac: 1.000

Device (0) cpu_1:
Rows total: 2.93248669740268
Mem total: 24910.397721976566

Device (1) p4_1:
Rows total: 0.06751330259732002
Mem total: 573.5007155234362
--------------------------------------------------
Changed value of parameter NonConvex to 2
   Prev: -1  Min: -1  Max: 2  Default: -1

Throughput: 56.00000000000043 Mpps, ns per packet: 17.85714285714272
Resources: 85.0056299334752
Used Cores: 7.0, Total CPUS: 1, Switch Memory: 573.5007155234362

Sketch (0) (cm: eps0: 1.25e-06, del0: 0.05, min_mem: 8494.6328125)
Par: 1, Rows: 1
(1.000,0)    (0.000,1)    
Total frac: 1.000
Par: 2, Rows: 1
(0.932,0)    (0.068,1)    
Total frac: 1.000
Par: 3, Rows: 1
(0.000,1)    (1.000,0)    
Total frac: 1.000

Device (0) cpu_1:
cores_sketch: 5.000000000000001, cores_dpdk: 1.9999999999999993
Rows total: 2.93248669740268
Mem total: 24910.397721976566
Throughput: 56.00000000000043

Device (1) p4_1:
Rows total: 0.06751330259732002
Mem total: 573.5007155234362
Throughput: 148.0
--------------------------------------------------
Function: solve took 0.016760826110839844 seconds
