Function: get_partitions took 3.409385681152344e-05 seconds
Function: map_flows_partitions took 5.245208740234375e-06 seconds
Using license file /home/anup/gurobi.lic
Academic license - for non-commercial use only
Building model with:
2 devices, 10 partitions and 1 flows
Adding frac and mem vars took: 0.00033020973205566406s
Adding coverage constraints took: 0.00034117698669433594s
Adding accuracy constraints took 0.0004913806915283203s
Adding load constraints took: 0.0003674030303955078s
Starting model update
Model update complete, took: 7.224082946777344e-05 s
Starting model optimize
--------------------------------------------------
Model update took: 7.224082946777344e-05 seconds
Model optimize took: 0.003041982650756836 seconds
--------------------------------------------------

Sketch (0) (cm: eps0: 0.3125, del0: 0.05, min_mem: 0.03515625)
Par: 1, Rows: 1
(0.000,0)    (1.000,1)    
Total frac: 1.000
Par: 2, Rows: 1
(1.000,1)    (0.000,0)    
Total frac: 1.000
Par: 3, Rows: 1
(1.000,1)    (0.000,0)    
Total frac: 1.000

Sketch (1) (cm: eps0: 0.00125, del0: 0.05, min_mem: 8.49609375)
Par: 1, Rows: 1
(0.496,1)    (0.504,0)    
Total frac: 1.000
Par: 2, Rows: 1
(0.504,0)    (0.496,1)    
Total frac: 1.000
Par: 3, Rows: 1
(0.496,1)    (0.504,0)    
Total frac: 1.000

Sketch (2) (cm: eps0: 0.625, del0: 0.025, min_mem: 0.01953125)
Par: 1, Rows: 1
(1.000,1)    (0.000,0)    
Total frac: 1.000
Par: 2, Rows: 1
(0.000,0)    (1.000,1)    
Total frac: 1.000
Par: 3, Rows: 1
(0.000,0)    (1.000,1)    
Total frac: 1.000
Par: 4, Rows: 1
(1.000,1)    (0.000,0)    
Total frac: 1.000

Device (0) cpu_1:
Rows total: 1.5108045977011493
Mem total: 12.8359375

Device (1) p4_1:
Rows total: 8.48919540229885
Mem total: 12.8359375
--------------------------------------------------
Changed value of parameter NonConvex to 2
   Prev: -1  Min: -1  Max: 2  Default: -1

Throughput: 93.33333333333333 Mpps, ns per packet: 10.714285714285715
Resources: 72.39128110205989
Used Cores: 6.999999999999998, Total CPUS: 1, Switch Memory: 12.8359375

Sketch (0) (cm: eps0: 0.3125, del0: 0.05, min_mem: 0.03515625)
Par: 1, Rows: 1
(0.000,0)    (1.000,1)    
Total frac: 1.000
Par: 2, Rows: 1
(1.000,1)    (0.000,0)    
Total frac: 1.000
Par: 3, Rows: 1
(1.000,1)    (0.000,0)    
Total frac: 1.000

Sketch (1) (cm: eps0: 0.00125, del0: 0.05, min_mem: 8.49609375)
Par: 1, Rows: 1
(0.496,1)    (0.504,0)    
Total frac: 1.000
Par: 2, Rows: 1
(0.504,0)    (0.496,1)    
Total frac: 1.000
Par: 3, Rows: 1
(0.496,1)    (0.504,0)    
Total frac: 1.000

Sketch (2) (cm: eps0: 0.625, del0: 0.025, min_mem: 0.01953125)
Par: 1, Rows: 1
(1.000,1)    (0.000,0)    
Total frac: 1.000
Par: 2, Rows: 1
(0.000,0)    (1.000,1)    
Total frac: 1.000
Par: 3, Rows: 1
(0.000,0)    (1.000,1)    
Total frac: 1.000
Par: 4, Rows: 1
(1.000,1)    (0.000,0)    
Total frac: 1.000

Device (0) cpu_1:
cores_sketch: 1.0, cores_dpdk: 5.999999999999998
Rows total: 1.5108045977011493
Mem total: 12.8359375
Throughput: 93.33333333333333

Device (1) p4_1:
Rows total: 8.48919540229885
Mem total: 12.8359375
Throughput: 148.0
--------------------------------------------------
Function: solve took 0.03679966926574707 seconds
