Function: get_partitions took 3.123283386230469e-05 seconds
Function: map_flows_partitions took 4.5299530029296875e-06 seconds
Using license file /home/anup/gurobi.lic
Academic license - for non-commercial use only
Building model with:
2 devices, 10 partitions and 1 flows
Adding frac and mem vars took: 0.0003230571746826172s
Adding coverage constraints took: 0.0003180503845214844s
Adding accuracy constraints took 0.0004184246063232422s
Adding load constraints took: 0.000370025634765625s
Starting model update
Model update complete, took: 7.224082946777344e-05 s
Starting model optimize
--------------------------------------------------
Model update took: 7.224082946777344e-05 seconds
Model optimize took: 0.0011739730834960938 seconds
--------------------------------------------------

Sketch (0) (cm: eps0: 0.3125, del0: 0.05, min_mem: 0.03515625)
Par: 1, Rows: 1
(0.000,0)    (1.000,1)    
Total frac: 1.000
Par: 2, Rows: 1
(1.000,1)    (0.000,0)    
Total frac: 1.000
Par: 3, Rows: 1
(1.000,1)    (0.000,0)    
Total frac: 1.000

Sketch (1) (cm: eps0: 0.00125, del0: 0.05, min_mem: 8.49609375)
Par: 1, Rows: 1
(1.000,1)    (0.000,0)    
Total frac: 1.000
Par: 2, Rows: 1
(0.000,0)    (1.000,1)    
Total frac: 1.000
Par: 3, Rows: 1
(1.000,1)    (0.000,0)    
Total frac: 1.000

Sketch (2) (cm: eps0: 0.625, del0: 0.025, min_mem: 0.01953125)
Par: 1, Rows: 1
(1.000,1)    (0.000,0)    
Total frac: 1.000
Par: 2, Rows: 1
(0.000,0)    (1.000,1)    
Total frac: 1.000
Par: 3, Rows: 1
(0.000,0)    (1.000,1)    
Total frac: 1.000
Par: 4, Rows: 1
(1.000,1)    (0.000,0)    
Total frac: 1.000

Device (0) cpu_1:
Rows total: 5.120512e-05
Mem total: 1.0001e-06

Device (1) p4_1:
Rows total: 9.99994879488
Mem total: 25.6718739999
--------------------------------------------------
Changed value of parameter NonConvex to 2
   Prev: -1  Min: -1  Max: 2  Default: -1

Throughput: 97.99999999999999 Mpps, ns per packet: 10.204081632653063
Resources: 73.03481790705098
Used Cores: 6.999999999999973, Total CPUS: 1, Switch Memory: 25.6718739999

Sketch (0) (cm: eps0: 0.3125, del0: 0.05, min_mem: 0.03515625)
Par: 1, Rows: 1
(0.000,0)    (1.000,1)    
Total frac: 1.000
Par: 2, Rows: 1
(1.000,1)    (0.000,0)    
Total frac: 1.000
Par: 3, Rows: 1
(1.000,1)    (0.000,0)    
Total frac: 1.000

Sketch (1) (cm: eps0: 0.00125, del0: 0.05, min_mem: 8.49609375)
Par: 1, Rows: 1
(1.000,1)    (0.000,0)    
Total frac: 1.000
Par: 2, Rows: 1
(0.000,0)    (1.000,1)    
Total frac: 1.000
Par: 3, Rows: 1
(1.000,1)    (0.000,0)    
Total frac: 1.000

Sketch (2) (cm: eps0: 0.625, del0: 0.025, min_mem: 0.01953125)
Par: 1, Rows: 1
(1.000,1)    (0.000,0)    
Total frac: 1.000
Par: 2, Rows: 1
(0.000,0)    (1.000,1)    
Total frac: 1.000
Par: 3, Rows: 1
(0.000,0)    (1.000,1)    
Total frac: 1.000
Par: 4, Rows: 1
(1.000,1)    (0.000,0)    
Total frac: 1.000

Device (0) cpu_1:
cores_sketch: 0.0, cores_dpdk: 6.999999999999973
Rows total: 0
Mem total: 0.0
Throughput: 97.99999999999999

Device (1) p4_1:
Rows total: 9.99994879488
Mem total: 25.6718739999
Throughput: 148.0
--------------------------------------------------
Function: solve took 0.014981746673583984 seconds
