Function: get_partitions took 3.457069396972656e-05 seconds
Function: map_flows_partitions took 5.245208740234375e-06 seconds
Using license file /home/anup/gurobi.lic
Academic license - for non-commercial use only
Building model with:
3 devices, 10 partitions and 1 flows
Adding frac and mem vars took: 0.0004253387451171875s
Adding coverage constraints took: 0.0004050731658935547s
Adding accuracy constraints took 0.0006072521209716797s
Adding load constraints took: 0.0005183219909667969s
Starting model update
Model update complete, took: 8.916854858398438e-05 s
Starting model optimize
--------------------------------------------------
Model update took: 8.916854858398438e-05 seconds
Model optimize took: 0.00293731689453125 seconds
--------------------------------------------------

Sketch (0) (cm: eps0: 0.03125, del0: 0.05, min_mem: 0.33984375)
Par: 1, Rows: 1
(0.000,0)    (1.000,1)    (0.000,2)    
Total frac: 1.000
Par: 2, Rows: 1
(0.000,2)    (1.000,1)    (0.000,0)    
Total frac: 1.000
Par: 3, Rows: 1
(1.000,1)    (0.000,2)    (0.000,0)    
Total frac: 1.000

Sketch (1) (cm: eps0: 3.125e-06, del0: 0.05, min_mem: 3397.85546875)
Par: 1, Rows: 1
(0.056,1)    (0.472,0)    (0.472,2)    
Total frac: 1.000
Par: 2, Rows: 1
(0.472,2)    (0.472,0)    (0.056,1)    
Total frac: 1.000
Par: 3, Rows: 1
(0.472,2)    (0.056,1)    (0.472,0)    
Total frac: 1.000

Sketch (2) (cm: eps0: 0.625, del0: 0.025, min_mem: 0.01953125)
Par: 1, Rows: 1
(0.000,1)    (0.000,2)    (1.000,0)    
Total frac: 1.000
Par: 2, Rows: 1
(1.000,0)    (0.000,2)    (0.000,1)    
Total frac: 1.000
Par: 3, Rows: 1
(0.000,2)    (1.000,0)    (0.000,1)    
Total frac: 1.000
Par: 4, Rows: 1
(0.000,2)    (0.000,1)    (1.000,0)    
Total frac: 1.000

Device (0) cpu_1:
Rows total: 5.415379185630643
Mem total: 4809.33203125

Device (1) p4_1:
Rows total: 3.1692186362951817
Mem total: 576.0

Device (2) cpu_2:
Rows total: 1.415402178074176
Mem total: 4809.33203125
--------------------------------------------------
Changed value of parameter NonConvex to 2
   Prev: -1  Min: -1  Max: 2  Default: -1
Changed value of parameter NonConvex to 2
   Prev: -1  Min: -1  Max: 2  Default: -1

Throughput: 70.0 Mpps, ns per packet: 14.285714285714286
Resources: 123.96645798701569
Used Cores: 11.0, Total CPUS: 2, Switch Memory: 576.0

Sketch (0) (cm: eps0: 0.03125, del0: 0.05, min_mem: 0.33984375)
Par: 1, Rows: 1
(0.000,0)    (1.000,1)    (0.000,2)    
Total frac: 1.000
Par: 2, Rows: 1
(0.000,2)    (1.000,1)    (0.000,0)    
Total frac: 1.000
Par: 3, Rows: 1
(1.000,1)    (0.000,2)    (0.000,0)    
Total frac: 1.000

Sketch (1) (cm: eps0: 3.125e-06, del0: 0.05, min_mem: 3397.85546875)
Par: 1, Rows: 1
(0.056,1)    (0.472,0)    (0.472,2)    
Total frac: 1.000
Par: 2, Rows: 1
(0.472,2)    (0.472,0)    (0.056,1)    
Total frac: 1.000
Par: 3, Rows: 1
(0.472,2)    (0.056,1)    (0.472,0)    
Total frac: 1.000

Sketch (2) (cm: eps0: 0.625, del0: 0.025, min_mem: 0.01953125)
Par: 1, Rows: 1
(0.000,1)    (0.000,2)    (1.000,0)    
Total frac: 1.000
Par: 2, Rows: 1
(1.000,0)    (0.000,2)    (0.000,1)    
Total frac: 1.000
Par: 3, Rows: 1
(0.000,2)    (1.000,0)    (0.000,1)    
Total frac: 1.000
Par: 4, Rows: 1
(0.000,2)    (0.000,1)    (1.000,0)    
Total frac: 1.000

Device (0) cpu_1:
cores_sketch: 4.0, cores_dpdk: 2.9999999999999996
Rows total: 5.415379185630643
Mem total: 4809.33203125
Throughput: 70.0

Device (1) p4_1:
Rows total: 3.1692186362951817
Mem total: 576.0
Throughput: 148.0

Device (2) cpu_2:
cores_sketch: 1.0, cores_dpdk: 3.0
Rows total: 1.415402178074176
Mem total: 4809.33203125
Throughput: 70.0
--------------------------------------------------
Function: solve took 0.029088735580444336 seconds
