Function: get_partitions took 3.24249267578125e-05 seconds
Function: map_flows_partitions took 5.0067901611328125e-06 seconds
Using license file /home/anup/gurobi.lic
Academic license - for non-commercial use only
Building model with:
3 devices, 10 partitions and 1 flows
Adding frac and mem vars took: 0.0003910064697265625s
Adding coverage constraints took: 0.0003161430358886719s
Adding accuracy constraints took 0.0005755424499511719s
Adding load constraints took: 0.0005846023559570312s
Starting model update
Model update complete, took: 8.893013000488281e-05 s
Starting model optimize
--------------------------------------------------
Model update took: 8.893013000488281e-05 seconds
Model optimize took: 0.007602691650390625 seconds
--------------------------------------------------

Sketch (0) (cm: eps0: 0.03125, del0: 0.05, min_mem: 0.33984375)
Par: 1, Rows: 1
(0.000,0)    (1.000,1)    (0.000,2)    
Total frac: 1.000
Par: 2, Rows: 1
(0.000,2)    (1.000,1)    (0.000,0)    
Total frac: 1.000
Par: 3, Rows: 1
(1.000,1)    (0.000,2)    (0.000,0)    
Total frac: 1.000

Sketch (1) (cm: eps0: 3.125e-06, del0: 0.05, min_mem: 3397.85546875)
Par: 1, Rows: 1
(0.056,1)    (0.472,0)    (0.472,2)    
Total frac: 1.000
Par: 2, Rows: 1
(0.472,2)    (0.472,0)    (0.056,1)    
Total frac: 1.000
Par: 3, Rows: 1
(0.472,2)    (0.056,1)    (0.472,0)    
Total frac: 1.000

Sketch (2) (cm: eps0: 0.625, del0: 0.025, min_mem: 0.01953125)
Par: 1, Rows: 1
(1.000,1)    (0.000,2)    (0.000,0)    
Total frac: 1.000
Par: 2, Rows: 1
(0.000,0)    (0.000,2)    (1.000,1)    
Total frac: 1.000
Par: 3, Rows: 1
(0.000,2)    (0.000,0)    (1.000,1)    
Total frac: 1.000
Par: 4, Rows: 1
(0.000,2)    (1.000,1)    (0.000,0)    
Total frac: 1.000

Device (0) cpu_1:
Rows total: 1.4155447182919831
Mem total: 4809.812965453125

Device (1) p4_1:
Rows total: 7.168911563121731
Mem total: 575.0381315937508

Device (2) cpu_2:
Rows total: 1.4155437185862867
Mem total: 4809.812965453125
--------------------------------------------------
Changed value of parameter NonConvex to 2
   Prev: -1  Min: -1  Max: 2  Default: -1
Changed value of parameter NonConvex to 2
   Prev: -1  Min: -1  Max: 2  Default: -1

Throughput: 87.49999999999999 Mpps, ns per packet: 11.42857142857143
Resources: 154.946459709169
Used Cores: 13.999999999999993, Total CPUS: 2, Switch Memory: 575.0381315937508

Sketch (0) (cm: eps0: 0.03125, del0: 0.05, min_mem: 0.33984375)
Par: 1, Rows: 1
(0.000,0)    (1.000,1)    (0.000,2)    
Total frac: 1.000
Par: 2, Rows: 1
(0.000,2)    (1.000,1)    (0.000,0)    
Total frac: 1.000
Par: 3, Rows: 1
(1.000,1)    (0.000,2)    (0.000,0)    
Total frac: 1.000

Sketch (1) (cm: eps0: 3.125e-06, del0: 0.05, min_mem: 3397.85546875)
Par: 1, Rows: 1
(0.056,1)    (0.472,0)    (0.472,2)    
Total frac: 1.000
Par: 2, Rows: 1
(0.472,2)    (0.472,0)    (0.056,1)    
Total frac: 1.000
Par: 3, Rows: 1
(0.472,2)    (0.056,1)    (0.472,0)    
Total frac: 1.000

Sketch (2) (cm: eps0: 0.625, del0: 0.025, min_mem: 0.01953125)
Par: 1, Rows: 1
(1.000,1)    (0.000,2)    (0.000,0)    
Total frac: 1.000
Par: 2, Rows: 1
(0.000,0)    (0.000,2)    (1.000,1)    
Total frac: 1.000
Par: 3, Rows: 1
(0.000,2)    (0.000,0)    (1.000,1)    
Total frac: 1.000
Par: 4, Rows: 1
(0.000,2)    (1.000,1)    (0.000,0)    
Total frac: 1.000

Device (0) cpu_1:
cores_sketch: 1.9999999999999998, cores_dpdk: 4.9999999999999964
Rows total: 1.4155447182919831
Mem total: 4809.812965453125
Throughput: 87.49999999999999

Device (1) p4_1:
Rows total: 7.168911563121731
Mem total: 575.0381315937508
Throughput: 148.0

Device (2) cpu_2:
cores_sketch: 1.9999999999999998, cores_dpdk: 4.9999999999999964
Rows total: 1.4155437185862867
Mem total: 4809.812965453125
Throughput: 87.49999999999999
--------------------------------------------------
Function: solve took 0.03244590759277344 seconds
