Function: get_partitions took 4.506111145019531e-05 seconds
Function: map_flows_partitions took 5.4836273193359375e-06 seconds
Using license file /home/anup/gurobi.lic
Academic license - for non-commercial use only
Building model with:
4 devices, 10 partitions and 1 flows
Adding frac and mem vars took: 0.0004589557647705078s
Adding coverage constraints took: 0.00043201446533203125s
Adding accuracy constraints took 0.001001119613647461s
Adding load constraints took: 0.0006556510925292969s
Starting model update
Model update complete, took: 0.00010466575622558594 s
Starting model optimize
--------------------------------------------------
Model update took: 0.00010466575622558594 seconds
Model optimize took: 0.0065610408782958984 seconds
--------------------------------------------------

Sketch (0) (cm: eps0: 7.500000000000001e-05, del0: 0.05, min_mem: 141.578125)
Par: 1, Rows: 1
(0.000,3)    (0.000,0)    (0.000,1)    (1.000,2)    
Total frac: 1.000
Par: 2, Rows: 1
(1.000,2)    (0.000,1)    (0.000,0)    (0.000,3)    
Total frac: 1.000
Par: 3, Rows: 1
(0.000,1)    (1.000,2)    (0.000,3)    (0.000,0)    
Total frac: 1.000

Sketch (1) (cm: eps0: 1.25e-06, del0: 0.05, min_mem: 8494.6328125)
Par: 1, Rows: 1
(0.487,1)    (0.487,0)    (0.023,3)    (0.003,2)    
Total frac: 1.000
Par: 2, Rows: 1
(0.003,2)    (0.487,0)    (0.487,1)    (0.023,3)    
Total frac: 1.000
Par: 3, Rows: 1
(0.003,2)    (0.487,1)    (0.487,0)    (0.023,3)    
Total frac: 1.000

Sketch (2) (cm: eps0: 0.000625, del0: 0.025, min_mem: 16.9921875)
Par: 1, Rows: 1
(0.000,1)    (0.000,3)    (1.000,2)    (0.000,0)    
Total frac: 1.000
Par: 2, Rows: 1
(0.000,0)    (0.000,3)    (1.000,2)    (0.000,1)    
Total frac: 1.000
Par: 3, Rows: 1
(1.000,2)    (0.000,0)    (0.000,3)    (0.000,1)    
Total frac: 1.000
Par: 4, Rows: 1
(1.000,2)    (0.000,3)    (0.000,1)    (0.000,0)    
Total frac: 1.000

Device (0) cpu_1:
Rows total: 1.4613394464868903
Mem total: 12413.542012328126

Device (1) cpu_2:
Rows total: 1.4613394464868903
Mem total: 12413.542012328126

Device (2) p4_1:
Rows total: 7.00965970463151
Mem total: 574.7587689218748

Device (3) p4_2:
Rows total: 0.0676614023947106
Mem total: 574.7587689218748
--------------------------------------------------
Changed value of parameter NonConvex to 2
   Prev: -1  Min: -1  Max: 2  Default: -1
Changed value of parameter NonConvex to 2
   Prev: -1  Min: -1  Max: 2  Default: -1

Throughput: 87.49999999999999 Mpps, ns per packet: 11.42857142857143
Resources: 168.74826222052147
Used Cores: 13.999999999999993, Total CPUS: 2, Switch Memory: 1149.5175378437496

Sketch (0) (cm: eps0: 7.500000000000001e-05, del0: 0.05, min_mem: 141.578125)
Par: 1, Rows: 1
(0.000,3)    (0.000,0)    (0.000,1)    (1.000,2)    
Total frac: 1.000
Par: 2, Rows: 1
(1.000,2)    (0.000,1)    (0.000,0)    (0.000,3)    
Total frac: 1.000
Par: 3, Rows: 1
(0.000,1)    (1.000,2)    (0.000,3)    (0.000,0)    
Total frac: 1.000

Sketch (1) (cm: eps0: 1.25e-06, del0: 0.05, min_mem: 8494.6328125)
Par: 1, Rows: 1
(0.487,1)    (0.487,0)    (0.023,3)    (0.003,2)    
Total frac: 1.000
Par: 2, Rows: 1
(0.003,2)    (0.487,0)    (0.487,1)    (0.023,3)    
Total frac: 1.000
Par: 3, Rows: 1
(0.003,2)    (0.487,1)    (0.487,0)    (0.023,3)    
Total frac: 1.000

Sketch (2) (cm: eps0: 0.000625, del0: 0.025, min_mem: 16.9921875)
Par: 1, Rows: 1
(0.000,1)    (0.000,3)    (1.000,2)    (0.000,0)    
Total frac: 1.000
Par: 2, Rows: 1
(0.000,0)    (0.000,3)    (1.000,2)    (0.000,1)    
Total frac: 1.000
Par: 3, Rows: 1
(1.000,2)    (0.000,0)    (0.000,3)    (0.000,1)    
Total frac: 1.000
Par: 4, Rows: 1
(1.000,2)    (0.000,3)    (0.000,1)    (0.000,0)    
Total frac: 1.000

Device (0) cpu_1:
cores_sketch: 1.9999999999999998, cores_dpdk: 4.9999999999999964
Rows total: 1.4613394464868903
Mem total: 12413.542012328126
Throughput: 87.49999999999999

Device (1) cpu_2:
cores_sketch: 1.9999999999999998, cores_dpdk: 4.9999999999999964
Rows total: 1.4613394464868903
Mem total: 12413.542012328126
Throughput: 87.49999999999999

Device (2) p4_1:
Rows total: 7.00965970463151
Mem total: 574.7587689218748
Throughput: 148.0

Device (3) p4_2:
Rows total: 0.0676614023947106
Mem total: 574.7587689218748
Throughput: 148.0
--------------------------------------------------
Function: solve took 0.038365840911865234 seconds
