Function: get_partitions took 2.0742416381835938e-05 seconds
Function: map_flows_partitions took 3.337860107421875e-06 seconds
Using license file /home/anup/gurobi.lic
Academic license - for non-commercial use only
Building model with:
2 devices, 3 partitions and 1 flows
Adding frac and mem vars took: 0.0002651214599609375s
Adding coverage constraints took: 0.00024199485778808594s
Adding accuracy constraints took 0.00016045570373535156s
Adding load constraints took: 0.00029277801513671875s
Starting model update
Model update complete, took: 6.604194641113281e-05 s
Starting model optimize
--------------------------------------------------
Model update took: 6.604194641113281e-05 seconds
Model optimize took: 0.004204273223876953 seconds
--------------------------------------------------

Sketch (0) (cm: eps0: 0.0003125, del0: 0.05, min_mem: 33.98046875)
Par: 1, Rows: 1
(0.500,0)    (0.500,1)    
Total frac: 1.000
Par: 2, Rows: 1
(0.500,0)    (0.500,1)    
Total frac: 1.000
Par: 3, Rows: 1
(0.500,1)    (0.500,0)    
Total frac: 1.000

Device (0) p4_1:
Rows total: 1.5
Mem total: 50.970703125

Device (1) p4_2:
Rows total: 1.5
Mem total: 50.970703125
--------------------------------------------------

Throughput: 148.0 Mpps, ns per packet: 6.756756756756757
Resources: 2.873779296875
Used Cores: 0, Total CPUS: 0, Switch Memory: 101.94140625

Sketch (0) (cm: eps0: 0.0003125, del0: 0.05, min_mem: 33.98046875)
Par: 1, Rows: 1
(0.500,0)    (0.500,1)    
Total frac: 1.000
Par: 2, Rows: 1
(0.500,0)    (0.500,1)    
Total frac: 1.000
Par: 3, Rows: 1
(0.500,1)    (0.500,0)    
Total frac: 1.000

Device (0) p4_1:
Rows total: 1.5
Mem total: 50.970703125
Throughput: 148.0

Device (1) p4_2:
Rows total: 1.5
Mem total: 50.970703125
Throughput: 148.0
--------------------------------------------------
Function: solve took 0.0125885009765625 seconds
