Function: get_partitions took 0.0004134178161621094 seconds
Function: map_flows_partitions took 0.0006816387176513672 seconds
Using license file /home/anup/gurobi.lic
Academic license - for non-commercial use only
Building model with:
15 devices, 192 partitions and 320 flows
Adding frac and mem vars took: 0.029310226440429688s
Adding coverage constraints took: 0.01928877830505371s
Adding accuracy constraints took 0.041161298751831055s
Adding load constraints took: 0.015215873718261719s
Starting model update
Model update complete, took: 0.0027399063110351562 s
Starting model optimize
--------------------------------------------------
Model update took: 0.0027399063110351562 seconds
Model optimize took: 0.0462491512298584 seconds
--------------------------------------------------

Sketch (0) (cm: eps0: 0.000625, del0: 0.05, min_mem: 16.9921875)
Par: 1, Rows: 1
(0.000,9)    (0.000,4)    (0.000,0)    (0.000,14)    (0.000,12)    (0.200,10)    (0.000,8)    (0.000,7)    (0.000,5)    (0.000,3)    (0.700,13)    (0.000,11)    
Total frac: 0.900
Par: 2, Rows: 1
(0.000,4)    (0.000,0)    (0.000,7)    (0.000,14)    (0.000,5)    (0.000,12)    (0.000,3)    (0.200,10)    (0.000,8)    (0.700,13)    (0.000,11)    (0.000,9)    
Total frac: 0.900
Par: 3, Rows: 1
(0.000,3)    (0.000,14)    (0.200,10)    (0.000,11)    (0.000,5)    (0.000,4)    (0.000,0)    (0.700,13)    (0.000,12)    (0.000,9)    (0.000,8)    (0.000,7)    
Total frac: 0.900

Sketch (1) (cm: eps0: 0.000625, del0: 0.05, min_mem: 16.9921875)
Par: 1, Rows: 1
(0.000,11)    (0.000,2)    (0.000,14)    (0.300,5)    (0.000,10)    (0.000,1)    (0.000,13)    (0.100,9)    (0.600,4)    (0.000,0)    (0.700,12)    (0.000,3)    (0.000,8)    (0.200,6)    
Total frac: 1.900
Par: 2, Rows: 1
(0.300,5)    (0.000,8)    (0.000,3)    (0.000,13)    (0.000,1)    (0.000,11)    (0.100,9)    (0.600,4)    (0.000,2)    (0.200,6)    (0.700,12)    (0.000,0)    (0.000,10)    (0.000,14)    
Total frac: 1.900
Par: 3, Rows: 1
(0.000,0)    (0.000,10)    (0.000,14)    (0.000,3)    (0.000,13)    (0.000,1)    (0.000,8)    (0.000,11)    (0.100,9)    (0.600,4)    (0.000,2)    (0.200,6)    (0.300,5)    (0.700,12)    
Total frac: 1.900

Sketch (2) (cm: eps0: 0.000625, del0: 0.05, min_mem: 16.9921875)
Par: 1, Rows: 1
(0.000,13)    (0.000,12)    (0.000,9)    (0.000,7)    (0.100,2)    (0.800,6)    (0.000,14)    (0.000,11)    
Total frac: 0.900
Par: 2, Rows: 1
(0.000,9)    (0.000,7)    (0.000,12)    (0.100,2)    (0.800,6)    (0.000,11)    (0.000,14)    (0.000,13)    
Total frac: 0.900
Par: 3, Rows: 1
(0.100,2)    (0.000,9)    (0.000,12)    (0.000,7)    (0.000,14)    (0.000,13)    (0.000,11)    (0.800,6)    
Total frac: 0.900

Sketch (3) (cm: eps0: 0.000625, del0: 0.05, min_mem: 16.9921875)
Par: 1, Rows: 1
(0.700,9)    (0.000,2)    (0.000,0)    (0.000,7)    (0.000,12)    (0.500,1)    (0.000,4)    (0.000,13)    (0.000,11)    (0.000,14)    (0.000,3)    (0.000,10)    (0.300,8)    
Total frac: 1.500
Par: 2, Rows: 1
(0.000,11)    (0.000,3)    (0.000,14)    (0.500,1)    (0.000,10)    (0.000,0)    (0.000,13)    (0.000,12)    (0.000,4)    (0.000,7)    (0.000,2)    (0.700,9)    (0.300,8)    
Total frac: 1.500
Par: 3, Rows: 1
(0.000,3)    (0.300,8)    (0.500,1)    (0.000,13)    (0.000,14)    (0.000,10)    (0.000,0)    (0.000,7)    (0.000,12)    (0.700,9)    (0.000,4)    (0.000,11)    (0.000,2)    
Total frac: 1.500

Sketch (4) (cm: eps0: 0.000625, del0: 0.05, min_mem: 16.9921875)
Par: 1, Rows: 1
(0.000,10)    (0.000,14)    (0.000,13)    (0.000,1)    (0.000,5)    (0.000,8)    (0.000,11)    (0.000,3)    (0.000,2)    (0.000,6)    (0.900,12)    (0.100,0)    (0.000,9)    (0.000,4)    
Total frac: 1.000
Par: 2, Rows: 1
(0.000,13)    (0.000,1)    (0.000,5)    (0.000,10)    (0.000,11)    (0.000,14)    (0.000,3)    (0.000,8)    (0.000,9)    (0.000,2)    (0.000,6)    (0.900,12)    (0.100,0)    (0.000,4)    
Total frac: 1.000
Par: 3, Rows: 1
(0.100,0)    (0.000,4)    (0.000,2)    (0.000,6)    (0.000,9)    (0.000,8)    (0.000,11)    (0.000,3)    (0.000,10)    (0.000,14)    (0.000,13)    (0.000,1)    (0.000,5)    (0.900,12)    
Total frac: 1.000

Sketch (5) (cm: eps0: 0.000625, del0: 0.05, min_mem: 16.9921875)
Par: 1, Rows: 1
(0.000,7)    (0.000,12)    (0.100,4)    (0.000,9)    (0.000,2)    (0.000,6)    (0.000,11)    (0.000,8)    (0.000,13)    (0.000,1)    (0.000,5)    (0.900,10)    (0.000,14)    
Total frac: 1.000
Par: 2, Rows: 1
(0.000,1)    (0.000,12)    (0.900,10)    (0.000,8)    (0.000,7)    (0.000,5)    (0.000,2)    (0.000,13)    (0.000,11)    (0.000,14)    (0.000,9)    (0.000,6)    (0.100,4)    
Total frac: 1.000
Par: 3, Rows: 1
(0.100,4)    (0.000,7)    (0.000,5)    (0.000,12)    (0.900,10)    (0.000,8)    (0.000,13)    (0.000,11)    (0.000,9)    (0.000,2)    (0.000,14)    (0.000,1)    (0.000,6)    
Total frac: 1.000

Sketch (6) (cm: eps0: 0.000625, del0: 0.05, min_mem: 16.9921875)
Par: 1, Rows: 1
(0.000,5)    (0.000,4)    (0.000,2)    (0.000,13)    (0.000,14)    (0.900,12)    (0.000,9)    (0.000,8)    (1.000,6)    (0.000,7)    (0.000,3)    (0.000,1)    (0.000,10)    (0.000,0)    (0.000,11)    
Total frac: 1.900
Par: 2, Rows: 1
(0.000,10)    (0.000,0)    (0.000,13)    (0.000,9)    (0.000,4)    (0.000,2)    (0.000,7)    (0.000,14)    (0.900,12)    (0.000,3)    (0.000,1)    (0.000,8)    (1.000,6)    (0.000,11)    (0.000,5)    
Total frac: 1.900
Par: 3, Rows: 1
(0.000,13)    (0.000,0)    (0.000,11)    (0.000,14)    (0.000,9)    (0.000,4)    (1.000,6)    (0.900,12)    (0.000,10)    (0.000,1)    (0.000,7)    (0.000,5)    (0.000,8)    (0.000,2)    (0.000,3)    
Total frac: 1.900

Sketch (7) (cm: eps0: 0.000625, del0: 0.05, min_mem: 16.9921875)
Par: 1, Rows: 1
(0.900,11)    (0.000,2)    (0.100,9)    (0.600,0)    (0.000,14)    (0.200,4)    (0.000,1)    (0.000,6)    (0.000,7)    (0.800,5)    (0.000,12)    (0.000,10)    (0.000,3)    (0.000,13)    (0.000,8)    
Total frac: 2.600
Par: 2, Rows: 1
(0.000,7)    (0.000,8)    (0.000,6)    (0.000,3)    (0.000,10)    (0.000,1)    (0.600,0)    (0.800,5)    (0.900,11)    (0.200,4)    (0.000,2)    (0.000,13)    (0.000,12)    (0.000,14)    (0.100,9)    
Total frac: 2.600
Par: 3, Rows: 1
(0.000,14)    (0.000,3)    (0.000,1)    (0.000,8)    (0.000,6)    (0.800,5)    (0.900,11)    (0.000,10)    (0.000,13)    (0.600,0)    (0.200,4)    (0.000,2)    (0.100,9)    (0.000,7)    (0.000,12)    
Total frac: 2.600

Sketch (8) (cm: eps0: 0.000625, del0: 0.05, min_mem: 16.9921875)
Par: 1, Rows: 1
(0.000,4)    (0.000,7)    (0.800,10)    (0.000,8)    (0.900,2)    (0.000,13)    (0.000,0)    (0.000,11)    (0.200,5)    (0.000,3)    (0.000,14)    (0.000,9)    (0.000,12)    
Total frac: 1.900
Par: 2, Rows: 1
(0.000,7)    (0.000,12)    (0.000,4)    (0.000,13)    (0.000,11)    (0.200,5)    (0.000,3)    (0.800,10)    (0.000,8)    (0.900,2)    (0.000,0)    (0.000,9)    (0.000,14)    
Total frac: 1.900
Par: 3, Rows: 1
(0.800,10)    (0.900,2)    (0.000,13)    (0.200,5)    (0.000,12)    (0.000,4)    (0.000,7)    (0.000,14)    (0.000,9)    (0.000,8)    (0.000,0)    (0.000,11)    (0.000,3)    
Total frac: 1.900

Sketch (9) (cm: eps0: 0.000625, del0: 0.05, min_mem: 16.9921875)
Par: 1, Rows: 1
(0.000,5)    (0.000,10)    (0.000,2)    (0.000,7)    (0.000,12)    (0.000,9)    (0.000,4)    (0.000,1)    (0.000,6)    (0.000,11)    (1.000,14)    (0.000,3)    (0.000,8)    (0.000,13)    
Total frac: 1.000
Par: 2, Rows: 1
(0.000,11)    (0.000,3)    (0.000,6)    (0.000,12)    (1.000,14)    (0.000,9)    (0.000,4)    (0.000,1)    (0.000,7)    (0.000,10)    (0.000,2)    (0.000,13)    (0.000,5)    (0.000,8)    
Total frac: 1.000
Par: 3, Rows: 1
(0.000,8)    (0.000,9)    (0.000,1)    (0.000,6)    (0.000,7)    (0.000,12)    (1.000,14)    (0.000,4)    (0.000,13)    (0.000,5)    (0.000,10)    (0.000,11)    (0.000,2)    (0.000,3)    
Total frac: 1.000

Sketch (10) (cm: eps0: 0.000625, del0: 0.05, min_mem: 16.9921875)
Par: 1, Rows: 1
(0.000,14)    (0.000,9)    (0.380,1)    (0.000,8)    (0.253,11)    (0.620,2)    (0.000,13)    (0.000,12)    (0.027,7)    (0.520,6)    
Total frac: 1.800
Par: 2, Rows: 1
(0.380,1)    (0.520,6)    (0.253,11)    (0.000,14)    (0.000,8)    (0.000,13)    (0.620,2)    (0.027,7)    (0.000,12)    (0.000,9)    
Total frac: 1.800
Par: 3, Rows: 1
(0.000,12)    (0.000,8)    (0.380,1)    (0.000,13)    (0.520,6)    (0.253,11)    (0.000,9)    (0.620,2)    (0.000,14)    (0.027,7)    
Total frac: 1.800

Sketch (11) (cm: eps0: 0.000625, del0: 0.05, min_mem: 16.9921875)
Par: 1, Rows: 1
(0.000,1)    (0.000,12)    (0.000,10)    (0.000,8)    (0.000,13)    (0.700,11)    (0.700,9)    (0.000,6)    (0.100,4)    (0.200,2)    (0.000,0)    (0.200,7)    (0.000,14)    (0.000,5)    (0.100,3)    
Total frac: 2.000
Par: 2, Rows: 1
(0.000,13)    (0.000,6)    (0.200,7)    (0.000,12)    (0.700,9)    (0.200,2)    (0.100,3)    (0.000,8)    (0.000,14)    (0.000,5)    (0.000,10)    (0.700,11)    (0.100,4)    (0.000,1)    (0.000,0)    
Total frac: 2.000
Par: 3, Rows: 1
(0.100,4)    (0.000,13)    (0.000,0)    (0.200,7)    (0.700,9)    (0.100,3)    (0.000,6)    (0.000,12)    (0.200,2)    (0.000,8)    (0.000,14)    (0.000,5)    (0.700,11)    (0.000,1)    (0.000,10)    
Total frac: 2.000

Sketch (12) (cm: eps0: 0.000625, del0: 0.05, min_mem: 16.9921875)
Par: 1, Rows: 1
(0.000,2)    (0.900,6)    (0.100,11)    (0.700,9)    (0.000,0)    (0.000,14)    (0.000,7)    (0.000,12)    (0.000,5)    (0.000,10)    (0.000,3)    (0.000,8)    (0.000,13)    
Total frac: 1.700
Par: 2, Rows: 1
(0.700,9)    (0.000,2)    (0.900,6)    (0.000,7)    (0.000,5)    (0.000,0)    (0.000,14)    (0.000,3)    (0.000,12)    (0.000,10)    (0.000,13)    (0.000,8)    (0.100,11)    
Total frac: 1.700
Par: 3, Rows: 1
(0.000,8)    (0.000,14)    (0.000,5)    (0.000,10)    (0.100,11)    (0.000,0)    (0.000,13)    (0.000,7)    (0.000,12)    (0.000,2)    (0.900,6)    (0.700,9)    (0.000,3)    
Total frac: 1.700

Sketch (13) (cm: eps0: 0.000625, del0: 0.05, min_mem: 16.9921875)
Par: 1, Rows: 1
(0.000,5)    (0.000,8)    (0.000,14)    (0.000,11)    (0.000,1)    (0.000,10)    (0.000,4)    (1.000,13)    (0.000,7)    (0.000,0)    (0.000,9)    (0.000,3)    (0.000,12)    (0.000,2)    
Total frac: 1.000
Par: 2, Rows: 1
(0.000,1)    (0.000,5)    (0.000,10)    (0.000,3)    (0.000,8)    (1.000,13)    (0.000,11)    (0.000,2)    (0.000,0)    (0.000,4)    (0.000,9)    (0.000,7)    (0.000,12)    (0.000,14)    
Total frac: 1.000
Par: 3, Rows: 1
(0.000,12)    (0.000,14)    (0.000,5)    (0.000,3)    (1.000,13)    (0.000,11)    (0.000,10)    (0.000,8)    (0.000,2)    (0.000,9)    (0.000,0)    (0.000,7)    (0.000,1)    (0.000,4)    
Total frac: 1.000

Sketch (14) (cm: eps0: 0.000625, del0: 0.05, min_mem: 16.9921875)
Par: 1, Rows: 1
(0.600,13)    (0.000,6)    (0.000,7)    (0.000,12)    (0.000,2)    (0.100,9)    (0.600,3)    (0.200,8)    (0.000,14)    (0.100,11)    (0.000,1)    (0.000,0)    (0.200,5)    (0.000,10)    
Total frac: 1.800
Par: 2, Rows: 1
(0.000,10)    (0.000,6)    (0.000,12)    (0.000,2)    (0.100,9)    (0.600,3)    (0.100,11)    (0.000,1)    (0.200,8)    (0.000,14)    (0.200,5)    (0.600,13)    (0.000,0)    (0.000,7)    
Total frac: 1.800
Par: 3, Rows: 1
(0.000,0)    (0.000,7)    (0.000,12)    (0.100,9)    (0.000,14)    (0.000,1)    (0.200,5)    (0.000,10)    (0.600,13)    (0.600,3)    (0.200,8)    (0.000,2)    (0.000,6)    (0.100,11)    
Total frac: 1.800

Sketch (15) (cm: eps0: 0.000625, del0: 0.05, min_mem: 16.9921875)
Par: 1, Rows: 1
(0.700,7)    (0.000,5)    (0.000,13)    (0.000,10)    (0.000,11)    
Total frac: 0.700
Par: 2, Rows: 1
(0.000,11)    (0.000,5)    (0.000,10)    (0.000,13)    (0.700,7)    
Total frac: 0.700
Par: 3, Rows: 1
(0.000,11)    (0.000,5)    (0.000,13)    (0.700,7)    (0.000,10)    
Total frac: 0.700

Sketch (16) (cm: eps0: 0.000625, del0: 0.05, min_mem: 16.9921875)
Par: 1, Rows: 1
(0.573,14)    (0.000,13)    (0.000,11)    (0.000,4)    (0.000,9)    (0.000,1)    (0.000,7)    (0.027,12)    (0.000,5)    (0.300,10)    (0.100,3)    (0.000,8)    
Total frac: 1.000
Par: 2, Rows: 1
(0.000,13)    (0.000,11)    (0.000,9)    (0.573,14)    (0.000,1)    (0.000,4)    (0.000,7)    (0.000,5)    (0.100,3)    (0.027,12)    (0.300,10)    (0.000,8)    
Total frac: 1.000
Par: 3, Rows: 1
(0.027,12)    (0.000,9)    (0.100,3)    (0.000,8)    (0.000,1)    (0.000,5)    (0.300,10)    (0.000,11)    (0.000,4)    (0.573,14)    (0.000,13)    (0.000,7)    
Total frac: 1.000

Sketch (17) (cm: eps0: 0.000625, del0: 0.05, min_mem: 16.9921875)
Par: 1, Rows: 1
(0.000,1)    (0.000,12)    (0.000,8)    (0.000,5)    (0.000,11)    (0.000,10)    (0.900,4)    (0.000,13)    (0.300,2)    (0.000,7)    (0.700,9)    (0.000,14)    (0.000,3)    
Total frac: 1.900
Par: 2, Rows: 1
(0.000,1)    (0.000,7)    (0.000,12)    (0.000,5)    (0.000,10)    (0.300,2)    (0.000,3)    (0.000,8)    (0.000,13)    (0.000,14)    (0.900,4)    (0.000,11)    (0.700,9)    
Total frac: 1.900
Par: 3, Rows: 1
(0.000,5)    (0.000,3)    (0.000,12)    (0.000,10)    (0.000,13)    (0.300,2)    (0.000,8)    (0.000,11)    (0.700,9)    (0.000,14)    (0.900,4)    (0.000,1)    (0.000,7)    
Total frac: 1.900

Sketch (18) (cm: eps0: 0.000625, del0: 0.05, min_mem: 16.9921875)
Par: 1, Rows: 1
(0.000,2)    (0.000,11)    (0.700,13)    (0.200,14)    (0.000,7)    (0.000,12)    (0.000,9)    (0.000,8)    (0.000,1)    (0.000,5)    (0.100,10)    (0.000,4)    
Total frac: 1.000
Par: 2, Rows: 1
(0.100,10)    (0.000,4)    (0.700,13)    (0.000,2)    (0.000,7)    (0.000,9)    (0.200,14)    (0.000,12)    (0.000,1)    (0.000,5)    (0.000,8)    (0.000,11)    
Total frac: 1.000
Par: 3, Rows: 1
(0.700,13)    (0.000,11)    (0.200,14)    (0.000,1)    (0.000,4)    (0.000,9)    (0.000,7)    (0.000,12)    (0.000,2)    (0.000,5)    (0.100,10)    (0.000,8)    
Total frac: 1.000

Sketch (19) (cm: eps0: 0.000625, del0: 0.05, min_mem: 16.9921875)
Par: 1, Rows: 1
(0.000,10)    (0.000,8)    (1.000,1)    (0.000,9)    (0.000,7)    (0.000,12)    (1.000,5)    (0.000,3)    (0.000,13)    (0.000,11)    
Total frac: 2.000
Par: 2, Rows: 1
(1.000,1)    (0.000,9)    (0.000,3)    (0.000,8)    (0.000,11)    (1.000,5)    (0.000,10)    (0.000,13)    (0.000,7)    (0.000,12)    
Total frac: 2.000
Par: 3, Rows: 1
(0.000,12)    (0.000,9)    (0.000,3)    (0.000,11)    (0.000,8)    (1.000,5)    (0.000,13)    (0.000,7)    (0.000,10)    (1.000,1)    
Total frac: 2.000

Sketch (20) (cm: eps0: 0.000625, del0: 0.05, min_mem: 16.9921875)
Par: 1, Rows: 1
(0.000,5)    (0.000,10)    (0.200,0)    (0.000,13)    (0.000,8)    (0.000,11)    (0.000,14)    (0.700,1)    (0.900,7)    (0.000,12)    
Total frac: 1.800
Par: 2, Rows: 1
(0.000,12)    (0.000,5)    (0.000,13)    (0.000,10)    (0.000,11)    (0.200,0)    (0.000,8)    (0.700,1)    (0.900,7)    (0.000,14)    
Total frac: 1.800
Par: 3, Rows: 1
(0.000,5)    (0.000,10)    (0.000,13)    (0.900,7)    (0.000,12)    (0.000,14)    (0.700,1)    (0.200,0)    (0.000,8)    (0.000,11)    
Total frac: 1.800

Sketch (21) (cm: eps0: 0.000625, del0: 0.05, min_mem: 16.9921875)
Par: 1, Rows: 1
(0.000,13)    (0.000,2)    (0.900,7)    (0.000,12)    (0.000,9)    (0.000,14)    (0.000,3)    (0.000,11)    
Total frac: 0.900
Par: 2, Rows: 1
(0.000,2)    (0.000,13)    (0.000,14)    (0.000,11)    (0.000,12)    (0.000,9)    (0.900,7)    (0.000,3)    
Total frac: 0.900
Par: 3, Rows: 1
(0.000,11)    (0.000,9)    (0.000,2)    (0.000,14)    (0.000,12)    (0.900,7)    (0.000,3)    (0.000,13)    
Total frac: 0.900

Sketch (22) (cm: eps0: 0.000625, del0: 0.05, min_mem: 16.9921875)
Par: 1, Rows: 1
(0.000,7)    (0.000,3)    (0.800,11)    (0.000,12)    (0.200,8)    (0.000,6)    (0.000,1)    (0.000,13)    (0.000,14)    (0.000,9)    
Total frac: 1.000
Par: 2, Rows: 1
(0.000,3)    (0.800,11)    (0.000,1)    (0.000,12)    (0.000,13)    (0.200,8)    (0.000,6)    (0.000,9)    (0.000,7)    (0.000,14)    
Total frac: 1.000
Par: 3, Rows: 1
(0.000,7)    (0.000,6)    (0.000,3)    (0.000,13)    (0.000,1)    (0.000,12)    (0.000,14)    (0.800,11)    (0.000,9)    (0.200,8)    
Total frac: 1.000

Sketch (23) (cm: eps0: 0.000625, del0: 0.05, min_mem: 16.9921875)
Par: 1, Rows: 1
(0.000,8)    (0.100,7)    (0.000,5)    (0.300,13)    (0.000,1)    (0.000,4)    (0.000,2)    (0.600,11)    (0.000,6)    (0.000,9)    (0.000,12)    (0.700,0)    (0.000,10)    (0.000,14)    
Total frac: 1.700
Par: 2, Rows: 1
(0.000,5)    (0.600,11)    (0.000,2)    (0.000,8)    (0.000,6)    (0.300,13)    (0.000,1)    (0.000,10)    (0.000,14)    (0.000,9)    (0.100,7)    (0.000,4)    (0.000,12)    (0.700,0)    
Total frac: 1.700
Par: 3, Rows: 1
(0.000,12)    (0.700,0)    (0.300,13)    (0.000,1)    (0.000,2)    (0.000,8)    (0.000,6)    (0.000,9)    (0.100,7)    (0.000,10)    (0.000,14)    (0.000,4)    (0.000,5)    (0.600,11)    
Total frac: 1.700

Sketch (24) (cm: eps0: 0.000625, del0: 0.05, min_mem: 16.9921875)
Par: 1, Rows: 1
(0.000,11)    (0.000,12)    (0.000,5)    (0.000,3)    (1.000,4)    (0.000,14)    (0.000,9)    (0.000,10)    (0.700,8)    (0.000,7)    (0.000,1)    (0.000,2)    (0.300,0)    (0.000,13)    
Total frac: 2.000
Par: 2, Rows: 1
(0.000,2)    (0.300,0)    (0.000,12)    (0.000,9)    (1.000,4)    (0.000,14)    (0.000,7)    (0.000,10)    (0.700,8)    (0.000,1)    (0.000,13)    (0.000,11)    (0.000,5)    (0.000,3)    
Total frac: 2.000
Par: 3, Rows: 1
(0.000,14)    (0.000,9)    (0.000,10)    (0.300,0)    (0.000,11)    (0.000,12)    (0.000,3)    (1.000,4)    (0.000,1)    (0.000,2)    (0.000,13)    (0.700,8)    (0.000,5)    (0.000,7)    
Total frac: 2.000

Sketch (25) (cm: eps0: 0.000625, del0: 0.05, min_mem: 16.9921875)
Par: 1, Rows: 1
(0.753,14)    (0.000,11)    (0.000,3)    (0.000,10)    (0.000,12)    (0.000,13)    (0.200,4)    (0.000,6)    (0.000,2)    (0.000,7)    (0.047,9)    
Total frac: 1.000
Par: 2, Rows: 1
(0.000,7)    (0.000,2)    (0.000,6)    (0.000,13)    (0.000,12)    (0.200,4)    (0.000,11)    (0.000,3)    (0.000,10)    (0.753,14)    (0.047,9)    
Total frac: 1.000
Par: 3, Rows: 1
(0.753,14)    (0.000,13)    (0.000,2)    (0.000,11)    (0.000,6)    (0.000,3)    (0.000,12)    (0.200,4)    (0.047,9)    (0.000,7)    (0.000,10)    
Total frac: 1.000

Sketch (26) (cm: eps0: 0.000625, del0: 0.05, min_mem: 16.9921875)
Par: 1, Rows: 1
(0.000,6)    (0.000,13)    (0.900,5)    (0.000,8)    (0.000,10)    (0.000,14)    (0.000,9)    (0.000,12)    (0.900,0)    (0.000,11)    (0.000,3)    
Total frac: 1.800
Par: 2, Rows: 1
(0.900,5)    (0.000,6)    (0.000,8)    (0.000,9)    (0.000,10)    (0.000,14)    (0.000,11)    (0.000,3)    (0.000,12)    (0.900,0)    (0.000,13)    
Total frac: 1.800
Par: 3, Rows: 1
(0.900,0)    (0.000,14)    (0.900,5)    (0.000,6)    (0.000,3)    (0.000,13)    (0.000,11)    (0.000,12)    (0.000,9)    (0.000,10)    (0.000,8)    
Total frac: 1.800

Sketch (27) (cm: eps0: 0.000625, del0: 0.05, min_mem: 16.9921875)
Par: 1, Rows: 1
(0.000,12)    (0.000,10)    (0.000,8)    (0.300,7)    (0.000,2)    (0.000,3)    (0.000,0)    (0.000,14)    (0.000,13)    (0.600,11)    (0.100,6)    (1.000,9)    (0.000,4)    
Total frac: 2.000
Par: 2, Rows: 1
(0.000,2)    (0.000,14)    (0.600,11)    (0.000,12)    (0.000,8)    (0.100,6)    (0.000,13)    (1.000,9)    (0.000,10)    (0.000,0)    (0.300,7)    (0.000,3)    (0.000,4)    
Total frac: 2.000
Par: 3, Rows: 1
(0.600,11)    (0.000,4)    (0.000,2)    (0.000,14)    (0.000,12)    (0.000,13)    (0.000,8)    (0.100,6)    (1.000,9)    (0.300,7)    (0.000,3)    (0.000,10)    (0.000,0)    
Total frac: 2.000

Sketch (28) (cm: eps0: 0.000625, del0: 0.05, min_mem: 16.9921875)
Par: 1, Rows: 1
(0.800,14)    (0.000,4)    (0.200,6)    (0.000,3)    (0.000,13)    (0.000,12)    (0.000,10)    (0.000,11)    (0.000,9)    (0.000,8)    (0.000,1)    (0.000,0)    
Total frac: 1.000
Par: 2, Rows: 1
(0.000,3)    (0.000,13)    (0.000,0)    (0.800,14)    (0.000,4)    (0.000,11)    (0.200,6)    (0.000,9)    (0.000,12)    (0.000,10)    (0.000,8)    (0.000,1)    
Total frac: 1.000
Par: 3, Rows: 1
(0.000,10)    (0.000,9)    (0.000,0)    (0.000,4)    (0.000,3)    (0.000,12)    (0.000,1)    (0.800,14)    (0.000,11)    (0.000,8)    (0.200,6)    (0.000,13)    
Total frac: 1.000

Sketch (29) (cm: eps0: 0.000625, del0: 0.05, min_mem: 16.9921875)
Par: 1, Rows: 1
(0.000,8)    (0.000,6)    (0.000,9)    (0.000,10)    (0.500,3)    (0.400,0)    (0.000,4)    (0.000,5)    (0.000,11)    (0.500,2)    (0.000,12)    (0.000,13)    (0.500,14)    
Total frac: 1.900
Par: 2, Rows: 1
(0.000,9)    (0.000,10)    (0.000,8)    (0.500,2)    (0.400,0)    (0.000,6)    (0.500,14)    (0.000,13)    (0.000,11)    (0.000,12)    (0.000,5)    (0.500,3)    (0.000,4)    
Total frac: 1.900
Par: 3, Rows: 1
(0.000,10)    (0.000,8)    (0.500,2)    (0.400,0)    (0.000,13)    (0.000,11)    (0.000,5)    (0.000,6)    (0.500,3)    (0.500,14)    (0.000,12)    (0.000,9)    (0.000,4)    
Total frac: 1.900

Sketch (30) (cm: eps0: 0.000625, del0: 0.05, min_mem: 16.9921875)
Par: 1, Rows: 1
(0.173,11)    (0.000,12)    (0.727,4)    (0.000,6)    (0.000,14)    (0.000,13)    (0.527,8)    (0.373,0)    (0.000,7)    (0.000,9)    (0.000,10)    (0.000,1)    (0.000,2)    
Total frac: 1.800
Par: 2, Rows: 1
(0.000,2)    (0.000,12)    (0.000,13)    (0.727,4)    (0.000,6)    (0.000,14)    (0.000,7)    (0.527,8)    (0.000,9)    (0.373,0)    (0.000,1)    (0.173,11)    (0.000,10)    
Total frac: 1.800
Par: 3, Rows: 1
(0.000,6)    (0.000,13)    (0.000,12)    (0.000,14)    (0.727,4)    (0.173,11)    (0.000,10)    (0.000,2)    (0.000,9)    (0.527,8)    (0.000,1)    (0.000,7)    (0.373,0)    
Total frac: 1.800

Sketch (31) (cm: eps0: 0.000625, del0: 0.05, min_mem: 16.9921875)
Par: 1, Rows: 1
(0.000,11)    (0.000,3)    (0.700,12)    (0.000,14)    (0.200,9)    (0.000,1)    (0.100,7)    (0.000,2)    (0.000,8)    (0.000,13)    (0.000,0)    
Total frac: 1.000
Par: 2, Rows: 1
(0.000,8)    (0.100,7)    (0.000,0)    (0.000,2)    (0.200,9)    (0.700,12)    (0.000,1)    (0.000,11)    (0.000,3)    (0.000,13)    (0.000,14)    
Total frac: 1.000
Par: 3, Rows: 1
(0.000,14)    (0.000,8)    (0.200,9)    (0.000,0)    (0.000,1)    (0.000,11)    (0.000,2)    (0.000,3)    (0.700,12)    (0.000,13)    (0.100,7)    
Total frac: 1.000

Sketch (32) (cm: eps0: 0.000625, del0: 0.05, min_mem: 16.9921875)
Par: 1, Rows: 1
(0.000,5)    (0.000,6)    (0.100,3)    (0.900,4)    (0.600,1)    (0.800,2)    (0.000,0)    (0.000,14)    (0.000,13)    (0.000,11)    (0.000,12)    (0.000,9)    (0.000,10)    (0.100,8)    
Total frac: 2.500
Par: 2, Rows: 1
(0.000,10)    (0.100,8)    (0.000,5)    (0.100,3)    (0.600,1)    (0.000,6)    (0.900,4)    (0.800,2)    (0.000,13)    (0.000,0)    (0.000,11)    (0.000,14)    (0.000,9)    (0.000,12)    
Total frac: 2.500
Par: 3, Rows: 1
(0.000,6)    (0.000,11)    (0.000,12)    (0.600,1)    (0.800,2)    (0.100,8)    (0.000,14)    (0.000,13)    (0.000,9)    (0.000,10)    (0.100,3)    (0.900,4)    (0.000,0)    (0.000,5)    
Total frac: 2.500

Sketch (33) (cm: eps0: 0.000625, del0: 0.05, min_mem: 16.9921875)
Par: 1, Rows: 1
(0.800,6)    (0.000,12)    (0.007,2)    (0.000,13)    (0.000,8)    (0.000,14)    (0.000,9)    (0.693,3)    (0.000,10)    (0.000,5)    (0.000,11)    (0.100,1)    
Total frac: 1.600
Par: 2, Rows: 1
(0.000,14)    (0.000,13)    (0.000,12)    (0.000,10)    (0.000,11)    (0.000,9)    (0.000,8)    (0.000,5)    (0.007,2)    (0.800,6)    (0.693,3)    (0.100,1)    
Total frac: 1.600
Par: 3, Rows: 1
(0.000,13)    (0.800,6)    (0.000,11)    (0.000,14)    (0.000,9)    (0.000,12)    (0.000,10)    (0.000,5)    (0.000,8)    (0.693,3)    (0.100,1)    (0.007,2)    
Total frac: 1.600

Sketch (34) (cm: eps0: 0.000625, del0: 0.05, min_mem: 16.9921875)
Par: 1, Rows: 1
(0.000,4)    (0.620,9)    (0.000,3)    (0.000,5)    (0.000,12)    (0.000,2)    (0.000,14)    (0.000,13)    (0.280,10)    
Total frac: 0.900
Par: 2, Rows: 1
(0.000,3)    (0.280,10)    (0.000,4)    (0.000,5)    (0.000,12)    (0.000,2)    (0.000,13)    (0.000,14)    (0.620,9)    
Total frac: 0.900
Par: 3, Rows: 1
(0.280,10)    (0.000,2)    (0.000,5)    (0.000,3)    (0.000,4)    (0.000,13)    (0.000,12)    (0.000,14)    (0.620,9)    
Total frac: 0.900

Sketch (35) (cm: eps0: 0.000625, del0: 0.05, min_mem: 16.9921875)
Par: 1, Rows: 1
(0.000,1)    (0.173,10)    (0.473,8)    (0.000,5)    (0.127,13)    (0.227,0)    (0.000,11)    (0.000,4)    (0.000,12)    (0.000,14)    (0.400,7)    
Total frac: 1.400
Par: 2, Rows: 1
(0.000,5)    (0.127,13)    (0.400,7)    (0.473,8)    (0.000,14)    (0.227,0)    (0.173,10)    (0.000,4)    (0.000,11)    (0.000,12)    (0.000,1)    
Total frac: 1.400
Par: 3, Rows: 1
(0.000,12)    (0.127,13)    (0.400,7)    (0.473,8)    (0.000,14)    (0.227,0)    (0.000,11)    (0.000,1)    (0.173,10)    (0.000,4)    (0.000,5)    
Total frac: 1.400

Sketch (36) (cm: eps0: 0.000625, del0: 0.05, min_mem: 16.9921875)
Par: 1, Rows: 1
(0.700,13)    (0.000,3)    (0.000,12)    (0.000,11)    (0.300,14)    (0.000,10)    (0.000,7)    (0.000,9)    (0.000,8)    (0.000,6)    (0.000,1)    (0.000,5)    (0.000,0)    (0.000,4)    
Total frac: 1.000
Par: 2, Rows: 1
(0.000,0)    (0.000,11)    (0.000,4)    (0.000,12)    (0.000,7)    (0.300,14)    (0.000,9)    (0.000,10)    (0.000,1)    (0.000,5)    (0.000,8)    (0.700,13)    (0.000,6)    (0.000,3)    
Total frac: 1.000
Par: 3, Rows: 1
(0.000,10)    (0.000,0)    (0.000,4)    (0.000,9)    (0.000,3)    (0.000,12)    (0.000,6)    (0.000,11)    (0.000,1)    (0.000,5)    (0.700,13)    (0.000,7)    (0.000,8)    (0.300,14)    
Total frac: 1.000

Sketch (37) (cm: eps0: 0.000625, del0: 0.05, min_mem: 16.9921875)
Par: 1, Rows: 1
(0.400,8)    (0.000,14)    (0.000,9)    (0.200,3)    (0.300,10)    (0.000,0)    (0.000,11)    (0.000,4)    (0.000,1)    (0.000,5)    (0.300,12)    (0.000,13)    (0.000,6)    (0.500,7)    
Total frac: 1.700
Par: 2, Rows: 1
(0.200,3)    (0.000,4)    (0.000,13)    (0.000,11)    (0.300,12)    (0.000,9)    (0.300,10)    (0.400,8)    (0.000,1)    (0.000,0)    (0.000,14)    (0.500,7)    (0.000,5)    (0.000,6)    
Total frac: 1.700
Par: 3, Rows: 1
(0.000,6)    (0.000,4)    (0.000,13)    (0.000,11)    (0.000,9)    (0.000,1)    (0.300,12)    (0.300,10)    (0.400,8)    (0.500,7)    (0.000,5)    (0.200,3)    (0.000,0)    (0.000,14)    
Total frac: 1.700

Sketch (38) (cm: eps0: 0.000625, del0: 0.05, min_mem: 16.9921875)
Par: 1, Rows: 1
(0.000,0)    (0.000,13)    (0.000,9)    (0.000,10)    (0.000,3)    (0.000,4)    (0.000,1)    (0.000,2)    (0.000,14)    (0.000,5)    (0.000,12)    (1.000,8)    
Total frac: 1.000
Par: 2, Rows: 1
(1.000,8)    (0.000,9)    (0.000,3)    (0.000,0)    (0.000,1)    (0.000,10)    (0.000,4)    (0.000,5)    (0.000,2)    (0.000,14)    (0.000,12)    (0.000,13)    
Total frac: 1.000
Par: 3, Rows: 1
(0.000,9)    (0.000,2)    (1.000,8)    (0.000,1)    (0.000,0)    (0.000,5)    (0.000,14)    (0.000,4)    (0.000,3)    (0.000,13)    (0.000,12)    (0.000,10)    
Total frac: 1.000

Sketch (39) (cm: eps0: 0.000625, del0: 0.05, min_mem: 16.9921875)
Par: 1, Rows: 1
(0.200,12)    (0.200,10)    (0.000,1)    (0.000,7)    (0.000,5)    (0.000,2)    (0.600,8)    (0.000,0)    (0.000,14)    (0.000,4)    (0.000,13)    (0.300,6)    (0.500,11)    (0.000,9)    
Total frac: 1.800
Par: 2, Rows: 1
(0.000,5)    (0.000,14)    (0.200,12)    (0.300,6)    (0.500,11)    (0.600,8)    (0.000,13)    (0.000,7)    (0.000,0)    (0.200,10)    (0.000,4)    (0.000,9)    (0.000,2)    (0.000,1)    
Total frac: 1.800
Par: 3, Rows: 1
(0.500,11)    (0.000,14)    (0.200,12)    (0.000,13)    (0.300,6)    (0.000,7)    (0.600,8)    (0.000,9)    (0.000,0)    (0.200,10)    (0.000,1)    (0.000,4)    (0.000,5)    (0.000,2)    
Total frac: 1.800

Sketch (40) (cm: eps0: 0.000625, del0: 0.05, min_mem: 16.9921875)
Par: 1, Rows: 1
(0.000,5)    (0.100,3)    (0.000,4)    (0.000,13)    (0.000,11)    (0.000,12)    (0.800,1)    (0.100,2)    (0.700,9)    (0.000,10)    (0.200,7)    (0.000,8)    (0.000,6)    (0.000,14)    
Total frac: 1.900
Par: 2, Rows: 1
(0.100,3)    (0.000,13)    (0.000,14)    (0.000,11)    (0.000,4)    (0.800,1)    (0.000,12)    (0.700,9)    (0.200,7)    (0.100,2)    (0.000,10)    (0.000,8)    (0.000,5)    (0.000,6)    
Total frac: 1.900
Par: 3, Rows: 1
(0.200,7)    (0.000,8)    (0.800,1)    (0.100,2)    (0.700,9)    (0.000,10)    (0.100,3)    (0.000,4)    (0.000,6)    (0.000,11)    (0.000,12)    (0.000,14)    (0.000,5)    (0.000,13)    
Total frac: 1.900

Sketch (41) (cm: eps0: 0.000625, del0: 0.05, min_mem: 16.9921875)
Par: 1, Rows: 1
(0.100,0)    (0.000,1)    (0.000,8)    (0.000,9)    (0.000,3)    (0.000,2)    (0.000,11)    (0.100,10)    (0.000,4)    (0.000,5)    (0.000,6)    (0.800,12)    (0.000,13)    (0.000,14)    (0.800,7)    
Total frac: 1.800
Par: 2, Rows: 1
(0.000,1)    (0.100,10)    (0.800,7)    (0.100,0)    (0.000,9)    (0.000,8)    (0.000,6)    (0.000,5)    (0.000,14)    (0.000,4)    (0.000,13)    (0.000,3)    (0.800,12)    (0.000,11)    (0.000,2)    
Total frac: 1.800
Par: 3, Rows: 1
(0.800,7)    (0.000,9)    (0.000,2)    (0.100,10)    (0.100,0)    (0.000,5)    (0.000,8)    (0.000,13)    (0.000,6)    (0.000,3)    (0.000,14)    (0.000,11)    (0.000,4)    (0.800,12)    (0.000,1)    
Total frac: 1.800

Sketch (42) (cm: eps0: 0.000625, del0: 0.05, min_mem: 16.9921875)
Par: 1, Rows: 1
(0.000,3)    (0.400,12)    (0.300,6)    (0.400,11)    (0.000,5)    (0.000,14)    (0.000,13)    (0.000,7)    (0.200,0)    (0.000,8)    (0.300,2)    (0.000,1)    (0.300,10)    (0.000,4)    (0.000,9)    
Total frac: 1.900
Par: 2, Rows: 1
(0.400,11)    (0.000,4)    (0.000,5)    (0.400,12)    (0.000,13)    (0.300,6)    (0.000,7)    (0.000,14)    (0.200,0)    (0.000,1)    (0.000,8)    (0.000,9)    (0.300,2)    (0.000,3)    (0.300,10)    
Total frac: 1.900
Par: 3, Rows: 1
(0.300,10)    (0.000,7)    (0.000,3)    (0.000,5)    (0.000,1)    (0.400,11)    (0.000,13)    (0.000,9)    (0.000,4)    (0.300,6)    (0.200,0)    (0.300,2)    (0.400,12)    (0.000,14)    (0.000,8)    
Total frac: 1.900

Sketch (43) (cm: eps0: 0.000625, del0: 0.05, min_mem: 16.9921875)
Par: 1, Rows: 1
(0.000,12)    (0.000,3)    (0.000,14)    (0.000,5)    (0.000,8)    (0.200,10)    (0.500,1)    (0.000,13)    (0.000,9)    (0.000,4)    (0.700,2)    
Total frac: 1.400
Par: 2, Rows: 1
(0.500,1)    (0.000,13)    (0.000,12)    (0.000,9)    (0.000,8)    (0.000,3)    (0.700,2)    (0.000,14)    (0.200,10)    (0.000,5)    (0.000,4)    
Total frac: 1.400
Par: 3, Rows: 1
(0.000,13)    (0.000,4)    (0.000,9)    (0.000,12)    (0.000,3)    (0.000,8)    (0.700,2)    (0.000,14)    (0.000,5)    (0.200,10)    (0.500,1)    
Total frac: 1.400

Sketch (44) (cm: eps0: 0.000625, del0: 0.05, min_mem: 16.9921875)
Par: 1, Rows: 1
(0.200,4)    (0.000,6)    (0.000,12)    (0.000,0)    (0.800,10)    (0.000,7)    (0.000,14)    (0.000,8)    (0.000,5)    (0.000,13)    (0.000,1)    (0.000,11)    
Total frac: 1.000
Par: 2, Rows: 1
(0.200,4)    (0.000,7)    (0.000,6)    (0.000,12)    (0.000,0)    (0.000,5)    (0.800,10)    (0.000,14)    (0.000,8)    (0.000,13)    (0.000,1)    (0.000,11)    
Total frac: 1.000
Par: 3, Rows: 1
(0.800,10)    (0.000,14)    (0.000,11)    (0.000,5)    (0.200,4)    (0.000,13)    (0.000,12)    (0.000,1)    (0.000,0)    (0.000,7)    (0.000,8)    (0.000,6)    
Total frac: 1.000

Sketch (45) (cm: eps0: 0.000625, del0: 0.05, min_mem: 16.9921875)
Par: 1, Rows: 1
(0.100,2)    (0.000,11)    (0.000,5)    (0.200,10)    (0.000,14)    (0.000,13)    (0.000,1)    (0.800,7)    (0.000,9)    (0.000,12)    (0.900,3)    (0.000,8)    
Total frac: 2.000
Par: 2, Rows: 1
(0.000,14)    (0.000,8)    (0.000,1)    (0.200,10)    (0.000,11)    (0.000,13)    (0.900,3)    (0.000,5)    (0.100,2)    (0.000,9)    (0.000,12)    (0.800,7)    
Total frac: 2.000
Par: 3, Rows: 1
(0.000,1)    (0.000,11)    (0.000,13)    (0.900,3)    (0.000,14)    (0.000,5)    (0.000,8)    (0.200,10)    (0.000,9)    (0.800,7)    (0.100,2)    (0.000,12)    
Total frac: 2.000

Sketch (46) (cm: eps0: 0.000625, del0: 0.05, min_mem: 16.9921875)
Par: 1, Rows: 1
(0.000,12)    (0.100,5)    (0.000,7)    (0.000,6)    (0.000,2)    (0.000,9)    (0.000,8)    (0.000,11)    (0.700,3)    (0.000,14)    (0.000,1)    (0.000,10)    (0.000,0)    (0.900,13)    
Total frac: 1.700
Par: 2, Rows: 1
(0.000,10)    (0.000,0)    (0.000,7)    (0.000,12)    (0.000,9)    (0.000,6)    (0.000,11)    (0.700,3)    (0.000,2)    (0.000,8)    (0.000,1)    (0.900,13)    (0.000,14)    (0.100,5)    
Total frac: 1.700
Par: 3, Rows: 1
(0.000,2)    (0.000,6)    (0.000,12)    (0.000,0)    (0.000,9)    (0.000,7)    (0.000,10)    (0.000,14)    (0.900,13)    (0.000,8)    (0.000,1)    (0.100,5)    (0.000,11)    (0.700,3)    
Total frac: 1.700

Sketch (47) (cm: eps0: 0.000625, del0: 0.05, min_mem: 16.9921875)
Par: 1, Rows: 1
(0.000,9)    (0.000,7)    (0.000,12)    (0.000,0)    (0.800,4)    (0.000,13)    (0.000,1)    (0.000,5)    (0.000,11)    (0.200,10)    (0.000,3)    (0.000,14)    (0.700,8)    
Total frac: 1.700
Par: 2, Rows: 1
(0.700,8)    (0.000,11)    (0.000,3)    (0.200,10)    (0.000,14)    (0.000,13)    (0.000,12)    (0.000,1)    (0.000,0)    (0.000,5)    (0.800,4)    (0.000,7)    (0.000,9)    
Total frac: 1.700
Par: 3, Rows: 1
(0.000,3)    (0.700,8)    (0.000,13)    (0.000,1)    (0.000,5)    (0.200,10)    (0.000,7)    (0.000,14)    (0.000,12)    (0.000,0)    (0.800,4)    (0.000,9)    (0.000,11)    
Total frac: 1.700

Sketch (48) (cm: eps0: 0.000625, del0: 0.05, min_mem: 16.9921875)
Par: 1, Rows: 1
(1.000,0)    (0.000,11)    (0.000,13)    (0.000,14)    (0.000,9)    (0.000,6)    (0.000,12)    (0.000,1)    (0.000,8)    (0.273,10)    (0.000,3)    (0.727,5)    
Total frac: 2.000
Par: 2, Rows: 1
(0.000,9)    (1.000,0)    (0.000,14)    (0.000,1)    (0.000,6)    (0.000,12)    (0.000,3)    (0.727,5)    (0.000,8)    (0.273,10)    (0.000,11)    (0.000,13)    
Total frac: 2.000
Par: 3, Rows: 1
(0.000,6)    (0.000,3)    (0.000,1)    (1.000,0)    (0.000,11)    (0.273,10)    (0.727,5)    (0.000,13)    (0.000,12)    (0.000,14)    (0.000,9)    (0.000,8)    
Total frac: 2.000

Sketch (49) (cm: eps0: 0.000625, del0: 0.05, min_mem: 16.9921875)
Par: 1, Rows: 1
(0.100,14)    (0.000,8)    (0.300,1)    (0.000,6)    (0.000,11)    (0.000,10)    (0.000,13)    (0.000,4)    (0.000,9)    (0.000,7)    (0.000,2)    (0.600,12)    
Total frac: 1.000
Par: 2, Rows: 1
(0.000,10)    (0.000,7)    (0.300,1)    (0.000,8)    (0.000,2)    (0.000,13)    (0.000,11)    (0.000,4)    (0.100,14)    (0.000,9)    (0.000,6)    (0.600,12)    
Total frac: 1.000
Par: 3, Rows: 1
(0.000,7)    (0.300,1)    (0.000,6)    (0.600,12)    (0.000,10)    (0.000,8)    (0.000,13)    (0.000,11)    (0.000,2)    (0.000,9)    (0.000,4)    (0.100,14)    
Total frac: 1.000

Sketch (50) (cm: eps0: 0.000625, del0: 0.05, min_mem: 16.9921875)
Par: 1, Rows: 1
(0.000,5)    (0.000,4)    (0.400,2)    (0.000,13)    (0.300,12)    (0.000,7)    (0.000,14)    (0.000,9)    (0.000,8)    (0.000,6)    (0.000,3)    (0.700,10)    (0.000,1)    (0.000,0)    (0.200,11)    
Total frac: 1.600
Par: 2, Rows: 1
(0.000,0)    (0.000,13)    (0.000,4)    (0.000,7)    (0.400,2)    (0.000,9)    (0.300,12)    (0.000,3)    (0.000,14)    (0.000,8)    (0.000,1)    (0.000,6)    (0.200,11)    (0.000,5)    (0.700,10)    
Total frac: 1.600
Par: 3, Rows: 1
(0.000,3)    (0.000,5)    (0.000,6)    (0.000,14)    (0.000,9)    (0.300,12)    (0.000,1)    (0.000,4)    (0.000,7)    (0.000,8)    (0.700,10)    (0.000,0)    (0.200,11)    (0.400,2)    (0.000,13)    
Total frac: 1.600

Sketch (51) (cm: eps0: 0.000625, del0: 0.05, min_mem: 16.9921875)
Par: 1, Rows: 1
(0.293,0)    (0.000,2)    (0.393,9)    (0.047,1)    (0.307,6)    (0.000,14)    (0.000,12)    (0.000,11)    (0.000,13)    (0.200,3)    (0.360,8)    
Total frac: 1.600
Par: 2, Rows: 1
(0.000,14)    (0.393,9)    (0.360,8)    (0.047,1)    (0.293,0)    (0.000,11)    (0.200,3)    (0.000,2)    (0.000,13)    (0.000,12)    (0.307,6)    
Total frac: 1.600
Par: 3, Rows: 1
(0.047,1)    (0.307,6)    (0.000,11)    (0.200,3)    (0.000,14)    (0.360,8)    (0.293,0)    (0.000,13)    (0.000,2)    (0.000,12)    (0.393,9)    
Total frac: 1.600

Sketch (52) (cm: eps0: 0.000625, del0: 0.05, min_mem: 16.9921875)
Par: 1, Rows: 1
(0.000,7)    (0.000,10)    (0.000,2)    (0.000,13)    (0.000,8)    (0.100,5)    (0.000,0)    (0.000,11)    (0.000,3)    (0.000,12)    (0.000,4)    (0.900,14)    (0.000,9)    
Total frac: 1.000
Par: 2, Rows: 1
(0.000,4)    (0.900,14)    (0.000,13)    (0.100,5)    (0.000,11)    (0.000,10)    (0.000,3)    (0.000,2)    (0.000,8)    (0.000,0)    (0.000,9)    (0.000,7)    (0.000,12)    
Total frac: 1.000
Par: 3, Rows: 1
(0.000,10)    (0.000,2)    (0.000,13)    (0.000,12)    (0.100,5)    (0.000,4)    (0.000,7)    (0.900,14)    (0.000,9)    (0.000,8)    (0.000,0)    (0.000,11)    (0.000,3)    
Total frac: 1.000

Sketch (53) (cm: eps0: 0.000625, del0: 0.05, min_mem: 16.9921875)
Par: 1, Rows: 1
(0.000,7)    (0.000,12)    (0.000,9)    (0.000,1)    (1.000,6)    (0.000,11)    (0.800,3)    (0.000,8)    (0.000,0)    
Total frac: 1.800
Par: 2, Rows: 1
(0.000,11)    (1.000,6)    (0.000,0)    (0.000,9)    (0.000,7)    (0.000,12)    (0.800,3)    (0.000,8)    (0.000,1)    
Total frac: 1.800
Par: 3, Rows: 1
(0.000,9)    (1.000,6)    (0.000,0)    (0.000,7)    (0.800,3)    (0.000,1)    (0.000,12)    (0.000,8)    (0.000,11)    
Total frac: 1.800

Sketch (54) (cm: eps0: 0.000625, del0: 0.05, min_mem: 16.9921875)
Par: 1, Rows: 1
(0.300,14)    (0.000,11)    (0.000,5)    (0.000,4)    (0.000,10)    (0.000,0)    (0.000,7)    (0.700,13)    (0.000,12)    (0.000,6)    (0.000,3)    (0.000,9)    (0.000,8)    
Total frac: 1.000
Par: 2, Rows: 1
(0.000,8)    (0.300,14)    (0.000,11)    (0.000,5)    (0.000,4)    (0.000,10)    (0.000,0)    (0.000,7)    (0.700,13)    (0.000,3)    (0.000,9)    (0.000,12)    (0.000,6)    
Total frac: 1.000
Par: 3, Rows: 1
(0.000,5)    (0.000,10)    (0.000,3)    (0.000,8)    (0.000,4)    (0.700,13)    (0.000,11)    (0.000,6)    (0.000,0)    (0.000,9)    (0.000,7)    (0.300,14)    (0.000,12)    
Total frac: 1.000

Sketch (55) (cm: eps0: 0.000625, del0: 0.05, min_mem: 16.9921875)
Par: 1, Rows: 1
(0.000,14)    (0.600,12)    (0.000,1)    (0.000,10)    (0.100,8)    (0.000,13)    (0.300,11)    (0.000,9)    (0.700,4)    (0.000,7)    (0.000,2)    (0.000,6)    (0.000,0)    (0.000,5)    (0.000,3)    
Total frac: 1.700
Par: 2, Rows: 1
(0.000,0)    (0.000,7)    (0.000,13)    (0.600,12)    (0.000,2)    (0.000,6)    (0.000,3)    (0.000,9)    (0.100,8)    (0.000,14)    (0.000,5)    (0.700,4)    (0.000,10)    (0.300,11)    (0.000,1)    
Total frac: 1.700
Par: 3, Rows: 1
(0.000,7)    (0.000,13)    (0.000,0)    (0.000,3)    (0.000,9)    (0.600,12)    (0.000,2)    (0.000,6)    (0.000,5)    (0.100,8)    (0.000,14)    (0.300,11)    (0.000,1)    (0.700,4)    (0.000,10)    
Total frac: 1.700

Sketch (56) (cm: eps0: 0.000625, del0: 0.05, min_mem: 16.9921875)
Par: 1, Rows: 1
(0.900,2)    (0.000,9)    (0.000,12)    (0.000,1)    (0.000,8)    
Total frac: 0.900
Par: 2, Rows: 1
(0.900,2)    (0.000,9)    (0.000,1)    (0.000,12)    (0.000,8)    
Total frac: 0.900
Par: 3, Rows: 1
(0.000,9)    (0.000,8)    (0.000,1)    (0.000,12)    (0.900,2)    
Total frac: 0.900

Sketch (57) (cm: eps0: 0.000625, del0: 0.05, min_mem: 16.9921875)
Par: 1, Rows: 1
(0.000,11)    (0.800,1)    (0.000,8)    (0.000,14)    (0.800,5)    (0.000,7)    (0.000,13)    (0.000,10)    (0.000,12)    (0.000,3)    (0.000,2)    (0.100,9)    
Total frac: 1.700
Par: 2, Rows: 1
(0.000,14)    (0.800,1)    (0.800,5)    (0.000,10)    (0.000,3)    (0.000,13)    (0.000,8)    (0.000,11)    (0.000,2)    (0.000,7)    (0.000,12)    (0.100,9)    
Total frac: 1.700
Par: 3, Rows: 1
(0.800,5)    (0.000,3)    (0.000,14)    (0.000,13)    (0.000,11)    (0.000,10)    (0.000,8)    (0.000,7)    (0.000,2)    (0.100,9)    (0.000,12)    (0.800,1)    
Total frac: 1.700

Sketch (58) (cm: eps0: 0.000625, del0: 0.05, min_mem: 16.9921875)
Par: 1, Rows: 1
(0.000,7)    (0.000,13)    (0.000,12)    (0.000,2)    (0.000,6)    (0.000,3)    (0.000,9)    (0.200,8)    (0.800,11)    (0.000,14)    (0.700,1)    (0.000,0)    
Total frac: 1.700
Par: 2, Rows: 1
(0.000,0)    (0.000,12)    (0.000,2)    (0.000,6)    (0.000,3)    (0.000,9)    (0.800,11)    (0.700,1)    (0.200,8)    (0.000,7)    (0.000,14)    (0.000,13)    
Total frac: 1.700
Par: 3, Rows: 1
(0.700,1)    (0.000,7)    (0.000,12)    (0.000,3)    (0.200,8)    (0.000,0)    (0.000,2)    (0.000,14)    (0.800,11)    (0.000,13)    (0.000,6)    (0.000,9)    
Total frac: 1.700

Sketch (59) (cm: eps0: 0.000625, del0: 0.05, min_mem: 16.9921875)
Par: 1, Rows: 1
(0.200,3)    (0.500,5)    (0.000,12)    (0.200,8)    (0.000,10)    (0.000,11)    (0.500,0)    (0.000,13)    (0.500,2)    (0.000,9)    (0.000,14)    (0.000,4)    (0.000,1)    (0.500,7)    
Total frac: 2.400
Par: 2, Rows: 1
(0.500,5)    (0.000,4)    (0.000,10)    (0.500,2)    (0.000,14)    (0.500,7)    (0.000,13)    (0.000,12)    (0.200,3)    (0.000,9)    (0.200,8)    (0.000,1)    (0.500,0)    (0.000,11)    
Total frac: 2.400
Par: 3, Rows: 1
(0.000,4)    (0.000,10)    (0.500,7)    (0.000,13)    (0.500,2)    (0.200,3)    (0.000,9)    (0.000,14)    (0.000,1)    (0.000,12)    (0.200,8)    (0.000,11)    (0.500,5)    (0.500,0)    
Total frac: 2.400

Sketch (60) (cm: eps0: 0.000625, del0: 0.05, min_mem: 16.9921875)
Par: 1, Rows: 1
(0.000,4)    (0.700,13)    (0.100,14)    (0.000,11)    (0.000,6)    (0.000,9)    (0.000,1)    (0.000,12)    (0.000,5)    (0.200,10)    (0.000,8)    (0.000,2)    
Total frac: 1.000
Par: 2, Rows: 1
(0.000,8)    (0.700,13)    (0.000,2)    (0.000,11)    (0.000,9)    (0.000,4)    (0.100,14)    (0.000,1)    (0.000,6)    (0.000,5)    (0.000,12)    (0.200,10)    
Total frac: 1.000
Par: 3, Rows: 1
(0.000,6)    (0.000,9)    (0.000,8)    (0.000,1)    (0.000,5)    (0.000,4)    (0.200,10)    (0.000,11)    (0.000,2)    (0.700,13)    (0.000,12)    (0.100,14)    
Total frac: 1.000

Sketch (61) (cm: eps0: 0.000625, del0: 0.05, min_mem: 16.9921875)
Par: 1, Rows: 1
(0.267,9)    (0.000,12)    (0.000,14)    (0.000,1)    (0.800,5)    (0.367,8)    (0.000,11)    (0.533,0)    (0.000,4)    (0.200,10)    (0.000,7)    (0.000,13)    (0.000,2)    (0.433,3)    
Total frac: 2.600
Par: 2, Rows: 1
(0.267,9)    (0.000,12)    (0.533,0)    (0.000,2)    (0.433,3)    (0.800,5)    (0.367,8)    (0.200,10)    (0.000,11)    (0.000,13)    (0.000,14)    (0.000,1)    (0.000,4)    (0.000,7)    
Total frac: 2.600
Par: 3, Rows: 1
(0.000,4)    (0.000,12)    (0.433,3)    (0.800,5)    (0.000,11)    (0.533,0)    (0.000,13)    (0.000,2)    (0.367,8)    (0.200,10)    (0.000,1)    (0.000,7)    (0.267,9)    (0.000,14)    
Total frac: 2.600

Sketch (62) (cm: eps0: 0.000625, del0: 0.05, min_mem: 16.9921875)
Par: 1, Rows: 1
(0.000,12)    (0.000,1)    (0.800,3)    (0.000,9)    (0.000,8)    
Total frac: 0.800
Par: 2, Rows: 1
(0.000,1)    (0.000,12)    (0.800,3)    (0.000,9)    (0.000,8)    
Total frac: 0.800
Par: 3, Rows: 1
(0.000,8)    (0.000,1)    (0.000,12)    (0.000,9)    (0.800,3)    
Total frac: 0.800

Sketch (63) (cm: eps0: 0.000625, del0: 0.05, min_mem: 16.9921875)
Par: 1, Rows: 1
(0.000,0)    (0.000,10)    (0.000,8)    (0.000,7)    (0.000,9)    (0.000,4)    (0.900,14)    (0.000,12)    (0.000,3)    (0.000,13)    (0.000,2)    (0.000,11)    
Total frac: 0.900
Par: 2, Rows: 1
(0.900,14)    (0.000,0)    (0.000,3)    (0.000,9)    (0.000,8)    (0.000,11)    (0.000,2)    (0.000,4)    (0.000,10)    (0.000,7)    (0.000,13)    (0.000,12)    
Total frac: 0.900
Par: 3, Rows: 1
(0.000,3)    (0.000,9)    (0.900,14)    (0.000,11)    (0.000,0)    (0.000,8)    (0.000,7)    (0.000,13)    (0.000,2)    (0.000,4)    (0.000,10)    (0.000,12)    
Total frac: 0.900

Device (0) cpu1:
Rows total: 19.279999999999998
Mem total: 327.609375

Device (1) cpu2:
Rows total: 19.279999999999998
Mem total: 327.609375

Device (2) cpu3:
Rows total: 19.279999999999998
Mem total: 327.609375

Device (3) cpu4:
Rows total: 19.279999999999998
Mem total: 327.609375

Device (4) cpu5:
Rows total: 19.279999999999998
Mem total: 327.609375

Device (5) cpu6:
Rows total: 19.279999999999998
Mem total: 327.609375

Device (6) cpu7:
Rows total: 19.279999999999998
Mem total: 327.609375

Device (7) cpu8:
Rows total: 19.279999999999998
Mem total: 327.609375

Device (8) tor_p41:
Rows total: 19.279999999999998
Mem total: 327.609375

Device (9) tor_p42:
Rows total: 19.279999999999998
Mem total: 327.609375

Device (10) tor_p43:
Rows total: 19.279999999999998
Mem total: 327.609375

Device (11) tor_p44:
Rows total: 19.279999999999998
Mem total: 327.609375

Device (12) l1_p41:
Rows total: 19.279999999999998
Mem total: 327.609375

Device (13) l1_p42:
Rows total: 19.279999999999998
Mem total: 327.609375

Device (14) l2_p4:
Rows total: 19.279999999999998
Mem total: 327.609375
--------------------------------------------------
Infeasible placement
Function: solve took 0.287914514541626 seconds
