Function: get_partitions took 0.0003132820129394531 seconds
Function: map_flows_partitions took 0.0004124641418457031 seconds
Using license file /home/anup/gurobi.lic
Academic license - for non-commercial use only
Building model with:
15 devices, 192 partitions and 320 flows
Adding frac and mem vars took: 0.013492345809936523s
Adding coverage constraints took: 0.013720273971557617s
Adding accuracy constraints took 0.0375821590423584s
Adding load constraints took: 0.012589216232299805s
Starting model update
Model update complete, took: 0.0031440258026123047 s
Starting model optimize
--------------------------------------------------
Model update took: 0.0031440258026123047 seconds
Model optimize took: 0.14224028587341309 seconds
--------------------------------------------------

Sketch (0) (cm: eps0: 0.000625, del0: 0.05, min_mem: 16.9921875)
Par: 1, Rows: 1
(0.000,9)    (0.000,4)    (0.000,0)    (0.000,14)    (0.000,12)    (0.100,10)    (0.000,8)    (0.000,7)    (0.000,5)    (0.000,3)    (0.800,13)    (0.000,11)    
Total frac: 0.900
Par: 2, Rows: 1
(0.000,4)    (0.000,0)    (0.000,7)    (0.000,14)    (0.000,5)    (0.000,12)    (0.000,3)    (0.100,10)    (0.000,8)    (0.800,13)    (0.000,11)    (0.000,9)    
Total frac: 0.900
Par: 3, Rows: 1
(0.000,3)    (0.000,14)    (0.100,10)    (0.000,11)    (0.000,5)    (0.000,4)    (0.000,0)    (0.800,13)    (0.000,12)    (0.000,9)    (0.000,8)    (0.000,7)    
Total frac: 0.900

Sketch (1) (cm: eps0: 0.000625, del0: 0.05, min_mem: 16.9921875)
Par: 1, Rows: 1
(0.000,11)    (0.000,2)    (0.200,14)    (0.000,5)    (0.000,10)    (0.000,1)    (0.000,13)    (0.000,9)    (0.900,4)    (0.000,0)    (0.800,12)    (0.000,3)    (0.000,8)    (0.000,6)    
Total frac: 1.900
Par: 2, Rows: 1
(0.000,5)    (0.000,8)    (0.000,3)    (0.000,13)    (0.000,1)    (0.000,11)    (0.000,9)    (0.900,4)    (0.000,2)    (0.000,6)    (0.800,12)    (0.000,0)    (0.000,10)    (0.200,14)    
Total frac: 1.900
Par: 3, Rows: 1
(0.000,0)    (0.000,10)    (0.200,14)    (0.000,3)    (0.000,13)    (0.000,1)    (0.000,8)    (0.000,11)    (0.000,9)    (0.900,4)    (0.000,2)    (0.000,6)    (0.000,5)    (0.800,12)    
Total frac: 1.900

Sketch (2) (cm: eps0: 0.000625, del0: 0.05, min_mem: 16.9921875)
Par: 1, Rows: 1
(0.000,13)    (0.000,12)    (0.000,9)    (0.000,7)    (0.000,2)    (0.800,6)    (0.100,14)    (0.000,11)    
Total frac: 0.900
Par: 2, Rows: 1
(0.000,9)    (0.000,7)    (0.000,12)    (0.000,2)    (0.800,6)    (0.000,11)    (0.100,14)    (0.000,13)    
Total frac: 0.900
Par: 3, Rows: 1
(0.000,2)    (0.000,9)    (0.000,12)    (0.000,7)    (0.100,14)    (0.000,13)    (0.000,11)    (0.800,6)    
Total frac: 0.900

Sketch (3) (cm: eps0: 0.000625, del0: 0.05, min_mem: 16.9921875)
Par: 1, Rows: 1
(0.537,9)    (0.163,2)    (0.000,0)    (0.100,7)    (0.000,12)    (0.163,1)    (0.000,4)    (0.000,13)    (0.000,11)    (0.073,14)    (0.000,3)    (0.000,10)    (0.463,8)    
Total frac: 1.500
Par: 2, Rows: 1
(0.000,11)    (0.000,3)    (0.073,14)    (0.163,1)    (0.000,10)    (0.000,0)    (0.000,13)    (0.000,12)    (0.000,4)    (0.100,7)    (0.163,2)    (0.537,9)    (0.463,8)    
Total frac: 1.500
Par: 3, Rows: 1
(0.000,3)    (0.463,8)    (0.163,1)    (0.000,13)    (0.073,14)    (0.000,10)    (0.000,0)    (0.100,7)    (0.000,12)    (0.537,9)    (0.000,4)    (0.000,11)    (0.163,2)    
Total frac: 1.500

Sketch (4) (cm: eps0: 0.000625, del0: 0.05, min_mem: 16.9921875)
Par: 1, Rows: 1
(0.000,10)    (0.000,14)    (0.000,13)    (0.000,1)    (0.000,5)    (0.000,8)    (0.000,11)    (0.000,3)    (0.000,2)    (0.000,6)    (0.900,12)    (0.100,0)    (0.000,9)    (0.000,4)    
Total frac: 1.000
Par: 2, Rows: 1
(0.000,13)    (0.000,1)    (0.000,5)    (0.000,10)    (0.000,11)    (0.000,14)    (0.000,3)    (0.000,8)    (0.000,9)    (0.000,2)    (0.000,6)    (0.900,12)    (0.100,0)    (0.000,4)    
Total frac: 1.000
Par: 3, Rows: 1
(0.100,0)    (0.000,4)    (0.000,2)    (0.000,6)    (0.000,9)    (0.000,8)    (0.000,11)    (0.000,3)    (0.000,10)    (0.000,14)    (0.000,13)    (0.000,1)    (0.000,5)    (0.900,12)    
Total frac: 1.000

Sketch (5) (cm: eps0: 0.000625, del0: 0.05, min_mem: 16.9921875)
Par: 1, Rows: 1
(0.000,7)    (0.000,12)    (0.000,4)    (0.000,9)    (0.000,2)    (0.000,6)    (0.000,11)    (0.000,8)    (0.900,13)    (0.000,1)    (0.000,5)    (0.000,10)    (0.100,14)    
Total frac: 1.000
Par: 2, Rows: 1
(0.000,1)    (0.000,12)    (0.000,10)    (0.000,8)    (0.000,7)    (0.000,5)    (0.000,2)    (0.900,13)    (0.000,11)    (0.100,14)    (0.000,9)    (0.000,6)    (0.000,4)    
Total frac: 1.000
Par: 3, Rows: 1
(0.000,4)    (0.000,7)    (0.000,5)    (0.000,12)    (0.000,10)    (0.000,8)    (0.900,13)    (0.000,11)    (0.000,9)    (0.000,2)    (0.100,14)    (0.000,1)    (0.000,6)    
Total frac: 1.000

Sketch (6) (cm: eps0: 0.000625, del0: 0.05, min_mem: 16.9921875)
Par: 1, Rows: 1
(0.000,5)    (0.000,4)    (0.000,2)    (0.000,13)    (0.000,14)    (0.900,12)    (0.000,9)    (0.000,8)    (0.532,6)    (0.000,7)    (0.000,3)    (0.000,1)    (0.000,10)    (0.000,0)    (0.468,11)    
Total frac: 1.900
Par: 2, Rows: 1
(0.000,10)    (0.000,0)    (0.000,13)    (0.000,9)    (0.000,4)    (0.000,2)    (0.000,7)    (0.000,14)    (0.900,12)    (0.000,3)    (0.000,1)    (0.000,8)    (0.532,6)    (0.468,11)    (0.000,5)    
Total frac: 1.900
Par: 3, Rows: 1
(0.000,13)    (0.000,0)    (0.468,11)    (0.000,14)    (0.000,9)    (0.000,4)    (0.532,6)    (0.900,12)    (0.000,10)    (0.000,1)    (0.000,7)    (0.000,5)    (0.000,8)    (0.000,2)    (0.000,3)    
Total frac: 1.900

Sketch (7) (cm: eps0: 0.000625, del0: 0.05, min_mem: 16.9921875)
Par: 1, Rows: 1
(0.900,11)    (0.000,2)    (0.700,9)    (0.000,0)    (0.000,14)    (0.800,4)    (0.000,1)    (0.000,6)    (0.000,7)    (0.000,5)    (0.000,12)    (0.200,10)    (0.000,3)    (0.000,13)    (0.000,8)    
Total frac: 2.600
Par: 2, Rows: 1
(0.000,7)    (0.000,8)    (0.000,6)    (0.000,3)    (0.200,10)    (0.000,1)    (0.000,0)    (0.000,5)    (0.900,11)    (0.800,4)    (0.000,2)    (0.000,13)    (0.000,12)    (0.000,14)    (0.700,9)    
Total frac: 2.600
Par: 3, Rows: 1
(0.000,14)    (0.000,3)    (0.000,1)    (0.000,8)    (0.000,6)    (0.000,5)    (0.900,11)    (0.200,10)    (0.000,13)    (0.000,0)    (0.800,4)    (0.000,2)    (0.700,9)    (0.000,7)    (0.000,12)    
Total frac: 2.600

Sketch (8) (cm: eps0: 0.000625, del0: 0.05, min_mem: 16.9921875)
Par: 1, Rows: 1
(0.100,4)    (0.000,7)    (0.900,10)    (0.000,8)    (0.000,2)    (0.000,13)    (0.000,0)    (0.100,11)    (0.000,5)    (0.000,3)    (0.100,14)    (0.700,9)    (0.000,12)    
Total frac: 1.900
Par: 2, Rows: 1
(0.000,7)    (0.000,12)    (0.100,4)    (0.000,13)    (0.100,11)    (0.000,5)    (0.000,3)    (0.900,10)    (0.000,8)    (0.000,2)    (0.000,0)    (0.700,9)    (0.100,14)    
Total frac: 1.900
Par: 3, Rows: 1
(0.900,10)    (0.000,2)    (0.000,13)    (0.000,5)    (0.000,12)    (0.100,4)    (0.000,7)    (0.100,14)    (0.700,9)    (0.000,8)    (0.000,0)    (0.100,11)    (0.000,3)    
Total frac: 1.900

Sketch (9) (cm: eps0: 0.000625, del0: 0.05, min_mem: 16.9921875)
Par: 1, Rows: 1
(0.000,5)    (0.000,10)    (0.000,2)    (0.000,7)    (0.000,12)    (0.000,9)    (0.000,4)    (0.000,1)    (0.000,6)    (0.000,11)    (1.000,14)    (0.000,3)    (0.000,8)    (0.000,13)    
Total frac: 1.000
Par: 2, Rows: 1
(0.000,11)    (0.000,3)    (0.000,6)    (0.000,12)    (1.000,14)    (0.000,9)    (0.000,4)    (0.000,1)    (0.000,7)    (0.000,10)    (0.000,2)    (0.000,13)    (0.000,5)    (0.000,8)    
Total frac: 1.000
Par: 3, Rows: 1
(0.000,8)    (0.000,9)    (0.000,1)    (0.000,6)    (0.000,7)    (0.000,12)    (1.000,14)    (0.000,4)    (0.000,13)    (0.000,5)    (0.000,10)    (0.000,11)    (0.000,2)    (0.000,3)    
Total frac: 1.000

Sketch (10) (cm: eps0: 0.000625, del0: 0.05, min_mem: 16.9921875)
Par: 1, Rows: 1
(0.000,14)    (0.000,9)    (0.000,1)    (0.000,8)    (0.800,11)    (0.000,2)    (0.000,13)    (1.000,12)    (0.000,7)    (0.000,6)    
Total frac: 1.800
Par: 2, Rows: 1
(0.000,1)    (0.000,6)    (0.800,11)    (0.000,14)    (0.000,8)    (0.000,13)    (0.000,2)    (0.000,7)    (1.000,12)    (0.000,9)    
Total frac: 1.800
Par: 3, Rows: 1
(1.000,12)    (0.000,8)    (0.000,1)    (0.000,13)    (0.000,6)    (0.800,11)    (0.000,9)    (0.000,2)    (0.000,14)    (0.000,7)    
Total frac: 1.800

Sketch (11) (cm: eps0: 0.000625, del0: 0.05, min_mem: 16.9921875)
Par: 1, Rows: 1
(0.000,1)    (0.000,12)    (0.000,10)    (0.000,8)    (0.900,13)    (0.000,11)    (0.800,9)    (0.000,6)    (0.100,4)    (0.200,2)    (0.000,0)    (0.000,7)    (0.000,14)    (0.000,5)    (0.000,3)    
Total frac: 2.000
Par: 2, Rows: 1
(0.900,13)    (0.000,6)    (0.000,7)    (0.000,12)    (0.800,9)    (0.200,2)    (0.000,3)    (0.000,8)    (0.000,14)    (0.000,5)    (0.000,10)    (0.000,11)    (0.100,4)    (0.000,1)    (0.000,0)    
Total frac: 2.000
Par: 3, Rows: 1
(0.100,4)    (0.900,13)    (0.000,0)    (0.000,7)    (0.800,9)    (0.000,3)    (0.000,6)    (0.000,12)    (0.200,2)    (0.000,8)    (0.000,14)    (0.000,5)    (0.000,11)    (0.000,1)    (0.000,10)    
Total frac: 2.000

Sketch (12) (cm: eps0: 0.000625, del0: 0.05, min_mem: 16.9921875)
Par: 1, Rows: 1
(0.000,2)    (0.000,6)    (0.000,11)    (0.700,9)    (0.000,0)    (1.000,14)    (0.000,7)    (0.000,12)    (0.000,5)    (0.000,10)    (0.000,3)    (0.000,8)    (0.000,13)    
Total frac: 1.700
Par: 2, Rows: 1
(0.700,9)    (0.000,2)    (0.000,6)    (0.000,7)    (0.000,5)    (0.000,0)    (1.000,14)    (0.000,3)    (0.000,12)    (0.000,10)    (0.000,13)    (0.000,8)    (0.000,11)    
Total frac: 1.700
Par: 3, Rows: 1
(0.000,8)    (1.000,14)    (0.000,5)    (0.000,10)    (0.000,11)    (0.000,0)    (0.000,13)    (0.000,7)    (0.000,12)    (0.000,2)    (0.000,6)    (0.700,9)    (0.000,3)    
Total frac: 1.700

Sketch (13) (cm: eps0: 0.000625, del0: 0.05, min_mem: 16.9921875)
Par: 1, Rows: 1
(0.000,5)    (0.000,8)    (0.000,14)    (0.000,11)    (0.000,1)    (0.000,10)    (0.000,4)    (1.000,13)    (0.000,7)    (0.000,0)    (0.000,9)    (0.000,3)    (0.000,12)    (0.000,2)    
Total frac: 1.000
Par: 2, Rows: 1
(0.000,1)    (0.000,5)    (0.000,10)    (0.000,3)    (0.000,8)    (1.000,13)    (0.000,11)    (0.000,2)    (0.000,0)    (0.000,4)    (0.000,9)    (0.000,7)    (0.000,12)    (0.000,14)    
Total frac: 1.000
Par: 3, Rows: 1
(0.000,12)    (0.000,14)    (0.000,5)    (0.000,3)    (1.000,13)    (0.000,11)    (0.000,10)    (0.000,8)    (0.000,2)    (0.000,9)    (0.000,0)    (0.000,7)    (0.000,1)    (0.000,4)    
Total frac: 1.000

Sketch (14) (cm: eps0: 0.000625, del0: 0.05, min_mem: 16.9921875)
Par: 1, Rows: 1
(0.600,13)    (0.000,6)    (0.000,7)    (0.000,12)    (0.000,2)    (0.700,9)    (0.000,3)    (0.200,8)    (0.000,14)    (0.100,11)    (0.000,1)    (0.000,0)    (0.000,5)    (0.200,10)    
Total frac: 1.800
Par: 2, Rows: 1
(0.200,10)    (0.000,6)    (0.000,12)    (0.000,2)    (0.700,9)    (0.000,3)    (0.100,11)    (0.000,1)    (0.200,8)    (0.000,14)    (0.000,5)    (0.600,13)    (0.000,0)    (0.000,7)    
Total frac: 1.800
Par: 3, Rows: 1
(0.000,0)    (0.000,7)    (0.000,12)    (0.700,9)    (0.000,14)    (0.000,1)    (0.000,5)    (0.200,10)    (0.600,13)    (0.000,3)    (0.200,8)    (0.000,2)    (0.000,6)    (0.100,11)    
Total frac: 1.800

Sketch (15) (cm: eps0: 0.000625, del0: 0.05, min_mem: 16.9921875)
Par: 1, Rows: 1
(0.000,7)    (0.000,5)    (0.000,13)    (0.700,10)    (0.000,11)    
Total frac: 0.700
Par: 2, Rows: 1
(0.000,11)    (0.000,5)    (0.700,10)    (0.000,13)    (0.000,7)    
Total frac: 0.700
Par: 3, Rows: 1
(0.000,11)    (0.000,5)    (0.000,13)    (0.000,7)    (0.700,10)    
Total frac: 0.700

Sketch (16) (cm: eps0: 0.000625, del0: 0.05, min_mem: 16.9921875)
Par: 1, Rows: 1
(0.700,14)    (0.000,13)    (0.000,11)    (0.000,4)    (0.000,9)    (0.000,1)    (0.000,7)    (0.000,12)    (0.100,5)    (0.200,10)    (0.000,3)    (0.000,8)    
Total frac: 1.000
Par: 2, Rows: 1
(0.000,13)    (0.000,11)    (0.000,9)    (0.700,14)    (0.000,1)    (0.000,4)    (0.000,7)    (0.100,5)    (0.000,3)    (0.000,12)    (0.200,10)    (0.000,8)    
Total frac: 1.000
Par: 3, Rows: 1
(0.000,12)    (0.000,9)    (0.000,3)    (0.000,8)    (0.000,1)    (0.100,5)    (0.200,10)    (0.000,11)    (0.000,4)    (0.700,14)    (0.000,13)    (0.000,7)    
Total frac: 1.000

Sketch (17) (cm: eps0: 0.000625, del0: 0.05, min_mem: 16.9921875)
Par: 1, Rows: 1
(0.000,1)    (0.700,12)    (0.300,8)    (0.000,5)    (0.000,11)    (0.900,10)    (0.000,4)    (0.000,13)    (0.000,2)    (0.000,7)    (0.000,9)    (0.000,14)    (0.000,3)    
Total frac: 1.900
Par: 2, Rows: 1
(0.000,1)    (0.000,7)    (0.700,12)    (0.000,5)    (0.900,10)    (0.000,2)    (0.000,3)    (0.300,8)    (0.000,13)    (0.000,14)    (0.000,4)    (0.000,11)    (0.000,9)    
Total frac: 1.900
Par: 3, Rows: 1
(0.000,5)    (0.000,3)    (0.700,12)    (0.900,10)    (0.000,13)    (0.000,2)    (0.300,8)    (0.000,11)    (0.000,9)    (0.000,14)    (0.000,4)    (0.000,1)    (0.000,7)    
Total frac: 1.900

Sketch (18) (cm: eps0: 0.000625, del0: 0.05, min_mem: 16.9921875)
Par: 1, Rows: 1
(0.000,2)    (0.000,11)    (0.700,13)    (0.200,14)    (0.000,7)    (0.000,12)    (0.000,9)    (0.000,8)    (0.000,1)    (0.000,5)    (0.100,10)    (0.000,4)    
Total frac: 1.000
Par: 2, Rows: 1
(0.100,10)    (0.000,4)    (0.700,13)    (0.000,2)    (0.000,7)    (0.000,9)    (0.200,14)    (0.000,12)    (0.000,1)    (0.000,5)    (0.000,8)    (0.000,11)    
Total frac: 1.000
Par: 3, Rows: 1
(0.700,13)    (0.000,11)    (0.200,14)    (0.000,1)    (0.000,4)    (0.000,9)    (0.000,7)    (0.000,12)    (0.000,2)    (0.000,5)    (0.100,10)    (0.000,8)    
Total frac: 1.000

Sketch (19) (cm: eps0: 0.000625, del0: 0.05, min_mem: 16.9921875)
Par: 1, Rows: 1
(0.000,10)    (0.000,8)    (0.000,1)    (0.000,9)    (0.000,7)    (1.000,12)    (1.000,5)    (0.000,3)    (0.000,13)    (0.000,11)    
Total frac: 2.000
Par: 2, Rows: 1
(0.000,1)    (0.000,9)    (0.000,3)    (0.000,8)    (0.000,11)    (1.000,5)    (0.000,10)    (0.000,13)    (0.000,7)    (1.000,12)    
Total frac: 2.000
Par: 3, Rows: 1
(1.000,12)    (0.000,9)    (0.000,3)    (0.000,11)    (0.000,8)    (1.000,5)    (0.000,13)    (0.000,7)    (0.000,10)    (0.000,1)    
Total frac: 2.000

Sketch (20) (cm: eps0: 0.000625, del0: 0.05, min_mem: 16.9921875)
Par: 1, Rows: 1
(0.000,5)    (0.000,10)    (0.000,0)    (0.000,13)    (0.900,8)    (0.900,11)    (0.000,14)    (0.000,1)    (0.000,7)    (0.000,12)    
Total frac: 1.800
Par: 2, Rows: 1
(0.000,12)    (0.000,5)    (0.000,13)    (0.000,10)    (0.900,11)    (0.000,0)    (0.900,8)    (0.000,1)    (0.000,7)    (0.000,14)    
Total frac: 1.800
Par: 3, Rows: 1
(0.000,5)    (0.000,10)    (0.000,13)    (0.000,7)    (0.000,12)    (0.000,14)    (0.000,1)    (0.000,0)    (0.900,8)    (0.900,11)    
Total frac: 1.800

Sketch (21) (cm: eps0: 0.000625, del0: 0.05, min_mem: 16.9921875)
Par: 1, Rows: 1
(0.000,13)    (0.000,2)    (0.076,7)    (0.824,12)    (0.000,9)    (0.000,14)    (0.000,3)    (0.000,11)    
Total frac: 0.900
Par: 2, Rows: 1
(0.000,2)    (0.000,13)    (0.000,14)    (0.000,11)    (0.824,12)    (0.000,9)    (0.076,7)    (0.000,3)    
Total frac: 0.900
Par: 3, Rows: 1
(0.000,11)    (0.000,9)    (0.000,2)    (0.000,14)    (0.824,12)    (0.076,7)    (0.000,3)    (0.000,13)    
Total frac: 0.900

Sketch (22) (cm: eps0: 0.000625, del0: 0.05, min_mem: 16.9921875)
Par: 1, Rows: 1
(0.000,7)    (0.000,3)    (0.000,11)    (0.000,12)    (0.000,8)    (0.100,6)    (0.000,1)    (0.000,13)    (0.900,14)    (0.000,9)    
Total frac: 1.000
Par: 2, Rows: 1
(0.000,3)    (0.000,11)    (0.000,1)    (0.000,12)    (0.000,13)    (0.000,8)    (0.100,6)    (0.000,9)    (0.000,7)    (0.900,14)    
Total frac: 1.000
Par: 3, Rows: 1
(0.000,7)    (0.100,6)    (0.000,3)    (0.000,13)    (0.000,1)    (0.000,12)    (0.900,14)    (0.000,11)    (0.000,9)    (0.000,8)    
Total frac: 1.000

Sketch (23) (cm: eps0: 0.000625, del0: 0.05, min_mem: 16.9921875)
Par: 1, Rows: 1
(0.700,8)    (0.000,7)    (0.000,5)    (0.300,13)    (0.000,1)    (0.000,4)    (0.000,2)    (0.700,11)    (0.000,6)    (0.000,9)    (0.000,12)    (0.000,0)    (0.000,10)    (0.000,14)    
Total frac: 1.700
Par: 2, Rows: 1
(0.000,5)    (0.700,11)    (0.000,2)    (0.700,8)    (0.000,6)    (0.300,13)    (0.000,1)    (0.000,10)    (0.000,14)    (0.000,9)    (0.000,7)    (0.000,4)    (0.000,12)    (0.000,0)    
Total frac: 1.700
Par: 3, Rows: 1
(0.000,12)    (0.000,0)    (0.300,13)    (0.000,1)    (0.000,2)    (0.700,8)    (0.000,6)    (0.000,9)    (0.000,7)    (0.000,10)    (0.000,14)    (0.000,4)    (0.000,5)    (0.700,11)    
Total frac: 1.700

Sketch (24) (cm: eps0: 0.000625, del0: 0.05, min_mem: 16.9921875)
Par: 1, Rows: 1
(0.000,11)    (0.200,12)    (0.000,5)    (0.000,3)    (0.000,4)    (0.000,14)    (0.000,9)    (1.000,10)    (0.500,8)    (0.000,7)    (0.000,1)    (0.000,2)    (0.300,0)    (0.000,13)    
Total frac: 2.000
Par: 2, Rows: 1
(0.000,2)    (0.300,0)    (0.200,12)    (0.000,9)    (0.000,4)    (0.000,14)    (0.000,7)    (1.000,10)    (0.500,8)    (0.000,1)    (0.000,13)    (0.000,11)    (0.000,5)    (0.000,3)    
Total frac: 2.000
Par: 3, Rows: 1
(0.000,14)    (0.000,9)    (1.000,10)    (0.300,0)    (0.000,11)    (0.200,12)    (0.000,3)    (0.000,4)    (0.000,1)    (0.000,2)    (0.000,13)    (0.500,8)    (0.000,5)    (0.000,7)    
Total frac: 2.000

Sketch (25) (cm: eps0: 0.000625, del0: 0.05, min_mem: 16.9921875)
Par: 1, Rows: 1
(1.000,14)    (0.000,11)    (0.000,3)    (0.000,10)    (0.000,12)    (0.000,13)    (0.000,4)    (0.000,6)    (0.000,2)    (0.000,7)    (0.000,9)    
Total frac: 1.000
Par: 2, Rows: 1
(0.000,7)    (0.000,2)    (0.000,6)    (0.000,13)    (0.000,12)    (0.000,4)    (0.000,11)    (0.000,3)    (0.000,10)    (1.000,14)    (0.000,9)    
Total frac: 1.000
Par: 3, Rows: 1
(1.000,14)    (0.000,13)    (0.000,2)    (0.000,11)    (0.000,6)    (0.000,3)    (0.000,12)    (0.000,4)    (0.000,9)    (0.000,7)    (0.000,10)    
Total frac: 1.000

Sketch (26) (cm: eps0: 0.000625, del0: 0.05, min_mem: 16.9921875)
Par: 1, Rows: 1
(0.000,6)    (0.000,13)    (0.000,5)    (0.000,8)    (0.000,10)    (0.000,14)    (0.900,9)    (0.000,12)    (0.000,0)    (0.900,11)    (0.000,3)    
Total frac: 1.800
Par: 2, Rows: 1
(0.000,5)    (0.000,6)    (0.000,8)    (0.900,9)    (0.000,10)    (0.000,14)    (0.900,11)    (0.000,3)    (0.000,12)    (0.000,0)    (0.000,13)    
Total frac: 1.800
Par: 3, Rows: 1
(0.000,0)    (0.000,14)    (0.000,5)    (0.000,6)    (0.000,3)    (0.000,13)    (0.900,11)    (0.000,12)    (0.900,9)    (0.000,10)    (0.000,8)    
Total frac: 1.800

Sketch (27) (cm: eps0: 0.000625, del0: 0.05, min_mem: 16.9921875)
Par: 1, Rows: 1
(0.000,12)    (0.000,10)    (0.000,8)    (0.300,7)    (0.000,2)    (0.763,3)    (0.000,0)    (0.000,14)    (0.000,13)    (0.700,11)    (0.000,6)    (0.237,9)    (0.000,4)    
Total frac: 2.000
Par: 2, Rows: 1
(0.000,2)    (0.000,14)    (0.700,11)    (0.000,12)    (0.000,8)    (0.000,6)    (0.000,13)    (0.237,9)    (0.000,10)    (0.000,0)    (0.300,7)    (0.763,3)    (0.000,4)    
Total frac: 2.000
Par: 3, Rows: 1
(0.700,11)    (0.000,4)    (0.000,2)    (0.000,14)    (0.000,12)    (0.000,13)    (0.000,8)    (0.000,6)    (0.237,9)    (0.300,7)    (0.763,3)    (0.000,10)    (0.000,0)    
Total frac: 2.000

Sketch (28) (cm: eps0: 0.000625, del0: 0.05, min_mem: 16.9921875)
Par: 1, Rows: 1
(1.000,14)    (0.000,4)    (0.000,6)    (0.000,3)    (0.000,13)    (0.000,12)    (0.000,10)    (0.000,11)    (0.000,9)    (0.000,8)    (0.000,1)    (0.000,0)    
Total frac: 1.000
Par: 2, Rows: 1
(0.000,3)    (0.000,13)    (0.000,0)    (1.000,14)    (0.000,4)    (0.000,11)    (0.000,6)    (0.000,9)    (0.000,12)    (0.000,10)    (0.000,8)    (0.000,1)    
Total frac: 1.000
Par: 3, Rows: 1
(0.000,10)    (0.000,9)    (0.000,0)    (0.000,4)    (0.000,3)    (0.000,12)    (0.000,1)    (1.000,14)    (0.000,11)    (0.000,8)    (0.000,6)    (0.000,13)    
Total frac: 1.000

Sketch (29) (cm: eps0: 0.000625, del0: 0.05, min_mem: 16.9921875)
Par: 1, Rows: 1
(0.000,8)    (0.000,6)    (0.100,9)    (0.000,10)    (0.900,3)    (0.000,0)    (0.000,4)    (0.000,5)    (0.000,11)    (0.000,2)    (0.000,12)    (0.374,13)    (0.526,14)    
Total frac: 1.900
Par: 2, Rows: 1
(0.100,9)    (0.000,10)    (0.000,8)    (0.000,2)    (0.000,0)    (0.000,6)    (0.526,14)    (0.374,13)    (0.000,11)    (0.000,12)    (0.000,5)    (0.900,3)    (0.000,4)    
Total frac: 1.900
Par: 3, Rows: 1
(0.000,10)    (0.000,8)    (0.000,2)    (0.000,0)    (0.374,13)    (0.000,11)    (0.000,5)    (0.000,6)    (0.900,3)    (0.526,14)    (0.000,12)    (0.100,9)    (0.000,4)    
Total frac: 1.900

Sketch (30) (cm: eps0: 0.000625, del0: 0.05, min_mem: 16.9921875)
Par: 1, Rows: 1
(0.900,11)    (0.000,12)    (0.000,4)    (0.000,6)    (0.000,14)    (0.000,13)    (0.000,8)    (0.674,0)    (0.000,7)    (0.226,9)    (0.000,10)    (0.000,1)    (0.000,2)    
Total frac: 1.800
Par: 2, Rows: 1
(0.000,2)    (0.000,12)    (0.000,13)    (0.000,4)    (0.000,6)    (0.000,14)    (0.000,7)    (0.000,8)    (0.226,9)    (0.674,0)    (0.000,1)    (0.900,11)    (0.000,10)    
Total frac: 1.800
Par: 3, Rows: 1
(0.000,6)    (0.000,13)    (0.000,12)    (0.000,14)    (0.000,4)    (0.900,11)    (0.000,10)    (0.000,2)    (0.226,9)    (0.000,8)    (0.000,1)    (0.000,7)    (0.674,0)    
Total frac: 1.800

Sketch (31) (cm: eps0: 0.000625, del0: 0.05, min_mem: 16.9921875)
Par: 1, Rows: 1
(0.100,11)    (0.000,3)    (0.900,12)    (0.000,14)    (0.000,9)    (0.000,1)    (0.000,7)    (0.000,2)    (0.000,8)    (0.000,13)    (0.000,0)    
Total frac: 1.000
Par: 2, Rows: 1
(0.000,8)    (0.000,7)    (0.000,0)    (0.000,2)    (0.000,9)    (0.900,12)    (0.000,1)    (0.100,11)    (0.000,3)    (0.000,13)    (0.000,14)    
Total frac: 1.000
Par: 3, Rows: 1
(0.000,14)    (0.000,8)    (0.000,9)    (0.000,0)    (0.000,1)    (0.100,11)    (0.000,2)    (0.000,3)    (0.900,12)    (0.000,13)    (0.000,7)    
Total frac: 1.000

Sketch (32) (cm: eps0: 0.000625, del0: 0.05, min_mem: 16.9921875)
Par: 1, Rows: 1
(0.000,5)    (0.000,6)    (0.000,3)    (0.065,4)    (0.000,1)    (0.900,2)    (0.000,0)    (0.100,14)    (0.000,13)    (0.600,11)    (0.000,12)    (0.000,9)    (0.835,10)    (0.000,8)    
Total frac: 2.500
Par: 2, Rows: 1
(0.835,10)    (0.000,8)    (0.000,5)    (0.000,3)    (0.000,1)    (0.000,6)    (0.065,4)    (0.900,2)    (0.000,13)    (0.000,0)    (0.600,11)    (0.100,14)    (0.000,9)    (0.000,12)    
Total frac: 2.500
Par: 3, Rows: 1
(0.000,6)    (0.600,11)    (0.000,12)    (0.000,1)    (0.900,2)    (0.000,8)    (0.100,14)    (0.000,13)    (0.000,9)    (0.835,10)    (0.000,3)    (0.065,4)    (0.000,0)    (0.000,5)    
Total frac: 2.500

Sketch (33) (cm: eps0: 0.000625, del0: 0.05, min_mem: 16.9921875)
Par: 1, Rows: 1
(0.000,6)    (0.000,12)    (0.000,2)    (0.000,13)    (0.000,8)    (0.100,14)    (0.700,9)    (0.000,3)    (0.000,10)    (0.000,5)    (0.800,11)    (0.000,1)    
Total frac: 1.600
Par: 2, Rows: 1
(0.100,14)    (0.000,13)    (0.000,12)    (0.000,10)    (0.800,11)    (0.700,9)    (0.000,8)    (0.000,5)    (0.000,2)    (0.000,6)    (0.000,3)    (0.000,1)    
Total frac: 1.600
Par: 3, Rows: 1
(0.000,13)    (0.000,6)    (0.800,11)    (0.100,14)    (0.700,9)    (0.000,12)    (0.000,10)    (0.000,5)    (0.000,8)    (0.000,3)    (0.000,1)    (0.000,2)    
Total frac: 1.600

Sketch (34) (cm: eps0: 0.000625, del0: 0.05, min_mem: 16.9921875)
Par: 1, Rows: 1
(0.000,4)    (0.000,9)    (0.000,3)    (0.000,5)    (0.000,12)    (0.000,2)    (0.900,14)    (0.000,13)    (0.000,10)    
Total frac: 0.900
Par: 2, Rows: 1
(0.000,3)    (0.000,10)    (0.000,4)    (0.000,5)    (0.000,12)    (0.000,2)    (0.000,13)    (0.900,14)    (0.000,9)    
Total frac: 0.900
Par: 3, Rows: 1
(0.000,10)    (0.000,2)    (0.000,5)    (0.000,3)    (0.000,4)    (0.000,13)    (0.000,12)    (0.900,14)    (0.000,9)    
Total frac: 0.900

Sketch (35) (cm: eps0: 0.000625, del0: 0.05, min_mem: 16.9921875)
Par: 1, Rows: 1
(0.100,1)    (0.400,10)    (0.600,8)    (0.000,5)    (0.000,13)    (0.000,0)    (0.000,11)    (0.000,4)    (0.000,12)    (0.000,14)    (0.300,7)    
Total frac: 1.400
Par: 2, Rows: 1
(0.000,5)    (0.000,13)    (0.300,7)    (0.600,8)    (0.000,14)    (0.000,0)    (0.400,10)    (0.000,4)    (0.000,11)    (0.000,12)    (0.100,1)    
Total frac: 1.400
Par: 3, Rows: 1
(0.000,12)    (0.000,13)    (0.300,7)    (0.600,8)    (0.000,14)    (0.000,0)    (0.000,11)    (0.100,1)    (0.400,10)    (0.000,4)    (0.000,5)    
Total frac: 1.400

Sketch (36) (cm: eps0: 0.000625, del0: 0.05, min_mem: 16.9921875)
Par: 1, Rows: 1
(1.000,13)    (0.000,3)    (0.000,12)    (0.000,11)    (0.000,14)    (0.000,10)    (0.000,7)    (0.000,9)    (0.000,8)    (0.000,6)    (0.000,1)    (0.000,5)    (0.000,0)    (0.000,4)    
Total frac: 1.000
Par: 2, Rows: 1
(0.000,0)    (0.000,11)    (0.000,4)    (0.000,12)    (0.000,7)    (0.000,14)    (0.000,9)    (0.000,10)    (0.000,1)    (0.000,5)    (0.000,8)    (1.000,13)    (0.000,6)    (0.000,3)    
Total frac: 1.000
Par: 3, Rows: 1
(0.000,10)    (0.000,0)    (0.000,4)    (0.000,9)    (0.000,3)    (0.000,12)    (0.000,6)    (0.000,11)    (0.000,1)    (0.000,5)    (1.000,13)    (0.000,7)    (0.000,8)    (0.000,14)    
Total frac: 1.000

Sketch (37) (cm: eps0: 0.000625, del0: 0.05, min_mem: 16.9921875)
Par: 1, Rows: 1
(0.000,8)    (0.000,14)    (0.000,9)    (0.000,3)    (0.000,10)    (0.000,0)    (0.000,11)    (0.000,4)    (0.700,1)    (0.000,5)    (0.200,12)    (0.800,13)    (0.000,6)    (0.000,7)    
Total frac: 1.700
Par: 2, Rows: 1
(0.000,3)    (0.000,4)    (0.800,13)    (0.000,11)    (0.200,12)    (0.000,9)    (0.000,10)    (0.000,8)    (0.700,1)    (0.000,0)    (0.000,14)    (0.000,7)    (0.000,5)    (0.000,6)    
Total frac: 1.700
Par: 3, Rows: 1
(0.000,6)    (0.000,4)    (0.800,13)    (0.000,11)    (0.000,9)    (0.700,1)    (0.200,12)    (0.000,10)    (0.000,8)    (0.000,7)    (0.000,5)    (0.000,3)    (0.000,0)    (0.000,14)    
Total frac: 1.700

Sketch (38) (cm: eps0: 0.000625, del0: 0.05, min_mem: 16.9921875)
Par: 1, Rows: 1
(0.000,0)    (0.000,13)    (0.000,9)    (0.000,10)    (0.000,3)    (0.000,4)    (0.000,1)    (0.000,2)    (0.000,14)    (0.000,5)    (0.000,12)    (1.000,8)    
Total frac: 1.000
Par: 2, Rows: 1
(1.000,8)    (0.000,9)    (0.000,3)    (0.000,0)    (0.000,1)    (0.000,10)    (0.000,4)    (0.000,5)    (0.000,2)    (0.000,14)    (0.000,12)    (0.000,13)    
Total frac: 1.000
Par: 3, Rows: 1
(0.000,9)    (0.000,2)    (1.000,8)    (0.000,1)    (0.000,0)    (0.000,5)    (0.000,14)    (0.000,4)    (0.000,3)    (0.000,13)    (0.000,12)    (0.000,10)    
Total frac: 1.000

Sketch (39) (cm: eps0: 0.000625, del0: 0.05, min_mem: 16.9921875)
Par: 1, Rows: 1
(0.200,12)    (0.200,10)    (0.000,1)    (0.000,7)    (0.000,5)    (0.000,2)    (0.600,8)    (0.000,0)    (0.000,14)    (0.000,4)    (0.000,13)    (0.000,6)    (0.800,11)    (0.000,9)    
Total frac: 1.800
Par: 2, Rows: 1
(0.000,5)    (0.000,14)    (0.200,12)    (0.000,6)    (0.800,11)    (0.600,8)    (0.000,13)    (0.000,7)    (0.000,0)    (0.200,10)    (0.000,4)    (0.000,9)    (0.000,2)    (0.000,1)    
Total frac: 1.800
Par: 3, Rows: 1
(0.800,11)    (0.000,14)    (0.200,12)    (0.000,13)    (0.000,6)    (0.000,7)    (0.600,8)    (0.000,9)    (0.000,0)    (0.200,10)    (0.000,1)    (0.000,4)    (0.000,5)    (0.000,2)    
Total frac: 1.800

Sketch (40) (cm: eps0: 0.000625, del0: 0.05, min_mem: 16.9921875)
Par: 1, Rows: 1
(0.000,5)    (0.000,3)    (0.000,4)    (0.000,13)    (0.000,11)    (0.000,12)    (0.000,1)    (0.000,2)    (0.900,9)    (0.000,10)    (0.000,7)    (1.000,8)    (0.000,6)    (0.000,14)    
Total frac: 1.900
Par: 2, Rows: 1
(0.000,3)    (0.000,13)    (0.000,14)    (0.000,11)    (0.000,4)    (0.000,1)    (0.000,12)    (0.900,9)    (0.000,7)    (0.000,2)    (0.000,10)    (1.000,8)    (0.000,5)    (0.000,6)    
Total frac: 1.900
Par: 3, Rows: 1
(0.000,7)    (1.000,8)    (0.000,1)    (0.000,2)    (0.900,9)    (0.000,10)    (0.000,3)    (0.000,4)    (0.000,6)    (0.000,11)    (0.000,12)    (0.000,14)    (0.000,5)    (0.000,13)    
Total frac: 1.900

Sketch (41) (cm: eps0: 0.000625, del0: 0.05, min_mem: 16.9921875)
Par: 1, Rows: 1
(0.000,0)    (0.000,1)    (0.100,8)    (0.000,9)    (0.000,3)    (0.000,2)    (0.800,11)    (0.100,10)    (0.000,4)    (0.000,5)    (0.000,6)    (0.800,12)    (0.000,13)    (0.000,14)    (0.000,7)    
Total frac: 1.800
Par: 2, Rows: 1
(0.000,1)    (0.100,10)    (0.000,7)    (0.000,0)    (0.000,9)    (0.100,8)    (0.000,6)    (0.000,5)    (0.000,14)    (0.000,4)    (0.000,13)    (0.000,3)    (0.800,12)    (0.800,11)    (0.000,2)    
Total frac: 1.800
Par: 3, Rows: 1
(0.000,7)    (0.000,9)    (0.000,2)    (0.100,10)    (0.000,0)    (0.000,5)    (0.100,8)    (0.000,13)    (0.000,6)    (0.000,3)    (0.000,14)    (0.800,11)    (0.000,4)    (0.800,12)    (0.000,1)    
Total frac: 1.800

Sketch (42) (cm: eps0: 0.000625, del0: 0.05, min_mem: 16.9921875)
Par: 1, Rows: 1
(0.000,3)    (0.575,12)    (0.200,6)    (0.000,11)    (0.000,5)    (0.000,14)    (0.225,13)    (0.000,7)    (0.000,0)    (0.325,8)    (0.000,2)    (0.000,1)    (0.575,10)    (0.000,4)    (0.000,9)    
Total frac: 1.900
Par: 2, Rows: 1
(0.000,11)    (0.000,4)    (0.000,5)    (0.575,12)    (0.225,13)    (0.200,6)    (0.000,7)    (0.000,14)    (0.000,0)    (0.000,1)    (0.325,8)    (0.000,9)    (0.000,2)    (0.000,3)    (0.575,10)    
Total frac: 1.900
Par: 3, Rows: 1
(0.575,10)    (0.000,7)    (0.000,3)    (0.000,5)    (0.000,1)    (0.000,11)    (0.225,13)    (0.000,9)    (0.000,4)    (0.200,6)    (0.000,0)    (0.000,2)    (0.575,12)    (0.000,14)    (0.325,8)    
Total frac: 1.900

Sketch (43) (cm: eps0: 0.000625, del0: 0.05, min_mem: 16.9921875)
Par: 1, Rows: 1
(0.000,12)    (0.500,3)    (0.000,14)    (0.000,5)    (0.000,8)    (0.700,10)    (0.000,1)    (0.000,13)    (0.000,9)    (0.000,4)    (0.200,2)    
Total frac: 1.400
Par: 2, Rows: 1
(0.000,1)    (0.000,13)    (0.000,12)    (0.000,9)    (0.000,8)    (0.500,3)    (0.200,2)    (0.000,14)    (0.700,10)    (0.000,5)    (0.000,4)    
Total frac: 1.400
Par: 3, Rows: 1
(0.000,13)    (0.000,4)    (0.000,9)    (0.000,12)    (0.500,3)    (0.000,8)    (0.200,2)    (0.000,14)    (0.000,5)    (0.700,10)    (0.000,1)    
Total frac: 1.400

Sketch (44) (cm: eps0: 0.000625, del0: 0.05, min_mem: 16.9921875)
Par: 1, Rows: 1
(0.000,4)    (0.000,6)    (0.000,12)    (0.000,0)    (0.900,10)    (0.000,7)    (0.100,14)    (0.000,8)    (0.000,5)    (0.000,13)    (0.000,1)    (0.000,11)    
Total frac: 1.000
Par: 2, Rows: 1
(0.000,4)    (0.000,7)    (0.000,6)    (0.000,12)    (0.000,0)    (0.000,5)    (0.900,10)    (0.100,14)    (0.000,8)    (0.000,13)    (0.000,1)    (0.000,11)    
Total frac: 1.000
Par: 3, Rows: 1
(0.900,10)    (0.100,14)    (0.000,11)    (0.000,5)    (0.000,4)    (0.000,13)    (0.000,12)    (0.000,1)    (0.000,0)    (0.000,7)    (0.000,8)    (0.000,6)    
Total frac: 1.000

Sketch (45) (cm: eps0: 0.000625, del0: 0.05, min_mem: 16.9921875)
Par: 1, Rows: 1
(0.000,2)    (0.837,11)    (0.163,5)    (0.000,10)    (0.000,14)    (0.000,13)    (0.000,1)    (0.000,7)    (1.000,9)    (0.000,12)    (0.000,3)    (0.000,8)    
Total frac: 2.000
Par: 2, Rows: 1
(0.000,14)    (0.000,8)    (0.000,1)    (0.000,10)    (0.837,11)    (0.000,13)    (0.000,3)    (0.163,5)    (0.000,2)    (1.000,9)    (0.000,12)    (0.000,7)    
Total frac: 2.000
Par: 3, Rows: 1
(0.000,1)    (0.837,11)    (0.000,13)    (0.000,3)    (0.000,14)    (0.163,5)    (0.000,8)    (0.000,10)    (1.000,9)    (0.000,7)    (0.000,2)    (0.000,12)    
Total frac: 2.000

Sketch (46) (cm: eps0: 0.000625, del0: 0.05, min_mem: 16.9921875)
Par: 1, Rows: 1
(0.000,12)    (0.000,5)    (0.000,7)    (0.000,6)    (0.000,2)    (0.700,9)    (0.000,8)    (0.000,11)    (0.000,3)    (0.000,14)    (0.000,1)    (0.100,10)    (0.000,0)    (0.900,13)    
Total frac: 1.700
Par: 2, Rows: 1
(0.100,10)    (0.000,0)    (0.000,7)    (0.000,12)    (0.700,9)    (0.000,6)    (0.000,11)    (0.000,3)    (0.000,2)    (0.000,8)    (0.000,1)    (0.900,13)    (0.000,14)    (0.000,5)    
Total frac: 1.700
Par: 3, Rows: 1
(0.000,2)    (0.000,6)    (0.000,12)    (0.000,0)    (0.700,9)    (0.000,7)    (0.100,10)    (0.000,14)    (0.900,13)    (0.000,8)    (0.000,1)    (0.000,5)    (0.000,11)    (0.000,3)    
Total frac: 1.700

Sketch (47) (cm: eps0: 0.000625, del0: 0.05, min_mem: 16.9921875)
Par: 1, Rows: 1
(0.000,9)    (0.413,7)    (0.000,12)    (0.189,0)    (0.198,4)    (0.000,13)    (0.000,1)    (0.000,5)    (0.000,11)    (0.389,10)    (0.000,3)    (0.000,14)    (0.511,8)    
Total frac: 1.700
Par: 2, Rows: 1
(0.511,8)    (0.000,11)    (0.000,3)    (0.389,10)    (0.000,14)    (0.000,13)    (0.000,12)    (0.000,1)    (0.189,0)    (0.000,5)    (0.198,4)    (0.413,7)    (0.000,9)    
Total frac: 1.700
Par: 3, Rows: 1
(0.000,3)    (0.511,8)    (0.000,13)    (0.000,1)    (0.000,5)    (0.389,10)    (0.413,7)    (0.000,14)    (0.000,12)    (0.189,0)    (0.198,4)    (0.000,9)    (0.000,11)    
Total frac: 1.700

Sketch (48) (cm: eps0: 0.000625, del0: 0.05, min_mem: 16.9921875)
Par: 1, Rows: 1
(0.000,0)    (0.000,11)    (1.000,13)    (0.000,14)    (0.000,9)    (0.000,6)    (0.000,12)    (0.000,1)    (1.000,8)    (0.000,10)    (0.000,3)    (0.000,5)    
Total frac: 2.000
Par: 2, Rows: 1
(0.000,9)    (0.000,0)    (0.000,14)    (0.000,1)    (0.000,6)    (0.000,12)    (0.000,3)    (0.000,5)    (1.000,8)    (0.000,10)    (0.000,11)    (1.000,13)    
Total frac: 2.000
Par: 3, Rows: 1
(0.000,6)    (0.000,3)    (0.000,1)    (0.000,0)    (0.000,11)    (0.000,10)    (0.000,5)    (1.000,13)    (0.000,12)    (0.000,14)    (0.000,9)    (1.000,8)    
Total frac: 2.000

Sketch (49) (cm: eps0: 0.000625, del0: 0.05, min_mem: 16.9921875)
Par: 1, Rows: 1
(0.100,14)    (0.300,8)    (0.000,1)    (0.000,6)    (0.000,11)    (0.000,10)    (0.000,13)    (0.000,4)    (0.000,9)    (0.000,7)    (0.000,2)    (0.600,12)    
Total frac: 1.000
Par: 2, Rows: 1
(0.000,10)    (0.000,7)    (0.000,1)    (0.300,8)    (0.000,2)    (0.000,13)    (0.000,11)    (0.000,4)    (0.100,14)    (0.000,9)    (0.000,6)    (0.600,12)    
Total frac: 1.000
Par: 3, Rows: 1
(0.000,7)    (0.000,1)    (0.000,6)    (0.600,12)    (0.000,10)    (0.300,8)    (0.000,13)    (0.000,11)    (0.000,2)    (0.000,9)    (0.000,4)    (0.100,14)    
Total frac: 1.000

Sketch (50) (cm: eps0: 0.000625, del0: 0.05, min_mem: 16.9921875)
Par: 1, Rows: 1
(0.000,5)    (0.000,4)    (0.000,2)    (0.300,13)    (0.700,12)    (0.174,7)    (0.000,14)    (0.000,9)    (0.000,8)    (0.000,6)    (0.000,3)    (0.000,10)    (0.000,1)    (0.000,0)    (0.426,11)    
Total frac: 1.600
Par: 2, Rows: 1
(0.000,0)    (0.300,13)    (0.000,4)    (0.174,7)    (0.000,2)    (0.000,9)    (0.700,12)    (0.000,3)    (0.000,14)    (0.000,8)    (0.000,1)    (0.000,6)    (0.426,11)    (0.000,5)    (0.000,10)    
Total frac: 1.600
Par: 3, Rows: 1
(0.000,3)    (0.000,5)    (0.000,6)    (0.000,14)    (0.000,9)    (0.700,12)    (0.000,1)    (0.000,4)    (0.174,7)    (0.000,8)    (0.000,10)    (0.000,0)    (0.426,11)    (0.000,2)    (0.300,13)    
Total frac: 1.600

Sketch (51) (cm: eps0: 0.000625, del0: 0.05, min_mem: 16.9921875)
Par: 1, Rows: 1
(0.000,0)    (0.000,2)    (0.000,9)    (0.000,1)    (0.000,6)    (0.600,14)    (0.300,12)    (0.000,11)    (0.000,13)    (0.000,3)    (0.700,8)    
Total frac: 1.600
Par: 2, Rows: 1
(0.600,14)    (0.000,9)    (0.700,8)    (0.000,1)    (0.000,0)    (0.000,11)    (0.000,3)    (0.000,2)    (0.000,13)    (0.300,12)    (0.000,6)    
Total frac: 1.600
Par: 3, Rows: 1
(0.000,1)    (0.000,6)    (0.000,11)    (0.000,3)    (0.600,14)    (0.700,8)    (0.000,0)    (0.000,13)    (0.000,2)    (0.300,12)    (0.000,9)    
Total frac: 1.600

Sketch (52) (cm: eps0: 0.000625, del0: 0.05, min_mem: 16.9921875)
Par: 1, Rows: 1
(0.000,7)    (0.000,10)    (0.000,2)    (0.000,13)    (0.000,8)    (0.100,5)    (0.000,0)    (0.000,11)    (0.000,3)    (0.000,12)    (0.000,4)    (0.900,14)    (0.000,9)    
Total frac: 1.000
Par: 2, Rows: 1
(0.000,4)    (0.900,14)    (0.000,13)    (0.100,5)    (0.000,11)    (0.000,10)    (0.000,3)    (0.000,2)    (0.000,8)    (0.000,0)    (0.000,9)    (0.000,7)    (0.000,12)    
Total frac: 1.000
Par: 3, Rows: 1
(0.000,10)    (0.000,2)    (0.000,13)    (0.000,12)    (0.100,5)    (0.000,4)    (0.000,7)    (0.900,14)    (0.000,9)    (0.000,8)    (0.000,0)    (0.000,11)    (0.000,3)    
Total frac: 1.000

Sketch (53) (cm: eps0: 0.000625, del0: 0.05, min_mem: 16.9921875)
Par: 1, Rows: 1
(0.000,7)    (0.000,12)    (0.000,9)    (0.000,1)    (0.532,6)    (0.468,11)    (0.000,3)    (0.800,8)    (0.000,0)    
Total frac: 1.800
Par: 2, Rows: 1
(0.468,11)    (0.532,6)    (0.000,0)    (0.000,9)    (0.000,7)    (0.000,12)    (0.000,3)    (0.800,8)    (0.000,1)    
Total frac: 1.800
Par: 3, Rows: 1
(0.000,9)    (0.532,6)    (0.000,0)    (0.000,7)    (0.000,3)    (0.000,1)    (0.000,12)    (0.800,8)    (0.468,11)    
Total frac: 1.800

Sketch (54) (cm: eps0: 0.000625, del0: 0.05, min_mem: 16.9921875)
Par: 1, Rows: 1
(0.300,14)    (0.000,11)    (0.000,5)    (0.000,4)    (0.000,10)    (0.000,0)    (0.000,7)    (0.700,13)    (0.000,12)    (0.000,6)    (0.000,3)    (0.000,9)    (0.000,8)    
Total frac: 1.000
Par: 2, Rows: 1
(0.000,8)    (0.300,14)    (0.000,11)    (0.000,5)    (0.000,4)    (0.000,10)    (0.000,0)    (0.000,7)    (0.700,13)    (0.000,3)    (0.000,9)    (0.000,12)    (0.000,6)    
Total frac: 1.000
Par: 3, Rows: 1
(0.000,5)    (0.000,10)    (0.000,3)    (0.000,8)    (0.000,4)    (0.700,13)    (0.000,11)    (0.000,6)    (0.000,0)    (0.000,9)    (0.000,7)    (0.300,14)    (0.000,12)    
Total frac: 1.000

Sketch (55) (cm: eps0: 0.000625, del0: 0.05, min_mem: 16.9921875)
Par: 1, Rows: 1
(0.300,14)    (0.600,12)    (0.000,1)    (0.000,10)    (0.100,8)    (0.000,13)    (0.000,11)    (0.000,9)    (0.000,4)    (0.000,7)    (0.000,2)    (0.000,6)    (0.000,0)    (0.700,5)    (0.000,3)    
Total frac: 1.700
Par: 2, Rows: 1
(0.000,0)    (0.000,7)    (0.000,13)    (0.600,12)    (0.000,2)    (0.000,6)    (0.000,3)    (0.000,9)    (0.100,8)    (0.300,14)    (0.700,5)    (0.000,4)    (0.000,10)    (0.000,11)    (0.000,1)    
Total frac: 1.700
Par: 3, Rows: 1
(0.000,7)    (0.000,13)    (0.000,0)    (0.000,3)    (0.000,9)    (0.600,12)    (0.000,2)    (0.000,6)    (0.700,5)    (0.100,8)    (0.300,14)    (0.000,11)    (0.000,1)    (0.000,4)    (0.000,10)    
Total frac: 1.700

Sketch (56) (cm: eps0: 0.000625, del0: 0.05, min_mem: 16.9921875)
Par: 1, Rows: 1
(0.000,2)    (0.900,9)    (0.000,12)    (0.000,1)    (0.000,8)    
Total frac: 0.900
Par: 2, Rows: 1
(0.000,2)    (0.900,9)    (0.000,1)    (0.000,12)    (0.000,8)    
Total frac: 0.900
Par: 3, Rows: 1
(0.900,9)    (0.000,8)    (0.000,1)    (0.000,12)    (0.000,2)    
Total frac: 0.900

Sketch (57) (cm: eps0: 0.000625, del0: 0.05, min_mem: 16.9921875)
Par: 1, Rows: 1
(0.000,11)    (0.000,1)    (0.800,8)    (0.000,14)    (0.000,5)    (0.000,7)    (0.000,13)    (0.800,10)    (0.100,12)    (0.000,3)    (0.000,2)    (0.000,9)    
Total frac: 1.700
Par: 2, Rows: 1
(0.000,14)    (0.000,1)    (0.000,5)    (0.800,10)    (0.000,3)    (0.000,13)    (0.800,8)    (0.000,11)    (0.000,2)    (0.000,7)    (0.100,12)    (0.000,9)    
Total frac: 1.700
Par: 3, Rows: 1
(0.000,5)    (0.000,3)    (0.000,14)    (0.000,13)    (0.000,11)    (0.800,10)    (0.800,8)    (0.000,7)    (0.000,2)    (0.000,9)    (0.100,12)    (0.000,1)    
Total frac: 1.700

Sketch (58) (cm: eps0: 0.000625, del0: 0.05, min_mem: 16.9921875)
Par: 1, Rows: 1
(0.800,7)    (0.000,13)    (0.000,12)    (0.000,2)    (0.000,6)    (0.000,3)    (0.000,9)    (0.200,8)    (0.000,11)    (0.000,14)    (0.700,1)    (0.000,0)    
Total frac: 1.700
Par: 2, Rows: 1
(0.000,0)    (0.000,12)    (0.000,2)    (0.000,6)    (0.000,3)    (0.000,9)    (0.000,11)    (0.700,1)    (0.200,8)    (0.800,7)    (0.000,14)    (0.000,13)    
Total frac: 1.700
Par: 3, Rows: 1
(0.700,1)    (0.800,7)    (0.000,12)    (0.000,3)    (0.200,8)    (0.000,0)    (0.000,2)    (0.000,14)    (0.000,11)    (0.000,13)    (0.000,6)    (0.000,9)    
Total frac: 1.700

Sketch (59) (cm: eps0: 0.000625, del0: 0.05, min_mem: 16.9921875)
Par: 1, Rows: 1
(0.000,3)    (0.000,5)    (0.000,12)    (0.200,8)    (0.900,10)    (0.000,11)    (0.000,0)    (0.100,13)    (0.000,2)    (0.700,9)    (0.000,14)    (0.000,4)    (0.500,1)    (0.000,7)    
Total frac: 2.400
Par: 2, Rows: 1
(0.000,5)    (0.000,4)    (0.900,10)    (0.000,2)    (0.000,14)    (0.000,7)    (0.100,13)    (0.000,12)    (0.000,3)    (0.700,9)    (0.200,8)    (0.500,1)    (0.000,0)    (0.000,11)    
Total frac: 2.400
Par: 3, Rows: 1
(0.000,4)    (0.900,10)    (0.000,7)    (0.100,13)    (0.000,2)    (0.000,3)    (0.700,9)    (0.000,14)    (0.500,1)    (0.000,12)    (0.200,8)    (0.000,11)    (0.000,5)    (0.000,0)    
Total frac: 2.400

Sketch (60) (cm: eps0: 0.000625, del0: 0.05, min_mem: 16.9921875)
Par: 1, Rows: 1
(0.000,4)    (0.700,13)    (0.100,14)    (0.000,11)    (0.000,6)    (0.000,9)    (0.000,1)    (0.000,12)    (0.000,5)    (0.200,10)    (0.000,8)    (0.000,2)    
Total frac: 1.000
Par: 2, Rows: 1
(0.000,8)    (0.700,13)    (0.000,2)    (0.000,11)    (0.000,9)    (0.000,4)    (0.100,14)    (0.000,1)    (0.000,6)    (0.000,5)    (0.000,12)    (0.200,10)    
Total frac: 1.000
Par: 3, Rows: 1
(0.000,6)    (0.000,9)    (0.000,8)    (0.000,1)    (0.000,5)    (0.000,4)    (0.200,10)    (0.000,11)    (0.000,2)    (0.700,13)    (0.000,12)    (0.100,14)    
Total frac: 1.000

Sketch (61) (cm: eps0: 0.000625, del0: 0.05, min_mem: 16.9921875)
Par: 1, Rows: 1
(0.000,9)    (0.000,12)    (0.000,14)    (0.000,1)    (0.100,5)    (0.000,8)    (0.000,11)    (0.900,0)    (0.000,4)    (0.900,10)    (0.000,7)    (0.000,13)    (0.700,2)    (0.000,3)    
Total frac: 2.600
Par: 2, Rows: 1
(0.000,9)    (0.000,12)    (0.900,0)    (0.700,2)    (0.000,3)    (0.100,5)    (0.000,8)    (0.900,10)    (0.000,11)    (0.000,13)    (0.000,14)    (0.000,1)    (0.000,4)    (0.000,7)    
Total frac: 2.600
Par: 3, Rows: 1
(0.000,4)    (0.000,12)    (0.000,3)    (0.100,5)    (0.000,11)    (0.900,0)    (0.000,13)    (0.700,2)    (0.000,8)    (0.900,10)    (0.000,1)    (0.000,7)    (0.000,9)    (0.000,14)    
Total frac: 2.600

Sketch (62) (cm: eps0: 0.000625, del0: 0.05, min_mem: 16.9921875)
Par: 1, Rows: 1
(0.000,12)    (0.000,1)    (0.000,3)    (0.800,9)    (0.000,8)    
Total frac: 0.800
Par: 2, Rows: 1
(0.000,1)    (0.000,12)    (0.000,3)    (0.800,9)    (0.000,8)    
Total frac: 0.800
Par: 3, Rows: 1
(0.000,8)    (0.000,1)    (0.000,12)    (0.800,9)    (0.000,3)    
Total frac: 0.800

Sketch (63) (cm: eps0: 0.000625, del0: 0.05, min_mem: 16.9921875)
Par: 1, Rows: 1
(0.000,0)    (0.000,10)    (0.000,8)    (0.000,7)    (0.000,9)    (0.000,4)    (0.900,14)    (0.000,12)    (0.000,3)    (0.000,13)    (0.000,2)    (0.000,11)    
Total frac: 0.900
Par: 2, Rows: 1
(0.900,14)    (0.000,0)    (0.000,3)    (0.000,9)    (0.000,8)    (0.000,11)    (0.000,2)    (0.000,4)    (0.000,10)    (0.000,7)    (0.000,13)    (0.000,12)    
Total frac: 0.900
Par: 3, Rows: 1
(0.000,3)    (0.000,9)    (0.900,14)    (0.000,11)    (0.000,0)    (0.000,8)    (0.000,7)    (0.000,13)    (0.000,2)    (0.000,4)    (0.000,10)    (0.000,12)    
Total frac: 0.900

Device (0) cpu1:
Rows total: 6.489959334712643
Mem total: 110.27860588281249

Device (1) cpu2:
Rows total: 6.489959334712643
Mem total: 110.27860588281249

Device (2) cpu3:
Rows total: 6.489959334712643
Mem total: 110.27860588281249

Device (3) cpu4:
Rows total: 6.489959334712643
Mem total: 110.27860588281249

Device (4) cpu5:
Rows total: 6.489959334712643
Mem total: 110.27860588281249

Device (5) cpu6:
Rows total: 6.489959334712643
Mem total: 110.27860588281249

Device (6) cpu7:
Rows total: 6.489959334712643
Mem total: 110.27860588281249

Device (7) cpu8:
Rows total: 6.489959334712643
Mem total: 110.27860588281249

Device (8) tor_p41:
Rows total: 33.89718933175698
Mem total: 575.9873968482143

Device (9) tor_p42:
Rows total: 33.89718933175698
Mem total: 575.9873968482143

Device (10) tor_p43:
Rows total: 33.89718933175698
Mem total: 575.9873968482143

Device (11) tor_p44:
Rows total: 33.89718933175698
Mem total: 575.9873968482143

Device (12) l1_p41:
Rows total: 33.89718933175698
Mem total: 575.9873968482143

Device (13) l1_p42:
Rows total: 33.89718933175698
Mem total: 575.9873968482143

Device (14) l2_p4:
Rows total: 33.89718933175698
Mem total: 575.9873968482143
--------------------------------------------------
Changed value of parameter NonConvex to 2
   Prev: -1  Min: -1  Max: 2  Default: -1
Changed value of parameter NonConvex to 2
   Prev: -1  Min: -1  Max: 2  Default: -1
Changed value of parameter NonConvex to 2
   Prev: -1  Min: -1  Max: 2  Default: -1
Changed value of parameter NonConvex to 2
   Prev: -1  Min: -1  Max: 2  Default: -1
Changed value of parameter NonConvex to 2
   Prev: -1  Min: -1  Max: 2  Default: -1
Changed value of parameter NonConvex to 2
   Prev: -1  Min: -1  Max: 2  Default: -1
Changed value of parameter NonConvex to 2
   Prev: -1  Min: -1  Max: 2  Default: -1
Changed value of parameter NonConvex to 2
   Prev: -1  Min: -1  Max: 2  Default: -1

Throughput: 80.0 Mpps, ns per packet: 12.5
Resources: 703.4259373219971
Used Cores: 56.0, Total CPUS: 8, Switch Memory: 4031.9117779375

Sketch (0) (cm: eps0: 0.000625, del0: 0.05, min_mem: 16.9921875)
Par: 1, Rows: 1
(0.000,9)    (0.000,4)    (0.000,0)    (0.000,14)    (0.000,12)    (0.100,10)    (0.000,8)    (0.000,7)    (0.000,5)    (0.000,3)    (0.800,13)    (0.000,11)    
Total frac: 0.900
Par: 2, Rows: 1
(0.000,4)    (0.000,0)    (0.000,7)    (0.000,14)    (0.000,5)    (0.000,12)    (0.000,3)    (0.100,10)    (0.000,8)    (0.800,13)    (0.000,11)    (0.000,9)    
Total frac: 0.900
Par: 3, Rows: 1
(0.000,3)    (0.000,14)    (0.100,10)    (0.000,11)    (0.000,5)    (0.000,4)    (0.000,0)    (0.800,13)    (0.000,12)    (0.000,9)    (0.000,8)    (0.000,7)    
Total frac: 0.900

Sketch (1) (cm: eps0: 0.000625, del0: 0.05, min_mem: 16.9921875)
Par: 1, Rows: 1
(0.000,11)    (0.000,2)    (0.200,14)    (0.000,5)    (0.000,10)    (0.000,1)    (0.000,13)    (0.000,9)    (0.900,4)    (0.000,0)    (0.800,12)    (0.000,3)    (0.000,8)    (0.000,6)    
Total frac: 1.900
Par: 2, Rows: 1
(0.000,5)    (0.000,8)    (0.000,3)    (0.000,13)    (0.000,1)    (0.000,11)    (0.000,9)    (0.900,4)    (0.000,2)    (0.000,6)    (0.800,12)    (0.000,0)    (0.000,10)    (0.200,14)    
Total frac: 1.900
Par: 3, Rows: 1
(0.000,0)    (0.000,10)    (0.200,14)    (0.000,3)    (0.000,13)    (0.000,1)    (0.000,8)    (0.000,11)    (0.000,9)    (0.900,4)    (0.000,2)    (0.000,6)    (0.000,5)    (0.800,12)    
Total frac: 1.900

Sketch (2) (cm: eps0: 0.000625, del0: 0.05, min_mem: 16.9921875)
Par: 1, Rows: 1
(0.000,13)    (0.000,12)    (0.000,9)    (0.000,7)    (0.000,2)    (0.800,6)    (0.100,14)    (0.000,11)    
Total frac: 0.900
Par: 2, Rows: 1
(0.000,9)    (0.000,7)    (0.000,12)    (0.000,2)    (0.800,6)    (0.000,11)    (0.100,14)    (0.000,13)    
Total frac: 0.900
Par: 3, Rows: 1
(0.000,2)    (0.000,9)    (0.000,12)    (0.000,7)    (0.100,14)    (0.000,13)    (0.000,11)    (0.800,6)    
Total frac: 0.900

Sketch (3) (cm: eps0: 0.000625, del0: 0.05, min_mem: 16.9921875)
Par: 1, Rows: 1
(0.537,9)    (0.163,2)    (0.000,0)    (0.100,7)    (0.000,12)    (0.163,1)    (0.000,4)    (0.000,13)    (0.000,11)    (0.073,14)    (0.000,3)    (0.000,10)    (0.463,8)    
Total frac: 1.500
Par: 2, Rows: 1
(0.000,11)    (0.000,3)    (0.073,14)    (0.163,1)    (0.000,10)    (0.000,0)    (0.000,13)    (0.000,12)    (0.000,4)    (0.100,7)    (0.163,2)    (0.537,9)    (0.463,8)    
Total frac: 1.500
Par: 3, Rows: 1
(0.000,3)    (0.463,8)    (0.163,1)    (0.000,13)    (0.073,14)    (0.000,10)    (0.000,0)    (0.100,7)    (0.000,12)    (0.537,9)    (0.000,4)    (0.000,11)    (0.163,2)    
Total frac: 1.500

Sketch (4) (cm: eps0: 0.000625, del0: 0.05, min_mem: 16.9921875)
Par: 1, Rows: 1
(0.000,10)    (0.000,14)    (0.000,13)    (0.000,1)    (0.000,5)    (0.000,8)    (0.000,11)    (0.000,3)    (0.000,2)    (0.000,6)    (0.900,12)    (0.100,0)    (0.000,9)    (0.000,4)    
Total frac: 1.000
Par: 2, Rows: 1
(0.000,13)    (0.000,1)    (0.000,5)    (0.000,10)    (0.000,11)    (0.000,14)    (0.000,3)    (0.000,8)    (0.000,9)    (0.000,2)    (0.000,6)    (0.900,12)    (0.100,0)    (0.000,4)    
Total frac: 1.000
Par: 3, Rows: 1
(0.100,0)    (0.000,4)    (0.000,2)    (0.000,6)    (0.000,9)    (0.000,8)    (0.000,11)    (0.000,3)    (0.000,10)    (0.000,14)    (0.000,13)    (0.000,1)    (0.000,5)    (0.900,12)    
Total frac: 1.000

Sketch (5) (cm: eps0: 0.000625, del0: 0.05, min_mem: 16.9921875)
Par: 1, Rows: 1
(0.000,7)    (0.000,12)    (0.000,4)    (0.000,9)    (0.000,2)    (0.000,6)    (0.000,11)    (0.000,8)    (0.900,13)    (0.000,1)    (0.000,5)    (0.000,10)    (0.100,14)    
Total frac: 1.000
Par: 2, Rows: 1
(0.000,1)    (0.000,12)    (0.000,10)    (0.000,8)    (0.000,7)    (0.000,5)    (0.000,2)    (0.900,13)    (0.000,11)    (0.100,14)    (0.000,9)    (0.000,6)    (0.000,4)    
Total frac: 1.000
Par: 3, Rows: 1
(0.000,4)    (0.000,7)    (0.000,5)    (0.000,12)    (0.000,10)    (0.000,8)    (0.900,13)    (0.000,11)    (0.000,9)    (0.000,2)    (0.100,14)    (0.000,1)    (0.000,6)    
Total frac: 1.000

Sketch (6) (cm: eps0: 0.000625, del0: 0.05, min_mem: 16.9921875)
Par: 1, Rows: 1
(0.000,5)    (0.000,4)    (0.000,2)    (0.000,13)    (0.000,14)    (0.900,12)    (0.000,9)    (0.000,8)    (0.532,6)    (0.000,7)    (0.000,3)    (0.000,1)    (0.000,10)    (0.000,0)    (0.468,11)    
Total frac: 1.900
Par: 2, Rows: 1
(0.000,10)    (0.000,0)    (0.000,13)    (0.000,9)    (0.000,4)    (0.000,2)    (0.000,7)    (0.000,14)    (0.900,12)    (0.000,3)    (0.000,1)    (0.000,8)    (0.532,6)    (0.468,11)    (0.000,5)    
Total frac: 1.900
Par: 3, Rows: 1
(0.000,13)    (0.000,0)    (0.468,11)    (0.000,14)    (0.000,9)    (0.000,4)    (0.532,6)    (0.900,12)    (0.000,10)    (0.000,1)    (0.000,7)    (0.000,5)    (0.000,8)    (0.000,2)    (0.000,3)    
Total frac: 1.900

Sketch (7) (cm: eps0: 0.000625, del0: 0.05, min_mem: 16.9921875)
Par: 1, Rows: 1
(0.900,11)    (0.000,2)    (0.700,9)    (0.000,0)    (0.000,14)    (0.800,4)    (0.000,1)    (0.000,6)    (0.000,7)    (0.000,5)    (0.000,12)    (0.200,10)    (0.000,3)    (0.000,13)    (0.000,8)    
Total frac: 2.600
Par: 2, Rows: 1
(0.000,7)    (0.000,8)    (0.000,6)    (0.000,3)    (0.200,10)    (0.000,1)    (0.000,0)    (0.000,5)    (0.900,11)    (0.800,4)    (0.000,2)    (0.000,13)    (0.000,12)    (0.000,14)    (0.700,9)    
Total frac: 2.600
Par: 3, Rows: 1
(0.000,14)    (0.000,3)    (0.000,1)    (0.000,8)    (0.000,6)    (0.000,5)    (0.900,11)    (0.200,10)    (0.000,13)    (0.000,0)    (0.800,4)    (0.000,2)    (0.700,9)    (0.000,7)    (0.000,12)    
Total frac: 2.600

Sketch (8) (cm: eps0: 0.000625, del0: 0.05, min_mem: 16.9921875)
Par: 1, Rows: 1
(0.100,4)    (0.000,7)    (0.900,10)    (0.000,8)    (0.000,2)    (0.000,13)    (0.000,0)    (0.100,11)    (0.000,5)    (0.000,3)    (0.100,14)    (0.700,9)    (0.000,12)    
Total frac: 1.900
Par: 2, Rows: 1
(0.000,7)    (0.000,12)    (0.100,4)    (0.000,13)    (0.100,11)    (0.000,5)    (0.000,3)    (0.900,10)    (0.000,8)    (0.000,2)    (0.000,0)    (0.700,9)    (0.100,14)    
Total frac: 1.900
Par: 3, Rows: 1
(0.900,10)    (0.000,2)    (0.000,13)    (0.000,5)    (0.000,12)    (0.100,4)    (0.000,7)    (0.100,14)    (0.700,9)    (0.000,8)    (0.000,0)    (0.100,11)    (0.000,3)    
Total frac: 1.900

Sketch (9) (cm: eps0: 0.000625, del0: 0.05, min_mem: 16.9921875)
Par: 1, Rows: 1
(0.000,5)    (0.000,10)    (0.000,2)    (0.000,7)    (0.000,12)    (0.000,9)    (0.000,4)    (0.000,1)    (0.000,6)    (0.000,11)    (1.000,14)    (0.000,3)    (0.000,8)    (0.000,13)    
Total frac: 1.000
Par: 2, Rows: 1
(0.000,11)    (0.000,3)    (0.000,6)    (0.000,12)    (1.000,14)    (0.000,9)    (0.000,4)    (0.000,1)    (0.000,7)    (0.000,10)    (0.000,2)    (0.000,13)    (0.000,5)    (0.000,8)    
Total frac: 1.000
Par: 3, Rows: 1
(0.000,8)    (0.000,9)    (0.000,1)    (0.000,6)    (0.000,7)    (0.000,12)    (1.000,14)    (0.000,4)    (0.000,13)    (0.000,5)    (0.000,10)    (0.000,11)    (0.000,2)    (0.000,3)    
Total frac: 1.000

Sketch (10) (cm: eps0: 0.000625, del0: 0.05, min_mem: 16.9921875)
Par: 1, Rows: 1
(0.000,14)    (0.000,9)    (0.000,1)    (0.000,8)    (0.800,11)    (0.000,2)    (0.000,13)    (1.000,12)    (0.000,7)    (0.000,6)    
Total frac: 1.800
Par: 2, Rows: 1
(0.000,1)    (0.000,6)    (0.800,11)    (0.000,14)    (0.000,8)    (0.000,13)    (0.000,2)    (0.000,7)    (1.000,12)    (0.000,9)    
Total frac: 1.800
Par: 3, Rows: 1
(1.000,12)    (0.000,8)    (0.000,1)    (0.000,13)    (0.000,6)    (0.800,11)    (0.000,9)    (0.000,2)    (0.000,14)    (0.000,7)    
Total frac: 1.800

Sketch (11) (cm: eps0: 0.000625, del0: 0.05, min_mem: 16.9921875)
Par: 1, Rows: 1
(0.000,1)    (0.000,12)    (0.000,10)    (0.000,8)    (0.900,13)    (0.000,11)    (0.800,9)    (0.000,6)    (0.100,4)    (0.200,2)    (0.000,0)    (0.000,7)    (0.000,14)    (0.000,5)    (0.000,3)    
Total frac: 2.000
Par: 2, Rows: 1
(0.900,13)    (0.000,6)    (0.000,7)    (0.000,12)    (0.800,9)    (0.200,2)    (0.000,3)    (0.000,8)    (0.000,14)    (0.000,5)    (0.000,10)    (0.000,11)    (0.100,4)    (0.000,1)    (0.000,0)    
Total frac: 2.000
Par: 3, Rows: 1
(0.100,4)    (0.900,13)    (0.000,0)    (0.000,7)    (0.800,9)    (0.000,3)    (0.000,6)    (0.000,12)    (0.200,2)    (0.000,8)    (0.000,14)    (0.000,5)    (0.000,11)    (0.000,1)    (0.000,10)    
Total frac: 2.000

Sketch (12) (cm: eps0: 0.000625, del0: 0.05, min_mem: 16.9921875)
Par: 1, Rows: 1
(0.000,2)    (0.000,6)    (0.000,11)    (0.700,9)    (0.000,0)    (1.000,14)    (0.000,7)    (0.000,12)    (0.000,5)    (0.000,10)    (0.000,3)    (0.000,8)    (0.000,13)    
Total frac: 1.700
Par: 2, Rows: 1
(0.700,9)    (0.000,2)    (0.000,6)    (0.000,7)    (0.000,5)    (0.000,0)    (1.000,14)    (0.000,3)    (0.000,12)    (0.000,10)    (0.000,13)    (0.000,8)    (0.000,11)    
Total frac: 1.700
Par: 3, Rows: 1
(0.000,8)    (1.000,14)    (0.000,5)    (0.000,10)    (0.000,11)    (0.000,0)    (0.000,13)    (0.000,7)    (0.000,12)    (0.000,2)    (0.000,6)    (0.700,9)    (0.000,3)    
Total frac: 1.700

Sketch (13) (cm: eps0: 0.000625, del0: 0.05, min_mem: 16.9921875)
Par: 1, Rows: 1
(0.000,5)    (0.000,8)    (0.000,14)    (0.000,11)    (0.000,1)    (0.000,10)    (0.000,4)    (1.000,13)    (0.000,7)    (0.000,0)    (0.000,9)    (0.000,3)    (0.000,12)    (0.000,2)    
Total frac: 1.000
Par: 2, Rows: 1
(0.000,1)    (0.000,5)    (0.000,10)    (0.000,3)    (0.000,8)    (1.000,13)    (0.000,11)    (0.000,2)    (0.000,0)    (0.000,4)    (0.000,9)    (0.000,7)    (0.000,12)    (0.000,14)    
Total frac: 1.000
Par: 3, Rows: 1
(0.000,12)    (0.000,14)    (0.000,5)    (0.000,3)    (1.000,13)    (0.000,11)    (0.000,10)    (0.000,8)    (0.000,2)    (0.000,9)    (0.000,0)    (0.000,7)    (0.000,1)    (0.000,4)    
Total frac: 1.000

Sketch (14) (cm: eps0: 0.000625, del0: 0.05, min_mem: 16.9921875)
Par: 1, Rows: 1
(0.600,13)    (0.000,6)    (0.000,7)    (0.000,12)    (0.000,2)    (0.700,9)    (0.000,3)    (0.200,8)    (0.000,14)    (0.100,11)    (0.000,1)    (0.000,0)    (0.000,5)    (0.200,10)    
Total frac: 1.800
Par: 2, Rows: 1
(0.200,10)    (0.000,6)    (0.000,12)    (0.000,2)    (0.700,9)    (0.000,3)    (0.100,11)    (0.000,1)    (0.200,8)    (0.000,14)    (0.000,5)    (0.600,13)    (0.000,0)    (0.000,7)    
Total frac: 1.800
Par: 3, Rows: 1
(0.000,0)    (0.000,7)    (0.000,12)    (0.700,9)    (0.000,14)    (0.000,1)    (0.000,5)    (0.200,10)    (0.600,13)    (0.000,3)    (0.200,8)    (0.000,2)    (0.000,6)    (0.100,11)    
Total frac: 1.800

Sketch (15) (cm: eps0: 0.000625, del0: 0.05, min_mem: 16.9921875)
Par: 1, Rows: 1
(0.000,7)    (0.000,5)    (0.000,13)    (0.700,10)    (0.000,11)    
Total frac: 0.700
Par: 2, Rows: 1
(0.000,11)    (0.000,5)    (0.700,10)    (0.000,13)    (0.000,7)    
Total frac: 0.700
Par: 3, Rows: 1
(0.000,11)    (0.000,5)    (0.000,13)    (0.000,7)    (0.700,10)    
Total frac: 0.700

Sketch (16) (cm: eps0: 0.000625, del0: 0.05, min_mem: 16.9921875)
Par: 1, Rows: 1
(0.700,14)    (0.000,13)    (0.000,11)    (0.000,4)    (0.000,9)    (0.000,1)    (0.000,7)    (0.000,12)    (0.100,5)    (0.200,10)    (0.000,3)    (0.000,8)    
Total frac: 1.000
Par: 2, Rows: 1
(0.000,13)    (0.000,11)    (0.000,9)    (0.700,14)    (0.000,1)    (0.000,4)    (0.000,7)    (0.100,5)    (0.000,3)    (0.000,12)    (0.200,10)    (0.000,8)    
Total frac: 1.000
Par: 3, Rows: 1
(0.000,12)    (0.000,9)    (0.000,3)    (0.000,8)    (0.000,1)    (0.100,5)    (0.200,10)    (0.000,11)    (0.000,4)    (0.700,14)    (0.000,13)    (0.000,7)    
Total frac: 1.000

Sketch (17) (cm: eps0: 0.000625, del0: 0.05, min_mem: 16.9921875)
Par: 1, Rows: 1
(0.000,1)    (0.700,12)    (0.300,8)    (0.000,5)    (0.000,11)    (0.900,10)    (0.000,4)    (0.000,13)    (0.000,2)    (0.000,7)    (0.000,9)    (0.000,14)    (0.000,3)    
Total frac: 1.900
Par: 2, Rows: 1
(0.000,1)    (0.000,7)    (0.700,12)    (0.000,5)    (0.900,10)    (0.000,2)    (0.000,3)    (0.300,8)    (0.000,13)    (0.000,14)    (0.000,4)    (0.000,11)    (0.000,9)    
Total frac: 1.900
Par: 3, Rows: 1
(0.000,5)    (0.000,3)    (0.700,12)    (0.900,10)    (0.000,13)    (0.000,2)    (0.300,8)    (0.000,11)    (0.000,9)    (0.000,14)    (0.000,4)    (0.000,1)    (0.000,7)    
Total frac: 1.900

Sketch (18) (cm: eps0: 0.000625, del0: 0.05, min_mem: 16.9921875)
Par: 1, Rows: 1
(0.000,2)    (0.000,11)    (0.700,13)    (0.200,14)    (0.000,7)    (0.000,12)    (0.000,9)    (0.000,8)    (0.000,1)    (0.000,5)    (0.100,10)    (0.000,4)    
Total frac: 1.000
Par: 2, Rows: 1
(0.100,10)    (0.000,4)    (0.700,13)    (0.000,2)    (0.000,7)    (0.000,9)    (0.200,14)    (0.000,12)    (0.000,1)    (0.000,5)    (0.000,8)    (0.000,11)    
Total frac: 1.000
Par: 3, Rows: 1
(0.700,13)    (0.000,11)    (0.200,14)    (0.000,1)    (0.000,4)    (0.000,9)    (0.000,7)    (0.000,12)    (0.000,2)    (0.000,5)    (0.100,10)    (0.000,8)    
Total frac: 1.000

Sketch (19) (cm: eps0: 0.000625, del0: 0.05, min_mem: 16.9921875)
Par: 1, Rows: 1
(0.000,10)    (0.000,8)    (0.000,1)    (0.000,9)    (0.000,7)    (1.000,12)    (1.000,5)    (0.000,3)    (0.000,13)    (0.000,11)    
Total frac: 2.000
Par: 2, Rows: 1
(0.000,1)    (0.000,9)    (0.000,3)    (0.000,8)    (0.000,11)    (1.000,5)    (0.000,10)    (0.000,13)    (0.000,7)    (1.000,12)    
Total frac: 2.000
Par: 3, Rows: 1
(1.000,12)    (0.000,9)    (0.000,3)    (0.000,11)    (0.000,8)    (1.000,5)    (0.000,13)    (0.000,7)    (0.000,10)    (0.000,1)    
Total frac: 2.000

Sketch (20) (cm: eps0: 0.000625, del0: 0.05, min_mem: 16.9921875)
Par: 1, Rows: 1
(0.000,5)    (0.000,10)    (0.000,0)    (0.000,13)    (0.900,8)    (0.900,11)    (0.000,14)    (0.000,1)    (0.000,7)    (0.000,12)    
Total frac: 1.800
Par: 2, Rows: 1
(0.000,12)    (0.000,5)    (0.000,13)    (0.000,10)    (0.900,11)    (0.000,0)    (0.900,8)    (0.000,1)    (0.000,7)    (0.000,14)    
Total frac: 1.800
Par: 3, Rows: 1
(0.000,5)    (0.000,10)    (0.000,13)    (0.000,7)    (0.000,12)    (0.000,14)    (0.000,1)    (0.000,0)    (0.900,8)    (0.900,11)    
Total frac: 1.800

Sketch (21) (cm: eps0: 0.000625, del0: 0.05, min_mem: 16.9921875)
Par: 1, Rows: 1
(0.000,13)    (0.000,2)    (0.076,7)    (0.824,12)    (0.000,9)    (0.000,14)    (0.000,3)    (0.000,11)    
Total frac: 0.900
Par: 2, Rows: 1
(0.000,2)    (0.000,13)    (0.000,14)    (0.000,11)    (0.824,12)    (0.000,9)    (0.076,7)    (0.000,3)    
Total frac: 0.900
Par: 3, Rows: 1
(0.000,11)    (0.000,9)    (0.000,2)    (0.000,14)    (0.824,12)    (0.076,7)    (0.000,3)    (0.000,13)    
Total frac: 0.900

Sketch (22) (cm: eps0: 0.000625, del0: 0.05, min_mem: 16.9921875)
Par: 1, Rows: 1
(0.000,7)    (0.000,3)    (0.000,11)    (0.000,12)    (0.000,8)    (0.100,6)    (0.000,1)    (0.000,13)    (0.900,14)    (0.000,9)    
Total frac: 1.000
Par: 2, Rows: 1
(0.000,3)    (0.000,11)    (0.000,1)    (0.000,12)    (0.000,13)    (0.000,8)    (0.100,6)    (0.000,9)    (0.000,7)    (0.900,14)    
Total frac: 1.000
Par: 3, Rows: 1
(0.000,7)    (0.100,6)    (0.000,3)    (0.000,13)    (0.000,1)    (0.000,12)    (0.900,14)    (0.000,11)    (0.000,9)    (0.000,8)    
Total frac: 1.000

Sketch (23) (cm: eps0: 0.000625, del0: 0.05, min_mem: 16.9921875)
Par: 1, Rows: 1
(0.700,8)    (0.000,7)    (0.000,5)    (0.300,13)    (0.000,1)    (0.000,4)    (0.000,2)    (0.700,11)    (0.000,6)    (0.000,9)    (0.000,12)    (0.000,0)    (0.000,10)    (0.000,14)    
Total frac: 1.700
Par: 2, Rows: 1
(0.000,5)    (0.700,11)    (0.000,2)    (0.700,8)    (0.000,6)    (0.300,13)    (0.000,1)    (0.000,10)    (0.000,14)    (0.000,9)    (0.000,7)    (0.000,4)    (0.000,12)    (0.000,0)    
Total frac: 1.700
Par: 3, Rows: 1
(0.000,12)    (0.000,0)    (0.300,13)    (0.000,1)    (0.000,2)    (0.700,8)    (0.000,6)    (0.000,9)    (0.000,7)    (0.000,10)    (0.000,14)    (0.000,4)    (0.000,5)    (0.700,11)    
Total frac: 1.700

Sketch (24) (cm: eps0: 0.000625, del0: 0.05, min_mem: 16.9921875)
Par: 1, Rows: 1
(0.000,11)    (0.200,12)    (0.000,5)    (0.000,3)    (0.000,4)    (0.000,14)    (0.000,9)    (1.000,10)    (0.500,8)    (0.000,7)    (0.000,1)    (0.000,2)    (0.300,0)    (0.000,13)    
Total frac: 2.000
Par: 2, Rows: 1
(0.000,2)    (0.300,0)    (0.200,12)    (0.000,9)    (0.000,4)    (0.000,14)    (0.000,7)    (1.000,10)    (0.500,8)    (0.000,1)    (0.000,13)    (0.000,11)    (0.000,5)    (0.000,3)    
Total frac: 2.000
Par: 3, Rows: 1
(0.000,14)    (0.000,9)    (1.000,10)    (0.300,0)    (0.000,11)    (0.200,12)    (0.000,3)    (0.000,4)    (0.000,1)    (0.000,2)    (0.000,13)    (0.500,8)    (0.000,5)    (0.000,7)    
Total frac: 2.000

Sketch (25) (cm: eps0: 0.000625, del0: 0.05, min_mem: 16.9921875)
Par: 1, Rows: 1
(1.000,14)    (0.000,11)    (0.000,3)    (0.000,10)    (0.000,12)    (0.000,13)    (0.000,4)    (0.000,6)    (0.000,2)    (0.000,7)    (0.000,9)    
Total frac: 1.000
Par: 2, Rows: 1
(0.000,7)    (0.000,2)    (0.000,6)    (0.000,13)    (0.000,12)    (0.000,4)    (0.000,11)    (0.000,3)    (0.000,10)    (1.000,14)    (0.000,9)    
Total frac: 1.000
Par: 3, Rows: 1
(1.000,14)    (0.000,13)    (0.000,2)    (0.000,11)    (0.000,6)    (0.000,3)    (0.000,12)    (0.000,4)    (0.000,9)    (0.000,7)    (0.000,10)    
Total frac: 1.000

Sketch (26) (cm: eps0: 0.000625, del0: 0.05, min_mem: 16.9921875)
Par: 1, Rows: 1
(0.000,6)    (0.000,13)    (0.000,5)    (0.000,8)    (0.000,10)    (0.000,14)    (0.900,9)    (0.000,12)    (0.000,0)    (0.900,11)    (0.000,3)    
Total frac: 1.800
Par: 2, Rows: 1
(0.000,5)    (0.000,6)    (0.000,8)    (0.900,9)    (0.000,10)    (0.000,14)    (0.900,11)    (0.000,3)    (0.000,12)    (0.000,0)    (0.000,13)    
Total frac: 1.800
Par: 3, Rows: 1
(0.000,0)    (0.000,14)    (0.000,5)    (0.000,6)    (0.000,3)    (0.000,13)    (0.900,11)    (0.000,12)    (0.900,9)    (0.000,10)    (0.000,8)    
Total frac: 1.800

Sketch (27) (cm: eps0: 0.000625, del0: 0.05, min_mem: 16.9921875)
Par: 1, Rows: 1
(0.000,12)    (0.000,10)    (0.000,8)    (0.300,7)    (0.000,2)    (0.763,3)    (0.000,0)    (0.000,14)    (0.000,13)    (0.700,11)    (0.000,6)    (0.237,9)    (0.000,4)    
Total frac: 2.000
Par: 2, Rows: 1
(0.000,2)    (0.000,14)    (0.700,11)    (0.000,12)    (0.000,8)    (0.000,6)    (0.000,13)    (0.237,9)    (0.000,10)    (0.000,0)    (0.300,7)    (0.763,3)    (0.000,4)    
Total frac: 2.000
Par: 3, Rows: 1
(0.700,11)    (0.000,4)    (0.000,2)    (0.000,14)    (0.000,12)    (0.000,13)    (0.000,8)    (0.000,6)    (0.237,9)    (0.300,7)    (0.763,3)    (0.000,10)    (0.000,0)    
Total frac: 2.000

Sketch (28) (cm: eps0: 0.000625, del0: 0.05, min_mem: 16.9921875)
Par: 1, Rows: 1
(1.000,14)    (0.000,4)    (0.000,6)    (0.000,3)    (0.000,13)    (0.000,12)    (0.000,10)    (0.000,11)    (0.000,9)    (0.000,8)    (0.000,1)    (0.000,0)    
Total frac: 1.000
Par: 2, Rows: 1
(0.000,3)    (0.000,13)    (0.000,0)    (1.000,14)    (0.000,4)    (0.000,11)    (0.000,6)    (0.000,9)    (0.000,12)    (0.000,10)    (0.000,8)    (0.000,1)    
Total frac: 1.000
Par: 3, Rows: 1
(0.000,10)    (0.000,9)    (0.000,0)    (0.000,4)    (0.000,3)    (0.000,12)    (0.000,1)    (1.000,14)    (0.000,11)    (0.000,8)    (0.000,6)    (0.000,13)    
Total frac: 1.000

Sketch (29) (cm: eps0: 0.000625, del0: 0.05, min_mem: 16.9921875)
Par: 1, Rows: 1
(0.000,8)    (0.000,6)    (0.100,9)    (0.000,10)    (0.900,3)    (0.000,0)    (0.000,4)    (0.000,5)    (0.000,11)    (0.000,2)    (0.000,12)    (0.374,13)    (0.526,14)    
Total frac: 1.900
Par: 2, Rows: 1
(0.100,9)    (0.000,10)    (0.000,8)    (0.000,2)    (0.000,0)    (0.000,6)    (0.526,14)    (0.374,13)    (0.000,11)    (0.000,12)    (0.000,5)    (0.900,3)    (0.000,4)    
Total frac: 1.900
Par: 3, Rows: 1
(0.000,10)    (0.000,8)    (0.000,2)    (0.000,0)    (0.374,13)    (0.000,11)    (0.000,5)    (0.000,6)    (0.900,3)    (0.526,14)    (0.000,12)    (0.100,9)    (0.000,4)    
Total frac: 1.900

Sketch (30) (cm: eps0: 0.000625, del0: 0.05, min_mem: 16.9921875)
Par: 1, Rows: 1
(0.900,11)    (0.000,12)    (0.000,4)    (0.000,6)    (0.000,14)    (0.000,13)    (0.000,8)    (0.674,0)    (0.000,7)    (0.226,9)    (0.000,10)    (0.000,1)    (0.000,2)    
Total frac: 1.800
Par: 2, Rows: 1
(0.000,2)    (0.000,12)    (0.000,13)    (0.000,4)    (0.000,6)    (0.000,14)    (0.000,7)    (0.000,8)    (0.226,9)    (0.674,0)    (0.000,1)    (0.900,11)    (0.000,10)    
Total frac: 1.800
Par: 3, Rows: 1
(0.000,6)    (0.000,13)    (0.000,12)    (0.000,14)    (0.000,4)    (0.900,11)    (0.000,10)    (0.000,2)    (0.226,9)    (0.000,8)    (0.000,1)    (0.000,7)    (0.674,0)    
Total frac: 1.800

Sketch (31) (cm: eps0: 0.000625, del0: 0.05, min_mem: 16.9921875)
Par: 1, Rows: 1
(0.100,11)    (0.000,3)    (0.900,12)    (0.000,14)    (0.000,9)    (0.000,1)    (0.000,7)    (0.000,2)    (0.000,8)    (0.000,13)    (0.000,0)    
Total frac: 1.000
Par: 2, Rows: 1
(0.000,8)    (0.000,7)    (0.000,0)    (0.000,2)    (0.000,9)    (0.900,12)    (0.000,1)    (0.100,11)    (0.000,3)    (0.000,13)    (0.000,14)    
Total frac: 1.000
Par: 3, Rows: 1
(0.000,14)    (0.000,8)    (0.000,9)    (0.000,0)    (0.000,1)    (0.100,11)    (0.000,2)    (0.000,3)    (0.900,12)    (0.000,13)    (0.000,7)    
Total frac: 1.000

Sketch (32) (cm: eps0: 0.000625, del0: 0.05, min_mem: 16.9921875)
Par: 1, Rows: 1
(0.000,5)    (0.000,6)    (0.000,3)    (0.065,4)    (0.000,1)    (0.900,2)    (0.000,0)    (0.100,14)    (0.000,13)    (0.600,11)    (0.000,12)    (0.000,9)    (0.835,10)    (0.000,8)    
Total frac: 2.500
Par: 2, Rows: 1
(0.835,10)    (0.000,8)    (0.000,5)    (0.000,3)    (0.000,1)    (0.000,6)    (0.065,4)    (0.900,2)    (0.000,13)    (0.000,0)    (0.600,11)    (0.100,14)    (0.000,9)    (0.000,12)    
Total frac: 2.500
Par: 3, Rows: 1
(0.000,6)    (0.600,11)    (0.000,12)    (0.000,1)    (0.900,2)    (0.000,8)    (0.100,14)    (0.000,13)    (0.000,9)    (0.835,10)    (0.000,3)    (0.065,4)    (0.000,0)    (0.000,5)    
Total frac: 2.500

Sketch (33) (cm: eps0: 0.000625, del0: 0.05, min_mem: 16.9921875)
Par: 1, Rows: 1
(0.000,6)    (0.000,12)    (0.000,2)    (0.000,13)    (0.000,8)    (0.100,14)    (0.700,9)    (0.000,3)    (0.000,10)    (0.000,5)    (0.800,11)    (0.000,1)    
Total frac: 1.600
Par: 2, Rows: 1
(0.100,14)    (0.000,13)    (0.000,12)    (0.000,10)    (0.800,11)    (0.700,9)    (0.000,8)    (0.000,5)    (0.000,2)    (0.000,6)    (0.000,3)    (0.000,1)    
Total frac: 1.600
Par: 3, Rows: 1
(0.000,13)    (0.000,6)    (0.800,11)    (0.100,14)    (0.700,9)    (0.000,12)    (0.000,10)    (0.000,5)    (0.000,8)    (0.000,3)    (0.000,1)    (0.000,2)    
Total frac: 1.600

Sketch (34) (cm: eps0: 0.000625, del0: 0.05, min_mem: 16.9921875)
Par: 1, Rows: 1
(0.000,4)    (0.000,9)    (0.000,3)    (0.000,5)    (0.000,12)    (0.000,2)    (0.900,14)    (0.000,13)    (0.000,10)    
Total frac: 0.900
Par: 2, Rows: 1
(0.000,3)    (0.000,10)    (0.000,4)    (0.000,5)    (0.000,12)    (0.000,2)    (0.000,13)    (0.900,14)    (0.000,9)    
Total frac: 0.900
Par: 3, Rows: 1
(0.000,10)    (0.000,2)    (0.000,5)    (0.000,3)    (0.000,4)    (0.000,13)    (0.000,12)    (0.900,14)    (0.000,9)    
Total frac: 0.900

Sketch (35) (cm: eps0: 0.000625, del0: 0.05, min_mem: 16.9921875)
Par: 1, Rows: 1
(0.100,1)    (0.400,10)    (0.600,8)    (0.000,5)    (0.000,13)    (0.000,0)    (0.000,11)    (0.000,4)    (0.000,12)    (0.000,14)    (0.300,7)    
Total frac: 1.400
Par: 2, Rows: 1
(0.000,5)    (0.000,13)    (0.300,7)    (0.600,8)    (0.000,14)    (0.000,0)    (0.400,10)    (0.000,4)    (0.000,11)    (0.000,12)    (0.100,1)    
Total frac: 1.400
Par: 3, Rows: 1
(0.000,12)    (0.000,13)    (0.300,7)    (0.600,8)    (0.000,14)    (0.000,0)    (0.000,11)    (0.100,1)    (0.400,10)    (0.000,4)    (0.000,5)    
Total frac: 1.400

Sketch (36) (cm: eps0: 0.000625, del0: 0.05, min_mem: 16.9921875)
Par: 1, Rows: 1
(1.000,13)    (0.000,3)    (0.000,12)    (0.000,11)    (0.000,14)    (0.000,10)    (0.000,7)    (0.000,9)    (0.000,8)    (0.000,6)    (0.000,1)    (0.000,5)    (0.000,0)    (0.000,4)    
Total frac: 1.000
Par: 2, Rows: 1
(0.000,0)    (0.000,11)    (0.000,4)    (0.000,12)    (0.000,7)    (0.000,14)    (0.000,9)    (0.000,10)    (0.000,1)    (0.000,5)    (0.000,8)    (1.000,13)    (0.000,6)    (0.000,3)    
Total frac: 1.000
Par: 3, Rows: 1
(0.000,10)    (0.000,0)    (0.000,4)    (0.000,9)    (0.000,3)    (0.000,12)    (0.000,6)    (0.000,11)    (0.000,1)    (0.000,5)    (1.000,13)    (0.000,7)    (0.000,8)    (0.000,14)    
Total frac: 1.000

Sketch (37) (cm: eps0: 0.000625, del0: 0.05, min_mem: 16.9921875)
Par: 1, Rows: 1
(0.000,8)    (0.000,14)    (0.000,9)    (0.000,3)    (0.000,10)    (0.000,0)    (0.000,11)    (0.000,4)    (0.700,1)    (0.000,5)    (0.200,12)    (0.800,13)    (0.000,6)    (0.000,7)    
Total frac: 1.700
Par: 2, Rows: 1
(0.000,3)    (0.000,4)    (0.800,13)    (0.000,11)    (0.200,12)    (0.000,9)    (0.000,10)    (0.000,8)    (0.700,1)    (0.000,0)    (0.000,14)    (0.000,7)    (0.000,5)    (0.000,6)    
Total frac: 1.700
Par: 3, Rows: 1
(0.000,6)    (0.000,4)    (0.800,13)    (0.000,11)    (0.000,9)    (0.700,1)    (0.200,12)    (0.000,10)    (0.000,8)    (0.000,7)    (0.000,5)    (0.000,3)    (0.000,0)    (0.000,14)    
Total frac: 1.700

Sketch (38) (cm: eps0: 0.000625, del0: 0.05, min_mem: 16.9921875)
Par: 1, Rows: 1
(0.000,0)    (0.000,13)    (0.000,9)    (0.000,10)    (0.000,3)    (0.000,4)    (0.000,1)    (0.000,2)    (0.000,14)    (0.000,5)    (0.000,12)    (1.000,8)    
Total frac: 1.000
Par: 2, Rows: 1
(1.000,8)    (0.000,9)    (0.000,3)    (0.000,0)    (0.000,1)    (0.000,10)    (0.000,4)    (0.000,5)    (0.000,2)    (0.000,14)    (0.000,12)    (0.000,13)    
Total frac: 1.000
Par: 3, Rows: 1
(0.000,9)    (0.000,2)    (1.000,8)    (0.000,1)    (0.000,0)    (0.000,5)    (0.000,14)    (0.000,4)    (0.000,3)    (0.000,13)    (0.000,12)    (0.000,10)    
Total frac: 1.000

Sketch (39) (cm: eps0: 0.000625, del0: 0.05, min_mem: 16.9921875)
Par: 1, Rows: 1
(0.200,12)    (0.200,10)    (0.000,1)    (0.000,7)    (0.000,5)    (0.000,2)    (0.600,8)    (0.000,0)    (0.000,14)    (0.000,4)    (0.000,13)    (0.000,6)    (0.800,11)    (0.000,9)    
Total frac: 1.800
Par: 2, Rows: 1
(0.000,5)    (0.000,14)    (0.200,12)    (0.000,6)    (0.800,11)    (0.600,8)    (0.000,13)    (0.000,7)    (0.000,0)    (0.200,10)    (0.000,4)    (0.000,9)    (0.000,2)    (0.000,1)    
Total frac: 1.800
Par: 3, Rows: 1
(0.800,11)    (0.000,14)    (0.200,12)    (0.000,13)    (0.000,6)    (0.000,7)    (0.600,8)    (0.000,9)    (0.000,0)    (0.200,10)    (0.000,1)    (0.000,4)    (0.000,5)    (0.000,2)    
Total frac: 1.800

Sketch (40) (cm: eps0: 0.000625, del0: 0.05, min_mem: 16.9921875)
Par: 1, Rows: 1
(0.000,5)    (0.000,3)    (0.000,4)    (0.000,13)    (0.000,11)    (0.000,12)    (0.000,1)    (0.000,2)    (0.900,9)    (0.000,10)    (0.000,7)    (1.000,8)    (0.000,6)    (0.000,14)    
Total frac: 1.900
Par: 2, Rows: 1
(0.000,3)    (0.000,13)    (0.000,14)    (0.000,11)    (0.000,4)    (0.000,1)    (0.000,12)    (0.900,9)    (0.000,7)    (0.000,2)    (0.000,10)    (1.000,8)    (0.000,5)    (0.000,6)    
Total frac: 1.900
Par: 3, Rows: 1
(0.000,7)    (1.000,8)    (0.000,1)    (0.000,2)    (0.900,9)    (0.000,10)    (0.000,3)    (0.000,4)    (0.000,6)    (0.000,11)    (0.000,12)    (0.000,14)    (0.000,5)    (0.000,13)    
Total frac: 1.900

Sketch (41) (cm: eps0: 0.000625, del0: 0.05, min_mem: 16.9921875)
Par: 1, Rows: 1
(0.000,0)    (0.000,1)    (0.100,8)    (0.000,9)    (0.000,3)    (0.000,2)    (0.800,11)    (0.100,10)    (0.000,4)    (0.000,5)    (0.000,6)    (0.800,12)    (0.000,13)    (0.000,14)    (0.000,7)    
Total frac: 1.800
Par: 2, Rows: 1
(0.000,1)    (0.100,10)    (0.000,7)    (0.000,0)    (0.000,9)    (0.100,8)    (0.000,6)    (0.000,5)    (0.000,14)    (0.000,4)    (0.000,13)    (0.000,3)    (0.800,12)    (0.800,11)    (0.000,2)    
Total frac: 1.800
Par: 3, Rows: 1
(0.000,7)    (0.000,9)    (0.000,2)    (0.100,10)    (0.000,0)    (0.000,5)    (0.100,8)    (0.000,13)    (0.000,6)    (0.000,3)    (0.000,14)    (0.800,11)    (0.000,4)    (0.800,12)    (0.000,1)    
Total frac: 1.800

Sketch (42) (cm: eps0: 0.000625, del0: 0.05, min_mem: 16.9921875)
Par: 1, Rows: 1
(0.000,3)    (0.575,12)    (0.200,6)    (0.000,11)    (0.000,5)    (0.000,14)    (0.225,13)    (0.000,7)    (0.000,0)    (0.325,8)    (0.000,2)    (0.000,1)    (0.575,10)    (0.000,4)    (0.000,9)    
Total frac: 1.900
Par: 2, Rows: 1
(0.000,11)    (0.000,4)    (0.000,5)    (0.575,12)    (0.225,13)    (0.200,6)    (0.000,7)    (0.000,14)    (0.000,0)    (0.000,1)    (0.325,8)    (0.000,9)    (0.000,2)    (0.000,3)    (0.575,10)    
Total frac: 1.900
Par: 3, Rows: 1
(0.575,10)    (0.000,7)    (0.000,3)    (0.000,5)    (0.000,1)    (0.000,11)    (0.225,13)    (0.000,9)    (0.000,4)    (0.200,6)    (0.000,0)    (0.000,2)    (0.575,12)    (0.000,14)    (0.325,8)    
Total frac: 1.900

Sketch (43) (cm: eps0: 0.000625, del0: 0.05, min_mem: 16.9921875)
Par: 1, Rows: 1
(0.000,12)    (0.500,3)    (0.000,14)    (0.000,5)    (0.000,8)    (0.700,10)    (0.000,1)    (0.000,13)    (0.000,9)    (0.000,4)    (0.200,2)    
Total frac: 1.400
Par: 2, Rows: 1
(0.000,1)    (0.000,13)    (0.000,12)    (0.000,9)    (0.000,8)    (0.500,3)    (0.200,2)    (0.000,14)    (0.700,10)    (0.000,5)    (0.000,4)    
Total frac: 1.400
Par: 3, Rows: 1
(0.000,13)    (0.000,4)    (0.000,9)    (0.000,12)    (0.500,3)    (0.000,8)    (0.200,2)    (0.000,14)    (0.000,5)    (0.700,10)    (0.000,1)    
Total frac: 1.400

Sketch (44) (cm: eps0: 0.000625, del0: 0.05, min_mem: 16.9921875)
Par: 1, Rows: 1
(0.000,4)    (0.000,6)    (0.000,12)    (0.000,0)    (0.900,10)    (0.000,7)    (0.100,14)    (0.000,8)    (0.000,5)    (0.000,13)    (0.000,1)    (0.000,11)    
Total frac: 1.000
Par: 2, Rows: 1
(0.000,4)    (0.000,7)    (0.000,6)    (0.000,12)    (0.000,0)    (0.000,5)    (0.900,10)    (0.100,14)    (0.000,8)    (0.000,13)    (0.000,1)    (0.000,11)    
Total frac: 1.000
Par: 3, Rows: 1
(0.900,10)    (0.100,14)    (0.000,11)    (0.000,5)    (0.000,4)    (0.000,13)    (0.000,12)    (0.000,1)    (0.000,0)    (0.000,7)    (0.000,8)    (0.000,6)    
Total frac: 1.000

Sketch (45) (cm: eps0: 0.000625, del0: 0.05, min_mem: 16.9921875)
Par: 1, Rows: 1
(0.000,2)    (0.837,11)    (0.163,5)    (0.000,10)    (0.000,14)    (0.000,13)    (0.000,1)    (0.000,7)    (1.000,9)    (0.000,12)    (0.000,3)    (0.000,8)    
Total frac: 2.000
Par: 2, Rows: 1
(0.000,14)    (0.000,8)    (0.000,1)    (0.000,10)    (0.837,11)    (0.000,13)    (0.000,3)    (0.163,5)    (0.000,2)    (1.000,9)    (0.000,12)    (0.000,7)    
Total frac: 2.000
Par: 3, Rows: 1
(0.000,1)    (0.837,11)    (0.000,13)    (0.000,3)    (0.000,14)    (0.163,5)    (0.000,8)    (0.000,10)    (1.000,9)    (0.000,7)    (0.000,2)    (0.000,12)    
Total frac: 2.000

Sketch (46) (cm: eps0: 0.000625, del0: 0.05, min_mem: 16.9921875)
Par: 1, Rows: 1
(0.000,12)    (0.000,5)    (0.000,7)    (0.000,6)    (0.000,2)    (0.700,9)    (0.000,8)    (0.000,11)    (0.000,3)    (0.000,14)    (0.000,1)    (0.100,10)    (0.000,0)    (0.900,13)    
Total frac: 1.700
Par: 2, Rows: 1
(0.100,10)    (0.000,0)    (0.000,7)    (0.000,12)    (0.700,9)    (0.000,6)    (0.000,11)    (0.000,3)    (0.000,2)    (0.000,8)    (0.000,1)    (0.900,13)    (0.000,14)    (0.000,5)    
Total frac: 1.700
Par: 3, Rows: 1
(0.000,2)    (0.000,6)    (0.000,12)    (0.000,0)    (0.700,9)    (0.000,7)    (0.100,10)    (0.000,14)    (0.900,13)    (0.000,8)    (0.000,1)    (0.000,5)    (0.000,11)    (0.000,3)    
Total frac: 1.700

Sketch (47) (cm: eps0: 0.000625, del0: 0.05, min_mem: 16.9921875)
Par: 1, Rows: 1
(0.000,9)    (0.413,7)    (0.000,12)    (0.189,0)    (0.198,4)    (0.000,13)    (0.000,1)    (0.000,5)    (0.000,11)    (0.389,10)    (0.000,3)    (0.000,14)    (0.511,8)    
Total frac: 1.700
Par: 2, Rows: 1
(0.511,8)    (0.000,11)    (0.000,3)    (0.389,10)    (0.000,14)    (0.000,13)    (0.000,12)    (0.000,1)    (0.189,0)    (0.000,5)    (0.198,4)    (0.413,7)    (0.000,9)    
Total frac: 1.700
Par: 3, Rows: 1
(0.000,3)    (0.511,8)    (0.000,13)    (0.000,1)    (0.000,5)    (0.389,10)    (0.413,7)    (0.000,14)    (0.000,12)    (0.189,0)    (0.198,4)    (0.000,9)    (0.000,11)    
Total frac: 1.700

Sketch (48) (cm: eps0: 0.000625, del0: 0.05, min_mem: 16.9921875)
Par: 1, Rows: 1
(0.000,0)    (0.000,11)    (1.000,13)    (0.000,14)    (0.000,9)    (0.000,6)    (0.000,12)    (0.000,1)    (1.000,8)    (0.000,10)    (0.000,3)    (0.000,5)    
Total frac: 2.000
Par: 2, Rows: 1
(0.000,9)    (0.000,0)    (0.000,14)    (0.000,1)    (0.000,6)    (0.000,12)    (0.000,3)    (0.000,5)    (1.000,8)    (0.000,10)    (0.000,11)    (1.000,13)    
Total frac: 2.000
Par: 3, Rows: 1
(0.000,6)    (0.000,3)    (0.000,1)    (0.000,0)    (0.000,11)    (0.000,10)    (0.000,5)    (1.000,13)    (0.000,12)    (0.000,14)    (0.000,9)    (1.000,8)    
Total frac: 2.000

Sketch (49) (cm: eps0: 0.000625, del0: 0.05, min_mem: 16.9921875)
Par: 1, Rows: 1
(0.100,14)    (0.300,8)    (0.000,1)    (0.000,6)    (0.000,11)    (0.000,10)    (0.000,13)    (0.000,4)    (0.000,9)    (0.000,7)    (0.000,2)    (0.600,12)    
Total frac: 1.000
Par: 2, Rows: 1
(0.000,10)    (0.000,7)    (0.000,1)    (0.300,8)    (0.000,2)    (0.000,13)    (0.000,11)    (0.000,4)    (0.100,14)    (0.000,9)    (0.000,6)    (0.600,12)    
Total frac: 1.000
Par: 3, Rows: 1
(0.000,7)    (0.000,1)    (0.000,6)    (0.600,12)    (0.000,10)    (0.300,8)    (0.000,13)    (0.000,11)    (0.000,2)    (0.000,9)    (0.000,4)    (0.100,14)    
Total frac: 1.000

Sketch (50) (cm: eps0: 0.000625, del0: 0.05, min_mem: 16.9921875)
Par: 1, Rows: 1
(0.000,5)    (0.000,4)    (0.000,2)    (0.300,13)    (0.700,12)    (0.174,7)    (0.000,14)    (0.000,9)    (0.000,8)    (0.000,6)    (0.000,3)    (0.000,10)    (0.000,1)    (0.000,0)    (0.426,11)    
Total frac: 1.600
Par: 2, Rows: 1
(0.000,0)    (0.300,13)    (0.000,4)    (0.174,7)    (0.000,2)    (0.000,9)    (0.700,12)    (0.000,3)    (0.000,14)    (0.000,8)    (0.000,1)    (0.000,6)    (0.426,11)    (0.000,5)    (0.000,10)    
Total frac: 1.600
Par: 3, Rows: 1
(0.000,3)    (0.000,5)    (0.000,6)    (0.000,14)    (0.000,9)    (0.700,12)    (0.000,1)    (0.000,4)    (0.174,7)    (0.000,8)    (0.000,10)    (0.000,0)    (0.426,11)    (0.000,2)    (0.300,13)    
Total frac: 1.600

Sketch (51) (cm: eps0: 0.000625, del0: 0.05, min_mem: 16.9921875)
Par: 1, Rows: 1
(0.000,0)    (0.000,2)    (0.000,9)    (0.000,1)    (0.000,6)    (0.600,14)    (0.300,12)    (0.000,11)    (0.000,13)    (0.000,3)    (0.700,8)    
Total frac: 1.600
Par: 2, Rows: 1
(0.600,14)    (0.000,9)    (0.700,8)    (0.000,1)    (0.000,0)    (0.000,11)    (0.000,3)    (0.000,2)    (0.000,13)    (0.300,12)    (0.000,6)    
Total frac: 1.600
Par: 3, Rows: 1
(0.000,1)    (0.000,6)    (0.000,11)    (0.000,3)    (0.600,14)    (0.700,8)    (0.000,0)    (0.000,13)    (0.000,2)    (0.300,12)    (0.000,9)    
Total frac: 1.600

Sketch (52) (cm: eps0: 0.000625, del0: 0.05, min_mem: 16.9921875)
Par: 1, Rows: 1
(0.000,7)    (0.000,10)    (0.000,2)    (0.000,13)    (0.000,8)    (0.100,5)    (0.000,0)    (0.000,11)    (0.000,3)    (0.000,12)    (0.000,4)    (0.900,14)    (0.000,9)    
Total frac: 1.000
Par: 2, Rows: 1
(0.000,4)    (0.900,14)    (0.000,13)    (0.100,5)    (0.000,11)    (0.000,10)    (0.000,3)    (0.000,2)    (0.000,8)    (0.000,0)    (0.000,9)    (0.000,7)    (0.000,12)    
Total frac: 1.000
Par: 3, Rows: 1
(0.000,10)    (0.000,2)    (0.000,13)    (0.000,12)    (0.100,5)    (0.000,4)    (0.000,7)    (0.900,14)    (0.000,9)    (0.000,8)    (0.000,0)    (0.000,11)    (0.000,3)    
Total frac: 1.000

Sketch (53) (cm: eps0: 0.000625, del0: 0.05, min_mem: 16.9921875)
Par: 1, Rows: 1
(0.000,7)    (0.000,12)    (0.000,9)    (0.000,1)    (0.532,6)    (0.468,11)    (0.000,3)    (0.800,8)    (0.000,0)    
Total frac: 1.800
Par: 2, Rows: 1
(0.468,11)    (0.532,6)    (0.000,0)    (0.000,9)    (0.000,7)    (0.000,12)    (0.000,3)    (0.800,8)    (0.000,1)    
Total frac: 1.800
Par: 3, Rows: 1
(0.000,9)    (0.532,6)    (0.000,0)    (0.000,7)    (0.000,3)    (0.000,1)    (0.000,12)    (0.800,8)    (0.468,11)    
Total frac: 1.800

Sketch (54) (cm: eps0: 0.000625, del0: 0.05, min_mem: 16.9921875)
Par: 1, Rows: 1
(0.300,14)    (0.000,11)    (0.000,5)    (0.000,4)    (0.000,10)    (0.000,0)    (0.000,7)    (0.700,13)    (0.000,12)    (0.000,6)    (0.000,3)    (0.000,9)    (0.000,8)    
Total frac: 1.000
Par: 2, Rows: 1
(0.000,8)    (0.300,14)    (0.000,11)    (0.000,5)    (0.000,4)    (0.000,10)    (0.000,0)    (0.000,7)    (0.700,13)    (0.000,3)    (0.000,9)    (0.000,12)    (0.000,6)    
Total frac: 1.000
Par: 3, Rows: 1
(0.000,5)    (0.000,10)    (0.000,3)    (0.000,8)    (0.000,4)    (0.700,13)    (0.000,11)    (0.000,6)    (0.000,0)    (0.000,9)    (0.000,7)    (0.300,14)    (0.000,12)    
Total frac: 1.000

Sketch (55) (cm: eps0: 0.000625, del0: 0.05, min_mem: 16.9921875)
Par: 1, Rows: 1
(0.300,14)    (0.600,12)    (0.000,1)    (0.000,10)    (0.100,8)    (0.000,13)    (0.000,11)    (0.000,9)    (0.000,4)    (0.000,7)    (0.000,2)    (0.000,6)    (0.000,0)    (0.700,5)    (0.000,3)    
Total frac: 1.700
Par: 2, Rows: 1
(0.000,0)    (0.000,7)    (0.000,13)    (0.600,12)    (0.000,2)    (0.000,6)    (0.000,3)    (0.000,9)    (0.100,8)    (0.300,14)    (0.700,5)    (0.000,4)    (0.000,10)    (0.000,11)    (0.000,1)    
Total frac: 1.700
Par: 3, Rows: 1
(0.000,7)    (0.000,13)    (0.000,0)    (0.000,3)    (0.000,9)    (0.600,12)    (0.000,2)    (0.000,6)    (0.700,5)    (0.100,8)    (0.300,14)    (0.000,11)    (0.000,1)    (0.000,4)    (0.000,10)    
Total frac: 1.700

Sketch (56) (cm: eps0: 0.000625, del0: 0.05, min_mem: 16.9921875)
Par: 1, Rows: 1
(0.000,2)    (0.900,9)    (0.000,12)    (0.000,1)    (0.000,8)    
Total frac: 0.900
Par: 2, Rows: 1
(0.000,2)    (0.900,9)    (0.000,1)    (0.000,12)    (0.000,8)    
Total frac: 0.900
Par: 3, Rows: 1
(0.900,9)    (0.000,8)    (0.000,1)    (0.000,12)    (0.000,2)    
Total frac: 0.900

Sketch (57) (cm: eps0: 0.000625, del0: 0.05, min_mem: 16.9921875)
Par: 1, Rows: 1
(0.000,11)    (0.000,1)    (0.800,8)    (0.000,14)    (0.000,5)    (0.000,7)    (0.000,13)    (0.800,10)    (0.100,12)    (0.000,3)    (0.000,2)    (0.000,9)    
Total frac: 1.700
Par: 2, Rows: 1
(0.000,14)    (0.000,1)    (0.000,5)    (0.800,10)    (0.000,3)    (0.000,13)    (0.800,8)    (0.000,11)    (0.000,2)    (0.000,7)    (0.100,12)    (0.000,9)    
Total frac: 1.700
Par: 3, Rows: 1
(0.000,5)    (0.000,3)    (0.000,14)    (0.000,13)    (0.000,11)    (0.800,10)    (0.800,8)    (0.000,7)    (0.000,2)    (0.000,9)    (0.100,12)    (0.000,1)    
Total frac: 1.700

Sketch (58) (cm: eps0: 0.000625, del0: 0.05, min_mem: 16.9921875)
Par: 1, Rows: 1
(0.800,7)    (0.000,13)    (0.000,12)    (0.000,2)    (0.000,6)    (0.000,3)    (0.000,9)    (0.200,8)    (0.000,11)    (0.000,14)    (0.700,1)    (0.000,0)    
Total frac: 1.700
Par: 2, Rows: 1
(0.000,0)    (0.000,12)    (0.000,2)    (0.000,6)    (0.000,3)    (0.000,9)    (0.000,11)    (0.700,1)    (0.200,8)    (0.800,7)    (0.000,14)    (0.000,13)    
Total frac: 1.700
Par: 3, Rows: 1
(0.700,1)    (0.800,7)    (0.000,12)    (0.000,3)    (0.200,8)    (0.000,0)    (0.000,2)    (0.000,14)    (0.000,11)    (0.000,13)    (0.000,6)    (0.000,9)    
Total frac: 1.700

Sketch (59) (cm: eps0: 0.000625, del0: 0.05, min_mem: 16.9921875)
Par: 1, Rows: 1
(0.000,3)    (0.000,5)    (0.000,12)    (0.200,8)    (0.900,10)    (0.000,11)    (0.000,0)    (0.100,13)    (0.000,2)    (0.700,9)    (0.000,14)    (0.000,4)    (0.500,1)    (0.000,7)    
Total frac: 2.400
Par: 2, Rows: 1
(0.000,5)    (0.000,4)    (0.900,10)    (0.000,2)    (0.000,14)    (0.000,7)    (0.100,13)    (0.000,12)    (0.000,3)    (0.700,9)    (0.200,8)    (0.500,1)    (0.000,0)    (0.000,11)    
Total frac: 2.400
Par: 3, Rows: 1
(0.000,4)    (0.900,10)    (0.000,7)    (0.100,13)    (0.000,2)    (0.000,3)    (0.700,9)    (0.000,14)    (0.500,1)    (0.000,12)    (0.200,8)    (0.000,11)    (0.000,5)    (0.000,0)    
Total frac: 2.400

Sketch (60) (cm: eps0: 0.000625, del0: 0.05, min_mem: 16.9921875)
Par: 1, Rows: 1
(0.000,4)    (0.700,13)    (0.100,14)    (0.000,11)    (0.000,6)    (0.000,9)    (0.000,1)    (0.000,12)    (0.000,5)    (0.200,10)    (0.000,8)    (0.000,2)    
Total frac: 1.000
Par: 2, Rows: 1
(0.000,8)    (0.700,13)    (0.000,2)    (0.000,11)    (0.000,9)    (0.000,4)    (0.100,14)    (0.000,1)    (0.000,6)    (0.000,5)    (0.000,12)    (0.200,10)    
Total frac: 1.000
Par: 3, Rows: 1
(0.000,6)    (0.000,9)    (0.000,8)    (0.000,1)    (0.000,5)    (0.000,4)    (0.200,10)    (0.000,11)    (0.000,2)    (0.700,13)    (0.000,12)    (0.100,14)    
Total frac: 1.000

Sketch (61) (cm: eps0: 0.000625, del0: 0.05, min_mem: 16.9921875)
Par: 1, Rows: 1
(0.000,9)    (0.000,12)    (0.000,14)    (0.000,1)    (0.100,5)    (0.000,8)    (0.000,11)    (0.900,0)    (0.000,4)    (0.900,10)    (0.000,7)    (0.000,13)    (0.700,2)    (0.000,3)    
Total frac: 2.600
Par: 2, Rows: 1
(0.000,9)    (0.000,12)    (0.900,0)    (0.700,2)    (0.000,3)    (0.100,5)    (0.000,8)    (0.900,10)    (0.000,11)    (0.000,13)    (0.000,14)    (0.000,1)    (0.000,4)    (0.000,7)    
Total frac: 2.600
Par: 3, Rows: 1
(0.000,4)    (0.000,12)    (0.000,3)    (0.100,5)    (0.000,11)    (0.900,0)    (0.000,13)    (0.700,2)    (0.000,8)    (0.900,10)    (0.000,1)    (0.000,7)    (0.000,9)    (0.000,14)    
Total frac: 2.600

Sketch (62) (cm: eps0: 0.000625, del0: 0.05, min_mem: 16.9921875)
Par: 1, Rows: 1
(0.000,12)    (0.000,1)    (0.000,3)    (0.800,9)    (0.000,8)    
Total frac: 0.800
Par: 2, Rows: 1
(0.000,1)    (0.000,12)    (0.000,3)    (0.800,9)    (0.000,8)    
Total frac: 0.800
Par: 3, Rows: 1
(0.000,8)    (0.000,1)    (0.000,12)    (0.800,9)    (0.000,3)    
Total frac: 0.800

Sketch (63) (cm: eps0: 0.000625, del0: 0.05, min_mem: 16.9921875)
Par: 1, Rows: 1
(0.000,0)    (0.000,10)    (0.000,8)    (0.000,7)    (0.000,9)    (0.000,4)    (0.900,14)    (0.000,12)    (0.000,3)    (0.000,13)    (0.000,2)    (0.000,11)    
Total frac: 0.900
Par: 2, Rows: 1
(0.900,14)    (0.000,0)    (0.000,3)    (0.000,9)    (0.000,8)    (0.000,11)    (0.000,2)    (0.000,4)    (0.000,10)    (0.000,7)    (0.000,13)    (0.000,12)    
Total frac: 0.900
Par: 3, Rows: 1
(0.000,3)    (0.000,9)    (0.900,14)    (0.000,11)    (0.000,0)    (0.000,8)    (0.000,7)    (0.000,13)    (0.000,2)    (0.000,4)    (0.000,10)    (0.000,12)    
Total frac: 0.900

Device (0) cpu1:
cores_sketch: 3.0000000000000004, cores_dpdk: 4.0
Rows total: 6.489959334712643
Mem total: 110.27860588281249
Throughput: 80.0

Device (1) cpu2:
cores_sketch: 3.0000000000000004, cores_dpdk: 4.0
Rows total: 6.489959334712643
Mem total: 110.27860588281249
Throughput: 80.0

Device (2) cpu3:
cores_sketch: 3.0000000000000004, cores_dpdk: 4.0
Rows total: 6.489959334712643
Mem total: 110.27860588281249
Throughput: 80.0

Device (3) cpu4:
cores_sketch: 3.0000000000000004, cores_dpdk: 4.0
Rows total: 6.489959334712643
Mem total: 110.27860588281249
Throughput: 80.0

Device (4) cpu5:
cores_sketch: 3.0000000000000004, cores_dpdk: 4.0
Rows total: 6.489959334712643
Mem total: 110.27860588281249
Throughput: 80.0

Device (5) cpu6:
cores_sketch: 3.0000000000000004, cores_dpdk: 4.0
Rows total: 6.489959334712643
Mem total: 110.27860588281249
Throughput: 80.0

Device (6) cpu7:
cores_sketch: 3.0000000000000004, cores_dpdk: 4.0
Rows total: 6.489959334712643
Mem total: 110.27860588281249
Throughput: 80.0

Device (7) cpu8:
cores_sketch: 3.0000000000000004, cores_dpdk: 4.0
Rows total: 6.489959334712643
Mem total: 110.27860588281249
Throughput: 80.0

Device (8) tor_p41:
Rows total: 33.89718933175698
Mem total: 575.9873968482143
Throughput: 148.0

Device (9) tor_p42:
Rows total: 33.89718933175698
Mem total: 575.9873968482143
Throughput: 148.0

Device (10) tor_p43:
Rows total: 33.89718933175698
Mem total: 575.9873968482143
Throughput: 148.0

Device (11) tor_p44:
Rows total: 33.89718933175698
Mem total: 575.9873968482143
Throughput: 148.0

Device (12) l1_p41:
Rows total: 33.89718933175698
Mem total: 575.9873968482143
Throughput: 148.0

Device (13) l1_p42:
Rows total: 33.89718933175698
Mem total: 575.9873968482143
Throughput: 148.0

Device (14) l2_p4:
Rows total: 33.89718933175698
Mem total: 575.9873968482143
Throughput: 148.0
--------------------------------------------------
Function: solve took 0.4295351505279541 seconds
