Function: get_partitions took 1.33514404296875e-05 seconds
Function: map_flows_partitions took 3.0994415283203125e-06 seconds
Using license file /home/anup/gurobi.lic
Academic license - for non-commercial use only
Building model with:
2 devices, 1 partitions and 1 flows
Adding frac and mem vars took: 0.0002167224884033203s
Adding coverage constraints took: 0.0001804828643798828s
Adding accuracy constraints took 0.00011467933654785156s
Adding load constraints took: 0.0002598762512207031s
Starting model update
Model update complete, took: 6.628036499023438e-05 s
Starting model optimize
--------------------------------------------------
Model update took: 6.628036499023438e-05 seconds
Model optimize took: 0.0007989406585693359 seconds
--------------------------------------------------

Sketch (0) (cm: eps0: 0.00625, del0: 0.05, min_mem: 1.69921875)
Par: 1, Rows: 3
(1.000,1)    (0.000,0)    
Total frac: 1.000

Device (0) cpu_1:
Rows total: 0.0
Mem total: 0.0

Device (1) p4_1:
Rows total: 3.0
Mem total: 5.09765625
--------------------------------------------------
Changed value of parameter NonConvex to 2
   Prev: -1  Min: -1  Max: 2  Default: -1

Throughput: 97.99999999999999 Mpps, ns per packet: 10.204081632653063
Resources: 70.85620117187473
Used Cores: 6.999999999999973, Total CPUS: 1, Switch Memory: 5.09765625

Sketch (0) (cm: eps0: 0.00625, del0: 0.05, min_mem: 1.69921875)
Par: 1, Rows: 3
(1.000,1)    (0.000,0)    
Total frac: 1.000

Device (0) cpu_1:
cores_sketch: 0.0, cores_dpdk: 6.999999999999973
Rows total: 0
Mem total: 0.0
Throughput: 97.99999999999999

Device (1) p4_1:
Rows total: 3.0
Mem total: 5.09765625
Throughput: 148.0
--------------------------------------------------
Function: solve took 0.010598182678222656 seconds
