Function: get_partitions took 1.430511474609375e-05 seconds
Function: map_flows_partitions took 3.0994415283203125e-06 seconds
Using license file /home/anup/gurobi.lic
Academic license - for non-commercial use only
Building model with:
2 devices, 1 partitions and 1 flows
Adding frac and mem vars took: 0.00020933151245117188s
Adding coverage constraints took: 0.00018787384033203125s
Adding accuracy constraints took 7.62939453125e-05s
Adding load constraints took: 0.000247955322265625s
Starting model update
Model update complete, took: 2.86102294921875e-05 s
Starting model optimize
--------------------------------------------------
Model update took: 2.86102294921875e-05 seconds
Model optimize took: 0.002107858657836914 seconds
--------------------------------------------------

Throughput: 98.0 Mpps, ns per packet: 10.204081632653061
Resources: 70.856201171875
Used Cores: 7.0, Total CPUS: 1, Switch Memory: 5.09765625

Sketch (0) (cm: eps0: 0.00625, del0: 0.05, min_mem: 1.69921875)
Par: 1, Rows: 3
(1.000,1)    (0.000,0)    
Total frac: 1.000

Device (0) cpu_1:
cores_sketch: 0.0, cores_dpdk: 7.0
Rows total: 0.0
Mem total: 0.0
Throughput: 98.0

Device (1) p4_1:
Rows total: 3.0
Mem total: 5.09765625
Throughput: 148.0
--------------------------------------------------
Function: solve took 0.007855653762817383 seconds
