Function: get_partitions took 1.4066696166992188e-05 seconds
Function: map_flows_partitions took 1.3113021850585938e-05 seconds
Using license file /home/anup/gurobi.lic
Academic license - for non-commercial use only
Building model with:
21 devices, 1 partitions and 20 flows
Adding frac and mem vars took: 0.00032210350036621094s
Adding coverage constraints took: 0.00046753883361816406s
Adding accuracy constraints took 0.0004398822784423828s
Adding load constraints took: 0.001760721206665039s
Starting model update
Model update complete, took: 0.00012087821960449219 s
Starting model optimize
--------------------------------------------------
Model update took: 0.00012087821960449219 seconds
Model optimize took: 0.010953664779663086 seconds
--------------------------------------------------

Sketch (0) (cm: eps0: 0.00625, del0: 0.05, min_mem: 1.69921875)
Par: 1, Rows: 3
(-0.000,18)    (1.000,3)    (-0.000,8)    (-0.000,14)    (1.000,19)    (-0.000,4)    (1.000,9)    (1.000,15)    (0.000,20)    (1.000,5)    (-0.000,10)    (-0.000,0)    (-0.000,6)    (1.000,11)    (-0.000,16)    (1.000,1)    (1.000,7)    (-0.000,12)    (1.000,17)    (-0.000,2)    (1.000,13)    
Total frac: 10.000

Device (0) p4_0:
Rows total: 0.0
Mem total: 0.0

Device (1) p4_1:
Rows total: 3.0
Mem total: 5.09765625

Device (2) p4_2:
Rows total: 0.0
Mem total: 0.0

Device (3) p4_3:
Rows total: 3.0
Mem total: 5.09765625

Device (4) p4_4:
Rows total: 0.0
Mem total: 0.0

Device (5) p4_5:
Rows total: 3.0
Mem total: 5.09765625

Device (6) p4_6:
Rows total: 0.0
Mem total: 0.0

Device (7) p4_7:
Rows total: 3.0
Mem total: 5.09765625

Device (8) p4_8:
Rows total: 0.0
Mem total: 0.0

Device (9) p4_9:
Rows total: 3.0
Mem total: 5.09765625

Device (10) p4_10:
Rows total: 0.0
Mem total: 0.0

Device (11) p4_11:
Rows total: 3.0
Mem total: 5.09765625

Device (12) p4_12:
Rows total: 0.0
Mem total: 0.0

Device (13) p4_13:
Rows total: 3.0
Mem total: 5.09765625

Device (14) p4_14:
Rows total: 0.0
Mem total: 0.0

Device (15) p4_15:
Rows total: 3.0
Mem total: 5.09765625

Device (16) p4_16:
Rows total: 0.0
Mem total: 0.0

Device (17) p4_17:
Rows total: 3.0
Mem total: 5.09765625

Device (18) p4_18:
Rows total: 0.0
Mem total: 0.0

Device (19) p4_19:
Rows total: 3.0
Mem total: 5.09765625

Device (20) cpu_1:
Rows total: 0.0
Mem total: 0.0
--------------------------------------------------
Changed value of parameter NonConvex to 2
   Prev: -1  Min: -1  Max: 2  Default: -1

Throughput: 97.99999999999999 Mpps, ns per packet: 10.204081632653063
Resources: 78.56201171874973
Used Cores: 6.999999999999973, Total CPUS: 1, Switch Memory: 50.9765625

Sketch (0) (cm: eps0: 0.00625, del0: 0.05, min_mem: 1.69921875)
Par: 1, Rows: 3
(-0.000,18)    (1.000,3)    (-0.000,8)    (-0.000,14)    (1.000,19)    (-0.000,4)    (1.000,9)    (1.000,15)    (0.000,20)    (1.000,5)    (-0.000,10)    (-0.000,0)    (-0.000,6)    (1.000,11)    (-0.000,16)    (1.000,1)    (1.000,7)    (-0.000,12)    (1.000,17)    (-0.000,2)    (1.000,13)    
Total frac: 10.000

Device (0) p4_0:
Rows total: 0
Mem total: 0.0
Throughput: 148.0

Device (1) p4_1:
Rows total: 3.0
Mem total: 5.09765625
Throughput: 148.0

Device (2) p4_2:
Rows total: 0
Mem total: 0.0
Throughput: 148.0

Device (3) p4_3:
Rows total: 3.0
Mem total: 5.09765625
Throughput: 148.0

Device (4) p4_4:
Rows total: 0
Mem total: 0.0
Throughput: 148.0

Device (5) p4_5:
Rows total: 3.0
Mem total: 5.09765625
Throughput: 148.0

Device (6) p4_6:
Rows total: 0
Mem total: 0.0
Throughput: 148.0

Device (7) p4_7:
Rows total: 3.0
Mem total: 5.09765625
Throughput: 148.0

Device (8) p4_8:
Rows total: 0
Mem total: 0.0
Throughput: 148.0

Device (9) p4_9:
Rows total: 3.0
Mem total: 5.09765625
Throughput: 148.0

Device (10) p4_10:
Rows total: 0
Mem total: 0.0
Throughput: 148.0

Device (11) p4_11:
Rows total: 3.0
Mem total: 5.09765625
Throughput: 148.0

Device (12) p4_12:
Rows total: 0
Mem total: 0.0
Throughput: 148.0

Device (13) p4_13:
Rows total: 3.0
Mem total: 5.09765625
Throughput: 148.0

Device (14) p4_14:
Rows total: 0
Mem total: 0.0
Throughput: 148.0

Device (15) p4_15:
Rows total: 3.0
Mem total: 5.09765625
Throughput: 148.0

Device (16) p4_16:
Rows total: 0
Mem total: 0.0
Throughput: 148.0

Device (17) p4_17:
Rows total: 3.0
Mem total: 5.09765625
Throughput: 148.0

Device (18) p4_18:
Rows total: 0
Mem total: 0.0
Throughput: 148.0

Device (19) p4_19:
Rows total: 3.0
Mem total: 5.09765625
Throughput: 148.0

Device (20) cpu_1:
cores_sketch: 0.0, cores_dpdk: 6.999999999999973
Rows total: 0
Mem total: 0.0
Throughput: 97.99999999999999
--------------------------------------------------
Function: solve took 0.035468101501464844 seconds
