Function: get_partitions took 1.430511474609375e-05 seconds
Function: map_flows_partitions took 1.3828277587890625e-05 seconds
Using license file /home/anup/gurobi.lic
Academic license - for non-commercial use only
Building model with:
21 devices, 1 partitions and 20 flows
Adding frac and mem vars took: 0.0003077983856201172s
Adding coverage constraints took: 0.0004696846008300781s
Adding accuracy constraints took 0.0004589557647705078s
Adding load constraints took: 0.0017213821411132812s
Starting model update
Model update complete, took: 3.0279159545898438e-05 s
Starting model optimize
--------------------------------------------------
Model update took: 3.0279159545898438e-05 seconds
Model optimize took: 0.003734111785888672 seconds
--------------------------------------------------

Throughput: 98.0 Mpps, ns per packet: 10.204081632653061
Resources: 78.56201171875
Used Cores: 7.0, Total CPUS: 1, Switch Memory: 50.9765625

Sketch (0) (cm: eps0: 0.00625, del0: 0.05, min_mem: 1.69921875)
Par: 1, Rows: 3
(0.000,18)    (1.000,3)    (0.000,8)    (0.000,14)    (1.000,19)    (0.000,4)    (1.000,9)    (1.000,15)    (0.000,20)    (1.000,5)    (0.000,10)    (0.000,0)    (0.000,6)    (1.000,11)    (0.000,16)    (1.000,1)    (1.000,7)    (0.000,12)    (1.000,17)    (-0.000,2)    (1.000,13)    
Total frac: 10.000

Device (0) p4_0:
Rows total: 0.0
Mem total: 0.0
Throughput: 148.0

Device (1) p4_1:
Rows total: 3.0
Mem total: 5.09765625
Throughput: 148.0

Device (2) p4_2:
Rows total: 0.0
Mem total: 0.0
Throughput: 148.0

Device (3) p4_3:
Rows total: 3.0
Mem total: 5.09765625
Throughput: 148.0

Device (4) p4_4:
Rows total: 0.0
Mem total: 0.0
Throughput: 148.0

Device (5) p4_5:
Rows total: 3.0
Mem total: 5.09765625
Throughput: 148.0

Device (6) p4_6:
Rows total: 0.0
Mem total: 0.0
Throughput: 148.0

Device (7) p4_7:
Rows total: 3.0
Mem total: 5.09765625
Throughput: 148.0

Device (8) p4_8:
Rows total: 0.0
Mem total: 0.0
Throughput: 148.0

Device (9) p4_9:
Rows total: 3.0
Mem total: 5.09765625
Throughput: 148.0

Device (10) p4_10:
Rows total: 0.0
Mem total: 0.0
Throughput: 148.0

Device (11) p4_11:
Rows total: 3.0
Mem total: 5.09765625
Throughput: 148.0

Device (12) p4_12:
Rows total: 0.0
Mem total: 0.0
Throughput: 148.0

Device (13) p4_13:
Rows total: 3.0
Mem total: 5.09765625
Throughput: 148.0

Device (14) p4_14:
Rows total: 0.0
Mem total: 0.0
Throughput: 148.0

Device (15) p4_15:
Rows total: 3.0
Mem total: 5.09765625
Throughput: 148.0

Device (16) p4_16:
Rows total: 0.0
Mem total: 0.0
Throughput: 148.0

Device (17) p4_17:
Rows total: 3.0
Mem total: 5.09765625
Throughput: 148.0

Device (18) p4_18:
Rows total: 0.0
Mem total: 0.0
Throughput: 148.0

Device (19) p4_19:
Rows total: 3.0
Mem total: 5.09765625
Throughput: 148.0

Device (20) cpu_1:
cores_sketch: 0.0, cores_dpdk: 7.0
Rows total: 0.0
Mem total: 0.0
Throughput: 98.0
--------------------------------------------------
Function: solve took 0.01646566390991211 seconds
