Function: get_partitions took 1.239776611328125e-05 seconds
Function: map_flows_partitions took 1.4066696166992188e-05 seconds
Using license file /home/anup/gurobi.lic
Academic license - for non-commercial use only
Building model with:
21 devices, 1 partitions and 20 flows
Adding frac and mem vars took: 0.0003819465637207031s
Adding coverage constraints took: 0.0004913806915283203s
Adding accuracy constraints took 0.0003807544708251953s
Adding load constraints took: 0.0015361309051513672s
Starting model update
Model update complete, took: 9.369850158691406e-05 s
Starting model optimize
--------------------------------------------------
Model update took: 9.369850158691406e-05 seconds
Model optimize took: 0.007146120071411133 seconds
--------------------------------------------------

Sketch (0) (cm: eps0: 0.00625, del0: 0.05, min_mem: 1.69921875)
Par: 1, Rows: 3
(-0.000,18)    (-0.000,3)    (-0.000,8)    (-0.000,14)    (-0.000,19)    (-0.000,4)    (-0.000,9)    (-0.000,15)    (1.000,20)    (-0.000,5)    (-0.000,10)    (-0.000,0)    (-0.000,6)    (-0.000,11)    (-0.000,16)    (-0.000,1)    (-0.000,7)    (-0.000,12)    (-0.000,17)    (-0.000,2)    (-0.000,13)    
Total frac: 1.000

Device (0) p4_0:
Rows total: 0.0
Mem total: 0.0

Device (1) p4_1:
Rows total: 0.0
Mem total: 0.0

Device (2) p4_2:
Rows total: 0.0
Mem total: 0.0

Device (3) p4_3:
Rows total: 0.0
Mem total: 0.0

Device (4) p4_4:
Rows total: 0.0
Mem total: 0.0

Device (5) p4_5:
Rows total: 0.0
Mem total: 0.0

Device (6) p4_6:
Rows total: 0.0
Mem total: 0.0

Device (7) p4_7:
Rows total: 0.0
Mem total: 0.0

Device (8) p4_8:
Rows total: 0.0
Mem total: 0.0

Device (9) p4_9:
Rows total: 0.0
Mem total: 0.0

Device (10) p4_10:
Rows total: 0.0
Mem total: 0.0

Device (11) p4_11:
Rows total: 0.0
Mem total: 0.0

Device (12) p4_12:
Rows total: 0.0
Mem total: 0.0

Device (13) p4_13:
Rows total: 0.0
Mem total: 0.0

Device (14) p4_14:
Rows total: 0.0
Mem total: 0.0

Device (15) p4_15:
Rows total: 0.0
Mem total: 0.0

Device (16) p4_16:
Rows total: 0.0
Mem total: 0.0

Device (17) p4_17:
Rows total: 0.0
Mem total: 0.0

Device (18) p4_18:
Rows total: 0.0
Mem total: 0.0

Device (19) p4_19:
Rows total: 0.0
Mem total: 0.0

Device (20) cpu_1:
Rows total: 3.0
Mem total: 5.09765625
--------------------------------------------------
Changed value of parameter NonConvex to 2
   Prev: -1  Min: -1  Max: 2  Default: -1

Throughput: 87.49999999999999 Mpps, ns per packet: 11.42857142857143
Resources: 70.00062227249143
Used Cores: 6.9999999999999964, Total CPUS: 1, Switch Memory: 0.0

Sketch (0) (cm: eps0: 0.00625, del0: 0.05, min_mem: 1.69921875)
Par: 1, Rows: 3
(-0.000,18)    (-0.000,3)    (-0.000,8)    (-0.000,14)    (-0.000,19)    (-0.000,4)    (-0.000,9)    (-0.000,15)    (1.000,20)    (-0.000,5)    (-0.000,10)    (-0.000,0)    (-0.000,6)    (-0.000,11)    (-0.000,16)    (-0.000,1)    (-0.000,7)    (-0.000,12)    (-0.000,17)    (-0.000,2)    (-0.000,13)    
Total frac: 1.000

Device (0) p4_0:
Rows total: 0
Mem total: 0.0
Throughput: 148.0

Device (1) p4_1:
Rows total: 0
Mem total: 0.0
Throughput: 148.0

Device (2) p4_2:
Rows total: 0
Mem total: 0.0
Throughput: 148.0

Device (3) p4_3:
Rows total: 0
Mem total: 0.0
Throughput: 148.0

Device (4) p4_4:
Rows total: 0
Mem total: 0.0
Throughput: 148.0

Device (5) p4_5:
Rows total: 0
Mem total: 0.0
Throughput: 148.0

Device (6) p4_6:
Rows total: 0
Mem total: 0.0
Throughput: 148.0

Device (7) p4_7:
Rows total: 0
Mem total: 0.0
Throughput: 148.0

Device (8) p4_8:
Rows total: 0
Mem total: 0.0
Throughput: 148.0

Device (9) p4_9:
Rows total: 0
Mem total: 0.0
Throughput: 148.0

Device (10) p4_10:
Rows total: 0
Mem total: 0.0
Throughput: 148.0

Device (11) p4_11:
Rows total: 0
Mem total: 0.0
Throughput: 148.0

Device (12) p4_12:
Rows total: 0
Mem total: 0.0
Throughput: 148.0

Device (13) p4_13:
Rows total: 0
Mem total: 0.0
Throughput: 148.0

Device (14) p4_14:
Rows total: 0
Mem total: 0.0
Throughput: 148.0

Device (15) p4_15:
Rows total: 0
Mem total: 0.0
Throughput: 148.0

Device (16) p4_16:
Rows total: 0
Mem total: 0.0
Throughput: 148.0

Device (17) p4_17:
Rows total: 0
Mem total: 0.0
Throughput: 148.0

Device (18) p4_18:
Rows total: 0
Mem total: 0.0
Throughput: 148.0

Device (19) p4_19:
Rows total: 0
Mem total: 0.0
Throughput: 148.0

Device (20) cpu_1:
cores_sketch: 2.0, cores_dpdk: 4.9999999999999964
Rows total: 3.0
Mem total: 5.09765625
Throughput: 87.49999999999999
--------------------------------------------------
Function: solve took 0.03537893295288086 seconds
