Function: get_partitions took 1.4066696166992188e-05 seconds
Function: map_flows_partitions took 3.814697265625e-06 seconds
Using license file /home/anup/gurobi.lic
Academic license - for non-commercial use only
Building model with:
2 devices, 1 partitions and 1 flows
Adding frac and mem vars took: 0.00022482872009277344s
Adding coverage constraints took: 0.00018787384033203125s
Adding accuracy constraints took 9.584426879882812e-05s
Adding load constraints took: 0.00024509429931640625s
Starting model update
Model update complete, took: 5.245208740234375e-05 s
Starting model optimize
--------------------------------------------------
Model update took: 5.245208740234375e-05 seconds
Model optimize took: 0.0003840923309326172 seconds
--------------------------------------------------

Sketch (0) (cm: eps0: 1.25e-06, del0: 0.05, min_mem: 8494.6328125)
Par: 1, Rows: 3
(0.000,1)    (1.000,0)    
Total frac: 1.000

Device (0) cpu_1:
Rows total: 3.0
Mem total: 25483.8984375

Device (1) p4_1:
Rows total: 0.0
Mem total: 0.0
--------------------------------------------------
Changed value of parameter NonConvex to 2
   Prev: -1  Min: -1  Max: 2  Default: -1

Throughput: 56.00000000000043 Mpps, ns per packet: 17.85714285714272
Resources: 73.11082744598389
Used Cores: 7.0, Total CPUS: 1, Switch Memory: 0.0

Sketch (0) (cm: eps0: 1.25e-06, del0: 0.05, min_mem: 8494.6328125)
Par: 1, Rows: 3
(0.000,1)    (1.000,0)    
Total frac: 1.000

Device (0) cpu_1:
cores_sketch: 5.000000000000001, cores_dpdk: 1.9999999999999993
Rows total: 3.0
Mem total: 25483.8984375
Throughput: 56.00000000000043

Device (1) p4_1:
Rows total: 0
Mem total: 0.0
Throughput: 148.0
--------------------------------------------------
Function: solve took 0.016448974609375 seconds
