Function: get_partitions took 1.9788742065429688e-05 seconds
Function: map_flows_partitions took 3.814697265625e-06 seconds
Using license file /home/anup/gurobi.lic
Academic license - for non-commercial use only
Building model with:
3 devices, 3 partitions and 1 flows
Adding frac and mem vars took: 0.0002574920654296875s
Adding coverage constraints took: 0.0002040863037109375s
Adding accuracy constraints took 0.00020647048950195312s
Adding load constraints took: 0.0003559589385986328s
Starting model update
Model update complete, took: 5.435943603515625e-05 s
Starting model optimize
--------------------------------------------------
Model update took: 5.435943603515625e-05 seconds
Model optimize took: 0.003993034362792969 seconds
--------------------------------------------------

Sketch (0) (cm: eps0: 0.03125, del0: 0.05, min_mem: 0.33984375)
Par: 1, Rows: 3
(0.000,0)    (0.000,2)    (1.000,1)    
Total frac: 1.000

Sketch (1) (cm: eps0: 3.125e-06, del0: 0.05, min_mem: 3397.85546875)
Par: 1, Rows: 3
(0.000,0)    (1.000,2)    (0.000,1)    
Total frac: 1.000

Sketch (2) (cm: eps0: 0.625, del0: 0.025, min_mem: 0.01953125)
Par: 1, Rows: 4
(-0.000,1)    (1.000,0)    (-0.000,2)    
Total frac: 1.000

Device (0) cpu_1:
Rows total: 4.0
Mem total: 0.078125

Device (1) p4_1:
Rows total: 3.0
Mem total: 1.01953125

Device (2) cpu_2:
Rows total: 3.0
Mem total: 10193.56640625
--------------------------------------------------
Changed value of parameter NonConvex to 2
   Prev: -1  Min: -1  Max: 2  Default: -1
Changed value of parameter NonConvex to 2
   Prev: -1  Min: -1  Max: 2  Default: -1

Throughput: 70.00000000000061 Mpps, ns per packet: 14.285714285714162
Resources: 112.0155816078186
Used Cores: 11.0, Total CPUS: 2, Switch Memory: 1.01953125

Sketch (0) (cm: eps0: 0.03125, del0: 0.05, min_mem: 0.33984375)
Par: 1, Rows: 3
(0.000,0)    (0.000,2)    (1.000,1)    
Total frac: 1.000

Sketch (1) (cm: eps0: 3.125e-06, del0: 0.05, min_mem: 3397.85546875)
Par: 1, Rows: 3
(0.000,0)    (1.000,2)    (0.000,1)    
Total frac: 1.000

Sketch (2) (cm: eps0: 0.625, del0: 0.025, min_mem: 0.01953125)
Par: 1, Rows: 4
(-0.000,1)    (1.000,0)    (-0.000,2)    
Total frac: 1.000

Device (0) cpu_1:
cores_sketch: 1.0, cores_dpdk: 4.0
Rows total: 4.0
Mem total: 0.078125
Throughput: 70.71114702989271

Device (1) p4_1:
Rows total: 3.0
Mem total: 1.01953125
Throughput: 148.0

Device (2) cpu_2:
cores_sketch: 3.0, cores_dpdk: 3.0
Rows total: 3.0
Mem total: 10193.56640625
Throughput: 70.00000000000061
--------------------------------------------------
Function: solve took 0.029840946197509766 seconds
