Function: get_partitions took 2.3365020751953125e-05 seconds
Function: map_flows_partitions took 4.0531158447265625e-06 seconds
Using license file /home/anup/gurobi.lic
Academic license - for non-commercial use only
Building model with:
3 devices, 3 partitions and 1 flows
Adding frac and mem vars took: 0.00025081634521484375s
Adding coverage constraints took: 0.00019788742065429688s
Adding accuracy constraints took 0.0002014636993408203s
Adding load constraints took: 0.00041103363037109375s
Starting model update
Model update complete, took: 5.2928924560546875e-05 s
Starting model optimize
--------------------------------------------------
Model update took: 5.2928924560546875e-05 seconds
Model optimize took: 0.001386404037475586 seconds
--------------------------------------------------

Sketch (0) (cm: eps0: 0.03125, del0: 0.05, min_mem: 0.33984375)
Par: 1, Rows: 3
(-0.000,0)    (-0.000,2)    (1.000,1)    
Total frac: 1.000

Sketch (1) (cm: eps0: 3.125e-06, del0: 0.05, min_mem: 3397.85546875)
Par: 1, Rows: 3
(1.000,0)    (-0.000,2)    (0.000,1)    
Total frac: 1.000

Sketch (2) (cm: eps0: 0.625, del0: 0.025, min_mem: 0.01953125)
Par: 1, Rows: 4
(1.000,1)    (-0.000,0)    (-0.000,2)    
Total frac: 1.000

Device (0) cpu_1:
Rows total: 3.0
Mem total: 10193.56640625

Device (1) p4_1:
Rows total: 7.0
Mem total: 1.09765625

Device (2) cpu_2:
Rows total: 0.0
Mem total: -5.4569682106375694e-12
--------------------------------------------------
Changed value of parameter NonConvex to 2
   Prev: -1  Min: -1  Max: 2  Default: -1
Changed value of parameter NonConvex to 2
   Prev: -1  Min: -1  Max: 2  Default: -1

Throughput: 74.67872973302082 Mpps, ns per packet: 13.390693756777017
Resources: 113.01719967524213
Used Cores: 11.000000000000004, Total CPUS: 2, Switch Memory: 1.09765625

Sketch (0) (cm: eps0: 0.03125, del0: 0.05, min_mem: 0.33984375)
Par: 1, Rows: 3
(-0.000,0)    (-0.000,2)    (1.000,1)    
Total frac: 1.000

Sketch (1) (cm: eps0: 3.125e-06, del0: 0.05, min_mem: 3397.85546875)
Par: 1, Rows: 3
(1.000,0)    (-0.000,2)    (0.000,1)    
Total frac: 1.000

Sketch (2) (cm: eps0: 0.625, del0: 0.025, min_mem: 0.01953125)
Par: 1, Rows: 4
(1.000,1)    (-0.000,0)    (-0.000,2)    
Total frac: 1.000

Device (0) cpu_1:
cores_sketch: 3.0, cores_dpdk: 4.000000000000001
Rows total: 3.0
Mem total: 10193.56640625
Throughput: 74.67872973302082

Device (1) p4_1:
Rows total: 7.0
Mem total: 1.09765625
Throughput: 148.0

Device (2) cpu_2:
cores_sketch: 0.0, cores_dpdk: 4.000000000000002
Rows total: 0
Mem total: 0.0
Throughput: 74.67872973302082
--------------------------------------------------
Function: solve took 0.020418405532836914 seconds
