Function: get_partitions took 2.09808349609375e-05 seconds
Function: map_flows_partitions took 3.814697265625e-06 seconds
Using license file /home/anup/gurobi.lic
Academic license - for non-commercial use only
Building model with:
3 devices, 3 partitions and 1 flows
Adding frac and mem vars took: 0.0002620220184326172s
Adding coverage constraints took: 0.00025177001953125s
Adding accuracy constraints took 0.0002269744873046875s
Adding load constraints took: 0.00035953521728515625s
Starting model update
Model update complete, took: 7.295608520507812e-05 s
Starting model optimize
--------------------------------------------------
Model update took: 7.295608520507812e-05 seconds
Model optimize took: 0.005543708801269531 seconds
--------------------------------------------------

Sketch (0) (cm: eps0: 0.03125, del0: 0.05, min_mem: 0.33984375)
Par: 1, Rows: 3
(-0.000,0)    (-0.000,2)    (1.000,1)    
Total frac: 1.000

Sketch (1) (cm: eps0: 1.25e-06, del0: 0.05, min_mem: 8494.6328125)
Par: 1, Rows: 3
(1.000,0)    (-0.000,2)    (0.000,1)    
Total frac: 1.000

Sketch (2) (cm: eps0: 0.625, del0: 0.025, min_mem: 0.01953125)
Par: 1, Rows: 4
(1.000,1)    (-0.000,0)    (-0.000,2)    
Total frac: 1.000

Device (0) cpu_1:
Rows total: 3.0
Mem total: 25483.89843750003

Device (1) p4_1:
Rows total: 7.0
Mem total: 1.09765625

Device (2) cpu_2:
Rows total: 0.0
Mem total: 0.0
--------------------------------------------------
Changed value of parameter NonConvex to 2
   Prev: -1  Min: -1  Max: 2  Default: -1
Changed value of parameter NonConvex to 2
   Prev: -1  Min: -1  Max: 2  Default: -1

Throughput: 55.99439742457172 Mpps, ns per packet: 17.858929571428433
Resources: 94.88369528452556
Used Cores: 9.0, Total CPUS: 2, Switch Memory: 1.09765625

Sketch (0) (cm: eps0: 0.03125, del0: 0.05, min_mem: 0.33984375)
Par: 1, Rows: 3
(-0.000,0)    (-0.000,2)    (1.000,1)    
Total frac: 1.000

Sketch (1) (cm: eps0: 1.25e-06, del0: 0.05, min_mem: 8494.6328125)
Par: 1, Rows: 3
(1.000,0)    (-0.000,2)    (0.000,1)    
Total frac: 1.000

Sketch (2) (cm: eps0: 0.625, del0: 0.025, min_mem: 0.01953125)
Par: 1, Rows: 4
(1.000,1)    (-0.000,0)    (-0.000,2)    
Total frac: 1.000

Device (0) cpu_1:
cores_sketch: 5.000000000000001, cores_dpdk: 1.9999999999999993
Rows total: 3.0
Mem total: 25483.89843750003
Throughput: 56.00000000000043

Device (1) p4_1:
Rows total: 7.0
Mem total: 1.09765625
Throughput: 148.0

Device (2) cpu_2:
cores_sketch: 0.0, cores_dpdk: 2.0
Rows total: 0
Mem total: 0.0
Throughput: 55.99439742457172
--------------------------------------------------
Function: solve took 0.026350975036621094 seconds
