Function: get_partitions took 1.3113021850585938e-05 seconds
Function: map_flows_partitions took 2.86102294921875e-06 seconds
Using license file /home/anup/gurobi.lic
Academic license - for non-commercial use only
Building model with:
2 devices, 1 partitions and 1 flows
Adding frac and mem vars took: 0.00033545494079589844s
Adding coverage constraints took: 0.0002834796905517578s
Adding accuracy constraints took 0.0001323223114013672s
Adding load constraints took: 0.0004200935363769531s
Starting model update
Model update complete, took: 6.365776062011719e-05 s
Starting model optimize
--------------------------------------------------
Model update took: 6.365776062011719e-05 seconds
Model optimize took: 0.0024509429931640625 seconds
--------------------------------------------------

Sketch (0) (cm: eps0: 0.0003125, del0: 0.05, min_mem: 33.98046875)
Par: 1, Rows: 3
(1.000,1)    (-0.000,0)    
Total frac: 1.000

Device (0) p4_1:
Rows total: 0.0
Mem total: 0.0

Device (1) p4_2:
Rows total: 3.0
Mem total: 101.94140625
--------------------------------------------------

Throughput: 148.0 Mpps, ns per packet: 6.756756756756757
Resources: 2.873779296875
Used Cores: 0, Total CPUS: 0, Switch Memory: 101.94140625

Sketch (0) (cm: eps0: 0.0003125, del0: 0.05, min_mem: 33.98046875)
Par: 1, Rows: 3
(1.000,1)    (-0.000,0)    
Total frac: 1.000

Device (0) p4_1:
Rows total: 0
Mem total: 0.0
Throughput: 148.0

Device (1) p4_2:
Rows total: 3.0
Mem total: 101.94140625
Throughput: 148.0
--------------------------------------------------
Function: solve took 0.00998067855834961 seconds
