Function: get_partitions took 1.2159347534179688e-05 seconds
Function: map_flows_partitions took 2.86102294921875e-06 seconds
Using license file /home/anup/gurobi.lic
Academic license - for non-commercial use only
Building model with:
2 devices, 1 partitions and 1 flows
Adding frac and mem vars took: 0.0002982616424560547s
Adding coverage constraints took: 0.0003104209899902344s
Adding accuracy constraints took 0.00013208389282226562s
Adding load constraints took: 0.0003032684326171875s
Starting model update
Model update complete, took: 8.082389831542969e-05 s
Starting model optimize
--------------------------------------------------
Model update took: 8.082389831542969e-05 seconds
Model optimize took: 0.0024099349975585938 seconds
--------------------------------------------------

Sketch (0) (cm: eps0: 0.00625, del0: 0.05, min_mem: 1.69921875)
Par: 1, Rows: 3
(0.500,1)    (0.500,0)    
Total frac: 1.000

Device (0) cpu_1:
Rows total: 1.5
Mem total: 2.548828125

Device (1) p4_1:
Rows total: 1.5
Mem total: 2.548828125
--------------------------------------------------
Changed value of parameter NonConvex to 2
   Prev: -1  Min: -1  Max: 2  Default: -1

Throughput: 93.33333333333333 Mpps, ns per packet: 10.714285714285715
Resources: 70.42841172218321
Used Cores: 6.999999999999998, Total CPUS: 1, Switch Memory: 2.548828125

Sketch (0) (cm: eps0: 0.00625, del0: 0.05, min_mem: 1.69921875)
Par: 1, Rows: 3
(0.500,1)    (0.500,0)    
Total frac: 1.000

Device (0) cpu_1:
cores_sketch: 1.0, cores_dpdk: 5.999999999999998
Rows total: 1.5
Mem total: 2.548828125
Throughput: 93.33333333333333

Device (1) p4_1:
Rows total: 1.5
Mem total: 2.548828125
Throughput: 148.0
--------------------------------------------------
Function: solve took 0.016538619995117188 seconds
