Function: get_partitions took 5.7220458984375e-05 seconds
Function: map_flows_partitions took 1.7881393432617188e-05 seconds
Using license file /home/anup/gurobi.lic
Academic license - for non-commercial use only
Building model with:
21 devices, 20 partitions and 20 flows
Adding frac and mem vars took: 0.0010695457458496094s
Adding coverage constraints took: 0.0007395744323730469s
Adding accuracy constraints took 0.002249479293823242s
Adding load constraints took: 0.004587650299072266s
Starting model update
Model update complete, took: 0.00036406517028808594 s
Starting model optimize
--------------------------------------------------
Model update took: 0.00036406517028808594 seconds
Model optimize took: 0.007606029510498047 seconds
--------------------------------------------------

Sketch (0) (cm: eps0: 0.00625, del0: 0.05, min_mem: 1.69921875)
Par: 1, Rows: 3
(0.000,20)    (0.667,0)    (0.333,1)    
Total frac: 1.000

Sketch (1) (cm: eps0: 0.00625, del0: 0.05, min_mem: 1.69921875)
Par: 1, Rows: 3
(0.381,2)    (0.619,1)    (0.000,20)    
Total frac: 1.000

Sketch (2) (cm: eps0: 0.00625, del0: 0.05, min_mem: 1.69921875)
Par: 1, Rows: 3
(0.571,2)    (0.429,3)    (0.000,20)    
Total frac: 1.000

Sketch (3) (cm: eps0: 0.00625, del0: 0.05, min_mem: 1.69921875)
Par: 1, Rows: 3
(0.476,20)    (0.524,3)    (0.000,4)    
Total frac: 1.000

Sketch (4) (cm: eps0: 0.00625, del0: 0.05, min_mem: 1.69921875)
Par: 1, Rows: 3
(0.952,4)    (0.048,20)    (0.000,5)    
Total frac: 1.000

Sketch (5) (cm: eps0: 0.00625, del0: 0.05, min_mem: 1.69921875)
Par: 1, Rows: 3
(0.952,5)    (0.048,20)    (0.000,6)    
Total frac: 1.000

Sketch (6) (cm: eps0: 0.00625, del0: 0.05, min_mem: 1.69921875)
Par: 1, Rows: 3
(0.952,6)    (0.000,7)    (0.048,20)    
Total frac: 1.000

Sketch (7) (cm: eps0: 0.00625, del0: 0.05, min_mem: 1.69921875)
Par: 1, Rows: 3
(0.952,7)    (0.000,20)    (0.048,8)    
Total frac: 1.000

Sketch (8) (cm: eps0: 0.00625, del0: 0.05, min_mem: 1.69921875)
Par: 1, Rows: 3
(0.095,9)    (0.000,20)    (0.905,8)    
Total frac: 1.000

Sketch (9) (cm: eps0: 0.00625, del0: 0.05, min_mem: 1.69921875)
Par: 1, Rows: 3
(0.000,20)    (0.143,10)    (0.857,9)    
Total frac: 1.000

Sketch (10) (cm: eps0: 0.00625, del0: 0.05, min_mem: 1.69921875)
Par: 1, Rows: 3
(0.000,11)    (0.190,20)    (0.810,10)    
Total frac: 1.000

Sketch (11) (cm: eps0: 0.00625, del0: 0.05, min_mem: 1.69921875)
Par: 1, Rows: 3
(0.952,11)    (0.000,12)    (0.048,20)    
Total frac: 1.000

Sketch (12) (cm: eps0: 0.00625, del0: 0.05, min_mem: 1.69921875)
Par: 1, Rows: 3
(0.952,12)    (0.048,20)    (0.000,13)    
Total frac: 1.000

Sketch (13) (cm: eps0: 0.00625, del0: 0.05, min_mem: 1.69921875)
Par: 1, Rows: 3
(0.952,13)    (0.000,14)    (0.048,20)    
Total frac: 1.000

Sketch (14) (cm: eps0: 0.00625, del0: 0.05, min_mem: 1.69921875)
Par: 1, Rows: 3
(0.952,14)    (0.048,15)    (0.000,20)    
Total frac: 1.000

Sketch (15) (cm: eps0: 0.00625, del0: 0.05, min_mem: 1.69921875)
Par: 1, Rows: 3
(0.095,16)    (0.905,15)    (0.000,20)    
Total frac: 1.000

Sketch (16) (cm: eps0: 0.00625, del0: 0.05, min_mem: 1.69921875)
Par: 1, Rows: 3
(0.857,16)    (0.143,17)    (0.000,20)    
Total frac: 1.000

Sketch (17) (cm: eps0: 0.00625, del0: 0.05, min_mem: 1.69921875)
Par: 1, Rows: 3
(0.000,20)    (0.190,18)    (0.810,17)    
Total frac: 1.000

Sketch (18) (cm: eps0: 0.00625, del0: 0.05, min_mem: 1.69921875)
Par: 1, Rows: 3
(0.238,19)    (0.000,20)    (0.762,18)    
Total frac: 1.000

Sketch (19) (cm: eps0: 0.00625, del0: 0.05, min_mem: 1.69921875)
Par: 1, Rows: 3
(0.714,19)    (0.000,20)    (0.286,0)    
Total frac: 1.000

Device (0) cpu_0:
Rows total: 2.857142857142857
Mem total: 4.854910714285714

Device (1) cpu_1:
Rows total: 2.857142857142857
Mem total: 4.854910714285714

Device (2) cpu_2:
Rows total: 2.857142857142857
Mem total: 4.854910714285714

Device (3) cpu_3:
Rows total: 2.857142857142857
Mem total: 4.854910714285714

Device (4) cpu_4:
Rows total: 2.857142857142857
Mem total: 4.854910714285714

Device (5) cpu_5:
Rows total: 2.857142857142857
Mem total: 4.854910714285714

Device (6) cpu_6:
Rows total: 2.857142857142857
Mem total: 4.854910714285714

Device (7) cpu_7:
Rows total: 2.857142857142857
Mem total: 4.854910714285714

Device (8) cpu_8:
Rows total: 2.857142857142857
Mem total: 4.854910714285714

Device (9) cpu_9:
Rows total: 2.857142857142857
Mem total: 4.854910714285714

Device (10) cpu_10:
Rows total: 2.857142857142857
Mem total: 4.854910714285714

Device (11) cpu_11:
Rows total: 2.857142857142857
Mem total: 4.854910714285714

Device (12) cpu_12:
Rows total: 2.857142857142857
Mem total: 4.854910714285714

Device (13) cpu_13:
Rows total: 2.857142857142857
Mem total: 4.854910714285714

Device (14) cpu_14:
Rows total: 2.857142857142857
Mem total: 4.854910714285714

Device (15) cpu_15:
Rows total: 2.857142857142857
Mem total: 4.854910714285714

Device (16) cpu_16:
Rows total: 2.857142857142857
Mem total: 4.854910714285714

Device (17) cpu_17:
Rows total: 2.857142857142857
Mem total: 4.854910714285714

Device (18) cpu_18:
Rows total: 2.857142857142857
Mem total: 4.854910714285714

Device (19) cpu_19:
Rows total: 2.857142857142857
Mem total: 4.854910714285714

Device (20) p4_1:
Rows total: 2.857142857142857
Mem total: 4.854910714285714
--------------------------------------------------
Changed value of parameter NonConvex to 2
   Prev: -1  Min: -1  Max: 2  Default: -1
Changed value of parameter NonConvex to 2
   Prev: -1  Min: -1  Max: 2  Default: -1
Changed value of parameter NonConvex to 2
   Prev: -1  Min: -1  Max: 2  Default: -1
Changed value of parameter NonConvex to 2
   Prev: -1  Min: -1  Max: 2  Default: -1
Changed value of parameter NonConvex to 2
   Prev: -1  Min: -1  Max: 2  Default: -1
Changed value of parameter NonConvex to 2
   Prev: -1  Min: -1  Max: 2  Default: -1
Changed value of parameter NonConvex to 2
   Prev: -1  Min: -1  Max: 2  Default: -1
Changed value of parameter NonConvex to 2
   Prev: -1  Min: -1  Max: 2  Default: -1
Changed value of parameter NonConvex to 2
   Prev: -1  Min: -1  Max: 2  Default: -1
Changed value of parameter NonConvex to 2
   Prev: -1  Min: -1  Max: 2  Default: -1
Changed value of parameter NonConvex to 2
   Prev: -1  Min: -1  Max: 2  Default: -1
Changed value of parameter NonConvex to 2
   Prev: -1  Min: -1  Max: 2  Default: -1
Changed value of parameter NonConvex to 2
   Prev: -1  Min: -1  Max: 2  Default: -1
Changed value of parameter NonConvex to 2
   Prev: -1  Min: -1  Max: 2  Default: -1
Changed value of parameter NonConvex to 2
   Prev: -1  Min: -1  Max: 2  Default: -1
Changed value of parameter NonConvex to 2
   Prev: -1  Min: -1  Max: 2  Default: -1
Changed value of parameter NonConvex to 2
   Prev: -1  Min: -1  Max: 2  Default: -1
Changed value of parameter NonConvex to 2
   Prev: -1  Min: -1  Max: 2  Default: -1
Changed value of parameter NonConvex to 2
   Prev: -1  Min: -1  Max: 2  Default: -1
Changed value of parameter NonConvex to 2
   Prev: -1  Min: -1  Max: 2  Default: -1

Throughput: 87.49999999999999 Mpps, ns per packet: 11.42857142857143
Resources: 1400.8272824968603
Used Cores: 139.99999999999997, Total CPUS: 20, Switch Memory: 4.854910714285714

Sketch (0) (cm: eps0: 0.00625, del0: 0.05, min_mem: 1.69921875)
Par: 1, Rows: 3
(0.000,20)    (0.667,0)    (0.333,1)    
Total frac: 1.000

Sketch (1) (cm: eps0: 0.00625, del0: 0.05, min_mem: 1.69921875)
Par: 1, Rows: 3
(0.381,2)    (0.619,1)    (0.000,20)    
Total frac: 1.000

Sketch (2) (cm: eps0: 0.00625, del0: 0.05, min_mem: 1.69921875)
Par: 1, Rows: 3
(0.571,2)    (0.429,3)    (0.000,20)    
Total frac: 1.000

Sketch (3) (cm: eps0: 0.00625, del0: 0.05, min_mem: 1.69921875)
Par: 1, Rows: 3
(0.476,20)    (0.524,3)    (0.000,4)    
Total frac: 1.000

Sketch (4) (cm: eps0: 0.00625, del0: 0.05, min_mem: 1.69921875)
Par: 1, Rows: 3
(0.952,4)    (0.048,20)    (0.000,5)    
Total frac: 1.000

Sketch (5) (cm: eps0: 0.00625, del0: 0.05, min_mem: 1.69921875)
Par: 1, Rows: 3
(0.952,5)    (0.048,20)    (0.000,6)    
Total frac: 1.000

Sketch (6) (cm: eps0: 0.00625, del0: 0.05, min_mem: 1.69921875)
Par: 1, Rows: 3
(0.952,6)    (0.000,7)    (0.048,20)    
Total frac: 1.000

Sketch (7) (cm: eps0: 0.00625, del0: 0.05, min_mem: 1.69921875)
Par: 1, Rows: 3
(0.952,7)    (0.000,20)    (0.048,8)    
Total frac: 1.000

Sketch (8) (cm: eps0: 0.00625, del0: 0.05, min_mem: 1.69921875)
Par: 1, Rows: 3
(0.095,9)    (0.000,20)    (0.905,8)    
Total frac: 1.000

Sketch (9) (cm: eps0: 0.00625, del0: 0.05, min_mem: 1.69921875)
Par: 1, Rows: 3
(0.000,20)    (0.143,10)    (0.857,9)    
Total frac: 1.000

Sketch (10) (cm: eps0: 0.00625, del0: 0.05, min_mem: 1.69921875)
Par: 1, Rows: 3
(0.000,11)    (0.190,20)    (0.810,10)    
Total frac: 1.000

Sketch (11) (cm: eps0: 0.00625, del0: 0.05, min_mem: 1.69921875)
Par: 1, Rows: 3
(0.952,11)    (0.000,12)    (0.048,20)    
Total frac: 1.000

Sketch (12) (cm: eps0: 0.00625, del0: 0.05, min_mem: 1.69921875)
Par: 1, Rows: 3
(0.952,12)    (0.048,20)    (0.000,13)    
Total frac: 1.000

Sketch (13) (cm: eps0: 0.00625, del0: 0.05, min_mem: 1.69921875)
Par: 1, Rows: 3
(0.952,13)    (0.000,14)    (0.048,20)    
Total frac: 1.000

Sketch (14) (cm: eps0: 0.00625, del0: 0.05, min_mem: 1.69921875)
Par: 1, Rows: 3
(0.952,14)    (0.048,15)    (0.000,20)    
Total frac: 1.000

Sketch (15) (cm: eps0: 0.00625, del0: 0.05, min_mem: 1.69921875)
Par: 1, Rows: 3
(0.095,16)    (0.905,15)    (0.000,20)    
Total frac: 1.000

Sketch (16) (cm: eps0: 0.00625, del0: 0.05, min_mem: 1.69921875)
Par: 1, Rows: 3
(0.857,16)    (0.143,17)    (0.000,20)    
Total frac: 1.000

Sketch (17) (cm: eps0: 0.00625, del0: 0.05, min_mem: 1.69921875)
Par: 1, Rows: 3
(0.000,20)    (0.190,18)    (0.810,17)    
Total frac: 1.000

Sketch (18) (cm: eps0: 0.00625, del0: 0.05, min_mem: 1.69921875)
Par: 1, Rows: 3
(0.238,19)    (0.000,20)    (0.762,18)    
Total frac: 1.000

Sketch (19) (cm: eps0: 0.00625, del0: 0.05, min_mem: 1.69921875)
Par: 1, Rows: 3
(0.714,19)    (0.000,20)    (0.286,0)    
Total frac: 1.000

Device (0) cpu_0:
cores_sketch: 2.0, cores_dpdk: 4.9999999999999964
Rows total: 2.857142857142857
Mem total: 4.854910714285714
Throughput: 87.49999999999999

Device (1) cpu_1:
cores_sketch: 2.0, cores_dpdk: 4.9999999999999964
Rows total: 2.857142857142857
Mem total: 4.854910714285714
Throughput: 87.49999999999999

Device (2) cpu_2:
cores_sketch: 2.0, cores_dpdk: 4.9999999999999964
Rows total: 2.857142857142857
Mem total: 4.854910714285714
Throughput: 87.49999999999999

Device (3) cpu_3:
cores_sketch: 2.0, cores_dpdk: 4.9999999999999964
Rows total: 2.857142857142857
Mem total: 4.854910714285714
Throughput: 87.49999999999999

Device (4) cpu_4:
cores_sketch: 2.0, cores_dpdk: 4.9999999999999964
Rows total: 2.857142857142857
Mem total: 4.854910714285714
Throughput: 87.49999999999999

Device (5) cpu_5:
cores_sketch: 2.0, cores_dpdk: 4.9999999999999964
Rows total: 2.857142857142857
Mem total: 4.854910714285714
Throughput: 87.49999999999999

Device (6) cpu_6:
cores_sketch: 2.0, cores_dpdk: 4.9999999999999964
Rows total: 2.857142857142857
Mem total: 4.854910714285714
Throughput: 87.49999999999999

Device (7) cpu_7:
cores_sketch: 2.0, cores_dpdk: 4.9999999999999964
Rows total: 2.857142857142857
Mem total: 4.854910714285714
Throughput: 87.49999999999999

Device (8) cpu_8:
cores_sketch: 2.0, cores_dpdk: 4.9999999999999964
Rows total: 2.857142857142857
Mem total: 4.854910714285714
Throughput: 87.49999999999999

Device (9) cpu_9:
cores_sketch: 2.0, cores_dpdk: 4.9999999999999964
Rows total: 2.857142857142857
Mem total: 4.854910714285714
Throughput: 87.49999999999999

Device (10) cpu_10:
cores_sketch: 2.0, cores_dpdk: 4.9999999999999964
Rows total: 2.857142857142857
Mem total: 4.854910714285714
Throughput: 87.49999999999999

Device (11) cpu_11:
cores_sketch: 2.0, cores_dpdk: 4.9999999999999964
Rows total: 2.857142857142857
Mem total: 4.854910714285714
Throughput: 87.49999999999999

Device (12) cpu_12:
cores_sketch: 2.0, cores_dpdk: 4.9999999999999964
Rows total: 2.857142857142857
Mem total: 4.854910714285714
Throughput: 87.49999999999999

Device (13) cpu_13:
cores_sketch: 2.0, cores_dpdk: 4.9999999999999964
Rows total: 2.857142857142857
Mem total: 4.854910714285714
Throughput: 87.49999999999999

Device (14) cpu_14:
cores_sketch: 2.0, cores_dpdk: 4.9999999999999964
Rows total: 2.857142857142857
Mem total: 4.854910714285714
Throughput: 87.49999999999999

Device (15) cpu_15:
cores_sketch: 2.0, cores_dpdk: 4.9999999999999964
Rows total: 2.857142857142857
Mem total: 4.854910714285714
Throughput: 87.49999999999999

Device (16) cpu_16:
cores_sketch: 2.0, cores_dpdk: 4.9999999999999964
Rows total: 2.857142857142857
Mem total: 4.854910714285714
Throughput: 87.49999999999999

Device (17) cpu_17:
cores_sketch: 2.0, cores_dpdk: 4.9999999999999964
Rows total: 2.857142857142857
Mem total: 4.854910714285714
Throughput: 87.49999999999999

Device (18) cpu_18:
cores_sketch: 2.0, cores_dpdk: 4.9999999999999964
Rows total: 2.857142857142857
Mem total: 4.854910714285714
Throughput: 87.49999999999999

Device (19) cpu_19:
cores_sketch: 2.0, cores_dpdk: 4.9999999999999964
Rows total: 2.857142857142857
Mem total: 4.854910714285714
Throughput: 87.49999999999999

Device (20) p4_1:
Rows total: 2.857142857142857
Mem total: 4.854910714285714
Throughput: 148.0
--------------------------------------------------
Function: solve took 0.21866703033447266 seconds
