Function: get_partitions took 1.4066696166992188e-05 seconds
Function: map_flows_partitions took 1.33514404296875e-05 seconds
Using license file /home/anup/gurobi.lic
Academic license - for non-commercial use only
Building model with:
21 devices, 1 partitions and 20 flows
Adding frac and mem vars took: 0.0003001689910888672s
Adding coverage constraints took: 0.00043511390686035156s
Adding accuracy constraints took 0.0005183219909667969s
Adding load constraints took: 0.0017940998077392578s
Starting model update
Model update complete, took: 4.8160552978515625e-05 s
Starting model optimize
--------------------------------------------------
Model update took: 4.8160552978515625e-05 seconds
Model optimize took: 0.007945537567138672 seconds
--------------------------------------------------

Throughput: 87.49124322019419 Mpps, ns per packet: 11.429715285714286
Resources: 240.96609897564335
Used Cores: 7.0, Total CPUS: 1, Switch Memory: 8123.887626733703

Sketch (0) (cm: eps0: 6.25e-06, del0: 0.05, min_mem: 1698.9296875)
Par: 1, Rows: 3
(0.080,18)    (0.080,3)    (0.080,8)    (0.080,14)    (0.080,19)    (0.080,4)    (0.080,9)    (0.080,15)    (0.841,20)    (0.080,5)    (0.080,10)    (0.080,0)    (0.080,6)    (0.080,11)    (0.080,16)    (0.080,1)    (0.080,7)    (0.080,12)    (0.080,17)    (0.080,2)    (0.080,13)    
Total frac: 2.435

Device (0) p4_0:
Rows total: 0.239088400376596
Mem total: 406.1943813366851
Throughput: 148.0

Device (1) p4_1:
Rows total: 0.239088400376596
Mem total: 406.1943813366851
Throughput: 148.0

Device (2) p4_2:
Rows total: 0.239088400376596
Mem total: 406.1943813366851
Throughput: 148.0

Device (3) p4_3:
Rows total: 0.239088400376596
Mem total: 406.1943813366851
Throughput: 148.0

Device (4) p4_4:
Rows total: 0.239088400376596
Mem total: 406.1943813366851
Throughput: 148.0

Device (5) p4_5:
Rows total: 0.239088400376596
Mem total: 406.1943813366851
Throughput: 148.0

Device (6) p4_6:
Rows total: 0.239088400376596
Mem total: 406.1943813366851
Throughput: 148.0

Device (7) p4_7:
Rows total: 0.239088400376596
Mem total: 406.1943813366851
Throughput: 148.0

Device (8) p4_8:
Rows total: 0.239088400376596
Mem total: 406.1943813366851
Throughput: 148.0

Device (9) p4_9:
Rows total: 0.239088400376596
Mem total: 406.1943813366851
Throughput: 148.0

Device (10) p4_10:
Rows total: 0.239088400376596
Mem total: 406.1943813366851
Throughput: 148.0

Device (11) p4_11:
Rows total: 0.239088400376596
Mem total: 406.1943813366851
Throughput: 148.0

Device (12) p4_12:
Rows total: 0.239088400376596
Mem total: 406.1943813366851
Throughput: 148.0

Device (13) p4_13:
Rows total: 0.239088400376596
Mem total: 406.1943813366851
Throughput: 148.0

Device (14) p4_14:
Rows total: 0.239088400376596
Mem total: 406.1943813366851
Throughput: 148.0

Device (15) p4_15:
Rows total: 0.239088400376596
Mem total: 406.1943813366851
Throughput: 148.0

Device (16) p4_16:
Rows total: 0.239088400376596
Mem total: 406.1943813366851
Throughput: 148.0

Device (17) p4_17:
Rows total: 0.239088400376596
Mem total: 406.1943813366851
Throughput: 148.0

Device (18) p4_18:
Rows total: 0.239088400376596
Mem total: 406.1943813366851
Throughput: 148.0

Device (19) p4_19:
Rows total: 0.239088400376596
Mem total: 406.1943813366851
Throughput: 148.0

Device (20) cpu_1:
cores_sketch: 2.0, cores_dpdk: 5.0
Rows total: 2.521823199246808
Mem total: 4284.40029982663
Throughput: 87.49124322019419
--------------------------------------------------
Function: solve took 0.020836353302001953 seconds
