Function: get_partitions took 1.4066696166992188e-05 seconds
Function: map_flows_partitions took 1.3828277587890625e-05 seconds
Using license file /home/anup/gurobi.lic
Academic license - for non-commercial use only
Building model with:
21 devices, 1 partitions and 20 flows
Adding frac and mem vars took: 0.0003292560577392578s
Adding coverage constraints took: 0.00048422813415527344s
Adding accuracy constraints took 0.0004398822784423828s
Adding load constraints took: 0.0018122196197509766s
Starting model update
Model update complete, took: 3.528594970703125e-05 s
Starting model optimize
--------------------------------------------------
Model update took: 3.528594970703125e-05 seconds
Model optimize took: 0.002871274948120117 seconds
--------------------------------------------------

Throughput: 98.0 Mpps, ns per packet: 10.204081632653061
Resources: 78.56201171875
Used Cores: 7.0, Total CPUS: 1, Switch Memory: 50.9765625

Sketch (0) (cm: eps0: 0.00625, del0: 0.05, min_mem: 1.69921875)
Par: 1, Rows: 3
(0.500,18)    (0.500,3)    (0.500,8)    (0.500,14)    (0.500,19)    (0.500,4)    (0.500,9)    (0.500,15)    (0.000,20)    (0.500,5)    (0.500,10)    (0.500,0)    (0.500,6)    (0.500,11)    (0.500,16)    (0.500,1)    (0.500,7)    (0.500,12)    (0.500,17)    (0.500,2)    (0.500,13)    
Total frac: 10.000

Device (0) p4_0:
Rows total: 1.5
Mem total: 2.548828125
Throughput: 148.0

Device (1) p4_1:
Rows total: 1.5
Mem total: 2.548828125
Throughput: 148.0

Device (2) p4_2:
Rows total: 1.5
Mem total: 2.548828125
Throughput: 148.0

Device (3) p4_3:
Rows total: 1.5
Mem total: 2.548828125
Throughput: 148.0

Device (4) p4_4:
Rows total: 1.5
Mem total: 2.548828125
Throughput: 148.0

Device (5) p4_5:
Rows total: 1.5
Mem total: 2.548828125
Throughput: 148.0

Device (6) p4_6:
Rows total: 1.5
Mem total: 2.548828125
Throughput: 148.0

Device (7) p4_7:
Rows total: 1.5
Mem total: 2.548828125
Throughput: 148.0

Device (8) p4_8:
Rows total: 1.5
Mem total: 2.548828125
Throughput: 148.0

Device (9) p4_9:
Rows total: 1.5
Mem total: 2.548828125
Throughput: 148.0

Device (10) p4_10:
Rows total: 1.5
Mem total: 2.548828125
Throughput: 148.0

Device (11) p4_11:
Rows total: 1.5
Mem total: 2.548828125
Throughput: 148.0

Device (12) p4_12:
Rows total: 1.5
Mem total: 2.548828125
Throughput: 148.0

Device (13) p4_13:
Rows total: 1.5
Mem total: 2.548828125
Throughput: 148.0

Device (14) p4_14:
Rows total: 1.5
Mem total: 2.548828125
Throughput: 148.0

Device (15) p4_15:
Rows total: 1.5
Mem total: 2.548828125
Throughput: 148.0

Device (16) p4_16:
Rows total: 1.5
Mem total: 2.548828125
Throughput: 148.0

Device (17) p4_17:
Rows total: 1.5
Mem total: 2.548828125
Throughput: 148.0

Device (18) p4_18:
Rows total: 1.5
Mem total: 2.548828125
Throughput: 148.0

Device (19) p4_19:
Rows total: 1.5
Mem total: 2.548828125
Throughput: 148.0

Device (20) cpu_1:
cores_sketch: 0.0, cores_dpdk: 7.0
Rows total: 0.0
Mem total: 0.0
Throughput: 98.0
--------------------------------------------------
Function: solve took 0.01670098304748535 seconds
