Function: get_partitions took 1.9311904907226562e-05 seconds
Function: map_flows_partitions took 3.814697265625e-06 seconds
Using license file /home/anup/gurobi.lic
Academic license - for non-commercial use only
Building model with:
2 devices, 3 partitions and 1 flows
Adding frac and mem vars took: 0.0002510547637939453s
Adding coverage constraints took: 0.00020194053649902344s
Adding accuracy constraints took 0.00015020370483398438s
Adding load constraints took: 0.00026607513427734375s
Starting model update
Model update complete, took: 6.842613220214844e-05 s
Starting model optimize
--------------------------------------------------
Model update took: 6.842613220214844e-05 seconds
Model optimize took: 0.0011227130889892578 seconds
--------------------------------------------------

Sketch (0) (cm: eps0: 6.25e-06, del0: 0.05, min_mem: 1698.9296875)
Par: 1, Rows: 3
(0.897,0)    (0.103,1)    
Total frac: 1.000

Sketch (1) (cm: eps0: 0.000625, del0: 0.05, min_mem: 16.9921875)
Par: 1, Rows: 3
(1.000,0)    (0.000,1)    
Total frac: 1.000

Sketch (2) (cm: eps0: 0.000625, del0: 0.05, min_mem: 16.9921875)
Par: 1, Rows: 3
(1.000,1)    (0.000,0)    
Total frac: 1.000

Device (0) cpu_1:
Rows total: 5.691240216625357
Mem total: 4623.204462718751

Device (1) p4_1:
Rows total: 3.3087597833746423
Mem total: 575.5377247812489
--------------------------------------------------
Changed value of parameter NonConvex to 2
   Prev: -1  Min: -1  Max: 2  Default: -1

Throughput: 70.0 Mpps, ns per packet: 14.285714285714286
Resources: 83.38191522563514
Used Cores: 7.0, Total CPUS: 1, Switch Memory: 575.5377247812489

Sketch (0) (cm: eps0: 6.25e-06, del0: 0.05, min_mem: 1698.9296875)
Par: 1, Rows: 3
(0.897,0)    (0.103,1)    
Total frac: 1.000

Sketch (1) (cm: eps0: 0.000625, del0: 0.05, min_mem: 16.9921875)
Par: 1, Rows: 3
(1.000,0)    (0.000,1)    
Total frac: 1.000

Sketch (2) (cm: eps0: 0.000625, del0: 0.05, min_mem: 16.9921875)
Par: 1, Rows: 3
(1.000,1)    (0.000,0)    
Total frac: 1.000

Device (0) cpu_1:
cores_sketch: 4.0, cores_dpdk: 2.9999999999999996
Rows total: 5.691240216625357
Mem total: 4623.204462718751
Throughput: 70.0

Device (1) p4_1:
Rows total: 3.3087597833746423
Mem total: 575.5377247812489
Throughput: 148.0
--------------------------------------------------
Function: solve took 0.01650381088256836 seconds
