Function: get_partitions took 0.00015974044799804688 seconds
Function: map_flows_partitions took 0.0004489421844482422 seconds
Using license file /home/anup/gurobi.lic
Academic license - for non-commercial use only
Building model with:
15 devices, 80 partitions and 400 flows
Adding frac and mem vars took: 0.00527191162109375s
Adding coverage constraints took: 0.005763530731201172s
Adding accuracy constraints took 0.015418767929077148s
Adding load constraints took: 0.018298864364624023s
Starting model update
Model update complete, took: 0.0011320114135742188 s
Starting model optimize
--------------------------------------------------
Model update took: 0.0011320114135742188 seconds
Model optimize took: 0.03036212921142578 seconds
--------------------------------------------------

Sketch (0) (cm: eps0: 0.00625, del0: 0.05, min_mem: 1.69921875)
Par: 1, Rows: 3
(0.000,9)    (0.000,1)    (0.000,8)    (1.000,0)    (0.000,14)    (0.000,6)    (0.000,13)    (0.700,5)    (0.000,12)    (0.000,11)    (0.000,3)    (0.000,10)    (0.800,2)    
Total frac: 2.500

Sketch (1) (cm: eps0: 0.00625, del0: 0.05, min_mem: 1.69921875)
Par: 1, Rows: 3
(0.000,14)    (0.000,5)    (0.000,6)    (0.000,11)    (0.000,12)    (0.400,3)    (0.000,9)    (0.000,10)    (0.000,1)    (0.600,2)    (0.100,8)    (0.000,0)    (0.200,7)    (0.600,13)    
Total frac: 1.900

Sketch (2) (cm: eps0: 0.00625, del0: 0.05, min_mem: 1.69921875)
Par: 1, Rows: 3
(0.000,8)    (0.900,14)    (0.000,0)    (0.000,13)    (0.000,5)    (0.000,7)    (0.000,10)    (0.000,12)    (0.000,2)    (0.000,9)    (0.000,4)    (0.000,11)    (0.000,1)    
Total frac: 0.900

Sketch (3) (cm: eps0: 0.00625, del0: 0.05, min_mem: 1.69921875)
Par: 1, Rows: 3
(0.000,7)    (0.200,9)    (0.000,10)    (0.000,11)    (0.000,1)    (0.800,12)    (0.000,2)    (0.000,3)    (0.000,4)    (0.000,13)    (0.000,8)    (0.000,14)    (0.000,0)    (0.000,6)    
Total frac: 1.000

Sketch (4) (cm: eps0: 0.00625, del0: 0.05, min_mem: 1.69921875)
Par: 1, Rows: 3
(0.000,11)    (0.000,7)    (0.100,3)    (0.000,13)    (0.000,9)    (0.000,12)    (0.900,4)    (0.000,10)    (0.000,14)    
Total frac: 1.000

Sketch (5) (cm: eps0: 0.00625, del0: 0.05, min_mem: 1.69921875)
Par: 1, Rows: 3
(0.000,8)    (0.000,0)    (0.000,10)    (0.000,2)    (0.000,14)    (0.000,6)    (0.900,11)    (0.000,7)    (0.000,3)    (0.100,13)    (0.700,9)    (0.000,5)    (0.000,1)    (0.000,12)    
Total frac: 1.700

Sketch (6) (cm: eps0: 0.00625, del0: 0.05, min_mem: 1.69921875)
Par: 1, Rows: 3
(0.800,13)    (0.000,5)    (0.000,11)    (0.000,1)    (0.200,7)    (0.000,10)    (0.000,12)    (0.000,8)    (0.000,14)    (0.000,4)    (0.000,6)    
Total frac: 1.000

Sketch (7) (cm: eps0: 0.00625, del0: 0.05, min_mem: 1.69921875)
Par: 1, Rows: 3
(0.000,12)    (0.113,2)    (0.000,8)    (0.587,0)    (0.000,9)    
Total frac: 0.700

Sketch (8) (cm: eps0: 0.00625, del0: 0.05, min_mem: 1.69921875)
Par: 1, Rows: 3
(0.000,14)    (0.000,12)    (0.000,4)    (0.000,2)    (0.000,3)    (1.000,1)    (0.000,10)    (0.000,0)    (0.000,9)    (0.000,8)    (0.000,13)    
Total frac: 1.000

Sketch (9) (cm: eps0: 0.00625, del0: 0.05, min_mem: 1.69921875)
Par: 1, Rows: 3
(0.000,9)    (0.000,10)    (0.000,13)    (0.900,6)    (0.000,11)    (0.000,14)    (0.000,12)    (0.000,3)    (0.100,4)    
Total frac: 1.000

Sketch (10) (cm: eps0: 0.00625, del0: 0.05, min_mem: 1.69921875)
Par: 1, Rows: 3
(0.000,5)    (0.000,12)    (0.000,2)    (0.900,11)    (0.000,1)    (0.000,10)    (0.000,9)    (0.000,4)    (0.000,3)    (0.000,0)    (0.000,6)    (0.100,13)    (0.900,8)    (0.000,14)    
Total frac: 1.900

Sketch (11) (cm: eps0: 0.00625, del0: 0.05, min_mem: 1.69921875)
Par: 1, Rows: 3
(0.000,3)    (0.000,4)    (0.000,13)    (0.000,6)    (0.000,7)    (0.000,8)    (0.000,14)    (0.000,5)    (0.500,11)    (0.500,1)    (0.500,12)    (0.000,2)    (0.000,9)    (0.300,10)    
Total frac: 1.800

Sketch (12) (cm: eps0: 0.00625, del0: 0.05, min_mem: 1.69921875)
Par: 1, Rows: 3

Total frac: 0.000

Sketch (13) (cm: eps0: 0.00625, del0: 0.05, min_mem: 1.69921875)
Par: 1, Rows: 3
(0.000,13)    (0.000,3)    (0.100,1)    (0.000,12)    (0.500,9)    (0.300,5)    (0.000,0)    (0.400,8)    (0.700,4)    (0.000,2)    (0.000,10)    (0.000,14)    
Total frac: 2.000

Sketch (14) (cm: eps0: 0.00625, del0: 0.05, min_mem: 1.69921875)
Par: 1, Rows: 3
(0.000,10)    (0.400,0)    (0.500,6)    (0.000,8)    (0.000,14)    (0.000,4)    (0.300,13)    (0.000,11)    (0.400,1)    (0.000,7)    (0.000,9)    (0.000,5)    (0.000,12)    (0.300,2)    (0.600,3)    
Total frac: 2.500

Sketch (15) (cm: eps0: 0.00625, del0: 0.05, min_mem: 1.69921875)
Par: 1, Rows: 3
(0.000,11)    (0.000,9)    (0.800,5)    (0.000,3)    (0.000,12)    (0.100,2)    (0.000,10)    (0.900,0)    (0.000,6)    (0.000,8)    (0.000,14)    (0.000,4)    (0.000,13)    
Total frac: 1.800

Sketch (16) (cm: eps0: 0.00625, del0: 0.05, min_mem: 1.69921875)
Par: 1, Rows: 3
(0.000,7)    (0.900,2)    (0.000,13)    (1.000,0)    (0.000,12)    (0.000,4)    (0.000,11)    (0.000,3)    (0.000,14)    (0.000,10)    (0.000,9)    (0.000,8)    
Total frac: 1.900

Sketch (17) (cm: eps0: 0.00625, del0: 0.05, min_mem: 1.69921875)
Par: 1, Rows: 3
(0.100,0)    (0.700,12)    (0.200,4)    (0.000,9)    (0.000,14)    (0.000,10)    (0.000,8)    (0.000,13)    (0.000,2)    (0.000,5)    (0.000,6)    (0.000,11)    
Total frac: 1.000

Sketch (18) (cm: eps0: 0.00625, del0: 0.05, min_mem: 1.69921875)
Par: 1, Rows: 3
(0.000,8)    (0.100,6)    (0.000,13)    (0.598,7)    (0.000,14)    (0.000,10)    (0.800,0)    (0.000,12)    (0.000,9)    (0.000,4)    (0.302,11)    (0.000,3)    
Total frac: 1.800

Sketch (19) (cm: eps0: 0.00625, del0: 0.05, min_mem: 1.69921875)
Par: 1, Rows: 3
(0.000,9)    (0.000,14)    (0.000,10)    (0.000,11)    (0.000,0)    (0.800,12)    (0.100,3)    (0.000,4)    (0.000,1)    (0.000,13)    (0.000,8)    (0.000,6)    
Total frac: 0.900

Sketch (20) (cm: eps0: 0.00625, del0: 0.05, min_mem: 1.69921875)
Par: 1, Rows: 3
(0.000,13)    (0.000,9)    (0.000,5)    (0.000,12)    (0.000,8)    (0.200,4)    (0.000,10)    (0.900,6)    (0.000,1)    (0.000,11)    (0.100,7)    (0.100,2)    (0.500,14)    
Total frac: 1.800

Sketch (21) (cm: eps0: 0.00625, del0: 0.05, min_mem: 1.69921875)
Par: 1, Rows: 3
(0.734,1)    (0.537,6)    (0.463,11)    (0.000,7)    (0.266,0)    (0.534,3)    (0.000,13)    (0.000,2)    (0.000,9)    (0.000,5)    (0.366,14)    (0.000,12)    (0.000,8)    (0.000,4)    (0.000,10)    
Total frac: 2.900

Sketch (22) (cm: eps0: 0.00625, del0: 0.05, min_mem: 1.69921875)
Par: 1, Rows: 3
(0.000,11)    (0.000,7)    (0.000,3)    (0.000,10)    (0.000,12)    (0.000,8)    (0.200,4)    (0.000,6)    (0.000,1)    (0.000,2)    (0.800,14)    (0.000,13)    (0.000,0)    (0.000,9)    
Total frac: 1.000

Sketch (23) (cm: eps0: 0.00625, del0: 0.05, min_mem: 1.69921875)
Par: 1, Rows: 3
(0.000,6)    (0.300,13)    (0.000,2)    (0.200,9)    (0.700,5)    (0.000,14)    (0.000,11)    (0.000,7)    (0.000,0)    (0.000,3)    (0.000,10)    (0.200,12)    (0.000,1)    (0.400,8)    (0.000,4)    
Total frac: 1.800

Sketch (24) (cm: eps0: 0.00625, del0: 0.05, min_mem: 1.69921875)
Par: 1, Rows: 3
(0.000,3)    (0.091,14)    (0.000,9)    (0.800,8)    (0.109,7)    (0.000,6)    (0.000,1)    (0.000,13)    (0.000,0)    (0.000,12)    (0.000,11)    
Total frac: 1.000

Sketch (25) (cm: eps0: 0.00625, del0: 0.05, min_mem: 1.69921875)
Par: 1, Rows: 3
(0.000,8)    (0.000,1)    (0.000,13)    (0.000,2)    (0.000,6)    (0.000,11)    (0.000,0)    (0.800,12)    (0.000,9)    (0.000,14)    
Total frac: 0.800

Sketch (26) (cm: eps0: 0.00625, del0: 0.05, min_mem: 1.69921875)
Par: 1, Rows: 3
(0.800,14)    (0.000,10)    (0.000,9)    (0.200,4)    (0.000,3)    (0.700,2)    (0.000,1)    (0.000,13)    (0.000,8)    (0.000,5)    (0.000,0)    (0.000,12)    
Total frac: 1.700

Sketch (27) (cm: eps0: 0.00625, del0: 0.05, min_mem: 1.69921875)
Par: 1, Rows: 3
(0.000,2)    (0.100,6)    (0.900,8)    (0.000,5)    (0.000,11)    (0.000,0)    (0.000,12)    (0.000,9)    (0.000,14)    (0.000,10)    (0.000,3)    (0.800,4)    (0.000,1)    (0.000,13)    
Total frac: 1.800

Sketch (28) (cm: eps0: 0.00625, del0: 0.05, min_mem: 1.69921875)
Par: 1, Rows: 3
(0.000,6)    (0.000,1)    (0.000,0)    (0.000,11)    (0.000,7)    (0.700,2)    (0.000,13)    (0.000,12)    (0.000,3)    (0.000,14)    (0.000,9)    (1.000,8)    
Total frac: 1.700

Sketch (29) (cm: eps0: 0.00625, del0: 0.05, min_mem: 1.69921875)
Par: 1, Rows: 3
(0.000,12)    (0.000,9)    (0.000,8)    (0.100,1)    (0.000,0)    (0.800,2)    
Total frac: 0.900

Sketch (30) (cm: eps0: 0.00625, del0: 0.05, min_mem: 1.69921875)
Par: 1, Rows: 3
(0.678,2)    (0.000,13)    (0.000,14)    (0.000,9)    (0.000,5)    (0.000,12)    (0.322,3)    (0.000,10)    (0.900,1)    (0.000,8)    
Total frac: 1.900

Sketch (31) (cm: eps0: 0.00625, del0: 0.05, min_mem: 1.69921875)
Par: 1, Rows: 3
(0.000,5)    (0.000,14)    (0.000,3)    (0.900,12)    (0.000,1)    (0.000,10)    (0.000,6)    (0.000,8)    (0.000,4)    (0.000,13)    (0.000,2)    (0.000,11)    (0.700,7)    (0.000,0)    (0.100,9)    
Total frac: 1.700

Sketch (32) (cm: eps0: 0.00625, del0: 0.05, min_mem: 1.69921875)
Par: 1, Rows: 3
(0.000,13)    (0.000,12)    (0.000,5)    (0.900,11)    (0.000,10)    (0.000,8)    (0.000,1)    (0.000,7)    (0.000,14)    
Total frac: 0.900

Sketch (33) (cm: eps0: 0.00625, del0: 0.05, min_mem: 1.69921875)
Par: 1, Rows: 3
(0.000,1)    (0.200,2)    (0.000,8)    (0.000,7)    (0.000,13)    (0.800,14)    (0.000,6)    (0.000,11)    (0.000,12)    (0.000,9)    
Total frac: 1.000

Sketch (34) (cm: eps0: 0.00625, del0: 0.05, min_mem: 1.69921875)
Par: 1, Rows: 3
(1.000,5)    (0.000,7)    (0.000,10)    (0.000,12)    (0.000,11)    (0.000,4)    (0.000,1)    (0.000,8)    (0.000,14)    (0.000,13)    (1.000,6)    
Total frac: 2.000

Sketch (35) (cm: eps0: 0.00625, del0: 0.05, min_mem: 1.69921875)
Par: 1, Rows: 3
(0.452,3)    (0.000,4)    (0.000,13)    (0.052,8)    (0.648,14)    (0.000,5)    (0.200,0)    (0.200,6)    (0.800,7)    (0.296,9)    (0.000,10)    (0.000,11)    (0.000,12)    (0.000,1)    (0.152,2)    
Total frac: 2.800

Sketch (36) (cm: eps0: 0.00625, del0: 0.05, min_mem: 1.69921875)
Par: 1, Rows: 3
(0.000,10)    (0.000,0)    (0.000,14)    (0.000,6)    (1.000,11)    (0.000,7)    (0.000,13)    (0.000,12)    (0.000,8)    (0.000,5)    (0.000,1)    
Total frac: 1.000

Sketch (37) (cm: eps0: 0.00625, del0: 0.05, min_mem: 1.69921875)
Par: 1, Rows: 3
(0.800,7)    (0.000,13)    (0.000,5)    (0.000,10)    (0.000,11)    
Total frac: 0.800

Sketch (38) (cm: eps0: 0.00625, del0: 0.05, min_mem: 1.69921875)
Par: 1, Rows: 3
(0.000,8)    (0.000,2)    (1.000,14)    (0.000,4)    (0.000,0)    (0.000,6)    (0.000,13)    (0.000,9)    (0.900,11)    (0.000,7)    (0.700,3)    (0.000,10)    (0.000,12)    
Total frac: 2.600

Sketch (39) (cm: eps0: 0.00625, del0: 0.05, min_mem: 1.69921875)
Par: 1, Rows: 3
(0.000,11)    (0.000,5)    (0.000,1)    (0.000,7)    (0.000,10)    (0.000,12)    (0.000,8)    (0.000,14)    (0.000,0)    (0.100,6)    (0.800,13)    
Total frac: 0.900

Sketch (40) (cm: eps0: 0.00625, del0: 0.05, min_mem: 1.69921875)
Par: 1, Rows: 3
(0.000,3)    (0.000,1)    (0.000,9)    (0.000,0)    (0.000,8)    (0.000,7)    (0.100,13)    (0.000,6)    (0.800,12)    (0.000,14)    (0.100,11)    (0.000,5)    (0.600,4)    (0.000,2)    (0.000,10)    
Total frac: 1.600

Sketch (41) (cm: eps0: 0.00625, del0: 0.05, min_mem: 1.69921875)
Par: 1, Rows: 3
(0.000,6)    (0.000,11)    (0.000,12)    (0.000,14)    (0.000,5)    (0.000,3)    (0.000,4)    (0.000,2)    (0.000,9)    (0.900,10)    (0.800,7)    (0.000,13)    
Total frac: 1.700

Sketch (42) (cm: eps0: 0.00625, del0: 0.05, min_mem: 1.69921875)
Par: 1, Rows: 3
(0.000,4)    (0.000,3)    (0.800,13)    (0.000,0)    (0.000,6)    (0.100,8)    (0.000,14)    (0.000,7)    (0.000,5)    (0.000,12)    (0.900,2)    (0.000,11)    (0.000,10)    (0.000,1)    (0.000,9)    
Total frac: 1.800

Sketch (43) (cm: eps0: 0.00625, del0: 0.05, min_mem: 1.69921875)
Par: 1, Rows: 3
(0.000,14)    (0.000,11)    (0.000,12)    (0.000,2)    (0.000,9)    (0.000,10)    (1.000,3)    (0.000,4)    (0.000,13)    (0.700,7)    
Total frac: 1.700

Sketch (44) (cm: eps0: 0.00625, del0: 0.05, min_mem: 1.69921875)
Par: 1, Rows: 3
(0.644,7)    (0.000,13)    (0.000,12)    (0.800,3)    (0.000,1)    (0.000,9)    (0.200,0)    (0.041,8)    (0.015,5)    (0.000,4)    (0.000,2)    (0.744,10)    (0.156,6)    (0.000,14)    (0.000,11)    
Total frac: 2.600

Sketch (45) (cm: eps0: 0.00625, del0: 0.05, min_mem: 1.69921875)
Par: 1, Rows: 3
(0.000,4)    (0.000,2)    (0.600,10)    (0.000,6)    (0.100,11)    (0.000,7)    (0.000,14)    (0.000,13)    (0.000,3)    (0.000,12)    (0.900,9)    (0.300,5)    
Total frac: 1.900

Sketch (46) (cm: eps0: 0.00625, del0: 0.05, min_mem: 1.69921875)
Par: 1, Rows: 3
(0.800,1)    (0.000,9)    (0.000,12)    (0.000,2)    (0.000,10)    (0.000,8)    (0.000,14)    (0.100,4)    (0.000,13)    
Total frac: 0.900

Sketch (47) (cm: eps0: 0.00625, del0: 0.05, min_mem: 1.69921875)
Par: 1, Rows: 3
(0.200,2)    (0.800,10)    (0.000,0)    (0.000,8)    (0.000,14)    (0.000,4)    (0.000,13)    (0.000,1)    (0.000,9)    (0.000,5)    (0.000,12)    
Total frac: 1.000

Sketch (48) (cm: eps0: 0.00625, del0: 0.05, min_mem: 1.69921875)
Par: 1, Rows: 3
(0.200,11)    (0.000,10)    (0.000,3)    (0.000,14)    (0.800,9)    (0.000,8)    (0.000,7)    (0.000,2)    (0.000,13)    (1.000,1)    (0.000,12)    (0.800,5)    (0.000,0)    
Total frac: 2.800

Sketch (49) (cm: eps0: 0.00625, del0: 0.05, min_mem: 1.69921875)
Par: 1, Rows: 3
(0.800,7)    (0.000,13)    (0.000,1)    (0.000,2)    (0.000,5)    (0.100,6)    (0.100,11)    (0.800,12)    (0.000,0)    (0.000,3)    (0.000,4)    (0.000,9)    (0.100,10)    (0.000,14)    (0.000,8)    
Total frac: 1.900

Sketch (50) (cm: eps0: 0.00625, del0: 0.05, min_mem: 1.69921875)
Par: 1, Rows: 3
(0.000,12)    (0.000,14)    (0.000,0)    (0.000,11)    (0.100,4)    (0.000,8)    (0.000,13)    (0.000,6)    (0.000,1)    (0.000,5)    (0.000,7)    (0.900,10)    
Total frac: 1.000

Sketch (51) (cm: eps0: 0.00625, del0: 0.05, min_mem: 1.69921875)
Par: 1, Rows: 3
(0.000,13)    (0.000,8)    (0.700,6)    (0.000,10)    (0.000,11)    (0.000,12)    (0.000,14)    (0.000,0)    (0.100,4)    
Total frac: 0.800

Sketch (52) (cm: eps0: 0.00625, del0: 0.05, min_mem: 1.69921875)
Par: 1, Rows: 3
(0.000,1)    (0.200,0)    (0.000,11)    (0.000,7)    (0.000,13)    (0.000,14)    (0.000,12)    (0.700,8)    (0.000,4)    (0.000,10)    
Total frac: 0.900

Sketch (53) (cm: eps0: 0.00625, del0: 0.05, min_mem: 1.69921875)
Par: 1, Rows: 3
(0.000,2)    (0.100,5)    (0.100,14)    (0.000,12)    (0.000,8)    (0.900,4)    (0.000,10)    (0.800,1)    (0.900,6)    (0.000,11)    (0.000,7)    (0.000,0)    (0.000,13)    (0.000,3)    (0.000,9)    
Total frac: 2.800

Sketch (54) (cm: eps0: 0.00625, del0: 0.05, min_mem: 1.69921875)
Par: 1, Rows: 3
(0.100,6)    (0.000,2)    (0.800,13)    (0.000,14)    (0.000,9)    (0.000,0)    (0.000,11)    (0.100,5)    (0.000,3)    (0.000,10)    (0.000,12)    (0.000,8)    (0.000,4)    
Total frac: 1.000

Sketch (55) (cm: eps0: 0.00625, del0: 0.05, min_mem: 1.69921875)
Par: 1, Rows: 3
(0.000,7)    (0.000,3)    (0.000,10)    (0.000,12)    (0.000,8)    (0.000,1)    (0.000,4)    (0.000,6)    (0.800,13)    (0.000,9)    (0.000,2)    (0.000,11)    (0.000,5)    (0.200,14)    
Total frac: 1.000

Sketch (56) (cm: eps0: 0.00625, del0: 0.05, min_mem: 1.69921875)
Par: 1, Rows: 3
(0.100,7)    (0.000,2)    (0.000,13)    (0.800,12)    (0.000,0)    (0.000,11)    (0.900,4)    (0.000,10)    (0.000,3)    (0.000,14)    (0.000,9)    (0.000,8)    
Total frac: 1.800

Sketch (57) (cm: eps0: 0.00625, del0: 0.05, min_mem: 1.69921875)
Par: 1, Rows: 3
(0.000,5)    (0.000,3)    (0.000,4)    (0.000,9)    (0.300,10)    (0.000,14)    (0.000,8)    (0.000,7)    (0.700,13)    (0.000,6)    (0.000,11)    (0.000,12)    (0.000,0)    
Total frac: 1.000

Sketch (58) (cm: eps0: 0.00625, del0: 0.05, min_mem: 1.69921875)
Par: 1, Rows: 3
(0.000,13)    (0.100,7)    (0.000,5)    (0.000,12)    (0.000,11)    (0.700,10)    (0.000,14)    (0.000,9)    (0.000,4)    (0.000,2)    
Total frac: 0.800

Sketch (59) (cm: eps0: 0.00625, del0: 0.05, min_mem: 1.69921875)
Par: 1, Rows: 3
(0.800,6)    (0.000,7)    (0.000,11)    
Total frac: 0.800

Sketch (60) (cm: eps0: 0.00625, del0: 0.05, min_mem: 1.69921875)
Par: 1, Rows: 3
(0.000,3)    (0.500,14)    (0.000,9)    (0.000,8)    (0.000,5)    (0.000,4)    (0.300,10)    (0.300,6)    (0.000,1)    (0.200,11)    (0.200,7)    (0.000,13)    (0.000,12)    
Total frac: 1.500

Sketch (61) (cm: eps0: 0.00625, del0: 0.05, min_mem: 1.69921875)
Par: 1, Rows: 3
(0.000,10)    (0.000,6)    (0.100,11)    (0.000,7)    (0.000,0)    (0.000,13)    (0.000,2)    (0.000,3)    (0.343,12)    (0.357,9)    (0.900,5)    (0.000,14)    (0.000,8)    (0.000,4)    
Total frac: 1.700

Sketch (62) (cm: eps0: 0.00625, del0: 0.05, min_mem: 1.69921875)
Par: 1, Rows: 3
(0.700,5)    (0.000,12)    (0.000,10)    (0.000,8)    (0.000,4)    (0.000,13)    (0.700,0)    (0.000,11)    (0.000,7)    (0.000,14)    
Total frac: 1.400

Sketch (63) (cm: eps0: 0.00625, del0: 0.05, min_mem: 1.69921875)
Par: 1, Rows: 3
(0.000,8)    (0.000,4)    (0.000,13)    (0.000,2)    (0.000,11)    (0.400,0)    (0.300,9)    (0.200,5)    (0.000,14)    (0.200,3)    (0.000,12)    (0.500,10)    (0.000,6)    
Total frac: 1.600

Sketch (64) (cm: eps0: 0.00625, del0: 0.05, min_mem: 1.69921875)
Par: 1, Rows: 3
(0.000,2)    (0.000,13)    (0.000,14)    (0.000,5)    (0.000,12)    (0.000,3)    (1.000,9)    (0.000,10)    
Total frac: 1.000

Sketch (65) (cm: eps0: 0.00625, del0: 0.05, min_mem: 1.69921875)
Par: 1, Rows: 3
(0.000,11)    (0.000,14)    (0.000,6)    (0.900,3)    (0.000,12)    (0.000,9)    (0.100,1)    (0.000,10)    (0.000,7)    (0.000,8)    (0.000,13)    (0.000,5)    
Total frac: 1.000

Sketch (66) (cm: eps0: 0.00625, del0: 0.05, min_mem: 1.69921875)
Par: 1, Rows: 3
(0.000,4)    (0.000,13)    (0.000,14)    (0.000,5)    (0.000,6)    (0.000,9)    (0.800,10)    (0.000,11)    (0.000,12)    (0.200,2)    (0.800,3)    
Total frac: 1.800

Sketch (67) (cm: eps0: 0.00625, del0: 0.05, min_mem: 1.69921875)
Par: 1, Rows: 3
(0.000,0)    (0.000,6)    (0.000,9)    (0.000,11)    (0.000,1)    (0.300,3)    (0.000,10)    (0.000,12)    (0.000,2)    (0.200,4)    (0.000,13)    (0.700,7)    (0.700,8)    
Total frac: 1.900

Sketch (68) (cm: eps0: 0.00625, del0: 0.05, min_mem: 1.69921875)
Par: 1, Rows: 3
(1.000,11)    (0.000,3)    (0.000,13)    (0.000,9)    (0.000,12)    (0.000,14)    (0.000,6)    
Total frac: 1.000

Sketch (69) (cm: eps0: 0.00625, del0: 0.05, min_mem: 1.69921875)
Par: 1, Rows: 3
(0.000,12)    (0.100,8)    (0.000,4)    (0.000,0)    (0.100,10)    (0.100,2)    (0.000,14)    (0.000,11)    (0.000,7)    (0.000,6)    (0.000,3)    (0.800,13)    (0.800,9)    (0.000,5)    (0.000,1)    
Total frac: 1.900

Sketch (70) (cm: eps0: 0.00625, del0: 0.05, min_mem: 1.69921875)
Par: 1, Rows: 3
(0.000,13)    (0.000,9)    (0.250,5)    (0.000,11)    (0.000,7)    (0.000,3)    (0.000,10)    (0.450,12)    (0.350,2)    (0.000,8)    (0.000,14)    (0.550,4)    (0.000,0)    
Total frac: 1.600

Sketch (71) (cm: eps0: 0.00625, del0: 0.05, min_mem: 1.69921875)
Par: 1, Rows: 3
(0.000,10)    (0.000,12)    (0.000,8)    (0.659,14)    (0.000,4)    (0.241,0)    (0.000,6)    (0.000,13)    (0.041,9)    (0.000,11)    (0.559,1)    (0.000,7)    (0.000,3)    
Total frac: 1.500

Sketch (72) (cm: eps0: 0.00625, del0: 0.05, min_mem: 1.69921875)
Par: 1, Rows: 3
(0.000,6)    (0.000,11)    (0.000,14)    (0.000,12)    (0.900,5)    (0.100,3)    (0.000,4)    (0.000,9)    (0.000,10)    (0.000,13)    
Total frac: 1.000

Sketch (73) (cm: eps0: 0.00625, del0: 0.05, min_mem: 1.69921875)
Par: 1, Rows: 3
(0.000,4)    (0.000,2)    (0.000,10)    (0.000,13)    (0.000,0)    (0.800,8)    (0.200,14)    (0.000,12)    (0.000,3)    (0.000,1)    (0.000,9)    
Total frac: 1.000

Sketch (74) (cm: eps0: 0.00625, del0: 0.05, min_mem: 1.69921875)
Par: 1, Rows: 3
(0.329,14)    (0.029,5)    (0.229,11)    (0.000,1)    (0.000,12)    (0.000,2)    (0.000,9)    (0.643,10)    (0.000,3)    (0.029,4)    (0.000,13)    (0.000,0)    (0.000,6)    (0.143,7)    (0.000,8)    
Total frac: 1.400

Sketch (75) (cm: eps0: 0.00625, del0: 0.05, min_mem: 1.69921875)
Par: 1, Rows: 3
(0.000,10)    (0.200,13)    (0.000,7)    (0.900,0)    (0.000,5)    (0.500,6)    (0.000,8)    (0.000,14)    (0.000,11)    (0.000,1)    (0.800,9)    (0.000,12)    (0.000,2)    (0.000,3)    
Total frac: 2.400

Sketch (76) (cm: eps0: 0.00625, del0: 0.05, min_mem: 1.69921875)
Par: 1, Rows: 3
(0.000,0)    (0.900,8)    (0.000,4)    (0.000,2)    (0.207,10)    (0.000,6)    (0.000,11)    (0.000,7)    (0.000,14)    (0.693,13)    (0.000,3)    (0.100,1)    (0.000,9)    (0.000,12)    (0.100,5)    
Total frac: 2.000

Sketch (77) (cm: eps0: 0.00625, del0: 0.05, min_mem: 1.69921875)
Par: 1, Rows: 3
(0.000,14)    (0.800,1)    (0.000,5)    (0.000,12)    (0.000,0)    (0.000,8)    (0.900,4)    (0.000,11)    (0.200,7)    (0.000,10)    (0.000,13)    
Total frac: 1.900

Sketch (78) (cm: eps0: 0.00625, del0: 0.05, min_mem: 1.69921875)
Par: 1, Rows: 3
(0.000,12)    (0.000,2)    (0.000,10)    (0.000,0)    (0.000,6)    (0.000,8)    (0.000,14)    (0.000,13)    (0.000,11)    (0.900,9)    (0.000,5)    (0.100,3)    
Total frac: 1.000

Sketch (79) (cm: eps0: 0.00625, del0: 0.05, min_mem: 1.69921875)
Par: 1, Rows: 3
(0.000,9)    (0.485,3)    (0.000,12)    (0.000,10)    (0.000,13)    (0.000,14)    (0.215,4)    
Total frac: 0.700

Device (0) cpu1:
Rows total: 23.68
Mem total: 40.2375

Device (1) cpu2:
Rows total: 23.68
Mem total: 40.2375

Device (2) cpu3:
Rows total: 23.68
Mem total: 40.2375

Device (3) cpu4:
Rows total: 23.68
Mem total: 40.2375

Device (4) cpu5:
Rows total: 23.68
Mem total: 40.2375

Device (5) cpu6:
Rows total: 23.68
Mem total: 40.2375

Device (6) cpu7:
Rows total: 23.68
Mem total: 40.2375

Device (7) cpu8:
Rows total: 23.68
Mem total: 40.2375

Device (8) tor_p41:
Rows total: 23.68
Mem total: 40.2375

Device (9) tor_p42:
Rows total: 23.68
Mem total: 40.2375

Device (10) tor_p43:
Rows total: 23.68
Mem total: 40.2375

Device (11) tor_p44:
Rows total: 23.68
Mem total: 40.2375

Device (12) l1_p41:
Rows total: 23.68
Mem total: 40.2375

Device (13) l1_p42:
Rows total: 23.68
Mem total: 40.2375

Device (14) l2_p4:
Rows total: 23.68
Mem total: 40.2375
--------------------------------------------------
Infeasible placement
Function: solve took 0.12359046936035156 seconds
