Function: get_partitions took 1.9073486328125e-05 seconds
Function: map_flows_partitions took 4.5299530029296875e-06 seconds
Using license file /home/anup/gurobi.lic
Academic license - for non-commercial use only
Building model with:
2 devices, 3 partitions and 1 flows
Adding frac and mem vars took: 0.00023937225341796875s
Adding coverage constraints took: 0.00022101402282714844s
Adding accuracy constraints took 0.0001506805419921875s
Adding load constraints took: 0.00027441978454589844s
Starting model update
Model update complete, took: 3.0517578125e-05 s
Starting model optimize
--------------------------------------------------
Model update took: 3.0517578125e-05 seconds
Model optimize took: 0.002523183822631836 seconds
--------------------------------------------------

Throughput: 98.0 Mpps, ns per packet: 10.204081632653061
Resources: 73.03483072916667
Used Cores: 7.0, Total CPUS: 1, Switch Memory: 25.671875

Sketch (0) (cm: eps0: 0.3125, del0: 0.05, min_mem: 0.03515625)
Par: 1, Rows: 3
(0.000,0)    (1.000,1)    
Total frac: 1.000

Sketch (1) (cm: eps0: 0.00125, del0: 0.05, min_mem: 8.49609375)
Par: 1, Rows: 3
(0.000,0)    (1.000,1)    
Total frac: 1.000

Sketch (2) (cm: eps0: 0.625, del0: 0.025, min_mem: 0.01953125)
Par: 1, Rows: 4
(1.000,1)    (-0.000,0)    
Total frac: 1.000

Device (0) cpu_1:
cores_sketch: 0.0, cores_dpdk: 7.0
Rows total: 0.0
Mem total: 0.0
Throughput: 98.0

Device (1) p4_1:
Rows total: 10.0
Mem total: 25.671875
Throughput: 148.0
--------------------------------------------------
Function: solve took 0.00871133804321289 seconds
