Function: get_partitions took 3.1948089599609375e-05 seconds
Function: map_flows_partitions took 3.5762786865234375e-06 seconds
Using license file /home/anup/gurobi.lic
Academic license - for non-commercial use only
Building model with:
3 devices, 3 partitions and 1 flows
Adding frac and mem vars took: 0.000286102294921875s
Adding coverage constraints took: 0.00030541419982910156s
Adding accuracy constraints took 0.00018143653869628906s
Adding load constraints took: 0.00039076805114746094s
Starting model update
Model update complete, took: 0.00011730194091796875 s
Starting model optimize
--------------------------------------------------
Model update took: 0.00011730194091796875 seconds
Model optimize took: 0.0026900768280029297 seconds
--------------------------------------------------

Sketch (0) (cm: eps0: 0.03125, del0: 0.05, min_mem: 0.33984375)
Par: 1, Rows: 3
(1.000,0)    (0.000,2)    (0.000,1)    
Total frac: 1.000

Sketch (1) (cm: eps0: 3.125e-06, del0: 0.05, min_mem: 3397.85546875)
Par: 1, Rows: 3
(0.472,0)    (0.472,2)    (0.056,1)    
Total frac: 1.000

Sketch (2) (cm: eps0: 0.625, del0: 0.025, min_mem: 0.01953125)
Par: 1, Rows: 4
(1.000,1)    (0.000,0)    (0.000,2)    
Total frac: 1.000

Device (0) cpu_1:
Rows total: 4.415102126686065
Mem total: 4809.33203125

Device (1) p4_1:
Rows total: 4.1694956952397595
Mem total: 576.0

Device (2) cpu_2:
Rows total: 1.415402178074176
Mem total: 4809.33203125
--------------------------------------------------
Changed value of parameter NonConvex to 2
   Prev: -1  Min: -1  Max: 2  Default: -1
Changed value of parameter NonConvex to 2
   Prev: -1  Min: -1  Max: 2  Default: -1

Throughput: 70.00000000000061 Mpps, ns per packet: 14.285714285714162
Resources: 124.21652725175178
Used Cores: 10.999999999999996, Total CPUS: 2, Switch Memory: 576.0

Sketch (0) (cm: eps0: 0.03125, del0: 0.05, min_mem: 0.33984375)
Par: 1, Rows: 3
(1.000,0)    (0.000,2)    (0.000,1)    
Total frac: 1.000

Sketch (1) (cm: eps0: 3.125e-06, del0: 0.05, min_mem: 3397.85546875)
Par: 1, Rows: 3
(0.472,0)    (0.472,2)    (0.056,1)    
Total frac: 1.000

Sketch (2) (cm: eps0: 0.625, del0: 0.025, min_mem: 0.01953125)
Par: 1, Rows: 4
(1.000,1)    (0.000,0)    (0.000,2)    
Total frac: 1.000

Device (0) cpu_1:
cores_sketch: 3.0, cores_dpdk: 3.999999999999996
Rows total: 4.415102126686065
Mem total: 4809.33203125
Throughput: 74.1725846731728

Device (1) p4_1:
Rows total: 4.1694956952397595
Mem total: 576.0
Throughput: 148.0

Device (2) cpu_2:
cores_sketch: 1.0, cores_dpdk: 3.0
Rows total: 1.415402178074176
Mem total: 4809.33203125
Throughput: 70.00000000000061
--------------------------------------------------
Function: solve took 0.026383638381958008 seconds
