Function: get_partitions took 1.9788742065429688e-05 seconds
Function: map_flows_partitions took 3.5762786865234375e-06 seconds
Using license file /home/anup/gurobi.lic
Academic license - for non-commercial use only
Building model with:
3 devices, 3 partitions and 1 flows
Adding frac and mem vars took: 0.0002486705780029297s
Adding coverage constraints took: 0.00018715858459472656s
Adding accuracy constraints took 0.00019550323486328125s
Adding load constraints took: 0.00039958953857421875s
Starting model update
Model update complete, took: 4.887580871582031e-05 s
Starting model optimize
--------------------------------------------------
Model update took: 4.887580871582031e-05 seconds
Model optimize took: 0.0026187896728515625 seconds
--------------------------------------------------

Sketch (0) (cm: eps0: 0.03125, del0: 0.05, min_mem: 0.33984375)
Par: 1, Rows: 3
(1.000,0)    (0.000,2)    (0.000,1)    
Total frac: 1.000

Sketch (1) (cm: eps0: 1.25e-06, del0: 0.05, min_mem: 8494.6328125)
Par: 1, Rows: 3
(0.489,0)    (0.489,2)    (0.023,1)    
Total frac: 1.000

Sketch (2) (cm: eps0: 0.625, del0: 0.025, min_mem: 0.01953125)
Par: 1, Rows: 4
(1.000,1)    (0.000,0)    (0.000,2)    
Total frac: 1.000

Device (0) cpu_1:
Rows total: 4.4660408272502945
Mem total: 12454.498046875

Device (1) p4_1:
Rows total: 4.0677983248613785
Mem total: 576.0

Device (2) cpu_2:
Rows total: 1.4661608478883266
Mem total: 12454.498046875
--------------------------------------------------
Changed value of parameter NonConvex to 2
   Prev: -1  Min: -1  Max: 2  Default: -1
Changed value of parameter NonConvex to 2
   Prev: -1  Min: -1  Max: 2  Default: -1

Throughput: 56.00000000000004 Mpps, ns per packet: 17.857142857142843
Resources: 126.05759851844068
Used Cores: 11.0, Total CPUS: 2, Switch Memory: 576.0

Sketch (0) (cm: eps0: 0.03125, del0: 0.05, min_mem: 0.33984375)
Par: 1, Rows: 3
(1.000,0)    (0.000,2)    (0.000,1)    
Total frac: 1.000

Sketch (1) (cm: eps0: 1.25e-06, del0: 0.05, min_mem: 8494.6328125)
Par: 1, Rows: 3
(0.489,0)    (0.489,2)    (0.023,1)    
Total frac: 1.000

Sketch (2) (cm: eps0: 0.625, del0: 0.025, min_mem: 0.01953125)
Par: 1, Rows: 4
(1.000,1)    (0.000,0)    (0.000,2)    
Total frac: 1.000

Device (0) cpu_1:
cores_sketch: 4.0, cores_dpdk: 3.0
Rows total: 4.4660408272502945
Mem total: 12454.498046875
Throughput: 57.89165865945599

Device (1) p4_1:
Rows total: 4.0677983248613785
Mem total: 576.0
Throughput: 148.0

Device (2) cpu_2:
cores_sketch: 2.0, cores_dpdk: 2.0
Rows total: 1.4661608478883266
Mem total: 12454.498046875
Throughput: 56.00000000000004
--------------------------------------------------
Function: solve took 0.030794620513916016 seconds
