Function: get_partitions took 1.9073486328125e-05 seconds
Function: map_flows_partitions took 3.0994415283203125e-06 seconds
Using license file /home/anup/gurobi.lic
Academic license - for non-commercial use only
Building model with:
4 devices, 3 partitions and 1 flows
Adding frac and mem vars took: 0.0002770423889160156s
Adding coverage constraints took: 0.00022339820861816406s
Adding accuracy constraints took 0.00029659271240234375s
Adding load constraints took: 0.0004622936248779297s
Starting model update
Model update complete, took: 6.389617919921875e-05 s
Starting model optimize
--------------------------------------------------
Model update took: 6.389617919921875e-05 seconds
Model optimize took: 0.004480838775634766 seconds
--------------------------------------------------

Sketch (0) (cm: eps0: 7.500000000000001e-05, del0: 0.05, min_mem: 141.578125)
Par: 1, Rows: 3
(0.000,0)    (0.000,3)    (1.000,2)    (-0.000,1)    
Total frac: 1.000

Sketch (1) (cm: eps0: 1.25e-06, del0: 0.05, min_mem: 8494.6328125)
Par: 1, Rows: 3
(0.487,0)    (0.020,3)    (0.006,2)    (0.487,1)    
Total frac: 1.000

Sketch (2) (cm: eps0: 0.000625, del0: 0.025, min_mem: 16.9921875)
Par: 1, Rows: 4
(0.000,1)    (1.000,3)    (0.000,0)    (0.000,2)    
Total frac: 1.000

Device (0) cpu_1:
Rows total: 1.4613394464280294
Mem total: 12413.542011828125

Device (1) cpu_2:
Rows total: 1.46133944295527
Mem total: 12413.542011828125

Device (2) p4_1:
Rows total: 3.0176610805591397
Mem total: 574.7587694218751

Device (3) p4_2:
Rows total: 4.059660030057561
Mem total: 574.7587694218751
--------------------------------------------------
Changed value of parameter NonConvex to 2
   Prev: -1  Min: -1  Max: 2  Default: -1
Changed value of parameter NonConvex to 2
   Prev: -1  Min: -1  Max: 2  Default: -1

Throughput: 87.50000000000054 Mpps, ns per packet: 11.428571428571358
Resources: 168.74826224213209
Used Cores: 14.000000000000165, Total CPUS: 2, Switch Memory: 1149.5175388437501

Sketch (0) (cm: eps0: 7.500000000000001e-05, del0: 0.05, min_mem: 141.578125)
Par: 1, Rows: 3
(0.000,0)    (0.000,3)    (1.000,2)    (-0.000,1)    
Total frac: 1.000

Sketch (1) (cm: eps0: 1.25e-06, del0: 0.05, min_mem: 8494.6328125)
Par: 1, Rows: 3
(0.487,0)    (0.020,3)    (0.006,2)    (0.487,1)    
Total frac: 1.000

Sketch (2) (cm: eps0: 0.000625, del0: 0.025, min_mem: 16.9921875)
Par: 1, Rows: 4
(0.000,1)    (1.000,3)    (0.000,0)    (0.000,2)    
Total frac: 1.000

Device (0) cpu_1:
cores_sketch: 2.0, cores_dpdk: 5.000000000000083
Rows total: 1.4613394464280294
Mem total: 12413.542011828125
Throughput: 87.50000000000054

Device (1) cpu_2:
cores_sketch: 2.0, cores_dpdk: 5.000000000000083
Rows total: 1.46133944295527
Mem total: 12413.542011828125
Throughput: 87.50000000000054

Device (2) p4_1:
Rows total: 3.0176610805591397
Mem total: 574.7587694218751
Throughput: 148.0

Device (3) p4_2:
Rows total: 4.059660030057561
Mem total: 574.7587694218751
Throughput: 148.0
--------------------------------------------------
Function: solve took 0.029574871063232422 seconds
