Function: get_partitions took 1.9788742065429688e-05 seconds
Function: map_flows_partitions took 5.0067901611328125e-06 seconds
Using license file /home/anup/gurobi.lic
Academic license - for non-commercial use only
Building model with:
4 devices, 3 partitions and 1 flows
Adding frac and mem vars took: 0.00030231475830078125s
Adding coverage constraints took: 0.00020933151245117188s
Adding accuracy constraints took 0.00029277801513671875s
Adding load constraints took: 0.000457763671875s
Starting model update
Model update complete, took: 6.699562072753906e-05 s
Starting model optimize
--------------------------------------------------
Model update took: 6.699562072753906e-05 seconds
Model optimize took: 0.009894371032714844 seconds
--------------------------------------------------

Sketch (0) (cm: eps0: 7.500000000000001e-05, del0: 0.05, min_mem: 141.578125)
Par: 1, Rows: 3
(0.000,0)    (1.000,3)    (0.000,2)    (0.000,1)    
Total frac: 1.000

Sketch (1) (cm: eps0: 1.25e-06, del0: 0.05, min_mem: 8494.6328125)
Par: 1, Rows: 3
(0.487,0)    (0.006,3)    (0.020,2)    (0.487,1)    
Total frac: 1.000

Sketch (2) (cm: eps0: 0.000625, del0: 0.025, min_mem: 16.9921875)
Par: 1, Rows: 4
(0.000,1)    (0.130,3)    (0.000,0)    (0.870,2)    
Total frac: 1.000

Device (0) cpu_1:
Rows total: 1.4613394464868903
Mem total: 12413.542012328126

Device (1) cpu_2:
Rows total: 1.4613394464868903
Mem total: 12413.542012328126

Device (2) p4_1:
Rows total: 3.5390149196361946
Mem total: 574.7587689218749

Device (3) p4_2:
Rows total: 3.5383061873900252
Mem total: 574.7587689218749
--------------------------------------------------
Changed value of parameter NonConvex to 2
   Prev: -1  Min: -1  Max: 2  Default: -1
Changed value of parameter NonConvex to 2
   Prev: -1  Min: -1  Max: 2  Default: -1

Throughput: 87.49999999999999 Mpps, ns per packet: 11.42857142857143
Resources: 168.74826222052147
Used Cores: 13.999999999999993, Total CPUS: 2, Switch Memory: 1149.5175378437498

Sketch (0) (cm: eps0: 7.500000000000001e-05, del0: 0.05, min_mem: 141.578125)
Par: 1, Rows: 3
(0.000,0)    (1.000,3)    (0.000,2)    (0.000,1)    
Total frac: 1.000

Sketch (1) (cm: eps0: 1.25e-06, del0: 0.05, min_mem: 8494.6328125)
Par: 1, Rows: 3
(0.487,0)    (0.006,3)    (0.020,2)    (0.487,1)    
Total frac: 1.000

Sketch (2) (cm: eps0: 0.000625, del0: 0.025, min_mem: 16.9921875)
Par: 1, Rows: 4
(0.000,1)    (0.130,3)    (0.000,0)    (0.870,2)    
Total frac: 1.000

Device (0) cpu_1:
cores_sketch: 1.9999999999999998, cores_dpdk: 4.9999999999999964
Rows total: 1.4613394464868903
Mem total: 12413.542012328126
Throughput: 87.49999999999999

Device (1) cpu_2:
cores_sketch: 1.9999999999999998, cores_dpdk: 4.9999999999999964
Rows total: 1.4613394464868903
Mem total: 12413.542012328126
Throughput: 87.49999999999999

Device (2) p4_1:
Rows total: 3.5390149196361946
Mem total: 574.7587689218749
Throughput: 148.0

Device (3) p4_2:
Rows total: 3.5383061873900252
Mem total: 574.7587689218749
Throughput: 148.0
--------------------------------------------------
Function: solve took 0.03136706352233887 seconds
