Function: get_partitions took 1.4066696166992188e-05 seconds
Function: map_flows_partitions took 2.86102294921875e-06 seconds
Using license file /home/anup/gurobi.lic
Academic license - for non-commercial use only
Building model with:
2 devices, 1 partitions and 1 flows
Adding frac and mem vars took: 0.00020313262939453125s
Adding coverage constraints took: 0.0001804828643798828s
Adding accuracy constraints took 7.534027099609375e-05s
Adding load constraints took: 0.000225067138671875s
Starting model update
Model update complete, took: 4.744529724121094e-05 s
Starting model optimize
--------------------------------------------------
Model update took: 4.744529724121094e-05 seconds
Model optimize took: 0.0034346580505371094 seconds
--------------------------------------------------

Sketch (0) (cm: eps0: 0.0003125, del0: 0.05, min_mem: 33.98046875)
Par: 1, Rows: 3
(0.500,1)    (0.500,0)    
Total frac: 1.000

Device (0) p4_1:
Rows total: 1.5
Mem total: 50.970703125

Device (1) p4_2:
Rows total: 1.5
Mem total: 50.970703125
--------------------------------------------------

Throughput: 148.0 Mpps, ns per packet: 6.756756756756757
Resources: 2.873779296875
Used Cores: 0, Total CPUS: 0, Switch Memory: 101.94140625

Sketch (0) (cm: eps0: 0.0003125, del0: 0.05, min_mem: 33.98046875)
Par: 1, Rows: 3
(0.500,1)    (0.500,0)    
Total frac: 1.000

Device (0) p4_1:
Rows total: 1.5
Mem total: 50.970703125
Throughput: 148.0

Device (1) p4_2:
Rows total: 1.5
Mem total: 50.970703125
Throughput: 148.0
--------------------------------------------------
Function: solve took 0.00977015495300293 seconds
