Function: get_partitions took 1.3113021850585938e-05 seconds
Function: map_flows_partitions took 2.6226043701171875e-06 seconds
Using license file /home/anup/gurobi.lic
Academic license - for non-commercial use only
Building model with:
2 devices, 1 partitions and 1 flows
Adding frac and mem vars took: 0.0002276897430419922s
Adding coverage constraints took: 0.00018668174743652344s
Adding accuracy constraints took 9.703636169433594e-05s
Adding load constraints took: 0.00024127960205078125s
Starting model update
Model update complete, took: 6.079673767089844e-05 s
Starting model optimize
--------------------------------------------------
Model update took: 6.079673767089844e-05 seconds
Model optimize took: 0.002483844757080078 seconds
--------------------------------------------------

Sketch (0) (cm: eps0: 0.0003125, del0: 0.05, min_mem: 33.98046875)
Par: 1, Rows: 3
(0.500,1)    (0.500,0)    
Total frac: 1.000

Device (0) p4_1:
Rows total: 1.5
Mem total: 50.970703125

Device (1) p4_2:
Rows total: 1.5
Mem total: 50.970703125
--------------------------------------------------

Throughput: 148.0 Mpps, ns per packet: 6.756756756756757
Resources: 2.873779296875
Used Cores: 0, Total CPUS: 0, Switch Memory: 101.94140625

Sketch (0) (cm: eps0: 0.0003125, del0: 0.05, min_mem: 33.98046875)
Par: 1, Rows: 3
(0.500,1)    (0.500,0)    
Total frac: 1.000

Device (0) p4_1:
Rows total: 1.5
Mem total: 50.970703125
Throughput: 148.0

Device (1) p4_2:
Rows total: 1.5
Mem total: 50.970703125
Throughput: 148.0
--------------------------------------------------
Function: solve took 0.009247303009033203 seconds
