Function: get_partitions took 0.00034499168395996094 seconds
Function: map_flows_partitions took 0.0003814697265625 seconds
Using license file /home/anup/gurobi.lic
Academic license - for non-commercial use only
Building model with:
15 devices, 64 partitions and 320 flows
Adding frac and mem vars took: 0.004667043685913086s
Adding coverage constraints took: 0.005173206329345703s
Adding accuracy constraints took 0.013667106628417969s
Adding load constraints took: 0.0068547725677490234s
Starting model update
Model update complete, took: 0.0010166168212890625 s
Starting model optimize
--------------------------------------------------
Model update took: 0.0010166168212890625 seconds
Model optimize took: 0.09491562843322754 seconds
--------------------------------------------------

Sketch (0) (cm: eps0: 0.000625, del0: 0.05, min_mem: 16.9921875)
Par: 1, Rows: 3
(0.000,9)    (0.000,8)    (0.000,0)    (0.100,14)    (0.000,6)    (0.724,13)    (0.000,5)    (0.000,12)    (0.000,4)    (0.000,11)    (0.000,3)    (0.076,10)    
Total frac: 0.900

Sketch (1) (cm: eps0: 0.000625, del0: 0.05, min_mem: 16.9921875)
Par: 1, Rows: 3
(0.800,14)    (0.600,5)    (0.200,6)    (0.000,11)    (0.000,12)    (0.000,3)    (0.200,4)    (0.900,9)    (0.000,10)    (0.000,1)    (0.000,2)    (0.000,8)    (0.000,0)    (0.000,7)    (0.000,13)    
Total frac: 2.700

Sketch (2) (cm: eps0: 0.000625, del0: 0.05, min_mem: 16.9921875)
Par: 1, Rows: 3
(0.000,3)    (0.589,8)    (0.100,14)    (0.000,0)    (0.000,13)    (0.000,5)    (0.000,10)    (0.111,12)    (0.000,2)    (0.000,9)    
Total frac: 0.800

Sketch (3) (cm: eps0: 0.000625, del0: 0.05, min_mem: 16.9921875)
Par: 1, Rows: 3
(0.000,7)    (0.000,9)    (0.000,10)    (0.100,11)    (0.000,1)    (0.000,12)    (0.700,2)    (0.000,4)    (0.700,13)    (0.000,8)    (0.000,14)    (0.000,5)    (0.000,0)    (0.100,6)    
Total frac: 1.600

Sketch (4) (cm: eps0: 0.000625, del0: 0.05, min_mem: 16.9921875)
Par: 1, Rows: 3
(0.000,11)    (0.000,7)    (0.000,3)    (0.000,13)    (0.000,9)    (0.000,5)    (0.700,12)    (0.000,1)    (0.000,8)    (0.000,0)    (0.000,10)    (0.300,14)    (0.000,6)    
Total frac: 1.000

Sketch (5) (cm: eps0: 0.000625, del0: 0.05, min_mem: 16.9921875)
Par: 1, Rows: 3
(0.775,8)    (0.200,4)    (0.000,0)    (0.800,10)    (0.000,2)    (0.000,14)    (0.000,6)    (0.000,11)    (0.225,3)    (0.000,13)    (0.000,9)    (0.000,5)    (0.000,12)    
Total frac: 2.000

Sketch (6) (cm: eps0: 0.000625, del0: 0.05, min_mem: 16.9921875)
Par: 1, Rows: 3
(0.100,9)    (0.088,1)    (0.000,3)    (0.000,12)    (0.000,2)    (0.812,8)    (0.000,0)    
Total frac: 1.000

Sketch (7) (cm: eps0: 0.000625, del0: 0.05, min_mem: 16.9921875)
Par: 1, Rows: 3
(0.000,10)    (0.000,12)    (0.000,2)    (0.000,8)    (0.000,14)    (0.000,4)    (0.800,0)    (0.000,6)    (0.000,13)    (0.000,9)    (0.000,5)    (0.900,11)    (0.000,1)    (0.000,7)    (0.000,3)    
Total frac: 1.700

Sketch (8) (cm: eps0: 0.000625, del0: 0.05, min_mem: 16.9921875)
Par: 1, Rows: 3
(0.000,14)    (0.900,12)    (0.000,11)    (0.000,5)    (0.000,4)    (0.000,2)    (0.000,3)    (0.000,1)    (0.700,10)    (0.000,0)    (0.000,9)    (0.000,8)    (0.000,7)    (0.000,6)    (0.000,13)    
Total frac: 1.600

Sketch (9) (cm: eps0: 0.000625, del0: 0.05, min_mem: 16.9921875)
Par: 1, Rows: 3
(0.700,9)    (0.000,10)    (0.000,7)    (0.000,8)    (0.300,13)    (0.000,6)    (0.700,11)    (0.000,14)    (0.000,12)    (0.000,5)    (0.000,3)    (0.000,1)    (0.000,4)    (0.000,2)    
Total frac: 1.700

Sketch (10) (cm: eps0: 0.000625, del0: 0.05, min_mem: 16.9921875)
Par: 1, Rows: 3
(0.000,5)    (0.900,12)    (0.100,2)    (0.000,11)    (0.000,1)    (0.000,10)    (0.000,9)    (0.000,3)    (0.000,0)    (0.000,6)    (0.000,13)    (0.000,8)    (0.000,14)    (0.000,7)    
Total frac: 1.000

Sketch (11) (cm: eps0: 0.000625, del0: 0.05, min_mem: 16.9921875)
Par: 1, Rows: 3
(0.000,3)    (0.000,4)    (0.000,13)    (0.000,0)    (0.000,6)    (0.000,7)    (0.100,8)    (0.200,14)    (0.000,5)    (0.000,11)    (0.000,1)    (0.600,12)    (0.000,2)    (0.000,9)    (1.000,10)    
Total frac: 1.900

Sketch (12) (cm: eps0: 0.000625, del0: 0.05, min_mem: 16.9921875)
Par: 1, Rows: 3
(0.000,8)    (0.000,4)    (0.000,10)    (0.000,6)    (0.937,14)    (0.000,11)    (0.000,13)    (0.000,12)    (0.063,3)    (0.700,1)    (0.000,0)    (0.000,9)    (0.000,5)    
Total frac: 1.700

Sketch (13) (cm: eps0: 0.000625, del0: 0.05, min_mem: 16.9921875)
Par: 1, Rows: 3
(0.000,13)    (0.000,3)    (0.000,1)    (0.000,12)    (0.900,9)    (0.000,5)    (0.000,0)    (1.000,8)    (0.000,4)    (0.000,2)    (0.000,10)    (0.700,6)    (0.000,11)    (0.000,7)    (0.000,14)    
Total frac: 2.600

Sketch (14) (cm: eps0: 0.000625, del0: 0.05, min_mem: 16.9921875)
Par: 1, Rows: 3
(0.000,10)    (0.000,6)    (0.000,8)    (0.100,14)    (0.000,4)    (0.600,13)    (0.300,11)    (0.000,1)    (0.000,7)    (0.000,9)    (0.000,5)    (0.000,12)    (0.000,2)    
Total frac: 1.000

Sketch (15) (cm: eps0: 0.000625, del0: 0.05, min_mem: 16.9921875)
Par: 1, Rows: 3
(0.000,11)    (0.000,1)    (0.000,7)    (0.000,9)    (0.000,5)    (0.000,3)    (0.000,12)    (0.000,2)    (0.000,10)    (0.224,0)    (0.776,8)    (0.000,14)    (0.000,4)    (1.000,13)    
Total frac: 2.000

Sketch (16) (cm: eps0: 0.000625, del0: 0.05, min_mem: 16.9921875)
Par: 1, Rows: 3
(0.000,7)    (0.000,6)    (0.900,1)    (0.700,13)    (0.000,0)    (0.000,12)    (0.000,4)    (0.000,11)    (0.000,14)    (0.000,10)    (0.100,8)    
Total frac: 1.700

Sketch (17) (cm: eps0: 0.000625, del0: 0.05, min_mem: 16.9921875)
Par: 1, Rows: 3
(0.000,0)    (0.000,12)    (0.000,3)    (0.000,4)    (0.000,9)    (0.000,14)    (0.900,10)    (0.312,8)    (0.000,7)    (0.000,1)    (0.000,13)    (0.688,2)    (0.000,5)    (0.000,6)    (0.000,11)    
Total frac: 1.900

Sketch (18) (cm: eps0: 0.000625, del0: 0.05, min_mem: 16.9921875)
Par: 1, Rows: 3
(0.000,8)    (0.000,2)    (0.000,6)    (0.000,1)    (0.000,13)    (0.000,5)    (0.000,7)    (0.700,14)    (1.000,10)    (0.000,0)    (0.000,12)    (0.000,9)    (0.000,4)    (0.000,11)    (0.000,3)    
Total frac: 1.700

Sketch (19) (cm: eps0: 0.000625, del0: 0.05, min_mem: 16.9921875)
Par: 1, Rows: 3
(0.000,14)    (0.000,10)    (0.200,11)    (0.000,12)    (0.000,1)    (0.800,13)    (0.000,8)    (0.000,5)    (0.000,6)    
Total frac: 1.000

Sketch (20) (cm: eps0: 0.000625, del0: 0.05, min_mem: 16.9921875)
Par: 1, Rows: 3
(0.800,13)    (0.000,9)    (0.800,12)    (0.000,8)    (0.000,4)    (0.000,10)    (0.000,0)    (0.000,11)    (0.000,7)    (0.000,2)    
Total frac: 1.600

Sketch (21) (cm: eps0: 0.000625, del0: 0.05, min_mem: 16.9921875)
Par: 1, Rows: 3
(0.000,1)    (0.000,11)    (0.100,7)    (0.000,13)    (0.000,2)    (0.000,9)    (0.000,5)    (0.000,12)    (0.700,8)    (0.000,4)    (0.800,10)    
Total frac: 1.600

Sketch (22) (cm: eps0: 0.000625, del0: 0.05, min_mem: 16.9921875)
Par: 1, Rows: 3
(0.100,11)    (0.000,7)    (0.000,3)    (0.000,10)    (0.000,12)    (0.000,8)    (0.000,6)    (0.000,1)    (0.000,2)    (0.000,14)    (0.900,13)    (0.000,0)    (0.000,9)    (0.000,5)    
Total frac: 1.000

Sketch (23) (cm: eps0: 0.000625, del0: 0.05, min_mem: 16.9921875)
Par: 1, Rows: 3
(0.000,13)    (0.000,2)    (0.000,9)    (0.000,5)    (0.000,14)    (0.000,0)    (0.800,3)    (0.000,10)    (0.000,12)    (0.000,1)    (0.900,8)    
Total frac: 1.700

Sketch (24) (cm: eps0: 0.000625, del0: 0.05, min_mem: 16.9921875)
Par: 1, Rows: 3
(0.000,5)    (0.000,4)    (0.000,3)    (0.200,14)    (0.800,10)    (0.000,9)    (0.000,8)    (0.000,7)    (0.000,2)    (0.000,6)    (0.000,1)    (0.000,13)    (0.000,0)    (0.700,12)    (0.000,11)    
Total frac: 1.700

Sketch (25) (cm: eps0: 0.000625, del0: 0.05, min_mem: 16.9921875)
Par: 1, Rows: 3
(0.000,13)    (0.000,6)    (0.900,11)    (0.000,5)    (0.000,4)    (0.000,10)    
Total frac: 0.900

Sketch (26) (cm: eps0: 0.000625, del0: 0.05, min_mem: 16.9921875)
Par: 1, Rows: 3
(0.000,11)    (1.000,14)    (0.000,9)    (0.000,3)    (0.000,6)    (0.000,13)    (0.000,12)    
Total frac: 1.000

Sketch (27) (cm: eps0: 0.000625, del0: 0.05, min_mem: 16.9921875)
Par: 1, Rows: 3
(0.000,2)    (0.100,8)    (0.000,5)    (0.000,0)    (0.600,12)    (0.000,9)    (0.300,14)    (0.000,10)    (0.000,4)    (0.000,1)    (0.000,13)    
Total frac: 1.000

Sketch (28) (cm: eps0: 0.000625, del0: 0.05, min_mem: 16.9921875)
Par: 1, Rows: 3
(0.000,6)    (0.000,0)    (0.200,11)    (0.000,7)    (0.000,13)    (0.000,12)    (0.000,3)    (0.800,14)    (0.000,9)    (0.000,5)    (0.000,8)    (0.000,10)    
Total frac: 1.000

Sketch (29) (cm: eps0: 0.000625, del0: 0.05, min_mem: 16.9921875)
Par: 1, Rows: 3
(0.800,12)    (0.100,9)    (0.288,5)    (0.000,14)    (0.000,8)    (0.000,4)    (0.100,1)    (0.512,10)    (0.000,6)    (0.100,11)    (0.000,7)    (0.000,0)    (0.000,13)    (0.000,2)    (0.000,3)    
Total frac: 1.900

Sketch (30) (cm: eps0: 0.000625, del0: 0.05, min_mem: 16.9921875)
Par: 1, Rows: 3
(0.000,13)    (0.000,11)    (0.800,7)    (0.000,5)    (0.100,10)    (0.000,6)    (0.900,4)    
Total frac: 1.800

Sketch (31) (cm: eps0: 0.000625, del0: 0.05, min_mem: 16.9921875)
Par: 1, Rows: 3
(0.000,5)    (0.100,14)    (0.000,12)    (0.000,10)    (0.000,6)    (0.800,13)    (0.000,2)    (0.000,11)    (0.000,7)    (0.000,9)    
Total frac: 0.900

Sketch (32) (cm: eps0: 0.000625, del0: 0.05, min_mem: 16.9921875)
Par: 1, Rows: 3
(0.000,13)    (0.000,6)    (0.000,12)    (0.000,11)    (0.000,4)    (0.000,10)    (0.000,3)    (0.887,9)    (0.000,2)    (0.687,8)    (0.000,1)    (0.213,0)    (0.000,7)    (0.113,14)    
Total frac: 1.900

Sketch (33) (cm: eps0: 0.000625, del0: 0.05, min_mem: 16.9921875)
Par: 1, Rows: 3
(0.000,1)    (0.300,2)    (0.700,8)    (0.000,0)    (0.000,13)    (0.000,14)    (0.000,6)    (0.000,11)    (0.000,12)    (0.000,9)    
Total frac: 1.000

Sketch (34) (cm: eps0: 0.000625, del0: 0.05, min_mem: 16.9921875)
Par: 1, Rows: 3
(0.000,5)    (0.000,10)    (0.900,12)    (0.000,9)    (0.000,2)    (0.000,4)    (0.000,1)    (0.000,8)    (0.000,14)    (0.000,13)    (0.000,0)    
Total frac: 0.900

Sketch (35) (cm: eps0: 0.000625, del0: 0.05, min_mem: 16.9921875)
Par: 1, Rows: 3
(0.000,4)    (0.000,13)    (0.000,8)    (0.100,14)    (0.000,6)    (0.200,9)    (0.000,10)    (0.000,11)    (0.600,12)    (0.000,1)    (0.000,2)    
Total frac: 0.900

Sketch (36) (cm: eps0: 0.000625, del0: 0.05, min_mem: 16.9921875)
Par: 1, Rows: 3
(0.000,10)    (0.000,0)    (0.000,2)    (0.000,11)    (0.888,7)    (0.112,13)    (0.000,3)    (0.000,9)    (0.000,12)    (1.000,8)    (0.000,5)    (0.000,1)    
Total frac: 2.000

Sketch (37) (cm: eps0: 0.000625, del0: 0.05, min_mem: 16.9921875)
Par: 1, Rows: 3
(0.000,7)    (0.000,13)    (0.000,3)    (0.800,9)    (0.000,5)    (0.000,12)    (0.000,8)    (0.000,4)    (0.000,10)    (0.100,0)    (0.000,2)    (0.000,14)    (0.900,11)    
Total frac: 1.800

Sketch (38) (cm: eps0: 0.000625, del0: 0.05, min_mem: 16.9921875)
Par: 1, Rows: 3
(0.000,8)    (0.000,2)    (0.900,14)    (0.000,4)    (0.000,6)    (0.000,13)    (0.000,9)    (0.000,11)    (0.000,5)    (0.000,1)    (0.000,10)    (0.000,12)    
Total frac: 0.900

Sketch (39) (cm: eps0: 0.000625, del0: 0.05, min_mem: 16.9921875)
Par: 1, Rows: 3
(0.000,9)    (0.000,5)    (0.000,1)    (0.000,10)    (0.000,12)    (1.000,8)    (0.000,2)    (0.800,14)    (0.000,0)    (0.000,13)    
Total frac: 1.800

Sketch (40) (cm: eps0: 0.000625, del0: 0.05, min_mem: 16.9921875)
Par: 1, Rows: 3
(0.700,3)    (0.000,9)    (0.100,0)    (0.000,8)    (0.000,12)    (0.000,2)    
Total frac: 0.800

Sketch (41) (cm: eps0: 0.000625, del0: 0.05, min_mem: 16.9921875)
Par: 1, Rows: 3
(0.000,6)    (0.000,11)    (0.000,12)    (0.100,14)    (0.000,5)    (0.000,3)    (0.000,1)    (0.000,4)    (0.000,2)    (0.900,9)    (0.900,10)    (0.000,8)    (0.000,7)    (0.000,13)    
Total frac: 1.900

Sketch (42) (cm: eps0: 0.000625, del0: 0.05, min_mem: 16.9921875)
Par: 1, Rows: 3
(0.000,4)    (0.000,3)    (0.000,13)    (0.000,0)    (0.000,6)    (0.000,8)    (0.000,14)    (0.000,7)    (0.800,12)    (0.000,2)    (1.000,11)    (0.000,10)    (0.000,9)    
Total frac: 1.800

Sketch (43) (cm: eps0: 0.000625, del0: 0.05, min_mem: 16.9921875)
Par: 1, Rows: 3
(0.100,14)    (0.000,11)    (0.900,12)    (0.000,1)    (0.000,2)    (0.000,9)    (0.000,10)    (0.000,3)    (0.000,4)    (0.000,13)    (0.000,0)    (0.000,8)    (0.000,7)    
Total frac: 1.000

Sketch (44) (cm: eps0: 0.000625, del0: 0.05, min_mem: 16.9921875)
Par: 1, Rows: 3
(0.000,7)    (0.000,13)    (0.900,12)    (0.000,3)    (0.000,1)    (0.100,9)    (0.000,0)    (0.000,8)    (0.000,5)    (0.000,2)    (0.000,10)    (0.000,14)    (0.000,11)    
Total frac: 1.000

Sketch (45) (cm: eps0: 0.000625, del0: 0.05, min_mem: 16.9921875)
Par: 1, Rows: 3
(0.000,0)    (0.000,8)    (0.000,4)    (0.000,2)    (0.000,10)    (0.000,6)    (0.000,11)    (0.000,7)    (0.000,14)    (0.900,13)    (0.000,12)    (0.000,9)    (0.000,5)    
Total frac: 0.900

Sketch (46) (cm: eps0: 0.000625, del0: 0.05, min_mem: 16.9921875)
Par: 1, Rows: 3
(0.000,11)    (0.000,9)    (0.000,12)    (0.000,2)    (0.000,0)    (0.000,6)    (0.000,8)    (1.000,14)    (0.000,13)    
Total frac: 1.000

Sketch (47) (cm: eps0: 0.000625, del0: 0.05, min_mem: 16.9921875)
Par: 1, Rows: 3
(0.000,2)    (0.000,10)    (0.351,0)    (0.000,6)    (0.449,8)    (0.000,14)    (0.000,4)    (0.251,13)    (0.649,11)    (0.000,1)    (0.000,9)    (0.000,5)    (0.200,12)    
Total frac: 1.900

Sketch (48) (cm: eps0: 0.000625, del0: 0.05, min_mem: 16.9921875)
Par: 1, Rows: 3
(0.000,11)    (0.000,4)    (0.000,10)    (0.000,3)    (1.000,14)    (0.000,9)    (0.000,8)    (0.000,7)    (0.000,13)    (0.000,6)    (0.000,12)    (0.900,5)    (0.000,0)    
Total frac: 1.900

Sketch (49) (cm: eps0: 0.000625, del0: 0.05, min_mem: 16.9921875)
Par: 1, Rows: 3
(0.000,5)    (0.000,4)    (0.700,10)    
Total frac: 0.700

Sketch (50) (cm: eps0: 0.000625, del0: 0.05, min_mem: 16.9921875)
Par: 1, Rows: 3
(0.088,12)    (0.000,14)    (0.712,9)    (0.000,0)    (0.100,11)    (0.000,4)    (0.000,3)    (0.000,8)    (0.000,2)    (0.812,13)    (0.088,6)    (0.000,1)    (0.000,5)    (0.000,7)    (0.000,10)    
Total frac: 1.800

Sketch (51) (cm: eps0: 0.000625, del0: 0.05, min_mem: 16.9921875)
Par: 1, Rows: 3
(0.000,13)    (0.000,8)    (0.000,2)    (0.000,5)    (0.000,7)    (0.800,9)    (1.000,10)    (0.000,11)    (0.000,12)    (0.000,14)    (0.000,0)    (0.000,4)    
Total frac: 1.800

Sketch (52) (cm: eps0: 0.000625, del0: 0.05, min_mem: 16.9921875)
Par: 1, Rows: 3
(0.000,6)    (0.000,1)    (0.000,0)    (0.000,11)    (0.000,7)    (0.000,13)    (0.000,3)    (0.200,14)    (0.000,9)    (0.000,12)    (0.800,8)    (0.000,5)    (0.000,4)    (0.800,10)    
Total frac: 1.800

Sketch (53) (cm: eps0: 0.000625, del0: 0.05, min_mem: 16.9921875)
Par: 1, Rows: 3
(0.000,2)    (0.000,5)    (0.000,14)    (0.000,12)    (0.400,8)    (0.000,4)    (0.000,10)    (0.000,1)    (0.000,6)    (0.300,11)    (0.000,0)    (0.400,13)    (0.000,3)    (0.400,9)    
Total frac: 1.500

Sketch (54) (cm: eps0: 0.000625, del0: 0.05, min_mem: 16.9921875)
Par: 1, Rows: 3
(0.000,6)    (0.000,2)    (0.000,13)    (0.000,14)    (0.000,9)    (1.000,11)    (0.000,5)    (0.000,7)    (0.000,3)    (0.412,10)    (0.000,12)    (0.488,4)    
Total frac: 1.900

Sketch (55) (cm: eps0: 0.000625, del0: 0.05, min_mem: 16.9921875)
Par: 1, Rows: 3
(0.000,7)    (0.000,3)    (0.000,10)    (0.000,12)    (0.000,8)    (0.000,1)    (0.000,4)    (0.000,6)    (0.000,13)    (0.000,9)    (0.000,2)    (1.000,11)    (0.000,14)    
Total frac: 1.000

Sketch (56) (cm: eps0: 0.000625, del0: 0.05, min_mem: 16.9921875)
Par: 1, Rows: 3
(0.000,7)    (0.000,2)    (0.000,13)    (0.000,6)    (0.000,1)    (0.000,12)    (0.900,11)    (0.000,5)    (0.000,4)    (0.000,10)    (0.000,3)    (0.000,14)    (1.000,9)    (0.000,8)    
Total frac: 1.900

Sketch (57) (cm: eps0: 0.000625, del0: 0.05, min_mem: 16.9921875)
Par: 1, Rows: 3
(0.000,5)    (0.000,4)    (0.000,9)    (0.800,10)    (0.150,14)    (0.000,8)    (0.000,7)    (0.000,13)    (0.000,2)    (0.000,6)    (0.750,11)    (0.000,12)    (0.000,0)    
Total frac: 1.700

Sketch (58) (cm: eps0: 0.000625, del0: 0.05, min_mem: 16.9921875)
Par: 1, Rows: 3
(0.000,13)    (0.000,1)    (0.000,8)    (0.000,5)    (0.000,12)    (0.000,0)    (0.000,10)    (1.000,14)    (0.000,9)    (0.000,4)    (0.000,2)    
Total frac: 1.000

Sketch (59) (cm: eps0: 0.000625, del0: 0.05, min_mem: 16.9921875)
Par: 1, Rows: 3
(0.000,12)    (1.000,9)    (0.000,14)    (0.000,13)    (0.000,1)    (0.000,2)    (0.000,6)    (0.000,8)    (0.000,11)    
Total frac: 1.000

Sketch (60) (cm: eps0: 0.000625, del0: 0.05, min_mem: 16.9921875)
Par: 1, Rows: 3
(0.000,14)    (1.000,9)    (0.000,8)    (0.000,5)    (0.000,10)    (0.000,6)    (0.000,0)    (0.900,11)    (0.000,7)    (0.000,2)    (0.000,13)    (0.000,12)    
Total frac: 1.900

Sketch (61) (cm: eps0: 0.000625, del0: 0.05, min_mem: 16.9921875)
Par: 1, Rows: 3
(0.000,10)    (0.000,11)    (0.000,7)    (0.000,0)    (0.900,13)    (0.000,2)    (0.000,3)    (0.000,12)    (0.700,9)    (0.000,5)    (0.000,14)    (0.100,8)    (0.000,4)    
Total frac: 1.700

Sketch (62) (cm: eps0: 0.000625, del0: 0.05, min_mem: 16.9921875)
Par: 1, Rows: 3
(0.100,9)    (0.000,5)    (0.800,12)    (0.000,3)    (0.000,10)    (0.700,6)    (0.000,1)    (0.000,8)    (0.000,4)    (0.000,2)    (0.000,13)    (0.000,0)    (0.100,11)    (0.000,7)    (0.000,14)    
Total frac: 1.700

Sketch (63) (cm: eps0: 0.000625, del0: 0.05, min_mem: 16.9921875)
Par: 1, Rows: 3
(0.000,8)    (0.600,13)    (0.200,11)    (0.000,7)    (0.000,0)    (0.000,9)    (0.000,5)    (0.200,14)    (0.000,3)    (0.000,12)    (0.000,1)    (0.000,10)    (0.000,6)    
Total frac: 1.000

Device (0) cpu1:
Rows total: 5.364846834712643
Mem total: 91.16048332421875

Device (1) cpu2:
Rows total: 5.364846834712643
Mem total: 91.16048332421875

Device (2) cpu3:
Rows total: 5.364846834712643
Mem total: 91.16048332421875

Device (3) cpu4:
Rows total: 5.364846834712643
Mem total: 91.16048332421875

Device (4) cpu5:
Rows total: 5.364846834712643
Mem total: 91.16048332421875

Device (5) cpu6:
Rows total: 5.364846834712643
Mem total: 91.16048332421875

Device (6) cpu7:
Rows total: 5.364846834712643
Mem total: 91.16048332421875

Device (7) cpu8:
Rows total: 5.364846834712643
Mem total: 91.16048332421875

Device (8) tor_p41:
Rows total: 33.89731790318555
Mem total: 575.9895815580358

Device (9) tor_p42:
Rows total: 33.89731790318555
Mem total: 575.9895815580358

Device (10) tor_p43:
Rows total: 33.89731790318555
Mem total: 575.9895815580358

Device (11) tor_p44:
Rows total: 33.89731790318555
Mem total: 575.9895815580358

Device (12) l1_p41:
Rows total: 33.89731790318555
Mem total: 575.9895815580358

Device (13) l1_p42:
Rows total: 33.89731790318555
Mem total: 575.9895815580358

Device (14) l2_p4:
Rows total: 33.89731790318555
Mem total: 575.9895815580358
--------------------------------------------------
Changed value of parameter NonConvex to 2
   Prev: -1  Min: -1  Max: 2  Default: -1
Changed value of parameter NonConvex to 2
   Prev: -1  Min: -1  Max: 2  Default: -1
Changed value of parameter NonConvex to 2
   Prev: -1  Min: -1  Max: 2  Default: -1
Changed value of parameter NonConvex to 2
   Prev: -1  Min: -1  Max: 2  Default: -1
Changed value of parameter NonConvex to 2
   Prev: -1  Min: -1  Max: 2  Default: -1
Changed value of parameter NonConvex to 2
   Prev: -1  Min: -1  Max: 2  Default: -1
Changed value of parameter NonConvex to 2
   Prev: -1  Min: -1  Max: 2  Default: -1
Changed value of parameter NonConvex to 2
   Prev: -1  Min: -1  Max: 2  Default: -1

Throughput: 87.50000000000054 Mpps, ns per packet: 11.428571428571358
Resources: 703.4078108839581
Used Cores: 56.00000000000067, Total CPUS: 8, Switch Memory: 4031.9270709062503

Sketch (0) (cm: eps0: 0.000625, del0: 0.05, min_mem: 16.9921875)
Par: 1, Rows: 3
(0.000,9)    (0.000,8)    (0.000,0)    (0.100,14)    (0.000,6)    (0.724,13)    (0.000,5)    (0.000,12)    (0.000,4)    (0.000,11)    (0.000,3)    (0.076,10)    
Total frac: 0.900

Sketch (1) (cm: eps0: 0.000625, del0: 0.05, min_mem: 16.9921875)
Par: 1, Rows: 3
(0.800,14)    (0.600,5)    (0.200,6)    (0.000,11)    (0.000,12)    (0.000,3)    (0.200,4)    (0.900,9)    (0.000,10)    (0.000,1)    (0.000,2)    (0.000,8)    (0.000,0)    (0.000,7)    (0.000,13)    
Total frac: 2.700

Sketch (2) (cm: eps0: 0.000625, del0: 0.05, min_mem: 16.9921875)
Par: 1, Rows: 3
(0.000,3)    (0.589,8)    (0.100,14)    (0.000,0)    (0.000,13)    (0.000,5)    (0.000,10)    (0.111,12)    (0.000,2)    (0.000,9)    
Total frac: 0.800

Sketch (3) (cm: eps0: 0.000625, del0: 0.05, min_mem: 16.9921875)
Par: 1, Rows: 3
(0.000,7)    (0.000,9)    (0.000,10)    (0.100,11)    (0.000,1)    (0.000,12)    (0.700,2)    (0.000,4)    (0.700,13)    (0.000,8)    (0.000,14)    (0.000,5)    (0.000,0)    (0.100,6)    
Total frac: 1.600

Sketch (4) (cm: eps0: 0.000625, del0: 0.05, min_mem: 16.9921875)
Par: 1, Rows: 3
(0.000,11)    (0.000,7)    (0.000,3)    (0.000,13)    (0.000,9)    (0.000,5)    (0.700,12)    (0.000,1)    (0.000,8)    (0.000,0)    (0.000,10)    (0.300,14)    (0.000,6)    
Total frac: 1.000

Sketch (5) (cm: eps0: 0.000625, del0: 0.05, min_mem: 16.9921875)
Par: 1, Rows: 3
(0.775,8)    (0.200,4)    (0.000,0)    (0.800,10)    (0.000,2)    (0.000,14)    (0.000,6)    (0.000,11)    (0.225,3)    (0.000,13)    (0.000,9)    (0.000,5)    (0.000,12)    
Total frac: 2.000

Sketch (6) (cm: eps0: 0.000625, del0: 0.05, min_mem: 16.9921875)
Par: 1, Rows: 3
(0.100,9)    (0.088,1)    (0.000,3)    (0.000,12)    (0.000,2)    (0.812,8)    (0.000,0)    
Total frac: 1.000

Sketch (7) (cm: eps0: 0.000625, del0: 0.05, min_mem: 16.9921875)
Par: 1, Rows: 3
(0.000,10)    (0.000,12)    (0.000,2)    (0.000,8)    (0.000,14)    (0.000,4)    (0.800,0)    (0.000,6)    (0.000,13)    (0.000,9)    (0.000,5)    (0.900,11)    (0.000,1)    (0.000,7)    (0.000,3)    
Total frac: 1.700

Sketch (8) (cm: eps0: 0.000625, del0: 0.05, min_mem: 16.9921875)
Par: 1, Rows: 3
(0.000,14)    (0.900,12)    (0.000,11)    (0.000,5)    (0.000,4)    (0.000,2)    (0.000,3)    (0.000,1)    (0.700,10)    (0.000,0)    (0.000,9)    (0.000,8)    (0.000,7)    (0.000,6)    (0.000,13)    
Total frac: 1.600

Sketch (9) (cm: eps0: 0.000625, del0: 0.05, min_mem: 16.9921875)
Par: 1, Rows: 3
(0.700,9)    (0.000,10)    (0.000,7)    (0.000,8)    (0.300,13)    (0.000,6)    (0.700,11)    (0.000,14)    (0.000,12)    (0.000,5)    (0.000,3)    (0.000,1)    (0.000,4)    (0.000,2)    
Total frac: 1.700

Sketch (10) (cm: eps0: 0.000625, del0: 0.05, min_mem: 16.9921875)
Par: 1, Rows: 3
(0.000,5)    (0.900,12)    (0.100,2)    (0.000,11)    (0.000,1)    (0.000,10)    (0.000,9)    (0.000,3)    (0.000,0)    (0.000,6)    (0.000,13)    (0.000,8)    (0.000,14)    (0.000,7)    
Total frac: 1.000

Sketch (11) (cm: eps0: 0.000625, del0: 0.05, min_mem: 16.9921875)
Par: 1, Rows: 3
(0.000,3)    (0.000,4)    (0.000,13)    (0.000,0)    (0.000,6)    (0.000,7)    (0.100,8)    (0.200,14)    (0.000,5)    (0.000,11)    (0.000,1)    (0.600,12)    (0.000,2)    (0.000,9)    (1.000,10)    
Total frac: 1.900

Sketch (12) (cm: eps0: 0.000625, del0: 0.05, min_mem: 16.9921875)
Par: 1, Rows: 3
(0.000,8)    (0.000,4)    (0.000,10)    (0.000,6)    (0.937,14)    (0.000,11)    (0.000,13)    (0.000,12)    (0.063,3)    (0.700,1)    (0.000,0)    (0.000,9)    (0.000,5)    
Total frac: 1.700

Sketch (13) (cm: eps0: 0.000625, del0: 0.05, min_mem: 16.9921875)
Par: 1, Rows: 3
(0.000,13)    (0.000,3)    (0.000,1)    (0.000,12)    (0.900,9)    (0.000,5)    (0.000,0)    (1.000,8)    (0.000,4)    (0.000,2)    (0.000,10)    (0.700,6)    (0.000,11)    (0.000,7)    (0.000,14)    
Total frac: 2.600

Sketch (14) (cm: eps0: 0.000625, del0: 0.05, min_mem: 16.9921875)
Par: 1, Rows: 3
(0.000,10)    (0.000,6)    (0.000,8)    (0.100,14)    (0.000,4)    (0.600,13)    (0.300,11)    (0.000,1)    (0.000,7)    (0.000,9)    (0.000,5)    (0.000,12)    (0.000,2)    
Total frac: 1.000

Sketch (15) (cm: eps0: 0.000625, del0: 0.05, min_mem: 16.9921875)
Par: 1, Rows: 3
(0.000,11)    (0.000,1)    (0.000,7)    (0.000,9)    (0.000,5)    (0.000,3)    (0.000,12)    (0.000,2)    (0.000,10)    (0.224,0)    (0.776,8)    (0.000,14)    (0.000,4)    (1.000,13)    
Total frac: 2.000

Sketch (16) (cm: eps0: 0.000625, del0: 0.05, min_mem: 16.9921875)
Par: 1, Rows: 3
(0.000,7)    (0.000,6)    (0.900,1)    (0.700,13)    (0.000,0)    (0.000,12)    (0.000,4)    (0.000,11)    (0.000,14)    (0.000,10)    (0.100,8)    
Total frac: 1.700

Sketch (17) (cm: eps0: 0.000625, del0: 0.05, min_mem: 16.9921875)
Par: 1, Rows: 3
(0.000,0)    (0.000,12)    (0.000,3)    (0.000,4)    (0.000,9)    (0.000,14)    (0.900,10)    (0.312,8)    (0.000,7)    (0.000,1)    (0.000,13)    (0.688,2)    (0.000,5)    (0.000,6)    (0.000,11)    
Total frac: 1.900

Sketch (18) (cm: eps0: 0.000625, del0: 0.05, min_mem: 16.9921875)
Par: 1, Rows: 3
(0.000,8)    (0.000,2)    (0.000,6)    (0.000,1)    (0.000,13)    (0.000,5)    (0.000,7)    (0.700,14)    (1.000,10)    (0.000,0)    (0.000,12)    (0.000,9)    (0.000,4)    (0.000,11)    (0.000,3)    
Total frac: 1.700

Sketch (19) (cm: eps0: 0.000625, del0: 0.05, min_mem: 16.9921875)
Par: 1, Rows: 3
(0.000,14)    (0.000,10)    (0.200,11)    (0.000,12)    (0.000,1)    (0.800,13)    (0.000,8)    (0.000,5)    (0.000,6)    
Total frac: 1.000

Sketch (20) (cm: eps0: 0.000625, del0: 0.05, min_mem: 16.9921875)
Par: 1, Rows: 3
(0.800,13)    (0.000,9)    (0.800,12)    (0.000,8)    (0.000,4)    (0.000,10)    (0.000,0)    (0.000,11)    (0.000,7)    (0.000,2)    
Total frac: 1.600

Sketch (21) (cm: eps0: 0.000625, del0: 0.05, min_mem: 16.9921875)
Par: 1, Rows: 3
(0.000,1)    (0.000,11)    (0.100,7)    (0.000,13)    (0.000,2)    (0.000,9)    (0.000,5)    (0.000,12)    (0.700,8)    (0.000,4)    (0.800,10)    
Total frac: 1.600

Sketch (22) (cm: eps0: 0.000625, del0: 0.05, min_mem: 16.9921875)
Par: 1, Rows: 3
(0.100,11)    (0.000,7)    (0.000,3)    (0.000,10)    (0.000,12)    (0.000,8)    (0.000,6)    (0.000,1)    (0.000,2)    (0.000,14)    (0.900,13)    (0.000,0)    (0.000,9)    (0.000,5)    
Total frac: 1.000

Sketch (23) (cm: eps0: 0.000625, del0: 0.05, min_mem: 16.9921875)
Par: 1, Rows: 3
(0.000,13)    (0.000,2)    (0.000,9)    (0.000,5)    (0.000,14)    (0.000,0)    (0.800,3)    (0.000,10)    (0.000,12)    (0.000,1)    (0.900,8)    
Total frac: 1.700

Sketch (24) (cm: eps0: 0.000625, del0: 0.05, min_mem: 16.9921875)
Par: 1, Rows: 3
(0.000,5)    (0.000,4)    (0.000,3)    (0.200,14)    (0.800,10)    (0.000,9)    (0.000,8)    (0.000,7)    (0.000,2)    (0.000,6)    (0.000,1)    (0.000,13)    (0.000,0)    (0.700,12)    (0.000,11)    
Total frac: 1.700

Sketch (25) (cm: eps0: 0.000625, del0: 0.05, min_mem: 16.9921875)
Par: 1, Rows: 3
(0.000,13)    (0.000,6)    (0.900,11)    (0.000,5)    (0.000,4)    (0.000,10)    
Total frac: 0.900

Sketch (26) (cm: eps0: 0.000625, del0: 0.05, min_mem: 16.9921875)
Par: 1, Rows: 3
(0.000,11)    (1.000,14)    (0.000,9)    (0.000,3)    (0.000,6)    (0.000,13)    (0.000,12)    
Total frac: 1.000

Sketch (27) (cm: eps0: 0.000625, del0: 0.05, min_mem: 16.9921875)
Par: 1, Rows: 3
(0.000,2)    (0.100,8)    (0.000,5)    (0.000,0)    (0.600,12)    (0.000,9)    (0.300,14)    (0.000,10)    (0.000,4)    (0.000,1)    (0.000,13)    
Total frac: 1.000

Sketch (28) (cm: eps0: 0.000625, del0: 0.05, min_mem: 16.9921875)
Par: 1, Rows: 3
(0.000,6)    (0.000,0)    (0.200,11)    (0.000,7)    (0.000,13)    (0.000,12)    (0.000,3)    (0.800,14)    (0.000,9)    (0.000,5)    (0.000,8)    (0.000,10)    
Total frac: 1.000

Sketch (29) (cm: eps0: 0.000625, del0: 0.05, min_mem: 16.9921875)
Par: 1, Rows: 3
(0.800,12)    (0.100,9)    (0.288,5)    (0.000,14)    (0.000,8)    (0.000,4)    (0.100,1)    (0.512,10)    (0.000,6)    (0.100,11)    (0.000,7)    (0.000,0)    (0.000,13)    (0.000,2)    (0.000,3)    
Total frac: 1.900

Sketch (30) (cm: eps0: 0.000625, del0: 0.05, min_mem: 16.9921875)
Par: 1, Rows: 3
(0.000,13)    (0.000,11)    (0.800,7)    (0.000,5)    (0.100,10)    (0.000,6)    (0.900,4)    
Total frac: 1.800

Sketch (31) (cm: eps0: 0.000625, del0: 0.05, min_mem: 16.9921875)
Par: 1, Rows: 3
(0.000,5)    (0.100,14)    (0.000,12)    (0.000,10)    (0.000,6)    (0.800,13)    (0.000,2)    (0.000,11)    (0.000,7)    (0.000,9)    
Total frac: 0.900

Sketch (32) (cm: eps0: 0.000625, del0: 0.05, min_mem: 16.9921875)
Par: 1, Rows: 3
(0.000,13)    (0.000,6)    (0.000,12)    (0.000,11)    (0.000,4)    (0.000,10)    (0.000,3)    (0.887,9)    (0.000,2)    (0.687,8)    (0.000,1)    (0.213,0)    (0.000,7)    (0.113,14)    
Total frac: 1.900

Sketch (33) (cm: eps0: 0.000625, del0: 0.05, min_mem: 16.9921875)
Par: 1, Rows: 3
(0.000,1)    (0.300,2)    (0.700,8)    (0.000,0)    (0.000,13)    (0.000,14)    (0.000,6)    (0.000,11)    (0.000,12)    (0.000,9)    
Total frac: 1.000

Sketch (34) (cm: eps0: 0.000625, del0: 0.05, min_mem: 16.9921875)
Par: 1, Rows: 3
(0.000,5)    (0.000,10)    (0.900,12)    (0.000,9)    (0.000,2)    (0.000,4)    (0.000,1)    (0.000,8)    (0.000,14)    (0.000,13)    (0.000,0)    
Total frac: 0.900

Sketch (35) (cm: eps0: 0.000625, del0: 0.05, min_mem: 16.9921875)
Par: 1, Rows: 3
(0.000,4)    (0.000,13)    (0.000,8)    (0.100,14)    (0.000,6)    (0.200,9)    (0.000,10)    (0.000,11)    (0.600,12)    (0.000,1)    (0.000,2)    
Total frac: 0.900

Sketch (36) (cm: eps0: 0.000625, del0: 0.05, min_mem: 16.9921875)
Par: 1, Rows: 3
(0.000,10)    (0.000,0)    (0.000,2)    (0.000,11)    (0.888,7)    (0.112,13)    (0.000,3)    (0.000,9)    (0.000,12)    (1.000,8)    (0.000,5)    (0.000,1)    
Total frac: 2.000

Sketch (37) (cm: eps0: 0.000625, del0: 0.05, min_mem: 16.9921875)
Par: 1, Rows: 3
(0.000,7)    (0.000,13)    (0.000,3)    (0.800,9)    (0.000,5)    (0.000,12)    (0.000,8)    (0.000,4)    (0.000,10)    (0.100,0)    (0.000,2)    (0.000,14)    (0.900,11)    
Total frac: 1.800

Sketch (38) (cm: eps0: 0.000625, del0: 0.05, min_mem: 16.9921875)
Par: 1, Rows: 3
(0.000,8)    (0.000,2)    (0.900,14)    (0.000,4)    (0.000,6)    (0.000,13)    (0.000,9)    (0.000,11)    (0.000,5)    (0.000,1)    (0.000,10)    (0.000,12)    
Total frac: 0.900

Sketch (39) (cm: eps0: 0.000625, del0: 0.05, min_mem: 16.9921875)
Par: 1, Rows: 3
(0.000,9)    (0.000,5)    (0.000,1)    (0.000,10)    (0.000,12)    (1.000,8)    (0.000,2)    (0.800,14)    (0.000,0)    (0.000,13)    
Total frac: 1.800

Sketch (40) (cm: eps0: 0.000625, del0: 0.05, min_mem: 16.9921875)
Par: 1, Rows: 3
(0.700,3)    (0.000,9)    (0.100,0)    (0.000,8)    (0.000,12)    (0.000,2)    
Total frac: 0.800

Sketch (41) (cm: eps0: 0.000625, del0: 0.05, min_mem: 16.9921875)
Par: 1, Rows: 3
(0.000,6)    (0.000,11)    (0.000,12)    (0.100,14)    (0.000,5)    (0.000,3)    (0.000,1)    (0.000,4)    (0.000,2)    (0.900,9)    (0.900,10)    (0.000,8)    (0.000,7)    (0.000,13)    
Total frac: 1.900

Sketch (42) (cm: eps0: 0.000625, del0: 0.05, min_mem: 16.9921875)
Par: 1, Rows: 3
(0.000,4)    (0.000,3)    (0.000,13)    (0.000,0)    (0.000,6)    (0.000,8)    (0.000,14)    (0.000,7)    (0.800,12)    (0.000,2)    (1.000,11)    (0.000,10)    (0.000,9)    
Total frac: 1.800

Sketch (43) (cm: eps0: 0.000625, del0: 0.05, min_mem: 16.9921875)
Par: 1, Rows: 3
(0.100,14)    (0.000,11)    (0.900,12)    (0.000,1)    (0.000,2)    (0.000,9)    (0.000,10)    (0.000,3)    (0.000,4)    (0.000,13)    (0.000,0)    (0.000,8)    (0.000,7)    
Total frac: 1.000

Sketch (44) (cm: eps0: 0.000625, del0: 0.05, min_mem: 16.9921875)
Par: 1, Rows: 3
(0.000,7)    (0.000,13)    (0.900,12)    (0.000,3)    (0.000,1)    (0.100,9)    (0.000,0)    (0.000,8)    (0.000,5)    (0.000,2)    (0.000,10)    (0.000,14)    (0.000,11)    
Total frac: 1.000

Sketch (45) (cm: eps0: 0.000625, del0: 0.05, min_mem: 16.9921875)
Par: 1, Rows: 3
(0.000,0)    (0.000,8)    (0.000,4)    (0.000,2)    (0.000,10)    (0.000,6)    (0.000,11)    (0.000,7)    (0.000,14)    (0.900,13)    (0.000,12)    (0.000,9)    (0.000,5)    
Total frac: 0.900

Sketch (46) (cm: eps0: 0.000625, del0: 0.05, min_mem: 16.9921875)
Par: 1, Rows: 3
(0.000,11)    (0.000,9)    (0.000,12)    (0.000,2)    (0.000,0)    (0.000,6)    (0.000,8)    (1.000,14)    (0.000,13)    
Total frac: 1.000

Sketch (47) (cm: eps0: 0.000625, del0: 0.05, min_mem: 16.9921875)
Par: 1, Rows: 3
(0.000,2)    (0.000,10)    (0.351,0)    (0.000,6)    (0.449,8)    (0.000,14)    (0.000,4)    (0.251,13)    (0.649,11)    (0.000,1)    (0.000,9)    (0.000,5)    (0.200,12)    
Total frac: 1.900

Sketch (48) (cm: eps0: 0.000625, del0: 0.05, min_mem: 16.9921875)
Par: 1, Rows: 3
(0.000,11)    (0.000,4)    (0.000,10)    (0.000,3)    (1.000,14)    (0.000,9)    (0.000,8)    (0.000,7)    (0.000,13)    (0.000,6)    (0.000,12)    (0.900,5)    (0.000,0)    
Total frac: 1.900

Sketch (49) (cm: eps0: 0.000625, del0: 0.05, min_mem: 16.9921875)
Par: 1, Rows: 3
(0.000,5)    (0.000,4)    (0.700,10)    
Total frac: 0.700

Sketch (50) (cm: eps0: 0.000625, del0: 0.05, min_mem: 16.9921875)
Par: 1, Rows: 3
(0.088,12)    (0.000,14)    (0.712,9)    (0.000,0)    (0.100,11)    (0.000,4)    (0.000,3)    (0.000,8)    (0.000,2)    (0.812,13)    (0.088,6)    (0.000,1)    (0.000,5)    (0.000,7)    (0.000,10)    
Total frac: 1.800

Sketch (51) (cm: eps0: 0.000625, del0: 0.05, min_mem: 16.9921875)
Par: 1, Rows: 3
(0.000,13)    (0.000,8)    (0.000,2)    (0.000,5)    (0.000,7)    (0.800,9)    (1.000,10)    (0.000,11)    (0.000,12)    (0.000,14)    (0.000,0)    (0.000,4)    
Total frac: 1.800

Sketch (52) (cm: eps0: 0.000625, del0: 0.05, min_mem: 16.9921875)
Par: 1, Rows: 3
(0.000,6)    (0.000,1)    (0.000,0)    (0.000,11)    (0.000,7)    (0.000,13)    (0.000,3)    (0.200,14)    (0.000,9)    (0.000,12)    (0.800,8)    (0.000,5)    (0.000,4)    (0.800,10)    
Total frac: 1.800

Sketch (53) (cm: eps0: 0.000625, del0: 0.05, min_mem: 16.9921875)
Par: 1, Rows: 3
(0.000,2)    (0.000,5)    (0.000,14)    (0.000,12)    (0.400,8)    (0.000,4)    (0.000,10)    (0.000,1)    (0.000,6)    (0.300,11)    (0.000,0)    (0.400,13)    (0.000,3)    (0.400,9)    
Total frac: 1.500

Sketch (54) (cm: eps0: 0.000625, del0: 0.05, min_mem: 16.9921875)
Par: 1, Rows: 3
(0.000,6)    (0.000,2)    (0.000,13)    (0.000,14)    (0.000,9)    (1.000,11)    (0.000,5)    (0.000,7)    (0.000,3)    (0.412,10)    (0.000,12)    (0.488,4)    
Total frac: 1.900

Sketch (55) (cm: eps0: 0.000625, del0: 0.05, min_mem: 16.9921875)
Par: 1, Rows: 3
(0.000,7)    (0.000,3)    (0.000,10)    (0.000,12)    (0.000,8)    (0.000,1)    (0.000,4)    (0.000,6)    (0.000,13)    (0.000,9)    (0.000,2)    (1.000,11)    (0.000,14)    
Total frac: 1.000

Sketch (56) (cm: eps0: 0.000625, del0: 0.05, min_mem: 16.9921875)
Par: 1, Rows: 3
(0.000,7)    (0.000,2)    (0.000,13)    (0.000,6)    (0.000,1)    (0.000,12)    (0.900,11)    (0.000,5)    (0.000,4)    (0.000,10)    (0.000,3)    (0.000,14)    (1.000,9)    (0.000,8)    
Total frac: 1.900

Sketch (57) (cm: eps0: 0.000625, del0: 0.05, min_mem: 16.9921875)
Par: 1, Rows: 3
(0.000,5)    (0.000,4)    (0.000,9)    (0.800,10)    (0.150,14)    (0.000,8)    (0.000,7)    (0.000,13)    (0.000,2)    (0.000,6)    (0.750,11)    (0.000,12)    (0.000,0)    
Total frac: 1.700

Sketch (58) (cm: eps0: 0.000625, del0: 0.05, min_mem: 16.9921875)
Par: 1, Rows: 3
(0.000,13)    (0.000,1)    (0.000,8)    (0.000,5)    (0.000,12)    (0.000,0)    (0.000,10)    (1.000,14)    (0.000,9)    (0.000,4)    (0.000,2)    
Total frac: 1.000

Sketch (59) (cm: eps0: 0.000625, del0: 0.05, min_mem: 16.9921875)
Par: 1, Rows: 3
(0.000,12)    (1.000,9)    (0.000,14)    (0.000,13)    (0.000,1)    (0.000,2)    (0.000,6)    (0.000,8)    (0.000,11)    
Total frac: 1.000

Sketch (60) (cm: eps0: 0.000625, del0: 0.05, min_mem: 16.9921875)
Par: 1, Rows: 3
(0.000,14)    (1.000,9)    (0.000,8)    (0.000,5)    (0.000,10)    (0.000,6)    (0.000,0)    (0.900,11)    (0.000,7)    (0.000,2)    (0.000,13)    (0.000,12)    
Total frac: 1.900

Sketch (61) (cm: eps0: 0.000625, del0: 0.05, min_mem: 16.9921875)
Par: 1, Rows: 3
(0.000,10)    (0.000,11)    (0.000,7)    (0.000,0)    (0.900,13)    (0.000,2)    (0.000,3)    (0.000,12)    (0.700,9)    (0.000,5)    (0.000,14)    (0.100,8)    (0.000,4)    
Total frac: 1.700

Sketch (62) (cm: eps0: 0.000625, del0: 0.05, min_mem: 16.9921875)
Par: 1, Rows: 3
(0.100,9)    (0.000,5)    (0.800,12)    (0.000,3)    (0.000,10)    (0.700,6)    (0.000,1)    (0.000,8)    (0.000,4)    (0.000,2)    (0.000,13)    (0.000,0)    (0.100,11)    (0.000,7)    (0.000,14)    
Total frac: 1.700

Sketch (63) (cm: eps0: 0.000625, del0: 0.05, min_mem: 16.9921875)
Par: 1, Rows: 3
(0.000,8)    (0.600,13)    (0.200,11)    (0.000,7)    (0.000,0)    (0.000,9)    (0.000,5)    (0.200,14)    (0.000,3)    (0.000,12)    (0.000,1)    (0.000,10)    (0.000,6)    
Total frac: 1.000

Device (0) cpu1:
cores_sketch: 2.0, cores_dpdk: 5.000000000000083
Rows total: 5.364846834712643
Mem total: 91.16048332421875
Throughput: 87.50000000000054

Device (1) cpu2:
cores_sketch: 2.0, cores_dpdk: 5.000000000000083
Rows total: 5.364846834712643
Mem total: 91.16048332421875
Throughput: 87.50000000000054

Device (2) cpu3:
cores_sketch: 2.0, cores_dpdk: 5.000000000000083
Rows total: 5.364846834712643
Mem total: 91.16048332421875
Throughput: 87.50000000000054

Device (3) cpu4:
cores_sketch: 2.0, cores_dpdk: 5.000000000000083
Rows total: 5.364846834712643
Mem total: 91.16048332421875
Throughput: 87.50000000000054

Device (4) cpu5:
cores_sketch: 2.0, cores_dpdk: 5.000000000000083
Rows total: 5.364846834712643
Mem total: 91.16048332421875
Throughput: 87.50000000000054

Device (5) cpu6:
cores_sketch: 2.0, cores_dpdk: 5.000000000000083
Rows total: 5.364846834712643
Mem total: 91.16048332421875
Throughput: 87.50000000000054

Device (6) cpu7:
cores_sketch: 2.0, cores_dpdk: 5.000000000000083
Rows total: 5.364846834712643
Mem total: 91.16048332421875
Throughput: 87.50000000000054

Device (7) cpu8:
cores_sketch: 2.0, cores_dpdk: 5.000000000000083
Rows total: 5.364846834712643
Mem total: 91.16048332421875
Throughput: 87.50000000000054

Device (8) tor_p41:
Rows total: 33.89731790318555
Mem total: 575.9895815580358
Throughput: 148.0

Device (9) tor_p42:
Rows total: 33.89731790318555
Mem total: 575.9895815580358
Throughput: 148.0

Device (10) tor_p43:
Rows total: 33.89731790318555
Mem total: 575.9895815580358
Throughput: 148.0

Device (11) tor_p44:
Rows total: 33.89731790318555
Mem total: 575.9895815580358
Throughput: 148.0

Device (12) l1_p41:
Rows total: 33.89731790318555
Mem total: 575.9895815580358
Throughput: 148.0

Device (13) l1_p42:
Rows total: 33.89731790318555
Mem total: 575.9895815580358
Throughput: 148.0

Device (14) l2_p4:
Rows total: 33.89731790318555
Mem total: 575.9895815580358
Throughput: 148.0
--------------------------------------------------
Function: solve took 0.2524888515472412 seconds
