Function: get_partitions took 0.00012540817260742188 seconds
Function: map_flows_partitions took 0.00028777122497558594 seconds
Using license file /home/anup/gurobi.lic
Academic license - for non-commercial use only
Building model with:
15 devices, 64 partitions and 320 flows
Adding frac and mem vars took: 0.0045528411865234375s
Adding coverage constraints took: 0.004919767379760742s
Adding accuracy constraints took 0.014852762222290039s
Adding load constraints took: 0.00737762451171875s
Starting model update
Model update complete, took: 0.0009086132049560547 s
Starting model optimize
--------------------------------------------------
Model update took: 0.0009086132049560547 seconds
Model optimize took: 0.027926921844482422 seconds
--------------------------------------------------

Sketch (0) (cm: eps0: 0.000625, del0: 0.05, min_mem: 16.9921875)
Par: 1, Rows: 3
(0.000,9)    (0.000,8)    (0.100,0)    (0.000,14)    (0.000,6)    (0.000,13)    (0.000,5)    (0.000,12)    (0.000,4)    (0.000,11)    (0.000,3)    (0.800,10)    
Total frac: 0.900

Sketch (1) (cm: eps0: 0.000625, del0: 0.05, min_mem: 16.9921875)
Par: 1, Rows: 3
(0.306,14)    (0.206,5)    (0.000,6)    (0.206,11)    (0.000,12)    (0.900,3)    (0.594,4)    (0.000,9)    (0.000,10)    (0.200,1)    (0.000,2)    (0.288,8)    (0.000,0)    (0.000,7)    (0.000,13)    
Total frac: 2.700

Sketch (2) (cm: eps0: 0.000625, del0: 0.05, min_mem: 16.9921875)
Par: 1, Rows: 3
(0.000,3)    (0.000,8)    (0.000,14)    (0.800,0)    (0.000,13)    (0.000,5)    (0.000,10)    (0.000,12)    (0.000,2)    (0.000,9)    
Total frac: 0.800

Sketch (3) (cm: eps0: 0.000625, del0: 0.05, min_mem: 16.9921875)
Par: 1, Rows: 3
(0.000,7)    (0.000,9)    (0.000,10)    (0.900,11)    (0.000,1)    (0.000,12)    (0.000,2)    (0.000,4)    (0.000,13)    (0.700,8)    (0.000,14)    (0.000,5)    (0.000,0)    (0.000,6)    
Total frac: 1.600

Sketch (4) (cm: eps0: 0.000625, del0: 0.05, min_mem: 16.9921875)
Par: 1, Rows: 3
(0.000,11)    (0.000,7)    (0.100,3)    (0.000,13)    (0.000,9)    (0.000,5)    (0.600,12)    (0.000,1)    (0.000,8)    (0.000,0)    (0.000,10)    (0.300,14)    (0.000,6)    
Total frac: 1.000

Sketch (5) (cm: eps0: 0.000625, del0: 0.05, min_mem: 16.9921875)
Par: 1, Rows: 3
(0.000,8)    (0.000,4)    (0.000,0)    (0.933,10)    (0.000,2)    (0.000,14)    (0.000,6)    (0.000,11)    (1.000,3)    (0.000,13)    (0.000,9)    (0.067,5)    (0.000,12)    
Total frac: 2.000

Sketch (6) (cm: eps0: 0.000625, del0: 0.05, min_mem: 16.9921875)
Par: 1, Rows: 3
(0.000,9)    (0.900,1)    (0.100,3)    (0.000,12)    (0.000,2)    (0.000,8)    (0.000,0)    
Total frac: 1.000

Sketch (7) (cm: eps0: 0.000625, del0: 0.05, min_mem: 16.9921875)
Par: 1, Rows: 3
(0.000,10)    (0.000,12)    (0.000,2)    (0.000,8)    (0.000,14)    (0.000,4)    (0.800,0)    (0.100,6)    (0.000,13)    (0.000,9)    (0.000,5)    (0.800,11)    (0.000,1)    (0.000,7)    (0.000,3)    
Total frac: 1.700

Sketch (8) (cm: eps0: 0.000625, del0: 0.05, min_mem: 16.9921875)
Par: 1, Rows: 3
(0.000,14)    (0.600,12)    (0.000,11)    (0.000,5)    (0.700,4)    (0.000,2)    (0.000,3)    (0.000,1)    (0.000,10)    (0.000,0)    (0.200,9)    (0.100,8)    (0.000,7)    (0.000,6)    (0.000,13)    
Total frac: 1.600

Sketch (9) (cm: eps0: 0.000625, del0: 0.05, min_mem: 16.9921875)
Par: 1, Rows: 3
(0.000,9)    (0.000,10)    (0.000,7)    (0.000,8)    (1.000,13)    (0.000,6)    (0.000,11)    (0.000,14)    (0.000,12)    (0.000,5)    (0.000,3)    (0.700,1)    (0.000,4)    (0.000,2)    
Total frac: 1.700

Sketch (10) (cm: eps0: 0.000625, del0: 0.05, min_mem: 16.9921875)
Par: 1, Rows: 3
(0.000,5)    (0.000,12)    (0.100,2)    (0.000,11)    (0.000,1)    (0.000,10)    (0.000,9)    (0.000,3)    (0.000,0)    (0.000,6)    (0.000,13)    (0.900,8)    (0.000,14)    (0.000,7)    
Total frac: 1.000

Sketch (11) (cm: eps0: 0.000625, del0: 0.05, min_mem: 16.9921875)
Par: 1, Rows: 3
(0.000,3)    (0.800,4)    (0.000,13)    (0.000,0)    (0.200,6)    (0.000,7)    (0.100,8)    (0.000,14)    (0.200,5)    (0.000,11)    (0.000,1)    (0.600,12)    (0.000,2)    (0.000,9)    (0.000,10)    
Total frac: 1.900

Sketch (12) (cm: eps0: 0.000625, del0: 0.05, min_mem: 16.9921875)
Par: 1, Rows: 3
(0.000,8)    (0.000,4)    (0.000,10)    (0.000,6)    (0.100,14)    (0.000,11)    (0.000,13)    (0.000,12)    (0.900,3)    (0.000,1)    (0.700,0)    (0.000,9)    (0.000,5)    
Total frac: 1.700

Sketch (13) (cm: eps0: 0.000625, del0: 0.05, min_mem: 16.9921875)
Par: 1, Rows: 3
(0.000,13)    (0.000,3)    (1.000,1)    (0.000,12)    (0.833,9)    (0.000,5)    (0.000,0)    (0.000,8)    (0.000,4)    (0.067,2)    (0.000,10)    (0.700,6)    (0.000,11)    (0.000,7)    (0.000,14)    
Total frac: 2.600

Sketch (14) (cm: eps0: 0.000625, del0: 0.05, min_mem: 16.9921875)
Par: 1, Rows: 3
(0.000,10)    (0.000,6)    (0.000,8)    (0.100,14)    (0.000,4)    (0.600,13)    (0.300,11)    (0.000,1)    (0.000,7)    (0.000,9)    (0.000,5)    (0.000,12)    (0.000,2)    
Total frac: 1.000

Sketch (15) (cm: eps0: 0.000625, del0: 0.05, min_mem: 16.9921875)
Par: 1, Rows: 3
(0.000,11)    (0.000,1)    (1.000,7)    (0.000,9)    (0.000,5)    (1.000,3)    (0.000,12)    (0.000,2)    (0.000,10)    (0.000,0)    (0.000,8)    (0.000,14)    (0.000,4)    (0.000,13)    
Total frac: 2.000

Sketch (16) (cm: eps0: 0.000625, del0: 0.05, min_mem: 16.9921875)
Par: 1, Rows: 3
(0.000,7)    (0.460,6)    (0.440,1)    (0.000,13)    (0.560,0)    (0.000,12)    (0.000,4)    (0.240,11)    (0.000,14)    (0.000,10)    (0.000,8)    
Total frac: 1.700

Sketch (17) (cm: eps0: 0.000625, del0: 0.05, min_mem: 16.9921875)
Par: 1, Rows: 3
(0.000,0)    (0.000,12)    (0.000,3)    (0.000,4)    (0.000,9)    (0.000,14)    (0.900,10)    (0.000,8)    (0.000,7)    (0.000,1)    (0.000,13)    (1.000,2)    (0.000,5)    (0.000,6)    (0.000,11)    
Total frac: 1.900

Sketch (18) (cm: eps0: 0.000625, del0: 0.05, min_mem: 16.9921875)
Par: 1, Rows: 3
(0.000,8)    (0.000,2)    (0.000,6)    (0.000,1)    (0.000,13)    (1.000,5)    (0.367,7)    (0.000,14)    (0.000,10)    (0.000,0)    (0.000,12)    (0.000,9)    (0.000,4)    (0.000,11)    (0.333,3)    
Total frac: 1.700

Sketch (19) (cm: eps0: 0.000625, del0: 0.05, min_mem: 16.9921875)
Par: 1, Rows: 3
(0.000,14)    (0.000,10)    (0.000,11)    (0.000,12)    (0.000,1)    (0.800,13)    (0.000,8)    (0.000,5)    (0.200,6)    
Total frac: 1.000

Sketch (20) (cm: eps0: 0.000625, del0: 0.05, min_mem: 16.9921875)
Par: 1, Rows: 3
(0.000,13)    (0.000,9)    (0.000,12)    (0.000,8)    (0.199,4)    (0.000,10)    (0.373,0)    (0.000,11)    (0.601,7)    (0.427,2)    
Total frac: 1.600

Sketch (21) (cm: eps0: 0.000625, del0: 0.05, min_mem: 16.9921875)
Par: 1, Rows: 3
(0.700,1)    (0.000,11)    (0.100,7)    (0.000,13)    (0.000,2)    (0.000,9)    (0.800,5)    (0.000,12)    (0.000,8)    (0.000,4)    (0.000,10)    
Total frac: 1.600

Sketch (22) (cm: eps0: 0.000625, del0: 0.05, min_mem: 16.9921875)
Par: 1, Rows: 3
(0.100,11)    (0.000,7)    (0.000,3)    (0.000,10)    (0.000,12)    (0.000,8)    (0.000,6)    (0.000,1)    (0.000,2)    (0.000,14)    (0.900,13)    (0.000,0)    (0.000,9)    (0.000,5)    
Total frac: 1.000

Sketch (23) (cm: eps0: 0.000625, del0: 0.05, min_mem: 16.9921875)
Par: 1, Rows: 3
(0.000,13)    (0.800,2)    (0.000,9)    (0.000,5)    (0.000,14)    (0.800,0)    (0.000,3)    (0.000,10)    (0.000,12)    (0.000,1)    (0.100,8)    
Total frac: 1.700

Sketch (24) (cm: eps0: 0.000625, del0: 0.05, min_mem: 16.9921875)
Par: 1, Rows: 3
(0.000,5)    (0.000,4)    (0.000,3)    (0.200,14)    (0.800,10)    (0.000,9)    (0.700,8)    (0.000,7)    (0.000,2)    (0.000,6)    (0.000,1)    (0.000,13)    (0.000,0)    (0.000,12)    (0.000,11)    
Total frac: 1.700

Sketch (25) (cm: eps0: 0.000625, del0: 0.05, min_mem: 16.9921875)
Par: 1, Rows: 3
(0.000,13)    (0.537,6)    (0.263,11)    (0.000,5)    (0.100,4)    (0.000,10)    
Total frac: 0.900

Sketch (26) (cm: eps0: 0.000625, del0: 0.05, min_mem: 16.9921875)
Par: 1, Rows: 3
(0.000,11)    (1.000,14)    (0.000,9)    (0.000,3)    (0.000,6)    (0.000,13)    (0.000,12)    
Total frac: 1.000

Sketch (27) (cm: eps0: 0.000625, del0: 0.05, min_mem: 16.9921875)
Par: 1, Rows: 3
(0.000,2)    (0.100,8)    (0.000,5)    (0.000,0)    (0.600,12)    (0.000,9)    (0.300,14)    (0.000,10)    (0.000,4)    (0.000,1)    (0.000,13)    
Total frac: 1.000

Sketch (28) (cm: eps0: 0.000625, del0: 0.05, min_mem: 16.9921875)
Par: 1, Rows: 3
(0.000,6)    (0.000,0)    (0.000,11)    (0.200,7)    (0.633,13)    (0.000,12)    (0.000,3)    (0.167,14)    (0.000,9)    (0.000,5)    (0.000,8)    (0.000,10)    
Total frac: 1.000

Sketch (29) (cm: eps0: 0.000625, del0: 0.05, min_mem: 16.9921875)
Par: 1, Rows: 3
(0.800,12)    (0.100,9)    (0.800,5)    (0.000,14)    (0.000,8)    (0.000,4)    (0.100,1)    (0.000,10)    (0.000,6)    (0.100,11)    (0.000,7)    (0.000,0)    (0.000,13)    (0.000,2)    (0.000,3)    
Total frac: 1.900

Sketch (30) (cm: eps0: 0.000625, del0: 0.05, min_mem: 16.9921875)
Par: 1, Rows: 3
(0.000,13)    (0.000,11)    (0.364,7)    (0.536,5)    (0.000,10)    (0.436,6)    (0.464,4)    
Total frac: 1.800

Sketch (31) (cm: eps0: 0.000625, del0: 0.05, min_mem: 16.9921875)
Par: 1, Rows: 3
(0.100,5)    (0.000,14)    (0.000,12)    (0.000,10)    (0.000,6)    (0.700,13)    (0.100,2)    (0.000,11)    (0.000,7)    (0.000,9)    
Total frac: 0.900

Sketch (32) (cm: eps0: 0.000625, del0: 0.05, min_mem: 16.9921875)
Par: 1, Rows: 3
(0.000,13)    (0.000,6)    (0.000,12)    (0.700,11)    (0.000,4)    (0.000,10)    (0.000,3)    (0.100,9)    (0.200,2)    (0.000,8)    (0.900,1)    (0.000,0)    (0.000,7)    (0.000,14)    
Total frac: 1.900

Sketch (33) (cm: eps0: 0.000625, del0: 0.05, min_mem: 16.9921875)
Par: 1, Rows: 3
(0.000,1)    (0.300,2)    (0.700,8)    (0.000,0)    (0.000,13)    (0.000,14)    (0.000,6)    (0.000,11)    (0.000,12)    (0.000,9)    
Total frac: 1.000

Sketch (34) (cm: eps0: 0.000625, del0: 0.05, min_mem: 16.9921875)
Par: 1, Rows: 3
(0.000,5)    (0.000,10)    (0.900,12)    (0.000,9)    (0.000,2)    (0.000,4)    (0.000,1)    (0.000,8)    (0.000,14)    (0.000,13)    (0.000,0)    
Total frac: 0.900

Sketch (35) (cm: eps0: 0.000625, del0: 0.05, min_mem: 16.9921875)
Par: 1, Rows: 3
(0.000,4)    (0.000,13)    (0.000,8)    (0.184,14)    (0.000,6)    (0.000,9)    (0.000,10)    (0.000,11)    (0.433,12)    (0.084,1)    (0.284,2)    
Total frac: 0.984

Sketch (36) (cm: eps0: 0.000625, del0: 0.05, min_mem: 16.9921875)
Par: 1, Rows: 3
(0.000,10)    (0.000,0)    (0.000,2)    (0.945,11)    (0.055,7)    (0.000,13)    (0.200,3)    (0.800,9)    (0.000,12)    (0.000,8)    (0.000,5)    (0.000,1)    
Total frac: 2.000

Sketch (37) (cm: eps0: 0.000625, del0: 0.05, min_mem: 16.9921875)
Par: 1, Rows: 3
(0.900,7)    (0.000,13)    (0.000,3)    (0.800,9)    (0.000,5)    (0.000,12)    (0.000,8)    (0.000,4)    (0.000,10)    (0.100,0)    (0.000,2)    (0.000,14)    (0.000,11)    
Total frac: 1.800

Sketch (38) (cm: eps0: 0.000625, del0: 0.05, min_mem: 16.9921875)
Par: 1, Rows: 3
(0.000,8)    (0.000,2)    (0.900,14)    (0.000,4)    (0.000,6)    (0.000,13)    (0.000,9)    (0.000,11)    (0.000,5)    (0.000,1)    (0.000,10)    (0.000,12)    
Total frac: 0.900

Sketch (39) (cm: eps0: 0.000625, del0: 0.05, min_mem: 16.9921875)
Par: 1, Rows: 3
(0.000,9)    (0.000,5)    (1.000,1)    (0.000,10)    (0.000,12)    (0.000,8)    (0.800,2)    (0.000,14)    (0.000,0)    (0.000,13)    
Total frac: 1.800

Sketch (40) (cm: eps0: 0.000625, del0: 0.05, min_mem: 16.9921875)
Par: 1, Rows: 3
(0.800,3)    (0.000,9)    (0.000,0)    (0.000,8)    (0.000,12)    (0.000,2)    
Total frac: 0.800

Sketch (41) (cm: eps0: 0.000625, del0: 0.05, min_mem: 16.9921875)
Par: 1, Rows: 3
(0.000,6)    (0.000,11)    (0.000,12)    (0.000,14)    (0.000,5)    (0.100,3)    (0.000,1)    (0.900,4)    (0.000,2)    (0.900,9)    (0.000,10)    (0.000,8)    (0.000,7)    (0.000,13)    
Total frac: 1.900

Sketch (42) (cm: eps0: 0.000625, del0: 0.05, min_mem: 16.9921875)
Par: 1, Rows: 3
(0.000,4)    (0.000,3)    (0.000,13)    (0.000,0)    (0.000,6)    (0.000,8)    (0.000,14)    (0.800,7)    (0.000,12)    (0.000,2)    (0.200,11)    (0.000,10)    (0.800,9)    
Total frac: 1.800

Sketch (43) (cm: eps0: 0.000625, del0: 0.05, min_mem: 16.9921875)
Par: 1, Rows: 3
(0.000,14)    (0.000,11)    (0.000,12)    (0.000,1)    (0.000,2)    (0.000,9)    (0.000,10)    (0.000,3)    (0.000,4)    (0.000,13)    (0.100,0)    (0.800,8)    (0.100,7)    
Total frac: 1.000

Sketch (44) (cm: eps0: 0.000625, del0: 0.05, min_mem: 16.9921875)
Par: 1, Rows: 3
(0.000,7)    (0.000,13)    (0.900,12)    (0.000,3)    (0.000,1)    (0.100,9)    (0.000,0)    (0.000,8)    (0.000,5)    (0.000,2)    (0.000,10)    (0.000,14)    (0.000,11)    
Total frac: 1.000

Sketch (45) (cm: eps0: 0.000625, del0: 0.05, min_mem: 16.9921875)
Par: 1, Rows: 3
(0.000,0)    (0.000,8)    (0.000,4)    (0.000,2)    (0.900,10)    (0.000,6)    (0.000,11)    (0.000,7)    (0.000,14)    (0.000,13)    (0.000,12)    (0.000,9)    (0.000,5)    
Total frac: 0.900

Sketch (46) (cm: eps0: 0.000625, del0: 0.05, min_mem: 16.9921875)
Par: 1, Rows: 3
(0.000,11)    (0.000,9)    (0.000,12)    (0.000,2)    (0.200,0)    (0.800,6)    (0.000,8)    (0.000,14)    (0.000,13)    
Total frac: 1.000

Sketch (47) (cm: eps0: 0.000625, del0: 0.05, min_mem: 16.9921875)
Par: 1, Rows: 3
(0.000,2)    (0.800,10)    (1.000,0)    (0.000,6)    (0.000,8)    (0.000,14)    (0.100,4)    (0.000,13)    (0.000,11)    (0.000,1)    (0.000,9)    (0.000,5)    (0.000,12)    
Total frac: 1.900

Sketch (48) (cm: eps0: 0.000625, del0: 0.05, min_mem: 16.9921875)
Par: 1, Rows: 3
(0.000,11)    (0.000,4)    (0.000,10)    (0.000,3)    (0.900,14)    (0.000,9)    (0.000,8)    (0.000,7)    (0.000,13)    (0.000,6)    (0.000,12)    (0.900,5)    (0.100,0)    
Total frac: 1.900

Sketch (49) (cm: eps0: 0.000625, del0: 0.05, min_mem: 16.9921875)
Par: 1, Rows: 3
(0.000,5)    (0.700,4)    (0.000,10)    
Total frac: 0.700

Sketch (50) (cm: eps0: 0.000625, del0: 0.05, min_mem: 16.9921875)
Par: 1, Rows: 3
(0.000,12)    (0.000,14)    (0.000,9)    (0.100,0)    (0.100,11)    (0.000,4)    (0.700,3)    (0.000,8)    (0.000,2)    (0.800,13)    (0.100,6)    (0.000,1)    (0.000,5)    (0.000,7)    (0.000,10)    
Total frac: 1.800

Sketch (51) (cm: eps0: 0.000625, del0: 0.05, min_mem: 16.9921875)
Par: 1, Rows: 3
(0.000,13)    (0.000,8)    (0.800,2)    (0.800,5)    (0.000,7)    (0.000,9)    (0.200,10)    (0.000,11)    (0.000,12)    (0.000,14)    (0.000,0)    (0.000,4)    
Total frac: 1.800

Sketch (52) (cm: eps0: 0.000625, del0: 0.05, min_mem: 16.9921875)
Par: 1, Rows: 3
(0.000,6)    (0.000,1)    (0.000,0)    (0.000,11)    (0.100,7)    (0.000,13)    (0.000,3)    (0.100,14)    (0.000,9)    (0.000,12)    (0.800,8)    (0.800,5)    (0.000,4)    (0.000,10)    
Total frac: 1.800

Sketch (53) (cm: eps0: 0.000625, del0: 0.05, min_mem: 16.9921875)
Par: 1, Rows: 3
(0.000,2)    (0.000,5)    (0.000,14)    (0.000,12)    (0.400,8)    (0.000,4)    (0.400,10)    (0.000,1)    (0.300,6)    (0.000,11)    (0.000,0)    (0.000,13)    (0.100,3)    (0.300,9)    
Total frac: 1.500

Sketch (54) (cm: eps0: 0.000625, del0: 0.05, min_mem: 16.9921875)
Par: 1, Rows: 3
(1.000,6)    (0.000,2)    (0.000,13)    (0.000,14)    (0.000,9)    (0.000,11)    (0.000,5)    (0.000,7)    (0.000,3)    (0.000,10)    (0.000,12)    (0.900,4)    
Total frac: 1.900

Sketch (55) (cm: eps0: 0.000625, del0: 0.05, min_mem: 16.9921875)
Par: 1, Rows: 3
(0.000,7)    (0.000,3)    (0.000,10)    (0.000,12)    (0.000,8)    (0.000,1)    (0.000,4)    (0.000,6)    (0.000,13)    (0.000,9)    (0.000,2)    (1.000,11)    (0.000,14)    
Total frac: 1.000

Sketch (56) (cm: eps0: 0.000625, del0: 0.05, min_mem: 16.9921875)
Par: 1, Rows: 3
(0.200,7)    (0.100,2)    (0.000,13)    (0.700,6)    (0.000,1)    (0.000,12)    (0.000,11)    (0.000,5)    (0.000,4)    (0.000,10)    (0.000,3)    (0.000,14)    (0.900,9)    (0.000,8)    
Total frac: 1.900

Sketch (57) (cm: eps0: 0.000625, del0: 0.05, min_mem: 16.9921875)
Par: 1, Rows: 3
(0.024,5)    (0.776,4)    (0.000,9)    (0.000,10)    (0.676,14)    (0.000,8)    (0.200,7)    (0.000,13)    (0.000,2)    (0.000,6)    (0.024,11)    (0.000,12)    (0.000,0)    
Total frac: 1.700

Sketch (58) (cm: eps0: 0.000625, del0: 0.05, min_mem: 16.9921875)
Par: 1, Rows: 3
(0.000,13)    (0.000,1)    (0.000,8)    (0.000,5)    (0.000,12)    (0.000,0)    (0.000,10)    (1.000,14)    (0.000,9)    (0.000,4)    (0.000,2)    
Total frac: 1.000

Sketch (59) (cm: eps0: 0.000625, del0: 0.05, min_mem: 16.9921875)
Par: 1, Rows: 3
(0.000,12)    (0.000,9)    (0.000,14)    (0.000,13)    (0.200,1)    (0.800,2)    (0.000,6)    (0.000,8)    (0.000,11)    
Total frac: 1.000

Sketch (60) (cm: eps0: 0.000625, del0: 0.05, min_mem: 16.9921875)
Par: 1, Rows: 3
(0.000,14)    (0.000,9)    (0.545,8)    (0.000,5)    (0.000,10)    (0.000,6)    (0.000,0)    (0.355,11)    (0.545,7)    (0.455,2)    (0.000,13)    (0.000,12)    
Total frac: 1.900

Sketch (61) (cm: eps0: 0.000625, del0: 0.05, min_mem: 16.9921875)
Par: 1, Rows: 3
(0.500,10)    (0.000,11)    (0.400,7)    (0.500,0)    (0.000,13)    (0.000,2)    (0.000,3)    (0.000,12)    (0.300,9)    (0.000,5)    (0.000,14)    (0.000,8)    (0.000,4)    
Total frac: 1.700

Sketch (62) (cm: eps0: 0.000625, del0: 0.05, min_mem: 16.9921875)
Par: 1, Rows: 3
(0.100,9)    (0.000,5)    (0.800,12)    (0.000,3)    (0.000,10)    (0.700,6)    (0.000,1)    (0.000,8)    (0.000,4)    (0.000,2)    (0.000,13)    (0.000,0)    (0.000,11)    (0.100,7)    (0.000,14)    
Total frac: 1.700

Sketch (63) (cm: eps0: 0.000625, del0: 0.05, min_mem: 16.9921875)
Par: 1, Rows: 3
(0.000,8)    (0.800,13)    (0.000,11)    (0.200,7)    (0.000,0)    (0.000,9)    (0.000,5)    (0.000,14)    (0.000,3)    (0.000,12)    (0.000,1)    (0.000,10)    (0.000,6)    
Total frac: 1.000

Device (0) cpu1:
Rows total: 18.698643929818317
Mem total: 317.7308636512097

Device (1) cpu2:
Rows total: 18.6696630176344
Mem total: 317.2384145574595

Device (2) cpu3:
Rows total: 18.698643929818317
Mem total: 317.7308636512097

Device (3) cpu4:
Rows total: 18.698643929818317
Mem total: 317.7308636512097

Device (4) cpu5:
Rows total: 18.698643929818317
Mem total: 317.7308636512097

Device (5) cpu6:
Rows total: 18.698643929818317
Mem total: 317.7308636512097

Device (6) cpu7:
Rows total: 18.698643929818317
Mem total: 317.7308636512097

Device (7) cpu8:
Rows total: 18.698643929818317
Mem total: 317.7308636512097

Device (8) tor_p41:
Rows total: 18.698643929818317
Mem total: 317.7308636512097

Device (9) tor_p42:
Rows total: 18.698643929818317
Mem total: 317.7308636512097

Device (10) tor_p43:
Rows total: 18.698643929818317
Mem total: 317.7308636512097

Device (11) tor_p44:
Rows total: 18.698643929818317
Mem total: 317.7308636512097

Device (12) l1_p41:
Rows total: 18.698643929818317
Mem total: 317.7308636512097

Device (13) l1_p42:
Rows total: 18.698643929818317
Mem total: 317.7308636512097

Device (14) l2_p4:
Rows total: 18.698643929818317
Mem total: 317.7308636512097
--------------------------------------------------
Infeasible placement
Function: solve took 0.09955382347106934 seconds
