Using license file /home/anup/gurobi.lic
Academic license - for non-commercial use only

--------------------------------------------------
Model update took: 2.574920654296875e-05 seconds
Model optimize took: 0.0075953006744384766 seconds
--------------------------------------------------

Throughput: 80.0 Mpps, ns per packet: 12.5
Resources: 73.64426040649414
Used Cores: 7.0, Total CPUS: 1, Switch Memory: 84.9609375

Sketch (0) (cm: eps0: 6.25e-06, del0: 0.05, min_mem: 1698.9296875)
Par: 1, Rows: 1
1.000    0.000    
Total frac: 1.000
Par: 2, Rows: 1
1.000    0.000    
Total frac: 1.000
Par: 3, Rows: 1
1.000    0.000    
Total frac: 1.000

Sketch (1) (cm: eps0: 0.000625, del0: 0.05, min_mem: 16.9921875)
Par: 1, Rows: 1
1.000    0.000    
Total frac: 1.000
Par: 2, Rows: 1
0.000    1.000    
Total frac: 1.000
Par: 3, Rows: 1
0.000    1.000    
Total frac: 1.000

Sketch (2) (cm: eps0: 0.000625, del0: 0.05, min_mem: 16.9921875)
Par: 1, Rows: 1
0.000    1.000    
Total frac: 1.000
Par: 2, Rows: 1
0.000    1.000    
Total frac: 1.000
Par: 3, Rows: 1
0.000    1.000    
Total frac: 1.000

Device (0) cpu_1:
cores_sketch: 3.0, cores_dpdk: 4.0
Rows total: 4.0
Mem total: 5113.78125
Throughput: 80.0

Device (1) p4_1:
Rows total: 5.0
Mem total: 84.9609375
Throughput: 148.0
--------------------------------------------------
