Using license file /home/anup/gurobi.lic
Academic license - for non-commercial use only

--------------------------------------------------
Model update took: 0.003224611282348633 seconds
Model optimize took: 0.050026655197143555 seconds
--------------------------------------------------

Sketch (0) (cm: eps0: 0.000625, del0: 0.05, min_mem: 16.9921875)
Par: 1, Rows: 1
0.000    0.700    0.000    0.000    0.800    0.000    0.200    0.000    0.000    0.000    0.000    0.000    0.000    0.000    0.000    
Total frac: 1.700
Par: 2, Rows: 1
0.000    0.700    0.000    0.000    0.800    0.000    0.200    0.000    0.000    0.000    0.000    0.000    0.000    0.000    0.000    
Total frac: 1.700
Par: 3, Rows: 1
0.000    0.700    0.000    0.000    0.800    0.000    0.200    0.000    0.000    0.000    0.000    0.000    0.000    0.000    0.000    
Total frac: 1.700

Sketch (1) (cm: eps0: 0.000625, del0: 0.05, min_mem: 16.9921875)
Par: 1, Rows: 1
0.000    0.000    0.000    0.000    0.000    0.000    0.000    0.000    0.000    0.000    0.100    0.000    0.000    0.900    0.000    
Total frac: 1.000
Par: 2, Rows: 1
0.000    0.000    0.000    0.000    0.000    0.000    0.000    0.000    0.000    0.000    0.100    0.000    0.000    0.900    0.000    
Total frac: 1.000
Par: 3, Rows: 1
0.000    0.000    0.000    0.000    0.000    0.000    0.000    0.000    0.000    0.000    0.100    0.000    0.000    0.900    0.000    
Total frac: 1.000

Sketch (2) (cm: eps0: 0.000625, del0: 0.05, min_mem: 16.9921875)
Par: 1, Rows: 1
0.000    0.000    0.193    0.807    0.000    0.100    0.000    0.000    0.000    0.000    0.000    0.700    0.000    0.000    0.000    
Total frac: 1.800
Par: 2, Rows: 1
0.000    0.000    0.193    0.807    0.000    0.100    0.000    0.000    0.000    0.000    0.000    0.700    0.000    0.000    0.000    
Total frac: 1.800
Par: 3, Rows: 1
0.000    0.000    0.193    0.807    0.000    0.100    0.000    0.000    0.000    0.000    0.000    0.700    0.000    0.000    0.000    
Total frac: 1.800

Sketch (3) (cm: eps0: 0.000625, del0: 0.05, min_mem: 16.9921875)
Par: 1, Rows: 1
0.000    0.000    0.000    0.000    0.000    0.000    0.000    0.000    0.900    0.900    0.100    0.000    0.000    0.000    0.000    
Total frac: 1.900
Par: 2, Rows: 1
0.000    0.000    0.000    0.000    0.000    0.000    0.000    0.000    0.900    0.900    0.100    0.000    0.000    0.000    0.000    
Total frac: 1.900
Par: 3, Rows: 1
0.000    0.000    0.000    0.000    0.000    0.000    0.000    0.000    0.900    0.900    0.100    0.000    0.000    0.000    0.000    
Total frac: 1.900

Sketch (4) (cm: eps0: 0.000625, del0: 0.05, min_mem: 16.9921875)
Par: 1, Rows: 1
0.000    0.000    0.300    0.000    0.000    0.000    0.000    0.400    0.000    0.000    0.500    0.000    0.500    0.000    0.000    
Total frac: 1.700
Par: 2, Rows: 1
0.000    0.000    0.300    0.000    0.000    0.000    0.000    0.400    0.000    0.000    0.500    0.000    0.500    0.000    0.000    
Total frac: 1.700
Par: 3, Rows: 1
0.000    0.000    0.300    0.000    0.000    0.000    0.000    0.400    0.000    0.000    0.500    0.000    0.500    0.000    0.000    
Total frac: 1.700

Sketch (5) (cm: eps0: 0.000625, del0: 0.05, min_mem: 16.9921875)
Par: 1, Rows: 1
0.000    0.000    0.000    0.800    0.000    0.000    0.000    0.100    0.000    0.000    0.900    0.000    0.100    0.000    0.000    
Total frac: 1.900
Par: 2, Rows: 1
0.000    0.000    0.000    0.800    0.000    0.000    0.000    0.100    0.000    0.000    0.900    0.000    0.100    0.000    0.000    
Total frac: 1.900
Par: 3, Rows: 1
0.000    0.000    0.000    0.800    0.000    0.000    0.000    0.100    0.000    0.000    0.900    0.000    0.100    0.000    0.000    
Total frac: 1.900

Sketch (6) (cm: eps0: 0.000625, del0: 0.05, min_mem: 16.9921875)
Par: 1, Rows: 1
0.000    0.000    0.000    0.000    0.000    0.000    0.000    0.000    0.000    0.000    0.000    0.000    1.000    0.000    0.000    
Total frac: 1.000
Par: 2, Rows: 1
0.000    0.000    0.000    0.000    0.000    0.000    0.000    0.000    0.000    0.000    0.000    0.000    1.000    0.000    0.000    
Total frac: 1.000
Par: 3, Rows: 1
0.000    0.000    0.000    0.000    0.000    0.000    0.000    0.000    0.000    0.000    0.000    0.000    1.000    0.000    0.000    
Total frac: 1.000

Sketch (7) (cm: eps0: 0.000625, del0: 0.05, min_mem: 16.9921875)
Par: 1, Rows: 1
0.700    0.000    0.000    0.000    0.000    0.800    0.000    0.100    0.200    0.000    0.000    0.000    0.000    0.000    0.000    
Total frac: 1.800
Par: 2, Rows: 1
0.700    0.000    0.000    0.000    0.000    0.800    0.000    0.100    0.200    0.000    0.000    0.000    0.000    0.000    0.000    
Total frac: 1.800
Par: 3, Rows: 1
0.700    0.000    0.000    0.000    0.000    0.800    0.000    0.100    0.200    0.000    0.000    0.000    0.000    0.000    0.000    
Total frac: 1.800

Sketch (8) (cm: eps0: 0.000625, del0: 0.05, min_mem: 16.9921875)
Par: 1, Rows: 1
0.000    0.000    0.000    0.000    0.000    0.700    0.193    0.000    0.000    0.000    0.000    0.607    0.000    0.000    0.200    
Total frac: 1.700
Par: 2, Rows: 1
0.000    0.000    0.000    0.000    0.000    0.700    0.193    0.000    0.000    0.000    0.000    0.607    0.000    0.000    0.200    
Total frac: 1.700
Par: 3, Rows: 1
0.000    0.000    0.000    0.000    0.000    0.700    0.193    0.000    0.000    0.000    0.000    0.607    0.000    0.000    0.200    
Total frac: 1.700

Sketch (9) (cm: eps0: 0.000625, del0: 0.05, min_mem: 16.9921875)
Par: 1, Rows: 1
0.000    0.000    0.000    0.000    0.000    0.000    0.000    0.000    0.000    0.000    0.000    0.000    0.000    0.000    0.000    
Total frac: 0.000
Par: 2, Rows: 1
0.000    0.000    0.000    0.000    0.000    0.000    0.000    0.000    0.000    0.000    0.000    0.000    0.000    0.000    0.000    
Total frac: 0.000
Par: 3, Rows: 1
0.000    0.000    0.000    0.000    0.000    0.000    0.000    0.000    0.000    0.000    0.000    0.000    0.000    0.000    0.000    
Total frac: 0.000

Sketch (10) (cm: eps0: 0.000625, del0: 0.05, min_mem: 16.9921875)
Par: 1, Rows: 1
0.000    0.200    0.000    0.000    0.000    0.400    0.000    0.100    0.000    0.600    0.000    0.400    0.000    0.000    0.000    
Total frac: 1.700
Par: 2, Rows: 1
0.000    0.200    0.000    0.000    0.000    0.400    0.000    0.100    0.000    0.600    0.000    0.400    0.000    0.000    0.000    
Total frac: 1.700
Par: 3, Rows: 1
0.000    0.200    0.000    0.000    0.000    0.400    0.000    0.100    0.000    0.600    0.000    0.400    0.000    0.000    0.000    
Total frac: 1.700

Sketch (11) (cm: eps0: 0.000625, del0: 0.05, min_mem: 16.9921875)
Par: 1, Rows: 1
0.000    0.000    0.000    0.000    0.000    0.000    0.000    0.000    0.000    0.000    0.800    0.000    0.000    0.000    0.000    
Total frac: 0.800
Par: 2, Rows: 1
0.000    0.000    0.000    0.000    0.000    0.000    0.000    0.000    0.000    0.000    0.800    0.000    0.000    0.000    0.000    
Total frac: 0.800
Par: 3, Rows: 1
0.000    0.000    0.000    0.000    0.000    0.000    0.000    0.000    0.000    0.000    0.800    0.000    0.000    0.000    0.000    
Total frac: 0.800

Sketch (12) (cm: eps0: 0.000625, del0: 0.05, min_mem: 16.9921875)
Par: 1, Rows: 1
0.000    0.307    0.000    0.000    0.493    0.000    0.000    0.700    0.000    0.000    0.000    0.000    0.000    0.000    0.000    
Total frac: 1.500
Par: 2, Rows: 1
0.000    0.307    0.000    0.000    0.493    0.000    0.000    0.700    0.000    0.000    0.000    0.000    0.000    0.000    0.000    
Total frac: 1.500
Par: 3, Rows: 1
0.000    0.307    0.000    0.000    0.493    0.000    0.000    0.700    0.000    0.000    0.000    0.000    0.000    0.000    0.000    
Total frac: 1.500

Sketch (13) (cm: eps0: 0.000625, del0: 0.05, min_mem: 16.9921875)
Par: 1, Rows: 1
0.000    0.000    0.000    0.000    0.000    0.000    0.000    0.700    0.000    0.000    0.000    0.000    1.000    0.000    0.000    
Total frac: 1.700
Par: 2, Rows: 1
0.000    0.000    0.000    0.000    0.000    0.000    0.000    0.700    0.000    0.000    0.000    0.000    1.000    0.000    0.000    
Total frac: 1.700
Par: 3, Rows: 1
0.000    0.000    0.000    0.000    0.000    0.000    0.000    0.700    0.000    0.000    0.000    0.000    1.000    0.000    0.000    
Total frac: 1.700

Sketch (14) (cm: eps0: 0.000625, del0: 0.05, min_mem: 16.9921875)
Par: 1, Rows: 1
0.900    0.000    0.000    0.000    0.000    0.000    1.000    0.000    0.000    0.000    0.000    0.000    0.000    0.000    0.000    
Total frac: 1.900
Par: 2, Rows: 1
0.900    0.000    0.000    0.000    0.000    0.000    1.000    0.000    0.000    0.000    0.000    0.000    0.000    0.000    0.000    
Total frac: 1.900
Par: 3, Rows: 1
0.900    0.000    0.000    0.000    0.000    0.000    1.000    0.000    0.000    0.000    0.000    0.000    0.000    0.000    0.000    
Total frac: 1.900

Sketch (15) (cm: eps0: 0.000625, del0: 0.05, min_mem: 16.9921875)
Par: 1, Rows: 1
0.000    0.000    0.900    0.000    0.900    0.000    0.000    0.900    0.000    0.000    0.000    0.000    0.100    0.000    0.000    
Total frac: 2.800
Par: 2, Rows: 1
0.000    0.000    0.900    0.000    0.900    0.000    0.000    0.900    0.000    0.000    0.000    0.000    0.100    0.000    0.000    
Total frac: 2.800
Par: 3, Rows: 1
0.000    0.000    0.900    0.000    0.900    0.000    0.000    0.900    0.000    0.000    0.000    0.000    0.100    0.000    0.000    
Total frac: 2.800

Sketch (16) (cm: eps0: 0.000625, del0: 0.05, min_mem: 16.9921875)
Par: 1, Rows: 1
0.000    0.000    0.000    0.000    0.297    0.297    0.503    0.000    0.000    0.000    0.107    0.000    0.000    0.000    0.497    
Total frac: 1.700
Par: 2, Rows: 1
0.000    0.000    0.000    0.000    0.297    0.297    0.503    0.000    0.000    0.000    0.107    0.000    0.000    0.000    0.497    
Total frac: 1.700
Par: 3, Rows: 1
0.000    0.000    0.000    0.000    0.297    0.297    0.503    0.000    0.000    0.000    0.107    0.000    0.000    0.000    0.497    
Total frac: 1.700

Sketch (17) (cm: eps0: 0.000625, del0: 0.05, min_mem: 16.9921875)
Par: 1, Rows: 1
0.000    0.000    0.000    0.000    0.000    0.000    0.000    0.000    0.000    0.000    0.100    0.100    0.000    0.800    0.000    
Total frac: 1.000
Par: 2, Rows: 1
0.000    0.000    0.000    0.000    0.000    0.000    0.000    0.000    0.000    0.000    0.100    0.100    0.000    0.800    0.000    
Total frac: 1.000
Par: 3, Rows: 1
0.000    0.000    0.000    0.000    0.000    0.000    0.000    0.000    0.000    0.000    0.100    0.100    0.000    0.800    0.000    
Total frac: 1.000

Sketch (18) (cm: eps0: 0.000625, del0: 0.05, min_mem: 16.9921875)
Par: 1, Rows: 1
0.000    0.000    0.000    0.000    0.000    0.000    0.100    0.000    0.200    0.000    0.000    0.000    0.700    0.000    0.000    
Total frac: 1.000
Par: 2, Rows: 1
0.000    0.000    0.000    0.000    0.000    0.000    0.100    0.000    0.200    0.000    0.000    0.000    0.700    0.000    0.000    
Total frac: 1.000
Par: 3, Rows: 1
0.000    0.000    0.000    0.000    0.000    0.000    0.100    0.000    0.200    0.000    0.000    0.000    0.700    0.000    0.000    
Total frac: 1.000

Sketch (19) (cm: eps0: 0.000625, del0: 0.05, min_mem: 16.9921875)
Par: 1, Rows: 1
0.000    0.000    0.000    0.100    0.917    0.000    0.000    0.083    0.000    0.700    0.000    0.000    0.000    0.000    0.000    
Total frac: 1.800
Par: 2, Rows: 1
0.000    0.000    0.000    0.100    0.917    0.000    0.000    0.083    0.000    0.700    0.000    0.000    0.000    0.000    0.000    
Total frac: 1.800
Par: 3, Rows: 1
0.000    0.000    0.000    0.100    0.917    0.000    0.000    0.083    0.000    0.700    0.000    0.000    0.000    0.000    0.000    
Total frac: 1.800

Sketch (20) (cm: eps0: 0.000625, del0: 0.05, min_mem: 16.9921875)
Par: 1, Rows: 1
0.100    0.000    0.200    0.000    0.900    0.000    0.000    0.000    0.000    0.227    0.000    0.000    0.473    0.000    0.000    
Total frac: 1.900
Par: 2, Rows: 1
0.100    0.000    0.200    0.000    0.900    0.000    0.000    0.000    0.000    0.227    0.000    0.000    0.473    0.000    0.000    
Total frac: 1.900
Par: 3, Rows: 1
0.100    0.000    0.200    0.000    0.900    0.000    0.000    0.000    0.000    0.227    0.000    0.000    0.473    0.000    0.000    
Total frac: 1.900

Sketch (21) (cm: eps0: 0.000625, del0: 0.05, min_mem: 16.9921875)
Par: 1, Rows: 1
0.000    0.000    0.000    0.000    0.000    0.000    0.000    0.000    0.700    0.300    0.700    0.000    0.000    0.000    0.000    
Total frac: 1.700
Par: 2, Rows: 1
0.000    0.000    0.000    0.000    0.000    0.000    0.000    0.000    0.700    0.300    0.700    0.000    0.000    0.000    0.000    
Total frac: 1.700
Par: 3, Rows: 1
0.000    0.000    0.000    0.000    0.000    0.000    0.000    0.000    0.700    0.300    0.700    0.000    0.000    0.000    0.000    
Total frac: 1.700

Sketch (22) (cm: eps0: 0.000625, del0: 0.05, min_mem: 16.9921875)
Par: 1, Rows: 1
0.300    0.000    0.000    0.000    0.100    0.000    0.000    0.000    0.700    0.000    0.800    0.000    0.000    0.000    0.000    
Total frac: 1.900
Par: 2, Rows: 1
0.300    0.000    0.000    0.000    0.100    0.000    0.000    0.000    0.700    0.000    0.800    0.000    0.000    0.000    0.000    
Total frac: 1.900
Par: 3, Rows: 1
0.300    0.000    0.000    0.000    0.100    0.000    0.000    0.000    0.700    0.000    0.800    0.000    0.000    0.000    0.000    
Total frac: 1.900

Sketch (23) (cm: eps0: 0.000625, del0: 0.05, min_mem: 16.9921875)
Par: 1, Rows: 1
0.000    0.000    0.400    0.000    0.000    0.000    0.000    0.000    0.000    0.000    0.700    0.300    0.000    0.000    0.000    
Total frac: 1.400
Par: 2, Rows: 1
0.000    0.000    0.400    0.000    0.000    0.000    0.000    0.000    0.000    0.000    0.700    0.300    0.000    0.000    0.000    
Total frac: 1.400
Par: 3, Rows: 1
0.000    0.000    0.400    0.000    0.000    0.000    0.000    0.000    0.000    0.000    0.700    0.300    0.000    0.000    0.000    
Total frac: 1.400

Sketch (24) (cm: eps0: 0.000625, del0: 0.05, min_mem: 16.9921875)
Par: 1, Rows: 1
0.000    0.000    0.000    0.000    0.000    0.000    0.000    0.000    0.000    0.000    0.000    0.000    0.000    0.900    0.000    
Total frac: 0.900
Par: 2, Rows: 1
0.000    0.000    0.000    0.000    0.000    0.000    0.000    0.000    0.000    0.000    0.000    0.000    0.000    0.900    0.000    
Total frac: 0.900
Par: 3, Rows: 1
0.000    0.000    0.000    0.000    0.000    0.000    0.000    0.000    0.000    0.000    0.000    0.000    0.000    0.900    0.000    
Total frac: 0.900

Sketch (25) (cm: eps0: 0.000625, del0: 0.05, min_mem: 16.9921875)
Par: 1, Rows: 1
0.000    0.000    1.000    0.000    0.000    0.000    0.000    0.000    0.000    0.000    0.000    0.000    0.000    0.000    0.000    
Total frac: 1.000
Par: 2, Rows: 1
0.000    0.000    1.000    0.000    0.000    0.000    0.000    0.000    0.000    0.000    0.000    0.000    0.000    0.000    0.000    
Total frac: 1.000
Par: 3, Rows: 1
0.000    0.000    1.000    0.000    0.000    0.000    0.000    0.000    0.000    0.000    0.000    0.000    0.000    0.000    0.000    
Total frac: 1.000

Sketch (26) (cm: eps0: 0.000625, del0: 0.05, min_mem: 16.9921875)
Par: 1, Rows: 1
0.000    0.000    0.200    0.000    0.000    0.000    0.000    0.000    0.000    0.000    0.000    0.800    0.000    0.000    0.000    
Total frac: 1.000
Par: 2, Rows: 1
0.000    0.000    0.200    0.000    0.000    0.000    0.000    0.000    0.000    0.000    0.000    0.800    0.000    0.000    0.000    
Total frac: 1.000
Par: 3, Rows: 1
0.000    0.000    0.200    0.000    0.000    0.000    0.000    0.000    0.000    0.000    0.000    0.800    0.000    0.000    0.000    
Total frac: 1.000

Sketch (27) (cm: eps0: 0.000625, del0: 0.05, min_mem: 16.9921875)
Par: 1, Rows: 1
0.000    0.000    0.000    0.000    0.000    0.000    0.000    0.000    0.000    0.000    0.000    0.000    0.200    0.800    0.000    
Total frac: 1.000
Par: 2, Rows: 1
0.000    0.000    0.000    0.000    0.000    0.000    0.000    0.000    0.000    0.000    0.000    0.000    0.200    0.800    0.000    
Total frac: 1.000
Par: 3, Rows: 1
0.000    0.000    0.000    0.000    0.000    0.000    0.000    0.000    0.000    0.000    0.000    0.000    0.200    0.800    0.000    
Total frac: 1.000

Sketch (28) (cm: eps0: 0.000625, del0: 0.05, min_mem: 16.9921875)
Par: 1, Rows: 1
0.000    0.000    0.900    0.000    0.000    0.010    0.790    0.000    0.000    0.000    0.000    0.000    0.000    0.000    0.000    
Total frac: 1.700
Par: 2, Rows: 1
0.000    0.000    0.900    0.000    0.000    0.010    0.790    0.000    0.000    0.000    0.000    0.000    0.000    0.000    0.000    
Total frac: 1.700
Par: 3, Rows: 1
0.000    0.000    0.900    0.000    0.000    0.010    0.790    0.000    0.000    0.000    0.000    0.000    0.000    0.000    0.000    
Total frac: 1.700

Sketch (29) (cm: eps0: 0.000625, del0: 0.05, min_mem: 16.9921875)
Par: 1, Rows: 1
0.000    0.000    0.000    0.000    0.000    0.000    0.000    0.000    0.000    0.000    0.000    0.000    1.000    0.000    0.000    
Total frac: 1.000
Par: 2, Rows: 1
0.000    0.000    0.000    0.000    0.000    0.000    0.000    0.000    0.000    0.000    0.000    0.000    1.000    0.000    0.000    
Total frac: 1.000
Par: 3, Rows: 1
0.000    0.000    0.000    0.000    0.000    0.000    0.000    0.000    0.000    0.000    0.000    0.000    1.000    0.000    0.000    
Total frac: 1.000

Sketch (30) (cm: eps0: 0.000625, del0: 0.05, min_mem: 16.9921875)
Par: 1, Rows: 1
0.000    0.100    0.000    0.000    0.000    0.000    0.000    0.043    0.057    0.000    0.000    0.100    0.000    0.600    0.100    
Total frac: 1.000
Par: 2, Rows: 1
0.000    0.100    0.000    0.000    0.000    0.000    0.000    0.043    0.057    0.000    0.000    0.100    0.000    0.600    0.100    
Total frac: 1.000
Par: 3, Rows: 1
0.000    0.100    0.000    0.000    0.000    0.000    0.000    0.043    0.057    0.000    0.000    0.100    0.000    0.600    0.100    
Total frac: 1.000

Sketch (31) (cm: eps0: 0.000625, del0: 0.05, min_mem: 16.9921875)
Par: 1, Rows: 1
0.000    0.000    0.000    0.300    0.000    0.000    0.000    0.000    0.000    0.000    0.700    0.000    0.000    0.000    0.000    
Total frac: 1.000
Par: 2, Rows: 1
0.000    0.000    0.000    0.300    0.000    0.000    0.000    0.000    0.000    0.000    0.700    0.000    0.000    0.000    0.000    
Total frac: 1.000
Par: 3, Rows: 1
0.000    0.000    0.000    0.300    0.000    0.000    0.000    0.000    0.000    0.000    0.700    0.000    0.000    0.000    0.000    
Total frac: 1.000

Sketch (32) (cm: eps0: 0.000625, del0: 0.05, min_mem: 16.9921875)
Par: 1, Rows: 1
0.000    0.000    0.000    0.000    0.000    0.100    0.000    0.000    0.000    0.000    0.800    0.000    0.000    0.000    0.000    
Total frac: 0.900
Par: 2, Rows: 1
0.000    0.000    0.000    0.000    0.000    0.100    0.000    0.000    0.000    0.000    0.800    0.000    0.000    0.000    0.000    
Total frac: 0.900
Par: 3, Rows: 1
0.000    0.000    0.000    0.000    0.000    0.100    0.000    0.000    0.000    0.000    0.800    0.000    0.000    0.000    0.000    
Total frac: 0.900

Sketch (33) (cm: eps0: 0.000625, del0: 0.05, min_mem: 16.9921875)
Par: 1, Rows: 1
0.700    0.000    0.700    0.200    0.000    0.000    0.000    0.000    0.300    0.000    0.000    0.000    0.000    0.000    0.000    
Total frac: 1.900
Par: 2, Rows: 1
0.700    0.000    0.700    0.200    0.000    0.000    0.000    0.000    0.300    0.000    0.000    0.000    0.000    0.000    0.000    
Total frac: 1.900
Par: 3, Rows: 1
0.700    0.000    0.700    0.200    0.000    0.000    0.000    0.000    0.300    0.000    0.000    0.000    0.000    0.000    0.000    
Total frac: 1.900

Sketch (34) (cm: eps0: 0.000625, del0: 0.05, min_mem: 16.9921875)
Par: 1, Rows: 1
0.000    0.900    0.000    0.000    0.000    0.000    0.000    1.000    0.000    0.000    0.000    0.000    0.000    0.000    0.000    
Total frac: 1.900
Par: 2, Rows: 1
0.000    0.900    0.000    0.000    0.000    0.000    0.000    1.000    0.000    0.000    0.000    0.000    0.000    0.000    0.000    
Total frac: 1.900
Par: 3, Rows: 1
0.000    0.900    0.000    0.000    0.000    0.000    0.000    1.000    0.000    0.000    0.000    0.000    0.000    0.000    0.000    
Total frac: 1.900

Sketch (35) (cm: eps0: 0.000625, del0: 0.05, min_mem: 16.9921875)
Par: 1, Rows: 1
0.000    0.000    0.000    0.000    0.000    0.700    0.620    0.380    0.000    0.000    0.000    0.000    0.000    0.000    0.000    
Total frac: 1.700
Par: 2, Rows: 1
0.000    0.000    0.000    0.000    0.000    0.700    0.620    0.380    0.000    0.000    0.000    0.000    0.000    0.000    0.000    
Total frac: 1.700
Par: 3, Rows: 1
0.000    0.000    0.000    0.000    0.000    0.700    0.620    0.380    0.000    0.000    0.000    0.000    0.000    0.000    0.000    
Total frac: 1.700

Sketch (36) (cm: eps0: 0.000625, del0: 0.05, min_mem: 16.9921875)
Par: 1, Rows: 1
0.100    0.000    0.800    0.000    0.000    0.000    0.000    0.000    0.800    0.000    0.000    0.000    0.000    0.100    0.000    
Total frac: 1.800
Par: 2, Rows: 1
0.100    0.000    0.800    0.000    0.000    0.000    0.000    0.000    0.800    0.000    0.000    0.000    0.000    0.100    0.000    
Total frac: 1.800
Par: 3, Rows: 1
0.100    0.000    0.800    0.000    0.000    0.000    0.000    0.000    0.800    0.000    0.000    0.000    0.000    0.100    0.000    
Total frac: 1.800

Sketch (37) (cm: eps0: 0.000625, del0: 0.05, min_mem: 16.9921875)
Par: 1, Rows: 1
0.200    0.000    0.000    0.100    0.000    0.000    0.700    0.100    0.700    0.000    0.000    0.000    0.000    0.000    0.000    
Total frac: 1.800
Par: 2, Rows: 1
0.200    0.000    0.000    0.100    0.000    0.000    0.700    0.100    0.700    0.000    0.000    0.000    0.000    0.000    0.000    
Total frac: 1.800
Par: 3, Rows: 1
0.200    0.000    0.000    0.100    0.000    0.000    0.700    0.100    0.700    0.000    0.000    0.000    0.000    0.000    0.000    
Total frac: 1.800

Sketch (38) (cm: eps0: 0.000625, del0: 0.05, min_mem: 16.9921875)
Par: 1, Rows: 1
0.000    0.000    0.000    0.900    0.000    0.000    0.000    0.000    0.000    0.000    0.000    1.000    0.000    0.000    0.000    
Total frac: 1.900
Par: 2, Rows: 1
0.000    0.000    0.000    0.900    0.000    0.000    0.000    0.000    0.000    0.000    0.000    1.000    0.000    0.000    0.000    
Total frac: 1.900
Par: 3, Rows: 1
0.000    0.000    0.000    0.900    0.000    0.000    0.000    0.000    0.000    0.000    0.000    1.000    0.000    0.000    0.000    
Total frac: 1.900

Sketch (39) (cm: eps0: 0.000625, del0: 0.05, min_mem: 16.9921875)
Par: 1, Rows: 1
0.800    0.000    0.000    0.000    0.000    0.100    0.000    0.000    0.000    0.000    0.000    0.000    0.000    0.900    0.000    
Total frac: 1.800
Par: 2, Rows: 1
0.800    0.000    0.000    0.000    0.000    0.100    0.000    0.000    0.000    0.000    0.000    0.000    0.000    0.900    0.000    
Total frac: 1.800
Par: 3, Rows: 1
0.800    0.000    0.000    0.000    0.000    0.100    0.000    0.000    0.000    0.000    0.000    0.000    0.000    0.900    0.000    
Total frac: 1.800

Sketch (40) (cm: eps0: 0.000625, del0: 0.05, min_mem: 16.9921875)
Par: 1, Rows: 1
0.000    0.000    0.000    0.400    0.000    0.000    0.000    0.000    0.000    0.000    0.000    0.700    0.300    0.000    0.000    
Total frac: 1.400
Par: 2, Rows: 1
0.000    0.000    0.000    0.400    0.000    0.000    0.000    0.000    0.000    0.000    0.000    0.700    0.300    0.000    0.000    
Total frac: 1.400
Par: 3, Rows: 1
0.000    0.000    0.000    0.400    0.000    0.000    0.000    0.000    0.000    0.000    0.000    0.700    0.300    0.000    0.000    
Total frac: 1.400

Sketch (41) (cm: eps0: 0.000625, del0: 0.05, min_mem: 16.9921875)
Par: 1, Rows: 1
0.000    0.000    0.113    0.700    0.200    0.000    0.000    0.000    0.000    0.187    0.000    0.000    0.000    0.107    0.593    
Total frac: 1.900
Par: 2, Rows: 1
0.000    0.000    0.113    0.700    0.200    0.000    0.000    0.000    0.000    0.187    0.000    0.000    0.000    0.107    0.593    
Total frac: 1.900
Par: 3, Rows: 1
0.000    0.000    0.113    0.700    0.200    0.000    0.000    0.000    0.000    0.187    0.000    0.000    0.000    0.107    0.593    
Total frac: 1.900

Sketch (42) (cm: eps0: 0.000625, del0: 0.05, min_mem: 16.9921875)
Par: 1, Rows: 1
0.700    0.000    0.000    0.100    0.000    0.000    0.000    1.000    0.000    0.000    0.000    0.000    0.000    0.000    0.000    
Total frac: 1.800
Par: 2, Rows: 1
0.700    0.000    0.000    0.100    0.000    0.000    0.000    1.000    0.000    0.000    0.000    0.000    0.000    0.000    0.000    
Total frac: 1.800
Par: 3, Rows: 1
0.700    0.000    0.000    0.100    0.000    0.000    0.000    1.000    0.000    0.000    0.000    0.000    0.000    0.000    0.000    
Total frac: 1.800

Sketch (43) (cm: eps0: 0.000625, del0: 0.05, min_mem: 16.9921875)
Par: 1, Rows: 1
0.000    0.000    0.000    0.000    0.000    0.100    0.000    0.000    0.000    0.700    0.000    0.000    0.000    0.000    0.000    
Total frac: 0.800
Par: 2, Rows: 1
0.000    0.000    0.000    0.000    0.000    0.100    0.000    0.000    0.000    0.700    0.000    0.000    0.000    0.000    0.000    
Total frac: 0.800
Par: 3, Rows: 1
0.000    0.000    0.000    0.000    0.000    0.100    0.000    0.000    0.000    0.700    0.000    0.000    0.000    0.000    0.000    
Total frac: 0.800

Sketch (44) (cm: eps0: 0.000625, del0: 0.05, min_mem: 16.9921875)
Par: 1, Rows: 1
1.000    0.000    0.000    0.000    0.000    0.000    0.000    0.000    0.000    0.000    0.000    0.900    0.000    0.000    0.000    
Total frac: 1.900
Par: 2, Rows: 1
1.000    0.000    0.000    0.000    0.000    0.000    0.000    0.000    0.000    0.000    0.000    0.900    0.000    0.000    0.000    
Total frac: 1.900
Par: 3, Rows: 1
1.000    0.000    0.000    0.000    0.000    0.000    0.000    0.000    0.000    0.000    0.000    0.900    0.000    0.000    0.000    
Total frac: 1.900

Sketch (45) (cm: eps0: 0.000625, del0: 0.05, min_mem: 16.9921875)
Par: 1, Rows: 1
0.000    0.000    0.000    0.000    0.000    0.000    0.000    0.100    0.000    0.000    0.000    0.000    0.000    0.600    0.100    
Total frac: 0.800
Par: 2, Rows: 1
0.000    0.000    0.000    0.000    0.000    0.000    0.000    0.100    0.000    0.000    0.000    0.000    0.000    0.600    0.100    
Total frac: 0.800
Par: 3, Rows: 1
0.000    0.000    0.000    0.000    0.000    0.000    0.000    0.100    0.000    0.000    0.000    0.000    0.000    0.600    0.100    
Total frac: 0.800

Sketch (46) (cm: eps0: 0.000625, del0: 0.05, min_mem: 16.9921875)
Par: 1, Rows: 1
0.100    0.000    0.100    0.000    0.000    0.000    0.000    0.000    0.000    0.500    0.000    0.700    0.200    0.000    0.000    
Total frac: 1.600
Par: 2, Rows: 1
0.100    0.000    0.100    0.000    0.000    0.000    0.000    0.000    0.000    0.500    0.000    0.700    0.200    0.000    0.000    
Total frac: 1.600
Par: 3, Rows: 1
0.100    0.000    0.100    0.000    0.000    0.000    0.000    0.000    0.000    0.500    0.000    0.700    0.200    0.000    0.000    
Total frac: 1.600

Sketch (47) (cm: eps0: 0.000625, del0: 0.05, min_mem: 16.9921875)
Par: 1, Rows: 1
0.000    0.000    0.000    0.000    0.000    0.000    0.000    0.100    0.050    0.000    0.000    0.000    0.000    0.000    0.850    
Total frac: 1.000
Par: 2, Rows: 1
0.000    0.000    0.000    0.000    0.000    0.000    0.000    0.100    0.050    0.000    0.000    0.000    0.000    0.000    0.850    
Total frac: 1.000
Par: 3, Rows: 1
0.000    0.000    0.000    0.000    0.000    0.000    0.000    0.100    0.050    0.000    0.000    0.000    0.000    0.000    0.850    
Total frac: 1.000

Sketch (48) (cm: eps0: 0.000625, del0: 0.05, min_mem: 16.9921875)
Par: 1, Rows: 1
0.000    0.200    0.000    0.000    0.000    0.800    0.000    0.200    0.000    0.000    0.000    0.000    0.000    0.000    0.500    
Total frac: 1.700
Par: 2, Rows: 1
0.000    0.200    0.000    0.000    0.000    0.800    0.000    0.200    0.000    0.000    0.000    0.000    0.000    0.000    0.500    
Total frac: 1.700
Par: 3, Rows: 1
0.000    0.200    0.000    0.000    0.000    0.800    0.000    0.200    0.000    0.000    0.000    0.000    0.000    0.000    0.500    
Total frac: 1.700

Sketch (49) (cm: eps0: 0.000625, del0: 0.05, min_mem: 16.9921875)
Par: 1, Rows: 1
0.000    0.900    0.400    0.000    0.000    0.800    0.600    0.000    0.000    0.000    0.100    0.000    0.000    0.000    0.000    
Total frac: 2.800
Par: 2, Rows: 1
0.000    0.900    0.400    0.000    0.000    0.800    0.600    0.000    0.000    0.000    0.100    0.000    0.000    0.000    0.000    
Total frac: 2.800
Par: 3, Rows: 1
0.000    0.900    0.400    0.000    0.000    0.800    0.600    0.000    0.000    0.000    0.100    0.000    0.000    0.000    0.000    
Total frac: 2.800

Sketch (50) (cm: eps0: 0.000625, del0: 0.05, min_mem: 16.9921875)
Par: 1, Rows: 1
0.000    0.700    0.000    0.900    0.200    0.000    0.800    0.000    0.000    0.000    0.000    0.000    0.000    0.000    0.000    
Total frac: 2.600
Par: 2, Rows: 1
0.000    0.700    0.000    0.900    0.200    0.000    0.800    0.000    0.000    0.000    0.000    0.000    0.000    0.000    0.000    
Total frac: 2.600
Par: 3, Rows: 1
0.000    0.700    0.000    0.900    0.200    0.000    0.800    0.000    0.000    0.000    0.000    0.000    0.000    0.000    0.000    
Total frac: 2.600

Sketch (51) (cm: eps0: 0.000625, del0: 0.05, min_mem: 16.9921875)
Par: 1, Rows: 1
0.000    0.000    0.100    0.100    0.000    0.300    0.000    0.000    0.100    0.700    0.000    0.000    0.000    0.600    0.000    
Total frac: 1.900
Par: 2, Rows: 1
0.000    0.000    0.100    0.100    0.000    0.300    0.000    0.000    0.100    0.700    0.000    0.000    0.000    0.600    0.000    
Total frac: 1.900
Par: 3, Rows: 1
0.000    0.000    0.100    0.100    0.000    0.300    0.000    0.000    0.100    0.700    0.000    0.000    0.000    0.600    0.000    
Total frac: 1.900

Sketch (52) (cm: eps0: 0.000625, del0: 0.05, min_mem: 16.9921875)
Par: 1, Rows: 1
0.000    0.300    0.000    0.000    0.000    0.000    0.900    0.100    0.000    0.000    0.000    0.000    0.000    0.000    0.600    
Total frac: 1.900
Par: 2, Rows: 1
0.000    0.300    0.000    0.000    0.000    0.000    0.900    0.100    0.000    0.000    0.000    0.000    0.000    0.000    0.600    
Total frac: 1.900
Par: 3, Rows: 1
0.000    0.300    0.000    0.000    0.000    0.000    0.900    0.100    0.000    0.000    0.000    0.000    0.000    0.000    0.600    
Total frac: 1.900

Sketch (53) (cm: eps0: 0.000625, del0: 0.05, min_mem: 16.9921875)
Par: 1, Rows: 1
0.000    0.000    0.100    0.000    0.700    0.000    0.000    0.000    0.000    0.800    0.000    0.000    0.100    0.000    0.000    
Total frac: 1.700
Par: 2, Rows: 1
0.000    0.000    0.100    0.000    0.700    0.000    0.000    0.000    0.000    0.800    0.000    0.000    0.100    0.000    0.000    
Total frac: 1.700
Par: 3, Rows: 1
0.000    0.000    0.100    0.000    0.700    0.000    0.000    0.000    0.000    0.800    0.000    0.000    0.100    0.000    0.000    
Total frac: 1.700

Sketch (54) (cm: eps0: 0.000625, del0: 0.05, min_mem: 16.9921875)
Par: 1, Rows: 1
0.007    0.000    0.000    0.000    0.000    0.000    0.000    0.000    0.800    0.093    0.000    0.000    0.000    0.000    0.000    
Total frac: 0.900
Par: 2, Rows: 1
0.007    0.000    0.000    0.000    0.000    0.000    0.000    0.000    0.800    0.093    0.000    0.000    0.000    0.000    0.000    
Total frac: 0.900
Par: 3, Rows: 1
0.007    0.000    0.000    0.000    0.000    0.000    0.000    0.000    0.800    0.093    0.000    0.000    0.000    0.000    0.000    
Total frac: 0.900

Sketch (55) (cm: eps0: 0.000625, del0: 0.05, min_mem: 16.9921875)
Par: 1, Rows: 1
0.000    0.000    0.000    0.000    0.000    0.000    0.000    0.100    0.000    0.000    0.000    0.000    0.000    0.000    0.800    
Total frac: 0.900
Par: 2, Rows: 1
0.000    0.000    0.000    0.000    0.000    0.000    0.000    0.100    0.000    0.000    0.000    0.000    0.000    0.000    0.800    
Total frac: 0.900
Par: 3, Rows: 1
0.000    0.000    0.000    0.000    0.000    0.000    0.000    0.100    0.000    0.000    0.000    0.000    0.000    0.000    0.800    
Total frac: 0.900

Sketch (56) (cm: eps0: 0.000625, del0: 0.05, min_mem: 16.9921875)
Par: 1, Rows: 1
0.000    0.000    0.000    0.000    0.000    0.000    0.000    0.000    0.000    0.000    0.000    0.000    0.033    0.000    0.967    
Total frac: 1.000
Par: 2, Rows: 1
0.000    0.000    0.000    0.000    0.000    0.000    0.000    0.000    0.000    0.000    0.000    0.000    0.033    0.000    0.967    
Total frac: 1.000
Par: 3, Rows: 1
0.000    0.000    0.000    0.000    0.000    0.000    0.000    0.000    0.000    0.000    0.000    0.000    0.033    0.000    0.967    
Total frac: 1.000

Sketch (57) (cm: eps0: 0.000625, del0: 0.05, min_mem: 16.9921875)
Par: 1, Rows: 1
0.000    1.000    0.000    0.000    0.000    0.000    0.000    0.000    0.000    0.000    0.000    0.000    0.000    0.000    0.000    
Total frac: 1.000
Par: 2, Rows: 1
0.000    1.000    0.000    0.000    0.000    0.000    0.000    0.000    0.000    0.000    0.000    0.000    0.000    0.000    0.000    
Total frac: 1.000
Par: 3, Rows: 1
0.000    1.000    0.000    0.000    0.000    0.000    0.000    0.000    0.000    0.000    0.000    0.000    0.000    0.000    0.000    
Total frac: 1.000

Sketch (58) (cm: eps0: 0.000625, del0: 0.05, min_mem: 16.9921875)
Par: 1, Rows: 1
0.000    0.100    0.000    0.900    0.000    0.000    0.000    0.000    0.900    0.000    0.000    0.000    0.000    0.000    0.000    
Total frac: 1.900
Par: 2, Rows: 1
0.000    0.100    0.000    0.900    0.000    0.000    0.000    0.000    0.900    0.000    0.000    0.000    0.000    0.000    0.000    
Total frac: 1.900
Par: 3, Rows: 1
0.000    0.100    0.000    0.900    0.000    0.000    0.000    0.000    0.900    0.000    0.000    0.000    0.000    0.000    0.000    
Total frac: 1.900

Sketch (59) (cm: eps0: 0.000625, del0: 0.05, min_mem: 16.9921875)
Par: 1, Rows: 1
0.700    0.000    0.000    0.000    0.900    0.000    0.000    0.000    0.000    0.000    0.000    0.000    0.000    0.000    0.100    
Total frac: 1.700
Par: 2, Rows: 1
0.700    0.000    0.000    0.000    0.900    0.000    0.000    0.000    0.000    0.000    0.000    0.000    0.000    0.000    0.100    
Total frac: 1.700
Par: 3, Rows: 1
0.700    0.000    0.000    0.000    0.900    0.000    0.000    0.000    0.000    0.000    0.000    0.000    0.000    0.000    0.100    
Total frac: 1.700

Sketch (60) (cm: eps0: 0.000625, del0: 0.05, min_mem: 16.9921875)
Par: 1, Rows: 1
0.100    0.900    0.000    0.100    0.000    0.000    0.000    0.000    0.000    0.000    0.000    0.000    0.000    0.000    0.900    
Total frac: 2.000
Par: 2, Rows: 1
0.100    0.900    0.000    0.100    0.000    0.000    0.000    0.000    0.000    0.000    0.000    0.000    0.000    0.000    0.900    
Total frac: 2.000
Par: 3, Rows: 1
0.100    0.900    0.000    0.100    0.000    0.000    0.000    0.000    0.000    0.000    0.000    0.000    0.000    0.000    0.900    
Total frac: 2.000

Sketch (61) (cm: eps0: 0.000625, del0: 0.05, min_mem: 16.9921875)
Par: 1, Rows: 1
0.000    0.000    0.000    0.000    0.000    0.700    0.000    0.200    0.000    0.000    0.000    0.000    0.000    0.000    0.000    
Total frac: 0.900
Par: 2, Rows: 1
0.000    0.000    0.000    0.000    0.000    0.700    0.000    0.200    0.000    0.000    0.000    0.000    0.000    0.000    0.000    
Total frac: 0.900
Par: 3, Rows: 1
0.000    0.000    0.000    0.000    0.000    0.700    0.000    0.200    0.000    0.000    0.000    0.000    0.000    0.000    0.000    
Total frac: 0.900

Sketch (62) (cm: eps0: 0.000625, del0: 0.05, min_mem: 16.9921875)
Par: 1, Rows: 1
0.000    0.100    0.000    0.000    0.000    0.000    0.000    0.000    0.000    0.000    0.000    0.000    0.600    0.000    0.200    
Total frac: 0.900
Par: 2, Rows: 1
0.000    0.100    0.000    0.000    0.000    0.000    0.000    0.000    0.000    0.000    0.000    0.000    0.600    0.000    0.200    
Total frac: 0.900
Par: 3, Rows: 1
0.000    0.100    0.000    0.000    0.000    0.000    0.000    0.000    0.000    0.000    0.000    0.000    0.600    0.000    0.200    
Total frac: 0.900

Sketch (63) (cm: eps0: 0.000625, del0: 0.05, min_mem: 16.9921875)
Par: 1, Rows: 1
0.000    0.000    0.000    0.000    0.000    0.500    0.000    0.000    0.000    0.700    0.000    0.100    0.100    0.100    0.000    
Total frac: 1.500
Par: 2, Rows: 1
0.000    0.000    0.000    0.000    0.000    0.500    0.000    0.000    0.000    0.700    0.000    0.100    0.100    0.100    0.000    
Total frac: 1.500
Par: 3, Rows: 1
0.000    0.000    0.000    0.000    0.000    0.500    0.000    0.000    0.000    0.700    0.000    0.100    0.100    0.100    0.000    
Total frac: 1.500

Device (0) cpu1:
Rows total: 19.22
Mem total: 326.58984375

Device (1) cpu2:
Rows total: 19.22
Mem total: 326.58984375

Device (2) cpu3:
Rows total: 19.22
Mem total: 326.58984375

Device (3) cpu4:
Rows total: 19.22
Mem total: 326.58984375

Device (4) cpu5:
Rows total: 19.22
Mem total: 326.58984375

Device (5) cpu6:
Rows total: 19.22
Mem total: 326.58984375

Device (6) cpu7:
Rows total: 19.22
Mem total: 326.58984375

Device (7) cpu8:
Rows total: 19.22
Mem total: 326.58984375

Device (8) tor_p41:
Rows total: 19.22
Mem total: 326.58984375

Device (9) tor_p42:
Rows total: 19.22
Mem total: 326.58984375

Device (10) tor_p43:
Rows total: 19.22
Mem total: 326.58984375

Device (11) tor_p44:
Rows total: 19.22
Mem total: 326.58984375

Device (12) l1_p41:
Rows total: 19.22
Mem total: 326.58984375

Device (13) l1_p42:
Rows total: 19.22
Mem total: 326.58984375

Device (14) l2_p4:
Rows total: 19.22
Mem total: 326.58984375
--------------------------------------------------
Infeasible placement
