Using license file /home/anup/gurobi.lic
Academic license - for non-commercial use only

--------------------------------------------------
Model update took: 2.0503997802734375e-05 seconds
Model optimize took: 0.0021445751190185547 seconds
--------------------------------------------------

Throughput: 98.0 Mpps, ns per packet: 10.204081632653061
Resources: 70.856201171875
Used Cores: 7.0, Total CPUS: 1, Switch Memory: 5.09765625

Sketch (0) (cm: eps0: 0.00625, del0: 0.05, min_mem: 1.69921875)
Par: 1, Rows: 3
0.000    1.000    
Total frac: 1.000

Device (0) cpu_1:
cores_sketch: 0.0, cores_dpdk: 7.0
Rows total: 0.0
Mem total: 0.0
Throughput: 98.0

Device (1) p4_1:
Rows total: 3.0
Mem total: 5.09765625
Throughput: 148.0
--------------------------------------------------
