Using license file /home/anup/gurobi.lic
Academic license - for non-commercial use only

--------------------------------------------------
Model update took: 3.552436828613281e-05 seconds
Model optimize took: 0.002419710159301758 seconds
--------------------------------------------------

Sketch (0) (cm: eps0: 0.00625, del0: 0.05, min_mem: 1.69921875)
Par: 1, Rows: 3
0.500    0.500    
Total frac: 1.000

Device (0) cpu_1:
Rows total: 1.5
Mem total: 2.548828125

Device (1) p4_1:
Rows total: 1.5
Mem total: 2.548828125
--------------------------------------------------
Changed value of parameter NonConvex to 2
   Prev: -1  Min: -1  Max: 2  Default: -1

Throughput: 93.33333333333333 Mpps, ns per packet: 10.714285714285715
Resources: 70.42841172218321
Used Cores: 6.999999999999998, Total CPUS: 1, Switch Memory: 2.548828125

Sketch (0) (cm: eps0: 0.00625, del0: 0.05, min_mem: 1.69921875)
Par: 1, Rows: 3
0.500    0.500    
Total frac: 1.000

Device (0) cpu_1:
cores_sketch: 1.0, cores_dpdk: 5.999999999999998
Rows total: 1.5
Mem total: 2.548828125
Throughput: 93.33333333333333

Device (1) p4_1:
Rows total: 1.5
Mem total: 2.548828125
Throughput: 148.0
--------------------------------------------------
