Using license file /home/anup/gurobi.lic
Academic license - for non-commercial use only

--------------------------------------------------
Model update took: 0.00010848045349121094 seconds
Model optimize took: 3.9831647872924805 seconds
--------------------------------------------------

Throughput: 87.49124322019418 Mpps, ns per packet: 11.429715285714288
Resources: 585.7255683538899
Used Cores: 49.00000000000001, Total CPUS: 8, Switch Memory: 569.9000229731212

Sketch (0) (cm: eps0: 0.00625, del0: 0.05, min_mem: 1.69921875)
Par: 1, Rows: 3
0.000    0.000    0.000    0.000    0.000    0.000    0.000    0.000    0.700    0.000    0.200    0.800    0.000    0.000    0.100    
Total frac: 1.800

Sketch (1) (cm: eps0: 0.00625, del0: 0.05, min_mem: 1.69921875)
Par: 1, Rows: 3
0.000    0.000    0.000    0.000    0.000    0.000    0.000    0.000    0.000    0.000    0.000    0.000    0.000    1.000    0.000    
Total frac: 1.000

Sketch (2) (cm: eps0: 0.00625, del0: 0.05, min_mem: 1.69921875)
Par: 1, Rows: 3
0.000    0.000    0.000    0.000    0.000    0.000    0.000    0.000    0.020    0.800    0.000    0.380    0.500    0.000    0.000    
Total frac: 1.700

Sketch (3) (cm: eps0: 0.00625, del0: 0.05, min_mem: 1.69921875)
Par: 1, Rows: 3
0.000    0.000    0.000    0.000    0.000    0.000    0.000    0.000    0.000    0.900    0.000    0.000    0.000    1.000    0.000    
Total frac: 1.900

Sketch (4) (cm: eps0: 0.00625, del0: 0.05, min_mem: 1.69921875)
Par: 1, Rows: 3
0.000    0.000    0.000    0.000    0.000    0.000    0.000    0.000    0.000    0.000    0.700    0.100    0.000    0.100    0.700    
Total frac: 1.600

Sketch (5) (cm: eps0: 0.00625, del0: 0.05, min_mem: 1.69921875)
Par: 1, Rows: 3
0.000    0.000    0.000    0.000    0.000    0.000    0.000    0.000    0.000    0.000    0.000    1.000    0.800    0.000    0.000    
Total frac: 1.800

Sketch (6) (cm: eps0: 0.00625, del0: 0.05, min_mem: 1.69921875)
Par: 1, Rows: 3
0.000    0.000    0.000    0.000    0.000    0.000    0.000    0.000    1.000    0.000    0.000    0.000    0.000    0.000    0.000    
Total frac: 1.000

Sketch (7) (cm: eps0: 0.00625, del0: 0.05, min_mem: 1.69921875)
Par: 1, Rows: 3
0.000    0.000    0.000    0.000    0.000    0.000    0.000    0.000    0.000    0.000    0.000    0.000    0.000    0.000    0.800    
Total frac: 0.800

Sketch (8) (cm: eps0: 0.00625, del0: 0.05, min_mem: 1.69921875)
Par: 1, Rows: 3
0.000    0.000    0.000    0.000    0.000    0.000    0.000    0.000    0.000    0.900    0.000    0.000    0.000    0.000    0.000    
Total frac: 0.900

Sketch (9) (cm: eps0: 0.00625, del0: 0.05, min_mem: 1.69921875)
Par: 1, Rows: 3
0.000    0.000    0.000    0.000    0.000    0.000    0.000    0.000    0.000    0.000    0.000    0.000    0.000    0.000    0.900    
Total frac: 0.900

Sketch (10) (cm: eps0: 0.00625, del0: 0.05, min_mem: 1.69921875)
Par: 1, Rows: 3
0.200    0.000    0.000    0.000    0.000    0.000    0.000    0.000    0.000    0.700    0.000    0.000    0.000    1.000    0.000    
Total frac: 1.900

Sketch (11) (cm: eps0: 0.00625, del0: 0.05, min_mem: 1.69921875)
Par: 1, Rows: 3
0.000    0.000    0.000    0.000    0.000    0.000    0.000    0.000    0.000    0.000    0.000    1.000    0.000    0.000    0.700    
Total frac: 1.700

Sketch (12) (cm: eps0: 0.00625, del0: 0.05, min_mem: 1.69921875)
Par: 1, Rows: 3
0.000    0.000    0.000    0.000    0.000    0.000    0.000    0.000    0.000    0.000    0.000    0.000    1.000    0.000    0.000    
Total frac: 1.000

Sketch (13) (cm: eps0: 0.00625, del0: 0.05, min_mem: 1.69921875)
Par: 1, Rows: 3
0.000    0.000    0.000    0.000    0.000    0.000    0.000    0.000    0.900    0.000    0.800    0.000    0.000    0.000    0.000    
Total frac: 1.700

Sketch (14) (cm: eps0: 0.00625, del0: 0.05, min_mem: 1.69921875)
Par: 1, Rows: 3
0.566    0.134    0.000    0.000    0.000    0.000    0.000    0.390    0.000    0.700    0.900    0.510    0.000    0.000    0.000    
Total frac: 3.200

Sketch (15) (cm: eps0: 0.00625, del0: 0.05, min_mem: 1.69921875)
Par: 1, Rows: 3
0.000    0.000    0.000    0.000    0.000    0.000    0.000    0.000    0.700    0.100    0.000    0.000    0.000    0.000    0.900    
Total frac: 1.700

Sketch (16) (cm: eps0: 0.00625, del0: 0.05, min_mem: 1.69921875)
Par: 1, Rows: 3
0.000    0.000    0.000    0.000    0.000    0.000    0.000    0.000    0.000    0.000    0.000    1.000    0.000    1.000    0.000    
Total frac: 2.000

Sketch (17) (cm: eps0: 0.00625, del0: 0.05, min_mem: 1.69921875)
Par: 1, Rows: 3
0.000    0.000    0.000    0.000    0.000    0.000    0.000    0.000    0.000    0.000    0.000    0.000    0.700    1.000    0.000    
Total frac: 1.700

Sketch (18) (cm: eps0: 0.00625, del0: 0.05, min_mem: 1.69921875)
Par: 1, Rows: 3
0.000    0.000    0.000    0.000    0.000    0.000    0.000    0.000    0.900    1.000    0.000    0.000    0.000    0.000    0.000    
Total frac: 1.900

Sketch (19) (cm: eps0: 0.00625, del0: 0.05, min_mem: 1.69921875)
Par: 1, Rows: 3
0.000    0.000    0.000    0.000    0.000    0.000    0.000    0.000    0.900    0.000    0.800    0.000    0.000    0.000    0.000    
Total frac: 1.700

Sketch (20) (cm: eps0: 0.00625, del0: 0.05, min_mem: 1.69921875)
Par: 1, Rows: 3
0.000    0.000    0.000    0.000    0.000    0.000    0.000    0.000    0.000    0.000    0.700    0.000    0.000    0.300    0.600    
Total frac: 1.600

Sketch (21) (cm: eps0: 0.00625, del0: 0.05, min_mem: 1.69921875)
Par: 1, Rows: 3
0.000    0.000    0.000    0.000    0.000    0.000    0.000    1.000    0.000    0.000    0.000    0.000    0.000    0.000    0.800    
Total frac: 1.800

Sketch (22) (cm: eps0: 0.00625, del0: 0.05, min_mem: 1.69921875)
Par: 1, Rows: 3
0.000    0.000    0.000    0.000    0.000    0.000    0.000    0.000    0.000    1.000    1.000    0.000    0.000    0.000    0.000    
Total frac: 2.000

Sketch (23) (cm: eps0: 0.00625, del0: 0.05, min_mem: 1.69921875)
Par: 1, Rows: 3
0.000    0.000    0.000    0.000    0.000    0.000    0.000    0.000    0.000    0.000    0.000    0.000    1.000    0.000    0.000    
Total frac: 1.000

Sketch (24) (cm: eps0: 0.00625, del0: 0.05, min_mem: 1.69921875)
Par: 1, Rows: 3
0.000    0.000    0.000    0.000    0.000    0.000    0.000    0.000    0.000    0.000    0.900    0.000    1.000    0.000    0.000    
Total frac: 1.900

Sketch (25) (cm: eps0: 0.00625, del0: 0.05, min_mem: 1.69921875)
Par: 1, Rows: 3
0.000    0.000    0.000    0.000    0.000    0.900    0.000    0.000    0.000    0.000    0.000    0.000    1.000    0.000    0.000    
Total frac: 1.900

Sketch (26) (cm: eps0: 0.00625, del0: 0.05, min_mem: 1.69921875)
Par: 1, Rows: 3
0.000    0.000    0.000    0.000    0.000    0.000    0.000    0.000    0.000    0.000    0.000    0.000    1.000    0.000    0.000    
Total frac: 1.000

Sketch (27) (cm: eps0: 0.00625, del0: 0.05, min_mem: 1.69921875)
Par: 1, Rows: 3
0.000    0.000    0.000    0.000    0.000    0.000    0.000    0.000    0.000    0.000    0.900    0.800    0.000    0.000    0.000    
Total frac: 1.700

Sketch (28) (cm: eps0: 0.00625, del0: 0.05, min_mem: 1.69921875)
Par: 1, Rows: 3
0.000    0.000    0.000    0.000    0.000    0.000    0.000    0.000    0.000    0.000    0.000    0.000    1.000    0.000    0.000    
Total frac: 1.000

Sketch (29) (cm: eps0: 0.00625, del0: 0.05, min_mem: 1.69921875)
Par: 1, Rows: 3
0.000    0.000    0.000    0.000    0.000    0.000    0.000    0.000    1.000    0.000    0.000    0.000    0.000    1.000    0.000    
Total frac: 2.000

Sketch (30) (cm: eps0: 0.00625, del0: 0.05, min_mem: 1.69921875)
Par: 1, Rows: 3
0.700    0.000    0.000    0.000    0.000    0.000    0.000    0.000    0.000    1.000    0.000    0.800    0.000    0.000    0.000    
Total frac: 2.500

Sketch (31) (cm: eps0: 0.00625, del0: 0.05, min_mem: 1.69921875)
Par: 1, Rows: 3
0.000    0.000    0.000    0.000    0.000    0.000    0.000    0.000    0.000    0.000    0.000    0.700    0.000    0.200    0.000    
Total frac: 0.900

Sketch (32) (cm: eps0: 0.00625, del0: 0.05, min_mem: 1.69921875)
Par: 1, Rows: 3
0.000    0.000    0.000    0.000    0.000    0.000    0.000    0.000    0.900    0.000    0.000    0.000    0.000    1.000    0.000    
Total frac: 1.900

Sketch (33) (cm: eps0: 0.00625, del0: 0.05, min_mem: 1.69921875)
Par: 1, Rows: 3
0.100    0.000    0.000    0.000    0.000    0.000    0.000    0.000    0.700    0.000    0.000    0.700    0.000    0.000    0.000    
Total frac: 1.500

Sketch (34) (cm: eps0: 0.00625, del0: 0.05, min_mem: 1.69921875)
Par: 1, Rows: 3
0.000    0.000    0.000    0.000    0.000    0.000    0.000    0.000    0.700    0.000    0.000    0.000    0.000    0.000    0.000    
Total frac: 0.700

Sketch (35) (cm: eps0: 0.00625, del0: 0.05, min_mem: 1.69921875)
Par: 1, Rows: 3
0.000    0.000    0.000    0.000    0.000    0.000    0.000    0.000    0.000    0.000    0.600    0.000    0.800    0.200    0.000    
Total frac: 1.600

Sketch (36) (cm: eps0: 0.00625, del0: 0.05, min_mem: 1.69921875)
Par: 1, Rows: 3
0.000    0.000    0.690    0.000    0.000    0.000    0.000    0.000    0.000    0.210    0.000    0.000    0.000    0.000    1.000    
Total frac: 1.900

Sketch (37) (cm: eps0: 0.00625, del0: 0.05, min_mem: 1.69921875)
Par: 1, Rows: 3
0.000    0.000    0.000    0.000    0.000    0.000    0.000    0.300    0.000    0.000    0.700    0.000    0.000    0.000    0.600    
Total frac: 1.600

Sketch (38) (cm: eps0: 0.00625, del0: 0.05, min_mem: 1.69921875)
Par: 1, Rows: 3
0.000    0.000    0.000    0.000    0.000    0.000    0.000    0.000    0.000    0.000    0.000    0.000    0.000    1.000    0.000    
Total frac: 1.000

Sketch (39) (cm: eps0: 0.00625, del0: 0.05, min_mem: 1.69921875)
Par: 1, Rows: 3
0.000    0.000    0.000    0.000    0.000    0.000    0.000    0.000    0.000    1.000    0.000    0.900    0.000    0.000    0.000    
Total frac: 1.900

Sketch (40) (cm: eps0: 0.00625, del0: 0.05, min_mem: 1.69921875)
Par: 1, Rows: 3
0.000    0.000    0.000    0.000    0.000    0.000    0.000    0.000    0.000    0.000    0.000    0.000    0.000    1.000    0.000    
Total frac: 1.000

Sketch (41) (cm: eps0: 0.00625, del0: 0.05, min_mem: 1.69921875)
Par: 1, Rows: 3
0.000    0.000    0.700    0.000    0.000    0.000    0.000    0.000    0.000    0.000    0.000    0.000    0.000    0.000    1.000    
Total frac: 1.700

Sketch (42) (cm: eps0: 0.00625, del0: 0.05, min_mem: 1.69921875)
Par: 1, Rows: 3
0.000    0.000    0.000    0.000    0.000    0.000    0.000    0.000    0.000    0.900    0.000    1.000    0.000    0.000    0.700    
Total frac: 2.600

Sketch (43) (cm: eps0: 0.00625, del0: 0.05, min_mem: 1.69921875)
Par: 1, Rows: 3
0.000    0.000    0.000    0.000    0.000    0.290    0.000    0.000    0.000    0.700    0.200    0.410    0.000    0.000    0.000    
Total frac: 1.600

Sketch (44) (cm: eps0: 0.00625, del0: 0.05, min_mem: 1.69921875)
Par: 1, Rows: 3
0.000    0.000    0.000    0.000    0.000    0.000    0.000    0.000    0.000    0.000    0.000    0.700    0.000    0.000    0.300    
Total frac: 1.000

Sketch (45) (cm: eps0: 0.00625, del0: 0.05, min_mem: 1.69921875)
Par: 1, Rows: 3
0.000    0.000    0.000    0.000    0.000    0.000    0.000    0.000    0.000    0.900    1.000    0.000    0.000    0.000    0.000    
Total frac: 1.900

Sketch (46) (cm: eps0: 0.00625, del0: 0.05, min_mem: 1.69921875)
Par: 1, Rows: 3
0.000    0.000    0.000    0.000    0.000    0.000    0.000    0.000    0.000    0.000    0.900    0.000    1.000    0.000    0.000    
Total frac: 1.900

Sketch (47) (cm: eps0: 0.00625, del0: 0.05, min_mem: 1.69921875)
Par: 1, Rows: 3
0.000    0.000    0.000    0.000    0.000    0.000    0.000    0.000    0.000    0.000    1.000    0.000    0.900    0.000    0.000    
Total frac: 1.900

Sketch (48) (cm: eps0: 0.00625, del0: 0.05, min_mem: 1.69921875)
Par: 1, Rows: 3
0.000    0.000    0.000    0.000    0.000    0.000    0.000    0.000    0.000    0.000    0.800    0.000    0.000    0.000    0.000    
Total frac: 0.800

Sketch (49) (cm: eps0: 0.00625, del0: 0.05, min_mem: 1.69921875)
Par: 1, Rows: 3
0.000    0.000    0.000    0.000    0.000    0.000    0.000    0.000    0.000    0.000    0.000    0.000    1.000    0.000    0.000    
Total frac: 1.000

Sketch (50) (cm: eps0: 0.00625, del0: 0.05, min_mem: 1.69921875)
Par: 1, Rows: 3
0.000    0.000    0.000    0.000    0.000    0.000    0.000    0.000    0.900    0.000    0.000    0.700    0.000    0.000    0.000    
Total frac: 1.600

Sketch (51) (cm: eps0: 0.00625, del0: 0.05, min_mem: 1.69921875)
Par: 1, Rows: 3
0.000    0.000    0.000    0.000    0.000    0.000    0.000    0.000    0.000    0.000    0.900    0.000    0.700    0.000    0.000    
Total frac: 1.600

Sketch (52) (cm: eps0: 0.00625, del0: 0.05, min_mem: 1.69921875)
Par: 1, Rows: 3
0.000    0.000    0.500    0.000    0.000    0.000    0.000    0.000    0.900    0.200    0.000    0.000    0.000    0.800    0.000    
Total frac: 2.400

Sketch (53) (cm: eps0: 0.00625, del0: 0.05, min_mem: 1.69921875)
Par: 1, Rows: 3
0.000    0.000    0.000    0.000    0.000    0.000    0.000    0.000    0.700    0.000    0.800    0.000    0.000    0.000    0.200    
Total frac: 1.700

Sketch (54) (cm: eps0: 0.00625, del0: 0.05, min_mem: 1.69921875)
Par: 1, Rows: 3
0.000    0.000    0.000    0.000    0.000    0.000    0.000    0.000    0.000    0.000    0.000    0.000    0.800    0.900    0.000    
Total frac: 1.700

Sketch (55) (cm: eps0: 0.00625, del0: 0.05, min_mem: 1.69921875)
Par: 1, Rows: 3
0.000    0.000    0.000    0.000    0.000    0.000    0.000    0.000    0.000    0.700    0.000    0.000    0.000    0.000    0.100    
Total frac: 0.800

Sketch (56) (cm: eps0: 0.00625, del0: 0.05, min_mem: 1.69921875)
Par: 1, Rows: 3
0.000    0.000    0.000    0.000    0.000    0.000    0.000    0.000    0.000    0.000    0.000    0.000    0.000    0.000    0.900    
Total frac: 0.900

Sketch (57) (cm: eps0: 0.00625, del0: 0.05, min_mem: 1.69921875)
Par: 1, Rows: 3
0.324    0.000    0.000    0.000    0.000    0.000    0.000    0.000    0.376    0.000    0.300    0.800    0.000    0.000    0.000    
Total frac: 1.800

Sketch (58) (cm: eps0: 0.00625, del0: 0.05, min_mem: 1.69921875)
Par: 1, Rows: 3
0.000    0.000    0.000    0.000    0.000    0.000    0.000    0.000    0.800    0.000    0.300    0.000    0.000    0.700    0.000    
Total frac: 1.800

Sketch (59) (cm: eps0: 0.00625, del0: 0.05, min_mem: 1.69921875)
Par: 1, Rows: 3
0.000    0.000    0.000    0.000    0.000    0.000    0.000    0.200    1.000    0.700    0.000    0.000    0.000    0.000    0.000    
Total frac: 1.900

Sketch (60) (cm: eps0: 0.00625, del0: 0.05, min_mem: 1.69921875)
Par: 1, Rows: 3
0.000    0.100    0.000    0.000    0.000    0.000    0.000    0.000    0.000    0.700    0.000    0.800    0.000    0.000    0.900    
Total frac: 2.500

Sketch (61) (cm: eps0: 0.00625, del0: 0.05, min_mem: 1.69921875)
Par: 1, Rows: 3
0.000    0.000    0.000    0.000    0.000    0.000    0.000    0.000    0.000    0.000    0.000    0.000    0.000    0.000    0.800    
Total frac: 0.800

Sketch (62) (cm: eps0: 0.00625, del0: 0.05, min_mem: 1.69921875)
Par: 1, Rows: 3
0.000    0.000    0.000    0.000    0.000    0.000    0.000    0.000    0.900    0.000    0.000    0.000    0.000    0.000    0.000    
Total frac: 0.900

Sketch (63) (cm: eps0: 0.00625, del0: 0.05, min_mem: 1.69921875)
Par: 1, Rows: 3
0.000    0.000    0.000    0.000    0.000    0.000    0.000    0.000    0.000    1.000    0.000    1.000    0.000    0.000    0.000    
Total frac: 2.000

Sketch (64) (cm: eps0: 0.00625, del0: 0.05, min_mem: 1.69921875)
Par: 1, Rows: 3
0.000    0.000    0.000    0.000    0.000    0.000    0.000    0.000    0.000    0.000    0.000    0.000    0.000    0.000    0.700    
Total frac: 0.700

Sketch (65) (cm: eps0: 0.00625, del0: 0.05, min_mem: 1.69921875)
Par: 1, Rows: 3
0.000    0.000    0.000    0.000    0.000    0.000    0.000    0.000    0.000    0.000    0.000    0.000    0.900    0.000    0.000    
Total frac: 0.900

Sketch (66) (cm: eps0: 0.00625, del0: 0.05, min_mem: 1.69921875)
Par: 1, Rows: 3
0.000    0.000    0.000    0.000    0.000    0.000    0.000    0.000    0.000    0.000    0.000    0.000    1.000    0.000    0.000    
Total frac: 1.000

Sketch (67) (cm: eps0: 0.00625, del0: 0.05, min_mem: 1.69921875)
Par: 1, Rows: 3
0.000    0.000    0.000    0.000    0.000    0.000    0.000    0.000    0.000    0.000    0.800    0.000    0.900    0.000    0.000    
Total frac: 1.700

Sketch (68) (cm: eps0: 0.00625, del0: 0.05, min_mem: 1.69921875)
Par: 1, Rows: 3
0.000    0.000    0.000    0.000    0.000    0.700    0.000    0.000    0.000    0.800    0.000    0.000    0.000    0.000    0.000    
Total frac: 1.500

Sketch (69) (cm: eps0: 0.00625, del0: 0.05, min_mem: 1.69921875)
Par: 1, Rows: 3
0.000    0.000    0.000    0.000    0.000    0.000    0.000    0.000    0.000    0.000    0.000    0.000    0.000    1.000    0.000    
Total frac: 1.000

Sketch (70) (cm: eps0: 0.00625, del0: 0.05, min_mem: 1.69921875)
Par: 1, Rows: 3
0.000    0.000    0.000    0.000    0.000    0.000    0.000    0.000    0.000    0.000    0.000    0.000    0.000    1.000    0.000    
Total frac: 1.000

Sketch (71) (cm: eps0: 0.00625, del0: 0.05, min_mem: 1.69921875)
Par: 1, Rows: 3
0.000    0.000    0.000    0.000    0.000    0.000    0.000    0.000    0.000    1.000    0.000    0.000    0.000    0.000    0.700    
Total frac: 1.700

Sketch (72) (cm: eps0: 0.00625, del0: 0.05, min_mem: 1.69921875)
Par: 1, Rows: 3
0.000    0.000    0.000    0.000    0.000    0.000    0.000    0.000    0.000    0.000    0.000    0.000    0.000    1.000    0.000    
Total frac: 1.000

Sketch (73) (cm: eps0: 0.00625, del0: 0.05, min_mem: 1.69921875)
Par: 1, Rows: 3
0.000    0.000    0.000    0.000    0.000    0.000    0.000    0.000    0.000    0.000    0.000    0.000    0.000    0.000    0.900    
Total frac: 0.900

Sketch (74) (cm: eps0: 0.00625, del0: 0.05, min_mem: 1.69921875)
Par: 1, Rows: 3
0.000    0.000    0.000    0.000    0.000    0.000    0.000    0.000    0.800    0.000    0.100    0.900    0.000    0.000    0.000    
Total frac: 1.800

Sketch (75) (cm: eps0: 0.00625, del0: 0.05, min_mem: 1.69921875)
Par: 1, Rows: 3
0.000    0.000    0.000    0.000    0.000    0.000    0.000    0.000    0.000    0.000    0.000    0.000    0.000    0.000    0.700    
Total frac: 0.700

Sketch (76) (cm: eps0: 0.00625, del0: 0.05, min_mem: 1.69921875)
Par: 1, Rows: 3
0.000    0.710    0.000    0.000    0.000    0.000    0.000    0.000    0.000    0.090    0.000    0.000    0.000    0.800    0.000    
Total frac: 1.600

Sketch (77) (cm: eps0: 0.00625, del0: 0.05, min_mem: 1.69921875)
Par: 1, Rows: 3
0.000    0.000    0.000    0.000    0.000    0.000    0.000    0.000    0.000    0.000    0.700    1.000    0.000    0.000    0.000    
Total frac: 1.700

Sketch (78) (cm: eps0: 0.00625, del0: 0.05, min_mem: 1.69921875)
Par: 1, Rows: 3
0.000    0.000    0.000    0.000    0.000    0.000    0.000    0.000    0.000    0.000    0.000    0.000    0.000    0.000    1.000    
Total frac: 1.000

Sketch (79) (cm: eps0: 0.00625, del0: 0.05, min_mem: 1.69921875)
Par: 1, Rows: 3
0.000    0.000    0.000    0.000    0.000    0.000    0.000    0.000    1.000    0.000    0.000    0.000    0.000    0.000    0.000    
Total frac: 1.000

Device (0) cpu1:
cores_sketch: 2.0, cores_dpdk: 5.0
Rows total: 5.669718732474056
Mem total: 9.63409237744615
Throughput: 87.49124322019418

Device (1) cpu2:
cores_sketch: 1.0000000000000027, cores_dpdk: 5.0
Rows total: 2.8316863588790366
Mem total: 4.811654555126488
Throughput: 87.49124322019418

Device (2) cpu3:
cores_sketch: 2.0, cores_dpdk: 5.0
Rows total: 5.669718791724741
Mem total: 9.634092478126025
Throughput: 87.49124322019418

Device (3) cpu4:
cores_sketch: 0.0, cores_dpdk: 5.0
Rows total: 0.0
Mem total: 0.0
Throughput: 87.50000000000003

Device (4) cpu5:
cores_sketch: 0.0, cores_dpdk: 5.0
Rows total: 0.0
Mem total: 0.0
Throughput: 87.49124322019418

Device (5) cpu6:
cores_sketch: 2.0, cores_dpdk: 5.0
Rows total: 5.669718568254662
Mem total: 9.634092098401476
Throughput: 87.49124322019418

Device (6) cpu7:
cores_sketch: 0.0, cores_dpdk: 5.0
Rows total: 0.0
Mem total: 0.0
Throughput: 87.50000000000003

Device (7) cpu8:
cores_sketch: 2.000000000000005, cores_dpdk: 5.0
Rows total: 5.669718741497383
Mem total: 9.634092392778756
Throughput: 87.49124322019418

Device (8) tor_p41:
Rows total: 47.389438807170116
Mem total: 80.5250229731211
Throughput: 148.0

Device (9) tor_p42:
Rows total: 48.0
Mem total: 81.5625
Throughput: 148.0

Device (10) tor_p43:
Rows total: 48.0
Mem total: 81.5625
Throughput: 148.0

Device (11) tor_p44:
Rows total: 48.0
Mem total: 81.5625
Throughput: 148.0

Device (12) l1_p41:
Rows total: 48.0
Mem total: 81.5625
Throughput: 148.0

Device (13) l1_p42:
Rows total: 48.0
Mem total: 81.5625
Throughput: 148.0

Device (14) l2_p4:
Rows total: 48.0
Mem total: 81.5625
Throughput: 148.0
--------------------------------------------------
