Using license file /home/anup/gurobi.lic
Academic license - for non-commercial use only

--------------------------------------------------
Model update took: 0.0013344287872314453 seconds
Model optimize took: 0.09563040733337402 seconds
--------------------------------------------------

Sketch (0) (cm: eps0: 0.000625, del0: 0.05, min_mem: 16.9921875)
Par: 1, Rows: 3
0.000    0.000    0.000    0.000    0.000    0.000    0.000    0.000    0.000    0.000    0.000    0.000    1.000    0.000    0.000    
Total frac: 1.000

Sketch (1) (cm: eps0: 0.000625, del0: 0.05, min_mem: 16.9921875)
Par: 1, Rows: 3
1.000    0.000    0.000    0.000    0.000    0.000    0.000    0.000    0.000    0.000    0.000    0.000    0.000    0.000    0.800    
Total frac: 1.800

Sketch (2) (cm: eps0: 0.000625, del0: 0.05, min_mem: 16.9921875)
Par: 1, Rows: 3
0.000    0.000    0.000    0.000    0.000    0.000    0.000    0.000    1.000    0.000    0.000    0.900    0.000    0.000    0.000    
Total frac: 1.900

Sketch (3) (cm: eps0: 0.000625, del0: 0.05, min_mem: 16.9921875)
Par: 1, Rows: 3
0.000    0.000    0.000    0.000    0.000    0.100    0.000    0.000    0.000    0.000    0.100    0.000    0.000    0.500    0.300    
Total frac: 1.000

Sketch (4) (cm: eps0: 0.000625, del0: 0.05, min_mem: 16.9921875)
Par: 1, Rows: 3
0.000    0.000    0.000    0.000    0.000    0.000    0.000    0.000    0.000    0.000    1.000    0.000    0.000    0.000    0.000    
Total frac: 1.000

Sketch (5) (cm: eps0: 0.000625, del0: 0.05, min_mem: 16.9921875)
Par: 1, Rows: 3
0.000    0.000    0.000    0.000    0.000    0.000    0.000    0.000    0.900    0.000    0.900    0.000    0.000    0.000    0.000    
Total frac: 1.800

Sketch (6) (cm: eps0: 0.000625, del0: 0.05, min_mem: 16.9921875)
Par: 1, Rows: 3
0.000    0.000    0.000    0.000    0.000    0.000    0.000    0.927    0.000    0.000    0.000    0.073    0.000    0.000    1.000    
Total frac: 2.000

Sketch (7) (cm: eps0: 0.000625, del0: 0.05, min_mem: 16.9921875)
Par: 1, Rows: 3
0.000    0.000    0.000    0.000    0.000    0.000    0.000    0.000    0.000    0.000    0.000    0.000    0.000    0.000    1.000    
Total frac: 1.000

Sketch (8) (cm: eps0: 0.000625, del0: 0.05, min_mem: 16.9921875)
Par: 1, Rows: 3
0.000    0.000    0.000    0.000    0.000    0.000    0.000    0.000    0.800    0.100    0.700    0.000    0.000    0.000    0.000    
Total frac: 1.600

Sketch (9) (cm: eps0: 0.000625, del0: 0.05, min_mem: 16.9921875)
Par: 1, Rows: 3
0.000    0.000    0.000    0.000    0.000    0.000    0.000    0.000    0.000    0.000    0.000    0.000    0.900    0.000    0.100    
Total frac: 1.000

Sketch (10) (cm: eps0: 0.000625, del0: 0.05, min_mem: 16.9921875)
Par: 1, Rows: 3
0.000    0.000    0.000    0.000    0.000    0.000    0.000    0.000    0.000    0.700    0.000    1.000    0.000    0.000    0.000    
Total frac: 1.700

Sketch (11) (cm: eps0: 0.000625, del0: 0.05, min_mem: 16.9921875)
Par: 1, Rows: 3
0.000    0.000    0.700    0.000    0.100    0.200    0.000    0.000    0.000    0.000    0.500    0.000    0.000    0.300    0.000    
Total frac: 1.800

Sketch (12) (cm: eps0: 0.000625, del0: 0.05, min_mem: 16.9921875)
Par: 1, Rows: 3
0.000    0.000    0.000    0.000    0.000    0.000    0.000    0.000    0.000    0.000    0.000    0.000    1.000    0.000    0.000    
Total frac: 1.000

Sketch (13) (cm: eps0: 0.000625, del0: 0.05, min_mem: 16.9921875)
Par: 1, Rows: 3
0.000    0.200    0.000    0.000    0.000    0.000    0.000    1.000    0.800    0.000    0.000    0.000    0.000    0.000    0.000    
Total frac: 2.000

Sketch (14) (cm: eps0: 0.000625, del0: 0.05, min_mem: 16.9921875)
Par: 1, Rows: 3
0.000    0.000    0.000    0.000    0.000    0.000    1.000    0.000    0.000    0.000    0.000    0.000    0.900    0.000    0.000    
Total frac: 1.900

Sketch (15) (cm: eps0: 0.000625, del0: 0.05, min_mem: 16.9921875)
Par: 1, Rows: 3
0.000    0.000    0.000    0.200    0.000    0.000    0.000    0.000    0.000    0.000    0.000    0.000    0.800    0.000    0.000    
Total frac: 1.000

Sketch (16) (cm: eps0: 0.000625, del0: 0.05, min_mem: 16.9921875)
Par: 1, Rows: 3
0.000    0.000    0.000    0.000    1.000    0.000    0.000    0.000    0.100    0.000    0.000    0.000    0.700    0.000    0.200    
Total frac: 2.000

Sketch (17) (cm: eps0: 0.000625, del0: 0.05, min_mem: 16.9921875)
Par: 1, Rows: 3
0.000    0.000    0.000    0.000    0.000    0.900    0.000    0.000    0.000    0.000    0.000    0.000    0.000    0.700    0.300    
Total frac: 1.900

Sketch (18) (cm: eps0: 0.000625, del0: 0.05, min_mem: 16.9921875)
Par: 1, Rows: 3
0.000    0.200    0.000    0.000    0.000    0.000    0.000    0.000    0.000    0.800    0.000    0.000    0.000    0.000    0.000    
Total frac: 1.000

Sketch (19) (cm: eps0: 0.000625, del0: 0.05, min_mem: 16.9921875)
Par: 1, Rows: 3
0.000    0.000    0.000    0.000    0.000    0.500    0.000    0.000    0.000    0.000    0.200    0.000    0.000    0.300    0.500    
Total frac: 1.500

Sketch (20) (cm: eps0: 0.000625, del0: 0.05, min_mem: 16.9921875)
Par: 1, Rows: 3
0.000    0.000    0.000    0.000    0.000    0.000    0.000    0.000    0.000    0.000    0.700    0.000    0.000    0.000    0.300    
Total frac: 1.000

Sketch (21) (cm: eps0: 0.000625, del0: 0.05, min_mem: 16.9921875)
Par: 1, Rows: 3
0.800    0.000    0.000    0.900    0.000    0.000    0.000    0.000    0.000    0.000    0.000    0.000    0.000    0.900    0.000    
Total frac: 2.600

Sketch (22) (cm: eps0: 0.000625, del0: 0.05, min_mem: 16.9921875)
Par: 1, Rows: 3
0.000    0.400    0.000    0.000    0.000    0.000    0.000    0.000    0.000    0.000    0.700    0.000    0.300    0.000    0.000    
Total frac: 1.400

Sketch (23) (cm: eps0: 0.000625, del0: 0.05, min_mem: 16.9921875)
Par: 1, Rows: 3
0.000    0.700    0.000    0.000    0.000    0.000    0.600    0.000    0.000    0.000    0.000    0.200    0.800    0.000    0.000    
Total frac: 2.300

Sketch (24) (cm: eps0: 0.000625, del0: 0.05, min_mem: 16.9921875)
Par: 1, Rows: 3
0.000    0.000    0.000    1.000    0.000    0.000    0.000    0.000    0.000    0.000    0.000    0.900    0.000    0.325    0.575    
Total frac: 2.800

Sketch (25) (cm: eps0: 0.000625, del0: 0.05, min_mem: 16.9921875)
Par: 1, Rows: 3
0.000    0.000    0.000    0.000    0.000    0.000    0.000    0.000    0.900    0.000    0.000    0.000    0.000    0.000    0.000    
Total frac: 0.900

Sketch (26) (cm: eps0: 0.000625, del0: 0.05, min_mem: 16.9921875)
Par: 1, Rows: 3
0.000    0.000    0.000    0.000    0.000    0.000    0.000    0.000    0.000    1.000    0.000    0.000    0.000    0.000    0.000    
Total frac: 1.000

Sketch (27) (cm: eps0: 0.000625, del0: 0.05, min_mem: 16.9921875)
Par: 1, Rows: 3
0.000    0.000    0.000    0.000    0.000    0.200    0.000    0.000    0.000    0.700    0.600    0.000    0.000    0.100    0.000    
Total frac: 1.600

Sketch (28) (cm: eps0: 0.000625, del0: 0.05, min_mem: 16.9921875)
Par: 1, Rows: 3
0.000    0.000    0.000    0.000    0.132    0.000    0.163    0.837    0.900    0.000    0.768    0.000    0.000    0.000    0.000    
Total frac: 2.800

Sketch (29) (cm: eps0: 0.000625, del0: 0.05, min_mem: 16.9921875)
Par: 1, Rows: 3
0.000    0.000    0.000    0.663    0.132    0.000    0.000    0.000    0.000    0.337    0.768    0.900    0.000    0.000    0.000    
Total frac: 2.800

Sketch (30) (cm: eps0: 0.000625, del0: 0.05, min_mem: 16.9921875)
Par: 1, Rows: 3
0.000    0.000    0.000    0.000    0.000    0.000    0.000    0.000    0.000    0.000    0.100    0.000    0.000    0.900    0.000    
Total frac: 1.000

Sketch (31) (cm: eps0: 0.000625, del0: 0.05, min_mem: 16.9921875)
Par: 1, Rows: 3
0.000    0.000    0.000    0.000    0.000    0.000    0.000    0.000    0.100    0.000    0.800    0.000    0.600    0.200    0.100    
Total frac: 1.800

Sketch (32) (cm: eps0: 0.000625, del0: 0.05, min_mem: 16.9921875)
Par: 1, Rows: 3
0.000    0.000    0.000    0.000    0.000    0.000    0.000    0.000    0.000    0.900    0.000    0.000    0.100    0.900    0.000    
Total frac: 1.900

Sketch (33) (cm: eps0: 0.000625, del0: 0.05, min_mem: 16.9921875)
Par: 1, Rows: 3
0.000    0.000    0.000    0.000    0.000    0.000    0.000    0.000    0.000    0.000    0.000    1.000    0.000    0.000    0.800    
Total frac: 1.800

Sketch (34) (cm: eps0: 0.000625, del0: 0.05, min_mem: 16.9921875)
Par: 1, Rows: 3
0.000    0.000    0.000    0.000    0.000    0.638    0.000    0.000    0.000    0.700    0.062    0.000    0.000    0.300    0.000    
Total frac: 1.700

Sketch (35) (cm: eps0: 0.000625, del0: 0.05, min_mem: 16.9921875)
Par: 1, Rows: 3
0.000    0.000    0.000    0.000    0.000    0.000    1.000    0.000    0.000    0.000    0.000    0.000    0.302    0.000    0.598    
Total frac: 1.900

Sketch (36) (cm: eps0: 0.000625, del0: 0.05, min_mem: 16.9921875)
Par: 1, Rows: 3
0.000    0.000    0.000    0.000    0.000    0.000    0.000    0.000    0.000    0.200    0.000    0.000    0.700    0.000    0.100    
Total frac: 1.000

Sketch (37) (cm: eps0: 0.000625, del0: 0.05, min_mem: 16.9921875)
Par: 1, Rows: 3
0.200    0.363    0.000    0.000    0.000    0.000    0.000    0.000    0.337    0.000    1.000    0.000    0.000    0.000    0.000    
Total frac: 1.900

Sketch (38) (cm: eps0: 0.000625, del0: 0.05, min_mem: 16.9921875)
Par: 1, Rows: 3
0.000    0.000    0.000    0.000    0.000    0.000    0.000    0.000    0.800    1.000    0.000    0.000    0.000    0.000    0.000    
Total frac: 1.800

Sketch (39) (cm: eps0: 0.000625, del0: 0.05, min_mem: 16.9921875)
Par: 1, Rows: 3
0.000    0.000    0.000    0.000    0.000    0.126    0.000    0.000    0.800    0.000    0.000    0.700    0.000    0.000    0.774    
Total frac: 2.400

Sketch (40) (cm: eps0: 0.000625, del0: 0.05, min_mem: 16.9921875)
Par: 1, Rows: 3
0.000    0.000    1.000    0.000    0.000    0.000    0.000    0.000    0.000    0.000    0.000    0.000    0.000    0.000    0.000    
Total frac: 1.000

Sketch (41) (cm: eps0: 0.000625, del0: 0.05, min_mem: 16.9921875)
Par: 1, Rows: 3
0.000    0.000    0.000    0.000    0.000    0.000    0.000    0.000    0.000    0.000    0.000    1.000    0.000    0.000    0.000    
Total frac: 1.000

Sketch (42) (cm: eps0: 0.000625, del0: 0.05, min_mem: 16.9921875)
Par: 1, Rows: 3
0.000    0.000    0.000    0.000    0.000    0.000    0.000    0.000    0.000    0.000    0.000    0.000    0.000    0.800    0.000    
Total frac: 0.800

Sketch (43) (cm: eps0: 0.000625, del0: 0.05, min_mem: 16.9921875)
Par: 1, Rows: 3
0.000    0.000    0.000    0.000    0.000    0.000    0.000    0.000    0.000    0.000    0.000    0.000    0.700    0.000    0.300    
Total frac: 1.000

Sketch (44) (cm: eps0: 0.000625, del0: 0.05, min_mem: 16.9921875)
Par: 1, Rows: 3
0.000    0.000    0.000    0.000    0.000    0.000    0.000    0.000    0.000    0.000    0.900    0.000    0.900    0.000    0.000    
Total frac: 1.800

Sketch (45) (cm: eps0: 0.000625, del0: 0.05, min_mem: 16.9921875)
Par: 1, Rows: 3
0.000    0.000    0.000    0.000    0.000    0.000    0.000    0.000    0.900    0.000    0.800    0.000    0.000    0.000    0.000    
Total frac: 1.700

Sketch (46) (cm: eps0: 0.000625, del0: 0.05, min_mem: 16.9921875)
Par: 1, Rows: 3
0.000    0.000    0.000    0.000    0.200    0.000    0.000    0.000    0.000    0.000    0.000    0.200    0.000    0.500    0.000    
Total frac: 0.900

Sketch (47) (cm: eps0: 0.000625, del0: 0.05, min_mem: 16.9921875)
Par: 1, Rows: 3
0.000    0.000    0.515    0.000    0.000    0.000    0.000    0.000    0.000    0.285    0.100    0.000    0.100    0.600    0.000    
Total frac: 1.600

Sketch (48) (cm: eps0: 0.000625, del0: 0.05, min_mem: 16.9921875)
Par: 1, Rows: 3
0.000    -0.000    0.000    0.000    0.000    0.100    0.000    0.000    0.000    0.000    0.000    0.000    0.000    0.000    0.700    
Total frac: 0.800

Sketch (49) (cm: eps0: 0.000625, del0: 0.05, min_mem: 16.9921875)
Par: 1, Rows: 3
0.000    0.000    0.000    0.000    0.000    0.000    0.000    0.000    0.774    0.126    0.000    0.226    0.000    0.774    0.000    
Total frac: 1.900

Sketch (50) (cm: eps0: 0.000625, del0: 0.05, min_mem: 16.9921875)
Par: 1, Rows: 3
0.000    0.000    0.000    0.000    0.000    0.000    0.000    0.000    0.000    0.900    0.000    0.900    0.000    0.000    0.000    
Total frac: 1.800

Sketch (51) (cm: eps0: 0.000625, del0: 0.05, min_mem: 16.9921875)
Par: 1, Rows: 3
0.000    0.000    0.548    0.000    0.000    0.000    0.000    0.000    0.252    0.352    0.000    0.900    0.097    0.000    0.552    
Total frac: 2.700

Sketch (52) (cm: eps0: 0.000625, del0: 0.05, min_mem: 16.9921875)
Par: 1, Rows: 3
0.000    0.000    0.000    0.000    0.000    0.000    0.000    0.000    0.000    0.900    0.000    0.000    0.000    0.000    1.000    
Total frac: 1.900

Sketch (53) (cm: eps0: 0.000625, del0: 0.05, min_mem: 16.9921875)
Par: 1, Rows: 3
0.000    0.000    0.000    0.000    0.000    0.000    0.000    0.000    1.000    0.000    0.000    1.000    0.000    0.000    0.000    
Total frac: 2.000

Sketch (54) (cm: eps0: 0.000625, del0: 0.05, min_mem: 16.9921875)
Par: 1, Rows: 3
0.000    0.000    0.000    0.000    0.000    0.000    -0.000    0.000    0.000    0.200    0.000    0.000    0.000    0.800    0.000    
Total frac: 1.000

Sketch (55) (cm: eps0: 0.000625, del0: 0.05, min_mem: 16.9921875)
Par: 1, Rows: 3
0.000    0.000    0.000    0.000    0.000    0.000    0.000    0.000    0.000    0.000    0.000    0.000    0.900    0.000    0.000    
Total frac: 0.900

Sketch (56) (cm: eps0: 0.000625, del0: 0.05, min_mem: 16.9921875)
Par: 1, Rows: 3
0.000    0.900    0.000    0.000    -0.000    0.000    0.000    0.000    0.000    0.000    0.000    0.000    0.000    0.000    1.000    
Total frac: 1.900

Sketch (57) (cm: eps0: 0.000625, del0: 0.05, min_mem: 16.9921875)
Par: 1, Rows: 3
0.000    0.000    0.000    0.000    0.300    0.000    0.000    0.000    0.000    0.000    0.000    0.000    0.000    0.700    0.000    
Total frac: 1.000

Sketch (58) (cm: eps0: 0.000625, del0: 0.05, min_mem: 16.9921875)
Par: 1, Rows: 3
0.000    0.000    0.000    0.000    0.000    0.000    0.000    -0.000    0.000    0.000    0.000    0.000    0.100    0.800    0.000    
Total frac: 0.900

Sketch (59) (cm: eps0: 0.000625, del0: 0.05, min_mem: 16.9921875)
Par: 1, Rows: 3
0.000    0.000    0.000    0.000    0.000    0.000    0.000    0.000    0.000    0.800    0.000    0.000    0.000    0.900    0.000    
Total frac: 1.700

Sketch (60) (cm: eps0: 0.000625, del0: 0.05, min_mem: 16.9921875)
Par: 1, Rows: 3
0.000    0.000    -0.000    0.000    0.000    0.000    0.000    0.000    0.000    0.500    0.500    0.500    0.400    0.000    0.000    
Total frac: 1.900

Sketch (61) (cm: eps0: 0.000625, del0: 0.05, min_mem: 16.9921875)
Par: 1, Rows: 3
-0.000    0.000    0.000    0.000    0.000    0.000    0.000    0.000    0.000    0.800    0.100    0.900    0.000    0.000    0.000    
Total frac: 1.800

Sketch (62) (cm: eps0: 0.000625, del0: 0.05, min_mem: 16.9921875)
Par: 1, Rows: 3
0.000    0.000    0.000    0.000    0.000    -0.000    0.000    0.000    0.700    0.000    0.000    0.000    0.000    0.000    0.300    
Total frac: 1.000

Sketch (63) (cm: eps0: 0.000625, del0: 0.05, min_mem: 16.9921875)
Par: 1, Rows: 3
0.763    0.000    0.000    0.000    0.900    0.000    0.000    0.000    0.237    0.000    0.000    0.000    0.000    0.000    0.000    
Total frac: 1.900

Device (0) cpu1:
Rows total: 8.290139334712643
Mem total: 140.8676019765625

Device (1) cpu2:
Rows total: 8.290139334712643
Mem total: 140.8676019765625

Device (2) cpu3:
Rows total: 8.290139334712643
Mem total: 140.8676019765625

Device (3) cpu4:
Rows total: 8.290139334712643
Mem total: 140.8676019765625

Device (4) cpu5:
Rows total: 8.290139334712643
Mem total: 140.8676019765625

Device (5) cpu6:
Rows total: 8.290139334712643
Mem total: 140.8676019765625

Device (6) cpu7:
Rows total: 8.290139334712643
Mem total: 140.8676019765625

Device (7) cpu8:
Rows total: 8.290139334712643
Mem total: 140.8676019765625

Device (8) tor_p41:
Rows total: 33.89698361747126
Mem total: 575.9839013124999

Device (9) tor_p42:
Rows total: 33.89698361747126
Mem total: 575.9839013124999

Device (10) tor_p43:
Rows total: 33.89698361747126
Mem total: 575.9839013124999

Device (11) tor_p44:
Rows total: 33.89698361747126
Mem total: 575.9839013124999

Device (12) l1_p41:
Rows total: 33.89698361747126
Mem total: 575.9839013124999

Device (13) l1_p42:
Rows total: 33.89698361747126
Mem total: 575.9839013124999

Device (14) l2_p4:
Rows total: 33.89698361747126
Mem total: 575.9839013124999
--------------------------------------------------
Changed value of parameter NonConvex to 2
   Prev: -1  Min: -1  Max: 2  Default: -1
Changed value of parameter NonConvex to 2
   Prev: -1  Min: -1  Max: 2  Default: -1
Changed value of parameter NonConvex to 2
   Prev: -1  Min: -1  Max: 2  Default: -1
Changed value of parameter NonConvex to 2
   Prev: -1  Min: -1  Max: 2  Default: -1
Changed value of parameter NonConvex to 2
   Prev: -1  Min: -1  Max: 2  Default: -1
Changed value of parameter NonConvex to 2
   Prev: -1  Min: -1  Max: 2  Default: -1
Changed value of parameter NonConvex to 2
   Prev: -1  Min: -1  Max: 2  Default: -1
Changed value of parameter NonConvex to 2
   Prev: -1  Min: -1  Max: 2  Default: -1

Throughput: 80.00000000000043 Mpps, ns per packet: 12.499999999999932
Resources: 703.4549396228731
Used Cores: 56.000000000000405, Total CPUS: 8, Switch Memory: 4031.8873091875003

Sketch (0) (cm: eps0: 0.000625, del0: 0.05, min_mem: 16.9921875)
Par: 1, Rows: 3
0.000    0.000    0.000    0.000    0.000    0.000    0.000    0.000    0.000    0.000    0.000    0.000    1.000    0.000    0.000    
Total frac: 1.000

Sketch (1) (cm: eps0: 0.000625, del0: 0.05, min_mem: 16.9921875)
Par: 1, Rows: 3
1.000    0.000    0.000    0.000    0.000    0.000    0.000    0.000    0.000    0.000    0.000    0.000    0.000    0.000    0.800    
Total frac: 1.800

Sketch (2) (cm: eps0: 0.000625, del0: 0.05, min_mem: 16.9921875)
Par: 1, Rows: 3
0.000    0.000    0.000    0.000    0.000    0.000    0.000    0.000    1.000    0.000    0.000    0.900    0.000    0.000    0.000    
Total frac: 1.900

Sketch (3) (cm: eps0: 0.000625, del0: 0.05, min_mem: 16.9921875)
Par: 1, Rows: 3
0.000    0.000    0.000    0.000    0.000    0.100    0.000    0.000    0.000    0.000    0.100    0.000    0.000    0.500    0.300    
Total frac: 1.000

Sketch (4) (cm: eps0: 0.000625, del0: 0.05, min_mem: 16.9921875)
Par: 1, Rows: 3
0.000    0.000    0.000    0.000    0.000    0.000    0.000    0.000    0.000    0.000    1.000    0.000    0.000    0.000    0.000    
Total frac: 1.000

Sketch (5) (cm: eps0: 0.000625, del0: 0.05, min_mem: 16.9921875)
Par: 1, Rows: 3
0.000    0.000    0.000    0.000    0.000    0.000    0.000    0.000    0.900    0.000    0.900    0.000    0.000    0.000    0.000    
Total frac: 1.800

Sketch (6) (cm: eps0: 0.000625, del0: 0.05, min_mem: 16.9921875)
Par: 1, Rows: 3
0.000    0.000    0.000    0.000    0.000    0.000    0.000    0.927    0.000    0.000    0.000    0.073    0.000    0.000    1.000    
Total frac: 2.000

Sketch (7) (cm: eps0: 0.000625, del0: 0.05, min_mem: 16.9921875)
Par: 1, Rows: 3
0.000    0.000    0.000    0.000    0.000    0.000    0.000    0.000    0.000    0.000    0.000    0.000    0.000    0.000    1.000    
Total frac: 1.000

Sketch (8) (cm: eps0: 0.000625, del0: 0.05, min_mem: 16.9921875)
Par: 1, Rows: 3
0.000    0.000    0.000    0.000    0.000    0.000    0.000    0.000    0.800    0.100    0.700    0.000    0.000    0.000    0.000    
Total frac: 1.600

Sketch (9) (cm: eps0: 0.000625, del0: 0.05, min_mem: 16.9921875)
Par: 1, Rows: 3
0.000    0.000    0.000    0.000    0.000    0.000    0.000    0.000    0.000    0.000    0.000    0.000    0.900    0.000    0.100    
Total frac: 1.000

Sketch (10) (cm: eps0: 0.000625, del0: 0.05, min_mem: 16.9921875)
Par: 1, Rows: 3
0.000    0.000    0.000    0.000    0.000    0.000    0.000    0.000    0.000    0.700    0.000    1.000    0.000    0.000    0.000    
Total frac: 1.700

Sketch (11) (cm: eps0: 0.000625, del0: 0.05, min_mem: 16.9921875)
Par: 1, Rows: 3
0.000    0.000    0.700    0.000    0.100    0.200    0.000    0.000    0.000    0.000    0.500    0.000    0.000    0.300    0.000    
Total frac: 1.800

Sketch (12) (cm: eps0: 0.000625, del0: 0.05, min_mem: 16.9921875)
Par: 1, Rows: 3
0.000    0.000    0.000    0.000    0.000    0.000    0.000    0.000    0.000    0.000    0.000    0.000    1.000    0.000    0.000    
Total frac: 1.000

Sketch (13) (cm: eps0: 0.000625, del0: 0.05, min_mem: 16.9921875)
Par: 1, Rows: 3
0.000    0.200    0.000    0.000    0.000    0.000    0.000    1.000    0.800    0.000    0.000    0.000    0.000    0.000    0.000    
Total frac: 2.000

Sketch (14) (cm: eps0: 0.000625, del0: 0.05, min_mem: 16.9921875)
Par: 1, Rows: 3
0.000    0.000    0.000    0.000    0.000    0.000    1.000    0.000    0.000    0.000    0.000    0.000    0.900    0.000    0.000    
Total frac: 1.900

Sketch (15) (cm: eps0: 0.000625, del0: 0.05, min_mem: 16.9921875)
Par: 1, Rows: 3
0.000    0.000    0.000    0.200    0.000    0.000    0.000    0.000    0.000    0.000    0.000    0.000    0.800    0.000    0.000    
Total frac: 1.000

Sketch (16) (cm: eps0: 0.000625, del0: 0.05, min_mem: 16.9921875)
Par: 1, Rows: 3
0.000    0.000    0.000    0.000    1.000    0.000    0.000    0.000    0.100    0.000    0.000    0.000    0.700    0.000    0.200    
Total frac: 2.000

Sketch (17) (cm: eps0: 0.000625, del0: 0.05, min_mem: 16.9921875)
Par: 1, Rows: 3
0.000    0.000    0.000    0.000    0.000    0.900    0.000    0.000    0.000    0.000    0.000    0.000    0.000    0.700    0.300    
Total frac: 1.900

Sketch (18) (cm: eps0: 0.000625, del0: 0.05, min_mem: 16.9921875)
Par: 1, Rows: 3
0.000    0.200    0.000    0.000    0.000    0.000    0.000    0.000    0.000    0.800    0.000    0.000    0.000    0.000    0.000    
Total frac: 1.000

Sketch (19) (cm: eps0: 0.000625, del0: 0.05, min_mem: 16.9921875)
Par: 1, Rows: 3
0.000    0.000    0.000    0.000    0.000    0.500    0.000    0.000    0.000    0.000    0.200    0.000    0.000    0.300    0.500    
Total frac: 1.500

Sketch (20) (cm: eps0: 0.000625, del0: 0.05, min_mem: 16.9921875)
Par: 1, Rows: 3
0.000    0.000    0.000    0.000    0.000    0.000    0.000    0.000    0.000    0.000    0.700    0.000    0.000    0.000    0.300    
Total frac: 1.000

Sketch (21) (cm: eps0: 0.000625, del0: 0.05, min_mem: 16.9921875)
Par: 1, Rows: 3
0.800    0.000    0.000    0.900    0.000    0.000    0.000    0.000    0.000    0.000    0.000    0.000    0.000    0.900    0.000    
Total frac: 2.600

Sketch (22) (cm: eps0: 0.000625, del0: 0.05, min_mem: 16.9921875)
Par: 1, Rows: 3
0.000    0.400    0.000    0.000    0.000    0.000    0.000    0.000    0.000    0.000    0.700    0.000    0.300    0.000    0.000    
Total frac: 1.400

Sketch (23) (cm: eps0: 0.000625, del0: 0.05, min_mem: 16.9921875)
Par: 1, Rows: 3
0.000    0.700    0.000    0.000    0.000    0.000    0.600    0.000    0.000    0.000    0.000    0.200    0.800    0.000    0.000    
Total frac: 2.300

Sketch (24) (cm: eps0: 0.000625, del0: 0.05, min_mem: 16.9921875)
Par: 1, Rows: 3
0.000    0.000    0.000    1.000    0.000    0.000    0.000    0.000    0.000    0.000    0.000    0.900    0.000    0.325    0.575    
Total frac: 2.800

Sketch (25) (cm: eps0: 0.000625, del0: 0.05, min_mem: 16.9921875)
Par: 1, Rows: 3
0.000    0.000    0.000    0.000    0.000    0.000    0.000    0.000    0.900    0.000    0.000    0.000    0.000    0.000    0.000    
Total frac: 0.900

Sketch (26) (cm: eps0: 0.000625, del0: 0.05, min_mem: 16.9921875)
Par: 1, Rows: 3
0.000    0.000    0.000    0.000    0.000    0.000    0.000    0.000    0.000    1.000    0.000    0.000    0.000    0.000    0.000    
Total frac: 1.000

Sketch (27) (cm: eps0: 0.000625, del0: 0.05, min_mem: 16.9921875)
Par: 1, Rows: 3
0.000    0.000    0.000    0.000    0.000    0.200    0.000    0.000    0.000    0.700    0.600    0.000    0.000    0.100    0.000    
Total frac: 1.600

Sketch (28) (cm: eps0: 0.000625, del0: 0.05, min_mem: 16.9921875)
Par: 1, Rows: 3
0.000    0.000    0.000    0.000    0.132    0.000    0.163    0.837    0.900    0.000    0.768    0.000    0.000    0.000    0.000    
Total frac: 2.800

Sketch (29) (cm: eps0: 0.000625, del0: 0.05, min_mem: 16.9921875)
Par: 1, Rows: 3
0.000    0.000    0.000    0.663    0.132    0.000    0.000    0.000    0.000    0.337    0.768    0.900    0.000    0.000    0.000    
Total frac: 2.800

Sketch (30) (cm: eps0: 0.000625, del0: 0.05, min_mem: 16.9921875)
Par: 1, Rows: 3
0.000    0.000    0.000    0.000    0.000    0.000    0.000    0.000    0.000    0.000    0.100    0.000    0.000    0.900    0.000    
Total frac: 1.000

Sketch (31) (cm: eps0: 0.000625, del0: 0.05, min_mem: 16.9921875)
Par: 1, Rows: 3
0.000    0.000    0.000    0.000    0.000    0.000    0.000    0.000    0.100    0.000    0.800    0.000    0.600    0.200    0.100    
Total frac: 1.800

Sketch (32) (cm: eps0: 0.000625, del0: 0.05, min_mem: 16.9921875)
Par: 1, Rows: 3
0.000    0.000    0.000    0.000    0.000    0.000    0.000    0.000    0.000    0.900    0.000    0.000    0.100    0.900    0.000    
Total frac: 1.900

Sketch (33) (cm: eps0: 0.000625, del0: 0.05, min_mem: 16.9921875)
Par: 1, Rows: 3
0.000    0.000    0.000    0.000    0.000    0.000    0.000    0.000    0.000    0.000    0.000    1.000    0.000    0.000    0.800    
Total frac: 1.800

Sketch (34) (cm: eps0: 0.000625, del0: 0.05, min_mem: 16.9921875)
Par: 1, Rows: 3
0.000    0.000    0.000    0.000    0.000    0.638    0.000    0.000    0.000    0.700    0.062    0.000    0.000    0.300    0.000    
Total frac: 1.700

Sketch (35) (cm: eps0: 0.000625, del0: 0.05, min_mem: 16.9921875)
Par: 1, Rows: 3
0.000    0.000    0.000    0.000    0.000    0.000    1.000    0.000    0.000    0.000    0.000    0.000    0.302    0.000    0.598    
Total frac: 1.900

Sketch (36) (cm: eps0: 0.000625, del0: 0.05, min_mem: 16.9921875)
Par: 1, Rows: 3
0.000    0.000    0.000    0.000    0.000    0.000    0.000    0.000    0.000    0.200    0.000    0.000    0.700    0.000    0.100    
Total frac: 1.000

Sketch (37) (cm: eps0: 0.000625, del0: 0.05, min_mem: 16.9921875)
Par: 1, Rows: 3
0.200    0.363    0.000    0.000    0.000    0.000    0.000    0.000    0.337    0.000    1.000    0.000    0.000    0.000    0.000    
Total frac: 1.900

Sketch (38) (cm: eps0: 0.000625, del0: 0.05, min_mem: 16.9921875)
Par: 1, Rows: 3
0.000    0.000    0.000    0.000    0.000    0.000    0.000    0.000    0.800    1.000    0.000    0.000    0.000    0.000    0.000    
Total frac: 1.800

Sketch (39) (cm: eps0: 0.000625, del0: 0.05, min_mem: 16.9921875)
Par: 1, Rows: 3
0.000    0.000    0.000    0.000    0.000    0.126    0.000    0.000    0.800    0.000    0.000    0.700    0.000    0.000    0.774    
Total frac: 2.400

Sketch (40) (cm: eps0: 0.000625, del0: 0.05, min_mem: 16.9921875)
Par: 1, Rows: 3
0.000    0.000    1.000    0.000    0.000    0.000    0.000    0.000    0.000    0.000    0.000    0.000    0.000    0.000    0.000    
Total frac: 1.000

Sketch (41) (cm: eps0: 0.000625, del0: 0.05, min_mem: 16.9921875)
Par: 1, Rows: 3
0.000    0.000    0.000    0.000    0.000    0.000    0.000    0.000    0.000    0.000    0.000    1.000    0.000    0.000    0.000    
Total frac: 1.000

Sketch (42) (cm: eps0: 0.000625, del0: 0.05, min_mem: 16.9921875)
Par: 1, Rows: 3
0.000    0.000    0.000    0.000    0.000    0.000    0.000    0.000    0.000    0.000    0.000    0.000    0.000    0.800    0.000    
Total frac: 0.800

Sketch (43) (cm: eps0: 0.000625, del0: 0.05, min_mem: 16.9921875)
Par: 1, Rows: 3
0.000    0.000    0.000    0.000    0.000    0.000    0.000    0.000    0.000    0.000    0.000    0.000    0.700    0.000    0.300    
Total frac: 1.000

Sketch (44) (cm: eps0: 0.000625, del0: 0.05, min_mem: 16.9921875)
Par: 1, Rows: 3
0.000    0.000    0.000    0.000    0.000    0.000    0.000    0.000    0.000    0.000    0.900    0.000    0.900    0.000    0.000    
Total frac: 1.800

Sketch (45) (cm: eps0: 0.000625, del0: 0.05, min_mem: 16.9921875)
Par: 1, Rows: 3
0.000    0.000    0.000    0.000    0.000    0.000    0.000    0.000    0.900    0.000    0.800    0.000    0.000    0.000    0.000    
Total frac: 1.700

Sketch (46) (cm: eps0: 0.000625, del0: 0.05, min_mem: 16.9921875)
Par: 1, Rows: 3
0.000    0.000    0.000    0.000    0.200    0.000    0.000    0.000    0.000    0.000    0.000    0.200    0.000    0.500    0.000    
Total frac: 0.900

Sketch (47) (cm: eps0: 0.000625, del0: 0.05, min_mem: 16.9921875)
Par: 1, Rows: 3
0.000    0.000    0.515    0.000    0.000    0.000    0.000    0.000    0.000    0.285    0.100    0.000    0.100    0.600    0.000    
Total frac: 1.600

Sketch (48) (cm: eps0: 0.000625, del0: 0.05, min_mem: 16.9921875)
Par: 1, Rows: 3
0.000    -0.000    0.000    0.000    0.000    0.100    0.000    0.000    0.000    0.000    0.000    0.000    0.000    0.000    0.700    
Total frac: 0.800

Sketch (49) (cm: eps0: 0.000625, del0: 0.05, min_mem: 16.9921875)
Par: 1, Rows: 3
0.000    0.000    0.000    0.000    0.000    0.000    0.000    0.000    0.774    0.126    0.000    0.226    0.000    0.774    0.000    
Total frac: 1.900

Sketch (50) (cm: eps0: 0.000625, del0: 0.05, min_mem: 16.9921875)
Par: 1, Rows: 3
0.000    0.000    0.000    0.000    0.000    0.000    0.000    0.000    0.000    0.900    0.000    0.900    0.000    0.000    0.000    
Total frac: 1.800

Sketch (51) (cm: eps0: 0.000625, del0: 0.05, min_mem: 16.9921875)
Par: 1, Rows: 3
0.000    0.000    0.548    0.000    0.000    0.000    0.000    0.000    0.252    0.352    0.000    0.900    0.097    0.000    0.552    
Total frac: 2.700

Sketch (52) (cm: eps0: 0.000625, del0: 0.05, min_mem: 16.9921875)
Par: 1, Rows: 3
0.000    0.000    0.000    0.000    0.000    0.000    0.000    0.000    0.000    0.900    0.000    0.000    0.000    0.000    1.000    
Total frac: 1.900

Sketch (53) (cm: eps0: 0.000625, del0: 0.05, min_mem: 16.9921875)
Par: 1, Rows: 3
0.000    0.000    0.000    0.000    0.000    0.000    0.000    0.000    1.000    0.000    0.000    1.000    0.000    0.000    0.000    
Total frac: 2.000

Sketch (54) (cm: eps0: 0.000625, del0: 0.05, min_mem: 16.9921875)
Par: 1, Rows: 3
0.000    0.000    0.000    0.000    0.000    0.000    -0.000    0.000    0.000    0.200    0.000    0.000    0.000    0.800    0.000    
Total frac: 1.000

Sketch (55) (cm: eps0: 0.000625, del0: 0.05, min_mem: 16.9921875)
Par: 1, Rows: 3
0.000    0.000    0.000    0.000    0.000    0.000    0.000    0.000    0.000    0.000    0.000    0.000    0.900    0.000    0.000    
Total frac: 0.900

Sketch (56) (cm: eps0: 0.000625, del0: 0.05, min_mem: 16.9921875)
Par: 1, Rows: 3
0.000    0.900    0.000    0.000    -0.000    0.000    0.000    0.000    0.000    0.000    0.000    0.000    0.000    0.000    1.000    
Total frac: 1.900

Sketch (57) (cm: eps0: 0.000625, del0: 0.05, min_mem: 16.9921875)
Par: 1, Rows: 3
0.000    0.000    0.000    0.000    0.300    0.000    0.000    0.000    0.000    0.000    0.000    0.000    0.000    0.700    0.000    
Total frac: 1.000

Sketch (58) (cm: eps0: 0.000625, del0: 0.05, min_mem: 16.9921875)
Par: 1, Rows: 3
0.000    0.000    0.000    0.000    0.000    0.000    0.000    -0.000    0.000    0.000    0.000    0.000    0.100    0.800    0.000    
Total frac: 0.900

Sketch (59) (cm: eps0: 0.000625, del0: 0.05, min_mem: 16.9921875)
Par: 1, Rows: 3
0.000    0.000    0.000    0.000    0.000    0.000    0.000    0.000    0.000    0.800    0.000    0.000    0.000    0.900    0.000    
Total frac: 1.700

Sketch (60) (cm: eps0: 0.000625, del0: 0.05, min_mem: 16.9921875)
Par: 1, Rows: 3
0.000    0.000    -0.000    0.000    0.000    0.000    0.000    0.000    0.000    0.500    0.500    0.500    0.400    0.000    0.000    
Total frac: 1.900

Sketch (61) (cm: eps0: 0.000625, del0: 0.05, min_mem: 16.9921875)
Par: 1, Rows: 3
-0.000    0.000    0.000    0.000    0.000    0.000    0.000    0.000    0.000    0.800    0.100    0.900    0.000    0.000    0.000    
Total frac: 1.800

Sketch (62) (cm: eps0: 0.000625, del0: 0.05, min_mem: 16.9921875)
Par: 1, Rows: 3
0.000    0.000    0.000    0.000    0.000    -0.000    0.000    0.000    0.700    0.000    0.000    0.000    0.000    0.000    0.300    
Total frac: 1.000

Sketch (63) (cm: eps0: 0.000625, del0: 0.05, min_mem: 16.9921875)
Par: 1, Rows: 3
0.763    0.000    0.000    0.000    0.900    0.000    0.000    0.000    0.237    0.000    0.000    0.000    0.000    0.000    0.000    
Total frac: 1.900

Device (0) cpu1:
cores_sketch: 3.0000000000000004, cores_dpdk: 4.000000000000051
Rows total: 8.290139334712643
Mem total: 140.8676019765625
Throughput: 80.00000000000043

Device (1) cpu2:
cores_sketch: 3.0000000000000004, cores_dpdk: 4.000000000000051
Rows total: 8.290139334712643
Mem total: 140.8676019765625
Throughput: 80.00000000000043

Device (2) cpu3:
cores_sketch: 3.0000000000000004, cores_dpdk: 4.000000000000051
Rows total: 8.290139334712643
Mem total: 140.8676019765625
Throughput: 80.00000000000043

Device (3) cpu4:
cores_sketch: 3.0000000000000004, cores_dpdk: 4.000000000000051
Rows total: 8.290139334712643
Mem total: 140.8676019765625
Throughput: 80.00000000000043

Device (4) cpu5:
cores_sketch: 3.0000000000000004, cores_dpdk: 4.000000000000051
Rows total: 8.290139334712643
Mem total: 140.8676019765625
Throughput: 80.00000000000043

Device (5) cpu6:
cores_sketch: 3.0000000000000004, cores_dpdk: 4.000000000000051
Rows total: 8.290139334712643
Mem total: 140.8676019765625
Throughput: 80.00000000000043

Device (6) cpu7:
cores_sketch: 3.0000000000000004, cores_dpdk: 4.000000000000051
Rows total: 8.290139334712643
Mem total: 140.8676019765625
Throughput: 80.00000000000043

Device (7) cpu8:
cores_sketch: 3.0000000000000004, cores_dpdk: 4.000000000000051
Rows total: 8.290139334712643
Mem total: 140.8676019765625
Throughput: 80.00000000000043

Device (8) tor_p41:
Rows total: 33.89698361747126
Mem total: 575.9839013124999
Throughput: 148.0

Device (9) tor_p42:
Rows total: 33.89698361747126
Mem total: 575.9839013124999
Throughput: 148.0

Device (10) tor_p43:
Rows total: 33.89698361747126
Mem total: 575.9839013124999
Throughput: 148.0

Device (11) tor_p44:
Rows total: 33.89698361747126
Mem total: 575.9839013124999
Throughput: 148.0

Device (12) l1_p41:
Rows total: 33.89698361747126
Mem total: 575.9839013124999
Throughput: 148.0

Device (13) l1_p42:
Rows total: 33.89698361747126
Mem total: 575.9839013124999
Throughput: 148.0

Device (14) l2_p4:
Rows total: 33.89698361747126
Mem total: 575.9839013124999
Throughput: 148.0
--------------------------------------------------
