Function: get_partitions took 2.765655517578125e-05 seconds
Function: map_flows_partitions took 1.2159347534179688e-05 seconds
Function: map_flows_to_cluster took 8.392333984375e-05 seconds
Building model with:
11 devices, 16 partitions and 32 flows
Function: MIP.add_frac_mem_var took 0.0006330013275146484 seconds
Function: MIP.add_coverage_constraints took 0.00036835670471191406 seconds
Function: MIP.add_accuracy_constraints took 0.0014023780822753906 seconds
Function: MIP.add_capacity_constraints took 0.0012905597686767578 seconds
--------------------------------------------------
Starting model update
Model update took: 0.00012946128845214844 s
--------------------------------------------------
Starting model optimize
Model optimize took: 0.010916471481323242 seconds
--------------------------------------------------

VARIABLES ------------------------------
Objective: 5.885645977011493e-07
frac[6,9] 0
frac[7,12] 0
frac[0,7] 0
frac[1,11] 0
frac[8,5] 1
frac[4,0] 0
frac[10,8] 0
frac[9,0] 0
frac[6,7] 0
frac[5,5] 0
frac[10,7] 0
frac[6,10] 0.8
frac[0,4] 0
frac[1,1] 0
frac[8,15] 0.4
frac[3,2] -1.11022e-16
frac[2,6] 0
frac[9,14] 0
frac[5,11] 0
frac[10,13] 0.65
frac[7,5] 0
frac[0,1] 0
frac[3,12] 0
frac[1,12] 0
frac[8,12] 0
frac[4,15] 0.6
frac[3,1] 0
frac[2,11] 0
frac[9,9] 0.2
frac[10,14] 0
frac[6,13] 0
frac[7,8] 0
frac[0,14] 0
frac[3,11] 0
frac[2,1] 0
frac[8,9] 0
frac[2,12] 0
frac[9,4] 0.7
frac[5,1] 0
frac[7,2] 1
frac[6,14] 0
frac[7,15] 0
frac[1,5] 0
frac[1,10] 0
frac[8,6] 0.25
frac[4,1] 0
frac[10,9] 0
frac[9,7] 0
frac[6,4] 0
frac[5,4] 0.2
frac[10,4] 0
frac[7,1] 0
frac[6,11] 0.1
frac[0,8] 0
frac[3,5] 0
frac[2,7] 0
frac[9,13] 0
frac[8,3] 0.9
frac[5,10] 0
frac[4,6] 0
frac[10,10] 0
frac[6,1] 0
frac[5,7] 0.8
frac[7,4] 1
frac[0,2] 0
frac[3,15] 0
frac[1,3] 0
frac[8,13] 0.25
frac[4,8] 0.7
frac[3,0] 9.80941e-08
frac[9,8] 0
frac[8,0] 0
frac[10,15] 0
frac[7,11] 0
frac[0,15] 0
frac[8,10] 0
frac[4,13] 0
frac[2,13] 0
frac[9,11] 0.9
frac[10,0] 0
frac[1,4] 0
frac[3,9] 0
frac[1,9] 0
frac[8,7] 0
frac[4,2] 0.8
frac[2,14] 0
frac[9,6] 0
frac[5,3] 0
frac[10,5] 0
frac[7,0] 0.8
frac[0,6] 0
frac[1,7] 0
frac[3,4] 1.11022e-16
frac[2,4] 9.80941e-08
frac[9,12] 1
frac[8,4] 0
frac[5,9] 0.5
frac[4,7] 0
frac[10,11] 0
frac[9,1] 0
frac[6,6] 0
frac[10,6] 0.65
frac[0,3] 0
frac[8,14] 0
frac[2,9] 0
frac[9,15] 0
frac[8,1] 0
frac[5,12] 0
frac[4,4] 0
frac[10,12] 0
frac[0,0] 0
frac[8,11] 0
frac[4,14] 0.7
frac[2,10] 0
frac[9,10] 0
frac[10,1] 0.9
frac[6,12] 0
frac[7,9] 0
frac[0,13] 0
frac[3,8] 0
frac[8,8] 0
frac[4,3] 0
frac[9,5] 0
mem[6,9] 0
mem[7,12] 0
mem[0,7] 0
mem[1,11] 0
mem[8,5] 5.09766
mem[4,0] 0
mem[10,8] 0
mem[9,0] 0
mem[6,7] 0
mem[5,5] 0
mem[10,7] 0
mem[6,10] 4.07812
mem[0,4] 0
mem[1,1] 0
mem[8,15] 2.03906
mem[3,2] -5.65954e-16
mem[2,6] 0
mem[9,14] 0
mem[5,11] 0
mem[10,13] 3.31348
mem[7,5] 0
mem[0,1] 0
mem[3,12] 0
mem[1,12] 0
mem[8,12] 0
mem[4,15] 3.05859
mem[3,1] 0
mem[2,11] 0
mem[9,9] 1.01953
mem[10,14] 0
mem[6,13] 0
mem[7,8] 0
mem[0,14] 0
mem[3,11] 0
mem[2,1] 0
mem[8,9] 0
mem[2,12] 0
mem[9,4] 3.56836
mem[5,1] 0
mem[7,2] 5.09766
mem[6,14] 0
mem[7,15] 0
mem[1,5] 0
mem[1,10] 0
mem[8,6] 1.27441
mem[4,1] 0
mem[10,9] 0
mem[9,7] 0
mem[6,4] 0
mem[5,4] 1.01953
mem[10,4] 0
mem[7,1] 0
mem[6,11] 0.509766
mem[0,8] 0
mem[3,5] 0
mem[2,7] 0
mem[9,13] 0
mem[8,3] 4.58789
mem[5,10] 0
mem[4,6] 0
mem[10,10] 0
mem[6,1] 0
mem[5,7] 4.07812
mem[7,4] 5.09766
mem[0,2] 0
mem[3,15] 0
mem[1,3] 0
mem[8,13] 1.27441
mem[4,8] 3.56836
mem[3,0] 5.0005e-07
mem[9,8] 0
mem[8,0] 0
mem[10,15] 0
mem[7,11] 0
mem[0,15] 0
mem[8,10] 0
mem[4,13] 0
mem[2,13] 0
mem[9,11] 4.58789
mem[10,0] 0
mem[1,4] 0
mem[3,9] 0
mem[1,9] 0
mem[8,7] 0
mem[4,2] 4.07812
mem[2,14] 0
mem[9,6] 0
mem[5,3] 0
mem[10,5] 0
mem[7,0] 4.07812
mem[0,6] 0
mem[1,7] 0
mem[3,4] 5.65954e-16
mem[2,4] 5.0005e-07
mem[9,12] 5.09766
mem[8,4] 0
mem[5,9] 2.54883
mem[4,7] 0
mem[10,11] 0
mem[9,1] 0
mem[6,6] 0
mem[10,6] 3.31348
mem[0,3] 0
mem[8,14] 0
mem[2,9] 0
mem[9,15] 0
mem[8,1] 0
mem[5,12] 0
mem[4,4] 0
mem[10,12] 0
mem[0,0] 0
mem[8,11] 0
mem[4,14] 3.56836
mem[2,10] 0
mem[9,10] 0
mem[10,1] 4.58789
mem[6,12] 0
mem[7,9] 0
mem[0,13] 0
mem[3,8] 0
mem[8,8] 0
mem[4,3] 0
mem[9,5] 0
mem_tot_{CPU1,CPU2,CPU3,CPU4,CPU5,CPU6,CPU7,CPU8} 0
normalized_mem_tot_{CPU1,CPU2,CPU3,CPU4,CPU5,CPU6,CPU7,CPU8} 0
rows_tot_{CPU1,CPU2,CPU3,CPU4,CPU5,CPU6,CPU7,CPU8} 0
normalized_rows_tot_{CPU1,CPU2,CPU3,CPU4,CPU5,CPU6,CPU7,CPU8} 0
mem_tot_{CPU9,CPU10,CPU11,CPU12,CPU13,CPU14,CPU15,CPU16} -6.74669e-23
normalized_mem_tot_{CPU9,CPU10,CPU11,CPU12,CPU13,CPU14,CPU15,CPU16} -2.57366e-28
rows_tot_{CPU9,CPU10,CPU11,CPU12,CPU13,CPU14,CPU15,CPU16} -3.97047e-23
normalized_rows_tot_{CPU9,CPU10,CPU11,CPU12,CPU13,CPU14,CPU15,CPU16} -4.1359e-25
mem_tot_{CPU17,CPU18,CPU19,CPU20,CPU21,CPU22,CPU23,CPU24} 5.0005e-07
normalized_mem_tot_{CPU17,CPU18,CPU19,CPU20,CPU21,CPU22,CPU23,CPU24} 1.90754e-12
rows_tot_{CPU17,CPU18,CPU19,CPU20,CPU21,CPU22,CPU23,CPU24} 2.94282e-07
normalized_rows_tot_{CPU17,CPU18,CPU19,CPU20,CPU21,CPU22,CPU23,CPU24} 3.06544e-09
mem_tot_{CPU25,CPU26,CPU27,CPU28,CPU29,CPU30,CPU31,CPU32} 5.0005e-07
normalized_mem_tot_{CPU25,CPU26,CPU27,CPU28,CPU29,CPU30,CPU31,CPU32} 1.90754e-12
rows_tot_{CPU25,CPU26,CPU27,CPU28,CPU29,CPU30,CPU31,CPU32} 2.94282e-07
normalized_rows_tot_{CPU25,CPU26,CPU27,CPU28,CPU29,CPU30,CPU31,CPU32} 3.06544e-09
mem_tot_tor_P41 14.2734
normalized_mem_tot_tor_P41 0.0247803
rows_tot_tor_P41 8.4
normalized_rows_tot_tor_P41 0.175
mem_tot_tor_P42 7.64648
normalized_mem_tot_tor_P42 0.0132751
rows_tot_tor_P42 4.5
normalized_rows_tot_tor_P42 0.09375
mem_tot_tor_P43 4.58789
normalized_mem_tot_tor_P43 0.00796509
rows_tot_tor_P43 2.7
normalized_rows_tot_tor_P43 0.05625
mem_tot_tor_P44 14.2734
normalized_mem_tot_tor_P44 0.0247803
rows_tot_tor_P44 8.4
normalized_rows_tot_tor_P44 0.175
mem_tot_l1_P41 14.2734
normalized_mem_tot_l1_P41 0.0247803
rows_tot_l1_P41 8.4
normalized_rows_tot_l1_P41 0.175
mem_tot_l1_P42 14.2734
normalized_mem_tot_l1_P42 0.0247803
rows_tot_l1_P42 8.4
normalized_rows_tot_l1_P42 0.175
mem_tot_l2_P4 11.2148
normalized_mem_tot_l2_P4 0.0194702
rows_tot_l2_P4 6.6
normalized_rows_tot_l2_P4 0.1375
max_mem_P4 14.2734
max_mem_CPU_Cluster 0
max_rows_P4 8.4
max_rows_CPU_Cluster 3.06544e-09
--------------------------------------------------

Sketch (0) (cm: eps0: 0.00625, del0: 0.05, min_mem: 1.69921875)
Par0 id: 0, Rows: 3
(0.000,4)    (0.000,9)    (0.000,3)    (0.000,8)    (0.000,10)    (0.800,7)    (0.000,0)    
Total frac: 0.800

Sketch (1) (cm: eps0: 0.00625, del0: 0.05, min_mem: 1.69921875)
Par0 id: 1, Rows: 3
(0.000,1)    (0.000,0)    (0.000,3)    (0.000,2)    (0.000,5)    (0.000,4)    (0.000,7)    (0.000,6)    (0.000,9)    (0.000,8)    (0.900,10)    
Total frac: 0.900

Sketch (2) (cm: eps0: 0.00625, del0: 0.05, min_mem: 1.69921875)
Par0 id: 2, Rows: 3
(-0.000,3)    (1.000,7)    (0.000,0)    (0.800,4)    
Total frac: 1.800

Sketch (3) (cm: eps0: 0.00625, del0: 0.05, min_mem: 1.69921875)
Par0 id: 3, Rows: 3
(0.900,8)    (0.000,1)    (0.000,5)    (0.000,0)    (0.000,4)    
Total frac: 0.900

Sketch (4) (cm: eps0: 0.00625, del0: 0.05, min_mem: 1.69921875)
Par0 id: 4, Rows: 3
(0.000,0)    (0.700,9)    (0.000,6)    (0.200,5)    (0.000,10)    (1.000,7)    (0.000,1)    (0.000,3)    (0.000,2)    (0.000,8)    (0.000,4)    
Total frac: 1.900

Sketch (5) (cm: eps0: 0.00625, del0: 0.05, min_mem: 1.69921875)
Par0 id: 5, Rows: 3
(1.000,8)    (0.000,5)    (0.000,7)    (0.000,1)    (0.000,3)    (0.000,10)    (0.000,9)    
Total frac: 1.000

Sketch (6) (cm: eps0: 0.00625, del0: 0.05, min_mem: 1.69921875)
Par0 id: 6, Rows: 3
(0.000,2)    (0.250,8)    (0.000,4)    (0.000,9)    (0.000,0)    (0.000,6)    (0.650,10)    
Total frac: 0.900

Sketch (7) (cm: eps0: 0.00625, del0: 0.05, min_mem: 1.69921875)
Par0 id: 7, Rows: 3
(0.000,0)    (0.000,6)    (0.000,10)    (0.000,9)    (0.000,2)    (0.800,5)    (0.000,8)    (0.000,1)    (0.000,4)    
Total frac: 0.800

Sketch (8) (cm: eps0: 0.00625, del0: 0.05, min_mem: 1.69921875)
Par0 id: 8, Rows: 3
(0.000,10)    (0.000,7)    (0.000,0)    (0.700,4)    (0.000,9)    (0.000,3)    (0.000,8)    
Total frac: 0.700

Sketch (9) (cm: eps0: 0.00625, del0: 0.05, min_mem: 1.69921875)
Par0 id: 9, Rows: 3
(0.000,6)    (0.200,9)    (0.000,8)    (0.000,10)    (0.000,3)    (0.000,1)    (0.500,5)    (0.000,2)    (0.000,7)    
Total frac: 0.700

Sketch (10) (cm: eps0: 0.00625, del0: 0.05, min_mem: 1.69921875)
Par0 id: 10, Rows: 3
(0.800,6)    (0.000,1)    (0.000,5)    (0.000,10)    (0.000,8)    (0.000,2)    (0.000,9)    
Total frac: 0.800

Sketch (11) (cm: eps0: 0.00625, del0: 0.05, min_mem: 1.69921875)
Par0 id: 11, Rows: 3
(0.000,1)    (0.000,5)    (0.000,2)    (0.000,3)    (0.100,6)    (0.000,7)    (0.900,9)    (0.000,10)    (0.000,8)    
Total frac: 1.000

Sketch (12) (cm: eps0: 0.00625, del0: 0.05, min_mem: 1.69921875)
Par0 id: 12, Rows: 3
(0.000,7)    (0.000,3)    (0.000,1)    (0.000,8)    (0.000,2)    (1.000,9)    (0.000,5)    (0.000,10)    (0.000,6)    
Total frac: 1.000

Sketch (13) (cm: eps0: 0.00625, del0: 0.05, min_mem: 1.69921875)
Par0 id: 13, Rows: 3
(0.650,10)    (0.000,6)    (0.000,9)    (0.250,8)    (0.000,4)    (0.000,2)    (0.000,0)    
Total frac: 0.900

Sketch (14) (cm: eps0: 0.00625, del0: 0.05, min_mem: 1.69921875)
Par0 id: 14, Rows: 3
(0.000,9)    (0.000,10)    (0.000,0)    (0.000,6)    (0.000,2)    (0.000,8)    (0.700,4)    
Total frac: 0.700

Sketch (15) (cm: eps0: 0.00625, del0: 0.05, min_mem: 1.69921875)
Par0 id: 15, Rows: 3
(0.400,8)    (0.600,4)    (0.000,7)    (0.000,3)    (0.000,10)    (0.000,0)    (0.000,9)    
Total frac: 1.000

Device (0) {CPU1,CPU2,CPU3,CPU4,CPU5,CPU6,CPU7,CPU8}:
Rows total: 0.0
Mem total: 0.0

Device (1) {CPU9,CPU10,CPU11,CPU12,CPU13,CPU14,CPU15,CPU16}:
Rows total: -3.9704669402545334e-23
Mem total: -6.746691871135633e-23

Device (2) {CPU17,CPU18,CPU19,CPU20,CPU21,CPU22,CPU23,CPU24}:
Rows total: 2.942822988505747e-07
Mem total: 5.0005e-07

Device (3) {CPU25,CPU26,CPU27,CPU28,CPU29,CPU30,CPU31,CPU32}:
Rows total: 2.942822988505747e-07
Mem total: 5.0005e-07

Device (4) tor_P41:
Rows total: 8.3999997057177
Mem total: 14.27343699995

Device (5) tor_P42:
Rows total: 4.5
Mem total: 7.646484375

Device (6) tor_P43:
Rows total: 2.7
Mem total: 4.587890625

Device (7) tor_P44:
Rows total: 8.3999997057177
Mem total: 14.27343699995

Device (8) l1_P41:
Rows total: 8.3999997057177
Mem total: 14.27343699995

Device (9) l1_P42:
Rows total: 8.3999997057177
Mem total: 14.27343699995

Device (10) l2_P4:
Rows total: 6.600000588564598
Mem total: 11.2148447501

Flow 0:
partitions: [(1, 0.7)]
path: {0, 2, 4, 6, 8, 9, 10}
Flow 1:
partitions: [(3, 0.7)]
path: {0, 1, 4, 5, 8}
Flow 2:
partitions: [(0, 0.8)]
path: {3, 7}
Flow 3:
partitions: [(1, 0.9)]
path: {1, 3, 5, 7, 8, 9, 10}
Flow 4:
partitions: [(2, 1.0)]
path: {3, 7}
Flow 5:
partitions: [(2, 0.8)]
path: {0, 4}
Flow 6:
partitions: [(3, 0.9)]
path: {0, 1, 4, 5, 8}
Flow 7:
partitions: [(0, 0.8)]
path: {0, 3, 4, 7, 8, 9, 10}
Flow 8:
partitions: [(5, 1.0)]
path: {1, 3, 5, 7, 8, 9, 10}
Flow 9:
partitions: [(7, 0.8)]
path: {0, 1, 4, 5, 8}
Flow 10:
partitions: [(6, 0.9)]
path: {0, 2, 4, 6, 8, 9, 10}
Flow 11:
partitions: [(4, 1.0)]
path: {3, 7}
Flow 12:
partitions: [(4, 0.9)]
path: {1, 2, 5, 6, 8, 9, 10}
Flow 13:
partitions: [(6, 0.7)]
path: {0, 2, 4, 6, 8, 9, 10}
Flow 14:
partitions: [(7, 0.7)]
path: {1, 2, 5, 6, 8, 9, 10}
Flow 15:
partitions: [(4, 0.7)]
path: {0, 2, 4, 6, 8, 9, 10}
Flow 16:
partitions: [(9, 0.7)]
path: {1, 2, 5, 6, 8, 9, 10}
Flow 17:
partitions: [(11, 0.9)]
path: {1, 3, 5, 7, 8, 9, 10}
Flow 18:
partitions: [(9, 0.7)]
path: {1, 3, 5, 7, 8, 9, 10}
Flow 19:
partitions: [(10, 0.8)]
path: {2, 6}
Flow 20:
partitions: [(10, 0.7)]
path: {2, 6}
Flow 21:
partitions: [(11, 1.0)]
path: {2, 3, 6, 7, 9}
Flow 22:
partitions: [(10, 0.8)]
path: {1, 2, 5, 6, 8, 9, 10}
Flow 23:
partitions: [(8, 0.7)]
path: {0, 3, 4, 7, 8, 9, 10}
Flow 24:
partitions: [(12, 1.0)]
path: {2, 3, 6, 7, 9}
Flow 25:
partitions: [(15, 1.0)]
path: {0, 3, 4, 7, 8, 9, 10}
Flow 26:
partitions: [(14, 0.7)]
path: {0, 4}
Flow 27:
partitions: [(12, 1.0)]
path: {1, 3, 5, 7, 8, 9, 10}
Flow 28:
partitions: [(12, 1.0)]
path: {1, 2, 5, 6, 8, 9, 10}
Flow 29:
partitions: [(13, 0.7)]
path: {0, 2, 4, 6, 8, 9, 10}
Flow 30:
partitions: [(13, 0.9)]
path: {0, 2, 4, 6, 8, 9, 10}
Flow 31:
partitions: [(14, 0.7)]
path: {0, 2, 4, 6, 8, 9, 10}
--------------------------------------------------

VARIABLES ------------------------------
Objective: 10.204081632653061
mem_tot_{CPU1,CPU2,CPU3,CPU4,CPU5,CPU6,CPU7,CPU8} 0
ns_{CPU1,CPU2,CPU3,CPU4,CPU5,CPU6,CPU7,CPU8} 10.2041
--------------------------------------------------

VARIABLES ------------------------------
Objective: 10.204081632653061
mem_tot_{CPU9,CPU10,CPU11,CPU12,CPU13,CPU14,CPU15,CPU16} 0
ns_{CPU9,CPU10,CPU11,CPU12,CPU13,CPU14,CPU15,CPU16} 10.2041
--------------------------------------------------

VARIABLES ------------------------------
Objective: 10.204081632653061
mem_tot_{CPU17,CPU18,CPU19,CPU20,CPU21,CPU22,CPU23,CPU24} 0
ns_{CPU17,CPU18,CPU19,CPU20,CPU21,CPU22,CPU23,CPU24} 10.2041
--------------------------------------------------

VARIABLES ------------------------------
Objective: 10.204081632653061
mem_tot_{CPU25,CPU26,CPU27,CPU28,CPU29,CPU30,CPU31,CPU32} 0
ns_{CPU25,CPU26,CPU27,CPU28,CPU29,CPU30,CPU31,CPU32} 10.2041
--------------------------------------------------

VARIABLES ------------------------------
Objective: 6.756756756756757
mem_tot_tor_P41 14.2734
ns_tor_P41 6.75676
--------------------------------------------------

VARIABLES ------------------------------
Objective: 6.756756756756757
mem_tot_tor_P42 7.64648
ns_tor_P42 6.75676
--------------------------------------------------

VARIABLES ------------------------------
Objective: 6.756756756756757
mem_tot_tor_P43 4.58789
ns_tor_P43 6.75676
--------------------------------------------------

VARIABLES ------------------------------
Objective: 6.756756756756757
mem_tot_tor_P44 14.2734
ns_tor_P44 6.75676
--------------------------------------------------

VARIABLES ------------------------------
Objective: 6.756756756756757
mem_tot_l1_P41 14.2734
ns_l1_P41 6.75676
--------------------------------------------------

VARIABLES ------------------------------
Objective: 6.756756756756757
mem_tot_l1_P42 14.2734
ns_l1_P42 6.75676
--------------------------------------------------

VARIABLES ------------------------------
Objective: 6.756756756756757
mem_tot_l2_P4 11.2148
ns_l2_P4 6.75676
--------------------------------------------------

Throughput: 98.0 Mpps, ns per packet: 10.204081632653061
Resources: 13.527979347748433
Used Cores: 0, Total CPUS: 0, Switch Memory: 80.5429677499

Sketch (0) (cm: eps0: 0.00625, del0: 0.05, min_mem: 1.69921875)
Par0 id: 0, Rows: 3
(0.000,4)    (0.000,9)    (0.000,3)    (0.000,8)    (0.000,10)    (0.800,7)    (0.000,0)    
Total frac: 0.800

Sketch (1) (cm: eps0: 0.00625, del0: 0.05, min_mem: 1.69921875)
Par0 id: 1, Rows: 3
(0.000,1)    (0.000,0)    (0.000,3)    (0.000,2)    (0.000,5)    (0.000,4)    (0.000,7)    (0.000,6)    (0.000,9)    (0.000,8)    (0.900,10)    
Total frac: 0.900

Sketch (2) (cm: eps0: 0.00625, del0: 0.05, min_mem: 1.69921875)
Par0 id: 2, Rows: 3
(-0.000,3)    (1.000,7)    (0.000,0)    (0.800,4)    
Total frac: 1.800

Sketch (3) (cm: eps0: 0.00625, del0: 0.05, min_mem: 1.69921875)
Par0 id: 3, Rows: 3
(0.900,8)    (0.000,1)    (0.000,5)    (0.000,0)    (0.000,4)    
Total frac: 0.900

Sketch (4) (cm: eps0: 0.00625, del0: 0.05, min_mem: 1.69921875)
Par0 id: 4, Rows: 3
(0.000,0)    (0.700,9)    (0.000,6)    (0.200,5)    (0.000,10)    (1.000,7)    (0.000,1)    (0.000,3)    (0.000,2)    (0.000,8)    (0.000,4)    
Total frac: 1.900

Sketch (5) (cm: eps0: 0.00625, del0: 0.05, min_mem: 1.69921875)
Par0 id: 5, Rows: 3
(1.000,8)    (0.000,5)    (0.000,7)    (0.000,1)    (0.000,3)    (0.000,10)    (0.000,9)    
Total frac: 1.000

Sketch (6) (cm: eps0: 0.00625, del0: 0.05, min_mem: 1.69921875)
Par0 id: 6, Rows: 3
(0.000,2)    (0.250,8)    (0.000,4)    (0.000,9)    (0.000,0)    (0.000,6)    (0.650,10)    
Total frac: 0.900

Sketch (7) (cm: eps0: 0.00625, del0: 0.05, min_mem: 1.69921875)
Par0 id: 7, Rows: 3
(0.000,0)    (0.000,6)    (0.000,10)    (0.000,9)    (0.000,2)    (0.800,5)    (0.000,8)    (0.000,1)    (0.000,4)    
Total frac: 0.800

Sketch (8) (cm: eps0: 0.00625, del0: 0.05, min_mem: 1.69921875)
Par0 id: 8, Rows: 3
(0.000,10)    (0.000,7)    (0.000,0)    (0.700,4)    (0.000,9)    (0.000,3)    (0.000,8)    
Total frac: 0.700

Sketch (9) (cm: eps0: 0.00625, del0: 0.05, min_mem: 1.69921875)
Par0 id: 9, Rows: 3
(0.000,6)    (0.200,9)    (0.000,8)    (0.000,10)    (0.000,3)    (0.000,1)    (0.500,5)    (0.000,2)    (0.000,7)    
Total frac: 0.700

Sketch (10) (cm: eps0: 0.00625, del0: 0.05, min_mem: 1.69921875)
Par0 id: 10, Rows: 3
(0.800,6)    (0.000,1)    (0.000,5)    (0.000,10)    (0.000,8)    (0.000,2)    (0.000,9)    
Total frac: 0.800

Sketch (11) (cm: eps0: 0.00625, del0: 0.05, min_mem: 1.69921875)
Par0 id: 11, Rows: 3
(0.000,1)    (0.000,5)    (0.000,2)    (0.000,3)    (0.100,6)    (0.000,7)    (0.900,9)    (0.000,10)    (0.000,8)    
Total frac: 1.000

Sketch (12) (cm: eps0: 0.00625, del0: 0.05, min_mem: 1.69921875)
Par0 id: 12, Rows: 3
(0.000,7)    (0.000,3)    (0.000,1)    (0.000,8)    (0.000,2)    (1.000,9)    (0.000,5)    (0.000,10)    (0.000,6)    
Total frac: 1.000

Sketch (13) (cm: eps0: 0.00625, del0: 0.05, min_mem: 1.69921875)
Par0 id: 13, Rows: 3
(0.650,10)    (0.000,6)    (0.000,9)    (0.250,8)    (0.000,4)    (0.000,2)    (0.000,0)    
Total frac: 0.900

Sketch (14) (cm: eps0: 0.00625, del0: 0.05, min_mem: 1.69921875)
Par0 id: 14, Rows: 3
(0.000,9)    (0.000,10)    (0.000,0)    (0.000,6)    (0.000,2)    (0.000,8)    (0.700,4)    
Total frac: 0.700

Sketch (15) (cm: eps0: 0.00625, del0: 0.05, min_mem: 1.69921875)
Par0 id: 15, Rows: 3
(0.400,8)    (0.600,4)    (0.000,7)    (0.000,3)    (0.000,10)    (0.000,0)    (0.000,9)    
Total frac: 1.000

Device (0) {CPU1,CPU2,CPU3,CPU4,CPU5,CPU6,CPU7,CPU8}:
Rows total: 0.0
Mem total: 0.0
Throughput: 98.0

Device (1) {CPU9,CPU10,CPU11,CPU12,CPU13,CPU14,CPU15,CPU16}:
Rows total: -3.9704669402545334e-23
Mem total: -6.746691871135633e-23
Throughput: 98.0

Device (2) {CPU17,CPU18,CPU19,CPU20,CPU21,CPU22,CPU23,CPU24}:
Rows total: 2.942822988505747e-07
Mem total: 5.0005e-07
Throughput: 98.0

Device (3) {CPU25,CPU26,CPU27,CPU28,CPU29,CPU30,CPU31,CPU32}:
Rows total: 2.942822988505747e-07
Mem total: 5.0005e-07
Throughput: 98.0

Device (4) tor_P41:
Rows total: 8.3999997057177
Mem total: 14.27343699995
Throughput: 148.0

Device (5) tor_P42:
Rows total: 4.5
Mem total: 7.646484375
Throughput: 148.0

Device (6) tor_P43:
Rows total: 2.7
Mem total: 4.587890625
Throughput: 148.0

Device (7) tor_P44:
Rows total: 8.3999997057177
Mem total: 14.27343699995
Throughput: 148.0

Device (8) l1_P41:
Rows total: 8.3999997057177
Mem total: 14.27343699995
Throughput: 148.0

Device (9) l1_P42:
Rows total: 8.3999997057177
Mem total: 14.27343699995
Throughput: 148.0

Device (10) l2_P4:
Rows total: 6.600000588564598
Mem total: 11.2148447501
Throughput: 148.0

Flow 0:
partitions: [(1, 0.7)]
path: {0, 2, 4, 6, 8, 9, 10}
Flow 1:
partitions: [(3, 0.7)]
path: {0, 1, 4, 5, 8}
Flow 2:
partitions: [(0, 0.8)]
path: {3, 7}
Flow 3:
partitions: [(1, 0.9)]
path: {1, 3, 5, 7, 8, 9, 10}
Flow 4:
partitions: [(2, 1.0)]
path: {3, 7}
Flow 5:
partitions: [(2, 0.8)]
path: {0, 4}
Flow 6:
partitions: [(3, 0.9)]
path: {0, 1, 4, 5, 8}
Flow 7:
partitions: [(0, 0.8)]
path: {0, 3, 4, 7, 8, 9, 10}
Flow 8:
partitions: [(5, 1.0)]
path: {1, 3, 5, 7, 8, 9, 10}
Flow 9:
partitions: [(7, 0.8)]
path: {0, 1, 4, 5, 8}
Flow 10:
partitions: [(6, 0.9)]
path: {0, 2, 4, 6, 8, 9, 10}
Flow 11:
partitions: [(4, 1.0)]
path: {3, 7}
Flow 12:
partitions: [(4, 0.9)]
path: {1, 2, 5, 6, 8, 9, 10}
Flow 13:
partitions: [(6, 0.7)]
path: {0, 2, 4, 6, 8, 9, 10}
Flow 14:
partitions: [(7, 0.7)]
path: {1, 2, 5, 6, 8, 9, 10}
Flow 15:
partitions: [(4, 0.7)]
path: {0, 2, 4, 6, 8, 9, 10}
Flow 16:
partitions: [(9, 0.7)]
path: {1, 2, 5, 6, 8, 9, 10}
Flow 17:
partitions: [(11, 0.9)]
path: {1, 3, 5, 7, 8, 9, 10}
Flow 18:
partitions: [(9, 0.7)]
path: {1, 3, 5, 7, 8, 9, 10}
Flow 19:
partitions: [(10, 0.8)]
path: {2, 6}
Flow 20:
partitions: [(10, 0.7)]
path: {2, 6}
Flow 21:
partitions: [(11, 1.0)]
path: {2, 3, 6, 7, 9}
Flow 22:
partitions: [(10, 0.8)]
path: {1, 2, 5, 6, 8, 9, 10}
Flow 23:
partitions: [(8, 0.7)]
path: {0, 3, 4, 7, 8, 9, 10}
Flow 24:
partitions: [(12, 1.0)]
path: {2, 3, 6, 7, 9}
Flow 25:
partitions: [(15, 1.0)]
path: {0, 3, 4, 7, 8, 9, 10}
Flow 26:
partitions: [(14, 0.7)]
path: {0, 4}
Flow 27:
partitions: [(12, 1.0)]
path: {1, 3, 5, 7, 8, 9, 10}
Flow 28:
partitions: [(12, 1.0)]
path: {1, 2, 5, 6, 8, 9, 10}
Flow 29:
partitions: [(13, 0.7)]
path: {0, 2, 4, 6, 8, 9, 10}
Flow 30:
partitions: [(13, 0.9)]
path: {0, 2, 4, 6, 8, 9, 10}
Flow 31:
partitions: [(14, 0.7)]
path: {0, 2, 4, 6, 8, 9, 10}
--------------------------------------------------
Function: MIP.solve took 0.03993844985961914 seconds
Function: get_partitions_flows took 8.177757263183594e-05 seconds
Function: get_partitions_flows took 6.699562072753906e-05 seconds
Function: get_partitions_flows took 7.772445678710938e-05 seconds
Function: get_partitions_flows took 7.939338684082031e-05 seconds
Building model with:
8 devices, 1 partitions and 2 flows
Function: MIP.add_frac_mem_var took 5.602836608886719e-05 seconds
Function: MIP.add_coverage_constraints took 3.1948089599609375e-05 seconds
Function: MIP.add_accuracy_constraints took 3.4332275390625e-05 seconds
Function: MIP.add_capacity_constraints took 0.0005407333374023438 seconds
--------------------------------------------------
Starting model update
Model update took: 3.266334533691406e-05 s
--------------------------------------------------
Starting model optimize
Model optimize took: 0.0007641315460205078 seconds
--------------------------------------------------

VARIABLES ------------------------------
Objective: 0.0
frac[7,0] 0
frac[4,0] 0
mem[7,0] 0
mem[4,0] 0
mem_tot_CPU17 0
normalized_mem_tot_CPU17 0
rows_tot_CPU17 0
normalized_rows_tot_CPU17 0
mem_tot_CPU18 0
normalized_mem_tot_CPU18 0
rows_tot_CPU18 0
normalized_rows_tot_CPU18 0
mem_tot_CPU19 0
normalized_mem_tot_CPU19 0
rows_tot_CPU19 0
normalized_rows_tot_CPU19 0
mem_tot_CPU20 0
normalized_mem_tot_CPU20 0
rows_tot_CPU20 0
normalized_rows_tot_CPU20 0
mem_tot_CPU21 0
normalized_mem_tot_CPU21 0
rows_tot_CPU21 0
normalized_rows_tot_CPU21 0
mem_tot_CPU22 0
normalized_mem_tot_CPU22 0
rows_tot_CPU22 0
normalized_rows_tot_CPU22 0
mem_tot_CPU23 0
normalized_mem_tot_CPU23 0
rows_tot_CPU23 0
normalized_rows_tot_CPU23 0
mem_tot_CPU24 0
normalized_mem_tot_CPU24 0
rows_tot_CPU24 0
normalized_rows_tot_CPU24 0
max_mem_CPU_Cluster 0
max_rows_CPU_Cluster 0
--------------------------------------------------

Sketch (4) (cm: eps0: 0.00625, del0: 0.05, min_mem: 1.69921875)
Par0 id: 4, Rows: 3
(0.000,7)    (0.000,4)    
Total frac: 0.000

Device (0) CPU17:
Rows total: 0.0
Mem total: 0.0

Device (1) CPU18:
Rows total: 0.0
Mem total: 0.0

Device (2) CPU19:
Rows total: 0.0
Mem total: 0.0

Device (3) CPU20:
Rows total: 0.0
Mem total: 0.0

Device (4) CPU21:
Rows total: 0.0
Mem total: 0.0

Device (5) CPU22:
Rows total: 0.0
Mem total: 0.0

Device (6) CPU23:
Rows total: 0.0
Mem total: 0.0

Device (7) CPU24:
Rows total: 0.0
Mem total: 0.0

Flow 0:
partitions: [(0, 9.809409961685824e-08)]
path: {7}
Flow 1:
partitions: [(0, 9.809409961685824e-08)]
path: {4}
--------------------------------------------------

VARIABLES ------------------------------
Objective: 10.204081632653063
mem_tot_CPU17 0
m_access_time_CPU17 0
ns_single_CPU17 0
pdt_m_rows_CPU17 0
cores_sketch_CPU17 0
cores_dpdk_CPU17 7
ns_sketch_CPU17 10.2041
pdt_nsk_c_CPU17 0
ns_dpdk_CPU17 10.2041
pdt_nsc_dpdk_CPU17 71.4286
ns_CPU17 10.2041
--------------------------------------------------

VARIABLES ------------------------------
Objective: 10.204081632653063
mem_tot_CPU18 0
m_access_time_CPU18 0
ns_single_CPU18 0
pdt_m_rows_CPU18 0
cores_sketch_CPU18 0
cores_dpdk_CPU18 7
ns_sketch_CPU18 10.2041
pdt_nsk_c_CPU18 0
ns_dpdk_CPU18 10.2041
pdt_nsc_dpdk_CPU18 71.4286
ns_CPU18 10.2041
--------------------------------------------------

VARIABLES ------------------------------
Objective: 10.204081632653063
mem_tot_CPU19 0
m_access_time_CPU19 0
ns_single_CPU19 0
pdt_m_rows_CPU19 0
cores_sketch_CPU19 0
cores_dpdk_CPU19 7
ns_sketch_CPU19 10.2041
pdt_nsk_c_CPU19 0
ns_dpdk_CPU19 10.2041
pdt_nsc_dpdk_CPU19 71.4286
ns_CPU19 10.2041
--------------------------------------------------

VARIABLES ------------------------------
Objective: 10.204081632653063
mem_tot_CPU20 0
m_access_time_CPU20 0
ns_single_CPU20 0
pdt_m_rows_CPU20 0
cores_sketch_CPU20 0
cores_dpdk_CPU20 7
ns_sketch_CPU20 10.2041
pdt_nsk_c_CPU20 0
ns_dpdk_CPU20 10.2041
pdt_nsc_dpdk_CPU20 71.4286
ns_CPU20 10.2041
--------------------------------------------------

VARIABLES ------------------------------
Objective: 10.204081632653063
mem_tot_CPU21 0
m_access_time_CPU21 0
ns_single_CPU21 0
pdt_m_rows_CPU21 0
cores_sketch_CPU21 0
cores_dpdk_CPU21 7
ns_sketch_CPU21 10.2041
pdt_nsk_c_CPU21 0
ns_dpdk_CPU21 10.2041
pdt_nsc_dpdk_CPU21 71.4286
ns_CPU21 10.2041
--------------------------------------------------

VARIABLES ------------------------------
Objective: 10.204081632653063
mem_tot_CPU22 0
m_access_time_CPU22 0
ns_single_CPU22 0
pdt_m_rows_CPU22 0
cores_sketch_CPU22 0
cores_dpdk_CPU22 7
ns_sketch_CPU22 10.2041
pdt_nsk_c_CPU22 0
ns_dpdk_CPU22 10.2041
pdt_nsc_dpdk_CPU22 71.4286
ns_CPU22 10.2041
--------------------------------------------------

VARIABLES ------------------------------
Objective: 10.204081632653063
mem_tot_CPU23 0
m_access_time_CPU23 0
ns_single_CPU23 0
pdt_m_rows_CPU23 0
cores_sketch_CPU23 0
cores_dpdk_CPU23 7
ns_sketch_CPU23 10.2041
pdt_nsk_c_CPU23 0
ns_dpdk_CPU23 10.2041
pdt_nsc_dpdk_CPU23 71.4286
ns_CPU23 10.2041
--------------------------------------------------

VARIABLES ------------------------------
Objective: 10.204081632653063
mem_tot_CPU24 0
m_access_time_CPU24 0
ns_single_CPU24 0
pdt_m_rows_CPU24 0
cores_sketch_CPU24 0
cores_dpdk_CPU24 7
ns_sketch_CPU24 10.2041
pdt_nsk_c_CPU24 0
ns_dpdk_CPU24 10.2041
pdt_nsc_dpdk_CPU24 71.4286
ns_CPU24 10.2041
--------------------------------------------------

VARIABLES ------------------------------
Objective: 10.204081632653063
mem_tot_CPU17 0
m_access_time_CPU17 0
ns_single_CPU17 0
pdt_m_rows_CPU17 0
cores_sketch_CPU17 0
cores_dpdk_CPU17 7
ns_sketch_CPU17 10.2041
pdt_nsk_c_CPU17 0
ns_dpdk_CPU17 10.2041
pdt_nsc_dpdk_CPU17 71.4286
ns_CPU17 10.2041
--------------------------------------------------

VARIABLES ------------------------------
Objective: 10.204081632653063
mem_tot_CPU18 0
m_access_time_CPU18 0
ns_single_CPU18 0
pdt_m_rows_CPU18 0
cores_sketch_CPU18 0
cores_dpdk_CPU18 7
ns_sketch_CPU18 10.2041
pdt_nsk_c_CPU18 0
ns_dpdk_CPU18 10.2041
pdt_nsc_dpdk_CPU18 71.4286
ns_CPU18 10.2041
--------------------------------------------------

VARIABLES ------------------------------
Objective: 10.204081632653063
mem_tot_CPU19 0
m_access_time_CPU19 0
ns_single_CPU19 0
pdt_m_rows_CPU19 0
cores_sketch_CPU19 0
cores_dpdk_CPU19 7
ns_sketch_CPU19 10.2041
pdt_nsk_c_CPU19 0
ns_dpdk_CPU19 10.2041
pdt_nsc_dpdk_CPU19 71.4286
ns_CPU19 10.2041
--------------------------------------------------

VARIABLES ------------------------------
Objective: 10.204081632653063
mem_tot_CPU20 0
m_access_time_CPU20 0
ns_single_CPU20 0
pdt_m_rows_CPU20 0
cores_sketch_CPU20 0
cores_dpdk_CPU20 7
ns_sketch_CPU20 10.2041
pdt_nsk_c_CPU20 0
ns_dpdk_CPU20 10.2041
pdt_nsc_dpdk_CPU20 71.4286
ns_CPU20 10.2041
--------------------------------------------------

VARIABLES ------------------------------
Objective: 10.204081632653063
mem_tot_CPU21 0
m_access_time_CPU21 0
ns_single_CPU21 0
pdt_m_rows_CPU21 0
cores_sketch_CPU21 0
cores_dpdk_CPU21 7
ns_sketch_CPU21 10.2041
pdt_nsk_c_CPU21 0
ns_dpdk_CPU21 10.2041
pdt_nsc_dpdk_CPU21 71.4286
ns_CPU21 10.2041
--------------------------------------------------

VARIABLES ------------------------------
Objective: 10.204081632653063
mem_tot_CPU22 0
m_access_time_CPU22 0
ns_single_CPU22 0
pdt_m_rows_CPU22 0
cores_sketch_CPU22 0
cores_dpdk_CPU22 7
ns_sketch_CPU22 10.2041
pdt_nsk_c_CPU22 0
ns_dpdk_CPU22 10.2041
pdt_nsc_dpdk_CPU22 71.4286
ns_CPU22 10.2041
--------------------------------------------------

VARIABLES ------------------------------
Objective: 10.204081632653063
mem_tot_CPU23 0
m_access_time_CPU23 0
ns_single_CPU23 0
pdt_m_rows_CPU23 0
cores_sketch_CPU23 0
cores_dpdk_CPU23 7
ns_sketch_CPU23 10.2041
pdt_nsk_c_CPU23 0
ns_dpdk_CPU23 10.2041
pdt_nsc_dpdk_CPU23 71.4286
ns_CPU23 10.2041
--------------------------------------------------

VARIABLES ------------------------------
Objective: 10.204081632653063
mem_tot_CPU24 0
m_access_time_CPU24 0
ns_single_CPU24 0
pdt_m_rows_CPU24 0
cores_sketch_CPU24 0
cores_dpdk_CPU24 7
ns_sketch_CPU24 10.2041
pdt_nsk_c_CPU24 0
ns_dpdk_CPU24 10.2041
pdt_nsc_dpdk_CPU24 71.4286
ns_CPU24 10.2041
--------------------------------------------------

Throughput: 97.99999999999999 Mpps, ns per packet: 10.204081632653063
Resources: 559.9999999999978
Used Cores: 55.99999999999978, Total CPUS: 8, Switch Memory: 0

Sketch (4) (cm: eps0: 0.00625, del0: 0.05, min_mem: 1.69921875)
Par0 id: 4, Rows: 3
(0.000,7)    (0.000,4)    
Total frac: 0.000

Device (0) CPU17:
cores_sketch: 0.0, cores_dpdk: 6.999999999999973
Rows total: 0.0
Mem total: 0.0
Throughput: 97.99999999999999

Device (1) CPU18:
cores_sketch: 0.0, cores_dpdk: 6.999999999999973
Rows total: 0.0
Mem total: 0.0
Throughput: 97.99999999999999

Device (2) CPU19:
cores_sketch: 0.0, cores_dpdk: 6.999999999999973
Rows total: 0.0
Mem total: 0.0
Throughput: 97.99999999999999

Device (3) CPU20:
cores_sketch: 0.0, cores_dpdk: 6.999999999999973
Rows total: 0.0
Mem total: 0.0
Throughput: 97.99999999999999

Device (4) CPU21:
cores_sketch: 0.0, cores_dpdk: 6.999999999999973
Rows total: 0.0
Mem total: 0.0
Throughput: 97.99999999999999

Device (5) CPU22:
cores_sketch: 0.0, cores_dpdk: 6.999999999999973
Rows total: 0.0
Mem total: 0.0
Throughput: 97.99999999999999

Device (6) CPU23:
cores_sketch: 0.0, cores_dpdk: 6.999999999999973
Rows total: 0.0
Mem total: 0.0
Throughput: 97.99999999999999

Device (7) CPU24:
cores_sketch: 0.0, cores_dpdk: 6.999999999999973
Rows total: 0.0
Mem total: 0.0
Throughput: 97.99999999999999

Flow 0:
partitions: [(0, 9.809409961685824e-08)]
path: {7}
Flow 1:
partitions: [(0, 9.809409961685824e-08)]
path: {4}
--------------------------------------------------
Function: MIP.solve took 0.025106430053710938 seconds
Building model with:
8 devices, 2 partitions and 3 flows
Function: MIP.add_frac_mem_var took 6.246566772460938e-05 seconds
Function: MIP.add_coverage_constraints took 4.100799560546875e-05 seconds
Function: MIP.add_accuracy_constraints took 5.745887756347656e-05 seconds
Function: MIP.add_capacity_constraints took 0.0005855560302734375 seconds
--------------------------------------------------
Starting model update
Model update took: 3.409385681152344e-05 s
--------------------------------------------------
Starting model optimize
Model optimize took: 0.0008883476257324219 seconds
--------------------------------------------------

VARIABLES ------------------------------
Objective: 0.0
frac[5,1] 0
frac[0,0] 0
frac[5,0] 0
frac[7,1] 0
mem[5,1] 0
mem[0,0] 0
mem[5,0] 0
mem[7,1] 0
mem_tot_CPU25 0
normalized_mem_tot_CPU25 0
rows_tot_CPU25 0
normalized_rows_tot_CPU25 0
mem_tot_CPU26 0
normalized_mem_tot_CPU26 0
rows_tot_CPU26 0
normalized_rows_tot_CPU26 0
mem_tot_CPU27 0
normalized_mem_tot_CPU27 0
rows_tot_CPU27 0
normalized_rows_tot_CPU27 0
mem_tot_CPU28 0
normalized_mem_tot_CPU28 0
rows_tot_CPU28 0
normalized_rows_tot_CPU28 0
mem_tot_CPU29 0
normalized_mem_tot_CPU29 0
rows_tot_CPU29 0
normalized_rows_tot_CPU29 0
mem_tot_CPU30 0
normalized_mem_tot_CPU30 0
rows_tot_CPU30 0
normalized_rows_tot_CPU30 0
mem_tot_CPU31 0
normalized_mem_tot_CPU31 0
rows_tot_CPU31 0
normalized_rows_tot_CPU31 0
mem_tot_CPU32 0
normalized_mem_tot_CPU32 0
rows_tot_CPU32 0
normalized_rows_tot_CPU32 0
max_mem_CPU_Cluster 0
max_rows_CPU_Cluster 0
--------------------------------------------------

Sketch (0) (cm: eps0: 0.00625, del0: 0.05, min_mem: 1.69921875)
Par0 id: 0, Rows: 3
(0.000,0)    (0.000,5)    
Total frac: 0.000

Sketch (4) (cm: eps0: 0.00625, del0: 0.05, min_mem: 1.69921875)
Par0 id: 4, Rows: 3
(0.000,5)    (0.000,7)    
Total frac: 0.000

Device (0) CPU25:
Rows total: 0.0
Mem total: 0.0

Device (1) CPU26:
Rows total: 0.0
Mem total: 0.0

Device (2) CPU27:
Rows total: 0.0
Mem total: 0.0

Device (3) CPU28:
Rows total: 0.0
Mem total: 0.0

Device (4) CPU29:
Rows total: 0.0
Mem total: 0.0

Device (5) CPU30:
Rows total: 0.0
Mem total: 0.0

Device (6) CPU31:
Rows total: 0.0
Mem total: 0.0

Device (7) CPU32:
Rows total: 0.0
Mem total: 0.0

Flow 0:
partitions: [(0, 9.809409961685824e-08)]
path: {0, 5}
Flow 1:
partitions: [(0, 9.809409961685824e-08)]
path: {0}
Flow 2:
partitions: [(1, 1.1102230246251565e-16)]
path: {5, 7}
--------------------------------------------------

VARIABLES ------------------------------
Objective: 10.204081632653063
mem_tot_CPU25 0
m_access_time_CPU25 0
ns_single_CPU25 0
pdt_m_rows_CPU25 0
cores_sketch_CPU25 0
cores_dpdk_CPU25 7
ns_sketch_CPU25 10.2041
pdt_nsk_c_CPU25 0
ns_dpdk_CPU25 10.2041
pdt_nsc_dpdk_CPU25 71.4286
ns_CPU25 10.2041
--------------------------------------------------

VARIABLES ------------------------------
Objective: 10.204081632653063
mem_tot_CPU26 0
m_access_time_CPU26 0
ns_single_CPU26 0
pdt_m_rows_CPU26 0
cores_sketch_CPU26 0
cores_dpdk_CPU26 7
ns_sketch_CPU26 10.2041
pdt_nsk_c_CPU26 0
ns_dpdk_CPU26 10.2041
pdt_nsc_dpdk_CPU26 71.4286
ns_CPU26 10.2041
--------------------------------------------------

VARIABLES ------------------------------
Objective: 10.204081632653063
mem_tot_CPU27 0
m_access_time_CPU27 0
ns_single_CPU27 0
pdt_m_rows_CPU27 0
cores_sketch_CPU27 0
cores_dpdk_CPU27 7
ns_sketch_CPU27 10.2041
pdt_nsk_c_CPU27 0
ns_dpdk_CPU27 10.2041
pdt_nsc_dpdk_CPU27 71.4286
ns_CPU27 10.2041
--------------------------------------------------

VARIABLES ------------------------------
Objective: 10.204081632653063
mem_tot_CPU28 0
m_access_time_CPU28 0
ns_single_CPU28 0
pdt_m_rows_CPU28 0
cores_sketch_CPU28 0
cores_dpdk_CPU28 7
ns_sketch_CPU28 10.2041
pdt_nsk_c_CPU28 0
ns_dpdk_CPU28 10.2041
pdt_nsc_dpdk_CPU28 71.4286
ns_CPU28 10.2041
--------------------------------------------------

VARIABLES ------------------------------
Objective: 10.204081632653063
mem_tot_CPU29 0
m_access_time_CPU29 0
ns_single_CPU29 0
pdt_m_rows_CPU29 0
cores_sketch_CPU29 0
cores_dpdk_CPU29 7
ns_sketch_CPU29 10.2041
pdt_nsk_c_CPU29 0
ns_dpdk_CPU29 10.2041
pdt_nsc_dpdk_CPU29 71.4286
ns_CPU29 10.2041
--------------------------------------------------

VARIABLES ------------------------------
Objective: 10.204081632653063
mem_tot_CPU30 0
m_access_time_CPU30 0
ns_single_CPU30 0
pdt_m_rows_CPU30 0
cores_sketch_CPU30 0
cores_dpdk_CPU30 7
ns_sketch_CPU30 10.2041
pdt_nsk_c_CPU30 0
ns_dpdk_CPU30 10.2041
pdt_nsc_dpdk_CPU30 71.4286
ns_CPU30 10.2041
--------------------------------------------------

VARIABLES ------------------------------
Objective: 10.204081632653063
mem_tot_CPU31 0
m_access_time_CPU31 0
ns_single_CPU31 0
pdt_m_rows_CPU31 0
cores_sketch_CPU31 0
cores_dpdk_CPU31 7
ns_sketch_CPU31 10.2041
pdt_nsk_c_CPU31 0
ns_dpdk_CPU31 10.2041
pdt_nsc_dpdk_CPU31 71.4286
ns_CPU31 10.2041
--------------------------------------------------

VARIABLES ------------------------------
Objective: 10.204081632653063
mem_tot_CPU32 0
m_access_time_CPU32 0
ns_single_CPU32 0
pdt_m_rows_CPU32 0
cores_sketch_CPU32 0
cores_dpdk_CPU32 7
ns_sketch_CPU32 10.2041
pdt_nsk_c_CPU32 0
ns_dpdk_CPU32 10.2041
pdt_nsc_dpdk_CPU32 71.4286
ns_CPU32 10.2041
--------------------------------------------------

VARIABLES ------------------------------
Objective: 10.204081632653063
mem_tot_CPU25 0
m_access_time_CPU25 0
ns_single_CPU25 0
pdt_m_rows_CPU25 0
cores_sketch_CPU25 0
cores_dpdk_CPU25 7
ns_sketch_CPU25 10.2041
pdt_nsk_c_CPU25 0
ns_dpdk_CPU25 10.2041
pdt_nsc_dpdk_CPU25 71.4286
ns_CPU25 10.2041
--------------------------------------------------

VARIABLES ------------------------------
Objective: 10.204081632653063
mem_tot_CPU26 0
m_access_time_CPU26 0
ns_single_CPU26 0
pdt_m_rows_CPU26 0
cores_sketch_CPU26 0
cores_dpdk_CPU26 7
ns_sketch_CPU26 10.2041
pdt_nsk_c_CPU26 0
ns_dpdk_CPU26 10.2041
pdt_nsc_dpdk_CPU26 71.4286
ns_CPU26 10.2041
--------------------------------------------------

VARIABLES ------------------------------
Objective: 10.204081632653063
mem_tot_CPU27 0
m_access_time_CPU27 0
ns_single_CPU27 0
pdt_m_rows_CPU27 0
cores_sketch_CPU27 0
cores_dpdk_CPU27 7
ns_sketch_CPU27 10.2041
pdt_nsk_c_CPU27 0
ns_dpdk_CPU27 10.2041
pdt_nsc_dpdk_CPU27 71.4286
ns_CPU27 10.2041
--------------------------------------------------

VARIABLES ------------------------------
Objective: 10.204081632653063
mem_tot_CPU28 0
m_access_time_CPU28 0
ns_single_CPU28 0
pdt_m_rows_CPU28 0
cores_sketch_CPU28 0
cores_dpdk_CPU28 7
ns_sketch_CPU28 10.2041
pdt_nsk_c_CPU28 0
ns_dpdk_CPU28 10.2041
pdt_nsc_dpdk_CPU28 71.4286
ns_CPU28 10.2041
--------------------------------------------------

VARIABLES ------------------------------
Objective: 10.204081632653063
mem_tot_CPU29 0
m_access_time_CPU29 0
ns_single_CPU29 0
pdt_m_rows_CPU29 0
cores_sketch_CPU29 0
cores_dpdk_CPU29 7
ns_sketch_CPU29 10.2041
pdt_nsk_c_CPU29 0
ns_dpdk_CPU29 10.2041
pdt_nsc_dpdk_CPU29 71.4286
ns_CPU29 10.2041
--------------------------------------------------

VARIABLES ------------------------------
Objective: 10.204081632653063
mem_tot_CPU30 0
m_access_time_CPU30 0
ns_single_CPU30 0
pdt_m_rows_CPU30 0
cores_sketch_CPU30 0
cores_dpdk_CPU30 7
ns_sketch_CPU30 10.2041
pdt_nsk_c_CPU30 0
ns_dpdk_CPU30 10.2041
pdt_nsc_dpdk_CPU30 71.4286
ns_CPU30 10.2041
--------------------------------------------------

VARIABLES ------------------------------
Objective: 10.204081632653063
mem_tot_CPU31 0
m_access_time_CPU31 0
ns_single_CPU31 0
pdt_m_rows_CPU31 0
cores_sketch_CPU31 0
cores_dpdk_CPU31 7
ns_sketch_CPU31 10.2041
pdt_nsk_c_CPU31 0
ns_dpdk_CPU31 10.2041
pdt_nsc_dpdk_CPU31 71.4286
ns_CPU31 10.2041
--------------------------------------------------

VARIABLES ------------------------------
Objective: 10.204081632653063
mem_tot_CPU32 0
m_access_time_CPU32 0
ns_single_CPU32 0
pdt_m_rows_CPU32 0
cores_sketch_CPU32 0
cores_dpdk_CPU32 7
ns_sketch_CPU32 10.2041
pdt_nsk_c_CPU32 0
ns_dpdk_CPU32 10.2041
pdt_nsc_dpdk_CPU32 71.4286
ns_CPU32 10.2041
--------------------------------------------------

Throughput: 97.99999999999999 Mpps, ns per packet: 10.204081632653063
Resources: 559.9999999999978
Used Cores: 55.99999999999978, Total CPUS: 8, Switch Memory: 0

Sketch (0) (cm: eps0: 0.00625, del0: 0.05, min_mem: 1.69921875)
Par0 id: 0, Rows: 3
(0.000,0)    (0.000,5)    
Total frac: 0.000

Sketch (4) (cm: eps0: 0.00625, del0: 0.05, min_mem: 1.69921875)
Par0 id: 4, Rows: 3
(0.000,5)    (0.000,7)    
Total frac: 0.000

Device (0) CPU25:
cores_sketch: 0.0, cores_dpdk: 6.999999999999973
Rows total: 0.0
Mem total: 0.0
Throughput: 97.99999999999999

Device (1) CPU26:
cores_sketch: 0.0, cores_dpdk: 6.999999999999973
Rows total: 0.0
Mem total: 0.0
Throughput: 97.99999999999999

Device (2) CPU27:
cores_sketch: 0.0, cores_dpdk: 6.999999999999973
Rows total: 0.0
Mem total: 0.0
Throughput: 97.99999999999999

Device (3) CPU28:
cores_sketch: 0.0, cores_dpdk: 6.999999999999973
Rows total: 0.0
Mem total: 0.0
Throughput: 97.99999999999999

Device (4) CPU29:
cores_sketch: 0.0, cores_dpdk: 6.999999999999973
Rows total: 0.0
Mem total: 0.0
Throughput: 97.99999999999999

Device (5) CPU30:
cores_sketch: 0.0, cores_dpdk: 6.999999999999973
Rows total: 0.0
Mem total: 0.0
Throughput: 97.99999999999999

Device (6) CPU31:
cores_sketch: 0.0, cores_dpdk: 6.999999999999973
Rows total: 0.0
Mem total: 0.0
Throughput: 97.99999999999999

Device (7) CPU32:
cores_sketch: 0.0, cores_dpdk: 6.999999999999973
Rows total: 0.0
Mem total: 0.0
Throughput: 97.99999999999999

Flow 0:
partitions: [(0, 9.809409961685824e-08)]
path: {0, 5}
Flow 1:
partitions: [(0, 9.809409961685824e-08)]
path: {0}
Flow 2:
partitions: [(1, 1.1102230246251565e-16)]
path: {5, 7}
--------------------------------------------------
Function: MIP.solve took 0.025548696517944336 seconds
--------------------------------------------------
Clustered Optimization complete
--------------------------------------------------

VARIABLES ------------------------------
Objective: 10.204081632653063
mem_tot_CPU1 0
m_access_time_CPU1 0
ns_single_CPU1 0
pdt_m_rows_CPU1 0
cores_sketch_CPU1 0
cores_dpdk_CPU1 7
ns_sketch_CPU1 10.2041
pdt_nsk_c_CPU1 0
ns_dpdk_CPU1 10.2041
pdt_nsc_dpdk_CPU1 71.4286
ns_CPU1 10.2041
--------------------------------------------------

VARIABLES ------------------------------
Objective: 10.204081632653063
mem_tot_CPU2 0
m_access_time_CPU2 0
ns_single_CPU2 0
pdt_m_rows_CPU2 0
cores_sketch_CPU2 0
cores_dpdk_CPU2 7
ns_sketch_CPU2 10.2041
pdt_nsk_c_CPU2 0
ns_dpdk_CPU2 10.2041
pdt_nsc_dpdk_CPU2 71.4286
ns_CPU2 10.2041
--------------------------------------------------

VARIABLES ------------------------------
Objective: 10.204081632653063
mem_tot_CPU3 0
m_access_time_CPU3 0
ns_single_CPU3 0
pdt_m_rows_CPU3 0
cores_sketch_CPU3 0
cores_dpdk_CPU3 7
ns_sketch_CPU3 10.2041
pdt_nsk_c_CPU3 0
ns_dpdk_CPU3 10.2041
pdt_nsc_dpdk_CPU3 71.4286
ns_CPU3 10.2041
--------------------------------------------------

VARIABLES ------------------------------
Objective: 10.204081632653063
mem_tot_CPU4 0
m_access_time_CPU4 0
ns_single_CPU4 0
pdt_m_rows_CPU4 0
cores_sketch_CPU4 0
cores_dpdk_CPU4 7
ns_sketch_CPU4 10.2041
pdt_nsk_c_CPU4 0
ns_dpdk_CPU4 10.2041
pdt_nsc_dpdk_CPU4 71.4286
ns_CPU4 10.2041
--------------------------------------------------

VARIABLES ------------------------------
Objective: 10.204081632653063
mem_tot_CPU5 0
m_access_time_CPU5 0
ns_single_CPU5 0
pdt_m_rows_CPU5 0
cores_sketch_CPU5 0
cores_dpdk_CPU5 7
ns_sketch_CPU5 10.2041
pdt_nsk_c_CPU5 0
ns_dpdk_CPU5 10.2041
pdt_nsc_dpdk_CPU5 71.4286
ns_CPU5 10.2041
--------------------------------------------------

VARIABLES ------------------------------
Objective: 10.204081632653063
mem_tot_CPU6 0
m_access_time_CPU6 0
ns_single_CPU6 0
pdt_m_rows_CPU6 0
cores_sketch_CPU6 0
cores_dpdk_CPU6 7
ns_sketch_CPU6 10.2041
pdt_nsk_c_CPU6 0
ns_dpdk_CPU6 10.2041
pdt_nsc_dpdk_CPU6 71.4286
ns_CPU6 10.2041
--------------------------------------------------

VARIABLES ------------------------------
Objective: 10.204081632653063
mem_tot_CPU7 0
m_access_time_CPU7 0
ns_single_CPU7 0
pdt_m_rows_CPU7 0
cores_sketch_CPU7 0
cores_dpdk_CPU7 7
ns_sketch_CPU7 10.2041
pdt_nsk_c_CPU7 0
ns_dpdk_CPU7 10.2041
pdt_nsc_dpdk_CPU7 71.4286
ns_CPU7 10.2041
--------------------------------------------------

VARIABLES ------------------------------
Objective: 10.204081632653063
mem_tot_CPU8 0
m_access_time_CPU8 0
ns_single_CPU8 0
pdt_m_rows_CPU8 0
cores_sketch_CPU8 0
cores_dpdk_CPU8 7
ns_sketch_CPU8 10.2041
pdt_nsk_c_CPU8 0
ns_dpdk_CPU8 10.2041
pdt_nsc_dpdk_CPU8 71.4286
ns_CPU8 10.2041
--------------------------------------------------

VARIABLES ------------------------------
Objective: 10.204081632653063
mem_tot_CPU9 0
m_access_time_CPU9 0
ns_single_CPU9 0
pdt_m_rows_CPU9 0
cores_sketch_CPU9 0
cores_dpdk_CPU9 7
ns_sketch_CPU9 10.2041
pdt_nsk_c_CPU9 0
ns_dpdk_CPU9 10.2041
pdt_nsc_dpdk_CPU9 71.4286
ns_CPU9 10.2041
--------------------------------------------------

VARIABLES ------------------------------
Objective: 10.204081632653063
mem_tot_CPU10 0
m_access_time_CPU10 0
ns_single_CPU10 0
pdt_m_rows_CPU10 0
cores_sketch_CPU10 0
cores_dpdk_CPU10 7
ns_sketch_CPU10 10.2041
pdt_nsk_c_CPU10 0
ns_dpdk_CPU10 10.2041
pdt_nsc_dpdk_CPU10 71.4286
ns_CPU10 10.2041
--------------------------------------------------

VARIABLES ------------------------------
Objective: 10.204081632653063
mem_tot_CPU11 0
m_access_time_CPU11 0
ns_single_CPU11 0
pdt_m_rows_CPU11 0
cores_sketch_CPU11 0
cores_dpdk_CPU11 7
ns_sketch_CPU11 10.2041
pdt_nsk_c_CPU11 0
ns_dpdk_CPU11 10.2041
pdt_nsc_dpdk_CPU11 71.4286
ns_CPU11 10.2041
--------------------------------------------------

VARIABLES ------------------------------
Objective: 10.204081632653063
mem_tot_CPU12 0
m_access_time_CPU12 0
ns_single_CPU12 0
pdt_m_rows_CPU12 0
cores_sketch_CPU12 0
cores_dpdk_CPU12 7
ns_sketch_CPU12 10.2041
pdt_nsk_c_CPU12 0
ns_dpdk_CPU12 10.2041
pdt_nsc_dpdk_CPU12 71.4286
ns_CPU12 10.2041
--------------------------------------------------

VARIABLES ------------------------------
Objective: 10.204081632653063
mem_tot_CPU13 0
m_access_time_CPU13 0
ns_single_CPU13 0
pdt_m_rows_CPU13 0
cores_sketch_CPU13 0
cores_dpdk_CPU13 7
ns_sketch_CPU13 10.2041
pdt_nsk_c_CPU13 0
ns_dpdk_CPU13 10.2041
pdt_nsc_dpdk_CPU13 71.4286
ns_CPU13 10.2041
--------------------------------------------------

VARIABLES ------------------------------
Objective: 10.204081632653063
mem_tot_CPU14 0
m_access_time_CPU14 0
ns_single_CPU14 0
pdt_m_rows_CPU14 0
cores_sketch_CPU14 0
cores_dpdk_CPU14 7
ns_sketch_CPU14 10.2041
pdt_nsk_c_CPU14 0
ns_dpdk_CPU14 10.2041
pdt_nsc_dpdk_CPU14 71.4286
ns_CPU14 10.2041
--------------------------------------------------

VARIABLES ------------------------------
Objective: 10.204081632653063
mem_tot_CPU15 0
m_access_time_CPU15 0
ns_single_CPU15 0
pdt_m_rows_CPU15 0
cores_sketch_CPU15 0
cores_dpdk_CPU15 7
ns_sketch_CPU15 10.2041
pdt_nsk_c_CPU15 0
ns_dpdk_CPU15 10.2041
pdt_nsc_dpdk_CPU15 71.4286
ns_CPU15 10.2041
--------------------------------------------------

VARIABLES ------------------------------
Objective: 10.204081632653063
mem_tot_CPU16 0
m_access_time_CPU16 0
ns_single_CPU16 0
pdt_m_rows_CPU16 0
cores_sketch_CPU16 0
cores_dpdk_CPU16 7
ns_sketch_CPU16 10.2041
pdt_nsk_c_CPU16 0
ns_dpdk_CPU16 10.2041
pdt_nsc_dpdk_CPU16 71.4286
ns_CPU16 10.2041
--------------------------------------------------

VARIABLES ------------------------------
Objective: 10.204081632653063
mem_tot_CPU17 0
m_access_time_CPU17 0
ns_single_CPU17 0
pdt_m_rows_CPU17 0
cores_sketch_CPU17 0
cores_dpdk_CPU17 7
ns_sketch_CPU17 10.2041
pdt_nsk_c_CPU17 0
ns_dpdk_CPU17 10.2041
pdt_nsc_dpdk_CPU17 71.4286
ns_CPU17 10.2041
--------------------------------------------------

VARIABLES ------------------------------
Objective: 10.204081632653063
mem_tot_CPU18 0
m_access_time_CPU18 0
ns_single_CPU18 0
pdt_m_rows_CPU18 0
cores_sketch_CPU18 0
cores_dpdk_CPU18 7
ns_sketch_CPU18 10.2041
pdt_nsk_c_CPU18 0
ns_dpdk_CPU18 10.2041
pdt_nsc_dpdk_CPU18 71.4286
ns_CPU18 10.2041
--------------------------------------------------

VARIABLES ------------------------------
Objective: 10.204081632653063
mem_tot_CPU19 0
m_access_time_CPU19 0
ns_single_CPU19 0
pdt_m_rows_CPU19 0
cores_sketch_CPU19 0
cores_dpdk_CPU19 7
ns_sketch_CPU19 10.2041
pdt_nsk_c_CPU19 0
ns_dpdk_CPU19 10.2041
pdt_nsc_dpdk_CPU19 71.4286
ns_CPU19 10.2041
--------------------------------------------------

VARIABLES ------------------------------
Objective: 10.204081632653063
mem_tot_CPU20 0
m_access_time_CPU20 0
ns_single_CPU20 0
pdt_m_rows_CPU20 0
cores_sketch_CPU20 0
cores_dpdk_CPU20 7
ns_sketch_CPU20 10.2041
pdt_nsk_c_CPU20 0
ns_dpdk_CPU20 10.2041
pdt_nsc_dpdk_CPU20 71.4286
ns_CPU20 10.2041
--------------------------------------------------

VARIABLES ------------------------------
Objective: 10.204081632653063
mem_tot_CPU21 0
m_access_time_CPU21 0
ns_single_CPU21 0
pdt_m_rows_CPU21 0
cores_sketch_CPU21 0
cores_dpdk_CPU21 7
ns_sketch_CPU21 10.2041
pdt_nsk_c_CPU21 0
ns_dpdk_CPU21 10.2041
pdt_nsc_dpdk_CPU21 71.4286
ns_CPU21 10.2041
--------------------------------------------------

VARIABLES ------------------------------
Objective: 10.204081632653063
mem_tot_CPU22 0
m_access_time_CPU22 0
ns_single_CPU22 0
pdt_m_rows_CPU22 0
cores_sketch_CPU22 0
cores_dpdk_CPU22 7
ns_sketch_CPU22 10.2041
pdt_nsk_c_CPU22 0
ns_dpdk_CPU22 10.2041
pdt_nsc_dpdk_CPU22 71.4286
ns_CPU22 10.2041
--------------------------------------------------

VARIABLES ------------------------------
Objective: 10.204081632653063
mem_tot_CPU23 0
m_access_time_CPU23 0
ns_single_CPU23 0
pdt_m_rows_CPU23 0
cores_sketch_CPU23 0
cores_dpdk_CPU23 7
ns_sketch_CPU23 10.2041
pdt_nsk_c_CPU23 0
ns_dpdk_CPU23 10.2041
pdt_nsc_dpdk_CPU23 71.4286
ns_CPU23 10.2041
--------------------------------------------------

VARIABLES ------------------------------
Objective: 10.204081632653063
mem_tot_CPU24 0
m_access_time_CPU24 0
ns_single_CPU24 0
pdt_m_rows_CPU24 0
cores_sketch_CPU24 0
cores_dpdk_CPU24 7
ns_sketch_CPU24 10.2041
pdt_nsk_c_CPU24 0
ns_dpdk_CPU24 10.2041
pdt_nsc_dpdk_CPU24 71.4286
ns_CPU24 10.2041
--------------------------------------------------

VARIABLES ------------------------------
Objective: 10.204081632653063
mem_tot_CPU25 0
m_access_time_CPU25 0
ns_single_CPU25 0
pdt_m_rows_CPU25 0
cores_sketch_CPU25 0
cores_dpdk_CPU25 7
ns_sketch_CPU25 10.2041
pdt_nsk_c_CPU25 0
ns_dpdk_CPU25 10.2041
pdt_nsc_dpdk_CPU25 71.4286
ns_CPU25 10.2041
--------------------------------------------------

VARIABLES ------------------------------
Objective: 10.204081632653063
mem_tot_CPU26 0
m_access_time_CPU26 0
ns_single_CPU26 0
pdt_m_rows_CPU26 0
cores_sketch_CPU26 0
cores_dpdk_CPU26 7
ns_sketch_CPU26 10.2041
pdt_nsk_c_CPU26 0
ns_dpdk_CPU26 10.2041
pdt_nsc_dpdk_CPU26 71.4286
ns_CPU26 10.2041
--------------------------------------------------

VARIABLES ------------------------------
Objective: 10.204081632653063
mem_tot_CPU27 0
m_access_time_CPU27 0
ns_single_CPU27 0
pdt_m_rows_CPU27 0
cores_sketch_CPU27 0
cores_dpdk_CPU27 7
ns_sketch_CPU27 10.2041
pdt_nsk_c_CPU27 0
ns_dpdk_CPU27 10.2041
pdt_nsc_dpdk_CPU27 71.4286
ns_CPU27 10.2041
--------------------------------------------------

VARIABLES ------------------------------
Objective: 10.204081632653063
mem_tot_CPU28 0
m_access_time_CPU28 0
ns_single_CPU28 0
pdt_m_rows_CPU28 0
cores_sketch_CPU28 0
cores_dpdk_CPU28 7
ns_sketch_CPU28 10.2041
pdt_nsk_c_CPU28 0
ns_dpdk_CPU28 10.2041
pdt_nsc_dpdk_CPU28 71.4286
ns_CPU28 10.2041
--------------------------------------------------

VARIABLES ------------------------------
Objective: 10.204081632653063
mem_tot_CPU29 0
m_access_time_CPU29 0
ns_single_CPU29 0
pdt_m_rows_CPU29 0
cores_sketch_CPU29 0
cores_dpdk_CPU29 7
ns_sketch_CPU29 10.2041
pdt_nsk_c_CPU29 0
ns_dpdk_CPU29 10.2041
pdt_nsc_dpdk_CPU29 71.4286
ns_CPU29 10.2041
--------------------------------------------------

VARIABLES ------------------------------
Objective: 10.204081632653063
mem_tot_CPU30 0
m_access_time_CPU30 0
ns_single_CPU30 0
pdt_m_rows_CPU30 0
cores_sketch_CPU30 0
cores_dpdk_CPU30 7
ns_sketch_CPU30 10.2041
pdt_nsk_c_CPU30 0
ns_dpdk_CPU30 10.2041
pdt_nsc_dpdk_CPU30 71.4286
ns_CPU30 10.2041
--------------------------------------------------

VARIABLES ------------------------------
Objective: 10.204081632653063
mem_tot_CPU31 0
m_access_time_CPU31 0
ns_single_CPU31 0
pdt_m_rows_CPU31 0
cores_sketch_CPU31 0
cores_dpdk_CPU31 7
ns_sketch_CPU31 10.2041
pdt_nsk_c_CPU31 0
ns_dpdk_CPU31 10.2041
pdt_nsc_dpdk_CPU31 71.4286
ns_CPU31 10.2041
--------------------------------------------------

VARIABLES ------------------------------
Objective: 10.204081632653063
mem_tot_CPU32 0
m_access_time_CPU32 0
ns_single_CPU32 0
pdt_m_rows_CPU32 0
cores_sketch_CPU32 0
cores_dpdk_CPU32 7
ns_sketch_CPU32 10.2041
pdt_nsk_c_CPU32 0
ns_dpdk_CPU32 10.2041
pdt_nsc_dpdk_CPU32 71.4286
ns_CPU32 10.2041
--------------------------------------------------

VARIABLES ------------------------------
Objective: 6.756756756756757
mem_tot_tor_P41 14.2734
ns_tor_P41 6.75676
--------------------------------------------------

VARIABLES ------------------------------
Objective: 6.756756756756757
mem_tot_tor_P42 7.64648
ns_tor_P42 6.75676
--------------------------------------------------

VARIABLES ------------------------------
Objective: 6.756756756756757
mem_tot_tor_P43 4.58789
ns_tor_P43 6.75676
--------------------------------------------------

VARIABLES ------------------------------
Objective: 6.756756756756757
mem_tot_tor_P44 14.2734
ns_tor_P44 6.75676
--------------------------------------------------

VARIABLES ------------------------------
Objective: 6.756756756756757
mem_tot_l1_P41 14.2734
ns_l1_P41 6.75676
--------------------------------------------------

VARIABLES ------------------------------
Objective: 6.756756756756757
mem_tot_l1_P42 14.2734
ns_l1_P42 6.75676
--------------------------------------------------

VARIABLES ------------------------------
Objective: 6.756756756756757
mem_tot_l2_P4 11.2148
ns_l2_P4 6.75676
--------------------------------------------------

VARIABLES ------------------------------
Objective: 10.204081632653063
mem_tot_CPU1 0
m_access_time_CPU1 0
ns_single_CPU1 0
pdt_m_rows_CPU1 0
cores_sketch_CPU1 0
cores_dpdk_CPU1 7
ns_sketch_CPU1 10.2041
pdt_nsk_c_CPU1 0
ns_dpdk_CPU1 10.2041
pdt_nsc_dpdk_CPU1 71.4286
ns_CPU1 10.2041
--------------------------------------------------

VARIABLES ------------------------------
Objective: 10.204081632653063
mem_tot_CPU2 0
m_access_time_CPU2 0
ns_single_CPU2 0
pdt_m_rows_CPU2 0
cores_sketch_CPU2 0
cores_dpdk_CPU2 7
ns_sketch_CPU2 10.2041
pdt_nsk_c_CPU2 0
ns_dpdk_CPU2 10.2041
pdt_nsc_dpdk_CPU2 71.4286
ns_CPU2 10.2041
--------------------------------------------------

VARIABLES ------------------------------
Objective: 10.204081632653063
mem_tot_CPU3 0
m_access_time_CPU3 0
ns_single_CPU3 0
pdt_m_rows_CPU3 0
cores_sketch_CPU3 0
cores_dpdk_CPU3 7
ns_sketch_CPU3 10.2041
pdt_nsk_c_CPU3 0
ns_dpdk_CPU3 10.2041
pdt_nsc_dpdk_CPU3 71.4286
ns_CPU3 10.2041
--------------------------------------------------

VARIABLES ------------------------------
Objective: 10.204081632653063
mem_tot_CPU4 0
m_access_time_CPU4 0
ns_single_CPU4 0
pdt_m_rows_CPU4 0
cores_sketch_CPU4 0
cores_dpdk_CPU4 7
ns_sketch_CPU4 10.2041
pdt_nsk_c_CPU4 0
ns_dpdk_CPU4 10.2041
pdt_nsc_dpdk_CPU4 71.4286
ns_CPU4 10.2041
--------------------------------------------------

VARIABLES ------------------------------
Objective: 10.204081632653063
mem_tot_CPU5 0
m_access_time_CPU5 0
ns_single_CPU5 0
pdt_m_rows_CPU5 0
cores_sketch_CPU5 0
cores_dpdk_CPU5 7
ns_sketch_CPU5 10.2041
pdt_nsk_c_CPU5 0
ns_dpdk_CPU5 10.2041
pdt_nsc_dpdk_CPU5 71.4286
ns_CPU5 10.2041
--------------------------------------------------

VARIABLES ------------------------------
Objective: 10.204081632653063
mem_tot_CPU6 0
m_access_time_CPU6 0
ns_single_CPU6 0
pdt_m_rows_CPU6 0
cores_sketch_CPU6 0
cores_dpdk_CPU6 7
ns_sketch_CPU6 10.2041
pdt_nsk_c_CPU6 0
ns_dpdk_CPU6 10.2041
pdt_nsc_dpdk_CPU6 71.4286
ns_CPU6 10.2041
--------------------------------------------------

VARIABLES ------------------------------
Objective: 10.204081632653063
mem_tot_CPU7 0
m_access_time_CPU7 0
ns_single_CPU7 0
pdt_m_rows_CPU7 0
cores_sketch_CPU7 0
cores_dpdk_CPU7 7
ns_sketch_CPU7 10.2041
pdt_nsk_c_CPU7 0
ns_dpdk_CPU7 10.2041
pdt_nsc_dpdk_CPU7 71.4286
ns_CPU7 10.2041
--------------------------------------------------

VARIABLES ------------------------------
Objective: 10.204081632653063
mem_tot_CPU8 0
m_access_time_CPU8 0
ns_single_CPU8 0
pdt_m_rows_CPU8 0
cores_sketch_CPU8 0
cores_dpdk_CPU8 7
ns_sketch_CPU8 10.2041
pdt_nsk_c_CPU8 0
ns_dpdk_CPU8 10.2041
pdt_nsc_dpdk_CPU8 71.4286
ns_CPU8 10.2041
--------------------------------------------------

VARIABLES ------------------------------
Objective: 10.204081632653063
mem_tot_CPU9 0
m_access_time_CPU9 0
ns_single_CPU9 0
pdt_m_rows_CPU9 0
cores_sketch_CPU9 0
cores_dpdk_CPU9 7
ns_sketch_CPU9 10.2041
pdt_nsk_c_CPU9 0
ns_dpdk_CPU9 10.2041
pdt_nsc_dpdk_CPU9 71.4286
ns_CPU9 10.2041
--------------------------------------------------

VARIABLES ------------------------------
Objective: 10.204081632653063
mem_tot_CPU10 0
m_access_time_CPU10 0
ns_single_CPU10 0
pdt_m_rows_CPU10 0
cores_sketch_CPU10 0
cores_dpdk_CPU10 7
ns_sketch_CPU10 10.2041
pdt_nsk_c_CPU10 0
ns_dpdk_CPU10 10.2041
pdt_nsc_dpdk_CPU10 71.4286
ns_CPU10 10.2041
--------------------------------------------------

VARIABLES ------------------------------
Objective: 10.204081632653063
mem_tot_CPU11 0
m_access_time_CPU11 0
ns_single_CPU11 0
pdt_m_rows_CPU11 0
cores_sketch_CPU11 0
cores_dpdk_CPU11 7
ns_sketch_CPU11 10.2041
pdt_nsk_c_CPU11 0
ns_dpdk_CPU11 10.2041
pdt_nsc_dpdk_CPU11 71.4286
ns_CPU11 10.2041
--------------------------------------------------

VARIABLES ------------------------------
Objective: 10.204081632653063
mem_tot_CPU12 0
m_access_time_CPU12 0
ns_single_CPU12 0
pdt_m_rows_CPU12 0
cores_sketch_CPU12 0
cores_dpdk_CPU12 7
ns_sketch_CPU12 10.2041
pdt_nsk_c_CPU12 0
ns_dpdk_CPU12 10.2041
pdt_nsc_dpdk_CPU12 71.4286
ns_CPU12 10.2041
--------------------------------------------------

VARIABLES ------------------------------
Objective: 10.204081632653063
mem_tot_CPU13 0
m_access_time_CPU13 0
ns_single_CPU13 0
pdt_m_rows_CPU13 0
cores_sketch_CPU13 0
cores_dpdk_CPU13 7
ns_sketch_CPU13 10.2041
pdt_nsk_c_CPU13 0
ns_dpdk_CPU13 10.2041
pdt_nsc_dpdk_CPU13 71.4286
ns_CPU13 10.2041
--------------------------------------------------

VARIABLES ------------------------------
Objective: 10.204081632653063
mem_tot_CPU14 0
m_access_time_CPU14 0
ns_single_CPU14 0
pdt_m_rows_CPU14 0
cores_sketch_CPU14 0
cores_dpdk_CPU14 7
ns_sketch_CPU14 10.2041
pdt_nsk_c_CPU14 0
ns_dpdk_CPU14 10.2041
pdt_nsc_dpdk_CPU14 71.4286
ns_CPU14 10.2041
--------------------------------------------------

VARIABLES ------------------------------
Objective: 10.204081632653063
mem_tot_CPU15 0
m_access_time_CPU15 0
ns_single_CPU15 0
pdt_m_rows_CPU15 0
cores_sketch_CPU15 0
cores_dpdk_CPU15 7
ns_sketch_CPU15 10.2041
pdt_nsk_c_CPU15 0
ns_dpdk_CPU15 10.2041
pdt_nsc_dpdk_CPU15 71.4286
ns_CPU15 10.2041
--------------------------------------------------

VARIABLES ------------------------------
Objective: 10.204081632653063
mem_tot_CPU16 0
m_access_time_CPU16 0
ns_single_CPU16 0
pdt_m_rows_CPU16 0
cores_sketch_CPU16 0
cores_dpdk_CPU16 7
ns_sketch_CPU16 10.2041
pdt_nsk_c_CPU16 0
ns_dpdk_CPU16 10.2041
pdt_nsc_dpdk_CPU16 71.4286
ns_CPU16 10.2041
--------------------------------------------------

VARIABLES ------------------------------
Objective: 10.204081632653063
mem_tot_CPU17 0
m_access_time_CPU17 0
ns_single_CPU17 0
pdt_m_rows_CPU17 0
cores_sketch_CPU17 0
cores_dpdk_CPU17 7
ns_sketch_CPU17 10.2041
pdt_nsk_c_CPU17 0
ns_dpdk_CPU17 10.2041
pdt_nsc_dpdk_CPU17 71.4286
ns_CPU17 10.2041
--------------------------------------------------

VARIABLES ------------------------------
Objective: 10.204081632653063
mem_tot_CPU18 0
m_access_time_CPU18 0
ns_single_CPU18 0
pdt_m_rows_CPU18 0
cores_sketch_CPU18 0
cores_dpdk_CPU18 7
ns_sketch_CPU18 10.2041
pdt_nsk_c_CPU18 0
ns_dpdk_CPU18 10.2041
pdt_nsc_dpdk_CPU18 71.4286
ns_CPU18 10.2041
--------------------------------------------------

VARIABLES ------------------------------
Objective: 10.204081632653063
mem_tot_CPU19 0
m_access_time_CPU19 0
ns_single_CPU19 0
pdt_m_rows_CPU19 0
cores_sketch_CPU19 0
cores_dpdk_CPU19 7
ns_sketch_CPU19 10.2041
pdt_nsk_c_CPU19 0
ns_dpdk_CPU19 10.2041
pdt_nsc_dpdk_CPU19 71.4286
ns_CPU19 10.2041
--------------------------------------------------

VARIABLES ------------------------------
Objective: 10.204081632653063
mem_tot_CPU20 0
m_access_time_CPU20 0
ns_single_CPU20 0
pdt_m_rows_CPU20 0
cores_sketch_CPU20 0
cores_dpdk_CPU20 7
ns_sketch_CPU20 10.2041
pdt_nsk_c_CPU20 0
ns_dpdk_CPU20 10.2041
pdt_nsc_dpdk_CPU20 71.4286
ns_CPU20 10.2041
--------------------------------------------------

VARIABLES ------------------------------
Objective: 10.204081632653063
mem_tot_CPU21 0
m_access_time_CPU21 0
ns_single_CPU21 0
pdt_m_rows_CPU21 0
cores_sketch_CPU21 0
cores_dpdk_CPU21 7
ns_sketch_CPU21 10.2041
pdt_nsk_c_CPU21 0
ns_dpdk_CPU21 10.2041
pdt_nsc_dpdk_CPU21 71.4286
ns_CPU21 10.2041
--------------------------------------------------

VARIABLES ------------------------------
Objective: 10.204081632653063
mem_tot_CPU22 0
m_access_time_CPU22 0
ns_single_CPU22 0
pdt_m_rows_CPU22 0
cores_sketch_CPU22 0
cores_dpdk_CPU22 7
ns_sketch_CPU22 10.2041
pdt_nsk_c_CPU22 0
ns_dpdk_CPU22 10.2041
pdt_nsc_dpdk_CPU22 71.4286
ns_CPU22 10.2041
--------------------------------------------------

VARIABLES ------------------------------
Objective: 10.204081632653063
mem_tot_CPU23 0
m_access_time_CPU23 0
ns_single_CPU23 0
pdt_m_rows_CPU23 0
cores_sketch_CPU23 0
cores_dpdk_CPU23 7
ns_sketch_CPU23 10.2041
pdt_nsk_c_CPU23 0
ns_dpdk_CPU23 10.2041
pdt_nsc_dpdk_CPU23 71.4286
ns_CPU23 10.2041
--------------------------------------------------

VARIABLES ------------------------------
Objective: 10.204081632653063
mem_tot_CPU24 0
m_access_time_CPU24 0
ns_single_CPU24 0
pdt_m_rows_CPU24 0
cores_sketch_CPU24 0
cores_dpdk_CPU24 7
ns_sketch_CPU24 10.2041
pdt_nsk_c_CPU24 0
ns_dpdk_CPU24 10.2041
pdt_nsc_dpdk_CPU24 71.4286
ns_CPU24 10.2041
--------------------------------------------------

VARIABLES ------------------------------
Objective: 10.204081632653063
mem_tot_CPU25 0
m_access_time_CPU25 0
ns_single_CPU25 0
pdt_m_rows_CPU25 0
cores_sketch_CPU25 0
cores_dpdk_CPU25 7
ns_sketch_CPU25 10.2041
pdt_nsk_c_CPU25 0
ns_dpdk_CPU25 10.2041
pdt_nsc_dpdk_CPU25 71.4286
ns_CPU25 10.2041
--------------------------------------------------

VARIABLES ------------------------------
Objective: 10.204081632653063
mem_tot_CPU26 0
m_access_time_CPU26 0
ns_single_CPU26 0
pdt_m_rows_CPU26 0
cores_sketch_CPU26 0
cores_dpdk_CPU26 7
ns_sketch_CPU26 10.2041
pdt_nsk_c_CPU26 0
ns_dpdk_CPU26 10.2041
pdt_nsc_dpdk_CPU26 71.4286
ns_CPU26 10.2041
--------------------------------------------------

VARIABLES ------------------------------
Objective: 10.204081632653063
mem_tot_CPU27 0
m_access_time_CPU27 0
ns_single_CPU27 0
pdt_m_rows_CPU27 0
cores_sketch_CPU27 0
cores_dpdk_CPU27 7
ns_sketch_CPU27 10.2041
pdt_nsk_c_CPU27 0
ns_dpdk_CPU27 10.2041
pdt_nsc_dpdk_CPU27 71.4286
ns_CPU27 10.2041
--------------------------------------------------

VARIABLES ------------------------------
Objective: 10.204081632653063
mem_tot_CPU28 0
m_access_time_CPU28 0
ns_single_CPU28 0
pdt_m_rows_CPU28 0
cores_sketch_CPU28 0
cores_dpdk_CPU28 7
ns_sketch_CPU28 10.2041
pdt_nsk_c_CPU28 0
ns_dpdk_CPU28 10.2041
pdt_nsc_dpdk_CPU28 71.4286
ns_CPU28 10.2041
--------------------------------------------------

VARIABLES ------------------------------
Objective: 10.204081632653063
mem_tot_CPU29 0
m_access_time_CPU29 0
ns_single_CPU29 0
pdt_m_rows_CPU29 0
cores_sketch_CPU29 0
cores_dpdk_CPU29 7
ns_sketch_CPU29 10.2041
pdt_nsk_c_CPU29 0
ns_dpdk_CPU29 10.2041
pdt_nsc_dpdk_CPU29 71.4286
ns_CPU29 10.2041
--------------------------------------------------

VARIABLES ------------------------------
Objective: 10.204081632653063
mem_tot_CPU30 0
m_access_time_CPU30 0
ns_single_CPU30 0
pdt_m_rows_CPU30 0
cores_sketch_CPU30 0
cores_dpdk_CPU30 7
ns_sketch_CPU30 10.2041
pdt_nsk_c_CPU30 0
ns_dpdk_CPU30 10.2041
pdt_nsc_dpdk_CPU30 71.4286
ns_CPU30 10.2041
--------------------------------------------------

VARIABLES ------------------------------
Objective: 10.204081632653063
mem_tot_CPU31 0
m_access_time_CPU31 0
ns_single_CPU31 0
pdt_m_rows_CPU31 0
cores_sketch_CPU31 0
cores_dpdk_CPU31 7
ns_sketch_CPU31 10.2041
pdt_nsk_c_CPU31 0
ns_dpdk_CPU31 10.2041
pdt_nsc_dpdk_CPU31 71.4286
ns_CPU31 10.2041
--------------------------------------------------

VARIABLES ------------------------------
Objective: 10.204081632653063
mem_tot_CPU32 0
m_access_time_CPU32 0
ns_single_CPU32 0
pdt_m_rows_CPU32 0
cores_sketch_CPU32 0
cores_dpdk_CPU32 7
ns_sketch_CPU32 10.2041
pdt_nsk_c_CPU32 0
ns_dpdk_CPU32 10.2041
pdt_nsc_dpdk_CPU32 71.4286
ns_CPU32 10.2041
--------------------------------------------------

Throughput: 97.99999999999999 Mpps, ns per packet: 10.204081632653063
Resources: 2253.5279783476403
Used Cores: 223.99999999999912, Total CPUS: 32, Switch Memory: 80.5429677499

Sketch (0) (cm: eps0: 0.00625, del0: 0.05, min_mem: 1.69921875)
Par0 id: 0, Rows: 3
(0.000,32)    (0.800,35)    (0.000,36)    (0.000,37)    (0.000,38)    (0.000,24)    (0.000,29)    
Total frac: 0.800

Sketch (1) (cm: eps0: 0.00625, del0: 0.05, min_mem: 1.69921875)
Par0 id: 1, Rows: 3
(0.000,32)    (0.000,33)    (0.000,34)    (0.000,35)    (0.000,36)    (0.000,37)    (0.900,38)    
Total frac: 0.900

Sketch (2) (cm: eps0: 0.00625, del0: 0.05, min_mem: 1.69921875)
Par0 id: 2, Rows: 3
(0.800,32)    (1.000,35)    
Total frac: 1.800

Sketch (3) (cm: eps0: 0.00625, del0: 0.05, min_mem: 1.69921875)
Par0 id: 3, Rows: 3
(0.000,32)    (0.000,33)    (0.900,36)    
Total frac: 0.900

Sketch (4) (cm: eps0: 0.00625, del0: 0.05, min_mem: 1.69921875)
Par0 id: 4, Rows: 3
(0.000,32)    (0.200,33)    (0.000,34)    (1.000,35)    (0.000,36)    (0.700,37)    (0.000,38)    (0.000,20)    (0.000,23)    (0.000,29)    (0.000,31)    
Total frac: 1.900

Sketch (5) (cm: eps0: 0.00625, del0: 0.05, min_mem: 1.69921875)
Par0 id: 5, Rows: 3
(0.000,33)    (0.000,35)    (1.000,36)    (0.000,37)    (0.000,38)    
Total frac: 1.000

Sketch (6) (cm: eps0: 0.00625, del0: 0.05, min_mem: 1.69921875)
Par0 id: 6, Rows: 3
(0.000,32)    (0.000,34)    (0.250,36)    (0.000,37)    (0.650,38)    
Total frac: 0.900

Sketch (7) (cm: eps0: 0.00625, del0: 0.05, min_mem: 1.69921875)
Par0 id: 7, Rows: 3
(0.000,32)    (0.800,33)    (0.000,34)    (0.000,36)    (0.000,37)    (0.000,38)    
Total frac: 0.800

Sketch (8) (cm: eps0: 0.00625, del0: 0.05, min_mem: 1.69921875)
Par0 id: 8, Rows: 3
(0.700,32)    (0.000,35)    (0.000,36)    (0.000,37)    (0.000,38)    
Total frac: 0.700

Sketch (9) (cm: eps0: 0.00625, del0: 0.05, min_mem: 1.69921875)
Par0 id: 9, Rows: 3
(0.500,33)    (0.000,34)    (0.000,35)    (0.000,36)    (0.200,37)    (0.000,38)    
Total frac: 0.700

Sketch (10) (cm: eps0: 0.00625, del0: 0.05, min_mem: 1.69921875)
Par0 id: 10, Rows: 3
(0.000,33)    (0.800,34)    (0.000,36)    (0.000,37)    (0.000,38)    
Total frac: 0.800

Sketch (11) (cm: eps0: 0.00625, del0: 0.05, min_mem: 1.69921875)
Par0 id: 11, Rows: 3
(0.000,33)    (0.100,34)    (0.000,35)    (0.000,36)    (0.900,37)    (0.000,38)    
Total frac: 1.000

Sketch (12) (cm: eps0: 0.00625, del0: 0.05, min_mem: 1.69921875)
Par0 id: 12, Rows: 3
(0.000,33)    (0.000,34)    (0.000,35)    (0.000,36)    (1.000,37)    (0.000,38)    
Total frac: 1.000

Sketch (13) (cm: eps0: 0.00625, del0: 0.05, min_mem: 1.69921875)
Par0 id: 13, Rows: 3
(0.000,32)    (0.000,34)    (0.250,36)    (0.000,37)    (0.650,38)    
Total frac: 0.900

Sketch (14) (cm: eps0: 0.00625, del0: 0.05, min_mem: 1.69921875)
Par0 id: 14, Rows: 3
(0.700,32)    (0.000,34)    (0.000,36)    (0.000,37)    (0.000,38)    
Total frac: 0.700

Sketch (15) (cm: eps0: 0.00625, del0: 0.05, min_mem: 1.69921875)
Par0 id: 15, Rows: 3
(0.600,32)    (0.000,35)    (0.400,36)    (0.000,37)    (0.000,38)    
Total frac: 1.000

Device (0) CPU1:
cores_sketch: 0.0, cores_dpdk: 6.999999999999973
Rows total: 0
Mem total: 0
Throughput: 97.99999999999999

Device (1) CPU2:
cores_sketch: 0.0, cores_dpdk: 6.999999999999973
Rows total: 0
Mem total: 0
Throughput: 97.99999999999999

Device (2) CPU3:
cores_sketch: 0.0, cores_dpdk: 6.999999999999973
Rows total: 0
Mem total: 0
Throughput: 97.99999999999999

Device (3) CPU4:
cores_sketch: 0.0, cores_dpdk: 6.999999999999973
Rows total: 0
Mem total: 0
Throughput: 97.99999999999999

Device (4) CPU5:
cores_sketch: 0.0, cores_dpdk: 6.999999999999973
Rows total: 0
Mem total: 0
Throughput: 97.99999999999999

Device (5) CPU6:
cores_sketch: 0.0, cores_dpdk: 6.999999999999973
Rows total: 0
Mem total: 0
Throughput: 97.99999999999999

Device (6) CPU7:
cores_sketch: 0.0, cores_dpdk: 6.999999999999973
Rows total: 0
Mem total: 0
Throughput: 97.99999999999999

Device (7) CPU8:
cores_sketch: 0.0, cores_dpdk: 6.999999999999973
Rows total: 0
Mem total: 0
Throughput: 97.99999999999999

Device (8) CPU9:
cores_sketch: 0.0, cores_dpdk: 6.999999999999973
Rows total: 0
Mem total: 0
Throughput: 97.99999999999999

Device (9) CPU10:
cores_sketch: 0.0, cores_dpdk: 6.999999999999973
Rows total: 0
Mem total: 0
Throughput: 97.99999999999999

Device (10) CPU11:
cores_sketch: 0.0, cores_dpdk: 6.999999999999973
Rows total: 0
Mem total: 0
Throughput: 97.99999999999999

Device (11) CPU12:
cores_sketch: 0.0, cores_dpdk: 6.999999999999973
Rows total: 0
Mem total: 0
Throughput: 97.99999999999999

Device (12) CPU13:
cores_sketch: 0.0, cores_dpdk: 6.999999999999973
Rows total: 0
Mem total: 0
Throughput: 97.99999999999999

Device (13) CPU14:
cores_sketch: 0.0, cores_dpdk: 6.999999999999973
Rows total: 0
Mem total: 0
Throughput: 97.99999999999999

Device (14) CPU15:
cores_sketch: 0.0, cores_dpdk: 6.999999999999973
Rows total: 0
Mem total: 0
Throughput: 97.99999999999999

Device (15) CPU16:
cores_sketch: 0.0, cores_dpdk: 6.999999999999973
Rows total: 0
Mem total: 0
Throughput: 97.99999999999999

Device (16) CPU17:
cores_sketch: 0.0, cores_dpdk: 6.999999999999973
Rows total: 0.0
Mem total: 0.0
Throughput: 97.99999999999999

Device (17) CPU18:
cores_sketch: 0.0, cores_dpdk: 6.999999999999973
Rows total: 0.0
Mem total: 0.0
Throughput: 97.99999999999999

Device (18) CPU19:
cores_sketch: 0.0, cores_dpdk: 6.999999999999973
Rows total: 0.0
Mem total: 0.0
Throughput: 97.99999999999999

Device (19) CPU20:
cores_sketch: 0.0, cores_dpdk: 6.999999999999973
Rows total: 0.0
Mem total: 0.0
Throughput: 97.99999999999999

Device (20) CPU21:
cores_sketch: 0.0, cores_dpdk: 6.999999999999973
Rows total: 0.0
Mem total: 0.0
Throughput: 97.99999999999999

Device (21) CPU22:
cores_sketch: 0.0, cores_dpdk: 6.999999999999973
Rows total: 0.0
Mem total: 0.0
Throughput: 97.99999999999999

Device (22) CPU23:
cores_sketch: 0.0, cores_dpdk: 6.999999999999973
Rows total: 0.0
Mem total: 0.0
Throughput: 97.99999999999999

Device (23) CPU24:
cores_sketch: 0.0, cores_dpdk: 6.999999999999973
Rows total: 0.0
Mem total: 0.0
Throughput: 97.99999999999999

Device (24) CPU25:
cores_sketch: 0.0, cores_dpdk: 6.999999999999973
Rows total: 0.0
Mem total: 0.0
Throughput: 97.99999999999999

Device (25) CPU26:
cores_sketch: 0.0, cores_dpdk: 6.999999999999973
Rows total: 0.0
Mem total: 0.0
Throughput: 97.99999999999999

Device (26) CPU27:
cores_sketch: 0.0, cores_dpdk: 6.999999999999973
Rows total: 0.0
Mem total: 0.0
Throughput: 97.99999999999999

Device (27) CPU28:
cores_sketch: 0.0, cores_dpdk: 6.999999999999973
Rows total: 0.0
Mem total: 0.0
Throughput: 97.99999999999999

Device (28) CPU29:
cores_sketch: 0.0, cores_dpdk: 6.999999999999973
Rows total: 0.0
Mem total: 0.0
Throughput: 97.99999999999999

Device (29) CPU30:
cores_sketch: 0.0, cores_dpdk: 6.999999999999973
Rows total: 0.0
Mem total: 0.0
Throughput: 97.99999999999999

Device (30) CPU31:
cores_sketch: 0.0, cores_dpdk: 6.999999999999973
Rows total: 0.0
Mem total: 0.0
Throughput: 97.99999999999999

Device (31) CPU32:
cores_sketch: 0.0, cores_dpdk: 6.999999999999973
Rows total: 0.0
Mem total: 0.0
Throughput: 97.99999999999999

Device (32) tor_P41:
Rows total: 8.3999997057177
Mem total: 14.27343699995
Throughput: 148.0

Device (33) tor_P42:
Rows total: 4.5
Mem total: 7.646484375
Throughput: 148.0

Device (34) tor_P43:
Rows total: 2.7
Mem total: 4.587890625
Throughput: 148.0

Device (35) tor_P44:
Rows total: 8.3999997057177
Mem total: 14.27343699995
Throughput: 148.0

Device (36) l1_P41:
Rows total: 8.3999997057177
Mem total: 14.27343699995
Throughput: 148.0

Device (37) l1_P42:
Rows total: 8.3999997057177
Mem total: 14.27343699995
Throughput: 148.0

Device (38) l2_P4:
Rows total: 6.600000588564598
Mem total: 11.2148447501
Throughput: 148.0

Flow 0:
partitions: [(1, 0.7)]
path: (4, 32, 36, 38, 37, 34, 19)
Flow 1:
partitions: [(3, 0.7)]
path: (9, 33, 36, 32, 1)
Flow 2:
partitions: [(0, 0.8)]
path: (29, 35, 24)
Flow 3:
partitions: [(1, 0.9)]
path: (9, 33, 36, 38, 37, 35, 24)
Flow 4:
partitions: [(2, 1.0)]
path: (29, 35, 24)
Flow 5:
partitions: [(2, 0.8)]
path: (4, 32, 1)
Flow 6:
partitions: [(3, 0.9)]
path: (12, 33, 36, 32, 4)
Flow 7:
partitions: [(0, 0.8)]
path: (24, 35, 37, 38, 36, 32, 4)
Flow 8:
partitions: [(5, 1.0)]
path: (28, 35, 37, 38, 36, 33, 8)
Flow 9:
partitions: [(7, 0.8)]
path: (8, 33, 36, 32, 7)
Flow 10:
partitions: [(6, 0.9)]
path: (20, 34, 37, 38, 36, 32, 5)
Flow 11:
partitions: [(4, 1.0)]
path: (31, 35, 29)
Flow 12:
partitions: [(4, 0.9)]
path: (8, 33, 36, 38, 37, 34, 23)
Flow 13:
partitions: [(6, 0.7)]
path: (7, 32, 36, 38, 37, 34, 20)
Flow 14:
partitions: [(7, 0.7)]
path: (23, 34, 37, 38, 36, 33, 15)
Flow 15:
partitions: [(4, 0.7)]
path: (20, 34, 37, 38, 36, 32, 5)
Flow 16:
partitions: [(9, 0.7)]
path: (18, 34, 37, 38, 36, 33, 11)
Flow 17:
partitions: [(11, 0.9)]
path: (25, 35, 37, 38, 36, 33, 11)
Flow 18:
partitions: [(9, 0.7)]
path: (25, 35, 37, 38, 36, 33, 11)
Flow 19:
partitions: [(10, 0.8)]
path: (16, 34, 18)
Flow 20:
partitions: [(10, 0.7)]
path: (18, 34, 21)
Flow 21:
partitions: [(11, 1.0)]
path: (25, 35, 37, 34, 22)
Flow 22:
partitions: [(10, 0.8)]
path: (22, 34, 37, 38, 36, 33, 11)
Flow 23:
partitions: [(8, 0.7)]
path: (25, 35, 37, 38, 36, 32, 2)
Flow 24:
partitions: [(12, 1.0)]
path: (21, 34, 37, 35, 26)
Flow 25:
partitions: [(15, 1.0)]
path: (2, 32, 36, 38, 37, 35, 26)
Flow 26:
partitions: [(14, 0.7)]
path: (2, 32, 3)
Flow 27:
partitions: [(12, 1.0)]
path: (26, 35, 37, 38, 36, 33, 13)
Flow 28:
partitions: [(12, 1.0)]
path: (10, 33, 36, 38, 37, 34, 17)
Flow 29:
partitions: [(13, 0.7)]
path: (2, 32, 36, 38, 37, 34, 17)
Flow 30:
partitions: [(13, 0.9)]
path: (2, 32, 36, 38, 37, 34, 21)
Flow 31:
partitions: [(14, 0.7)]
path: (17, 34, 37, 38, 36, 32, 0)
--------------------------------------------------
Function: solve took 0.18085741996765137 seconds
