Function: get_partitions took 1.1205673217773438e-05 seconds
Function: map_flows_partitions took 5.0067901611328125e-06 seconds
Function: map_flows_to_cluster took 3.910064697265625e-05 seconds
Building model with:
11 devices, 4 partitions and 8 flows
Function: MIP.add_frac_mem_var took 0.00019788742065429688 seconds
Function: MIP.add_coverage_constraints took 9.393692016601562e-05 seconds
Function: MIP.add_accuracy_constraints took 0.00036525726318359375 seconds
Function: MIP.add_capacity_constraints took 0.00090789794921875 seconds
Netmon behaving like UnivmonGreedyRows
--------------------------------------------------
Starting model update
Model update took: 6.103515625e-05 s
--------------------------------------------------
Starting model optimize
Model optimize took: 0.008204221725463867 seconds
--------------------------------------------------

VARIABLES ------------------------------
Objective: 5.885645977011494e-07
frac[7,3] 0
frac[1,3] 0
frac[9,1] 0.75
frac[3,0] 0
frac[2,1] 0
frac[6,2] 0.7
frac[0,3] 0
frac[7,2] 0
frac[4,0] 1
frac[1,2] 0
frac[9,0] 0.75
frac[3,3] 0
frac[6,3] 0.8
frac[2,2] 0
frac[3,2] 0
frac[0,0] 0
frac[8,2] 1
frac[7,1] 0.25
frac[9,3] 0
frac[6,0] 0
frac[2,3] 1.96188e-07
frac[5,3] 0.20062
frac[8,3] 0
frac[7,0] 0.25
frac[9,2] 0
frac[6,1] 0
frac[3,1] 0
frac[2,0] 0
frac[4,3] 0.5
frac[5,2] 0
frac[10,2] 0
mem[7,3] 0
mem[1,3] 0
mem[9,1] 3.82324
mem[3,0] 0
mem[2,1] 0
mem[6,2] 3.56836
mem[0,3] 0
mem[7,2] 0
mem[4,0] 5.09766
mem[1,2] 0
mem[9,0] 3.82324
mem[3,3] 0
mem[6,3] 4.07812
mem[2,2] 0
mem[3,2] 0
mem[0,0] 0
mem[8,2] 5.09766
mem[7,1] 1.27441
mem[9,3] 0
mem[6,0] 0
mem[2,3] 1.0001e-06
mem[5,3] 1.02269
mem[8,3] 0
mem[7,0] 1.27441
mem[9,2] 0
mem[6,1] 0
mem[3,1] 0
mem[2,0] 0
mem[4,3] 2.54883
mem[5,2] 0
mem[10,2] 0
mem_tot_{CPU1,CPU2} 0
normalized_mem_tot_{CPU1,CPU2} 0
rows_tot_{CPU1,CPU2} 0
normalized_rows_tot_{CPU1,CPU2} 0
mem_tot_{CPU3,CPU4} 0
normalized_mem_tot_{CPU3,CPU4} 0
rows_tot_{CPU3,CPU4} 0
normalized_rows_tot_{CPU3,CPU4} 0
mem_tot_{CPU5,CPU6} 1.0001e-06
normalized_mem_tot_{CPU5,CPU6} 1.52603e-11
rows_tot_{CPU5,CPU6} 5.88565e-07
normalized_rows_tot_{CPU5,CPU6} 2.45235e-08
mem_tot_{CPU7,CPU8} 0
normalized_mem_tot_{CPU7,CPU8} 0
rows_tot_{CPU7,CPU8} 0
normalized_rows_tot_{CPU7,CPU8} 0
mem_tot_tor_P41 7.64648
normalized_mem_tot_tor_P41 0.0132751
rows_tot_tor_P41 4.5
normalized_rows_tot_tor_P41 0.09375
mem_tot_tor_P42 1.02269
normalized_mem_tot_tor_P42 0.00177551
rows_tot_tor_P42 0.601861
normalized_rows_tot_tor_P42 0.0125388
mem_tot_tor_P43 7.64648
normalized_mem_tot_tor_P43 0.0132751
rows_tot_tor_P43 4.5
normalized_rows_tot_tor_P43 0.09375
mem_tot_tor_P44 2.54883
normalized_mem_tot_tor_P44 0.00442505
rows_tot_tor_P44 1.5
normalized_rows_tot_tor_P44 0.03125
mem_tot_l1_P41 5.09766
normalized_mem_tot_l1_P41 0.0088501
rows_tot_l1_P41 3
normalized_rows_tot_l1_P41 0.0625
mem_tot_l1_P42 7.64648
normalized_mem_tot_l1_P42 0.0132751
rows_tot_l1_P42 4.5
normalized_rows_tot_l1_P42 0.09375
mem_tot_l2_P4 0
normalized_mem_tot_l2_P4 0
rows_tot_l2_P4 0
normalized_rows_tot_l2_P4 0
max_mem_P4 7.64648
max_mem_CPU_Cluster 0
max_rows_P4 4.5
max_rows_CPU_Cluster 2.45235e-08
--------------------------------------------------

Sketch (0) (cm: eps0: 0.00625, del0: 0.05, min_mem: 1.69921875)
Par0 id: 0, Rows: 3
(0.000,3)    (1.000,4)    (0.750,9)    (0.000,0)    (0.000,6)    (0.250,7)    (0.000,2)    
Total frac: 2.000

Sketch (1) (cm: eps0: 0.00625, del0: 0.05, min_mem: 1.69921875)
Par0 id: 1, Rows: 3
(0.750,9)    (0.000,2)    (0.250,7)    (0.000,6)    (0.000,3)    
Total frac: 1.000

Sketch (2) (cm: eps0: 0.00625, del0: 0.05, min_mem: 1.69921875)
Par0 id: 2, Rows: 3
(0.700,6)    (0.000,7)    (0.000,1)    (0.000,2)    (0.000,3)    (1.000,8)    (0.000,9)    (0.000,5)    (0.000,10)    
Total frac: 1.700

Sketch (3) (cm: eps0: 0.00625, del0: 0.05, min_mem: 1.69921875)
Par0 id: 3, Rows: 3
(0.000,7)    (0.000,1)    (0.000,0)    (0.000,3)    (0.800,6)    (0.000,9)    (0.000,2)    (0.201,5)    (0.000,8)    (0.500,4)    
Total frac: 1.501

Device (0) {CPU1,CPU2}:
Rows total: 0.0
Mem total: 0.0

Device (1) {CPU3,CPU4}:
Rows total: 0.0
Mem total: 0.0

Device (2) {CPU5,CPU6}:
Rows total: 5.885645977011494e-07
Mem total: 1.0001e-06

Device (3) {CPU7,CPU8}:
Rows total: 0.0
Mem total: 0.0

Device (4) tor_P41:
Rows total: 4.499999411435402
Mem total: 7.646483374899999
Throughput: 148.0

Device (5) tor_P42:
Rows total: 0.6018611769291861
Mem total: 1.0226937967351404
Throughput: 148.0

Device (6) tor_P43:
Rows total: 4.499999411435402
Mem total: 7.646483374899999
Throughput: 148.0

Device (7) tor_P44:
Rows total: 1.5000005885645984
Mem total: 2.548829125100001
Throughput: 148.0

Device (8) l1_P41:
Rows total: 3.0
Mem total: 5.09765625
Throughput: 148.0

Device (9) l1_P42:
Rows total: 4.499999411435402
Mem total: 7.646483374899999
Throughput: 148.0

Device (10) l2_P4:
Rows total: 0.0
Mem total: 0.0
Throughput: 148.0

Flow 0:
partitions: [(3, 0.8)]
path: {2, 6}
Flow 1:
partitions: [(2, 1.0)]
path: {1, 3, 5, 7, 8, 9, 10}
Flow 2:
partitions: [(3, 0.7)]
path: {2, 3, 6, 7, 9}
Flow 3:
partitions: [(2, 0.7)]
path: {2, 6}
Flow 4:
partitions: [(0, 1.0)]
path: {0, 4}
Flow 5:
partitions: [(0, 1.0)]
path: {2, 3, 6, 7, 9}
Flow 6:
partitions: [(1, 1.0)]
path: {2, 3, 6, 7, 9}
Flow 7:
partitions: [(3, 0.7)]
path: {0, 1, 4, 5, 8}
--------------------------------------------------

VARIABLES ------------------------------
Objective: 10.204081632653061
mem_tot_{CPU1,CPU2} 0
ns_{CPU1,CPU2} 10.2041
--------------------------------------------------

VARIABLES ------------------------------
Objective: 10.204081632653061
mem_tot_{CPU3,CPU4} 0
ns_{CPU3,CPU4} 10.2041
--------------------------------------------------

VARIABLES ------------------------------
Objective: 10.204081632653061
mem_tot_{CPU5,CPU6} 0
ns_{CPU5,CPU6} 10.2041
--------------------------------------------------

VARIABLES ------------------------------
Objective: 10.204081632653061
mem_tot_{CPU7,CPU8} 0
ns_{CPU7,CPU8} 10.2041
--------------------------------------------------

VARIABLES ------------------------------
Objective: 6.756756756756757
mem_tot_tor_P41 7.64648
ns_tor_P41 6.75676
--------------------------------------------------

VARIABLES ------------------------------
Objective: 6.756756756756757
mem_tot_tor_P42 1.02269
ns_tor_P42 6.75676
--------------------------------------------------

VARIABLES ------------------------------
Objective: 6.756756756756757
mem_tot_tor_P43 7.64648
ns_tor_P43 6.75676
--------------------------------------------------

VARIABLES ------------------------------
Objective: 6.756756756756757
mem_tot_tor_P44 2.54883
ns_tor_P44 6.75676
--------------------------------------------------

VARIABLES ------------------------------
Objective: 6.756756756756757
mem_tot_l1_P41 5.09766
ns_l1_P41 6.75676
--------------------------------------------------

VARIABLES ------------------------------
Objective: 6.756756756756757
mem_tot_l1_P42 7.64648
ns_l1_P42 6.75676
--------------------------------------------------

VARIABLES ------------------------------
Objective: 6.756756756756757
mem_tot_l2_P4 0
ns_l2_P4 6.75676
--------------------------------------------------

Throughput: 98.0 Mpps, ns per packet: 10.204081632653061
Resources: 5.30897911039448
Used Cores: 0, Total CPUS: 0, Switch Memory: 31.608629296535142

Sketch (0) (cm: eps0: 0.00625, del0: 0.05, min_mem: 1.69921875)
Par0 id: 0, Rows: 3
(0.000,3)    (1.000,4)    (0.750,9)    (0.000,0)    (0.000,6)    (0.250,7)    (0.000,2)    
Total frac: 2.000

Sketch (1) (cm: eps0: 0.00625, del0: 0.05, min_mem: 1.69921875)
Par0 id: 1, Rows: 3
(0.750,9)    (0.000,2)    (0.250,7)    (0.000,6)    (0.000,3)    
Total frac: 1.000

Sketch (2) (cm: eps0: 0.00625, del0: 0.05, min_mem: 1.69921875)
Par0 id: 2, Rows: 3
(0.700,6)    (0.000,7)    (0.000,1)    (0.000,2)    (0.000,3)    (1.000,8)    (0.000,9)    (0.000,5)    (0.000,10)    
Total frac: 1.700

Sketch (3) (cm: eps0: 0.00625, del0: 0.05, min_mem: 1.69921875)
Par0 id: 3, Rows: 3
(0.000,7)    (0.000,1)    (0.000,0)    (0.000,3)    (0.800,6)    (0.000,9)    (0.000,2)    (0.201,5)    (0.000,8)    (0.500,4)    
Total frac: 1.501

Device (0) {CPU1,CPU2}:
Rows total: 0.0
Mem total: 0.0
Throughput: 98.0

Device (1) {CPU3,CPU4}:
Rows total: 0.0
Mem total: 0.0
Throughput: 98.0

Device (2) {CPU5,CPU6}:
Rows total: 5.885645977011494e-07
Mem total: 1.0001e-06
Throughput: 98.0

Device (3) {CPU7,CPU8}:
Rows total: 0.0
Mem total: 0.0
Throughput: 98.0

Device (4) tor_P41:
Rows total: 4.499999411435402
Mem total: 7.646483374899999
Throughput: 148.0

Device (5) tor_P42:
Rows total: 0.6018611769291861
Mem total: 1.0226937967351404
Throughput: 148.0

Device (6) tor_P43:
Rows total: 4.499999411435402
Mem total: 7.646483374899999
Throughput: 148.0

Device (7) tor_P44:
Rows total: 1.5000005885645984
Mem total: 2.548829125100001
Throughput: 148.0

Device (8) l1_P41:
Rows total: 3.0
Mem total: 5.09765625
Throughput: 148.0

Device (9) l1_P42:
Rows total: 4.499999411435402
Mem total: 7.646483374899999
Throughput: 148.0

Device (10) l2_P4:
Rows total: 0.0
Mem total: 0.0
Throughput: 148.0

Flow 0:
partitions: [(3, 0.8)]
path: {2, 6}
Flow 1:
partitions: [(2, 1.0)]
path: {1, 3, 5, 7, 8, 9, 10}
Flow 2:
partitions: [(3, 0.7)]
path: {2, 3, 6, 7, 9}
Flow 3:
partitions: [(2, 0.7)]
path: {2, 6}
Flow 4:
partitions: [(0, 1.0)]
path: {0, 4}
Flow 5:
partitions: [(0, 1.0)]
path: {2, 3, 6, 7, 9}
Flow 6:
partitions: [(1, 1.0)]
path: {2, 3, 6, 7, 9}
Flow 7:
partitions: [(3, 0.7)]
path: {0, 1, 4, 5, 8}
--------------------------------------------------
Function: MIP.solve took 0.02280116081237793 seconds
Function: get_partitions_flows took 3.218650817871094e-05 seconds
Function: get_partitions_flows took 2.3126602172851562e-05 seconds
Function: get_partitions_flows took 3.457069396972656e-05 seconds
Function: get_partitions_flows took 2.7894973754882812e-05 seconds
Building model with:
2 devices, 1 partitions and 2 flows
Function: MIP.add_frac_mem_var took 5.7220458984375e-05 seconds
Function: MIP.add_coverage_constraints took 3.147125244140625e-05 seconds
Function: MIP.add_accuracy_constraints took 3.361701965332031e-05 seconds
Function: MIP.add_capacity_constraints took 0.0001914501190185547 seconds

VARIABLES ------------------------------
Objective: 10.204081632653063
mem_tot_CPU5 0
m_access_time_CPU5 0
ns_single_CPU5 0
pdt_m_rows_CPU5 0
cores_sketch_CPU5 0
cores_dpdk_CPU5 7
ns_sketch_CPU5 10.2041
pdt_nsk_c_CPU5 0
ns_dpdk_CPU5 10.2041
pdt_nsc_dpdk_CPU5 71.4286
ns_CPU5 10.2041
--------------------------------------------------

VARIABLES ------------------------------
Objective: 10.204081632653063
mem_tot_CPU6 0
m_access_time_CPU6 0
ns_single_CPU6 0
pdt_m_rows_CPU6 0
cores_sketch_CPU6 0
cores_dpdk_CPU6 7
ns_sketch_CPU6 10.2041
pdt_nsk_c_CPU6 0
ns_dpdk_CPU6 10.2041
pdt_nsc_dpdk_CPU6 71.4286
ns_CPU6 10.2041
--------------------------------------------------

VARIABLES ------------------------------
Objective: 10.204081632653063
mem_tot_CPU5 0
m_access_time_CPU5 0
ns_single_CPU5 0
pdt_m_rows_CPU5 0
cores_sketch_CPU5 0
cores_dpdk_CPU5 7
ns_sketch_CPU5 10.2041
pdt_nsk_c_CPU5 0
ns_dpdk_CPU5 10.2041
pdt_nsc_dpdk_CPU5 71.4286
ns_CPU5 10.2041
--------------------------------------------------

VARIABLES ------------------------------
Objective: 10.204081632653063
mem_tot_CPU6 0
m_access_time_CPU6 0
ns_single_CPU6 0
pdt_m_rows_CPU6 0
cores_sketch_CPU6 0
cores_dpdk_CPU6 7
ns_sketch_CPU6 10.2041
pdt_nsk_c_CPU6 0
ns_dpdk_CPU6 10.2041
pdt_nsc_dpdk_CPU6 71.4286
ns_CPU6 10.2041
--------------------------------------------------

Sketch (3) (cm: eps0: 0.00625, del0: 0.05, min_mem: 1.69921875)
Par0 id: 3, Rows: 3
(0.000,1)    (0.000,0)    
Total frac: 0.000

Device (0) CPU5:
cores_sketch: 0.0, cores_dpdk: 6.999999999999973
Rows total: 0.0
Mem total: 0.0
Throughput: 97.99999999999999

Device (1) CPU6:
cores_sketch: 0.0, cores_dpdk: 6.999999999999973
Rows total: 0.0
Mem total: 0.0
Throughput: 97.99999999999999

Flow 0:
partitions: [(0, 1.9618819923371647e-07)]
path: {0, 1}
Flow 1:
partitions: [(0, 1.9618819923371647e-07)]
path: {1}
--------------------------------------------------
--------------------------------------------------
Starting model update
Model update took: 2.09808349609375e-05 s
--------------------------------------------------
Starting model optimize
Model optimize took: 0.000232696533203125 seconds
--------------------------------------------------

VARIABLES ------------------------------
Objective: 140.0
frac[1,0] 0
frac[0,0] 0
mem[1,0] 0
mem[0,0] 0
mem_tot_CPU5 0
normalized_mem_tot_CPU5 0
rows_tot_CPU5 0
normalized_rows_tot_CPU5 0
mem_tot_CPU6 0
normalized_mem_tot_CPU6 0
rows_tot_CPU6 0
normalized_rows_tot_CPU6 0
max_mem_CPU_Cluster 0
max_rows_CPU_Cluster 0
m_access_time_CPU5 0
ns_single_CPU5 0
pdt_m_rows_CPU5 0
cores_sketch_CPU5 0
cores_dpdk_CPU5 7
m_access_time_CPU6 0
ns_single_CPU6 0
pdt_m_rows_CPU6 0
cores_sketch_CPU6 0
cores_dpdk_CPU6 7
res 140
--------------------------------------------------

Throughput: 97.99999999999999 Mpps, ns per packet: 10.204081632653063
Resources: 140.0
Used Cores: 14.0, Total CPUS: 2, Switch Memory: 0

Sketch (3) (cm: eps0: 0.00625, del0: 0.05, min_mem: 1.69921875)
Par0 id: 3, Rows: 3
(0.000,1)    (0.000,0)    
Total frac: 0.000

Device (0) CPU5:
cores_sketch: 0.0, cores_dpdk: 7.0
Rows total: 0.0
Mem total: 0.0
Throughput: 97.99999999999999

Device (1) CPU6:
cores_sketch: 0.0, cores_dpdk: 7.0
Rows total: 0.0
Mem total: 0.0
Throughput: 97.99999999999999

Flow 0:
partitions: [(0, 1.9618819923371647e-07)]
path: {0, 1}
Flow 1:
partitions: [(0, 1.9618819923371647e-07)]
path: {1}
--------------------------------------------------
Function: MIP.solve took 0.008934974670410156 seconds
--------------------------------------------------
Clustered Optimization complete
--------------------------------------------------

VARIABLES ------------------------------
Objective: 10.204081632653063
mem_tot_CPU1 0
m_access_time_CPU1 0
ns_single_CPU1 0
pdt_m_rows_CPU1 0
cores_sketch_CPU1 0
cores_dpdk_CPU1 7
ns_sketch_CPU1 10.2041
pdt_nsk_c_CPU1 0
ns_dpdk_CPU1 10.2041
pdt_nsc_dpdk_CPU1 71.4286
ns_CPU1 10.2041
--------------------------------------------------

VARIABLES ------------------------------
Objective: 10.204081632653063
mem_tot_CPU2 0
m_access_time_CPU2 0
ns_single_CPU2 0
pdt_m_rows_CPU2 0
cores_sketch_CPU2 0
cores_dpdk_CPU2 7
ns_sketch_CPU2 10.2041
pdt_nsk_c_CPU2 0
ns_dpdk_CPU2 10.2041
pdt_nsc_dpdk_CPU2 71.4286
ns_CPU2 10.2041
--------------------------------------------------

VARIABLES ------------------------------
Objective: 10.204081632653063
mem_tot_CPU3 0
m_access_time_CPU3 0
ns_single_CPU3 0
pdt_m_rows_CPU3 0
cores_sketch_CPU3 0
cores_dpdk_CPU3 7
ns_sketch_CPU3 10.2041
pdt_nsk_c_CPU3 0
ns_dpdk_CPU3 10.2041
pdt_nsc_dpdk_CPU3 71.4286
ns_CPU3 10.2041
--------------------------------------------------

VARIABLES ------------------------------
Objective: 10.204081632653063
mem_tot_CPU4 0
m_access_time_CPU4 0
ns_single_CPU4 0
pdt_m_rows_CPU4 0
cores_sketch_CPU4 0
cores_dpdk_CPU4 7
ns_sketch_CPU4 10.2041
pdt_nsk_c_CPU4 0
ns_dpdk_CPU4 10.2041
pdt_nsc_dpdk_CPU4 71.4286
ns_CPU4 10.2041
--------------------------------------------------

VARIABLES ------------------------------
Objective: 10.204081632653063
mem_tot_CPU5 0
m_access_time_CPU5 0
ns_single_CPU5 0
pdt_m_rows_CPU5 0
cores_sketch_CPU5 0
cores_dpdk_CPU5 7
ns_sketch_CPU5 10.2041
pdt_nsk_c_CPU5 0
ns_dpdk_CPU5 10.2041
pdt_nsc_dpdk_CPU5 71.4286
ns_CPU5 10.2041
--------------------------------------------------

VARIABLES ------------------------------
Objective: 10.204081632653063
mem_tot_CPU6 0
m_access_time_CPU6 0
ns_single_CPU6 0
pdt_m_rows_CPU6 0
cores_sketch_CPU6 0
cores_dpdk_CPU6 7
ns_sketch_CPU6 10.2041
pdt_nsk_c_CPU6 0
ns_dpdk_CPU6 10.2041
pdt_nsc_dpdk_CPU6 71.4286
ns_CPU6 10.2041
--------------------------------------------------

VARIABLES ------------------------------
Objective: 10.204081632653063
mem_tot_CPU7 0
m_access_time_CPU7 0
ns_single_CPU7 0
pdt_m_rows_CPU7 0
cores_sketch_CPU7 0
cores_dpdk_CPU7 7
ns_sketch_CPU7 10.2041
pdt_nsk_c_CPU7 0
ns_dpdk_CPU7 10.2041
pdt_nsc_dpdk_CPU7 71.4286
ns_CPU7 10.2041
--------------------------------------------------

VARIABLES ------------------------------
Objective: 10.204081632653063
mem_tot_CPU8 0
m_access_time_CPU8 0
ns_single_CPU8 0
pdt_m_rows_CPU8 0
cores_sketch_CPU8 0
cores_dpdk_CPU8 7
ns_sketch_CPU8 10.2041
pdt_nsk_c_CPU8 0
ns_dpdk_CPU8 10.2041
pdt_nsc_dpdk_CPU8 71.4286
ns_CPU8 10.2041
--------------------------------------------------

VARIABLES ------------------------------
Objective: 6.756756756756757
mem_tot_tor_P41 7.64648
ns_tor_P41 6.75676
--------------------------------------------------

VARIABLES ------------------------------
Objective: 6.756756756756757
mem_tot_tor_P42 1.02269
ns_tor_P42 6.75676
--------------------------------------------------

VARIABLES ------------------------------
Objective: 6.756756756756757
mem_tot_tor_P43 7.64648
ns_tor_P43 6.75676
--------------------------------------------------

VARIABLES ------------------------------
Objective: 6.756756756756757
mem_tot_tor_P44 2.54883
ns_tor_P44 6.75676
--------------------------------------------------

VARIABLES ------------------------------
Objective: 6.756756756756757
mem_tot_l1_P41 5.09766
ns_l1_P41 6.75676
--------------------------------------------------

VARIABLES ------------------------------
Objective: 6.756756756756757
mem_tot_l1_P42 7.64648
ns_l1_P42 6.75676
--------------------------------------------------

VARIABLES ------------------------------
Objective: 6.756756756756757
mem_tot_l2_P4 0
ns_l2_P4 6.75676
--------------------------------------------------

VARIABLES ------------------------------
Objective: 10.204081632653063
mem_tot_CPU1 0
m_access_time_CPU1 0
ns_single_CPU1 0
pdt_m_rows_CPU1 0
cores_sketch_CPU1 0
cores_dpdk_CPU1 7
ns_sketch_CPU1 10.2041
pdt_nsk_c_CPU1 0
ns_dpdk_CPU1 10.2041
pdt_nsc_dpdk_CPU1 71.4286
ns_CPU1 10.2041
--------------------------------------------------

VARIABLES ------------------------------
Objective: 10.204081632653063
mem_tot_CPU2 0
m_access_time_CPU2 0
ns_single_CPU2 0
pdt_m_rows_CPU2 0
cores_sketch_CPU2 0
cores_dpdk_CPU2 7
ns_sketch_CPU2 10.2041
pdt_nsk_c_CPU2 0
ns_dpdk_CPU2 10.2041
pdt_nsc_dpdk_CPU2 71.4286
ns_CPU2 10.2041
--------------------------------------------------

VARIABLES ------------------------------
Objective: 10.204081632653063
mem_tot_CPU3 0
m_access_time_CPU3 0
ns_single_CPU3 0
pdt_m_rows_CPU3 0
cores_sketch_CPU3 0
cores_dpdk_CPU3 7
ns_sketch_CPU3 10.2041
pdt_nsk_c_CPU3 0
ns_dpdk_CPU3 10.2041
pdt_nsc_dpdk_CPU3 71.4286
ns_CPU3 10.2041
--------------------------------------------------

VARIABLES ------------------------------
Objective: 10.204081632653063
mem_tot_CPU4 0
m_access_time_CPU4 0
ns_single_CPU4 0
pdt_m_rows_CPU4 0
cores_sketch_CPU4 0
cores_dpdk_CPU4 7
ns_sketch_CPU4 10.2041
pdt_nsk_c_CPU4 0
ns_dpdk_CPU4 10.2041
pdt_nsc_dpdk_CPU4 71.4286
ns_CPU4 10.2041
--------------------------------------------------

VARIABLES ------------------------------
Objective: 10.204081632653063
mem_tot_CPU5 0
m_access_time_CPU5 0
ns_single_CPU5 0
pdt_m_rows_CPU5 0
cores_sketch_CPU5 0
cores_dpdk_CPU5 7
ns_sketch_CPU5 10.2041
pdt_nsk_c_CPU5 0
ns_dpdk_CPU5 10.2041
pdt_nsc_dpdk_CPU5 71.4286
ns_CPU5 10.2041
--------------------------------------------------

VARIABLES ------------------------------
Objective: 10.204081632653063
mem_tot_CPU6 0
m_access_time_CPU6 0
ns_single_CPU6 0
pdt_m_rows_CPU6 0
cores_sketch_CPU6 0
cores_dpdk_CPU6 7
ns_sketch_CPU6 10.2041
pdt_nsk_c_CPU6 0
ns_dpdk_CPU6 10.2041
pdt_nsc_dpdk_CPU6 71.4286
ns_CPU6 10.2041
--------------------------------------------------

VARIABLES ------------------------------
Objective: 10.204081632653063
mem_tot_CPU7 0
m_access_time_CPU7 0
ns_single_CPU7 0
pdt_m_rows_CPU7 0
cores_sketch_CPU7 0
cores_dpdk_CPU7 7
ns_sketch_CPU7 10.2041
pdt_nsk_c_CPU7 0
ns_dpdk_CPU7 10.2041
pdt_nsc_dpdk_CPU7 71.4286
ns_CPU7 10.2041
--------------------------------------------------

VARIABLES ------------------------------
Objective: 10.204081632653063
mem_tot_CPU8 0
m_access_time_CPU8 0
ns_single_CPU8 0
pdt_m_rows_CPU8 0
cores_sketch_CPU8 0
cores_dpdk_CPU8 7
ns_sketch_CPU8 10.2041
pdt_nsk_c_CPU8 0
ns_dpdk_CPU8 10.2041
pdt_nsc_dpdk_CPU8 71.4286
ns_CPU8 10.2041
--------------------------------------------------

Throughput: 97.99999999999999 Mpps, ns per packet: 10.204081632653063
Resources: 565.3089781102922
Used Cores: 55.99999999999978, Total CPUS: 8, Switch Memory: 31.608629296535142

Sketch (0) (cm: eps0: 0.00625, del0: 0.05, min_mem: 1.69921875)
Par0 id: 0, Rows: 3
(1.000,8)    (0.000,10)    (0.250,11)    (0.750,13)    
Total frac: 2.000

Sketch (1) (cm: eps0: 0.00625, del0: 0.05, min_mem: 1.69921875)
Par0 id: 1, Rows: 3
(0.000,10)    (0.250,11)    (0.750,13)    
Total frac: 1.000

Sketch (2) (cm: eps0: 0.00625, del0: 0.05, min_mem: 1.69921875)
Par0 id: 2, Rows: 3
(0.000,9)    (0.700,10)    (0.000,11)    (1.000,12)    (0.000,13)    (0.000,14)    
Total frac: 1.700

Sketch (3) (cm: eps0: 0.00625, del0: 0.05, min_mem: 1.69921875)
Par0 id: 3, Rows: 3
(0.500,8)    (0.201,9)    (0.800,10)    (0.000,11)    (0.000,12)    (0.000,13)    (0.000,4)    (0.000,5)    
Total frac: 1.501

Device (0) CPU1:
cores_sketch: 0.0, cores_dpdk: 6.999999999999973
Rows total: 0
Mem total: 0
Throughput: 97.99999999999999

Device (1) CPU2:
cores_sketch: 0.0, cores_dpdk: 6.999999999999973
Rows total: 0
Mem total: 0
Throughput: 97.99999999999999

Device (2) CPU3:
cores_sketch: 0.0, cores_dpdk: 6.999999999999973
Rows total: 0
Mem total: 0
Throughput: 97.99999999999999

Device (3) CPU4:
cores_sketch: 0.0, cores_dpdk: 6.999999999999973
Rows total: 0
Mem total: 0
Throughput: 97.99999999999999

Device (4) CPU5:
cores_sketch: 0.0, cores_dpdk: 6.999999999999973
Rows total: 0.0
Mem total: 0.0
Throughput: 97.99999999999999

Device (5) CPU6:
cores_sketch: 0.0, cores_dpdk: 6.999999999999973
Rows total: 0.0
Mem total: 0.0
Throughput: 97.99999999999999

Device (6) CPU7:
cores_sketch: 0.0, cores_dpdk: 6.999999999999973
Rows total: 0
Mem total: 0
Throughput: 97.99999999999999

Device (7) CPU8:
cores_sketch: 0.0, cores_dpdk: 6.999999999999973
Rows total: 0
Mem total: 0
Throughput: 97.99999999999999

Device (8) tor_P41:
Rows total: 4.499999411435402
Mem total: 7.646483374899999
Throughput: 148.0

Device (9) tor_P42:
Rows total: 0.6018611769291861
Mem total: 1.0226937967351404
Throughput: 148.0

Device (10) tor_P43:
Rows total: 4.499999411435402
Mem total: 7.646483374899999
Throughput: 148.0

Device (11) tor_P44:
Rows total: 1.5000005885645984
Mem total: 2.548829125100001
Throughput: 148.0

Device (12) l1_P41:
Rows total: 3.0
Mem total: 5.09765625
Throughput: 148.0

Device (13) l1_P42:
Rows total: 4.499999411435402
Mem total: 7.646483374899999
Throughput: 148.0

Device (14) l2_P4:
Rows total: 0.0
Mem total: 0.0
Throughput: 148.0

Flow 0:
partitions: [(3, 0.8)]
path: (5, 10, 4)
Flow 1:
partitions: [(2, 1.0)]
path: (3, 9, 12, 14, 13, 11, 7)
Flow 2:
partitions: [(3, 0.7)]
path: (5, 10, 13, 11, 7)
Flow 3:
partitions: [(2, 0.7)]
path: (5, 10, 4)
Flow 4:
partitions: [(0, 1.0)]
path: (1, 8, 0)
Flow 5:
partitions: [(0, 1.0)]
path: (5, 10, 13, 11, 7)
Flow 6:
partitions: [(1, 1.0)]
path: (6, 11, 13, 10, 4)
Flow 7:
partitions: [(3, 0.7)]
path: (3, 9, 12, 8, 0)
--------------------------------------------------
Function: solve took 0.05652427673339844 seconds
