Using license file /home/anup/gurobi.lic
Academic license - for non-commercial use only

--------------------------------------------------
Model update took: 2.2172927856445312e-05 seconds
Model optimize took: 0.004835844039916992 seconds
--------------------------------------------------

Throughput: 56.0 Mpps, ns per packet: 17.857142857142858
Resources: 73.11082744598389

Sketch (0) (cm: eps0: 1.25e-06, del0: 0.05, min_mem: 8494.6328125)
Par: 1, Rows: 1
1.000    0.000    
Total frac: 1.000
Par: 2, Rows: 1
1.000    0.000    
Total frac: 1.000
Par: 3, Rows: 1
1.000    0.000    
Total frac: 1.000

Device (0) cpu_1:
cores_sketch: 5.0, cores_dpdk: 2.0
Rows total: 3.0
Mem total: 25483.898437499996
Throughput: 56.0

Device (1) p4_1:
Rows total: 0.0
Mem total: 0.0
Throughput: 148.0
--------------------------------------------------
