Using license file /home/anup/gurobi.lic
Academic license - for non-commercial use only

--------------------------------------------------
Model update took: 7.510185241699219e-05 seconds
Model optimize took: 0.010211706161499023 seconds
--------------------------------------------------

Sketch (0) (cm: eps0: 0.03125, del0: 0.05, min_mem: 0.33984375)
Par: 1, Rows: 1
0.000    1.000    0.000    
Total frac: 1.000
Par: 2, Rows: 1
0.000    1.000    0.000    
Total frac: 1.000
Par: 3, Rows: 1
0.000    1.000    0.000    
Total frac: 1.000

Sketch (1) (cm: eps0: 3.125e-06, del0: 0.05, min_mem: 3397.85546875)
Par: 1, Rows: 1
1.000    0.000    0.000    
Total frac: 1.000
Par: 2, Rows: 1
1.000    0.000    0.000    
Total frac: 1.000
Par: 3, Rows: 1
0.000    0.000    1.000    
Total frac: 1.000

Sketch (2) (cm: eps0: 0.625, del0: 0.025, min_mem: 0.01953125)
Par: 1, Rows: 1
0.000    1.000    0.000    
Total frac: 1.000
Par: 2, Rows: 1
0.000    1.000    0.000    
Total frac: 1.000
Par: 3, Rows: 1
0.000    1.000    0.000    
Total frac: 1.000
Par: 4, Rows: 1
0.000    1.000    0.000    
Total frac: 1.000

Device (0) cpu_1:
Rows total: 2.0
Mem total: 6795.710937499971

Device (1) p4_1:
Rows total: 7.0
Mem total: 1.09765625

Device (2) cpu_2:
Rows total: 1.0
Mem total: 3397.85546875
--------------------------------------------------
Changed value of parameter NonConvex to 2
   Prev: -1  Min: -1  Max: 2  Default: -1
Changed value of parameter NonConvex to 2
   Prev: -1  Min: -1  Max: 2  Default: -1

Throughput: 87.49999999999999 Mpps, ns per packet: 11.42857142857143
Resources: 133.01719967524207

Sketch (0) (cm: eps0: 0.03125, del0: 0.05, min_mem: 0.33984375)
Par: 1, Rows: 1
0.000    1.000    0.000    
Total frac: 1.000
Par: 2, Rows: 1
0.000    1.000    0.000    
Total frac: 1.000
Par: 3, Rows: 1
0.000    1.000    0.000    
Total frac: 1.000

Sketch (1) (cm: eps0: 3.125e-06, del0: 0.05, min_mem: 3397.85546875)
Par: 1, Rows: 1
1.000    0.000    0.000    
Total frac: 1.000
Par: 2, Rows: 1
1.000    0.000    0.000    
Total frac: 1.000
Par: 3, Rows: 1
0.000    0.000    1.000    
Total frac: 1.000

Sketch (2) (cm: eps0: 0.625, del0: 0.025, min_mem: 0.01953125)
Par: 1, Rows: 1
0.000    1.000    0.000    
Total frac: 1.000
Par: 2, Rows: 1
0.000    1.000    0.000    
Total frac: 1.000
Par: 3, Rows: 1
0.000    1.000    0.000    
Total frac: 1.000
Par: 4, Rows: 1
0.000    1.000    0.000    
Total frac: 1.000

Device (0) cpu_1:
cores_sketch: 2.0, cores_dpdk: 4.9999999999999964
Rows total: 2.0
Mem total: 6795.710937499971
Throughput: 87.49999999999999

Device (1) p4_1:
Rows total: 7.0
Mem total: 1.09765625
Throughput: 148.0

Device (2) cpu_2:
cores_sketch: 1.0, cores_dpdk: 5.0
Rows total: 1.0
Mem total: 3397.85546875
Throughput: 87.49999999999999
--------------------------------------------------
