Using license file /home/anup/gurobi.lic
Academic license - for non-commercial use only

--------------------------------------------------
Model update took: 6.818771362304688e-05 seconds
Model optimize took: 120.09539556503296 seconds
--------------------------------------------------

Throughput: 87.49999999999999 Mpps, ns per packet: 11.42857142857143
Resources: 1417.3882613182068

Sketch (0) (cm: eps0: 0.00625, del0: 0.05, min_mem: 1.69921875)
Par: 1, Rows: 3
-0.000    -0.000    0.000    0.000    -0.000    0.000    0.000    0.000    0.000    -0.000    0.000    0.000    0.000    0.000    0.000    0.000    0.000    0.000    0.000    0.000    1.000    
Total frac: 1.000

Sketch (1) (cm: eps0: 0.00625, del0: 0.05, min_mem: 1.69921875)
Par: 1, Rows: 3
0.000    -0.000    -0.000    0.000    0.000    0.000    0.000    0.000    0.000    0.000    0.000    0.000    0.000    0.000    0.000    0.000    0.000    0.000    0.000    0.000    1.000    
Total frac: 1.000

Sketch (2) (cm: eps0: 0.00625, del0: 0.05, min_mem: 1.69921875)
Par: 1, Rows: 3
0.000    0.000    0.000    -0.000    0.000    0.000    0.000    0.000    0.000    0.000    0.000    0.000    0.000    0.000    0.000    0.000    0.000    0.000    0.000    0.000    1.000    
Total frac: 1.000

Sketch (3) (cm: eps0: 0.00625, del0: 0.05, min_mem: 1.69921875)
Par: 1, Rows: 3
0.000    0.000    0.000    0.000    0.000    0.000    0.000    0.000    0.000    0.000    0.000    0.000    0.000    0.000    0.000    0.000    0.000    0.000    0.000    0.000    1.000    
Total frac: 1.000

Sketch (4) (cm: eps0: 0.00625, del0: 0.05, min_mem: 1.69921875)
Par: 1, Rows: 3
0.000    0.000    0.000    0.000    -0.000    -0.000    0.000    0.000    0.000    0.000    0.000    0.000    0.000    0.000    0.000    0.000    0.000    0.000    0.000    0.000    1.000    
Total frac: 1.000

Sketch (5) (cm: eps0: 0.00625, del0: 0.05, min_mem: 1.69921875)
Par: 1, Rows: 3
0.000    0.000    0.000    0.000    0.000    1.000    -0.000    0.000    0.000    0.000    0.000    0.000    0.000    0.000    0.000    0.000    0.000    0.000    0.000    0.000    0.000    
Total frac: 1.000

Sketch (6) (cm: eps0: 0.00625, del0: 0.05, min_mem: 1.69921875)
Par: 1, Rows: 3
0.000    0.000    0.000    0.000    0.000    0.000    1.000    -0.000    0.000    0.000    0.000    0.000    0.000    0.000    0.000    0.000    0.000    0.000    0.000    0.000    -0.000    
Total frac: 1.000

Sketch (7) (cm: eps0: 0.00625, del0: 0.05, min_mem: 1.69921875)
Par: 1, Rows: 3
0.000    0.000    0.000    0.000    0.000    0.000    0.000    0.000    0.000    0.000    0.000    0.000    0.000    0.000    0.000    0.000    0.000    0.000    0.000    0.000    1.000    
Total frac: 1.000

Sketch (8) (cm: eps0: 0.00625, del0: 0.05, min_mem: 1.69921875)
Par: 1, Rows: 3
0.000    0.000    0.000    0.000    0.000    0.000    0.000    0.000    -0.000    -0.000    0.000    0.000    0.000    0.000    0.000    0.000    0.000    0.000    0.000    0.000    1.000    
Total frac: 1.000

Sketch (9) (cm: eps0: 0.00625, del0: 0.05, min_mem: 1.69921875)
Par: 1, Rows: 3
-0.000    0.000    0.000    0.000    0.000    0.000    0.000    0.000    0.000    0.000    0.000    0.000    0.000    0.000    0.000    0.000    0.000    0.000    0.000    0.000    1.000    
Total frac: 1.000

Sketch (10) (cm: eps0: 0.00625, del0: 0.05, min_mem: 1.69921875)
Par: 1, Rows: 3
0.000    0.000    0.000    0.000    0.000    0.000    0.000    0.000    0.000    0.000    -0.000    0.000    0.000    0.000    0.000    0.000    0.000    0.000    0.000    0.000    1.000    
Total frac: 1.000

Sketch (11) (cm: eps0: 0.00625, del0: 0.05, min_mem: 1.69921875)
Par: 1, Rows: 3
0.000    0.000    -0.000    0.000    0.000    0.000    0.000    0.000    0.000    0.000    0.000    0.000    -0.000    0.000    -0.000    -0.000    -0.000    -0.000    0.000    -0.000    1.000    
Total frac: 1.000

Sketch (12) (cm: eps0: 0.00625, del0: 0.05, min_mem: 1.69921875)
Par: 1, Rows: 3
0.000    0.000    0.000    0.000    0.000    0.000    0.000    0.000    0.000    0.000    0.000    0.000    0.000    -0.000    0.000    0.000    0.000    0.000    0.000    0.000    1.000    
Total frac: 1.000

Sketch (13) (cm: eps0: 0.00625, del0: 0.05, min_mem: 1.69921875)
Par: 1, Rows: 3
0.000    0.000    0.000    0.000    0.000    0.000    0.000    0.000    0.000    0.000    0.000    0.000    0.000    1.000    0.000    0.000    0.000    0.000    0.000    0.000    0.000    
Total frac: 1.000

Sketch (14) (cm: eps0: 0.00625, del0: 0.05, min_mem: 1.69921875)
Par: 1, Rows: 3
0.000    0.000    0.000    0.000    0.000    0.000    0.000    0.000    0.000    0.000    0.000    0.000    0.000    0.000    -0.000    -0.000    0.000    0.000    0.000    0.000    1.000    
Total frac: 1.000

Sketch (15) (cm: eps0: 0.00625, del0: 0.05, min_mem: 1.69921875)
Par: 1, Rows: 3
0.000    0.000    0.000    0.000    0.000    0.000    0.000    0.000    0.000    0.000    -0.000    0.000    0.000    -0.000    0.000    0.000    0.000    0.000    0.000    0.000    1.000    
Total frac: 1.000

Sketch (16) (cm: eps0: 0.00625, del0: 0.05, min_mem: 1.69921875)
Par: 1, Rows: 3
0.000    0.000    0.000    0.000    0.000    0.000    0.000    0.000    0.000    0.000    0.000    -0.000    0.000    0.000    0.000    0.000    -0.000    0.000    0.000    0.000    1.000    
Total frac: 1.000

Sketch (17) (cm: eps0: 0.00625, del0: 0.05, min_mem: 1.69921875)
Par: 1, Rows: 3
0.000    0.000    0.000    -0.000    0.000    0.000    0.000    0.000    0.000    0.000    0.000    0.000    0.000    0.000    0.000    0.000    0.000    -0.000    -0.000    0.000    1.000    
Total frac: 1.000

Sketch (18) (cm: eps0: 0.00625, del0: 0.05, min_mem: 1.69921875)
Par: 1, Rows: 3
0.000    0.000    0.000    0.000    0.000    0.000    0.000    0.000    0.000    0.000    0.000    0.000    0.000    0.000    0.000    0.000    0.000    0.000    -0.000    0.000    1.000    
Total frac: 1.000

Sketch (19) (cm: eps0: 0.00625, del0: 0.05, min_mem: 1.69921875)
Par: 1, Rows: 3
1.000    0.000    0.000    0.000    0.000    -0.000    0.000    -0.000    -0.000    0.000    0.000    0.000    -0.000    0.000    0.000    0.000    0.000    0.000    0.000    -0.000    0.000    
Total frac: 1.000

Device (0) cpu_0:
cores_sketch: 2.0, cores_dpdk: 5.0
Rows total: 3.0
Mem total: 5.09765625
Throughput: 87.49999999999999

Device (1) cpu_1:
cores_sketch: -0.0, cores_dpdk: 7.0
Rows total: 0.0
Mem total: 1448.15625
Throughput: 98.0

Device (2) cpu_2:
cores_sketch: -0.0, cores_dpdk: 7.0
Rows total: 0.0
Mem total: 32.0
Throughput: 98.0

Device (3) cpu_3:
cores_sketch: 0.0, cores_dpdk: 7.0
Rows total: -0.0
Mem total: 32.0
Throughput: 98.0

Device (4) cpu_4:
cores_sketch: 1.0, cores_dpdk: 6.0
Rows total: 0.0
Mem total: 32.0
Throughput: 93.33333333333333

Device (5) cpu_5:
cores_sketch: 2.0, cores_dpdk: 5.0
Rows total: 3.0
Mem total: 5.09765625
Throughput: 87.49999999999999

Device (6) cpu_6:
cores_sketch: 2.0, cores_dpdk: 5.0
Rows total: 3.0
Mem total: 5.09765625
Throughput: 87.49999999999999

Device (7) cpu_7:
cores_sketch: 0.0, cores_dpdk: 7.0
Rows total: -0.0
Mem total: 32.0
Throughput: 98.0

Device (8) cpu_8:
cores_sketch: 0.0, cores_dpdk: 7.0
Rows total: -0.0
Mem total: 1448.15625
Throughput: 98.0

Device (9) cpu_9:
cores_sketch: 1.0, cores_dpdk: 6.0
Rows total: 0.0
Mem total: 1448.15625
Throughput: 93.33333333333333

Device (10) cpu_10:
cores_sketch: 1.0, cores_dpdk: 6.0
Rows total: -0.0
Mem total: 1.1875
Throughput: 93.33333333333333

Device (11) cpu_11:
cores_sketch: 0.0, cores_dpdk: 7.0
Rows total: -0.0
Mem total: 5792.625
Throughput: 98.0

Device (12) cpu_12:
cores_sketch: 0.0, cores_dpdk: 7.0
Rows total: -0.0
Mem total: 32.0
Throughput: 98.0

Device (13) cpu_13:
cores_sketch: 2.0, cores_dpdk: 4.999999999999998
Rows total: 3.0
Mem total: 32.0
Throughput: 87.49999999999999

Device (14) cpu_14:
cores_sketch: 0.0, cores_dpdk: 7.0
Rows total: -0.0
Mem total: 5792.625
Throughput: 87.49999999999999

Device (15) cpu_15:
cores_sketch: -0.0, cores_dpdk: 7.0
Rows total: 0.0
Mem total: 0.0
Throughput: 98.0

Device (16) cpu_16:
cores_sketch: 1.0, cores_dpdk: 6.0
Rows total: -0.0
Mem total: 32.0
Throughput: 93.33333333333333

Device (17) cpu_17:
cores_sketch: -0.0, cores_dpdk: 6.0
Rows total: -0.0
Mem total: 5792.625
Throughput: 87.49999999999999

Device (18) cpu_18:
cores_sketch: -0.0, cores_dpdk: 7.0
Rows total: -0.0
Mem total: 1.1875
Throughput: 98.0

Device (19) cpu_19:
cores_sketch: 1.0, cores_dpdk: 6.0
Rows total: -0.0
Mem total: 5792.625
Throughput: 93.33333333333333

Device (20) p4_1:
Rows total: 48.0
Mem total: 576.0
Throughput: 148.0
--------------------------------------------------
