Using license file /home/anup/gurobi.lic
Academic license - for non-commercial use only

--------------------------------------------------
Model update took: 9.489059448242188e-05 seconds
Model optimize took: 0.0046231746673583984 seconds
--------------------------------------------------

Sketch (0) (cm: eps0: 0.00625, del0: 0.05, min_mem: 1.69921875)
Par: 1, Rows: 3
0.500    0.500    0.500    0.500    0.500    0.500    0.500    0.500    0.500    0.500    0.500    0.500    0.500    0.500    0.500    0.500    0.500    0.500    0.500    0.500    0.000    
Total frac: 10.000

Device (0) p4_0:
Rows total: 1.499999705717701
Mem total: 2.54882762495

Device (1) p4_1:
Rows total: 1.499999705717701
Mem total: 2.54882762495

Device (2) p4_2:
Rows total: 1.499999705717701
Mem total: 2.54882762495

Device (3) p4_3:
Rows total: 1.499999705717701
Mem total: 2.54882762495

Device (4) p4_4:
Rows total: 1.499999705717701
Mem total: 2.54882762495

Device (5) p4_5:
Rows total: 1.499999705717701
Mem total: 2.54882762495

Device (6) p4_6:
Rows total: 1.499999705717701
Mem total: 2.54882762495

Device (7) p4_7:
Rows total: 1.499999705717701
Mem total: 2.54882762495

Device (8) p4_8:
Rows total: 1.499999705717701
Mem total: 2.54882762495

Device (9) p4_9:
Rows total: 1.499999705717701
Mem total: 2.54882762495

Device (10) p4_10:
Rows total: 1.499999705717701
Mem total: 2.54882762495

Device (11) p4_11:
Rows total: 1.499999705717701
Mem total: 2.54882762495

Device (12) p4_12:
Rows total: 1.499999705717701
Mem total: 2.54882762495

Device (13) p4_13:
Rows total: 1.499999705717701
Mem total: 2.54882762495

Device (14) p4_14:
Rows total: 1.499999705717701
Mem total: 2.54882762495

Device (15) p4_15:
Rows total: 1.499999705717701
Mem total: 2.54882762495

Device (16) p4_16:
Rows total: 1.499999705717701
Mem total: 2.54882762495

Device (17) p4_17:
Rows total: 1.499999705717701
Mem total: 2.54882762495

Device (18) p4_18:
Rows total: 1.499999705717701
Mem total: 2.54882762495

Device (19) p4_19:
Rows total: 1.499999705717701
Mem total: 2.54882762495

Device (20) cpu_1:
Rows total: 5.885645977011494e-07
Mem total: 1.0001e-06
--------------------------------------------------
Changed value of parameter NonConvex to 2
   Prev: -1  Min: -1  Max: 2  Default: -1

Throughput: 93.33333333333333 Mpps, ns per packet: 10.714285714285715
Resources: 68.5620100389843

Sketch (0) (cm: eps0: 0.00625, del0: 0.05, min_mem: 1.69921875)
Par: 1, Rows: 3
0.500    0.500    0.500    0.500    0.500    0.500    0.500    0.500    0.500    0.500    0.500    0.500    0.500    0.500    0.500    0.500    0.500    0.500    0.500    0.500    0.000    
Total frac: 10.000

Device (0) p4_0:
Rows total: 1.499999705717701
Mem total: 2.54882762495
Throughput: 148.0

Device (1) p4_1:
Rows total: 1.499999705717701
Mem total: 2.54882762495
Throughput: 148.0

Device (2) p4_2:
Rows total: 1.499999705717701
Mem total: 2.54882762495
Throughput: 148.0

Device (3) p4_3:
Rows total: 1.499999705717701
Mem total: 2.54882762495
Throughput: 148.0

Device (4) p4_4:
Rows total: 1.499999705717701
Mem total: 2.54882762495
Throughput: 148.0

Device (5) p4_5:
Rows total: 1.499999705717701
Mem total: 2.54882762495
Throughput: 148.0

Device (6) p4_6:
Rows total: 1.499999705717701
Mem total: 2.54882762495
Throughput: 148.0

Device (7) p4_7:
Rows total: 1.499999705717701
Mem total: 2.54882762495
Throughput: 148.0

Device (8) p4_8:
Rows total: 1.499999705717701
Mem total: 2.54882762495
Throughput: 148.0

Device (9) p4_9:
Rows total: 1.499999705717701
Mem total: 2.54882762495
Throughput: 148.0

Device (10) p4_10:
Rows total: 1.499999705717701
Mem total: 2.54882762495
Throughput: 148.0

Device (11) p4_11:
Rows total: 1.499999705717701
Mem total: 2.54882762495
Throughput: 148.0

Device (12) p4_12:
Rows total: 1.499999705717701
Mem total: 2.54882762495
Throughput: 148.0

Device (13) p4_13:
Rows total: 1.499999705717701
Mem total: 2.54882762495
Throughput: 148.0

Device (14) p4_14:
Rows total: 1.499999705717701
Mem total: 2.54882762495
Throughput: 148.0

Device (15) p4_15:
Rows total: 1.499999705717701
Mem total: 2.54882762495
Throughput: 148.0

Device (16) p4_16:
Rows total: 1.499999705717701
Mem total: 2.54882762495
Throughput: 148.0

Device (17) p4_17:
Rows total: 1.499999705717701
Mem total: 2.54882762495
Throughput: 148.0

Device (18) p4_18:
Rows total: 1.499999705717701
Mem total: 2.54882762495
Throughput: 148.0

Device (19) p4_19:
Rows total: 1.499999705717701
Mem total: 2.54882762495
Throughput: 148.0

Device (20) cpu_1:
cores_sketch: 0.0, cores_dpdk: 5.9999999999999964
Rows total: 0
Mem total: 0.0
Throughput: 93.33333333333333
--------------------------------------------------
