Using license file /home/anup/gurobi.lic
Academic license - for non-commercial use only

--------------------------------------------------
Model update took: 2.1696090698242188e-05 seconds
Model optimize took: 0.002979278564453125 seconds
--------------------------------------------------

Throughput: 98.00000000000006 Mpps, ns per packet: 10.204081632653056
Resources: 73.03483072916667

Sketch (0) (cm: eps0: 0.3125, del0: 0.05, min_mem: 0.03515625)
Par: 1, Rows: 3
-0.000    1.000    
Total frac: 1.000

Sketch (1) (cm: eps0: 0.00125, del0: 0.05, min_mem: 8.49609375)
Par: 1, Rows: 3
0.000    1.000    
Total frac: 1.000

Sketch (2) (cm: eps0: 0.625, del0: 0.025, min_mem: 0.01953125)
Par: 1, Rows: 4
0.000    1.000    
Total frac: 1.000

Device (0) cpu_1:
cores_sketch: 0.0, cores_dpdk: 7.0
Rows total: 0.0
Mem total: 0.0
Throughput: 98.00000000000006

Device (1) p4_1:
Rows total: 10.0
Mem total: 25.671875
Throughput: 148.0
--------------------------------------------------
