Using license file /home/anup/gurobi.lic
Academic license - for non-commercial use only
Changed value of parameter NonConvex to 2
   Prev: -1  Min: -1  Max: 2  Default: -1
Parameter NonConvex unchanged
   Value: 2  Min: -1  Max: 2  Default: -1
Model update took: 4.029273986816406e-05 seconds
Warning: constraint name "accuracy_(0, sk_0)[0]" has a space
Gurobi Optimizer version 9.0.0 build v9.0.0rc2 (linux64)
Optimize a model with 100 rows, 113 columns and 275 nonzeros
Model fingerprint: 0x0860c1e6
Model has 6 quadratic constraints
Model has 6 general constraints
Variable types: 109 continuous, 4 integer (0 binary)
Coefficient statistics:
  Matrix range     [1e-04, 1e+01]
  QMatrix range    [1e+00, 1e+00]
  QLMatrix range   [1e+00, 1e+00]
  Objective range  [1e+00, 1e+00]
  Bounds range     [1e+00, 3e+04]
  RHS range        [5e-01, 5e+01]
Presolve removed 57 rows and 54 columns
Presolve time: 0.00s
Presolved: 67 rows, 60 columns, 199 nonzeros
Presolved model has 2 SOS constraint(s)
Presolved model has 6 bilinear constraint(s)
Variable types: 44 continuous, 16 integer (12 binary)

Root relaxation: objective 8.557292e+00, 32 iterations, 0.00 seconds

    Nodes    |    Current Node    |     Objective Bounds      |     Work
 Expl Unexpl |  Obj  Depth IntInf | Incumbent    BestBd   Gap | It/Node Time

     0     0    8.55729    0    8          -    8.55729      -     -    0s
     0     0    8.55729    0    8          -    8.55729      -     -    0s
     0     0    8.55729    0   10          -    8.55729      -     -    0s
     0     0    8.55729    0   10          -    8.55729      -     -    0s
     0     0    8.55729    0    9          -    8.55729      -     -    0s
     0     0    8.55729    0    9          -    8.55729      -     -    0s
H    0     0                       8.5572917    8.55729  0.00%     -    0s

Cutting planes:
  Gomory: 1
  MIR: 5
  Flow cover: 2
  RLT: 2
  Relax-and-lift: 1

Explored 1 nodes (56 simplex iterations) in 0.01 seconds
Thread count was 8 (of 8 available processors)

Solution count 1: 8.55729 

Optimal solution found (tolerance 1.00e-04)
Best objective 8.557291666667e+00, best bound 8.557291666667e+00, gap 0.0000%
Model optimize took: 0.011220216751098633 seconds

Solution quality statistics for model netmon :
  Maximum violation:
    Bound       : 0.00000000e+00
    Constraint  : 2.84217094e-14 (res)
    Integrality : 0.00000000e+00


DEBUG -----------------------

frac[0,0] 0
frac[0,1] 0
frac[0,2] 0
frac[0,3] 0.335734
frac[0,4] 0.335734
frac[0,5] 0.335734
frac[0,6] 0
frac[0,7] 0
frac[0,8] 0
frac[0,9] 0
frac[1,0] 0
frac[1,1] 0
frac[1,2] 0
frac[1,3] 0.335734
frac[1,4] 0.335734
frac[1,5] 0.335734
frac[1,6] 0
frac[1,7] 0
frac[1,8] 0
frac[1,9] 0
frac[2,0] 1
frac[2,1] 1
frac[2,2] 1
frac[2,3] 0.328531
frac[2,4] 0.328531
frac[2,5] 0.328531
frac[2,6] 1
frac[2,7] 1
frac[2,8] 1
frac[2,9] 1
frac[3,0] 0
frac[3,1] 0
frac[3,2] 0
frac[3,3] 0.128531
frac[3,4] 0.128531
frac[3,5] 0.128531
frac[3,6] 0.5
frac[3,7] 0.5
frac[3,8] 0.5
frac[3,9] 0.5
mem[0,0] 0
mem[0,1] 0
mem[0,2] 0
mem[0,3] 2.85243
mem[0,4] 2.85243
mem[0,5] 2.85243
mem[0,6] 0
mem[0,7] 0
mem[0,8] 0
mem[0,9] 0
mem[1,0] 0
mem[1,1] 0
mem[1,2] 0
mem[1,3] 2.85243
mem[1,4] 2.85243
mem[1,5] 2.85243
mem[1,6] 0
mem[1,7] 0
mem[1,8] 0
mem[1,9] 0
mem[2,0] 0.0351562
mem[2,1] 0.0351562
mem[2,2] 0.0351562
mem[2,3] 2.79123
mem[2,4] 2.79123
mem[2,5] 2.79123
mem[2,6] 0.0195312
mem[2,7] 0.0195312
mem[2,8] 0.0195312
mem[2,9] 0.0195312
mem[3,0] 0
mem[3,1] 0
mem[3,2] 0
mem[3,3] 1.09201
mem[3,4] 1.09201
mem[3,5] 1.09201
mem[3,6] 0.00976562
mem[3,7] 0.00976562
mem[3,8] 0.00976562
mem[3,9] 0.00976562
rows_tot_cpu_1 1.0072
mem_tot_cpu_1 8.55729
m_access_time_cpu_1 0.532855
ns_single_cpu_1 4.0619
pdt_m_rows_cpu_1 0.536693
cores_sketch_cpu_1 6
cores_dpdk_cpu_1 1
ns_sketch_cpu_1 0.676984
ns_dpdk_cpu_1 28.5714
ns_cpu_1 28.5714
pdt_nsk_c_cpu_1 4.0619
pdt_nsc_dpdk_cpu_1 28.5714
rows_tot_cpu_2 1.0072
mem_tot_cpu_2 8.55729
m_access_time_cpu_2 0.532855
ns_single_cpu_2 4.0619
pdt_m_rows_cpu_2 0.536693
cores_sketch_cpu_2 6
cores_dpdk_cpu_2 1
ns_sketch_cpu_2 0.676984
ns_dpdk_cpu_2 28.5714
ns_cpu_2 28.5714
pdt_nsk_c_cpu_2 4.0619
pdt_nsc_dpdk_cpu_2 28.5714
rows_tot_p4_1 7.98559
mem_tot_p4_1 8.55729
ns_p4_1 6.75676
rows_tot_p4_2 2.38559
mem_tot_p4_2 3.3151
ns_p4_2 6.75676
ns 28.5714
res_overall 142.842
max_mem 8.55729
-----------------------------

Throughput: 35.0 Mpps, ns per packet: 28.571428571428573
Resources: 142.8422276972628

Sketch (0) (cm: eps0: 0.3125, del0: 0.05, min_mem: 0.03515625)
Row: 1
0.000    0.000    1.000    0.000    
Total frac: 1.000
Row: 2
0.000    0.000    1.000    0.000    
Total frac: 1.000
Row: 3
0.000    0.000    1.000    0.000    
Total frac: 1.000

Sketch (1) (cm: eps0: 0.00125, del0: 0.05, min_mem: 8.49609375)
Row: 1
0.336    0.336    0.329    0.129    
Total frac: 1.129
Row: 2
0.336    0.336    0.329    0.129    
Total frac: 1.129
Row: 3
0.336    0.336    0.329    0.129    
Total frac: 1.129

Sketch (2) (cm: eps0: 0.625, del0: 0.025, min_mem: 0.01953125)
Row: 1
0.000    0.000    1.000    0.500    
Total frac: 1.500
Row: 2
0.000    0.000    1.000    0.500    
Total frac: 1.500
Row: 3
0.000    0.000    1.000    0.500    
Total frac: 1.500
Row: 4
0.000    0.000    1.000    0.500    
Total frac: 1.500
Device (0) cpu_1:
cores_sketch: 6.0, cores_dpdk: 1.0
Rows total: 1.0072030651340995
Mem total: 8.557291666666666

Device (1) cpu_2:
cores_sketch: 6.0, cores_dpdk: 1.0
Rows total: 1.0072030651340995
Mem total: 8.557291666666666

Device (2) p4_1:

Rows total: 7.985593869731801
Mem total: 8.557291666666666

Device (3) p4_2:

Rows total: 2.3855938697318013
Mem total: 3.3151041666666696

Flow 0:
queries: [(1, 1), (2, 1)]
path: (0, 2, 1)
Flow 1:
queries: [(2, 0.9), (0, 1)]
path: (0, 2)
Flow 2:
queries: [(1, 0.8), (2, 0.5)]
path: (0, 3, 1)
