Using license file /home/anup/gurobi.lic
Academic license - for non-commercial use only

--------------------------------------------------
Model update took: 8.559226989746094e-05 seconds
Model optimize took: 0.004051685333251953 seconds
--------------------------------------------------

Sketch (0) (cm: eps0: 0.3125, del0: 0.05, min_mem: 0.03515625)
Par: 1, Rows: 1
0.000    0.000    1.000    0.000    
Total frac: 1.000
Par: 2, Rows: 1
0.000    0.000    1.000    0.000    
Total frac: 1.000
Par: 3, Rows: 1
0.000    0.000    1.000    0.000    
Total frac: 1.000

Sketch (1) (cm: eps0: 0.00125, del0: 0.05, min_mem: 8.49609375)
Par: 1, Rows: 1
0.000    0.000    1.000    0.800    
Total frac: 1.800
Par: 2, Rows: 1
0.000    0.000    1.000    0.800    
Total frac: 1.800
Par: 3, Rows: 1
0.000    0.000    1.000    0.800    
Total frac: 1.800

Sketch (2) (cm: eps0: 0.625, del0: 0.025, min_mem: 0.01953125)
Par: 1, Rows: 1
0.000    0.000    1.000    0.500    
Total frac: 1.500
Par: 2, Rows: 1
0.000    0.000    1.000    0.500    
Total frac: 1.500
Par: 3, Rows: 1
0.000    0.000    1.000    0.500    
Total frac: 1.500
Par: 4, Rows: 1
0.000    0.000    1.000    0.500    
Total frac: 1.500

Device (0) cpu_1:
Rows total: 5.1205120007580264e-05
Mem total: 1.000100000148052e-06

Device (1) cpu_2:
Rows total: 5.120512e-05
Mem total: 1.0001e-06

Device (2) p4_1:
Rows total: 9.999897589759993
Mem total: 25.6718729998

Device (3) p4_2:
Rows total: 4.399897589759992
Mem total: 25.6718729998
--------------------------------------------------

Throughput: 88.8800008888 Mpps, ns per packet: 11.251125000000002
Resources: 144.66961017011585

Sketch (0) (cm: eps0: 0.3125, del0: 0.05, min_mem: 0.03515625)
Par: 1, Rows: 1
0.000    0.000    1.000    0.000    
Total frac: 1.000
Par: 2, Rows: 1
0.000    0.000    1.000    0.000    
Total frac: 1.000
Par: 3, Rows: 1
0.000    0.000    1.000    0.000    
Total frac: 1.000

Sketch (1) (cm: eps0: 0.00125, del0: 0.05, min_mem: 8.49609375)
Par: 1, Rows: 1
0.000    0.000    1.000    0.800    
Total frac: 1.800
Par: 2, Rows: 1
0.000    0.000    1.000    0.800    
Total frac: 1.800
Par: 3, Rows: 1
0.000    0.000    1.000    0.800    
Total frac: 1.800

Sketch (2) (cm: eps0: 0.625, del0: 0.025, min_mem: 0.01953125)
Par: 1, Rows: 1
0.000    0.000    1.000    0.500    
Total frac: 1.500
Par: 2, Rows: 1
0.000    0.000    1.000    0.500    
Total frac: 1.500
Par: 3, Rows: 1
0.000    0.000    1.000    0.500    
Total frac: 1.500
Par: 4, Rows: 1
0.000    0.000    1.000    0.500    
Total frac: 1.500

Device (0) cpu_1:
cores_sketch: 1.0, cores_dpdk: 6.0
Rows total: 5.1205120007580264e-05
Mem total: 1.000100000148052e-06
Throughput: 88.8800008888

Device (1) cpu_2:
cores_sketch: 1.0, cores_dpdk: 6.0
Rows total: 5.120512e-05
Mem total: 1.0001e-06
Throughput: 88.8800008888

Device (2) p4_1:
Rows total: 9.999897589759993
Mem total: 25.6718729998
Throughput: 148.0

Device (3) p4_2:
Rows total: 4.399897589759992
Mem total: 25.6718729998
Throughput: 148.0
--------------------------------------------------
