Using license file /home/anupa/gurobi.lic
Academic license - for non-commercial use only

Gurobi Optimizer version 9.0.0 build v9.0.0rc2 (linux64)
Optimize a model with 8 rows, 10 columns and 17 nonzeros
Model fingerprint: 0xf768ca84
Model has 1 general constraint
Variable types: 10 continuous, 0 integer (0 binary)
Coefficient statistics:
  Matrix range     [1e+00, 5e+00]
  Objective range  [1e+00, 1e+00]
  Bounds range     [1e+00, 3e+04]
  RHS range        [1e+00, 1e+00]

---------------------------------------------------------------------------
Multi-objectives: starting optimization with 2 objectives ... 
---------------------------------------------------------------------------

Multi-objectives: applying initial presolve ...
---------------------------------------------------------------------------

Presolve removed 1 rows and 1 columns
Presolve time: 0.00s
Presolved: 7 rows and 9 columns
---------------------------------------------------------------------------

Multi-objectives: optimize objective 1 (max_mem) ...
---------------------------------------------------------------------------

Presolve removed 3 rows and 3 columns
Presolve time: 0.00s
Presolved: 4 rows, 6 columns, 10 nonzeros
Presolved model has 1 SOS constraint(s)
Variable types: 5 continuous, 1 integer (1 binary)

Root relaxation: objective 2.548828e+00, 2 iterations, 0.00 seconds

    Nodes    |    Current Node    |     Objective Bounds      |     Work
 Expl Unexpl |  Obj  Depth IntInf | Incumbent    BestBd   Gap | It/Node Time

*    0     0               0       2.5488281    2.54883  0.00%     -    0s

Explored 0 nodes (2 simplex iterations) in 0.00 seconds
Thread count was 12 (of 12 available processors)

Solution count 1: 2.54883 

Optimal solution found (tolerance 1.00e-04)
Best objective 2.548828125000e+00, best bound 2.548828125000e+00, gap 0.0000%
---------------------------------------------------------------------------

Multi-objectives: optimize objective 2 (tot_mem) ...
---------------------------------------------------------------------------


Loaded user MIP start with objective 5.09766

Presolve removed 8 rows and 9 columns
Presolve time: 0.00s
Presolve: All rows and columns removed

Explored 0 nodes (0 simplex iterations) in 0.00 seconds
Thread count was 1 (of 12 available processors)

Solution count 1: 5.09766 

Optimal solution found (tolerance 1.00e-04)
Best objective 5.097656250000e+00, best bound 5.097656250000e+00, gap 0.0000%

---------------------------------------------------------------------------
Multi-objectives: solved in 0.00 seconds, solution count 1

--------------------------------------------------
Model update took: 4.57763671875e-05 seconds
Model optimize took: 0.0027666091918945312 seconds
--------------------------------------------------

Solution quality statistics for model netmon :
  Maximum violation:
    Bound       : 0.00000000e+00
    Constraint  : 0.00000000e+00
    Integrality : 0.00000000e+00

Sketch (0) (cm: eps0: 0.00625, del0: 0.05, min_mem: 1.69921875)
Par: 1, Rows: 3
0.500    0.500    
Total frac: 1.000

Device (0) cpu_1:
Rows total: 1.5
Mem total: 2.548828125

Device (1) p4_1:
Rows total: 1.5
Mem total: 2.548828125
--------------------------------------------------
Changed value of parameter NonConvex to 2
   Prev: -1  Min: -1  Max: 2  Default: -1

Throughput: 93.33333333333333 Mpps, ns per packet: 10.714285714285715
Resources: 70.42841172218321

Sketch (0) (cm: eps0: 0.00625, del0: 0.05, min_mem: 1.69921875)
Par: 1, Rows: 3
0.500    0.500    
Total frac: 1.000

Device (0) cpu_1:
cores_sketch: 1.0, cores_dpdk: 5.999999999999998
Rows total: 1.5
Mem total: 2.548828125
Throughput: 93.33333333333333

Device (1) p4_1:
Rows total: 1.5
Mem total: 2.548828125
Throughput: 148.0
--------------------------------------------------
