Using license file /home/anupa/gurobi.lic
Academic license - for non-commercial use only

Gurobi Optimizer version 9.0.0 build v9.0.0rc2 (linux64)
Optimize a model with 1647 rows, 2436 columns and 7213 nonzeros
Model fingerprint: 0x3261980a
Model has 4 general constraints
Variable types: 2436 continuous, 0 integer (0 binary)
Coefficient statistics:
  Matrix range     [1e+00, 5e+00]
  Objective range  [1e+00, 1e+00]
  Bounds range     [1e+00, 3e+04]
  RHS range        [7e-01, 5e+01]

---------------------------------------------------------------------------
Multi-objectives: starting optimization with 8 objectives ... 
---------------------------------------------------------------------------

Multi-objectives: applying initial presolve ...
---------------------------------------------------------------------------

Presolve added 0 rows and 43 columns
Presolve removed 33 rows and 0 columns
Presolve time: 0.00s
Presolved: 1614 rows and 2479 columns
---------------------------------------------------------------------------

Multi-objectives: optimize objective 1 (tot_rows_cpu) ...
---------------------------------------------------------------------------

Presolve removed 1186 rows and 1426 columns
Presolve time: 0.01s
Presolved: 428 rows, 1053 columns, 3256 nonzeros
Presolved model has 30 SOS constraint(s)
Variable types: 1023 continuous, 30 integer (30 binary)

Root relaxation: objective 1.110000e+01, 519 iterations, 0.00 seconds

    Nodes    |    Current Node    |     Objective Bounds      |     Work
 Expl Unexpl |  Obj  Depth IntInf | Incumbent    BestBd   Gap | It/Node Time

     0     0   11.10000    0    2          -   11.10000      -     -    0s
H    0     0                      11.1000000   11.10000  0.00%     -    0s
     0     0   11.10000    0    2   11.10000   11.10000  0.00%     -    0s

Explored 1 nodes (519 simplex iterations) in 0.02 seconds
Thread count was 12 (of 12 available processors)

Solution count 1: 11.1 

Optimal solution found (tolerance 1.00e-04)
Best objective 1.110000000000e+01, best bound 1.110000000000e+01, gap 0.0000%
---------------------------------------------------------------------------

Multi-objectives: optimize objective 2 (cpu_rows_load) ...
---------------------------------------------------------------------------


Loaded user MIP start with objective 1.85

Presolve removed 1187 rows and 1426 columns
Presolve time: 0.01s
Presolved: 428 rows, 1053 columns, 3311 nonzeros
Presolved model has 30 SOS constraint(s)
Variable types: 1023 continuous, 30 integer (30 binary)

Root relaxation: objective 1.500000e+00, 458 iterations, 0.00 seconds

    Nodes    |    Current Node    |     Objective Bounds      |     Work
 Expl Unexpl |  Obj  Depth IntInf | Incumbent    BestBd   Gap | It/Node Time

*    0     0               0       1.5000000    1.50000  0.00%     -    0s

Explored 0 nodes (458 simplex iterations) in 0.03 seconds
Thread count was 12 (of 12 available processors)

Solution count 2: 1.5 1.85 

Optimal solution found (tolerance 1.00e-04)
Best objective 1.500000000000e+00, best bound 1.500000000000e+00, gap 0.0000%
---------------------------------------------------------------------------

Multi-objectives: optimize objective 3 (tot_rows_p4) ...
---------------------------------------------------------------------------


Loaded user MIP start with objective 336

Presolve removed 1187 rows and 1434 columns
Presolve time: 0.01s
Presolved: 429 rows, 1045 columns, 3273 nonzeros
Presolved model has 22 SOS constraint(s)
Variable types: 1015 continuous, 30 integer (30 binary)

Root relaxation: objective 3.359989e+02, 496 iterations, 0.00 seconds

    Nodes    |    Current Node    |     Objective Bounds      |     Work
 Expl Unexpl |  Obj  Depth IntInf | Incumbent    BestBd   Gap | It/Node Time

     0     0  335.99889    0    1  336.00000  335.99889  0.00%     -    0s

Explored 0 nodes (496 simplex iterations) in 0.04 seconds
Thread count was 12 (of 12 available processors)

Solution count 1: 336 

Optimal solution found (tolerance 1.00e-04)
Best objective 3.360000000000e+02, best bound 3.359988890000e+02, gap 0.0003%
---------------------------------------------------------------------------

Multi-objectives: optimize objective 4 (p4_rows_load) ...
---------------------------------------------------------------------------


Loaded user MIP start with objective 48

Presolve removed 1188 rows and 1434 columns
Presolve time: 0.01s
Presolved: 429 rows, 1045 columns, 3273 nonzeros
Presolved model has 22 SOS constraint(s)
Variable types: 1015 continuous, 30 integer (30 binary)

Root relaxation: objective 4.799984e+01, 410 iterations, 0.00 seconds

    Nodes    |    Current Node    |     Objective Bounds      |     Work
 Expl Unexpl |  Obj  Depth IntInf | Incumbent    BestBd   Gap | It/Node Time

*    0     0               0      47.9998413   47.99984  0.00%     -    0s

Explored 0 nodes (410 simplex iterations) in 0.06 seconds
Thread count was 12 (of 12 available processors)

Solution count 2: 47.9998 48 

Optimal solution found (tolerance 1.00e-04)
Best objective 4.799984128571e+01, best bound 4.799984128571e+01, gap 0.0000%
---------------------------------------------------------------------------

Multi-objectives: optimize objective 5 (tot_mem_cpu) ...
---------------------------------------------------------------------------


Loaded user MIP start with objective 18.8632

Presolve removed 1182 rows and 1434 columns
Presolve time: 0.01s
Presolved: 436 rows, 1045 columns, 3287 nonzeros
Presolved model has 15 SOS constraint(s)
Variable types: 1015 continuous, 30 integer (30 binary)

Root relaxation: objective 1.886133e+01, 477 iterations, 0.00 seconds

    Nodes    |    Current Node    |     Objective Bounds      |     Work
 Expl Unexpl |  Obj  Depth IntInf | Incumbent    BestBd   Gap | It/Node Time

*    0     0               0      18.8613281   18.86133  0.00%     -    0s

Explored 0 nodes (477 simplex iterations) in 0.07 seconds
Thread count was 12 (of 12 available processors)

Solution count 2: 18.8613 18.8632 

Optimal solution found (tolerance 1.00e-04)
Best objective 1.886132812500e+01, best bound 1.886132812500e+01, gap 0.0000%
---------------------------------------------------------------------------

Multi-objectives: optimize objective 6 (cpu_load_mem) ...
---------------------------------------------------------------------------


Loaded user MIP start with objective 2.54883

Presolve removed 1183 rows and 1435 columns
Presolve time: 0.01s
Presolved: 436 rows, 1044 columns, 3294 nonzeros
Presolved model has 15 SOS constraint(s)
Variable types: 1014 continuous, 30 integer (30 binary)

Root relaxation: cutoff, 439 iterations, 0.00 seconds

    Nodes    |    Current Node    |     Objective Bounds      |     Work
 Expl Unexpl |  Obj  Depth IntInf | Incumbent    BestBd   Gap | It/Node Time

     0     0     cutoff    0         2.54883    2.54883  0.00%     -    0s

Explored 0 nodes (439 simplex iterations) in 0.09 seconds
Thread count was 12 (of 12 available processors)

Solution count 1: 2.54883 

Optimal solution found (tolerance 1.00e-04)
Best objective 2.548828125000e+00, best bound 2.548828125000e+00, gap 0.0000%
---------------------------------------------------------------------------

Multi-objectives: optimize objective 7 (tot_mem_p4) ...
---------------------------------------------------------------------------


Loaded user MIP start with objective 570.938

Presolve removed 1183 rows and 1434 columns
Presolve time: 0.01s
Presolved: 437 rows, 1045 columns, 3304 nonzeros
Presolved model has 7 SOS constraint(s)
Variable types: 1015 continuous, 30 integer (30 binary)

Root relaxation: objective 5.709356e+02, 490 iterations, 0.00 seconds

    Nodes    |    Current Node    |     Objective Bounds      |     Work
 Expl Unexpl |  Obj  Depth IntInf | Incumbent    BestBd   Gap | It/Node Time

     0     0  570.93561    0    4  570.93750  570.93561  0.00%     -    0s

Explored 0 nodes (490 simplex iterations) in 0.10 seconds
Thread count was 12 (of 12 available processors)

Solution count 1: 570.938 

Optimal solution found (tolerance 1.00e-04)
Best objective 5.709375000000e+02, best bound 5.709356121680e+02, gap 0.0003%
---------------------------------------------------------------------------

Multi-objectives: optimize objective 8 (p4_load_mem) ...
---------------------------------------------------------------------------


Loaded user MIP start with objective 81.5625

Presolve removed 1184 rows and 1435 columns
Presolve time: 0.01s
Presolved: 437 rows, 1044 columns, 3310 nonzeros
Presolved model has 7 SOS constraint(s)
Variable types: 1014 continuous, 30 integer (30 binary)

Root relaxation: objective 8.156223e+01, 487 iterations, 0.00 seconds

    Nodes    |    Current Node    |     Objective Bounds      |     Work
 Expl Unexpl |  Obj  Depth IntInf | Incumbent    BestBd   Gap | It/Node Time

*    0     0               0      81.5622303   81.56223  0.00%     -    0s

Explored 0 nodes (487 simplex iterations) in 0.11 seconds
Thread count was 12 (of 12 available processors)

Solution count 1: 81.5622 

Optimal solution found (tolerance 1.00e-04)
Best objective 8.156223030971e+01, best bound 8.156223030971e+01, gap 0.0000%

---------------------------------------------------------------------------
Multi-objectives: solved in 0.12 seconds, solution count 5

--------------------------------------------------
Model update took: 0.001001119613647461 seconds
Model optimize took: 0.11519241333007812 seconds
--------------------------------------------------

Solution quality statistics for model netmon :
  Maximum violation:
    Bound       : 6.99218762e-07 (mem[0,0])
    Constraint  : 6.99218762e-07 (accuracy_0_sk_0[0])
    Integrality : 0.00000000e+00

Sketch (0) (cm: eps0: 0.00625, del0: 0.05, min_mem: 1.69921875)
Par: 1, Rows: 3
0.000    0.000    0.000    0.000    0.000    0.000    0.000    0.000    0.300    0.700    0.000    0.000    0.000    0.000    0.000    
Total frac: 1.000

Sketch (1) (cm: eps0: 0.00625, del0: 0.05, min_mem: 1.69921875)
Par: 1, Rows: 3
0.000    0.000    0.000    0.000    0.000    0.000    0.000    0.000    0.000    0.900    0.800    0.000    0.000    0.100    0.000    
Total frac: 1.800

Sketch (2) (cm: eps0: 0.00625, del0: 0.05, min_mem: 1.69921875)
Par: 1, Rows: 3
0.000    0.000    0.000    0.000    0.000    0.000    0.000    0.000    0.000    0.000    0.000    0.000    0.900    0.000    0.000    
Total frac: 0.900

Sketch (3) (cm: eps0: 0.00625, del0: 0.05, min_mem: 1.69921875)
Par: 1, Rows: 3
0.000    0.000    0.000    0.000    0.000    0.000    0.000    0.000    0.000    0.000    0.000    0.900    0.000    0.000    0.000    
Total frac: 0.900

Sketch (4) (cm: eps0: 0.00625, del0: 0.05, min_mem: 1.69921875)
Par: 1, Rows: 3
0.000    0.000    0.000    0.000    0.000    0.000    0.000    0.000    0.800    0.100    0.000    0.000    0.000    0.900    0.000    
Total frac: 1.800

Sketch (5) (cm: eps0: 0.00625, del0: 0.05, min_mem: 1.69921875)
Par: 1, Rows: 3
0.000    0.000    0.000    0.000    0.000    0.000    0.000    0.000    0.900    0.000    0.000    0.000    0.000    0.000    0.100    
Total frac: 1.000

Sketch (6) (cm: eps0: 0.00625, del0: 0.05, min_mem: 1.69921875)
Par: 1, Rows: 3
0.000    0.000    0.000    0.000    0.000    0.000    0.000    0.000    0.000    0.000    0.000    0.000    0.000    0.900    0.000    
Total frac: 0.900

Sketch (7) (cm: eps0: 0.00625, del0: 0.05, min_mem: 1.69921875)
Par: 1, Rows: 3
0.000    0.000    0.000    0.000    0.000    0.000    0.000    0.000    0.000    0.700    0.000    0.000    0.000    0.000    1.000    
Total frac: 1.700

Sketch (8) (cm: eps0: 0.00625, del0: 0.05, min_mem: 1.69921875)
Par: 1, Rows: 3
0.000    0.000    0.000    0.000    0.000    0.000    0.000    0.000    0.000    0.000    0.100    0.000    0.000    0.900    0.000    
Total frac: 1.000

Sketch (9) (cm: eps0: 0.00625, del0: 0.05, min_mem: 1.69921875)
Par: 1, Rows: 3
0.000    0.000    0.000    0.000    0.000    0.000    0.000    0.000    0.000    0.800    0.000    0.900    0.000    0.000    0.000    
Total frac: 1.700

Sketch (10) (cm: eps0: 0.00625, del0: 0.05, min_mem: 1.69921875)
Par: 1, Rows: 3
0.000    0.000    0.000    0.000    0.000    0.000    0.000    0.000    0.700    0.800    0.800    0.000    0.000    0.000    0.200    
Total frac: 2.500

Sketch (11) (cm: eps0: 0.00625, del0: 0.05, min_mem: 1.69921875)
Par: 1, Rows: 3
0.000    0.000    0.000    0.000    0.000    0.000    0.000    0.000    0.000    0.000    0.000    0.000    0.000    0.000    0.900    
Total frac: 0.900

Sketch (12) (cm: eps0: 0.00625, del0: 0.05, min_mem: 1.69921875)
Par: 1, Rows: 3
0.000    0.000    0.000    0.000    0.000    0.000    0.000    0.000    0.000    0.200    0.000    0.000    0.500    0.000    0.300    
Total frac: 1.000

Sketch (13) (cm: eps0: 0.00625, del0: 0.05, min_mem: 1.69921875)
Par: 1, Rows: 3
0.000    0.000    0.000    0.000    0.000    0.000    0.000    0.000    0.000    0.000    0.900    0.700    0.100    0.000    0.000    
Total frac: 1.700

Sketch (14) (cm: eps0: 0.00625, del0: 0.05, min_mem: 1.69921875)
Par: 1, Rows: 3
0.000    0.000    0.000    0.000    0.000    0.000    0.000    0.000    0.000    0.000    0.000    0.000    0.000    1.000    0.000    
Total frac: 1.000

Sketch (15) (cm: eps0: 0.00625, del0: 0.05, min_mem: 1.69921875)
Par: 1, Rows: 3
0.000    0.000    0.000    0.000    0.000    0.000    0.000    0.000    0.000    0.000    0.000    0.000    0.000    0.000    1.000    
Total frac: 1.000

Sketch (16) (cm: eps0: 0.00625, del0: 0.05, min_mem: 1.69921875)
Par: 1, Rows: 3
0.000    0.000    0.000    0.000    0.000    0.000    0.000    0.000    0.000    0.700    0.000    0.000    0.000    0.000    0.700    
Total frac: 1.400

Sketch (17) (cm: eps0: 0.00625, del0: 0.05, min_mem: 1.69921875)
Par: 1, Rows: 3
0.000    0.000    0.000    0.000    0.000    0.000    0.000    0.000    0.000    0.900    0.700    0.100    0.000    0.000    0.000    
Total frac: 1.700

Sketch (18) (cm: eps0: 0.00625, del0: 0.05, min_mem: 1.69921875)
Par: 1, Rows: 3
0.000    0.000    0.000    0.000    0.500    0.000    0.000    0.000    0.000    0.700    0.500    0.900    0.000    0.000    0.000    
Total frac: 2.600

Sketch (19) (cm: eps0: 0.00625, del0: 0.05, min_mem: 1.69921875)
Par: 1, Rows: 3
0.000    0.000    0.000    0.000    0.000    0.000    0.000    0.000    0.000    0.000    0.000    0.000    1.000    0.000    0.000    
Total frac: 1.000

Sketch (20) (cm: eps0: 0.00625, del0: 0.05, min_mem: 1.69921875)
Par: 1, Rows: 3
0.000    0.000    0.200    0.300    0.000    0.000    0.000    0.000    0.000    0.500    0.000    0.000    0.100    0.000    0.900    
Total frac: 2.000

Sketch (21) (cm: eps0: 0.00625, del0: 0.05, min_mem: 1.69921875)
Par: 1, Rows: 3
0.000    0.000    0.000    0.000    0.000    0.000    0.000    0.000    0.000    0.700    0.000    0.000    0.000    0.000    1.000    
Total frac: 1.700

Sketch (22) (cm: eps0: 0.00625, del0: 0.05, min_mem: 1.69921875)
Par: 1, Rows: 3
0.000    0.000    0.000    0.000    0.000    0.000    0.000    0.000    0.000    0.000    0.000    0.000    0.000    0.900    0.100    
Total frac: 1.000

Sketch (23) (cm: eps0: 0.00625, del0: 0.05, min_mem: 1.69921875)
Par: 1, Rows: 3
0.000    0.000    0.000    0.000    0.000    0.000    0.500    0.000    0.000    0.000    0.000    0.000    0.000    0.500    0.000    
Total frac: 1.000

Sketch (24) (cm: eps0: 0.00625, del0: 0.05, min_mem: 1.69921875)
Par: 1, Rows: 3
0.000    0.100    0.000    0.000    0.000    0.000    0.000    0.000    0.900    0.000    0.000    1.000    0.000    0.000    0.000    
Total frac: 2.000

Sketch (25) (cm: eps0: 0.00625, del0: 0.05, min_mem: 1.69921875)
Par: 1, Rows: 3
0.000    0.000    0.000    0.000    0.000    0.000    0.000    0.000    0.000    0.000    0.000    0.000    0.300    0.700    0.000    
Total frac: 1.000

Sketch (26) (cm: eps0: 0.00625, del0: 0.05, min_mem: 1.69921875)
Par: 1, Rows: 3
0.000    0.000    0.000    0.000    0.000    0.000    0.000    0.000    0.700    0.000    0.000    0.000    0.900    0.000    0.000    
Total frac: 1.600

Sketch (27) (cm: eps0: 0.00625, del0: 0.05, min_mem: 1.69921875)
Par: 1, Rows: 3
0.000    0.000    0.000    0.000    0.000    0.000    0.000    0.000    0.000    0.000    0.100    0.200    0.000    0.700    0.000    
Total frac: 1.000

Sketch (28) (cm: eps0: 0.00625, del0: 0.05, min_mem: 1.69921875)
Par: 1, Rows: 3
0.000    0.000    0.000    0.000    0.000    0.000    0.000    0.000    0.100    0.900    0.000    0.000    0.000    0.000    0.700    
Total frac: 1.700

Sketch (29) (cm: eps0: 0.00625, del0: 0.05, min_mem: 1.69921875)
Par: 1, Rows: 3
0.000    0.000    0.000    0.000    0.000    0.000    0.000    0.000    0.000    0.200    0.000    0.000    0.600    0.000    0.200    
Total frac: 1.000

Sketch (30) (cm: eps0: 0.00625, del0: 0.05, min_mem: 1.69921875)
Par: 1, Rows: 3
0.000    0.000    0.000    0.000    0.000    0.000    0.000    0.000    0.000    0.000    0.900    0.000    0.000    0.000    0.700    
Total frac: 1.600

Sketch (31) (cm: eps0: 0.00625, del0: 0.05, min_mem: 1.69921875)
Par: 1, Rows: 3
0.000    0.000    0.000    0.000    0.000    0.000    0.000    0.000    0.000    0.000    0.200    0.700    0.000    0.000    0.600    
Total frac: 1.500

Sketch (32) (cm: eps0: 0.00625, del0: 0.05, min_mem: 1.69921875)
Par: 1, Rows: 3
0.000    0.000    0.000    0.000    0.000    0.000    0.000    0.000    0.500    0.000    0.000    0.900    0.500    0.000    0.000    
Total frac: 1.900

Sketch (33) (cm: eps0: 0.00625, del0: 0.05, min_mem: 1.69921875)
Par: 1, Rows: 3
0.000    0.000    0.000    0.000    0.000    0.000    0.000    0.000    0.000    0.000    0.000    0.000    0.900    0.000    0.100    
Total frac: 1.000

Sketch (34) (cm: eps0: 0.00625, del0: 0.05, min_mem: 1.69921875)
Par: 1, Rows: 3
0.000    0.000    0.000    0.000    0.000    0.000    0.000    0.000    0.000    0.000    0.000    0.000    0.000    0.000    0.700    
Total frac: 0.700

Sketch (35) (cm: eps0: 0.00625, del0: 0.05, min_mem: 1.69921875)
Par: 1, Rows: 3
0.000    0.000    0.000    0.000    0.000    0.000    0.000    0.000    0.000    0.000    0.000    1.000    0.000    0.000    0.900    
Total frac: 1.900

Sketch (36) (cm: eps0: 0.00625, del0: 0.05, min_mem: 1.69921875)
Par: 1, Rows: 3
0.000    0.000    0.000    0.000    0.000    0.000    0.000    0.000    1.000    0.000    0.000    0.800    0.000    0.000    1.000    
Total frac: 2.800

Sketch (37) (cm: eps0: 0.00625, del0: 0.05, min_mem: 1.69921875)
Par: 1, Rows: 3
0.000    0.000    0.000    0.000    0.000    0.000    0.000    0.000    0.000    1.000    0.000    0.000    0.000    1.000    0.000    
Total frac: 2.000

Sketch (38) (cm: eps0: 0.00625, del0: 0.05, min_mem: 1.69921875)
Par: 1, Rows: 3
0.000    0.000    0.000    0.000    0.000    0.000    0.000    0.000    0.000    0.000    0.000    0.000    0.900    1.000    0.000    
Total frac: 1.900

Sketch (39) (cm: eps0: 0.00625, del0: 0.05, min_mem: 1.69921875)
Par: 1, Rows: 3
0.000    0.000    0.000    0.000    0.000    0.000    0.000    0.000    0.000    0.000    0.300    0.000    0.000    0.500    0.200    
Total frac: 1.000

Sketch (40) (cm: eps0: 0.00625, del0: 0.05, min_mem: 1.69921875)
Par: 1, Rows: 3
0.000    0.000    0.000    0.000    0.000    0.500    0.000    0.000    0.000    0.000    0.400    1.000    0.000    0.000    0.000    
Total frac: 1.900

Sketch (41) (cm: eps0: 0.00625, del0: 0.05, min_mem: 1.69921875)
Par: 1, Rows: 3
0.000    0.000    0.000    0.000    0.000    0.000    0.000    0.000    0.200    0.000    0.000    0.000    0.600    0.000    0.200    
Total frac: 1.000

Sketch (42) (cm: eps0: 0.00625, del0: 0.05, min_mem: 1.69921875)
Par: 1, Rows: 3
0.000    0.000    0.000    0.000    0.000    0.000    0.000    0.000    0.000    0.000    0.000    0.800    0.000    0.000    0.000    
Total frac: 0.800

Sketch (43) (cm: eps0: 0.00625, del0: 0.05, min_mem: 1.69921875)
Par: 1, Rows: 3
0.000    0.000    0.000    0.000    0.000    0.000    0.000    0.000    0.000    0.000    0.900    0.000    0.000    0.100    0.000    
Total frac: 1.000

Sketch (44) (cm: eps0: 0.00625, del0: 0.05, min_mem: 1.69921875)
Par: 1, Rows: 3
0.000    0.000    0.000    0.000    0.000    0.000    0.000    0.000    0.000    0.000    0.000    0.000    0.000    0.000    0.900    
Total frac: 0.900

Sketch (45) (cm: eps0: 0.00625, del0: 0.05, min_mem: 1.69921875)
Par: 1, Rows: 3
0.000    0.000    0.000    0.000    0.000    0.000    0.000    0.000    0.000    0.100    0.000    0.000    0.800    0.000    0.000    
Total frac: 0.900

Sketch (46) (cm: eps0: 0.00625, del0: 0.05, min_mem: 1.69921875)
Par: 1, Rows: 3
0.000    0.000    0.000    0.000    0.000    0.000    0.000    0.000    0.900    0.000    0.000    0.800    0.000    0.000    0.000    
Total frac: 1.700

Sketch (47) (cm: eps0: 0.00625, del0: 0.05, min_mem: 1.69921875)
Par: 1, Rows: 3
0.000    0.000    0.000    0.000    0.000    0.000    0.000    0.000    0.100    0.000    0.200    0.000    0.000    0.700    0.000    
Total frac: 1.000

Sketch (48) (cm: eps0: 0.00625, del0: 0.05, min_mem: 1.69921875)
Par: 1, Rows: 3
0.000    0.000    0.000    0.000    0.000    0.000    0.000    0.000    0.000    0.000    0.500    0.300    0.700    0.000    0.000    
Total frac: 1.500

Sketch (49) (cm: eps0: 0.00625, del0: 0.05, min_mem: 1.69921875)
Par: 1, Rows: 3
0.000    0.000    0.000    0.000    0.000    0.000    0.000    0.000    0.700    0.000    0.200    0.000    0.000    0.800    0.000    
Total frac: 1.700

Sketch (50) (cm: eps0: 0.00625, del0: 0.05, min_mem: 1.69921875)
Par: 1, Rows: 3
0.000    0.000    0.000    0.000    0.000    0.000    0.000    0.000    0.000    0.000    0.800    0.100    0.900    0.000    0.000    
Total frac: 1.800

Sketch (51) (cm: eps0: 0.00625, del0: 0.05, min_mem: 1.69921875)
Par: 1, Rows: 3
0.000    0.000    0.000    0.000    0.000    0.000    0.000    0.000    0.000    0.900    0.700    0.000    0.000    0.000    0.100    
Total frac: 1.700

Sketch (52) (cm: eps0: 0.00625, del0: 0.05, min_mem: 1.69921875)
Par: 1, Rows: 3
0.000    0.000    0.000    0.000    0.000    0.000    0.000    0.000    0.000    0.000    0.000    0.000    1.000    0.000    0.000    
Total frac: 1.000

Sketch (53) (cm: eps0: 0.00625, del0: 0.05, min_mem: 1.69921875)
Par: 1, Rows: 3
0.000    0.000    0.000    0.000    0.000    0.000    0.000    0.000    1.000    0.900    0.000    0.000    0.000    0.000    0.000    
Total frac: 1.900

Sketch (54) (cm: eps0: 0.00625, del0: 0.05, min_mem: 1.69921875)
Par: 1, Rows: 3
0.000    0.000    0.000    0.000    0.000    0.000    0.000    0.000    0.000    0.100    0.000    0.000    0.900    0.000    0.000    
Total frac: 1.000

Sketch (55) (cm: eps0: 0.00625, del0: 0.05, min_mem: 1.69921875)
Par: 1, Rows: 3
0.300    0.400    0.000    0.000    0.000    0.000    0.000    0.000    0.000    0.000    0.000    0.700    0.700    0.000    0.000    
Total frac: 2.100

Sketch (56) (cm: eps0: 0.00625, del0: 0.05, min_mem: 1.69921875)
Par: 1, Rows: 3
0.000    0.000    0.000    0.000    0.000    0.000    0.000    0.000    0.000    0.000    0.000    0.000    1.000    0.000    0.000    
Total frac: 1.000

Sketch (57) (cm: eps0: 0.00625, del0: 0.05, min_mem: 1.69921875)
Par: 1, Rows: 3
0.000    0.000    0.000    0.000    0.000    0.000    0.000    0.000    0.800    0.000    0.000    0.000    0.000    0.800    0.200    
Total frac: 1.800

Sketch (58) (cm: eps0: 0.00625, del0: 0.05, min_mem: 1.69921875)
Par: 1, Rows: 3
0.000    0.000    0.000    0.000    0.000    0.000    0.000    0.000    0.800    0.000    0.000    1.000    0.000    0.000    0.100    
Total frac: 1.900

Sketch (59) (cm: eps0: 0.00625, del0: 0.05, min_mem: 1.69921875)
Par: 1, Rows: 3
0.000    0.000    0.000    0.000    0.000    0.000    0.000    0.000    0.000    1.000    0.000    0.200    0.000    0.600    0.100    
Total frac: 1.900

Sketch (60) (cm: eps0: 0.00625, del0: 0.05, min_mem: 1.69921875)
Par: 1, Rows: 3
0.000    0.000    0.000    0.000    0.000    0.000    0.000    0.000    0.000    0.000    0.600    0.000    1.000    0.200    0.000    
Total frac: 1.800

Sketch (61) (cm: eps0: 0.00625, del0: 0.05, min_mem: 1.69921875)
Par: 1, Rows: 3
0.000    0.000    0.000    0.000    0.000    0.000    0.000    0.000    0.000    0.000    0.900    0.000    0.900    0.000    0.100    
Total frac: 1.900

Sketch (62) (cm: eps0: 0.00625, del0: 0.05, min_mem: 1.69921875)
Par: 1, Rows: 3
0.000    0.000    0.000    0.000    0.000    0.000    0.000    0.000    0.000    0.000    0.900    0.000    0.000    0.000    0.000    
Total frac: 0.900

Sketch (63) (cm: eps0: 0.00625, del0: 0.05, min_mem: 1.69921875)
Par: 1, Rows: 3
0.000    0.000    0.000    0.000    0.000    0.000    0.000    0.000    0.000    0.000    1.000    0.000    0.000    0.000    0.000    
Total frac: 1.000

Sketch (64) (cm: eps0: 0.00625, del0: 0.05, min_mem: 1.69921875)
Par: 1, Rows: 3
0.000    0.000    0.000    0.000    0.000    0.000    0.000    0.000    0.000    0.000    0.000    0.900    0.000    0.000    0.900    
Total frac: 1.800

Sketch (65) (cm: eps0: 0.00625, del0: 0.05, min_mem: 1.69921875)
Par: 1, Rows: 3
0.000    0.000    0.000    0.200    0.000    0.000    0.000    0.000    0.000    0.700    0.000    0.000    0.000    1.000    0.000    
Total frac: 1.900

Sketch (66) (cm: eps0: 0.00625, del0: 0.05, min_mem: 1.69921875)
Par: 1, Rows: 3
0.000    0.000    0.000    0.000    0.000    0.000    0.000    0.000    0.000    0.000    0.900    0.000    0.000    0.000    1.000    
Total frac: 1.900

Sketch (67) (cm: eps0: 0.00625, del0: 0.05, min_mem: 1.69921875)
Par: 1, Rows: 3
0.000    0.000    0.000    0.000    0.000    0.000    0.000    0.000    0.000    0.000    0.000    0.000    0.000    0.700    0.100    
Total frac: 0.800

Sketch (68) (cm: eps0: 0.00625, del0: 0.05, min_mem: 1.69921875)
Par: 1, Rows: 3
0.000    0.000    0.000    0.000    0.000    0.000    0.000    0.000    0.900    0.000    0.000    0.000    0.000    0.000    0.000    
Total frac: 0.900

Sketch (69) (cm: eps0: 0.00625, del0: 0.05, min_mem: 1.69921875)
Par: 1, Rows: 3
0.000    0.000    0.000    0.000    0.000    0.000    0.000    0.000    0.800    1.000    0.000    0.000    0.000    0.000    0.000    
Total frac: 1.800

Sketch (70) (cm: eps0: 0.00625, del0: 0.05, min_mem: 1.69921875)
Par: 1, Rows: 3
0.000    0.000    0.000    0.000    0.000    0.000    0.000    0.000    0.800    0.200    0.000    0.100    0.000    0.700    0.000    
Total frac: 1.800

Sketch (71) (cm: eps0: 0.00625, del0: 0.05, min_mem: 1.69921875)
Par: 1, Rows: 3
0.000    0.000    0.000    0.000    0.000    0.000    0.000    0.000    0.000    0.000    0.000    0.000    0.000    0.000    1.000    
Total frac: 1.000

Sketch (72) (cm: eps0: 0.00625, del0: 0.05, min_mem: 1.69921875)
Par: 1, Rows: 3
0.000    0.000    0.000    0.000    0.000    0.000    0.000    0.000    0.000    0.700    0.000    0.700    0.200    0.300    0.000    
Total frac: 1.900

Sketch (73) (cm: eps0: 0.00625, del0: 0.05, min_mem: 1.69921875)
Par: 1, Rows: 3
0.000    0.000    0.000    0.000    0.000    0.000    0.000    0.000    0.000    0.200    0.800    0.200    0.600    0.000    0.000    
Total frac: 1.800

Sketch (74) (cm: eps0: 0.00625, del0: 0.05, min_mem: 1.69921875)
Par: 1, Rows: 3
0.200    0.000    0.000    0.000    0.000    0.000    0.000    0.000    0.500    0.100    0.000    0.000    0.000    0.000    0.000    
Total frac: 0.800

Sketch (75) (cm: eps0: 0.00625, del0: 0.05, min_mem: 1.69921875)
Par: 1, Rows: 3
0.000    0.000    0.000    0.000    0.000    0.000    0.000    0.000    0.000    0.000    0.900    0.000    0.000    0.100    0.000    
Total frac: 1.000

Sketch (76) (cm: eps0: 0.00625, del0: 0.05, min_mem: 1.69921875)
Par: 1, Rows: 3
0.000    0.000    0.000    0.000    0.000    0.000    0.000    0.000    1.000    0.000    0.000    0.000    0.000    0.000    0.000    
Total frac: 1.000

Sketch (77) (cm: eps0: 0.00625, del0: 0.05, min_mem: 1.69921875)
Par: 1, Rows: 3
0.000    0.000    0.000    0.000    0.000    0.000    0.000    0.000    0.800    0.100    0.000    0.000    0.000    0.900    0.000    
Total frac: 1.800

Sketch (78) (cm: eps0: 0.00625, del0: 0.05, min_mem: 1.69921875)
Par: 1, Rows: 3
0.000    0.000    0.000    0.000    0.000    0.000    0.000    0.000    0.800    0.200    0.000    0.700    0.000    0.000    0.000    
Total frac: 1.700

Sketch (79) (cm: eps0: 0.00625, del0: 0.05, min_mem: 1.69921875)
Par: 1, Rows: 3
0.000    0.000    0.000    0.000    0.000    0.000    0.000    0.500    0.000    0.000    1.000    0.400    0.000    0.000    0.000    
Total frac: 1.900

Device (0) cpu1:
Rows total: 1.5001194472085457
Mem total: 2.549030392717634

Device (1) cpu2:
Rows total: 1.5001190357142857
Mem total: 2.549030392717634

Device (2) cpu3:
Rows total: 0.6002773385057435
Mem total: 1.0200025087890565

Device (3) cpu4:
Rows total: 1.5001190357142857
Mem total: 2.549030392717634

Device (4) cpu5:
Rows total: 1.5001190357142857
Mem total: 2.549030392717634

Device (5) cpu6:
Rows total: 1.5001190357142857
Mem total: 2.549030392717634

Device (6) cpu7:
Rows total: 1.5001190357142857
Mem total: 2.549030392717634

Device (7) cpu8:
Rows total: 1.5001190357142857
Mem total: 2.549030392717634

Device (8) tor_p41:
Rows total: 47.99984128571428
Mem total: 81.56223030970982

Device (9) tor_p42:
Rows total: 47.99984128571428
Mem total: 81.56223030970982

Device (10) tor_p43:
Rows total: 47.99984128571428
Mem total: 81.56223030970982

Device (11) tor_p44:
Rows total: 47.99984128571428
Mem total: 81.56223030970982

Device (12) l1_p41:
Rows total: 47.99984128571428
Mem total: 81.56223030970982

Device (13) l1_p42:
Rows total: 47.99984128571428
Mem total: 81.56223030970982

Device (14) l2_p4:
Rows total: 47.99984128571428
Mem total: 81.56223030970982
--------------------------------------------------
Changed value of parameter NonConvex to 2
   Prev: -1  Min: -1  Max: 2  Default: -1
Changed value of parameter NonConvex to 2
   Prev: -1  Min: -1  Max: 2  Default: -1
Changed value of parameter NonConvex to 2
   Prev: -1  Min: -1  Max: 2  Default: -1
Changed value of parameter NonConvex to 2
   Prev: -1  Min: -1  Max: 2  Default: -1
Changed value of parameter NonConvex to 2
   Prev: -1  Min: -1  Max: 2  Default: -1
Changed value of parameter NonConvex to 2
   Prev: -1  Min: -1  Max: 2  Default: -1
Changed value of parameter NonConvex to 2
   Prev: -1  Min: -1  Max: 2  Default: -1
Changed value of parameter NonConvex to 2
   Prev: -1  Min: -1  Max: 2  Default: -1

Throughput: 93.33333333333333 Mpps, ns per packet: 10.714285714285715
Resources: 655.8965168087468

Sketch (0) (cm: eps0: 0.00625, del0: 0.05, min_mem: 1.69921875)
Par: 1, Rows: 3
0.000    0.000    0.000    0.000    0.000    0.000    0.000    0.000    0.300    0.700    0.000    0.000    0.000    0.000    0.000    
Total frac: 1.000

Sketch (1) (cm: eps0: 0.00625, del0: 0.05, min_mem: 1.69921875)
Par: 1, Rows: 3
0.000    0.000    0.000    0.000    0.000    0.000    0.000    0.000    0.000    0.900    0.800    0.000    0.000    0.100    0.000    
Total frac: 1.800

Sketch (2) (cm: eps0: 0.00625, del0: 0.05, min_mem: 1.69921875)
Par: 1, Rows: 3
0.000    0.000    0.000    0.000    0.000    0.000    0.000    0.000    0.000    0.000    0.000    0.000    0.900    0.000    0.000    
Total frac: 0.900

Sketch (3) (cm: eps0: 0.00625, del0: 0.05, min_mem: 1.69921875)
Par: 1, Rows: 3
0.000    0.000    0.000    0.000    0.000    0.000    0.000    0.000    0.000    0.000    0.000    0.900    0.000    0.000    0.000    
Total frac: 0.900

Sketch (4) (cm: eps0: 0.00625, del0: 0.05, min_mem: 1.69921875)
Par: 1, Rows: 3
0.000    0.000    0.000    0.000    0.000    0.000    0.000    0.000    0.800    0.100    0.000    0.000    0.000    0.900    0.000    
Total frac: 1.800

Sketch (5) (cm: eps0: 0.00625, del0: 0.05, min_mem: 1.69921875)
Par: 1, Rows: 3
0.000    0.000    0.000    0.000    0.000    0.000    0.000    0.000    0.900    0.000    0.000    0.000    0.000    0.000    0.100    
Total frac: 1.000

Sketch (6) (cm: eps0: 0.00625, del0: 0.05, min_mem: 1.69921875)
Par: 1, Rows: 3
0.000    0.000    0.000    0.000    0.000    0.000    0.000    0.000    0.000    0.000    0.000    0.000    0.000    0.900    0.000    
Total frac: 0.900

Sketch (7) (cm: eps0: 0.00625, del0: 0.05, min_mem: 1.69921875)
Par: 1, Rows: 3
0.000    0.000    0.000    0.000    0.000    0.000    0.000    0.000    0.000    0.700    0.000    0.000    0.000    0.000    1.000    
Total frac: 1.700

Sketch (8) (cm: eps0: 0.00625, del0: 0.05, min_mem: 1.69921875)
Par: 1, Rows: 3
0.000    0.000    0.000    0.000    0.000    0.000    0.000    0.000    0.000    0.000    0.100    0.000    0.000    0.900    0.000    
Total frac: 1.000

Sketch (9) (cm: eps0: 0.00625, del0: 0.05, min_mem: 1.69921875)
Par: 1, Rows: 3
0.000    0.000    0.000    0.000    0.000    0.000    0.000    0.000    0.000    0.800    0.000    0.900    0.000    0.000    0.000    
Total frac: 1.700

Sketch (10) (cm: eps0: 0.00625, del0: 0.05, min_mem: 1.69921875)
Par: 1, Rows: 3
0.000    0.000    0.000    0.000    0.000    0.000    0.000    0.000    0.700    0.800    0.800    0.000    0.000    0.000    0.200    
Total frac: 2.500

Sketch (11) (cm: eps0: 0.00625, del0: 0.05, min_mem: 1.69921875)
Par: 1, Rows: 3
0.000    0.000    0.000    0.000    0.000    0.000    0.000    0.000    0.000    0.000    0.000    0.000    0.000    0.000    0.900    
Total frac: 0.900

Sketch (12) (cm: eps0: 0.00625, del0: 0.05, min_mem: 1.69921875)
Par: 1, Rows: 3
0.000    0.000    0.000    0.000    0.000    0.000    0.000    0.000    0.000    0.200    0.000    0.000    0.500    0.000    0.300    
Total frac: 1.000

Sketch (13) (cm: eps0: 0.00625, del0: 0.05, min_mem: 1.69921875)
Par: 1, Rows: 3
0.000    0.000    0.000    0.000    0.000    0.000    0.000    0.000    0.000    0.000    0.900    0.700    0.100    0.000    0.000    
Total frac: 1.700

Sketch (14) (cm: eps0: 0.00625, del0: 0.05, min_mem: 1.69921875)
Par: 1, Rows: 3
0.000    0.000    0.000    0.000    0.000    0.000    0.000    0.000    0.000    0.000    0.000    0.000    0.000    1.000    0.000    
Total frac: 1.000

Sketch (15) (cm: eps0: 0.00625, del0: 0.05, min_mem: 1.69921875)
Par: 1, Rows: 3
0.000    0.000    0.000    0.000    0.000    0.000    0.000    0.000    0.000    0.000    0.000    0.000    0.000    0.000    1.000    
Total frac: 1.000

Sketch (16) (cm: eps0: 0.00625, del0: 0.05, min_mem: 1.69921875)
Par: 1, Rows: 3
0.000    0.000    0.000    0.000    0.000    0.000    0.000    0.000    0.000    0.700    0.000    0.000    0.000    0.000    0.700    
Total frac: 1.400

Sketch (17) (cm: eps0: 0.00625, del0: 0.05, min_mem: 1.69921875)
Par: 1, Rows: 3
0.000    0.000    0.000    0.000    0.000    0.000    0.000    0.000    0.000    0.900    0.700    0.100    0.000    0.000    0.000    
Total frac: 1.700

Sketch (18) (cm: eps0: 0.00625, del0: 0.05, min_mem: 1.69921875)
Par: 1, Rows: 3
0.000    0.000    0.000    0.000    0.500    0.000    0.000    0.000    0.000    0.700    0.500    0.900    0.000    0.000    0.000    
Total frac: 2.600

Sketch (19) (cm: eps0: 0.00625, del0: 0.05, min_mem: 1.69921875)
Par: 1, Rows: 3
0.000    0.000    0.000    0.000    0.000    0.000    0.000    0.000    0.000    0.000    0.000    0.000    1.000    0.000    0.000    
Total frac: 1.000

Sketch (20) (cm: eps0: 0.00625, del0: 0.05, min_mem: 1.69921875)
Par: 1, Rows: 3
0.000    0.000    0.200    0.300    0.000    0.000    0.000    0.000    0.000    0.500    0.000    0.000    0.100    0.000    0.900    
Total frac: 2.000

Sketch (21) (cm: eps0: 0.00625, del0: 0.05, min_mem: 1.69921875)
Par: 1, Rows: 3
0.000    0.000    0.000    0.000    0.000    0.000    0.000    0.000    0.000    0.700    0.000    0.000    0.000    0.000    1.000    
Total frac: 1.700

Sketch (22) (cm: eps0: 0.00625, del0: 0.05, min_mem: 1.69921875)
Par: 1, Rows: 3
0.000    0.000    0.000    0.000    0.000    0.000    0.000    0.000    0.000    0.000    0.000    0.000    0.000    0.900    0.100    
Total frac: 1.000

Sketch (23) (cm: eps0: 0.00625, del0: 0.05, min_mem: 1.69921875)
Par: 1, Rows: 3
0.000    0.000    0.000    0.000    0.000    0.000    0.500    0.000    0.000    0.000    0.000    0.000    0.000    0.500    0.000    
Total frac: 1.000

Sketch (24) (cm: eps0: 0.00625, del0: 0.05, min_mem: 1.69921875)
Par: 1, Rows: 3
0.000    0.100    0.000    0.000    0.000    0.000    0.000    0.000    0.900    0.000    0.000    1.000    0.000    0.000    0.000    
Total frac: 2.000

Sketch (25) (cm: eps0: 0.00625, del0: 0.05, min_mem: 1.69921875)
Par: 1, Rows: 3
0.000    0.000    0.000    0.000    0.000    0.000    0.000    0.000    0.000    0.000    0.000    0.000    0.300    0.700    0.000    
Total frac: 1.000

Sketch (26) (cm: eps0: 0.00625, del0: 0.05, min_mem: 1.69921875)
Par: 1, Rows: 3
0.000    0.000    0.000    0.000    0.000    0.000    0.000    0.000    0.700    0.000    0.000    0.000    0.900    0.000    0.000    
Total frac: 1.600

Sketch (27) (cm: eps0: 0.00625, del0: 0.05, min_mem: 1.69921875)
Par: 1, Rows: 3
0.000    0.000    0.000    0.000    0.000    0.000    0.000    0.000    0.000    0.000    0.100    0.200    0.000    0.700    0.000    
Total frac: 1.000

Sketch (28) (cm: eps0: 0.00625, del0: 0.05, min_mem: 1.69921875)
Par: 1, Rows: 3
0.000    0.000    0.000    0.000    0.000    0.000    0.000    0.000    0.100    0.900    0.000    0.000    0.000    0.000    0.700    
Total frac: 1.700

Sketch (29) (cm: eps0: 0.00625, del0: 0.05, min_mem: 1.69921875)
Par: 1, Rows: 3
0.000    0.000    0.000    0.000    0.000    0.000    0.000    0.000    0.000    0.200    0.000    0.000    0.600    0.000    0.200    
Total frac: 1.000

Sketch (30) (cm: eps0: 0.00625, del0: 0.05, min_mem: 1.69921875)
Par: 1, Rows: 3
0.000    0.000    0.000    0.000    0.000    0.000    0.000    0.000    0.000    0.000    0.900    0.000    0.000    0.000    0.700    
Total frac: 1.600

Sketch (31) (cm: eps0: 0.00625, del0: 0.05, min_mem: 1.69921875)
Par: 1, Rows: 3
0.000    0.000    0.000    0.000    0.000    0.000    0.000    0.000    0.000    0.000    0.200    0.700    0.000    0.000    0.600    
Total frac: 1.500

Sketch (32) (cm: eps0: 0.00625, del0: 0.05, min_mem: 1.69921875)
Par: 1, Rows: 3
0.000    0.000    0.000    0.000    0.000    0.000    0.000    0.000    0.500    0.000    0.000    0.900    0.500    0.000    0.000    
Total frac: 1.900

Sketch (33) (cm: eps0: 0.00625, del0: 0.05, min_mem: 1.69921875)
Par: 1, Rows: 3
0.000    0.000    0.000    0.000    0.000    0.000    0.000    0.000    0.000    0.000    0.000    0.000    0.900    0.000    0.100    
Total frac: 1.000

Sketch (34) (cm: eps0: 0.00625, del0: 0.05, min_mem: 1.69921875)
Par: 1, Rows: 3
0.000    0.000    0.000    0.000    0.000    0.000    0.000    0.000    0.000    0.000    0.000    0.000    0.000    0.000    0.700    
Total frac: 0.700

Sketch (35) (cm: eps0: 0.00625, del0: 0.05, min_mem: 1.69921875)
Par: 1, Rows: 3
0.000    0.000    0.000    0.000    0.000    0.000    0.000    0.000    0.000    0.000    0.000    1.000    0.000    0.000    0.900    
Total frac: 1.900

Sketch (36) (cm: eps0: 0.00625, del0: 0.05, min_mem: 1.69921875)
Par: 1, Rows: 3
0.000    0.000    0.000    0.000    0.000    0.000    0.000    0.000    1.000    0.000    0.000    0.800    0.000    0.000    1.000    
Total frac: 2.800

Sketch (37) (cm: eps0: 0.00625, del0: 0.05, min_mem: 1.69921875)
Par: 1, Rows: 3
0.000    0.000    0.000    0.000    0.000    0.000    0.000    0.000    0.000    1.000    0.000    0.000    0.000    1.000    0.000    
Total frac: 2.000

Sketch (38) (cm: eps0: 0.00625, del0: 0.05, min_mem: 1.69921875)
Par: 1, Rows: 3
0.000    0.000    0.000    0.000    0.000    0.000    0.000    0.000    0.000    0.000    0.000    0.000    0.900    1.000    0.000    
Total frac: 1.900

Sketch (39) (cm: eps0: 0.00625, del0: 0.05, min_mem: 1.69921875)
Par: 1, Rows: 3
0.000    0.000    0.000    0.000    0.000    0.000    0.000    0.000    0.000    0.000    0.300    0.000    0.000    0.500    0.200    
Total frac: 1.000

Sketch (40) (cm: eps0: 0.00625, del0: 0.05, min_mem: 1.69921875)
Par: 1, Rows: 3
0.000    0.000    0.000    0.000    0.000    0.500    0.000    0.000    0.000    0.000    0.400    1.000    0.000    0.000    0.000    
Total frac: 1.900

Sketch (41) (cm: eps0: 0.00625, del0: 0.05, min_mem: 1.69921875)
Par: 1, Rows: 3
0.000    0.000    0.000    0.000    0.000    0.000    0.000    0.000    0.200    0.000    0.000    0.000    0.600    0.000    0.200    
Total frac: 1.000

Sketch (42) (cm: eps0: 0.00625, del0: 0.05, min_mem: 1.69921875)
Par: 1, Rows: 3
0.000    0.000    0.000    0.000    0.000    0.000    0.000    0.000    0.000    0.000    0.000    0.800    0.000    0.000    0.000    
Total frac: 0.800

Sketch (43) (cm: eps0: 0.00625, del0: 0.05, min_mem: 1.69921875)
Par: 1, Rows: 3
0.000    0.000    0.000    0.000    0.000    0.000    0.000    0.000    0.000    0.000    0.900    0.000    0.000    0.100    0.000    
Total frac: 1.000

Sketch (44) (cm: eps0: 0.00625, del0: 0.05, min_mem: 1.69921875)
Par: 1, Rows: 3
0.000    0.000    0.000    0.000    0.000    0.000    0.000    0.000    0.000    0.000    0.000    0.000    0.000    0.000    0.900    
Total frac: 0.900

Sketch (45) (cm: eps0: 0.00625, del0: 0.05, min_mem: 1.69921875)
Par: 1, Rows: 3
0.000    0.000    0.000    0.000    0.000    0.000    0.000    0.000    0.000    0.100    0.000    0.000    0.800    0.000    0.000    
Total frac: 0.900

Sketch (46) (cm: eps0: 0.00625, del0: 0.05, min_mem: 1.69921875)
Par: 1, Rows: 3
0.000    0.000    0.000    0.000    0.000    0.000    0.000    0.000    0.900    0.000    0.000    0.800    0.000    0.000    0.000    
Total frac: 1.700

Sketch (47) (cm: eps0: 0.00625, del0: 0.05, min_mem: 1.69921875)
Par: 1, Rows: 3
0.000    0.000    0.000    0.000    0.000    0.000    0.000    0.000    0.100    0.000    0.200    0.000    0.000    0.700    0.000    
Total frac: 1.000

Sketch (48) (cm: eps0: 0.00625, del0: 0.05, min_mem: 1.69921875)
Par: 1, Rows: 3
0.000    0.000    0.000    0.000    0.000    0.000    0.000    0.000    0.000    0.000    0.500    0.300    0.700    0.000    0.000    
Total frac: 1.500

Sketch (49) (cm: eps0: 0.00625, del0: 0.05, min_mem: 1.69921875)
Par: 1, Rows: 3
0.000    0.000    0.000    0.000    0.000    0.000    0.000    0.000    0.700    0.000    0.200    0.000    0.000    0.800    0.000    
Total frac: 1.700

Sketch (50) (cm: eps0: 0.00625, del0: 0.05, min_mem: 1.69921875)
Par: 1, Rows: 3
0.000    0.000    0.000    0.000    0.000    0.000    0.000    0.000    0.000    0.000    0.800    0.100    0.900    0.000    0.000    
Total frac: 1.800

Sketch (51) (cm: eps0: 0.00625, del0: 0.05, min_mem: 1.69921875)
Par: 1, Rows: 3
0.000    0.000    0.000    0.000    0.000    0.000    0.000    0.000    0.000    0.900    0.700    0.000    0.000    0.000    0.100    
Total frac: 1.700

Sketch (52) (cm: eps0: 0.00625, del0: 0.05, min_mem: 1.69921875)
Par: 1, Rows: 3
0.000    0.000    0.000    0.000    0.000    0.000    0.000    0.000    0.000    0.000    0.000    0.000    1.000    0.000    0.000    
Total frac: 1.000

Sketch (53) (cm: eps0: 0.00625, del0: 0.05, min_mem: 1.69921875)
Par: 1, Rows: 3
0.000    0.000    0.000    0.000    0.000    0.000    0.000    0.000    1.000    0.900    0.000    0.000    0.000    0.000    0.000    
Total frac: 1.900

Sketch (54) (cm: eps0: 0.00625, del0: 0.05, min_mem: 1.69921875)
Par: 1, Rows: 3
0.000    0.000    0.000    0.000    0.000    0.000    0.000    0.000    0.000    0.100    0.000    0.000    0.900    0.000    0.000    
Total frac: 1.000

Sketch (55) (cm: eps0: 0.00625, del0: 0.05, min_mem: 1.69921875)
Par: 1, Rows: 3
0.300    0.400    0.000    0.000    0.000    0.000    0.000    0.000    0.000    0.000    0.000    0.700    0.700    0.000    0.000    
Total frac: 2.100

Sketch (56) (cm: eps0: 0.00625, del0: 0.05, min_mem: 1.69921875)
Par: 1, Rows: 3
0.000    0.000    0.000    0.000    0.000    0.000    0.000    0.000    0.000    0.000    0.000    0.000    1.000    0.000    0.000    
Total frac: 1.000

Sketch (57) (cm: eps0: 0.00625, del0: 0.05, min_mem: 1.69921875)
Par: 1, Rows: 3
0.000    0.000    0.000    0.000    0.000    0.000    0.000    0.000    0.800    0.000    0.000    0.000    0.000    0.800    0.200    
Total frac: 1.800

Sketch (58) (cm: eps0: 0.00625, del0: 0.05, min_mem: 1.69921875)
Par: 1, Rows: 3
0.000    0.000    0.000    0.000    0.000    0.000    0.000    0.000    0.800    0.000    0.000    1.000    0.000    0.000    0.100    
Total frac: 1.900

Sketch (59) (cm: eps0: 0.00625, del0: 0.05, min_mem: 1.69921875)
Par: 1, Rows: 3
0.000    0.000    0.000    0.000    0.000    0.000    0.000    0.000    0.000    1.000    0.000    0.200    0.000    0.600    0.100    
Total frac: 1.900

Sketch (60) (cm: eps0: 0.00625, del0: 0.05, min_mem: 1.69921875)
Par: 1, Rows: 3
0.000    0.000    0.000    0.000    0.000    0.000    0.000    0.000    0.000    0.000    0.600    0.000    1.000    0.200    0.000    
Total frac: 1.800

Sketch (61) (cm: eps0: 0.00625, del0: 0.05, min_mem: 1.69921875)
Par: 1, Rows: 3
0.000    0.000    0.000    0.000    0.000    0.000    0.000    0.000    0.000    0.000    0.900    0.000    0.900    0.000    0.100    
Total frac: 1.900

Sketch (62) (cm: eps0: 0.00625, del0: 0.05, min_mem: 1.69921875)
Par: 1, Rows: 3
0.000    0.000    0.000    0.000    0.000    0.000    0.000    0.000    0.000    0.000    0.900    0.000    0.000    0.000    0.000    
Total frac: 0.900

Sketch (63) (cm: eps0: 0.00625, del0: 0.05, min_mem: 1.69921875)
Par: 1, Rows: 3
0.000    0.000    0.000    0.000    0.000    0.000    0.000    0.000    0.000    0.000    1.000    0.000    0.000    0.000    0.000    
Total frac: 1.000

Sketch (64) (cm: eps0: 0.00625, del0: 0.05, min_mem: 1.69921875)
Par: 1, Rows: 3
0.000    0.000    0.000    0.000    0.000    0.000    0.000    0.000    0.000    0.000    0.000    0.900    0.000    0.000    0.900    
Total frac: 1.800

Sketch (65) (cm: eps0: 0.00625, del0: 0.05, min_mem: 1.69921875)
Par: 1, Rows: 3
0.000    0.000    0.000    0.200    0.000    0.000    0.000    0.000    0.000    0.700    0.000    0.000    0.000    1.000    0.000    
Total frac: 1.900

Sketch (66) (cm: eps0: 0.00625, del0: 0.05, min_mem: 1.69921875)
Par: 1, Rows: 3
0.000    0.000    0.000    0.000    0.000    0.000    0.000    0.000    0.000    0.000    0.900    0.000    0.000    0.000    1.000    
Total frac: 1.900

Sketch (67) (cm: eps0: 0.00625, del0: 0.05, min_mem: 1.69921875)
Par: 1, Rows: 3
0.000    0.000    0.000    0.000    0.000    0.000    0.000    0.000    0.000    0.000    0.000    0.000    0.000    0.700    0.100    
Total frac: 0.800

Sketch (68) (cm: eps0: 0.00625, del0: 0.05, min_mem: 1.69921875)
Par: 1, Rows: 3
0.000    0.000    0.000    0.000    0.000    0.000    0.000    0.000    0.900    0.000    0.000    0.000    0.000    0.000    0.000    
Total frac: 0.900

Sketch (69) (cm: eps0: 0.00625, del0: 0.05, min_mem: 1.69921875)
Par: 1, Rows: 3
0.000    0.000    0.000    0.000    0.000    0.000    0.000    0.000    0.800    1.000    0.000    0.000    0.000    0.000    0.000    
Total frac: 1.800

Sketch (70) (cm: eps0: 0.00625, del0: 0.05, min_mem: 1.69921875)
Par: 1, Rows: 3
0.000    0.000    0.000    0.000    0.000    0.000    0.000    0.000    0.800    0.200    0.000    0.100    0.000    0.700    0.000    
Total frac: 1.800

Sketch (71) (cm: eps0: 0.00625, del0: 0.05, min_mem: 1.69921875)
Par: 1, Rows: 3
0.000    0.000    0.000    0.000    0.000    0.000    0.000    0.000    0.000    0.000    0.000    0.000    0.000    0.000    1.000    
Total frac: 1.000

Sketch (72) (cm: eps0: 0.00625, del0: 0.05, min_mem: 1.69921875)
Par: 1, Rows: 3
0.000    0.000    0.000    0.000    0.000    0.000    0.000    0.000    0.000    0.700    0.000    0.700    0.200    0.300    0.000    
Total frac: 1.900

Sketch (73) (cm: eps0: 0.00625, del0: 0.05, min_mem: 1.69921875)
Par: 1, Rows: 3
0.000    0.000    0.000    0.000    0.000    0.000    0.000    0.000    0.000    0.200    0.800    0.200    0.600    0.000    0.000    
Total frac: 1.800

Sketch (74) (cm: eps0: 0.00625, del0: 0.05, min_mem: 1.69921875)
Par: 1, Rows: 3
0.200    0.000    0.000    0.000    0.000    0.000    0.000    0.000    0.500    0.100    0.000    0.000    0.000    0.000    0.000    
Total frac: 0.800

Sketch (75) (cm: eps0: 0.00625, del0: 0.05, min_mem: 1.69921875)
Par: 1, Rows: 3
0.000    0.000    0.000    0.000    0.000    0.000    0.000    0.000    0.000    0.000    0.900    0.000    0.000    0.100    0.000    
Total frac: 1.000

Sketch (76) (cm: eps0: 0.00625, del0: 0.05, min_mem: 1.69921875)
Par: 1, Rows: 3
0.000    0.000    0.000    0.000    0.000    0.000    0.000    0.000    1.000    0.000    0.000    0.000    0.000    0.000    0.000    
Total frac: 1.000

Sketch (77) (cm: eps0: 0.00625, del0: 0.05, min_mem: 1.69921875)
Par: 1, Rows: 3
0.000    0.000    0.000    0.000    0.000    0.000    0.000    0.000    0.800    0.100    0.000    0.000    0.000    0.900    0.000    
Total frac: 1.800

Sketch (78) (cm: eps0: 0.00625, del0: 0.05, min_mem: 1.69921875)
Par: 1, Rows: 3
0.000    0.000    0.000    0.000    0.000    0.000    0.000    0.000    0.800    0.200    0.000    0.700    0.000    0.000    0.000    
Total frac: 1.700

Sketch (79) (cm: eps0: 0.00625, del0: 0.05, min_mem: 1.69921875)
Par: 1, Rows: 3
0.000    0.000    0.000    0.000    0.000    0.000    0.000    0.500    0.000    0.000    1.000    0.400    0.000    0.000    0.000    
Total frac: 1.900

Device (0) cpu1:
cores_sketch: 1.0, cores_dpdk: 5.999999999999998
Rows total: 1.5001194472085457
Mem total: 2.549030392717634
Throughput: 93.33333333333333

Device (1) cpu2:
cores_sketch: 1.0, cores_dpdk: 5.999999999999998
Rows total: 1.5001190357142857
Mem total: 2.549030392717634
Throughput: 93.33333333333333

Device (2) cpu3:
cores_sketch: 1.0, cores_dpdk: 5.999999999999998
Rows total: 0.6002773385057435
Mem total: 1.0200025087890565
Throughput: 93.33333333333333

Device (3) cpu4:
cores_sketch: 1.0, cores_dpdk: 5.999999999999998
Rows total: 1.5001190357142857
Mem total: 2.549030392717634
Throughput: 93.33333333333333

Device (4) cpu5:
cores_sketch: 1.0, cores_dpdk: 5.999999999999998
Rows total: 1.5001190357142857
Mem total: 2.549030392717634
Throughput: 93.33333333333333

Device (5) cpu6:
cores_sketch: 1.0, cores_dpdk: 5.999999999999998
Rows total: 1.5001190357142857
Mem total: 2.549030392717634
Throughput: 93.33333333333333

Device (6) cpu7:
cores_sketch: 1.0, cores_dpdk: 5.999999999999998
Rows total: 1.5001190357142857
Mem total: 2.549030392717634
Throughput: 93.33333333333333

Device (7) cpu8:
cores_sketch: 1.0, cores_dpdk: 5.999999999999998
Rows total: 1.5001190357142857
Mem total: 2.549030392717634
Throughput: 93.33333333333333

Device (8) tor_p41:
Rows total: 47.99984128571428
Mem total: 81.56223030970982
Throughput: 148.0

Device (9) tor_p42:
Rows total: 47.99984128571428
Mem total: 81.56223030970982
Throughput: 148.0

Device (10) tor_p43:
Rows total: 47.99984128571428
Mem total: 81.56223030970982
Throughput: 148.0

Device (11) tor_p44:
Rows total: 47.99984128571428
Mem total: 81.56223030970982
Throughput: 148.0

Device (12) l1_p41:
Rows total: 47.99984128571428
Mem total: 81.56223030970982
Throughput: 148.0

Device (13) l1_p42:
Rows total: 47.99984128571428
Mem total: 81.56223030970982
Throughput: 148.0

Device (14) l2_p4:
Rows total: 47.99984128571428
Mem total: 81.56223030970982
Throughput: 148.0
--------------------------------------------------
