Using license file /home/anup/gurobi.lic
Academic license - for non-commercial use only

--------------------------------------------------
Model update took: 0.0036771297454833984 seconds
Model optimize took: 0.10873532295227051 seconds
--------------------------------------------------

Sketch (0) (cm: eps0: 0.00625, del0: 0.05, min_mem: 1.69921875)
Par: 1, Rows: 1
0.000    0.000    0.000    0.000    0.000    0.000    0.000    0.000    0.000    0.000    0.000    0.000    0.000    0.000    1.000    
Total frac: 1.000
Par: 2, Rows: 1
0.000    0.000    0.000    0.000    0.000    0.000    0.000    0.000    0.000    0.000    0.000    0.000    0.000    0.000    1.000    
Total frac: 1.000
Par: 3, Rows: 1
0.000    0.000    0.000    0.000    0.000    0.000    0.000    0.000    0.000    0.000    0.000    0.000    0.000    0.000    1.000    
Total frac: 1.000

Sketch (1) (cm: eps0: 0.00625, del0: 0.05, min_mem: 1.69921875)
Par: 1, Rows: 1
0.000    0.000    0.000    0.000    0.000    0.000    0.000    0.000    0.000    0.000    0.100    0.000    0.800    0.000    0.100    
Total frac: 1.000
Par: 2, Rows: 1
0.000    0.000    0.000    0.000    0.000    0.000    0.000    0.000    0.000    0.000    0.100    0.000    0.800    0.000    0.100    
Total frac: 1.000
Par: 3, Rows: 1
0.000    0.000    0.000    0.000    0.000    0.000    0.000    0.000    0.000    0.000    0.100    0.000    0.800    0.000    0.100    
Total frac: 1.000

Sketch (2) (cm: eps0: 0.00625, del0: 0.05, min_mem: 1.69921875)
Par: 1, Rows: 1
0.000    0.000    0.000    0.000    0.000    0.000    0.000    0.000    0.200    0.000    0.700    0.000    0.800    0.000    0.000    
Total frac: 1.700
Par: 2, Rows: 1
0.000    0.000    0.000    0.000    0.000    0.000    0.000    0.000    0.200    0.000    0.700    0.000    0.800    0.000    0.000    
Total frac: 1.700
Par: 3, Rows: 1
0.000    0.000    0.000    0.000    0.000    0.000    0.000    0.000    0.200    0.000    0.700    0.000    0.800    0.000    0.000    
Total frac: 1.700

Sketch (3) (cm: eps0: 0.00625, del0: 0.05, min_mem: 1.69921875)
Par: 1, Rows: 1
0.000    0.000    0.000    0.000    0.000    0.000    0.000    0.000    0.900    0.100    0.000    0.700    0.000    0.100    0.000    
Total frac: 1.800
Par: 2, Rows: 1
0.000    0.000    0.000    0.000    0.000    0.000    0.000    0.000    0.900    0.100    0.000    0.700    0.000    0.100    0.000    
Total frac: 1.800
Par: 3, Rows: 1
0.000    0.000    0.000    0.000    0.000    0.000    0.000    0.000    0.900    0.100    0.000    0.700    0.000    0.100    0.000    
Total frac: 1.800

Sketch (4) (cm: eps0: 0.00625, del0: 0.05, min_mem: 1.69921875)
Par: 1, Rows: 1
0.000    0.000    0.000    0.000    0.000    0.000    0.000    0.000    0.000    0.000    0.000    0.000    0.000    0.000    1.000    
Total frac: 1.000
Par: 2, Rows: 1
0.000    0.000    0.000    0.000    0.000    0.000    0.000    0.000    0.000    0.000    0.000    0.000    0.000    0.000    1.000    
Total frac: 1.000
Par: 3, Rows: 1
0.000    0.000    0.000    0.000    0.000    0.000    0.000    0.000    0.000    0.000    0.000    0.000    0.000    0.000    1.000    
Total frac: 1.000

Sketch (5) (cm: eps0: 0.00625, del0: 0.05, min_mem: 1.69921875)
Par: 1, Rows: 1
0.000    0.000    0.000    0.000    0.000    0.000    0.000    0.000    0.000    0.000    0.000    0.075    0.000    0.525    0.400    
Total frac: 1.000
Par: 2, Rows: 1
0.000    0.000    0.000    0.000    0.000    0.000    0.000    0.000    0.000    0.000    0.000    0.075    0.000    0.525    0.400    
Total frac: 1.000
Par: 3, Rows: 1
0.000    0.000    0.000    0.000    0.000    0.000    0.000    0.000    0.000    0.000    0.000    0.075    0.000    0.525    0.400    
Total frac: 1.000

Sketch (6) (cm: eps0: 0.00625, del0: 0.05, min_mem: 1.69921875)
Par: 1, Rows: 1
0.000    0.000    0.000    0.000    0.000    0.000    0.000    0.000    0.000    0.000    0.000    0.000    0.000    0.700    0.100    
Total frac: 0.800
Par: 2, Rows: 1
0.000    0.000    0.000    0.000    0.000    0.000    0.000    0.000    0.000    0.000    0.000    0.000    0.000    0.700    0.100    
Total frac: 0.800
Par: 3, Rows: 1
0.000    0.000    0.000    0.000    0.000    0.000    0.000    0.000    0.000    0.000    0.000    0.000    0.000    0.700    0.100    
Total frac: 0.800

Sketch (7) (cm: eps0: 0.00625, del0: 0.05, min_mem: 1.69921875)
Par: 1, Rows: 1
0.000    0.000    0.000    0.000    0.000    0.000    0.000    0.000    0.700    0.300    0.700    0.900    0.000    0.000    0.000    
Total frac: 2.600
Par: 2, Rows: 1
0.000    0.000    0.000    0.000    0.000    0.000    0.000    0.000    0.700    0.300    0.700    0.900    0.000    0.000    0.000    
Total frac: 2.600
Par: 3, Rows: 1
0.000    0.000    0.000    0.000    0.000    0.000    0.000    0.000    0.700    0.300    0.700    0.900    0.000    0.000    0.000    
Total frac: 2.600

Sketch (8) (cm: eps0: 0.00625, del0: 0.05, min_mem: 1.69921875)
Par: 1, Rows: 1
0.000    0.000    0.000    0.000    0.000    0.000    0.000    0.000    0.000    0.800    0.000    0.000    0.100    0.000    0.100    
Total frac: 1.000
Par: 2, Rows: 1
0.000    0.000    0.000    0.000    0.000    0.000    0.000    0.000    0.000    0.800    0.000    0.000    0.100    0.000    0.100    
Total frac: 1.000
Par: 3, Rows: 1
0.000    0.000    0.000    0.000    0.000    0.000    0.000    0.000    0.000    0.800    0.000    0.000    0.100    0.000    0.100    
Total frac: 1.000

Sketch (9) (cm: eps0: 0.00625, del0: 0.05, min_mem: 1.69921875)
Par: 1, Rows: 1
0.000    0.000    0.000    0.000    0.000    0.000    0.000    0.000    0.800    0.000    0.700    0.000    0.100    0.100    0.000    
Total frac: 1.700
Par: 2, Rows: 1
0.000    0.000    0.000    0.000    0.000    0.000    0.000    0.000    0.800    0.000    0.700    0.000    0.100    0.100    0.000    
Total frac: 1.700
Par: 3, Rows: 1
0.000    0.000    0.000    0.000    0.000    0.000    0.000    0.000    0.800    0.000    0.700    0.000    0.100    0.100    0.000    
Total frac: 1.700

Sketch (10) (cm: eps0: 0.00625, del0: 0.05, min_mem: 1.69921875)
Par: 1, Rows: 1
0.000    0.000    0.000    0.000    0.000    0.000    0.000    0.000    0.000    0.000    0.100    0.000    0.000    0.900    0.000    
Total frac: 1.000
Par: 2, Rows: 1
0.000    0.000    0.000    0.000    0.000    0.000    0.000    0.000    0.000    0.000    0.100    0.000    0.000    0.900    0.000    
Total frac: 1.000
Par: 3, Rows: 1
0.000    0.000    0.000    0.000    0.000    0.000    0.000    0.000    0.000    0.000    0.100    0.000    0.000    0.900    0.000    
Total frac: 1.000

Sketch (11) (cm: eps0: 0.00625, del0: 0.05, min_mem: 1.69921875)
Par: 1, Rows: 1
0.000    0.000    0.000    0.000    0.000    0.000    0.000    0.000    1.000    0.000    0.000    0.100    0.000    0.800    0.000    
Total frac: 1.900
Par: 2, Rows: 1
0.000    0.000    0.000    0.000    0.000    0.000    0.000    0.000    1.000    0.000    0.000    0.100    0.000    0.800    0.000    
Total frac: 1.900
Par: 3, Rows: 1
0.000    0.000    0.000    0.000    0.000    0.000    0.000    0.000    1.000    0.000    0.000    0.100    0.000    0.800    0.000    
Total frac: 1.900

Sketch (12) (cm: eps0: 0.00625, del0: 0.05, min_mem: 1.69921875)
Par: 1, Rows: 1
0.000    0.000    0.000    0.000    0.000    0.000    0.000    0.000    0.000    0.000    0.000    1.000    0.000    0.000    0.000    
Total frac: 1.000
Par: 2, Rows: 1
0.000    0.000    0.000    0.000    0.000    0.000    0.000    0.000    0.000    0.000    0.000    1.000    0.000    0.000    0.000    
Total frac: 1.000
Par: 3, Rows: 1
0.000    0.000    0.000    0.000    0.000    0.000    0.000    0.000    0.000    0.000    0.000    1.000    0.000    0.000    0.000    
Total frac: 1.000

Sketch (13) (cm: eps0: 0.00625, del0: 0.05, min_mem: 1.69921875)
Par: 1, Rows: 1
0.000    0.000    0.000    0.000    0.000    0.000    0.000    0.000    0.000    0.000    0.800    0.000    0.000    0.000    0.800    
Total frac: 1.600
Par: 2, Rows: 1
0.000    0.000    0.000    0.000    0.000    0.000    0.000    0.000    0.000    0.000    0.800    0.000    0.000    0.000    0.800    
Total frac: 1.600
Par: 3, Rows: 1
0.000    0.000    0.000    0.000    0.000    0.000    0.000    0.000    0.000    0.000    0.800    0.000    0.000    0.000    0.800    
Total frac: 1.600

Sketch (14) (cm: eps0: 0.00625, del0: 0.05, min_mem: 1.69921875)
Par: 1, Rows: 1
0.000    0.000    0.000    0.000    0.000    0.000    0.000    0.000    0.000    0.000    0.000    0.000    0.000    0.900    0.000    
Total frac: 0.900
Par: 2, Rows: 1
0.000    0.000    0.000    0.000    0.000    0.000    0.000    0.000    0.000    0.000    0.000    0.000    0.000    0.900    0.000    
Total frac: 0.900
Par: 3, Rows: 1
0.000    0.000    0.000    0.000    0.000    0.000    0.000    0.000    0.000    0.000    0.000    0.000    0.000    0.900    0.000    
Total frac: 0.900

Sketch (15) (cm: eps0: 0.00625, del0: 0.05, min_mem: 1.69921875)
Par: 1, Rows: 1
0.000    0.000    0.000    0.475    0.000    0.000    0.000    0.000    0.000    0.525    0.900    0.700    0.000    0.000    0.100    
Total frac: 2.700
Par: 2, Rows: 1
0.000    0.000    0.000    0.475    0.000    0.000    0.000    0.000    0.000    0.525    0.900    0.700    0.000    0.000    0.100    
Total frac: 2.700
Par: 3, Rows: 1
0.000    0.000    0.000    0.475    0.000    0.000    0.000    0.000    0.000    0.525    0.900    0.700    0.000    0.000    0.100    
Total frac: 2.700

Sketch (16) (cm: eps0: 0.00625, del0: 0.05, min_mem: 1.69921875)
Par: 1, Rows: 1
0.000    0.000    0.000    0.000    0.000    0.000    0.000    0.000    0.000    0.000    0.000    0.000    0.000    1.000    0.000    
Total frac: 1.000
Par: 2, Rows: 1
0.000    0.000    0.000    0.000    0.000    0.000    0.000    0.000    0.000    0.000    0.000    0.000    0.000    1.000    0.000    
Total frac: 1.000
Par: 3, Rows: 1
0.000    0.000    0.000    0.000    0.000    0.000    0.000    0.000    0.000    0.000    0.000    0.000    0.000    1.000    0.000    
Total frac: 1.000

Sketch (17) (cm: eps0: 0.00625, del0: 0.05, min_mem: 1.69921875)
Par: 1, Rows: 1
0.000    0.000    0.000    0.000    0.000    0.000    0.000    0.000    0.000    1.000    0.000    1.000    0.000    0.000    0.000    
Total frac: 2.000
Par: 2, Rows: 1
0.000    0.000    0.000    0.000    0.000    0.000    0.000    0.000    0.000    1.000    0.000    1.000    0.000    0.000    0.000    
Total frac: 2.000
Par: 3, Rows: 1
0.000    0.000    0.000    0.000    0.000    0.000    0.000    0.000    0.000    1.000    0.000    1.000    0.000    0.000    0.000    
Total frac: 2.000

Sketch (18) (cm: eps0: 0.00625, del0: 0.05, min_mem: 1.69921875)
Par: 1, Rows: 1
0.000    0.000    0.475    0.000    0.000    0.475    0.000    0.000    0.000    0.525    0.425    0.000    0.000    0.000    0.000    
Total frac: 1.900
Par: 2, Rows: 1
0.000    0.000    0.475    0.000    0.000    0.475    0.000    0.000    0.000    0.525    0.425    0.000    0.000    0.000    0.000    
Total frac: 1.900
Par: 3, Rows: 1
0.000    0.000    0.475    0.000    0.000    0.475    0.000    0.000    0.000    0.525    0.425    0.000    0.000    0.000    0.000    
Total frac: 1.900

Sketch (19) (cm: eps0: 0.00625, del0: 0.05, min_mem: 1.69921875)
Par: 1, Rows: 1
0.000    0.000    0.000    0.000    0.000    0.000    0.000    0.000    0.000    0.000    0.000    0.000    0.000    0.900    0.000    
Total frac: 0.900
Par: 2, Rows: 1
0.000    0.000    0.000    0.000    0.000    0.000    0.000    0.000    0.000    0.000    0.000    0.000    0.000    0.900    0.000    
Total frac: 0.900
Par: 3, Rows: 1
0.000    0.000    0.000    0.000    0.000    0.000    0.000    0.000    0.000    0.000    0.000    0.000    0.000    0.900    0.000    
Total frac: 0.900

Sketch (20) (cm: eps0: 0.00625, del0: 0.05, min_mem: 1.69921875)
Par: 1, Rows: 1
0.000    0.000    0.000    0.000    0.000    0.000    0.000    0.000    0.000    0.000    0.800    0.000    0.000    0.000    0.900    
Total frac: 1.700
Par: 2, Rows: 1
0.000    0.000    0.000    0.000    0.000    0.000    0.000    0.000    0.000    0.000    0.800    0.000    0.000    0.000    0.900    
Total frac: 1.700
Par: 3, Rows: 1
0.000    0.000    0.000    0.000    0.000    0.000    0.000    0.000    0.000    0.000    0.800    0.000    0.000    0.000    0.900    
Total frac: 1.700

Sketch (21) (cm: eps0: 0.00625, del0: 0.05, min_mem: 1.69921875)
Par: 1, Rows: 1
0.000    0.000    0.000    0.000    0.000    0.000    0.000    0.000    0.000    0.000    0.000    0.000    0.900    0.000    0.100    
Total frac: 1.000
Par: 2, Rows: 1
0.000    0.000    0.000    0.000    0.000    0.000    0.000    0.000    0.000    0.000    0.000    0.000    0.900    0.000    0.100    
Total frac: 1.000
Par: 3, Rows: 1
0.000    0.000    0.000    0.000    0.000    0.000    0.000    0.000    0.000    0.000    0.000    0.000    0.900    0.000    0.100    
Total frac: 1.000

Sketch (22) (cm: eps0: 0.00625, del0: 0.05, min_mem: 1.69921875)
Par: 1, Rows: 1
0.000    0.000    0.000    0.000    0.000    0.000    0.000    0.000    0.000    1.000    0.000    0.000    0.000    0.000    0.000    
Total frac: 1.000
Par: 2, Rows: 1
0.000    0.000    0.000    0.000    0.000    0.000    0.000    0.000    0.000    1.000    0.000    0.000    0.000    0.000    0.000    
Total frac: 1.000
Par: 3, Rows: 1
0.000    0.000    0.000    0.000    0.000    0.000    0.000    0.000    0.000    1.000    0.000    0.000    0.000    0.000    0.000    
Total frac: 1.000

Sketch (23) (cm: eps0: 0.00625, del0: 0.05, min_mem: 1.69921875)
Par: 1, Rows: 1
0.000    0.000    0.000    0.000    0.000    0.000    0.000    0.000    0.000    0.000    0.000    0.000    0.000    0.000    0.700    
Total frac: 0.700
Par: 2, Rows: 1
0.000    0.000    0.000    0.000    0.000    0.000    0.000    0.000    0.000    0.000    0.000    0.000    0.000    0.000    0.700    
Total frac: 0.700
Par: 3, Rows: 1
0.000    0.000    0.000    0.000    0.000    0.000    0.000    0.000    0.000    0.000    0.000    0.000    0.000    0.000    0.700    
Total frac: 0.700

Sketch (24) (cm: eps0: 0.00625, del0: 0.05, min_mem: 1.69921875)
Par: 1, Rows: 1
0.000    0.000    0.000    0.000    0.000    0.000    0.000    0.000    0.000    0.000    0.900    0.000    1.000    0.000    0.000    
Total frac: 1.900
Par: 2, Rows: 1
0.000    0.000    0.000    0.000    0.000    0.000    0.000    0.000    0.000    0.000    0.900    0.000    1.000    0.000    0.000    
Total frac: 1.900
Par: 3, Rows: 1
0.000    0.000    0.000    0.000    0.000    0.000    0.000    0.000    0.000    0.000    0.900    0.000    1.000    0.000    0.000    
Total frac: 1.900

Sketch (25) (cm: eps0: 0.00625, del0: 0.05, min_mem: 1.69921875)
Par: 1, Rows: 1
0.000    0.000    0.000    0.000    0.000    0.000    0.000    0.000    0.800    0.200    0.000    0.000    0.000    0.800    0.000    
Total frac: 1.800
Par: 2, Rows: 1
0.000    0.000    0.000    0.000    0.000    0.000    0.000    0.000    0.800    0.200    0.000    0.000    0.000    0.800    0.000    
Total frac: 1.800
Par: 3, Rows: 1
0.000    0.000    0.000    0.000    0.000    0.000    0.000    0.000    0.800    0.200    0.000    0.000    0.000    0.800    0.000    
Total frac: 1.800

Sketch (26) (cm: eps0: 0.00625, del0: 0.05, min_mem: 1.69921875)
Par: 1, Rows: 1
0.000    0.000    0.000    0.000    0.000    0.000    0.000    0.000    0.000    1.000    0.000    0.000    0.000    0.000    0.000    
Total frac: 1.000
Par: 2, Rows: 1
0.000    0.000    0.000    0.000    0.000    0.000    0.000    0.000    0.000    1.000    0.000    0.000    0.000    0.000    0.000    
Total frac: 1.000
Par: 3, Rows: 1
0.000    0.000    0.000    0.000    0.000    0.000    0.000    0.000    0.000    1.000    0.000    0.000    0.000    0.000    0.000    
Total frac: 1.000

Sketch (27) (cm: eps0: 0.00625, del0: 0.05, min_mem: 1.69921875)
Par: 1, Rows: 1
0.000    0.000    0.000    0.000    0.000    0.000    0.000    0.000    0.000    0.700    0.300    0.000    0.100    0.600    0.000    
Total frac: 1.700
Par: 2, Rows: 1
0.000    0.000    0.000    0.000    0.000    0.000    0.000    0.000    0.000    0.700    0.300    0.000    0.100    0.600    0.000    
Total frac: 1.700
Par: 3, Rows: 1
0.000    0.000    0.000    0.000    0.000    0.000    0.000    0.000    0.000    0.700    0.300    0.000    0.100    0.600    0.000    
Total frac: 1.700

Sketch (28) (cm: eps0: 0.00625, del0: 0.05, min_mem: 1.69921875)
Par: 1, Rows: 1
0.000    0.000    0.000    0.000    0.000    0.000    0.000    0.000    0.000    0.000    0.000    0.800    1.000    0.000    0.000    
Total frac: 1.800
Par: 2, Rows: 1
0.000    0.000    0.000    0.000    0.000    0.000    0.000    0.000    0.000    0.000    0.000    0.800    1.000    0.000    0.000    
Total frac: 1.800
Par: 3, Rows: 1
0.000    0.000    0.000    0.000    0.000    0.000    0.000    0.000    0.000    0.000    0.000    0.800    1.000    0.000    0.000    
Total frac: 1.800

Sketch (29) (cm: eps0: 0.00625, del0: 0.05, min_mem: 1.69921875)
Par: 1, Rows: 1
0.000    0.000    0.000    0.000    0.000    0.000    0.000    0.300    0.000    0.000    0.700    0.600    0.000    0.200    0.000    
Total frac: 1.800
Par: 2, Rows: 1
0.000    0.000    0.000    0.000    0.000    0.000    0.000    0.300    0.000    0.000    0.700    0.600    0.000    0.200    0.000    
Total frac: 1.800
Par: 3, Rows: 1
0.000    0.000    0.000    0.000    0.000    0.000    0.000    0.300    0.000    0.000    0.700    0.600    0.000    0.200    0.000    
Total frac: 1.800

Sketch (30) (cm: eps0: 0.00625, del0: 0.05, min_mem: 1.69921875)
Par: 1, Rows: 1
0.000    0.000    0.000    0.000    0.000    0.000    0.000    0.000    0.200    0.100    0.000    0.000    0.700    0.000    0.000    
Total frac: 1.000
Par: 2, Rows: 1
0.000    0.000    0.000    0.000    0.000    0.000    0.000    0.000    0.200    0.100    0.000    0.000    0.700    0.000    0.000    
Total frac: 1.000
Par: 3, Rows: 1
0.000    0.000    0.000    0.000    0.000    0.000    0.000    0.000    0.200    0.100    0.000    0.000    0.700    0.000    0.000    
Total frac: 1.000

Sketch (31) (cm: eps0: 0.00625, del0: 0.05, min_mem: 1.69921875)
Par: 1, Rows: 1
0.000    0.000    0.000    0.000    0.000    0.000    0.400    0.000    0.000    0.000    0.100    0.400    0.000    0.000    0.600    
Total frac: 1.500
Par: 2, Rows: 1
0.000    0.000    0.000    0.000    0.000    0.000    0.400    0.000    0.000    0.000    0.100    0.400    0.000    0.000    0.600    
Total frac: 1.500
Par: 3, Rows: 1
0.000    0.000    0.000    0.000    0.000    0.000    0.400    0.000    0.000    0.000    0.100    0.400    0.000    0.000    0.600    
Total frac: 1.500

Sketch (32) (cm: eps0: 0.00625, del0: 0.05, min_mem: 1.69921875)
Par: 1, Rows: 1
0.000    0.000    0.000    0.000    0.000    0.000    0.000    0.000    0.000    0.000    0.000    0.000    0.000    0.800    0.000    
Total frac: 0.800
Par: 2, Rows: 1
0.000    0.000    0.000    0.000    0.000    0.000    0.000    0.000    0.000    0.000    0.000    0.000    0.000    0.800    0.000    
Total frac: 0.800
Par: 3, Rows: 1
0.000    0.000    0.000    0.000    0.000    0.000    0.000    0.000    0.000    0.000    0.000    0.000    0.000    0.800    0.000    
Total frac: 0.800

Sketch (33) (cm: eps0: 0.00625, del0: 0.05, min_mem: 1.69921875)
Par: 1, Rows: 1
0.000    0.000    0.000    0.000    0.000    0.000    0.000    0.000    0.000    0.000    0.000    1.000    0.000    0.000    0.000    
Total frac: 1.000
Par: 2, Rows: 1
0.000    0.000    0.000    0.000    0.000    0.000    0.000    0.000    0.000    0.000    0.000    1.000    0.000    0.000    0.000    
Total frac: 1.000
Par: 3, Rows: 1
0.000    0.000    0.000    0.000    0.000    0.000    0.000    0.000    0.000    0.000    0.000    1.000    0.000    0.000    0.000    
Total frac: 1.000

Sketch (34) (cm: eps0: 0.00625, del0: 0.05, min_mem: 1.69921875)
Par: 1, Rows: 1
0.000    0.000    0.000    0.000    0.000    0.000    0.000    0.000    0.000    0.200    0.700    0.200    0.700    0.000    0.000    
Total frac: 1.800
Par: 2, Rows: 1
0.000    0.000    0.000    0.000    0.000    0.000    0.000    0.000    0.000    0.200    0.700    0.200    0.700    0.000    0.000    
Total frac: 1.800
Par: 3, Rows: 1
0.000    0.000    0.000    0.000    0.000    0.000    0.000    0.000    0.000    0.200    0.700    0.200    0.700    0.000    0.000    
Total frac: 1.800

Sketch (35) (cm: eps0: 0.00625, del0: 0.05, min_mem: 1.69921875)
Par: 1, Rows: 1
0.000    0.000    0.000    0.000    0.000    0.000    0.000    0.000    0.000    0.000    0.000    0.900    1.000    0.000    0.000    
Total frac: 1.900
Par: 2, Rows: 1
0.000    0.000    0.000    0.000    0.000    0.000    0.000    0.000    0.000    0.000    0.000    0.900    1.000    0.000    0.000    
Total frac: 1.900
Par: 3, Rows: 1
0.000    0.000    0.000    0.000    0.000    0.000    0.000    0.000    0.000    0.000    0.000    0.900    1.000    0.000    0.000    
Total frac: 1.900

Sketch (36) (cm: eps0: 0.00625, del0: 0.05, min_mem: 1.69921875)
Par: 1, Rows: 1
0.000    0.000    0.000    0.000    0.000    0.000    0.000    0.000    0.000    1.000    0.000    0.000    0.000    0.000    1.000    
Total frac: 2.000
Par: 2, Rows: 1
0.000    0.000    0.000    0.000    0.000    0.000    0.000    0.000    0.000    1.000    0.000    0.000    0.000    0.000    1.000    
Total frac: 2.000
Par: 3, Rows: 1
0.000    0.000    0.000    0.000    0.000    0.000    0.000    0.000    0.000    1.000    0.000    0.000    0.000    0.000    1.000    
Total frac: 2.000

Sketch (37) (cm: eps0: 0.00625, del0: 0.05, min_mem: 1.69921875)
Par: 1, Rows: 1
0.000    0.000    0.000    0.000    0.000    0.000    0.000    0.000    0.900    0.000    0.650    0.100    0.000    0.150    0.000    
Total frac: 1.800
Par: 2, Rows: 1
0.000    0.000    0.000    0.000    0.000    0.000    0.000    0.000    0.900    0.000    0.650    0.100    0.000    0.150    0.000    
Total frac: 1.800
Par: 3, Rows: 1
0.000    0.000    0.000    0.000    0.000    0.000    0.000    0.000    0.900    0.000    0.650    0.100    0.000    0.150    0.000    
Total frac: 1.800

Sketch (38) (cm: eps0: 0.00625, del0: 0.05, min_mem: 1.69921875)
Par: 1, Rows: 1
0.375    0.475    0.000    0.000    0.000    0.000    0.000    0.000    0.150    0.900    0.900    0.000    0.000    0.000    0.000    
Total frac: 2.800
Par: 2, Rows: 1
0.375    0.475    0.000    0.000    0.000    0.000    0.000    0.000    0.150    0.900    0.900    0.000    0.000    0.000    0.000    
Total frac: 2.800
Par: 3, Rows: 1
0.375    0.475    0.000    0.000    0.000    0.000    0.000    0.000    0.150    0.900    0.900    0.000    0.000    0.000    0.000    
Total frac: 2.800

Sketch (39) (cm: eps0: 0.00625, del0: 0.05, min_mem: 1.69921875)
Par: 1, Rows: 1
0.000    0.000    0.000    0.000    0.000    0.000    0.000    0.000    0.000    0.000    0.700    0.000    1.000    0.000    0.000    
Total frac: 1.700
Par: 2, Rows: 1
0.000    0.000    0.000    0.000    0.000    0.000    0.000    0.000    0.000    0.000    0.700    0.000    1.000    0.000    0.000    
Total frac: 1.700
Par: 3, Rows: 1
0.000    0.000    0.000    0.000    0.000    0.000    0.000    0.000    0.000    0.000    0.700    0.000    1.000    0.000    0.000    
Total frac: 1.700

Sketch (40) (cm: eps0: 0.00625, del0: 0.05, min_mem: 1.69921875)
Par: 1, Rows: 1
0.000    0.000    0.000    0.000    0.000    0.000    0.000    0.000    0.000    0.000    0.000    0.000    1.000    0.000    0.000    
Total frac: 1.000
Par: 2, Rows: 1
0.000    0.000    0.000    0.000    0.000    0.000    0.000    0.000    0.000    0.000    0.000    0.000    1.000    0.000    0.000    
Total frac: 1.000
Par: 3, Rows: 1
0.000    0.000    0.000    0.000    0.000    0.000    0.000    0.000    0.000    0.000    0.000    0.000    1.000    0.000    0.000    
Total frac: 1.000

Sketch (41) (cm: eps0: 0.00625, del0: 0.05, min_mem: 1.69921875)
Par: 1, Rows: 1
0.000    0.000    0.000    0.000    0.000    0.000    0.000    0.000    0.000    0.000    0.000    0.000    0.000    0.000    0.000    
Total frac: 0.000
Par: 2, Rows: 1
0.000    0.000    0.000    0.000    0.000    0.000    0.000    0.000    0.000    0.000    0.000    0.000    0.000    0.000    0.000    
Total frac: 0.000
Par: 3, Rows: 1
0.000    0.000    0.000    0.000    0.000    0.000    0.000    0.000    0.000    0.000    0.000    0.000    0.000    0.000    0.000    
Total frac: 0.000

Sketch (42) (cm: eps0: 0.00625, del0: 0.05, min_mem: 1.69921875)
Par: 1, Rows: 1
0.000    0.000    0.000    0.000    0.000    0.000    0.000    0.000    0.700    0.000    0.000    0.300    0.100    0.600    0.000    
Total frac: 1.700
Par: 2, Rows: 1
0.000    0.000    0.000    0.000    0.000    0.000    0.000    0.000    0.700    0.000    0.000    0.300    0.100    0.600    0.000    
Total frac: 1.700
Par: 3, Rows: 1
0.000    0.000    0.000    0.000    0.000    0.000    0.000    0.000    0.700    0.000    0.000    0.300    0.100    0.600    0.000    
Total frac: 1.700

Sketch (43) (cm: eps0: 0.00625, del0: 0.05, min_mem: 1.69921875)
Par: 1, Rows: 1
0.000    0.000    0.000    0.000    0.000    0.000    0.000    0.000    0.700    0.200    0.000    0.000    0.000    0.000    0.000    
Total frac: 0.900
Par: 2, Rows: 1
0.000    0.000    0.000    0.000    0.000    0.000    0.000    0.000    0.700    0.200    0.000    0.000    0.000    0.000    0.000    
Total frac: 0.900
Par: 3, Rows: 1
0.000    0.000    0.000    0.000    0.000    0.000    0.000    0.000    0.700    0.200    0.000    0.000    0.000    0.000    0.000    
Total frac: 0.900

Sketch (44) (cm: eps0: 0.00625, del0: 0.05, min_mem: 1.69921875)
Par: 1, Rows: 1
0.000    0.000    0.000    0.000    0.000    0.000    0.000    0.075    0.000    0.000    0.000    0.925    0.000    0.000    0.000    
Total frac: 1.000
Par: 2, Rows: 1
0.000    0.000    0.000    0.000    0.000    0.000    0.000    0.075    0.000    0.000    0.000    0.925    0.000    0.000    0.000    
Total frac: 1.000
Par: 3, Rows: 1
0.000    0.000    0.000    0.000    0.000    0.000    0.000    0.075    0.000    0.000    0.000    0.925    0.000    0.000    0.000    
Total frac: 1.000

Sketch (45) (cm: eps0: 0.00625, del0: 0.05, min_mem: 1.69921875)
Par: 1, Rows: 1
0.000    0.000    0.000    0.000    0.000    0.000    0.000    0.100    0.000    0.900    0.000    0.000    0.000    0.900    0.000    
Total frac: 1.900
Par: 2, Rows: 1
0.000    0.000    0.000    0.000    0.000    0.000    0.000    0.100    0.000    0.900    0.000    0.000    0.000    0.900    0.000    
Total frac: 1.900
Par: 3, Rows: 1
0.000    0.000    0.000    0.000    0.000    0.000    0.000    0.100    0.000    0.900    0.000    0.000    0.000    0.900    0.000    
Total frac: 1.900

Sketch (46) (cm: eps0: 0.00625, del0: 0.05, min_mem: 1.69921875)
Par: 1, Rows: 1
0.000    0.000    0.000    0.000    0.000    0.000    0.000    0.000    1.000    1.000    0.000    0.900    0.000    0.000    0.000    
Total frac: 2.900
Par: 2, Rows: 1
0.000    0.000    0.000    0.000    0.000    0.000    0.000    0.000    1.000    1.000    0.000    0.900    0.000    0.000    0.000    
Total frac: 2.900
Par: 3, Rows: 1
0.000    0.000    0.000    0.000    0.000    0.000    0.000    0.000    1.000    1.000    0.000    0.900    0.000    0.000    0.000    
Total frac: 2.900

Sketch (47) (cm: eps0: 0.00625, del0: 0.05, min_mem: 1.69921875)
Par: 1, Rows: 1
0.000    0.000    0.000    0.000    0.000    0.000    0.000    0.000    0.000    0.000    0.000    0.000    0.800    0.200    0.000    
Total frac: 1.000
Par: 2, Rows: 1
0.000    0.000    0.000    0.000    0.000    0.000    0.000    0.000    0.000    0.000    0.000    0.000    0.800    0.200    0.000    
Total frac: 1.000
Par: 3, Rows: 1
0.000    0.000    0.000    0.000    0.000    0.000    0.000    0.000    0.000    0.000    0.000    0.000    0.800    0.200    0.000    
Total frac: 1.000

Sketch (48) (cm: eps0: 0.00625, del0: 0.05, min_mem: 1.69921875)
Par: 1, Rows: 1
0.100    0.000    0.000    0.000    0.000    0.000    0.000    0.000    0.800    0.200    0.000    0.500    0.000    0.000    0.000    
Total frac: 1.600
Par: 2, Rows: 1
0.100    0.000    0.000    0.000    0.000    0.000    0.000    0.000    0.800    0.200    0.000    0.500    0.000    0.000    0.000    
Total frac: 1.600
Par: 3, Rows: 1
0.100    0.000    0.000    0.000    0.000    0.000    0.000    0.000    0.800    0.200    0.000    0.500    0.000    0.000    0.000    
Total frac: 1.600

Sketch (49) (cm: eps0: 0.00625, del0: 0.05, min_mem: 1.69921875)
Par: 1, Rows: 1
0.000    0.000    0.000    0.000    0.000    0.000    0.000    0.000    0.000    0.000    0.000    0.000    0.000    0.900    0.000    
Total frac: 0.900
Par: 2, Rows: 1
0.000    0.000    0.000    0.000    0.000    0.000    0.000    0.000    0.000    0.000    0.000    0.000    0.000    0.900    0.000    
Total frac: 0.900
Par: 3, Rows: 1
0.000    0.000    0.000    0.000    0.000    0.000    0.000    0.000    0.000    0.000    0.000    0.000    0.000    0.900    0.000    
Total frac: 0.900

Sketch (50) (cm: eps0: 0.00625, del0: 0.05, min_mem: 1.69921875)
Par: 1, Rows: 1
0.000    0.000    0.000    0.000    0.000    0.000    0.000    0.000    0.000    0.900    0.700    0.000    0.000    0.000    0.200    
Total frac: 1.800
Par: 2, Rows: 1
0.000    0.000    0.000    0.000    0.000    0.000    0.000    0.000    0.000    0.900    0.700    0.000    0.000    0.000    0.200    
Total frac: 1.800
Par: 3, Rows: 1
0.000    0.000    0.000    0.000    0.000    0.000    0.000    0.000    0.000    0.900    0.700    0.000    0.000    0.000    0.200    
Total frac: 1.800

Sketch (51) (cm: eps0: 0.00625, del0: 0.05, min_mem: 1.69921875)
Par: 1, Rows: 1
0.000    0.000    0.000    0.000    0.000    0.000    0.000    0.000    0.000    0.000    0.800    0.000    0.000    0.000    0.900    
Total frac: 1.700
Par: 2, Rows: 1
0.000    0.000    0.000    0.000    0.000    0.000    0.000    0.000    0.000    0.000    0.800    0.000    0.000    0.000    0.900    
Total frac: 1.700
Par: 3, Rows: 1
0.000    0.000    0.000    0.000    0.000    0.000    0.000    0.000    0.000    0.000    0.800    0.000    0.000    0.000    0.900    
Total frac: 1.700

Sketch (52) (cm: eps0: 0.00625, del0: 0.05, min_mem: 1.69921875)
Par: 1, Rows: 1
0.000    0.000    0.000    0.000    0.000    0.000    0.000    0.000    0.000    1.000    0.000    0.000    0.000    0.000    1.000    
Total frac: 2.000
Par: 2, Rows: 1
0.000    0.000    0.000    0.000    0.000    0.000    0.000    0.000    0.000    1.000    0.000    0.000    0.000    0.000    1.000    
Total frac: 2.000
Par: 3, Rows: 1
0.000    0.000    0.000    0.000    0.000    0.000    0.000    0.000    0.000    1.000    0.000    0.000    0.000    0.000    1.000    
Total frac: 2.000

Sketch (53) (cm: eps0: 0.00625, del0: 0.05, min_mem: 1.69921875)
Par: 1, Rows: 1
0.000    0.000    0.000    0.000    0.000    0.000    0.000    0.000    0.000    0.000    0.100    0.900    0.900    0.000    0.000    
Total frac: 1.900
Par: 2, Rows: 1
0.000    0.000    0.000    0.000    0.000    0.000    0.000    0.000    0.000    0.000    0.100    0.900    0.900    0.000    0.000    
Total frac: 1.900
Par: 3, Rows: 1
0.000    0.000    0.000    0.000    0.000    0.000    0.000    0.000    0.000    0.000    0.100    0.900    0.900    0.000    0.000    
Total frac: 1.900

Sketch (54) (cm: eps0: 0.00625, del0: 0.05, min_mem: 1.69921875)
Par: 1, Rows: 1
0.000    0.000    0.000    0.000    0.000    0.000    0.000    0.000    0.700    0.000    0.000    0.000    0.000    0.000    0.000    
Total frac: 0.700
Par: 2, Rows: 1
0.000    0.000    0.000    0.000    0.000    0.000    0.000    0.000    0.700    0.000    0.000    0.000    0.000    0.000    0.000    
Total frac: 0.700
Par: 3, Rows: 1
0.000    0.000    0.000    0.000    0.000    0.000    0.000    0.000    0.700    0.000    0.000    0.000    0.000    0.000    0.000    
Total frac: 0.700

Sketch (55) (cm: eps0: 0.00625, del0: 0.05, min_mem: 1.69921875)
Par: 1, Rows: 1
0.000    0.000    0.000    0.000    0.000    0.000    0.000    0.000    0.000    0.000    0.000    0.000    0.000    0.000    1.000    
Total frac: 1.000
Par: 2, Rows: 1
0.000    0.000    0.000    0.000    0.000    0.000    0.000    0.000    0.000    0.000    0.000    0.000    0.000    0.000    1.000    
Total frac: 1.000
Par: 3, Rows: 1
0.000    0.000    0.000    0.000    0.000    0.000    0.000    0.000    0.000    0.000    0.000    0.000    0.000    0.000    1.000    
Total frac: 1.000

Sketch (56) (cm: eps0: 0.00625, del0: 0.05, min_mem: 1.69921875)
Par: 1, Rows: 1
0.000    0.000    0.000    0.000    0.000    0.000    0.000    0.000    0.000    0.000    0.000    0.000    0.000    0.900    0.100    
Total frac: 1.000
Par: 2, Rows: 1
0.000    0.000    0.000    0.000    0.000    0.000    0.000    0.000    0.000    0.000    0.000    0.000    0.000    0.900    0.100    
Total frac: 1.000
Par: 3, Rows: 1
0.000    0.000    0.000    0.000    0.000    0.000    0.000    0.000    0.000    0.000    0.000    0.000    0.000    0.900    0.100    
Total frac: 1.000

Sketch (57) (cm: eps0: 0.00625, del0: 0.05, min_mem: 1.69921875)
Par: 1, Rows: 1
0.000    0.000    0.000    0.000    0.000    0.000    0.000    0.000    0.900    0.000    0.000    0.000    0.000    0.000    0.800    
Total frac: 1.700
Par: 2, Rows: 1
0.000    0.000    0.000    0.000    0.000    0.000    0.000    0.000    0.900    0.000    0.000    0.000    0.000    0.000    0.800    
Total frac: 1.700
Par: 3, Rows: 1
0.000    0.000    0.000    0.000    0.000    0.000    0.000    0.000    0.900    0.000    0.000    0.000    0.000    0.000    0.800    
Total frac: 1.700

Sketch (58) (cm: eps0: 0.00625, del0: 0.05, min_mem: 1.69921875)
Par: 1, Rows: 1
0.000    0.000    0.000    0.000    0.000    0.000    0.000    0.000    1.000    0.000    1.000    0.000    0.000    0.000    0.000    
Total frac: 2.000
Par: 2, Rows: 1
0.000    0.000    0.000    0.000    0.000    0.000    0.000    0.000    1.000    0.000    1.000    0.000    0.000    0.000    0.000    
Total frac: 2.000
Par: 3, Rows: 1
0.000    0.000    0.000    0.000    0.000    0.000    0.000    0.000    1.000    0.000    1.000    0.000    0.000    0.000    0.000    
Total frac: 2.000

Sketch (59) (cm: eps0: 0.00625, del0: 0.05, min_mem: 1.69921875)
Par: 1, Rows: 1
0.000    0.000    0.000    0.000    0.000    0.000    0.000    0.000    0.000    0.000    0.000    0.700    0.900    0.100    0.000    
Total frac: 1.700
Par: 2, Rows: 1
0.000    0.000    0.000    0.000    0.000    0.000    0.000    0.000    0.000    0.000    0.000    0.700    0.900    0.100    0.000    
Total frac: 1.700
Par: 3, Rows: 1
0.000    0.000    0.000    0.000    0.000    0.000    0.000    0.000    0.000    0.000    0.000    0.700    0.900    0.100    0.000    
Total frac: 1.700

Sketch (60) (cm: eps0: 0.00625, del0: 0.05, min_mem: 1.69921875)
Par: 1, Rows: 1
0.000    0.000    0.000    0.000    0.000    0.000    0.075    0.000    0.850    0.150    0.000    0.000    0.000    0.725    0.000    
Total frac: 1.800
Par: 2, Rows: 1
0.000    0.000    0.000    0.000    0.000    0.000    0.075    0.000    0.850    0.150    0.000    0.000    0.000    0.725    0.000    
Total frac: 1.800
Par: 3, Rows: 1
0.000    0.000    0.000    0.000    0.000    0.000    0.075    0.000    0.850    0.150    0.000    0.000    0.000    0.725    0.000    
Total frac: 1.800

Sketch (61) (cm: eps0: 0.00625, del0: 0.05, min_mem: 1.69921875)
Par: 1, Rows: 1
0.000    0.000    0.000    0.000    0.000    0.000    0.000    0.000    0.000    0.000    0.000    0.100    0.000    0.900    0.000    
Total frac: 1.000
Par: 2, Rows: 1
0.000    0.000    0.000    0.000    0.000    0.000    0.000    0.000    0.000    0.000    0.000    0.100    0.000    0.900    0.000    
Total frac: 1.000
Par: 3, Rows: 1
0.000    0.000    0.000    0.000    0.000    0.000    0.000    0.000    0.000    0.000    0.000    0.100    0.000    0.900    0.000    
Total frac: 1.000

Sketch (62) (cm: eps0: 0.00625, del0: 0.05, min_mem: 1.69921875)
Par: 1, Rows: 1
0.000    0.000    0.000    0.000    0.000    0.000    0.000    0.000    0.000    0.000    0.800    0.000    0.800    0.000    0.000    
Total frac: 1.600
Par: 2, Rows: 1
0.000    0.000    0.000    0.000    0.000    0.000    0.000    0.000    0.000    0.000    0.800    0.000    0.800    0.000    0.000    
Total frac: 1.600
Par: 3, Rows: 1
0.000    0.000    0.000    0.000    0.000    0.000    0.000    0.000    0.000    0.000    0.800    0.000    0.800    0.000    0.000    
Total frac: 1.600

Sketch (63) (cm: eps0: 0.00625, del0: 0.05, min_mem: 1.69921875)
Par: 1, Rows: 1
0.000    0.000    0.000    0.000    0.000    0.000    0.000    0.000    0.900    0.000    0.000    1.000    0.000    0.000    0.000    
Total frac: 1.900
Par: 2, Rows: 1
0.000    0.000    0.000    0.000    0.000    0.000    0.000    0.000    0.900    0.000    0.000    1.000    0.000    0.000    0.000    
Total frac: 1.900
Par: 3, Rows: 1
0.000    0.000    0.000    0.000    0.000    0.000    0.000    0.000    0.900    0.000    0.000    1.000    0.000    0.000    0.000    
Total frac: 1.900

Sketch (64) (cm: eps0: 0.00625, del0: 0.05, min_mem: 1.69921875)
Par: 1, Rows: 1
0.000    0.000    0.000    0.000    0.000    0.000    0.000    0.000    0.000    0.800    0.100    0.900    0.000    0.000    0.000    
Total frac: 1.800
Par: 2, Rows: 1
0.000    0.000    0.000    0.000    0.000    0.000    0.000    0.000    0.000    0.800    0.100    0.900    0.000    0.000    0.000    
Total frac: 1.800
Par: 3, Rows: 1
0.000    0.000    0.000    0.000    0.000    0.000    0.000    0.000    0.000    0.800    0.100    0.900    0.000    0.000    0.000    
Total frac: 1.800

Sketch (65) (cm: eps0: 0.00625, del0: 0.05, min_mem: 1.69921875)
Par: 1, Rows: 1
0.000    0.000    0.000    0.000    0.000    0.000    0.000    0.000    0.000    0.900    0.000    0.000    0.000    0.000    0.700    
Total frac: 1.600
Par: 2, Rows: 1
0.000    0.000    0.000    0.000    0.000    0.000    0.000    0.000    0.000    0.900    0.000    0.000    0.000    0.000    0.700    
Total frac: 1.600
Par: 3, Rows: 1
0.000    0.000    0.000    0.000    0.000    0.000    0.000    0.000    0.000    0.900    0.000    0.000    0.000    0.000    0.700    
Total frac: 1.600

Sketch (66) (cm: eps0: 0.00625, del0: 0.05, min_mem: 1.69921875)
Par: 1, Rows: 1
0.000    0.000    0.000    0.000    0.000    0.000    0.000    0.000    0.800    0.100    0.000    0.000    0.000    0.000    0.000    
Total frac: 0.900
Par: 2, Rows: 1
0.000    0.000    0.000    0.000    0.000    0.000    0.000    0.000    0.800    0.100    0.000    0.000    0.000    0.000    0.000    
Total frac: 0.900
Par: 3, Rows: 1
0.000    0.000    0.000    0.000    0.000    0.000    0.000    0.000    0.800    0.100    0.000    0.000    0.000    0.000    0.000    
Total frac: 0.900

Sketch (67) (cm: eps0: 0.00625, del0: 0.05, min_mem: 1.69921875)
Par: 1, Rows: 1
0.000    0.000    0.000    0.000    0.000    0.000    0.000    0.000    0.000    0.000    0.100    0.000    0.000    0.800    0.000    
Total frac: 0.900
Par: 2, Rows: 1
0.000    0.000    0.000    0.000    0.000    0.000    0.000    0.000    0.000    0.000    0.100    0.000    0.000    0.800    0.000    
Total frac: 0.900
Par: 3, Rows: 1
0.000    0.000    0.000    0.000    0.000    0.000    0.000    0.000    0.000    0.000    0.100    0.000    0.000    0.800    0.000    
Total frac: 0.900

Sketch (68) (cm: eps0: 0.00625, del0: 0.05, min_mem: 1.69921875)
Par: 1, Rows: 1
0.000    0.000    0.000    0.000    0.000    0.000    0.000    0.000    0.300    0.700    0.000    0.000    0.000    0.000    0.700    
Total frac: 1.700
Par: 2, Rows: 1
0.000    0.000    0.000    0.000    0.000    0.000    0.000    0.000    0.300    0.700    0.000    0.000    0.000    0.000    0.700    
Total frac: 1.700
Par: 3, Rows: 1
0.000    0.000    0.000    0.000    0.000    0.000    0.000    0.000    0.300    0.700    0.000    0.000    0.000    0.000    0.700    
Total frac: 1.700

Sketch (69) (cm: eps0: 0.00625, del0: 0.05, min_mem: 1.69921875)
Par: 1, Rows: 1
0.000    0.000    0.000    0.000    0.000    0.000    0.000    0.000    0.000    0.700    0.600    0.200    0.000    0.000    0.000    
Total frac: 1.500
Par: 2, Rows: 1
0.000    0.000    0.000    0.000    0.000    0.000    0.000    0.000    0.000    0.700    0.600    0.200    0.000    0.000    0.000    
Total frac: 1.500
Par: 3, Rows: 1
0.000    0.000    0.000    0.000    0.000    0.000    0.000    0.000    0.000    0.700    0.600    0.200    0.000    0.000    0.000    
Total frac: 1.500

Sketch (70) (cm: eps0: 0.00625, del0: 0.05, min_mem: 1.69921875)
Par: 1, Rows: 1
0.000    0.000    0.000    0.000    0.475    0.000    0.000    0.000    0.000    0.000    0.525    0.000    0.000    0.000    1.000    
Total frac: 2.000
Par: 2, Rows: 1
0.000    0.000    0.000    0.000    0.475    0.000    0.000    0.000    0.000    0.000    0.525    0.000    0.000    0.000    1.000    
Total frac: 2.000
Par: 3, Rows: 1
0.000    0.000    0.000    0.000    0.475    0.000    0.000    0.000    0.000    0.000    0.525    0.000    0.000    0.000    1.000    
Total frac: 2.000

Sketch (71) (cm: eps0: 0.00625, del0: 0.05, min_mem: 1.69921875)
Par: 1, Rows: 1
0.000    0.000    0.000    0.000    0.000    0.000    0.000    0.000    0.800    0.000    0.300    0.000    0.000    0.700    0.000    
Total frac: 1.800
Par: 2, Rows: 1
0.000    0.000    0.000    0.000    0.000    0.000    0.000    0.000    0.800    0.000    0.300    0.000    0.000    0.700    0.000    
Total frac: 1.800
Par: 3, Rows: 1
0.000    0.000    0.000    0.000    0.000    0.000    0.000    0.000    0.800    0.000    0.300    0.000    0.000    0.700    0.000    
Total frac: 1.800

Sketch (72) (cm: eps0: 0.00625, del0: 0.05, min_mem: 1.69921875)
Par: 1, Rows: 1
0.000    0.000    0.000    0.000    0.000    0.000    0.000    0.000    0.800    0.000    0.000    1.000    0.000    0.000    0.700    
Total frac: 2.500
Par: 2, Rows: 1
0.000    0.000    0.000    0.000    0.000    0.000    0.000    0.000    0.800    0.000    0.000    1.000    0.000    0.000    0.700    
Total frac: 2.500
Par: 3, Rows: 1
0.000    0.000    0.000    0.000    0.000    0.000    0.000    0.000    0.800    0.000    0.000    1.000    0.000    0.000    0.700    
Total frac: 2.500

Sketch (73) (cm: eps0: 0.00625, del0: 0.05, min_mem: 1.69921875)
Par: 1, Rows: 1
0.000    0.000    0.000    0.000    0.000    0.000    0.000    0.000    0.000    0.000    0.000    0.000    0.000    0.800    0.100    
Total frac: 0.900
Par: 2, Rows: 1
0.000    0.000    0.000    0.000    0.000    0.000    0.000    0.000    0.000    0.000    0.000    0.000    0.000    0.800    0.100    
Total frac: 0.900
Par: 3, Rows: 1
0.000    0.000    0.000    0.000    0.000    0.000    0.000    0.000    0.000    0.000    0.000    0.000    0.000    0.800    0.100    
Total frac: 0.900

Sketch (74) (cm: eps0: 0.00625, del0: 0.05, min_mem: 1.69921875)
Par: 1, Rows: 1
0.000    0.000    0.000    0.000    0.000    0.000    0.000    0.000    0.000    0.100    0.800    0.100    0.800    0.000    0.000    
Total frac: 1.800
Par: 2, Rows: 1
0.000    0.000    0.000    0.000    0.000    0.000    0.000    0.000    0.000    0.100    0.800    0.100    0.800    0.000    0.000    
Total frac: 1.800
Par: 3, Rows: 1
0.000    0.000    0.000    0.000    0.000    0.000    0.000    0.000    0.000    0.100    0.800    0.100    0.800    0.000    0.000    
Total frac: 1.800

Sketch (75) (cm: eps0: 0.00625, del0: 0.05, min_mem: 1.69921875)
Par: 1, Rows: 1
0.000    0.000    0.000    0.000    0.000    0.000    0.000    0.000    0.000    0.000    0.000    0.000    0.900    0.000    0.100    
Total frac: 1.000
Par: 2, Rows: 1
0.000    0.000    0.000    0.000    0.000    0.000    0.000    0.000    0.000    0.000    0.000    0.000    0.900    0.000    0.100    
Total frac: 1.000
Par: 3, Rows: 1
0.000    0.000    0.000    0.000    0.000    0.000    0.000    0.000    0.000    0.000    0.000    0.000    0.900    0.000    0.100    
Total frac: 1.000

Sketch (76) (cm: eps0: 0.00625, del0: 0.05, min_mem: 1.69921875)
Par: 1, Rows: 1
0.000    0.000    0.000    0.000    0.000    0.000    -0.000    0.000    0.000    0.000    0.000    0.000    1.000    0.000    0.000    
Total frac: 1.000
Par: 2, Rows: 1
0.000    0.000    0.000    0.000    0.000    0.000    0.000    0.000    0.000    0.000    0.000    0.000    1.000    0.000    0.000    
Total frac: 1.000
Par: 3, Rows: 1
0.000    0.000    0.000    0.000    0.000    0.000    0.000    0.000    0.000    0.000    0.000    0.000    1.000    0.000    0.000    
Total frac: 1.000

Sketch (77) (cm: eps0: 0.00625, del0: 0.05, min_mem: 1.69921875)
Par: 1, Rows: 1
0.000    0.000    0.000    0.000    0.000    0.000    0.000    0.000    0.100    0.000    0.000    0.000    0.600    0.000    0.300    
Total frac: 1.000
Par: 2, Rows: 1
0.000    0.000    0.000    0.000    0.000    0.000    0.000    0.000    0.100    0.000    0.000    0.000    0.600    0.000    0.300    
Total frac: 1.000
Par: 3, Rows: 1
0.000    0.000    0.000    0.000    0.000    0.000    0.000    0.000    0.100    0.000    0.000    0.000    0.600    0.000    0.300    
Total frac: 1.000

Sketch (78) (cm: eps0: 0.00625, del0: 0.05, min_mem: 1.69921875)
Par: 1, Rows: 1
0.000    0.000    0.000    0.000    0.000    0.000    0.000    0.000    0.000    0.000    0.000    0.000    0.000    0.000    0.800    
Total frac: 0.800
Par: 2, Rows: 1
0.000    0.000    0.000    0.000    0.000    0.000    0.000    0.000    0.000    0.000    0.000    0.000    0.000    0.000    0.800    
Total frac: 0.800
Par: 3, Rows: 1
0.000    0.000    0.000    0.000    0.000    0.000    0.000    0.000    0.000    0.000    0.000    0.000    0.000    0.000    0.800    
Total frac: 0.800

Sketch (79) (cm: eps0: 0.00625, del0: 0.05, min_mem: 1.69921875)
Par: 1, Rows: 1
0.000    0.000    0.000    0.000    0.000    0.000    0.000    0.000    0.000    0.000    0.000    0.000    0.000    0.000    0.700    
Total frac: 0.700
Par: 2, Rows: 1
0.000    0.000    0.000    0.000    0.000    0.000    0.000    0.000    0.000    0.000    0.000    0.000    0.000    0.000    0.700    
Total frac: 0.700
Par: 3, Rows: 1
0.000    0.000    0.000    0.000    0.000    0.000    0.000    0.000    0.000    0.000    0.000    0.000    0.000    0.000    0.700    
Total frac: 0.700

Device (0) cpu1:
Rows total: 1.4251430885057472
Mem total: 2.421629857421875

Device (1) cpu2:
Rows total: 1.4251430885057472
Mem total: 2.421629857421875

Device (2) cpu3:
Rows total: 1.4251430885057472
Mem total: 2.421629857421875

Device (3) cpu4:
Rows total: 1.4251430885057472
Mem total: 2.421629857421875

Device (4) cpu5:
Rows total: 1.4251430885057472
Mem total: 2.421629857421875

Device (5) cpu6:
Rows total: 1.4251430885057472
Mem total: 2.421629857421875

Device (6) cpu7:
Rows total: 1.4251430885057472
Mem total: 2.421629857421875

Device (7) cpu8:
Rows total: 1.4251430885057472
Mem total: 2.421629857421875

Device (8) tor_p41:
Rows total: 47.99983647027915
Mem total: 81.56222212723215

Device (9) tor_p42:
Rows total: 47.99983647027915
Mem total: 81.56222212723215

Device (10) tor_p43:
Rows total: 47.99983647027915
Mem total: 81.56222212723215

Device (11) tor_p44:
Rows total: 47.99983647027915
Mem total: 81.56222212723215

Device (12) l1_p41:
Rows total: 47.99983647027915
Mem total: 81.56222212723215

Device (13) l1_p42:
Rows total: 47.99983647027915
Mem total: 81.56222212723215

Device (14) l2_p4:
Rows total: 47.99983647027915
Mem total: 81.56222212723215
--------------------------------------------------
Changed value of parameter NonConvex to 2
   Prev: -1  Min: -1  Max: 2  Default: -1
Changed value of parameter NonConvex to 2
   Prev: -1  Min: -1  Max: 2  Default: -1
Changed value of parameter NonConvex to 2
   Prev: -1  Min: -1  Max: 2  Default: -1
Changed value of parameter NonConvex to 2
   Prev: -1  Min: -1  Max: 2  Default: -1
Changed value of parameter NonConvex to 2
   Prev: -1  Min: -1  Max: 2  Default: -1
Changed value of parameter NonConvex to 2
   Prev: -1  Min: -1  Max: 2  Default: -1
Changed value of parameter NonConvex to 2
   Prev: -1  Min: -1  Max: 2  Default: -1
Changed value of parameter NonConvex to 2
   Prev: -1  Min: -1  Max: 2  Default: -1

Throughput: 93.33333333333333 Mpps, ns per packet: 10.714285714285715
Resources: 655.8965694227843
Used Cores: 55.99999999999999, Total CPUS: 8, Switch Memory: 570.935554890625

Sketch (0) (cm: eps0: 0.00625, del0: 0.05, min_mem: 1.69921875)
Par: 1, Rows: 1
0.000    0.000    0.000    0.000    0.000    0.000    0.000    0.000    0.000    0.000    0.000    0.000    0.000    0.000    1.000    
Total frac: 1.000
Par: 2, Rows: 1
0.000    0.000    0.000    0.000    0.000    0.000    0.000    0.000    0.000    0.000    0.000    0.000    0.000    0.000    1.000    
Total frac: 1.000
Par: 3, Rows: 1
0.000    0.000    0.000    0.000    0.000    0.000    0.000    0.000    0.000    0.000    0.000    0.000    0.000    0.000    1.000    
Total frac: 1.000

Sketch (1) (cm: eps0: 0.00625, del0: 0.05, min_mem: 1.69921875)
Par: 1, Rows: 1
0.000    0.000    0.000    0.000    0.000    0.000    0.000    0.000    0.000    0.000    0.100    0.000    0.800    0.000    0.100    
Total frac: 1.000
Par: 2, Rows: 1
0.000    0.000    0.000    0.000    0.000    0.000    0.000    0.000    0.000    0.000    0.100    0.000    0.800    0.000    0.100    
Total frac: 1.000
Par: 3, Rows: 1
0.000    0.000    0.000    0.000    0.000    0.000    0.000    0.000    0.000    0.000    0.100    0.000    0.800    0.000    0.100    
Total frac: 1.000

Sketch (2) (cm: eps0: 0.00625, del0: 0.05, min_mem: 1.69921875)
Par: 1, Rows: 1
0.000    0.000    0.000    0.000    0.000    0.000    0.000    0.000    0.200    0.000    0.700    0.000    0.800    0.000    0.000    
Total frac: 1.700
Par: 2, Rows: 1
0.000    0.000    0.000    0.000    0.000    0.000    0.000    0.000    0.200    0.000    0.700    0.000    0.800    0.000    0.000    
Total frac: 1.700
Par: 3, Rows: 1
0.000    0.000    0.000    0.000    0.000    0.000    0.000    0.000    0.200    0.000    0.700    0.000    0.800    0.000    0.000    
Total frac: 1.700

Sketch (3) (cm: eps0: 0.00625, del0: 0.05, min_mem: 1.69921875)
Par: 1, Rows: 1
0.000    0.000    0.000    0.000    0.000    0.000    0.000    0.000    0.900    0.100    0.000    0.700    0.000    0.100    0.000    
Total frac: 1.800
Par: 2, Rows: 1
0.000    0.000    0.000    0.000    0.000    0.000    0.000    0.000    0.900    0.100    0.000    0.700    0.000    0.100    0.000    
Total frac: 1.800
Par: 3, Rows: 1
0.000    0.000    0.000    0.000    0.000    0.000    0.000    0.000    0.900    0.100    0.000    0.700    0.000    0.100    0.000    
Total frac: 1.800

Sketch (4) (cm: eps0: 0.00625, del0: 0.05, min_mem: 1.69921875)
Par: 1, Rows: 1
0.000    0.000    0.000    0.000    0.000    0.000    0.000    0.000    0.000    0.000    0.000    0.000    0.000    0.000    1.000    
Total frac: 1.000
Par: 2, Rows: 1
0.000    0.000    0.000    0.000    0.000    0.000    0.000    0.000    0.000    0.000    0.000    0.000    0.000    0.000    1.000    
Total frac: 1.000
Par: 3, Rows: 1
0.000    0.000    0.000    0.000    0.000    0.000    0.000    0.000    0.000    0.000    0.000    0.000    0.000    0.000    1.000    
Total frac: 1.000

Sketch (5) (cm: eps0: 0.00625, del0: 0.05, min_mem: 1.69921875)
Par: 1, Rows: 1
0.000    0.000    0.000    0.000    0.000    0.000    0.000    0.000    0.000    0.000    0.000    0.075    0.000    0.525    0.400    
Total frac: 1.000
Par: 2, Rows: 1
0.000    0.000    0.000    0.000    0.000    0.000    0.000    0.000    0.000    0.000    0.000    0.075    0.000    0.525    0.400    
Total frac: 1.000
Par: 3, Rows: 1
0.000    0.000    0.000    0.000    0.000    0.000    0.000    0.000    0.000    0.000    0.000    0.075    0.000    0.525    0.400    
Total frac: 1.000

Sketch (6) (cm: eps0: 0.00625, del0: 0.05, min_mem: 1.69921875)
Par: 1, Rows: 1
0.000    0.000    0.000    0.000    0.000    0.000    0.000    0.000    0.000    0.000    0.000    0.000    0.000    0.700    0.100    
Total frac: 0.800
Par: 2, Rows: 1
0.000    0.000    0.000    0.000    0.000    0.000    0.000    0.000    0.000    0.000    0.000    0.000    0.000    0.700    0.100    
Total frac: 0.800
Par: 3, Rows: 1
0.000    0.000    0.000    0.000    0.000    0.000    0.000    0.000    0.000    0.000    0.000    0.000    0.000    0.700    0.100    
Total frac: 0.800

Sketch (7) (cm: eps0: 0.00625, del0: 0.05, min_mem: 1.69921875)
Par: 1, Rows: 1
0.000    0.000    0.000    0.000    0.000    0.000    0.000    0.000    0.700    0.300    0.700    0.900    0.000    0.000    0.000    
Total frac: 2.600
Par: 2, Rows: 1
0.000    0.000    0.000    0.000    0.000    0.000    0.000    0.000    0.700    0.300    0.700    0.900    0.000    0.000    0.000    
Total frac: 2.600
Par: 3, Rows: 1
0.000    0.000    0.000    0.000    0.000    0.000    0.000    0.000    0.700    0.300    0.700    0.900    0.000    0.000    0.000    
Total frac: 2.600

Sketch (8) (cm: eps0: 0.00625, del0: 0.05, min_mem: 1.69921875)
Par: 1, Rows: 1
0.000    0.000    0.000    0.000    0.000    0.000    0.000    0.000    0.000    0.800    0.000    0.000    0.100    0.000    0.100    
Total frac: 1.000
Par: 2, Rows: 1
0.000    0.000    0.000    0.000    0.000    0.000    0.000    0.000    0.000    0.800    0.000    0.000    0.100    0.000    0.100    
Total frac: 1.000
Par: 3, Rows: 1
0.000    0.000    0.000    0.000    0.000    0.000    0.000    0.000    0.000    0.800    0.000    0.000    0.100    0.000    0.100    
Total frac: 1.000

Sketch (9) (cm: eps0: 0.00625, del0: 0.05, min_mem: 1.69921875)
Par: 1, Rows: 1
0.000    0.000    0.000    0.000    0.000    0.000    0.000    0.000    0.800    0.000    0.700    0.000    0.100    0.100    0.000    
Total frac: 1.700
Par: 2, Rows: 1
0.000    0.000    0.000    0.000    0.000    0.000    0.000    0.000    0.800    0.000    0.700    0.000    0.100    0.100    0.000    
Total frac: 1.700
Par: 3, Rows: 1
0.000    0.000    0.000    0.000    0.000    0.000    0.000    0.000    0.800    0.000    0.700    0.000    0.100    0.100    0.000    
Total frac: 1.700

Sketch (10) (cm: eps0: 0.00625, del0: 0.05, min_mem: 1.69921875)
Par: 1, Rows: 1
0.000    0.000    0.000    0.000    0.000    0.000    0.000    0.000    0.000    0.000    0.100    0.000    0.000    0.900    0.000    
Total frac: 1.000
Par: 2, Rows: 1
0.000    0.000    0.000    0.000    0.000    0.000    0.000    0.000    0.000    0.000    0.100    0.000    0.000    0.900    0.000    
Total frac: 1.000
Par: 3, Rows: 1
0.000    0.000    0.000    0.000    0.000    0.000    0.000    0.000    0.000    0.000    0.100    0.000    0.000    0.900    0.000    
Total frac: 1.000

Sketch (11) (cm: eps0: 0.00625, del0: 0.05, min_mem: 1.69921875)
Par: 1, Rows: 1
0.000    0.000    0.000    0.000    0.000    0.000    0.000    0.000    1.000    0.000    0.000    0.100    0.000    0.800    0.000    
Total frac: 1.900
Par: 2, Rows: 1
0.000    0.000    0.000    0.000    0.000    0.000    0.000    0.000    1.000    0.000    0.000    0.100    0.000    0.800    0.000    
Total frac: 1.900
Par: 3, Rows: 1
0.000    0.000    0.000    0.000    0.000    0.000    0.000    0.000    1.000    0.000    0.000    0.100    0.000    0.800    0.000    
Total frac: 1.900

Sketch (12) (cm: eps0: 0.00625, del0: 0.05, min_mem: 1.69921875)
Par: 1, Rows: 1
0.000    0.000    0.000    0.000    0.000    0.000    0.000    0.000    0.000    0.000    0.000    1.000    0.000    0.000    0.000    
Total frac: 1.000
Par: 2, Rows: 1
0.000    0.000    0.000    0.000    0.000    0.000    0.000    0.000    0.000    0.000    0.000    1.000    0.000    0.000    0.000    
Total frac: 1.000
Par: 3, Rows: 1
0.000    0.000    0.000    0.000    0.000    0.000    0.000    0.000    0.000    0.000    0.000    1.000    0.000    0.000    0.000    
Total frac: 1.000

Sketch (13) (cm: eps0: 0.00625, del0: 0.05, min_mem: 1.69921875)
Par: 1, Rows: 1
0.000    0.000    0.000    0.000    0.000    0.000    0.000    0.000    0.000    0.000    0.800    0.000    0.000    0.000    0.800    
Total frac: 1.600
Par: 2, Rows: 1
0.000    0.000    0.000    0.000    0.000    0.000    0.000    0.000    0.000    0.000    0.800    0.000    0.000    0.000    0.800    
Total frac: 1.600
Par: 3, Rows: 1
0.000    0.000    0.000    0.000    0.000    0.000    0.000    0.000    0.000    0.000    0.800    0.000    0.000    0.000    0.800    
Total frac: 1.600

Sketch (14) (cm: eps0: 0.00625, del0: 0.05, min_mem: 1.69921875)
Par: 1, Rows: 1
0.000    0.000    0.000    0.000    0.000    0.000    0.000    0.000    0.000    0.000    0.000    0.000    0.000    0.900    0.000    
Total frac: 0.900
Par: 2, Rows: 1
0.000    0.000    0.000    0.000    0.000    0.000    0.000    0.000    0.000    0.000    0.000    0.000    0.000    0.900    0.000    
Total frac: 0.900
Par: 3, Rows: 1
0.000    0.000    0.000    0.000    0.000    0.000    0.000    0.000    0.000    0.000    0.000    0.000    0.000    0.900    0.000    
Total frac: 0.900

Sketch (15) (cm: eps0: 0.00625, del0: 0.05, min_mem: 1.69921875)
Par: 1, Rows: 1
0.000    0.000    0.000    0.475    0.000    0.000    0.000    0.000    0.000    0.525    0.900    0.700    0.000    0.000    0.100    
Total frac: 2.700
Par: 2, Rows: 1
0.000    0.000    0.000    0.475    0.000    0.000    0.000    0.000    0.000    0.525    0.900    0.700    0.000    0.000    0.100    
Total frac: 2.700
Par: 3, Rows: 1
0.000    0.000    0.000    0.475    0.000    0.000    0.000    0.000    0.000    0.525    0.900    0.700    0.000    0.000    0.100    
Total frac: 2.700

Sketch (16) (cm: eps0: 0.00625, del0: 0.05, min_mem: 1.69921875)
Par: 1, Rows: 1
0.000    0.000    0.000    0.000    0.000    0.000    0.000    0.000    0.000    0.000    0.000    0.000    0.000    1.000    0.000    
Total frac: 1.000
Par: 2, Rows: 1
0.000    0.000    0.000    0.000    0.000    0.000    0.000    0.000    0.000    0.000    0.000    0.000    0.000    1.000    0.000    
Total frac: 1.000
Par: 3, Rows: 1
0.000    0.000    0.000    0.000    0.000    0.000    0.000    0.000    0.000    0.000    0.000    0.000    0.000    1.000    0.000    
Total frac: 1.000

Sketch (17) (cm: eps0: 0.00625, del0: 0.05, min_mem: 1.69921875)
Par: 1, Rows: 1
0.000    0.000    0.000    0.000    0.000    0.000    0.000    0.000    0.000    1.000    0.000    1.000    0.000    0.000    0.000    
Total frac: 2.000
Par: 2, Rows: 1
0.000    0.000    0.000    0.000    0.000    0.000    0.000    0.000    0.000    1.000    0.000    1.000    0.000    0.000    0.000    
Total frac: 2.000
Par: 3, Rows: 1
0.000    0.000    0.000    0.000    0.000    0.000    0.000    0.000    0.000    1.000    0.000    1.000    0.000    0.000    0.000    
Total frac: 2.000

Sketch (18) (cm: eps0: 0.00625, del0: 0.05, min_mem: 1.69921875)
Par: 1, Rows: 1
0.000    0.000    0.475    0.000    0.000    0.475    0.000    0.000    0.000    0.525    0.425    0.000    0.000    0.000    0.000    
Total frac: 1.900
Par: 2, Rows: 1
0.000    0.000    0.475    0.000    0.000    0.475    0.000    0.000    0.000    0.525    0.425    0.000    0.000    0.000    0.000    
Total frac: 1.900
Par: 3, Rows: 1
0.000    0.000    0.475    0.000    0.000    0.475    0.000    0.000    0.000    0.525    0.425    0.000    0.000    0.000    0.000    
Total frac: 1.900

Sketch (19) (cm: eps0: 0.00625, del0: 0.05, min_mem: 1.69921875)
Par: 1, Rows: 1
0.000    0.000    0.000    0.000    0.000    0.000    0.000    0.000    0.000    0.000    0.000    0.000    0.000    0.900    0.000    
Total frac: 0.900
Par: 2, Rows: 1
0.000    0.000    0.000    0.000    0.000    0.000    0.000    0.000    0.000    0.000    0.000    0.000    0.000    0.900    0.000    
Total frac: 0.900
Par: 3, Rows: 1
0.000    0.000    0.000    0.000    0.000    0.000    0.000    0.000    0.000    0.000    0.000    0.000    0.000    0.900    0.000    
Total frac: 0.900

Sketch (20) (cm: eps0: 0.00625, del0: 0.05, min_mem: 1.69921875)
Par: 1, Rows: 1
0.000    0.000    0.000    0.000    0.000    0.000    0.000    0.000    0.000    0.000    0.800    0.000    0.000    0.000    0.900    
Total frac: 1.700
Par: 2, Rows: 1
0.000    0.000    0.000    0.000    0.000    0.000    0.000    0.000    0.000    0.000    0.800    0.000    0.000    0.000    0.900    
Total frac: 1.700
Par: 3, Rows: 1
0.000    0.000    0.000    0.000    0.000    0.000    0.000    0.000    0.000    0.000    0.800    0.000    0.000    0.000    0.900    
Total frac: 1.700

Sketch (21) (cm: eps0: 0.00625, del0: 0.05, min_mem: 1.69921875)
Par: 1, Rows: 1
0.000    0.000    0.000    0.000    0.000    0.000    0.000    0.000    0.000    0.000    0.000    0.000    0.900    0.000    0.100    
Total frac: 1.000
Par: 2, Rows: 1
0.000    0.000    0.000    0.000    0.000    0.000    0.000    0.000    0.000    0.000    0.000    0.000    0.900    0.000    0.100    
Total frac: 1.000
Par: 3, Rows: 1
0.000    0.000    0.000    0.000    0.000    0.000    0.000    0.000    0.000    0.000    0.000    0.000    0.900    0.000    0.100    
Total frac: 1.000

Sketch (22) (cm: eps0: 0.00625, del0: 0.05, min_mem: 1.69921875)
Par: 1, Rows: 1
0.000    0.000    0.000    0.000    0.000    0.000    0.000    0.000    0.000    1.000    0.000    0.000    0.000    0.000    0.000    
Total frac: 1.000
Par: 2, Rows: 1
0.000    0.000    0.000    0.000    0.000    0.000    0.000    0.000    0.000    1.000    0.000    0.000    0.000    0.000    0.000    
Total frac: 1.000
Par: 3, Rows: 1
0.000    0.000    0.000    0.000    0.000    0.000    0.000    0.000    0.000    1.000    0.000    0.000    0.000    0.000    0.000    
Total frac: 1.000

Sketch (23) (cm: eps0: 0.00625, del0: 0.05, min_mem: 1.69921875)
Par: 1, Rows: 1
0.000    0.000    0.000    0.000    0.000    0.000    0.000    0.000    0.000    0.000    0.000    0.000    0.000    0.000    0.700    
Total frac: 0.700
Par: 2, Rows: 1
0.000    0.000    0.000    0.000    0.000    0.000    0.000    0.000    0.000    0.000    0.000    0.000    0.000    0.000    0.700    
Total frac: 0.700
Par: 3, Rows: 1
0.000    0.000    0.000    0.000    0.000    0.000    0.000    0.000    0.000    0.000    0.000    0.000    0.000    0.000    0.700    
Total frac: 0.700

Sketch (24) (cm: eps0: 0.00625, del0: 0.05, min_mem: 1.69921875)
Par: 1, Rows: 1
0.000    0.000    0.000    0.000    0.000    0.000    0.000    0.000    0.000    0.000    0.900    0.000    1.000    0.000    0.000    
Total frac: 1.900
Par: 2, Rows: 1
0.000    0.000    0.000    0.000    0.000    0.000    0.000    0.000    0.000    0.000    0.900    0.000    1.000    0.000    0.000    
Total frac: 1.900
Par: 3, Rows: 1
0.000    0.000    0.000    0.000    0.000    0.000    0.000    0.000    0.000    0.000    0.900    0.000    1.000    0.000    0.000    
Total frac: 1.900

Sketch (25) (cm: eps0: 0.00625, del0: 0.05, min_mem: 1.69921875)
Par: 1, Rows: 1
0.000    0.000    0.000    0.000    0.000    0.000    0.000    0.000    0.800    0.200    0.000    0.000    0.000    0.800    0.000    
Total frac: 1.800
Par: 2, Rows: 1
0.000    0.000    0.000    0.000    0.000    0.000    0.000    0.000    0.800    0.200    0.000    0.000    0.000    0.800    0.000    
Total frac: 1.800
Par: 3, Rows: 1
0.000    0.000    0.000    0.000    0.000    0.000    0.000    0.000    0.800    0.200    0.000    0.000    0.000    0.800    0.000    
Total frac: 1.800

Sketch (26) (cm: eps0: 0.00625, del0: 0.05, min_mem: 1.69921875)
Par: 1, Rows: 1
0.000    0.000    0.000    0.000    0.000    0.000    0.000    0.000    0.000    1.000    0.000    0.000    0.000    0.000    0.000    
Total frac: 1.000
Par: 2, Rows: 1
0.000    0.000    0.000    0.000    0.000    0.000    0.000    0.000    0.000    1.000    0.000    0.000    0.000    0.000    0.000    
Total frac: 1.000
Par: 3, Rows: 1
0.000    0.000    0.000    0.000    0.000    0.000    0.000    0.000    0.000    1.000    0.000    0.000    0.000    0.000    0.000    
Total frac: 1.000

Sketch (27) (cm: eps0: 0.00625, del0: 0.05, min_mem: 1.69921875)
Par: 1, Rows: 1
0.000    0.000    0.000    0.000    0.000    0.000    0.000    0.000    0.000    0.700    0.300    0.000    0.100    0.600    0.000    
Total frac: 1.700
Par: 2, Rows: 1
0.000    0.000    0.000    0.000    0.000    0.000    0.000    0.000    0.000    0.700    0.300    0.000    0.100    0.600    0.000    
Total frac: 1.700
Par: 3, Rows: 1
0.000    0.000    0.000    0.000    0.000    0.000    0.000    0.000    0.000    0.700    0.300    0.000    0.100    0.600    0.000    
Total frac: 1.700

Sketch (28) (cm: eps0: 0.00625, del0: 0.05, min_mem: 1.69921875)
Par: 1, Rows: 1
0.000    0.000    0.000    0.000    0.000    0.000    0.000    0.000    0.000    0.000    0.000    0.800    1.000    0.000    0.000    
Total frac: 1.800
Par: 2, Rows: 1
0.000    0.000    0.000    0.000    0.000    0.000    0.000    0.000    0.000    0.000    0.000    0.800    1.000    0.000    0.000    
Total frac: 1.800
Par: 3, Rows: 1
0.000    0.000    0.000    0.000    0.000    0.000    0.000    0.000    0.000    0.000    0.000    0.800    1.000    0.000    0.000    
Total frac: 1.800

Sketch (29) (cm: eps0: 0.00625, del0: 0.05, min_mem: 1.69921875)
Par: 1, Rows: 1
0.000    0.000    0.000    0.000    0.000    0.000    0.000    0.300    0.000    0.000    0.700    0.600    0.000    0.200    0.000    
Total frac: 1.800
Par: 2, Rows: 1
0.000    0.000    0.000    0.000    0.000    0.000    0.000    0.300    0.000    0.000    0.700    0.600    0.000    0.200    0.000    
Total frac: 1.800
Par: 3, Rows: 1
0.000    0.000    0.000    0.000    0.000    0.000    0.000    0.300    0.000    0.000    0.700    0.600    0.000    0.200    0.000    
Total frac: 1.800

Sketch (30) (cm: eps0: 0.00625, del0: 0.05, min_mem: 1.69921875)
Par: 1, Rows: 1
0.000    0.000    0.000    0.000    0.000    0.000    0.000    0.000    0.200    0.100    0.000    0.000    0.700    0.000    0.000    
Total frac: 1.000
Par: 2, Rows: 1
0.000    0.000    0.000    0.000    0.000    0.000    0.000    0.000    0.200    0.100    0.000    0.000    0.700    0.000    0.000    
Total frac: 1.000
Par: 3, Rows: 1
0.000    0.000    0.000    0.000    0.000    0.000    0.000    0.000    0.200    0.100    0.000    0.000    0.700    0.000    0.000    
Total frac: 1.000

Sketch (31) (cm: eps0: 0.00625, del0: 0.05, min_mem: 1.69921875)
Par: 1, Rows: 1
0.000    0.000    0.000    0.000    0.000    0.000    0.400    0.000    0.000    0.000    0.100    0.400    0.000    0.000    0.600    
Total frac: 1.500
Par: 2, Rows: 1
0.000    0.000    0.000    0.000    0.000    0.000    0.400    0.000    0.000    0.000    0.100    0.400    0.000    0.000    0.600    
Total frac: 1.500
Par: 3, Rows: 1
0.000    0.000    0.000    0.000    0.000    0.000    0.400    0.000    0.000    0.000    0.100    0.400    0.000    0.000    0.600    
Total frac: 1.500

Sketch (32) (cm: eps0: 0.00625, del0: 0.05, min_mem: 1.69921875)
Par: 1, Rows: 1
0.000    0.000    0.000    0.000    0.000    0.000    0.000    0.000    0.000    0.000    0.000    0.000    0.000    0.800    0.000    
Total frac: 0.800
Par: 2, Rows: 1
0.000    0.000    0.000    0.000    0.000    0.000    0.000    0.000    0.000    0.000    0.000    0.000    0.000    0.800    0.000    
Total frac: 0.800
Par: 3, Rows: 1
0.000    0.000    0.000    0.000    0.000    0.000    0.000    0.000    0.000    0.000    0.000    0.000    0.000    0.800    0.000    
Total frac: 0.800

Sketch (33) (cm: eps0: 0.00625, del0: 0.05, min_mem: 1.69921875)
Par: 1, Rows: 1
0.000    0.000    0.000    0.000    0.000    0.000    0.000    0.000    0.000    0.000    0.000    1.000    0.000    0.000    0.000    
Total frac: 1.000
Par: 2, Rows: 1
0.000    0.000    0.000    0.000    0.000    0.000    0.000    0.000    0.000    0.000    0.000    1.000    0.000    0.000    0.000    
Total frac: 1.000
Par: 3, Rows: 1
0.000    0.000    0.000    0.000    0.000    0.000    0.000    0.000    0.000    0.000    0.000    1.000    0.000    0.000    0.000    
Total frac: 1.000

Sketch (34) (cm: eps0: 0.00625, del0: 0.05, min_mem: 1.69921875)
Par: 1, Rows: 1
0.000    0.000    0.000    0.000    0.000    0.000    0.000    0.000    0.000    0.200    0.700    0.200    0.700    0.000    0.000    
Total frac: 1.800
Par: 2, Rows: 1
0.000    0.000    0.000    0.000    0.000    0.000    0.000    0.000    0.000    0.200    0.700    0.200    0.700    0.000    0.000    
Total frac: 1.800
Par: 3, Rows: 1
0.000    0.000    0.000    0.000    0.000    0.000    0.000    0.000    0.000    0.200    0.700    0.200    0.700    0.000    0.000    
Total frac: 1.800

Sketch (35) (cm: eps0: 0.00625, del0: 0.05, min_mem: 1.69921875)
Par: 1, Rows: 1
0.000    0.000    0.000    0.000    0.000    0.000    0.000    0.000    0.000    0.000    0.000    0.900    1.000    0.000    0.000    
Total frac: 1.900
Par: 2, Rows: 1
0.000    0.000    0.000    0.000    0.000    0.000    0.000    0.000    0.000    0.000    0.000    0.900    1.000    0.000    0.000    
Total frac: 1.900
Par: 3, Rows: 1
0.000    0.000    0.000    0.000    0.000    0.000    0.000    0.000    0.000    0.000    0.000    0.900    1.000    0.000    0.000    
Total frac: 1.900

Sketch (36) (cm: eps0: 0.00625, del0: 0.05, min_mem: 1.69921875)
Par: 1, Rows: 1
0.000    0.000    0.000    0.000    0.000    0.000    0.000    0.000    0.000    1.000    0.000    0.000    0.000    0.000    1.000    
Total frac: 2.000
Par: 2, Rows: 1
0.000    0.000    0.000    0.000    0.000    0.000    0.000    0.000    0.000    1.000    0.000    0.000    0.000    0.000    1.000    
Total frac: 2.000
Par: 3, Rows: 1
0.000    0.000    0.000    0.000    0.000    0.000    0.000    0.000    0.000    1.000    0.000    0.000    0.000    0.000    1.000    
Total frac: 2.000

Sketch (37) (cm: eps0: 0.00625, del0: 0.05, min_mem: 1.69921875)
Par: 1, Rows: 1
0.000    0.000    0.000    0.000    0.000    0.000    0.000    0.000    0.900    0.000    0.650    0.100    0.000    0.150    0.000    
Total frac: 1.800
Par: 2, Rows: 1
0.000    0.000    0.000    0.000    0.000    0.000    0.000    0.000    0.900    0.000    0.650    0.100    0.000    0.150    0.000    
Total frac: 1.800
Par: 3, Rows: 1
0.000    0.000    0.000    0.000    0.000    0.000    0.000    0.000    0.900    0.000    0.650    0.100    0.000    0.150    0.000    
Total frac: 1.800

Sketch (38) (cm: eps0: 0.00625, del0: 0.05, min_mem: 1.69921875)
Par: 1, Rows: 1
0.375    0.475    0.000    0.000    0.000    0.000    0.000    0.000    0.150    0.900    0.900    0.000    0.000    0.000    0.000    
Total frac: 2.800
Par: 2, Rows: 1
0.375    0.475    0.000    0.000    0.000    0.000    0.000    0.000    0.150    0.900    0.900    0.000    0.000    0.000    0.000    
Total frac: 2.800
Par: 3, Rows: 1
0.375    0.475    0.000    0.000    0.000    0.000    0.000    0.000    0.150    0.900    0.900    0.000    0.000    0.000    0.000    
Total frac: 2.800

Sketch (39) (cm: eps0: 0.00625, del0: 0.05, min_mem: 1.69921875)
Par: 1, Rows: 1
0.000    0.000    0.000    0.000    0.000    0.000    0.000    0.000    0.000    0.000    0.700    0.000    1.000    0.000    0.000    
Total frac: 1.700
Par: 2, Rows: 1
0.000    0.000    0.000    0.000    0.000    0.000    0.000    0.000    0.000    0.000    0.700    0.000    1.000    0.000    0.000    
Total frac: 1.700
Par: 3, Rows: 1
0.000    0.000    0.000    0.000    0.000    0.000    0.000    0.000    0.000    0.000    0.700    0.000    1.000    0.000    0.000    
Total frac: 1.700

Sketch (40) (cm: eps0: 0.00625, del0: 0.05, min_mem: 1.69921875)
Par: 1, Rows: 1
0.000    0.000    0.000    0.000    0.000    0.000    0.000    0.000    0.000    0.000    0.000    0.000    1.000    0.000    0.000    
Total frac: 1.000
Par: 2, Rows: 1
0.000    0.000    0.000    0.000    0.000    0.000    0.000    0.000    0.000    0.000    0.000    0.000    1.000    0.000    0.000    
Total frac: 1.000
Par: 3, Rows: 1
0.000    0.000    0.000    0.000    0.000    0.000    0.000    0.000    0.000    0.000    0.000    0.000    1.000    0.000    0.000    
Total frac: 1.000

Sketch (41) (cm: eps0: 0.00625, del0: 0.05, min_mem: 1.69921875)
Par: 1, Rows: 1
0.000    0.000    0.000    0.000    0.000    0.000    0.000    0.000    0.000    0.000    0.000    0.000    0.000    0.000    0.000    
Total frac: 0.000
Par: 2, Rows: 1
0.000    0.000    0.000    0.000    0.000    0.000    0.000    0.000    0.000    0.000    0.000    0.000    0.000    0.000    0.000    
Total frac: 0.000
Par: 3, Rows: 1
0.000    0.000    0.000    0.000    0.000    0.000    0.000    0.000    0.000    0.000    0.000    0.000    0.000    0.000    0.000    
Total frac: 0.000

Sketch (42) (cm: eps0: 0.00625, del0: 0.05, min_mem: 1.69921875)
Par: 1, Rows: 1
0.000    0.000    0.000    0.000    0.000    0.000    0.000    0.000    0.700    0.000    0.000    0.300    0.100    0.600    0.000    
Total frac: 1.700
Par: 2, Rows: 1
0.000    0.000    0.000    0.000    0.000    0.000    0.000    0.000    0.700    0.000    0.000    0.300    0.100    0.600    0.000    
Total frac: 1.700
Par: 3, Rows: 1
0.000    0.000    0.000    0.000    0.000    0.000    0.000    0.000    0.700    0.000    0.000    0.300    0.100    0.600    0.000    
Total frac: 1.700

Sketch (43) (cm: eps0: 0.00625, del0: 0.05, min_mem: 1.69921875)
Par: 1, Rows: 1
0.000    0.000    0.000    0.000    0.000    0.000    0.000    0.000    0.700    0.200    0.000    0.000    0.000    0.000    0.000    
Total frac: 0.900
Par: 2, Rows: 1
0.000    0.000    0.000    0.000    0.000    0.000    0.000    0.000    0.700    0.200    0.000    0.000    0.000    0.000    0.000    
Total frac: 0.900
Par: 3, Rows: 1
0.000    0.000    0.000    0.000    0.000    0.000    0.000    0.000    0.700    0.200    0.000    0.000    0.000    0.000    0.000    
Total frac: 0.900

Sketch (44) (cm: eps0: 0.00625, del0: 0.05, min_mem: 1.69921875)
Par: 1, Rows: 1
0.000    0.000    0.000    0.000    0.000    0.000    0.000    0.075    0.000    0.000    0.000    0.925    0.000    0.000    0.000    
Total frac: 1.000
Par: 2, Rows: 1
0.000    0.000    0.000    0.000    0.000    0.000    0.000    0.075    0.000    0.000    0.000    0.925    0.000    0.000    0.000    
Total frac: 1.000
Par: 3, Rows: 1
0.000    0.000    0.000    0.000    0.000    0.000    0.000    0.075    0.000    0.000    0.000    0.925    0.000    0.000    0.000    
Total frac: 1.000

Sketch (45) (cm: eps0: 0.00625, del0: 0.05, min_mem: 1.69921875)
Par: 1, Rows: 1
0.000    0.000    0.000    0.000    0.000    0.000    0.000    0.100    0.000    0.900    0.000    0.000    0.000    0.900    0.000    
Total frac: 1.900
Par: 2, Rows: 1
0.000    0.000    0.000    0.000    0.000    0.000    0.000    0.100    0.000    0.900    0.000    0.000    0.000    0.900    0.000    
Total frac: 1.900
Par: 3, Rows: 1
0.000    0.000    0.000    0.000    0.000    0.000    0.000    0.100    0.000    0.900    0.000    0.000    0.000    0.900    0.000    
Total frac: 1.900

Sketch (46) (cm: eps0: 0.00625, del0: 0.05, min_mem: 1.69921875)
Par: 1, Rows: 1
0.000    0.000    0.000    0.000    0.000    0.000    0.000    0.000    1.000    1.000    0.000    0.900    0.000    0.000    0.000    
Total frac: 2.900
Par: 2, Rows: 1
0.000    0.000    0.000    0.000    0.000    0.000    0.000    0.000    1.000    1.000    0.000    0.900    0.000    0.000    0.000    
Total frac: 2.900
Par: 3, Rows: 1
0.000    0.000    0.000    0.000    0.000    0.000    0.000    0.000    1.000    1.000    0.000    0.900    0.000    0.000    0.000    
Total frac: 2.900

Sketch (47) (cm: eps0: 0.00625, del0: 0.05, min_mem: 1.69921875)
Par: 1, Rows: 1
0.000    0.000    0.000    0.000    0.000    0.000    0.000    0.000    0.000    0.000    0.000    0.000    0.800    0.200    0.000    
Total frac: 1.000
Par: 2, Rows: 1
0.000    0.000    0.000    0.000    0.000    0.000    0.000    0.000    0.000    0.000    0.000    0.000    0.800    0.200    0.000    
Total frac: 1.000
Par: 3, Rows: 1
0.000    0.000    0.000    0.000    0.000    0.000    0.000    0.000    0.000    0.000    0.000    0.000    0.800    0.200    0.000    
Total frac: 1.000

Sketch (48) (cm: eps0: 0.00625, del0: 0.05, min_mem: 1.69921875)
Par: 1, Rows: 1
0.100    0.000    0.000    0.000    0.000    0.000    0.000    0.000    0.800    0.200    0.000    0.500    0.000    0.000    0.000    
Total frac: 1.600
Par: 2, Rows: 1
0.100    0.000    0.000    0.000    0.000    0.000    0.000    0.000    0.800    0.200    0.000    0.500    0.000    0.000    0.000    
Total frac: 1.600
Par: 3, Rows: 1
0.100    0.000    0.000    0.000    0.000    0.000    0.000    0.000    0.800    0.200    0.000    0.500    0.000    0.000    0.000    
Total frac: 1.600

Sketch (49) (cm: eps0: 0.00625, del0: 0.05, min_mem: 1.69921875)
Par: 1, Rows: 1
0.000    0.000    0.000    0.000    0.000    0.000    0.000    0.000    0.000    0.000    0.000    0.000    0.000    0.900    0.000    
Total frac: 0.900
Par: 2, Rows: 1
0.000    0.000    0.000    0.000    0.000    0.000    0.000    0.000    0.000    0.000    0.000    0.000    0.000    0.900    0.000    
Total frac: 0.900
Par: 3, Rows: 1
0.000    0.000    0.000    0.000    0.000    0.000    0.000    0.000    0.000    0.000    0.000    0.000    0.000    0.900    0.000    
Total frac: 0.900

Sketch (50) (cm: eps0: 0.00625, del0: 0.05, min_mem: 1.69921875)
Par: 1, Rows: 1
0.000    0.000    0.000    0.000    0.000    0.000    0.000    0.000    0.000    0.900    0.700    0.000    0.000    0.000    0.200    
Total frac: 1.800
Par: 2, Rows: 1
0.000    0.000    0.000    0.000    0.000    0.000    0.000    0.000    0.000    0.900    0.700    0.000    0.000    0.000    0.200    
Total frac: 1.800
Par: 3, Rows: 1
0.000    0.000    0.000    0.000    0.000    0.000    0.000    0.000    0.000    0.900    0.700    0.000    0.000    0.000    0.200    
Total frac: 1.800

Sketch (51) (cm: eps0: 0.00625, del0: 0.05, min_mem: 1.69921875)
Par: 1, Rows: 1
0.000    0.000    0.000    0.000    0.000    0.000    0.000    0.000    0.000    0.000    0.800    0.000    0.000    0.000    0.900    
Total frac: 1.700
Par: 2, Rows: 1
0.000    0.000    0.000    0.000    0.000    0.000    0.000    0.000    0.000    0.000    0.800    0.000    0.000    0.000    0.900    
Total frac: 1.700
Par: 3, Rows: 1
0.000    0.000    0.000    0.000    0.000    0.000    0.000    0.000    0.000    0.000    0.800    0.000    0.000    0.000    0.900    
Total frac: 1.700

Sketch (52) (cm: eps0: 0.00625, del0: 0.05, min_mem: 1.69921875)
Par: 1, Rows: 1
0.000    0.000    0.000    0.000    0.000    0.000    0.000    0.000    0.000    1.000    0.000    0.000    0.000    0.000    1.000    
Total frac: 2.000
Par: 2, Rows: 1
0.000    0.000    0.000    0.000    0.000    0.000    0.000    0.000    0.000    1.000    0.000    0.000    0.000    0.000    1.000    
Total frac: 2.000
Par: 3, Rows: 1
0.000    0.000    0.000    0.000    0.000    0.000    0.000    0.000    0.000    1.000    0.000    0.000    0.000    0.000    1.000    
Total frac: 2.000

Sketch (53) (cm: eps0: 0.00625, del0: 0.05, min_mem: 1.69921875)
Par: 1, Rows: 1
0.000    0.000    0.000    0.000    0.000    0.000    0.000    0.000    0.000    0.000    0.100    0.900    0.900    0.000    0.000    
Total frac: 1.900
Par: 2, Rows: 1
0.000    0.000    0.000    0.000    0.000    0.000    0.000    0.000    0.000    0.000    0.100    0.900    0.900    0.000    0.000    
Total frac: 1.900
Par: 3, Rows: 1
0.000    0.000    0.000    0.000    0.000    0.000    0.000    0.000    0.000    0.000    0.100    0.900    0.900    0.000    0.000    
Total frac: 1.900

Sketch (54) (cm: eps0: 0.00625, del0: 0.05, min_mem: 1.69921875)
Par: 1, Rows: 1
0.000    0.000    0.000    0.000    0.000    0.000    0.000    0.000    0.700    0.000    0.000    0.000    0.000    0.000    0.000    
Total frac: 0.700
Par: 2, Rows: 1
0.000    0.000    0.000    0.000    0.000    0.000    0.000    0.000    0.700    0.000    0.000    0.000    0.000    0.000    0.000    
Total frac: 0.700
Par: 3, Rows: 1
0.000    0.000    0.000    0.000    0.000    0.000    0.000    0.000    0.700    0.000    0.000    0.000    0.000    0.000    0.000    
Total frac: 0.700

Sketch (55) (cm: eps0: 0.00625, del0: 0.05, min_mem: 1.69921875)
Par: 1, Rows: 1
0.000    0.000    0.000    0.000    0.000    0.000    0.000    0.000    0.000    0.000    0.000    0.000    0.000    0.000    1.000    
Total frac: 1.000
Par: 2, Rows: 1
0.000    0.000    0.000    0.000    0.000    0.000    0.000    0.000    0.000    0.000    0.000    0.000    0.000    0.000    1.000    
Total frac: 1.000
Par: 3, Rows: 1
0.000    0.000    0.000    0.000    0.000    0.000    0.000    0.000    0.000    0.000    0.000    0.000    0.000    0.000    1.000    
Total frac: 1.000

Sketch (56) (cm: eps0: 0.00625, del0: 0.05, min_mem: 1.69921875)
Par: 1, Rows: 1
0.000    0.000    0.000    0.000    0.000    0.000    0.000    0.000    0.000    0.000    0.000    0.000    0.000    0.900    0.100    
Total frac: 1.000
Par: 2, Rows: 1
0.000    0.000    0.000    0.000    0.000    0.000    0.000    0.000    0.000    0.000    0.000    0.000    0.000    0.900    0.100    
Total frac: 1.000
Par: 3, Rows: 1
0.000    0.000    0.000    0.000    0.000    0.000    0.000    0.000    0.000    0.000    0.000    0.000    0.000    0.900    0.100    
Total frac: 1.000

Sketch (57) (cm: eps0: 0.00625, del0: 0.05, min_mem: 1.69921875)
Par: 1, Rows: 1
0.000    0.000    0.000    0.000    0.000    0.000    0.000    0.000    0.900    0.000    0.000    0.000    0.000    0.000    0.800    
Total frac: 1.700
Par: 2, Rows: 1
0.000    0.000    0.000    0.000    0.000    0.000    0.000    0.000    0.900    0.000    0.000    0.000    0.000    0.000    0.800    
Total frac: 1.700
Par: 3, Rows: 1
0.000    0.000    0.000    0.000    0.000    0.000    0.000    0.000    0.900    0.000    0.000    0.000    0.000    0.000    0.800    
Total frac: 1.700

Sketch (58) (cm: eps0: 0.00625, del0: 0.05, min_mem: 1.69921875)
Par: 1, Rows: 1
0.000    0.000    0.000    0.000    0.000    0.000    0.000    0.000    1.000    0.000    1.000    0.000    0.000    0.000    0.000    
Total frac: 2.000
Par: 2, Rows: 1
0.000    0.000    0.000    0.000    0.000    0.000    0.000    0.000    1.000    0.000    1.000    0.000    0.000    0.000    0.000    
Total frac: 2.000
Par: 3, Rows: 1
0.000    0.000    0.000    0.000    0.000    0.000    0.000    0.000    1.000    0.000    1.000    0.000    0.000    0.000    0.000    
Total frac: 2.000

Sketch (59) (cm: eps0: 0.00625, del0: 0.05, min_mem: 1.69921875)
Par: 1, Rows: 1
0.000    0.000    0.000    0.000    0.000    0.000    0.000    0.000    0.000    0.000    0.000    0.700    0.900    0.100    0.000    
Total frac: 1.700
Par: 2, Rows: 1
0.000    0.000    0.000    0.000    0.000    0.000    0.000    0.000    0.000    0.000    0.000    0.700    0.900    0.100    0.000    
Total frac: 1.700
Par: 3, Rows: 1
0.000    0.000    0.000    0.000    0.000    0.000    0.000    0.000    0.000    0.000    0.000    0.700    0.900    0.100    0.000    
Total frac: 1.700

Sketch (60) (cm: eps0: 0.00625, del0: 0.05, min_mem: 1.69921875)
Par: 1, Rows: 1
0.000    0.000    0.000    0.000    0.000    0.000    0.075    0.000    0.850    0.150    0.000    0.000    0.000    0.725    0.000    
Total frac: 1.800
Par: 2, Rows: 1
0.000    0.000    0.000    0.000    0.000    0.000    0.075    0.000    0.850    0.150    0.000    0.000    0.000    0.725    0.000    
Total frac: 1.800
Par: 3, Rows: 1
0.000    0.000    0.000    0.000    0.000    0.000    0.075    0.000    0.850    0.150    0.000    0.000    0.000    0.725    0.000    
Total frac: 1.800

Sketch (61) (cm: eps0: 0.00625, del0: 0.05, min_mem: 1.69921875)
Par: 1, Rows: 1
0.000    0.000    0.000    0.000    0.000    0.000    0.000    0.000    0.000    0.000    0.000    0.100    0.000    0.900    0.000    
Total frac: 1.000
Par: 2, Rows: 1
0.000    0.000    0.000    0.000    0.000    0.000    0.000    0.000    0.000    0.000    0.000    0.100    0.000    0.900    0.000    
Total frac: 1.000
Par: 3, Rows: 1
0.000    0.000    0.000    0.000    0.000    0.000    0.000    0.000    0.000    0.000    0.000    0.100    0.000    0.900    0.000    
Total frac: 1.000

Sketch (62) (cm: eps0: 0.00625, del0: 0.05, min_mem: 1.69921875)
Par: 1, Rows: 1
0.000    0.000    0.000    0.000    0.000    0.000    0.000    0.000    0.000    0.000    0.800    0.000    0.800    0.000    0.000    
Total frac: 1.600
Par: 2, Rows: 1
0.000    0.000    0.000    0.000    0.000    0.000    0.000    0.000    0.000    0.000    0.800    0.000    0.800    0.000    0.000    
Total frac: 1.600
Par: 3, Rows: 1
0.000    0.000    0.000    0.000    0.000    0.000    0.000    0.000    0.000    0.000    0.800    0.000    0.800    0.000    0.000    
Total frac: 1.600

Sketch (63) (cm: eps0: 0.00625, del0: 0.05, min_mem: 1.69921875)
Par: 1, Rows: 1
0.000    0.000    0.000    0.000    0.000    0.000    0.000    0.000    0.900    0.000    0.000    1.000    0.000    0.000    0.000    
Total frac: 1.900
Par: 2, Rows: 1
0.000    0.000    0.000    0.000    0.000    0.000    0.000    0.000    0.900    0.000    0.000    1.000    0.000    0.000    0.000    
Total frac: 1.900
Par: 3, Rows: 1
0.000    0.000    0.000    0.000    0.000    0.000    0.000    0.000    0.900    0.000    0.000    1.000    0.000    0.000    0.000    
Total frac: 1.900

Sketch (64) (cm: eps0: 0.00625, del0: 0.05, min_mem: 1.69921875)
Par: 1, Rows: 1
0.000    0.000    0.000    0.000    0.000    0.000    0.000    0.000    0.000    0.800    0.100    0.900    0.000    0.000    0.000    
Total frac: 1.800
Par: 2, Rows: 1
0.000    0.000    0.000    0.000    0.000    0.000    0.000    0.000    0.000    0.800    0.100    0.900    0.000    0.000    0.000    
Total frac: 1.800
Par: 3, Rows: 1
0.000    0.000    0.000    0.000    0.000    0.000    0.000    0.000    0.000    0.800    0.100    0.900    0.000    0.000    0.000    
Total frac: 1.800

Sketch (65) (cm: eps0: 0.00625, del0: 0.05, min_mem: 1.69921875)
Par: 1, Rows: 1
0.000    0.000    0.000    0.000    0.000    0.000    0.000    0.000    0.000    0.900    0.000    0.000    0.000    0.000    0.700    
Total frac: 1.600
Par: 2, Rows: 1
0.000    0.000    0.000    0.000    0.000    0.000    0.000    0.000    0.000    0.900    0.000    0.000    0.000    0.000    0.700    
Total frac: 1.600
Par: 3, Rows: 1
0.000    0.000    0.000    0.000    0.000    0.000    0.000    0.000    0.000    0.900    0.000    0.000    0.000    0.000    0.700    
Total frac: 1.600

Sketch (66) (cm: eps0: 0.00625, del0: 0.05, min_mem: 1.69921875)
Par: 1, Rows: 1
0.000    0.000    0.000    0.000    0.000    0.000    0.000    0.000    0.800    0.100    0.000    0.000    0.000    0.000    0.000    
Total frac: 0.900
Par: 2, Rows: 1
0.000    0.000    0.000    0.000    0.000    0.000    0.000    0.000    0.800    0.100    0.000    0.000    0.000    0.000    0.000    
Total frac: 0.900
Par: 3, Rows: 1
0.000    0.000    0.000    0.000    0.000    0.000    0.000    0.000    0.800    0.100    0.000    0.000    0.000    0.000    0.000    
Total frac: 0.900

Sketch (67) (cm: eps0: 0.00625, del0: 0.05, min_mem: 1.69921875)
Par: 1, Rows: 1
0.000    0.000    0.000    0.000    0.000    0.000    0.000    0.000    0.000    0.000    0.100    0.000    0.000    0.800    0.000    
Total frac: 0.900
Par: 2, Rows: 1
0.000    0.000    0.000    0.000    0.000    0.000    0.000    0.000    0.000    0.000    0.100    0.000    0.000    0.800    0.000    
Total frac: 0.900
Par: 3, Rows: 1
0.000    0.000    0.000    0.000    0.000    0.000    0.000    0.000    0.000    0.000    0.100    0.000    0.000    0.800    0.000    
Total frac: 0.900

Sketch (68) (cm: eps0: 0.00625, del0: 0.05, min_mem: 1.69921875)
Par: 1, Rows: 1
0.000    0.000    0.000    0.000    0.000    0.000    0.000    0.000    0.300    0.700    0.000    0.000    0.000    0.000    0.700    
Total frac: 1.700
Par: 2, Rows: 1
0.000    0.000    0.000    0.000    0.000    0.000    0.000    0.000    0.300    0.700    0.000    0.000    0.000    0.000    0.700    
Total frac: 1.700
Par: 3, Rows: 1
0.000    0.000    0.000    0.000    0.000    0.000    0.000    0.000    0.300    0.700    0.000    0.000    0.000    0.000    0.700    
Total frac: 1.700

Sketch (69) (cm: eps0: 0.00625, del0: 0.05, min_mem: 1.69921875)
Par: 1, Rows: 1
0.000    0.000    0.000    0.000    0.000    0.000    0.000    0.000    0.000    0.700    0.600    0.200    0.000    0.000    0.000    
Total frac: 1.500
Par: 2, Rows: 1
0.000    0.000    0.000    0.000    0.000    0.000    0.000    0.000    0.000    0.700    0.600    0.200    0.000    0.000    0.000    
Total frac: 1.500
Par: 3, Rows: 1
0.000    0.000    0.000    0.000    0.000    0.000    0.000    0.000    0.000    0.700    0.600    0.200    0.000    0.000    0.000    
Total frac: 1.500

Sketch (70) (cm: eps0: 0.00625, del0: 0.05, min_mem: 1.69921875)
Par: 1, Rows: 1
0.000    0.000    0.000    0.000    0.475    0.000    0.000    0.000    0.000    0.000    0.525    0.000    0.000    0.000    1.000    
Total frac: 2.000
Par: 2, Rows: 1
0.000    0.000    0.000    0.000    0.475    0.000    0.000    0.000    0.000    0.000    0.525    0.000    0.000    0.000    1.000    
Total frac: 2.000
Par: 3, Rows: 1
0.000    0.000    0.000    0.000    0.475    0.000    0.000    0.000    0.000    0.000    0.525    0.000    0.000    0.000    1.000    
Total frac: 2.000

Sketch (71) (cm: eps0: 0.00625, del0: 0.05, min_mem: 1.69921875)
Par: 1, Rows: 1
0.000    0.000    0.000    0.000    0.000    0.000    0.000    0.000    0.800    0.000    0.300    0.000    0.000    0.700    0.000    
Total frac: 1.800
Par: 2, Rows: 1
0.000    0.000    0.000    0.000    0.000    0.000    0.000    0.000    0.800    0.000    0.300    0.000    0.000    0.700    0.000    
Total frac: 1.800
Par: 3, Rows: 1
0.000    0.000    0.000    0.000    0.000    0.000    0.000    0.000    0.800    0.000    0.300    0.000    0.000    0.700    0.000    
Total frac: 1.800

Sketch (72) (cm: eps0: 0.00625, del0: 0.05, min_mem: 1.69921875)
Par: 1, Rows: 1
0.000    0.000    0.000    0.000    0.000    0.000    0.000    0.000    0.800    0.000    0.000    1.000    0.000    0.000    0.700    
Total frac: 2.500
Par: 2, Rows: 1
0.000    0.000    0.000    0.000    0.000    0.000    0.000    0.000    0.800    0.000    0.000    1.000    0.000    0.000    0.700    
Total frac: 2.500
Par: 3, Rows: 1
0.000    0.000    0.000    0.000    0.000    0.000    0.000    0.000    0.800    0.000    0.000    1.000    0.000    0.000    0.700    
Total frac: 2.500

Sketch (73) (cm: eps0: 0.00625, del0: 0.05, min_mem: 1.69921875)
Par: 1, Rows: 1
0.000    0.000    0.000    0.000    0.000    0.000    0.000    0.000    0.000    0.000    0.000    0.000    0.000    0.800    0.100    
Total frac: 0.900
Par: 2, Rows: 1
0.000    0.000    0.000    0.000    0.000    0.000    0.000    0.000    0.000    0.000    0.000    0.000    0.000    0.800    0.100    
Total frac: 0.900
Par: 3, Rows: 1
0.000    0.000    0.000    0.000    0.000    0.000    0.000    0.000    0.000    0.000    0.000    0.000    0.000    0.800    0.100    
Total frac: 0.900

Sketch (74) (cm: eps0: 0.00625, del0: 0.05, min_mem: 1.69921875)
Par: 1, Rows: 1
0.000    0.000    0.000    0.000    0.000    0.000    0.000    0.000    0.000    0.100    0.800    0.100    0.800    0.000    0.000    
Total frac: 1.800
Par: 2, Rows: 1
0.000    0.000    0.000    0.000    0.000    0.000    0.000    0.000    0.000    0.100    0.800    0.100    0.800    0.000    0.000    
Total frac: 1.800
Par: 3, Rows: 1
0.000    0.000    0.000    0.000    0.000    0.000    0.000    0.000    0.000    0.100    0.800    0.100    0.800    0.000    0.000    
Total frac: 1.800

Sketch (75) (cm: eps0: 0.00625, del0: 0.05, min_mem: 1.69921875)
Par: 1, Rows: 1
0.000    0.000    0.000    0.000    0.000    0.000    0.000    0.000    0.000    0.000    0.000    0.000    0.900    0.000    0.100    
Total frac: 1.000
Par: 2, Rows: 1
0.000    0.000    0.000    0.000    0.000    0.000    0.000    0.000    0.000    0.000    0.000    0.000    0.900    0.000    0.100    
Total frac: 1.000
Par: 3, Rows: 1
0.000    0.000    0.000    0.000    0.000    0.000    0.000    0.000    0.000    0.000    0.000    0.000    0.900    0.000    0.100    
Total frac: 1.000

Sketch (76) (cm: eps0: 0.00625, del0: 0.05, min_mem: 1.69921875)
Par: 1, Rows: 1
0.000    0.000    0.000    0.000    0.000    0.000    -0.000    0.000    0.000    0.000    0.000    0.000    1.000    0.000    0.000    
Total frac: 1.000
Par: 2, Rows: 1
0.000    0.000    0.000    0.000    0.000    0.000    0.000    0.000    0.000    0.000    0.000    0.000    1.000    0.000    0.000    
Total frac: 1.000
Par: 3, Rows: 1
0.000    0.000    0.000    0.000    0.000    0.000    0.000    0.000    0.000    0.000    0.000    0.000    1.000    0.000    0.000    
Total frac: 1.000

Sketch (77) (cm: eps0: 0.00625, del0: 0.05, min_mem: 1.69921875)
Par: 1, Rows: 1
0.000    0.000    0.000    0.000    0.000    0.000    0.000    0.000    0.100    0.000    0.000    0.000    0.600    0.000    0.300    
Total frac: 1.000
Par: 2, Rows: 1
0.000    0.000    0.000    0.000    0.000    0.000    0.000    0.000    0.100    0.000    0.000    0.000    0.600    0.000    0.300    
Total frac: 1.000
Par: 3, Rows: 1
0.000    0.000    0.000    0.000    0.000    0.000    0.000    0.000    0.100    0.000    0.000    0.000    0.600    0.000    0.300    
Total frac: 1.000

Sketch (78) (cm: eps0: 0.00625, del0: 0.05, min_mem: 1.69921875)
Par: 1, Rows: 1
0.000    0.000    0.000    0.000    0.000    0.000    0.000    0.000    0.000    0.000    0.000    0.000    0.000    0.000    0.800    
Total frac: 0.800
Par: 2, Rows: 1
0.000    0.000    0.000    0.000    0.000    0.000    0.000    0.000    0.000    0.000    0.000    0.000    0.000    0.000    0.800    
Total frac: 0.800
Par: 3, Rows: 1
0.000    0.000    0.000    0.000    0.000    0.000    0.000    0.000    0.000    0.000    0.000    0.000    0.000    0.000    0.800    
Total frac: 0.800

Sketch (79) (cm: eps0: 0.00625, del0: 0.05, min_mem: 1.69921875)
Par: 1, Rows: 1
0.000    0.000    0.000    0.000    0.000    0.000    0.000    0.000    0.000    0.000    0.000    0.000    0.000    0.000    0.700    
Total frac: 0.700
Par: 2, Rows: 1
0.000    0.000    0.000    0.000    0.000    0.000    0.000    0.000    0.000    0.000    0.000    0.000    0.000    0.000    0.700    
Total frac: 0.700
Par: 3, Rows: 1
0.000    0.000    0.000    0.000    0.000    0.000    0.000    0.000    0.000    0.000    0.000    0.000    0.000    0.000    0.700    
Total frac: 0.700

Device (0) cpu1:
cores_sketch: 1.0, cores_dpdk: 5.999999999999998
Rows total: 1.4251430885057472
Mem total: 2.421629857421875
Throughput: 93.33333333333333

Device (1) cpu2:
cores_sketch: 1.0, cores_dpdk: 5.999999999999998
Rows total: 1.4251430885057472
Mem total: 2.421629857421875
Throughput: 93.33333333333333

Device (2) cpu3:
cores_sketch: 1.0, cores_dpdk: 5.999999999999998
Rows total: 1.4251430885057472
Mem total: 2.421629857421875
Throughput: 93.33333333333333

Device (3) cpu4:
cores_sketch: 1.0, cores_dpdk: 5.999999999999998
Rows total: 1.4251430885057472
Mem total: 2.421629857421875
Throughput: 93.33333333333333

Device (4) cpu5:
cores_sketch: 1.0, cores_dpdk: 5.999999999999998
Rows total: 1.4251430885057472
Mem total: 2.421629857421875
Throughput: 93.33333333333333

Device (5) cpu6:
cores_sketch: 1.0, cores_dpdk: 5.999999999999998
Rows total: 1.4251430885057472
Mem total: 2.421629857421875
Throughput: 93.33333333333333

Device (6) cpu7:
cores_sketch: 1.0, cores_dpdk: 5.999999999999998
Rows total: 1.4251430885057472
Mem total: 2.421629857421875
Throughput: 93.33333333333333

Device (7) cpu8:
cores_sketch: 1.0, cores_dpdk: 5.999999999999998
Rows total: 1.4251430885057472
Mem total: 2.421629857421875
Throughput: 93.33333333333333

Device (8) tor_p41:
Rows total: 47.99983647027915
Mem total: 81.56222212723215
Throughput: 148.0

Device (9) tor_p42:
Rows total: 47.99983647027915
Mem total: 81.56222212723215
Throughput: 148.0

Device (10) tor_p43:
Rows total: 47.99983647027915
Mem total: 81.56222212723215
Throughput: 148.0

Device (11) tor_p44:
Rows total: 47.99983647027915
Mem total: 81.56222212723215
Throughput: 148.0

Device (12) l1_p41:
Rows total: 47.99983647027915
Mem total: 81.56222212723215
Throughput: 148.0

Device (13) l1_p42:
Rows total: 47.99983647027915
Mem total: 81.56222212723215
Throughput: 148.0

Device (14) l2_p4:
Rows total: 47.99983647027915
Mem total: 81.56222212723215
Throughput: 148.0
--------------------------------------------------
