Using license file /home/anup/gurobi.lic
Academic license - for non-commercial use only

--------------------------------------------------
Model update took: 4.553794860839844e-05 seconds
Model optimize took: 0.006999015808105469 seconds
--------------------------------------------------

Sketch (0) (cm: eps0: 0.03125, del0: 0.05, min_mem: 0.33984375)
Par: 1, Rows: 3
0.000    0.000    1.000    
Total frac: 1.000

Sketch (1) (cm: eps0: 1.25e-06, del0: 0.05, min_mem: 8494.6328125)
Par: 1, Rows: 3
1.000    0.000    0.000    
Total frac: 1.000

Sketch (2) (cm: eps0: 0.625, del0: 0.025, min_mem: 0.01953125)
Par: 1, Rows: 4
0.000    1.000    0.000    
Total frac: 1.000

Device (0) cpu_1:
Rows total: 3.0
Mem total: 25483.8984375

Device (1) p4_1:
Rows total: 4.0
Mem total: 0.078125

Device (2) cpu_2:
Rows total: 3.0
Mem total: 1.01953125
--------------------------------------------------
Changed value of parameter NonConvex to 2
   Prev: -1  Min: -1  Max: 2  Default: -1
Changed value of parameter NonConvex to 2
   Prev: -1  Min: -1  Max: 2  Default: -1

Throughput: 56.00000000000043 Mpps, ns per packet: 17.85714285714272
Resources: 104.11257950464885

Sketch (0) (cm: eps0: 0.03125, del0: 0.05, min_mem: 0.33984375)
Par: 1, Rows: 3
0.000    0.000    1.000    
Total frac: 1.000

Sketch (1) (cm: eps0: 1.25e-06, del0: 0.05, min_mem: 8494.6328125)
Par: 1, Rows: 3
1.000    0.000    0.000    
Total frac: 1.000

Sketch (2) (cm: eps0: 0.625, del0: 0.025, min_mem: 0.01953125)
Par: 1, Rows: 4
0.000    1.000    0.000    
Total frac: 1.000

Device (0) cpu_1:
cores_sketch: 5.000000000000001, cores_dpdk: 1.9999999999999993
Rows total: 3.0
Mem total: 25483.8984375
Throughput: 56.00000000000043

Device (1) p4_1:
Rows total: 4.0
Mem total: 0.078125
Throughput: 148.0

Device (2) cpu_2:
cores_sketch: 1.0, cores_dpdk: 2.0
Rows total: 3.0
Mem total: 1.01953125
Throughput: 56.00000000000043
--------------------------------------------------
