Function: get_partitions took 3.075599670410156e-05 seconds
Function: map_flows_partitions took 8.821487426757812e-06 seconds
Function: map_flows_to_cluster took 3.838539123535156e-05 seconds
Building model with:
4 devices, 20 partitions and 20 flows
Function: MIP.add_frac_mem_var took 0.00020885467529296875 seconds
Function: MIP.add_coverage_constraints took 0.0001842975616455078 seconds
Function: MIP.add_accuracy_constraints took 0.0004286766052246094 seconds
Function: MIP.add_capacity_constraints took 0.0005273818969726562 seconds
--------------------------------------------------
Starting model update
Model update took: 5.626678466796875e-05 s
--------------------------------------------------
Starting model optimize
Model optimize took: 0.0032634735107421875 seconds
--------------------------------------------------

VARIABLES ------------------------------
Objective: 60.000000000000014
frac[3,15] 0.833421
frac[0,14] 0
frac[0,7] 0.166579
frac[0,16] 0.166579
frac[1,6] 0.833421
frac[0,10] 0.458224
frac[2,12] 0.541776
frac[0,3] 1
frac[3,17] 0.833421
frac[3,14] 0
frac[2,9] 1
frac[0,15] 0.166579
frac[0,17] 0.166579
frac[1,5] 0.833421
frac[0,11] 0.458224
frac[2,13] 0.541776
frac[0,4] 0.166579
frac[3,16] 0.833421
frac[0,0] 1
frac[0,18] 0.166579
frac[1,4] 0.833421
frac[2,10] 0.541776
frac[0,12] 0.458224
frac[0,5] 0.166579
frac[1,9] 0
frac[3,19] 0.833421
frac[0,8] 0.166579
frac[2,14] 1
frac[0,1] 1
frac[0,19] 0.166579
frac[2,11] 0.541776
frac[0,13] 0.458224
frac[0,6] 0.166579
frac[1,8] 0.833421
frac[3,18] 0.833421
frac[1,7] 0.833421
frac[0,9] 0
frac[0,2] 1
mem[3,15] 4.24849
mem[0,14] 0
mem[0,7] 0.849164
mem[0,16] 0.849164
mem[1,6] 4.24849
mem[0,10] 2.33587
mem[2,12] 2.76179
mem[0,3] 5.09766
mem[3,17] 4.24849
mem[3,14] 0
mem[2,9] 5.09766
mem[0,15] 0.849164
mem[0,17] 0.849164
mem[1,5] 4.24849
mem[0,11] 2.33587
mem[2,13] 2.76179
mem[0,4] 0.849164
mem[3,16] 4.24849
mem[0,0] 5.09766
mem[0,18] 0.849164
mem[1,4] 4.24849
mem[2,10] 2.76179
mem[0,12] 2.33587
mem[0,5] 0.849164
mem[1,9] 0
mem[3,19] 4.24849
mem[0,8] 0.849164
mem[2,14] 5.09766
mem[0,1] 5.09766
mem[0,19] 0.849164
mem[2,11] 2.76179
mem[0,13] 2.33587
mem[0,6] 0.849164
mem[1,8] 4.24849
mem[3,18] 4.24849
mem[1,7] 4.24849
mem[0,9] 0
mem[0,2] 5.09766
mem_tot_{CPU_0,CPU_1,CPU_2,CPU_3,CPU_4,P4_1} 38.2257
normalized_mem_tot_{CPU_0,CPU_1,CPU_2,CPU_3,CPU_4,P4_1} 0.000232494
rows_tot_{CPU_0,CPU_1,CPU_2,CPU_3,CPU_4,P4_1} 22.4961
normalized_rows_tot_{CPU_0,CPU_1,CPU_2,CPU_3,CPU_4,P4_1} 0.208297
mem_tot_{CPU_5,CPU_6,CPU_7,CPU_8,CPU_9} 21.2425
normalized_mem_tot_{CPU_5,CPU_6,CPU_7,CPU_8,CPU_9} 0.000129654
rows_tot_{CPU_5,CPU_6,CPU_7,CPU_8,CPU_9} 12.5013
normalized_rows_tot_{CPU_5,CPU_6,CPU_7,CPU_8,CPU_9} 0.208355
mem_tot_{CPU_10,CPU_11,CPU_12,CPU_13,CPU_14} 21.2425
normalized_mem_tot_{CPU_10,CPU_11,CPU_12,CPU_13,CPU_14} 0.000129654
rows_tot_{CPU_10,CPU_11,CPU_12,CPU_13,CPU_14} 12.5013
normalized_rows_tot_{CPU_10,CPU_11,CPU_12,CPU_13,CPU_14} 0.208355
mem_tot_{CPU_15,CPU_16,CPU_17,CPU_18,CPU_19} 21.2425
normalized_mem_tot_{CPU_15,CPU_16,CPU_17,CPU_18,CPU_19} 0.000129654
rows_tot_{CPU_15,CPU_16,CPU_17,CPU_18,CPU_19} 12.5013
normalized_rows_tot_{CPU_15,CPU_16,CPU_17,CPU_18,CPU_19} 0.208355
max_mem_CPU_Cluster 0.000232494
max_rows_CPU_Cluster 0.208355
--------------------------------------------------

Sketch (0) (cm: eps0: 0.00625, del0: 0.05, min_mem: 1.69921875)
Par0 id: 0, Rows: 3
(1.000,0)    
Total frac: 1.000

Sketch (1) (cm: eps0: 0.00625, del0: 0.05, min_mem: 1.69921875)
Par0 id: 1, Rows: 3
(1.000,0)    
Total frac: 1.000

Sketch (2) (cm: eps0: 0.00625, del0: 0.05, min_mem: 1.69921875)
Par0 id: 2, Rows: 3
(1.000,0)    
Total frac: 1.000

Sketch (3) (cm: eps0: 0.00625, del0: 0.05, min_mem: 1.69921875)
Par0 id: 3, Rows: 3
(1.000,0)    
Total frac: 1.000

Sketch (4) (cm: eps0: 0.00625, del0: 0.05, min_mem: 1.69921875)
Par0 id: 4, Rows: 3
(0.167,0)    (0.833,1)    
Total frac: 1.000

Sketch (5) (cm: eps0: 0.00625, del0: 0.05, min_mem: 1.69921875)
Par0 id: 5, Rows: 3
(0.833,1)    (0.167,0)    
Total frac: 1.000

Sketch (6) (cm: eps0: 0.00625, del0: 0.05, min_mem: 1.69921875)
Par0 id: 6, Rows: 3
(0.833,1)    (0.167,0)    
Total frac: 1.000

Sketch (7) (cm: eps0: 0.00625, del0: 0.05, min_mem: 1.69921875)
Par0 id: 7, Rows: 3
(0.167,0)    (0.833,1)    
Total frac: 1.000

Sketch (8) (cm: eps0: 0.00625, del0: 0.05, min_mem: 1.69921875)
Par0 id: 8, Rows: 3
(0.167,0)    (0.833,1)    
Total frac: 1.000

Sketch (9) (cm: eps0: 0.00625, del0: 0.05, min_mem: 1.69921875)
Par0 id: 9, Rows: 3
(1.000,2)    (0.000,1)    (0.000,0)    
Total frac: 1.000

Sketch (10) (cm: eps0: 0.00625, del0: 0.05, min_mem: 1.69921875)
Par0 id: 10, Rows: 3
(0.458,0)    (0.542,2)    
Total frac: 1.000

Sketch (11) (cm: eps0: 0.00625, del0: 0.05, min_mem: 1.69921875)
Par0 id: 11, Rows: 3
(0.458,0)    (0.542,2)    
Total frac: 1.000

Sketch (12) (cm: eps0: 0.00625, del0: 0.05, min_mem: 1.69921875)
Par0 id: 12, Rows: 3
(0.542,2)    (0.458,0)    
Total frac: 1.000

Sketch (13) (cm: eps0: 0.00625, del0: 0.05, min_mem: 1.69921875)
Par0 id: 13, Rows: 3
(0.542,2)    (0.458,0)    
Total frac: 1.000

Sketch (14) (cm: eps0: 0.00625, del0: 0.05, min_mem: 1.69921875)
Par0 id: 14, Rows: 3
(0.000,0)    (0.000,3)    (1.000,2)    
Total frac: 1.000

Sketch (15) (cm: eps0: 0.00625, del0: 0.05, min_mem: 1.69921875)
Par0 id: 15, Rows: 3
(0.833,3)    (0.167,0)    
Total frac: 1.000

Sketch (16) (cm: eps0: 0.00625, del0: 0.05, min_mem: 1.69921875)
Par0 id: 16, Rows: 3
(0.167,0)    (0.833,3)    
Total frac: 1.000

Sketch (17) (cm: eps0: 0.00625, del0: 0.05, min_mem: 1.69921875)
Par0 id: 17, Rows: 3
(0.833,3)    (0.167,0)    
Total frac: 1.000

Sketch (18) (cm: eps0: 0.00625, del0: 0.05, min_mem: 1.69921875)
Par0 id: 18, Rows: 3
(0.167,0)    (0.833,3)    
Total frac: 1.000

Sketch (19) (cm: eps0: 0.00625, del0: 0.05, min_mem: 1.69921875)
Par0 id: 19, Rows: 3
(0.833,3)    (0.167,0)    
Total frac: 1.000

Device (0) {CPU_0,CPU_1,CPU_2,CPU_3,CPU_4,P4_1}:
Rows total: 22.496070000000003
Mem total: 38.22574394531251

Device (1) {CPU_5,CPU_6,CPU_7,CPU_8,CPU_9}:
Rows total: 12.50131
Mem total: 21.2424603515625

Device (2) {CPU_10,CPU_11,CPU_12,CPU_13,CPU_14}:
Rows total: 12.50131
Mem total: 21.2424603515625

Device (3) {CPU_15,CPU_16,CPU_17,CPU_18,CPU_19}:
Rows total: 12.50131
Mem total: 21.2424603515625

Flow 0:
partitions: [(0, 1)]
path: {0}
Flow 1:
partitions: [(1, 1)]
path: {0}
Flow 2:
partitions: [(2, 1)]
path: {0}
Flow 3:
partitions: [(3, 1)]
path: {0}
Flow 4:
partitions: [(4, 1)]
path: {0, 1}
Flow 5:
partitions: [(5, 1)]
path: {0, 1}
Flow 6:
partitions: [(6, 1)]
path: {0, 1}
Flow 7:
partitions: [(7, 1)]
path: {0, 1}
Flow 8:
partitions: [(8, 1)]
path: {0, 1}
Flow 9:
partitions: [(9, 1)]
path: {0, 1, 2}
Flow 10:
partitions: [(10, 1)]
path: {0, 2}
Flow 11:
partitions: [(11, 1)]
path: {0, 2}
Flow 12:
partitions: [(12, 1)]
path: {0, 2}
Flow 13:
partitions: [(13, 1)]
path: {0, 2}
Flow 14:
partitions: [(14, 1)]
path: {0, 2, 3}
Flow 15:
partitions: [(15, 1)]
path: {0, 3}
Flow 16:
partitions: [(16, 1)]
path: {0, 3}
Flow 17:
partitions: [(17, 1)]
path: {0, 3}
Flow 18:
partitions: [(18, 1)]
path: {0, 3}
Flow 19:
partitions: [(19, 1)]
path: {0, 3}
--------------------------------------------------

VARIABLES ------------------------------
Objective: 6.756756756756757
mem_tot_{CPU_0,CPU_1,CPU_2,CPU_3,CPU_4,P4_1} 38.2257
ns_{CPU_0,CPU_1,CPU_2,CPU_3,CPU_4,P4_1} 6.75676
--------------------------------------------------

VARIABLES ------------------------------
Objective: 10.204081632653061
mem_tot_{CPU_5,CPU_6,CPU_7,CPU_8,CPU_9} 21.2425
ns_{CPU_5,CPU_6,CPU_7,CPU_8,CPU_9} 10.2041
--------------------------------------------------

VARIABLES ------------------------------
Objective: 10.204081632653061
mem_tot_{CPU_10,CPU_11,CPU_12,CPU_13,CPU_14} 21.2425
ns_{CPU_10,CPU_11,CPU_12,CPU_13,CPU_14} 10.2041
--------------------------------------------------

VARIABLES ------------------------------
Objective: 10.204081632653061
mem_tot_{CPU_15,CPU_16,CPU_17,CPU_18,CPU_19} 21.2425
ns_{CPU_15,CPU_16,CPU_17,CPU_18,CPU_19} 10.2041
--------------------------------------------------

Throughput: 98.0 Mpps, ns per packet: 10.204081632653061
Resources: 101.953125
Used Cores: 0, Total CPUS: 0, Switch Memory: 0

Sketch (0) (cm: eps0: 0.00625, del0: 0.05, min_mem: 1.69921875)
Par0 id: 0, Rows: 3
(1.000,0)    
Total frac: 1.000

Sketch (1) (cm: eps0: 0.00625, del0: 0.05, min_mem: 1.69921875)
Par0 id: 1, Rows: 3
(1.000,0)    
Total frac: 1.000

Sketch (2) (cm: eps0: 0.00625, del0: 0.05, min_mem: 1.69921875)
Par0 id: 2, Rows: 3
(1.000,0)    
Total frac: 1.000

Sketch (3) (cm: eps0: 0.00625, del0: 0.05, min_mem: 1.69921875)
Par0 id: 3, Rows: 3
(1.000,0)    
Total frac: 1.000

Sketch (4) (cm: eps0: 0.00625, del0: 0.05, min_mem: 1.69921875)
Par0 id: 4, Rows: 3
(0.167,0)    (0.833,1)    
Total frac: 1.000

Sketch (5) (cm: eps0: 0.00625, del0: 0.05, min_mem: 1.69921875)
Par0 id: 5, Rows: 3
(0.833,1)    (0.167,0)    
Total frac: 1.000

Sketch (6) (cm: eps0: 0.00625, del0: 0.05, min_mem: 1.69921875)
Par0 id: 6, Rows: 3
(0.833,1)    (0.167,0)    
Total frac: 1.000

Sketch (7) (cm: eps0: 0.00625, del0: 0.05, min_mem: 1.69921875)
Par0 id: 7, Rows: 3
(0.167,0)    (0.833,1)    
Total frac: 1.000

Sketch (8) (cm: eps0: 0.00625, del0: 0.05, min_mem: 1.69921875)
Par0 id: 8, Rows: 3
(0.167,0)    (0.833,1)    
Total frac: 1.000

Sketch (9) (cm: eps0: 0.00625, del0: 0.05, min_mem: 1.69921875)
Par0 id: 9, Rows: 3
(1.000,2)    (0.000,1)    (0.000,0)    
Total frac: 1.000

Sketch (10) (cm: eps0: 0.00625, del0: 0.05, min_mem: 1.69921875)
Par0 id: 10, Rows: 3
(0.458,0)    (0.542,2)    
Total frac: 1.000

Sketch (11) (cm: eps0: 0.00625, del0: 0.05, min_mem: 1.69921875)
Par0 id: 11, Rows: 3
(0.458,0)    (0.542,2)    
Total frac: 1.000

Sketch (12) (cm: eps0: 0.00625, del0: 0.05, min_mem: 1.69921875)
Par0 id: 12, Rows: 3
(0.542,2)    (0.458,0)    
Total frac: 1.000

Sketch (13) (cm: eps0: 0.00625, del0: 0.05, min_mem: 1.69921875)
Par0 id: 13, Rows: 3
(0.542,2)    (0.458,0)    
Total frac: 1.000

Sketch (14) (cm: eps0: 0.00625, del0: 0.05, min_mem: 1.69921875)
Par0 id: 14, Rows: 3
(0.000,0)    (0.000,3)    (1.000,2)    
Total frac: 1.000

Sketch (15) (cm: eps0: 0.00625, del0: 0.05, min_mem: 1.69921875)
Par0 id: 15, Rows: 3
(0.833,3)    (0.167,0)    
Total frac: 1.000

Sketch (16) (cm: eps0: 0.00625, del0: 0.05, min_mem: 1.69921875)
Par0 id: 16, Rows: 3
(0.167,0)    (0.833,3)    
Total frac: 1.000

Sketch (17) (cm: eps0: 0.00625, del0: 0.05, min_mem: 1.69921875)
Par0 id: 17, Rows: 3
(0.833,3)    (0.167,0)    
Total frac: 1.000

Sketch (18) (cm: eps0: 0.00625, del0: 0.05, min_mem: 1.69921875)
Par0 id: 18, Rows: 3
(0.167,0)    (0.833,3)    
Total frac: 1.000

Sketch (19) (cm: eps0: 0.00625, del0: 0.05, min_mem: 1.69921875)
Par0 id: 19, Rows: 3
(0.833,3)    (0.167,0)    
Total frac: 1.000

Device (0) {CPU_0,CPU_1,CPU_2,CPU_3,CPU_4,P4_1}:
Rows total: 22.496070000000003
Mem total: 38.22574394531251
Throughput: 148.0

Device (1) {CPU_5,CPU_6,CPU_7,CPU_8,CPU_9}:
Rows total: 12.50131
Mem total: 21.2424603515625
Throughput: 98.0

Device (2) {CPU_10,CPU_11,CPU_12,CPU_13,CPU_14}:
Rows total: 12.50131
Mem total: 21.2424603515625
Throughput: 98.0

Device (3) {CPU_15,CPU_16,CPU_17,CPU_18,CPU_19}:
Rows total: 12.50131
Mem total: 21.2424603515625
Throughput: 98.0

Flow 0:
partitions: [(0, 1)]
path: {0}
Flow 1:
partitions: [(1, 1)]
path: {0}
Flow 2:
partitions: [(2, 1)]
path: {0}
Flow 3:
partitions: [(3, 1)]
path: {0}
Flow 4:
partitions: [(4, 1)]
path: {0, 1}
Flow 5:
partitions: [(5, 1)]
path: {0, 1}
Flow 6:
partitions: [(6, 1)]
path: {0, 1}
Flow 7:
partitions: [(7, 1)]
path: {0, 1}
Flow 8:
partitions: [(8, 1)]
path: {0, 1}
Flow 9:
partitions: [(9, 1)]
path: {0, 1, 2}
Flow 10:
partitions: [(10, 1)]
path: {0, 2}
Flow 11:
partitions: [(11, 1)]
path: {0, 2}
Flow 12:
partitions: [(12, 1)]
path: {0, 2}
Flow 13:
partitions: [(13, 1)]
path: {0, 2}
Flow 14:
partitions: [(14, 1)]
path: {0, 2, 3}
Flow 15:
partitions: [(15, 1)]
path: {0, 3}
Flow 16:
partitions: [(16, 1)]
path: {0, 3}
Flow 17:
partitions: [(17, 1)]
path: {0, 3}
Flow 18:
partitions: [(18, 1)]
path: {0, 3}
Flow 19:
partitions: [(19, 1)]
path: {0, 3}
--------------------------------------------------
Function: MIP.solve took 0.016972064971923828 seconds
Function: get_partitions_flows took 0.00012493133544921875 seconds
Function: get_partitions_flows took 5.626678466796875e-05 seconds
Function: get_partitions_flows took 7.62939453125e-05 seconds
Function: get_partitions_flows took 5.507469177246094e-05 seconds
Building model with:
6 devices, 18 partitions and 18 flows
Function: MIP.add_frac_mem_var took 0.00015354156494140625 seconds
Function: MIP.add_coverage_constraints took 0.00015163421630859375 seconds
Function: MIP.add_accuracy_constraints took 0.00030922889709472656 seconds
Function: MIP.add_capacity_constraints took 0.0005047321319580078 seconds
--------------------------------------------------
Starting model update
Model update took: 5.0067901611328125e-05 s
--------------------------------------------------
Starting model optimize
Model optimize took: 0.003342866897583008 seconds
--------------------------------------------------

VARIABLES ------------------------------
Objective: 1.1771291954022988e-06
frac[5,9] 0.166579
frac[4,7] 1.96188e-07
frac[5,6] 0.458224
frac[0,14] 1.96188e-07
frac[5,13] 1
frac[5,1] 0.166579
frac[3,17] 0
frac[5,8] 1
frac[3,3] 0
frac[5,5] 0.166579
frac[5,12] 0.166579
frac[2,13] 0
frac[5,0] 0.166579
frac[5,4] 0.166579
frac[5,11] 0.166579
frac[1,13] 0
frac[5,17] 1
frac[5,15] 0.458224
frac[0,8] 0
frac[2,17] 0
frac[5,3] 1
frac[5,10] 0.458224
frac[5,16] 0.166579
frac[5,7] 0.166579
frac[5,14] 0.166579
frac[1,8] 0
frac[4,3] 0
frac[5,2] 0.458224
mem[5,9] 0.849164
mem[4,7] 1.0001e-06
mem[5,6] 2.33587
mem[0,14] 1.0001e-06
mem[5,13] 5.09766
mem[5,1] 0.849164
mem[3,17] 0
mem[5,8] 5.09766
mem[3,3] 0
mem[5,5] 0.849164
mem[5,12] 0.849164
mem[2,13] 0
mem[5,0] 0.849164
mem[5,4] 0.849164
mem[5,11] 0.849164
mem[1,13] 0
mem[5,17] 5.09766
mem[5,15] 2.33587
mem[0,8] 0
mem[2,17] 0
mem[5,3] 5.09766
mem[5,10] 2.33587
mem[5,16] 0.849164
mem[5,7] 0.849163
mem[5,14] 0.849163
mem[1,8] 0
mem[4,3] 0
mem[5,2] 2.33587
mem_tot_CPU_0 1.0001e-06
normalized_mem_tot_CPU_0 3.05206e-11
rows_tot_CPU_0 5.88565e-07
normalized_rows_tot_CPU_0 4.9047e-08
mem_tot_CPU_1 0
normalized_mem_tot_CPU_1 0
rows_tot_CPU_1 0
normalized_rows_tot_CPU_1 0
mem_tot_CPU_2 0
normalized_mem_tot_CPU_2 0
rows_tot_CPU_2 0
normalized_rows_tot_CPU_2 0
mem_tot_CPU_3 0
normalized_mem_tot_CPU_3 0
rows_tot_CPU_3 0
normalized_rows_tot_CPU_3 0
mem_tot_CPU_4 1.0001e-06
normalized_mem_tot_CPU_4 3.05206e-11
rows_tot_CPU_4 5.88565e-07
normalized_rows_tot_CPU_4 4.9047e-08
mem_tot_P4_1 38.2257
normalized_mem_tot_P4_1 0.0663641
rows_tot_P4_1 22.4961
normalized_rows_tot_P4_1 0.468668
max_mem_P4 38.2257
max_mem_CPU_Cluster 0
max_rows_P4 22.4961
max_rows_CPU_Cluster 0
--------------------------------------------------

Sketch (7) (cm: eps0: 0.00625, del0: 0.05, min_mem: 1.69921875)
Par0 id: 7, Rows: 3
(0.167,5)    
Total frac: 0.167

Sketch (16) (cm: eps0: 0.00625, del0: 0.05, min_mem: 1.69921875)
Par0 id: 16, Rows: 3
(0.167,5)    
Total frac: 0.167

Sketch (10) (cm: eps0: 0.00625, del0: 0.05, min_mem: 1.69921875)
Par0 id: 10, Rows: 3
(0.458,5)    
Total frac: 0.458

Sketch (3) (cm: eps0: 0.00625, del0: 0.05, min_mem: 1.69921875)
Par0 id: 3, Rows: 3
(0.000,3)    (1.000,5)    (0.000,4)    
Total frac: 1.000

Sketch (15) (cm: eps0: 0.00625, del0: 0.05, min_mem: 1.69921875)
Par0 id: 15, Rows: 3
(0.167,5)    
Total frac: 0.167

Sketch (17) (cm: eps0: 0.00625, del0: 0.05, min_mem: 1.69921875)
Par0 id: 17, Rows: 3
(0.167,5)    
Total frac: 0.167

Sketch (11) (cm: eps0: 0.00625, del0: 0.05, min_mem: 1.69921875)
Par0 id: 11, Rows: 3
(0.458,5)    
Total frac: 0.458

Sketch (4) (cm: eps0: 0.00625, del0: 0.05, min_mem: 1.69921875)
Par0 id: 4, Rows: 3
(0.000,4)    (0.167,5)    
Total frac: 0.167

Sketch (0) (cm: eps0: 0.00625, del0: 0.05, min_mem: 1.69921875)
Par0 id: 0, Rows: 3
(1.000,5)    (0.000,0)    (0.000,1)    
Total frac: 1.000

Sketch (18) (cm: eps0: 0.00625, del0: 0.05, min_mem: 1.69921875)
Par0 id: 18, Rows: 3
(0.167,5)    
Total frac: 0.167

Sketch (12) (cm: eps0: 0.00625, del0: 0.05, min_mem: 1.69921875)
Par0 id: 12, Rows: 3
(0.458,5)    
Total frac: 0.458

Sketch (5) (cm: eps0: 0.00625, del0: 0.05, min_mem: 1.69921875)
Par0 id: 5, Rows: 3
(0.167,5)    
Total frac: 0.167

Sketch (8) (cm: eps0: 0.00625, del0: 0.05, min_mem: 1.69921875)
Par0 id: 8, Rows: 3
(0.167,5)    
Total frac: 0.167

Sketch (1) (cm: eps0: 0.00625, del0: 0.05, min_mem: 1.69921875)
Par0 id: 1, Rows: 3
(1.000,5)    (0.000,2)    (0.000,1)    
Total frac: 1.000

Sketch (19) (cm: eps0: 0.00625, del0: 0.05, min_mem: 1.69921875)
Par0 id: 19, Rows: 3
(0.000,0)    (0.167,5)    
Total frac: 0.167

Sketch (13) (cm: eps0: 0.00625, del0: 0.05, min_mem: 1.69921875)
Par0 id: 13, Rows: 3
(0.458,5)    
Total frac: 0.458

Sketch (6) (cm: eps0: 0.00625, del0: 0.05, min_mem: 1.69921875)
Par0 id: 6, Rows: 3
(0.167,5)    
Total frac: 0.167

Sketch (2) (cm: eps0: 0.00625, del0: 0.05, min_mem: 1.69921875)
Par0 id: 2, Rows: 3
(0.000,3)    (1.000,5)    (0.000,2)    
Total frac: 1.000

Device (0) CPU_0:
Rows total: 5.885645977011494e-07
Mem total: 1.0001e-06

Device (1) CPU_1:
Rows total: 0.0
Mem total: 0.0

Device (2) CPU_2:
Rows total: 0.0
Mem total: 0.0

Device (3) CPU_3:
Rows total: 0.0
Mem total: 0.0

Device (4) CPU_4:
Rows total: 5.885645977011494e-07
Mem total: 1.0001e-06

Device (5) P4_1:
Rows total: 22.496066468612412
Mem total: 38.2257379447125

Flow 0:
partitions: [(8, 1.0)]
path: {0, 1, 5}
Flow 1:
partitions: [(13, 1.0)]
path: {1, 2, 5}
Flow 2:
partitions: [(17, 1.0)]
path: {2, 3, 5}
Flow 3:
partitions: [(3, 1.0)]
path: {3, 4, 5}
Flow 4:
partitions: [(7, 0.1665793333333334)]
path: {4, 5}
Flow 5:
partitions: [(11, 0.1665793333333334)]
path: {5}
Flow 6:
partitions: [(16, 0.1665793333333334)]
path: {5}
Flow 7:
partitions: [(0, 0.1665793333333334)]
path: {5}
Flow 8:
partitions: [(12, 0.1665793333333334)]
path: {5}
Flow 9:
partitions: [(2, 0.45822416666666665)]
path: {5}
Flow 10:
partitions: [(6, 0.45822416666666665)]
path: {5}
Flow 11:
partitions: [(10, 0.45822416666666665)]
path: {5}
Flow 12:
partitions: [(15, 0.45822416666666665)]
path: {5}
Flow 13:
partitions: [(4, 0.1665793333333334)]
path: {5}
Flow 14:
partitions: [(1, 0.1665793333333334)]
path: {5}
Flow 15:
partitions: [(5, 0.1665793333333334)]
path: {5}
Flow 16:
partitions: [(9, 0.1665793333333334)]
path: {5}
Flow 17:
partitions: [(14, 0.1665793333333334)]
path: {0, 5}
--------------------------------------------------

VARIABLES ------------------------------
Objective: 10.204081632653063
mem_tot_CPU_0 0
m_access_time_CPU_0 0
ns_single_CPU_0 0
pdt_m_rows_CPU_0 0
cores_sketch_CPU_0 0
cores_dpdk_CPU_0 7
ns_sketch_CPU_0 10.2041
pdt_nsk_c_CPU_0 0
ns_dpdk_CPU_0 10.2041
pdt_nsc_dpdk_CPU_0 71.4286
ns_CPU_0 10.2041
--------------------------------------------------

VARIABLES ------------------------------
Objective: 10.204081632653063
mem_tot_CPU_1 0
m_access_time_CPU_1 0
ns_single_CPU_1 0
pdt_m_rows_CPU_1 0
cores_sketch_CPU_1 0
cores_dpdk_CPU_1 7
ns_sketch_CPU_1 10.2041
pdt_nsk_c_CPU_1 0
ns_dpdk_CPU_1 10.2041
pdt_nsc_dpdk_CPU_1 71.4286
ns_CPU_1 10.2041
--------------------------------------------------

VARIABLES ------------------------------
Objective: 10.204081632653063
mem_tot_CPU_2 0
m_access_time_CPU_2 0
ns_single_CPU_2 0
pdt_m_rows_CPU_2 0
cores_sketch_CPU_2 0
cores_dpdk_CPU_2 7
ns_sketch_CPU_2 10.2041
pdt_nsk_c_CPU_2 0
ns_dpdk_CPU_2 10.2041
pdt_nsc_dpdk_CPU_2 71.4286
ns_CPU_2 10.2041
--------------------------------------------------

VARIABLES ------------------------------
Objective: 10.204081632653063
mem_tot_CPU_3 0
m_access_time_CPU_3 0
ns_single_CPU_3 0
pdt_m_rows_CPU_3 0
cores_sketch_CPU_3 0
cores_dpdk_CPU_3 7
ns_sketch_CPU_3 10.2041
pdt_nsk_c_CPU_3 0
ns_dpdk_CPU_3 10.2041
pdt_nsc_dpdk_CPU_3 71.4286
ns_CPU_3 10.2041
--------------------------------------------------

VARIABLES ------------------------------
Objective: 10.204081632653063
mem_tot_CPU_4 0
m_access_time_CPU_4 0
ns_single_CPU_4 0
pdt_m_rows_CPU_4 0
cores_sketch_CPU_4 0
cores_dpdk_CPU_4 7
ns_sketch_CPU_4 10.2041
pdt_nsk_c_CPU_4 0
ns_dpdk_CPU_4 10.2041
pdt_nsc_dpdk_CPU_4 71.4286
ns_CPU_4 10.2041
--------------------------------------------------

VARIABLES ------------------------------
Objective: 6.756756756756757
mem_tot_P4_1 38.2257
ns_P4_1 6.75676
--------------------------------------------------

VARIABLES ------------------------------
Objective: 10.204081632653063
mem_tot_CPU_0 0
m_access_time_CPU_0 0
ns_single_CPU_0 0
pdt_m_rows_CPU_0 0
cores_sketch_CPU_0 0
cores_dpdk_CPU_0 7
ns_sketch_CPU_0 10.2041
pdt_nsk_c_CPU_0 0
ns_dpdk_CPU_0 10.2041
pdt_nsc_dpdk_CPU_0 71.4286
ns_CPU_0 10.2041
--------------------------------------------------

VARIABLES ------------------------------
Objective: 10.204081632653063
mem_tot_CPU_1 0
m_access_time_CPU_1 0
ns_single_CPU_1 0
pdt_m_rows_CPU_1 0
cores_sketch_CPU_1 0
cores_dpdk_CPU_1 7
ns_sketch_CPU_1 10.2041
pdt_nsk_c_CPU_1 0
ns_dpdk_CPU_1 10.2041
pdt_nsc_dpdk_CPU_1 71.4286
ns_CPU_1 10.2041
--------------------------------------------------

VARIABLES ------------------------------
Objective: 10.204081632653063
mem_tot_CPU_2 0
m_access_time_CPU_2 0
ns_single_CPU_2 0
pdt_m_rows_CPU_2 0
cores_sketch_CPU_2 0
cores_dpdk_CPU_2 7
ns_sketch_CPU_2 10.2041
pdt_nsk_c_CPU_2 0
ns_dpdk_CPU_2 10.2041
pdt_nsc_dpdk_CPU_2 71.4286
ns_CPU_2 10.2041
--------------------------------------------------

VARIABLES ------------------------------
Objective: 10.204081632653063
mem_tot_CPU_3 0
m_access_time_CPU_3 0
ns_single_CPU_3 0
pdt_m_rows_CPU_3 0
cores_sketch_CPU_3 0
cores_dpdk_CPU_3 7
ns_sketch_CPU_3 10.2041
pdt_nsk_c_CPU_3 0
ns_dpdk_CPU_3 10.2041
pdt_nsc_dpdk_CPU_3 71.4286
ns_CPU_3 10.2041
--------------------------------------------------

VARIABLES ------------------------------
Objective: 10.204081632653063
mem_tot_CPU_4 0
m_access_time_CPU_4 0
ns_single_CPU_4 0
pdt_m_rows_CPU_4 0
cores_sketch_CPU_4 0
cores_dpdk_CPU_4 7
ns_sketch_CPU_4 10.2041
pdt_nsk_c_CPU_4 0
ns_dpdk_CPU_4 10.2041
pdt_nsc_dpdk_CPU_4 71.4286
ns_CPU_4 10.2041
--------------------------------------------------

Throughput: 97.99999999999999 Mpps, ns per packet: 10.204081632653063
Resources: 356.42038615791074
Used Cores: 34.999999999999865, Total CPUS: 5, Switch Memory: 38.2257379447125

Sketch (7) (cm: eps0: 0.00625, del0: 0.05, min_mem: 1.69921875)
Par0 id: 7, Rows: 3
(0.167,5)    
Total frac: 0.167

Sketch (16) (cm: eps0: 0.00625, del0: 0.05, min_mem: 1.69921875)
Par0 id: 16, Rows: 3
(0.167,5)    
Total frac: 0.167

Sketch (10) (cm: eps0: 0.00625, del0: 0.05, min_mem: 1.69921875)
Par0 id: 10, Rows: 3
(0.458,5)    
Total frac: 0.458

Sketch (3) (cm: eps0: 0.00625, del0: 0.05, min_mem: 1.69921875)
Par0 id: 3, Rows: 3
(0.000,3)    (1.000,5)    (0.000,4)    
Total frac: 1.000

Sketch (15) (cm: eps0: 0.00625, del0: 0.05, min_mem: 1.69921875)
Par0 id: 15, Rows: 3
(0.167,5)    
Total frac: 0.167

Sketch (17) (cm: eps0: 0.00625, del0: 0.05, min_mem: 1.69921875)
Par0 id: 17, Rows: 3
(0.167,5)    
Total frac: 0.167

Sketch (11) (cm: eps0: 0.00625, del0: 0.05, min_mem: 1.69921875)
Par0 id: 11, Rows: 3
(0.458,5)    
Total frac: 0.458

Sketch (4) (cm: eps0: 0.00625, del0: 0.05, min_mem: 1.69921875)
Par0 id: 4, Rows: 3
(0.000,4)    (0.167,5)    
Total frac: 0.167

Sketch (0) (cm: eps0: 0.00625, del0: 0.05, min_mem: 1.69921875)
Par0 id: 0, Rows: 3
(1.000,5)    (0.000,0)    (0.000,1)    
Total frac: 1.000

Sketch (18) (cm: eps0: 0.00625, del0: 0.05, min_mem: 1.69921875)
Par0 id: 18, Rows: 3
(0.167,5)    
Total frac: 0.167

Sketch (12) (cm: eps0: 0.00625, del0: 0.05, min_mem: 1.69921875)
Par0 id: 12, Rows: 3
(0.458,5)    
Total frac: 0.458

Sketch (5) (cm: eps0: 0.00625, del0: 0.05, min_mem: 1.69921875)
Par0 id: 5, Rows: 3
(0.167,5)    
Total frac: 0.167

Sketch (8) (cm: eps0: 0.00625, del0: 0.05, min_mem: 1.69921875)
Par0 id: 8, Rows: 3
(0.167,5)    
Total frac: 0.167

Sketch (1) (cm: eps0: 0.00625, del0: 0.05, min_mem: 1.69921875)
Par0 id: 1, Rows: 3
(1.000,5)    (0.000,2)    (0.000,1)    
Total frac: 1.000

Sketch (19) (cm: eps0: 0.00625, del0: 0.05, min_mem: 1.69921875)
Par0 id: 19, Rows: 3
(0.000,0)    (0.167,5)    
Total frac: 0.167

Sketch (13) (cm: eps0: 0.00625, del0: 0.05, min_mem: 1.69921875)
Par0 id: 13, Rows: 3
(0.458,5)    
Total frac: 0.458

Sketch (6) (cm: eps0: 0.00625, del0: 0.05, min_mem: 1.69921875)
Par0 id: 6, Rows: 3
(0.167,5)    
Total frac: 0.167

Sketch (2) (cm: eps0: 0.00625, del0: 0.05, min_mem: 1.69921875)
Par0 id: 2, Rows: 3
(0.000,3)    (1.000,5)    (0.000,2)    
Total frac: 1.000

Device (0) CPU_0:
cores_sketch: 0.0, cores_dpdk: 6.999999999999973
Rows total: 5.885645977011494e-07
Mem total: 1.0001e-06
Throughput: 97.99999999999999

Device (1) CPU_1:
cores_sketch: 0.0, cores_dpdk: 6.999999999999973
Rows total: 0.0
Mem total: 0.0
Throughput: 97.99999999999999

Device (2) CPU_2:
cores_sketch: 0.0, cores_dpdk: 6.999999999999973
Rows total: 0.0
Mem total: 0.0
Throughput: 97.99999999999999

Device (3) CPU_3:
cores_sketch: 0.0, cores_dpdk: 6.999999999999973
Rows total: 0.0
Mem total: 0.0
Throughput: 97.99999999999999

Device (4) CPU_4:
cores_sketch: 0.0, cores_dpdk: 6.999999999999973
Rows total: 5.885645977011494e-07
Mem total: 1.0001e-06
Throughput: 97.99999999999999

Device (5) P4_1:
Rows total: 22.496066468612412
Mem total: 38.2257379447125
Throughput: 148.0

Flow 0:
partitions: [(8, 1.0)]
path: {0, 1, 5}
Flow 1:
partitions: [(13, 1.0)]
path: {1, 2, 5}
Flow 2:
partitions: [(17, 1.0)]
path: {2, 3, 5}
Flow 3:
partitions: [(3, 1.0)]
path: {3, 4, 5}
Flow 4:
partitions: [(7, 0.1665793333333334)]
path: {4, 5}
Flow 5:
partitions: [(11, 0.1665793333333334)]
path: {5}
Flow 6:
partitions: [(16, 0.1665793333333334)]
path: {5}
Flow 7:
partitions: [(0, 0.1665793333333334)]
path: {5}
Flow 8:
partitions: [(12, 0.1665793333333334)]
path: {5}
Flow 9:
partitions: [(2, 0.45822416666666665)]
path: {5}
Flow 10:
partitions: [(6, 0.45822416666666665)]
path: {5}
Flow 11:
partitions: [(10, 0.45822416666666665)]
path: {5}
Flow 12:
partitions: [(15, 0.45822416666666665)]
path: {5}
Flow 13:
partitions: [(4, 0.1665793333333334)]
path: {5}
Flow 14:
partitions: [(1, 0.1665793333333334)]
path: {5}
Flow 15:
partitions: [(5, 0.1665793333333334)]
path: {5}
Flow 16:
partitions: [(9, 0.1665793333333334)]
path: {5}
Flow 17:
partitions: [(14, 0.1665793333333334)]
path: {0, 5}
--------------------------------------------------
Function: MIP.solve took 0.027046918869018555 seconds
Building model with:
5 devices, 5 partitions and 5 flows
Function: MIP.add_frac_mem_var took 8.082389831542969e-05 seconds
Function: MIP.add_coverage_constraints took 5.364418029785156e-05 seconds
Function: MIP.add_accuracy_constraints took 0.00010561943054199219 seconds
Function: MIP.add_capacity_constraints took 0.0003592967987060547 seconds
--------------------------------------------------
Starting model update
Model update took: 3.218650817871094e-05 s
--------------------------------------------------
Starting model optimize
Model optimize took: 0.0025267601013183594 seconds
--------------------------------------------------

VARIABLES ------------------------------
Objective: 12.50131
frac[0,1] 0
frac[3,3] 0
frac[0,2] 0.833421
frac[2,0] 0.833421
frac[4,3] 0.833421
frac[2,4] 0
frac[1,0] 0
frac[3,4] 0.833421
frac[1,1] 0.833421
mem[0,1] 0
mem[3,3] 0
mem[0,2] 4.24849
mem[2,0] 4.24849
mem[4,3] 4.24849
mem[2,4] 0
mem[1,0] 0
mem[3,4] 4.24849
mem[1,1] 4.24849
mem_tot_CPU_5 4.24849
normalized_mem_tot_CPU_5 0.000129654
rows_tot_CPU_5 2.50026
normalized_rows_tot_CPU_5 0.208355
mem_tot_CPU_6 4.24849
normalized_mem_tot_CPU_6 0.000129654
rows_tot_CPU_6 2.50026
normalized_rows_tot_CPU_6 0.208355
mem_tot_CPU_7 4.24849
normalized_mem_tot_CPU_7 0.000129654
rows_tot_CPU_7 2.50026
normalized_rows_tot_CPU_7 0.208355
mem_tot_CPU_8 4.24849
normalized_mem_tot_CPU_8 0.000129654
rows_tot_CPU_8 2.50026
normalized_rows_tot_CPU_8 0.208355
mem_tot_CPU_9 4.24849
normalized_mem_tot_CPU_9 0.000129654
rows_tot_CPU_9 2.50026
normalized_rows_tot_CPU_9 0.208355
max_mem_CPU_Cluster 0.000129654
max_rows_CPU_Cluster 0.208355
--------------------------------------------------

Sketch (6) (cm: eps0: 0.00625, del0: 0.05, min_mem: 1.69921875)
Par0 id: 6, Rows: 3
(0.833,2)    (0.000,1)    
Total frac: 0.833

Sketch (5) (cm: eps0: 0.00625, del0: 0.05, min_mem: 1.69921875)
Par0 id: 5, Rows: 3
(0.000,0)    (0.833,1)    
Total frac: 0.833

Sketch (4) (cm: eps0: 0.00625, del0: 0.05, min_mem: 1.69921875)
Par0 id: 4, Rows: 3
(0.833,0)    
Total frac: 0.833

Sketch (8) (cm: eps0: 0.00625, del0: 0.05, min_mem: 1.69921875)
Par0 id: 8, Rows: 3
(0.000,3)    (0.833,4)    
Total frac: 0.833

Sketch (7) (cm: eps0: 0.00625, del0: 0.05, min_mem: 1.69921875)
Par0 id: 7, Rows: 3
(0.000,2)    (0.833,3)    
Total frac: 0.833

Device (0) CPU_5:
Rows total: 2.5002619999999998
Mem total: 4.2484920703124995

Device (1) CPU_6:
Rows total: 2.5002619999999998
Mem total: 4.2484920703124995

Device (2) CPU_7:
Rows total: 2.5002619999999998
Mem total: 4.2484920703124995

Device (3) CPU_8:
Rows total: 2.5002619999999998
Mem total: 4.2484920703124995

Device (4) CPU_9:
Rows total: 2.500262
Mem total: 4.2484920703125

Flow 0:
partitions: [(2, 0.8334206666666667)]
path: {0}
Flow 1:
partitions: [(1, 0.8334206666666667)]
path: {0, 1}
Flow 2:
partitions: [(0, 0.8334206666666667)]
path: {1, 2}
Flow 3:
partitions: [(4, 0.8334206666666667)]
path: {2, 3}
Flow 4:
partitions: [(3, 0.8334206666666667)]
path: {3, 4}
--------------------------------------------------

VARIABLES ------------------------------
Objective: 10.714285714285715
mem_tot_CPU_5 4.24849
m_access_time_CPU_5 0.536891
ns_single_CPU_5 10.0933
pdt_m_rows_CPU_5 1.34237
cores_sketch_CPU_5 1
cores_dpdk_CPU_5 6
ns_sketch_CPU_5 10.0933
pdt_nsk_c_CPU_5 10.0933
ns_dpdk_CPU_5 10.7143
pdt_nsc_dpdk_CPU_5 64.2857
ns_CPU_5 10.7143
--------------------------------------------------

VARIABLES ------------------------------
Objective: 10.714285714285715
mem_tot_CPU_6 4.24849
m_access_time_CPU_6 0.536891
ns_single_CPU_6 10.0933
pdt_m_rows_CPU_6 1.34237
cores_sketch_CPU_6 1
cores_dpdk_CPU_6 6
ns_sketch_CPU_6 10.0933
pdt_nsk_c_CPU_6 10.0933
ns_dpdk_CPU_6 10.7143
pdt_nsc_dpdk_CPU_6 64.2857
ns_CPU_6 10.7143
--------------------------------------------------

VARIABLES ------------------------------
Objective: 10.714285714285715
mem_tot_CPU_7 4.24849
m_access_time_CPU_7 0.536891
ns_single_CPU_7 10.0933
pdt_m_rows_CPU_7 1.34237
cores_sketch_CPU_7 1
cores_dpdk_CPU_7 6
ns_sketch_CPU_7 10.0933
pdt_nsk_c_CPU_7 10.0933
ns_dpdk_CPU_7 10.7143
pdt_nsc_dpdk_CPU_7 64.2857
ns_CPU_7 10.7143
--------------------------------------------------

VARIABLES ------------------------------
Objective: 10.714285714285715
mem_tot_CPU_8 4.24849
m_access_time_CPU_8 0.536891
ns_single_CPU_8 10.0933
pdt_m_rows_CPU_8 1.34237
cores_sketch_CPU_8 1
cores_dpdk_CPU_8 6
ns_sketch_CPU_8 10.0933
pdt_nsk_c_CPU_8 10.0933
ns_dpdk_CPU_8 10.7143
pdt_nsc_dpdk_CPU_8 64.2857
ns_CPU_8 10.7143
--------------------------------------------------

VARIABLES ------------------------------
Objective: 10.714285714285715
mem_tot_CPU_9 4.24849
m_access_time_CPU_9 0.536891
ns_single_CPU_9 10.0933
pdt_m_rows_CPU_9 1.34237
cores_sketch_CPU_9 1
cores_dpdk_CPU_9 6
ns_sketch_CPU_9 10.0933
pdt_nsk_c_CPU_9 10.0933
ns_dpdk_CPU_9 10.7143
pdt_nsc_dpdk_CPU_9 64.2857
ns_CPU_9 10.7143
--------------------------------------------------

VARIABLES ------------------------------
Objective: 10.714285714285715
mem_tot_CPU_5 4.24849
m_access_time_CPU_5 0.536891
ns_single_CPU_5 10.0933
pdt_m_rows_CPU_5 1.34237
cores_sketch_CPU_5 1
cores_dpdk_CPU_5 6
ns_sketch_CPU_5 10.0933
pdt_nsk_c_CPU_5 10.0933
ns_dpdk_CPU_5 10.7143
pdt_nsc_dpdk_CPU_5 64.2857
ns_CPU_5 10.7143
--------------------------------------------------

VARIABLES ------------------------------
Objective: 10.714285714285715
mem_tot_CPU_6 4.24849
m_access_time_CPU_6 0.536891
ns_single_CPU_6 10.0933
pdt_m_rows_CPU_6 1.34237
cores_sketch_CPU_6 1
cores_dpdk_CPU_6 6
ns_sketch_CPU_6 10.0933
pdt_nsk_c_CPU_6 10.0933
ns_dpdk_CPU_6 10.7143
pdt_nsc_dpdk_CPU_6 64.2857
ns_CPU_6 10.7143
--------------------------------------------------

VARIABLES ------------------------------
Objective: 10.714285714285715
mem_tot_CPU_7 4.24849
m_access_time_CPU_7 0.536891
ns_single_CPU_7 10.0933
pdt_m_rows_CPU_7 1.34237
cores_sketch_CPU_7 1
cores_dpdk_CPU_7 6
ns_sketch_CPU_7 10.0933
pdt_nsk_c_CPU_7 10.0933
ns_dpdk_CPU_7 10.7143
pdt_nsc_dpdk_CPU_7 64.2857
ns_CPU_7 10.7143
--------------------------------------------------

VARIABLES ------------------------------
Objective: 10.714285714285715
mem_tot_CPU_8 4.24849
m_access_time_CPU_8 0.536891
ns_single_CPU_8 10.0933
pdt_m_rows_CPU_8 1.34237
cores_sketch_CPU_8 1
cores_dpdk_CPU_8 6
ns_sketch_CPU_8 10.0933
pdt_nsk_c_CPU_8 10.0933
ns_dpdk_CPU_8 10.7143
pdt_nsc_dpdk_CPU_8 64.2857
ns_CPU_8 10.7143
--------------------------------------------------

VARIABLES ------------------------------
Objective: 10.714285714285715
mem_tot_CPU_9 4.24849
m_access_time_CPU_9 0.536891
ns_single_CPU_9 10.0933
pdt_m_rows_CPU_9 1.34237
cores_sketch_CPU_9 1
cores_dpdk_CPU_9 6
ns_sketch_CPU_9 10.0933
pdt_nsk_c_CPU_9 10.0933
ns_dpdk_CPU_9 10.7143
pdt_nsc_dpdk_CPU_9 64.2857
ns_CPU_9 10.7143
--------------------------------------------------

Throughput: 93.33333333333333 Mpps, ns per packet: 10.714285714285715
Resources: 350.00259307377337
Used Cores: 34.99999999999999, Total CPUS: 5, Switch Memory: 0

Sketch (6) (cm: eps0: 0.00625, del0: 0.05, min_mem: 1.69921875)
Par0 id: 6, Rows: 3
(0.833,2)    (0.000,1)    
Total frac: 0.833

Sketch (5) (cm: eps0: 0.00625, del0: 0.05, min_mem: 1.69921875)
Par0 id: 5, Rows: 3
(0.000,0)    (0.833,1)    
Total frac: 0.833

Sketch (4) (cm: eps0: 0.00625, del0: 0.05, min_mem: 1.69921875)
Par0 id: 4, Rows: 3
(0.833,0)    
Total frac: 0.833

Sketch (8) (cm: eps0: 0.00625, del0: 0.05, min_mem: 1.69921875)
Par0 id: 8, Rows: 3
(0.000,3)    (0.833,4)    
Total frac: 0.833

Sketch (7) (cm: eps0: 0.00625, del0: 0.05, min_mem: 1.69921875)
Par0 id: 7, Rows: 3
(0.000,2)    (0.833,3)    
Total frac: 0.833

Device (0) CPU_5:
cores_sketch: 1.0, cores_dpdk: 5.999999999999998
Rows total: 2.5002619999999998
Mem total: 4.2484920703124995
Throughput: 93.33333333333333

Device (1) CPU_6:
cores_sketch: 1.0, cores_dpdk: 5.999999999999998
Rows total: 2.5002619999999998
Mem total: 4.2484920703124995
Throughput: 93.33333333333333

Device (2) CPU_7:
cores_sketch: 1.0, cores_dpdk: 5.999999999999998
Rows total: 2.5002619999999998
Mem total: 4.2484920703124995
Throughput: 93.33333333333333

Device (3) CPU_8:
cores_sketch: 1.0, cores_dpdk: 5.999999999999998
Rows total: 2.5002619999999998
Mem total: 4.2484920703124995
Throughput: 93.33333333333333

Device (4) CPU_9:
cores_sketch: 1.0, cores_dpdk: 5.999999999999998
Rows total: 2.500262
Mem total: 4.2484920703125
Throughput: 93.33333333333333

Flow 0:
partitions: [(2, 0.8334206666666667)]
path: {0}
Flow 1:
partitions: [(1, 0.8334206666666667)]
path: {0, 1}
Flow 2:
partitions: [(0, 0.8334206666666667)]
path: {1, 2}
Flow 3:
partitions: [(4, 0.8334206666666667)]
path: {2, 3}
Flow 4:
partitions: [(3, 0.8334206666666667)]
path: {3, 4}
--------------------------------------------------
Function: MIP.solve took 0.02766275405883789 seconds
Building model with:
5 devices, 6 partitions and 6 flows
Function: MIP.add_frac_mem_var took 8.893013000488281e-05 seconds
Function: MIP.add_coverage_constraints took 6.532669067382812e-05 seconds
Function: MIP.add_accuracy_constraints took 0.00012135505676269531 seconds
Function: MIP.add_capacity_constraints took 0.0003905296325683594 seconds
--------------------------------------------------
Starting model update
Model update took: 3.361701965332031e-05 s
--------------------------------------------------
Starting model optimize
Model optimize took: 0.002646207809448242 seconds
--------------------------------------------------

VARIABLES ------------------------------
Objective: 12.50131
frac[0,1] 1
frac[3,2] 0.541776
frac[1,3] 0.541776
frac[3,0] 0.458224
frac[4,4] 1
frac[1,5] 0.458224
frac[2,0] 0.0835517
frac[2,5] 0.0835517
frac[4,2] 0
frac[0,3] 0
mem[0,1] 5.09766
mem[3,2] 2.76179
mem[1,3] 2.76179
mem[3,0] 2.33587
mem[4,4] 5.09766
mem[1,5] 2.33587
mem[2,0] 0.425918
mem[2,5] 0.425918
mem[4,2] 0
mem[0,3] 0
mem_tot_CPU_10 5.09766
normalized_mem_tot_CPU_10 0.000155568
rows_tot_CPU_10 3
normalized_rows_tot_CPU_10 0.25
mem_tot_CPU_11 5.09766
normalized_mem_tot_CPU_11 0.000155568
rows_tot_CPU_11 3
normalized_rows_tot_CPU_11 0.25
mem_tot_CPU_12 0.851835
normalized_mem_tot_CPU_12 2.5996e-05
rows_tot_CPU_12 0.50131
normalized_rows_tot_CPU_12 0.0417758
mem_tot_CPU_13 5.09766
normalized_mem_tot_CPU_13 0.000155568
rows_tot_CPU_13 3
normalized_rows_tot_CPU_13 0.25
mem_tot_CPU_14 5.09766
normalized_mem_tot_CPU_14 0.000155568
rows_tot_CPU_14 3
normalized_rows_tot_CPU_14 0.25
max_mem_CPU_Cluster 0.000155568
max_rows_CPU_Cluster 0.25
--------------------------------------------------

Sketch (12) (cm: eps0: 0.00625, del0: 0.05, min_mem: 1.69921875)
Par0 id: 12, Rows: 3
(0.458,3)    (0.084,2)    
Total frac: 0.542

Sketch (9) (cm: eps0: 0.00625, del0: 0.05, min_mem: 1.69921875)
Par0 id: 9, Rows: 3
(1.000,0)    
Total frac: 1.000

Sketch (13) (cm: eps0: 0.00625, del0: 0.05, min_mem: 1.69921875)
Par0 id: 13, Rows: 3
(0.542,3)    (0.000,4)    
Total frac: 0.542

Sketch (10) (cm: eps0: 0.00625, del0: 0.05, min_mem: 1.69921875)
Par0 id: 10, Rows: 3
(0.542,1)    (0.000,0)    
Total frac: 0.542

Sketch (14) (cm: eps0: 0.00625, del0: 0.05, min_mem: 1.69921875)
Par0 id: 14, Rows: 3
(1.000,4)    
Total frac: 1.000

Sketch (11) (cm: eps0: 0.00625, del0: 0.05, min_mem: 1.69921875)
Par0 id: 11, Rows: 3
(0.458,1)    (0.084,2)    
Total frac: 0.542

Device (0) CPU_10:
Rows total: 3.0
Mem total: 5.09765625

Device (1) CPU_11:
Rows total: 3.0000000000000004
Mem total: 5.097656250000001

Device (2) CPU_12:
Rows total: 0.5013099999999988
Mem total: 0.851835351562498

Device (3) CPU_13:
Rows total: 3.0000000000000004
Mem total: 5.097656250000001

Device (4) CPU_14:
Rows total: 3.0
Mem total: 5.09765625

Flow 0:
partitions: [(1, 1.0)]
path: {0}
Flow 1:
partitions: [(3, 0.5417758333333333)]
path: {0, 1}
Flow 2:
partitions: [(5, 0.5417758333333333)]
path: {1, 2}
Flow 3:
partitions: [(0, 0.5417758333333333)]
path: {2, 3}
Flow 4:
partitions: [(2, 0.5417758333333333)]
path: {3, 4}
Flow 5:
partitions: [(4, 1.0)]
path: {4}
--------------------------------------------------

VARIABLES ------------------------------
Objective: 11.42857142857143
mem_tot_CPU_10 5.09766
m_access_time_CPU_10 0.536096
ns_single_CPU_10 12.1083
pdt_m_rows_CPU_10 1.60829
cores_sketch_CPU_10 2
cores_dpdk_CPU_10 5
ns_sketch_CPU_10 6.05414
pdt_nsk_c_CPU_10 12.1083
ns_dpdk_CPU_10 11.4286
pdt_nsc_dpdk_CPU_10 57.1429
ns_CPU_10 11.4286
--------------------------------------------------

VARIABLES ------------------------------
Objective: 11.42857142857143
mem_tot_CPU_11 5.09766
m_access_time_CPU_11 0.536096
ns_single_CPU_11 12.1083
pdt_m_rows_CPU_11 1.60829
cores_sketch_CPU_11 2
cores_dpdk_CPU_11 5
ns_sketch_CPU_11 6.05414
pdt_nsk_c_CPU_11 12.1083
ns_dpdk_CPU_11 11.4286
pdt_nsc_dpdk_CPU_11 57.1429
ns_CPU_11 11.4286
--------------------------------------------------

VARIABLES ------------------------------
Objective: 10.714285714285715
mem_tot_CPU_12 0.851835
m_access_time_CPU_12 0.387188
ns_single_CPU_12 1.94869
pdt_m_rows_CPU_12 0.194101
cores_sketch_CPU_12 1
cores_dpdk_CPU_12 6
ns_sketch_CPU_12 1.94869
pdt_nsk_c_CPU_12 1.94869
ns_dpdk_CPU_12 10.7143
pdt_nsc_dpdk_CPU_12 64.2857
ns_CPU_12 10.7143
--------------------------------------------------

VARIABLES ------------------------------
Objective: 11.42857142857143
mem_tot_CPU_13 5.09766
m_access_time_CPU_13 0.536096
ns_single_CPU_13 12.1083
pdt_m_rows_CPU_13 1.60829
cores_sketch_CPU_13 2
cores_dpdk_CPU_13 5
ns_sketch_CPU_13 6.05414
pdt_nsk_c_CPU_13 12.1083
ns_dpdk_CPU_13 11.4286
pdt_nsc_dpdk_CPU_13 57.1429
ns_CPU_13 11.4286
--------------------------------------------------

VARIABLES ------------------------------
Objective: 11.42857142857143
mem_tot_CPU_14 5.09766
m_access_time_CPU_14 0.536096
ns_single_CPU_14 12.1083
pdt_m_rows_CPU_14 1.60829
cores_sketch_CPU_14 2
cores_dpdk_CPU_14 5
ns_sketch_CPU_14 6.05414
pdt_nsk_c_CPU_14 12.1083
ns_dpdk_CPU_14 11.4286
pdt_nsc_dpdk_CPU_14 57.1429
ns_CPU_14 11.4286
--------------------------------------------------

VARIABLES ------------------------------
Objective: 11.42857142857143
mem_tot_CPU_10 5.09766
m_access_time_CPU_10 0.536096
ns_single_CPU_10 12.1083
pdt_m_rows_CPU_10 1.60829
cores_sketch_CPU_10 2
cores_dpdk_CPU_10 5
ns_sketch_CPU_10 6.05414
pdt_nsk_c_CPU_10 12.1083
ns_dpdk_CPU_10 11.4286
pdt_nsc_dpdk_CPU_10 57.1429
ns_CPU_10 11.4286
--------------------------------------------------

VARIABLES ------------------------------
Objective: 11.42857142857143
mem_tot_CPU_11 5.09766
m_access_time_CPU_11 0.536096
ns_single_CPU_11 12.1083
pdt_m_rows_CPU_11 1.60829
cores_sketch_CPU_11 2
cores_dpdk_CPU_11 5
ns_sketch_CPU_11 6.05414
pdt_nsk_c_CPU_11 12.1083
ns_dpdk_CPU_11 11.4286
pdt_nsc_dpdk_CPU_11 57.1429
ns_CPU_11 11.4286
--------------------------------------------------

VARIABLES ------------------------------
Objective: 11.42857142857143
mem_tot_CPU_12 0.851835
m_access_time_CPU_12 0.387188
ns_single_CPU_12 1.94869
pdt_m_rows_CPU_12 0.194101
cores_sketch_CPU_12 1
cores_dpdk_CPU_12 5
ns_sketch_CPU_12 1.94869
pdt_nsk_c_CPU_12 1.94869
ns_dpdk_CPU_12 11.4286
pdt_nsc_dpdk_CPU_12 57.1429
ns_CPU_12 11.4286
--------------------------------------------------

VARIABLES ------------------------------
Objective: 11.42857142857143
mem_tot_CPU_13 5.09766
m_access_time_CPU_13 0.536096
ns_single_CPU_13 12.1083
pdt_m_rows_CPU_13 1.60829
cores_sketch_CPU_13 2
cores_dpdk_CPU_13 5
ns_sketch_CPU_13 6.05414
pdt_nsk_c_CPU_13 12.1083
ns_dpdk_CPU_13 11.4286
pdt_nsc_dpdk_CPU_13 57.1429
ns_CPU_13 11.4286
--------------------------------------------------

VARIABLES ------------------------------
Objective: 11.42857142857143
mem_tot_CPU_14 5.09766
m_access_time_CPU_14 0.536096
ns_single_CPU_14 12.1083
pdt_m_rows_CPU_14 1.60829
cores_sketch_CPU_14 2
cores_dpdk_CPU_14 5
ns_sketch_CPU_14 6.05414
pdt_nsk_c_CPU_14 12.1083
ns_dpdk_CPU_14 11.4286
pdt_nsc_dpdk_CPU_14 57.1429
ns_CPU_14 11.4286
--------------------------------------------------

Throughput: 87.49999999999999 Mpps, ns per packet: 11.42857142857143
Resources: 340.00259307377326
Used Cores: 33.999999999999986, Total CPUS: 5, Switch Memory: 0

Sketch (12) (cm: eps0: 0.00625, del0: 0.05, min_mem: 1.69921875)
Par0 id: 12, Rows: 3
(0.458,3)    (0.084,2)    
Total frac: 0.542

Sketch (9) (cm: eps0: 0.00625, del0: 0.05, min_mem: 1.69921875)
Par0 id: 9, Rows: 3
(1.000,0)    
Total frac: 1.000

Sketch (13) (cm: eps0: 0.00625, del0: 0.05, min_mem: 1.69921875)
Par0 id: 13, Rows: 3
(0.542,3)    (0.000,4)    
Total frac: 0.542

Sketch (10) (cm: eps0: 0.00625, del0: 0.05, min_mem: 1.69921875)
Par0 id: 10, Rows: 3
(0.542,1)    (0.000,0)    
Total frac: 0.542

Sketch (14) (cm: eps0: 0.00625, del0: 0.05, min_mem: 1.69921875)
Par0 id: 14, Rows: 3
(1.000,4)    
Total frac: 1.000

Sketch (11) (cm: eps0: 0.00625, del0: 0.05, min_mem: 1.69921875)
Par0 id: 11, Rows: 3
(0.458,1)    (0.084,2)    
Total frac: 0.542

Device (0) CPU_10:
cores_sketch: 2.0, cores_dpdk: 4.9999999999999964
Rows total: 3.0
Mem total: 5.09765625
Throughput: 87.49999999999999

Device (1) CPU_11:
cores_sketch: 2.0000000000000004, cores_dpdk: 4.9999999999999964
Rows total: 3.0000000000000004
Mem total: 5.097656250000001
Throughput: 87.49999999999999

Device (2) CPU_12:
cores_sketch: 1.0, cores_dpdk: 5.0
Rows total: 0.5013099999999988
Mem total: 0.851835351562498
Throughput: 87.49999999999999

Device (3) CPU_13:
cores_sketch: 2.0000000000000004, cores_dpdk: 4.9999999999999964
Rows total: 3.0000000000000004
Mem total: 5.097656250000001
Throughput: 87.49999999999999

Device (4) CPU_14:
cores_sketch: 2.0, cores_dpdk: 4.9999999999999964
Rows total: 3.0
Mem total: 5.09765625
Throughput: 87.49999999999999

Flow 0:
partitions: [(1, 1.0)]
path: {0}
Flow 1:
partitions: [(3, 0.5417758333333333)]
path: {0, 1}
Flow 2:
partitions: [(5, 0.5417758333333333)]
path: {1, 2}
Flow 3:
partitions: [(0, 0.5417758333333333)]
path: {2, 3}
Flow 4:
partitions: [(2, 0.5417758333333333)]
path: {3, 4}
Flow 5:
partitions: [(4, 1.0)]
path: {4}
--------------------------------------------------
Function: MIP.solve took 0.030475139617919922 seconds
Building model with:
5 devices, 5 partitions and 5 flows
Function: MIP.add_frac_mem_var took 9.226799011230469e-05 seconds
Function: MIP.add_coverage_constraints took 5.841255187988281e-05 seconds
Function: MIP.add_accuracy_constraints took 0.00011539459228515625 seconds
Function: MIP.add_capacity_constraints took 0.0003905296325683594 seconds
--------------------------------------------------
Starting model update
Model update took: 3.218650817871094e-05 s
--------------------------------------------------
Starting model optimize
Model optimize took: 0.0020678043365478516 seconds
--------------------------------------------------

VARIABLES ------------------------------
Objective: 12.50131
frac[1,2] 0.833421
frac[0,0] 0.833421
frac[3,1] 0
frac[4,4] 0
frac[2,1] 0.833421
frac[4,3] 0.833421
frac[2,2] 0
frac[1,0] 0
frac[3,4] 0.833421
mem[1,2] 4.24849
mem[0,0] 4.24849
mem[3,1] 0
mem[4,4] 0
mem[2,1] 4.24849
mem[4,3] 4.24849
mem[2,2] 0
mem[1,0] 0
mem[3,4] 4.24849
mem_tot_CPU_15 4.24849
normalized_mem_tot_CPU_15 0.000129654
rows_tot_CPU_15 2.50026
normalized_rows_tot_CPU_15 0.208355
mem_tot_CPU_16 4.24849
normalized_mem_tot_CPU_16 0.000129654
rows_tot_CPU_16 2.50026
normalized_rows_tot_CPU_16 0.208355
mem_tot_CPU_17 4.24849
normalized_mem_tot_CPU_17 0.000129654
rows_tot_CPU_17 2.50026
normalized_rows_tot_CPU_17 0.208355
mem_tot_CPU_18 4.24849
normalized_mem_tot_CPU_18 0.000129654
rows_tot_CPU_18 2.50026
normalized_rows_tot_CPU_18 0.208355
mem_tot_CPU_19 4.24849
normalized_mem_tot_CPU_19 0.000129654
rows_tot_CPU_19 2.50026
normalized_rows_tot_CPU_19 0.208355
max_mem_CPU_Cluster 0.000129654
max_rows_CPU_Cluster 0.208355
--------------------------------------------------

Sketch (15) (cm: eps0: 0.00625, del0: 0.05, min_mem: 1.69921875)
Par0 id: 15, Rows: 3
(0.833,0)    (0.000,1)    
Total frac: 0.833

Sketch (17) (cm: eps0: 0.00625, del0: 0.05, min_mem: 1.69921875)
Par0 id: 17, Rows: 3
(0.000,3)    (0.833,2)    
Total frac: 0.833

Sketch (16) (cm: eps0: 0.00625, del0: 0.05, min_mem: 1.69921875)
Par0 id: 16, Rows: 3
(0.833,1)    (0.000,2)    
Total frac: 0.833

Sketch (19) (cm: eps0: 0.00625, del0: 0.05, min_mem: 1.69921875)
Par0 id: 19, Rows: 3
(0.833,4)    
Total frac: 0.833

Sketch (18) (cm: eps0: 0.00625, del0: 0.05, min_mem: 1.69921875)
Par0 id: 18, Rows: 3
(0.000,4)    (0.833,3)    
Total frac: 0.833

Device (0) CPU_15:
Rows total: 2.500262
Mem total: 4.2484920703125

Device (1) CPU_16:
Rows total: 2.5002619999999998
Mem total: 4.2484920703124995

Device (2) CPU_17:
Rows total: 2.5002619999999998
Mem total: 4.2484920703124995

Device (3) CPU_18:
Rows total: 2.5002619999999998
Mem total: 4.2484920703124995

Device (4) CPU_19:
Rows total: 2.5002619999999998
Mem total: 4.2484920703124995

Flow 0:
partitions: [(0, 0.8334206666666667)]
path: {0, 1}
Flow 1:
partitions: [(2, 0.8334206666666667)]
path: {1, 2}
Flow 2:
partitions: [(1, 0.8334206666666667)]
path: {2, 3}
Flow 3:
partitions: [(4, 0.8334206666666667)]
path: {3, 4}
Flow 4:
partitions: [(3, 0.8334206666666667)]
path: {4}
--------------------------------------------------

VARIABLES ------------------------------
Objective: 10.714285714285715
mem_tot_CPU_15 4.24849
m_access_time_CPU_15 0.536891
ns_single_CPU_15 10.0933
pdt_m_rows_CPU_15 1.34237
cores_sketch_CPU_15 1
cores_dpdk_CPU_15 6
ns_sketch_CPU_15 10.0933
pdt_nsk_c_CPU_15 10.0933
ns_dpdk_CPU_15 10.7143
pdt_nsc_dpdk_CPU_15 64.2857
ns_CPU_15 10.7143
--------------------------------------------------

VARIABLES ------------------------------
Objective: 10.714285714285715
mem_tot_CPU_16 4.24849
m_access_time_CPU_16 0.536891
ns_single_CPU_16 10.0933
pdt_m_rows_CPU_16 1.34237
cores_sketch_CPU_16 1
cores_dpdk_CPU_16 6
ns_sketch_CPU_16 10.0933
pdt_nsk_c_CPU_16 10.0933
ns_dpdk_CPU_16 10.7143
pdt_nsc_dpdk_CPU_16 64.2857
ns_CPU_16 10.7143
--------------------------------------------------

VARIABLES ------------------------------
Objective: 10.714285714285715
mem_tot_CPU_17 4.24849
m_access_time_CPU_17 0.536891
ns_single_CPU_17 10.0933
pdt_m_rows_CPU_17 1.34237
cores_sketch_CPU_17 1
cores_dpdk_CPU_17 6
ns_sketch_CPU_17 10.0933
pdt_nsk_c_CPU_17 10.0933
ns_dpdk_CPU_17 10.7143
pdt_nsc_dpdk_CPU_17 64.2857
ns_CPU_17 10.7143
--------------------------------------------------

VARIABLES ------------------------------
Objective: 10.714285714285715
mem_tot_CPU_18 4.24849
m_access_time_CPU_18 0.536891
ns_single_CPU_18 10.0933
pdt_m_rows_CPU_18 1.34237
cores_sketch_CPU_18 1
cores_dpdk_CPU_18 6
ns_sketch_CPU_18 10.0933
pdt_nsk_c_CPU_18 10.0933
ns_dpdk_CPU_18 10.7143
pdt_nsc_dpdk_CPU_18 64.2857
ns_CPU_18 10.7143
--------------------------------------------------

VARIABLES ------------------------------
Objective: 10.714285714285715
mem_tot_CPU_19 4.24849
m_access_time_CPU_19 0.536891
ns_single_CPU_19 10.0933
pdt_m_rows_CPU_19 1.34237
cores_sketch_CPU_19 1
cores_dpdk_CPU_19 6
ns_sketch_CPU_19 10.0933
pdt_nsk_c_CPU_19 10.0933
ns_dpdk_CPU_19 10.7143
pdt_nsc_dpdk_CPU_19 64.2857
ns_CPU_19 10.7143
--------------------------------------------------

VARIABLES ------------------------------
Objective: 10.714285714285715
mem_tot_CPU_15 4.24849
m_access_time_CPU_15 0.536891
ns_single_CPU_15 10.0933
pdt_m_rows_CPU_15 1.34237
cores_sketch_CPU_15 1
cores_dpdk_CPU_15 6
ns_sketch_CPU_15 10.0933
pdt_nsk_c_CPU_15 10.0933
ns_dpdk_CPU_15 10.7143
pdt_nsc_dpdk_CPU_15 64.2857
ns_CPU_15 10.7143
--------------------------------------------------

VARIABLES ------------------------------
Objective: 10.714285714285715
mem_tot_CPU_16 4.24849
m_access_time_CPU_16 0.536891
ns_single_CPU_16 10.0933
pdt_m_rows_CPU_16 1.34237
cores_sketch_CPU_16 1
cores_dpdk_CPU_16 6
ns_sketch_CPU_16 10.0933
pdt_nsk_c_CPU_16 10.0933
ns_dpdk_CPU_16 10.7143
pdt_nsc_dpdk_CPU_16 64.2857
ns_CPU_16 10.7143
--------------------------------------------------

VARIABLES ------------------------------
Objective: 10.714285714285715
mem_tot_CPU_17 4.24849
m_access_time_CPU_17 0.536891
ns_single_CPU_17 10.0933
pdt_m_rows_CPU_17 1.34237
cores_sketch_CPU_17 1
cores_dpdk_CPU_17 6
ns_sketch_CPU_17 10.0933
pdt_nsk_c_CPU_17 10.0933
ns_dpdk_CPU_17 10.7143
pdt_nsc_dpdk_CPU_17 64.2857
ns_CPU_17 10.7143
--------------------------------------------------

VARIABLES ------------------------------
Objective: 10.714285714285715
mem_tot_CPU_18 4.24849
m_access_time_CPU_18 0.536891
ns_single_CPU_18 10.0933
pdt_m_rows_CPU_18 1.34237
cores_sketch_CPU_18 1
cores_dpdk_CPU_18 6
ns_sketch_CPU_18 10.0933
pdt_nsk_c_CPU_18 10.0933
ns_dpdk_CPU_18 10.7143
pdt_nsc_dpdk_CPU_18 64.2857
ns_CPU_18 10.7143
--------------------------------------------------

VARIABLES ------------------------------
Objective: 10.714285714285715
mem_tot_CPU_19 4.24849
m_access_time_CPU_19 0.536891
ns_single_CPU_19 10.0933
pdt_m_rows_CPU_19 1.34237
cores_sketch_CPU_19 1
cores_dpdk_CPU_19 6
ns_sketch_CPU_19 10.0933
pdt_nsk_c_CPU_19 10.0933
ns_dpdk_CPU_19 10.7143
pdt_nsc_dpdk_CPU_19 64.2857
ns_CPU_19 10.7143
--------------------------------------------------

Throughput: 93.33333333333333 Mpps, ns per packet: 10.714285714285715
Resources: 350.00259307377337
Used Cores: 34.99999999999999, Total CPUS: 5, Switch Memory: 0

Sketch (15) (cm: eps0: 0.00625, del0: 0.05, min_mem: 1.69921875)
Par0 id: 15, Rows: 3
(0.833,0)    (0.000,1)    
Total frac: 0.833

Sketch (17) (cm: eps0: 0.00625, del0: 0.05, min_mem: 1.69921875)
Par0 id: 17, Rows: 3
(0.000,3)    (0.833,2)    
Total frac: 0.833

Sketch (16) (cm: eps0: 0.00625, del0: 0.05, min_mem: 1.69921875)
Par0 id: 16, Rows: 3
(0.833,1)    (0.000,2)    
Total frac: 0.833

Sketch (19) (cm: eps0: 0.00625, del0: 0.05, min_mem: 1.69921875)
Par0 id: 19, Rows: 3
(0.833,4)    
Total frac: 0.833

Sketch (18) (cm: eps0: 0.00625, del0: 0.05, min_mem: 1.69921875)
Par0 id: 18, Rows: 3
(0.000,4)    (0.833,3)    
Total frac: 0.833

Device (0) CPU_15:
cores_sketch: 1.0, cores_dpdk: 5.999999999999998
Rows total: 2.500262
Mem total: 4.2484920703125
Throughput: 93.33333333333333

Device (1) CPU_16:
cores_sketch: 1.0, cores_dpdk: 5.999999999999998
Rows total: 2.5002619999999998
Mem total: 4.2484920703124995
Throughput: 93.33333333333333

Device (2) CPU_17:
cores_sketch: 1.0, cores_dpdk: 5.999999999999998
Rows total: 2.5002619999999998
Mem total: 4.2484920703124995
Throughput: 93.33333333333333

Device (3) CPU_18:
cores_sketch: 1.0, cores_dpdk: 5.999999999999998
Rows total: 2.5002619999999998
Mem total: 4.2484920703124995
Throughput: 93.33333333333333

Device (4) CPU_19:
cores_sketch: 1.0, cores_dpdk: 5.999999999999998
Rows total: 2.5002619999999998
Mem total: 4.2484920703124995
Throughput: 93.33333333333333

Flow 0:
partitions: [(0, 0.8334206666666667)]
path: {0, 1}
Flow 1:
partitions: [(2, 0.8334206666666667)]
path: {1, 2}
Flow 2:
partitions: [(1, 0.8334206666666667)]
path: {2, 3}
Flow 3:
partitions: [(4, 0.8334206666666667)]
path: {3, 4}
Flow 4:
partitions: [(3, 0.8334206666666667)]
path: {4}
--------------------------------------------------
Function: MIP.solve took 0.032250404357910156 seconds
--------------------------------------------------
Clustered Optimization complete
--------------------------------------------------

VARIABLES ------------------------------
Objective: 10.204081632653063
mem_tot_CPU_0 0
m_access_time_CPU_0 0
ns_single_CPU_0 0
pdt_m_rows_CPU_0 0
cores_sketch_CPU_0 0
cores_dpdk_CPU_0 7
ns_sketch_CPU_0 10.2041
pdt_nsk_c_CPU_0 0
ns_dpdk_CPU_0 10.2041
pdt_nsc_dpdk_CPU_0 71.4286
ns_CPU_0 10.2041
--------------------------------------------------

VARIABLES ------------------------------
Objective: 10.204081632653063
mem_tot_CPU_1 0
m_access_time_CPU_1 0
ns_single_CPU_1 0
pdt_m_rows_CPU_1 0
cores_sketch_CPU_1 0
cores_dpdk_CPU_1 7
ns_sketch_CPU_1 10.2041
pdt_nsk_c_CPU_1 0
ns_dpdk_CPU_1 10.2041
pdt_nsc_dpdk_CPU_1 71.4286
ns_CPU_1 10.2041
--------------------------------------------------

VARIABLES ------------------------------
Objective: 10.204081632653063
mem_tot_CPU_2 0
m_access_time_CPU_2 0
ns_single_CPU_2 0
pdt_m_rows_CPU_2 0
cores_sketch_CPU_2 0
cores_dpdk_CPU_2 7
ns_sketch_CPU_2 10.2041
pdt_nsk_c_CPU_2 0
ns_dpdk_CPU_2 10.2041
pdt_nsc_dpdk_CPU_2 71.4286
ns_CPU_2 10.2041
--------------------------------------------------

VARIABLES ------------------------------
Objective: 10.204081632653063
mem_tot_CPU_3 0
m_access_time_CPU_3 0
ns_single_CPU_3 0
pdt_m_rows_CPU_3 0
cores_sketch_CPU_3 0
cores_dpdk_CPU_3 7
ns_sketch_CPU_3 10.2041
pdt_nsk_c_CPU_3 0
ns_dpdk_CPU_3 10.2041
pdt_nsc_dpdk_CPU_3 71.4286
ns_CPU_3 10.2041
--------------------------------------------------

VARIABLES ------------------------------
Objective: 10.204081632653063
mem_tot_CPU_4 0
m_access_time_CPU_4 0
ns_single_CPU_4 0
pdt_m_rows_CPU_4 0
cores_sketch_CPU_4 0
cores_dpdk_CPU_4 7
ns_sketch_CPU_4 10.2041
pdt_nsk_c_CPU_4 0
ns_dpdk_CPU_4 10.2041
pdt_nsc_dpdk_CPU_4 71.4286
ns_CPU_4 10.2041
--------------------------------------------------

VARIABLES ------------------------------
Objective: 10.714285714285715
mem_tot_CPU_5 4.24849
m_access_time_CPU_5 0.536891
ns_single_CPU_5 10.0933
pdt_m_rows_CPU_5 1.34237
cores_sketch_CPU_5 1
cores_dpdk_CPU_5 6
ns_sketch_CPU_5 10.0933
pdt_nsk_c_CPU_5 10.0933
ns_dpdk_CPU_5 10.7143
pdt_nsc_dpdk_CPU_5 64.2857
ns_CPU_5 10.7143
--------------------------------------------------

VARIABLES ------------------------------
Objective: 10.714285714285715
mem_tot_CPU_6 4.24849
m_access_time_CPU_6 0.536891
ns_single_CPU_6 10.0933
pdt_m_rows_CPU_6 1.34237
cores_sketch_CPU_6 1
cores_dpdk_CPU_6 6
ns_sketch_CPU_6 10.0933
pdt_nsk_c_CPU_6 10.0933
ns_dpdk_CPU_6 10.7143
pdt_nsc_dpdk_CPU_6 64.2857
ns_CPU_6 10.7143
--------------------------------------------------

VARIABLES ------------------------------
Objective: 10.714285714285715
mem_tot_CPU_7 4.24849
m_access_time_CPU_7 0.536891
ns_single_CPU_7 10.0933
pdt_m_rows_CPU_7 1.34237
cores_sketch_CPU_7 1
cores_dpdk_CPU_7 6
ns_sketch_CPU_7 10.0933
pdt_nsk_c_CPU_7 10.0933
ns_dpdk_CPU_7 10.7143
pdt_nsc_dpdk_CPU_7 64.2857
ns_CPU_7 10.7143
--------------------------------------------------

VARIABLES ------------------------------
Objective: 10.714285714285715
mem_tot_CPU_8 4.24849
m_access_time_CPU_8 0.536891
ns_single_CPU_8 10.0933
pdt_m_rows_CPU_8 1.34237
cores_sketch_CPU_8 1
cores_dpdk_CPU_8 6
ns_sketch_CPU_8 10.0933
pdt_nsk_c_CPU_8 10.0933
ns_dpdk_CPU_8 10.7143
pdt_nsc_dpdk_CPU_8 64.2857
ns_CPU_8 10.7143
--------------------------------------------------

VARIABLES ------------------------------
Objective: 10.714285714285715
mem_tot_CPU_9 4.24849
m_access_time_CPU_9 0.536891
ns_single_CPU_9 10.0933
pdt_m_rows_CPU_9 1.34237
cores_sketch_CPU_9 1
cores_dpdk_CPU_9 6
ns_sketch_CPU_9 10.0933
pdt_nsk_c_CPU_9 10.0933
ns_dpdk_CPU_9 10.7143
pdt_nsc_dpdk_CPU_9 64.2857
ns_CPU_9 10.7143
--------------------------------------------------

VARIABLES ------------------------------
Objective: 11.42857142857143
mem_tot_CPU_10 5.09766
m_access_time_CPU_10 0.536096
ns_single_CPU_10 12.1083
pdt_m_rows_CPU_10 1.60829
cores_sketch_CPU_10 2
cores_dpdk_CPU_10 5
ns_sketch_CPU_10 6.05414
pdt_nsk_c_CPU_10 12.1083
ns_dpdk_CPU_10 11.4286
pdt_nsc_dpdk_CPU_10 57.1429
ns_CPU_10 11.4286
--------------------------------------------------

VARIABLES ------------------------------
Objective: 11.42857142857143
mem_tot_CPU_11 5.09766
m_access_time_CPU_11 0.536096
ns_single_CPU_11 12.1083
pdt_m_rows_CPU_11 1.60829
cores_sketch_CPU_11 2
cores_dpdk_CPU_11 5
ns_sketch_CPU_11 6.05414
pdt_nsk_c_CPU_11 12.1083
ns_dpdk_CPU_11 11.4286
pdt_nsc_dpdk_CPU_11 57.1429
ns_CPU_11 11.4286
--------------------------------------------------

VARIABLES ------------------------------
Objective: 10.714285714285715
mem_tot_CPU_12 0.851835
m_access_time_CPU_12 0.387188
ns_single_CPU_12 1.94869
pdt_m_rows_CPU_12 0.194101
cores_sketch_CPU_12 1
cores_dpdk_CPU_12 6
ns_sketch_CPU_12 1.94869
pdt_nsk_c_CPU_12 1.94869
ns_dpdk_CPU_12 10.7143
pdt_nsc_dpdk_CPU_12 64.2857
ns_CPU_12 10.7143
--------------------------------------------------

VARIABLES ------------------------------
Objective: 11.42857142857143
mem_tot_CPU_13 5.09766
m_access_time_CPU_13 0.536096
ns_single_CPU_13 12.1083
pdt_m_rows_CPU_13 1.60829
cores_sketch_CPU_13 2
cores_dpdk_CPU_13 5
ns_sketch_CPU_13 6.05414
pdt_nsk_c_CPU_13 12.1083
ns_dpdk_CPU_13 11.4286
pdt_nsc_dpdk_CPU_13 57.1429
ns_CPU_13 11.4286
--------------------------------------------------

VARIABLES ------------------------------
Objective: 11.42857142857143
mem_tot_CPU_14 5.09766
m_access_time_CPU_14 0.536096
ns_single_CPU_14 12.1083
pdt_m_rows_CPU_14 1.60829
cores_sketch_CPU_14 2
cores_dpdk_CPU_14 5
ns_sketch_CPU_14 6.05414
pdt_nsk_c_CPU_14 12.1083
ns_dpdk_CPU_14 11.4286
pdt_nsc_dpdk_CPU_14 57.1429
ns_CPU_14 11.4286
--------------------------------------------------

VARIABLES ------------------------------
Objective: 10.714285714285715
mem_tot_CPU_15 4.24849
m_access_time_CPU_15 0.536891
ns_single_CPU_15 10.0933
pdt_m_rows_CPU_15 1.34237
cores_sketch_CPU_15 1
cores_dpdk_CPU_15 6
ns_sketch_CPU_15 10.0933
pdt_nsk_c_CPU_15 10.0933
ns_dpdk_CPU_15 10.7143
pdt_nsc_dpdk_CPU_15 64.2857
ns_CPU_15 10.7143
--------------------------------------------------

VARIABLES ------------------------------
Objective: 10.714285714285715
mem_tot_CPU_16 4.24849
m_access_time_CPU_16 0.536891
ns_single_CPU_16 10.0933
pdt_m_rows_CPU_16 1.34237
cores_sketch_CPU_16 1
cores_dpdk_CPU_16 6
ns_sketch_CPU_16 10.0933
pdt_nsk_c_CPU_16 10.0933
ns_dpdk_CPU_16 10.7143
pdt_nsc_dpdk_CPU_16 64.2857
ns_CPU_16 10.7143
--------------------------------------------------

VARIABLES ------------------------------
Objective: 10.714285714285715
mem_tot_CPU_17 4.24849
m_access_time_CPU_17 0.536891
ns_single_CPU_17 10.0933
pdt_m_rows_CPU_17 1.34237
cores_sketch_CPU_17 1
cores_dpdk_CPU_17 6
ns_sketch_CPU_17 10.0933
pdt_nsk_c_CPU_17 10.0933
ns_dpdk_CPU_17 10.7143
pdt_nsc_dpdk_CPU_17 64.2857
ns_CPU_17 10.7143
--------------------------------------------------

VARIABLES ------------------------------
Objective: 10.714285714285715
mem_tot_CPU_18 4.24849
m_access_time_CPU_18 0.536891
ns_single_CPU_18 10.0933
pdt_m_rows_CPU_18 1.34237
cores_sketch_CPU_18 1
cores_dpdk_CPU_18 6
ns_sketch_CPU_18 10.0933
pdt_nsk_c_CPU_18 10.0933
ns_dpdk_CPU_18 10.7143
pdt_nsc_dpdk_CPU_18 64.2857
ns_CPU_18 10.7143
--------------------------------------------------

VARIABLES ------------------------------
Objective: 10.714285714285715
mem_tot_CPU_19 4.24849
m_access_time_CPU_19 0.536891
ns_single_CPU_19 10.0933
pdt_m_rows_CPU_19 1.34237
cores_sketch_CPU_19 1
cores_dpdk_CPU_19 6
ns_sketch_CPU_19 10.0933
pdt_nsk_c_CPU_19 10.0933
ns_dpdk_CPU_19 10.7143
pdt_nsc_dpdk_CPU_19 64.2857
ns_CPU_19 10.7143
--------------------------------------------------

VARIABLES ------------------------------
Objective: 6.756756756756757
mem_tot_P4_1 38.2257
ns_P4_1 6.75676
--------------------------------------------------

VARIABLES ------------------------------
Objective: 11.42857142857143
mem_tot_CPU_0 0
m_access_time_CPU_0 0
ns_single_CPU_0 0
pdt_m_rows_CPU_0 0
cores_sketch_CPU_0 0
cores_dpdk_CPU_0 5
ns_sketch_CPU_0 11.4286
pdt_nsk_c_CPU_0 0
ns_dpdk_CPU_0 11.4286
pdt_nsc_dpdk_CPU_0 57.1429
ns_CPU_0 11.4286
--------------------------------------------------

VARIABLES ------------------------------
Objective: 11.42857142857143
mem_tot_CPU_1 0
m_access_time_CPU_1 0
ns_single_CPU_1 0
pdt_m_rows_CPU_1 0
cores_sketch_CPU_1 0
cores_dpdk_CPU_1 5
ns_sketch_CPU_1 11.4286
pdt_nsk_c_CPU_1 0
ns_dpdk_CPU_1 11.4286
pdt_nsc_dpdk_CPU_1 57.1429
ns_CPU_1 11.4286
--------------------------------------------------

VARIABLES ------------------------------
Objective: 11.42857142857143
mem_tot_CPU_2 0
m_access_time_CPU_2 0
ns_single_CPU_2 0
pdt_m_rows_CPU_2 0
cores_sketch_CPU_2 0
cores_dpdk_CPU_2 5
ns_sketch_CPU_2 11.4286
pdt_nsk_c_CPU_2 0
ns_dpdk_CPU_2 11.4286
pdt_nsc_dpdk_CPU_2 57.1429
ns_CPU_2 11.4286
--------------------------------------------------

VARIABLES ------------------------------
Objective: 11.42857142857143
mem_tot_CPU_3 0
m_access_time_CPU_3 0
ns_single_CPU_3 0
pdt_m_rows_CPU_3 0
cores_sketch_CPU_3 0
cores_dpdk_CPU_3 5
ns_sketch_CPU_3 11.4286
pdt_nsk_c_CPU_3 0
ns_dpdk_CPU_3 11.4286
pdt_nsc_dpdk_CPU_3 57.1429
ns_CPU_3 11.4286
--------------------------------------------------

VARIABLES ------------------------------
Objective: 11.42857142857143
mem_tot_CPU_4 0
m_access_time_CPU_4 0
ns_single_CPU_4 0
pdt_m_rows_CPU_4 0
cores_sketch_CPU_4 0
cores_dpdk_CPU_4 5
ns_sketch_CPU_4 11.4286
pdt_nsk_c_CPU_4 0
ns_dpdk_CPU_4 11.4286
pdt_nsc_dpdk_CPU_4 57.1429
ns_CPU_4 11.4286
--------------------------------------------------

VARIABLES ------------------------------
Objective: 11.42857142857143
mem_tot_CPU_5 4.24849
m_access_time_CPU_5 0.536891
ns_single_CPU_5 10.0933
pdt_m_rows_CPU_5 1.34237
cores_sketch_CPU_5 1
cores_dpdk_CPU_5 5
ns_sketch_CPU_5 10.0933
pdt_nsk_c_CPU_5 10.0933
ns_dpdk_CPU_5 11.4286
pdt_nsc_dpdk_CPU_5 57.1429
ns_CPU_5 11.4286
--------------------------------------------------

VARIABLES ------------------------------
Objective: 11.42857142857143
mem_tot_CPU_6 4.24849
m_access_time_CPU_6 0.536891
ns_single_CPU_6 10.0933
pdt_m_rows_CPU_6 1.34237
cores_sketch_CPU_6 1
cores_dpdk_CPU_6 5
ns_sketch_CPU_6 10.0933
pdt_nsk_c_CPU_6 10.0933
ns_dpdk_CPU_6 11.4286
pdt_nsc_dpdk_CPU_6 57.1429
ns_CPU_6 11.4286
--------------------------------------------------

VARIABLES ------------------------------
Objective: 11.42857142857143
mem_tot_CPU_7 4.24849
m_access_time_CPU_7 0.536891
ns_single_CPU_7 10.0933
pdt_m_rows_CPU_7 1.34237
cores_sketch_CPU_7 1
cores_dpdk_CPU_7 5
ns_sketch_CPU_7 10.0933
pdt_nsk_c_CPU_7 10.0933
ns_dpdk_CPU_7 11.4286
pdt_nsc_dpdk_CPU_7 57.1429
ns_CPU_7 11.4286
--------------------------------------------------

VARIABLES ------------------------------
Objective: 11.42857142857143
mem_tot_CPU_8 4.24849
m_access_time_CPU_8 0.536891
ns_single_CPU_8 10.0933
pdt_m_rows_CPU_8 1.34237
cores_sketch_CPU_8 1
cores_dpdk_CPU_8 5
ns_sketch_CPU_8 10.0933
pdt_nsk_c_CPU_8 10.0933
ns_dpdk_CPU_8 11.4286
pdt_nsc_dpdk_CPU_8 57.1429
ns_CPU_8 11.4286
--------------------------------------------------

VARIABLES ------------------------------
Objective: 11.42857142857143
mem_tot_CPU_9 4.24849
m_access_time_CPU_9 0.536891
ns_single_CPU_9 10.0933
pdt_m_rows_CPU_9 1.34237
cores_sketch_CPU_9 1
cores_dpdk_CPU_9 5
ns_sketch_CPU_9 10.0933
pdt_nsk_c_CPU_9 10.0933
ns_dpdk_CPU_9 11.4286
pdt_nsc_dpdk_CPU_9 57.1429
ns_CPU_9 11.4286
--------------------------------------------------

VARIABLES ------------------------------
Objective: 11.42857142857143
mem_tot_CPU_10 5.09766
m_access_time_CPU_10 0.536096
ns_single_CPU_10 12.1083
pdt_m_rows_CPU_10 1.60829
cores_sketch_CPU_10 2
cores_dpdk_CPU_10 5
ns_sketch_CPU_10 6.05414
pdt_nsk_c_CPU_10 12.1083
ns_dpdk_CPU_10 11.4286
pdt_nsc_dpdk_CPU_10 57.1429
ns_CPU_10 11.4286
--------------------------------------------------

VARIABLES ------------------------------
Objective: 11.42857142857143
mem_tot_CPU_11 5.09766
m_access_time_CPU_11 0.536096
ns_single_CPU_11 12.1083
pdt_m_rows_CPU_11 1.60829
cores_sketch_CPU_11 2
cores_dpdk_CPU_11 5
ns_sketch_CPU_11 6.05414
pdt_nsk_c_CPU_11 12.1083
ns_dpdk_CPU_11 11.4286
pdt_nsc_dpdk_CPU_11 57.1429
ns_CPU_11 11.4286
--------------------------------------------------

VARIABLES ------------------------------
Objective: 11.42857142857143
mem_tot_CPU_12 0.851835
m_access_time_CPU_12 0.387188
ns_single_CPU_12 1.94869
pdt_m_rows_CPU_12 0.194101
cores_sketch_CPU_12 1
cores_dpdk_CPU_12 5
ns_sketch_CPU_12 1.94869
pdt_nsk_c_CPU_12 1.94869
ns_dpdk_CPU_12 11.4286
pdt_nsc_dpdk_CPU_12 57.1429
ns_CPU_12 11.4286
--------------------------------------------------

VARIABLES ------------------------------
Objective: 11.42857142857143
mem_tot_CPU_13 5.09766
m_access_time_CPU_13 0.536096
ns_single_CPU_13 12.1083
pdt_m_rows_CPU_13 1.60829
cores_sketch_CPU_13 2
cores_dpdk_CPU_13 5
ns_sketch_CPU_13 6.05414
pdt_nsk_c_CPU_13 12.1083
ns_dpdk_CPU_13 11.4286
pdt_nsc_dpdk_CPU_13 57.1429
ns_CPU_13 11.4286
--------------------------------------------------

VARIABLES ------------------------------
Objective: 11.42857142857143
mem_tot_CPU_14 5.09766
m_access_time_CPU_14 0.536096
ns_single_CPU_14 12.1083
pdt_m_rows_CPU_14 1.60829
cores_sketch_CPU_14 2
cores_dpdk_CPU_14 5
ns_sketch_CPU_14 6.05414
pdt_nsk_c_CPU_14 12.1083
ns_dpdk_CPU_14 11.4286
pdt_nsc_dpdk_CPU_14 57.1429
ns_CPU_14 11.4286
--------------------------------------------------

VARIABLES ------------------------------
Objective: 11.42857142857143
mem_tot_CPU_15 4.24849
m_access_time_CPU_15 0.536891
ns_single_CPU_15 10.0933
pdt_m_rows_CPU_15 1.34237
cores_sketch_CPU_15 1
cores_dpdk_CPU_15 5
ns_sketch_CPU_15 10.0933
pdt_nsk_c_CPU_15 10.0933
ns_dpdk_CPU_15 11.4286
pdt_nsc_dpdk_CPU_15 57.1429
ns_CPU_15 11.4286
--------------------------------------------------

VARIABLES ------------------------------
Objective: 11.42857142857143
mem_tot_CPU_16 4.24849
m_access_time_CPU_16 0.536891
ns_single_CPU_16 10.0933
pdt_m_rows_CPU_16 1.34237
cores_sketch_CPU_16 1
cores_dpdk_CPU_16 5
ns_sketch_CPU_16 10.0933
pdt_nsk_c_CPU_16 10.0933
ns_dpdk_CPU_16 11.4286
pdt_nsc_dpdk_CPU_16 57.1429
ns_CPU_16 11.4286
--------------------------------------------------

VARIABLES ------------------------------
Objective: 11.42857142857143
mem_tot_CPU_17 4.24849
m_access_time_CPU_17 0.536891
ns_single_CPU_17 10.0933
pdt_m_rows_CPU_17 1.34237
cores_sketch_CPU_17 1
cores_dpdk_CPU_17 5
ns_sketch_CPU_17 10.0933
pdt_nsk_c_CPU_17 10.0933
ns_dpdk_CPU_17 11.4286
pdt_nsc_dpdk_CPU_17 57.1429
ns_CPU_17 11.4286
--------------------------------------------------

VARIABLES ------------------------------
Objective: 11.42857142857143
mem_tot_CPU_18 4.24849
m_access_time_CPU_18 0.536891
ns_single_CPU_18 10.0933
pdt_m_rows_CPU_18 1.34237
cores_sketch_CPU_18 1
cores_dpdk_CPU_18 5
ns_sketch_CPU_18 10.0933
pdt_nsk_c_CPU_18 10.0933
ns_dpdk_CPU_18 11.4286
pdt_nsc_dpdk_CPU_18 57.1429
ns_CPU_18 11.4286
--------------------------------------------------

VARIABLES ------------------------------
Objective: 11.42857142857143
mem_tot_CPU_19 4.24849
m_access_time_CPU_19 0.536891
ns_single_CPU_19 10.0933
pdt_m_rows_CPU_19 1.34237
cores_sketch_CPU_19 1
cores_dpdk_CPU_19 5
ns_sketch_CPU_19 10.0933
pdt_nsk_c_CPU_19 10.0933
ns_dpdk_CPU_19 11.4286
pdt_nsc_dpdk_CPU_19 57.1429
ns_CPU_19 11.4286
--------------------------------------------------

Throughput: 87.49999999999999 Mpps, ns per packet: 11.42857142857143
Resources: 1196.4281653792323
Used Cores: 119.0, Total CPUS: 20, Switch Memory: 38.2257379447125

Sketch (0) (cm: eps0: 0.00625, del0: 0.05, min_mem: 1.69921875)
Par0 id: 0, Rows: 3
(0.000,0)    (0.000,1)    (1.000,20)    
Total frac: 1.000

Sketch (1) (cm: eps0: 0.00625, del0: 0.05, min_mem: 1.69921875)
Par0 id: 1, Rows: 3
(0.000,1)    (0.000,2)    (1.000,20)    
Total frac: 1.000

Sketch (2) (cm: eps0: 0.00625, del0: 0.05, min_mem: 1.69921875)
Par0 id: 2, Rows: 3
(0.000,2)    (0.000,3)    (1.000,20)    
Total frac: 1.000

Sketch (3) (cm: eps0: 0.00625, del0: 0.05, min_mem: 1.69921875)
Par0 id: 3, Rows: 3
(0.000,3)    (0.000,4)    (1.000,20)    
Total frac: 1.000

Sketch (4) (cm: eps0: 0.00625, del0: 0.05, min_mem: 1.69921875)
Par0 id: 4, Rows: 3
(0.000,4)    (0.167,20)    (0.833,5)    
Total frac: 1.000

Sketch (5) (cm: eps0: 0.00625, del0: 0.05, min_mem: 1.69921875)
Par0 id: 5, Rows: 3
(0.167,20)    (0.000,5)    (0.833,6)    
Total frac: 1.000

Sketch (6) (cm: eps0: 0.00625, del0: 0.05, min_mem: 1.69921875)
Par0 id: 6, Rows: 3
(0.167,20)    (0.000,6)    (0.833,7)    
Total frac: 1.000

Sketch (7) (cm: eps0: 0.00625, del0: 0.05, min_mem: 1.69921875)
Par0 id: 7, Rows: 3
(0.167,20)    (0.000,7)    (0.833,8)    
Total frac: 1.000

Sketch (8) (cm: eps0: 0.00625, del0: 0.05, min_mem: 1.69921875)
Par0 id: 8, Rows: 3
(0.167,20)    (0.000,8)    (0.833,9)    
Total frac: 1.000

Sketch (9) (cm: eps0: 0.00625, del0: 0.05, min_mem: 1.69921875)
Par0 id: 9, Rows: 3
(1.000,10)    
Total frac: 1.000

Sketch (10) (cm: eps0: 0.00625, del0: 0.05, min_mem: 1.69921875)
Par0 id: 10, Rows: 3
(0.458,20)    (0.000,10)    (0.542,11)    
Total frac: 1.000

Sketch (11) (cm: eps0: 0.00625, del0: 0.05, min_mem: 1.69921875)
Par0 id: 11, Rows: 3
(0.458,20)    (0.458,11)    (0.084,12)    
Total frac: 1.000

Sketch (12) (cm: eps0: 0.00625, del0: 0.05, min_mem: 1.69921875)
Par0 id: 12, Rows: 3
(0.458,20)    (0.084,12)    (0.458,13)    
Total frac: 1.000

Sketch (13) (cm: eps0: 0.00625, del0: 0.05, min_mem: 1.69921875)
Par0 id: 13, Rows: 3
(0.458,20)    (0.542,13)    (0.000,14)    
Total frac: 1.000

Sketch (14) (cm: eps0: 0.00625, del0: 0.05, min_mem: 1.69921875)
Par0 id: 14, Rows: 3
(1.000,14)    
Total frac: 1.000

Sketch (15) (cm: eps0: 0.00625, del0: 0.05, min_mem: 1.69921875)
Par0 id: 15, Rows: 3
(0.167,20)    (0.833,15)    (0.000,16)    
Total frac: 1.000

Sketch (16) (cm: eps0: 0.00625, del0: 0.05, min_mem: 1.69921875)
Par0 id: 16, Rows: 3
(0.167,20)    (0.833,16)    (0.000,17)    
Total frac: 1.000

Sketch (17) (cm: eps0: 0.00625, del0: 0.05, min_mem: 1.69921875)
Par0 id: 17, Rows: 3
(0.167,20)    (0.833,17)    (0.000,18)    
Total frac: 1.000

Sketch (18) (cm: eps0: 0.00625, del0: 0.05, min_mem: 1.69921875)
Par0 id: 18, Rows: 3
(0.167,20)    (0.833,18)    (0.000,19)    
Total frac: 1.000

Sketch (19) (cm: eps0: 0.00625, del0: 0.05, min_mem: 1.69921875)
Par0 id: 19, Rows: 3
(0.000,0)    (0.167,20)    (0.833,19)    
Total frac: 1.000

Device (0) CPU_0:
cores_sketch: 0.0, cores_dpdk: 5.0
Rows total: 5.885645977011494e-07
Mem total: 1.0001e-06
Throughput: 87.49999999999999

Device (1) CPU_1:
cores_sketch: 0.0, cores_dpdk: 5.0
Rows total: 0.0
Mem total: 0.0
Throughput: 87.49999999999999

Device (2) CPU_2:
cores_sketch: 0.0, cores_dpdk: 5.0
Rows total: 0.0
Mem total: 0.0
Throughput: 87.49999999999999

Device (3) CPU_3:
cores_sketch: 0.0, cores_dpdk: 5.0
Rows total: 0.0
Mem total: 0.0
Throughput: 87.49999999999999

Device (4) CPU_4:
cores_sketch: 0.0, cores_dpdk: 5.0
Rows total: 5.885645977011494e-07
Mem total: 1.0001e-06
Throughput: 87.49999999999999

Device (5) CPU_5:
cores_sketch: 1.0, cores_dpdk: 5.0
Rows total: 2.5002619999999998
Mem total: 4.2484920703124995
Throughput: 87.49999999999999

Device (6) CPU_6:
cores_sketch: 1.0, cores_dpdk: 5.0
Rows total: 2.5002619999999998
Mem total: 4.2484920703124995
Throughput: 87.49999999999999

Device (7) CPU_7:
cores_sketch: 1.0, cores_dpdk: 5.0
Rows total: 2.5002619999999998
Mem total: 4.2484920703124995
Throughput: 87.49999999999999

Device (8) CPU_8:
cores_sketch: 1.0, cores_dpdk: 5.0
Rows total: 2.5002619999999998
Mem total: 4.2484920703124995
Throughput: 87.49999999999999

Device (9) CPU_9:
cores_sketch: 1.0, cores_dpdk: 5.0
Rows total: 2.500262
Mem total: 4.2484920703125
Throughput: 87.49999999999999

Device (10) CPU_10:
cores_sketch: 2.0, cores_dpdk: 4.9999999999999964
Rows total: 3.0
Mem total: 5.09765625
Throughput: 87.49999999999999

Device (11) CPU_11:
cores_sketch: 2.0000000000000004, cores_dpdk: 4.9999999999999964
Rows total: 3.0000000000000004
Mem total: 5.097656250000001
Throughput: 87.49999999999999

Device (12) CPU_12:
cores_sketch: 1.0, cores_dpdk: 5.0
Rows total: 0.5013099999999988
Mem total: 0.851835351562498
Throughput: 87.49999999999999

Device (13) CPU_13:
cores_sketch: 2.0000000000000004, cores_dpdk: 4.9999999999999964
Rows total: 3.0000000000000004
Mem total: 5.097656250000001
Throughput: 87.49999999999999

Device (14) CPU_14:
cores_sketch: 2.0, cores_dpdk: 4.9999999999999964
Rows total: 3.0
Mem total: 5.09765625
Throughput: 87.49999999999999

Device (15) CPU_15:
cores_sketch: 1.0, cores_dpdk: 5.0
Rows total: 2.500262
Mem total: 4.2484920703125
Throughput: 87.49999999999999

Device (16) CPU_16:
cores_sketch: 1.0, cores_dpdk: 5.0
Rows total: 2.5002619999999998
Mem total: 4.2484920703124995
Throughput: 87.49999999999999

Device (17) CPU_17:
cores_sketch: 1.0, cores_dpdk: 5.0
Rows total: 2.5002619999999998
Mem total: 4.2484920703124995
Throughput: 87.49999999999999

Device (18) CPU_18:
cores_sketch: 1.0, cores_dpdk: 5.0
Rows total: 2.5002619999999998
Mem total: 4.2484920703124995
Throughput: 87.49999999999999

Device (19) CPU_19:
cores_sketch: 1.0, cores_dpdk: 5.0
Rows total: 2.5002619999999998
Mem total: 4.2484920703124995
Throughput: 87.49999999999999

Device (20) P4_1:
Rows total: 22.496066468612412
Mem total: 38.2257379447125
Throughput: 148.0

Flow 0:
partitions: [(0, 1)]
path: (0, 20, 1)
Flow 1:
partitions: [(1, 1)]
path: (1, 20, 2)
Flow 2:
partitions: [(2, 1)]
path: (2, 20, 3)
Flow 3:
partitions: [(3, 1)]
path: (3, 20, 4)
Flow 4:
partitions: [(4, 1)]
path: (4, 20, 5)
Flow 5:
partitions: [(5, 1)]
path: (5, 20, 6)
Flow 6:
partitions: [(6, 1)]
path: (6, 20, 7)
Flow 7:
partitions: [(7, 1)]
path: (7, 20, 8)
Flow 8:
partitions: [(8, 1)]
path: (8, 20, 9)
Flow 9:
partitions: [(9, 1)]
path: (9, 20, 10)
Flow 10:
partitions: [(10, 1)]
path: (10, 20, 11)
Flow 11:
partitions: [(11, 1)]
path: (11, 20, 12)
Flow 12:
partitions: [(12, 1)]
path: (12, 20, 13)
Flow 13:
partitions: [(13, 1)]
path: (13, 20, 14)
Flow 14:
partitions: [(14, 1)]
path: (14, 20, 15)
Flow 15:
partitions: [(15, 1)]
path: (15, 20, 16)
Flow 16:
partitions: [(16, 1)]
path: (16, 20, 17)
Flow 17:
partitions: [(17, 1)]
path: (17, 20, 18)
Flow 18:
partitions: [(18, 1)]
path: (18, 20, 19)
Flow 19:
partitions: [(19, 1)]
path: (19, 20, 0)
--------------------------------------------------
Function: solve took 0.2101750373840332 seconds
