Function: get_partitions took 3.0279159545898438e-05 seconds
Function: map_flows_partitions took 9.298324584960938e-06 seconds
Function: map_flows_to_cluster took 3.8623809814453125e-05 seconds
Building model with:
5 devices, 20 partitions and 20 flows
Function: MIP.add_frac_mem_var took 0.0002200603485107422 seconds
Function: MIP.add_coverage_constraints took 0.0001914501190185547 seconds
Function: MIP.add_accuracy_constraints took 0.0004978179931640625 seconds
Function: MIP.add_capacity_constraints took 0.0005414485931396484 seconds
--------------------------------------------------
Starting model update
Model update took: 6.151199340820312e-05 s
--------------------------------------------------
Starting model optimize
Model optimize took: 0.0033292770385742188 seconds
--------------------------------------------------

VARIABLES ------------------------------
Objective: 60.0
frac[3,15] 1
frac[1,3] 0.833421
frac[2,8] 1
frac[0,14] 0.444212
frac[4,18] 0.833421
frac[3,11] 0.666317
frac[0,7] 1
frac[0,16] 0.166579
frac[1,6] 0.833421
frac[0,10] 0
frac[0,3] 0.166579
frac[3,14] 0.555788
frac[2,9] 1
frac[0,15] 0
frac[4,19] 0.833421
frac[0,17] 0.166579
frac[1,5] 0.833421
frac[0,11] 0
frac[0,4] 0.166579
frac[0,0] 1
frac[3,13] 0.555788
frac[0,18] 0.166579
frac[1,4] 0.833421
frac[2,10] 1
frac[0,12] 0.444212
frac[4,16] 0.833421
frac[0,5] 0.166579
frac[0,8] 0
frac[0,1] 1
frac[2,7] 0
frac[3,12] 0.555788
frac[4,15] 0
frac[0,19] 0.166579
frac[2,11] 0.333683
frac[0,13] 0.444212
frac[4,17] 0.833421
frac[0,6] 0.166579
frac[1,7] 0
frac[0,9] 0
frac[0,2] 1
mem[3,15] 5.09766
mem[1,3] 4.24849
mem[2,8] 5.09766
mem[0,14] 2.26444
mem[4,18] 4.24849
mem[3,11] 3.39666
mem[0,7] 5.09766
mem[0,16] 0.849164
mem[1,6] 4.24849
mem[0,10] 0
mem[0,3] 0.849164
mem[3,14] 2.83322
mem[2,9] 5.09766
mem[0,15] 0
mem[4,19] 4.24849
mem[0,17] 0.849164
mem[1,5] 4.24849
mem[0,11] 0
mem[0,4] 0.849164
mem[0,0] 5.09766
mem[3,13] 2.83322
mem[0,18] 0.849164
mem[1,4] 4.24849
mem[2,10] 5.09766
mem[0,12] 2.26444
mem[4,16] 4.24849
mem[0,5] 0.849164
mem[0,8] 0
mem[0,1] 5.09766
mem[2,7] 0
mem[3,12] 2.83322
mem[4,15] 0
mem[0,19] 0.849164
mem[2,11] 1.701
mem[0,13] 2.26444
mem[4,17] 4.24849
mem[0,6] 0.849164
mem[1,7] 0
mem[0,9] 0
mem[0,2] 5.09766
mem_tot_{CPU_0,CPU_1,CPU_2,CPU_3,P4_1} 33.9773
normalized_mem_tot_{CPU_0,CPU_1,CPU_2,CPU_3,P4_1} 0.000258092
rows_tot_{CPU_0,CPU_1,CPU_2,CPU_3,P4_1} 19.9958
normalized_rows_tot_{CPU_0,CPU_1,CPU_2,CPU_3,P4_1} 0.20829
mem_tot_{CPU_4,CPU_5,CPU_6,CPU_7} 16.994
normalized_mem_tot_{CPU_4,CPU_5,CPU_6,CPU_7} 0.000129654
rows_tot_{CPU_4,CPU_5,CPU_6,CPU_7} 10.001
normalized_rows_tot_{CPU_4,CPU_5,CPU_6,CPU_7} 0.208355
mem_tot_{CPU_8,CPU_9,CPU_10,CPU_11} 16.994
normalized_mem_tot_{CPU_8,CPU_9,CPU_10,CPU_11} 0.000129654
rows_tot_{CPU_8,CPU_9,CPU_10,CPU_11} 10.001
normalized_rows_tot_{CPU_8,CPU_9,CPU_10,CPU_11} 0.208355
mem_tot_{CPU_12,CPU_13,CPU_14,CPU_15} 16.994
normalized_mem_tot_{CPU_12,CPU_13,CPU_14,CPU_15} 0.000129654
rows_tot_{CPU_12,CPU_13,CPU_14,CPU_15} 10.001
normalized_rows_tot_{CPU_12,CPU_13,CPU_14,CPU_15} 0.208355
mem_tot_{CPU_16,CPU_17,CPU_18,CPU_19} 16.994
normalized_mem_tot_{CPU_16,CPU_17,CPU_18,CPU_19} 0.000129654
rows_tot_{CPU_16,CPU_17,CPU_18,CPU_19} 10.001
normalized_rows_tot_{CPU_16,CPU_17,CPU_18,CPU_19} 0.208355
max_mem_CPU_Cluster 0.000258092
max_rows_CPU_Cluster 0.208355
--------------------------------------------------

Sketch (0) (cm: eps0: 0.00625, del0: 0.05, min_mem: 1.69921875)
Par0 id: 0, Rows: 3
(1.000,0)    
Total frac: 1.000

Sketch (1) (cm: eps0: 0.00625, del0: 0.05, min_mem: 1.69921875)
Par0 id: 1, Rows: 3
(1.000,0)    
Total frac: 1.000

Sketch (2) (cm: eps0: 0.00625, del0: 0.05, min_mem: 1.69921875)
Par0 id: 2, Rows: 3
(1.000,0)    
Total frac: 1.000

Sketch (3) (cm: eps0: 0.00625, del0: 0.05, min_mem: 1.69921875)
Par0 id: 3, Rows: 3
(0.833,1)    (0.167,0)    
Total frac: 1.000

Sketch (4) (cm: eps0: 0.00625, del0: 0.05, min_mem: 1.69921875)
Par0 id: 4, Rows: 3
(0.167,0)    (0.833,1)    
Total frac: 1.000

Sketch (5) (cm: eps0: 0.00625, del0: 0.05, min_mem: 1.69921875)
Par0 id: 5, Rows: 3
(0.833,1)    (0.167,0)    
Total frac: 1.000

Sketch (6) (cm: eps0: 0.00625, del0: 0.05, min_mem: 1.69921875)
Par0 id: 6, Rows: 3
(0.833,1)    (0.167,0)    
Total frac: 1.000

Sketch (7) (cm: eps0: 0.00625, del0: 0.05, min_mem: 1.69921875)
Par0 id: 7, Rows: 3
(1.000,0)    (0.000,2)    (0.000,1)    
Total frac: 1.000

Sketch (8) (cm: eps0: 0.00625, del0: 0.05, min_mem: 1.69921875)
Par0 id: 8, Rows: 3
(1.000,2)    (0.000,0)    
Total frac: 1.000

Sketch (9) (cm: eps0: 0.00625, del0: 0.05, min_mem: 1.69921875)
Par0 id: 9, Rows: 3
(1.000,2)    (0.000,0)    
Total frac: 1.000

Sketch (10) (cm: eps0: 0.00625, del0: 0.05, min_mem: 1.69921875)
Par0 id: 10, Rows: 3
(0.000,0)    (1.000,2)    
Total frac: 1.000

Sketch (11) (cm: eps0: 0.00625, del0: 0.05, min_mem: 1.69921875)
Par0 id: 11, Rows: 3
(0.666,3)    (0.000,0)    (0.334,2)    
Total frac: 1.000

Sketch (12) (cm: eps0: 0.00625, del0: 0.05, min_mem: 1.69921875)
Par0 id: 12, Rows: 3
(0.444,0)    (0.556,3)    
Total frac: 1.000

Sketch (13) (cm: eps0: 0.00625, del0: 0.05, min_mem: 1.69921875)
Par0 id: 13, Rows: 3
(0.556,3)    (0.444,0)    
Total frac: 1.000

Sketch (14) (cm: eps0: 0.00625, del0: 0.05, min_mem: 1.69921875)
Par0 id: 14, Rows: 3
(0.444,0)    (0.556,3)    
Total frac: 1.000

Sketch (15) (cm: eps0: 0.00625, del0: 0.05, min_mem: 1.69921875)
Par0 id: 15, Rows: 3
(1.000,3)    (0.000,0)    (0.000,4)    
Total frac: 1.000

Sketch (16) (cm: eps0: 0.00625, del0: 0.05, min_mem: 1.69921875)
Par0 id: 16, Rows: 3
(0.167,0)    (0.833,4)    
Total frac: 1.000

Sketch (17) (cm: eps0: 0.00625, del0: 0.05, min_mem: 1.69921875)
Par0 id: 17, Rows: 3
(0.167,0)    (0.833,4)    
Total frac: 1.000

Sketch (18) (cm: eps0: 0.00625, del0: 0.05, min_mem: 1.69921875)
Par0 id: 18, Rows: 3
(0.833,4)    (0.167,0)    
Total frac: 1.000

Sketch (19) (cm: eps0: 0.00625, del0: 0.05, min_mem: 1.69921875)
Par0 id: 19, Rows: 3
(0.833,4)    (0.167,0)    
Total frac: 1.000

Device (0) {CPU_0,CPU_1,CPU_2,CPU_3,P4_1}:
Rows total: 19.995807999999997
Mem total: 33.97725187499999

Device (1) {CPU_4,CPU_5,CPU_6,CPU_7}:
Rows total: 10.001048
Mem total: 16.99396828125

Device (2) {CPU_8,CPU_9,CPU_10,CPU_11}:
Rows total: 10.001048
Mem total: 16.99396828125

Device (3) {CPU_12,CPU_13,CPU_14,CPU_15}:
Rows total: 10.001048
Mem total: 16.99396828125

Device (4) {CPU_16,CPU_17,CPU_18,CPU_19}:
Rows total: 10.001048
Mem total: 16.99396828125

Flow 0:
partitions: [(0, 1)]
path: {0}
Flow 1:
partitions: [(1, 1)]
path: {0}
Flow 2:
partitions: [(2, 1)]
path: {0}
Flow 3:
partitions: [(3, 1)]
path: {0, 1}
Flow 4:
partitions: [(4, 1)]
path: {0, 1}
Flow 5:
partitions: [(5, 1)]
path: {0, 1}
Flow 6:
partitions: [(6, 1)]
path: {0, 1}
Flow 7:
partitions: [(7, 1)]
path: {0, 1, 2}
Flow 8:
partitions: [(8, 1)]
path: {0, 2}
Flow 9:
partitions: [(9, 1)]
path: {0, 2}
Flow 10:
partitions: [(10, 1)]
path: {0, 2}
Flow 11:
partitions: [(11, 1)]
path: {0, 2, 3}
Flow 12:
partitions: [(12, 1)]
path: {0, 3}
Flow 13:
partitions: [(13, 1)]
path: {0, 3}
Flow 14:
partitions: [(14, 1)]
path: {0, 3}
Flow 15:
partitions: [(15, 1)]
path: {0, 3, 4}
Flow 16:
partitions: [(16, 1)]
path: {0, 4}
Flow 17:
partitions: [(17, 1)]
path: {0, 4}
Flow 18:
partitions: [(18, 1)]
path: {0, 4}
Flow 19:
partitions: [(19, 1)]
path: {0, 4}
--------------------------------------------------

VARIABLES ------------------------------
Objective: 6.756756756756757
mem_tot_{CPU_0,CPU_1,CPU_2,CPU_3,P4_1} 33.9773
ns_{CPU_0,CPU_1,CPU_2,CPU_3,P4_1} 6.75676
--------------------------------------------------

VARIABLES ------------------------------
Objective: 10.204081632653061
mem_tot_{CPU_4,CPU_5,CPU_6,CPU_7} 16.994
ns_{CPU_4,CPU_5,CPU_6,CPU_7} 10.2041
--------------------------------------------------

VARIABLES ------------------------------
Objective: 10.204081632653061
mem_tot_{CPU_8,CPU_9,CPU_10,CPU_11} 16.994
ns_{CPU_8,CPU_9,CPU_10,CPU_11} 10.2041
--------------------------------------------------

VARIABLES ------------------------------
Objective: 10.204081632653061
mem_tot_{CPU_12,CPU_13,CPU_14,CPU_15} 16.994
ns_{CPU_12,CPU_13,CPU_14,CPU_15} 10.2041
--------------------------------------------------

VARIABLES ------------------------------
Objective: 10.204081632653061
mem_tot_{CPU_16,CPU_17,CPU_18,CPU_19} 16.994
ns_{CPU_16,CPU_17,CPU_18,CPU_19} 10.2041
--------------------------------------------------

Throughput: 98.0 Mpps, ns per packet: 10.204081632653061
Resources: 101.95312500000001
Used Cores: 0, Total CPUS: 0, Switch Memory: 0

Sketch (0) (cm: eps0: 0.00625, del0: 0.05, min_mem: 1.69921875)
Par0 id: 0, Rows: 3
(1.000,0)    
Total frac: 1.000

Sketch (1) (cm: eps0: 0.00625, del0: 0.05, min_mem: 1.69921875)
Par0 id: 1, Rows: 3
(1.000,0)    
Total frac: 1.000

Sketch (2) (cm: eps0: 0.00625, del0: 0.05, min_mem: 1.69921875)
Par0 id: 2, Rows: 3
(1.000,0)    
Total frac: 1.000

Sketch (3) (cm: eps0: 0.00625, del0: 0.05, min_mem: 1.69921875)
Par0 id: 3, Rows: 3
(0.833,1)    (0.167,0)    
Total frac: 1.000

Sketch (4) (cm: eps0: 0.00625, del0: 0.05, min_mem: 1.69921875)
Par0 id: 4, Rows: 3
(0.167,0)    (0.833,1)    
Total frac: 1.000

Sketch (5) (cm: eps0: 0.00625, del0: 0.05, min_mem: 1.69921875)
Par0 id: 5, Rows: 3
(0.833,1)    (0.167,0)    
Total frac: 1.000

Sketch (6) (cm: eps0: 0.00625, del0: 0.05, min_mem: 1.69921875)
Par0 id: 6, Rows: 3
(0.833,1)    (0.167,0)    
Total frac: 1.000

Sketch (7) (cm: eps0: 0.00625, del0: 0.05, min_mem: 1.69921875)
Par0 id: 7, Rows: 3
(1.000,0)    (0.000,2)    (0.000,1)    
Total frac: 1.000

Sketch (8) (cm: eps0: 0.00625, del0: 0.05, min_mem: 1.69921875)
Par0 id: 8, Rows: 3
(1.000,2)    (0.000,0)    
Total frac: 1.000

Sketch (9) (cm: eps0: 0.00625, del0: 0.05, min_mem: 1.69921875)
Par0 id: 9, Rows: 3
(1.000,2)    (0.000,0)    
Total frac: 1.000

Sketch (10) (cm: eps0: 0.00625, del0: 0.05, min_mem: 1.69921875)
Par0 id: 10, Rows: 3
(0.000,0)    (1.000,2)    
Total frac: 1.000

Sketch (11) (cm: eps0: 0.00625, del0: 0.05, min_mem: 1.69921875)
Par0 id: 11, Rows: 3
(0.666,3)    (0.000,0)    (0.334,2)    
Total frac: 1.000

Sketch (12) (cm: eps0: 0.00625, del0: 0.05, min_mem: 1.69921875)
Par0 id: 12, Rows: 3
(0.444,0)    (0.556,3)    
Total frac: 1.000

Sketch (13) (cm: eps0: 0.00625, del0: 0.05, min_mem: 1.69921875)
Par0 id: 13, Rows: 3
(0.556,3)    (0.444,0)    
Total frac: 1.000

Sketch (14) (cm: eps0: 0.00625, del0: 0.05, min_mem: 1.69921875)
Par0 id: 14, Rows: 3
(0.444,0)    (0.556,3)    
Total frac: 1.000

Sketch (15) (cm: eps0: 0.00625, del0: 0.05, min_mem: 1.69921875)
Par0 id: 15, Rows: 3
(1.000,3)    (0.000,0)    (0.000,4)    
Total frac: 1.000

Sketch (16) (cm: eps0: 0.00625, del0: 0.05, min_mem: 1.69921875)
Par0 id: 16, Rows: 3
(0.167,0)    (0.833,4)    
Total frac: 1.000

Sketch (17) (cm: eps0: 0.00625, del0: 0.05, min_mem: 1.69921875)
Par0 id: 17, Rows: 3
(0.167,0)    (0.833,4)    
Total frac: 1.000

Sketch (18) (cm: eps0: 0.00625, del0: 0.05, min_mem: 1.69921875)
Par0 id: 18, Rows: 3
(0.833,4)    (0.167,0)    
Total frac: 1.000

Sketch (19) (cm: eps0: 0.00625, del0: 0.05, min_mem: 1.69921875)
Par0 id: 19, Rows: 3
(0.833,4)    (0.167,0)    
Total frac: 1.000

Device (0) {CPU_0,CPU_1,CPU_2,CPU_3,P4_1}:
Rows total: 19.995807999999997
Mem total: 33.97725187499999
Throughput: 148.0

Device (1) {CPU_4,CPU_5,CPU_6,CPU_7}:
Rows total: 10.001048
Mem total: 16.99396828125
Throughput: 98.0

Device (2) {CPU_8,CPU_9,CPU_10,CPU_11}:
Rows total: 10.001048
Mem total: 16.99396828125
Throughput: 98.0

Device (3) {CPU_12,CPU_13,CPU_14,CPU_15}:
Rows total: 10.001048
Mem total: 16.99396828125
Throughput: 98.0

Device (4) {CPU_16,CPU_17,CPU_18,CPU_19}:
Rows total: 10.001048
Mem total: 16.99396828125
Throughput: 98.0

Flow 0:
partitions: [(0, 1)]
path: {0}
Flow 1:
partitions: [(1, 1)]
path: {0}
Flow 2:
partitions: [(2, 1)]
path: {0}
Flow 3:
partitions: [(3, 1)]
path: {0, 1}
Flow 4:
partitions: [(4, 1)]
path: {0, 1}
Flow 5:
partitions: [(5, 1)]
path: {0, 1}
Flow 6:
partitions: [(6, 1)]
path: {0, 1}
Flow 7:
partitions: [(7, 1)]
path: {0, 1, 2}
Flow 8:
partitions: [(8, 1)]
path: {0, 2}
Flow 9:
partitions: [(9, 1)]
path: {0, 2}
Flow 10:
partitions: [(10, 1)]
path: {0, 2}
Flow 11:
partitions: [(11, 1)]
path: {0, 2, 3}
Flow 12:
partitions: [(12, 1)]
path: {0, 3}
Flow 13:
partitions: [(13, 1)]
path: {0, 3}
Flow 14:
partitions: [(14, 1)]
path: {0, 3}
Flow 15:
partitions: [(15, 1)]
path: {0, 3, 4}
Flow 16:
partitions: [(16, 1)]
path: {0, 4}
Flow 17:
partitions: [(17, 1)]
path: {0, 4}
Flow 18:
partitions: [(18, 1)]
path: {0, 4}
Flow 19:
partitions: [(19, 1)]
path: {0, 4}
--------------------------------------------------
Function: MIP.solve took 0.02115035057067871 seconds
Function: get_partitions_flows took 0.00011563301086425781 seconds
Function: get_partitions_flows took 5.221366882324219e-05 seconds
Function: get_partitions_flows took 5.1021575927734375e-05 seconds
Function: get_partitions_flows took 5.435943603515625e-05 seconds
Function: get_partitions_flows took 5.078315734863281e-05 seconds
Building model with:
5 devices, 15 partitions and 15 flows
Function: MIP.add_frac_mem_var took 0.0001347064971923828 seconds
Function: MIP.add_coverage_constraints took 0.0001304149627685547 seconds
Function: MIP.add_accuracy_constraints took 0.0002684593200683594 seconds
Function: MIP.add_capacity_constraints took 0.00043201446533203125 seconds
--------------------------------------------------
Starting model update
Model update took: 4.458427429199219e-05 s
--------------------------------------------------
Starting model optimize
Model optimize took: 0.002924680709838867 seconds
--------------------------------------------------

VARIABLES ------------------------------
Objective: 2.3542583908045975e-06
frac[4,7] 0.166579
frac[4,8] 0.444212
frac[4,12] 0.444212
frac[1,6] 1.96188e-07
frac[3,14] 0
frac[4,0] 0.444212
frac[4,9] 0.166579
frac[3,3] 1.96188e-07
frac[4,4] 0.166579
frac[4,13] 0.166579
frac[0,11] 1.96188e-07
frac[1,10] 0
frac[4,1] 1
frac[4,10] 1
frac[4,5] 0.166579
frac[4,14] 1
frac[2,10] 1.96188e-07
frac[4,2] 0.166579
frac[2,14] 0
frac[4,11] 0.166579
frac[4,6] 1
frac[0,6] 0
frac[4,3] 0.166579
mem[4,7] 0.849164
mem[4,8] 2.26444
mem[4,12] 2.26444
mem[1,6] 1.0001e-06
mem[3,14] 0
mem[4,0] 2.26444
mem[4,9] 0.849164
mem[3,3] 1.0001e-06
mem[4,4] 0.849164
mem[4,13] 0.849164
mem[0,11] 1.0001e-06
mem[1,10] 0
mem[4,1] 5.09766
mem[4,10] 5.09766
mem[4,5] 0.849164
mem[4,14] 5.09766
mem[2,10] 1.0001e-06
mem[4,2] 0.849164
mem[2,14] 0
mem[4,11] 0.849163
mem[4,6] 5.09766
mem[0,6] 0
mem[4,3] 0.849163
mem_tot_CPU_0 1.0001e-06
normalized_mem_tot_CPU_0 3.05206e-11
rows_tot_CPU_0 5.88565e-07
normalized_rows_tot_CPU_0 4.9047e-08
mem_tot_CPU_1 1.0001e-06
normalized_mem_tot_CPU_1 3.05206e-11
rows_tot_CPU_1 5.88565e-07
normalized_rows_tot_CPU_1 4.9047e-08
mem_tot_CPU_2 1.0001e-06
normalized_mem_tot_CPU_2 3.05206e-11
rows_tot_CPU_2 5.88565e-07
normalized_rows_tot_CPU_2 4.9047e-08
mem_tot_CPU_3 1.0001e-06
normalized_mem_tot_CPU_3 3.05206e-11
rows_tot_CPU_3 5.88565e-07
normalized_rows_tot_CPU_3 4.9047e-08
mem_tot_P4_1 33.9772
normalized_mem_tot_P4_1 0.0589883
rows_tot_P4_1 19.9958
normalized_rows_tot_P4_1 0.416579
max_mem_P4 33.9772
max_mem_CPU_Cluster 0
max_rows_P4 19.9958
max_rows_CPU_Cluster 0
--------------------------------------------------

Sketch (14) (cm: eps0: 0.00625, del0: 0.05, min_mem: 1.69921875)
Par0 id: 14, Rows: 3
(0.444,4)    
Total frac: 0.444

Sketch (7) (cm: eps0: 0.00625, del0: 0.05, min_mem: 1.69921875)
Par0 id: 7, Rows: 3
(1.000,4)    
Total frac: 1.000

Sketch (16) (cm: eps0: 0.00625, del0: 0.05, min_mem: 1.69921875)
Par0 id: 16, Rows: 3
(0.167,4)    
Total frac: 0.167

Sketch (3) (cm: eps0: 0.00625, del0: 0.05, min_mem: 1.69921875)
Par0 id: 3, Rows: 3
(0.000,3)    (0.167,4)    
Total frac: 0.167

Sketch (17) (cm: eps0: 0.00625, del0: 0.05, min_mem: 1.69921875)
Par0 id: 17, Rows: 3
(0.167,4)    
Total frac: 0.167

Sketch (4) (cm: eps0: 0.00625, del0: 0.05, min_mem: 1.69921875)
Par0 id: 4, Rows: 3
(0.167,4)    
Total frac: 0.167

Sketch (0) (cm: eps0: 0.00625, del0: 0.05, min_mem: 1.69921875)
Par0 id: 0, Rows: 3
(0.000,1)    (1.000,4)    (0.000,0)    
Total frac: 1.000

Sketch (18) (cm: eps0: 0.00625, del0: 0.05, min_mem: 1.69921875)
Par0 id: 18, Rows: 3
(0.167,4)    
Total frac: 0.167

Sketch (12) (cm: eps0: 0.00625, del0: 0.05, min_mem: 1.69921875)
Par0 id: 12, Rows: 3
(0.444,4)    
Total frac: 0.444

Sketch (5) (cm: eps0: 0.00625, del0: 0.05, min_mem: 1.69921875)
Par0 id: 5, Rows: 3
(0.167,4)    
Total frac: 0.167

Sketch (1) (cm: eps0: 0.00625, del0: 0.05, min_mem: 1.69921875)
Par0 id: 1, Rows: 3
(0.000,1)    (1.000,4)    (0.000,2)    
Total frac: 1.000

Sketch (19) (cm: eps0: 0.00625, del0: 0.05, min_mem: 1.69921875)
Par0 id: 19, Rows: 3
(0.000,0)    (0.167,4)    
Total frac: 0.167

Sketch (13) (cm: eps0: 0.00625, del0: 0.05, min_mem: 1.69921875)
Par0 id: 13, Rows: 3
(0.444,4)    
Total frac: 0.444

Sketch (6) (cm: eps0: 0.00625, del0: 0.05, min_mem: 1.69921875)
Par0 id: 6, Rows: 3
(0.167,4)    
Total frac: 0.167

Sketch (2) (cm: eps0: 0.00625, del0: 0.05, min_mem: 1.69921875)
Par0 id: 2, Rows: 3
(0.000,3)    (1.000,4)    (0.000,2)    
Total frac: 1.000

Device (0) CPU_0:
Rows total: 5.885645977011494e-07
Mem total: 1.0001e-06

Device (1) CPU_1:
Rows total: 5.885645977011494e-07
Mem total: 1.0001e-06

Device (2) CPU_2:
Rows total: 5.885645977011494e-07
Mem total: 1.0001e-06

Device (3) CPU_3:
Rows total: 5.885645977011494e-07
Mem total: 1.0001e-06

Device (4) P4_1:
Rows total: 19.9958056457416
Mem total: 33.97724787459999

Flow 0:
partitions: [(6, 1.0)]
path: {0, 1, 4}
Flow 1:
partitions: [(10, 1.0)]
path: {1, 2, 4}
Flow 2:
partitions: [(14, 1.0)]
path: {2, 3, 4}
Flow 3:
partitions: [(3, 0.1665793333333332)]
path: {3, 4}
Flow 4:
partitions: [(5, 0.1665793333333332)]
path: {4}
Flow 5:
partitions: [(9, 0.1665793333333332)]
path: {4}
Flow 6:
partitions: [(13, 0.1665793333333332)]
path: {4}
Flow 7:
partitions: [(1, 1.0)]
path: {4}
Flow 8:
partitions: [(8, 0.44421155555555525)]
path: {4}
Flow 9:
partitions: [(12, 0.44421155555555525)]
path: {4}
Flow 10:
partitions: [(0, 0.44421155555555525)]
path: {4}
Flow 11:
partitions: [(2, 0.1665793333333332)]
path: {4}
Flow 12:
partitions: [(4, 0.1665793333333332)]
path: {4}
Flow 13:
partitions: [(7, 0.1665793333333332)]
path: {4}
Flow 14:
partitions: [(11, 0.1665793333333332)]
path: {0, 4}
--------------------------------------------------

VARIABLES ------------------------------
Objective: 10.204081632653063
mem_tot_CPU_0 0
m_access_time_CPU_0 0
ns_single_CPU_0 0
pdt_m_rows_CPU_0 0
cores_sketch_CPU_0 0
cores_dpdk_CPU_0 7
ns_sketch_CPU_0 10.2041
pdt_nsk_c_CPU_0 0
ns_dpdk_CPU_0 10.2041
pdt_nsc_dpdk_CPU_0 71.4286
ns_CPU_0 10.2041
--------------------------------------------------

VARIABLES ------------------------------
Objective: 10.204081632653063
mem_tot_CPU_1 0
m_access_time_CPU_1 0
ns_single_CPU_1 0
pdt_m_rows_CPU_1 0
cores_sketch_CPU_1 0
cores_dpdk_CPU_1 7
ns_sketch_CPU_1 10.2041
pdt_nsk_c_CPU_1 0
ns_dpdk_CPU_1 10.2041
pdt_nsc_dpdk_CPU_1 71.4286
ns_CPU_1 10.2041
--------------------------------------------------

VARIABLES ------------------------------
Objective: 10.204081632653063
mem_tot_CPU_2 0
m_access_time_CPU_2 0
ns_single_CPU_2 0
pdt_m_rows_CPU_2 0
cores_sketch_CPU_2 0
cores_dpdk_CPU_2 7
ns_sketch_CPU_2 10.2041
pdt_nsk_c_CPU_2 0
ns_dpdk_CPU_2 10.2041
pdt_nsc_dpdk_CPU_2 71.4286
ns_CPU_2 10.2041
--------------------------------------------------

VARIABLES ------------------------------
Objective: 10.204081632653063
mem_tot_CPU_3 0
m_access_time_CPU_3 0
ns_single_CPU_3 0
pdt_m_rows_CPU_3 0
cores_sketch_CPU_3 0
cores_dpdk_CPU_3 7
ns_sketch_CPU_3 10.2041
pdt_nsk_c_CPU_3 0
ns_dpdk_CPU_3 10.2041
pdt_nsc_dpdk_CPU_3 71.4286
ns_CPU_3 10.2041
--------------------------------------------------

VARIABLES ------------------------------
Objective: 6.756756756756757
mem_tot_P4_1 33.9772
ns_P4_1 6.75676
--------------------------------------------------

VARIABLES ------------------------------
Objective: 10.204081632653063
mem_tot_CPU_0 0
m_access_time_CPU_0 0
ns_single_CPU_0 0
pdt_m_rows_CPU_0 0
cores_sketch_CPU_0 0
cores_dpdk_CPU_0 7
ns_sketch_CPU_0 10.2041
pdt_nsk_c_CPU_0 0
ns_dpdk_CPU_0 10.2041
pdt_nsc_dpdk_CPU_0 71.4286
ns_CPU_0 10.2041
--------------------------------------------------

VARIABLES ------------------------------
Objective: 10.204081632653063
mem_tot_CPU_1 0
m_access_time_CPU_1 0
ns_single_CPU_1 0
pdt_m_rows_CPU_1 0
cores_sketch_CPU_1 0
cores_dpdk_CPU_1 7
ns_sketch_CPU_1 10.2041
pdt_nsk_c_CPU_1 0
ns_dpdk_CPU_1 10.2041
pdt_nsc_dpdk_CPU_1 71.4286
ns_CPU_1 10.2041
--------------------------------------------------

VARIABLES ------------------------------
Objective: 10.204081632653063
mem_tot_CPU_2 0
m_access_time_CPU_2 0
ns_single_CPU_2 0
pdt_m_rows_CPU_2 0
cores_sketch_CPU_2 0
cores_dpdk_CPU_2 7
ns_sketch_CPU_2 10.2041
pdt_nsk_c_CPU_2 0
ns_dpdk_CPU_2 10.2041
pdt_nsc_dpdk_CPU_2 71.4286
ns_CPU_2 10.2041
--------------------------------------------------

VARIABLES ------------------------------
Objective: 10.204081632653063
mem_tot_CPU_3 0
m_access_time_CPU_3 0
ns_single_CPU_3 0
pdt_m_rows_CPU_3 0
cores_sketch_CPU_3 0
cores_dpdk_CPU_3 7
ns_sketch_CPU_3 10.2041
pdt_nsk_c_CPU_3 0
ns_dpdk_CPU_3 10.2041
pdt_nsc_dpdk_CPU_3 71.4286
ns_CPU_3 10.2041
--------------------------------------------------

Throughput: 97.99999999999999 Mpps, ns per packet: 10.204081632653063
Resources: 285.7068107426435
Used Cores: 27.999999999999893, Total CPUS: 4, Switch Memory: 33.97724787459999

Sketch (14) (cm: eps0: 0.00625, del0: 0.05, min_mem: 1.69921875)
Par0 id: 14, Rows: 3
(0.444,4)    
Total frac: 0.444

Sketch (7) (cm: eps0: 0.00625, del0: 0.05, min_mem: 1.69921875)
Par0 id: 7, Rows: 3
(1.000,4)    
Total frac: 1.000

Sketch (16) (cm: eps0: 0.00625, del0: 0.05, min_mem: 1.69921875)
Par0 id: 16, Rows: 3
(0.167,4)    
Total frac: 0.167

Sketch (3) (cm: eps0: 0.00625, del0: 0.05, min_mem: 1.69921875)
Par0 id: 3, Rows: 3
(0.000,3)    (0.167,4)    
Total frac: 0.167

Sketch (17) (cm: eps0: 0.00625, del0: 0.05, min_mem: 1.69921875)
Par0 id: 17, Rows: 3
(0.167,4)    
Total frac: 0.167

Sketch (4) (cm: eps0: 0.00625, del0: 0.05, min_mem: 1.69921875)
Par0 id: 4, Rows: 3
(0.167,4)    
Total frac: 0.167

Sketch (0) (cm: eps0: 0.00625, del0: 0.05, min_mem: 1.69921875)
Par0 id: 0, Rows: 3
(0.000,1)    (1.000,4)    (0.000,0)    
Total frac: 1.000

Sketch (18) (cm: eps0: 0.00625, del0: 0.05, min_mem: 1.69921875)
Par0 id: 18, Rows: 3
(0.167,4)    
Total frac: 0.167

Sketch (12) (cm: eps0: 0.00625, del0: 0.05, min_mem: 1.69921875)
Par0 id: 12, Rows: 3
(0.444,4)    
Total frac: 0.444

Sketch (5) (cm: eps0: 0.00625, del0: 0.05, min_mem: 1.69921875)
Par0 id: 5, Rows: 3
(0.167,4)    
Total frac: 0.167

Sketch (1) (cm: eps0: 0.00625, del0: 0.05, min_mem: 1.69921875)
Par0 id: 1, Rows: 3
(0.000,1)    (1.000,4)    (0.000,2)    
Total frac: 1.000

Sketch (19) (cm: eps0: 0.00625, del0: 0.05, min_mem: 1.69921875)
Par0 id: 19, Rows: 3
(0.000,0)    (0.167,4)    
Total frac: 0.167

Sketch (13) (cm: eps0: 0.00625, del0: 0.05, min_mem: 1.69921875)
Par0 id: 13, Rows: 3
(0.444,4)    
Total frac: 0.444

Sketch (6) (cm: eps0: 0.00625, del0: 0.05, min_mem: 1.69921875)
Par0 id: 6, Rows: 3
(0.167,4)    
Total frac: 0.167

Sketch (2) (cm: eps0: 0.00625, del0: 0.05, min_mem: 1.69921875)
Par0 id: 2, Rows: 3
(0.000,3)    (1.000,4)    (0.000,2)    
Total frac: 1.000

Device (0) CPU_0:
cores_sketch: 0.0, cores_dpdk: 6.999999999999973
Rows total: 5.885645977011494e-07
Mem total: 1.0001e-06
Throughput: 97.99999999999999

Device (1) CPU_1:
cores_sketch: 0.0, cores_dpdk: 6.999999999999973
Rows total: 5.885645977011494e-07
Mem total: 1.0001e-06
Throughput: 97.99999999999999

Device (2) CPU_2:
cores_sketch: 0.0, cores_dpdk: 6.999999999999973
Rows total: 5.885645977011494e-07
Mem total: 1.0001e-06
Throughput: 97.99999999999999

Device (3) CPU_3:
cores_sketch: 0.0, cores_dpdk: 6.999999999999973
Rows total: 5.885645977011494e-07
Mem total: 1.0001e-06
Throughput: 97.99999999999999

Device (4) P4_1:
Rows total: 19.9958056457416
Mem total: 33.97724787459999
Throughput: 148.0

Flow 0:
partitions: [(6, 1.0)]
path: {0, 1, 4}
Flow 1:
partitions: [(10, 1.0)]
path: {1, 2, 4}
Flow 2:
partitions: [(14, 1.0)]
path: {2, 3, 4}
Flow 3:
partitions: [(3, 0.1665793333333332)]
path: {3, 4}
Flow 4:
partitions: [(5, 0.1665793333333332)]
path: {4}
Flow 5:
partitions: [(9, 0.1665793333333332)]
path: {4}
Flow 6:
partitions: [(13, 0.1665793333333332)]
path: {4}
Flow 7:
partitions: [(1, 1.0)]
path: {4}
Flow 8:
partitions: [(8, 0.44421155555555525)]
path: {4}
Flow 9:
partitions: [(12, 0.44421155555555525)]
path: {4}
Flow 10:
partitions: [(0, 0.44421155555555525)]
path: {4}
Flow 11:
partitions: [(2, 0.1665793333333332)]
path: {4}
Flow 12:
partitions: [(4, 0.1665793333333332)]
path: {4}
Flow 13:
partitions: [(7, 0.1665793333333332)]
path: {4}
Flow 14:
partitions: [(11, 0.1665793333333332)]
path: {0, 4}
--------------------------------------------------
Function: MIP.solve took 0.025173425674438477 seconds
Building model with:
4 devices, 4 partitions and 4 flows
Function: MIP.add_frac_mem_var took 7.128715515136719e-05 seconds
Function: MIP.add_coverage_constraints took 4.553794860839844e-05 seconds
Function: MIP.add_accuracy_constraints took 8.487701416015625e-05 seconds
Function: MIP.add_capacity_constraints took 0.00029659271240234375 seconds
--------------------------------------------------
Starting model update
Model update took: 2.86102294921875e-05 s
--------------------------------------------------
Starting model optimize
Model optimize took: 0.0023326873779296875 seconds
--------------------------------------------------

VARIABLES ------------------------------
Objective: 10.001048
frac[1,2] 0
frac[1,3] 0.833421
frac[0,0] 0.833421
frac[3,1] 0.833421
frac[2,1] 0
frac[2,2] 0.833421
frac[0,3] 0
mem[1,2] 0
mem[1,3] 4.24849
mem[0,0] 4.24849
mem[3,1] 4.24849
mem[2,1] 0
mem[2,2] 4.24849
mem[0,3] 0
mem_tot_CPU_4 4.24849
normalized_mem_tot_CPU_4 0.000129654
rows_tot_CPU_4 2.50026
normalized_rows_tot_CPU_4 0.208355
mem_tot_CPU_5 4.24849
normalized_mem_tot_CPU_5 0.000129654
rows_tot_CPU_5 2.50026
normalized_rows_tot_CPU_5 0.208355
mem_tot_CPU_6 4.24849
normalized_mem_tot_CPU_6 0.000129654
rows_tot_CPU_6 2.50026
normalized_rows_tot_CPU_6 0.208355
mem_tot_CPU_7 4.24849
normalized_mem_tot_CPU_7 0.000129654
rows_tot_CPU_7 2.50026
normalized_rows_tot_CPU_7 0.208355
max_mem_CPU_Cluster 0.000129654
max_rows_CPU_Cluster 0.208355
--------------------------------------------------

Sketch (3) (cm: eps0: 0.00625, del0: 0.05, min_mem: 1.69921875)
Par0 id: 3, Rows: 3
(0.833,0)    
Total frac: 0.833

Sketch (6) (cm: eps0: 0.00625, del0: 0.05, min_mem: 1.69921875)
Par0 id: 6, Rows: 3
(0.833,3)    (0.000,2)    
Total frac: 0.833

Sketch (5) (cm: eps0: 0.00625, del0: 0.05, min_mem: 1.69921875)
Par0 id: 5, Rows: 3
(0.000,1)    (0.833,2)    
Total frac: 0.833

Sketch (4) (cm: eps0: 0.00625, del0: 0.05, min_mem: 1.69921875)
Par0 id: 4, Rows: 3
(0.833,1)    (0.000,0)    
Total frac: 0.833

Device (0) CPU_4:
Rows total: 2.5002619999999998
Mem total: 4.2484920703124995

Device (1) CPU_5:
Rows total: 2.5002619999999998
Mem total: 4.2484920703124995

Device (2) CPU_6:
Rows total: 2.5002619999999998
Mem total: 4.2484920703124995

Device (3) CPU_7:
Rows total: 2.500262
Mem total: 4.2484920703125

Flow 0:
partitions: [(0, 0.8334206666666667)]
path: {0}
Flow 1:
partitions: [(3, 0.8334206666666667)]
path: {0, 1}
Flow 2:
partitions: [(2, 0.8334206666666667)]
path: {1, 2}
Flow 3:
partitions: [(1, 0.8334206666666667)]
path: {2, 3}
--------------------------------------------------

VARIABLES ------------------------------
Objective: 10.714285714285715
mem_tot_CPU_4 4.24849
m_access_time_CPU_4 0.536891
ns_single_CPU_4 10.0933
pdt_m_rows_CPU_4 1.34237
cores_sketch_CPU_4 1
cores_dpdk_CPU_4 6
ns_sketch_CPU_4 10.0933
pdt_nsk_c_CPU_4 10.0933
ns_dpdk_CPU_4 10.7143
pdt_nsc_dpdk_CPU_4 64.2857
ns_CPU_4 10.7143
--------------------------------------------------

VARIABLES ------------------------------
Objective: 10.714285714285715
mem_tot_CPU_5 4.24849
m_access_time_CPU_5 0.536891
ns_single_CPU_5 10.0933
pdt_m_rows_CPU_5 1.34237
cores_sketch_CPU_5 1
cores_dpdk_CPU_5 6
ns_sketch_CPU_5 10.0933
pdt_nsk_c_CPU_5 10.0933
ns_dpdk_CPU_5 10.7143
pdt_nsc_dpdk_CPU_5 64.2857
ns_CPU_5 10.7143
--------------------------------------------------

VARIABLES ------------------------------
Objective: 10.714285714285715
mem_tot_CPU_6 4.24849
m_access_time_CPU_6 0.536891
ns_single_CPU_6 10.0933
pdt_m_rows_CPU_6 1.34237
cores_sketch_CPU_6 1
cores_dpdk_CPU_6 6
ns_sketch_CPU_6 10.0933
pdt_nsk_c_CPU_6 10.0933
ns_dpdk_CPU_6 10.7143
pdt_nsc_dpdk_CPU_6 64.2857
ns_CPU_6 10.7143
--------------------------------------------------

VARIABLES ------------------------------
Objective: 10.714285714285715
mem_tot_CPU_7 4.24849
m_access_time_CPU_7 0.536891
ns_single_CPU_7 10.0933
pdt_m_rows_CPU_7 1.34237
cores_sketch_CPU_7 1
cores_dpdk_CPU_7 6
ns_sketch_CPU_7 10.0933
pdt_nsk_c_CPU_7 10.0933
ns_dpdk_CPU_7 10.7143
pdt_nsc_dpdk_CPU_7 64.2857
ns_CPU_7 10.7143
--------------------------------------------------

VARIABLES ------------------------------
Objective: 10.714285714285715
mem_tot_CPU_4 4.24849
m_access_time_CPU_4 0.536891
ns_single_CPU_4 10.0933
pdt_m_rows_CPU_4 1.34237
cores_sketch_CPU_4 1
cores_dpdk_CPU_4 6
ns_sketch_CPU_4 10.0933
pdt_nsk_c_CPU_4 10.0933
ns_dpdk_CPU_4 10.7143
pdt_nsc_dpdk_CPU_4 64.2857
ns_CPU_4 10.7143
--------------------------------------------------

VARIABLES ------------------------------
Objective: 10.714285714285715
mem_tot_CPU_5 4.24849
m_access_time_CPU_5 0.536891
ns_single_CPU_5 10.0933
pdt_m_rows_CPU_5 1.34237
cores_sketch_CPU_5 1
cores_dpdk_CPU_5 6
ns_sketch_CPU_5 10.0933
pdt_nsk_c_CPU_5 10.0933
ns_dpdk_CPU_5 10.7143
pdt_nsc_dpdk_CPU_5 64.2857
ns_CPU_5 10.7143
--------------------------------------------------

VARIABLES ------------------------------
Objective: 10.714285714285715
mem_tot_CPU_6 4.24849
m_access_time_CPU_6 0.536891
ns_single_CPU_6 10.0933
pdt_m_rows_CPU_6 1.34237
cores_sketch_CPU_6 1
cores_dpdk_CPU_6 6
ns_sketch_CPU_6 10.0933
pdt_nsk_c_CPU_6 10.0933
ns_dpdk_CPU_6 10.7143
pdt_nsc_dpdk_CPU_6 64.2857
ns_CPU_6 10.7143
--------------------------------------------------

VARIABLES ------------------------------
Objective: 10.714285714285715
mem_tot_CPU_7 4.24849
m_access_time_CPU_7 0.536891
ns_single_CPU_7 10.0933
pdt_m_rows_CPU_7 1.34237
cores_sketch_CPU_7 1
cores_dpdk_CPU_7 6
ns_sketch_CPU_7 10.0933
pdt_nsk_c_CPU_7 10.0933
ns_dpdk_CPU_7 10.7143
pdt_nsc_dpdk_CPU_7 64.2857
ns_CPU_7 10.7143
--------------------------------------------------

Throughput: 93.33333333333333 Mpps, ns per packet: 10.714285714285715
Resources: 280.0020744590187
Used Cores: 27.999999999999993, Total CPUS: 4, Switch Memory: 0

Sketch (3) (cm: eps0: 0.00625, del0: 0.05, min_mem: 1.69921875)
Par0 id: 3, Rows: 3
(0.833,0)    
Total frac: 0.833

Sketch (6) (cm: eps0: 0.00625, del0: 0.05, min_mem: 1.69921875)
Par0 id: 6, Rows: 3
(0.833,3)    (0.000,2)    
Total frac: 0.833

Sketch (5) (cm: eps0: 0.00625, del0: 0.05, min_mem: 1.69921875)
Par0 id: 5, Rows: 3
(0.000,1)    (0.833,2)    
Total frac: 0.833

Sketch (4) (cm: eps0: 0.00625, del0: 0.05, min_mem: 1.69921875)
Par0 id: 4, Rows: 3
(0.833,1)    (0.000,0)    
Total frac: 0.833

Device (0) CPU_4:
cores_sketch: 1.0, cores_dpdk: 5.999999999999998
Rows total: 2.5002619999999998
Mem total: 4.2484920703124995
Throughput: 93.33333333333333

Device (1) CPU_5:
cores_sketch: 1.0, cores_dpdk: 5.999999999999998
Rows total: 2.5002619999999998
Mem total: 4.2484920703124995
Throughput: 93.33333333333333

Device (2) CPU_6:
cores_sketch: 1.0, cores_dpdk: 5.999999999999998
Rows total: 2.5002619999999998
Mem total: 4.2484920703124995
Throughput: 93.33333333333333

Device (3) CPU_7:
cores_sketch: 1.0, cores_dpdk: 5.999999999999998
Rows total: 2.500262
Mem total: 4.2484920703125
Throughput: 93.33333333333333

Flow 0:
partitions: [(0, 0.8334206666666667)]
path: {0}
Flow 1:
partitions: [(3, 0.8334206666666667)]
path: {0, 1}
Flow 2:
partitions: [(2, 0.8334206666666667)]
path: {1, 2}
Flow 3:
partitions: [(1, 0.8334206666666667)]
path: {2, 3}
--------------------------------------------------
Function: MIP.solve took 0.022188901901245117 seconds
Building model with:
4 devices, 4 partitions and 4 flows
Function: MIP.add_frac_mem_var took 6.961822509765625e-05 seconds
Function: MIP.add_coverage_constraints took 4.5299530029296875e-05 seconds
Function: MIP.add_accuracy_constraints took 8.344650268554688e-05 seconds
Function: MIP.add_capacity_constraints took 0.0002918243408203125 seconds
--------------------------------------------------
Starting model update
Model update took: 2.765655517578125e-05 s
--------------------------------------------------
Starting model optimize
Model optimize took: 0.0023207664489746094 seconds
--------------------------------------------------

VARIABLES ------------------------------
Objective: 10.001048
frac[3,2] 0.499738
frac[0,0] 0.833421
frac[3,3] 0.333683
frac[2,1] 0.333159
frac[2,2] 0.500262
frac[1,0] 0.166579
frac[1,1] 0.666841
mem[3,2] 2.54749
mem[0,0] 4.24849
mem[3,3] 1.701
mem[2,1] 1.69833
mem[2,2] 2.55016
mem[1,0] 0.849164
mem[1,1] 3.39933
mem_tot_CPU_8 4.24849
normalized_mem_tot_CPU_8 0.000129654
rows_tot_CPU_8 2.50026
normalized_rows_tot_CPU_8 0.208355
mem_tot_CPU_9 4.24849
normalized_mem_tot_CPU_9 0.000129654
rows_tot_CPU_9 2.50026
normalized_rows_tot_CPU_9 0.208355
mem_tot_CPU_10 4.24849
normalized_mem_tot_CPU_10 0.000129654
rows_tot_CPU_10 2.50026
normalized_rows_tot_CPU_10 0.208355
mem_tot_CPU_11 4.24849
normalized_mem_tot_CPU_11 0.000129654
rows_tot_CPU_11 2.50026
normalized_rows_tot_CPU_11 0.208355
max_mem_CPU_Cluster 0.000129613
max_rows_CPU_Cluster 0.208355
--------------------------------------------------

Sketch (8) (cm: eps0: 0.00625, del0: 0.05, min_mem: 1.69921875)
Par0 id: 8, Rows: 3
(0.833,0)    (0.167,1)    
Total frac: 1.000

Sketch (9) (cm: eps0: 0.00625, del0: 0.05, min_mem: 1.69921875)
Par0 id: 9, Rows: 3
(0.333,2)    (0.667,1)    
Total frac: 1.000

Sketch (10) (cm: eps0: 0.00625, del0: 0.05, min_mem: 1.69921875)
Par0 id: 10, Rows: 3
(0.500,3)    (0.500,2)    
Total frac: 1.000

Sketch (11) (cm: eps0: 0.00625, del0: 0.05, min_mem: 1.69921875)
Par0 id: 11, Rows: 3
(0.334,3)    
Total frac: 0.334

Device (0) CPU_8:
Rows total: 2.5002619999999998
Mem total: 4.2484920703124995

Device (1) CPU_9:
Rows total: 2.5002620000000007
Mem total: 4.248492070312501

Device (2) CPU_10:
Rows total: 2.500262
Mem total: 4.2484920703125

Device (3) CPU_11:
Rows total: 2.500262
Mem total: 4.2484920703125

Flow 0:
partitions: [(0, 1.0)]
path: {0, 1}
Flow 1:
partitions: [(1, 1.0)]
path: {1, 2}
Flow 2:
partitions: [(2, 1.0)]
path: {2, 3}
Flow 3:
partitions: [(3, 0.333682666666667)]
path: {3}
--------------------------------------------------

VARIABLES ------------------------------
Objective: 10.714285714285715
mem_tot_CPU_8 4.24849
m_access_time_CPU_8 0.536891
ns_single_CPU_8 10.0933
pdt_m_rows_CPU_8 1.34237
cores_sketch_CPU_8 1
cores_dpdk_CPU_8 6
ns_sketch_CPU_8 10.0933
pdt_nsk_c_CPU_8 10.0933
ns_dpdk_CPU_8 10.7143
pdt_nsc_dpdk_CPU_8 64.2857
ns_CPU_8 10.7143
--------------------------------------------------

VARIABLES ------------------------------
Objective: 10.714285714285715
mem_tot_CPU_9 4.24849
m_access_time_CPU_9 0.536891
ns_single_CPU_9 10.0933
pdt_m_rows_CPU_9 1.34237
cores_sketch_CPU_9 1
cores_dpdk_CPU_9 6
ns_sketch_CPU_9 10.0933
pdt_nsk_c_CPU_9 10.0933
ns_dpdk_CPU_9 10.7143
pdt_nsc_dpdk_CPU_9 64.2857
ns_CPU_9 10.7143
--------------------------------------------------

VARIABLES ------------------------------
Objective: 10.714285714285715
mem_tot_CPU_10 4.24849
m_access_time_CPU_10 0.536891
ns_single_CPU_10 10.0933
pdt_m_rows_CPU_10 1.34237
cores_sketch_CPU_10 1
cores_dpdk_CPU_10 6
ns_sketch_CPU_10 10.0933
pdt_nsk_c_CPU_10 10.0933
ns_dpdk_CPU_10 10.7143
pdt_nsc_dpdk_CPU_10 64.2857
ns_CPU_10 10.7143
--------------------------------------------------

VARIABLES ------------------------------
Objective: 10.714285714285715
mem_tot_CPU_11 4.24849
m_access_time_CPU_11 0.536891
ns_single_CPU_11 10.0933
pdt_m_rows_CPU_11 1.34237
cores_sketch_CPU_11 1
cores_dpdk_CPU_11 6
ns_sketch_CPU_11 10.0933
pdt_nsk_c_CPU_11 10.0933
ns_dpdk_CPU_11 10.7143
pdt_nsc_dpdk_CPU_11 64.2857
ns_CPU_11 10.7143
--------------------------------------------------

VARIABLES ------------------------------
Objective: 10.714285714285715
mem_tot_CPU_8 4.24849
m_access_time_CPU_8 0.536891
ns_single_CPU_8 10.0933
pdt_m_rows_CPU_8 1.34237
cores_sketch_CPU_8 1
cores_dpdk_CPU_8 6
ns_sketch_CPU_8 10.0933
pdt_nsk_c_CPU_8 10.0933
ns_dpdk_CPU_8 10.7143
pdt_nsc_dpdk_CPU_8 64.2857
ns_CPU_8 10.7143
--------------------------------------------------

VARIABLES ------------------------------
Objective: 10.714285714285715
mem_tot_CPU_9 4.24849
m_access_time_CPU_9 0.536891
ns_single_CPU_9 10.0933
pdt_m_rows_CPU_9 1.34237
cores_sketch_CPU_9 1
cores_dpdk_CPU_9 6
ns_sketch_CPU_9 10.0933
pdt_nsk_c_CPU_9 10.0933
ns_dpdk_CPU_9 10.7143
pdt_nsc_dpdk_CPU_9 64.2857
ns_CPU_9 10.7143
--------------------------------------------------

VARIABLES ------------------------------
Objective: 10.714285714285715
mem_tot_CPU_10 4.24849
m_access_time_CPU_10 0.536891
ns_single_CPU_10 10.0933
pdt_m_rows_CPU_10 1.34237
cores_sketch_CPU_10 1
cores_dpdk_CPU_10 6
ns_sketch_CPU_10 10.0933
pdt_nsk_c_CPU_10 10.0933
ns_dpdk_CPU_10 10.7143
pdt_nsc_dpdk_CPU_10 64.2857
ns_CPU_10 10.7143
--------------------------------------------------

VARIABLES ------------------------------
Objective: 10.714285714285715
mem_tot_CPU_11 4.24849
m_access_time_CPU_11 0.536891
ns_single_CPU_11 10.0933
pdt_m_rows_CPU_11 1.34237
cores_sketch_CPU_11 1
cores_dpdk_CPU_11 6
ns_sketch_CPU_11 10.0933
pdt_nsk_c_CPU_11 10.0933
ns_dpdk_CPU_11 10.7143
pdt_nsc_dpdk_CPU_11 64.2857
ns_CPU_11 10.7143
--------------------------------------------------

Throughput: 93.33333333333333 Mpps, ns per packet: 10.714285714285715
Resources: 280.0020744590187
Used Cores: 27.999999999999993, Total CPUS: 4, Switch Memory: 0

Sketch (8) (cm: eps0: 0.00625, del0: 0.05, min_mem: 1.69921875)
Par0 id: 8, Rows: 3
(0.833,0)    (0.167,1)    
Total frac: 1.000

Sketch (9) (cm: eps0: 0.00625, del0: 0.05, min_mem: 1.69921875)
Par0 id: 9, Rows: 3
(0.333,2)    (0.667,1)    
Total frac: 1.000

Sketch (10) (cm: eps0: 0.00625, del0: 0.05, min_mem: 1.69921875)
Par0 id: 10, Rows: 3
(0.500,3)    (0.500,2)    
Total frac: 1.000

Sketch (11) (cm: eps0: 0.00625, del0: 0.05, min_mem: 1.69921875)
Par0 id: 11, Rows: 3
(0.334,3)    
Total frac: 0.334

Device (0) CPU_8:
cores_sketch: 1.0, cores_dpdk: 5.999999999999998
Rows total: 2.5002619999999998
Mem total: 4.2484920703124995
Throughput: 93.33333333333333

Device (1) CPU_9:
cores_sketch: 1.0, cores_dpdk: 5.999999999999998
Rows total: 2.5002620000000007
Mem total: 4.248492070312501
Throughput: 93.33333333333333

Device (2) CPU_10:
cores_sketch: 1.0, cores_dpdk: 5.999999999999998
Rows total: 2.500262
Mem total: 4.2484920703125
Throughput: 93.33333333333333

Device (3) CPU_11:
cores_sketch: 1.0, cores_dpdk: 5.999999999999998
Rows total: 2.500262
Mem total: 4.2484920703125
Throughput: 93.33333333333333

Flow 0:
partitions: [(0, 1.0)]
path: {0, 1}
Flow 1:
partitions: [(1, 1.0)]
path: {1, 2}
Flow 2:
partitions: [(2, 1.0)]
path: {2, 3}
Flow 3:
partitions: [(3, 0.333682666666667)]
path: {3}
--------------------------------------------------
Function: MIP.solve took 0.0231168270111084 seconds
Building model with:
4 devices, 5 partitions and 5 flows
Function: MIP.add_frac_mem_var took 7.891654968261719e-05 seconds
Function: MIP.add_coverage_constraints took 5.412101745605469e-05 seconds
Function: MIP.add_accuracy_constraints took 9.417533874511719e-05 seconds
Function: MIP.add_capacity_constraints took 0.0002987384796142578 seconds
--------------------------------------------------
Starting model update
Model update took: 2.86102294921875e-05 s
--------------------------------------------------
Starting model optimize
Model optimize took: 0.0018248558044433594 seconds
--------------------------------------------------

VARIABLES ------------------------------
Objective: 10.001048
frac[0,1] 0.666317
frac[3,2] 0
frac[1,3] 0.555788
frac[3,0] 1
frac[2,2] 0.555788
frac[1,4] 0.222106
frac[2,3] 0
frac[0,4] 0.333683
mem[0,1] 3.39666
mem[3,2] 0
mem[1,3] 2.83322
mem[3,0] 5.09766
mem[2,2] 2.83322
mem[1,4] 1.13222
mem[2,3] 0
mem[0,4] 1.701
mem_tot_CPU_12 5.09766
normalized_mem_tot_CPU_12 0.000155568
rows_tot_CPU_12 3
normalized_rows_tot_CPU_12 0.25
mem_tot_CPU_13 3.96544
normalized_mem_tot_CPU_13 0.000121016
rows_tot_CPU_13 2.33368
normalized_rows_tot_CPU_13 0.194474
mem_tot_CPU_14 2.83322
normalized_mem_tot_CPU_14 8.6463e-05
rows_tot_CPU_14 1.66737
normalized_rows_tot_CPU_14 0.138947
mem_tot_CPU_15 5.09766
normalized_mem_tot_CPU_15 0.000155568
rows_tot_CPU_15 3
normalized_rows_tot_CPU_15 0.25
max_mem_CPU_Cluster 0.000155568
max_rows_CPU_Cluster 0.25
--------------------------------------------------

Sketch (15) (cm: eps0: 0.00625, del0: 0.05, min_mem: 1.69921875)
Par0 id: 15, Rows: 3
(1.000,3)    
Total frac: 1.000

Sketch (11) (cm: eps0: 0.00625, del0: 0.05, min_mem: 1.69921875)
Par0 id: 11, Rows: 3
(0.666,0)    
Total frac: 0.666

Sketch (14) (cm: eps0: 0.00625, del0: 0.05, min_mem: 1.69921875)
Par0 id: 14, Rows: 3
(0.000,3)    (0.556,2)    
Total frac: 0.556

Sketch (13) (cm: eps0: 0.00625, del0: 0.05, min_mem: 1.69921875)
Par0 id: 13, Rows: 3
(0.556,1)    (0.000,2)    
Total frac: 0.556

Sketch (12) (cm: eps0: 0.00625, del0: 0.05, min_mem: 1.69921875)
Par0 id: 12, Rows: 3
(0.222,1)    (0.334,0)    
Total frac: 0.556

Device (0) CPU_12:
Rows total: 3.0000000000000004
Mem total: 5.097656250000001

Device (1) CPU_13:
Rows total: 2.3336826666666663
Mem total: 3.9654373437499992

Device (2) CPU_14:
Rows total: 1.667365333333334
Mem total: 2.833218437500001

Device (3) CPU_15:
Rows total: 3.0
Mem total: 5.09765625

Flow 0:
partitions: [(1, 0.666317333333333)]
path: {0}
Flow 1:
partitions: [(4, 0.5557884444444446)]
path: {0, 1}
Flow 2:
partitions: [(3, 0.5557884444444446)]
path: {1, 2}
Flow 3:
partitions: [(2, 0.5557884444444446)]
path: {2, 3}
Flow 4:
partitions: [(0, 1.0)]
path: {3}
--------------------------------------------------

VARIABLES ------------------------------
Objective: 11.42857142857143
mem_tot_CPU_12 5.09766
m_access_time_CPU_12 0.536096
ns_single_CPU_12 12.1083
pdt_m_rows_CPU_12 1.60829
cores_sketch_CPU_12 2
cores_dpdk_CPU_12 5
ns_sketch_CPU_12 6.05414
pdt_nsk_c_CPU_12 12.1083
ns_dpdk_CPU_12 11.4286
pdt_nsc_dpdk_CPU_12 57.1429
ns_CPU_12 11.4286
--------------------------------------------------

VARIABLES ------------------------------
Objective: 10.714285714285715
mem_tot_CPU_13 3.96544
m_access_time_CPU_13 0.537156
ns_single_CPU_13 9.42144
pdt_m_rows_CPU_13 1.25355
cores_sketch_CPU_13 1
cores_dpdk_CPU_13 6
ns_sketch_CPU_13 9.42144
pdt_nsk_c_CPU_13 9.42144
ns_dpdk_CPU_13 10.7143
pdt_nsc_dpdk_CPU_13 64.2857
ns_CPU_13 10.7143
--------------------------------------------------

VARIABLES ------------------------------
Objective: 10.714285714285715
mem_tot_CPU_14 2.83322
m_access_time_CPU_14 0.538217
ns_single_CPU_14 6.73318
pdt_m_rows_CPU_14 0.897405
cores_sketch_CPU_14 1
cores_dpdk_CPU_14 6
ns_sketch_CPU_14 6.73318
pdt_nsk_c_CPU_14 6.73318
ns_dpdk_CPU_14 10.7143
pdt_nsc_dpdk_CPU_14 64.2857
ns_CPU_14 10.7143
--------------------------------------------------

VARIABLES ------------------------------
Objective: 11.42857142857143
mem_tot_CPU_15 5.09766
m_access_time_CPU_15 0.536096
ns_single_CPU_15 12.1083
pdt_m_rows_CPU_15 1.60829
cores_sketch_CPU_15 2
cores_dpdk_CPU_15 5
ns_sketch_CPU_15 6.05414
pdt_nsk_c_CPU_15 12.1083
ns_dpdk_CPU_15 11.4286
pdt_nsc_dpdk_CPU_15 57.1429
ns_CPU_15 11.4286
--------------------------------------------------

VARIABLES ------------------------------
Objective: 11.42857142857143
mem_tot_CPU_12 5.09766
m_access_time_CPU_12 0.536096
ns_single_CPU_12 12.1083
pdt_m_rows_CPU_12 1.60829
cores_sketch_CPU_12 2
cores_dpdk_CPU_12 5
ns_sketch_CPU_12 6.05414
pdt_nsk_c_CPU_12 12.1083
ns_dpdk_CPU_12 11.4286
pdt_nsc_dpdk_CPU_12 57.1429
ns_CPU_12 11.4286
--------------------------------------------------

VARIABLES ------------------------------
Objective: 11.42857142857143
mem_tot_CPU_13 3.96544
m_access_time_CPU_13 0.537156
ns_single_CPU_13 9.42144
pdt_m_rows_CPU_13 1.25355
cores_sketch_CPU_13 1
cores_dpdk_CPU_13 5
ns_sketch_CPU_13 9.42144
pdt_nsk_c_CPU_13 9.42144
ns_dpdk_CPU_13 11.4286
pdt_nsc_dpdk_CPU_13 57.1429
ns_CPU_13 11.4286
--------------------------------------------------

VARIABLES ------------------------------
Objective: 11.42857142857143
mem_tot_CPU_14 2.83322
m_access_time_CPU_14 0.538217
ns_single_CPU_14 6.73318
pdt_m_rows_CPU_14 0.897405
cores_sketch_CPU_14 1
cores_dpdk_CPU_14 5
ns_sketch_CPU_14 6.73318
pdt_nsk_c_CPU_14 6.73318
ns_dpdk_CPU_14 11.4286
pdt_nsc_dpdk_CPU_14 57.1429
ns_CPU_14 11.4286
--------------------------------------------------

VARIABLES ------------------------------
Objective: 11.42857142857143
mem_tot_CPU_15 5.09766
m_access_time_CPU_15 0.536096
ns_single_CPU_15 12.1083
pdt_m_rows_CPU_15 1.60829
cores_sketch_CPU_15 2
cores_dpdk_CPU_15 5
ns_sketch_CPU_15 6.05414
pdt_nsk_c_CPU_15 12.1083
ns_dpdk_CPU_15 11.4286
pdt_nsc_dpdk_CPU_15 57.1429
ns_CPU_15 11.4286
--------------------------------------------------

Throughput: 87.49999999999999 Mpps, ns per packet: 11.42857142857143
Resources: 260.0020744590187
Used Cores: 25.999999999999993, Total CPUS: 4, Switch Memory: 0

Sketch (15) (cm: eps0: 0.00625, del0: 0.05, min_mem: 1.69921875)
Par0 id: 15, Rows: 3
(1.000,3)    
Total frac: 1.000

Sketch (11) (cm: eps0: 0.00625, del0: 0.05, min_mem: 1.69921875)
Par0 id: 11, Rows: 3
(0.666,0)    
Total frac: 0.666

Sketch (14) (cm: eps0: 0.00625, del0: 0.05, min_mem: 1.69921875)
Par0 id: 14, Rows: 3
(0.000,3)    (0.556,2)    
Total frac: 0.556

Sketch (13) (cm: eps0: 0.00625, del0: 0.05, min_mem: 1.69921875)
Par0 id: 13, Rows: 3
(0.556,1)    (0.000,2)    
Total frac: 0.556

Sketch (12) (cm: eps0: 0.00625, del0: 0.05, min_mem: 1.69921875)
Par0 id: 12, Rows: 3
(0.222,1)    (0.334,0)    
Total frac: 0.556

Device (0) CPU_12:
cores_sketch: 2.0000000000000004, cores_dpdk: 4.9999999999999964
Rows total: 3.0000000000000004
Mem total: 5.097656250000001
Throughput: 87.49999999999999

Device (1) CPU_13:
cores_sketch: 1.0, cores_dpdk: 5.0
Rows total: 2.3336826666666663
Mem total: 3.9654373437499992
Throughput: 87.49999999999999

Device (2) CPU_14:
cores_sketch: 1.0, cores_dpdk: 5.0
Rows total: 1.667365333333334
Mem total: 2.833218437500001
Throughput: 87.49999999999999

Device (3) CPU_15:
cores_sketch: 2.0, cores_dpdk: 4.9999999999999964
Rows total: 3.0
Mem total: 5.09765625
Throughput: 87.49999999999999

Flow 0:
partitions: [(1, 0.666317333333333)]
path: {0}
Flow 1:
partitions: [(4, 0.5557884444444446)]
path: {0, 1}
Flow 2:
partitions: [(3, 0.5557884444444446)]
path: {1, 2}
Flow 3:
partitions: [(2, 0.5557884444444446)]
path: {2, 3}
Flow 4:
partitions: [(0, 1.0)]
path: {3}
--------------------------------------------------
Function: MIP.solve took 0.021726131439208984 seconds
Building model with:
4 devices, 4 partitions and 4 flows
Function: MIP.add_frac_mem_var took 7.581710815429688e-05 seconds
Function: MIP.add_coverage_constraints took 4.5299530029296875e-05 seconds
Function: MIP.add_accuracy_constraints took 8.416175842285156e-05 seconds
Function: MIP.add_capacity_constraints took 0.0002925395965576172 seconds
--------------------------------------------------
Starting model update
Model update took: 2.7894973754882812e-05 s
--------------------------------------------------
Starting model optimize
Model optimize took: 0.0018310546875 seconds
--------------------------------------------------

VARIABLES ------------------------------
Objective: 10.001048
frac[1,2] 0
frac[1,3] 0.833421
frac[3,0] 0
frac[3,1] 0.833421
frac[2,0] 0.833421
frac[2,3] 0
frac[0,2] 0.833421
mem[1,2] 0
mem[1,3] 4.24849
mem[3,0] 0
mem[3,1] 4.24849
mem[2,0] 4.24849
mem[2,3] 0
mem[0,2] 4.24849
mem_tot_CPU_16 4.24849
normalized_mem_tot_CPU_16 0.000129654
rows_tot_CPU_16 2.50026
normalized_rows_tot_CPU_16 0.208355
mem_tot_CPU_17 4.24849
normalized_mem_tot_CPU_17 0.000129654
rows_tot_CPU_17 2.50026
normalized_rows_tot_CPU_17 0.208355
mem_tot_CPU_18 4.24849
normalized_mem_tot_CPU_18 0.000129654
rows_tot_CPU_18 2.50026
normalized_rows_tot_CPU_18 0.208355
mem_tot_CPU_19 4.24849
normalized_mem_tot_CPU_19 0.000129654
rows_tot_CPU_19 2.50026
normalized_rows_tot_CPU_19 0.208355
max_mem_CPU_Cluster 0.000129654
max_rows_CPU_Cluster 0.208355
--------------------------------------------------

Sketch (18) (cm: eps0: 0.00625, del0: 0.05, min_mem: 1.69921875)
Par0 id: 18, Rows: 3
(0.000,3)    (0.833,2)    
Total frac: 0.833

Sketch (19) (cm: eps0: 0.00625, del0: 0.05, min_mem: 1.69921875)
Par0 id: 19, Rows: 3
(0.833,3)    
Total frac: 0.833

Sketch (16) (cm: eps0: 0.00625, del0: 0.05, min_mem: 1.69921875)
Par0 id: 16, Rows: 3
(0.000,1)    (0.833,0)    
Total frac: 0.833

Sketch (17) (cm: eps0: 0.00625, del0: 0.05, min_mem: 1.69921875)
Par0 id: 17, Rows: 3
(0.833,1)    (0.000,2)    
Total frac: 0.833

Device (0) CPU_16:
Rows total: 2.500262
Mem total: 4.2484920703125

Device (1) CPU_17:
Rows total: 2.5002619999999998
Mem total: 4.2484920703124995

Device (2) CPU_18:
Rows total: 2.5002619999999998
Mem total: 4.2484920703124995

Device (3) CPU_19:
Rows total: 2.5002619999999998
Mem total: 4.2484920703124995

Flow 0:
partitions: [(2, 0.8334206666666667)]
path: {0, 1}
Flow 1:
partitions: [(3, 0.8334206666666667)]
path: {1, 2}
Flow 2:
partitions: [(0, 0.8334206666666667)]
path: {2, 3}
Flow 3:
partitions: [(1, 0.8334206666666667)]
path: {3}
--------------------------------------------------

VARIABLES ------------------------------
Objective: 10.714285714285715
mem_tot_CPU_16 4.24849
m_access_time_CPU_16 0.536891
ns_single_CPU_16 10.0933
pdt_m_rows_CPU_16 1.34237
cores_sketch_CPU_16 1
cores_dpdk_CPU_16 6
ns_sketch_CPU_16 10.0933
pdt_nsk_c_CPU_16 10.0933
ns_dpdk_CPU_16 10.7143
pdt_nsc_dpdk_CPU_16 64.2857
ns_CPU_16 10.7143
--------------------------------------------------

VARIABLES ------------------------------
Objective: 10.714285714285715
mem_tot_CPU_17 4.24849
m_access_time_CPU_17 0.536891
ns_single_CPU_17 10.0933
pdt_m_rows_CPU_17 1.34237
cores_sketch_CPU_17 1
cores_dpdk_CPU_17 6
ns_sketch_CPU_17 10.0933
pdt_nsk_c_CPU_17 10.0933
ns_dpdk_CPU_17 10.7143
pdt_nsc_dpdk_CPU_17 64.2857
ns_CPU_17 10.7143
--------------------------------------------------

VARIABLES ------------------------------
Objective: 10.714285714285715
mem_tot_CPU_18 4.24849
m_access_time_CPU_18 0.536891
ns_single_CPU_18 10.0933
pdt_m_rows_CPU_18 1.34237
cores_sketch_CPU_18 1
cores_dpdk_CPU_18 6
ns_sketch_CPU_18 10.0933
pdt_nsk_c_CPU_18 10.0933
ns_dpdk_CPU_18 10.7143
pdt_nsc_dpdk_CPU_18 64.2857
ns_CPU_18 10.7143
--------------------------------------------------

VARIABLES ------------------------------
Objective: 10.714285714285715
mem_tot_CPU_19 4.24849
m_access_time_CPU_19 0.536891
ns_single_CPU_19 10.0933
pdt_m_rows_CPU_19 1.34237
cores_sketch_CPU_19 1
cores_dpdk_CPU_19 6
ns_sketch_CPU_19 10.0933
pdt_nsk_c_CPU_19 10.0933
ns_dpdk_CPU_19 10.7143
pdt_nsc_dpdk_CPU_19 64.2857
ns_CPU_19 10.7143
--------------------------------------------------

VARIABLES ------------------------------
Objective: 10.714285714285715
mem_tot_CPU_16 4.24849
m_access_time_CPU_16 0.536891
ns_single_CPU_16 10.0933
pdt_m_rows_CPU_16 1.34237
cores_sketch_CPU_16 1
cores_dpdk_CPU_16 6
ns_sketch_CPU_16 10.0933
pdt_nsk_c_CPU_16 10.0933
ns_dpdk_CPU_16 10.7143
pdt_nsc_dpdk_CPU_16 64.2857
ns_CPU_16 10.7143
--------------------------------------------------

VARIABLES ------------------------------
Objective: 10.714285714285715
mem_tot_CPU_17 4.24849
m_access_time_CPU_17 0.536891
ns_single_CPU_17 10.0933
pdt_m_rows_CPU_17 1.34237
cores_sketch_CPU_17 1
cores_dpdk_CPU_17 6
ns_sketch_CPU_17 10.0933
pdt_nsk_c_CPU_17 10.0933
ns_dpdk_CPU_17 10.7143
pdt_nsc_dpdk_CPU_17 64.2857
ns_CPU_17 10.7143
--------------------------------------------------

VARIABLES ------------------------------
Objective: 10.714285714285715
mem_tot_CPU_18 4.24849
m_access_time_CPU_18 0.536891
ns_single_CPU_18 10.0933
pdt_m_rows_CPU_18 1.34237
cores_sketch_CPU_18 1
cores_dpdk_CPU_18 6
ns_sketch_CPU_18 10.0933
pdt_nsk_c_CPU_18 10.0933
ns_dpdk_CPU_18 10.7143
pdt_nsc_dpdk_CPU_18 64.2857
ns_CPU_18 10.7143
--------------------------------------------------

VARIABLES ------------------------------
Objective: 10.714285714285715
mem_tot_CPU_19 4.24849
m_access_time_CPU_19 0.536891
ns_single_CPU_19 10.0933
pdt_m_rows_CPU_19 1.34237
cores_sketch_CPU_19 1
cores_dpdk_CPU_19 6
ns_sketch_CPU_19 10.0933
pdt_nsk_c_CPU_19 10.0933
ns_dpdk_CPU_19 10.7143
pdt_nsc_dpdk_CPU_19 64.2857
ns_CPU_19 10.7143
--------------------------------------------------

Throughput: 93.33333333333333 Mpps, ns per packet: 10.714285714285715
Resources: 280.0020744590187
Used Cores: 27.999999999999993, Total CPUS: 4, Switch Memory: 0

Sketch (18) (cm: eps0: 0.00625, del0: 0.05, min_mem: 1.69921875)
Par0 id: 18, Rows: 3
(0.000,3)    (0.833,2)    
Total frac: 0.833

Sketch (19) (cm: eps0: 0.00625, del0: 0.05, min_mem: 1.69921875)
Par0 id: 19, Rows: 3
(0.833,3)    
Total frac: 0.833

Sketch (16) (cm: eps0: 0.00625, del0: 0.05, min_mem: 1.69921875)
Par0 id: 16, Rows: 3
(0.000,1)    (0.833,0)    
Total frac: 0.833

Sketch (17) (cm: eps0: 0.00625, del0: 0.05, min_mem: 1.69921875)
Par0 id: 17, Rows: 3
(0.833,1)    (0.000,2)    
Total frac: 0.833

Device (0) CPU_16:
cores_sketch: 1.0, cores_dpdk: 5.999999999999998
Rows total: 2.500262
Mem total: 4.2484920703125
Throughput: 93.33333333333333

Device (1) CPU_17:
cores_sketch: 1.0, cores_dpdk: 5.999999999999998
Rows total: 2.5002619999999998
Mem total: 4.2484920703124995
Throughput: 93.33333333333333

Device (2) CPU_18:
cores_sketch: 1.0, cores_dpdk: 5.999999999999998
Rows total: 2.5002619999999998
Mem total: 4.2484920703124995
Throughput: 93.33333333333333

Device (3) CPU_19:
cores_sketch: 1.0, cores_dpdk: 5.999999999999998
Rows total: 2.5002619999999998
Mem total: 4.2484920703124995
Throughput: 93.33333333333333

Flow 0:
partitions: [(2, 0.8334206666666667)]
path: {0, 1}
Flow 1:
partitions: [(3, 0.8334206666666667)]
path: {1, 2}
Flow 2:
partitions: [(0, 0.8334206666666667)]
path: {2, 3}
Flow 3:
partitions: [(1, 0.8334206666666667)]
path: {3}
--------------------------------------------------
Function: MIP.solve took 0.02193140983581543 seconds
--------------------------------------------------
Clustered Optimization complete
--------------------------------------------------

VARIABLES ------------------------------
Objective: 10.204081632653063
mem_tot_CPU_0 0
m_access_time_CPU_0 0
ns_single_CPU_0 0
pdt_m_rows_CPU_0 0
cores_sketch_CPU_0 0
cores_dpdk_CPU_0 7
ns_sketch_CPU_0 10.2041
pdt_nsk_c_CPU_0 0
ns_dpdk_CPU_0 10.2041
pdt_nsc_dpdk_CPU_0 71.4286
ns_CPU_0 10.2041
--------------------------------------------------

VARIABLES ------------------------------
Objective: 10.204081632653063
mem_tot_CPU_1 0
m_access_time_CPU_1 0
ns_single_CPU_1 0
pdt_m_rows_CPU_1 0
cores_sketch_CPU_1 0
cores_dpdk_CPU_1 7
ns_sketch_CPU_1 10.2041
pdt_nsk_c_CPU_1 0
ns_dpdk_CPU_1 10.2041
pdt_nsc_dpdk_CPU_1 71.4286
ns_CPU_1 10.2041
--------------------------------------------------

VARIABLES ------------------------------
Objective: 10.204081632653063
mem_tot_CPU_2 0
m_access_time_CPU_2 0
ns_single_CPU_2 0
pdt_m_rows_CPU_2 0
cores_sketch_CPU_2 0
cores_dpdk_CPU_2 7
ns_sketch_CPU_2 10.2041
pdt_nsk_c_CPU_2 0
ns_dpdk_CPU_2 10.2041
pdt_nsc_dpdk_CPU_2 71.4286
ns_CPU_2 10.2041
--------------------------------------------------

VARIABLES ------------------------------
Objective: 10.204081632653063
mem_tot_CPU_3 0
m_access_time_CPU_3 0
ns_single_CPU_3 0
pdt_m_rows_CPU_3 0
cores_sketch_CPU_3 0
cores_dpdk_CPU_3 7
ns_sketch_CPU_3 10.2041
pdt_nsk_c_CPU_3 0
ns_dpdk_CPU_3 10.2041
pdt_nsc_dpdk_CPU_3 71.4286
ns_CPU_3 10.2041
--------------------------------------------------

VARIABLES ------------------------------
Objective: 10.714285714285715
mem_tot_CPU_4 4.24849
m_access_time_CPU_4 0.536891
ns_single_CPU_4 10.0933
pdt_m_rows_CPU_4 1.34237
cores_sketch_CPU_4 1
cores_dpdk_CPU_4 6
ns_sketch_CPU_4 10.0933
pdt_nsk_c_CPU_4 10.0933
ns_dpdk_CPU_4 10.7143
pdt_nsc_dpdk_CPU_4 64.2857
ns_CPU_4 10.7143
--------------------------------------------------

VARIABLES ------------------------------
Objective: 10.714285714285715
mem_tot_CPU_5 4.24849
m_access_time_CPU_5 0.536891
ns_single_CPU_5 10.0933
pdt_m_rows_CPU_5 1.34237
cores_sketch_CPU_5 1
cores_dpdk_CPU_5 6
ns_sketch_CPU_5 10.0933
pdt_nsk_c_CPU_5 10.0933
ns_dpdk_CPU_5 10.7143
pdt_nsc_dpdk_CPU_5 64.2857
ns_CPU_5 10.7143
--------------------------------------------------

VARIABLES ------------------------------
Objective: 10.714285714285715
mem_tot_CPU_6 4.24849
m_access_time_CPU_6 0.536891
ns_single_CPU_6 10.0933
pdt_m_rows_CPU_6 1.34237
cores_sketch_CPU_6 1
cores_dpdk_CPU_6 6
ns_sketch_CPU_6 10.0933
pdt_nsk_c_CPU_6 10.0933
ns_dpdk_CPU_6 10.7143
pdt_nsc_dpdk_CPU_6 64.2857
ns_CPU_6 10.7143
--------------------------------------------------

VARIABLES ------------------------------
Objective: 10.714285714285715
mem_tot_CPU_7 4.24849
m_access_time_CPU_7 0.536891
ns_single_CPU_7 10.0933
pdt_m_rows_CPU_7 1.34237
cores_sketch_CPU_7 1
cores_dpdk_CPU_7 6
ns_sketch_CPU_7 10.0933
pdt_nsk_c_CPU_7 10.0933
ns_dpdk_CPU_7 10.7143
pdt_nsc_dpdk_CPU_7 64.2857
ns_CPU_7 10.7143
--------------------------------------------------

VARIABLES ------------------------------
Objective: 10.714285714285715
mem_tot_CPU_8 4.24849
m_access_time_CPU_8 0.536891
ns_single_CPU_8 10.0933
pdt_m_rows_CPU_8 1.34237
cores_sketch_CPU_8 1
cores_dpdk_CPU_8 6
ns_sketch_CPU_8 10.0933
pdt_nsk_c_CPU_8 10.0933
ns_dpdk_CPU_8 10.7143
pdt_nsc_dpdk_CPU_8 64.2857
ns_CPU_8 10.7143
--------------------------------------------------

VARIABLES ------------------------------
Objective: 10.714285714285715
mem_tot_CPU_9 4.24849
m_access_time_CPU_9 0.536891
ns_single_CPU_9 10.0933
pdt_m_rows_CPU_9 1.34237
cores_sketch_CPU_9 1
cores_dpdk_CPU_9 6
ns_sketch_CPU_9 10.0933
pdt_nsk_c_CPU_9 10.0933
ns_dpdk_CPU_9 10.7143
pdt_nsc_dpdk_CPU_9 64.2857
ns_CPU_9 10.7143
--------------------------------------------------

VARIABLES ------------------------------
Objective: 10.714285714285715
mem_tot_CPU_10 4.24849
m_access_time_CPU_10 0.536891
ns_single_CPU_10 10.0933
pdt_m_rows_CPU_10 1.34237
cores_sketch_CPU_10 1
cores_dpdk_CPU_10 6
ns_sketch_CPU_10 10.0933
pdt_nsk_c_CPU_10 10.0933
ns_dpdk_CPU_10 10.7143
pdt_nsc_dpdk_CPU_10 64.2857
ns_CPU_10 10.7143
--------------------------------------------------

VARIABLES ------------------------------
Objective: 10.714285714285715
mem_tot_CPU_11 4.24849
m_access_time_CPU_11 0.536891
ns_single_CPU_11 10.0933
pdt_m_rows_CPU_11 1.34237
cores_sketch_CPU_11 1
cores_dpdk_CPU_11 6
ns_sketch_CPU_11 10.0933
pdt_nsk_c_CPU_11 10.0933
ns_dpdk_CPU_11 10.7143
pdt_nsc_dpdk_CPU_11 64.2857
ns_CPU_11 10.7143
--------------------------------------------------

VARIABLES ------------------------------
Objective: 11.42857142857143
mem_tot_CPU_12 5.09766
m_access_time_CPU_12 0.536096
ns_single_CPU_12 12.1083
pdt_m_rows_CPU_12 1.60829
cores_sketch_CPU_12 2
cores_dpdk_CPU_12 5
ns_sketch_CPU_12 6.05414
pdt_nsk_c_CPU_12 12.1083
ns_dpdk_CPU_12 11.4286
pdt_nsc_dpdk_CPU_12 57.1429
ns_CPU_12 11.4286
--------------------------------------------------

VARIABLES ------------------------------
Objective: 10.714285714285715
mem_tot_CPU_13 3.96544
m_access_time_CPU_13 0.537156
ns_single_CPU_13 9.42144
pdt_m_rows_CPU_13 1.25355
cores_sketch_CPU_13 1
cores_dpdk_CPU_13 6
ns_sketch_CPU_13 9.42144
pdt_nsk_c_CPU_13 9.42144
ns_dpdk_CPU_13 10.7143
pdt_nsc_dpdk_CPU_13 64.2857
ns_CPU_13 10.7143
--------------------------------------------------

VARIABLES ------------------------------
Objective: 10.714285714285715
mem_tot_CPU_14 2.83322
m_access_time_CPU_14 0.538217
ns_single_CPU_14 6.73318
pdt_m_rows_CPU_14 0.897405
cores_sketch_CPU_14 1
cores_dpdk_CPU_14 6
ns_sketch_CPU_14 6.73318
pdt_nsk_c_CPU_14 6.73318
ns_dpdk_CPU_14 10.7143
pdt_nsc_dpdk_CPU_14 64.2857
ns_CPU_14 10.7143
--------------------------------------------------

VARIABLES ------------------------------
Objective: 11.42857142857143
mem_tot_CPU_15 5.09766
m_access_time_CPU_15 0.536096
ns_single_CPU_15 12.1083
pdt_m_rows_CPU_15 1.60829
cores_sketch_CPU_15 2
cores_dpdk_CPU_15 5
ns_sketch_CPU_15 6.05414
pdt_nsk_c_CPU_15 12.1083
ns_dpdk_CPU_15 11.4286
pdt_nsc_dpdk_CPU_15 57.1429
ns_CPU_15 11.4286
--------------------------------------------------

VARIABLES ------------------------------
Objective: 10.714285714285715
mem_tot_CPU_16 4.24849
m_access_time_CPU_16 0.536891
ns_single_CPU_16 10.0933
pdt_m_rows_CPU_16 1.34237
cores_sketch_CPU_16 1
cores_dpdk_CPU_16 6
ns_sketch_CPU_16 10.0933
pdt_nsk_c_CPU_16 10.0933
ns_dpdk_CPU_16 10.7143
pdt_nsc_dpdk_CPU_16 64.2857
ns_CPU_16 10.7143
--------------------------------------------------

VARIABLES ------------------------------
Objective: 10.714285714285715
mem_tot_CPU_17 4.24849
m_access_time_CPU_17 0.536891
ns_single_CPU_17 10.0933
pdt_m_rows_CPU_17 1.34237
cores_sketch_CPU_17 1
cores_dpdk_CPU_17 6
ns_sketch_CPU_17 10.0933
pdt_nsk_c_CPU_17 10.0933
ns_dpdk_CPU_17 10.7143
pdt_nsc_dpdk_CPU_17 64.2857
ns_CPU_17 10.7143
--------------------------------------------------

VARIABLES ------------------------------
Objective: 10.714285714285715
mem_tot_CPU_18 4.24849
m_access_time_CPU_18 0.536891
ns_single_CPU_18 10.0933
pdt_m_rows_CPU_18 1.34237
cores_sketch_CPU_18 1
cores_dpdk_CPU_18 6
ns_sketch_CPU_18 10.0933
pdt_nsk_c_CPU_18 10.0933
ns_dpdk_CPU_18 10.7143
pdt_nsc_dpdk_CPU_18 64.2857
ns_CPU_18 10.7143
--------------------------------------------------

VARIABLES ------------------------------
Objective: 10.714285714285715
mem_tot_CPU_19 4.24849
m_access_time_CPU_19 0.536891
ns_single_CPU_19 10.0933
pdt_m_rows_CPU_19 1.34237
cores_sketch_CPU_19 1
cores_dpdk_CPU_19 6
ns_sketch_CPU_19 10.0933
pdt_nsk_c_CPU_19 10.0933
ns_dpdk_CPU_19 10.7143
pdt_nsc_dpdk_CPU_19 64.2857
ns_CPU_19 10.7143
--------------------------------------------------

VARIABLES ------------------------------
Objective: 6.756756756756757
mem_tot_P4_1 33.9772
ns_P4_1 6.75676
--------------------------------------------------

VARIABLES ------------------------------
Objective: 11.42857142857143
mem_tot_CPU_0 0
m_access_time_CPU_0 0
ns_single_CPU_0 0
pdt_m_rows_CPU_0 0
cores_sketch_CPU_0 0
cores_dpdk_CPU_0 5
ns_sketch_CPU_0 11.4286
pdt_nsk_c_CPU_0 0
ns_dpdk_CPU_0 11.4286
pdt_nsc_dpdk_CPU_0 57.1429
ns_CPU_0 11.4286
--------------------------------------------------

VARIABLES ------------------------------
Objective: 11.42857142857143
mem_tot_CPU_1 0
m_access_time_CPU_1 0
ns_single_CPU_1 0
pdt_m_rows_CPU_1 0
cores_sketch_CPU_1 0
cores_dpdk_CPU_1 5
ns_sketch_CPU_1 11.4286
pdt_nsk_c_CPU_1 0
ns_dpdk_CPU_1 11.4286
pdt_nsc_dpdk_CPU_1 57.1429
ns_CPU_1 11.4286
--------------------------------------------------

VARIABLES ------------------------------
Objective: 11.42857142857143
mem_tot_CPU_2 0
m_access_time_CPU_2 0
ns_single_CPU_2 0
pdt_m_rows_CPU_2 0
cores_sketch_CPU_2 0
cores_dpdk_CPU_2 5
ns_sketch_CPU_2 11.4286
pdt_nsk_c_CPU_2 0
ns_dpdk_CPU_2 11.4286
pdt_nsc_dpdk_CPU_2 57.1429
ns_CPU_2 11.4286
--------------------------------------------------

VARIABLES ------------------------------
Objective: 11.42857142857143
mem_tot_CPU_3 0
m_access_time_CPU_3 0
ns_single_CPU_3 0
pdt_m_rows_CPU_3 0
cores_sketch_CPU_3 0
cores_dpdk_CPU_3 5
ns_sketch_CPU_3 11.4286
pdt_nsk_c_CPU_3 0
ns_dpdk_CPU_3 11.4286
pdt_nsc_dpdk_CPU_3 57.1429
ns_CPU_3 11.4286
--------------------------------------------------

VARIABLES ------------------------------
Objective: 11.42857142857143
mem_tot_CPU_4 4.24849
m_access_time_CPU_4 0.536891
ns_single_CPU_4 10.0933
pdt_m_rows_CPU_4 1.34237
cores_sketch_CPU_4 1
cores_dpdk_CPU_4 5
ns_sketch_CPU_4 10.0933
pdt_nsk_c_CPU_4 10.0933
ns_dpdk_CPU_4 11.4286
pdt_nsc_dpdk_CPU_4 57.1429
ns_CPU_4 11.4286
--------------------------------------------------

VARIABLES ------------------------------
Objective: 11.42857142857143
mem_tot_CPU_5 4.24849
m_access_time_CPU_5 0.536891
ns_single_CPU_5 10.0933
pdt_m_rows_CPU_5 1.34237
cores_sketch_CPU_5 1
cores_dpdk_CPU_5 5
ns_sketch_CPU_5 10.0933
pdt_nsk_c_CPU_5 10.0933
ns_dpdk_CPU_5 11.4286
pdt_nsc_dpdk_CPU_5 57.1429
ns_CPU_5 11.4286
--------------------------------------------------

VARIABLES ------------------------------
Objective: 11.42857142857143
mem_tot_CPU_6 4.24849
m_access_time_CPU_6 0.536891
ns_single_CPU_6 10.0933
pdt_m_rows_CPU_6 1.34237
cores_sketch_CPU_6 1
cores_dpdk_CPU_6 5
ns_sketch_CPU_6 10.0933
pdt_nsk_c_CPU_6 10.0933
ns_dpdk_CPU_6 11.4286
pdt_nsc_dpdk_CPU_6 57.1429
ns_CPU_6 11.4286
--------------------------------------------------

VARIABLES ------------------------------
Objective: 11.42857142857143
mem_tot_CPU_7 4.24849
m_access_time_CPU_7 0.536891
ns_single_CPU_7 10.0933
pdt_m_rows_CPU_7 1.34237
cores_sketch_CPU_7 1
cores_dpdk_CPU_7 5
ns_sketch_CPU_7 10.0933
pdt_nsk_c_CPU_7 10.0933
ns_dpdk_CPU_7 11.4286
pdt_nsc_dpdk_CPU_7 57.1429
ns_CPU_7 11.4286
--------------------------------------------------

VARIABLES ------------------------------
Objective: 11.42857142857143
mem_tot_CPU_8 4.24849
m_access_time_CPU_8 0.536891
ns_single_CPU_8 10.0933
pdt_m_rows_CPU_8 1.34237
cores_sketch_CPU_8 1
cores_dpdk_CPU_8 5
ns_sketch_CPU_8 10.0933
pdt_nsk_c_CPU_8 10.0933
ns_dpdk_CPU_8 11.4286
pdt_nsc_dpdk_CPU_8 57.1429
ns_CPU_8 11.4286
--------------------------------------------------

VARIABLES ------------------------------
Objective: 11.42857142857143
mem_tot_CPU_9 4.24849
m_access_time_CPU_9 0.536891
ns_single_CPU_9 10.0933
pdt_m_rows_CPU_9 1.34237
cores_sketch_CPU_9 1
cores_dpdk_CPU_9 5
ns_sketch_CPU_9 10.0933
pdt_nsk_c_CPU_9 10.0933
ns_dpdk_CPU_9 11.4286
pdt_nsc_dpdk_CPU_9 57.1429
ns_CPU_9 11.4286
--------------------------------------------------

VARIABLES ------------------------------
Objective: 11.42857142857143
mem_tot_CPU_10 4.24849
m_access_time_CPU_10 0.536891
ns_single_CPU_10 10.0933
pdt_m_rows_CPU_10 1.34237
cores_sketch_CPU_10 1
cores_dpdk_CPU_10 5
ns_sketch_CPU_10 10.0933
pdt_nsk_c_CPU_10 10.0933
ns_dpdk_CPU_10 11.4286
pdt_nsc_dpdk_CPU_10 57.1429
ns_CPU_10 11.4286
--------------------------------------------------

VARIABLES ------------------------------
Objective: 11.42857142857143
mem_tot_CPU_11 4.24849
m_access_time_CPU_11 0.536891
ns_single_CPU_11 10.0933
pdt_m_rows_CPU_11 1.34237
cores_sketch_CPU_11 1
cores_dpdk_CPU_11 5
ns_sketch_CPU_11 10.0933
pdt_nsk_c_CPU_11 10.0933
ns_dpdk_CPU_11 11.4286
pdt_nsc_dpdk_CPU_11 57.1429
ns_CPU_11 11.4286
--------------------------------------------------

VARIABLES ------------------------------
Objective: 11.42857142857143
mem_tot_CPU_12 5.09766
m_access_time_CPU_12 0.536096
ns_single_CPU_12 12.1083
pdt_m_rows_CPU_12 1.60829
cores_sketch_CPU_12 2
cores_dpdk_CPU_12 5
ns_sketch_CPU_12 6.05414
pdt_nsk_c_CPU_12 12.1083
ns_dpdk_CPU_12 11.4286
pdt_nsc_dpdk_CPU_12 57.1429
ns_CPU_12 11.4286
--------------------------------------------------

VARIABLES ------------------------------
Objective: 11.42857142857143
mem_tot_CPU_13 3.96544
m_access_time_CPU_13 0.537156
ns_single_CPU_13 9.42144
pdt_m_rows_CPU_13 1.25355
cores_sketch_CPU_13 1
cores_dpdk_CPU_13 5
ns_sketch_CPU_13 9.42144
pdt_nsk_c_CPU_13 9.42144
ns_dpdk_CPU_13 11.4286
pdt_nsc_dpdk_CPU_13 57.1429
ns_CPU_13 11.4286
--------------------------------------------------

VARIABLES ------------------------------
Objective: 11.42857142857143
mem_tot_CPU_14 2.83322
m_access_time_CPU_14 0.538217
ns_single_CPU_14 6.73318
pdt_m_rows_CPU_14 0.897405
cores_sketch_CPU_14 1
cores_dpdk_CPU_14 5
ns_sketch_CPU_14 6.73318
pdt_nsk_c_CPU_14 6.73318
ns_dpdk_CPU_14 11.4286
pdt_nsc_dpdk_CPU_14 57.1429
ns_CPU_14 11.4286
--------------------------------------------------

VARIABLES ------------------------------
Objective: 11.42857142857143
mem_tot_CPU_15 5.09766
m_access_time_CPU_15 0.536096
ns_single_CPU_15 12.1083
pdt_m_rows_CPU_15 1.60829
cores_sketch_CPU_15 2
cores_dpdk_CPU_15 5
ns_sketch_CPU_15 6.05414
pdt_nsk_c_CPU_15 12.1083
ns_dpdk_CPU_15 11.4286
pdt_nsc_dpdk_CPU_15 57.1429
ns_CPU_15 11.4286
--------------------------------------------------

VARIABLES ------------------------------
Objective: 11.42857142857143
mem_tot_CPU_16 4.24849
m_access_time_CPU_16 0.536891
ns_single_CPU_16 10.0933
pdt_m_rows_CPU_16 1.34237
cores_sketch_CPU_16 1
cores_dpdk_CPU_16 5
ns_sketch_CPU_16 10.0933
pdt_nsk_c_CPU_16 10.0933
ns_dpdk_CPU_16 11.4286
pdt_nsc_dpdk_CPU_16 57.1429
ns_CPU_16 11.4286
--------------------------------------------------

VARIABLES ------------------------------
Objective: 11.42857142857143
mem_tot_CPU_17 4.24849
m_access_time_CPU_17 0.536891
ns_single_CPU_17 10.0933
pdt_m_rows_CPU_17 1.34237
cores_sketch_CPU_17 1
cores_dpdk_CPU_17 5
ns_sketch_CPU_17 10.0933
pdt_nsk_c_CPU_17 10.0933
ns_dpdk_CPU_17 11.4286
pdt_nsc_dpdk_CPU_17 57.1429
ns_CPU_17 11.4286
--------------------------------------------------

VARIABLES ------------------------------
Objective: 11.42857142857143
mem_tot_CPU_18 4.24849
m_access_time_CPU_18 0.536891
ns_single_CPU_18 10.0933
pdt_m_rows_CPU_18 1.34237
cores_sketch_CPU_18 1
cores_dpdk_CPU_18 5
ns_sketch_CPU_18 10.0933
pdt_nsk_c_CPU_18 10.0933
ns_dpdk_CPU_18 11.4286
pdt_nsc_dpdk_CPU_18 57.1429
ns_CPU_18 11.4286
--------------------------------------------------

VARIABLES ------------------------------
Objective: 11.42857142857143
mem_tot_CPU_19 4.24849
m_access_time_CPU_19 0.536891
ns_single_CPU_19 10.0933
pdt_m_rows_CPU_19 1.34237
cores_sketch_CPU_19 1
cores_dpdk_CPU_19 5
ns_sketch_CPU_19 10.0933
pdt_nsk_c_CPU_19 10.0933
ns_dpdk_CPU_19 11.4286
pdt_nsc_dpdk_CPU_19 57.1429
ns_CPU_19 11.4286
--------------------------------------------------

Throughput: 87.49999999999999 Mpps, ns per packet: 11.42857142857143
Resources: 1185.7151085787193
Used Cores: 118.0, Total CPUS: 20, Switch Memory: 33.97724787459999

Sketch (0) (cm: eps0: 0.00625, del0: 0.05, min_mem: 1.69921875)
Par0 id: 0, Rows: 3
(0.000,0)    (0.000,1)    (1.000,20)    
Total frac: 1.000

Sketch (1) (cm: eps0: 0.00625, del0: 0.05, min_mem: 1.69921875)
Par0 id: 1, Rows: 3
(0.000,1)    (0.000,2)    (1.000,20)    
Total frac: 1.000

Sketch (2) (cm: eps0: 0.00625, del0: 0.05, min_mem: 1.69921875)
Par0 id: 2, Rows: 3
(0.000,2)    (0.000,3)    (1.000,20)    
Total frac: 1.000

Sketch (3) (cm: eps0: 0.00625, del0: 0.05, min_mem: 1.69921875)
Par0 id: 3, Rows: 3
(0.000,3)    (0.167,20)    (0.833,4)    
Total frac: 1.000

Sketch (4) (cm: eps0: 0.00625, del0: 0.05, min_mem: 1.69921875)
Par0 id: 4, Rows: 3
(0.167,20)    (0.000,4)    (0.833,5)    
Total frac: 1.000

Sketch (5) (cm: eps0: 0.00625, del0: 0.05, min_mem: 1.69921875)
Par0 id: 5, Rows: 3
(0.167,20)    (0.000,5)    (0.833,6)    
Total frac: 1.000

Sketch (6) (cm: eps0: 0.00625, del0: 0.05, min_mem: 1.69921875)
Par0 id: 6, Rows: 3
(0.167,20)    (0.000,6)    (0.833,7)    
Total frac: 1.000

Sketch (7) (cm: eps0: 0.00625, del0: 0.05, min_mem: 1.69921875)
Par0 id: 7, Rows: 3
(1.000,20)    
Total frac: 1.000

Sketch (8) (cm: eps0: 0.00625, del0: 0.05, min_mem: 1.69921875)
Par0 id: 8, Rows: 3
(0.833,8)    (0.167,9)    
Total frac: 1.000

Sketch (9) (cm: eps0: 0.00625, del0: 0.05, min_mem: 1.69921875)
Par0 id: 9, Rows: 3
(0.667,9)    (0.333,10)    
Total frac: 1.000

Sketch (10) (cm: eps0: 0.00625, del0: 0.05, min_mem: 1.69921875)
Par0 id: 10, Rows: 3
(0.500,10)    (0.500,11)    
Total frac: 1.000

Sketch (11) (cm: eps0: 0.00625, del0: 0.05, min_mem: 1.69921875)
Par0 id: 11, Rows: 3
(0.334,11)    (0.666,12)    
Total frac: 1.000

Sketch (12) (cm: eps0: 0.00625, del0: 0.05, min_mem: 1.69921875)
Par0 id: 12, Rows: 3
(0.444,20)    (0.334,12)    (0.222,13)    
Total frac: 1.000

Sketch (13) (cm: eps0: 0.00625, del0: 0.05, min_mem: 1.69921875)
Par0 id: 13, Rows: 3
(0.444,20)    (0.556,13)    (0.000,14)    
Total frac: 1.000

Sketch (14) (cm: eps0: 0.00625, del0: 0.05, min_mem: 1.69921875)
Par0 id: 14, Rows: 3
(0.444,20)    (0.556,14)    (0.000,15)    
Total frac: 1.000

Sketch (15) (cm: eps0: 0.00625, del0: 0.05, min_mem: 1.69921875)
Par0 id: 15, Rows: 3
(1.000,15)    
Total frac: 1.000

Sketch (16) (cm: eps0: 0.00625, del0: 0.05, min_mem: 1.69921875)
Par0 id: 16, Rows: 3
(0.167,20)    (0.833,16)    (0.000,17)    
Total frac: 1.000

Sketch (17) (cm: eps0: 0.00625, del0: 0.05, min_mem: 1.69921875)
Par0 id: 17, Rows: 3
(0.167,20)    (0.833,17)    (0.000,18)    
Total frac: 1.000

Sketch (18) (cm: eps0: 0.00625, del0: 0.05, min_mem: 1.69921875)
Par0 id: 18, Rows: 3
(0.167,20)    (0.833,18)    (0.000,19)    
Total frac: 1.000

Sketch (19) (cm: eps0: 0.00625, del0: 0.05, min_mem: 1.69921875)
Par0 id: 19, Rows: 3
(0.000,0)    (0.167,20)    (0.833,19)    
Total frac: 1.000

Device (0) CPU_0:
cores_sketch: 0.0, cores_dpdk: 5.0
Rows total: 5.885645977011494e-07
Mem total: 1.0001e-06
Throughput: 87.49999999999999

Device (1) CPU_1:
cores_sketch: 0.0, cores_dpdk: 5.0
Rows total: 5.885645977011494e-07
Mem total: 1.0001e-06
Throughput: 87.49999999999999

Device (2) CPU_2:
cores_sketch: 0.0, cores_dpdk: 5.0
Rows total: 5.885645977011494e-07
Mem total: 1.0001e-06
Throughput: 87.49999999999999

Device (3) CPU_3:
cores_sketch: 0.0, cores_dpdk: 5.0
Rows total: 5.885645977011494e-07
Mem total: 1.0001e-06
Throughput: 87.49999999999999

Device (4) CPU_4:
cores_sketch: 1.0, cores_dpdk: 5.0
Rows total: 2.5002619999999998
Mem total: 4.2484920703124995
Throughput: 87.49999999999999

Device (5) CPU_5:
cores_sketch: 1.0, cores_dpdk: 5.0
Rows total: 2.5002619999999998
Mem total: 4.2484920703124995
Throughput: 87.49999999999999

Device (6) CPU_6:
cores_sketch: 1.0, cores_dpdk: 5.0
Rows total: 2.5002619999999998
Mem total: 4.2484920703124995
Throughput: 87.49999999999999

Device (7) CPU_7:
cores_sketch: 1.0, cores_dpdk: 5.0
Rows total: 2.500262
Mem total: 4.2484920703125
Throughput: 87.49999999999999

Device (8) CPU_8:
cores_sketch: 1.0, cores_dpdk: 5.0
Rows total: 2.5002619999999998
Mem total: 4.2484920703124995
Throughput: 87.49999999999999

Device (9) CPU_9:
cores_sketch: 1.0, cores_dpdk: 5.0
Rows total: 2.5002620000000007
Mem total: 4.248492070312501
Throughput: 87.49999999999999

Device (10) CPU_10:
cores_sketch: 1.0, cores_dpdk: 5.0
Rows total: 2.500262
Mem total: 4.2484920703125
Throughput: 87.49999999999999

Device (11) CPU_11:
cores_sketch: 1.0, cores_dpdk: 5.0
Rows total: 2.500262
Mem total: 4.2484920703125
Throughput: 87.49999999999999

Device (12) CPU_12:
cores_sketch: 2.0000000000000004, cores_dpdk: 4.9999999999999964
Rows total: 3.0000000000000004
Mem total: 5.097656250000001
Throughput: 87.49999999999999

Device (13) CPU_13:
cores_sketch: 1.0, cores_dpdk: 5.0
Rows total: 2.3336826666666663
Mem total: 3.9654373437499992
Throughput: 87.49999999999999

Device (14) CPU_14:
cores_sketch: 1.0, cores_dpdk: 5.0
Rows total: 1.667365333333334
Mem total: 2.833218437500001
Throughput: 87.49999999999999

Device (15) CPU_15:
cores_sketch: 2.0, cores_dpdk: 4.9999999999999964
Rows total: 3.0
Mem total: 5.09765625
Throughput: 87.49999999999999

Device (16) CPU_16:
cores_sketch: 1.0, cores_dpdk: 5.0
Rows total: 2.500262
Mem total: 4.2484920703125
Throughput: 87.49999999999999

Device (17) CPU_17:
cores_sketch: 1.0, cores_dpdk: 5.0
Rows total: 2.5002619999999998
Mem total: 4.2484920703124995
Throughput: 87.49999999999999

Device (18) CPU_18:
cores_sketch: 1.0, cores_dpdk: 5.0
Rows total: 2.5002619999999998
Mem total: 4.2484920703124995
Throughput: 87.49999999999999

Device (19) CPU_19:
cores_sketch: 1.0, cores_dpdk: 5.0
Rows total: 2.5002619999999998
Mem total: 4.2484920703124995
Throughput: 87.49999999999999

Device (20) P4_1:
Rows total: 19.9958056457416
Mem total: 33.97724787459999
Throughput: 148.0

Flow 0:
partitions: [(0, 1)]
path: (0, 20, 1)
Flow 1:
partitions: [(1, 1)]
path: (1, 20, 2)
Flow 2:
partitions: [(2, 1)]
path: (2, 20, 3)
Flow 3:
partitions: [(3, 1)]
path: (3, 20, 4)
Flow 4:
partitions: [(4, 1)]
path: (4, 20, 5)
Flow 5:
partitions: [(5, 1)]
path: (5, 20, 6)
Flow 6:
partitions: [(6, 1)]
path: (6, 20, 7)
Flow 7:
partitions: [(7, 1)]
path: (7, 20, 8)
Flow 8:
partitions: [(8, 1)]
path: (8, 20, 9)
Flow 9:
partitions: [(9, 1)]
path: (9, 20, 10)
Flow 10:
partitions: [(10, 1)]
path: (10, 20, 11)
Flow 11:
partitions: [(11, 1)]
path: (11, 20, 12)
Flow 12:
partitions: [(12, 1)]
path: (12, 20, 13)
Flow 13:
partitions: [(13, 1)]
path: (13, 20, 14)
Flow 14:
partitions: [(14, 1)]
path: (14, 20, 15)
Flow 15:
partitions: [(15, 1)]
path: (15, 20, 16)
Flow 16:
partitions: [(16, 1)]
path: (16, 20, 17)
Flow 17:
partitions: [(17, 1)]
path: (17, 20, 18)
Flow 18:
partitions: [(18, 1)]
path: (18, 20, 19)
Flow 19:
partitions: [(19, 1)]
path: (19, 20, 0)
--------------------------------------------------
Function: solve took 0.22507095336914062 seconds
