Function: get_partitions took 3.0279159545898438e-05 seconds
Function: map_flows_partitions took 1.0013580322265625e-05 seconds
Function: map_flows_to_cluster took 3.552436828613281e-05 seconds
Building model with:
2 devices, 20 partitions and 20 flows
Function: MIP.add_frac_mem_var took 0.00014162063598632812 seconds
Function: MIP.add_coverage_constraints took 0.0001614093780517578 seconds
Function: MIP.add_accuracy_constraints took 0.0002675056457519531 seconds
Function: MIP.add_capacity_constraints took 0.00026988983154296875 seconds
Netmon behaving like UnivmonGreedyRows
--------------------------------------------------
Starting model update
Model update took: 3.7670135498046875e-05 s
--------------------------------------------------
Starting model optimize
Model optimize took: 0.0021178722381591797 seconds
--------------------------------------------------

VARIABLES ------------------------------
Objective: 60.0
frac[0,14] 1
frac[1,17] 0.625066
frac[0,7] 1
frac[0,16] 0.374934
frac[0,10] 1
frac[0,3] 1
frac[0,15] 1
frac[1,16] 0.625066
frac[0,17] 0.374934
frac[0,11] 1
frac[0,4] 1
frac[0,0] 1
frac[0,18] 0.374934
frac[0,12] 1
frac[1,19] 0.625066
frac[0,5] 1
frac[0,8] 1
frac[0,1] 1
frac[0,19] 0.374934
frac[0,13] 1
frac[1,18] 0.625066
frac[0,6] 1
frac[0,9] 1
frac[0,2] 1
mem[0,14] 5.09766
mem[1,17] 3.18637
mem[0,7] 5.09766
mem[0,16] 1.91129
mem[0,10] 5.09766
mem[0,3] 5.09766
mem[0,15] 5.09766
mem[1,16] 3.18637
mem[0,17] 1.91129
mem[0,11] 5.09766
mem[0,4] 5.09766
mem[0,0] 5.09766
mem[0,18] 1.91129
mem[0,12] 5.09766
mem[1,19] 3.18637
mem[0,5] 5.09766
mem[0,8] 5.09766
mem[0,1] 5.09766
mem[0,19] 1.91129
mem[0,13] 5.09766
mem[1,18] 3.18637
mem[0,6] 5.09766
mem[0,9] 5.09766
mem[0,2] 5.09766
mem_tot_{CPU_0,CPU_1,CPU_2,CPU_3,CPU_4,CPU_5,CPU_6,CPU_7,CPU_8,CPU_9,CPU_10,CPU_11,CPU_12,CPU_13,CPU_14,CPU_15,CPU_16,P4_1} 89.2076
normalized_mem_tot_{CPU_0,CPU_1,CPU_2,CPU_3,CPU_4,CPU_5,CPU_6,CPU_7,CPU_8,CPU_9,CPU_10,CPU_11,CPU_12,CPU_13,CPU_14,CPU_15,CPU_16,P4_1} 0.000159976
rows_tot_{CPU_0,CPU_1,CPU_2,CPU_3,CPU_4,CPU_5,CPU_6,CPU_7,CPU_8,CPU_9,CPU_10,CPU_11,CPU_12,CPU_13,CPU_14,CPU_15,CPU_16,P4_1} 52.4992
normalized_rows_tot_{CPU_0,CPU_1,CPU_2,CPU_3,CPU_4,CPU_5,CPU_6,CPU_7,CPU_8,CPU_9,CPU_10,CPU_11,CPU_12,CPU_13,CPU_14,CPU_15,CPU_16,P4_1} 0.20833
mem_tot_{CPU_19,CPU_18,CPU_17} 12.7455
normalized_mem_tot_{CPU_19,CPU_18,CPU_17} 0.000129654
rows_tot_{CPU_19,CPU_18,CPU_17} 7.50079
normalized_rows_tot_{CPU_19,CPU_18,CPU_17} 0.208355
max_mem_CPU_Cluster 0.000159976
max_rows_CPU_Cluster 0.208355
--------------------------------------------------

Sketch (0) (cm: eps0: 0.00625, del0: 0.05, min_mem: 1.69921875)
Par0 id: 0, Rows: 3
(1.000,0)    
Total frac: 1.000

Sketch (1) (cm: eps0: 0.00625, del0: 0.05, min_mem: 1.69921875)
Par0 id: 1, Rows: 3
(1.000,0)    
Total frac: 1.000

Sketch (2) (cm: eps0: 0.00625, del0: 0.05, min_mem: 1.69921875)
Par0 id: 2, Rows: 3
(1.000,0)    
Total frac: 1.000

Sketch (3) (cm: eps0: 0.00625, del0: 0.05, min_mem: 1.69921875)
Par0 id: 3, Rows: 3
(1.000,0)    
Total frac: 1.000

Sketch (4) (cm: eps0: 0.00625, del0: 0.05, min_mem: 1.69921875)
Par0 id: 4, Rows: 3
(1.000,0)    
Total frac: 1.000

Sketch (5) (cm: eps0: 0.00625, del0: 0.05, min_mem: 1.69921875)
Par0 id: 5, Rows: 3
(1.000,0)    
Total frac: 1.000

Sketch (6) (cm: eps0: 0.00625, del0: 0.05, min_mem: 1.69921875)
Par0 id: 6, Rows: 3
(1.000,0)    
Total frac: 1.000

Sketch (7) (cm: eps0: 0.00625, del0: 0.05, min_mem: 1.69921875)
Par0 id: 7, Rows: 3
(1.000,0)    
Total frac: 1.000

Sketch (8) (cm: eps0: 0.00625, del0: 0.05, min_mem: 1.69921875)
Par0 id: 8, Rows: 3
(1.000,0)    
Total frac: 1.000

Sketch (9) (cm: eps0: 0.00625, del0: 0.05, min_mem: 1.69921875)
Par0 id: 9, Rows: 3
(1.000,0)    
Total frac: 1.000

Sketch (10) (cm: eps0: 0.00625, del0: 0.05, min_mem: 1.69921875)
Par0 id: 10, Rows: 3
(1.000,0)    
Total frac: 1.000

Sketch (11) (cm: eps0: 0.00625, del0: 0.05, min_mem: 1.69921875)
Par0 id: 11, Rows: 3
(1.000,0)    
Total frac: 1.000

Sketch (12) (cm: eps0: 0.00625, del0: 0.05, min_mem: 1.69921875)
Par0 id: 12, Rows: 3
(1.000,0)    
Total frac: 1.000

Sketch (13) (cm: eps0: 0.00625, del0: 0.05, min_mem: 1.69921875)
Par0 id: 13, Rows: 3
(1.000,0)    
Total frac: 1.000

Sketch (14) (cm: eps0: 0.00625, del0: 0.05, min_mem: 1.69921875)
Par0 id: 14, Rows: 3
(1.000,0)    
Total frac: 1.000

Sketch (15) (cm: eps0: 0.00625, del0: 0.05, min_mem: 1.69921875)
Par0 id: 15, Rows: 3
(1.000,0)    
Total frac: 1.000

Sketch (16) (cm: eps0: 0.00625, del0: 0.05, min_mem: 1.69921875)
Par0 id: 16, Rows: 3
(0.375,0)    (0.625,1)    
Total frac: 1.000

Sketch (17) (cm: eps0: 0.00625, del0: 0.05, min_mem: 1.69921875)
Par0 id: 17, Rows: 3
(0.625,1)    (0.375,0)    
Total frac: 1.000

Sketch (18) (cm: eps0: 0.00625, del0: 0.05, min_mem: 1.69921875)
Par0 id: 18, Rows: 3
(0.375,0)    (0.625,1)    
Total frac: 1.000

Sketch (19) (cm: eps0: 0.00625, del0: 0.05, min_mem: 1.69921875)
Par0 id: 19, Rows: 3
(0.625,1)    (0.375,0)    
Total frac: 1.000

Device (0) {CPU_0,CPU_1,CPU_2,CPU_3,CPU_4,CPU_5,CPU_6,CPU_7,CPU_8,CPU_9,CPU_10,CPU_11,CPU_12,CPU_13,CPU_14,CPU_15,CPU_16,P4_1}:
Rows total: 52.499214
Mem total: 89.2076487890625

Device (1) {CPU_19,CPU_18,CPU_17}:
Rows total: 7.500786
Mem total: 12.7454762109375

Flow 0:
partitions: [(0, 1)]
path: {0}
Flow 1:
partitions: [(1, 1)]
path: {0}
Flow 2:
partitions: [(2, 1)]
path: {0}
Flow 3:
partitions: [(3, 1)]
path: {0}
Flow 4:
partitions: [(4, 1)]
path: {0}
Flow 5:
partitions: [(5, 1)]
path: {0}
Flow 6:
partitions: [(6, 1)]
path: {0}
Flow 7:
partitions: [(7, 1)]
path: {0}
Flow 8:
partitions: [(8, 1)]
path: {0}
Flow 9:
partitions: [(9, 1)]
path: {0}
Flow 10:
partitions: [(10, 1)]
path: {0}
Flow 11:
partitions: [(11, 1)]
path: {0}
Flow 12:
partitions: [(12, 1)]
path: {0}
Flow 13:
partitions: [(13, 1)]
path: {0}
Flow 14:
partitions: [(14, 1)]
path: {0}
Flow 15:
partitions: [(15, 1)]
path: {0}
Flow 16:
partitions: [(16, 1)]
path: {0, 1}
Flow 17:
partitions: [(17, 1)]
path: {0, 1}
Flow 18:
partitions: [(18, 1)]
path: {0, 1}
Flow 19:
partitions: [(19, 1)]
path: {0, 1}
--------------------------------------------------

VARIABLES ------------------------------
Objective: 6.756756756756757
mem_tot_{CPU_0,CPU_1,CPU_2,CPU_3,CPU_4,CPU_5,CPU_6,CPU_7,CPU_8,CPU_9,CPU_10,CPU_11,CPU_12,CPU_13,CPU_14,CPU_15,CPU_16,P4_1} 89.2076
ns_{CPU_0,CPU_1,CPU_2,CPU_3,CPU_4,CPU_5,CPU_6,CPU_7,CPU_8,CPU_9,CPU_10,CPU_11,CPU_12,CPU_13,CPU_14,CPU_15,CPU_16,P4_1} 6.75676
--------------------------------------------------

VARIABLES ------------------------------
Objective: 10.204081632653061
mem_tot_{CPU_19,CPU_18,CPU_17} 12.7455
ns_{CPU_19,CPU_18,CPU_17} 10.2041
--------------------------------------------------

Throughput: 98.0 Mpps, ns per packet: 10.204081632653061
Resources: 101.953125
Used Cores: 0, Total CPUS: 0, Switch Memory: 0

Sketch (0) (cm: eps0: 0.00625, del0: 0.05, min_mem: 1.69921875)
Par0 id: 0, Rows: 3
(1.000,0)    
Total frac: 1.000

Sketch (1) (cm: eps0: 0.00625, del0: 0.05, min_mem: 1.69921875)
Par0 id: 1, Rows: 3
(1.000,0)    
Total frac: 1.000

Sketch (2) (cm: eps0: 0.00625, del0: 0.05, min_mem: 1.69921875)
Par0 id: 2, Rows: 3
(1.000,0)    
Total frac: 1.000

Sketch (3) (cm: eps0: 0.00625, del0: 0.05, min_mem: 1.69921875)
Par0 id: 3, Rows: 3
(1.000,0)    
Total frac: 1.000

Sketch (4) (cm: eps0: 0.00625, del0: 0.05, min_mem: 1.69921875)
Par0 id: 4, Rows: 3
(1.000,0)    
Total frac: 1.000

Sketch (5) (cm: eps0: 0.00625, del0: 0.05, min_mem: 1.69921875)
Par0 id: 5, Rows: 3
(1.000,0)    
Total frac: 1.000

Sketch (6) (cm: eps0: 0.00625, del0: 0.05, min_mem: 1.69921875)
Par0 id: 6, Rows: 3
(1.000,0)    
Total frac: 1.000

Sketch (7) (cm: eps0: 0.00625, del0: 0.05, min_mem: 1.69921875)
Par0 id: 7, Rows: 3
(1.000,0)    
Total frac: 1.000

Sketch (8) (cm: eps0: 0.00625, del0: 0.05, min_mem: 1.69921875)
Par0 id: 8, Rows: 3
(1.000,0)    
Total frac: 1.000

Sketch (9) (cm: eps0: 0.00625, del0: 0.05, min_mem: 1.69921875)
Par0 id: 9, Rows: 3
(1.000,0)    
Total frac: 1.000

Sketch (10) (cm: eps0: 0.00625, del0: 0.05, min_mem: 1.69921875)
Par0 id: 10, Rows: 3
(1.000,0)    
Total frac: 1.000

Sketch (11) (cm: eps0: 0.00625, del0: 0.05, min_mem: 1.69921875)
Par0 id: 11, Rows: 3
(1.000,0)    
Total frac: 1.000

Sketch (12) (cm: eps0: 0.00625, del0: 0.05, min_mem: 1.69921875)
Par0 id: 12, Rows: 3
(1.000,0)    
Total frac: 1.000

Sketch (13) (cm: eps0: 0.00625, del0: 0.05, min_mem: 1.69921875)
Par0 id: 13, Rows: 3
(1.000,0)    
Total frac: 1.000

Sketch (14) (cm: eps0: 0.00625, del0: 0.05, min_mem: 1.69921875)
Par0 id: 14, Rows: 3
(1.000,0)    
Total frac: 1.000

Sketch (15) (cm: eps0: 0.00625, del0: 0.05, min_mem: 1.69921875)
Par0 id: 15, Rows: 3
(1.000,0)    
Total frac: 1.000

Sketch (16) (cm: eps0: 0.00625, del0: 0.05, min_mem: 1.69921875)
Par0 id: 16, Rows: 3
(0.375,0)    (0.625,1)    
Total frac: 1.000

Sketch (17) (cm: eps0: 0.00625, del0: 0.05, min_mem: 1.69921875)
Par0 id: 17, Rows: 3
(0.625,1)    (0.375,0)    
Total frac: 1.000

Sketch (18) (cm: eps0: 0.00625, del0: 0.05, min_mem: 1.69921875)
Par0 id: 18, Rows: 3
(0.375,0)    (0.625,1)    
Total frac: 1.000

Sketch (19) (cm: eps0: 0.00625, del0: 0.05, min_mem: 1.69921875)
Par0 id: 19, Rows: 3
(0.625,1)    (0.375,0)    
Total frac: 1.000

Device (0) {CPU_0,CPU_1,CPU_2,CPU_3,CPU_4,CPU_5,CPU_6,CPU_7,CPU_8,CPU_9,CPU_10,CPU_11,CPU_12,CPU_13,CPU_14,CPU_15,CPU_16,P4_1}:
Rows total: 52.499214
Mem total: 89.2076487890625
Throughput: 148.0

Device (1) {CPU_19,CPU_18,CPU_17}:
Rows total: 7.500786
Mem total: 12.7454762109375
Throughput: 98.0

Flow 0:
partitions: [(0, 1)]
path: {0}
Flow 1:
partitions: [(1, 1)]
path: {0}
Flow 2:
partitions: [(2, 1)]
path: {0}
Flow 3:
partitions: [(3, 1)]
path: {0}
Flow 4:
partitions: [(4, 1)]
path: {0}
Flow 5:
partitions: [(5, 1)]
path: {0}
Flow 6:
partitions: [(6, 1)]
path: {0}
Flow 7:
partitions: [(7, 1)]
path: {0}
Flow 8:
partitions: [(8, 1)]
path: {0}
Flow 9:
partitions: [(9, 1)]
path: {0}
Flow 10:
partitions: [(10, 1)]
path: {0}
Flow 11:
partitions: [(11, 1)]
path: {0}
Flow 12:
partitions: [(12, 1)]
path: {0}
Flow 13:
partitions: [(13, 1)]
path: {0}
Flow 14:
partitions: [(14, 1)]
path: {0}
Flow 15:
partitions: [(15, 1)]
path: {0}
Flow 16:
partitions: [(16, 1)]
path: {0, 1}
Flow 17:
partitions: [(17, 1)]
path: {0, 1}
Flow 18:
partitions: [(18, 1)]
path: {0, 1}
Flow 19:
partitions: [(19, 1)]
path: {0, 1}
--------------------------------------------------
Function: MIP.solve took 0.01297450065612793 seconds
Function: get_partitions_flows took 0.00012755393981933594 seconds
Function: get_partitions_flows took 6.29425048828125e-05 seconds
Building model with:
18 devices, 20 partitions and 20 flows
Function: MIP.add_frac_mem_var took 0.00027680397033691406 seconds
Function: MIP.add_coverage_constraints took 0.00017690658569335938 seconds
Function: MIP.add_accuracy_constraints took 0.0005800724029541016 seconds
Function: MIP.add_capacity_constraints took 0.0014564990997314453 seconds

VARIABLES ------------------------------
Objective: 10.714285714285715
mem_tot_CPU_0 0.44976
m_access_time_CPU_0 0.204431
ns_single_CPU_0 0.980512
pdt_m_rows_CPU_0 0.0541101
cores_sketch_CPU_0 1
cores_dpdk_CPU_0 6
ns_sketch_CPU_0 0.980512
pdt_nsk_c_CPU_0 0.980512
ns_dpdk_CPU_0 10.7143
pdt_nsc_dpdk_CPU_0 64.2857
ns_CPU_0 10.7143
--------------------------------------------------

VARIABLES ------------------------------
Objective: 10.714285714285715
mem_tot_CPU_1 0.44976
m_access_time_CPU_1 0.204431
ns_single_CPU_1 0.980512
pdt_m_rows_CPU_1 0.0541101
cores_sketch_CPU_1 1
cores_dpdk_CPU_1 6
ns_sketch_CPU_1 0.980512
pdt_nsk_c_CPU_1 0.980512
ns_dpdk_CPU_1 10.7143
pdt_nsc_dpdk_CPU_1 64.2857
ns_CPU_1 10.7143
--------------------------------------------------

VARIABLES ------------------------------
Objective: 10.714285714285715
mem_tot_CPU_2 0.44976
m_access_time_CPU_2 0.204431
ns_single_CPU_2 0.980512
pdt_m_rows_CPU_2 0.0541101
cores_sketch_CPU_2 1
cores_dpdk_CPU_2 6
ns_sketch_CPU_2 0.980512
pdt_nsk_c_CPU_2 0.980512
ns_dpdk_CPU_2 10.7143
pdt_nsc_dpdk_CPU_2 64.2857
ns_CPU_2 10.7143
--------------------------------------------------

VARIABLES ------------------------------
Objective: 10.714285714285715
mem_tot_CPU_3 0.44976
m_access_time_CPU_3 0.204431
ns_single_CPU_3 0.980512
pdt_m_rows_CPU_3 0.0541101
cores_sketch_CPU_3 1
cores_dpdk_CPU_3 6
ns_sketch_CPU_3 0.980512
pdt_nsk_c_CPU_3 0.980512
ns_dpdk_CPU_3 10.7143
pdt_nsc_dpdk_CPU_3 64.2857
ns_CPU_3 10.7143
--------------------------------------------------

VARIABLES ------------------------------
Objective: 10.714285714285715
mem_tot_CPU_4 0.44976
m_access_time_CPU_4 0.204431
ns_single_CPU_4 0.980512
pdt_m_rows_CPU_4 0.0541101
cores_sketch_CPU_4 1
cores_dpdk_CPU_4 6
ns_sketch_CPU_4 0.980512
pdt_nsk_c_CPU_4 0.980512
ns_dpdk_CPU_4 10.7143
pdt_nsc_dpdk_CPU_4 64.2857
ns_CPU_4 10.7143
--------------------------------------------------

VARIABLES ------------------------------
Objective: 10.714285714285715
mem_tot_CPU_5 0.44976
m_access_time_CPU_5 0.204431
ns_single_CPU_5 0.980512
pdt_m_rows_CPU_5 0.0541101
cores_sketch_CPU_5 1
cores_dpdk_CPU_5 6
ns_sketch_CPU_5 0.980512
pdt_nsk_c_CPU_5 0.980512
ns_dpdk_CPU_5 10.7143
pdt_nsc_dpdk_CPU_5 64.2857
ns_CPU_5 10.7143
--------------------------------------------------

VARIABLES ------------------------------
Objective: 10.714285714285715
mem_tot_CPU_6 0.44976
m_access_time_CPU_6 0.204431
ns_single_CPU_6 0.980512
pdt_m_rows_CPU_6 0.0541101
cores_sketch_CPU_6 1
cores_dpdk_CPU_6 6
ns_sketch_CPU_6 0.980512
pdt_nsk_c_CPU_6 0.980512
ns_dpdk_CPU_6 10.7143
pdt_nsc_dpdk_CPU_6 64.2857
ns_CPU_6 10.7143
--------------------------------------------------

VARIABLES ------------------------------
Objective: 10.714285714285715
mem_tot_CPU_7 0.44976
m_access_time_CPU_7 0.204431
ns_single_CPU_7 0.980512
pdt_m_rows_CPU_7 0.0541101
cores_sketch_CPU_7 1
cores_dpdk_CPU_7 6
ns_sketch_CPU_7 0.980512
pdt_nsk_c_CPU_7 0.980512
ns_dpdk_CPU_7 10.7143
pdt_nsc_dpdk_CPU_7 64.2857
ns_CPU_7 10.7143
--------------------------------------------------

VARIABLES ------------------------------
Objective: 10.714285714285715
mem_tot_CPU_8 0.44976
m_access_time_CPU_8 0.204431
ns_single_CPU_8 0.980512
pdt_m_rows_CPU_8 0.0541101
cores_sketch_CPU_8 1
cores_dpdk_CPU_8 6
ns_sketch_CPU_8 0.980512
pdt_nsk_c_CPU_8 0.980512
ns_dpdk_CPU_8 10.7143
pdt_nsc_dpdk_CPU_8 64.2857
ns_CPU_8 10.7143
--------------------------------------------------

VARIABLES ------------------------------
Objective: 10.714285714285715
mem_tot_CPU_9 0.44976
m_access_time_CPU_9 0.204431
ns_single_CPU_9 0.980512
pdt_m_rows_CPU_9 0.0541101
cores_sketch_CPU_9 1
cores_dpdk_CPU_9 6
ns_sketch_CPU_9 0.980512
pdt_nsk_c_CPU_9 0.980512
ns_dpdk_CPU_9 10.7143
pdt_nsc_dpdk_CPU_9 64.2857
ns_CPU_9 10.7143
--------------------------------------------------

VARIABLES ------------------------------
Objective: 10.714285714285715
mem_tot_CPU_10 0.44976
m_access_time_CPU_10 0.204431
ns_single_CPU_10 0.980512
pdt_m_rows_CPU_10 0.0541101
cores_sketch_CPU_10 1
cores_dpdk_CPU_10 6
ns_sketch_CPU_10 0.980512
pdt_nsk_c_CPU_10 0.980512
ns_dpdk_CPU_10 10.7143
pdt_nsc_dpdk_CPU_10 64.2857
ns_CPU_10 10.7143
--------------------------------------------------

VARIABLES ------------------------------
Objective: 10.714285714285715
mem_tot_CPU_11 0.44976
m_access_time_CPU_11 0.204431
ns_single_CPU_11 0.980512
pdt_m_rows_CPU_11 0.0541101
cores_sketch_CPU_11 1
cores_dpdk_CPU_11 6
ns_sketch_CPU_11 0.980512
pdt_nsk_c_CPU_11 0.980512
ns_dpdk_CPU_11 10.7143
pdt_nsc_dpdk_CPU_11 64.2857
ns_CPU_11 10.7143
--------------------------------------------------

VARIABLES ------------------------------
Objective: 10.714285714285715
mem_tot_CPU_12 0.44976
m_access_time_CPU_12 0.204431
ns_single_CPU_12 0.980512
pdt_m_rows_CPU_12 0.0541101
cores_sketch_CPU_12 1
cores_dpdk_CPU_12 6
ns_sketch_CPU_12 0.980512
pdt_nsk_c_CPU_12 0.980512
ns_dpdk_CPU_12 10.7143
pdt_nsc_dpdk_CPU_12 64.2857
ns_CPU_12 10.7143
--------------------------------------------------

VARIABLES ------------------------------
Objective: 10.714285714285715
mem_tot_CPU_13 0.44976
m_access_time_CPU_13 0.204431
ns_single_CPU_13 0.980512
pdt_m_rows_CPU_13 0.0541101
cores_sketch_CPU_13 1
cores_dpdk_CPU_13 6
ns_sketch_CPU_13 0.980512
pdt_nsk_c_CPU_13 0.980512
ns_dpdk_CPU_13 10.7143
pdt_nsc_dpdk_CPU_13 64.2857
ns_CPU_13 10.7143
--------------------------------------------------

VARIABLES ------------------------------
Objective: 10.714285714285715
mem_tot_CPU_14 0.44976
m_access_time_CPU_14 0.204431
ns_single_CPU_14 0.980512
pdt_m_rows_CPU_14 0.0541101
cores_sketch_CPU_14 1
cores_dpdk_CPU_14 6
ns_sketch_CPU_14 0.980512
pdt_nsk_c_CPU_14 0.980512
ns_dpdk_CPU_14 10.7143
pdt_nsc_dpdk_CPU_14 64.2857
ns_CPU_14 10.7143
--------------------------------------------------

VARIABLES ------------------------------
Objective: 10.714285714285715
mem_tot_CPU_15 0.44976
m_access_time_CPU_15 0.204431
ns_single_CPU_15 0.980512
pdt_m_rows_CPU_15 0.0541101
cores_sketch_CPU_15 1
cores_dpdk_CPU_15 6
ns_sketch_CPU_15 0.980512
pdt_nsk_c_CPU_15 0.980512
ns_dpdk_CPU_15 10.7143
pdt_nsc_dpdk_CPU_15 64.2857
ns_CPU_15 10.7143
--------------------------------------------------

VARIABLES ------------------------------
Objective: 10.714285714285715
mem_tot_CPU_16 0.44976
m_access_time_CPU_16 0.204431
ns_single_CPU_16 0.980512
pdt_m_rows_CPU_16 0.0541101
cores_sketch_CPU_16 1
cores_dpdk_CPU_16 6
ns_sketch_CPU_16 0.980512
pdt_nsk_c_CPU_16 0.980512
ns_dpdk_CPU_16 10.7143
pdt_nsc_dpdk_CPU_16 64.2857
ns_CPU_16 10.7143
--------------------------------------------------

VARIABLES ------------------------------
Objective: 6.756756756756757
mem_tot_P4_1 81.5617
ns_P4_1 6.75676
--------------------------------------------------

VARIABLES ------------------------------
Objective: 10.714285714285715
mem_tot_CPU_0 0.44976
m_access_time_CPU_0 0.204431
ns_single_CPU_0 0.980512
pdt_m_rows_CPU_0 0.0541101
cores_sketch_CPU_0 1
cores_dpdk_CPU_0 6
ns_sketch_CPU_0 0.980512
pdt_nsk_c_CPU_0 0.980512
ns_dpdk_CPU_0 10.7143
pdt_nsc_dpdk_CPU_0 64.2857
ns_CPU_0 10.7143
--------------------------------------------------

VARIABLES ------------------------------
Objective: 10.714285714285715
mem_tot_CPU_1 0.44976
m_access_time_CPU_1 0.204431
ns_single_CPU_1 0.980512
pdt_m_rows_CPU_1 0.0541101
cores_sketch_CPU_1 1
cores_dpdk_CPU_1 6
ns_sketch_CPU_1 0.980512
pdt_nsk_c_CPU_1 0.980512
ns_dpdk_CPU_1 10.7143
pdt_nsc_dpdk_CPU_1 64.2857
ns_CPU_1 10.7143
--------------------------------------------------

VARIABLES ------------------------------
Objective: 10.714285714285715
mem_tot_CPU_2 0.44976
m_access_time_CPU_2 0.204431
ns_single_CPU_2 0.980512
pdt_m_rows_CPU_2 0.0541101
cores_sketch_CPU_2 1
cores_dpdk_CPU_2 6
ns_sketch_CPU_2 0.980512
pdt_nsk_c_CPU_2 0.980512
ns_dpdk_CPU_2 10.7143
pdt_nsc_dpdk_CPU_2 64.2857
ns_CPU_2 10.7143
--------------------------------------------------

VARIABLES ------------------------------
Objective: 10.714285714285715
mem_tot_CPU_3 0.44976
m_access_time_CPU_3 0.204431
ns_single_CPU_3 0.980512
pdt_m_rows_CPU_3 0.0541101
cores_sketch_CPU_3 1
cores_dpdk_CPU_3 6
ns_sketch_CPU_3 0.980512
pdt_nsk_c_CPU_3 0.980512
ns_dpdk_CPU_3 10.7143
pdt_nsc_dpdk_CPU_3 64.2857
ns_CPU_3 10.7143
--------------------------------------------------

VARIABLES ------------------------------
Objective: 10.714285714285715
mem_tot_CPU_4 0.44976
m_access_time_CPU_4 0.204431
ns_single_CPU_4 0.980512
pdt_m_rows_CPU_4 0.0541101
cores_sketch_CPU_4 1
cores_dpdk_CPU_4 6
ns_sketch_CPU_4 0.980512
pdt_nsk_c_CPU_4 0.980512
ns_dpdk_CPU_4 10.7143
pdt_nsc_dpdk_CPU_4 64.2857
ns_CPU_4 10.7143
--------------------------------------------------

VARIABLES ------------------------------
Objective: 10.714285714285715
mem_tot_CPU_5 0.44976
m_access_time_CPU_5 0.204431
ns_single_CPU_5 0.980512
pdt_m_rows_CPU_5 0.0541101
cores_sketch_CPU_5 1
cores_dpdk_CPU_5 6
ns_sketch_CPU_5 0.980512
pdt_nsk_c_CPU_5 0.980512
ns_dpdk_CPU_5 10.7143
pdt_nsc_dpdk_CPU_5 64.2857
ns_CPU_5 10.7143
--------------------------------------------------

VARIABLES ------------------------------
Objective: 10.714285714285715
mem_tot_CPU_6 0.44976
m_access_time_CPU_6 0.204431
ns_single_CPU_6 0.980512
pdt_m_rows_CPU_6 0.0541101
cores_sketch_CPU_6 1
cores_dpdk_CPU_6 6
ns_sketch_CPU_6 0.980512
pdt_nsk_c_CPU_6 0.980512
ns_dpdk_CPU_6 10.7143
pdt_nsc_dpdk_CPU_6 64.2857
ns_CPU_6 10.7143
--------------------------------------------------

VARIABLES ------------------------------
Objective: 10.714285714285715
mem_tot_CPU_7 0.44976
m_access_time_CPU_7 0.204431
ns_single_CPU_7 0.980512
pdt_m_rows_CPU_7 0.0541101
cores_sketch_CPU_7 1
cores_dpdk_CPU_7 6
ns_sketch_CPU_7 0.980512
pdt_nsk_c_CPU_7 0.980512
ns_dpdk_CPU_7 10.7143
pdt_nsc_dpdk_CPU_7 64.2857
ns_CPU_7 10.7143
--------------------------------------------------

VARIABLES ------------------------------
Objective: 10.714285714285715
mem_tot_CPU_8 0.44976
m_access_time_CPU_8 0.204431
ns_single_CPU_8 0.980512
pdt_m_rows_CPU_8 0.0541101
cores_sketch_CPU_8 1
cores_dpdk_CPU_8 6
ns_sketch_CPU_8 0.980512
pdt_nsk_c_CPU_8 0.980512
ns_dpdk_CPU_8 10.7143
pdt_nsc_dpdk_CPU_8 64.2857
ns_CPU_8 10.7143
--------------------------------------------------

VARIABLES ------------------------------
Objective: 10.714285714285715
mem_tot_CPU_9 0.44976
m_access_time_CPU_9 0.204431
ns_single_CPU_9 0.980512
pdt_m_rows_CPU_9 0.0541101
cores_sketch_CPU_9 1
cores_dpdk_CPU_9 6
ns_sketch_CPU_9 0.980512
pdt_nsk_c_CPU_9 0.980512
ns_dpdk_CPU_9 10.7143
pdt_nsc_dpdk_CPU_9 64.2857
ns_CPU_9 10.7143
--------------------------------------------------

VARIABLES ------------------------------
Objective: 10.714285714285715
mem_tot_CPU_10 0.44976
m_access_time_CPU_10 0.204431
ns_single_CPU_10 0.980512
pdt_m_rows_CPU_10 0.0541101
cores_sketch_CPU_10 1
cores_dpdk_CPU_10 6
ns_sketch_CPU_10 0.980512
pdt_nsk_c_CPU_10 0.980512
ns_dpdk_CPU_10 10.7143
pdt_nsc_dpdk_CPU_10 64.2857
ns_CPU_10 10.7143
--------------------------------------------------

VARIABLES ------------------------------
Objective: 10.714285714285715
mem_tot_CPU_11 0.44976
m_access_time_CPU_11 0.204431
ns_single_CPU_11 0.980512
pdt_m_rows_CPU_11 0.0541101
cores_sketch_CPU_11 1
cores_dpdk_CPU_11 6
ns_sketch_CPU_11 0.980512
pdt_nsk_c_CPU_11 0.980512
ns_dpdk_CPU_11 10.7143
pdt_nsc_dpdk_CPU_11 64.2857
ns_CPU_11 10.7143
--------------------------------------------------

VARIABLES ------------------------------
Objective: 10.714285714285715
mem_tot_CPU_12 0.44976
m_access_time_CPU_12 0.204431
ns_single_CPU_12 0.980512
pdt_m_rows_CPU_12 0.0541101
cores_sketch_CPU_12 1
cores_dpdk_CPU_12 6
ns_sketch_CPU_12 0.980512
pdt_nsk_c_CPU_12 0.980512
ns_dpdk_CPU_12 10.7143
pdt_nsc_dpdk_CPU_12 64.2857
ns_CPU_12 10.7143
--------------------------------------------------

VARIABLES ------------------------------
Objective: 10.714285714285715
mem_tot_CPU_13 0.44976
m_access_time_CPU_13 0.204431
ns_single_CPU_13 0.980512
pdt_m_rows_CPU_13 0.0541101
cores_sketch_CPU_13 1
cores_dpdk_CPU_13 6
ns_sketch_CPU_13 0.980512
pdt_nsk_c_CPU_13 0.980512
ns_dpdk_CPU_13 10.7143
pdt_nsc_dpdk_CPU_13 64.2857
ns_CPU_13 10.7143
--------------------------------------------------

VARIABLES ------------------------------
Objective: 10.714285714285715
mem_tot_CPU_14 0.44976
m_access_time_CPU_14 0.204431
ns_single_CPU_14 0.980512
pdt_m_rows_CPU_14 0.0541101
cores_sketch_CPU_14 1
cores_dpdk_CPU_14 6
ns_sketch_CPU_14 0.980512
pdt_nsk_c_CPU_14 0.980512
ns_dpdk_CPU_14 10.7143
pdt_nsc_dpdk_CPU_14 64.2857
ns_CPU_14 10.7143
--------------------------------------------------

VARIABLES ------------------------------
Objective: 10.714285714285715
mem_tot_CPU_15 0.44976
m_access_time_CPU_15 0.204431
ns_single_CPU_15 0.980512
pdt_m_rows_CPU_15 0.0541101
cores_sketch_CPU_15 1
cores_dpdk_CPU_15 6
ns_sketch_CPU_15 0.980512
pdt_nsk_c_CPU_15 0.980512
ns_dpdk_CPU_15 10.7143
pdt_nsc_dpdk_CPU_15 64.2857
ns_CPU_15 10.7143
--------------------------------------------------

VARIABLES ------------------------------
Objective: 10.714285714285715
mem_tot_CPU_16 0.44976
m_access_time_CPU_16 0.204431
ns_single_CPU_16 0.980512
pdt_m_rows_CPU_16 0.0541101
cores_sketch_CPU_16 1
cores_dpdk_CPU_16 6
ns_sketch_CPU_16 0.980512
pdt_nsk_c_CPU_16 0.980512
ns_dpdk_CPU_16 10.7143
pdt_nsc_dpdk_CPU_16 64.2857
ns_CPU_16 10.7143
--------------------------------------------------

Sketch (14) (cm: eps0: 0.00625, del0: 0.05, min_mem: 1.69921875)
Par0 id: 14, Rows: 3
(0.088,14)    (0.088,15)    (0.824,17)    
Total frac: 1.000

Sketch (7) (cm: eps0: 0.00625, del0: 0.05, min_mem: 1.69921875)
Par0 id: 7, Rows: 3
(0.088,8)    (0.088,7)    (0.824,17)    
Total frac: 1.000

Sketch (16) (cm: eps0: 0.00625, del0: 0.05, min_mem: 1.69921875)
Par0 id: 16, Rows: 3
(0.000,16)    (0.375,17)    
Total frac: 0.375

Sketch (10) (cm: eps0: 0.00625, del0: 0.05, min_mem: 1.69921875)
Par0 id: 10, Rows: 3
(1.000,17)    (0.000,10)    (0.000,11)    
Total frac: 1.000

Sketch (3) (cm: eps0: 0.00625, del0: 0.05, min_mem: 1.69921875)
Par0 id: 3, Rows: 3
(0.000,4)    (1.000,17)    (0.000,3)    
Total frac: 1.000

Sketch (15) (cm: eps0: 0.00625, del0: 0.05, min_mem: 1.69921875)
Par0 id: 15, Rows: 3
(0.000,15)    (0.912,17)    (0.088,16)    
Total frac: 1.000

Sketch (17) (cm: eps0: 0.00625, del0: 0.05, min_mem: 1.69921875)
Par0 id: 17, Rows: 3
(0.375,17)    
Total frac: 0.375

Sketch (11) (cm: eps0: 0.00625, del0: 0.05, min_mem: 1.69921875)
Par0 id: 11, Rows: 3
(0.912,17)    (0.000,12)    (0.088,11)    
Total frac: 1.000

Sketch (4) (cm: eps0: 0.00625, del0: 0.05, min_mem: 1.69921875)
Par0 id: 4, Rows: 3
(0.912,17)    (0.088,4)    (0.000,5)    
Total frac: 1.000

Sketch (0) (cm: eps0: 0.00625, del0: 0.05, min_mem: 1.69921875)
Par0 id: 0, Rows: 3
(0.088,1)    (0.912,17)    (0.000,0)    
Total frac: 1.000

Sketch (18) (cm: eps0: 0.00625, del0: 0.05, min_mem: 1.69921875)
Par0 id: 18, Rows: 3
(0.375,17)    
Total frac: 0.375

Sketch (12) (cm: eps0: 0.00625, del0: 0.05, min_mem: 1.69921875)
Par0 id: 12, Rows: 3
(0.824,17)    (0.088,13)    (0.088,12)    
Total frac: 1.000

Sketch (5) (cm: eps0: 0.00625, del0: 0.05, min_mem: 1.69921875)
Par0 id: 5, Rows: 3
(0.088,5)    (0.000,6)    (0.912,17)    
Total frac: 1.000

Sketch (8) (cm: eps0: 0.00625, del0: 0.05, min_mem: 1.69921875)
Par0 id: 8, Rows: 3
(0.000,8)    (0.912,17)    (0.088,9)    
Total frac: 1.000

Sketch (1) (cm: eps0: 0.00625, del0: 0.05, min_mem: 1.69921875)
Par0 id: 1, Rows: 3
(0.000,1)    (1.000,17)    (0.000,2)    
Total frac: 1.000

Sketch (19) (cm: eps0: 0.00625, del0: 0.05, min_mem: 1.69921875)
Par0 id: 19, Rows: 3
(0.287,17)    (0.088,0)    
Total frac: 0.375

Sketch (13) (cm: eps0: 0.00625, del0: 0.05, min_mem: 1.69921875)
Par0 id: 13, Rows: 3
(1.000,17)    (0.000,13)    (0.000,14)    
Total frac: 1.000

Sketch (6) (cm: eps0: 0.00625, del0: 0.05, min_mem: 1.69921875)
Par0 id: 6, Rows: 3
(0.088,6)    (0.000,7)    (0.912,17)    
Total frac: 1.000

Sketch (9) (cm: eps0: 0.00625, del0: 0.05, min_mem: 1.69921875)
Par0 id: 9, Rows: 3
(0.000,9)    (0.088,10)    (0.912,17)    
Total frac: 1.000

Sketch (2) (cm: eps0: 0.00625, del0: 0.05, min_mem: 1.69921875)
Par0 id: 2, Rows: 3
(0.088,2)    (0.824,17)    (0.088,3)    
Total frac: 1.000

Device (0) CPU_0:
cores_sketch: 1.0, cores_dpdk: 5.999999999999998
Rows total: 0.26468614764151416
Mem total: 0.4497596649377291
Throughput: 93.33333333333333

Device (1) CPU_1:
cores_sketch: 1.0, cores_dpdk: 5.999999999999998
Rows total: 0.26468614764151416
Mem total: 0.4497596649377291
Throughput: 93.33333333333333

Device (2) CPU_2:
cores_sketch: 1.0, cores_dpdk: 5.999999999999998
Rows total: 0.26468614764151416
Mem total: 0.4497596649377291
Throughput: 93.33333333333333

Device (3) CPU_3:
cores_sketch: 1.0, cores_dpdk: 5.999999999999998
Rows total: 0.26468614764151416
Mem total: 0.4497596649377291
Throughput: 93.33333333333333

Device (4) CPU_4:
cores_sketch: 1.0, cores_dpdk: 5.999999999999998
Rows total: 0.26468614764151416
Mem total: 0.4497596649377291
Throughput: 93.33333333333333

Device (5) CPU_5:
cores_sketch: 1.0, cores_dpdk: 5.999999999999998
Rows total: 0.26468614764151416
Mem total: 0.4497596649377291
Throughput: 93.33333333333333

Device (6) CPU_6:
cores_sketch: 1.0, cores_dpdk: 5.999999999999998
Rows total: 0.26468614764151416
Mem total: 0.4497596649377291
Throughput: 93.33333333333333

Device (7) CPU_7:
cores_sketch: 1.0, cores_dpdk: 5.999999999999998
Rows total: 0.26468614764151416
Mem total: 0.4497596649377291
Throughput: 93.33333333333333

Device (8) CPU_8:
cores_sketch: 1.0, cores_dpdk: 5.999999999999998
Rows total: 0.26468614764151416
Mem total: 0.4497596649377291
Throughput: 93.33333333333333

Device (9) CPU_9:
cores_sketch: 1.0, cores_dpdk: 5.999999999999998
Rows total: 0.26468614764151416
Mem total: 0.4497596649377291
Throughput: 93.33333333333333

Device (10) CPU_10:
cores_sketch: 1.0, cores_dpdk: 5.999999999999998
Rows total: 0.26468614764151416
Mem total: 0.4497596649377291
Throughput: 93.33333333333333

Device (11) CPU_11:
cores_sketch: 1.0, cores_dpdk: 5.999999999999998
Rows total: 0.26468614764151416
Mem total: 0.4497596649377291
Throughput: 93.33333333333333

Device (12) CPU_12:
cores_sketch: 1.0, cores_dpdk: 5.999999999999998
Rows total: 0.26468614764151416
Mem total: 0.4497596649377291
Throughput: 93.33333333333333

Device (13) CPU_13:
cores_sketch: 1.0, cores_dpdk: 5.999999999999998
Rows total: 0.26468614764151416
Mem total: 0.4497596649377291
Throughput: 93.33333333333333

Device (14) CPU_14:
cores_sketch: 1.0, cores_dpdk: 5.999999999999998
Rows total: 0.26468614764151416
Mem total: 0.4497596649377291
Throughput: 93.33333333333333

Device (15) CPU_15:
cores_sketch: 1.0, cores_dpdk: 5.999999999999998
Rows total: 0.26468614764151416
Mem total: 0.4497596649377291
Throughput: 93.33333333333333

Device (16) CPU_16:
cores_sketch: 1.0, cores_dpdk: 5.999999999999998
Rows total: 0.26468614764151416
Mem total: 0.4497596649377291
Throughput: 93.33333333333333

Device (17) P4_1:
Rows total: 47.99954949009425
Mem total: 81.5617344851211
Throughput: 148.0

Flow 0:
partitions: [(9, 1.0)]
path: {0, 17, 1}
Flow 1:
partitions: [(14, 1.0)]
path: {1, 2, 17}
Flow 2:
partitions: [(19, 1.0)]
path: {17, 2, 3}
Flow 3:
partitions: [(4, 1.0)]
path: {17, 3, 4}
Flow 4:
partitions: [(8, 1.0)]
path: {17, 4, 5}
Flow 5:
partitions: [(12, 1.0)]
path: {17, 5, 6}
Flow 6:
partitions: [(17, 1.0)]
path: {17, 6, 7}
Flow 7:
partitions: [(1, 1.0)]
path: {8, 17, 7}
Flow 8:
partitions: [(13, 1.0)]
path: {8, 17, 9}
Flow 9:
partitions: [(18, 1.0)]
path: {9, 10, 17}
Flow 10:
partitions: [(3, 1.0)]
path: {17, 10, 11}
Flow 11:
partitions: [(7, 1.0)]
path: {17, 11, 12}
Flow 12:
partitions: [(11, 1.0)]
path: {17, 12, 13}
Flow 13:
partitions: [(16, 1.0)]
path: {17, 13, 14}
Flow 14:
partitions: [(0, 1.0)]
path: {17, 14, 15}
Flow 15:
partitions: [(5, 1.0)]
path: {16, 17, 15}
Flow 16:
partitions: [(2, 0.37493449999999995)]
path: {16, 17}
Flow 17:
partitions: [(6, 0.37493449999999995)]
path: {17}
Flow 18:
partitions: [(10, 0.37493449999999995)]
path: {17}
Flow 19:
partitions: [(15, 0.37493449999999995)]
path: {0, 17}
--------------------------------------------------
--------------------------------------------------
Starting model update
Model update took: 2.9087066650390625e-05 s
--------------------------------------------------
Starting model optimize
Model optimize took: 0.01822829246520996 seconds
--------------------------------------------------

VARIABLES ------------------------------
Objective: 1053.4705449959852
frac[17,8] 1
frac[8,13] 0
frac[4,8] 0
frac[17,7] 1
frac[16,2] 0
frac[17,3] 1
frac[14,0] 0
frac[9,18] 0
frac[6,17] 0
frac[17,16] 1
frac[10,3] 0
frac[15,5] 0
frac[5,8] 0
frac[17,15] 0.374934
frac[2,19] 0
frac[17,6] 0.374934
frac[0,15] 0
frac[8,1] 0
frac[5,12] 0
frac[4,4] 0.883351
frac[1,14] 0
frac[17,11] 1
frac[13,16] 0
frac[10,18] 0
frac[15,0] 0
frac[17,2] 0.374934
frac[17,14] 1
frac[13,11] 0
frac[17,5] 1
frac[17,19] 0.231898
frac[7,1] 0
frac[17,10] 0.374934
frac[12,7] 0
frac[17,1] 1
frac[1,9] 0
frac[3,19] 0.768102
frac[12,11] 0
frac[6,12] 0
frac[17,13] 1
frac[2,14] 0
frac[17,4] 0
frac[17,18] 1
frac[9,13] 0
frac[11,7] 0
frac[16,5] 0
frac[17,9] 1
frac[14,16] 0
frac[17,0] 1
frac[11,3] 0
frac[17,12] 1
frac[7,17] 0
frac[0,9] 0
frac[3,4] 0.116649
frac[17,17] 1
mem[17,8] 5.09766
mem[8,13] 0
mem[4,8] 0
mem[17,7] 5.09766
mem[16,2] 0
mem[17,3] 5.09766
mem[14,0] 0
mem[9,18] 0
mem[6,17] 0
mem[17,16] 5.09766
mem[10,3] 0
mem[15,5] 0
mem[5,8] 0
mem[17,15] 1.91129
mem[2,19] 0
mem[17,6] 1.91129
mem[0,15] 0
mem[8,1] 0
mem[5,12] 0
mem[4,4] 4.50302
mem[1,14] 0
mem[17,11] 5.09766
mem[13,16] 0
mem[10,18] 0
mem[15,0] 0
mem[17,2] 1.91129
mem[17,14] 5.09766
mem[13,11] 0
mem[17,5] 5.09766
mem[17,19] 1.18213
mem[7,1] 0
mem[17,10] 1.91129
mem[12,7] 0
mem[17,1] 5.09766
mem[1,9] 0
mem[3,19] 3.91552
mem[12,11] 0
mem[6,12] 0
mem[17,13] 5.09766
mem[2,14] 0
mem[17,4] 0
mem[17,18] 5.09766
mem[9,13] 0
mem[11,7] 0
mem[16,5] 0
mem[17,9] 5.09766
mem[14,16] 0
mem[17,0] 5.09766
mem[11,3] 0
mem[17,12] 5.09766
mem[7,17] 0
mem[0,9] 0
mem[3,4] 0.594637
mem[17,17] 5.09766
mem_tot_CPU_0 0
normalized_mem_tot_CPU_0 0
rows_tot_CPU_0 0
normalized_rows_tot_CPU_0 0
mem_tot_CPU_1 0
normalized_mem_tot_CPU_1 0
rows_tot_CPU_1 0
normalized_rows_tot_CPU_1 0
mem_tot_CPU_2 0
normalized_mem_tot_CPU_2 0
rows_tot_CPU_2 0
normalized_rows_tot_CPU_2 0
mem_tot_CPU_3 4.51016
normalized_mem_tot_CPU_3 0.000137639
rows_tot_CPU_3 2.65425
normalized_rows_tot_CPU_3 0.221188
mem_tot_CPU_4 4.50302
normalized_mem_tot_CPU_4 0.000137421
rows_tot_CPU_4 2.65005
normalized_rows_tot_CPU_4 0.220838
mem_tot_CPU_5 0
normalized_mem_tot_CPU_5 0
rows_tot_CPU_5 0
normalized_rows_tot_CPU_5 0
mem_tot_CPU_6 0
normalized_mem_tot_CPU_6 0
rows_tot_CPU_6 0
normalized_rows_tot_CPU_6 0
mem_tot_CPU_7 0
normalized_mem_tot_CPU_7 0
rows_tot_CPU_7 0
normalized_rows_tot_CPU_7 0
mem_tot_CPU_8 0
normalized_mem_tot_CPU_8 0
rows_tot_CPU_8 0
normalized_rows_tot_CPU_8 0
mem_tot_CPU_9 0
normalized_mem_tot_CPU_9 0
rows_tot_CPU_9 0
normalized_rows_tot_CPU_9 0
mem_tot_CPU_10 0
normalized_mem_tot_CPU_10 0
rows_tot_CPU_10 0
normalized_rows_tot_CPU_10 0
mem_tot_CPU_11 0
normalized_mem_tot_CPU_11 0
rows_tot_CPU_11 0
normalized_rows_tot_CPU_11 0
mem_tot_CPU_12 0
normalized_mem_tot_CPU_12 0
rows_tot_CPU_12 0
normalized_rows_tot_CPU_12 0
mem_tot_CPU_13 0
normalized_mem_tot_CPU_13 0
rows_tot_CPU_13 0
normalized_rows_tot_CPU_13 0
mem_tot_CPU_14 0
normalized_mem_tot_CPU_14 0
rows_tot_CPU_14 0
normalized_rows_tot_CPU_14 0
mem_tot_CPU_15 0
normalized_mem_tot_CPU_15 0
rows_tot_CPU_15 0
normalized_rows_tot_CPU_15 0
mem_tot_CPU_16 0
normalized_mem_tot_CPU_16 0
rows_tot_CPU_16 0
normalized_rows_tot_CPU_16 0
mem_tot_P4_1 80.1945
normalized_mem_tot_P4_1 0.139227
rows_tot_P4_1 47.1949
normalized_rows_tot_P4_1 0.983227
max_mem_P4 80.1945
max_mem_CPU_Cluster 0.000137639
max_rows_P4 47.1949
max_rows_CPU_Cluster 0.221188
m_access_time_CPU_0 0
ns_single_CPU_0 0
pdt_m_rows_CPU_0 0
cores_sketch_CPU_0 -0
cores_dpdk_CPU_0 6
m_access_time_CPU_1 0
ns_single_CPU_1 0
pdt_m_rows_CPU_1 0
cores_sketch_CPU_1 -0
cores_dpdk_CPU_1 6
m_access_time_CPU_2 0
ns_single_CPU_2 0
pdt_m_rows_CPU_2 0
cores_sketch_CPU_2 -0
cores_dpdk_CPU_2 6
m_access_time_CPU_3 0.536646
ns_single_CPU_3 10.7143
pdt_m_rows_CPU_3 1.42439
cores_sketch_CPU_3 1
cores_dpdk_CPU_3 6
m_access_time_CPU_4 0.536653
ns_single_CPU_4 10.6973
pdt_m_rows_CPU_4 1.42216
cores_sketch_CPU_4 1
cores_dpdk_CPU_4 6
m_access_time_CPU_5 0
ns_single_CPU_5 0
pdt_m_rows_CPU_5 0
cores_sketch_CPU_5 -0
cores_dpdk_CPU_5 6
m_access_time_CPU_6 0
ns_single_CPU_6 0
pdt_m_rows_CPU_6 0
cores_sketch_CPU_6 0
cores_dpdk_CPU_6 6
m_access_time_CPU_7 0
ns_single_CPU_7 0
pdt_m_rows_CPU_7 0
cores_sketch_CPU_7 -0
cores_dpdk_CPU_7 6
m_access_time_CPU_8 0
ns_single_CPU_8 0
pdt_m_rows_CPU_8 0
cores_sketch_CPU_8 -0
cores_dpdk_CPU_8 6
m_access_time_CPU_9 0
ns_single_CPU_9 0
pdt_m_rows_CPU_9 0
cores_sketch_CPU_9 -0
cores_dpdk_CPU_9 6
m_access_time_CPU_10 0
ns_single_CPU_10 0
pdt_m_rows_CPU_10 0
cores_sketch_CPU_10 -0
cores_dpdk_CPU_10 6
m_access_time_CPU_11 0
ns_single_CPU_11 0
pdt_m_rows_CPU_11 0
cores_sketch_CPU_11 -0
cores_dpdk_CPU_11 6
m_access_time_CPU_12 0
ns_single_CPU_12 0
pdt_m_rows_CPU_12 0
cores_sketch_CPU_12 -0
cores_dpdk_CPU_12 6
m_access_time_CPU_13 0
ns_single_CPU_13 0
pdt_m_rows_CPU_13 0
cores_sketch_CPU_13 -0
cores_dpdk_CPU_13 6
m_access_time_CPU_14 0
ns_single_CPU_14 0
pdt_m_rows_CPU_14 0
cores_sketch_CPU_14 0
cores_dpdk_CPU_14 6
m_access_time_CPU_15 0
ns_single_CPU_15 0
pdt_m_rows_CPU_15 0
cores_sketch_CPU_15 -0
cores_dpdk_CPU_15 6
m_access_time_CPU_16 0
ns_single_CPU_16 0
pdt_m_rows_CPU_16 0
cores_sketch_CPU_16 -0
cores_dpdk_CPU_16 6
ns_P4_1 6.75676
res 1053.47
--------------------------------------------------

Throughput: 93.33333333333333 Mpps, ns per packet: 10.714285714285715
Resources: 1053.4705449959852
Used Cores: 104.0, Total CPUS: 17, Switch Memory: 80.19447005209938

Sketch (14) (cm: eps0: 0.00625, del0: 0.05, min_mem: 1.69921875)
Par0 id: 14, Rows: 3
(0.000,14)    (0.000,15)    (1.000,17)    
Total frac: 1.000

Sketch (7) (cm: eps0: 0.00625, del0: 0.05, min_mem: 1.69921875)
Par0 id: 7, Rows: 3
(0.000,8)    (0.000,7)    (1.000,17)    
Total frac: 1.000

Sketch (16) (cm: eps0: 0.00625, del0: 0.05, min_mem: 1.69921875)
Par0 id: 16, Rows: 3
(0.000,16)    (0.375,17)    
Total frac: 0.375

Sketch (10) (cm: eps0: 0.00625, del0: 0.05, min_mem: 1.69921875)
Par0 id: 10, Rows: 3
(1.000,17)    (0.000,10)    (0.000,11)    
Total frac: 1.000

Sketch (3) (cm: eps0: 0.00625, del0: 0.05, min_mem: 1.69921875)
Par0 id: 3, Rows: 3
(0.883,4)    (0.000,17)    (0.117,3)    
Total frac: 1.000

Sketch (15) (cm: eps0: 0.00625, del0: 0.05, min_mem: 1.69921875)
Par0 id: 15, Rows: 3
(0.000,15)    (1.000,17)    (0.000,16)    
Total frac: 1.000

Sketch (17) (cm: eps0: 0.00625, del0: 0.05, min_mem: 1.69921875)
Par0 id: 17, Rows: 3
(0.375,17)    
Total frac: 0.375

Sketch (11) (cm: eps0: 0.00625, del0: 0.05, min_mem: 1.69921875)
Par0 id: 11, Rows: 3
(1.000,17)    (0.000,12)    (0.000,11)    
Total frac: 1.000

Sketch (4) (cm: eps0: 0.00625, del0: 0.05, min_mem: 1.69921875)
Par0 id: 4, Rows: 3
(1.000,17)    (0.000,4)    (0.000,5)    
Total frac: 1.000

Sketch (0) (cm: eps0: 0.00625, del0: 0.05, min_mem: 1.69921875)
Par0 id: 0, Rows: 3
(0.000,1)    (1.000,17)    (0.000,0)    
Total frac: 1.000

Sketch (18) (cm: eps0: 0.00625, del0: 0.05, min_mem: 1.69921875)
Par0 id: 18, Rows: 3
(0.375,17)    
Total frac: 0.375

Sketch (12) (cm: eps0: 0.00625, del0: 0.05, min_mem: 1.69921875)
Par0 id: 12, Rows: 3
(1.000,17)    (0.000,13)    (0.000,12)    
Total frac: 1.000

Sketch (5) (cm: eps0: 0.00625, del0: 0.05, min_mem: 1.69921875)
Par0 id: 5, Rows: 3
(0.000,5)    (0.000,6)    (1.000,17)    
Total frac: 1.000

Sketch (8) (cm: eps0: 0.00625, del0: 0.05, min_mem: 1.69921875)
Par0 id: 8, Rows: 3
(0.000,8)    (1.000,17)    (0.000,9)    
Total frac: 1.000

Sketch (1) (cm: eps0: 0.00625, del0: 0.05, min_mem: 1.69921875)
Par0 id: 1, Rows: 3
(0.000,1)    (1.000,17)    (0.000,2)    
Total frac: 1.000

Sketch (19) (cm: eps0: 0.00625, del0: 0.05, min_mem: 1.69921875)
Par0 id: 19, Rows: 3
(0.375,17)    (0.000,0)    
Total frac: 0.375

Sketch (13) (cm: eps0: 0.00625, del0: 0.05, min_mem: 1.69921875)
Par0 id: 13, Rows: 3
(1.000,17)    (0.000,13)    (0.000,14)    
Total frac: 1.000

Sketch (6) (cm: eps0: 0.00625, del0: 0.05, min_mem: 1.69921875)
Par0 id: 6, Rows: 3
(0.000,6)    (0.000,7)    (1.000,17)    
Total frac: 1.000

Sketch (9) (cm: eps0: 0.00625, del0: 0.05, min_mem: 1.69921875)
Par0 id: 9, Rows: 3
(0.000,9)    (0.000,10)    (1.000,17)    
Total frac: 1.000

Sketch (2) (cm: eps0: 0.00625, del0: 0.05, min_mem: 1.69921875)
Par0 id: 2, Rows: 3
(0.000,2)    (0.232,17)    (0.768,3)    
Total frac: 1.000

Device (0) CPU_0:
cores_sketch: -0.0, cores_dpdk: 6.0
Rows total: 0.0
Mem total: 0.0
Throughput: 93.33333333333333

Device (1) CPU_1:
cores_sketch: -0.0, cores_dpdk: 6.0
Rows total: 0.0
Mem total: 0.0
Throughput: 93.33333333333333

Device (2) CPU_2:
cores_sketch: -0.0, cores_dpdk: 6.0
Rows total: 0.0
Mem total: 0.0
Throughput: 93.33333333333333

Device (3) CPU_3:
cores_sketch: 0.9999999999999999, cores_dpdk: 6.0
Rows total: 2.654254544931392
Mem total: 4.510159090020139
Throughput: 93.33333333333333

Device (4) CPU_4:
cores_sketch: 1.0, cores_dpdk: 6.0
Rows total: 2.6500529416491982
Mem total: 4.503019646942974
Throughput: 93.33333333333333

Device (5) CPU_5:
cores_sketch: -0.0, cores_dpdk: 6.0
Rows total: 0.0
Mem total: 0.0
Throughput: 93.33333333333333

Device (6) CPU_6:
cores_sketch: 0.0, cores_dpdk: 6.0
Rows total: 0.0
Mem total: 0.0
Throughput: 93.33333333333333

Device (7) CPU_7:
cores_sketch: -0.0, cores_dpdk: 6.0
Rows total: 0.0
Mem total: 0.0
Throughput: 93.33333333333333

Device (8) CPU_8:
cores_sketch: -0.0, cores_dpdk: 6.0
Rows total: 0.0
Mem total: 0.0
Throughput: 93.33333333333333

Device (9) CPU_9:
cores_sketch: -0.0, cores_dpdk: 6.0
Rows total: 0.0
Mem total: 0.0
Throughput: 93.33333333333333

Device (10) CPU_10:
cores_sketch: -0.0, cores_dpdk: 6.0
Rows total: 0.0
Mem total: 0.0
Throughput: 93.33333333333333

Device (11) CPU_11:
cores_sketch: -0.0, cores_dpdk: 6.0
Rows total: 0.0
Mem total: 0.0
Throughput: 93.33333333333333

Device (12) CPU_12:
cores_sketch: -0.0, cores_dpdk: 6.0
Rows total: 0.0
Mem total: 0.0
Throughput: 93.33333333333333

Device (13) CPU_13:
cores_sketch: -0.0, cores_dpdk: 6.0
Rows total: 0.0
Mem total: 0.0
Throughput: 93.33333333333333

Device (14) CPU_14:
cores_sketch: 0.0, cores_dpdk: 6.0
Rows total: 0.0
Mem total: 0.0
Throughput: 93.33333333333333

Device (15) CPU_15:
cores_sketch: -0.0, cores_dpdk: 6.0
Rows total: 0.0
Mem total: 0.0
Throughput: 93.33333333333333

Device (16) CPU_16:
cores_sketch: -0.0, cores_dpdk: 6.0
Rows total: 0.0
Mem total: 0.0
Throughput: 93.33333333333333

Device (17) P4_1:
Rows total: 47.194906513419404
Mem total: 80.19447005209938
Throughput: 148.0

Flow 0:
partitions: [(9, 1.0)]
path: {0, 17, 1}
Flow 1:
partitions: [(14, 1.0)]
path: {1, 2, 17}
Flow 2:
partitions: [(19, 1.0)]
path: {17, 2, 3}
Flow 3:
partitions: [(4, 1.0)]
path: {17, 3, 4}
Flow 4:
partitions: [(8, 1.0)]
path: {17, 4, 5}
Flow 5:
partitions: [(12, 1.0)]
path: {17, 5, 6}
Flow 6:
partitions: [(17, 1.0)]
path: {17, 6, 7}
Flow 7:
partitions: [(1, 1.0)]
path: {8, 17, 7}
Flow 8:
partitions: [(13, 1.0)]
path: {8, 17, 9}
Flow 9:
partitions: [(18, 1.0)]
path: {9, 10, 17}
Flow 10:
partitions: [(3, 1.0)]
path: {17, 10, 11}
Flow 11:
partitions: [(7, 1.0)]
path: {17, 11, 12}
Flow 12:
partitions: [(11, 1.0)]
path: {17, 12, 13}
Flow 13:
partitions: [(16, 1.0)]
path: {17, 13, 14}
Flow 14:
partitions: [(0, 1.0)]
path: {17, 14, 15}
Flow 15:
partitions: [(5, 1.0)]
path: {16, 17, 15}
Flow 16:
partitions: [(2, 0.37493449999999995)]
path: {16, 17}
Flow 17:
partitions: [(6, 0.37493449999999995)]
path: {17}
Flow 18:
partitions: [(10, 0.37493449999999995)]
path: {17}
Flow 19:
partitions: [(15, 0.37493449999999995)]
path: {0, 17}
--------------------------------------------------
Function: MIP.solve took 0.1322917938232422 seconds
Building model with:
3 devices, 4 partitions and 4 flows
Function: MIP.add_frac_mem_var took 7.653236389160156e-05 seconds
Function: MIP.add_coverage_constraints took 4.8160552978515625e-05 seconds
Function: MIP.add_accuracy_constraints took 7.295608520507812e-05 seconds
Function: MIP.add_capacity_constraints took 0.00027108192443847656 seconds

VARIABLES ------------------------------
Objective: 10.714285714285715
mem_tot_CPU_19 4.24894
m_access_time_CPU_19 0.536891
ns_single_CPU_19 10.0943
pdt_m_rows_CPU_19 1.34251
cores_sketch_CPU_19 1
cores_dpdk_CPU_19 6
ns_sketch_CPU_19 10.0943
pdt_nsk_c_CPU_19 10.0943
ns_dpdk_CPU_19 10.7143
pdt_nsc_dpdk_CPU_19 64.2857
ns_CPU_19 10.7143
--------------------------------------------------

VARIABLES ------------------------------
Objective: 10.714285714285715
mem_tot_CPU_18 4.24894
m_access_time_CPU_18 0.536891
ns_single_CPU_18 10.0943
pdt_m_rows_CPU_18 1.34251
cores_sketch_CPU_18 1
cores_dpdk_CPU_18 6
ns_sketch_CPU_18 10.0943
pdt_nsk_c_CPU_18 10.0943
ns_dpdk_CPU_18 10.7143
pdt_nsc_dpdk_CPU_18 64.2857
ns_CPU_18 10.7143
--------------------------------------------------

VARIABLES ------------------------------
Objective: 10.714285714285715
mem_tot_CPU_17 4.2476
m_access_time_CPU_17 0.536892
ns_single_CPU_17 10.0912
pdt_m_rows_CPU_17 1.34209
cores_sketch_CPU_17 1
cores_dpdk_CPU_17 6
ns_sketch_CPU_17 10.0912
pdt_nsk_c_CPU_17 10.0912
ns_dpdk_CPU_17 10.7143
pdt_nsc_dpdk_CPU_17 64.2857
ns_CPU_17 10.7143
--------------------------------------------------

VARIABLES ------------------------------
Objective: 10.714285714285715
mem_tot_CPU_19 4.24894
m_access_time_CPU_19 0.536891
ns_single_CPU_19 10.0943
pdt_m_rows_CPU_19 1.34251
cores_sketch_CPU_19 1
cores_dpdk_CPU_19 6
ns_sketch_CPU_19 10.0943
pdt_nsk_c_CPU_19 10.0943
ns_dpdk_CPU_19 10.7143
pdt_nsc_dpdk_CPU_19 64.2857
ns_CPU_19 10.7143
--------------------------------------------------

VARIABLES ------------------------------
Objective: 10.714285714285715
mem_tot_CPU_18 4.24894
m_access_time_CPU_18 0.536891
ns_single_CPU_18 10.0943
pdt_m_rows_CPU_18 1.34251
cores_sketch_CPU_18 1
cores_dpdk_CPU_18 6
ns_sketch_CPU_18 10.0943
pdt_nsk_c_CPU_18 10.0943
ns_dpdk_CPU_18 10.7143
pdt_nsc_dpdk_CPU_18 64.2857
ns_CPU_18 10.7143
--------------------------------------------------

VARIABLES ------------------------------
Objective: 10.714285714285715
mem_tot_CPU_17 4.2476
m_access_time_CPU_17 0.536892
ns_single_CPU_17 10.0912
pdt_m_rows_CPU_17 1.34209
cores_sketch_CPU_17 1
cores_dpdk_CPU_17 6
ns_sketch_CPU_17 10.0912
pdt_nsk_c_CPU_17 10.0912
ns_dpdk_CPU_17 10.7143
pdt_nsc_dpdk_CPU_17 64.2857
ns_CPU_17 10.7143
--------------------------------------------------

Sketch (17) (cm: eps0: 0.00625, del0: 0.05, min_mem: 1.69921875)
Par0 id: 17, Rows: 3
(0.208,2)    (0.417,1)    
Total frac: 0.625

Sketch (16) (cm: eps0: 0.00625, del0: 0.05, min_mem: 1.69921875)
Par0 id: 16, Rows: 3
(0.625,2)    
Total frac: 0.625

Sketch (19) (cm: eps0: 0.00625, del0: 0.05, min_mem: 1.69921875)
Par0 id: 19, Rows: 3
(0.625,0)    
Total frac: 0.625

Sketch (18) (cm: eps0: 0.00625, del0: 0.05, min_mem: 1.69921875)
Par0 id: 18, Rows: 3
(0.417,1)    (0.208,0)    
Total frac: 0.625

Device (0) CPU_19:
cores_sketch: 1.0, cores_dpdk: 5.999999999999998
Rows total: 2.500524026200001
Mem total: 4.248937310144533
Throughput: 93.33333333333333

Device (1) CPU_18:
cores_sketch: 1.0, cores_dpdk: 5.999999999999998
Rows total: 2.5005240262000004
Mem total: 4.248937310144532
Throughput: 93.33333333333333

Device (2) CPU_17:
cores_sketch: 1.0, cores_dpdk: 5.999999999999998
Rows total: 2.4997379475999986
Mem total: 4.2476015906484355
Throughput: 93.33333333333333

Flow 0:
partitions: [(1, 0.6250655)]
path: {2}
Flow 1:
partitions: [(0, 0.6250655)]
path: {1, 2}
Flow 2:
partitions: [(3, 0.6250655)]
path: {0, 1}
Flow 3:
partitions: [(2, 0.6250655)]
path: {0}
--------------------------------------------------
--------------------------------------------------
Starting model update
Model update took: 1.811981201171875e-05 s
--------------------------------------------------
Starting model optimize
Model optimize took: 0.0004489421844482422 seconds
--------------------------------------------------

VARIABLES ------------------------------
Objective: 210.00155584426403
frac[1,3] 0.416623
frac[2,1] 0.625066
frac[2,0] 0.20818
frac[1,0] 0.416885
frac[0,2] 0.625066
frac[0,3] 0.208443
mem[1,3] 2.1238
mem[2,1] 3.18637
mem[2,0] 1.06123
mem[1,0] 2.12514
mem[0,2] 3.18637
mem[0,3] 1.06257
mem_tot_CPU_19 4.24894
normalized_mem_tot_CPU_19 0.000129667
rows_tot_CPU_19 2.50052
normalized_rows_tot_CPU_19 0.208377
mem_tot_CPU_18 4.24894
normalized_mem_tot_CPU_18 0.000129667
rows_tot_CPU_18 2.50052
normalized_rows_tot_CPU_18 0.208377
mem_tot_CPU_17 4.2476
normalized_mem_tot_CPU_17 0.000129627
rows_tot_CPU_17 2.49974
normalized_rows_tot_CPU_17 0.208311
max_mem_CPU_Cluster 0.000129667
max_rows_CPU_Cluster 0.208377
m_access_time_CPU_19 0.536891
ns_single_CPU_19 10.0943
pdt_m_rows_CPU_19 1.34251
cores_sketch_CPU_19 1
cores_dpdk_CPU_19 6
m_access_time_CPU_18 0.536891
ns_single_CPU_18 10.0943
pdt_m_rows_CPU_18 1.34251
cores_sketch_CPU_18 1
cores_dpdk_CPU_18 6
m_access_time_CPU_17 0.536892
ns_single_CPU_17 10.0912
pdt_m_rows_CPU_17 1.34209
cores_sketch_CPU_17 1
cores_dpdk_CPU_17 6
res 210.002
--------------------------------------------------

Throughput: 93.33333333333333 Mpps, ns per packet: 10.714285714285715
Resources: 210.00155584426403
Used Cores: 21.0, Total CPUS: 3, Switch Memory: 0

Sketch (17) (cm: eps0: 0.00625, del0: 0.05, min_mem: 1.69921875)
Par0 id: 17, Rows: 3
(0.208,2)    (0.417,1)    
Total frac: 0.625

Sketch (16) (cm: eps0: 0.00625, del0: 0.05, min_mem: 1.69921875)
Par0 id: 16, Rows: 3
(0.625,2)    
Total frac: 0.625

Sketch (19) (cm: eps0: 0.00625, del0: 0.05, min_mem: 1.69921875)
Par0 id: 19, Rows: 3
(0.625,0)    
Total frac: 0.625

Sketch (18) (cm: eps0: 0.00625, del0: 0.05, min_mem: 1.69921875)
Par0 id: 18, Rows: 3
(0.417,1)    (0.208,0)    
Total frac: 0.625

Device (0) CPU_19:
cores_sketch: 1.0, cores_dpdk: 6.0
Rows total: 2.5005240262000012
Mem total: 4.248937310144533
Throughput: 93.33333333333333

Device (1) CPU_18:
cores_sketch: 1.0, cores_dpdk: 6.0
Rows total: 2.500524026200001
Mem total: 4.248937310144532
Throughput: 93.33333333333333

Device (2) CPU_17:
cores_sketch: 1.0, cores_dpdk: 6.0
Rows total: 2.499737947599999
Mem total: 4.2476015906484355
Throughput: 93.33333333333333

Flow 0:
partitions: [(1, 0.6250655)]
path: {2}
Flow 1:
partitions: [(0, 0.6250655)]
path: {1, 2}
Flow 2:
partitions: [(3, 0.6250655)]
path: {0, 1}
Flow 3:
partitions: [(2, 0.6250655)]
path: {0}
--------------------------------------------------
Function: MIP.solve took 0.01955723762512207 seconds
--------------------------------------------------
Clustered Optimization complete
--------------------------------------------------

VARIABLES ------------------------------
Objective: 10.204081632653063
mem_tot_CPU_0 0
m_access_time_CPU_0 0
ns_single_CPU_0 0
pdt_m_rows_CPU_0 0
cores_sketch_CPU_0 0
cores_dpdk_CPU_0 7
ns_sketch_CPU_0 10.2041
pdt_nsk_c_CPU_0 0
ns_dpdk_CPU_0 10.2041
pdt_nsc_dpdk_CPU_0 71.4286
ns_CPU_0 10.2041
--------------------------------------------------

VARIABLES ------------------------------
Objective: 10.204081632653063
mem_tot_CPU_1 0
m_access_time_CPU_1 0
ns_single_CPU_1 0
pdt_m_rows_CPU_1 0
cores_sketch_CPU_1 0
cores_dpdk_CPU_1 7
ns_sketch_CPU_1 10.2041
pdt_nsk_c_CPU_1 0
ns_dpdk_CPU_1 10.2041
pdt_nsc_dpdk_CPU_1 71.4286
ns_CPU_1 10.2041
--------------------------------------------------

VARIABLES ------------------------------
Objective: 10.204081632653063
mem_tot_CPU_2 0
m_access_time_CPU_2 0
ns_single_CPU_2 0
pdt_m_rows_CPU_2 0
cores_sketch_CPU_2 0
cores_dpdk_CPU_2 7
ns_sketch_CPU_2 10.2041
pdt_nsk_c_CPU_2 0
ns_dpdk_CPU_2 10.2041
pdt_nsc_dpdk_CPU_2 71.4286
ns_CPU_2 10.2041
--------------------------------------------------

VARIABLES ------------------------------
Objective: 10.714285714285715
mem_tot_CPU_3 4.51016
m_access_time_CPU_3 0.536646
ns_single_CPU_3 10.7143
pdt_m_rows_CPU_3 1.4244
cores_sketch_CPU_3 1
cores_dpdk_CPU_3 6
ns_sketch_CPU_3 10.7143
pdt_nsk_c_CPU_3 10.7143
ns_dpdk_CPU_3 10.7143
pdt_nsc_dpdk_CPU_3 64.2857
ns_CPU_3 10.7143
--------------------------------------------------

VARIABLES ------------------------------
Objective: 10.714285714285715
mem_tot_CPU_4 4.50302
m_access_time_CPU_4 0.536653
ns_single_CPU_4 10.6973
pdt_m_rows_CPU_4 1.42216
cores_sketch_CPU_4 1
cores_dpdk_CPU_4 6
ns_sketch_CPU_4 10.6973
pdt_nsk_c_CPU_4 10.6973
ns_dpdk_CPU_4 10.7143
pdt_nsc_dpdk_CPU_4 64.2857
ns_CPU_4 10.7143
--------------------------------------------------

VARIABLES ------------------------------
Objective: 10.204081632653063
mem_tot_CPU_5 0
m_access_time_CPU_5 0
ns_single_CPU_5 0
pdt_m_rows_CPU_5 0
cores_sketch_CPU_5 0
cores_dpdk_CPU_5 7
ns_sketch_CPU_5 10.2041
pdt_nsk_c_CPU_5 0
ns_dpdk_CPU_5 10.2041
pdt_nsc_dpdk_CPU_5 71.4286
ns_CPU_5 10.2041
--------------------------------------------------

VARIABLES ------------------------------
Objective: 10.204081632653063
mem_tot_CPU_6 0
m_access_time_CPU_6 0
ns_single_CPU_6 0
pdt_m_rows_CPU_6 0
cores_sketch_CPU_6 0
cores_dpdk_CPU_6 7
ns_sketch_CPU_6 10.2041
pdt_nsk_c_CPU_6 0
ns_dpdk_CPU_6 10.2041
pdt_nsc_dpdk_CPU_6 71.4286
ns_CPU_6 10.2041
--------------------------------------------------

VARIABLES ------------------------------
Objective: 10.204081632653063
mem_tot_CPU_7 0
m_access_time_CPU_7 0
ns_single_CPU_7 0
pdt_m_rows_CPU_7 0
cores_sketch_CPU_7 0
cores_dpdk_CPU_7 7
ns_sketch_CPU_7 10.2041
pdt_nsk_c_CPU_7 0
ns_dpdk_CPU_7 10.2041
pdt_nsc_dpdk_CPU_7 71.4286
ns_CPU_7 10.2041
--------------------------------------------------

VARIABLES ------------------------------
Objective: 10.204081632653063
mem_tot_CPU_8 0
m_access_time_CPU_8 0
ns_single_CPU_8 0
pdt_m_rows_CPU_8 0
cores_sketch_CPU_8 0
cores_dpdk_CPU_8 7
ns_sketch_CPU_8 10.2041
pdt_nsk_c_CPU_8 0
ns_dpdk_CPU_8 10.2041
pdt_nsc_dpdk_CPU_8 71.4286
ns_CPU_8 10.2041
--------------------------------------------------

VARIABLES ------------------------------
Objective: 10.204081632653063
mem_tot_CPU_9 0
m_access_time_CPU_9 0
ns_single_CPU_9 0
pdt_m_rows_CPU_9 0
cores_sketch_CPU_9 0
cores_dpdk_CPU_9 7
ns_sketch_CPU_9 10.2041
pdt_nsk_c_CPU_9 0
ns_dpdk_CPU_9 10.2041
pdt_nsc_dpdk_CPU_9 71.4286
ns_CPU_9 10.2041
--------------------------------------------------

VARIABLES ------------------------------
Objective: 10.204081632653063
mem_tot_CPU_10 0
m_access_time_CPU_10 0
ns_single_CPU_10 0
pdt_m_rows_CPU_10 0
cores_sketch_CPU_10 0
cores_dpdk_CPU_10 7
ns_sketch_CPU_10 10.2041
pdt_nsk_c_CPU_10 0
ns_dpdk_CPU_10 10.2041
pdt_nsc_dpdk_CPU_10 71.4286
ns_CPU_10 10.2041
--------------------------------------------------

VARIABLES ------------------------------
Objective: 10.204081632653063
mem_tot_CPU_11 0
m_access_time_CPU_11 0
ns_single_CPU_11 0
pdt_m_rows_CPU_11 0
cores_sketch_CPU_11 0
cores_dpdk_CPU_11 7
ns_sketch_CPU_11 10.2041
pdt_nsk_c_CPU_11 0
ns_dpdk_CPU_11 10.2041
pdt_nsc_dpdk_CPU_11 71.4286
ns_CPU_11 10.2041
--------------------------------------------------

VARIABLES ------------------------------
Objective: 10.204081632653063
mem_tot_CPU_12 0
m_access_time_CPU_12 0
ns_single_CPU_12 0
pdt_m_rows_CPU_12 0
cores_sketch_CPU_12 0
cores_dpdk_CPU_12 7
ns_sketch_CPU_12 10.2041
pdt_nsk_c_CPU_12 0
ns_dpdk_CPU_12 10.2041
pdt_nsc_dpdk_CPU_12 71.4286
ns_CPU_12 10.2041
--------------------------------------------------

VARIABLES ------------------------------
Objective: 10.204081632653063
mem_tot_CPU_13 0
m_access_time_CPU_13 0
ns_single_CPU_13 0
pdt_m_rows_CPU_13 0
cores_sketch_CPU_13 0
cores_dpdk_CPU_13 7
ns_sketch_CPU_13 10.2041
pdt_nsk_c_CPU_13 0
ns_dpdk_CPU_13 10.2041
pdt_nsc_dpdk_CPU_13 71.4286
ns_CPU_13 10.2041
--------------------------------------------------

VARIABLES ------------------------------
Objective: 10.204081632653063
mem_tot_CPU_14 0
m_access_time_CPU_14 0
ns_single_CPU_14 0
pdt_m_rows_CPU_14 0
cores_sketch_CPU_14 0
cores_dpdk_CPU_14 7
ns_sketch_CPU_14 10.2041
pdt_nsk_c_CPU_14 0
ns_dpdk_CPU_14 10.2041
pdt_nsc_dpdk_CPU_14 71.4286
ns_CPU_14 10.2041
--------------------------------------------------

VARIABLES ------------------------------
Objective: 10.204081632653063
mem_tot_CPU_15 0
m_access_time_CPU_15 0
ns_single_CPU_15 0
pdt_m_rows_CPU_15 0
cores_sketch_CPU_15 0
cores_dpdk_CPU_15 7
ns_sketch_CPU_15 10.2041
pdt_nsk_c_CPU_15 0
ns_dpdk_CPU_15 10.2041
pdt_nsc_dpdk_CPU_15 71.4286
ns_CPU_15 10.2041
--------------------------------------------------

VARIABLES ------------------------------
Objective: 10.204081632653063
mem_tot_CPU_16 0
m_access_time_CPU_16 0
ns_single_CPU_16 0
pdt_m_rows_CPU_16 0
cores_sketch_CPU_16 0
cores_dpdk_CPU_16 7
ns_sketch_CPU_16 10.2041
pdt_nsk_c_CPU_16 0
ns_dpdk_CPU_16 10.2041
pdt_nsc_dpdk_CPU_16 71.4286
ns_CPU_16 10.2041
--------------------------------------------------

VARIABLES ------------------------------
Objective: 10.714285714285715
mem_tot_CPU_17 4.2476
m_access_time_CPU_17 0.536892
ns_single_CPU_17 10.0912
pdt_m_rows_CPU_17 1.34209
cores_sketch_CPU_17 1
cores_dpdk_CPU_17 6
ns_sketch_CPU_17 10.0912
pdt_nsk_c_CPU_17 10.0912
ns_dpdk_CPU_17 10.7143
pdt_nsc_dpdk_CPU_17 64.2857
ns_CPU_17 10.7143
--------------------------------------------------

VARIABLES ------------------------------
Objective: 10.714285714285715
mem_tot_CPU_18 4.24894
m_access_time_CPU_18 0.536891
ns_single_CPU_18 10.0943
pdt_m_rows_CPU_18 1.34251
cores_sketch_CPU_18 1
cores_dpdk_CPU_18 6
ns_sketch_CPU_18 10.0943
pdt_nsk_c_CPU_18 10.0943
ns_dpdk_CPU_18 10.7143
pdt_nsc_dpdk_CPU_18 64.2857
ns_CPU_18 10.7143
--------------------------------------------------

VARIABLES ------------------------------
Objective: 10.714285714285715
mem_tot_CPU_19 4.24894
m_access_time_CPU_19 0.536891
ns_single_CPU_19 10.0943
pdt_m_rows_CPU_19 1.34251
cores_sketch_CPU_19 1
cores_dpdk_CPU_19 6
ns_sketch_CPU_19 10.0943
pdt_nsk_c_CPU_19 10.0943
ns_dpdk_CPU_19 10.7143
pdt_nsc_dpdk_CPU_19 64.2857
ns_CPU_19 10.7143
--------------------------------------------------

VARIABLES ------------------------------
Objective: 6.756756756756757
mem_tot_P4_1 80.1945
ns_P4_1 6.75676
--------------------------------------------------

VARIABLES ------------------------------
Objective: 10.714285714285715
mem_tot_CPU_0 0
m_access_time_CPU_0 0
ns_single_CPU_0 0
pdt_m_rows_CPU_0 0
cores_sketch_CPU_0 0
cores_dpdk_CPU_0 6
ns_sketch_CPU_0 10.7143
pdt_nsk_c_CPU_0 0
ns_dpdk_CPU_0 10.7143
pdt_nsc_dpdk_CPU_0 64.2857
ns_CPU_0 10.7143
--------------------------------------------------

VARIABLES ------------------------------
Objective: 10.714285714285715
mem_tot_CPU_1 0
m_access_time_CPU_1 0
ns_single_CPU_1 0
pdt_m_rows_CPU_1 0
cores_sketch_CPU_1 0
cores_dpdk_CPU_1 6
ns_sketch_CPU_1 10.7143
pdt_nsk_c_CPU_1 0
ns_dpdk_CPU_1 10.7143
pdt_nsc_dpdk_CPU_1 64.2857
ns_CPU_1 10.7143
--------------------------------------------------

VARIABLES ------------------------------
Objective: 10.714285714285715
mem_tot_CPU_2 0
m_access_time_CPU_2 0
ns_single_CPU_2 0
pdt_m_rows_CPU_2 0
cores_sketch_CPU_2 0
cores_dpdk_CPU_2 6
ns_sketch_CPU_2 10.7143
pdt_nsk_c_CPU_2 0
ns_dpdk_CPU_2 10.7143
pdt_nsc_dpdk_CPU_2 64.2857
ns_CPU_2 10.7143
--------------------------------------------------

VARIABLES ------------------------------
Objective: 10.714285714285715
mem_tot_CPU_3 4.51016
m_access_time_CPU_3 0.536646
ns_single_CPU_3 10.7143
pdt_m_rows_CPU_3 1.4244
cores_sketch_CPU_3 1
cores_dpdk_CPU_3 6
ns_sketch_CPU_3 10.7143
pdt_nsk_c_CPU_3 10.7143
ns_dpdk_CPU_3 10.7143
pdt_nsc_dpdk_CPU_3 64.2857
ns_CPU_3 10.7143
--------------------------------------------------

VARIABLES ------------------------------
Objective: 10.714285714285715
mem_tot_CPU_4 4.50302
m_access_time_CPU_4 0.536653
ns_single_CPU_4 10.6973
pdt_m_rows_CPU_4 1.42216
cores_sketch_CPU_4 1
cores_dpdk_CPU_4 6
ns_sketch_CPU_4 10.6973
pdt_nsk_c_CPU_4 10.6973
ns_dpdk_CPU_4 10.7143
pdt_nsc_dpdk_CPU_4 64.2857
ns_CPU_4 10.7143
--------------------------------------------------

VARIABLES ------------------------------
Objective: 10.714285714285715
mem_tot_CPU_5 0
m_access_time_CPU_5 0
ns_single_CPU_5 0
pdt_m_rows_CPU_5 0
cores_sketch_CPU_5 0
cores_dpdk_CPU_5 6
ns_sketch_CPU_5 10.7143
pdt_nsk_c_CPU_5 0
ns_dpdk_CPU_5 10.7143
pdt_nsc_dpdk_CPU_5 64.2857
ns_CPU_5 10.7143
--------------------------------------------------

VARIABLES ------------------------------
Objective: 10.714285714285715
mem_tot_CPU_6 0
m_access_time_CPU_6 0
ns_single_CPU_6 0
pdt_m_rows_CPU_6 0
cores_sketch_CPU_6 0
cores_dpdk_CPU_6 6
ns_sketch_CPU_6 10.7143
pdt_nsk_c_CPU_6 0
ns_dpdk_CPU_6 10.7143
pdt_nsc_dpdk_CPU_6 64.2857
ns_CPU_6 10.7143
--------------------------------------------------

VARIABLES ------------------------------
Objective: 10.714285714285715
mem_tot_CPU_7 0
m_access_time_CPU_7 0
ns_single_CPU_7 0
pdt_m_rows_CPU_7 0
cores_sketch_CPU_7 0
cores_dpdk_CPU_7 6
ns_sketch_CPU_7 10.7143
pdt_nsk_c_CPU_7 0
ns_dpdk_CPU_7 10.7143
pdt_nsc_dpdk_CPU_7 64.2857
ns_CPU_7 10.7143
--------------------------------------------------

VARIABLES ------------------------------
Objective: 10.714285714285715
mem_tot_CPU_8 0
m_access_time_CPU_8 0
ns_single_CPU_8 0
pdt_m_rows_CPU_8 0
cores_sketch_CPU_8 0
cores_dpdk_CPU_8 6
ns_sketch_CPU_8 10.7143
pdt_nsk_c_CPU_8 0
ns_dpdk_CPU_8 10.7143
pdt_nsc_dpdk_CPU_8 64.2857
ns_CPU_8 10.7143
--------------------------------------------------

VARIABLES ------------------------------
Objective: 10.714285714285715
mem_tot_CPU_9 0
m_access_time_CPU_9 0
ns_single_CPU_9 0
pdt_m_rows_CPU_9 0
cores_sketch_CPU_9 0
cores_dpdk_CPU_9 6
ns_sketch_CPU_9 10.7143
pdt_nsk_c_CPU_9 0
ns_dpdk_CPU_9 10.7143
pdt_nsc_dpdk_CPU_9 64.2857
ns_CPU_9 10.7143
--------------------------------------------------

VARIABLES ------------------------------
Objective: 10.714285714285715
mem_tot_CPU_10 0
m_access_time_CPU_10 0
ns_single_CPU_10 0
pdt_m_rows_CPU_10 0
cores_sketch_CPU_10 0
cores_dpdk_CPU_10 6
ns_sketch_CPU_10 10.7143
pdt_nsk_c_CPU_10 0
ns_dpdk_CPU_10 10.7143
pdt_nsc_dpdk_CPU_10 64.2857
ns_CPU_10 10.7143
--------------------------------------------------

VARIABLES ------------------------------
Objective: 10.714285714285715
mem_tot_CPU_11 0
m_access_time_CPU_11 0
ns_single_CPU_11 0
pdt_m_rows_CPU_11 0
cores_sketch_CPU_11 0
cores_dpdk_CPU_11 6
ns_sketch_CPU_11 10.7143
pdt_nsk_c_CPU_11 0
ns_dpdk_CPU_11 10.7143
pdt_nsc_dpdk_CPU_11 64.2857
ns_CPU_11 10.7143
--------------------------------------------------

VARIABLES ------------------------------
Objective: 10.714285714285715
mem_tot_CPU_12 0
m_access_time_CPU_12 0
ns_single_CPU_12 0
pdt_m_rows_CPU_12 0
cores_sketch_CPU_12 0
cores_dpdk_CPU_12 6
ns_sketch_CPU_12 10.7143
pdt_nsk_c_CPU_12 0
ns_dpdk_CPU_12 10.7143
pdt_nsc_dpdk_CPU_12 64.2857
ns_CPU_12 10.7143
--------------------------------------------------

VARIABLES ------------------------------
Objective: 10.714285714285715
mem_tot_CPU_13 0
m_access_time_CPU_13 0
ns_single_CPU_13 0
pdt_m_rows_CPU_13 0
cores_sketch_CPU_13 0
cores_dpdk_CPU_13 6
ns_sketch_CPU_13 10.7143
pdt_nsk_c_CPU_13 0
ns_dpdk_CPU_13 10.7143
pdt_nsc_dpdk_CPU_13 64.2857
ns_CPU_13 10.7143
--------------------------------------------------

VARIABLES ------------------------------
Objective: 10.714285714285715
mem_tot_CPU_14 0
m_access_time_CPU_14 0
ns_single_CPU_14 0
pdt_m_rows_CPU_14 0
cores_sketch_CPU_14 0
cores_dpdk_CPU_14 6
ns_sketch_CPU_14 10.7143
pdt_nsk_c_CPU_14 0
ns_dpdk_CPU_14 10.7143
pdt_nsc_dpdk_CPU_14 64.2857
ns_CPU_14 10.7143
--------------------------------------------------

VARIABLES ------------------------------
Objective: 10.714285714285715
mem_tot_CPU_15 0
m_access_time_CPU_15 0
ns_single_CPU_15 0
pdt_m_rows_CPU_15 0
cores_sketch_CPU_15 0
cores_dpdk_CPU_15 6
ns_sketch_CPU_15 10.7143
pdt_nsk_c_CPU_15 0
ns_dpdk_CPU_15 10.7143
pdt_nsc_dpdk_CPU_15 64.2857
ns_CPU_15 10.7143
--------------------------------------------------

VARIABLES ------------------------------
Objective: 10.714285714285715
mem_tot_CPU_16 0
m_access_time_CPU_16 0
ns_single_CPU_16 0
pdt_m_rows_CPU_16 0
cores_sketch_CPU_16 0
cores_dpdk_CPU_16 6
ns_sketch_CPU_16 10.7143
pdt_nsk_c_CPU_16 0
ns_dpdk_CPU_16 10.7143
pdt_nsc_dpdk_CPU_16 64.2857
ns_CPU_16 10.7143
--------------------------------------------------

VARIABLES ------------------------------
Objective: 10.714285714285715
mem_tot_CPU_17 4.2476
m_access_time_CPU_17 0.536892
ns_single_CPU_17 10.0912
pdt_m_rows_CPU_17 1.34209
cores_sketch_CPU_17 1
cores_dpdk_CPU_17 6
ns_sketch_CPU_17 10.0912
pdt_nsk_c_CPU_17 10.0912
ns_dpdk_CPU_17 10.7143
pdt_nsc_dpdk_CPU_17 64.2857
ns_CPU_17 10.7143
--------------------------------------------------

VARIABLES ------------------------------
Objective: 10.714285714285715
mem_tot_CPU_18 4.24894
m_access_time_CPU_18 0.536891
ns_single_CPU_18 10.0943
pdt_m_rows_CPU_18 1.34251
cores_sketch_CPU_18 1
cores_dpdk_CPU_18 6
ns_sketch_CPU_18 10.0943
pdt_nsk_c_CPU_18 10.0943
ns_dpdk_CPU_18 10.7143
pdt_nsc_dpdk_CPU_18 64.2857
ns_CPU_18 10.7143
--------------------------------------------------

VARIABLES ------------------------------
Objective: 10.714285714285715
mem_tot_CPU_19 4.24894
m_access_time_CPU_19 0.536891
ns_single_CPU_19 10.0943
pdt_m_rows_CPU_19 1.34251
cores_sketch_CPU_19 1
cores_dpdk_CPU_19 6
ns_sketch_CPU_19 10.0943
pdt_nsk_c_CPU_19 10.0943
ns_dpdk_CPU_19 10.7143
pdt_nsc_dpdk_CPU_19 64.2857
ns_CPU_19 10.7143
--------------------------------------------------

Throughput: 93.33333333333333 Mpps, ns per packet: 10.714285714285715
Resources: 1263.4721008402491
Used Cores: 124.99999999999999, Total CPUS: 20, Switch Memory: 80.19447005209938

Sketch (0) (cm: eps0: 0.00625, del0: 0.05, min_mem: 1.69921875)
Par0 id: 0, Rows: 3
(0.000,0)    (0.000,1)    (1.000,20)    
Total frac: 1.000

Sketch (1) (cm: eps0: 0.00625, del0: 0.05, min_mem: 1.69921875)
Par0 id: 1, Rows: 3
(0.000,1)    (0.000,2)    (1.000,20)    
Total frac: 1.000

Sketch (2) (cm: eps0: 0.00625, del0: 0.05, min_mem: 1.69921875)
Par0 id: 2, Rows: 3
(0.000,2)    (0.768,3)    (0.232,20)    
Total frac: 1.000

Sketch (3) (cm: eps0: 0.00625, del0: 0.05, min_mem: 1.69921875)
Par0 id: 3, Rows: 3
(0.117,3)    (0.883,4)    (0.000,20)    
Total frac: 1.000

Sketch (4) (cm: eps0: 0.00625, del0: 0.05, min_mem: 1.69921875)
Par0 id: 4, Rows: 3
(0.000,4)    (0.000,5)    (1.000,20)    
Total frac: 1.000

Sketch (5) (cm: eps0: 0.00625, del0: 0.05, min_mem: 1.69921875)
Par0 id: 5, Rows: 3
(0.000,5)    (0.000,6)    (1.000,20)    
Total frac: 1.000

Sketch (6) (cm: eps0: 0.00625, del0: 0.05, min_mem: 1.69921875)
Par0 id: 6, Rows: 3
(0.000,6)    (0.000,7)    (1.000,20)    
Total frac: 1.000

Sketch (7) (cm: eps0: 0.00625, del0: 0.05, min_mem: 1.69921875)
Par0 id: 7, Rows: 3
(0.000,7)    (0.000,8)    (1.000,20)    
Total frac: 1.000

Sketch (8) (cm: eps0: 0.00625, del0: 0.05, min_mem: 1.69921875)
Par0 id: 8, Rows: 3
(0.000,8)    (0.000,9)    (1.000,20)    
Total frac: 1.000

Sketch (9) (cm: eps0: 0.00625, del0: 0.05, min_mem: 1.69921875)
Par0 id: 9, Rows: 3
(0.000,9)    (0.000,10)    (1.000,20)    
Total frac: 1.000

Sketch (10) (cm: eps0: 0.00625, del0: 0.05, min_mem: 1.69921875)
Par0 id: 10, Rows: 3
(0.000,10)    (0.000,11)    (1.000,20)    
Total frac: 1.000

Sketch (11) (cm: eps0: 0.00625, del0: 0.05, min_mem: 1.69921875)
Par0 id: 11, Rows: 3
(0.000,11)    (0.000,12)    (1.000,20)    
Total frac: 1.000

Sketch (12) (cm: eps0: 0.00625, del0: 0.05, min_mem: 1.69921875)
Par0 id: 12, Rows: 3
(0.000,12)    (0.000,13)    (1.000,20)    
Total frac: 1.000

Sketch (13) (cm: eps0: 0.00625, del0: 0.05, min_mem: 1.69921875)
Par0 id: 13, Rows: 3
(0.000,13)    (0.000,14)    (1.000,20)    
Total frac: 1.000

Sketch (14) (cm: eps0: 0.00625, del0: 0.05, min_mem: 1.69921875)
Par0 id: 14, Rows: 3
(0.000,14)    (0.000,15)    (1.000,20)    
Total frac: 1.000

Sketch (15) (cm: eps0: 0.00625, del0: 0.05, min_mem: 1.69921875)
Par0 id: 15, Rows: 3
(0.000,15)    (0.000,16)    (1.000,20)    
Total frac: 1.000

Sketch (16) (cm: eps0: 0.00625, del0: 0.05, min_mem: 1.69921875)
Par0 id: 16, Rows: 3
(0.000,16)    (0.375,20)    (0.625,17)    
Total frac: 1.000

Sketch (17) (cm: eps0: 0.00625, del0: 0.05, min_mem: 1.69921875)
Par0 id: 17, Rows: 3
(0.375,20)    (0.417,18)    (0.208,17)    
Total frac: 1.000

Sketch (18) (cm: eps0: 0.00625, del0: 0.05, min_mem: 1.69921875)
Par0 id: 18, Rows: 3
(0.375,20)    (0.208,19)    (0.417,18)    
Total frac: 1.000

Sketch (19) (cm: eps0: 0.00625, del0: 0.05, min_mem: 1.69921875)
Par0 id: 19, Rows: 3
(0.000,0)    (0.375,20)    (0.625,19)    
Total frac: 1.000

Device (0) CPU_0:
cores_sketch: 0.0, cores_dpdk: 5.9999999999999964
Rows total: 0.0
Mem total: 0.0
Throughput: 93.33333333333333

Device (1) CPU_1:
cores_sketch: 0.0, cores_dpdk: 5.9999999999999964
Rows total: 0.0
Mem total: 0.0
Throughput: 93.33333333333333

Device (2) CPU_2:
cores_sketch: 0.0, cores_dpdk: 5.9999999999999964
Rows total: 0.0
Mem total: 0.0
Throughput: 93.33333333333333

Device (3) CPU_3:
cores_sketch: 1.0, cores_dpdk: 6.0
Rows total: 2.654254544931392
Mem total: 4.510159090020139
Throughput: 93.33333333333333

Device (4) CPU_4:
cores_sketch: 1.0, cores_dpdk: 5.999999999999998
Rows total: 2.6500529416491982
Mem total: 4.503019646942974
Throughput: 93.33333333333333

Device (5) CPU_5:
cores_sketch: 0.0, cores_dpdk: 5.9999999999999964
Rows total: 0.0
Mem total: 0.0
Throughput: 93.33333333333333

Device (6) CPU_6:
cores_sketch: 0.0, cores_dpdk: 5.9999999999999964
Rows total: 0.0
Mem total: 0.0
Throughput: 93.33333333333333

Device (7) CPU_7:
cores_sketch: 0.0, cores_dpdk: 5.9999999999999964
Rows total: 0.0
Mem total: 0.0
Throughput: 93.33333333333333

Device (8) CPU_8:
cores_sketch: 0.0, cores_dpdk: 5.9999999999999964
Rows total: 0.0
Mem total: 0.0
Throughput: 93.33333333333333

Device (9) CPU_9:
cores_sketch: 0.0, cores_dpdk: 5.9999999999999964
Rows total: 0.0
Mem total: 0.0
Throughput: 93.33333333333333

Device (10) CPU_10:
cores_sketch: 0.0, cores_dpdk: 5.9999999999999964
Rows total: 0.0
Mem total: 0.0
Throughput: 93.33333333333333

Device (11) CPU_11:
cores_sketch: 0.0, cores_dpdk: 5.9999999999999964
Rows total: 0.0
Mem total: 0.0
Throughput: 93.33333333333333

Device (12) CPU_12:
cores_sketch: 0.0, cores_dpdk: 5.9999999999999964
Rows total: 0.0
Mem total: 0.0
Throughput: 93.33333333333333

Device (13) CPU_13:
cores_sketch: 0.0, cores_dpdk: 5.9999999999999964
Rows total: 0.0
Mem total: 0.0
Throughput: 93.33333333333333

Device (14) CPU_14:
cores_sketch: 0.0, cores_dpdk: 5.9999999999999964
Rows total: 0.0
Mem total: 0.0
Throughput: 93.33333333333333

Device (15) CPU_15:
cores_sketch: 0.0, cores_dpdk: 5.9999999999999964
Rows total: 0.0
Mem total: 0.0
Throughput: 93.33333333333333

Device (16) CPU_16:
cores_sketch: 0.0, cores_dpdk: 5.9999999999999964
Rows total: 0.0
Mem total: 0.0
Throughput: 93.33333333333333

Device (17) CPU_17:
cores_sketch: 1.0, cores_dpdk: 5.999999999999998
Rows total: 2.499737947599999
Mem total: 4.2476015906484355
Throughput: 93.33333333333333

Device (18) CPU_18:
cores_sketch: 1.0, cores_dpdk: 5.999999999999998
Rows total: 2.500524026200001
Mem total: 4.248937310144532
Throughput: 93.33333333333333

Device (19) CPU_19:
cores_sketch: 1.0, cores_dpdk: 5.999999999999998
Rows total: 2.5005240262000012
Mem total: 4.248937310144533
Throughput: 93.33333333333333

Device (20) P4_1:
Rows total: 47.194906513419404
Mem total: 80.19447005209938
Throughput: 148.0

Flow 0:
partitions: [(0, 1)]
path: (0, 20, 1)
Flow 1:
partitions: [(1, 1)]
path: (1, 20, 2)
Flow 2:
partitions: [(2, 1)]
path: (2, 20, 3)
Flow 3:
partitions: [(3, 1)]
path: (3, 20, 4)
Flow 4:
partitions: [(4, 1)]
path: (4, 20, 5)
Flow 5:
partitions: [(5, 1)]
path: (5, 20, 6)
Flow 6:
partitions: [(6, 1)]
path: (6, 20, 7)
Flow 7:
partitions: [(7, 1)]
path: (7, 20, 8)
Flow 8:
partitions: [(8, 1)]
path: (8, 20, 9)
Flow 9:
partitions: [(9, 1)]
path: (9, 20, 10)
Flow 10:
partitions: [(10, 1)]
path: (10, 20, 11)
Flow 11:
partitions: [(11, 1)]
path: (11, 20, 12)
Flow 12:
partitions: [(12, 1)]
path: (12, 20, 13)
Flow 13:
partitions: [(13, 1)]
path: (13, 20, 14)
Flow 14:
partitions: [(14, 1)]
path: (14, 20, 15)
Flow 15:
partitions: [(15, 1)]
path: (15, 20, 16)
Flow 16:
partitions: [(16, 1)]
path: (16, 20, 17)
Flow 17:
partitions: [(17, 1)]
path: (17, 20, 18)
Flow 18:
partitions: [(18, 1)]
path: (18, 20, 19)
Flow 19:
partitions: [(19, 1)]
path: (19, 20, 0)
--------------------------------------------------
Function: solve took 0.22847986221313477 seconds
