Function: get_partitions took 3.147125244140625e-05 seconds
Function: map_flows_partitions took 9.059906005859375e-06 seconds
Function: map_flows_to_cluster took 3.695487976074219e-05 seconds
Building model with:
3 devices, 20 partitions and 20 flows
Function: MIP.add_frac_mem_var took 0.00020122528076171875 seconds
Function: MIP.add_coverage_constraints took 0.0001819133758544922 seconds
Function: MIP.add_accuracy_constraints took 0.0003826618194580078 seconds
Function: MIP.add_capacity_constraints took 0.0006208419799804688 seconds
--------------------------------------------------
Starting model update
Model update took: 5.269050598144531e-05 s
--------------------------------------------------
Starting model optimize
Model optimize took: 0.003298521041870117 seconds
--------------------------------------------------

VARIABLES ------------------------------
Objective: 59.999999999999986
frac[2,18] 0.833421
frac[0,14] 0.166579
frac[0,7] 0.166579
frac[1,15] 0
frac[0,16] 0.166579
frac[0,10] 0.166579
frac[0,3] 1
frac[1,11] 0.833421
frac[2,19] 0.833421
frac[0,15] 1
frac[1,14] 0.833421
frac[0,17] 0.166579
frac[0,11] 0.166579
frac[0,4] 1
frac[1,10] 0.833421
frac[2,15] 0
frac[2,16] 0.833421
frac[0,0] 1
frac[1,13] 0.833421
frac[0,18] 0.166579
frac[0,12] 0.166579
frac[0,5] 1
frac[1,9] 0.833421
frac[0,8] 0.166579
frac[2,17] 0.833421
frac[0,1] 1
frac[1,12] 0.833421
frac[0,19] 0.166579
frac[0,13] 0.166579
frac[0,6] 1
frac[1,8] 0.833421
frac[1,7] 0.833421
frac[0,9] 0.166579
frac[0,2] 1
mem[2,18] 4.24849
mem[0,14] 0.849164
mem[0,7] 0.849164
mem[1,15] 0
mem[0,16] 0.849164
mem[0,10] 0.849164
mem[0,3] 5.09766
mem[1,11] 4.24849
mem[2,19] 4.24849
mem[0,15] 5.09766
mem[1,14] 4.24849
mem[0,17] 0.849164
mem[0,11] 0.849164
mem[0,4] 5.09766
mem[1,10] 4.24849
mem[2,15] 0
mem[2,16] 4.24849
mem[0,0] 5.09766
mem[1,13] 4.24849
mem[0,18] 0.849164
mem[0,12] 0.849164
mem[0,5] 5.09766
mem[1,9] 4.24849
mem[0,8] 0.849164
mem[2,17] 4.24849
mem[0,1] 5.09766
mem[1,12] 4.24849
mem[0,19] 0.849164
mem[0,13] 0.849164
mem[0,6] 5.09766
mem[1,8] 4.24849
mem[1,7] 4.24849
mem[0,9] 0.849164
mem[0,2] 5.09766
mem_tot_{CPU_0,CPU_1,CPU_2,CPU_3,CPU_4,CPU_5,CPU_6,CPU_7,P4_1} 50.9712
normalized_mem_tot_{CPU_0,CPU_1,CPU_2,CPU_3,CPU_4,CPU_5,CPU_6,CPU_7,P4_1} 0.000194013
rows_tot_{CPU_0,CPU_1,CPU_2,CPU_3,CPU_4,CPU_5,CPU_6,CPU_7,P4_1} 29.9969
normalized_rows_tot_{CPU_0,CPU_1,CPU_2,CPU_3,CPU_4,CPU_5,CPU_6,CPU_7,P4_1} 0.208311
mem_tot_{CPU_8,CPU_9,CPU_10,CPU_11,CPU_12,CPU_13,CPU_14,CPU_15} 33.9879
normalized_mem_tot_{CPU_8,CPU_9,CPU_10,CPU_11,CPU_12,CPU_13,CPU_14,CPU_15} 0.000129654
rows_tot_{CPU_8,CPU_9,CPU_10,CPU_11,CPU_12,CPU_13,CPU_14,CPU_15} 20.0021
normalized_rows_tot_{CPU_8,CPU_9,CPU_10,CPU_11,CPU_12,CPU_13,CPU_14,CPU_15} 0.208355
mem_tot_{CPU_19,CPU_18,CPU_17,CPU_16} 16.994
normalized_mem_tot_{CPU_19,CPU_18,CPU_17,CPU_16} 0.000129654
rows_tot_{CPU_19,CPU_18,CPU_17,CPU_16} 10.001
normalized_rows_tot_{CPU_19,CPU_18,CPU_17,CPU_16} 0.208355
max_mem_CPU_Cluster 0.000194013
max_rows_CPU_Cluster 0.208355
--------------------------------------------------

Sketch (0) (cm: eps0: 0.00625, del0: 0.05, min_mem: 1.69921875)
Par0 id: 0, Rows: 3
(1.000,0)    
Total frac: 1.000

Sketch (1) (cm: eps0: 0.00625, del0: 0.05, min_mem: 1.69921875)
Par0 id: 1, Rows: 3
(1.000,0)    
Total frac: 1.000

Sketch (2) (cm: eps0: 0.00625, del0: 0.05, min_mem: 1.69921875)
Par0 id: 2, Rows: 3
(1.000,0)    
Total frac: 1.000

Sketch (3) (cm: eps0: 0.00625, del0: 0.05, min_mem: 1.69921875)
Par0 id: 3, Rows: 3
(1.000,0)    
Total frac: 1.000

Sketch (4) (cm: eps0: 0.00625, del0: 0.05, min_mem: 1.69921875)
Par0 id: 4, Rows: 3
(1.000,0)    
Total frac: 1.000

Sketch (5) (cm: eps0: 0.00625, del0: 0.05, min_mem: 1.69921875)
Par0 id: 5, Rows: 3
(1.000,0)    
Total frac: 1.000

Sketch (6) (cm: eps0: 0.00625, del0: 0.05, min_mem: 1.69921875)
Par0 id: 6, Rows: 3
(1.000,0)    
Total frac: 1.000

Sketch (7) (cm: eps0: 0.00625, del0: 0.05, min_mem: 1.69921875)
Par0 id: 7, Rows: 3
(0.167,0)    (0.833,1)    
Total frac: 1.000

Sketch (8) (cm: eps0: 0.00625, del0: 0.05, min_mem: 1.69921875)
Par0 id: 8, Rows: 3
(0.167,0)    (0.833,1)    
Total frac: 1.000

Sketch (9) (cm: eps0: 0.00625, del0: 0.05, min_mem: 1.69921875)
Par0 id: 9, Rows: 3
(0.833,1)    (0.167,0)    
Total frac: 1.000

Sketch (10) (cm: eps0: 0.00625, del0: 0.05, min_mem: 1.69921875)
Par0 id: 10, Rows: 3
(0.167,0)    (0.833,1)    
Total frac: 1.000

Sketch (11) (cm: eps0: 0.00625, del0: 0.05, min_mem: 1.69921875)
Par0 id: 11, Rows: 3
(0.833,1)    (0.167,0)    
Total frac: 1.000

Sketch (12) (cm: eps0: 0.00625, del0: 0.05, min_mem: 1.69921875)
Par0 id: 12, Rows: 3
(0.167,0)    (0.833,1)    
Total frac: 1.000

Sketch (13) (cm: eps0: 0.00625, del0: 0.05, min_mem: 1.69921875)
Par0 id: 13, Rows: 3
(0.833,1)    (0.167,0)    
Total frac: 1.000

Sketch (14) (cm: eps0: 0.00625, del0: 0.05, min_mem: 1.69921875)
Par0 id: 14, Rows: 3
(0.167,0)    (0.833,1)    
Total frac: 1.000

Sketch (15) (cm: eps0: 0.00625, del0: 0.05, min_mem: 1.69921875)
Par0 id: 15, Rows: 3
(0.000,1)    (1.000,0)    (0.000,2)    
Total frac: 1.000

Sketch (16) (cm: eps0: 0.00625, del0: 0.05, min_mem: 1.69921875)
Par0 id: 16, Rows: 3
(0.167,0)    (0.833,2)    
Total frac: 1.000

Sketch (17) (cm: eps0: 0.00625, del0: 0.05, min_mem: 1.69921875)
Par0 id: 17, Rows: 3
(0.167,0)    (0.833,2)    
Total frac: 1.000

Sketch (18) (cm: eps0: 0.00625, del0: 0.05, min_mem: 1.69921875)
Par0 id: 18, Rows: 3
(0.833,2)    (0.167,0)    
Total frac: 1.000

Sketch (19) (cm: eps0: 0.00625, del0: 0.05, min_mem: 1.69921875)
Par0 id: 19, Rows: 3
(0.833,2)    (0.167,0)    
Total frac: 1.000

Device (0) {CPU_0,CPU_1,CPU_2,CPU_3,CPU_4,CPU_5,CPU_6,CPU_7,P4_1}:
Rows total: 29.99685599999999
Mem total: 50.971220156249984

Device (1) {CPU_8,CPU_9,CPU_10,CPU_11,CPU_12,CPU_13,CPU_14,CPU_15}:
Rows total: 20.002095999999998
Mem total: 33.987936562499996

Device (2) {CPU_19,CPU_18,CPU_17,CPU_16}:
Rows total: 10.001047999999999
Mem total: 16.993968281249998

Flow 0:
partitions: [(0, 1)]
path: {0}
Flow 1:
partitions: [(1, 1)]
path: {0}
Flow 2:
partitions: [(2, 1)]
path: {0}
Flow 3:
partitions: [(3, 1)]
path: {0}
Flow 4:
partitions: [(4, 1)]
path: {0}
Flow 5:
partitions: [(5, 1)]
path: {0}
Flow 6:
partitions: [(6, 1)]
path: {0}
Flow 7:
partitions: [(7, 1)]
path: {0, 1}
Flow 8:
partitions: [(8, 1)]
path: {0, 1}
Flow 9:
partitions: [(9, 1)]
path: {0, 1}
Flow 10:
partitions: [(10, 1)]
path: {0, 1}
Flow 11:
partitions: [(11, 1)]
path: {0, 1}
Flow 12:
partitions: [(12, 1)]
path: {0, 1}
Flow 13:
partitions: [(13, 1)]
path: {0, 1}
Flow 14:
partitions: [(14, 1)]
path: {0, 1}
Flow 15:
partitions: [(15, 1)]
path: {0, 1, 2}
Flow 16:
partitions: [(16, 1)]
path: {0, 2}
Flow 17:
partitions: [(17, 1)]
path: {0, 2}
Flow 18:
partitions: [(18, 1)]
path: {0, 2}
Flow 19:
partitions: [(19, 1)]
path: {0, 2}
--------------------------------------------------

VARIABLES ------------------------------
Objective: 6.756756756756757
mem_tot_{CPU_0,CPU_1,CPU_2,CPU_3,CPU_4,CPU_5,CPU_6,CPU_7,P4_1} 50.9712
ns_{CPU_0,CPU_1,CPU_2,CPU_3,CPU_4,CPU_5,CPU_6,CPU_7,P4_1} 6.75676
--------------------------------------------------

VARIABLES ------------------------------
Objective: 10.204081632653061
mem_tot_{CPU_8,CPU_9,CPU_10,CPU_11,CPU_12,CPU_13,CPU_14,CPU_15} 33.9879
ns_{CPU_8,CPU_9,CPU_10,CPU_11,CPU_12,CPU_13,CPU_14,CPU_15} 10.2041
--------------------------------------------------

VARIABLES ------------------------------
Objective: 10.204081632653061
mem_tot_{CPU_19,CPU_18,CPU_17,CPU_16} 16.994
ns_{CPU_19,CPU_18,CPU_17,CPU_16} 10.2041
--------------------------------------------------

Throughput: 98.0 Mpps, ns per packet: 10.204081632653061
Resources: 101.95312499999997
Used Cores: 0, Total CPUS: 0, Switch Memory: 0

Sketch (0) (cm: eps0: 0.00625, del0: 0.05, min_mem: 1.69921875)
Par0 id: 0, Rows: 3
(1.000,0)    
Total frac: 1.000

Sketch (1) (cm: eps0: 0.00625, del0: 0.05, min_mem: 1.69921875)
Par0 id: 1, Rows: 3
(1.000,0)    
Total frac: 1.000

Sketch (2) (cm: eps0: 0.00625, del0: 0.05, min_mem: 1.69921875)
Par0 id: 2, Rows: 3
(1.000,0)    
Total frac: 1.000

Sketch (3) (cm: eps0: 0.00625, del0: 0.05, min_mem: 1.69921875)
Par0 id: 3, Rows: 3
(1.000,0)    
Total frac: 1.000

Sketch (4) (cm: eps0: 0.00625, del0: 0.05, min_mem: 1.69921875)
Par0 id: 4, Rows: 3
(1.000,0)    
Total frac: 1.000

Sketch (5) (cm: eps0: 0.00625, del0: 0.05, min_mem: 1.69921875)
Par0 id: 5, Rows: 3
(1.000,0)    
Total frac: 1.000

Sketch (6) (cm: eps0: 0.00625, del0: 0.05, min_mem: 1.69921875)
Par0 id: 6, Rows: 3
(1.000,0)    
Total frac: 1.000

Sketch (7) (cm: eps0: 0.00625, del0: 0.05, min_mem: 1.69921875)
Par0 id: 7, Rows: 3
(0.167,0)    (0.833,1)    
Total frac: 1.000

Sketch (8) (cm: eps0: 0.00625, del0: 0.05, min_mem: 1.69921875)
Par0 id: 8, Rows: 3
(0.167,0)    (0.833,1)    
Total frac: 1.000

Sketch (9) (cm: eps0: 0.00625, del0: 0.05, min_mem: 1.69921875)
Par0 id: 9, Rows: 3
(0.833,1)    (0.167,0)    
Total frac: 1.000

Sketch (10) (cm: eps0: 0.00625, del0: 0.05, min_mem: 1.69921875)
Par0 id: 10, Rows: 3
(0.167,0)    (0.833,1)    
Total frac: 1.000

Sketch (11) (cm: eps0: 0.00625, del0: 0.05, min_mem: 1.69921875)
Par0 id: 11, Rows: 3
(0.833,1)    (0.167,0)    
Total frac: 1.000

Sketch (12) (cm: eps0: 0.00625, del0: 0.05, min_mem: 1.69921875)
Par0 id: 12, Rows: 3
(0.167,0)    (0.833,1)    
Total frac: 1.000

Sketch (13) (cm: eps0: 0.00625, del0: 0.05, min_mem: 1.69921875)
Par0 id: 13, Rows: 3
(0.833,1)    (0.167,0)    
Total frac: 1.000

Sketch (14) (cm: eps0: 0.00625, del0: 0.05, min_mem: 1.69921875)
Par0 id: 14, Rows: 3
(0.167,0)    (0.833,1)    
Total frac: 1.000

Sketch (15) (cm: eps0: 0.00625, del0: 0.05, min_mem: 1.69921875)
Par0 id: 15, Rows: 3
(0.000,1)    (1.000,0)    (0.000,2)    
Total frac: 1.000

Sketch (16) (cm: eps0: 0.00625, del0: 0.05, min_mem: 1.69921875)
Par0 id: 16, Rows: 3
(0.167,0)    (0.833,2)    
Total frac: 1.000

Sketch (17) (cm: eps0: 0.00625, del0: 0.05, min_mem: 1.69921875)
Par0 id: 17, Rows: 3
(0.167,0)    (0.833,2)    
Total frac: 1.000

Sketch (18) (cm: eps0: 0.00625, del0: 0.05, min_mem: 1.69921875)
Par0 id: 18, Rows: 3
(0.833,2)    (0.167,0)    
Total frac: 1.000

Sketch (19) (cm: eps0: 0.00625, del0: 0.05, min_mem: 1.69921875)
Par0 id: 19, Rows: 3
(0.833,2)    (0.167,0)    
Total frac: 1.000

Device (0) {CPU_0,CPU_1,CPU_2,CPU_3,CPU_4,CPU_5,CPU_6,CPU_7,P4_1}:
Rows total: 29.99685599999999
Mem total: 50.971220156249984
Throughput: 148.0

Device (1) {CPU_8,CPU_9,CPU_10,CPU_11,CPU_12,CPU_13,CPU_14,CPU_15}:
Rows total: 20.002095999999998
Mem total: 33.987936562499996
Throughput: 98.0

Device (2) {CPU_19,CPU_18,CPU_17,CPU_16}:
Rows total: 10.001047999999999
Mem total: 16.993968281249998
Throughput: 98.0

Flow 0:
partitions: [(0, 1)]
path: {0}
Flow 1:
partitions: [(1, 1)]
path: {0}
Flow 2:
partitions: [(2, 1)]
path: {0}
Flow 3:
partitions: [(3, 1)]
path: {0}
Flow 4:
partitions: [(4, 1)]
path: {0}
Flow 5:
partitions: [(5, 1)]
path: {0}
Flow 6:
partitions: [(6, 1)]
path: {0}
Flow 7:
partitions: [(7, 1)]
path: {0, 1}
Flow 8:
partitions: [(8, 1)]
path: {0, 1}
Flow 9:
partitions: [(9, 1)]
path: {0, 1}
Flow 10:
partitions: [(10, 1)]
path: {0, 1}
Flow 11:
partitions: [(11, 1)]
path: {0, 1}
Flow 12:
partitions: [(12, 1)]
path: {0, 1}
Flow 13:
partitions: [(13, 1)]
path: {0, 1}
Flow 14:
partitions: [(14, 1)]
path: {0, 1}
Flow 15:
partitions: [(15, 1)]
path: {0, 1, 2}
Flow 16:
partitions: [(16, 1)]
path: {0, 2}
Flow 17:
partitions: [(17, 1)]
path: {0, 2}
Flow 18:
partitions: [(18, 1)]
path: {0, 2}
Flow 19:
partitions: [(19, 1)]
path: {0, 2}
--------------------------------------------------
Function: MIP.solve took 0.018127918243408203 seconds
Function: get_partitions_flows took 0.00013899803161621094 seconds
Function: get_partitions_flows took 7.414817810058594e-05 seconds
Function: get_partitions_flows took 5.1021575927734375e-05 seconds
Building model with:
9 devices, 20 partitions and 20 flows
Function: MIP.add_frac_mem_var took 0.00019741058349609375 seconds
Function: MIP.add_coverage_constraints took 0.00019359588623046875 seconds
Function: MIP.add_accuracy_constraints took 0.0004203319549560547 seconds
Function: MIP.add_capacity_constraints took 0.0008003711700439453 seconds
--------------------------------------------------
Starting model update
Model update took: 6.318092346191406e-05 s
--------------------------------------------------
Starting model optimize
Model optimize took: 0.004108905792236328 seconds
--------------------------------------------------

VARIABLES ------------------------------
Objective: 1.1771291954022988e-06
frac[8,13] 0.166579
frac[4,8] 0
frac[8,0] 0.166579
frac[8,9] 1
frac[8,19] 1
frac[6,17] 0
frac[8,5] 1
frac[5,8] 0
frac[8,14] 1
frac[2,19] 0
frac[0,15] 1.96188e-07
frac[8,1] 0.166579
frac[5,12] 0
frac[4,4] 0
frac[1,14] 0
frac[8,10] 0.166579
frac[8,6] 0.166579
frac[8,16] 0.166579
frac[8,15] 0.166579
frac[8,2] 0.166579
frac[7,1] 1.96188e-07
frac[8,11] 0.166579
frac[1,9] 0
frac[3,19] 0
frac[8,7] 0.166579
frac[8,17] 1
frac[6,12] 0
frac[2,14] 0
frac[8,3] 0.166579
frac[8,12] 1
frac[8,8] 1
frac[8,18] 0.166579
frac[7,17] 0
frac[0,9] 0
frac[3,4] 0
frac[8,4] 1
mem[8,13] 0.849164
mem[4,8] 0
mem[8,0] 0.849164
mem[8,9] 5.09766
mem[8,19] 5.09766
mem[6,17] 0
mem[8,5] 5.09766
mem[5,8] 0
mem[8,14] 5.09766
mem[2,19] 0
mem[0,15] 1.0001e-06
mem[8,1] 0.849163
mem[5,12] 0
mem[4,4] 0
mem[1,14] 0
mem[8,10] 0.849164
mem[8,6] 0.849164
mem[8,16] 0.849164
mem[8,15] 0.849163
mem[8,2] 0.849164
mem[7,1] 1.0001e-06
mem[8,11] 0.849164
mem[1,9] 0
mem[3,19] 0
mem[8,7] 0.849164
mem[8,17] 5.09766
mem[6,12] 0
mem[2,14] 0
mem[8,3] 0.849164
mem[8,12] 5.09766
mem[8,8] 5.09766
mem[8,18] 0.849164
mem[7,17] 0
mem[0,9] 0
mem[3,4] 0
mem[8,4] 5.09766
mem_tot_CPU_0 1.0001e-06
normalized_mem_tot_CPU_0 3.05206e-11
rows_tot_CPU_0 5.88565e-07
normalized_rows_tot_CPU_0 4.9047e-08
mem_tot_CPU_1 0
normalized_mem_tot_CPU_1 0
rows_tot_CPU_1 0
normalized_rows_tot_CPU_1 0
mem_tot_CPU_2 0
normalized_mem_tot_CPU_2 0
rows_tot_CPU_2 0
normalized_rows_tot_CPU_2 0
mem_tot_CPU_3 0
normalized_mem_tot_CPU_3 0
rows_tot_CPU_3 0
normalized_rows_tot_CPU_3 0
mem_tot_CPU_4 0
normalized_mem_tot_CPU_4 0
rows_tot_CPU_4 0
normalized_rows_tot_CPU_4 0
mem_tot_CPU_5 0
normalized_mem_tot_CPU_5 0
rows_tot_CPU_5 0
normalized_rows_tot_CPU_5 0
mem_tot_CPU_6 0
normalized_mem_tot_CPU_6 0
rows_tot_CPU_6 0
normalized_rows_tot_CPU_6 0
mem_tot_CPU_7 1.0001e-06
normalized_mem_tot_CPU_7 3.05206e-11
rows_tot_CPU_7 5.88565e-07
normalized_rows_tot_CPU_7 4.9047e-08
mem_tot_P4_1 50.9712
normalized_mem_tot_P4_1 0.0884917
rows_tot_P4_1 29.9969
normalized_rows_tot_P4_1 0.624934
max_mem_P4 50.9712
max_mem_CPU_Cluster 0
max_rows_P4 29.9969
max_rows_CPU_Cluster 0
--------------------------------------------------

Sketch (14) (cm: eps0: 0.00625, del0: 0.05, min_mem: 1.69921875)
Par0 id: 14, Rows: 3
(0.167,8)    
Total frac: 0.167

Sketch (7) (cm: eps0: 0.00625, del0: 0.05, min_mem: 1.69921875)
Par0 id: 7, Rows: 3
(0.167,8)    (0.000,7)    
Total frac: 0.167

Sketch (16) (cm: eps0: 0.00625, del0: 0.05, min_mem: 1.69921875)
Par0 id: 16, Rows: 3
(0.167,8)    
Total frac: 0.167

Sketch (10) (cm: eps0: 0.00625, del0: 0.05, min_mem: 1.69921875)
Par0 id: 10, Rows: 3
(0.167,8)    
Total frac: 0.167

Sketch (3) (cm: eps0: 0.00625, del0: 0.05, min_mem: 1.69921875)
Par0 id: 3, Rows: 3
(0.000,4)    (0.000,3)    (1.000,8)    
Total frac: 1.000

Sketch (15) (cm: eps0: 0.00625, del0: 0.05, min_mem: 1.69921875)
Par0 id: 15, Rows: 3
(1.000,8)    
Total frac: 1.000

Sketch (17) (cm: eps0: 0.00625, del0: 0.05, min_mem: 1.69921875)
Par0 id: 17, Rows: 3
(0.167,8)    
Total frac: 0.167

Sketch (11) (cm: eps0: 0.00625, del0: 0.05, min_mem: 1.69921875)
Par0 id: 11, Rows: 3
(0.167,8)    
Total frac: 0.167

Sketch (4) (cm: eps0: 0.00625, del0: 0.05, min_mem: 1.69921875)
Par0 id: 4, Rows: 3
(0.000,4)    (0.000,5)    (1.000,8)    
Total frac: 1.000

Sketch (0) (cm: eps0: 0.00625, del0: 0.05, min_mem: 1.69921875)
Par0 id: 0, Rows: 3
(1.000,8)    (0.000,1)    (0.000,0)    
Total frac: 1.000

Sketch (18) (cm: eps0: 0.00625, del0: 0.05, min_mem: 1.69921875)
Par0 id: 18, Rows: 3
(0.167,8)    
Total frac: 0.167

Sketch (12) (cm: eps0: 0.00625, del0: 0.05, min_mem: 1.69921875)
Par0 id: 12, Rows: 3
(0.167,8)    
Total frac: 0.167

Sketch (5) (cm: eps0: 0.00625, del0: 0.05, min_mem: 1.69921875)
Par0 id: 5, Rows: 3
(0.000,5)    (0.000,6)    (1.000,8)    
Total frac: 1.000

Sketch (8) (cm: eps0: 0.00625, del0: 0.05, min_mem: 1.69921875)
Par0 id: 8, Rows: 3
(0.167,8)    
Total frac: 0.167

Sketch (1) (cm: eps0: 0.00625, del0: 0.05, min_mem: 1.69921875)
Par0 id: 1, Rows: 3
(1.000,8)    (0.000,1)    (0.000,2)    
Total frac: 1.000

Sketch (19) (cm: eps0: 0.00625, del0: 0.05, min_mem: 1.69921875)
Par0 id: 19, Rows: 3
(0.000,0)    (0.167,8)    
Total frac: 0.167

Sketch (13) (cm: eps0: 0.00625, del0: 0.05, min_mem: 1.69921875)
Par0 id: 13, Rows: 3
(0.167,8)    
Total frac: 0.167

Sketch (6) (cm: eps0: 0.00625, del0: 0.05, min_mem: 1.69921875)
Par0 id: 6, Rows: 3
(0.000,6)    (1.000,8)    (0.000,7)    
Total frac: 1.000

Sketch (9) (cm: eps0: 0.00625, del0: 0.05, min_mem: 1.69921875)
Par0 id: 9, Rows: 3
(0.167,8)    
Total frac: 0.167

Sketch (2) (cm: eps0: 0.00625, del0: 0.05, min_mem: 1.69921875)
Par0 id: 2, Rows: 3
(1.000,8)    (0.000,2)    (0.000,3)    
Total frac: 1.000

Device (0) CPU_0:
Rows total: 5.885645977011494e-07
Mem total: 1.0001e-06

Device (1) CPU_1:
Rows total: 0.0
Mem total: 0.0

Device (2) CPU_2:
Rows total: 0.0
Mem total: 0.0

Device (3) CPU_3:
Rows total: 0.0
Mem total: 0.0

Device (4) CPU_4:
Rows total: 0.0
Mem total: 0.0

Device (5) CPU_5:
Rows total: 0.0
Mem total: 0.0

Device (6) CPU_6:
Rows total: 0.0
Mem total: 0.0

Device (7) CPU_7:
Rows total: 5.885645977011494e-07
Mem total: 1.0001e-06

Device (8) P4_1:
Rows total: 29.996850702918596
Mem total: 50.971211155349955

Flow 0:
partitions: [(9, 1.0)]
path: {0, 8, 1}
Flow 1:
partitions: [(14, 1.0)]
path: {8, 1, 2}
Flow 2:
partitions: [(19, 1.0)]
path: {8, 2, 3}
Flow 3:
partitions: [(4, 1.0)]
path: {8, 3, 4}
Flow 4:
partitions: [(8, 1.0)]
path: {8, 4, 5}
Flow 5:
partitions: [(12, 1.0)]
path: {8, 5, 6}
Flow 6:
partitions: [(17, 1.0)]
path: {8, 6, 7}
Flow 7:
partitions: [(1, 0.16657933333333305)]
path: {8, 7}
Flow 8:
partitions: [(13, 0.16657933333333305)]
path: {8}
Flow 9:
partitions: [(18, 0.16657933333333305)]
path: {8}
Flow 10:
partitions: [(3, 0.16657933333333305)]
path: {8}
Flow 11:
partitions: [(7, 0.16657933333333305)]
path: {8}
Flow 12:
partitions: [(11, 0.16657933333333305)]
path: {8}
Flow 13:
partitions: [(16, 0.16657933333333305)]
path: {8}
Flow 14:
partitions: [(0, 0.16657933333333305)]
path: {8}
Flow 15:
partitions: [(5, 1.0)]
path: {8}
Flow 16:
partitions: [(2, 0.16657933333333308)]
path: {8}
Flow 17:
partitions: [(6, 0.16657933333333308)]
path: {8}
Flow 18:
partitions: [(10, 0.16657933333333308)]
path: {8}
Flow 19:
partitions: [(15, 0.16657933333333308)]
path: {8, 0}
--------------------------------------------------

VARIABLES ------------------------------
Objective: 10.204081632653063
mem_tot_CPU_0 0
m_access_time_CPU_0 0
ns_single_CPU_0 0
pdt_m_rows_CPU_0 0
cores_sketch_CPU_0 0
cores_dpdk_CPU_0 7
ns_sketch_CPU_0 10.2041
pdt_nsk_c_CPU_0 0
ns_dpdk_CPU_0 10.2041
pdt_nsc_dpdk_CPU_0 71.4286
ns_CPU_0 10.2041
--------------------------------------------------

VARIABLES ------------------------------
Objective: 10.204081632653063
mem_tot_CPU_1 0
m_access_time_CPU_1 0
ns_single_CPU_1 0
pdt_m_rows_CPU_1 0
cores_sketch_CPU_1 0
cores_dpdk_CPU_1 7
ns_sketch_CPU_1 10.2041
pdt_nsk_c_CPU_1 0
ns_dpdk_CPU_1 10.2041
pdt_nsc_dpdk_CPU_1 71.4286
ns_CPU_1 10.2041
--------------------------------------------------

VARIABLES ------------------------------
Objective: 10.204081632653063
mem_tot_CPU_2 0
m_access_time_CPU_2 0
ns_single_CPU_2 0
pdt_m_rows_CPU_2 0
cores_sketch_CPU_2 0
cores_dpdk_CPU_2 7
ns_sketch_CPU_2 10.2041
pdt_nsk_c_CPU_2 0
ns_dpdk_CPU_2 10.2041
pdt_nsc_dpdk_CPU_2 71.4286
ns_CPU_2 10.2041
--------------------------------------------------

VARIABLES ------------------------------
Objective: 10.204081632653063
mem_tot_CPU_3 0
m_access_time_CPU_3 0
ns_single_CPU_3 0
pdt_m_rows_CPU_3 0
cores_sketch_CPU_3 0
cores_dpdk_CPU_3 7
ns_sketch_CPU_3 10.2041
pdt_nsk_c_CPU_3 0
ns_dpdk_CPU_3 10.2041
pdt_nsc_dpdk_CPU_3 71.4286
ns_CPU_3 10.2041
--------------------------------------------------

VARIABLES ------------------------------
Objective: 10.204081632653063
mem_tot_CPU_4 0
m_access_time_CPU_4 0
ns_single_CPU_4 0
pdt_m_rows_CPU_4 0
cores_sketch_CPU_4 0
cores_dpdk_CPU_4 7
ns_sketch_CPU_4 10.2041
pdt_nsk_c_CPU_4 0
ns_dpdk_CPU_4 10.2041
pdt_nsc_dpdk_CPU_4 71.4286
ns_CPU_4 10.2041
--------------------------------------------------

VARIABLES ------------------------------
Objective: 10.204081632653063
mem_tot_CPU_5 0
m_access_time_CPU_5 0
ns_single_CPU_5 0
pdt_m_rows_CPU_5 0
cores_sketch_CPU_5 0
cores_dpdk_CPU_5 7
ns_sketch_CPU_5 10.2041
pdt_nsk_c_CPU_5 0
ns_dpdk_CPU_5 10.2041
pdt_nsc_dpdk_CPU_5 71.4286
ns_CPU_5 10.2041
--------------------------------------------------

VARIABLES ------------------------------
Objective: 10.204081632653063
mem_tot_CPU_6 0
m_access_time_CPU_6 0
ns_single_CPU_6 0
pdt_m_rows_CPU_6 0
cores_sketch_CPU_6 0
cores_dpdk_CPU_6 7
ns_sketch_CPU_6 10.2041
pdt_nsk_c_CPU_6 0
ns_dpdk_CPU_6 10.2041
pdt_nsc_dpdk_CPU_6 71.4286
ns_CPU_6 10.2041
--------------------------------------------------

VARIABLES ------------------------------
Objective: 10.204081632653063
mem_tot_CPU_7 0
m_access_time_CPU_7 0
ns_single_CPU_7 0
pdt_m_rows_CPU_7 0
cores_sketch_CPU_7 0
cores_dpdk_CPU_7 7
ns_sketch_CPU_7 10.2041
pdt_nsk_c_CPU_7 0
ns_dpdk_CPU_7 10.2041
pdt_nsc_dpdk_CPU_7 71.4286
ns_CPU_7 10.2041
--------------------------------------------------

VARIABLES ------------------------------
Objective: 6.756756756756757
mem_tot_P4_1 50.9712
ns_P4_1 6.75676
--------------------------------------------------

VARIABLES ------------------------------
Objective: 10.204081632653063
mem_tot_CPU_0 0
m_access_time_CPU_0 0
ns_single_CPU_0 0
pdt_m_rows_CPU_0 0
cores_sketch_CPU_0 0
cores_dpdk_CPU_0 7
ns_sketch_CPU_0 10.2041
pdt_nsk_c_CPU_0 0
ns_dpdk_CPU_0 10.2041
pdt_nsc_dpdk_CPU_0 71.4286
ns_CPU_0 10.2041
--------------------------------------------------

VARIABLES ------------------------------
Objective: 10.204081632653063
mem_tot_CPU_1 0
m_access_time_CPU_1 0
ns_single_CPU_1 0
pdt_m_rows_CPU_1 0
cores_sketch_CPU_1 0
cores_dpdk_CPU_1 7
ns_sketch_CPU_1 10.2041
pdt_nsk_c_CPU_1 0
ns_dpdk_CPU_1 10.2041
pdt_nsc_dpdk_CPU_1 71.4286
ns_CPU_1 10.2041
--------------------------------------------------

VARIABLES ------------------------------
Objective: 10.204081632653063
mem_tot_CPU_2 0
m_access_time_CPU_2 0
ns_single_CPU_2 0
pdt_m_rows_CPU_2 0
cores_sketch_CPU_2 0
cores_dpdk_CPU_2 7
ns_sketch_CPU_2 10.2041
pdt_nsk_c_CPU_2 0
ns_dpdk_CPU_2 10.2041
pdt_nsc_dpdk_CPU_2 71.4286
ns_CPU_2 10.2041
--------------------------------------------------

VARIABLES ------------------------------
Objective: 10.204081632653063
mem_tot_CPU_3 0
m_access_time_CPU_3 0
ns_single_CPU_3 0
pdt_m_rows_CPU_3 0
cores_sketch_CPU_3 0
cores_dpdk_CPU_3 7
ns_sketch_CPU_3 10.2041
pdt_nsk_c_CPU_3 0
ns_dpdk_CPU_3 10.2041
pdt_nsc_dpdk_CPU_3 71.4286
ns_CPU_3 10.2041
--------------------------------------------------

VARIABLES ------------------------------
Objective: 10.204081632653063
mem_tot_CPU_4 0
m_access_time_CPU_4 0
ns_single_CPU_4 0
pdt_m_rows_CPU_4 0
cores_sketch_CPU_4 0
cores_dpdk_CPU_4 7
ns_sketch_CPU_4 10.2041
pdt_nsk_c_CPU_4 0
ns_dpdk_CPU_4 10.2041
pdt_nsc_dpdk_CPU_4 71.4286
ns_CPU_4 10.2041
--------------------------------------------------

VARIABLES ------------------------------
Objective: 10.204081632653063
mem_tot_CPU_5 0
m_access_time_CPU_5 0
ns_single_CPU_5 0
pdt_m_rows_CPU_5 0
cores_sketch_CPU_5 0
cores_dpdk_CPU_5 7
ns_sketch_CPU_5 10.2041
pdt_nsk_c_CPU_5 0
ns_dpdk_CPU_5 10.2041
pdt_nsc_dpdk_CPU_5 71.4286
ns_CPU_5 10.2041
--------------------------------------------------

VARIABLES ------------------------------
Objective: 10.204081632653063
mem_tot_CPU_6 0
m_access_time_CPU_6 0
ns_single_CPU_6 0
pdt_m_rows_CPU_6 0
cores_sketch_CPU_6 0
cores_dpdk_CPU_6 7
ns_sketch_CPU_6 10.2041
pdt_nsk_c_CPU_6 0
ns_dpdk_CPU_6 10.2041
pdt_nsc_dpdk_CPU_6 71.4286
ns_CPU_6 10.2041
--------------------------------------------------

VARIABLES ------------------------------
Objective: 10.204081632653063
mem_tot_CPU_7 0
m_access_time_CPU_7 0
ns_single_CPU_7 0
pdt_m_rows_CPU_7 0
cores_sketch_CPU_7 0
cores_dpdk_CPU_7 7
ns_sketch_CPU_7 10.2041
pdt_nsk_c_CPU_7 0
ns_dpdk_CPU_7 10.2041
pdt_nsc_dpdk_CPU_7 71.4286
ns_CPU_7 10.2041
--------------------------------------------------

Throughput: 97.99999999999999 Mpps, ns per packet: 10.204081632653063
Resources: 568.5611129083748
Used Cores: 55.99999999999978, Total CPUS: 8, Switch Memory: 50.971211155349955

Sketch (14) (cm: eps0: 0.00625, del0: 0.05, min_mem: 1.69921875)
Par0 id: 14, Rows: 3
(0.167,8)    
Total frac: 0.167

Sketch (7) (cm: eps0: 0.00625, del0: 0.05, min_mem: 1.69921875)
Par0 id: 7, Rows: 3
(0.167,8)    (0.000,7)    
Total frac: 0.167

Sketch (16) (cm: eps0: 0.00625, del0: 0.05, min_mem: 1.69921875)
Par0 id: 16, Rows: 3
(0.167,8)    
Total frac: 0.167

Sketch (10) (cm: eps0: 0.00625, del0: 0.05, min_mem: 1.69921875)
Par0 id: 10, Rows: 3
(0.167,8)    
Total frac: 0.167

Sketch (3) (cm: eps0: 0.00625, del0: 0.05, min_mem: 1.69921875)
Par0 id: 3, Rows: 3
(0.000,4)    (0.000,3)    (1.000,8)    
Total frac: 1.000

Sketch (15) (cm: eps0: 0.00625, del0: 0.05, min_mem: 1.69921875)
Par0 id: 15, Rows: 3
(1.000,8)    
Total frac: 1.000

Sketch (17) (cm: eps0: 0.00625, del0: 0.05, min_mem: 1.69921875)
Par0 id: 17, Rows: 3
(0.167,8)    
Total frac: 0.167

Sketch (11) (cm: eps0: 0.00625, del0: 0.05, min_mem: 1.69921875)
Par0 id: 11, Rows: 3
(0.167,8)    
Total frac: 0.167

Sketch (4) (cm: eps0: 0.00625, del0: 0.05, min_mem: 1.69921875)
Par0 id: 4, Rows: 3
(0.000,4)    (0.000,5)    (1.000,8)    
Total frac: 1.000

Sketch (0) (cm: eps0: 0.00625, del0: 0.05, min_mem: 1.69921875)
Par0 id: 0, Rows: 3
(1.000,8)    (0.000,1)    (0.000,0)    
Total frac: 1.000

Sketch (18) (cm: eps0: 0.00625, del0: 0.05, min_mem: 1.69921875)
Par0 id: 18, Rows: 3
(0.167,8)    
Total frac: 0.167

Sketch (12) (cm: eps0: 0.00625, del0: 0.05, min_mem: 1.69921875)
Par0 id: 12, Rows: 3
(0.167,8)    
Total frac: 0.167

Sketch (5) (cm: eps0: 0.00625, del0: 0.05, min_mem: 1.69921875)
Par0 id: 5, Rows: 3
(0.000,5)    (0.000,6)    (1.000,8)    
Total frac: 1.000

Sketch (8) (cm: eps0: 0.00625, del0: 0.05, min_mem: 1.69921875)
Par0 id: 8, Rows: 3
(0.167,8)    
Total frac: 0.167

Sketch (1) (cm: eps0: 0.00625, del0: 0.05, min_mem: 1.69921875)
Par0 id: 1, Rows: 3
(1.000,8)    (0.000,1)    (0.000,2)    
Total frac: 1.000

Sketch (19) (cm: eps0: 0.00625, del0: 0.05, min_mem: 1.69921875)
Par0 id: 19, Rows: 3
(0.000,0)    (0.167,8)    
Total frac: 0.167

Sketch (13) (cm: eps0: 0.00625, del0: 0.05, min_mem: 1.69921875)
Par0 id: 13, Rows: 3
(0.167,8)    
Total frac: 0.167

Sketch (6) (cm: eps0: 0.00625, del0: 0.05, min_mem: 1.69921875)
Par0 id: 6, Rows: 3
(0.000,6)    (1.000,8)    (0.000,7)    
Total frac: 1.000

Sketch (9) (cm: eps0: 0.00625, del0: 0.05, min_mem: 1.69921875)
Par0 id: 9, Rows: 3
(0.167,8)    
Total frac: 0.167

Sketch (2) (cm: eps0: 0.00625, del0: 0.05, min_mem: 1.69921875)
Par0 id: 2, Rows: 3
(1.000,8)    (0.000,2)    (0.000,3)    
Total frac: 1.000

Device (0) CPU_0:
cores_sketch: 0.0, cores_dpdk: 6.999999999999973
Rows total: 5.885645977011494e-07
Mem total: 1.0001e-06
Throughput: 97.99999999999999

Device (1) CPU_1:
cores_sketch: 0.0, cores_dpdk: 6.999999999999973
Rows total: 0.0
Mem total: 0.0
Throughput: 97.99999999999999

Device (2) CPU_2:
cores_sketch: 0.0, cores_dpdk: 6.999999999999973
Rows total: 0.0
Mem total: 0.0
Throughput: 97.99999999999999

Device (3) CPU_3:
cores_sketch: 0.0, cores_dpdk: 6.999999999999973
Rows total: 0.0
Mem total: 0.0
Throughput: 97.99999999999999

Device (4) CPU_4:
cores_sketch: 0.0, cores_dpdk: 6.999999999999973
Rows total: 0.0
Mem total: 0.0
Throughput: 97.99999999999999

Device (5) CPU_5:
cores_sketch: 0.0, cores_dpdk: 6.999999999999973
Rows total: 0.0
Mem total: 0.0
Throughput: 97.99999999999999

Device (6) CPU_6:
cores_sketch: 0.0, cores_dpdk: 6.999999999999973
Rows total: 0.0
Mem total: 0.0
Throughput: 97.99999999999999

Device (7) CPU_7:
cores_sketch: 0.0, cores_dpdk: 6.999999999999973
Rows total: 5.885645977011494e-07
Mem total: 1.0001e-06
Throughput: 97.99999999999999

Device (8) P4_1:
Rows total: 29.996850702918596
Mem total: 50.971211155349955
Throughput: 148.0

Flow 0:
partitions: [(9, 1.0)]
path: {0, 8, 1}
Flow 1:
partitions: [(14, 1.0)]
path: {8, 1, 2}
Flow 2:
partitions: [(19, 1.0)]
path: {8, 2, 3}
Flow 3:
partitions: [(4, 1.0)]
path: {8, 3, 4}
Flow 4:
partitions: [(8, 1.0)]
path: {8, 4, 5}
Flow 5:
partitions: [(12, 1.0)]
path: {8, 5, 6}
Flow 6:
partitions: [(17, 1.0)]
path: {8, 6, 7}
Flow 7:
partitions: [(1, 0.16657933333333305)]
path: {8, 7}
Flow 8:
partitions: [(13, 0.16657933333333305)]
path: {8}
Flow 9:
partitions: [(18, 0.16657933333333305)]
path: {8}
Flow 10:
partitions: [(3, 0.16657933333333305)]
path: {8}
Flow 11:
partitions: [(7, 0.16657933333333305)]
path: {8}
Flow 12:
partitions: [(11, 0.16657933333333305)]
path: {8}
Flow 13:
partitions: [(16, 0.16657933333333305)]
path: {8}
Flow 14:
partitions: [(0, 0.16657933333333305)]
path: {8}
Flow 15:
partitions: [(5, 1.0)]
path: {8}
Flow 16:
partitions: [(2, 0.16657933333333308)]
path: {8}
Flow 17:
partitions: [(6, 0.16657933333333308)]
path: {8}
Flow 18:
partitions: [(10, 0.16657933333333308)]
path: {8}
Flow 19:
partitions: [(15, 0.16657933333333308)]
path: {8, 0}
--------------------------------------------------
Function: MIP.solve took 0.03793692588806152 seconds
Building model with:
8 devices, 8 partitions and 8 flows
Function: MIP.add_frac_mem_var took 0.00010418891906738281 seconds
Function: MIP.add_coverage_constraints took 7.748603820800781e-05 seconds
Function: MIP.add_accuracy_constraints took 0.0001697540283203125 seconds
Function: MIP.add_capacity_constraints took 0.0006530284881591797 seconds
--------------------------------------------------
Starting model update
Model update took: 4.696846008300781e-05 s
--------------------------------------------------
Starting model optimize
Model optimize took: 0.002997159957885742 seconds
--------------------------------------------------

VARIABLES ------------------------------
Objective: 20.002096000000005
frac[3,2] 0.833421
frac[5,5] 0.833421
frac[7,1] 0.833421
frac[3,0] 0
frac[4,5] 0
frac[6,1] 0
frac[1,4] 0
frac[0,7] 0.833421
frac[6,3] 0.833421
frac[0,6] 0
frac[1,6] 0.833421
frac[5,3] 0
frac[2,2] 0
frac[2,4] 0.833421
frac[4,0] 0.833421
mem[3,2] 4.24849
mem[5,5] 4.24849
mem[7,1] 4.24849
mem[3,0] 0
mem[4,5] 0
mem[6,1] 0
mem[1,4] 0
mem[0,7] 4.24849
mem[6,3] 4.24849
mem[0,6] 0
mem[1,6] 4.24849
mem[5,3] 0
mem[2,2] 0
mem[2,4] 4.24849
mem[4,0] 4.24849
mem_tot_CPU_8 4.24849
normalized_mem_tot_CPU_8 0.000129654
rows_tot_CPU_8 2.50026
normalized_rows_tot_CPU_8 0.208355
mem_tot_CPU_9 4.24849
normalized_mem_tot_CPU_9 0.000129654
rows_tot_CPU_9 2.50026
normalized_rows_tot_CPU_9 0.208355
mem_tot_CPU_10 4.24849
normalized_mem_tot_CPU_10 0.000129654
rows_tot_CPU_10 2.50026
normalized_rows_tot_CPU_10 0.208355
mem_tot_CPU_11 4.24849
normalized_mem_tot_CPU_11 0.000129654
rows_tot_CPU_11 2.50026
normalized_rows_tot_CPU_11 0.208355
mem_tot_CPU_12 4.24849
normalized_mem_tot_CPU_12 0.000129654
rows_tot_CPU_12 2.50026
normalized_rows_tot_CPU_12 0.208355
mem_tot_CPU_13 4.24849
normalized_mem_tot_CPU_13 0.000129654
rows_tot_CPU_13 2.50026
normalized_rows_tot_CPU_13 0.208355
mem_tot_CPU_14 4.24849
normalized_mem_tot_CPU_14 0.000129654
rows_tot_CPU_14 2.50026
normalized_rows_tot_CPU_14 0.208355
mem_tot_CPU_15 4.24849
normalized_mem_tot_CPU_15 0.000129654
rows_tot_CPU_15 2.50026
normalized_rows_tot_CPU_15 0.208355
max_mem_CPU_Cluster 0.000129654
max_rows_CPU_Cluster 0.208355
--------------------------------------------------

Sketch (11) (cm: eps0: 0.00625, del0: 0.05, min_mem: 1.69921875)
Par0 id: 11, Rows: 3
(0.000,3)    (0.833,4)    
Total frac: 0.833

Sketch (14) (cm: eps0: 0.00625, del0: 0.05, min_mem: 1.69921875)
Par0 id: 14, Rows: 3
(0.833,7)    (0.000,6)    
Total frac: 0.833

Sketch (10) (cm: eps0: 0.00625, del0: 0.05, min_mem: 1.69921875)
Par0 id: 10, Rows: 3
(0.833,3)    (0.000,2)    
Total frac: 0.833

Sketch (13) (cm: eps0: 0.00625, del0: 0.05, min_mem: 1.69921875)
Par0 id: 13, Rows: 3
(0.833,6)    (0.000,5)    
Total frac: 0.833

Sketch (9) (cm: eps0: 0.00625, del0: 0.05, min_mem: 1.69921875)
Par0 id: 9, Rows: 3
(0.000,1)    (0.833,2)    
Total frac: 0.833

Sketch (12) (cm: eps0: 0.00625, del0: 0.05, min_mem: 1.69921875)
Par0 id: 12, Rows: 3
(0.833,5)    (0.000,4)    
Total frac: 0.833

Sketch (8) (cm: eps0: 0.00625, del0: 0.05, min_mem: 1.69921875)
Par0 id: 8, Rows: 3
(0.000,0)    (0.833,1)    
Total frac: 0.833

Sketch (7) (cm: eps0: 0.00625, del0: 0.05, min_mem: 1.69921875)
Par0 id: 7, Rows: 3
(0.833,0)    
Total frac: 0.833

Device (0) CPU_8:
Rows total: 2.5002620000000007
Mem total: 4.248492070312501

Device (1) CPU_9:
Rows total: 2.5002620000000007
Mem total: 4.248492070312501

Device (2) CPU_10:
Rows total: 2.5002620000000007
Mem total: 4.248492070312501

Device (3) CPU_11:
Rows total: 2.5002620000000007
Mem total: 4.248492070312501

Device (4) CPU_12:
Rows total: 2.5002620000000007
Mem total: 4.248492070312501

Device (5) CPU_13:
Rows total: 2.5002620000000007
Mem total: 4.248492070312501

Device (6) CPU_14:
Rows total: 2.5002620000000007
Mem total: 4.248492070312501

Device (7) CPU_15:
Rows total: 2.5002620000000007
Mem total: 4.248492070312501

Flow 0:
partitions: [(7, 0.8334206666666669)]
path: {0}
Flow 1:
partitions: [(6, 0.8334206666666669)]
path: {0, 1}
Flow 2:
partitions: [(4, 0.8334206666666669)]
path: {1, 2}
Flow 3:
partitions: [(2, 0.8334206666666669)]
path: {2, 3}
Flow 4:
partitions: [(0, 0.8334206666666669)]
path: {3, 4}
Flow 5:
partitions: [(5, 0.8334206666666669)]
path: {4, 5}
Flow 6:
partitions: [(3, 0.8334206666666669)]
path: {5, 6}
Flow 7:
partitions: [(1, 0.8334206666666669)]
path: {6, 7}
--------------------------------------------------

VARIABLES ------------------------------
Objective: 10.714285714285715
mem_tot_CPU_8 4.24849
m_access_time_CPU_8 0.536891
ns_single_CPU_8 10.0933
pdt_m_rows_CPU_8 1.34237
cores_sketch_CPU_8 1
cores_dpdk_CPU_8 6
ns_sketch_CPU_8 10.0933
pdt_nsk_c_CPU_8 10.0933
ns_dpdk_CPU_8 10.7143
pdt_nsc_dpdk_CPU_8 64.2857
ns_CPU_8 10.7143
--------------------------------------------------

VARIABLES ------------------------------
Objective: 10.714285714285715
mem_tot_CPU_9 4.24849
m_access_time_CPU_9 0.536891
ns_single_CPU_9 10.0933
pdt_m_rows_CPU_9 1.34237
cores_sketch_CPU_9 1
cores_dpdk_CPU_9 6
ns_sketch_CPU_9 10.0933
pdt_nsk_c_CPU_9 10.0933
ns_dpdk_CPU_9 10.7143
pdt_nsc_dpdk_CPU_9 64.2857
ns_CPU_9 10.7143
--------------------------------------------------

VARIABLES ------------------------------
Objective: 10.714285714285715
mem_tot_CPU_10 4.24849
m_access_time_CPU_10 0.536891
ns_single_CPU_10 10.0933
pdt_m_rows_CPU_10 1.34237
cores_sketch_CPU_10 1
cores_dpdk_CPU_10 6
ns_sketch_CPU_10 10.0933
pdt_nsk_c_CPU_10 10.0933
ns_dpdk_CPU_10 10.7143
pdt_nsc_dpdk_CPU_10 64.2857
ns_CPU_10 10.7143
--------------------------------------------------

VARIABLES ------------------------------
Objective: 10.714285714285715
mem_tot_CPU_11 4.24849
m_access_time_CPU_11 0.536891
ns_single_CPU_11 10.0933
pdt_m_rows_CPU_11 1.34237
cores_sketch_CPU_11 1
cores_dpdk_CPU_11 6
ns_sketch_CPU_11 10.0933
pdt_nsk_c_CPU_11 10.0933
ns_dpdk_CPU_11 10.7143
pdt_nsc_dpdk_CPU_11 64.2857
ns_CPU_11 10.7143
--------------------------------------------------

VARIABLES ------------------------------
Objective: 10.714285714285715
mem_tot_CPU_12 4.24849
m_access_time_CPU_12 0.536891
ns_single_CPU_12 10.0933
pdt_m_rows_CPU_12 1.34237
cores_sketch_CPU_12 1
cores_dpdk_CPU_12 6
ns_sketch_CPU_12 10.0933
pdt_nsk_c_CPU_12 10.0933
ns_dpdk_CPU_12 10.7143
pdt_nsc_dpdk_CPU_12 64.2857
ns_CPU_12 10.7143
--------------------------------------------------

VARIABLES ------------------------------
Objective: 10.714285714285715
mem_tot_CPU_13 4.24849
m_access_time_CPU_13 0.536891
ns_single_CPU_13 10.0933
pdt_m_rows_CPU_13 1.34237
cores_sketch_CPU_13 1
cores_dpdk_CPU_13 6
ns_sketch_CPU_13 10.0933
pdt_nsk_c_CPU_13 10.0933
ns_dpdk_CPU_13 10.7143
pdt_nsc_dpdk_CPU_13 64.2857
ns_CPU_13 10.7143
--------------------------------------------------

VARIABLES ------------------------------
Objective: 10.714285714285715
mem_tot_CPU_14 4.24849
m_access_time_CPU_14 0.536891
ns_single_CPU_14 10.0933
pdt_m_rows_CPU_14 1.34237
cores_sketch_CPU_14 1
cores_dpdk_CPU_14 6
ns_sketch_CPU_14 10.0933
pdt_nsk_c_CPU_14 10.0933
ns_dpdk_CPU_14 10.7143
pdt_nsc_dpdk_CPU_14 64.2857
ns_CPU_14 10.7143
--------------------------------------------------

VARIABLES ------------------------------
Objective: 10.714285714285715
mem_tot_CPU_15 4.24849
m_access_time_CPU_15 0.536891
ns_single_CPU_15 10.0933
pdt_m_rows_CPU_15 1.34237
cores_sketch_CPU_15 1
cores_dpdk_CPU_15 6
ns_sketch_CPU_15 10.0933
pdt_nsk_c_CPU_15 10.0933
ns_dpdk_CPU_15 10.7143
pdt_nsc_dpdk_CPU_15 64.2857
ns_CPU_15 10.7143
--------------------------------------------------

VARIABLES ------------------------------
Objective: 10.714285714285715
mem_tot_CPU_8 4.24849
m_access_time_CPU_8 0.536891
ns_single_CPU_8 10.0933
pdt_m_rows_CPU_8 1.34237
cores_sketch_CPU_8 1
cores_dpdk_CPU_8 6
ns_sketch_CPU_8 10.0933
pdt_nsk_c_CPU_8 10.0933
ns_dpdk_CPU_8 10.7143
pdt_nsc_dpdk_CPU_8 64.2857
ns_CPU_8 10.7143
--------------------------------------------------

VARIABLES ------------------------------
Objective: 10.714285714285715
mem_tot_CPU_9 4.24849
m_access_time_CPU_9 0.536891
ns_single_CPU_9 10.0933
pdt_m_rows_CPU_9 1.34237
cores_sketch_CPU_9 1
cores_dpdk_CPU_9 6
ns_sketch_CPU_9 10.0933
pdt_nsk_c_CPU_9 10.0933
ns_dpdk_CPU_9 10.7143
pdt_nsc_dpdk_CPU_9 64.2857
ns_CPU_9 10.7143
--------------------------------------------------

VARIABLES ------------------------------
Objective: 10.714285714285715
mem_tot_CPU_10 4.24849
m_access_time_CPU_10 0.536891
ns_single_CPU_10 10.0933
pdt_m_rows_CPU_10 1.34237
cores_sketch_CPU_10 1
cores_dpdk_CPU_10 6
ns_sketch_CPU_10 10.0933
pdt_nsk_c_CPU_10 10.0933
ns_dpdk_CPU_10 10.7143
pdt_nsc_dpdk_CPU_10 64.2857
ns_CPU_10 10.7143
--------------------------------------------------

VARIABLES ------------------------------
Objective: 10.714285714285715
mem_tot_CPU_11 4.24849
m_access_time_CPU_11 0.536891
ns_single_CPU_11 10.0933
pdt_m_rows_CPU_11 1.34237
cores_sketch_CPU_11 1
cores_dpdk_CPU_11 6
ns_sketch_CPU_11 10.0933
pdt_nsk_c_CPU_11 10.0933
ns_dpdk_CPU_11 10.7143
pdt_nsc_dpdk_CPU_11 64.2857
ns_CPU_11 10.7143
--------------------------------------------------

VARIABLES ------------------------------
Objective: 10.714285714285715
mem_tot_CPU_12 4.24849
m_access_time_CPU_12 0.536891
ns_single_CPU_12 10.0933
pdt_m_rows_CPU_12 1.34237
cores_sketch_CPU_12 1
cores_dpdk_CPU_12 6
ns_sketch_CPU_12 10.0933
pdt_nsk_c_CPU_12 10.0933
ns_dpdk_CPU_12 10.7143
pdt_nsc_dpdk_CPU_12 64.2857
ns_CPU_12 10.7143
--------------------------------------------------

VARIABLES ------------------------------
Objective: 10.714285714285715
mem_tot_CPU_13 4.24849
m_access_time_CPU_13 0.536891
ns_single_CPU_13 10.0933
pdt_m_rows_CPU_13 1.34237
cores_sketch_CPU_13 1
cores_dpdk_CPU_13 6
ns_sketch_CPU_13 10.0933
pdt_nsk_c_CPU_13 10.0933
ns_dpdk_CPU_13 10.7143
pdt_nsc_dpdk_CPU_13 64.2857
ns_CPU_13 10.7143
--------------------------------------------------

VARIABLES ------------------------------
Objective: 10.714285714285715
mem_tot_CPU_14 4.24849
m_access_time_CPU_14 0.536891
ns_single_CPU_14 10.0933
pdt_m_rows_CPU_14 1.34237
cores_sketch_CPU_14 1
cores_dpdk_CPU_14 6
ns_sketch_CPU_14 10.0933
pdt_nsk_c_CPU_14 10.0933
ns_dpdk_CPU_14 10.7143
pdt_nsc_dpdk_CPU_14 64.2857
ns_CPU_14 10.7143
--------------------------------------------------

VARIABLES ------------------------------
Objective: 10.714285714285715
mem_tot_CPU_15 4.24849
m_access_time_CPU_15 0.536891
ns_single_CPU_15 10.0933
pdt_m_rows_CPU_15 1.34237
cores_sketch_CPU_15 1
cores_dpdk_CPU_15 6
ns_sketch_CPU_15 10.0933
pdt_nsk_c_CPU_15 10.0933
ns_dpdk_CPU_15 10.7143
pdt_nsc_dpdk_CPU_15 64.2857
ns_CPU_15 10.7143
--------------------------------------------------

Throughput: 93.33333333333333 Mpps, ns per packet: 10.714285714285715
Resources: 560.0041489180375
Used Cores: 55.99999999999999, Total CPUS: 8, Switch Memory: 0

Sketch (11) (cm: eps0: 0.00625, del0: 0.05, min_mem: 1.69921875)
Par0 id: 11, Rows: 3
(0.000,3)    (0.833,4)    
Total frac: 0.833

Sketch (14) (cm: eps0: 0.00625, del0: 0.05, min_mem: 1.69921875)
Par0 id: 14, Rows: 3
(0.833,7)    (0.000,6)    
Total frac: 0.833

Sketch (10) (cm: eps0: 0.00625, del0: 0.05, min_mem: 1.69921875)
Par0 id: 10, Rows: 3
(0.833,3)    (0.000,2)    
Total frac: 0.833

Sketch (13) (cm: eps0: 0.00625, del0: 0.05, min_mem: 1.69921875)
Par0 id: 13, Rows: 3
(0.833,6)    (0.000,5)    
Total frac: 0.833

Sketch (9) (cm: eps0: 0.00625, del0: 0.05, min_mem: 1.69921875)
Par0 id: 9, Rows: 3
(0.000,1)    (0.833,2)    
Total frac: 0.833

Sketch (12) (cm: eps0: 0.00625, del0: 0.05, min_mem: 1.69921875)
Par0 id: 12, Rows: 3
(0.833,5)    (0.000,4)    
Total frac: 0.833

Sketch (8) (cm: eps0: 0.00625, del0: 0.05, min_mem: 1.69921875)
Par0 id: 8, Rows: 3
(0.000,0)    (0.833,1)    
Total frac: 0.833

Sketch (7) (cm: eps0: 0.00625, del0: 0.05, min_mem: 1.69921875)
Par0 id: 7, Rows: 3
(0.833,0)    
Total frac: 0.833

Device (0) CPU_8:
cores_sketch: 1.0, cores_dpdk: 5.999999999999998
Rows total: 2.5002620000000007
Mem total: 4.248492070312501
Throughput: 93.33333333333333

Device (1) CPU_9:
cores_sketch: 1.0, cores_dpdk: 5.999999999999998
Rows total: 2.5002620000000007
Mem total: 4.248492070312501
Throughput: 93.33333333333333

Device (2) CPU_10:
cores_sketch: 1.0, cores_dpdk: 5.999999999999998
Rows total: 2.5002620000000007
Mem total: 4.248492070312501
Throughput: 93.33333333333333

Device (3) CPU_11:
cores_sketch: 1.0, cores_dpdk: 5.999999999999998
Rows total: 2.5002620000000007
Mem total: 4.248492070312501
Throughput: 93.33333333333333

Device (4) CPU_12:
cores_sketch: 1.0, cores_dpdk: 5.999999999999998
Rows total: 2.5002620000000007
Mem total: 4.248492070312501
Throughput: 93.33333333333333

Device (5) CPU_13:
cores_sketch: 1.0, cores_dpdk: 5.999999999999998
Rows total: 2.5002620000000007
Mem total: 4.248492070312501
Throughput: 93.33333333333333

Device (6) CPU_14:
cores_sketch: 1.0, cores_dpdk: 5.999999999999998
Rows total: 2.5002620000000007
Mem total: 4.248492070312501
Throughput: 93.33333333333333

Device (7) CPU_15:
cores_sketch: 1.0, cores_dpdk: 5.999999999999998
Rows total: 2.5002620000000007
Mem total: 4.248492070312501
Throughput: 93.33333333333333

Flow 0:
partitions: [(7, 0.8334206666666669)]
path: {0}
Flow 1:
partitions: [(6, 0.8334206666666669)]
path: {0, 1}
Flow 2:
partitions: [(4, 0.8334206666666669)]
path: {1, 2}
Flow 3:
partitions: [(2, 0.8334206666666669)]
path: {2, 3}
Flow 4:
partitions: [(0, 0.8334206666666669)]
path: {3, 4}
Flow 5:
partitions: [(5, 0.8334206666666669)]
path: {4, 5}
Flow 6:
partitions: [(3, 0.8334206666666669)]
path: {5, 6}
Flow 7:
partitions: [(1, 0.8334206666666669)]
path: {6, 7}
--------------------------------------------------
Function: MIP.solve took 0.042836904525756836 seconds
Building model with:
4 devices, 4 partitions and 4 flows
Function: MIP.add_frac_mem_var took 7.534027099609375e-05 seconds
Function: MIP.add_coverage_constraints took 4.649162292480469e-05 seconds
Function: MIP.add_accuracy_constraints took 8.535385131835938e-05 seconds
Function: MIP.add_capacity_constraints took 0.00029659271240234375 seconds
--------------------------------------------------
Starting model update
Model update took: 2.8133392333984375e-05 s
--------------------------------------------------
Starting model optimize
Model optimize took: 0.002485990524291992 seconds
--------------------------------------------------

VARIABLES ------------------------------
Objective: 10.001048
frac[0,1] 0.833421
frac[3,2] 0.833421
frac[1,3] 0
frac[0,0] 0
frac[2,3] 0.833421
frac[2,2] 0
frac[1,0] 0.833421
mem[0,1] 4.24849
mem[3,2] 4.24849
mem[1,3] 0
mem[0,0] 0
mem[2,3] 4.24849
mem[2,2] 0
mem[1,0] 4.24849
mem_tot_CPU_19 4.24849
normalized_mem_tot_CPU_19 0.000129654
rows_tot_CPU_19 2.50026
normalized_rows_tot_CPU_19 0.208355
mem_tot_CPU_18 4.24849
normalized_mem_tot_CPU_18 0.000129654
rows_tot_CPU_18 2.50026
normalized_rows_tot_CPU_18 0.208355
mem_tot_CPU_17 4.24849
normalized_mem_tot_CPU_17 0.000129654
rows_tot_CPU_17 2.50026
normalized_rows_tot_CPU_17 0.208355
mem_tot_CPU_16 4.24849
normalized_mem_tot_CPU_16 0.000129654
rows_tot_CPU_16 2.50026
normalized_rows_tot_CPU_16 0.208355
max_mem_CPU_Cluster 0.000129654
max_rows_CPU_Cluster 0.208355
--------------------------------------------------

Sketch (18) (cm: eps0: 0.00625, del0: 0.05, min_mem: 1.69921875)
Par0 id: 18, Rows: 3
(0.000,0)    (0.833,1)    
Total frac: 0.833

Sketch (19) (cm: eps0: 0.00625, del0: 0.05, min_mem: 1.69921875)
Par0 id: 19, Rows: 3
(0.833,0)    
Total frac: 0.833

Sketch (16) (cm: eps0: 0.00625, del0: 0.05, min_mem: 1.69921875)
Par0 id: 16, Rows: 3
(0.833,3)    (0.000,2)    
Total frac: 0.833

Sketch (17) (cm: eps0: 0.00625, del0: 0.05, min_mem: 1.69921875)
Par0 id: 17, Rows: 3
(0.000,1)    (0.833,2)    
Total frac: 0.833

Device (0) CPU_19:
Rows total: 2.5002620000000007
Mem total: 4.248492070312501

Device (1) CPU_18:
Rows total: 2.5002620000000007
Mem total: 4.248492070312501

Device (2) CPU_17:
Rows total: 2.5002620000000007
Mem total: 4.248492070312501

Device (3) CPU_16:
Rows total: 2.500262
Mem total: 4.2484920703125

Flow 0:
partitions: [(2, 0.8334206666666669)]
path: {2, 3}
Flow 1:
partitions: [(3, 0.8334206666666669)]
path: {1, 2}
Flow 2:
partitions: [(0, 0.8334206666666669)]
path: {0, 1}
Flow 3:
partitions: [(1, 0.8334206666666669)]
path: {0}
--------------------------------------------------

VARIABLES ------------------------------
Objective: 10.714285714285715
mem_tot_CPU_19 4.24849
m_access_time_CPU_19 0.536891
ns_single_CPU_19 10.0933
pdt_m_rows_CPU_19 1.34237
cores_sketch_CPU_19 1
cores_dpdk_CPU_19 6
ns_sketch_CPU_19 10.0933
pdt_nsk_c_CPU_19 10.0933
ns_dpdk_CPU_19 10.7143
pdt_nsc_dpdk_CPU_19 64.2857
ns_CPU_19 10.7143
--------------------------------------------------

VARIABLES ------------------------------
Objective: 10.714285714285715
mem_tot_CPU_18 4.24849
m_access_time_CPU_18 0.536891
ns_single_CPU_18 10.0933
pdt_m_rows_CPU_18 1.34237
cores_sketch_CPU_18 1
cores_dpdk_CPU_18 6
ns_sketch_CPU_18 10.0933
pdt_nsk_c_CPU_18 10.0933
ns_dpdk_CPU_18 10.7143
pdt_nsc_dpdk_CPU_18 64.2857
ns_CPU_18 10.7143
--------------------------------------------------

VARIABLES ------------------------------
Objective: 10.714285714285715
mem_tot_CPU_17 4.24849
m_access_time_CPU_17 0.536891
ns_single_CPU_17 10.0933
pdt_m_rows_CPU_17 1.34237
cores_sketch_CPU_17 1
cores_dpdk_CPU_17 6
ns_sketch_CPU_17 10.0933
pdt_nsk_c_CPU_17 10.0933
ns_dpdk_CPU_17 10.7143
pdt_nsc_dpdk_CPU_17 64.2857
ns_CPU_17 10.7143
--------------------------------------------------

VARIABLES ------------------------------
Objective: 10.714285714285715
mem_tot_CPU_16 4.24849
m_access_time_CPU_16 0.536891
ns_single_CPU_16 10.0933
pdt_m_rows_CPU_16 1.34237
cores_sketch_CPU_16 1
cores_dpdk_CPU_16 6
ns_sketch_CPU_16 10.0933
pdt_nsk_c_CPU_16 10.0933
ns_dpdk_CPU_16 10.7143
pdt_nsc_dpdk_CPU_16 64.2857
ns_CPU_16 10.7143
--------------------------------------------------

VARIABLES ------------------------------
Objective: 10.714285714285715
mem_tot_CPU_19 4.24849
m_access_time_CPU_19 0.536891
ns_single_CPU_19 10.0933
pdt_m_rows_CPU_19 1.34237
cores_sketch_CPU_19 1
cores_dpdk_CPU_19 6
ns_sketch_CPU_19 10.0933
pdt_nsk_c_CPU_19 10.0933
ns_dpdk_CPU_19 10.7143
pdt_nsc_dpdk_CPU_19 64.2857
ns_CPU_19 10.7143
--------------------------------------------------

VARIABLES ------------------------------
Objective: 10.714285714285715
mem_tot_CPU_18 4.24849
m_access_time_CPU_18 0.536891
ns_single_CPU_18 10.0933
pdt_m_rows_CPU_18 1.34237
cores_sketch_CPU_18 1
cores_dpdk_CPU_18 6
ns_sketch_CPU_18 10.0933
pdt_nsk_c_CPU_18 10.0933
ns_dpdk_CPU_18 10.7143
pdt_nsc_dpdk_CPU_18 64.2857
ns_CPU_18 10.7143
--------------------------------------------------

VARIABLES ------------------------------
Objective: 10.714285714285715
mem_tot_CPU_17 4.24849
m_access_time_CPU_17 0.536891
ns_single_CPU_17 10.0933
pdt_m_rows_CPU_17 1.34237
cores_sketch_CPU_17 1
cores_dpdk_CPU_17 6
ns_sketch_CPU_17 10.0933
pdt_nsk_c_CPU_17 10.0933
ns_dpdk_CPU_17 10.7143
pdt_nsc_dpdk_CPU_17 64.2857
ns_CPU_17 10.7143
--------------------------------------------------

VARIABLES ------------------------------
Objective: 10.714285714285715
mem_tot_CPU_16 4.24849
m_access_time_CPU_16 0.536891
ns_single_CPU_16 10.0933
pdt_m_rows_CPU_16 1.34237
cores_sketch_CPU_16 1
cores_dpdk_CPU_16 6
ns_sketch_CPU_16 10.0933
pdt_nsk_c_CPU_16 10.0933
ns_dpdk_CPU_16 10.7143
pdt_nsc_dpdk_CPU_16 64.2857
ns_CPU_16 10.7143
--------------------------------------------------

Throughput: 93.33333333333333 Mpps, ns per packet: 10.714285714285715
Resources: 280.0020744590187
Used Cores: 27.999999999999993, Total CPUS: 4, Switch Memory: 0

Sketch (18) (cm: eps0: 0.00625, del0: 0.05, min_mem: 1.69921875)
Par0 id: 18, Rows: 3
(0.000,0)    (0.833,1)    
Total frac: 0.833

Sketch (19) (cm: eps0: 0.00625, del0: 0.05, min_mem: 1.69921875)
Par0 id: 19, Rows: 3
(0.833,0)    
Total frac: 0.833

Sketch (16) (cm: eps0: 0.00625, del0: 0.05, min_mem: 1.69921875)
Par0 id: 16, Rows: 3
(0.833,3)    (0.000,2)    
Total frac: 0.833

Sketch (17) (cm: eps0: 0.00625, del0: 0.05, min_mem: 1.69921875)
Par0 id: 17, Rows: 3
(0.000,1)    (0.833,2)    
Total frac: 0.833

Device (0) CPU_19:
cores_sketch: 1.0, cores_dpdk: 5.999999999999998
Rows total: 2.5002620000000007
Mem total: 4.248492070312501
Throughput: 93.33333333333333

Device (1) CPU_18:
cores_sketch: 1.0, cores_dpdk: 5.999999999999998
Rows total: 2.5002620000000007
Mem total: 4.248492070312501
Throughput: 93.33333333333333

Device (2) CPU_17:
cores_sketch: 1.0, cores_dpdk: 5.999999999999998
Rows total: 2.5002620000000007
Mem total: 4.248492070312501
Throughput: 93.33333333333333

Device (3) CPU_16:
cores_sketch: 1.0, cores_dpdk: 5.999999999999998
Rows total: 2.500262
Mem total: 4.2484920703125
Throughput: 93.33333333333333

Flow 0:
partitions: [(2, 0.8334206666666669)]
path: {2, 3}
Flow 1:
partitions: [(3, 0.8334206666666669)]
path: {1, 2}
Flow 2:
partitions: [(0, 0.8334206666666669)]
path: {0, 1}
Flow 3:
partitions: [(1, 0.8334206666666669)]
path: {0}
--------------------------------------------------
Function: MIP.solve took 0.024928569793701172 seconds
--------------------------------------------------
Clustered Optimization complete
--------------------------------------------------

VARIABLES ------------------------------
Objective: 10.204081632653063
mem_tot_CPU_0 0
m_access_time_CPU_0 0
ns_single_CPU_0 0
pdt_m_rows_CPU_0 0
cores_sketch_CPU_0 0
cores_dpdk_CPU_0 7
ns_sketch_CPU_0 10.2041
pdt_nsk_c_CPU_0 0
ns_dpdk_CPU_0 10.2041
pdt_nsc_dpdk_CPU_0 71.4286
ns_CPU_0 10.2041
--------------------------------------------------

VARIABLES ------------------------------
Objective: 10.204081632653063
mem_tot_CPU_1 0
m_access_time_CPU_1 0
ns_single_CPU_1 0
pdt_m_rows_CPU_1 0
cores_sketch_CPU_1 0
cores_dpdk_CPU_1 7
ns_sketch_CPU_1 10.2041
pdt_nsk_c_CPU_1 0
ns_dpdk_CPU_1 10.2041
pdt_nsc_dpdk_CPU_1 71.4286
ns_CPU_1 10.2041
--------------------------------------------------

VARIABLES ------------------------------
Objective: 10.204081632653063
mem_tot_CPU_2 0
m_access_time_CPU_2 0
ns_single_CPU_2 0
pdt_m_rows_CPU_2 0
cores_sketch_CPU_2 0
cores_dpdk_CPU_2 7
ns_sketch_CPU_2 10.2041
pdt_nsk_c_CPU_2 0
ns_dpdk_CPU_2 10.2041
pdt_nsc_dpdk_CPU_2 71.4286
ns_CPU_2 10.2041
--------------------------------------------------

VARIABLES ------------------------------
Objective: 10.204081632653063
mem_tot_CPU_3 0
m_access_time_CPU_3 0
ns_single_CPU_3 0
pdt_m_rows_CPU_3 0
cores_sketch_CPU_3 0
cores_dpdk_CPU_3 7
ns_sketch_CPU_3 10.2041
pdt_nsk_c_CPU_3 0
ns_dpdk_CPU_3 10.2041
pdt_nsc_dpdk_CPU_3 71.4286
ns_CPU_3 10.2041
--------------------------------------------------

VARIABLES ------------------------------
Objective: 10.204081632653063
mem_tot_CPU_4 0
m_access_time_CPU_4 0
ns_single_CPU_4 0
pdt_m_rows_CPU_4 0
cores_sketch_CPU_4 0
cores_dpdk_CPU_4 7
ns_sketch_CPU_4 10.2041
pdt_nsk_c_CPU_4 0
ns_dpdk_CPU_4 10.2041
pdt_nsc_dpdk_CPU_4 71.4286
ns_CPU_4 10.2041
--------------------------------------------------

VARIABLES ------------------------------
Objective: 10.204081632653063
mem_tot_CPU_5 0
m_access_time_CPU_5 0
ns_single_CPU_5 0
pdt_m_rows_CPU_5 0
cores_sketch_CPU_5 0
cores_dpdk_CPU_5 7
ns_sketch_CPU_5 10.2041
pdt_nsk_c_CPU_5 0
ns_dpdk_CPU_5 10.2041
pdt_nsc_dpdk_CPU_5 71.4286
ns_CPU_5 10.2041
--------------------------------------------------

VARIABLES ------------------------------
Objective: 10.204081632653063
mem_tot_CPU_6 0
m_access_time_CPU_6 0
ns_single_CPU_6 0
pdt_m_rows_CPU_6 0
cores_sketch_CPU_6 0
cores_dpdk_CPU_6 7
ns_sketch_CPU_6 10.2041
pdt_nsk_c_CPU_6 0
ns_dpdk_CPU_6 10.2041
pdt_nsc_dpdk_CPU_6 71.4286
ns_CPU_6 10.2041
--------------------------------------------------

VARIABLES ------------------------------
Objective: 10.204081632653063
mem_tot_CPU_7 0
m_access_time_CPU_7 0
ns_single_CPU_7 0
pdt_m_rows_CPU_7 0
cores_sketch_CPU_7 0
cores_dpdk_CPU_7 7
ns_sketch_CPU_7 10.2041
pdt_nsk_c_CPU_7 0
ns_dpdk_CPU_7 10.2041
pdt_nsc_dpdk_CPU_7 71.4286
ns_CPU_7 10.2041
--------------------------------------------------

VARIABLES ------------------------------
Objective: 10.714285714285715
mem_tot_CPU_8 4.24849
m_access_time_CPU_8 0.536891
ns_single_CPU_8 10.0933
pdt_m_rows_CPU_8 1.34237
cores_sketch_CPU_8 1
cores_dpdk_CPU_8 6
ns_sketch_CPU_8 10.0933
pdt_nsk_c_CPU_8 10.0933
ns_dpdk_CPU_8 10.7143
pdt_nsc_dpdk_CPU_8 64.2857
ns_CPU_8 10.7143
--------------------------------------------------

VARIABLES ------------------------------
Objective: 10.714285714285715
mem_tot_CPU_9 4.24849
m_access_time_CPU_9 0.536891
ns_single_CPU_9 10.0933
pdt_m_rows_CPU_9 1.34237
cores_sketch_CPU_9 1
cores_dpdk_CPU_9 6
ns_sketch_CPU_9 10.0933
pdt_nsk_c_CPU_9 10.0933
ns_dpdk_CPU_9 10.7143
pdt_nsc_dpdk_CPU_9 64.2857
ns_CPU_9 10.7143
--------------------------------------------------

VARIABLES ------------------------------
Objective: 10.714285714285715
mem_tot_CPU_10 4.24849
m_access_time_CPU_10 0.536891
ns_single_CPU_10 10.0933
pdt_m_rows_CPU_10 1.34237
cores_sketch_CPU_10 1
cores_dpdk_CPU_10 6
ns_sketch_CPU_10 10.0933
pdt_nsk_c_CPU_10 10.0933
ns_dpdk_CPU_10 10.7143
pdt_nsc_dpdk_CPU_10 64.2857
ns_CPU_10 10.7143
--------------------------------------------------

VARIABLES ------------------------------
Objective: 10.714285714285715
mem_tot_CPU_11 4.24849
m_access_time_CPU_11 0.536891
ns_single_CPU_11 10.0933
pdt_m_rows_CPU_11 1.34237
cores_sketch_CPU_11 1
cores_dpdk_CPU_11 6
ns_sketch_CPU_11 10.0933
pdt_nsk_c_CPU_11 10.0933
ns_dpdk_CPU_11 10.7143
pdt_nsc_dpdk_CPU_11 64.2857
ns_CPU_11 10.7143
--------------------------------------------------

VARIABLES ------------------------------
Objective: 10.714285714285715
mem_tot_CPU_12 4.24849
m_access_time_CPU_12 0.536891
ns_single_CPU_12 10.0933
pdt_m_rows_CPU_12 1.34237
cores_sketch_CPU_12 1
cores_dpdk_CPU_12 6
ns_sketch_CPU_12 10.0933
pdt_nsk_c_CPU_12 10.0933
ns_dpdk_CPU_12 10.7143
pdt_nsc_dpdk_CPU_12 64.2857
ns_CPU_12 10.7143
--------------------------------------------------

VARIABLES ------------------------------
Objective: 10.714285714285715
mem_tot_CPU_13 4.24849
m_access_time_CPU_13 0.536891
ns_single_CPU_13 10.0933
pdt_m_rows_CPU_13 1.34237
cores_sketch_CPU_13 1
cores_dpdk_CPU_13 6
ns_sketch_CPU_13 10.0933
pdt_nsk_c_CPU_13 10.0933
ns_dpdk_CPU_13 10.7143
pdt_nsc_dpdk_CPU_13 64.2857
ns_CPU_13 10.7143
--------------------------------------------------

VARIABLES ------------------------------
Objective: 10.714285714285715
mem_tot_CPU_14 4.24849
m_access_time_CPU_14 0.536891
ns_single_CPU_14 10.0933
pdt_m_rows_CPU_14 1.34237
cores_sketch_CPU_14 1
cores_dpdk_CPU_14 6
ns_sketch_CPU_14 10.0933
pdt_nsk_c_CPU_14 10.0933
ns_dpdk_CPU_14 10.7143
pdt_nsc_dpdk_CPU_14 64.2857
ns_CPU_14 10.7143
--------------------------------------------------

VARIABLES ------------------------------
Objective: 10.714285714285715
mem_tot_CPU_15 4.24849
m_access_time_CPU_15 0.536891
ns_single_CPU_15 10.0933
pdt_m_rows_CPU_15 1.34237
cores_sketch_CPU_15 1
cores_dpdk_CPU_15 6
ns_sketch_CPU_15 10.0933
pdt_nsk_c_CPU_15 10.0933
ns_dpdk_CPU_15 10.7143
pdt_nsc_dpdk_CPU_15 64.2857
ns_CPU_15 10.7143
--------------------------------------------------

VARIABLES ------------------------------
Objective: 10.714285714285715
mem_tot_CPU_16 4.24849
m_access_time_CPU_16 0.536891
ns_single_CPU_16 10.0933
pdt_m_rows_CPU_16 1.34237
cores_sketch_CPU_16 1
cores_dpdk_CPU_16 6
ns_sketch_CPU_16 10.0933
pdt_nsk_c_CPU_16 10.0933
ns_dpdk_CPU_16 10.7143
pdt_nsc_dpdk_CPU_16 64.2857
ns_CPU_16 10.7143
--------------------------------------------------

VARIABLES ------------------------------
Objective: 10.714285714285715
mem_tot_CPU_17 4.24849
m_access_time_CPU_17 0.536891
ns_single_CPU_17 10.0933
pdt_m_rows_CPU_17 1.34237
cores_sketch_CPU_17 1
cores_dpdk_CPU_17 6
ns_sketch_CPU_17 10.0933
pdt_nsk_c_CPU_17 10.0933
ns_dpdk_CPU_17 10.7143
pdt_nsc_dpdk_CPU_17 64.2857
ns_CPU_17 10.7143
--------------------------------------------------

VARIABLES ------------------------------
Objective: 10.714285714285715
mem_tot_CPU_18 4.24849
m_access_time_CPU_18 0.536891
ns_single_CPU_18 10.0933
pdt_m_rows_CPU_18 1.34237
cores_sketch_CPU_18 1
cores_dpdk_CPU_18 6
ns_sketch_CPU_18 10.0933
pdt_nsk_c_CPU_18 10.0933
ns_dpdk_CPU_18 10.7143
pdt_nsc_dpdk_CPU_18 64.2857
ns_CPU_18 10.7143
--------------------------------------------------

VARIABLES ------------------------------
Objective: 10.714285714285715
mem_tot_CPU_19 4.24849
m_access_time_CPU_19 0.536891
ns_single_CPU_19 10.0933
pdt_m_rows_CPU_19 1.34237
cores_sketch_CPU_19 1
cores_dpdk_CPU_19 6
ns_sketch_CPU_19 10.0933
pdt_nsk_c_CPU_19 10.0933
ns_dpdk_CPU_19 10.7143
pdt_nsc_dpdk_CPU_19 64.2857
ns_CPU_19 10.7143
--------------------------------------------------

VARIABLES ------------------------------
Objective: 6.756756756756757
mem_tot_P4_1 50.9712
ns_P4_1 6.75676
--------------------------------------------------

VARIABLES ------------------------------
Objective: 10.714285714285715
mem_tot_CPU_0 0
m_access_time_CPU_0 0
ns_single_CPU_0 0
pdt_m_rows_CPU_0 0
cores_sketch_CPU_0 0
cores_dpdk_CPU_0 6
ns_sketch_CPU_0 10.7143
pdt_nsk_c_CPU_0 0
ns_dpdk_CPU_0 10.7143
pdt_nsc_dpdk_CPU_0 64.2857
ns_CPU_0 10.7143
--------------------------------------------------

VARIABLES ------------------------------
Objective: 10.714285714285715
mem_tot_CPU_1 0
m_access_time_CPU_1 0
ns_single_CPU_1 0
pdt_m_rows_CPU_1 0
cores_sketch_CPU_1 0
cores_dpdk_CPU_1 6
ns_sketch_CPU_1 10.7143
pdt_nsk_c_CPU_1 0
ns_dpdk_CPU_1 10.7143
pdt_nsc_dpdk_CPU_1 64.2857
ns_CPU_1 10.7143
--------------------------------------------------

VARIABLES ------------------------------
Objective: 10.714285714285715
mem_tot_CPU_2 0
m_access_time_CPU_2 0
ns_single_CPU_2 0
pdt_m_rows_CPU_2 0
cores_sketch_CPU_2 0
cores_dpdk_CPU_2 6
ns_sketch_CPU_2 10.7143
pdt_nsk_c_CPU_2 0
ns_dpdk_CPU_2 10.7143
pdt_nsc_dpdk_CPU_2 64.2857
ns_CPU_2 10.7143
--------------------------------------------------

VARIABLES ------------------------------
Objective: 10.714285714285715
mem_tot_CPU_3 0
m_access_time_CPU_3 0
ns_single_CPU_3 0
pdt_m_rows_CPU_3 0
cores_sketch_CPU_3 0
cores_dpdk_CPU_3 6
ns_sketch_CPU_3 10.7143
pdt_nsk_c_CPU_3 0
ns_dpdk_CPU_3 10.7143
pdt_nsc_dpdk_CPU_3 64.2857
ns_CPU_3 10.7143
--------------------------------------------------

VARIABLES ------------------------------
Objective: 10.714285714285715
mem_tot_CPU_4 0
m_access_time_CPU_4 0
ns_single_CPU_4 0
pdt_m_rows_CPU_4 0
cores_sketch_CPU_4 0
cores_dpdk_CPU_4 6
ns_sketch_CPU_4 10.7143
pdt_nsk_c_CPU_4 0
ns_dpdk_CPU_4 10.7143
pdt_nsc_dpdk_CPU_4 64.2857
ns_CPU_4 10.7143
--------------------------------------------------

VARIABLES ------------------------------
Objective: 10.714285714285715
mem_tot_CPU_5 0
m_access_time_CPU_5 0
ns_single_CPU_5 0
pdt_m_rows_CPU_5 0
cores_sketch_CPU_5 0
cores_dpdk_CPU_5 6
ns_sketch_CPU_5 10.7143
pdt_nsk_c_CPU_5 0
ns_dpdk_CPU_5 10.7143
pdt_nsc_dpdk_CPU_5 64.2857
ns_CPU_5 10.7143
--------------------------------------------------

VARIABLES ------------------------------
Objective: 10.714285714285715
mem_tot_CPU_6 0
m_access_time_CPU_6 0
ns_single_CPU_6 0
pdt_m_rows_CPU_6 0
cores_sketch_CPU_6 0
cores_dpdk_CPU_6 6
ns_sketch_CPU_6 10.7143
pdt_nsk_c_CPU_6 0
ns_dpdk_CPU_6 10.7143
pdt_nsc_dpdk_CPU_6 64.2857
ns_CPU_6 10.7143
--------------------------------------------------

VARIABLES ------------------------------
Objective: 10.714285714285715
mem_tot_CPU_7 0
m_access_time_CPU_7 0
ns_single_CPU_7 0
pdt_m_rows_CPU_7 0
cores_sketch_CPU_7 0
cores_dpdk_CPU_7 6
ns_sketch_CPU_7 10.7143
pdt_nsk_c_CPU_7 0
ns_dpdk_CPU_7 10.7143
pdt_nsc_dpdk_CPU_7 64.2857
ns_CPU_7 10.7143
--------------------------------------------------

VARIABLES ------------------------------
Objective: 10.714285714285715
mem_tot_CPU_8 4.24849
m_access_time_CPU_8 0.536891
ns_single_CPU_8 10.0933
pdt_m_rows_CPU_8 1.34237
cores_sketch_CPU_8 1
cores_dpdk_CPU_8 6
ns_sketch_CPU_8 10.0933
pdt_nsk_c_CPU_8 10.0933
ns_dpdk_CPU_8 10.7143
pdt_nsc_dpdk_CPU_8 64.2857
ns_CPU_8 10.7143
--------------------------------------------------

VARIABLES ------------------------------
Objective: 10.714285714285715
mem_tot_CPU_9 4.24849
m_access_time_CPU_9 0.536891
ns_single_CPU_9 10.0933
pdt_m_rows_CPU_9 1.34237
cores_sketch_CPU_9 1
cores_dpdk_CPU_9 6
ns_sketch_CPU_9 10.0933
pdt_nsk_c_CPU_9 10.0933
ns_dpdk_CPU_9 10.7143
pdt_nsc_dpdk_CPU_9 64.2857
ns_CPU_9 10.7143
--------------------------------------------------

VARIABLES ------------------------------
Objective: 10.714285714285715
mem_tot_CPU_10 4.24849
m_access_time_CPU_10 0.536891
ns_single_CPU_10 10.0933
pdt_m_rows_CPU_10 1.34237
cores_sketch_CPU_10 1
cores_dpdk_CPU_10 6
ns_sketch_CPU_10 10.0933
pdt_nsk_c_CPU_10 10.0933
ns_dpdk_CPU_10 10.7143
pdt_nsc_dpdk_CPU_10 64.2857
ns_CPU_10 10.7143
--------------------------------------------------

VARIABLES ------------------------------
Objective: 10.714285714285715
mem_tot_CPU_11 4.24849
m_access_time_CPU_11 0.536891
ns_single_CPU_11 10.0933
pdt_m_rows_CPU_11 1.34237
cores_sketch_CPU_11 1
cores_dpdk_CPU_11 6
ns_sketch_CPU_11 10.0933
pdt_nsk_c_CPU_11 10.0933
ns_dpdk_CPU_11 10.7143
pdt_nsc_dpdk_CPU_11 64.2857
ns_CPU_11 10.7143
--------------------------------------------------

VARIABLES ------------------------------
Objective: 10.714285714285715
mem_tot_CPU_12 4.24849
m_access_time_CPU_12 0.536891
ns_single_CPU_12 10.0933
pdt_m_rows_CPU_12 1.34237
cores_sketch_CPU_12 1
cores_dpdk_CPU_12 6
ns_sketch_CPU_12 10.0933
pdt_nsk_c_CPU_12 10.0933
ns_dpdk_CPU_12 10.7143
pdt_nsc_dpdk_CPU_12 64.2857
ns_CPU_12 10.7143
--------------------------------------------------

VARIABLES ------------------------------
Objective: 10.714285714285715
mem_tot_CPU_13 4.24849
m_access_time_CPU_13 0.536891
ns_single_CPU_13 10.0933
pdt_m_rows_CPU_13 1.34237
cores_sketch_CPU_13 1
cores_dpdk_CPU_13 6
ns_sketch_CPU_13 10.0933
pdt_nsk_c_CPU_13 10.0933
ns_dpdk_CPU_13 10.7143
pdt_nsc_dpdk_CPU_13 64.2857
ns_CPU_13 10.7143
--------------------------------------------------

VARIABLES ------------------------------
Objective: 10.714285714285715
mem_tot_CPU_14 4.24849
m_access_time_CPU_14 0.536891
ns_single_CPU_14 10.0933
pdt_m_rows_CPU_14 1.34237
cores_sketch_CPU_14 1
cores_dpdk_CPU_14 6
ns_sketch_CPU_14 10.0933
pdt_nsk_c_CPU_14 10.0933
ns_dpdk_CPU_14 10.7143
pdt_nsc_dpdk_CPU_14 64.2857
ns_CPU_14 10.7143
--------------------------------------------------

VARIABLES ------------------------------
Objective: 10.714285714285715
mem_tot_CPU_15 4.24849
m_access_time_CPU_15 0.536891
ns_single_CPU_15 10.0933
pdt_m_rows_CPU_15 1.34237
cores_sketch_CPU_15 1
cores_dpdk_CPU_15 6
ns_sketch_CPU_15 10.0933
pdt_nsk_c_CPU_15 10.0933
ns_dpdk_CPU_15 10.7143
pdt_nsc_dpdk_CPU_15 64.2857
ns_CPU_15 10.7143
--------------------------------------------------

VARIABLES ------------------------------
Objective: 10.714285714285715
mem_tot_CPU_16 4.24849
m_access_time_CPU_16 0.536891
ns_single_CPU_16 10.0933
pdt_m_rows_CPU_16 1.34237
cores_sketch_CPU_16 1
cores_dpdk_CPU_16 6
ns_sketch_CPU_16 10.0933
pdt_nsk_c_CPU_16 10.0933
ns_dpdk_CPU_16 10.7143
pdt_nsc_dpdk_CPU_16 64.2857
ns_CPU_16 10.7143
--------------------------------------------------

VARIABLES ------------------------------
Objective: 10.714285714285715
mem_tot_CPU_17 4.24849
m_access_time_CPU_17 0.536891
ns_single_CPU_17 10.0933
pdt_m_rows_CPU_17 1.34237
cores_sketch_CPU_17 1
cores_dpdk_CPU_17 6
ns_sketch_CPU_17 10.0933
pdt_nsk_c_CPU_17 10.0933
ns_dpdk_CPU_17 10.7143
pdt_nsc_dpdk_CPU_17 64.2857
ns_CPU_17 10.7143
--------------------------------------------------

VARIABLES ------------------------------
Objective: 10.714285714285715
mem_tot_CPU_18 4.24849
m_access_time_CPU_18 0.536891
ns_single_CPU_18 10.0933
pdt_m_rows_CPU_18 1.34237
cores_sketch_CPU_18 1
cores_dpdk_CPU_18 6
ns_sketch_CPU_18 10.0933
pdt_nsk_c_CPU_18 10.0933
ns_dpdk_CPU_18 10.7143
pdt_nsc_dpdk_CPU_18 64.2857
ns_CPU_18 10.7143
--------------------------------------------------

VARIABLES ------------------------------
Objective: 10.714285714285715
mem_tot_CPU_19 4.24849
m_access_time_CPU_19 0.536891
ns_single_CPU_19 10.0933
pdt_m_rows_CPU_19 1.34237
cores_sketch_CPU_19 1
cores_dpdk_CPU_19 6
ns_sketch_CPU_19 10.0933
pdt_nsk_c_CPU_19 10.0933
ns_dpdk_CPU_19 10.7143
pdt_nsc_dpdk_CPU_19 64.2857
ns_CPU_19 10.7143
--------------------------------------------------

Throughput: 93.33333333333333 Mpps, ns per packet: 10.714285714285715
Resources: 1328.5673362854325
Used Cores: 131.99999999999997, Total CPUS: 20, Switch Memory: 50.971211155349955

Sketch (0) (cm: eps0: 0.00625, del0: 0.05, min_mem: 1.69921875)
Par0 id: 0, Rows: 3
(0.000,0)    (0.000,1)    (1.000,20)    
Total frac: 1.000

Sketch (1) (cm: eps0: 0.00625, del0: 0.05, min_mem: 1.69921875)
Par0 id: 1, Rows: 3
(0.000,1)    (0.000,2)    (1.000,20)    
Total frac: 1.000

Sketch (2) (cm: eps0: 0.00625, del0: 0.05, min_mem: 1.69921875)
Par0 id: 2, Rows: 3
(0.000,2)    (0.000,3)    (1.000,20)    
Total frac: 1.000

Sketch (3) (cm: eps0: 0.00625, del0: 0.05, min_mem: 1.69921875)
Par0 id: 3, Rows: 3
(0.000,3)    (0.000,4)    (1.000,20)    
Total frac: 1.000

Sketch (4) (cm: eps0: 0.00625, del0: 0.05, min_mem: 1.69921875)
Par0 id: 4, Rows: 3
(0.000,4)    (0.000,5)    (1.000,20)    
Total frac: 1.000

Sketch (5) (cm: eps0: 0.00625, del0: 0.05, min_mem: 1.69921875)
Par0 id: 5, Rows: 3
(0.000,5)    (0.000,6)    (1.000,20)    
Total frac: 1.000

Sketch (6) (cm: eps0: 0.00625, del0: 0.05, min_mem: 1.69921875)
Par0 id: 6, Rows: 3
(0.000,6)    (0.000,7)    (1.000,20)    
Total frac: 1.000

Sketch (7) (cm: eps0: 0.00625, del0: 0.05, min_mem: 1.69921875)
Par0 id: 7, Rows: 3
(0.000,7)    (0.167,20)    (0.833,8)    
Total frac: 1.000

Sketch (8) (cm: eps0: 0.00625, del0: 0.05, min_mem: 1.69921875)
Par0 id: 8, Rows: 3
(0.167,20)    (0.000,8)    (0.833,9)    
Total frac: 1.000

Sketch (9) (cm: eps0: 0.00625, del0: 0.05, min_mem: 1.69921875)
Par0 id: 9, Rows: 3
(0.167,20)    (0.000,9)    (0.833,10)    
Total frac: 1.000

Sketch (10) (cm: eps0: 0.00625, del0: 0.05, min_mem: 1.69921875)
Par0 id: 10, Rows: 3
(0.167,20)    (0.000,10)    (0.833,11)    
Total frac: 1.000

Sketch (11) (cm: eps0: 0.00625, del0: 0.05, min_mem: 1.69921875)
Par0 id: 11, Rows: 3
(0.167,20)    (0.000,11)    (0.833,12)    
Total frac: 1.000

Sketch (12) (cm: eps0: 0.00625, del0: 0.05, min_mem: 1.69921875)
Par0 id: 12, Rows: 3
(0.167,20)    (0.000,12)    (0.833,13)    
Total frac: 1.000

Sketch (13) (cm: eps0: 0.00625, del0: 0.05, min_mem: 1.69921875)
Par0 id: 13, Rows: 3
(0.167,20)    (0.000,13)    (0.833,14)    
Total frac: 1.000

Sketch (14) (cm: eps0: 0.00625, del0: 0.05, min_mem: 1.69921875)
Par0 id: 14, Rows: 3
(0.167,20)    (0.000,14)    (0.833,15)    
Total frac: 1.000

Sketch (15) (cm: eps0: 0.00625, del0: 0.05, min_mem: 1.69921875)
Par0 id: 15, Rows: 3
(1.000,20)    
Total frac: 1.000

Sketch (16) (cm: eps0: 0.00625, del0: 0.05, min_mem: 1.69921875)
Par0 id: 16, Rows: 3
(0.167,20)    (0.000,17)    (0.833,16)    
Total frac: 1.000

Sketch (17) (cm: eps0: 0.00625, del0: 0.05, min_mem: 1.69921875)
Par0 id: 17, Rows: 3
(0.167,20)    (0.000,18)    (0.833,17)    
Total frac: 1.000

Sketch (18) (cm: eps0: 0.00625, del0: 0.05, min_mem: 1.69921875)
Par0 id: 18, Rows: 3
(0.167,20)    (0.000,19)    (0.833,18)    
Total frac: 1.000

Sketch (19) (cm: eps0: 0.00625, del0: 0.05, min_mem: 1.69921875)
Par0 id: 19, Rows: 3
(0.000,0)    (0.167,20)    (0.833,19)    
Total frac: 1.000

Device (0) CPU_0:
cores_sketch: 0.0, cores_dpdk: 5.9999999999999964
Rows total: 5.885645977011494e-07
Mem total: 1.0001e-06
Throughput: 93.33333333333333

Device (1) CPU_1:
cores_sketch: 0.0, cores_dpdk: 5.9999999999999964
Rows total: 0.0
Mem total: 0.0
Throughput: 93.33333333333333

Device (2) CPU_2:
cores_sketch: 0.0, cores_dpdk: 5.9999999999999964
Rows total: 0.0
Mem total: 0.0
Throughput: 93.33333333333333

Device (3) CPU_3:
cores_sketch: 0.0, cores_dpdk: 5.9999999999999964
Rows total: 0.0
Mem total: 0.0
Throughput: 93.33333333333333

Device (4) CPU_4:
cores_sketch: 0.0, cores_dpdk: 5.9999999999999964
Rows total: 0.0
Mem total: 0.0
Throughput: 93.33333333333333

Device (5) CPU_5:
cores_sketch: 0.0, cores_dpdk: 5.9999999999999964
Rows total: 0.0
Mem total: 0.0
Throughput: 93.33333333333333

Device (6) CPU_6:
cores_sketch: 0.0, cores_dpdk: 5.9999999999999964
Rows total: 0.0
Mem total: 0.0
Throughput: 93.33333333333333

Device (7) CPU_7:
cores_sketch: 0.0, cores_dpdk: 5.9999999999999964
Rows total: 5.885645977011494e-07
Mem total: 1.0001e-06
Throughput: 93.33333333333333

Device (8) CPU_8:
cores_sketch: 1.0, cores_dpdk: 5.999999999999998
Rows total: 2.5002620000000007
Mem total: 4.248492070312501
Throughput: 93.33333333333333

Device (9) CPU_9:
cores_sketch: 1.0, cores_dpdk: 5.999999999999998
Rows total: 2.5002620000000007
Mem total: 4.248492070312501
Throughput: 93.33333333333333

Device (10) CPU_10:
cores_sketch: 1.0, cores_dpdk: 5.999999999999998
Rows total: 2.5002620000000007
Mem total: 4.248492070312501
Throughput: 93.33333333333333

Device (11) CPU_11:
cores_sketch: 1.0, cores_dpdk: 5.999999999999998
Rows total: 2.5002620000000007
Mem total: 4.248492070312501
Throughput: 93.33333333333333

Device (12) CPU_12:
cores_sketch: 1.0, cores_dpdk: 5.999999999999998
Rows total: 2.5002620000000007
Mem total: 4.248492070312501
Throughput: 93.33333333333333

Device (13) CPU_13:
cores_sketch: 1.0, cores_dpdk: 5.999999999999998
Rows total: 2.5002620000000007
Mem total: 4.248492070312501
Throughput: 93.33333333333333

Device (14) CPU_14:
cores_sketch: 1.0, cores_dpdk: 5.999999999999998
Rows total: 2.5002620000000007
Mem total: 4.248492070312501
Throughput: 93.33333333333333

Device (15) CPU_15:
cores_sketch: 1.0, cores_dpdk: 5.999999999999998
Rows total: 2.5002620000000007
Mem total: 4.248492070312501
Throughput: 93.33333333333333

Device (16) CPU_16:
cores_sketch: 1.0, cores_dpdk: 5.999999999999998
Rows total: 2.500262
Mem total: 4.2484920703125
Throughput: 93.33333333333333

Device (17) CPU_17:
cores_sketch: 1.0, cores_dpdk: 5.999999999999998
Rows total: 2.5002620000000007
Mem total: 4.248492070312501
Throughput: 93.33333333333333

Device (18) CPU_18:
cores_sketch: 1.0, cores_dpdk: 5.999999999999998
Rows total: 2.5002620000000007
Mem total: 4.248492070312501
Throughput: 93.33333333333333

Device (19) CPU_19:
cores_sketch: 1.0, cores_dpdk: 5.999999999999998
Rows total: 2.5002620000000007
Mem total: 4.248492070312501
Throughput: 93.33333333333333

Device (20) P4_1:
Rows total: 29.996850702918596
Mem total: 50.971211155349955
Throughput: 148.0

Flow 0:
partitions: [(0, 1)]
path: (0, 20, 1)
Flow 1:
partitions: [(1, 1)]
path: (1, 20, 2)
Flow 2:
partitions: [(2, 1)]
path: (2, 20, 3)
Flow 3:
partitions: [(3, 1)]
path: (3, 20, 4)
Flow 4:
partitions: [(4, 1)]
path: (4, 20, 5)
Flow 5:
partitions: [(5, 1)]
path: (5, 20, 6)
Flow 6:
partitions: [(6, 1)]
path: (6, 20, 7)
Flow 7:
partitions: [(7, 1)]
path: (7, 20, 8)
Flow 8:
partitions: [(8, 1)]
path: (8, 20, 9)
Flow 9:
partitions: [(9, 1)]
path: (9, 20, 10)
Flow 10:
partitions: [(10, 1)]
path: (10, 20, 11)
Flow 11:
partitions: [(11, 1)]
path: (11, 20, 12)
Flow 12:
partitions: [(12, 1)]
path: (12, 20, 13)
Flow 13:
partitions: [(13, 1)]
path: (13, 20, 14)
Flow 14:
partitions: [(14, 1)]
path: (14, 20, 15)
Flow 15:
partitions: [(15, 1)]
path: (15, 20, 16)
Flow 16:
partitions: [(16, 1)]
path: (16, 20, 17)
Flow 17:
partitions: [(17, 1)]
path: (17, 20, 18)
Flow 18:
partitions: [(18, 1)]
path: (18, 20, 19)
Flow 19:
partitions: [(19, 1)]
path: (19, 20, 0)
--------------------------------------------------
Function: solve took 0.20021581649780273 seconds
