Function: get_partitions took 3.147125244140625e-05 seconds
Function: map_flows_partitions took 1.2159347534179688e-05 seconds
Function: map_flows_to_cluster took 3.6716461181640625e-05 seconds
Building model with:
3 devices, 20 partitions and 20 flows
Function: MIP.add_frac_mem_var took 0.00018787384033203125 seconds
Function: MIP.add_coverage_constraints took 0.00016927719116210938 seconds
Function: MIP.add_accuracy_constraints took 0.000385284423828125 seconds
Function: MIP.add_capacity_constraints took 0.00038909912109375 seconds
Netmon behaving like UnivmonGreedyRows
--------------------------------------------------
Starting model update
Model update took: 4.696846008300781e-05 s
--------------------------------------------------
Starting model optimize
Model optimize took: 0.002586841583251953 seconds
--------------------------------------------------

VARIABLES ------------------------------
Objective: 59.99999999999999
frac[2,18] 0.833421
frac[0,14] 0.166579
frac[0,7] 0.166579
frac[0,16] 0.166579
frac[1,6] 0.833421
frac[0,10] 0.166579
frac[0,3] 1
frac[1,11] 0.833421
frac[2,19] 0.833421
frac[0,15] 0.166579
frac[0,17] 0.166579
frac[0,11] 0.166579
frac[2,13] 0
frac[0,4] 1
frac[1,10] 0.833421
frac[2,15] 0.833421
frac[2,16] 0.833421
frac[0,0] 1
frac[1,13] 0
frac[0,18] 0.166579
frac[0,12] 0.166579
frac[0,5] 1
frac[1,9] 0.833421
frac[0,8] 0.166579
frac[2,14] 0.833421
frac[2,17] 0.833421
frac[0,1] 1
frac[1,12] 0.833421
frac[0,19] 0.166579
frac[0,13] 1
frac[0,6] 0.166579
frac[1,8] 0.833421
frac[1,7] 0.833421
frac[0,9] 0.166579
frac[0,2] 1
mem[2,18] 4.24849
mem[0,14] 0.849164
mem[0,7] 0.849164
mem[0,16] 0.849164
mem[1,6] 4.24849
mem[0,10] 0.849164
mem[0,3] 5.09766
mem[1,11] 4.24849
mem[2,19] 4.24849
mem[0,15] 0.849164
mem[0,17] 0.849164
mem[0,11] 0.849164
mem[2,13] 0
mem[0,4] 5.09766
mem[1,10] 4.24849
mem[2,15] 4.24849
mem[2,16] 4.24849
mem[0,0] 5.09766
mem[1,13] 0
mem[0,18] 0.849164
mem[0,12] 0.849164
mem[0,5] 5.09766
mem[1,9] 4.24849
mem[0,8] 0.849164
mem[2,14] 4.24849
mem[2,17] 4.24849
mem[0,1] 5.09766
mem[1,12] 4.24849
mem[0,19] 0.849164
mem[0,13] 5.09766
mem[0,6] 0.849164
mem[1,8] 4.24849
mem[1,7] 4.24849
mem[0,9] 0.849164
mem[0,2] 5.09766
mem_tot_{CPU_0,CPU_1,CPU_2,CPU_3,CPU_4,CPU_5,CPU_6,P4_1} 46.7227
normalized_mem_tot_{CPU_0,CPU_1,CPU_2,CPU_3,CPU_4,CPU_5,CPU_6,P4_1} 0.000203185
rows_tot_{CPU_0,CPU_1,CPU_2,CPU_3,CPU_4,CPU_5,CPU_6,P4_1} 27.4966
normalized_rows_tot_{CPU_0,CPU_1,CPU_2,CPU_3,CPU_4,CPU_5,CPU_6,P4_1} 0.208308
mem_tot_{CPU_7,CPU_8,CPU_9,CPU_10,CPU_11,CPU_12,CPU_13} 29.7394
normalized_mem_tot_{CPU_7,CPU_8,CPU_9,CPU_10,CPU_11,CPU_12,CPU_13} 0.000129654
rows_tot_{CPU_7,CPU_8,CPU_9,CPU_10,CPU_11,CPU_12,CPU_13} 17.5018
normalized_rows_tot_{CPU_7,CPU_8,CPU_9,CPU_10,CPU_11,CPU_12,CPU_13} 0.208355
mem_tot_{CPU_19,CPU_18,CPU_17,CPU_16,CPU_15,CPU_14} 25.491
normalized_mem_tot_{CPU_19,CPU_18,CPU_17,CPU_16,CPU_15,CPU_14} 0.000129654
rows_tot_{CPU_19,CPU_18,CPU_17,CPU_16,CPU_15,CPU_14} 15.0016
normalized_rows_tot_{CPU_19,CPU_18,CPU_17,CPU_16,CPU_15,CPU_14} 0.208355
max_mem_CPU_Cluster 0.000203185
max_rows_CPU_Cluster 0.208355
--------------------------------------------------

Sketch (0) (cm: eps0: 0.00625, del0: 0.05, min_mem: 1.69921875)
Par0 id: 0, Rows: 3
(1.000,0)    
Total frac: 1.000

Sketch (1) (cm: eps0: 0.00625, del0: 0.05, min_mem: 1.69921875)
Par0 id: 1, Rows: 3
(1.000,0)    
Total frac: 1.000

Sketch (2) (cm: eps0: 0.00625, del0: 0.05, min_mem: 1.69921875)
Par0 id: 2, Rows: 3
(1.000,0)    
Total frac: 1.000

Sketch (3) (cm: eps0: 0.00625, del0: 0.05, min_mem: 1.69921875)
Par0 id: 3, Rows: 3
(1.000,0)    
Total frac: 1.000

Sketch (4) (cm: eps0: 0.00625, del0: 0.05, min_mem: 1.69921875)
Par0 id: 4, Rows: 3
(1.000,0)    
Total frac: 1.000

Sketch (5) (cm: eps0: 0.00625, del0: 0.05, min_mem: 1.69921875)
Par0 id: 5, Rows: 3
(1.000,0)    
Total frac: 1.000

Sketch (6) (cm: eps0: 0.00625, del0: 0.05, min_mem: 1.69921875)
Par0 id: 6, Rows: 3
(0.833,1)    (0.167,0)    
Total frac: 1.000

Sketch (7) (cm: eps0: 0.00625, del0: 0.05, min_mem: 1.69921875)
Par0 id: 7, Rows: 3
(0.167,0)    (0.833,1)    
Total frac: 1.000

Sketch (8) (cm: eps0: 0.00625, del0: 0.05, min_mem: 1.69921875)
Par0 id: 8, Rows: 3
(0.167,0)    (0.833,1)    
Total frac: 1.000

Sketch (9) (cm: eps0: 0.00625, del0: 0.05, min_mem: 1.69921875)
Par0 id: 9, Rows: 3
(0.833,1)    (0.167,0)    
Total frac: 1.000

Sketch (10) (cm: eps0: 0.00625, del0: 0.05, min_mem: 1.69921875)
Par0 id: 10, Rows: 3
(0.167,0)    (0.833,1)    
Total frac: 1.000

Sketch (11) (cm: eps0: 0.00625, del0: 0.05, min_mem: 1.69921875)
Par0 id: 11, Rows: 3
(0.833,1)    (0.167,0)    
Total frac: 1.000

Sketch (12) (cm: eps0: 0.00625, del0: 0.05, min_mem: 1.69921875)
Par0 id: 12, Rows: 3
(0.167,0)    (0.833,1)    
Total frac: 1.000

Sketch (13) (cm: eps0: 0.00625, del0: 0.05, min_mem: 1.69921875)
Par0 id: 13, Rows: 3
(0.000,2)    (0.000,1)    (1.000,0)    
Total frac: 1.000

Sketch (14) (cm: eps0: 0.00625, del0: 0.05, min_mem: 1.69921875)
Par0 id: 14, Rows: 3
(0.167,0)    (0.833,2)    
Total frac: 1.000

Sketch (15) (cm: eps0: 0.00625, del0: 0.05, min_mem: 1.69921875)
Par0 id: 15, Rows: 3
(0.167,0)    (0.833,2)    
Total frac: 1.000

Sketch (16) (cm: eps0: 0.00625, del0: 0.05, min_mem: 1.69921875)
Par0 id: 16, Rows: 3
(0.167,0)    (0.833,2)    
Total frac: 1.000

Sketch (17) (cm: eps0: 0.00625, del0: 0.05, min_mem: 1.69921875)
Par0 id: 17, Rows: 3
(0.167,0)    (0.833,2)    
Total frac: 1.000

Sketch (18) (cm: eps0: 0.00625, del0: 0.05, min_mem: 1.69921875)
Par0 id: 18, Rows: 3
(0.833,2)    (0.167,0)    
Total frac: 1.000

Sketch (19) (cm: eps0: 0.00625, del0: 0.05, min_mem: 1.69921875)
Par0 id: 19, Rows: 3
(0.833,2)    (0.167,0)    
Total frac: 1.000

Device (0) {CPU_0,CPU_1,CPU_2,CPU_3,CPU_4,CPU_5,CPU_6,P4_1}:
Rows total: 27.496593999999984
Mem total: 46.722728085937476

Device (1) {CPU_7,CPU_8,CPU_9,CPU_10,CPU_11,CPU_12,CPU_13}:
Rows total: 17.501834000000002
Mem total: 29.739444492187502

Device (2) {CPU_19,CPU_18,CPU_17,CPU_16,CPU_15,CPU_14}:
Rows total: 15.001572000000003
Mem total: 25.490952421875004

Flow 0:
partitions: [(0, 1)]
path: {0}
Flow 1:
partitions: [(1, 1)]
path: {0}
Flow 2:
partitions: [(2, 1)]
path: {0}
Flow 3:
partitions: [(3, 1)]
path: {0}
Flow 4:
partitions: [(4, 1)]
path: {0}
Flow 5:
partitions: [(5, 1)]
path: {0}
Flow 6:
partitions: [(6, 1)]
path: {0, 1}
Flow 7:
partitions: [(7, 1)]
path: {0, 1}
Flow 8:
partitions: [(8, 1)]
path: {0, 1}
Flow 9:
partitions: [(9, 1)]
path: {0, 1}
Flow 10:
partitions: [(10, 1)]
path: {0, 1}
Flow 11:
partitions: [(11, 1)]
path: {0, 1}
Flow 12:
partitions: [(12, 1)]
path: {0, 1}
Flow 13:
partitions: [(13, 1)]
path: {0, 1, 2}
Flow 14:
partitions: [(14, 1)]
path: {0, 2}
Flow 15:
partitions: [(15, 1)]
path: {0, 2}
Flow 16:
partitions: [(16, 1)]
path: {0, 2}
Flow 17:
partitions: [(17, 1)]
path: {0, 2}
Flow 18:
partitions: [(18, 1)]
path: {0, 2}
Flow 19:
partitions: [(19, 1)]
path: {0, 2}
--------------------------------------------------

VARIABLES ------------------------------
Objective: 6.756756756756757
mem_tot_{CPU_0,CPU_1,CPU_2,CPU_3,CPU_4,CPU_5,CPU_6,P4_1} 46.7227
ns_{CPU_0,CPU_1,CPU_2,CPU_3,CPU_4,CPU_5,CPU_6,P4_1} 6.75676
--------------------------------------------------

VARIABLES ------------------------------
Objective: 10.204081632653061
mem_tot_{CPU_7,CPU_8,CPU_9,CPU_10,CPU_11,CPU_12,CPU_13} 29.7394
ns_{CPU_7,CPU_8,CPU_9,CPU_10,CPU_11,CPU_12,CPU_13} 10.2041
--------------------------------------------------

VARIABLES ------------------------------
Objective: 10.204081632653061
mem_tot_{CPU_19,CPU_18,CPU_17,CPU_16,CPU_15,CPU_14} 25.491
ns_{CPU_19,CPU_18,CPU_17,CPU_16,CPU_15,CPU_14} 10.2041
--------------------------------------------------

Throughput: 98.0 Mpps, ns per packet: 10.204081632653061
Resources: 101.95312499999999
Used Cores: 0, Total CPUS: 0, Switch Memory: 0

Sketch (0) (cm: eps0: 0.00625, del0: 0.05, min_mem: 1.69921875)
Par0 id: 0, Rows: 3
(1.000,0)    
Total frac: 1.000

Sketch (1) (cm: eps0: 0.00625, del0: 0.05, min_mem: 1.69921875)
Par0 id: 1, Rows: 3
(1.000,0)    
Total frac: 1.000

Sketch (2) (cm: eps0: 0.00625, del0: 0.05, min_mem: 1.69921875)
Par0 id: 2, Rows: 3
(1.000,0)    
Total frac: 1.000

Sketch (3) (cm: eps0: 0.00625, del0: 0.05, min_mem: 1.69921875)
Par0 id: 3, Rows: 3
(1.000,0)    
Total frac: 1.000

Sketch (4) (cm: eps0: 0.00625, del0: 0.05, min_mem: 1.69921875)
Par0 id: 4, Rows: 3
(1.000,0)    
Total frac: 1.000

Sketch (5) (cm: eps0: 0.00625, del0: 0.05, min_mem: 1.69921875)
Par0 id: 5, Rows: 3
(1.000,0)    
Total frac: 1.000

Sketch (6) (cm: eps0: 0.00625, del0: 0.05, min_mem: 1.69921875)
Par0 id: 6, Rows: 3
(0.833,1)    (0.167,0)    
Total frac: 1.000

Sketch (7) (cm: eps0: 0.00625, del0: 0.05, min_mem: 1.69921875)
Par0 id: 7, Rows: 3
(0.167,0)    (0.833,1)    
Total frac: 1.000

Sketch (8) (cm: eps0: 0.00625, del0: 0.05, min_mem: 1.69921875)
Par0 id: 8, Rows: 3
(0.167,0)    (0.833,1)    
Total frac: 1.000

Sketch (9) (cm: eps0: 0.00625, del0: 0.05, min_mem: 1.69921875)
Par0 id: 9, Rows: 3
(0.833,1)    (0.167,0)    
Total frac: 1.000

Sketch (10) (cm: eps0: 0.00625, del0: 0.05, min_mem: 1.69921875)
Par0 id: 10, Rows: 3
(0.167,0)    (0.833,1)    
Total frac: 1.000

Sketch (11) (cm: eps0: 0.00625, del0: 0.05, min_mem: 1.69921875)
Par0 id: 11, Rows: 3
(0.833,1)    (0.167,0)    
Total frac: 1.000

Sketch (12) (cm: eps0: 0.00625, del0: 0.05, min_mem: 1.69921875)
Par0 id: 12, Rows: 3
(0.167,0)    (0.833,1)    
Total frac: 1.000

Sketch (13) (cm: eps0: 0.00625, del0: 0.05, min_mem: 1.69921875)
Par0 id: 13, Rows: 3
(0.000,2)    (0.000,1)    (1.000,0)    
Total frac: 1.000

Sketch (14) (cm: eps0: 0.00625, del0: 0.05, min_mem: 1.69921875)
Par0 id: 14, Rows: 3
(0.167,0)    (0.833,2)    
Total frac: 1.000

Sketch (15) (cm: eps0: 0.00625, del0: 0.05, min_mem: 1.69921875)
Par0 id: 15, Rows: 3
(0.167,0)    (0.833,2)    
Total frac: 1.000

Sketch (16) (cm: eps0: 0.00625, del0: 0.05, min_mem: 1.69921875)
Par0 id: 16, Rows: 3
(0.167,0)    (0.833,2)    
Total frac: 1.000

Sketch (17) (cm: eps0: 0.00625, del0: 0.05, min_mem: 1.69921875)
Par0 id: 17, Rows: 3
(0.167,0)    (0.833,2)    
Total frac: 1.000

Sketch (18) (cm: eps0: 0.00625, del0: 0.05, min_mem: 1.69921875)
Par0 id: 18, Rows: 3
(0.833,2)    (0.167,0)    
Total frac: 1.000

Sketch (19) (cm: eps0: 0.00625, del0: 0.05, min_mem: 1.69921875)
Par0 id: 19, Rows: 3
(0.833,2)    (0.167,0)    
Total frac: 1.000

Device (0) {CPU_0,CPU_1,CPU_2,CPU_3,CPU_4,CPU_5,CPU_6,P4_1}:
Rows total: 27.496593999999984
Mem total: 46.722728085937476
Throughput: 148.0

Device (1) {CPU_7,CPU_8,CPU_9,CPU_10,CPU_11,CPU_12,CPU_13}:
Rows total: 17.501834000000002
Mem total: 29.739444492187502
Throughput: 98.0

Device (2) {CPU_19,CPU_18,CPU_17,CPU_16,CPU_15,CPU_14}:
Rows total: 15.001572000000003
Mem total: 25.490952421875004
Throughput: 98.0

Flow 0:
partitions: [(0, 1)]
path: {0}
Flow 1:
partitions: [(1, 1)]
path: {0}
Flow 2:
partitions: [(2, 1)]
path: {0}
Flow 3:
partitions: [(3, 1)]
path: {0}
Flow 4:
partitions: [(4, 1)]
path: {0}
Flow 5:
partitions: [(5, 1)]
path: {0}
Flow 6:
partitions: [(6, 1)]
path: {0, 1}
Flow 7:
partitions: [(7, 1)]
path: {0, 1}
Flow 8:
partitions: [(8, 1)]
path: {0, 1}
Flow 9:
partitions: [(9, 1)]
path: {0, 1}
Flow 10:
partitions: [(10, 1)]
path: {0, 1}
Flow 11:
partitions: [(11, 1)]
path: {0, 1}
Flow 12:
partitions: [(12, 1)]
path: {0, 1}
Flow 13:
partitions: [(13, 1)]
path: {0, 1, 2}
Flow 14:
partitions: [(14, 1)]
path: {0, 2}
Flow 15:
partitions: [(15, 1)]
path: {0, 2}
Flow 16:
partitions: [(16, 1)]
path: {0, 2}
Flow 17:
partitions: [(17, 1)]
path: {0, 2}
Flow 18:
partitions: [(18, 1)]
path: {0, 2}
Flow 19:
partitions: [(19, 1)]
path: {0, 2}
--------------------------------------------------
Function: MIP.solve took 0.015297651290893555 seconds
Function: get_partitions_flows took 0.00012993812561035156 seconds
Function: get_partitions_flows took 6.580352783203125e-05 seconds
Function: get_partitions_flows took 5.984306335449219e-05 seconds
Building model with:
8 devices, 20 partitions and 20 flows
Function: MIP.add_frac_mem_var took 0.00018095970153808594 seconds
Function: MIP.add_coverage_constraints took 0.00017189979553222656 seconds
Function: MIP.add_accuracy_constraints took 0.000377655029296875 seconds
Function: MIP.add_capacity_constraints took 0.0008001327514648438 seconds

VARIABLES ------------------------------
Objective: 10.204081632653063
mem_tot_CPU_0 0
m_access_time_CPU_0 0
ns_single_CPU_0 0
pdt_m_rows_CPU_0 0
cores_sketch_CPU_0 0
cores_dpdk_CPU_0 7
ns_sketch_CPU_0 10.2041
pdt_nsk_c_CPU_0 0
ns_dpdk_CPU_0 10.2041
pdt_nsc_dpdk_CPU_0 71.4286
ns_CPU_0 10.2041
--------------------------------------------------

VARIABLES ------------------------------
Objective: 10.204081632653063
mem_tot_CPU_1 0
m_access_time_CPU_1 0
ns_single_CPU_1 0
pdt_m_rows_CPU_1 0
cores_sketch_CPU_1 0
cores_dpdk_CPU_1 7
ns_sketch_CPU_1 10.2041
pdt_nsk_c_CPU_1 0
ns_dpdk_CPU_1 10.2041
pdt_nsc_dpdk_CPU_1 71.4286
ns_CPU_1 10.2041
--------------------------------------------------

VARIABLES ------------------------------
Objective: 10.204081632653063
mem_tot_CPU_2 0
m_access_time_CPU_2 0
ns_single_CPU_2 0
pdt_m_rows_CPU_2 0
cores_sketch_CPU_2 0
cores_dpdk_CPU_2 7
ns_sketch_CPU_2 10.2041
pdt_nsk_c_CPU_2 0
ns_dpdk_CPU_2 10.2041
pdt_nsc_dpdk_CPU_2 71.4286
ns_CPU_2 10.2041
--------------------------------------------------

VARIABLES ------------------------------
Objective: 10.204081632653063
mem_tot_CPU_3 0
m_access_time_CPU_3 0
ns_single_CPU_3 0
pdt_m_rows_CPU_3 0
cores_sketch_CPU_3 0
cores_dpdk_CPU_3 7
ns_sketch_CPU_3 10.2041
pdt_nsk_c_CPU_3 0
ns_dpdk_CPU_3 10.2041
pdt_nsc_dpdk_CPU_3 71.4286
ns_CPU_3 10.2041
--------------------------------------------------

VARIABLES ------------------------------
Objective: 10.204081632653063
mem_tot_CPU_4 0
m_access_time_CPU_4 0
ns_single_CPU_4 0
pdt_m_rows_CPU_4 0
cores_sketch_CPU_4 0
cores_dpdk_CPU_4 7
ns_sketch_CPU_4 10.2041
pdt_nsk_c_CPU_4 0
ns_dpdk_CPU_4 10.2041
pdt_nsc_dpdk_CPU_4 71.4286
ns_CPU_4 10.2041
--------------------------------------------------

VARIABLES ------------------------------
Objective: 10.204081632653063
mem_tot_CPU_5 0
m_access_time_CPU_5 0
ns_single_CPU_5 0
pdt_m_rows_CPU_5 0
cores_sketch_CPU_5 0
cores_dpdk_CPU_5 7
ns_sketch_CPU_5 10.2041
pdt_nsk_c_CPU_5 0
ns_dpdk_CPU_5 10.2041
pdt_nsc_dpdk_CPU_5 71.4286
ns_CPU_5 10.2041
--------------------------------------------------

VARIABLES ------------------------------
Objective: 10.204081632653063
mem_tot_CPU_6 0
m_access_time_CPU_6 0
ns_single_CPU_6 0
pdt_m_rows_CPU_6 0
cores_sketch_CPU_6 0
cores_dpdk_CPU_6 7
ns_sketch_CPU_6 10.2041
pdt_nsk_c_CPU_6 0
ns_dpdk_CPU_6 10.2041
pdt_nsc_dpdk_CPU_6 71.4286
ns_CPU_6 10.2041
--------------------------------------------------

VARIABLES ------------------------------
Objective: 6.756756756756757
mem_tot_P4_1 46.7227
ns_P4_1 6.75676
--------------------------------------------------

VARIABLES ------------------------------
Objective: 10.204081632653063
mem_tot_CPU_0 0
m_access_time_CPU_0 0
ns_single_CPU_0 0
pdt_m_rows_CPU_0 0
cores_sketch_CPU_0 0
cores_dpdk_CPU_0 7
ns_sketch_CPU_0 10.2041
pdt_nsk_c_CPU_0 0
ns_dpdk_CPU_0 10.2041
pdt_nsc_dpdk_CPU_0 71.4286
ns_CPU_0 10.2041
--------------------------------------------------

VARIABLES ------------------------------
Objective: 10.204081632653063
mem_tot_CPU_1 0
m_access_time_CPU_1 0
ns_single_CPU_1 0
pdt_m_rows_CPU_1 0
cores_sketch_CPU_1 0
cores_dpdk_CPU_1 7
ns_sketch_CPU_1 10.2041
pdt_nsk_c_CPU_1 0
ns_dpdk_CPU_1 10.2041
pdt_nsc_dpdk_CPU_1 71.4286
ns_CPU_1 10.2041
--------------------------------------------------

VARIABLES ------------------------------
Objective: 10.204081632653063
mem_tot_CPU_2 0
m_access_time_CPU_2 0
ns_single_CPU_2 0
pdt_m_rows_CPU_2 0
cores_sketch_CPU_2 0
cores_dpdk_CPU_2 7
ns_sketch_CPU_2 10.2041
pdt_nsk_c_CPU_2 0
ns_dpdk_CPU_2 10.2041
pdt_nsc_dpdk_CPU_2 71.4286
ns_CPU_2 10.2041
--------------------------------------------------

VARIABLES ------------------------------
Objective: 10.204081632653063
mem_tot_CPU_3 0
m_access_time_CPU_3 0
ns_single_CPU_3 0
pdt_m_rows_CPU_3 0
cores_sketch_CPU_3 0
cores_dpdk_CPU_3 7
ns_sketch_CPU_3 10.2041
pdt_nsk_c_CPU_3 0
ns_dpdk_CPU_3 10.2041
pdt_nsc_dpdk_CPU_3 71.4286
ns_CPU_3 10.2041
--------------------------------------------------

VARIABLES ------------------------------
Objective: 10.204081632653063
mem_tot_CPU_4 0
m_access_time_CPU_4 0
ns_single_CPU_4 0
pdt_m_rows_CPU_4 0
cores_sketch_CPU_4 0
cores_dpdk_CPU_4 7
ns_sketch_CPU_4 10.2041
pdt_nsk_c_CPU_4 0
ns_dpdk_CPU_4 10.2041
pdt_nsc_dpdk_CPU_4 71.4286
ns_CPU_4 10.2041
--------------------------------------------------

VARIABLES ------------------------------
Objective: 10.204081632653063
mem_tot_CPU_5 0
m_access_time_CPU_5 0
ns_single_CPU_5 0
pdt_m_rows_CPU_5 0
cores_sketch_CPU_5 0
cores_dpdk_CPU_5 7
ns_sketch_CPU_5 10.2041
pdt_nsk_c_CPU_5 0
ns_dpdk_CPU_5 10.2041
pdt_nsc_dpdk_CPU_5 71.4286
ns_CPU_5 10.2041
--------------------------------------------------

VARIABLES ------------------------------
Objective: 10.204081632653063
mem_tot_CPU_6 0
m_access_time_CPU_6 0
ns_single_CPU_6 0
pdt_m_rows_CPU_6 0
cores_sketch_CPU_6 0
cores_dpdk_CPU_6 7
ns_sketch_CPU_6 10.2041
pdt_nsk_c_CPU_6 0
ns_dpdk_CPU_6 10.2041
pdt_nsc_dpdk_CPU_6 71.4286
ns_CPU_6 10.2041
--------------------------------------------------

Sketch (14) (cm: eps0: 0.00625, del0: 0.05, min_mem: 1.69921875)
Par0 id: 14, Rows: 3
(0.167,7)    
Total frac: 0.167

Sketch (7) (cm: eps0: 0.00625, del0: 0.05, min_mem: 1.69921875)
Par0 id: 7, Rows: 3
(0.167,7)    
Total frac: 0.167

Sketch (16) (cm: eps0: 0.00625, del0: 0.05, min_mem: 1.69921875)
Par0 id: 16, Rows: 3
(0.167,7)    
Total frac: 0.167

Sketch (10) (cm: eps0: 0.00625, del0: 0.05, min_mem: 1.69921875)
Par0 id: 10, Rows: 3
(0.167,7)    
Total frac: 0.167

Sketch (3) (cm: eps0: 0.00625, del0: 0.05, min_mem: 1.69921875)
Par0 id: 3, Rows: 3
(0.000,4)    (0.000,3)    (1.000,7)    
Total frac: 1.000

Sketch (15) (cm: eps0: 0.00625, del0: 0.05, min_mem: 1.69921875)
Par0 id: 15, Rows: 3
(0.167,7)    
Total frac: 0.167

Sketch (17) (cm: eps0: 0.00625, del0: 0.05, min_mem: 1.69921875)
Par0 id: 17, Rows: 3
(0.167,7)    
Total frac: 0.167

Sketch (11) (cm: eps0: 0.00625, del0: 0.05, min_mem: 1.69921875)
Par0 id: 11, Rows: 3
(0.167,7)    
Total frac: 0.167

Sketch (4) (cm: eps0: 0.00625, del0: 0.05, min_mem: 1.69921875)
Par0 id: 4, Rows: 3
(0.000,4)    (0.000,5)    (1.000,7)    
Total frac: 1.000

Sketch (0) (cm: eps0: 0.00625, del0: 0.05, min_mem: 1.69921875)
Par0 id: 0, Rows: 3
(0.000,1)    (1.000,7)    (0.000,0)    
Total frac: 1.000

Sketch (18) (cm: eps0: 0.00625, del0: 0.05, min_mem: 1.69921875)
Par0 id: 18, Rows: 3
(0.167,7)    
Total frac: 0.167

Sketch (12) (cm: eps0: 0.00625, del0: 0.05, min_mem: 1.69921875)
Par0 id: 12, Rows: 3
(0.167,7)    
Total frac: 0.167

Sketch (5) (cm: eps0: 0.00625, del0: 0.05, min_mem: 1.69921875)
Par0 id: 5, Rows: 3
(1.000,7)    (0.000,5)    (0.000,6)    
Total frac: 1.000

Sketch (8) (cm: eps0: 0.00625, del0: 0.05, min_mem: 1.69921875)
Par0 id: 8, Rows: 3
(0.167,7)    
Total frac: 0.167

Sketch (1) (cm: eps0: 0.00625, del0: 0.05, min_mem: 1.69921875)
Par0 id: 1, Rows: 3
(0.000,1)    (1.000,7)    (0.000,2)    
Total frac: 1.000

Sketch (19) (cm: eps0: 0.00625, del0: 0.05, min_mem: 1.69921875)
Par0 id: 19, Rows: 3
(0.167,7)    (0.000,0)    
Total frac: 0.167

Sketch (13) (cm: eps0: 0.00625, del0: 0.05, min_mem: 1.69921875)
Par0 id: 13, Rows: 3
(1.000,7)    
Total frac: 1.000

Sketch (6) (cm: eps0: 0.00625, del0: 0.05, min_mem: 1.69921875)
Par0 id: 6, Rows: 3
(0.000,6)    (0.167,7)    
Total frac: 0.167

Sketch (9) (cm: eps0: 0.00625, del0: 0.05, min_mem: 1.69921875)
Par0 id: 9, Rows: 3
(0.167,7)    
Total frac: 0.167

Sketch (2) (cm: eps0: 0.00625, del0: 0.05, min_mem: 1.69921875)
Par0 id: 2, Rows: 3
(0.000,2)    (1.000,7)    (0.000,3)    
Total frac: 1.000

Device (0) CPU_0:
cores_sketch: 0.0, cores_dpdk: 6.999999999999973
Rows total: 5.885645977011494e-07
Mem total: 1.0001e-06
Throughput: 97.99999999999999

Device (1) CPU_1:
cores_sketch: 0.0, cores_dpdk: 6.999999999999973
Rows total: 0.0
Mem total: 0.0
Throughput: 97.99999999999999

Device (2) CPU_2:
cores_sketch: 0.0, cores_dpdk: 6.999999999999973
Rows total: 0.0
Mem total: 0.0
Throughput: 97.99999999999999

Device (3) CPU_3:
cores_sketch: 0.0, cores_dpdk: 6.999999999999973
Rows total: 0.0
Mem total: 0.0
Throughput: 97.99999999999999

Device (4) CPU_4:
cores_sketch: 0.0, cores_dpdk: 6.999999999999973
Rows total: 0.0
Mem total: 0.0
Throughput: 97.99999999999999

Device (5) CPU_5:
cores_sketch: 0.0, cores_dpdk: 6.999999999999973
Rows total: 0.0
Mem total: 0.0
Throughput: 97.99999999999999

Device (6) CPU_6:
cores_sketch: 0.0, cores_dpdk: 6.999999999999973
Rows total: 5.885645977011494e-07
Mem total: 1.0001e-06
Throughput: 97.99999999999999

Device (7) P4_1:
Rows total: 27.496589291483197
Mem total: 46.72272008513746
Throughput: 148.0

Flow 0:
partitions: [(9, 1.0)]
path: {0, 1, 7}
Flow 1:
partitions: [(14, 1.0)]
path: {1, 2, 7}
Flow 2:
partitions: [(19, 1.0)]
path: {2, 3, 7}
Flow 3:
partitions: [(4, 1.0)]
path: {3, 4, 7}
Flow 4:
partitions: [(8, 1.0)]
path: {4, 5, 7}
Flow 5:
partitions: [(12, 1.0)]
path: {5, 6, 7}
Flow 6:
partitions: [(17, 0.1665793333333329)]
path: {6, 7}
Flow 7:
partitions: [(1, 0.1665793333333329)]
path: {7}
Flow 8:
partitions: [(13, 0.1665793333333329)]
path: {7}
Flow 9:
partitions: [(18, 0.1665793333333329)]
path: {7}
Flow 10:
partitions: [(3, 0.1665793333333329)]
path: {7}
Flow 11:
partitions: [(7, 0.1665793333333329)]
path: {7}
Flow 12:
partitions: [(11, 0.1665793333333329)]
path: {7}
Flow 13:
partitions: [(16, 1.0)]
path: {7}
Flow 14:
partitions: [(0, 0.16657933333333308)]
path: {7}
Flow 15:
partitions: [(5, 0.16657933333333308)]
path: {7}
Flow 16:
partitions: [(2, 0.16657933333333308)]
path: {7}
Flow 17:
partitions: [(6, 0.16657933333333308)]
path: {7}
Flow 18:
partitions: [(10, 0.16657933333333308)]
path: {7}
Flow 19:
partitions: [(15, 0.16657933333333308)]
path: {0, 7}
--------------------------------------------------
--------------------------------------------------
Starting model update
Model update took: 2.7894973754882812e-05 s
--------------------------------------------------
Starting model optimize
Model optimize took: 0.00037384033203125 seconds
--------------------------------------------------

VARIABLES ------------------------------
Objective: 497.847538668457
frac[7,3] 0.166579
frac[4,8] 0
frac[7,12] 1
frac[7,7] 0.166579
frac[7,16] 1
frac[7,11] 0.166579
frac[6,17] 0
frac[5,8] 0
frac[7,2] 0.166579
frac[2,19] 0
frac[7,15] 0.166579
frac[0,15] 0
frac[5,12] 0
frac[4,4] 0
frac[1,14] 0
frac[7,6] 0.166579
frac[7,19] 1
frac[7,10] 0.166579
frac[3,4] 0
frac[7,14] 1
frac[7,1] 0.166579
frac[7,18] 0.166579
frac[7,5] 0.166579
frac[1,9] 0
frac[3,19] 0
frac[6,12] 0
frac[2,14] 0
frac[7,9] 1
frac[7,0] 0.166579
frac[7,13] 0.166579
frac[7,4] 1
frac[7,17] 0.166579
frac[0,9] 0
frac[7,8] 1
mem[7,3] 0.849164
mem[4,8] 0
mem[7,12] 5.09766
mem[7,7] 0.849164
mem[7,16] 5.09766
mem[7,11] 0.849164
mem[6,17] 0
mem[5,8] 0
mem[7,2] 0.849164
mem[2,19] 0
mem[7,15] 0.849164
mem[0,15] 0
mem[5,12] 0
mem[4,4] 0
mem[1,14] 0
mem[7,6] 0.849164
mem[7,19] 5.09766
mem[7,10] 0.849164
mem[3,4] 0
mem[7,14] 5.09766
mem[7,1] 0.849164
mem[7,18] 0.849164
mem[7,5] 0.849164
mem[1,9] 0
mem[3,19] 0
mem[6,12] 0
mem[2,14] 0
mem[7,9] 5.09766
mem[7,0] 0.849164
mem[7,13] 0.849164
mem[7,4] 5.09766
mem[7,17] 0.849164
mem[0,9] 0
mem[7,8] 5.09766
mem_tot_CPU_0 0
normalized_mem_tot_CPU_0 0
rows_tot_CPU_0 0
normalized_rows_tot_CPU_0 0
mem_tot_CPU_1 0
normalized_mem_tot_CPU_1 0
rows_tot_CPU_1 0
normalized_rows_tot_CPU_1 0
mem_tot_CPU_2 0
normalized_mem_tot_CPU_2 0
rows_tot_CPU_2 0
normalized_rows_tot_CPU_2 0
mem_tot_CPU_3 0
normalized_mem_tot_CPU_3 0
rows_tot_CPU_3 0
normalized_rows_tot_CPU_3 0
mem_tot_CPU_4 0
normalized_mem_tot_CPU_4 0
rows_tot_CPU_4 0
normalized_rows_tot_CPU_4 0
mem_tot_CPU_5 0
normalized_mem_tot_CPU_5 0
rows_tot_CPU_5 0
normalized_rows_tot_CPU_5 0
mem_tot_CPU_6 0
normalized_mem_tot_CPU_6 0
rows_tot_CPU_6 0
normalized_rows_tot_CPU_6 0
mem_tot_P4_1 46.7227
normalized_mem_tot_P4_1 0.0811158
rows_tot_P4_1 27.4966
normalized_rows_tot_P4_1 0.572846
max_mem_P4 46.7227
max_mem_CPU_Cluster 0
max_rows_P4 27.4966
max_rows_CPU_Cluster 0
m_access_time_CPU_0 0
ns_single_CPU_0 0
pdt_m_rows_CPU_0 0
cores_sketch_CPU_0 0
cores_dpdk_CPU_0 7
m_access_time_CPU_1 0
ns_single_CPU_1 0
pdt_m_rows_CPU_1 0
cores_sketch_CPU_1 0
cores_dpdk_CPU_1 7
m_access_time_CPU_2 0
ns_single_CPU_2 0
pdt_m_rows_CPU_2 0
cores_sketch_CPU_2 0
cores_dpdk_CPU_2 7
m_access_time_CPU_3 0
ns_single_CPU_3 0
pdt_m_rows_CPU_3 0
cores_sketch_CPU_3 0
cores_dpdk_CPU_3 7
m_access_time_CPU_4 0
ns_single_CPU_4 0
pdt_m_rows_CPU_4 0
cores_sketch_CPU_4 0
cores_dpdk_CPU_4 7
m_access_time_CPU_5 0
ns_single_CPU_5 0
pdt_m_rows_CPU_5 0
cores_sketch_CPU_5 0
cores_dpdk_CPU_5 7
m_access_time_CPU_6 0
ns_single_CPU_6 0
pdt_m_rows_CPU_6 0
cores_sketch_CPU_6 0
cores_dpdk_CPU_6 7
ns_P4_1 6.75676
res 497.848
--------------------------------------------------

Throughput: 97.99999999999999 Mpps, ns per packet: 10.204081632653063
Resources: 497.84753866845705
Used Cores: 49.0, Total CPUS: 7, Switch Memory: 46.722728085937476

Sketch (14) (cm: eps0: 0.00625, del0: 0.05, min_mem: 1.69921875)
Par0 id: 14, Rows: 3
(0.167,7)    
Total frac: 0.167

Sketch (7) (cm: eps0: 0.00625, del0: 0.05, min_mem: 1.69921875)
Par0 id: 7, Rows: 3
(0.167,7)    
Total frac: 0.167

Sketch (16) (cm: eps0: 0.00625, del0: 0.05, min_mem: 1.69921875)
Par0 id: 16, Rows: 3
(0.167,7)    
Total frac: 0.167

Sketch (10) (cm: eps0: 0.00625, del0: 0.05, min_mem: 1.69921875)
Par0 id: 10, Rows: 3
(0.167,7)    
Total frac: 0.167

Sketch (3) (cm: eps0: 0.00625, del0: 0.05, min_mem: 1.69921875)
Par0 id: 3, Rows: 3
(0.000,4)    (0.000,3)    (1.000,7)    
Total frac: 1.000

Sketch (15) (cm: eps0: 0.00625, del0: 0.05, min_mem: 1.69921875)
Par0 id: 15, Rows: 3
(0.167,7)    
Total frac: 0.167

Sketch (17) (cm: eps0: 0.00625, del0: 0.05, min_mem: 1.69921875)
Par0 id: 17, Rows: 3
(0.167,7)    
Total frac: 0.167

Sketch (11) (cm: eps0: 0.00625, del0: 0.05, min_mem: 1.69921875)
Par0 id: 11, Rows: 3
(0.167,7)    
Total frac: 0.167

Sketch (4) (cm: eps0: 0.00625, del0: 0.05, min_mem: 1.69921875)
Par0 id: 4, Rows: 3
(0.000,4)    (0.000,5)    (1.000,7)    
Total frac: 1.000

Sketch (0) (cm: eps0: 0.00625, del0: 0.05, min_mem: 1.69921875)
Par0 id: 0, Rows: 3
(0.000,1)    (1.000,7)    (0.000,0)    
Total frac: 1.000

Sketch (18) (cm: eps0: 0.00625, del0: 0.05, min_mem: 1.69921875)
Par0 id: 18, Rows: 3
(0.167,7)    
Total frac: 0.167

Sketch (12) (cm: eps0: 0.00625, del0: 0.05, min_mem: 1.69921875)
Par0 id: 12, Rows: 3
(0.167,7)    
Total frac: 0.167

Sketch (5) (cm: eps0: 0.00625, del0: 0.05, min_mem: 1.69921875)
Par0 id: 5, Rows: 3
(1.000,7)    (0.000,5)    (0.000,6)    
Total frac: 1.000

Sketch (8) (cm: eps0: 0.00625, del0: 0.05, min_mem: 1.69921875)
Par0 id: 8, Rows: 3
(0.167,7)    
Total frac: 0.167

Sketch (1) (cm: eps0: 0.00625, del0: 0.05, min_mem: 1.69921875)
Par0 id: 1, Rows: 3
(0.000,1)    (1.000,7)    (0.000,2)    
Total frac: 1.000

Sketch (19) (cm: eps0: 0.00625, del0: 0.05, min_mem: 1.69921875)
Par0 id: 19, Rows: 3
(0.167,7)    (0.000,0)    
Total frac: 0.167

Sketch (13) (cm: eps0: 0.00625, del0: 0.05, min_mem: 1.69921875)
Par0 id: 13, Rows: 3
(1.000,7)    
Total frac: 1.000

Sketch (6) (cm: eps0: 0.00625, del0: 0.05, min_mem: 1.69921875)
Par0 id: 6, Rows: 3
(0.000,6)    (0.167,7)    
Total frac: 0.167

Sketch (9) (cm: eps0: 0.00625, del0: 0.05, min_mem: 1.69921875)
Par0 id: 9, Rows: 3
(0.167,7)    
Total frac: 0.167

Sketch (2) (cm: eps0: 0.00625, del0: 0.05, min_mem: 1.69921875)
Par0 id: 2, Rows: 3
(0.000,2)    (1.000,7)    (0.000,3)    
Total frac: 1.000

Device (0) CPU_0:
cores_sketch: 0.0, cores_dpdk: 7.0
Rows total: 0.0
Mem total: 0.0
Throughput: 97.99999999999999

Device (1) CPU_1:
cores_sketch: 0.0, cores_dpdk: 7.0
Rows total: 0.0
Mem total: 0.0
Throughput: 97.99999999999999

Device (2) CPU_2:
cores_sketch: 0.0, cores_dpdk: 7.0
Rows total: 0.0
Mem total: 0.0
Throughput: 97.99999999999999

Device (3) CPU_3:
cores_sketch: 0.0, cores_dpdk: 7.0
Rows total: 0.0
Mem total: 0.0
Throughput: 97.99999999999999

Device (4) CPU_4:
cores_sketch: 0.0, cores_dpdk: 7.0
Rows total: 0.0
Mem total: 0.0
Throughput: 97.99999999999999

Device (5) CPU_5:
cores_sketch: 0.0, cores_dpdk: 7.0
Rows total: 0.0
Mem total: 0.0
Throughput: 97.99999999999999

Device (6) CPU_6:
cores_sketch: 0.0, cores_dpdk: 7.0
Rows total: 0.0
Mem total: 0.0
Throughput: 97.99999999999999

Device (7) P4_1:
Rows total: 27.49659399999998
Mem total: 46.722728085937476
Throughput: 148.0

Flow 0:
partitions: [(9, 1.0)]
path: {0, 1, 7}
Flow 1:
partitions: [(14, 1.0)]
path: {1, 2, 7}
Flow 2:
partitions: [(19, 1.0)]
path: {2, 3, 7}
Flow 3:
partitions: [(4, 1.0)]
path: {3, 4, 7}
Flow 4:
partitions: [(8, 1.0)]
path: {4, 5, 7}
Flow 5:
partitions: [(12, 1.0)]
path: {5, 6, 7}
Flow 6:
partitions: [(17, 0.1665793333333329)]
path: {6, 7}
Flow 7:
partitions: [(1, 0.1665793333333329)]
path: {7}
Flow 8:
partitions: [(13, 0.1665793333333329)]
path: {7}
Flow 9:
partitions: [(18, 0.1665793333333329)]
path: {7}
Flow 10:
partitions: [(3, 0.1665793333333329)]
path: {7}
Flow 11:
partitions: [(7, 0.1665793333333329)]
path: {7}
Flow 12:
partitions: [(11, 0.1665793333333329)]
path: {7}
Flow 13:
partitions: [(16, 1.0)]
path: {7}
Flow 14:
partitions: [(0, 0.16657933333333308)]
path: {7}
Flow 15:
partitions: [(5, 0.16657933333333308)]
path: {7}
Flow 16:
partitions: [(2, 0.16657933333333308)]
path: {7}
Flow 17:
partitions: [(6, 0.16657933333333308)]
path: {7}
Flow 18:
partitions: [(10, 0.16657933333333308)]
path: {7}
Flow 19:
partitions: [(15, 0.16657933333333308)]
path: {0, 7}
--------------------------------------------------
Function: MIP.solve took 0.037088632583618164 seconds
Building model with:
7 devices, 7 partitions and 7 flows
Function: MIP.add_frac_mem_var took 0.00010037422180175781 seconds
Function: MIP.add_coverage_constraints took 6.937980651855469e-05 seconds
Function: MIP.add_accuracy_constraints took 0.00014972686767578125 seconds
Function: MIP.add_capacity_constraints took 0.000560760498046875 seconds

VARIABLES ------------------------------
Objective: 10.714285714285715
mem_tot_CPU_7 4.24849
m_access_time_CPU_7 0.536891
ns_single_CPU_7 10.0933
pdt_m_rows_CPU_7 1.34237
cores_sketch_CPU_7 1
cores_dpdk_CPU_7 6
ns_sketch_CPU_7 10.0933
pdt_nsk_c_CPU_7 10.0933
ns_dpdk_CPU_7 10.7143
pdt_nsc_dpdk_CPU_7 64.2857
ns_CPU_7 10.7143
--------------------------------------------------

VARIABLES ------------------------------
Objective: 10.714285714285715
mem_tot_CPU_8 4.24849
m_access_time_CPU_8 0.536891
ns_single_CPU_8 10.0933
pdt_m_rows_CPU_8 1.34237
cores_sketch_CPU_8 1
cores_dpdk_CPU_8 6
ns_sketch_CPU_8 10.0933
pdt_nsk_c_CPU_8 10.0933
ns_dpdk_CPU_8 10.7143
pdt_nsc_dpdk_CPU_8 64.2857
ns_CPU_8 10.7143
--------------------------------------------------

VARIABLES ------------------------------
Objective: 10.714285714285715
mem_tot_CPU_9 4.24849
m_access_time_CPU_9 0.536891
ns_single_CPU_9 10.0933
pdt_m_rows_CPU_9 1.34237
cores_sketch_CPU_9 1
cores_dpdk_CPU_9 6
ns_sketch_CPU_9 10.0933
pdt_nsk_c_CPU_9 10.0933
ns_dpdk_CPU_9 10.7143
pdt_nsc_dpdk_CPU_9 64.2857
ns_CPU_9 10.7143
--------------------------------------------------

VARIABLES ------------------------------
Objective: 10.714285714285715
mem_tot_CPU_10 4.24849
m_access_time_CPU_10 0.536891
ns_single_CPU_10 10.0933
pdt_m_rows_CPU_10 1.34237
cores_sketch_CPU_10 1
cores_dpdk_CPU_10 6
ns_sketch_CPU_10 10.0933
pdt_nsk_c_CPU_10 10.0933
ns_dpdk_CPU_10 10.7143
pdt_nsc_dpdk_CPU_10 64.2857
ns_CPU_10 10.7143
--------------------------------------------------

VARIABLES ------------------------------
Objective: 10.714285714285715
mem_tot_CPU_11 4.24849
m_access_time_CPU_11 0.536891
ns_single_CPU_11 10.0933
pdt_m_rows_CPU_11 1.34237
cores_sketch_CPU_11 1
cores_dpdk_CPU_11 6
ns_sketch_CPU_11 10.0933
pdt_nsk_c_CPU_11 10.0933
ns_dpdk_CPU_11 10.7143
pdt_nsc_dpdk_CPU_11 64.2857
ns_CPU_11 10.7143
--------------------------------------------------

VARIABLES ------------------------------
Objective: 10.714285714285715
mem_tot_CPU_12 4.24849
m_access_time_CPU_12 0.536891
ns_single_CPU_12 10.0933
pdt_m_rows_CPU_12 1.34237
cores_sketch_CPU_12 1
cores_dpdk_CPU_12 6
ns_sketch_CPU_12 10.0933
pdt_nsk_c_CPU_12 10.0933
ns_dpdk_CPU_12 10.7143
pdt_nsc_dpdk_CPU_12 64.2857
ns_CPU_12 10.7143
--------------------------------------------------

VARIABLES ------------------------------
Objective: 10.714285714285715
mem_tot_CPU_13 4.24849
m_access_time_CPU_13 0.536891
ns_single_CPU_13 10.0933
pdt_m_rows_CPU_13 1.34237
cores_sketch_CPU_13 1
cores_dpdk_CPU_13 6
ns_sketch_CPU_13 10.0933
pdt_nsk_c_CPU_13 10.0933
ns_dpdk_CPU_13 10.7143
pdt_nsc_dpdk_CPU_13 64.2857
ns_CPU_13 10.7143
--------------------------------------------------

VARIABLES ------------------------------
Objective: 10.714285714285715
mem_tot_CPU_7 4.24849
m_access_time_CPU_7 0.536891
ns_single_CPU_7 10.0933
pdt_m_rows_CPU_7 1.34237
cores_sketch_CPU_7 1
cores_dpdk_CPU_7 6
ns_sketch_CPU_7 10.0933
pdt_nsk_c_CPU_7 10.0933
ns_dpdk_CPU_7 10.7143
pdt_nsc_dpdk_CPU_7 64.2857
ns_CPU_7 10.7143
--------------------------------------------------

VARIABLES ------------------------------
Objective: 10.714285714285715
mem_tot_CPU_8 4.24849
m_access_time_CPU_8 0.536891
ns_single_CPU_8 10.0933
pdt_m_rows_CPU_8 1.34237
cores_sketch_CPU_8 1
cores_dpdk_CPU_8 6
ns_sketch_CPU_8 10.0933
pdt_nsk_c_CPU_8 10.0933
ns_dpdk_CPU_8 10.7143
pdt_nsc_dpdk_CPU_8 64.2857
ns_CPU_8 10.7143
--------------------------------------------------

VARIABLES ------------------------------
Objective: 10.714285714285715
mem_tot_CPU_9 4.24849
m_access_time_CPU_9 0.536891
ns_single_CPU_9 10.0933
pdt_m_rows_CPU_9 1.34237
cores_sketch_CPU_9 1
cores_dpdk_CPU_9 6
ns_sketch_CPU_9 10.0933
pdt_nsk_c_CPU_9 10.0933
ns_dpdk_CPU_9 10.7143
pdt_nsc_dpdk_CPU_9 64.2857
ns_CPU_9 10.7143
--------------------------------------------------

VARIABLES ------------------------------
Objective: 10.714285714285715
mem_tot_CPU_10 4.24849
m_access_time_CPU_10 0.536891
ns_single_CPU_10 10.0933
pdt_m_rows_CPU_10 1.34237
cores_sketch_CPU_10 1
cores_dpdk_CPU_10 6
ns_sketch_CPU_10 10.0933
pdt_nsk_c_CPU_10 10.0933
ns_dpdk_CPU_10 10.7143
pdt_nsc_dpdk_CPU_10 64.2857
ns_CPU_10 10.7143
--------------------------------------------------

VARIABLES ------------------------------
Objective: 10.714285714285715
mem_tot_CPU_11 4.24849
m_access_time_CPU_11 0.536891
ns_single_CPU_11 10.0933
pdt_m_rows_CPU_11 1.34237
cores_sketch_CPU_11 1
cores_dpdk_CPU_11 6
ns_sketch_CPU_11 10.0933
pdt_nsk_c_CPU_11 10.0933
ns_dpdk_CPU_11 10.7143
pdt_nsc_dpdk_CPU_11 64.2857
ns_CPU_11 10.7143
--------------------------------------------------

VARIABLES ------------------------------
Objective: 10.714285714285715
mem_tot_CPU_12 4.24849
m_access_time_CPU_12 0.536891
ns_single_CPU_12 10.0933
pdt_m_rows_CPU_12 1.34237
cores_sketch_CPU_12 1
cores_dpdk_CPU_12 6
ns_sketch_CPU_12 10.0933
pdt_nsk_c_CPU_12 10.0933
ns_dpdk_CPU_12 10.7143
pdt_nsc_dpdk_CPU_12 64.2857
ns_CPU_12 10.7143
--------------------------------------------------

VARIABLES ------------------------------
Objective: 10.714285714285715
mem_tot_CPU_13 4.24849
m_access_time_CPU_13 0.536891
ns_single_CPU_13 10.0933
pdt_m_rows_CPU_13 1.34237
cores_sketch_CPU_13 1
cores_dpdk_CPU_13 6
ns_sketch_CPU_13 10.0933
pdt_nsk_c_CPU_13 10.0933
ns_dpdk_CPU_13 10.7143
pdt_nsc_dpdk_CPU_13 64.2857
ns_CPU_13 10.7143
--------------------------------------------------

Sketch (6) (cm: eps0: 0.00625, del0: 0.05, min_mem: 1.69921875)
Par0 id: 6, Rows: 3
(0.833,0)    
Total frac: 0.833

Sketch (11) (cm: eps0: 0.00625, del0: 0.05, min_mem: 1.69921875)
Par0 id: 11, Rows: 3
(0.833,5)    (0.000,4)    
Total frac: 0.833

Sketch (10) (cm: eps0: 0.00625, del0: 0.05, min_mem: 1.69921875)
Par0 id: 10, Rows: 3
(0.000,3)    (0.833,4)    
Total frac: 0.833

Sketch (9) (cm: eps0: 0.00625, del0: 0.05, min_mem: 1.69921875)
Par0 id: 9, Rows: 3
(0.833,3)    (0.000,2)    
Total frac: 0.833

Sketch (12) (cm: eps0: 0.00625, del0: 0.05, min_mem: 1.69921875)
Par0 id: 12, Rows: 3
(0.833,6)    (0.000,5)    
Total frac: 0.833

Sketch (8) (cm: eps0: 0.00625, del0: 0.05, min_mem: 1.69921875)
Par0 id: 8, Rows: 3
(0.000,1)    (0.833,2)    
Total frac: 0.833

Sketch (7) (cm: eps0: 0.00625, del0: 0.05, min_mem: 1.69921875)
Par0 id: 7, Rows: 3
(0.000,0)    (0.833,1)    
Total frac: 0.833

Device (0) CPU_7:
cores_sketch: 1.0, cores_dpdk: 5.999999999999998
Rows total: 2.5002620000000007
Mem total: 4.248492070312501
Throughput: 93.33333333333333

Device (1) CPU_8:
cores_sketch: 1.0, cores_dpdk: 5.999999999999998
Rows total: 2.5002620000000007
Mem total: 4.248492070312501
Throughput: 93.33333333333333

Device (2) CPU_9:
cores_sketch: 1.0, cores_dpdk: 5.999999999999998
Rows total: 2.5002620000000007
Mem total: 4.248492070312501
Throughput: 93.33333333333333

Device (3) CPU_10:
cores_sketch: 1.0, cores_dpdk: 5.999999999999998
Rows total: 2.5002620000000007
Mem total: 4.248492070312501
Throughput: 93.33333333333333

Device (4) CPU_11:
cores_sketch: 1.0, cores_dpdk: 5.999999999999998
Rows total: 2.5002620000000007
Mem total: 4.248492070312501
Throughput: 93.33333333333333

Device (5) CPU_12:
cores_sketch: 1.0, cores_dpdk: 5.999999999999998
Rows total: 2.5002620000000007
Mem total: 4.248492070312501
Throughput: 93.33333333333333

Device (6) CPU_13:
cores_sketch: 1.0, cores_dpdk: 5.999999999999998
Rows total: 2.500262000000001
Mem total: 4.248492070312502
Throughput: 93.33333333333333

Flow 0:
partitions: [(0, 0.833420666666667)]
path: {0}
Flow 1:
partitions: [(6, 0.833420666666667)]
path: {0, 1}
Flow 2:
partitions: [(5, 0.833420666666667)]
path: {1, 2}
Flow 3:
partitions: [(3, 0.833420666666667)]
path: {2, 3}
Flow 4:
partitions: [(2, 0.833420666666667)]
path: {3, 4}
Flow 5:
partitions: [(1, 0.833420666666667)]
path: {4, 5}
Flow 6:
partitions: [(4, 0.833420666666667)]
path: {5, 6}
--------------------------------------------------
--------------------------------------------------
Starting model update
Model update took: 2.09808349609375e-05 s
--------------------------------------------------
Starting model optimize
Model optimize took: 0.0008451938629150391 seconds
--------------------------------------------------

VARIABLES ------------------------------
Objective: 490.00363030328276
frac[6,4] 0.833421
frac[3,2] 0
frac[0,0] 0.833421
frac[5,1] 0.833421
frac[3,3] 0.833421
frac[5,4] 0
frac[1,5] 0
frac[0,6] 0
frac[1,6] 0.833421
frac[2,3] 0
frac[4,2] 0.833421
frac[2,5] 0.833421
frac[4,1] 0
mem[6,4] 4.24849
mem[3,2] 0
mem[0,0] 4.24849
mem[5,1] 4.24849
mem[3,3] 4.24849
mem[5,4] 0
mem[1,5] 0
mem[0,6] 0
mem[1,6] 4.24849
mem[2,3] 0
mem[4,2] 4.24849
mem[2,5] 4.24849
mem[4,1] 0
mem_tot_CPU_7 4.24849
normalized_mem_tot_CPU_7 0.000129654
rows_tot_CPU_7 2.50026
normalized_rows_tot_CPU_7 0.208355
mem_tot_CPU_8 4.24849
normalized_mem_tot_CPU_8 0.000129654
rows_tot_CPU_8 2.50026
normalized_rows_tot_CPU_8 0.208355
mem_tot_CPU_9 4.24849
normalized_mem_tot_CPU_9 0.000129654
rows_tot_CPU_9 2.50026
normalized_rows_tot_CPU_9 0.208355
mem_tot_CPU_10 4.24849
normalized_mem_tot_CPU_10 0.000129654
rows_tot_CPU_10 2.50026
normalized_rows_tot_CPU_10 0.208355
mem_tot_CPU_11 4.24849
normalized_mem_tot_CPU_11 0.000129654
rows_tot_CPU_11 2.50026
normalized_rows_tot_CPU_11 0.208355
mem_tot_CPU_12 4.24849
normalized_mem_tot_CPU_12 0.000129654
rows_tot_CPU_12 2.50026
normalized_rows_tot_CPU_12 0.208355
mem_tot_CPU_13 4.24849
normalized_mem_tot_CPU_13 0.000129654
rows_tot_CPU_13 2.50026
normalized_rows_tot_CPU_13 0.208355
max_mem_CPU_Cluster 0.000129654
max_rows_CPU_Cluster 0.208355
m_access_time_CPU_7 0.536891
ns_single_CPU_7 10.0933
pdt_m_rows_CPU_7 1.34237
cores_sketch_CPU_7 1
cores_dpdk_CPU_7 6
m_access_time_CPU_8 0.536891
ns_single_CPU_8 10.0933
pdt_m_rows_CPU_8 1.34237
cores_sketch_CPU_8 1
cores_dpdk_CPU_8 6
m_access_time_CPU_9 0.536891
ns_single_CPU_9 10.0933
pdt_m_rows_CPU_9 1.34237
cores_sketch_CPU_9 1
cores_dpdk_CPU_9 6
m_access_time_CPU_10 0.536891
ns_single_CPU_10 10.0933
pdt_m_rows_CPU_10 1.34237
cores_sketch_CPU_10 1
cores_dpdk_CPU_10 6
m_access_time_CPU_11 0.536891
ns_single_CPU_11 10.0933
pdt_m_rows_CPU_11 1.34237
cores_sketch_CPU_11 1
cores_dpdk_CPU_11 6
m_access_time_CPU_12 0.536891
ns_single_CPU_12 10.0933
pdt_m_rows_CPU_12 1.34237
cores_sketch_CPU_12 1
cores_dpdk_CPU_12 6
m_access_time_CPU_13 0.536891
ns_single_CPU_13 10.0933
pdt_m_rows_CPU_13 1.34237
cores_sketch_CPU_13 1
cores_dpdk_CPU_13 6
res 490.004
--------------------------------------------------

Throughput: 93.33333333333333 Mpps, ns per packet: 10.714285714285715
Resources: 490.0036303032828
Used Cores: 49.0, Total CPUS: 7, Switch Memory: 0

Sketch (6) (cm: eps0: 0.00625, del0: 0.05, min_mem: 1.69921875)
Par0 id: 6, Rows: 3
(0.833,0)    
Total frac: 0.833

Sketch (11) (cm: eps0: 0.00625, del0: 0.05, min_mem: 1.69921875)
Par0 id: 11, Rows: 3
(0.833,5)    (0.000,4)    
Total frac: 0.833

Sketch (10) (cm: eps0: 0.00625, del0: 0.05, min_mem: 1.69921875)
Par0 id: 10, Rows: 3
(0.000,3)    (0.833,4)    
Total frac: 0.833

Sketch (9) (cm: eps0: 0.00625, del0: 0.05, min_mem: 1.69921875)
Par0 id: 9, Rows: 3
(0.833,3)    (0.000,2)    
Total frac: 0.833

Sketch (12) (cm: eps0: 0.00625, del0: 0.05, min_mem: 1.69921875)
Par0 id: 12, Rows: 3
(0.833,6)    (0.000,5)    
Total frac: 0.833

Sketch (8) (cm: eps0: 0.00625, del0: 0.05, min_mem: 1.69921875)
Par0 id: 8, Rows: 3
(0.000,1)    (0.833,2)    
Total frac: 0.833

Sketch (7) (cm: eps0: 0.00625, del0: 0.05, min_mem: 1.69921875)
Par0 id: 7, Rows: 3
(0.000,0)    (0.833,1)    
Total frac: 0.833

Device (0) CPU_7:
cores_sketch: 1.0, cores_dpdk: 6.0
Rows total: 2.500262000000001
Mem total: 4.248492070312502
Throughput: 93.33333333333333

Device (1) CPU_8:
cores_sketch: 1.0, cores_dpdk: 6.0
Rows total: 2.500262000000001
Mem total: 4.248492070312502
Throughput: 93.33333333333333

Device (2) CPU_9:
cores_sketch: 1.0, cores_dpdk: 6.0
Rows total: 2.500262000000001
Mem total: 4.248492070312502
Throughput: 93.33333333333333

Device (3) CPU_10:
cores_sketch: 1.0, cores_dpdk: 6.0
Rows total: 2.500262000000001
Mem total: 4.248492070312502
Throughput: 93.33333333333333

Device (4) CPU_11:
cores_sketch: 1.0, cores_dpdk: 6.0
Rows total: 2.500262000000001
Mem total: 4.248492070312502
Throughput: 93.33333333333333

Device (5) CPU_12:
cores_sketch: 1.0, cores_dpdk: 6.0
Rows total: 2.500262000000001
Mem total: 4.248492070312502
Throughput: 93.33333333333333

Device (6) CPU_13:
cores_sketch: 1.0, cores_dpdk: 6.0
Rows total: 2.500262000000001
Mem total: 4.248492070312502
Throughput: 93.33333333333333

Flow 0:
partitions: [(0, 0.833420666666667)]
path: {0}
Flow 1:
partitions: [(6, 0.833420666666667)]
path: {0, 1}
Flow 2:
partitions: [(5, 0.833420666666667)]
path: {1, 2}
Flow 3:
partitions: [(3, 0.833420666666667)]
path: {2, 3}
Flow 4:
partitions: [(2, 0.833420666666667)]
path: {3, 4}
Flow 5:
partitions: [(1, 0.833420666666667)]
path: {4, 5}
Flow 6:
partitions: [(4, 0.833420666666667)]
path: {5, 6}
--------------------------------------------------
Function: MIP.solve took 0.04256153106689453 seconds
Building model with:
6 devices, 6 partitions and 6 flows
Function: MIP.add_frac_mem_var took 8.940696716308594e-05 seconds
Function: MIP.add_coverage_constraints took 6.151199340820312e-05 seconds
Function: MIP.add_accuracy_constraints took 0.00012755393981933594 seconds
Function: MIP.add_capacity_constraints took 0.0005121231079101562 seconds

VARIABLES ------------------------------
Objective: 10.714285714285715
mem_tot_CPU_19 4.24849
m_access_time_CPU_19 0.536891
ns_single_CPU_19 10.0933
pdt_m_rows_CPU_19 1.34237
cores_sketch_CPU_19 1
cores_dpdk_CPU_19 6
ns_sketch_CPU_19 10.0933
pdt_nsk_c_CPU_19 10.0933
ns_dpdk_CPU_19 10.7143
pdt_nsc_dpdk_CPU_19 64.2857
ns_CPU_19 10.7143
--------------------------------------------------

VARIABLES ------------------------------
Objective: 10.714285714285715
mem_tot_CPU_18 4.24849
m_access_time_CPU_18 0.536891
ns_single_CPU_18 10.0933
pdt_m_rows_CPU_18 1.34237
cores_sketch_CPU_18 1
cores_dpdk_CPU_18 6
ns_sketch_CPU_18 10.0933
pdt_nsk_c_CPU_18 10.0933
ns_dpdk_CPU_18 10.7143
pdt_nsc_dpdk_CPU_18 64.2857
ns_CPU_18 10.7143
--------------------------------------------------

VARIABLES ------------------------------
Objective: 10.714285714285715
mem_tot_CPU_17 4.24849
m_access_time_CPU_17 0.536891
ns_single_CPU_17 10.0933
pdt_m_rows_CPU_17 1.34237
cores_sketch_CPU_17 1
cores_dpdk_CPU_17 6
ns_sketch_CPU_17 10.0933
pdt_nsk_c_CPU_17 10.0933
ns_dpdk_CPU_17 10.7143
pdt_nsc_dpdk_CPU_17 64.2857
ns_CPU_17 10.7143
--------------------------------------------------

VARIABLES ------------------------------
Objective: 10.714285714285715
mem_tot_CPU_16 4.24849
m_access_time_CPU_16 0.536891
ns_single_CPU_16 10.0933
pdt_m_rows_CPU_16 1.34237
cores_sketch_CPU_16 1
cores_dpdk_CPU_16 6
ns_sketch_CPU_16 10.0933
pdt_nsk_c_CPU_16 10.0933
ns_dpdk_CPU_16 10.7143
pdt_nsc_dpdk_CPU_16 64.2857
ns_CPU_16 10.7143
--------------------------------------------------

VARIABLES ------------------------------
Objective: 10.714285714285715
mem_tot_CPU_15 4.24849
m_access_time_CPU_15 0.536891
ns_single_CPU_15 10.0933
pdt_m_rows_CPU_15 1.34237
cores_sketch_CPU_15 1
cores_dpdk_CPU_15 6
ns_sketch_CPU_15 10.0933
pdt_nsk_c_CPU_15 10.0933
ns_dpdk_CPU_15 10.7143
pdt_nsc_dpdk_CPU_15 64.2857
ns_CPU_15 10.7143
--------------------------------------------------

VARIABLES ------------------------------
Objective: 10.714285714285715
mem_tot_CPU_14 4.24849
m_access_time_CPU_14 0.536891
ns_single_CPU_14 10.0933
pdt_m_rows_CPU_14 1.34237
cores_sketch_CPU_14 1
cores_dpdk_CPU_14 6
ns_sketch_CPU_14 10.0933
pdt_nsk_c_CPU_14 10.0933
ns_dpdk_CPU_14 10.7143
pdt_nsc_dpdk_CPU_14 64.2857
ns_CPU_14 10.7143
--------------------------------------------------

VARIABLES ------------------------------
Objective: 10.714285714285715
mem_tot_CPU_19 4.24849
m_access_time_CPU_19 0.536891
ns_single_CPU_19 10.0933
pdt_m_rows_CPU_19 1.34237
cores_sketch_CPU_19 1
cores_dpdk_CPU_19 6
ns_sketch_CPU_19 10.0933
pdt_nsk_c_CPU_19 10.0933
ns_dpdk_CPU_19 10.7143
pdt_nsc_dpdk_CPU_19 64.2857
ns_CPU_19 10.7143
--------------------------------------------------

VARIABLES ------------------------------
Objective: 10.714285714285715
mem_tot_CPU_18 4.24849
m_access_time_CPU_18 0.536891
ns_single_CPU_18 10.0933
pdt_m_rows_CPU_18 1.34237
cores_sketch_CPU_18 1
cores_dpdk_CPU_18 6
ns_sketch_CPU_18 10.0933
pdt_nsk_c_CPU_18 10.0933
ns_dpdk_CPU_18 10.7143
pdt_nsc_dpdk_CPU_18 64.2857
ns_CPU_18 10.7143
--------------------------------------------------

VARIABLES ------------------------------
Objective: 10.714285714285715
mem_tot_CPU_17 4.24849
m_access_time_CPU_17 0.536891
ns_single_CPU_17 10.0933
pdt_m_rows_CPU_17 1.34237
cores_sketch_CPU_17 1
cores_dpdk_CPU_17 6
ns_sketch_CPU_17 10.0933
pdt_nsk_c_CPU_17 10.0933
ns_dpdk_CPU_17 10.7143
pdt_nsc_dpdk_CPU_17 64.2857
ns_CPU_17 10.7143
--------------------------------------------------

VARIABLES ------------------------------
Objective: 10.714285714285715
mem_tot_CPU_16 4.24849
m_access_time_CPU_16 0.536891
ns_single_CPU_16 10.0933
pdt_m_rows_CPU_16 1.34237
cores_sketch_CPU_16 1
cores_dpdk_CPU_16 6
ns_sketch_CPU_16 10.0933
pdt_nsk_c_CPU_16 10.0933
ns_dpdk_CPU_16 10.7143
pdt_nsc_dpdk_CPU_16 64.2857
ns_CPU_16 10.7143
--------------------------------------------------

VARIABLES ------------------------------
Objective: 10.714285714285715
mem_tot_CPU_15 4.24849
m_access_time_CPU_15 0.536891
ns_single_CPU_15 10.0933
pdt_m_rows_CPU_15 1.34237
cores_sketch_CPU_15 1
cores_dpdk_CPU_15 6
ns_sketch_CPU_15 10.0933
pdt_nsk_c_CPU_15 10.0933
ns_dpdk_CPU_15 10.7143
pdt_nsc_dpdk_CPU_15 64.2857
ns_CPU_15 10.7143
--------------------------------------------------

VARIABLES ------------------------------
Objective: 10.714285714285715
mem_tot_CPU_14 4.24849
m_access_time_CPU_14 0.536891
ns_single_CPU_14 10.0933
pdt_m_rows_CPU_14 1.34237
cores_sketch_CPU_14 1
cores_dpdk_CPU_14 6
ns_sketch_CPU_14 10.0933
pdt_nsk_c_CPU_14 10.0933
ns_dpdk_CPU_14 10.7143
pdt_nsc_dpdk_CPU_14 64.2857
ns_CPU_14 10.7143
--------------------------------------------------

Sketch (18) (cm: eps0: 0.00625, del0: 0.05, min_mem: 1.69921875)
Par0 id: 18, Rows: 3
(0.000,0)    (0.833,1)    
Total frac: 0.833

Sketch (19) (cm: eps0: 0.00625, del0: 0.05, min_mem: 1.69921875)
Par0 id: 19, Rows: 3
(0.833,0)    
Total frac: 0.833

Sketch (15) (cm: eps0: 0.00625, del0: 0.05, min_mem: 1.69921875)
Par0 id: 15, Rows: 3
(0.000,3)    (0.833,4)    
Total frac: 0.833

Sketch (16) (cm: eps0: 0.00625, del0: 0.05, min_mem: 1.69921875)
Par0 id: 16, Rows: 3
(0.833,3)    (0.000,2)    
Total frac: 0.833

Sketch (14) (cm: eps0: 0.00625, del0: 0.05, min_mem: 1.69921875)
Par0 id: 14, Rows: 3
(0.833,5)    (0.000,4)    
Total frac: 0.833

Sketch (17) (cm: eps0: 0.00625, del0: 0.05, min_mem: 1.69921875)
Par0 id: 17, Rows: 3
(0.000,1)    (0.833,2)    
Total frac: 0.833

Device (0) CPU_19:
cores_sketch: 1.0, cores_dpdk: 5.999999999999998
Rows total: 2.500262
Mem total: 4.2484920703125
Throughput: 93.33333333333333

Device (1) CPU_18:
cores_sketch: 1.0, cores_dpdk: 5.999999999999998
Rows total: 2.500262
Mem total: 4.2484920703125
Throughput: 93.33333333333333

Device (2) CPU_17:
cores_sketch: 1.0, cores_dpdk: 5.999999999999998
Rows total: 2.500262
Mem total: 4.2484920703125
Throughput: 93.33333333333333

Device (3) CPU_16:
cores_sketch: 1.0, cores_dpdk: 5.999999999999998
Rows total: 2.500262
Mem total: 4.2484920703125
Throughput: 93.33333333333333

Device (4) CPU_15:
cores_sketch: 1.0, cores_dpdk: 5.999999999999998
Rows total: 2.500262
Mem total: 4.2484920703125
Throughput: 93.33333333333333

Device (5) CPU_14:
cores_sketch: 1.0, cores_dpdk: 5.999999999999998
Rows total: 2.500262
Mem total: 4.2484920703125
Throughput: 93.33333333333333

Flow 0:
partitions: [(4, 0.8334206666666668)]
path: {4, 5}
Flow 1:
partitions: [(2, 0.8334206666666668)]
path: {3, 4}
Flow 2:
partitions: [(3, 0.8334206666666668)]
path: {2, 3}
Flow 3:
partitions: [(5, 0.8334206666666668)]
path: {1, 2}
Flow 4:
partitions: [(0, 0.8334206666666668)]
path: {0, 1}
Flow 5:
partitions: [(1, 0.8334206666666668)]
path: {0}
--------------------------------------------------
--------------------------------------------------
Starting model update
Model update took: 2.3365020751953125e-05 s
--------------------------------------------------
Starting model optimize
Model optimize took: 0.0007619857788085938 seconds
--------------------------------------------------

VARIABLES ------------------------------
Objective: 420.003111688528
frac[0,1] 0.833421
frac[5,4] 0.833421
frac[3,2] 0
frac[0,0] 0
frac[3,3] 0.833421
frac[1,0] 0.833421
frac[4,4] 0
frac[1,5] 0
frac[2,3] 0
frac[4,2] 0.833421
frac[2,5] 0.833421
mem[0,1] 4.24849
mem[5,4] 4.24849
mem[3,2] 0
mem[0,0] 0
mem[3,3] 4.24849
mem[1,0] 4.24849
mem[4,4] 0
mem[1,5] 0
mem[2,3] 0
mem[4,2] 4.24849
mem[2,5] 4.24849
mem_tot_CPU_19 4.24849
normalized_mem_tot_CPU_19 0.000129654
rows_tot_CPU_19 2.50026
normalized_rows_tot_CPU_19 0.208355
mem_tot_CPU_18 4.24849
normalized_mem_tot_CPU_18 0.000129654
rows_tot_CPU_18 2.50026
normalized_rows_tot_CPU_18 0.208355
mem_tot_CPU_17 4.24849
normalized_mem_tot_CPU_17 0.000129654
rows_tot_CPU_17 2.50026
normalized_rows_tot_CPU_17 0.208355
mem_tot_CPU_16 4.24849
normalized_mem_tot_CPU_16 0.000129654
rows_tot_CPU_16 2.50026
normalized_rows_tot_CPU_16 0.208355
mem_tot_CPU_15 4.24849
normalized_mem_tot_CPU_15 0.000129654
rows_tot_CPU_15 2.50026
normalized_rows_tot_CPU_15 0.208355
mem_tot_CPU_14 4.24849
normalized_mem_tot_CPU_14 0.000129654
rows_tot_CPU_14 2.50026
normalized_rows_tot_CPU_14 0.208355
max_mem_CPU_Cluster 0.000129654
max_rows_CPU_Cluster 0.208355
m_access_time_CPU_19 0.536891
ns_single_CPU_19 10.0933
pdt_m_rows_CPU_19 1.34237
cores_sketch_CPU_19 1
cores_dpdk_CPU_19 6
m_access_time_CPU_18 0.536891
ns_single_CPU_18 10.0933
pdt_m_rows_CPU_18 1.34237
cores_sketch_CPU_18 1
cores_dpdk_CPU_18 6
m_access_time_CPU_17 0.536891
ns_single_CPU_17 10.0933
pdt_m_rows_CPU_17 1.34237
cores_sketch_CPU_17 1
cores_dpdk_CPU_17 6
m_access_time_CPU_16 0.536891
ns_single_CPU_16 10.0933
pdt_m_rows_CPU_16 1.34237
cores_sketch_CPU_16 1
cores_dpdk_CPU_16 6
m_access_time_CPU_15 0.536891
ns_single_CPU_15 10.0933
pdt_m_rows_CPU_15 1.34237
cores_sketch_CPU_15 1
cores_dpdk_CPU_15 6
m_access_time_CPU_14 0.536891
ns_single_CPU_14 10.0933
pdt_m_rows_CPU_14 1.34237
cores_sketch_CPU_14 1
cores_dpdk_CPU_14 6
res 420.003
--------------------------------------------------

Throughput: 93.33333333333333 Mpps, ns per packet: 10.714285714285715
Resources: 420.0031116885281
Used Cores: 42.0, Total CPUS: 6, Switch Memory: 0

Sketch (18) (cm: eps0: 0.00625, del0: 0.05, min_mem: 1.69921875)
Par0 id: 18, Rows: 3
(0.000,0)    (0.833,1)    
Total frac: 0.833

Sketch (19) (cm: eps0: 0.00625, del0: 0.05, min_mem: 1.69921875)
Par0 id: 19, Rows: 3
(0.833,0)    
Total frac: 0.833

Sketch (15) (cm: eps0: 0.00625, del0: 0.05, min_mem: 1.69921875)
Par0 id: 15, Rows: 3
(0.000,3)    (0.833,4)    
Total frac: 0.833

Sketch (16) (cm: eps0: 0.00625, del0: 0.05, min_mem: 1.69921875)
Par0 id: 16, Rows: 3
(0.833,3)    (0.000,2)    
Total frac: 0.833

Sketch (14) (cm: eps0: 0.00625, del0: 0.05, min_mem: 1.69921875)
Par0 id: 14, Rows: 3
(0.833,5)    (0.000,4)    
Total frac: 0.833

Sketch (17) (cm: eps0: 0.00625, del0: 0.05, min_mem: 1.69921875)
Par0 id: 17, Rows: 3
(0.000,1)    (0.833,2)    
Total frac: 0.833

Device (0) CPU_19:
cores_sketch: 1.0, cores_dpdk: 6.0
Rows total: 2.500262
Mem total: 4.2484920703125
Throughput: 93.33333333333333

Device (1) CPU_18:
cores_sketch: 1.0, cores_dpdk: 6.0
Rows total: 2.500262
Mem total: 4.2484920703125
Throughput: 93.33333333333333

Device (2) CPU_17:
cores_sketch: 1.0, cores_dpdk: 6.0
Rows total: 2.500262
Mem total: 4.2484920703125
Throughput: 93.33333333333333

Device (3) CPU_16:
cores_sketch: 1.0, cores_dpdk: 6.0
Rows total: 2.500262
Mem total: 4.2484920703125
Throughput: 93.33333333333333

Device (4) CPU_15:
cores_sketch: 1.0, cores_dpdk: 6.0
Rows total: 2.500262
Mem total: 4.2484920703125
Throughput: 93.33333333333333

Device (5) CPU_14:
cores_sketch: 1.0, cores_dpdk: 6.0
Rows total: 2.500262
Mem total: 4.2484920703125
Throughput: 93.33333333333333

Flow 0:
partitions: [(4, 0.8334206666666668)]
path: {4, 5}
Flow 1:
partitions: [(2, 0.8334206666666668)]
path: {3, 4}
Flow 2:
partitions: [(3, 0.8334206666666668)]
path: {2, 3}
Flow 3:
partitions: [(5, 0.8334206666666668)]
path: {1, 2}
Flow 4:
partitions: [(0, 0.8334206666666668)]
path: {0, 1}
Flow 5:
partitions: [(1, 0.8334206666666668)]
path: {0}
--------------------------------------------------
Function: MIP.solve took 0.04028820991516113 seconds
--------------------------------------------------
Clustered Optimization complete
--------------------------------------------------

VARIABLES ------------------------------
Objective: 10.204081632653063
mem_tot_CPU_0 0
m_access_time_CPU_0 0
ns_single_CPU_0 0
pdt_m_rows_CPU_0 0
cores_sketch_CPU_0 0
cores_dpdk_CPU_0 7
ns_sketch_CPU_0 10.2041
pdt_nsk_c_CPU_0 0
ns_dpdk_CPU_0 10.2041
pdt_nsc_dpdk_CPU_0 71.4286
ns_CPU_0 10.2041
--------------------------------------------------

VARIABLES ------------------------------
Objective: 10.204081632653063
mem_tot_CPU_1 0
m_access_time_CPU_1 0
ns_single_CPU_1 0
pdt_m_rows_CPU_1 0
cores_sketch_CPU_1 0
cores_dpdk_CPU_1 7
ns_sketch_CPU_1 10.2041
pdt_nsk_c_CPU_1 0
ns_dpdk_CPU_1 10.2041
pdt_nsc_dpdk_CPU_1 71.4286
ns_CPU_1 10.2041
--------------------------------------------------

VARIABLES ------------------------------
Objective: 10.204081632653063
mem_tot_CPU_2 0
m_access_time_CPU_2 0
ns_single_CPU_2 0
pdt_m_rows_CPU_2 0
cores_sketch_CPU_2 0
cores_dpdk_CPU_2 7
ns_sketch_CPU_2 10.2041
pdt_nsk_c_CPU_2 0
ns_dpdk_CPU_2 10.2041
pdt_nsc_dpdk_CPU_2 71.4286
ns_CPU_2 10.2041
--------------------------------------------------

VARIABLES ------------------------------
Objective: 10.204081632653063
mem_tot_CPU_3 0
m_access_time_CPU_3 0
ns_single_CPU_3 0
pdt_m_rows_CPU_3 0
cores_sketch_CPU_3 0
cores_dpdk_CPU_3 7
ns_sketch_CPU_3 10.2041
pdt_nsk_c_CPU_3 0
ns_dpdk_CPU_3 10.2041
pdt_nsc_dpdk_CPU_3 71.4286
ns_CPU_3 10.2041
--------------------------------------------------

VARIABLES ------------------------------
Objective: 10.204081632653063
mem_tot_CPU_4 0
m_access_time_CPU_4 0
ns_single_CPU_4 0
pdt_m_rows_CPU_4 0
cores_sketch_CPU_4 0
cores_dpdk_CPU_4 7
ns_sketch_CPU_4 10.2041
pdt_nsk_c_CPU_4 0
ns_dpdk_CPU_4 10.2041
pdt_nsc_dpdk_CPU_4 71.4286
ns_CPU_4 10.2041
--------------------------------------------------

VARIABLES ------------------------------
Objective: 10.204081632653063
mem_tot_CPU_5 0
m_access_time_CPU_5 0
ns_single_CPU_5 0
pdt_m_rows_CPU_5 0
cores_sketch_CPU_5 0
cores_dpdk_CPU_5 7
ns_sketch_CPU_5 10.2041
pdt_nsk_c_CPU_5 0
ns_dpdk_CPU_5 10.2041
pdt_nsc_dpdk_CPU_5 71.4286
ns_CPU_5 10.2041
--------------------------------------------------

VARIABLES ------------------------------
Objective: 10.204081632653063
mem_tot_CPU_6 0
m_access_time_CPU_6 0
ns_single_CPU_6 0
pdt_m_rows_CPU_6 0
cores_sketch_CPU_6 0
cores_dpdk_CPU_6 7
ns_sketch_CPU_6 10.2041
pdt_nsk_c_CPU_6 0
ns_dpdk_CPU_6 10.2041
pdt_nsc_dpdk_CPU_6 71.4286
ns_CPU_6 10.2041
--------------------------------------------------

VARIABLES ------------------------------
Objective: 10.714285714285715
mem_tot_CPU_7 4.24849
m_access_time_CPU_7 0.536891
ns_single_CPU_7 10.0933
pdt_m_rows_CPU_7 1.34237
cores_sketch_CPU_7 1
cores_dpdk_CPU_7 6
ns_sketch_CPU_7 10.0933
pdt_nsk_c_CPU_7 10.0933
ns_dpdk_CPU_7 10.7143
pdt_nsc_dpdk_CPU_7 64.2857
ns_CPU_7 10.7143
--------------------------------------------------

VARIABLES ------------------------------
Objective: 10.714285714285715
mem_tot_CPU_8 4.24849
m_access_time_CPU_8 0.536891
ns_single_CPU_8 10.0933
pdt_m_rows_CPU_8 1.34237
cores_sketch_CPU_8 1
cores_dpdk_CPU_8 6
ns_sketch_CPU_8 10.0933
pdt_nsk_c_CPU_8 10.0933
ns_dpdk_CPU_8 10.7143
pdt_nsc_dpdk_CPU_8 64.2857
ns_CPU_8 10.7143
--------------------------------------------------

VARIABLES ------------------------------
Objective: 10.714285714285715
mem_tot_CPU_9 4.24849
m_access_time_CPU_9 0.536891
ns_single_CPU_9 10.0933
pdt_m_rows_CPU_9 1.34237
cores_sketch_CPU_9 1
cores_dpdk_CPU_9 6
ns_sketch_CPU_9 10.0933
pdt_nsk_c_CPU_9 10.0933
ns_dpdk_CPU_9 10.7143
pdt_nsc_dpdk_CPU_9 64.2857
ns_CPU_9 10.7143
--------------------------------------------------

VARIABLES ------------------------------
Objective: 10.714285714285715
mem_tot_CPU_10 4.24849
m_access_time_CPU_10 0.536891
ns_single_CPU_10 10.0933
pdt_m_rows_CPU_10 1.34237
cores_sketch_CPU_10 1
cores_dpdk_CPU_10 6
ns_sketch_CPU_10 10.0933
pdt_nsk_c_CPU_10 10.0933
ns_dpdk_CPU_10 10.7143
pdt_nsc_dpdk_CPU_10 64.2857
ns_CPU_10 10.7143
--------------------------------------------------

VARIABLES ------------------------------
Objective: 10.714285714285715
mem_tot_CPU_11 4.24849
m_access_time_CPU_11 0.536891
ns_single_CPU_11 10.0933
pdt_m_rows_CPU_11 1.34237
cores_sketch_CPU_11 1
cores_dpdk_CPU_11 6
ns_sketch_CPU_11 10.0933
pdt_nsk_c_CPU_11 10.0933
ns_dpdk_CPU_11 10.7143
pdt_nsc_dpdk_CPU_11 64.2857
ns_CPU_11 10.7143
--------------------------------------------------

VARIABLES ------------------------------
Objective: 10.714285714285715
mem_tot_CPU_12 4.24849
m_access_time_CPU_12 0.536891
ns_single_CPU_12 10.0933
pdt_m_rows_CPU_12 1.34237
cores_sketch_CPU_12 1
cores_dpdk_CPU_12 6
ns_sketch_CPU_12 10.0933
pdt_nsk_c_CPU_12 10.0933
ns_dpdk_CPU_12 10.7143
pdt_nsc_dpdk_CPU_12 64.2857
ns_CPU_12 10.7143
--------------------------------------------------

VARIABLES ------------------------------
Objective: 10.714285714285715
mem_tot_CPU_13 4.24849
m_access_time_CPU_13 0.536891
ns_single_CPU_13 10.0933
pdt_m_rows_CPU_13 1.34237
cores_sketch_CPU_13 1
cores_dpdk_CPU_13 6
ns_sketch_CPU_13 10.0933
pdt_nsk_c_CPU_13 10.0933
ns_dpdk_CPU_13 10.7143
pdt_nsc_dpdk_CPU_13 64.2857
ns_CPU_13 10.7143
--------------------------------------------------

VARIABLES ------------------------------
Objective: 10.714285714285715
mem_tot_CPU_14 4.24849
m_access_time_CPU_14 0.536891
ns_single_CPU_14 10.0933
pdt_m_rows_CPU_14 1.34237
cores_sketch_CPU_14 1
cores_dpdk_CPU_14 6
ns_sketch_CPU_14 10.0933
pdt_nsk_c_CPU_14 10.0933
ns_dpdk_CPU_14 10.7143
pdt_nsc_dpdk_CPU_14 64.2857
ns_CPU_14 10.7143
--------------------------------------------------

VARIABLES ------------------------------
Objective: 10.714285714285715
mem_tot_CPU_15 4.24849
m_access_time_CPU_15 0.536891
ns_single_CPU_15 10.0933
pdt_m_rows_CPU_15 1.34237
cores_sketch_CPU_15 1
cores_dpdk_CPU_15 6
ns_sketch_CPU_15 10.0933
pdt_nsk_c_CPU_15 10.0933
ns_dpdk_CPU_15 10.7143
pdt_nsc_dpdk_CPU_15 64.2857
ns_CPU_15 10.7143
--------------------------------------------------

VARIABLES ------------------------------
Objective: 10.714285714285715
mem_tot_CPU_16 4.24849
m_access_time_CPU_16 0.536891
ns_single_CPU_16 10.0933
pdt_m_rows_CPU_16 1.34237
cores_sketch_CPU_16 1
cores_dpdk_CPU_16 6
ns_sketch_CPU_16 10.0933
pdt_nsk_c_CPU_16 10.0933
ns_dpdk_CPU_16 10.7143
pdt_nsc_dpdk_CPU_16 64.2857
ns_CPU_16 10.7143
--------------------------------------------------

VARIABLES ------------------------------
Objective: 10.714285714285715
mem_tot_CPU_17 4.24849
m_access_time_CPU_17 0.536891
ns_single_CPU_17 10.0933
pdt_m_rows_CPU_17 1.34237
cores_sketch_CPU_17 1
cores_dpdk_CPU_17 6
ns_sketch_CPU_17 10.0933
pdt_nsk_c_CPU_17 10.0933
ns_dpdk_CPU_17 10.7143
pdt_nsc_dpdk_CPU_17 64.2857
ns_CPU_17 10.7143
--------------------------------------------------

VARIABLES ------------------------------
Objective: 10.714285714285715
mem_tot_CPU_18 4.24849
m_access_time_CPU_18 0.536891
ns_single_CPU_18 10.0933
pdt_m_rows_CPU_18 1.34237
cores_sketch_CPU_18 1
cores_dpdk_CPU_18 6
ns_sketch_CPU_18 10.0933
pdt_nsk_c_CPU_18 10.0933
ns_dpdk_CPU_18 10.7143
pdt_nsc_dpdk_CPU_18 64.2857
ns_CPU_18 10.7143
--------------------------------------------------

VARIABLES ------------------------------
Objective: 10.714285714285715
mem_tot_CPU_19 4.24849
m_access_time_CPU_19 0.536891
ns_single_CPU_19 10.0933
pdt_m_rows_CPU_19 1.34237
cores_sketch_CPU_19 1
cores_dpdk_CPU_19 6
ns_sketch_CPU_19 10.0933
pdt_nsk_c_CPU_19 10.0933
ns_dpdk_CPU_19 10.7143
pdt_nsc_dpdk_CPU_19 64.2857
ns_CPU_19 10.7143
--------------------------------------------------

VARIABLES ------------------------------
Objective: 6.756756756756757
mem_tot_P4_1 46.7227
ns_P4_1 6.75676
--------------------------------------------------

VARIABLES ------------------------------
Objective: 10.714285714285715
mem_tot_CPU_0 0
m_access_time_CPU_0 0
ns_single_CPU_0 0
pdt_m_rows_CPU_0 0
cores_sketch_CPU_0 0
cores_dpdk_CPU_0 6
ns_sketch_CPU_0 10.7143
pdt_nsk_c_CPU_0 0
ns_dpdk_CPU_0 10.7143
pdt_nsc_dpdk_CPU_0 64.2857
ns_CPU_0 10.7143
--------------------------------------------------

VARIABLES ------------------------------
Objective: 10.714285714285715
mem_tot_CPU_1 0
m_access_time_CPU_1 0
ns_single_CPU_1 0
pdt_m_rows_CPU_1 0
cores_sketch_CPU_1 0
cores_dpdk_CPU_1 6
ns_sketch_CPU_1 10.7143
pdt_nsk_c_CPU_1 0
ns_dpdk_CPU_1 10.7143
pdt_nsc_dpdk_CPU_1 64.2857
ns_CPU_1 10.7143
--------------------------------------------------

VARIABLES ------------------------------
Objective: 10.714285714285715
mem_tot_CPU_2 0
m_access_time_CPU_2 0
ns_single_CPU_2 0
pdt_m_rows_CPU_2 0
cores_sketch_CPU_2 0
cores_dpdk_CPU_2 6
ns_sketch_CPU_2 10.7143
pdt_nsk_c_CPU_2 0
ns_dpdk_CPU_2 10.7143
pdt_nsc_dpdk_CPU_2 64.2857
ns_CPU_2 10.7143
--------------------------------------------------

VARIABLES ------------------------------
Objective: 10.714285714285715
mem_tot_CPU_3 0
m_access_time_CPU_3 0
ns_single_CPU_3 0
pdt_m_rows_CPU_3 0
cores_sketch_CPU_3 0
cores_dpdk_CPU_3 6
ns_sketch_CPU_3 10.7143
pdt_nsk_c_CPU_3 0
ns_dpdk_CPU_3 10.7143
pdt_nsc_dpdk_CPU_3 64.2857
ns_CPU_3 10.7143
--------------------------------------------------

VARIABLES ------------------------------
Objective: 10.714285714285715
mem_tot_CPU_4 0
m_access_time_CPU_4 0
ns_single_CPU_4 0
pdt_m_rows_CPU_4 0
cores_sketch_CPU_4 0
cores_dpdk_CPU_4 6
ns_sketch_CPU_4 10.7143
pdt_nsk_c_CPU_4 0
ns_dpdk_CPU_4 10.7143
pdt_nsc_dpdk_CPU_4 64.2857
ns_CPU_4 10.7143
--------------------------------------------------

VARIABLES ------------------------------
Objective: 10.714285714285715
mem_tot_CPU_5 0
m_access_time_CPU_5 0
ns_single_CPU_5 0
pdt_m_rows_CPU_5 0
cores_sketch_CPU_5 0
cores_dpdk_CPU_5 6
ns_sketch_CPU_5 10.7143
pdt_nsk_c_CPU_5 0
ns_dpdk_CPU_5 10.7143
pdt_nsc_dpdk_CPU_5 64.2857
ns_CPU_5 10.7143
--------------------------------------------------

VARIABLES ------------------------------
Objective: 10.714285714285715
mem_tot_CPU_6 0
m_access_time_CPU_6 0
ns_single_CPU_6 0
pdt_m_rows_CPU_6 0
cores_sketch_CPU_6 0
cores_dpdk_CPU_6 6
ns_sketch_CPU_6 10.7143
pdt_nsk_c_CPU_6 0
ns_dpdk_CPU_6 10.7143
pdt_nsc_dpdk_CPU_6 64.2857
ns_CPU_6 10.7143
--------------------------------------------------

VARIABLES ------------------------------
Objective: 10.714285714285715
mem_tot_CPU_7 4.24849
m_access_time_CPU_7 0.536891
ns_single_CPU_7 10.0933
pdt_m_rows_CPU_7 1.34237
cores_sketch_CPU_7 1
cores_dpdk_CPU_7 6
ns_sketch_CPU_7 10.0933
pdt_nsk_c_CPU_7 10.0933
ns_dpdk_CPU_7 10.7143
pdt_nsc_dpdk_CPU_7 64.2857
ns_CPU_7 10.7143
--------------------------------------------------

VARIABLES ------------------------------
Objective: 10.714285714285715
mem_tot_CPU_8 4.24849
m_access_time_CPU_8 0.536891
ns_single_CPU_8 10.0933
pdt_m_rows_CPU_8 1.34237
cores_sketch_CPU_8 1
cores_dpdk_CPU_8 6
ns_sketch_CPU_8 10.0933
pdt_nsk_c_CPU_8 10.0933
ns_dpdk_CPU_8 10.7143
pdt_nsc_dpdk_CPU_8 64.2857
ns_CPU_8 10.7143
--------------------------------------------------

VARIABLES ------------------------------
Objective: 10.714285714285715
mem_tot_CPU_9 4.24849
m_access_time_CPU_9 0.536891
ns_single_CPU_9 10.0933
pdt_m_rows_CPU_9 1.34237
cores_sketch_CPU_9 1
cores_dpdk_CPU_9 6
ns_sketch_CPU_9 10.0933
pdt_nsk_c_CPU_9 10.0933
ns_dpdk_CPU_9 10.7143
pdt_nsc_dpdk_CPU_9 64.2857
ns_CPU_9 10.7143
--------------------------------------------------

VARIABLES ------------------------------
Objective: 10.714285714285715
mem_tot_CPU_10 4.24849
m_access_time_CPU_10 0.536891
ns_single_CPU_10 10.0933
pdt_m_rows_CPU_10 1.34237
cores_sketch_CPU_10 1
cores_dpdk_CPU_10 6
ns_sketch_CPU_10 10.0933
pdt_nsk_c_CPU_10 10.0933
ns_dpdk_CPU_10 10.7143
pdt_nsc_dpdk_CPU_10 64.2857
ns_CPU_10 10.7143
--------------------------------------------------

VARIABLES ------------------------------
Objective: 10.714285714285715
mem_tot_CPU_11 4.24849
m_access_time_CPU_11 0.536891
ns_single_CPU_11 10.0933
pdt_m_rows_CPU_11 1.34237
cores_sketch_CPU_11 1
cores_dpdk_CPU_11 6
ns_sketch_CPU_11 10.0933
pdt_nsk_c_CPU_11 10.0933
ns_dpdk_CPU_11 10.7143
pdt_nsc_dpdk_CPU_11 64.2857
ns_CPU_11 10.7143
--------------------------------------------------

VARIABLES ------------------------------
Objective: 10.714285714285715
mem_tot_CPU_12 4.24849
m_access_time_CPU_12 0.536891
ns_single_CPU_12 10.0933
pdt_m_rows_CPU_12 1.34237
cores_sketch_CPU_12 1
cores_dpdk_CPU_12 6
ns_sketch_CPU_12 10.0933
pdt_nsk_c_CPU_12 10.0933
ns_dpdk_CPU_12 10.7143
pdt_nsc_dpdk_CPU_12 64.2857
ns_CPU_12 10.7143
--------------------------------------------------

VARIABLES ------------------------------
Objective: 10.714285714285715
mem_tot_CPU_13 4.24849
m_access_time_CPU_13 0.536891
ns_single_CPU_13 10.0933
pdt_m_rows_CPU_13 1.34237
cores_sketch_CPU_13 1
cores_dpdk_CPU_13 6
ns_sketch_CPU_13 10.0933
pdt_nsk_c_CPU_13 10.0933
ns_dpdk_CPU_13 10.7143
pdt_nsc_dpdk_CPU_13 64.2857
ns_CPU_13 10.7143
--------------------------------------------------

VARIABLES ------------------------------
Objective: 10.714285714285715
mem_tot_CPU_14 4.24849
m_access_time_CPU_14 0.536891
ns_single_CPU_14 10.0933
pdt_m_rows_CPU_14 1.34237
cores_sketch_CPU_14 1
cores_dpdk_CPU_14 6
ns_sketch_CPU_14 10.0933
pdt_nsk_c_CPU_14 10.0933
ns_dpdk_CPU_14 10.7143
pdt_nsc_dpdk_CPU_14 64.2857
ns_CPU_14 10.7143
--------------------------------------------------

VARIABLES ------------------------------
Objective: 10.714285714285715
mem_tot_CPU_15 4.24849
m_access_time_CPU_15 0.536891
ns_single_CPU_15 10.0933
pdt_m_rows_CPU_15 1.34237
cores_sketch_CPU_15 1
cores_dpdk_CPU_15 6
ns_sketch_CPU_15 10.0933
pdt_nsk_c_CPU_15 10.0933
ns_dpdk_CPU_15 10.7143
pdt_nsc_dpdk_CPU_15 64.2857
ns_CPU_15 10.7143
--------------------------------------------------

VARIABLES ------------------------------
Objective: 10.714285714285715
mem_tot_CPU_16 4.24849
m_access_time_CPU_16 0.536891
ns_single_CPU_16 10.0933
pdt_m_rows_CPU_16 1.34237
cores_sketch_CPU_16 1
cores_dpdk_CPU_16 6
ns_sketch_CPU_16 10.0933
pdt_nsk_c_CPU_16 10.0933
ns_dpdk_CPU_16 10.7143
pdt_nsc_dpdk_CPU_16 64.2857
ns_CPU_16 10.7143
--------------------------------------------------

VARIABLES ------------------------------
Objective: 10.714285714285715
mem_tot_CPU_17 4.24849
m_access_time_CPU_17 0.536891
ns_single_CPU_17 10.0933
pdt_m_rows_CPU_17 1.34237
cores_sketch_CPU_17 1
cores_dpdk_CPU_17 6
ns_sketch_CPU_17 10.0933
pdt_nsk_c_CPU_17 10.0933
ns_dpdk_CPU_17 10.7143
pdt_nsc_dpdk_CPU_17 64.2857
ns_CPU_17 10.7143
--------------------------------------------------

VARIABLES ------------------------------
Objective: 10.714285714285715
mem_tot_CPU_18 4.24849
m_access_time_CPU_18 0.536891
ns_single_CPU_18 10.0933
pdt_m_rows_CPU_18 1.34237
cores_sketch_CPU_18 1
cores_dpdk_CPU_18 6
ns_sketch_CPU_18 10.0933
pdt_nsk_c_CPU_18 10.0933
ns_dpdk_CPU_18 10.7143
pdt_nsc_dpdk_CPU_18 64.2857
ns_CPU_18 10.7143
--------------------------------------------------

VARIABLES ------------------------------
Objective: 10.714285714285715
mem_tot_CPU_19 4.24849
m_access_time_CPU_19 0.536891
ns_single_CPU_19 10.0933
pdt_m_rows_CPU_19 1.34237
cores_sketch_CPU_19 1
cores_dpdk_CPU_19 6
ns_sketch_CPU_19 10.0933
pdt_nsk_c_CPU_19 10.0933
ns_dpdk_CPU_19 10.7143
pdt_nsc_dpdk_CPU_19 64.2857
ns_CPU_19 10.7143
--------------------------------------------------

Throughput: 93.33333333333333 Mpps, ns per packet: 10.714285714285715
Resources: 1337.8542806602672
Used Cores: 132.99999999999997, Total CPUS: 20, Switch Memory: 46.722728085937476

Sketch (0) (cm: eps0: 0.00625, del0: 0.05, min_mem: 1.69921875)
Par0 id: 0, Rows: 3
(0.000,0)    (0.000,1)    (1.000,20)    
Total frac: 1.000

Sketch (1) (cm: eps0: 0.00625, del0: 0.05, min_mem: 1.69921875)
Par0 id: 1, Rows: 3
(0.000,1)    (0.000,2)    (1.000,20)    
Total frac: 1.000

Sketch (2) (cm: eps0: 0.00625, del0: 0.05, min_mem: 1.69921875)
Par0 id: 2, Rows: 3
(0.000,2)    (0.000,3)    (1.000,20)    
Total frac: 1.000

Sketch (3) (cm: eps0: 0.00625, del0: 0.05, min_mem: 1.69921875)
Par0 id: 3, Rows: 3
(0.000,3)    (0.000,4)    (1.000,20)    
Total frac: 1.000

Sketch (4) (cm: eps0: 0.00625, del0: 0.05, min_mem: 1.69921875)
Par0 id: 4, Rows: 3
(0.000,4)    (0.000,5)    (1.000,20)    
Total frac: 1.000

Sketch (5) (cm: eps0: 0.00625, del0: 0.05, min_mem: 1.69921875)
Par0 id: 5, Rows: 3
(0.000,5)    (0.000,6)    (1.000,20)    
Total frac: 1.000

Sketch (6) (cm: eps0: 0.00625, del0: 0.05, min_mem: 1.69921875)
Par0 id: 6, Rows: 3
(0.000,6)    (0.167,20)    (0.833,7)    
Total frac: 1.000

Sketch (7) (cm: eps0: 0.00625, del0: 0.05, min_mem: 1.69921875)
Par0 id: 7, Rows: 3
(0.167,20)    (0.000,7)    (0.833,8)    
Total frac: 1.000

Sketch (8) (cm: eps0: 0.00625, del0: 0.05, min_mem: 1.69921875)
Par0 id: 8, Rows: 3
(0.167,20)    (0.000,8)    (0.833,9)    
Total frac: 1.000

Sketch (9) (cm: eps0: 0.00625, del0: 0.05, min_mem: 1.69921875)
Par0 id: 9, Rows: 3
(0.167,20)    (0.000,9)    (0.833,10)    
Total frac: 1.000

Sketch (10) (cm: eps0: 0.00625, del0: 0.05, min_mem: 1.69921875)
Par0 id: 10, Rows: 3
(0.167,20)    (0.000,10)    (0.833,11)    
Total frac: 1.000

Sketch (11) (cm: eps0: 0.00625, del0: 0.05, min_mem: 1.69921875)
Par0 id: 11, Rows: 3
(0.167,20)    (0.000,11)    (0.833,12)    
Total frac: 1.000

Sketch (12) (cm: eps0: 0.00625, del0: 0.05, min_mem: 1.69921875)
Par0 id: 12, Rows: 3
(0.167,20)    (0.000,12)    (0.833,13)    
Total frac: 1.000

Sketch (13) (cm: eps0: 0.00625, del0: 0.05, min_mem: 1.69921875)
Par0 id: 13, Rows: 3
(1.000,20)    
Total frac: 1.000

Sketch (14) (cm: eps0: 0.00625, del0: 0.05, min_mem: 1.69921875)
Par0 id: 14, Rows: 3
(0.167,20)    (0.000,15)    (0.833,14)    
Total frac: 1.000

Sketch (15) (cm: eps0: 0.00625, del0: 0.05, min_mem: 1.69921875)
Par0 id: 15, Rows: 3
(0.167,20)    (0.000,16)    (0.833,15)    
Total frac: 1.000

Sketch (16) (cm: eps0: 0.00625, del0: 0.05, min_mem: 1.69921875)
Par0 id: 16, Rows: 3
(0.167,20)    (0.000,17)    (0.833,16)    
Total frac: 1.000

Sketch (17) (cm: eps0: 0.00625, del0: 0.05, min_mem: 1.69921875)
Par0 id: 17, Rows: 3
(0.167,20)    (0.000,18)    (0.833,17)    
Total frac: 1.000

Sketch (18) (cm: eps0: 0.00625, del0: 0.05, min_mem: 1.69921875)
Par0 id: 18, Rows: 3
(0.167,20)    (0.000,19)    (0.833,18)    
Total frac: 1.000

Sketch (19) (cm: eps0: 0.00625, del0: 0.05, min_mem: 1.69921875)
Par0 id: 19, Rows: 3
(0.000,0)    (0.167,20)    (0.833,19)    
Total frac: 1.000

Device (0) CPU_0:
cores_sketch: 0.0, cores_dpdk: 5.9999999999999964
Rows total: 0.0
Mem total: 0.0
Throughput: 93.33333333333333

Device (1) CPU_1:
cores_sketch: 0.0, cores_dpdk: 5.9999999999999964
Rows total: 0.0
Mem total: 0.0
Throughput: 93.33333333333333

Device (2) CPU_2:
cores_sketch: 0.0, cores_dpdk: 5.9999999999999964
Rows total: 0.0
Mem total: 0.0
Throughput: 93.33333333333333

Device (3) CPU_3:
cores_sketch: 0.0, cores_dpdk: 5.9999999999999964
Rows total: 0.0
Mem total: 0.0
Throughput: 93.33333333333333

Device (4) CPU_4:
cores_sketch: 0.0, cores_dpdk: 5.9999999999999964
Rows total: 0.0
Mem total: 0.0
Throughput: 93.33333333333333

Device (5) CPU_5:
cores_sketch: 0.0, cores_dpdk: 5.9999999999999964
Rows total: 0.0
Mem total: 0.0
Throughput: 93.33333333333333

Device (6) CPU_6:
cores_sketch: 0.0, cores_dpdk: 5.9999999999999964
Rows total: 0.0
Mem total: 0.0
Throughput: 93.33333333333333

Device (7) CPU_7:
cores_sketch: 1.0, cores_dpdk: 5.999999999999998
Rows total: 2.500262000000001
Mem total: 4.248492070312502
Throughput: 93.33333333333333

Device (8) CPU_8:
cores_sketch: 1.0, cores_dpdk: 5.999999999999998
Rows total: 2.500262000000001
Mem total: 4.248492070312502
Throughput: 93.33333333333333

Device (9) CPU_9:
cores_sketch: 1.0, cores_dpdk: 5.999999999999998
Rows total: 2.500262000000001
Mem total: 4.248492070312502
Throughput: 93.33333333333333

Device (10) CPU_10:
cores_sketch: 1.0, cores_dpdk: 5.999999999999998
Rows total: 2.500262000000001
Mem total: 4.248492070312502
Throughput: 93.33333333333333

Device (11) CPU_11:
cores_sketch: 1.0, cores_dpdk: 5.999999999999998
Rows total: 2.500262000000001
Mem total: 4.248492070312502
Throughput: 93.33333333333333

Device (12) CPU_12:
cores_sketch: 1.0, cores_dpdk: 5.999999999999998
Rows total: 2.500262000000001
Mem total: 4.248492070312502
Throughput: 93.33333333333333

Device (13) CPU_13:
cores_sketch: 1.0, cores_dpdk: 5.999999999999998
Rows total: 2.500262000000001
Mem total: 4.248492070312502
Throughput: 93.33333333333333

Device (14) CPU_14:
cores_sketch: 1.0, cores_dpdk: 5.999999999999998
Rows total: 2.500262
Mem total: 4.2484920703125
Throughput: 93.33333333333333

Device (15) CPU_15:
cores_sketch: 1.0, cores_dpdk: 5.999999999999998
Rows total: 2.500262
Mem total: 4.2484920703125
Throughput: 93.33333333333333

Device (16) CPU_16:
cores_sketch: 1.0, cores_dpdk: 5.999999999999998
Rows total: 2.500262
Mem total: 4.2484920703125
Throughput: 93.33333333333333

Device (17) CPU_17:
cores_sketch: 1.0, cores_dpdk: 5.999999999999998
Rows total: 2.500262
Mem total: 4.2484920703125
Throughput: 93.33333333333333

Device (18) CPU_18:
cores_sketch: 1.0, cores_dpdk: 5.999999999999998
Rows total: 2.500262
Mem total: 4.2484920703125
Throughput: 93.33333333333333

Device (19) CPU_19:
cores_sketch: 1.0, cores_dpdk: 5.999999999999998
Rows total: 2.500262
Mem total: 4.2484920703125
Throughput: 93.33333333333333

Device (20) P4_1:
Rows total: 27.49659399999998
Mem total: 46.722728085937476
Throughput: 148.0

Flow 0:
partitions: [(0, 1)]
path: (0, 20, 1)
Flow 1:
partitions: [(1, 1)]
path: (1, 20, 2)
Flow 2:
partitions: [(2, 1)]
path: (2, 20, 3)
Flow 3:
partitions: [(3, 1)]
path: (3, 20, 4)
Flow 4:
partitions: [(4, 1)]
path: (4, 20, 5)
Flow 5:
partitions: [(5, 1)]
path: (5, 20, 6)
Flow 6:
partitions: [(6, 1)]
path: (6, 20, 7)
Flow 7:
partitions: [(7, 1)]
path: (7, 20, 8)
Flow 8:
partitions: [(8, 1)]
path: (8, 20, 9)
Flow 9:
partitions: [(9, 1)]
path: (9, 20, 10)
Flow 10:
partitions: [(10, 1)]
path: (10, 20, 11)
Flow 11:
partitions: [(11, 1)]
path: (11, 20, 12)
Flow 12:
partitions: [(12, 1)]
path: (12, 20, 13)
Flow 13:
partitions: [(13, 1)]
path: (13, 20, 14)
Flow 14:
partitions: [(14, 1)]
path: (14, 20, 15)
Flow 15:
partitions: [(15, 1)]
path: (15, 20, 16)
Flow 16:
partitions: [(16, 1)]
path: (16, 20, 17)
Flow 17:
partitions: [(17, 1)]
path: (17, 20, 18)
Flow 18:
partitions: [(18, 1)]
path: (18, 20, 19)
Flow 19:
partitions: [(19, 1)]
path: (19, 20, 0)
--------------------------------------------------
Function: solve took 0.2118079662322998 seconds
