Function: get_partitions took 3.123283386230469e-05 seconds
Function: map_flows_partitions took 9.5367431640625e-06 seconds
Function: map_flows_to_cluster took 3.8623809814453125e-05 seconds
Building model with:
3 devices, 20 partitions and 20 flows
Function: MIP.add_frac_mem_var took 0.00019359588623046875 seconds
Function: MIP.add_coverage_constraints took 0.00019979476928710938 seconds
Function: MIP.add_accuracy_constraints took 0.0003955364227294922 seconds
Function: MIP.add_capacity_constraints took 0.00046515464782714844 seconds
--------------------------------------------------
Starting model update
Model update took: 5.3882598876953125e-05 s
--------------------------------------------------
Starting model optimize
Model optimize took: 0.0029363632202148438 seconds
--------------------------------------------------

VARIABLES ------------------------------
Objective: 59.99999999999999
frac[2,18] 0.833421
frac[0,14] 0.27769
frac[1,17] 1
frac[0,7] 1
frac[1,15] 0.72231
frac[0,16] 0.27769
frac[0,10] 0.27769
frac[0,3] 1
frac[1,11] 0.72231
frac[2,19] 0.833421
frac[0,15] 0.27769
frac[1,16] 0.72231
frac[1,14] 0.72231
frac[0,17] 0
frac[0,11] 0.27769
frac[0,4] 1
frac[1,10] 0.72231
frac[0,0] 1
frac[1,13] 0.72231
frac[0,18] 0.166579
frac[0,12] 0.27769
frac[0,5] 1
frac[1,9] 0.72231
frac[0,8] 0.27769
frac[2,17] 0
frac[0,1] 1
frac[1,12] 0.72231
frac[0,19] 0.166579
frac[0,13] 0.27769
frac[0,6] 1
frac[1,8] 0.72231
frac[0,9] 0.27769
frac[0,2] 1
mem[2,18] 4.24849
mem[0,14] 1.41557
mem[1,17] 5.09766
mem[0,7] 5.09766
mem[1,15] 3.68209
mem[0,16] 1.41557
mem[0,10] 1.41557
mem[0,3] 5.09766
mem[1,11] 3.68209
mem[2,19] 4.24849
mem[0,15] 1.41557
mem[1,16] 3.68209
mem[1,14] 3.68209
mem[0,17] 0
mem[0,11] 1.41557
mem[0,4] 5.09766
mem[1,10] 3.68209
mem[0,0] 5.09766
mem[1,13] 3.68209
mem[0,18] 0.849164
mem[0,12] 1.41557
mem[0,5] 5.09766
mem[1,9] 3.68209
mem[0,8] 1.41557
mem[2,17] 0
mem[0,1] 5.09766
mem[1,12] 3.68209
mem[0,19] 0.849164
mem[0,13] 1.41557
mem[0,6] 5.09766
mem[1,8] 3.68209
mem[0,9] 1.41557
mem[0,2] 5.09766
mem_tot_{CPU_0,CPU_1,CPU_2,CPU_3,CPU_4,CPU_5,CPU_6,CPU_7,CPU_8,P4_1} 55.2197
normalized_mem_tot_{CPU_0,CPU_1,CPU_2,CPU_3,CPU_4,CPU_5,CPU_6,CPU_7,CPU_8,P4_1} 0.000186876
rows_tot_{CPU_0,CPU_1,CPU_2,CPU_3,CPU_4,CPU_5,CPU_6,CPU_7,CPU_8,P4_1} 32.4971
normalized_rows_tot_{CPU_0,CPU_1,CPU_2,CPU_3,CPU_4,CPU_5,CPU_6,CPU_7,CPU_8,P4_1} 0.208315
mem_tot_{CPU_9,CPU_10,CPU_11,CPU_12,CPU_13,CPU_14,CPU_15,CPU_16,CPU_17} 38.2364
normalized_mem_tot_{CPU_9,CPU_10,CPU_11,CPU_12,CPU_13,CPU_14,CPU_15,CPU_16,CPU_17} 0.000129654
rows_tot_{CPU_9,CPU_10,CPU_11,CPU_12,CPU_13,CPU_14,CPU_15,CPU_16,CPU_17} 22.5024
normalized_rows_tot_{CPU_9,CPU_10,CPU_11,CPU_12,CPU_13,CPU_14,CPU_15,CPU_16,CPU_17} 0.208355
mem_tot_{CPU_19,CPU_18} 8.49698
normalized_mem_tot_{CPU_19,CPU_18} 0.000129654
rows_tot_{CPU_19,CPU_18} 5.00052
normalized_rows_tot_{CPU_19,CPU_18} 0.208355
max_mem_CPU_Cluster 0.000186876
max_rows_CPU_Cluster 0.208355
--------------------------------------------------

Sketch (0) (cm: eps0: 0.00625, del0: 0.05, min_mem: 1.69921875)
Par0 id: 0, Rows: 3
(1.000,0)    
Total frac: 1.000

Sketch (1) (cm: eps0: 0.00625, del0: 0.05, min_mem: 1.69921875)
Par0 id: 1, Rows: 3
(1.000,0)    
Total frac: 1.000

Sketch (2) (cm: eps0: 0.00625, del0: 0.05, min_mem: 1.69921875)
Par0 id: 2, Rows: 3
(1.000,0)    
Total frac: 1.000

Sketch (3) (cm: eps0: 0.00625, del0: 0.05, min_mem: 1.69921875)
Par0 id: 3, Rows: 3
(1.000,0)    
Total frac: 1.000

Sketch (4) (cm: eps0: 0.00625, del0: 0.05, min_mem: 1.69921875)
Par0 id: 4, Rows: 3
(1.000,0)    
Total frac: 1.000

Sketch (5) (cm: eps0: 0.00625, del0: 0.05, min_mem: 1.69921875)
Par0 id: 5, Rows: 3
(1.000,0)    
Total frac: 1.000

Sketch (6) (cm: eps0: 0.00625, del0: 0.05, min_mem: 1.69921875)
Par0 id: 6, Rows: 3
(1.000,0)    
Total frac: 1.000

Sketch (7) (cm: eps0: 0.00625, del0: 0.05, min_mem: 1.69921875)
Par0 id: 7, Rows: 3
(1.000,0)    
Total frac: 1.000

Sketch (8) (cm: eps0: 0.00625, del0: 0.05, min_mem: 1.69921875)
Par0 id: 8, Rows: 3
(0.278,0)    (0.722,1)    
Total frac: 1.000

Sketch (9) (cm: eps0: 0.00625, del0: 0.05, min_mem: 1.69921875)
Par0 id: 9, Rows: 3
(0.722,1)    (0.278,0)    
Total frac: 1.000

Sketch (10) (cm: eps0: 0.00625, del0: 0.05, min_mem: 1.69921875)
Par0 id: 10, Rows: 3
(0.278,0)    (0.722,1)    
Total frac: 1.000

Sketch (11) (cm: eps0: 0.00625, del0: 0.05, min_mem: 1.69921875)
Par0 id: 11, Rows: 3
(0.722,1)    (0.278,0)    
Total frac: 1.000

Sketch (12) (cm: eps0: 0.00625, del0: 0.05, min_mem: 1.69921875)
Par0 id: 12, Rows: 3
(0.278,0)    (0.722,1)    
Total frac: 1.000

Sketch (13) (cm: eps0: 0.00625, del0: 0.05, min_mem: 1.69921875)
Par0 id: 13, Rows: 3
(0.722,1)    (0.278,0)    
Total frac: 1.000

Sketch (14) (cm: eps0: 0.00625, del0: 0.05, min_mem: 1.69921875)
Par0 id: 14, Rows: 3
(0.278,0)    (0.722,1)    
Total frac: 1.000

Sketch (15) (cm: eps0: 0.00625, del0: 0.05, min_mem: 1.69921875)
Par0 id: 15, Rows: 3
(0.722,1)    (0.278,0)    
Total frac: 1.000

Sketch (16) (cm: eps0: 0.00625, del0: 0.05, min_mem: 1.69921875)
Par0 id: 16, Rows: 3
(0.278,0)    (0.722,1)    
Total frac: 1.000

Sketch (17) (cm: eps0: 0.00625, del0: 0.05, min_mem: 1.69921875)
Par0 id: 17, Rows: 3
(1.000,1)    (0.000,0)    (0.000,2)    
Total frac: 1.000

Sketch (18) (cm: eps0: 0.00625, del0: 0.05, min_mem: 1.69921875)
Par0 id: 18, Rows: 3
(0.833,2)    (0.167,0)    
Total frac: 1.000

Sketch (19) (cm: eps0: 0.00625, del0: 0.05, min_mem: 1.69921875)
Par0 id: 19, Rows: 3
(0.833,2)    (0.167,0)    
Total frac: 1.000

Device (0) {CPU_0,CPU_1,CPU_2,CPU_3,CPU_4,CPU_5,CPU_6,CPU_7,CPU_8,P4_1}:
Rows total: 32.49711799999999
Mem total: 55.21971222656249

Device (1) {CPU_9,CPU_10,CPU_11,CPU_12,CPU_13,CPU_14,CPU_15,CPU_16,CPU_17}:
Rows total: 22.502358
Mem total: 38.236428632812505

Device (2) {CPU_19,CPU_18}:
Rows total: 5.000524000000001
Mem total: 8.496984140625003

Flow 0:
partitions: [(0, 1)]
path: {0}
Flow 1:
partitions: [(1, 1)]
path: {0}
Flow 2:
partitions: [(2, 1)]
path: {0}
Flow 3:
partitions: [(3, 1)]
path: {0}
Flow 4:
partitions: [(4, 1)]
path: {0}
Flow 5:
partitions: [(5, 1)]
path: {0}
Flow 6:
partitions: [(6, 1)]
path: {0}
Flow 7:
partitions: [(7, 1)]
path: {0}
Flow 8:
partitions: [(8, 1)]
path: {0, 1}
Flow 9:
partitions: [(9, 1)]
path: {0, 1}
Flow 10:
partitions: [(10, 1)]
path: {0, 1}
Flow 11:
partitions: [(11, 1)]
path: {0, 1}
Flow 12:
partitions: [(12, 1)]
path: {0, 1}
Flow 13:
partitions: [(13, 1)]
path: {0, 1}
Flow 14:
partitions: [(14, 1)]
path: {0, 1}
Flow 15:
partitions: [(15, 1)]
path: {0, 1}
Flow 16:
partitions: [(16, 1)]
path: {0, 1}
Flow 17:
partitions: [(17, 1)]
path: {0, 1, 2}
Flow 18:
partitions: [(18, 1)]
path: {0, 2}
Flow 19:
partitions: [(19, 1)]
path: {0, 2}
--------------------------------------------------

VARIABLES ------------------------------
Objective: 6.756756756756757
mem_tot_{CPU_0,CPU_1,CPU_2,CPU_3,CPU_4,CPU_5,CPU_6,CPU_7,CPU_8,P4_1} 55.2197
ns_{CPU_0,CPU_1,CPU_2,CPU_3,CPU_4,CPU_5,CPU_6,CPU_7,CPU_8,P4_1} 6.75676
--------------------------------------------------

VARIABLES ------------------------------
Objective: 10.204081632653061
mem_tot_{CPU_9,CPU_10,CPU_11,CPU_12,CPU_13,CPU_14,CPU_15,CPU_16,CPU_17} 38.2364
ns_{CPU_9,CPU_10,CPU_11,CPU_12,CPU_13,CPU_14,CPU_15,CPU_16,CPU_17} 10.2041
--------------------------------------------------

VARIABLES ------------------------------
Objective: 10.204081632653061
mem_tot_{CPU_19,CPU_18} 8.49698
ns_{CPU_19,CPU_18} 10.2041
--------------------------------------------------

Throughput: 98.0 Mpps, ns per packet: 10.204081632653061
Resources: 101.953125
Used Cores: 0, Total CPUS: 0, Switch Memory: 0

Sketch (0) (cm: eps0: 0.00625, del0: 0.05, min_mem: 1.69921875)
Par0 id: 0, Rows: 3
(1.000,0)    
Total frac: 1.000

Sketch (1) (cm: eps0: 0.00625, del0: 0.05, min_mem: 1.69921875)
Par0 id: 1, Rows: 3
(1.000,0)    
Total frac: 1.000

Sketch (2) (cm: eps0: 0.00625, del0: 0.05, min_mem: 1.69921875)
Par0 id: 2, Rows: 3
(1.000,0)    
Total frac: 1.000

Sketch (3) (cm: eps0: 0.00625, del0: 0.05, min_mem: 1.69921875)
Par0 id: 3, Rows: 3
(1.000,0)    
Total frac: 1.000

Sketch (4) (cm: eps0: 0.00625, del0: 0.05, min_mem: 1.69921875)
Par0 id: 4, Rows: 3
(1.000,0)    
Total frac: 1.000

Sketch (5) (cm: eps0: 0.00625, del0: 0.05, min_mem: 1.69921875)
Par0 id: 5, Rows: 3
(1.000,0)    
Total frac: 1.000

Sketch (6) (cm: eps0: 0.00625, del0: 0.05, min_mem: 1.69921875)
Par0 id: 6, Rows: 3
(1.000,0)    
Total frac: 1.000

Sketch (7) (cm: eps0: 0.00625, del0: 0.05, min_mem: 1.69921875)
Par0 id: 7, Rows: 3
(1.000,0)    
Total frac: 1.000

Sketch (8) (cm: eps0: 0.00625, del0: 0.05, min_mem: 1.69921875)
Par0 id: 8, Rows: 3
(0.278,0)    (0.722,1)    
Total frac: 1.000

Sketch (9) (cm: eps0: 0.00625, del0: 0.05, min_mem: 1.69921875)
Par0 id: 9, Rows: 3
(0.722,1)    (0.278,0)    
Total frac: 1.000

Sketch (10) (cm: eps0: 0.00625, del0: 0.05, min_mem: 1.69921875)
Par0 id: 10, Rows: 3
(0.278,0)    (0.722,1)    
Total frac: 1.000

Sketch (11) (cm: eps0: 0.00625, del0: 0.05, min_mem: 1.69921875)
Par0 id: 11, Rows: 3
(0.722,1)    (0.278,0)    
Total frac: 1.000

Sketch (12) (cm: eps0: 0.00625, del0: 0.05, min_mem: 1.69921875)
Par0 id: 12, Rows: 3
(0.278,0)    (0.722,1)    
Total frac: 1.000

Sketch (13) (cm: eps0: 0.00625, del0: 0.05, min_mem: 1.69921875)
Par0 id: 13, Rows: 3
(0.722,1)    (0.278,0)    
Total frac: 1.000

Sketch (14) (cm: eps0: 0.00625, del0: 0.05, min_mem: 1.69921875)
Par0 id: 14, Rows: 3
(0.278,0)    (0.722,1)    
Total frac: 1.000

Sketch (15) (cm: eps0: 0.00625, del0: 0.05, min_mem: 1.69921875)
Par0 id: 15, Rows: 3
(0.722,1)    (0.278,0)    
Total frac: 1.000

Sketch (16) (cm: eps0: 0.00625, del0: 0.05, min_mem: 1.69921875)
Par0 id: 16, Rows: 3
(0.278,0)    (0.722,1)    
Total frac: 1.000

Sketch (17) (cm: eps0: 0.00625, del0: 0.05, min_mem: 1.69921875)
Par0 id: 17, Rows: 3
(1.000,1)    (0.000,0)    (0.000,2)    
Total frac: 1.000

Sketch (18) (cm: eps0: 0.00625, del0: 0.05, min_mem: 1.69921875)
Par0 id: 18, Rows: 3
(0.833,2)    (0.167,0)    
Total frac: 1.000

Sketch (19) (cm: eps0: 0.00625, del0: 0.05, min_mem: 1.69921875)
Par0 id: 19, Rows: 3
(0.833,2)    (0.167,0)    
Total frac: 1.000

Device (0) {CPU_0,CPU_1,CPU_2,CPU_3,CPU_4,CPU_5,CPU_6,CPU_7,CPU_8,P4_1}:
Rows total: 32.49711799999999
Mem total: 55.21971222656249
Throughput: 148.0

Device (1) {CPU_9,CPU_10,CPU_11,CPU_12,CPU_13,CPU_14,CPU_15,CPU_16,CPU_17}:
Rows total: 22.502358
Mem total: 38.236428632812505
Throughput: 98.0

Device (2) {CPU_19,CPU_18}:
Rows total: 5.000524000000001
Mem total: 8.496984140625003
Throughput: 98.0

Flow 0:
partitions: [(0, 1)]
path: {0}
Flow 1:
partitions: [(1, 1)]
path: {0}
Flow 2:
partitions: [(2, 1)]
path: {0}
Flow 3:
partitions: [(3, 1)]
path: {0}
Flow 4:
partitions: [(4, 1)]
path: {0}
Flow 5:
partitions: [(5, 1)]
path: {0}
Flow 6:
partitions: [(6, 1)]
path: {0}
Flow 7:
partitions: [(7, 1)]
path: {0}
Flow 8:
partitions: [(8, 1)]
path: {0, 1}
Flow 9:
partitions: [(9, 1)]
path: {0, 1}
Flow 10:
partitions: [(10, 1)]
path: {0, 1}
Flow 11:
partitions: [(11, 1)]
path: {0, 1}
Flow 12:
partitions: [(12, 1)]
path: {0, 1}
Flow 13:
partitions: [(13, 1)]
path: {0, 1}
Flow 14:
partitions: [(14, 1)]
path: {0, 1}
Flow 15:
partitions: [(15, 1)]
path: {0, 1}
Flow 16:
partitions: [(16, 1)]
path: {0, 1}
Flow 17:
partitions: [(17, 1)]
path: {0, 1, 2}
Flow 18:
partitions: [(18, 1)]
path: {0, 2}
Flow 19:
partitions: [(19, 1)]
path: {0, 2}
--------------------------------------------------
Function: MIP.solve took 0.016526460647583008 seconds
Function: get_partitions_flows took 0.00013065338134765625 seconds
Function: get_partitions_flows took 7.987022399902344e-05 seconds
Function: get_partitions_flows took 4.1484832763671875e-05 seconds
Building model with:
10 devices, 19 partitions and 19 flows
Function: MIP.add_frac_mem_var took 0.00019288063049316406 seconds
Function: MIP.add_coverage_constraints took 0.0001800060272216797 seconds
Function: MIP.add_accuracy_constraints took 0.0004527568817138672 seconds
Function: MIP.add_capacity_constraints took 0.0008485317230224609 seconds
--------------------------------------------------
Starting model update
Model update took: 6.961822509765625e-05 s
--------------------------------------------------
Starting model optimize
Model optimize took: 0.004086971282958984 seconds
--------------------------------------------------

VARIABLES ------------------------------
Objective: 1.1771291954022988e-06
frac[4,7] 0
frac[9,1] 1
frac[2,18] 0
frac[0,14] 1.96188e-07
frac[9,8] 1
frac[7,16] 0
frac[9,4] 1
frac[9,18] 1
frac[9,0] 0.27769
frac[9,15] 0.27769
frac[8,1] 0
frac[4,4] 0
frac[2,13] 0
frac[9,11] 1
frac[9,17] 0.27769
frac[9,7] 1
frac[9,14] 0.166579
frac[5,11] 0
frac[6,11] 0
frac[1,13] 0
frac[7,1] 0
frac[9,3] 0.27769
frac[9,10] 0.27769
frac[9,16] 1
frac[0,8] 0
frac[9,6] 0.27769
frac[9,13] 1
frac[8,12] 1.96188e-07
frac[9,2] 0.27769
frac[5,7] 0
frac[9,9] 0.166579
frac[1,8] 0
frac[3,18] 0
frac[9,5] 0.27769
frac[3,4] 0
frac[6,16] 0
frac[9,12] 0.27769
mem[4,7] 0
mem[9,1] 5.09766
mem[2,18] 0
mem[0,14] 1.0001e-06
mem[9,8] 5.09766
mem[7,16] 0
mem[9,4] 5.09766
mem[9,18] 5.09766
mem[9,0] 1.41557
mem[9,15] 1.41557
mem[8,1] 0
mem[4,4] 0
mem[2,13] 0
mem[9,11] 5.09766
mem[9,17] 1.41557
mem[9,7] 5.09766
mem[9,14] 0.849163
mem[5,11] 0
mem[6,11] 0
mem[1,13] 0
mem[7,1] 0
mem[9,3] 1.41557
mem[9,10] 1.41557
mem[9,16] 5.09766
mem[0,8] 0
mem[9,6] 1.41557
mem[9,13] 5.09766
mem[8,12] 1.0001e-06
mem[9,2] 1.41557
mem[5,7] 0
mem[9,9] 0.849164
mem[1,8] 0
mem[3,18] 0
mem[9,5] 1.41557
mem[3,4] 0
mem[6,16] 0
mem[9,12] 1.41557
mem_tot_CPU_0 1.0001e-06
normalized_mem_tot_CPU_0 3.05206e-11
rows_tot_CPU_0 5.88565e-07
normalized_rows_tot_CPU_0 4.9047e-08
mem_tot_CPU_1 0
normalized_mem_tot_CPU_1 0
rows_tot_CPU_1 0
normalized_rows_tot_CPU_1 0
mem_tot_CPU_2 0
normalized_mem_tot_CPU_2 0
rows_tot_CPU_2 0
normalized_rows_tot_CPU_2 0
mem_tot_CPU_3 0
normalized_mem_tot_CPU_3 0
rows_tot_CPU_3 0
normalized_rows_tot_CPU_3 0
mem_tot_CPU_4 0
normalized_mem_tot_CPU_4 0
rows_tot_CPU_4 0
normalized_rows_tot_CPU_4 0
mem_tot_CPU_5 0
normalized_mem_tot_CPU_5 0
rows_tot_CPU_5 0
normalized_rows_tot_CPU_5 0
mem_tot_CPU_6 0
normalized_mem_tot_CPU_6 0
rows_tot_CPU_6 0
normalized_rows_tot_CPU_6 0
mem_tot_CPU_7 0
normalized_mem_tot_CPU_7 0
rows_tot_CPU_7 0
normalized_rows_tot_CPU_7 0
mem_tot_CPU_8 1.0001e-06
normalized_mem_tot_CPU_8 3.05206e-11
rows_tot_CPU_8 5.88565e-07
normalized_rows_tot_CPU_8 4.9047e-08
mem_tot_P4_1 55.2197
normalized_mem_tot_P4_1 0.0958675
rows_tot_P4_1 32.4971
normalized_rows_tot_P4_1 0.677023
max_mem_P4 55.2197
max_mem_CPU_Cluster 0
max_rows_P4 32.4971
max_rows_CPU_Cluster 0
--------------------------------------------------

Sketch (14) (cm: eps0: 0.00625, del0: 0.05, min_mem: 1.69921875)
Par0 id: 14, Rows: 3
(0.278,9)    
Total frac: 0.278

Sketch (7) (cm: eps0: 0.00625, del0: 0.05, min_mem: 1.69921875)
Par0 id: 7, Rows: 3
(1.000,9)    (0.000,8)    (0.000,7)    
Total frac: 1.000

Sketch (16) (cm: eps0: 0.00625, del0: 0.05, min_mem: 1.69921875)
Par0 id: 16, Rows: 3
(0.278,9)    
Total frac: 0.278

Sketch (10) (cm: eps0: 0.00625, del0: 0.05, min_mem: 1.69921875)
Par0 id: 10, Rows: 3
(0.278,9)    
Total frac: 0.278

Sketch (3) (cm: eps0: 0.00625, del0: 0.05, min_mem: 1.69921875)
Par0 id: 3, Rows: 3
(1.000,9)    (0.000,4)    (0.000,3)    
Total frac: 1.000

Sketch (15) (cm: eps0: 0.00625, del0: 0.05, min_mem: 1.69921875)
Par0 id: 15, Rows: 3
(0.278,9)    
Total frac: 0.278

Sketch (11) (cm: eps0: 0.00625, del0: 0.05, min_mem: 1.69921875)
Par0 id: 11, Rows: 3
(0.278,9)    
Total frac: 0.278

Sketch (4) (cm: eps0: 0.00625, del0: 0.05, min_mem: 1.69921875)
Par0 id: 4, Rows: 3
(0.000,4)    (1.000,9)    (0.000,5)    
Total frac: 1.000

Sketch (0) (cm: eps0: 0.00625, del0: 0.05, min_mem: 1.69921875)
Par0 id: 0, Rows: 3
(1.000,9)    (0.000,0)    (0.000,1)    
Total frac: 1.000

Sketch (18) (cm: eps0: 0.00625, del0: 0.05, min_mem: 1.69921875)
Par0 id: 18, Rows: 3
(0.167,9)    
Total frac: 0.167

Sketch (12) (cm: eps0: 0.00625, del0: 0.05, min_mem: 1.69921875)
Par0 id: 12, Rows: 3
(0.278,9)    
Total frac: 0.278

Sketch (5) (cm: eps0: 0.00625, del0: 0.05, min_mem: 1.69921875)
Par0 id: 5, Rows: 3
(1.000,9)    (0.000,5)    (0.000,6)    
Total frac: 1.000

Sketch (8) (cm: eps0: 0.00625, del0: 0.05, min_mem: 1.69921875)
Par0 id: 8, Rows: 3
(0.000,8)    (0.278,9)    
Total frac: 0.278

Sketch (1) (cm: eps0: 0.00625, del0: 0.05, min_mem: 1.69921875)
Par0 id: 1, Rows: 3
(0.000,2)    (0.000,1)    (1.000,9)    
Total frac: 1.000

Sketch (19) (cm: eps0: 0.00625, del0: 0.05, min_mem: 1.69921875)
Par0 id: 19, Rows: 3
(0.000,0)    (0.167,9)    
Total frac: 0.167

Sketch (13) (cm: eps0: 0.00625, del0: 0.05, min_mem: 1.69921875)
Par0 id: 13, Rows: 3
(0.278,9)    
Total frac: 0.278

Sketch (6) (cm: eps0: 0.00625, del0: 0.05, min_mem: 1.69921875)
Par0 id: 6, Rows: 3
(0.000,7)    (1.000,9)    (0.000,6)    
Total frac: 1.000

Sketch (9) (cm: eps0: 0.00625, del0: 0.05, min_mem: 1.69921875)
Par0 id: 9, Rows: 3
(0.278,9)    
Total frac: 0.278

Sketch (2) (cm: eps0: 0.00625, del0: 0.05, min_mem: 1.69921875)
Par0 id: 2, Rows: 3
(0.000,2)    (1.000,9)    (0.000,3)    
Total frac: 1.000

Device (0) CPU_0:
Rows total: 5.885645977011494e-07
Mem total: 1.0001e-06

Device (1) CPU_1:
Rows total: 0.0
Mem total: 0.0

Device (2) CPU_2:
Rows total: 0.0
Mem total: 0.0

Device (3) CPU_3:
Rows total: 0.0
Mem total: 0.0

Device (4) CPU_4:
Rows total: 0.0
Mem total: 0.0

Device (5) CPU_5:
Rows total: 0.0
Mem total: 0.0

Device (6) CPU_6:
Rows total: 0.0
Mem total: 0.0

Device (7) CPU_7:
Rows total: 0.0
Mem total: 0.0

Device (8) CPU_8:
Rows total: 5.885645977011494e-07
Mem total: 1.0001e-06

Device (9) P4_1:
Rows total: 32.49711211435401
Mem total: 55.21970222556248

Flow 0:
partitions: [(8, 1.0)]
path: {0, 9, 1}
Flow 1:
partitions: [(13, 1.0)]
path: {1, 2, 9}
Flow 2:
partitions: [(18, 1.0)]
path: {9, 2, 3}
Flow 3:
partitions: [(4, 1.0)]
path: {9, 3, 4}
Flow 4:
partitions: [(7, 1.0)]
path: {9, 4, 5}
Flow 5:
partitions: [(11, 1.0)]
path: {9, 5, 6}
Flow 6:
partitions: [(16, 1.0)]
path: {9, 6, 7}
Flow 7:
partitions: [(1, 1.0)]
path: {8, 9, 7}
Flow 8:
partitions: [(12, 0.27769044444444435)]
path: {8, 9}
Flow 9:
partitions: [(17, 0.27769044444444435)]
path: {9}
Flow 10:
partitions: [(3, 0.27769044444444435)]
path: {9}
Flow 11:
partitions: [(6, 0.27769044444444435)]
path: {9}
Flow 12:
partitions: [(10, 0.27769044444444435)]
path: {9}
Flow 13:
partitions: [(15, 0.27769044444444435)]
path: {9}
Flow 14:
partitions: [(0, 0.27769044444444435)]
path: {9}
Flow 15:
partitions: [(5, 0.27769044444444435)]
path: {9}
Flow 16:
partitions: [(2, 0.27769044444444435)]
path: {9}
Flow 17:
partitions: [(9, 0.16657933333333308)]
path: {9}
Flow 18:
partitions: [(14, 0.16657933333333308)]
path: {0, 9}
--------------------------------------------------

VARIABLES ------------------------------
Objective: 10.204081632653063
mem_tot_CPU_0 0
m_access_time_CPU_0 0
ns_single_CPU_0 0
pdt_m_rows_CPU_0 0
cores_sketch_CPU_0 0
cores_dpdk_CPU_0 7
ns_sketch_CPU_0 10.2041
pdt_nsk_c_CPU_0 0
ns_dpdk_CPU_0 10.2041
pdt_nsc_dpdk_CPU_0 71.4286
ns_CPU_0 10.2041
--------------------------------------------------

VARIABLES ------------------------------
Objective: 10.204081632653063
mem_tot_CPU_1 0
m_access_time_CPU_1 0
ns_single_CPU_1 0
pdt_m_rows_CPU_1 0
cores_sketch_CPU_1 0
cores_dpdk_CPU_1 7
ns_sketch_CPU_1 10.2041
pdt_nsk_c_CPU_1 0
ns_dpdk_CPU_1 10.2041
pdt_nsc_dpdk_CPU_1 71.4286
ns_CPU_1 10.2041
--------------------------------------------------

VARIABLES ------------------------------
Objective: 10.204081632653063
mem_tot_CPU_2 0
m_access_time_CPU_2 0
ns_single_CPU_2 0
pdt_m_rows_CPU_2 0
cores_sketch_CPU_2 0
cores_dpdk_CPU_2 7
ns_sketch_CPU_2 10.2041
pdt_nsk_c_CPU_2 0
ns_dpdk_CPU_2 10.2041
pdt_nsc_dpdk_CPU_2 71.4286
ns_CPU_2 10.2041
--------------------------------------------------

VARIABLES ------------------------------
Objective: 10.204081632653063
mem_tot_CPU_3 0
m_access_time_CPU_3 0
ns_single_CPU_3 0
pdt_m_rows_CPU_3 0
cores_sketch_CPU_3 0
cores_dpdk_CPU_3 7
ns_sketch_CPU_3 10.2041
pdt_nsk_c_CPU_3 0
ns_dpdk_CPU_3 10.2041
pdt_nsc_dpdk_CPU_3 71.4286
ns_CPU_3 10.2041
--------------------------------------------------

VARIABLES ------------------------------
Objective: 10.204081632653063
mem_tot_CPU_4 0
m_access_time_CPU_4 0
ns_single_CPU_4 0
pdt_m_rows_CPU_4 0
cores_sketch_CPU_4 0
cores_dpdk_CPU_4 7
ns_sketch_CPU_4 10.2041
pdt_nsk_c_CPU_4 0
ns_dpdk_CPU_4 10.2041
pdt_nsc_dpdk_CPU_4 71.4286
ns_CPU_4 10.2041
--------------------------------------------------

VARIABLES ------------------------------
Objective: 10.204081632653063
mem_tot_CPU_5 0
m_access_time_CPU_5 0
ns_single_CPU_5 0
pdt_m_rows_CPU_5 0
cores_sketch_CPU_5 0
cores_dpdk_CPU_5 7
ns_sketch_CPU_5 10.2041
pdt_nsk_c_CPU_5 0
ns_dpdk_CPU_5 10.2041
pdt_nsc_dpdk_CPU_5 71.4286
ns_CPU_5 10.2041
--------------------------------------------------

VARIABLES ------------------------------
Objective: 10.204081632653063
mem_tot_CPU_6 0
m_access_time_CPU_6 0
ns_single_CPU_6 0
pdt_m_rows_CPU_6 0
cores_sketch_CPU_6 0
cores_dpdk_CPU_6 7
ns_sketch_CPU_6 10.2041
pdt_nsk_c_CPU_6 0
ns_dpdk_CPU_6 10.2041
pdt_nsc_dpdk_CPU_6 71.4286
ns_CPU_6 10.2041
--------------------------------------------------

VARIABLES ------------------------------
Objective: 10.204081632653063
mem_tot_CPU_7 0
m_access_time_CPU_7 0
ns_single_CPU_7 0
pdt_m_rows_CPU_7 0
cores_sketch_CPU_7 0
cores_dpdk_CPU_7 7
ns_sketch_CPU_7 10.2041
pdt_nsk_c_CPU_7 0
ns_dpdk_CPU_7 10.2041
pdt_nsc_dpdk_CPU_7 71.4286
ns_CPU_7 10.2041
--------------------------------------------------

VARIABLES ------------------------------
Objective: 10.204081632653063
mem_tot_CPU_8 0
m_access_time_CPU_8 0
ns_single_CPU_8 0
pdt_m_rows_CPU_8 0
cores_sketch_CPU_8 0
cores_dpdk_CPU_8 7
ns_sketch_CPU_8 10.2041
pdt_nsk_c_CPU_8 0
ns_dpdk_CPU_8 10.2041
pdt_nsc_dpdk_CPU_8 71.4286
ns_CPU_8 10.2041
--------------------------------------------------

VARIABLES ------------------------------
Objective: 6.756756756756757
mem_tot_P4_1 55.2197
ns_P4_1 6.75676
--------------------------------------------------

VARIABLES ------------------------------
Objective: 10.204081632653063
mem_tot_CPU_0 0
m_access_time_CPU_0 0
ns_single_CPU_0 0
pdt_m_rows_CPU_0 0
cores_sketch_CPU_0 0
cores_dpdk_CPU_0 7
ns_sketch_CPU_0 10.2041
pdt_nsk_c_CPU_0 0
ns_dpdk_CPU_0 10.2041
pdt_nsc_dpdk_CPU_0 71.4286
ns_CPU_0 10.2041
--------------------------------------------------

VARIABLES ------------------------------
Objective: 10.204081632653063
mem_tot_CPU_1 0
m_access_time_CPU_1 0
ns_single_CPU_1 0
pdt_m_rows_CPU_1 0
cores_sketch_CPU_1 0
cores_dpdk_CPU_1 7
ns_sketch_CPU_1 10.2041
pdt_nsk_c_CPU_1 0
ns_dpdk_CPU_1 10.2041
pdt_nsc_dpdk_CPU_1 71.4286
ns_CPU_1 10.2041
--------------------------------------------------

VARIABLES ------------------------------
Objective: 10.204081632653063
mem_tot_CPU_2 0
m_access_time_CPU_2 0
ns_single_CPU_2 0
pdt_m_rows_CPU_2 0
cores_sketch_CPU_2 0
cores_dpdk_CPU_2 7
ns_sketch_CPU_2 10.2041
pdt_nsk_c_CPU_2 0
ns_dpdk_CPU_2 10.2041
pdt_nsc_dpdk_CPU_2 71.4286
ns_CPU_2 10.2041
--------------------------------------------------

VARIABLES ------------------------------
Objective: 10.204081632653063
mem_tot_CPU_3 0
m_access_time_CPU_3 0
ns_single_CPU_3 0
pdt_m_rows_CPU_3 0
cores_sketch_CPU_3 0
cores_dpdk_CPU_3 7
ns_sketch_CPU_3 10.2041
pdt_nsk_c_CPU_3 0
ns_dpdk_CPU_3 10.2041
pdt_nsc_dpdk_CPU_3 71.4286
ns_CPU_3 10.2041
--------------------------------------------------

VARIABLES ------------------------------
Objective: 10.204081632653063
mem_tot_CPU_4 0
m_access_time_CPU_4 0
ns_single_CPU_4 0
pdt_m_rows_CPU_4 0
cores_sketch_CPU_4 0
cores_dpdk_CPU_4 7
ns_sketch_CPU_4 10.2041
pdt_nsk_c_CPU_4 0
ns_dpdk_CPU_4 10.2041
pdt_nsc_dpdk_CPU_4 71.4286
ns_CPU_4 10.2041
--------------------------------------------------

VARIABLES ------------------------------
Objective: 10.204081632653063
mem_tot_CPU_5 0
m_access_time_CPU_5 0
ns_single_CPU_5 0
pdt_m_rows_CPU_5 0
cores_sketch_CPU_5 0
cores_dpdk_CPU_5 7
ns_sketch_CPU_5 10.2041
pdt_nsk_c_CPU_5 0
ns_dpdk_CPU_5 10.2041
pdt_nsc_dpdk_CPU_5 71.4286
ns_CPU_5 10.2041
--------------------------------------------------

VARIABLES ------------------------------
Objective: 10.204081632653063
mem_tot_CPU_6 0
m_access_time_CPU_6 0
ns_single_CPU_6 0
pdt_m_rows_CPU_6 0
cores_sketch_CPU_6 0
cores_dpdk_CPU_6 7
ns_sketch_CPU_6 10.2041
pdt_nsk_c_CPU_6 0
ns_dpdk_CPU_6 10.2041
pdt_nsc_dpdk_CPU_6 71.4286
ns_CPU_6 10.2041
--------------------------------------------------

VARIABLES ------------------------------
Objective: 10.204081632653063
mem_tot_CPU_7 0
m_access_time_CPU_7 0
ns_single_CPU_7 0
pdt_m_rows_CPU_7 0
cores_sketch_CPU_7 0
cores_dpdk_CPU_7 7
ns_sketch_CPU_7 10.2041
pdt_nsk_c_CPU_7 0
ns_dpdk_CPU_7 10.2041
pdt_nsc_dpdk_CPU_7 71.4286
ns_CPU_7 10.2041
--------------------------------------------------

VARIABLES ------------------------------
Objective: 10.204081632653063
mem_tot_CPU_8 0
m_access_time_CPU_8 0
ns_single_CPU_8 0
pdt_m_rows_CPU_8 0
cores_sketch_CPU_8 0
cores_dpdk_CPU_8 7
ns_sketch_CPU_8 10.2041
pdt_nsk_c_CPU_8 0
ns_dpdk_CPU_8 10.2041
pdt_nsc_dpdk_CPU_8 71.4286
ns_CPU_8 10.2041
--------------------------------------------------

Throughput: 97.99999999999999 Mpps, ns per packet: 10.204081632653063
Resources: 639.2746884918628
Used Cores: 62.99999999999975, Total CPUS: 9, Switch Memory: 55.21970222556248

Sketch (14) (cm: eps0: 0.00625, del0: 0.05, min_mem: 1.69921875)
Par0 id: 14, Rows: 3
(0.278,9)    
Total frac: 0.278

Sketch (7) (cm: eps0: 0.00625, del0: 0.05, min_mem: 1.69921875)
Par0 id: 7, Rows: 3
(1.000,9)    (0.000,8)    (0.000,7)    
Total frac: 1.000

Sketch (16) (cm: eps0: 0.00625, del0: 0.05, min_mem: 1.69921875)
Par0 id: 16, Rows: 3
(0.278,9)    
Total frac: 0.278

Sketch (10) (cm: eps0: 0.00625, del0: 0.05, min_mem: 1.69921875)
Par0 id: 10, Rows: 3
(0.278,9)    
Total frac: 0.278

Sketch (3) (cm: eps0: 0.00625, del0: 0.05, min_mem: 1.69921875)
Par0 id: 3, Rows: 3
(1.000,9)    (0.000,4)    (0.000,3)    
Total frac: 1.000

Sketch (15) (cm: eps0: 0.00625, del0: 0.05, min_mem: 1.69921875)
Par0 id: 15, Rows: 3
(0.278,9)    
Total frac: 0.278

Sketch (11) (cm: eps0: 0.00625, del0: 0.05, min_mem: 1.69921875)
Par0 id: 11, Rows: 3
(0.278,9)    
Total frac: 0.278

Sketch (4) (cm: eps0: 0.00625, del0: 0.05, min_mem: 1.69921875)
Par0 id: 4, Rows: 3
(0.000,4)    (1.000,9)    (0.000,5)    
Total frac: 1.000

Sketch (0) (cm: eps0: 0.00625, del0: 0.05, min_mem: 1.69921875)
Par0 id: 0, Rows: 3
(1.000,9)    (0.000,0)    (0.000,1)    
Total frac: 1.000

Sketch (18) (cm: eps0: 0.00625, del0: 0.05, min_mem: 1.69921875)
Par0 id: 18, Rows: 3
(0.167,9)    
Total frac: 0.167

Sketch (12) (cm: eps0: 0.00625, del0: 0.05, min_mem: 1.69921875)
Par0 id: 12, Rows: 3
(0.278,9)    
Total frac: 0.278

Sketch (5) (cm: eps0: 0.00625, del0: 0.05, min_mem: 1.69921875)
Par0 id: 5, Rows: 3
(1.000,9)    (0.000,5)    (0.000,6)    
Total frac: 1.000

Sketch (8) (cm: eps0: 0.00625, del0: 0.05, min_mem: 1.69921875)
Par0 id: 8, Rows: 3
(0.000,8)    (0.278,9)    
Total frac: 0.278

Sketch (1) (cm: eps0: 0.00625, del0: 0.05, min_mem: 1.69921875)
Par0 id: 1, Rows: 3
(0.000,2)    (0.000,1)    (1.000,9)    
Total frac: 1.000

Sketch (19) (cm: eps0: 0.00625, del0: 0.05, min_mem: 1.69921875)
Par0 id: 19, Rows: 3
(0.000,0)    (0.167,9)    
Total frac: 0.167

Sketch (13) (cm: eps0: 0.00625, del0: 0.05, min_mem: 1.69921875)
Par0 id: 13, Rows: 3
(0.278,9)    
Total frac: 0.278

Sketch (6) (cm: eps0: 0.00625, del0: 0.05, min_mem: 1.69921875)
Par0 id: 6, Rows: 3
(0.000,7)    (1.000,9)    (0.000,6)    
Total frac: 1.000

Sketch (9) (cm: eps0: 0.00625, del0: 0.05, min_mem: 1.69921875)
Par0 id: 9, Rows: 3
(0.278,9)    
Total frac: 0.278

Sketch (2) (cm: eps0: 0.00625, del0: 0.05, min_mem: 1.69921875)
Par0 id: 2, Rows: 3
(0.000,2)    (1.000,9)    (0.000,3)    
Total frac: 1.000

Device (0) CPU_0:
cores_sketch: 0.0, cores_dpdk: 6.999999999999973
Rows total: 5.885645977011494e-07
Mem total: 1.0001e-06
Throughput: 97.99999999999999

Device (1) CPU_1:
cores_sketch: 0.0, cores_dpdk: 6.999999999999973
Rows total: 0.0
Mem total: 0.0
Throughput: 97.99999999999999

Device (2) CPU_2:
cores_sketch: 0.0, cores_dpdk: 6.999999999999973
Rows total: 0.0
Mem total: 0.0
Throughput: 97.99999999999999

Device (3) CPU_3:
cores_sketch: 0.0, cores_dpdk: 6.999999999999973
Rows total: 0.0
Mem total: 0.0
Throughput: 97.99999999999999

Device (4) CPU_4:
cores_sketch: 0.0, cores_dpdk: 6.999999999999973
Rows total: 0.0
Mem total: 0.0
Throughput: 97.99999999999999

Device (5) CPU_5:
cores_sketch: 0.0, cores_dpdk: 6.999999999999973
Rows total: 0.0
Mem total: 0.0
Throughput: 97.99999999999999

Device (6) CPU_6:
cores_sketch: 0.0, cores_dpdk: 6.999999999999973
Rows total: 0.0
Mem total: 0.0
Throughput: 97.99999999999999

Device (7) CPU_7:
cores_sketch: 0.0, cores_dpdk: 6.999999999999973
Rows total: 0.0
Mem total: 0.0
Throughput: 97.99999999999999

Device (8) CPU_8:
cores_sketch: 0.0, cores_dpdk: 6.999999999999973
Rows total: 5.885645977011494e-07
Mem total: 1.0001e-06
Throughput: 97.99999999999999

Device (9) P4_1:
Rows total: 32.49711211435401
Mem total: 55.21970222556248
Throughput: 148.0

Flow 0:
partitions: [(8, 1.0)]
path: {0, 9, 1}
Flow 1:
partitions: [(13, 1.0)]
path: {1, 2, 9}
Flow 2:
partitions: [(18, 1.0)]
path: {9, 2, 3}
Flow 3:
partitions: [(4, 1.0)]
path: {9, 3, 4}
Flow 4:
partitions: [(7, 1.0)]
path: {9, 4, 5}
Flow 5:
partitions: [(11, 1.0)]
path: {9, 5, 6}
Flow 6:
partitions: [(16, 1.0)]
path: {9, 6, 7}
Flow 7:
partitions: [(1, 1.0)]
path: {8, 9, 7}
Flow 8:
partitions: [(12, 0.27769044444444435)]
path: {8, 9}
Flow 9:
partitions: [(17, 0.27769044444444435)]
path: {9}
Flow 10:
partitions: [(3, 0.27769044444444435)]
path: {9}
Flow 11:
partitions: [(6, 0.27769044444444435)]
path: {9}
Flow 12:
partitions: [(10, 0.27769044444444435)]
path: {9}
Flow 13:
partitions: [(15, 0.27769044444444435)]
path: {9}
Flow 14:
partitions: [(0, 0.27769044444444435)]
path: {9}
Flow 15:
partitions: [(5, 0.27769044444444435)]
path: {9}
Flow 16:
partitions: [(2, 0.27769044444444435)]
path: {9}
Flow 17:
partitions: [(9, 0.16657933333333308)]
path: {9}
Flow 18:
partitions: [(14, 0.16657933333333308)]
path: {0, 9}
--------------------------------------------------
Function: MIP.solve took 0.03928327560424805 seconds
Building model with:
9 devices, 10 partitions and 10 flows
Function: MIP.add_frac_mem_var took 0.00011348724365234375 seconds
Function: MIP.add_coverage_constraints took 0.00010037422180175781 seconds
Function: MIP.add_accuracy_constraints took 0.00020122528076171875 seconds
Function: MIP.add_capacity_constraints took 0.0006475448608398438 seconds
--------------------------------------------------
Starting model update
Model update took: 4.482269287109375e-05 s
--------------------------------------------------
Starting model optimize
Model optimize took: 0.0032274723052978516 seconds
--------------------------------------------------

VARIABLES ------------------------------
Objective: 22.502358
frac[6,4] 0.27769
frac[3,2] 0.555381
frac[5,4] 0.444619
frac[8,3] 0
frac[4,6] 0.72231
frac[7,3] 0.72231
frac[4,8] 0.27769
frac[5,6] 0
frac[2,2] 0.166929
frac[6,1] 0.72231
frac[7,1] 0
frac[8,0] 1
frac[0,7] 0.27769
frac[3,8] 0.444619
frac[1,5] 0.555381
frac[1,7] 0.444619
frac[0,9] 0.72231
frac[2,5] 0.166929
mem[6,4] 1.41557
mem[3,2] 2.83114
mem[5,4] 2.26652
mem[8,3] 0
mem[4,6] 3.68209
mem[7,3] 3.68209
mem[4,8] 1.41557
mem[5,6] 0
mem[2,2] 0.850945
mem[6,1] 3.68209
mem[7,1] 0
mem[8,0] 5.09766
mem[0,7] 1.41557
mem[3,8] 2.26652
mem[1,5] 2.83114
mem[1,7] 2.26652
mem[0,9] 3.68209
mem[2,5] 0.850945
mem_tot_CPU_9 5.09766
normalized_mem_tot_CPU_9 0.000155568
rows_tot_CPU_9 3
normalized_rows_tot_CPU_9 0.25
mem_tot_CPU_10 5.09766
normalized_mem_tot_CPU_10 0.000155568
rows_tot_CPU_10 3
normalized_rows_tot_CPU_10 0.25
mem_tot_CPU_11 1.70189
normalized_mem_tot_CPU_11 5.19376e-05
rows_tot_CPU_11 1.00157
normalized_rows_tot_CPU_11 0.0834643
mem_tot_CPU_12 5.09766
normalized_mem_tot_CPU_12 0.000155568
rows_tot_CPU_12 3
normalized_rows_tot_CPU_12 0.25
mem_tot_CPU_13 5.09766
normalized_mem_tot_CPU_13 0.000155568
rows_tot_CPU_13 3
normalized_rows_tot_CPU_13 0.25
mem_tot_CPU_14 2.26652
normalized_mem_tot_CPU_14 6.91686e-05
rows_tot_CPU_14 1.33386
normalized_rows_tot_CPU_14 0.111155
mem_tot_CPU_15 5.09766
normalized_mem_tot_CPU_15 0.000155568
rows_tot_CPU_15 3
normalized_rows_tot_CPU_15 0.25
mem_tot_CPU_16 3.68209
normalized_mem_tot_CPU_16 0.000112368
rows_tot_CPU_16 2.16693
normalized_rows_tot_CPU_16 0.180577
mem_tot_CPU_17 5.09766
normalized_mem_tot_CPU_17 0.000155568
rows_tot_CPU_17 3
normalized_rows_tot_CPU_17 0.25
max_mem_CPU_Cluster 0.000155568
max_rows_CPU_Cluster 0.25
--------------------------------------------------

Sketch (17) (cm: eps0: 0.00625, del0: 0.05, min_mem: 1.69921875)
Par0 id: 17, Rows: 3
(1.000,8)    
Total frac: 1.000

Sketch (15) (cm: eps0: 0.00625, del0: 0.05, min_mem: 1.69921875)
Par0 id: 15, Rows: 3
(0.722,6)    (0.000,7)    
Total frac: 0.722

Sketch (11) (cm: eps0: 0.00625, del0: 0.05, min_mem: 1.69921875)
Par0 id: 11, Rows: 3
(0.555,3)    (0.167,2)    
Total frac: 0.722

Sketch (16) (cm: eps0: 0.00625, del0: 0.05, min_mem: 1.69921875)
Par0 id: 16, Rows: 3
(0.000,8)    (0.722,7)    
Total frac: 0.722

Sketch (14) (cm: eps0: 0.00625, del0: 0.05, min_mem: 1.69921875)
Par0 id: 14, Rows: 3
(0.278,6)    (0.445,5)    
Total frac: 0.722

Sketch (10) (cm: eps0: 0.00625, del0: 0.05, min_mem: 1.69921875)
Par0 id: 10, Rows: 3
(0.555,1)    (0.167,2)    
Total frac: 0.722

Sketch (13) (cm: eps0: 0.00625, del0: 0.05, min_mem: 1.69921875)
Par0 id: 13, Rows: 3
(0.722,4)    (0.000,5)    
Total frac: 0.722

Sketch (9) (cm: eps0: 0.00625, del0: 0.05, min_mem: 1.69921875)
Par0 id: 9, Rows: 3
(0.278,0)    (0.445,1)    
Total frac: 0.722

Sketch (12) (cm: eps0: 0.00625, del0: 0.05, min_mem: 1.69921875)
Par0 id: 12, Rows: 3
(0.278,4)    (0.445,3)    
Total frac: 0.722

Sketch (8) (cm: eps0: 0.00625, del0: 0.05, min_mem: 1.69921875)
Par0 id: 8, Rows: 3
(0.722,0)    
Total frac: 0.722

Device (0) CPU_9:
Rows total: 3.0000000000000004
Mem total: 5.097656250000001

Device (1) CPU_10:
Rows total: 3.0000000000000004
Mem total: 5.097656250000001

Device (2) CPU_11:
Rows total: 1.0015719999999997
Mem total: 1.7018899218749994

Device (3) CPU_12:
Rows total: 3.0000000000000004
Mem total: 5.097656250000001

Device (4) CPU_13:
Rows total: 3.0000000000000004
Mem total: 5.097656250000001

Device (5) CPU_14:
Rows total: 1.3338573333333332
Mem total: 2.266515390625

Device (6) CPU_15:
Rows total: 3.0000000000000004
Mem total: 5.097656250000001

Device (7) CPU_16:
Rows total: 2.1669286666666667
Mem total: 3.6820858203125004

Device (8) CPU_17:
Rows total: 3.0
Mem total: 5.09765625

Flow 0:
partitions: [(9, 0.7223095555555556)]
path: {0}
Flow 1:
partitions: [(7, 0.7223095555555556)]
path: {0, 1}
Flow 2:
partitions: [(5, 0.7223095555555556)]
path: {1, 2}
Flow 3:
partitions: [(2, 0.7223095555555556)]
path: {2, 3}
Flow 4:
partitions: [(8, 0.7223095555555556)]
path: {3, 4}
Flow 5:
partitions: [(6, 0.7223095555555556)]
path: {4, 5}
Flow 6:
partitions: [(4, 0.7223095555555556)]
path: {5, 6}
Flow 7:
partitions: [(1, 0.7223095555555556)]
path: {6, 7}
Flow 8:
partitions: [(3, 0.7223095555555556)]
path: {8, 7}
Flow 9:
partitions: [(0, 1.0)]
path: {8}
--------------------------------------------------

VARIABLES ------------------------------
Objective: 11.42857142857143
mem_tot_CPU_9 5.09766
m_access_time_CPU_9 0.536096
ns_single_CPU_9 12.1083
pdt_m_rows_CPU_9 1.60829
cores_sketch_CPU_9 2
cores_dpdk_CPU_9 5
ns_sketch_CPU_9 6.05414
pdt_nsk_c_CPU_9 12.1083
ns_dpdk_CPU_9 11.4286
pdt_nsc_dpdk_CPU_9 57.1429
ns_CPU_9 11.4286
--------------------------------------------------

VARIABLES ------------------------------
Objective: 11.42857142857143
mem_tot_CPU_10 5.09766
m_access_time_CPU_10 0.536096
ns_single_CPU_10 12.1083
pdt_m_rows_CPU_10 1.60829
cores_sketch_CPU_10 2
cores_dpdk_CPU_10 5
ns_sketch_CPU_10 6.05414
pdt_nsk_c_CPU_10 12.1083
ns_dpdk_CPU_10 11.4286
pdt_nsc_dpdk_CPU_10 57.1429
ns_CPU_10 11.4286
--------------------------------------------------

VARIABLES ------------------------------
Objective: 10.714285714285715
mem_tot_CPU_11 1.70189
m_access_time_CPU_11 0.539277
ns_single_CPU_11 4.04563
pdt_m_rows_CPU_11 0.540125
cores_sketch_CPU_11 1
cores_dpdk_CPU_11 6
ns_sketch_CPU_11 4.04563
pdt_nsk_c_CPU_11 4.04563
ns_dpdk_CPU_11 10.7143
pdt_nsc_dpdk_CPU_11 64.2857
ns_CPU_11 10.7143
--------------------------------------------------

VARIABLES ------------------------------
Objective: 11.42857142857143
mem_tot_CPU_12 5.09766
m_access_time_CPU_12 0.536096
ns_single_CPU_12 12.1083
pdt_m_rows_CPU_12 1.60829
cores_sketch_CPU_12 2
cores_dpdk_CPU_12 5
ns_sketch_CPU_12 6.05414
pdt_nsk_c_CPU_12 12.1083
ns_dpdk_CPU_12 11.4286
pdt_nsc_dpdk_CPU_12 57.1429
ns_CPU_12 11.4286
--------------------------------------------------

VARIABLES ------------------------------
Objective: 11.42857142857143
mem_tot_CPU_13 5.09766
m_access_time_CPU_13 0.536096
ns_single_CPU_13 12.1083
pdt_m_rows_CPU_13 1.60829
cores_sketch_CPU_13 2
cores_dpdk_CPU_13 5
ns_sketch_CPU_13 6.05414
pdt_nsk_c_CPU_13 12.1083
ns_dpdk_CPU_13 11.4286
pdt_nsc_dpdk_CPU_13 57.1429
ns_CPU_13 11.4286
--------------------------------------------------

VARIABLES ------------------------------
Objective: 10.714285714285715
mem_tot_CPU_14 2.26652
m_access_time_CPU_14 0.538748
ns_single_CPU_14 5.38711
pdt_m_rows_CPU_14 0.718613
cores_sketch_CPU_14 1
cores_dpdk_CPU_14 6
ns_sketch_CPU_14 5.38711
pdt_nsk_c_CPU_14 5.38711
ns_dpdk_CPU_14 10.7143
pdt_nsc_dpdk_CPU_14 64.2857
ns_CPU_14 10.7143
--------------------------------------------------

VARIABLES ------------------------------
Objective: 11.42857142857143
mem_tot_CPU_15 5.09766
m_access_time_CPU_15 0.536096
ns_single_CPU_15 12.1083
pdt_m_rows_CPU_15 1.60829
cores_sketch_CPU_15 2
cores_dpdk_CPU_15 5
ns_sketch_CPU_15 6.05414
pdt_nsk_c_CPU_15 12.1083
ns_dpdk_CPU_15 11.4286
pdt_nsc_dpdk_CPU_15 57.1429
ns_CPU_15 11.4286
--------------------------------------------------

VARIABLES ------------------------------
Objective: 10.714285714285715
mem_tot_CPU_16 3.68209
m_access_time_CPU_16 0.537422
ns_single_CPU_16 8.74881
pdt_m_rows_CPU_16 1.16455
cores_sketch_CPU_16 1
cores_dpdk_CPU_16 6
ns_sketch_CPU_16 8.74881
pdt_nsk_c_CPU_16 8.74881
ns_dpdk_CPU_16 10.7143
pdt_nsc_dpdk_CPU_16 64.2857
ns_CPU_16 10.7143
--------------------------------------------------

VARIABLES ------------------------------
Objective: 11.42857142857143
mem_tot_CPU_17 5.09766
m_access_time_CPU_17 0.536096
ns_single_CPU_17 12.1083
pdt_m_rows_CPU_17 1.60829
cores_sketch_CPU_17 2
cores_dpdk_CPU_17 5
ns_sketch_CPU_17 6.05414
pdt_nsk_c_CPU_17 12.1083
ns_dpdk_CPU_17 11.4286
pdt_nsc_dpdk_CPU_17 57.1429
ns_CPU_17 11.4286
--------------------------------------------------

VARIABLES ------------------------------
Objective: 11.42857142857143
mem_tot_CPU_9 5.09766
m_access_time_CPU_9 0.536096
ns_single_CPU_9 12.1083
pdt_m_rows_CPU_9 1.60829
cores_sketch_CPU_9 2
cores_dpdk_CPU_9 5
ns_sketch_CPU_9 6.05414
pdt_nsk_c_CPU_9 12.1083
ns_dpdk_CPU_9 11.4286
pdt_nsc_dpdk_CPU_9 57.1429
ns_CPU_9 11.4286
--------------------------------------------------

VARIABLES ------------------------------
Objective: 11.42857142857143
mem_tot_CPU_10 5.09766
m_access_time_CPU_10 0.536096
ns_single_CPU_10 12.1083
pdt_m_rows_CPU_10 1.60829
cores_sketch_CPU_10 2
cores_dpdk_CPU_10 5
ns_sketch_CPU_10 6.05414
pdt_nsk_c_CPU_10 12.1083
ns_dpdk_CPU_10 11.4286
pdt_nsc_dpdk_CPU_10 57.1429
ns_CPU_10 11.4286
--------------------------------------------------

VARIABLES ------------------------------
Objective: 11.42857142857143
mem_tot_CPU_11 1.70189
m_access_time_CPU_11 0.539277
ns_single_CPU_11 4.04563
pdt_m_rows_CPU_11 0.540125
cores_sketch_CPU_11 1
cores_dpdk_CPU_11 5
ns_sketch_CPU_11 4.04563
pdt_nsk_c_CPU_11 4.04563
ns_dpdk_CPU_11 11.4286
pdt_nsc_dpdk_CPU_11 57.1429
ns_CPU_11 11.4286
--------------------------------------------------

VARIABLES ------------------------------
Objective: 11.42857142857143
mem_tot_CPU_12 5.09766
m_access_time_CPU_12 0.536096
ns_single_CPU_12 12.1083
pdt_m_rows_CPU_12 1.60829
cores_sketch_CPU_12 2
cores_dpdk_CPU_12 5
ns_sketch_CPU_12 6.05414
pdt_nsk_c_CPU_12 12.1083
ns_dpdk_CPU_12 11.4286
pdt_nsc_dpdk_CPU_12 57.1429
ns_CPU_12 11.4286
--------------------------------------------------

VARIABLES ------------------------------
Objective: 11.42857142857143
mem_tot_CPU_13 5.09766
m_access_time_CPU_13 0.536096
ns_single_CPU_13 12.1083
pdt_m_rows_CPU_13 1.60829
cores_sketch_CPU_13 2
cores_dpdk_CPU_13 5
ns_sketch_CPU_13 6.05414
pdt_nsk_c_CPU_13 12.1083
ns_dpdk_CPU_13 11.4286
pdt_nsc_dpdk_CPU_13 57.1429
ns_CPU_13 11.4286
--------------------------------------------------

VARIABLES ------------------------------
Objective: 11.42857142857143
mem_tot_CPU_14 2.26652
m_access_time_CPU_14 0.538748
ns_single_CPU_14 5.38711
pdt_m_rows_CPU_14 0.718613
cores_sketch_CPU_14 1
cores_dpdk_CPU_14 5
ns_sketch_CPU_14 5.38711
pdt_nsk_c_CPU_14 5.38711
ns_dpdk_CPU_14 11.4286
pdt_nsc_dpdk_CPU_14 57.1429
ns_CPU_14 11.4286
--------------------------------------------------

VARIABLES ------------------------------
Objective: 11.42857142857143
mem_tot_CPU_15 5.09766
m_access_time_CPU_15 0.536096
ns_single_CPU_15 12.1083
pdt_m_rows_CPU_15 1.60829
cores_sketch_CPU_15 2
cores_dpdk_CPU_15 5
ns_sketch_CPU_15 6.05414
pdt_nsk_c_CPU_15 12.1083
ns_dpdk_CPU_15 11.4286
pdt_nsc_dpdk_CPU_15 57.1429
ns_CPU_15 11.4286
--------------------------------------------------

VARIABLES ------------------------------
Objective: 11.42857142857143
mem_tot_CPU_16 3.68209
m_access_time_CPU_16 0.537422
ns_single_CPU_16 8.74881
pdt_m_rows_CPU_16 1.16455
cores_sketch_CPU_16 1
cores_dpdk_CPU_16 5
ns_sketch_CPU_16 8.74881
pdt_nsk_c_CPU_16 8.74881
ns_dpdk_CPU_16 11.4286
pdt_nsc_dpdk_CPU_16 57.1429
ns_CPU_16 11.4286
--------------------------------------------------

VARIABLES ------------------------------
Objective: 11.42857142857143
mem_tot_CPU_17 5.09766
m_access_time_CPU_17 0.536096
ns_single_CPU_17 12.1083
pdt_m_rows_CPU_17 1.60829
cores_sketch_CPU_17 2
cores_dpdk_CPU_17 5
ns_sketch_CPU_17 6.05414
pdt_nsk_c_CPU_17 12.1083
ns_dpdk_CPU_17 11.4286
pdt_nsc_dpdk_CPU_17 57.1429
ns_CPU_17 11.4286
--------------------------------------------------

Throughput: 87.49999999999999 Mpps, ns per packet: 11.42857142857143
Resources: 600.0046675327919
Used Cores: 59.999999999999986, Total CPUS: 9, Switch Memory: 0

Sketch (17) (cm: eps0: 0.00625, del0: 0.05, min_mem: 1.69921875)
Par0 id: 17, Rows: 3
(1.000,8)    
Total frac: 1.000

Sketch (15) (cm: eps0: 0.00625, del0: 0.05, min_mem: 1.69921875)
Par0 id: 15, Rows: 3
(0.722,6)    (0.000,7)    
Total frac: 0.722

Sketch (11) (cm: eps0: 0.00625, del0: 0.05, min_mem: 1.69921875)
Par0 id: 11, Rows: 3
(0.555,3)    (0.167,2)    
Total frac: 0.722

Sketch (16) (cm: eps0: 0.00625, del0: 0.05, min_mem: 1.69921875)
Par0 id: 16, Rows: 3
(0.000,8)    (0.722,7)    
Total frac: 0.722

Sketch (14) (cm: eps0: 0.00625, del0: 0.05, min_mem: 1.69921875)
Par0 id: 14, Rows: 3
(0.278,6)    (0.445,5)    
Total frac: 0.722

Sketch (10) (cm: eps0: 0.00625, del0: 0.05, min_mem: 1.69921875)
Par0 id: 10, Rows: 3
(0.555,1)    (0.167,2)    
Total frac: 0.722

Sketch (13) (cm: eps0: 0.00625, del0: 0.05, min_mem: 1.69921875)
Par0 id: 13, Rows: 3
(0.722,4)    (0.000,5)    
Total frac: 0.722

Sketch (9) (cm: eps0: 0.00625, del0: 0.05, min_mem: 1.69921875)
Par0 id: 9, Rows: 3
(0.278,0)    (0.445,1)    
Total frac: 0.722

Sketch (12) (cm: eps0: 0.00625, del0: 0.05, min_mem: 1.69921875)
Par0 id: 12, Rows: 3
(0.278,4)    (0.445,3)    
Total frac: 0.722

Sketch (8) (cm: eps0: 0.00625, del0: 0.05, min_mem: 1.69921875)
Par0 id: 8, Rows: 3
(0.722,0)    
Total frac: 0.722

Device (0) CPU_9:
cores_sketch: 2.0000000000000004, cores_dpdk: 4.9999999999999964
Rows total: 3.0000000000000004
Mem total: 5.097656250000001
Throughput: 87.49999999999999

Device (1) CPU_10:
cores_sketch: 2.0000000000000004, cores_dpdk: 4.9999999999999964
Rows total: 3.0000000000000004
Mem total: 5.097656250000001
Throughput: 87.49999999999999

Device (2) CPU_11:
cores_sketch: 1.0, cores_dpdk: 5.0
Rows total: 1.0015719999999997
Mem total: 1.7018899218749994
Throughput: 87.49999999999999

Device (3) CPU_12:
cores_sketch: 2.0000000000000004, cores_dpdk: 4.9999999999999964
Rows total: 3.0000000000000004
Mem total: 5.097656250000001
Throughput: 87.49999999999999

Device (4) CPU_13:
cores_sketch: 2.0000000000000004, cores_dpdk: 4.9999999999999964
Rows total: 3.0000000000000004
Mem total: 5.097656250000001
Throughput: 87.49999999999999

Device (5) CPU_14:
cores_sketch: 1.0, cores_dpdk: 5.0
Rows total: 1.3338573333333332
Mem total: 2.266515390625
Throughput: 87.49999999999999

Device (6) CPU_15:
cores_sketch: 2.0000000000000004, cores_dpdk: 4.9999999999999964
Rows total: 3.0000000000000004
Mem total: 5.097656250000001
Throughput: 87.49999999999999

Device (7) CPU_16:
cores_sketch: 1.0, cores_dpdk: 5.0
Rows total: 2.1669286666666667
Mem total: 3.6820858203125004
Throughput: 87.49999999999999

Device (8) CPU_17:
cores_sketch: 2.0, cores_dpdk: 4.9999999999999964
Rows total: 3.0
Mem total: 5.09765625
Throughput: 87.49999999999999

Flow 0:
partitions: [(9, 0.7223095555555556)]
path: {0}
Flow 1:
partitions: [(7, 0.7223095555555556)]
path: {0, 1}
Flow 2:
partitions: [(5, 0.7223095555555556)]
path: {1, 2}
Flow 3:
partitions: [(2, 0.7223095555555556)]
path: {2, 3}
Flow 4:
partitions: [(8, 0.7223095555555556)]
path: {3, 4}
Flow 5:
partitions: [(6, 0.7223095555555556)]
path: {4, 5}
Flow 6:
partitions: [(4, 0.7223095555555556)]
path: {5, 6}
Flow 7:
partitions: [(1, 0.7223095555555556)]
path: {6, 7}
Flow 8:
partitions: [(3, 0.7223095555555556)]
path: {8, 7}
Flow 9:
partitions: [(0, 1.0)]
path: {8}
--------------------------------------------------
Function: MIP.solve took 0.049031734466552734 seconds
Building model with:
2 devices, 2 partitions and 2 flows
Function: MIP.add_frac_mem_var took 6.4849853515625e-05 seconds
Function: MIP.add_coverage_constraints took 3.266334533691406e-05 seconds
Function: MIP.add_accuracy_constraints took 4.4345855712890625e-05 seconds
Function: MIP.add_capacity_constraints took 0.00017714500427246094 seconds
--------------------------------------------------
Starting model update
Model update took: 2.193450927734375e-05 s
--------------------------------------------------
Starting model optimize
Model optimize took: 0.0014486312866210938 seconds
--------------------------------------------------

VARIABLES ------------------------------
Objective: 5.000524000000001
frac[0,1] 0.833421
frac[1,0] 0.833421
frac[0,0] 0
mem[0,1] 4.24849
mem[1,0] 4.24849
mem[0,0] 0
mem_tot_CPU_19 4.24849
normalized_mem_tot_CPU_19 0.000129654
rows_tot_CPU_19 2.50026
normalized_rows_tot_CPU_19 0.208355
mem_tot_CPU_18 4.24849
normalized_mem_tot_CPU_18 0.000129654
rows_tot_CPU_18 2.50026
normalized_rows_tot_CPU_18 0.208355
max_mem_CPU_Cluster 0.000129654
max_rows_CPU_Cluster 0.208355
--------------------------------------------------

Sketch (18) (cm: eps0: 0.00625, del0: 0.05, min_mem: 1.69921875)
Par0 id: 18, Rows: 3
(0.833,1)    (0.000,0)    
Total frac: 0.833

Sketch (19) (cm: eps0: 0.00625, del0: 0.05, min_mem: 1.69921875)
Par0 id: 19, Rows: 3
(0.833,0)    
Total frac: 0.833

Device (0) CPU_19:
Rows total: 2.5002620000000007
Mem total: 4.248492070312501

Device (1) CPU_18:
Rows total: 2.5002620000000007
Mem total: 4.248492070312501

Flow 0:
partitions: [(0, 0.8334206666666669)]
path: {0, 1}
Flow 1:
partitions: [(1, 0.8334206666666669)]
path: {0}
--------------------------------------------------

VARIABLES ------------------------------
Objective: 10.714285714285715
mem_tot_CPU_19 4.24849
m_access_time_CPU_19 0.536891
ns_single_CPU_19 10.0933
pdt_m_rows_CPU_19 1.34237
cores_sketch_CPU_19 1
cores_dpdk_CPU_19 6
ns_sketch_CPU_19 10.0933
pdt_nsk_c_CPU_19 10.0933
ns_dpdk_CPU_19 10.7143
pdt_nsc_dpdk_CPU_19 64.2857
ns_CPU_19 10.7143
--------------------------------------------------

VARIABLES ------------------------------
Objective: 10.714285714285715
mem_tot_CPU_18 4.24849
m_access_time_CPU_18 0.536891
ns_single_CPU_18 10.0933
pdt_m_rows_CPU_18 1.34237
cores_sketch_CPU_18 1
cores_dpdk_CPU_18 6
ns_sketch_CPU_18 10.0933
pdt_nsk_c_CPU_18 10.0933
ns_dpdk_CPU_18 10.7143
pdt_nsc_dpdk_CPU_18 64.2857
ns_CPU_18 10.7143
--------------------------------------------------

VARIABLES ------------------------------
Objective: 10.714285714285715
mem_tot_CPU_19 4.24849
m_access_time_CPU_19 0.536891
ns_single_CPU_19 10.0933
pdt_m_rows_CPU_19 1.34237
cores_sketch_CPU_19 1
cores_dpdk_CPU_19 6
ns_sketch_CPU_19 10.0933
pdt_nsk_c_CPU_19 10.0933
ns_dpdk_CPU_19 10.7143
pdt_nsc_dpdk_CPU_19 64.2857
ns_CPU_19 10.7143
--------------------------------------------------

VARIABLES ------------------------------
Objective: 10.714285714285715
mem_tot_CPU_18 4.24849
m_access_time_CPU_18 0.536891
ns_single_CPU_18 10.0933
pdt_m_rows_CPU_18 1.34237
cores_sketch_CPU_18 1
cores_dpdk_CPU_18 6
ns_sketch_CPU_18 10.0933
pdt_nsk_c_CPU_18 10.0933
ns_dpdk_CPU_18 10.7143
pdt_nsc_dpdk_CPU_18 64.2857
ns_CPU_18 10.7143
--------------------------------------------------

Throughput: 93.33333333333333 Mpps, ns per packet: 10.714285714285715
Resources: 140.00103722950934
Used Cores: 13.999999999999996, Total CPUS: 2, Switch Memory: 0

Sketch (18) (cm: eps0: 0.00625, del0: 0.05, min_mem: 1.69921875)
Par0 id: 18, Rows: 3
(0.833,1)    (0.000,0)    
Total frac: 0.833

Sketch (19) (cm: eps0: 0.00625, del0: 0.05, min_mem: 1.69921875)
Par0 id: 19, Rows: 3
(0.833,0)    
Total frac: 0.833

Device (0) CPU_19:
cores_sketch: 1.0, cores_dpdk: 5.999999999999998
Rows total: 2.5002620000000007
Mem total: 4.248492070312501
Throughput: 93.33333333333333

Device (1) CPU_18:
cores_sketch: 1.0, cores_dpdk: 5.999999999999998
Rows total: 2.5002620000000007
Mem total: 4.248492070312501
Throughput: 93.33333333333333

Flow 0:
partitions: [(0, 0.8334206666666669)]
path: {0, 1}
Flow 1:
partitions: [(1, 0.8334206666666669)]
path: {0}
--------------------------------------------------
Function: MIP.solve took 0.01226806640625 seconds
--------------------------------------------------
Clustered Optimization complete
--------------------------------------------------

VARIABLES ------------------------------
Objective: 10.204081632653063
mem_tot_CPU_0 0
m_access_time_CPU_0 0
ns_single_CPU_0 0
pdt_m_rows_CPU_0 0
cores_sketch_CPU_0 0
cores_dpdk_CPU_0 7
ns_sketch_CPU_0 10.2041
pdt_nsk_c_CPU_0 0
ns_dpdk_CPU_0 10.2041
pdt_nsc_dpdk_CPU_0 71.4286
ns_CPU_0 10.2041
--------------------------------------------------

VARIABLES ------------------------------
Objective: 10.204081632653063
mem_tot_CPU_1 0
m_access_time_CPU_1 0
ns_single_CPU_1 0
pdt_m_rows_CPU_1 0
cores_sketch_CPU_1 0
cores_dpdk_CPU_1 7
ns_sketch_CPU_1 10.2041
pdt_nsk_c_CPU_1 0
ns_dpdk_CPU_1 10.2041
pdt_nsc_dpdk_CPU_1 71.4286
ns_CPU_1 10.2041
--------------------------------------------------

VARIABLES ------------------------------
Objective: 10.204081632653063
mem_tot_CPU_2 0
m_access_time_CPU_2 0
ns_single_CPU_2 0
pdt_m_rows_CPU_2 0
cores_sketch_CPU_2 0
cores_dpdk_CPU_2 7
ns_sketch_CPU_2 10.2041
pdt_nsk_c_CPU_2 0
ns_dpdk_CPU_2 10.2041
pdt_nsc_dpdk_CPU_2 71.4286
ns_CPU_2 10.2041
--------------------------------------------------

VARIABLES ------------------------------
Objective: 10.204081632653063
mem_tot_CPU_3 0
m_access_time_CPU_3 0
ns_single_CPU_3 0
pdt_m_rows_CPU_3 0
cores_sketch_CPU_3 0
cores_dpdk_CPU_3 7
ns_sketch_CPU_3 10.2041
pdt_nsk_c_CPU_3 0
ns_dpdk_CPU_3 10.2041
pdt_nsc_dpdk_CPU_3 71.4286
ns_CPU_3 10.2041
--------------------------------------------------

VARIABLES ------------------------------
Objective: 10.204081632653063
mem_tot_CPU_4 0
m_access_time_CPU_4 0
ns_single_CPU_4 0
pdt_m_rows_CPU_4 0
cores_sketch_CPU_4 0
cores_dpdk_CPU_4 7
ns_sketch_CPU_4 10.2041
pdt_nsk_c_CPU_4 0
ns_dpdk_CPU_4 10.2041
pdt_nsc_dpdk_CPU_4 71.4286
ns_CPU_4 10.2041
--------------------------------------------------

VARIABLES ------------------------------
Objective: 10.204081632653063
mem_tot_CPU_5 0
m_access_time_CPU_5 0
ns_single_CPU_5 0
pdt_m_rows_CPU_5 0
cores_sketch_CPU_5 0
cores_dpdk_CPU_5 7
ns_sketch_CPU_5 10.2041
pdt_nsk_c_CPU_5 0
ns_dpdk_CPU_5 10.2041
pdt_nsc_dpdk_CPU_5 71.4286
ns_CPU_5 10.2041
--------------------------------------------------

VARIABLES ------------------------------
Objective: 10.204081632653063
mem_tot_CPU_6 0
m_access_time_CPU_6 0
ns_single_CPU_6 0
pdt_m_rows_CPU_6 0
cores_sketch_CPU_6 0
cores_dpdk_CPU_6 7
ns_sketch_CPU_6 10.2041
pdt_nsk_c_CPU_6 0
ns_dpdk_CPU_6 10.2041
pdt_nsc_dpdk_CPU_6 71.4286
ns_CPU_6 10.2041
--------------------------------------------------

VARIABLES ------------------------------
Objective: 10.204081632653063
mem_tot_CPU_7 0
m_access_time_CPU_7 0
ns_single_CPU_7 0
pdt_m_rows_CPU_7 0
cores_sketch_CPU_7 0
cores_dpdk_CPU_7 7
ns_sketch_CPU_7 10.2041
pdt_nsk_c_CPU_7 0
ns_dpdk_CPU_7 10.2041
pdt_nsc_dpdk_CPU_7 71.4286
ns_CPU_7 10.2041
--------------------------------------------------

VARIABLES ------------------------------
Objective: 10.204081632653063
mem_tot_CPU_8 0
m_access_time_CPU_8 0
ns_single_CPU_8 0
pdt_m_rows_CPU_8 0
cores_sketch_CPU_8 0
cores_dpdk_CPU_8 7
ns_sketch_CPU_8 10.2041
pdt_nsk_c_CPU_8 0
ns_dpdk_CPU_8 10.2041
pdt_nsc_dpdk_CPU_8 71.4286
ns_CPU_8 10.2041
--------------------------------------------------

VARIABLES ------------------------------
Objective: 11.42857142857143
mem_tot_CPU_9 5.09766
m_access_time_CPU_9 0.536096
ns_single_CPU_9 12.1083
pdt_m_rows_CPU_9 1.60829
cores_sketch_CPU_9 2
cores_dpdk_CPU_9 5
ns_sketch_CPU_9 6.05414
pdt_nsk_c_CPU_9 12.1083
ns_dpdk_CPU_9 11.4286
pdt_nsc_dpdk_CPU_9 57.1429
ns_CPU_9 11.4286
--------------------------------------------------

VARIABLES ------------------------------
Objective: 11.42857142857143
mem_tot_CPU_10 5.09766
m_access_time_CPU_10 0.536096
ns_single_CPU_10 12.1083
pdt_m_rows_CPU_10 1.60829
cores_sketch_CPU_10 2
cores_dpdk_CPU_10 5
ns_sketch_CPU_10 6.05414
pdt_nsk_c_CPU_10 12.1083
ns_dpdk_CPU_10 11.4286
pdt_nsc_dpdk_CPU_10 57.1429
ns_CPU_10 11.4286
--------------------------------------------------

VARIABLES ------------------------------
Objective: 10.714285714285715
mem_tot_CPU_11 1.70189
m_access_time_CPU_11 0.539277
ns_single_CPU_11 4.04563
pdt_m_rows_CPU_11 0.540125
cores_sketch_CPU_11 1
cores_dpdk_CPU_11 6
ns_sketch_CPU_11 4.04563
pdt_nsk_c_CPU_11 4.04563
ns_dpdk_CPU_11 10.7143
pdt_nsc_dpdk_CPU_11 64.2857
ns_CPU_11 10.7143
--------------------------------------------------

VARIABLES ------------------------------
Objective: 11.42857142857143
mem_tot_CPU_12 5.09766
m_access_time_CPU_12 0.536096
ns_single_CPU_12 12.1083
pdt_m_rows_CPU_12 1.60829
cores_sketch_CPU_12 2
cores_dpdk_CPU_12 5
ns_sketch_CPU_12 6.05414
pdt_nsk_c_CPU_12 12.1083
ns_dpdk_CPU_12 11.4286
pdt_nsc_dpdk_CPU_12 57.1429
ns_CPU_12 11.4286
--------------------------------------------------

VARIABLES ------------------------------
Objective: 11.42857142857143
mem_tot_CPU_13 5.09766
m_access_time_CPU_13 0.536096
ns_single_CPU_13 12.1083
pdt_m_rows_CPU_13 1.60829
cores_sketch_CPU_13 2
cores_dpdk_CPU_13 5
ns_sketch_CPU_13 6.05414
pdt_nsk_c_CPU_13 12.1083
ns_dpdk_CPU_13 11.4286
pdt_nsc_dpdk_CPU_13 57.1429
ns_CPU_13 11.4286
--------------------------------------------------

VARIABLES ------------------------------
Objective: 10.714285714285715
mem_tot_CPU_14 2.26652
m_access_time_CPU_14 0.538748
ns_single_CPU_14 5.38711
pdt_m_rows_CPU_14 0.718613
cores_sketch_CPU_14 1
cores_dpdk_CPU_14 6
ns_sketch_CPU_14 5.38711
pdt_nsk_c_CPU_14 5.38711
ns_dpdk_CPU_14 10.7143
pdt_nsc_dpdk_CPU_14 64.2857
ns_CPU_14 10.7143
--------------------------------------------------

VARIABLES ------------------------------
Objective: 11.42857142857143
mem_tot_CPU_15 5.09766
m_access_time_CPU_15 0.536096
ns_single_CPU_15 12.1083
pdt_m_rows_CPU_15 1.60829
cores_sketch_CPU_15 2
cores_dpdk_CPU_15 5
ns_sketch_CPU_15 6.05414
pdt_nsk_c_CPU_15 12.1083
ns_dpdk_CPU_15 11.4286
pdt_nsc_dpdk_CPU_15 57.1429
ns_CPU_15 11.4286
--------------------------------------------------

VARIABLES ------------------------------
Objective: 10.714285714285715
mem_tot_CPU_16 3.68209
m_access_time_CPU_16 0.537422
ns_single_CPU_16 8.74881
pdt_m_rows_CPU_16 1.16455
cores_sketch_CPU_16 1
cores_dpdk_CPU_16 6
ns_sketch_CPU_16 8.74881
pdt_nsk_c_CPU_16 8.74881
ns_dpdk_CPU_16 10.7143
pdt_nsc_dpdk_CPU_16 64.2857
ns_CPU_16 10.7143
--------------------------------------------------

VARIABLES ------------------------------
Objective: 11.42857142857143
mem_tot_CPU_17 5.09766
m_access_time_CPU_17 0.536096
ns_single_CPU_17 12.1083
pdt_m_rows_CPU_17 1.60829
cores_sketch_CPU_17 2
cores_dpdk_CPU_17 5
ns_sketch_CPU_17 6.05414
pdt_nsk_c_CPU_17 12.1083
ns_dpdk_CPU_17 11.4286
pdt_nsc_dpdk_CPU_17 57.1429
ns_CPU_17 11.4286
--------------------------------------------------

VARIABLES ------------------------------
Objective: 10.714285714285715
mem_tot_CPU_18 4.24849
m_access_time_CPU_18 0.536891
ns_single_CPU_18 10.0933
pdt_m_rows_CPU_18 1.34237
cores_sketch_CPU_18 1
cores_dpdk_CPU_18 6
ns_sketch_CPU_18 10.0933
pdt_nsk_c_CPU_18 10.0933
ns_dpdk_CPU_18 10.7143
pdt_nsc_dpdk_CPU_18 64.2857
ns_CPU_18 10.7143
--------------------------------------------------

VARIABLES ------------------------------
Objective: 10.714285714285715
mem_tot_CPU_19 4.24849
m_access_time_CPU_19 0.536891
ns_single_CPU_19 10.0933
pdt_m_rows_CPU_19 1.34237
cores_sketch_CPU_19 1
cores_dpdk_CPU_19 6
ns_sketch_CPU_19 10.0933
pdt_nsk_c_CPU_19 10.0933
ns_dpdk_CPU_19 10.7143
pdt_nsc_dpdk_CPU_19 64.2857
ns_CPU_19 10.7143
--------------------------------------------------

VARIABLES ------------------------------
Objective: 6.756756756756757
mem_tot_P4_1 55.2197
ns_P4_1 6.75676
--------------------------------------------------

VARIABLES ------------------------------
Objective: 11.42857142857143
mem_tot_CPU_0 0
m_access_time_CPU_0 0
ns_single_CPU_0 0
pdt_m_rows_CPU_0 0
cores_sketch_CPU_0 0
cores_dpdk_CPU_0 5
ns_sketch_CPU_0 11.4286
pdt_nsk_c_CPU_0 0
ns_dpdk_CPU_0 11.4286
pdt_nsc_dpdk_CPU_0 57.1429
ns_CPU_0 11.4286
--------------------------------------------------

VARIABLES ------------------------------
Objective: 11.42857142857143
mem_tot_CPU_1 0
m_access_time_CPU_1 0
ns_single_CPU_1 0
pdt_m_rows_CPU_1 0
cores_sketch_CPU_1 0
cores_dpdk_CPU_1 5
ns_sketch_CPU_1 11.4286
pdt_nsk_c_CPU_1 0
ns_dpdk_CPU_1 11.4286
pdt_nsc_dpdk_CPU_1 57.1429
ns_CPU_1 11.4286
--------------------------------------------------

VARIABLES ------------------------------
Objective: 11.42857142857143
mem_tot_CPU_2 0
m_access_time_CPU_2 0
ns_single_CPU_2 0
pdt_m_rows_CPU_2 0
cores_sketch_CPU_2 0
cores_dpdk_CPU_2 5
ns_sketch_CPU_2 11.4286
pdt_nsk_c_CPU_2 0
ns_dpdk_CPU_2 11.4286
pdt_nsc_dpdk_CPU_2 57.1429
ns_CPU_2 11.4286
--------------------------------------------------

VARIABLES ------------------------------
Objective: 11.42857142857143
mem_tot_CPU_3 0
m_access_time_CPU_3 0
ns_single_CPU_3 0
pdt_m_rows_CPU_3 0
cores_sketch_CPU_3 0
cores_dpdk_CPU_3 5
ns_sketch_CPU_3 11.4286
pdt_nsk_c_CPU_3 0
ns_dpdk_CPU_3 11.4286
pdt_nsc_dpdk_CPU_3 57.1429
ns_CPU_3 11.4286
--------------------------------------------------

VARIABLES ------------------------------
Objective: 11.42857142857143
mem_tot_CPU_4 0
m_access_time_CPU_4 0
ns_single_CPU_4 0
pdt_m_rows_CPU_4 0
cores_sketch_CPU_4 0
cores_dpdk_CPU_4 5
ns_sketch_CPU_4 11.4286
pdt_nsk_c_CPU_4 0
ns_dpdk_CPU_4 11.4286
pdt_nsc_dpdk_CPU_4 57.1429
ns_CPU_4 11.4286
--------------------------------------------------

VARIABLES ------------------------------
Objective: 11.42857142857143
mem_tot_CPU_5 0
m_access_time_CPU_5 0
ns_single_CPU_5 0
pdt_m_rows_CPU_5 0
cores_sketch_CPU_5 0
cores_dpdk_CPU_5 5
ns_sketch_CPU_5 11.4286
pdt_nsk_c_CPU_5 0
ns_dpdk_CPU_5 11.4286
pdt_nsc_dpdk_CPU_5 57.1429
ns_CPU_5 11.4286
--------------------------------------------------

VARIABLES ------------------------------
Objective: 11.42857142857143
mem_tot_CPU_6 0
m_access_time_CPU_6 0
ns_single_CPU_6 0
pdt_m_rows_CPU_6 0
cores_sketch_CPU_6 0
cores_dpdk_CPU_6 5
ns_sketch_CPU_6 11.4286
pdt_nsk_c_CPU_6 0
ns_dpdk_CPU_6 11.4286
pdt_nsc_dpdk_CPU_6 57.1429
ns_CPU_6 11.4286
--------------------------------------------------

VARIABLES ------------------------------
Objective: 11.42857142857143
mem_tot_CPU_7 0
m_access_time_CPU_7 0
ns_single_CPU_7 0
pdt_m_rows_CPU_7 0
cores_sketch_CPU_7 0
cores_dpdk_CPU_7 5
ns_sketch_CPU_7 11.4286
pdt_nsk_c_CPU_7 0
ns_dpdk_CPU_7 11.4286
pdt_nsc_dpdk_CPU_7 57.1429
ns_CPU_7 11.4286
--------------------------------------------------

VARIABLES ------------------------------
Objective: 11.42857142857143
mem_tot_CPU_8 0
m_access_time_CPU_8 0
ns_single_CPU_8 0
pdt_m_rows_CPU_8 0
cores_sketch_CPU_8 0
cores_dpdk_CPU_8 5
ns_sketch_CPU_8 11.4286
pdt_nsk_c_CPU_8 0
ns_dpdk_CPU_8 11.4286
pdt_nsc_dpdk_CPU_8 57.1429
ns_CPU_8 11.4286
--------------------------------------------------

VARIABLES ------------------------------
Objective: 11.42857142857143
mem_tot_CPU_9 5.09766
m_access_time_CPU_9 0.536096
ns_single_CPU_9 12.1083
pdt_m_rows_CPU_9 1.60829
cores_sketch_CPU_9 2
cores_dpdk_CPU_9 5
ns_sketch_CPU_9 6.05414
pdt_nsk_c_CPU_9 12.1083
ns_dpdk_CPU_9 11.4286
pdt_nsc_dpdk_CPU_9 57.1429
ns_CPU_9 11.4286
--------------------------------------------------

VARIABLES ------------------------------
Objective: 11.42857142857143
mem_tot_CPU_10 5.09766
m_access_time_CPU_10 0.536096
ns_single_CPU_10 12.1083
pdt_m_rows_CPU_10 1.60829
cores_sketch_CPU_10 2
cores_dpdk_CPU_10 5
ns_sketch_CPU_10 6.05414
pdt_nsk_c_CPU_10 12.1083
ns_dpdk_CPU_10 11.4286
pdt_nsc_dpdk_CPU_10 57.1429
ns_CPU_10 11.4286
--------------------------------------------------

VARIABLES ------------------------------
Objective: 11.42857142857143
mem_tot_CPU_11 1.70189
m_access_time_CPU_11 0.539277
ns_single_CPU_11 4.04563
pdt_m_rows_CPU_11 0.540125
cores_sketch_CPU_11 1
cores_dpdk_CPU_11 5
ns_sketch_CPU_11 4.04563
pdt_nsk_c_CPU_11 4.04563
ns_dpdk_CPU_11 11.4286
pdt_nsc_dpdk_CPU_11 57.1429
ns_CPU_11 11.4286
--------------------------------------------------

VARIABLES ------------------------------
Objective: 11.42857142857143
mem_tot_CPU_12 5.09766
m_access_time_CPU_12 0.536096
ns_single_CPU_12 12.1083
pdt_m_rows_CPU_12 1.60829
cores_sketch_CPU_12 2
cores_dpdk_CPU_12 5
ns_sketch_CPU_12 6.05414
pdt_nsk_c_CPU_12 12.1083
ns_dpdk_CPU_12 11.4286
pdt_nsc_dpdk_CPU_12 57.1429
ns_CPU_12 11.4286
--------------------------------------------------

VARIABLES ------------------------------
Objective: 11.42857142857143
mem_tot_CPU_13 5.09766
m_access_time_CPU_13 0.536096
ns_single_CPU_13 12.1083
pdt_m_rows_CPU_13 1.60829
cores_sketch_CPU_13 2
cores_dpdk_CPU_13 5
ns_sketch_CPU_13 6.05414
pdt_nsk_c_CPU_13 12.1083
ns_dpdk_CPU_13 11.4286
pdt_nsc_dpdk_CPU_13 57.1429
ns_CPU_13 11.4286
--------------------------------------------------

VARIABLES ------------------------------
Objective: 11.42857142857143
mem_tot_CPU_14 2.26652
m_access_time_CPU_14 0.538748
ns_single_CPU_14 5.38711
pdt_m_rows_CPU_14 0.718613
cores_sketch_CPU_14 1
cores_dpdk_CPU_14 5
ns_sketch_CPU_14 5.38711
pdt_nsk_c_CPU_14 5.38711
ns_dpdk_CPU_14 11.4286
pdt_nsc_dpdk_CPU_14 57.1429
ns_CPU_14 11.4286
--------------------------------------------------

VARIABLES ------------------------------
Objective: 11.42857142857143
mem_tot_CPU_15 5.09766
m_access_time_CPU_15 0.536096
ns_single_CPU_15 12.1083
pdt_m_rows_CPU_15 1.60829
cores_sketch_CPU_15 2
cores_dpdk_CPU_15 5
ns_sketch_CPU_15 6.05414
pdt_nsk_c_CPU_15 12.1083
ns_dpdk_CPU_15 11.4286
pdt_nsc_dpdk_CPU_15 57.1429
ns_CPU_15 11.4286
--------------------------------------------------

VARIABLES ------------------------------
Objective: 11.42857142857143
mem_tot_CPU_16 3.68209
m_access_time_CPU_16 0.537422
ns_single_CPU_16 8.74881
pdt_m_rows_CPU_16 1.16455
cores_sketch_CPU_16 1
cores_dpdk_CPU_16 5
ns_sketch_CPU_16 8.74881
pdt_nsk_c_CPU_16 8.74881
ns_dpdk_CPU_16 11.4286
pdt_nsc_dpdk_CPU_16 57.1429
ns_CPU_16 11.4286
--------------------------------------------------

VARIABLES ------------------------------
Objective: 11.42857142857143
mem_tot_CPU_17 5.09766
m_access_time_CPU_17 0.536096
ns_single_CPU_17 12.1083
pdt_m_rows_CPU_17 1.60829
cores_sketch_CPU_17 2
cores_dpdk_CPU_17 5
ns_sketch_CPU_17 6.05414
pdt_nsk_c_CPU_17 12.1083
ns_dpdk_CPU_17 11.4286
pdt_nsc_dpdk_CPU_17 57.1429
ns_CPU_17 11.4286
--------------------------------------------------

VARIABLES ------------------------------
Objective: 11.42857142857143
mem_tot_CPU_18 4.24849
m_access_time_CPU_18 0.536891
ns_single_CPU_18 10.0933
pdt_m_rows_CPU_18 1.34237
cores_sketch_CPU_18 1
cores_dpdk_CPU_18 5
ns_sketch_CPU_18 10.0933
pdt_nsk_c_CPU_18 10.0933
ns_dpdk_CPU_18 11.4286
pdt_nsc_dpdk_CPU_18 57.1429
ns_CPU_18 11.4286
--------------------------------------------------

VARIABLES ------------------------------
Objective: 11.42857142857143
mem_tot_CPU_19 4.24849
m_access_time_CPU_19 0.536891
ns_single_CPU_19 10.0933
pdt_m_rows_CPU_19 1.34237
cores_sketch_CPU_19 1
cores_dpdk_CPU_19 5
ns_sketch_CPU_19 10.0933
pdt_nsk_c_CPU_19 10.0933
ns_dpdk_CPU_19 11.4286
pdt_nsc_dpdk_CPU_19 57.1429
ns_CPU_19 11.4286
--------------------------------------------------

Throughput: 87.49999999999999 Mpps, ns per packet: 11.42857142857143
Resources: 1179.2803932541665
Used Cores: 117.0, Total CPUS: 20, Switch Memory: 55.21970222556248

Sketch (0) (cm: eps0: 0.00625, del0: 0.05, min_mem: 1.69921875)
Par0 id: 0, Rows: 3
(0.000,0)    (0.000,1)    (1.000,20)    
Total frac: 1.000

Sketch (1) (cm: eps0: 0.00625, del0: 0.05, min_mem: 1.69921875)
Par0 id: 1, Rows: 3
(0.000,1)    (0.000,2)    (1.000,20)    
Total frac: 1.000

Sketch (2) (cm: eps0: 0.00625, del0: 0.05, min_mem: 1.69921875)
Par0 id: 2, Rows: 3
(0.000,2)    (0.000,3)    (1.000,20)    
Total frac: 1.000

Sketch (3) (cm: eps0: 0.00625, del0: 0.05, min_mem: 1.69921875)
Par0 id: 3, Rows: 3
(0.000,3)    (0.000,4)    (1.000,20)    
Total frac: 1.000

Sketch (4) (cm: eps0: 0.00625, del0: 0.05, min_mem: 1.69921875)
Par0 id: 4, Rows: 3
(0.000,4)    (0.000,5)    (1.000,20)    
Total frac: 1.000

Sketch (5) (cm: eps0: 0.00625, del0: 0.05, min_mem: 1.69921875)
Par0 id: 5, Rows: 3
(0.000,5)    (0.000,6)    (1.000,20)    
Total frac: 1.000

Sketch (6) (cm: eps0: 0.00625, del0: 0.05, min_mem: 1.69921875)
Par0 id: 6, Rows: 3
(0.000,6)    (0.000,7)    (1.000,20)    
Total frac: 1.000

Sketch (7) (cm: eps0: 0.00625, del0: 0.05, min_mem: 1.69921875)
Par0 id: 7, Rows: 3
(0.000,7)    (0.000,8)    (1.000,20)    
Total frac: 1.000

Sketch (8) (cm: eps0: 0.00625, del0: 0.05, min_mem: 1.69921875)
Par0 id: 8, Rows: 3
(0.000,8)    (0.278,20)    (0.722,9)    
Total frac: 1.000

Sketch (9) (cm: eps0: 0.00625, del0: 0.05, min_mem: 1.69921875)
Par0 id: 9, Rows: 3
(0.278,20)    (0.278,9)    (0.445,10)    
Total frac: 1.000

Sketch (10) (cm: eps0: 0.00625, del0: 0.05, min_mem: 1.69921875)
Par0 id: 10, Rows: 3
(0.278,20)    (0.555,10)    (0.167,11)    
Total frac: 1.000

Sketch (11) (cm: eps0: 0.00625, del0: 0.05, min_mem: 1.69921875)
Par0 id: 11, Rows: 3
(0.278,20)    (0.167,11)    (0.555,12)    
Total frac: 1.000

Sketch (12) (cm: eps0: 0.00625, del0: 0.05, min_mem: 1.69921875)
Par0 id: 12, Rows: 3
(0.278,20)    (0.445,12)    (0.278,13)    
Total frac: 1.000

Sketch (13) (cm: eps0: 0.00625, del0: 0.05, min_mem: 1.69921875)
Par0 id: 13, Rows: 3
(0.278,20)    (0.722,13)    (0.000,14)    
Total frac: 1.000

Sketch (14) (cm: eps0: 0.00625, del0: 0.05, min_mem: 1.69921875)
Par0 id: 14, Rows: 3
(0.278,20)    (0.445,14)    (0.278,15)    
Total frac: 1.000

Sketch (15) (cm: eps0: 0.00625, del0: 0.05, min_mem: 1.69921875)
Par0 id: 15, Rows: 3
(0.278,20)    (0.722,15)    (0.000,16)    
Total frac: 1.000

Sketch (16) (cm: eps0: 0.00625, del0: 0.05, min_mem: 1.69921875)
Par0 id: 16, Rows: 3
(0.278,20)    (0.722,16)    (0.000,17)    
Total frac: 1.000

Sketch (17) (cm: eps0: 0.00625, del0: 0.05, min_mem: 1.69921875)
Par0 id: 17, Rows: 3
(1.000,17)    
Total frac: 1.000

Sketch (18) (cm: eps0: 0.00625, del0: 0.05, min_mem: 1.69921875)
Par0 id: 18, Rows: 3
(0.167,20)    (0.000,19)    (0.833,18)    
Total frac: 1.000

Sketch (19) (cm: eps0: 0.00625, del0: 0.05, min_mem: 1.69921875)
Par0 id: 19, Rows: 3
(0.000,0)    (0.167,20)    (0.833,19)    
Total frac: 1.000

Device (0) CPU_0:
cores_sketch: 0.0, cores_dpdk: 5.0
Rows total: 5.885645977011494e-07
Mem total: 1.0001e-06
Throughput: 87.49999999999999

Device (1) CPU_1:
cores_sketch: 0.0, cores_dpdk: 5.0
Rows total: 0.0
Mem total: 0.0
Throughput: 87.49999999999999

Device (2) CPU_2:
cores_sketch: 0.0, cores_dpdk: 5.0
Rows total: 0.0
Mem total: 0.0
Throughput: 87.49999999999999

Device (3) CPU_3:
cores_sketch: 0.0, cores_dpdk: 5.0
Rows total: 0.0
Mem total: 0.0
Throughput: 87.49999999999999

Device (4) CPU_4:
cores_sketch: 0.0, cores_dpdk: 5.0
Rows total: 0.0
Mem total: 0.0
Throughput: 87.49999999999999

Device (5) CPU_5:
cores_sketch: 0.0, cores_dpdk: 5.0
Rows total: 0.0
Mem total: 0.0
Throughput: 87.49999999999999

Device (6) CPU_6:
cores_sketch: 0.0, cores_dpdk: 5.0
Rows total: 0.0
Mem total: 0.0
Throughput: 87.49999999999999

Device (7) CPU_7:
cores_sketch: 0.0, cores_dpdk: 5.0
Rows total: 0.0
Mem total: 0.0
Throughput: 87.49999999999999

Device (8) CPU_8:
cores_sketch: 0.0, cores_dpdk: 5.0
Rows total: 5.885645977011494e-07
Mem total: 1.0001e-06
Throughput: 87.49999999999999

Device (9) CPU_9:
cores_sketch: 2.0000000000000004, cores_dpdk: 4.9999999999999964
Rows total: 3.0000000000000004
Mem total: 5.097656250000001
Throughput: 87.49999999999999

Device (10) CPU_10:
cores_sketch: 2.0000000000000004, cores_dpdk: 4.9999999999999964
Rows total: 3.0000000000000004
Mem total: 5.097656250000001
Throughput: 87.49999999999999

Device (11) CPU_11:
cores_sketch: 1.0, cores_dpdk: 5.0
Rows total: 1.0015719999999997
Mem total: 1.7018899218749994
Throughput: 87.49999999999999

Device (12) CPU_12:
cores_sketch: 2.0000000000000004, cores_dpdk: 4.9999999999999964
Rows total: 3.0000000000000004
Mem total: 5.097656250000001
Throughput: 87.49999999999999

Device (13) CPU_13:
cores_sketch: 2.0000000000000004, cores_dpdk: 4.9999999999999964
Rows total: 3.0000000000000004
Mem total: 5.097656250000001
Throughput: 87.49999999999999

Device (14) CPU_14:
cores_sketch: 1.0, cores_dpdk: 5.0
Rows total: 1.3338573333333332
Mem total: 2.266515390625
Throughput: 87.49999999999999

Device (15) CPU_15:
cores_sketch: 2.0000000000000004, cores_dpdk: 4.9999999999999964
Rows total: 3.0000000000000004
Mem total: 5.097656250000001
Throughput: 87.49999999999999

Device (16) CPU_16:
cores_sketch: 1.0, cores_dpdk: 5.0
Rows total: 2.1669286666666667
Mem total: 3.6820858203125004
Throughput: 87.49999999999999

Device (17) CPU_17:
cores_sketch: 2.0, cores_dpdk: 4.9999999999999964
Rows total: 3.0
Mem total: 5.09765625
Throughput: 87.49999999999999

Device (18) CPU_18:
cores_sketch: 1.0, cores_dpdk: 5.0
Rows total: 2.5002620000000007
Mem total: 4.248492070312501
Throughput: 87.49999999999999

Device (19) CPU_19:
cores_sketch: 1.0, cores_dpdk: 5.0
Rows total: 2.5002620000000007
Mem total: 4.248492070312501
Throughput: 87.49999999999999

Device (20) P4_1:
Rows total: 32.49711211435401
Mem total: 55.21970222556248
Throughput: 148.0

Flow 0:
partitions: [(0, 1)]
path: (0, 20, 1)
Flow 1:
partitions: [(1, 1)]
path: (1, 20, 2)
Flow 2:
partitions: [(2, 1)]
path: (2, 20, 3)
Flow 3:
partitions: [(3, 1)]
path: (3, 20, 4)
Flow 4:
partitions: [(4, 1)]
path: (4, 20, 5)
Flow 5:
partitions: [(5, 1)]
path: (5, 20, 6)
Flow 6:
partitions: [(6, 1)]
path: (6, 20, 7)
Flow 7:
partitions: [(7, 1)]
path: (7, 20, 8)
Flow 8:
partitions: [(8, 1)]
path: (8, 20, 9)
Flow 9:
partitions: [(9, 1)]
path: (9, 20, 10)
Flow 10:
partitions: [(10, 1)]
path: (10, 20, 11)
Flow 11:
partitions: [(11, 1)]
path: (11, 20, 12)
Flow 12:
partitions: [(12, 1)]
path: (12, 20, 13)
Flow 13:
partitions: [(13, 1)]
path: (13, 20, 14)
Flow 14:
partitions: [(14, 1)]
path: (14, 20, 15)
Flow 15:
partitions: [(15, 1)]
path: (15, 20, 16)
Flow 16:
partitions: [(16, 1)]
path: (16, 20, 17)
Flow 17:
partitions: [(17, 1)]
path: (17, 20, 18)
Flow 18:
partitions: [(18, 1)]
path: (18, 20, 19)
Flow 19:
partitions: [(19, 1)]
path: (19, 20, 0)
--------------------------------------------------
Function: solve took 0.18858075141906738 seconds
