Function: get_partitions took 3.075599670410156e-05 seconds
Function: map_flows_partitions took 8.821487426757812e-06 seconds
Function: map_flows_to_cluster took 4.029273986816406e-05 seconds
Building model with:
7 devices, 20 partitions and 20 flows
Function: MIP.add_frac_mem_var took 0.000240325927734375 seconds
Function: MIP.add_coverage_constraints took 0.00019216537475585938 seconds
Function: MIP.add_accuracy_constraints took 0.0005605220794677734 seconds
Function: MIP.add_capacity_constraints took 0.0007321834564208984 seconds
--------------------------------------------------
Starting model update
Model update took: 6.794929504394531e-05 s
--------------------------------------------------
Starting model optimize
Model optimize took: 0.003711700439453125 seconds
--------------------------------------------------

VARIABLES ------------------------------
Objective: 60.0
frac[1,3] 0.833421
frac[2,8] 1
frac[0,14] 0.499738
frac[3,11] 1
frac[0,7] 0.749869
frac[4,12] 1
frac[0,16] 0.249869
frac[0,10] 0.249869
frac[2,5] 1
frac[0,3] 0.166579
frac[6,17] 0
frac[1,2] 0.833421
frac[0,15] 0.249869
frac[3,10] 0.750131
frac[4,13] 1
frac[1,5] 0
frac[0,11] 0
frac[0,17] 0
frac[0,4] 0.166579
frac[0,0] 1
frac[2,6] 0.250131
frac[6,18] 0.833421
frac[5,17] 1
frac[4,14] 0.500262
frac[1,4] 0.833421
frac[0,12] 0
frac[0,18] 0.166579
frac[3,9] 0.750131
frac[0,5] 0
frac[5,15] 0.750131
frac[0,8] 0
frac[4,11] 0
frac[0,1] 1
frac[2,7] 0.250131
frac[6,19] 0.833421
frac[5,16] 0.750131
frac[0,19] 0.166579
frac[0,13] 0
frac[3,8] 0
frac[0,6] 0.749869
frac[5,14] 0
frac[0,9] 0.249869
frac[0,2] 0.166579
mem[1,3] 4.24849
mem[2,8] 5.09766
mem[0,14] 2.54749
mem[3,11] 5.09766
mem[0,7] 3.82257
mem[4,12] 5.09766
mem[0,16] 1.27375
mem[0,10] 1.27375
mem[2,5] 5.09766
mem[0,3] 0.849164
mem[6,17] 0
mem[1,2] 4.24849
mem[0,15] 1.27375
mem[3,10] 3.82391
mem[4,13] 5.09766
mem[1,5] 0
mem[0,11] 0
mem[0,17] 0
mem[0,4] 0.849164
mem[0,0] 5.09766
mem[2,6] 1.27508
mem[6,18] 4.24849
mem[5,17] 5.09766
mem[4,14] 2.55016
mem[1,4] 4.24849
mem[0,12] 0
mem[0,18] 0.849164
mem[3,9] 3.82391
mem[0,5] 0
mem[5,15] 3.82391
mem[0,8] 0
mem[4,11] 0
mem[0,1] 5.09766
mem[2,7] 1.27508
mem[6,19] 4.24849
mem[5,16] 3.82391
mem[0,19] 0.849164
mem[0,13] 0
mem[3,8] 0
mem[0,6] 3.82257
mem[5,14] 0
mem[0,9] 1.27375
mem[0,2] 0.849164
mem_tot_{CPU_0,CPU_1,CPU_2,P4_1} 29.7288
normalized_mem_tot_{CPU_0,CPU_1,CPU_2,P4_1} 0.000300655
rows_tot_{CPU_0,CPU_1,CPU_2,P4_1} 17.4955
normalized_rows_tot_{CPU_0,CPU_1,CPU_2,P4_1} 0.20828
mem_tot_{CPU_3,CPU_4,CPU_5} 12.7455
normalized_mem_tot_{CPU_3,CPU_4,CPU_5} 0.000129654
rows_tot_{CPU_3,CPU_4,CPU_5} 7.50079
normalized_rows_tot_{CPU_3,CPU_4,CPU_5} 0.208355
mem_tot_{CPU_6,CPU_7,CPU_8} 12.7455
normalized_mem_tot_{CPU_6,CPU_7,CPU_8} 0.000129654
rows_tot_{CPU_6,CPU_7,CPU_8} 7.50079
normalized_rows_tot_{CPU_6,CPU_7,CPU_8} 0.208355
mem_tot_{CPU_9,CPU_10,CPU_11} 12.7455
normalized_mem_tot_{CPU_9,CPU_10,CPU_11} 0.000129654
rows_tot_{CPU_9,CPU_10,CPU_11} 7.50079
normalized_rows_tot_{CPU_9,CPU_10,CPU_11} 0.208355
mem_tot_{CPU_12,CPU_13,CPU_14} 12.7455
normalized_mem_tot_{CPU_12,CPU_13,CPU_14} 0.000129654
rows_tot_{CPU_12,CPU_13,CPU_14} 7.50079
normalized_rows_tot_{CPU_12,CPU_13,CPU_14} 0.208355
mem_tot_{CPU_15,CPU_16,CPU_17} 12.7455
normalized_mem_tot_{CPU_15,CPU_16,CPU_17} 0.000129654
rows_tot_{CPU_15,CPU_16,CPU_17} 7.50079
normalized_rows_tot_{CPU_15,CPU_16,CPU_17} 0.208355
mem_tot_{CPU_19,CPU_18} 8.49698
normalized_mem_tot_{CPU_19,CPU_18} 0.000129654
rows_tot_{CPU_19,CPU_18} 5.00052
normalized_rows_tot_{CPU_19,CPU_18} 0.208355
max_mem_CPU_Cluster 0.000300655
max_rows_CPU_Cluster 0.208355
--------------------------------------------------

Sketch (0) (cm: eps0: 0.00625, del0: 0.05, min_mem: 1.69921875)
Par0 id: 0, Rows: 3
(1.000,0)    
Total frac: 1.000

Sketch (1) (cm: eps0: 0.00625, del0: 0.05, min_mem: 1.69921875)
Par0 id: 1, Rows: 3
(1.000,0)    
Total frac: 1.000

Sketch (2) (cm: eps0: 0.00625, del0: 0.05, min_mem: 1.69921875)
Par0 id: 2, Rows: 3
(0.833,1)    (0.167,0)    
Total frac: 1.000

Sketch (3) (cm: eps0: 0.00625, del0: 0.05, min_mem: 1.69921875)
Par0 id: 3, Rows: 3
(0.833,1)    (0.167,0)    
Total frac: 1.000

Sketch (4) (cm: eps0: 0.00625, del0: 0.05, min_mem: 1.69921875)
Par0 id: 4, Rows: 3
(0.167,0)    (0.833,1)    
Total frac: 1.000

Sketch (5) (cm: eps0: 0.00625, del0: 0.05, min_mem: 1.69921875)
Par0 id: 5, Rows: 3
(1.000,2)    (0.000,1)    (0.000,0)    
Total frac: 1.000

Sketch (6) (cm: eps0: 0.00625, del0: 0.05, min_mem: 1.69921875)
Par0 id: 6, Rows: 3
(0.250,2)    (0.750,0)    
Total frac: 1.000

Sketch (7) (cm: eps0: 0.00625, del0: 0.05, min_mem: 1.69921875)
Par0 id: 7, Rows: 3
(0.750,0)    (0.250,2)    
Total frac: 1.000

Sketch (8) (cm: eps0: 0.00625, del0: 0.05, min_mem: 1.69921875)
Par0 id: 8, Rows: 3
(1.000,2)    (0.000,0)    (0.000,3)    
Total frac: 1.000

Sketch (9) (cm: eps0: 0.00625, del0: 0.05, min_mem: 1.69921875)
Par0 id: 9, Rows: 3
(0.750,3)    (0.250,0)    
Total frac: 1.000

Sketch (10) (cm: eps0: 0.00625, del0: 0.05, min_mem: 1.69921875)
Par0 id: 10, Rows: 3
(0.250,0)    (0.750,3)    
Total frac: 1.000

Sketch (11) (cm: eps0: 0.00625, del0: 0.05, min_mem: 1.69921875)
Par0 id: 11, Rows: 3
(1.000,3)    (0.000,0)    (0.000,4)    
Total frac: 1.000

Sketch (12) (cm: eps0: 0.00625, del0: 0.05, min_mem: 1.69921875)
Par0 id: 12, Rows: 3
(1.000,4)    (0.000,0)    
Total frac: 1.000

Sketch (13) (cm: eps0: 0.00625, del0: 0.05, min_mem: 1.69921875)
Par0 id: 13, Rows: 3
(1.000,4)    (0.000,0)    
Total frac: 1.000

Sketch (14) (cm: eps0: 0.00625, del0: 0.05, min_mem: 1.69921875)
Par0 id: 14, Rows: 3
(0.500,0)    (0.500,4)    (0.000,5)    
Total frac: 1.000

Sketch (15) (cm: eps0: 0.00625, del0: 0.05, min_mem: 1.69921875)
Par0 id: 15, Rows: 3
(0.250,0)    (0.750,5)    
Total frac: 1.000

Sketch (16) (cm: eps0: 0.00625, del0: 0.05, min_mem: 1.69921875)
Par0 id: 16, Rows: 3
(0.250,0)    (0.750,5)    
Total frac: 1.000

Sketch (17) (cm: eps0: 0.00625, del0: 0.05, min_mem: 1.69921875)
Par0 id: 17, Rows: 3
(0.000,6)    (0.000,0)    (1.000,5)    
Total frac: 1.000

Sketch (18) (cm: eps0: 0.00625, del0: 0.05, min_mem: 1.69921875)
Par0 id: 18, Rows: 3
(0.833,6)    (0.167,0)    
Total frac: 1.000

Sketch (19) (cm: eps0: 0.00625, del0: 0.05, min_mem: 1.69921875)
Par0 id: 19, Rows: 3
(0.833,6)    (0.167,0)    
Total frac: 1.000

Device (0) {CPU_0,CPU_1,CPU_2,P4_1}:
Rows total: 17.49554599999999
Mem total: 29.728759804687485

Device (1) {CPU_3,CPU_4,CPU_5}:
Rows total: 7.5007860000000015
Mem total: 12.745476210937502

Device (2) {CPU_6,CPU_7,CPU_8}:
Rows total: 7.5007860000000015
Mem total: 12.745476210937502

Device (3) {CPU_9,CPU_10,CPU_11}:
Rows total: 7.5007860000000015
Mem total: 12.745476210937502

Device (4) {CPU_12,CPU_13,CPU_14}:
Rows total: 7.5007860000000015
Mem total: 12.745476210937502

Device (5) {CPU_15,CPU_16,CPU_17}:
Rows total: 7.5007860000000015
Mem total: 12.745476210937502

Device (6) {CPU_19,CPU_18}:
Rows total: 5.000524000000001
Mem total: 8.496984140625003

Flow 0:
partitions: [(0, 1)]
path: {0}
Flow 1:
partitions: [(1, 1)]
path: {0}
Flow 2:
partitions: [(2, 1)]
path: {0, 1}
Flow 3:
partitions: [(3, 1)]
path: {0, 1}
Flow 4:
partitions: [(4, 1)]
path: {0, 1}
Flow 5:
partitions: [(5, 1)]
path: {0, 1, 2}
Flow 6:
partitions: [(6, 1)]
path: {0, 2}
Flow 7:
partitions: [(7, 1)]
path: {0, 2}
Flow 8:
partitions: [(8, 1)]
path: {0, 2, 3}
Flow 9:
partitions: [(9, 1)]
path: {0, 3}
Flow 10:
partitions: [(10, 1)]
path: {0, 3}
Flow 11:
partitions: [(11, 1)]
path: {0, 3, 4}
Flow 12:
partitions: [(12, 1)]
path: {0, 4}
Flow 13:
partitions: [(13, 1)]
path: {0, 4}
Flow 14:
partitions: [(14, 1)]
path: {0, 4, 5}
Flow 15:
partitions: [(15, 1)]
path: {0, 5}
Flow 16:
partitions: [(16, 1)]
path: {0, 5}
Flow 17:
partitions: [(17, 1)]
path: {0, 5, 6}
Flow 18:
partitions: [(18, 1)]
path: {0, 6}
Flow 19:
partitions: [(19, 1)]
path: {0, 6}
--------------------------------------------------

VARIABLES ------------------------------
Objective: 6.756756756756757
mem_tot_{CPU_0,CPU_1,CPU_2,P4_1} 29.7288
ns_{CPU_0,CPU_1,CPU_2,P4_1} 6.75676
--------------------------------------------------

VARIABLES ------------------------------
Objective: 10.204081632653061
mem_tot_{CPU_3,CPU_4,CPU_5} 12.7455
ns_{CPU_3,CPU_4,CPU_5} 10.2041
--------------------------------------------------

VARIABLES ------------------------------
Objective: 10.204081632653061
mem_tot_{CPU_6,CPU_7,CPU_8} 12.7455
ns_{CPU_6,CPU_7,CPU_8} 10.2041
--------------------------------------------------

VARIABLES ------------------------------
Objective: 10.204081632653061
mem_tot_{CPU_9,CPU_10,CPU_11} 12.7455
ns_{CPU_9,CPU_10,CPU_11} 10.2041
--------------------------------------------------

VARIABLES ------------------------------
Objective: 10.204081632653061
mem_tot_{CPU_12,CPU_13,CPU_14} 12.7455
ns_{CPU_12,CPU_13,CPU_14} 10.2041
--------------------------------------------------

VARIABLES ------------------------------
Objective: 10.204081632653061
mem_tot_{CPU_15,CPU_16,CPU_17} 12.7455
ns_{CPU_15,CPU_16,CPU_17} 10.2041
--------------------------------------------------

VARIABLES ------------------------------
Objective: 10.204081632653061
mem_tot_{CPU_19,CPU_18} 8.49698
ns_{CPU_19,CPU_18} 10.2041
--------------------------------------------------

Throughput: 98.0 Mpps, ns per packet: 10.204081632653061
Resources: 101.95312499999999
Used Cores: 0, Total CPUS: 0, Switch Memory: 0

Sketch (0) (cm: eps0: 0.00625, del0: 0.05, min_mem: 1.69921875)
Par0 id: 0, Rows: 3
(1.000,0)    
Total frac: 1.000

Sketch (1) (cm: eps0: 0.00625, del0: 0.05, min_mem: 1.69921875)
Par0 id: 1, Rows: 3
(1.000,0)    
Total frac: 1.000

Sketch (2) (cm: eps0: 0.00625, del0: 0.05, min_mem: 1.69921875)
Par0 id: 2, Rows: 3
(0.833,1)    (0.167,0)    
Total frac: 1.000

Sketch (3) (cm: eps0: 0.00625, del0: 0.05, min_mem: 1.69921875)
Par0 id: 3, Rows: 3
(0.833,1)    (0.167,0)    
Total frac: 1.000

Sketch (4) (cm: eps0: 0.00625, del0: 0.05, min_mem: 1.69921875)
Par0 id: 4, Rows: 3
(0.167,0)    (0.833,1)    
Total frac: 1.000

Sketch (5) (cm: eps0: 0.00625, del0: 0.05, min_mem: 1.69921875)
Par0 id: 5, Rows: 3
(1.000,2)    (0.000,1)    (0.000,0)    
Total frac: 1.000

Sketch (6) (cm: eps0: 0.00625, del0: 0.05, min_mem: 1.69921875)
Par0 id: 6, Rows: 3
(0.250,2)    (0.750,0)    
Total frac: 1.000

Sketch (7) (cm: eps0: 0.00625, del0: 0.05, min_mem: 1.69921875)
Par0 id: 7, Rows: 3
(0.750,0)    (0.250,2)    
Total frac: 1.000

Sketch (8) (cm: eps0: 0.00625, del0: 0.05, min_mem: 1.69921875)
Par0 id: 8, Rows: 3
(1.000,2)    (0.000,0)    (0.000,3)    
Total frac: 1.000

Sketch (9) (cm: eps0: 0.00625, del0: 0.05, min_mem: 1.69921875)
Par0 id: 9, Rows: 3
(0.750,3)    (0.250,0)    
Total frac: 1.000

Sketch (10) (cm: eps0: 0.00625, del0: 0.05, min_mem: 1.69921875)
Par0 id: 10, Rows: 3
(0.250,0)    (0.750,3)    
Total frac: 1.000

Sketch (11) (cm: eps0: 0.00625, del0: 0.05, min_mem: 1.69921875)
Par0 id: 11, Rows: 3
(1.000,3)    (0.000,0)    (0.000,4)    
Total frac: 1.000

Sketch (12) (cm: eps0: 0.00625, del0: 0.05, min_mem: 1.69921875)
Par0 id: 12, Rows: 3
(1.000,4)    (0.000,0)    
Total frac: 1.000

Sketch (13) (cm: eps0: 0.00625, del0: 0.05, min_mem: 1.69921875)
Par0 id: 13, Rows: 3
(1.000,4)    (0.000,0)    
Total frac: 1.000

Sketch (14) (cm: eps0: 0.00625, del0: 0.05, min_mem: 1.69921875)
Par0 id: 14, Rows: 3
(0.500,0)    (0.500,4)    (0.000,5)    
Total frac: 1.000

Sketch (15) (cm: eps0: 0.00625, del0: 0.05, min_mem: 1.69921875)
Par0 id: 15, Rows: 3
(0.250,0)    (0.750,5)    
Total frac: 1.000

Sketch (16) (cm: eps0: 0.00625, del0: 0.05, min_mem: 1.69921875)
Par0 id: 16, Rows: 3
(0.250,0)    (0.750,5)    
Total frac: 1.000

Sketch (17) (cm: eps0: 0.00625, del0: 0.05, min_mem: 1.69921875)
Par0 id: 17, Rows: 3
(0.000,6)    (0.000,0)    (1.000,5)    
Total frac: 1.000

Sketch (18) (cm: eps0: 0.00625, del0: 0.05, min_mem: 1.69921875)
Par0 id: 18, Rows: 3
(0.833,6)    (0.167,0)    
Total frac: 1.000

Sketch (19) (cm: eps0: 0.00625, del0: 0.05, min_mem: 1.69921875)
Par0 id: 19, Rows: 3
(0.833,6)    (0.167,0)    
Total frac: 1.000

Device (0) {CPU_0,CPU_1,CPU_2,P4_1}:
Rows total: 17.49554599999999
Mem total: 29.728759804687485
Throughput: 148.0

Device (1) {CPU_3,CPU_4,CPU_5}:
Rows total: 7.5007860000000015
Mem total: 12.745476210937502
Throughput: 98.0

Device (2) {CPU_6,CPU_7,CPU_8}:
Rows total: 7.5007860000000015
Mem total: 12.745476210937502
Throughput: 98.0

Device (3) {CPU_9,CPU_10,CPU_11}:
Rows total: 7.5007860000000015
Mem total: 12.745476210937502
Throughput: 98.0

Device (4) {CPU_12,CPU_13,CPU_14}:
Rows total: 7.5007860000000015
Mem total: 12.745476210937502
Throughput: 98.0

Device (5) {CPU_15,CPU_16,CPU_17}:
Rows total: 7.5007860000000015
Mem total: 12.745476210937502
Throughput: 98.0

Device (6) {CPU_19,CPU_18}:
Rows total: 5.000524000000001
Mem total: 8.496984140625003
Throughput: 98.0

Flow 0:
partitions: [(0, 1)]
path: {0}
Flow 1:
partitions: [(1, 1)]
path: {0}
Flow 2:
partitions: [(2, 1)]
path: {0, 1}
Flow 3:
partitions: [(3, 1)]
path: {0, 1}
Flow 4:
partitions: [(4, 1)]
path: {0, 1}
Flow 5:
partitions: [(5, 1)]
path: {0, 1, 2}
Flow 6:
partitions: [(6, 1)]
path: {0, 2}
Flow 7:
partitions: [(7, 1)]
path: {0, 2}
Flow 8:
partitions: [(8, 1)]
path: {0, 2, 3}
Flow 9:
partitions: [(9, 1)]
path: {0, 3}
Flow 10:
partitions: [(10, 1)]
path: {0, 3}
Flow 11:
partitions: [(11, 1)]
path: {0, 3, 4}
Flow 12:
partitions: [(12, 1)]
path: {0, 4}
Flow 13:
partitions: [(13, 1)]
path: {0, 4}
Flow 14:
partitions: [(14, 1)]
path: {0, 4, 5}
Flow 15:
partitions: [(15, 1)]
path: {0, 5}
Flow 16:
partitions: [(16, 1)]
path: {0, 5}
Flow 17:
partitions: [(17, 1)]
path: {0, 5, 6}
Flow 18:
partitions: [(18, 1)]
path: {0, 6}
Flow 19:
partitions: [(19, 1)]
path: {0, 6}
--------------------------------------------------
Function: MIP.solve took 0.022010087966918945 seconds
Function: get_partitions_flows took 0.00011301040649414062 seconds
Function: get_partitions_flows took 4.7206878662109375e-05 seconds
Function: get_partitions_flows took 5.340576171875e-05 seconds
Function: get_partitions_flows took 4.482269287109375e-05 seconds
Function: get_partitions_flows took 4.410743713378906e-05 seconds
Function: get_partitions_flows took 4.458427429199219e-05 seconds
Function: get_partitions_flows took 3.933906555175781e-05 seconds
Building model with:
4 devices, 14 partitions and 14 flows
Function: MIP.add_frac_mem_var took 0.00012183189392089844 seconds
Function: MIP.add_coverage_constraints took 0.0001232624053955078 seconds
Function: MIP.add_accuracy_constraints took 0.0002338886260986328 seconds
Function: MIP.add_capacity_constraints took 0.0003714561462402344 seconds
--------------------------------------------------
Starting model update
Model update took: 4.1484832763671875e-05 s
--------------------------------------------------
Starting model optimize
Model optimize took: 0.0037817955017089844 seconds
--------------------------------------------------

VARIABLES ------------------------------
Objective: 5.885645977011494e-07
frac[3,0] 0.499738
frac[3,11] 0.749869
frac[0,7] 1.96188e-07
frac[0,10] 0
frac[3,7] 1
frac[3,3] 0.249869
frac[2,9] 0
frac[3,10] 0.166579
frac[2,13] 0
frac[3,6] 0.166579
frac[3,2] 0.249869
frac[3,13] 0.166579
frac[3,9] 1
frac[1,9] 0
frac[3,5] 0.249869
frac[3,12] 0.249869
frac[3,1] 0.749869
frac[3,8] 0.166579
frac[1,7] 0
frac[3,4] 0.166579
mem[3,0] 2.54749
mem[3,11] 3.82257
mem[0,7] 1.0001e-06
mem[0,10] 0
mem[3,7] 5.09766
mem[3,3] 1.27375
mem[2,9] 0
mem[3,10] 0.849164
mem[2,13] 0
mem[3,6] 0.849164
mem[3,2] 1.27375
mem[3,13] 0.849164
mem[3,9] 5.09766
mem[1,9] 0
mem[3,5] 1.27375
mem[3,12] 1.27375
mem[3,1] 3.82257
mem[3,8] 0.849164
mem[1,7] 0
mem[3,4] 0.849164
mem_tot_CPU_0 1.0001e-06
normalized_mem_tot_CPU_0 3.05206e-11
rows_tot_CPU_0 5.88565e-07
normalized_rows_tot_CPU_0 4.9047e-08
mem_tot_CPU_1 0
normalized_mem_tot_CPU_1 0
rows_tot_CPU_1 0
normalized_rows_tot_CPU_1 0
mem_tot_CPU_2 0
normalized_mem_tot_CPU_2 0
rows_tot_CPU_2 0
normalized_rows_tot_CPU_2 0
mem_tot_P4_1 29.7288
normalized_mem_tot_P4_1 0.0516124
rows_tot_P4_1 17.4955
normalized_rows_tot_P4_1 0.364491
max_mem_P4 29.7288
max_mem_CPU_Cluster 0
max_rows_P4 17.4955
max_rows_CPU_Cluster 0
--------------------------------------------------

Sketch (14) (cm: eps0: 0.00625, del0: 0.05, min_mem: 1.69921875)
Par0 id: 14, Rows: 3
(0.500,3)    
Total frac: 0.500

Sketch (7) (cm: eps0: 0.00625, del0: 0.05, min_mem: 1.69921875)
Par0 id: 7, Rows: 3
(0.750,3)    
Total frac: 0.750

Sketch (16) (cm: eps0: 0.00625, del0: 0.05, min_mem: 1.69921875)
Par0 id: 16, Rows: 3
(0.250,3)    
Total frac: 0.250

Sketch (10) (cm: eps0: 0.00625, del0: 0.05, min_mem: 1.69921875)
Par0 id: 10, Rows: 3
(0.250,3)    
Total frac: 0.250

Sketch (3) (cm: eps0: 0.00625, del0: 0.05, min_mem: 1.69921875)
Par0 id: 3, Rows: 3
(0.167,3)    
Total frac: 0.167

Sketch (15) (cm: eps0: 0.00625, del0: 0.05, min_mem: 1.69921875)
Par0 id: 15, Rows: 3
(0.250,3)    
Total frac: 0.250

Sketch (4) (cm: eps0: 0.00625, del0: 0.05, min_mem: 1.69921875)
Par0 id: 4, Rows: 3
(0.167,3)    
Total frac: 0.167

Sketch (0) (cm: eps0: 0.00625, del0: 0.05, min_mem: 1.69921875)
Par0 id: 0, Rows: 3
(0.000,0)    (1.000,3)    (0.000,1)    
Total frac: 1.000

Sketch (18) (cm: eps0: 0.00625, del0: 0.05, min_mem: 1.69921875)
Par0 id: 18, Rows: 3
(0.167,3)    
Total frac: 0.167

Sketch (1) (cm: eps0: 0.00625, del0: 0.05, min_mem: 1.69921875)
Par0 id: 1, Rows: 3
(0.000,2)    (1.000,3)    (0.000,1)    
Total frac: 1.000

Sketch (19) (cm: eps0: 0.00625, del0: 0.05, min_mem: 1.69921875)
Par0 id: 19, Rows: 3
(0.000,0)    (0.167,3)    
Total frac: 0.167

Sketch (6) (cm: eps0: 0.00625, del0: 0.05, min_mem: 1.69921875)
Par0 id: 6, Rows: 3
(0.750,3)    
Total frac: 0.750

Sketch (9) (cm: eps0: 0.00625, del0: 0.05, min_mem: 1.69921875)
Par0 id: 9, Rows: 3
(0.250,3)    
Total frac: 0.250

Sketch (2) (cm: eps0: 0.00625, del0: 0.05, min_mem: 1.69921875)
Par0 id: 2, Rows: 3
(0.000,2)    (0.167,3)    
Total frac: 0.167

Device (0) CPU_0:
Rows total: 5.885645977011494e-07
Mem total: 1.0001e-06

Device (1) CPU_1:
Rows total: 0.0
Mem total: 0.0

Device (2) CPU_2:
Rows total: 0.0
Mem total: 0.0

Device (3) P4_1:
Rows total: 17.49554541143539
Mem total: 29.728758804587482

Flow 0:
partitions: [(7, 1.0)]
path: {0, 1, 3}
Flow 1:
partitions: [(9, 1.0)]
path: {1, 2, 3}
Flow 2:
partitions: [(13, 0.16657933333333308)]
path: {2, 3}
Flow 3:
partitions: [(4, 0.16657933333333308)]
path: {3}
Flow 4:
partitions: [(6, 0.16657933333333308)]
path: {3}
Flow 5:
partitions: [(11, 0.7498689999999998)]
path: {3}
Flow 6:
partitions: [(1, 0.7498689999999998)]
path: {3}
Flow 7:
partitions: [(12, 0.24986899999999979)]
path: {3}
Flow 8:
partitions: [(3, 0.24986899999999979)]
path: {3}
Flow 9:
partitions: [(0, 0.49973799999999957)]
path: {3}
Flow 10:
partitions: [(5, 0.24986899999999979)]
path: {3}
Flow 11:
partitions: [(2, 0.24986899999999979)]
path: {3}
Flow 12:
partitions: [(8, 0.16657933333333308)]
path: {3}
Flow 13:
partitions: [(10, 0.16657933333333308)]
path: {0, 3}
--------------------------------------------------

VARIABLES ------------------------------
Objective: 10.204081632653063
mem_tot_CPU_0 0
m_access_time_CPU_0 0
ns_single_CPU_0 0
pdt_m_rows_CPU_0 0
cores_sketch_CPU_0 0
cores_dpdk_CPU_0 7
ns_sketch_CPU_0 10.2041
pdt_nsk_c_CPU_0 0
ns_dpdk_CPU_0 10.2041
pdt_nsc_dpdk_CPU_0 71.4286
ns_CPU_0 10.2041
--------------------------------------------------

VARIABLES ------------------------------
Objective: 10.204081632653063
mem_tot_CPU_1 0
m_access_time_CPU_1 0
ns_single_CPU_1 0
pdt_m_rows_CPU_1 0
cores_sketch_CPU_1 0
cores_dpdk_CPU_1 7
ns_sketch_CPU_1 10.2041
pdt_nsk_c_CPU_1 0
ns_dpdk_CPU_1 10.2041
pdt_nsc_dpdk_CPU_1 71.4286
ns_CPU_1 10.2041
--------------------------------------------------

VARIABLES ------------------------------
Objective: 10.204081632653063
mem_tot_CPU_2 0
m_access_time_CPU_2 0
ns_single_CPU_2 0
pdt_m_rows_CPU_2 0
cores_sketch_CPU_2 0
cores_dpdk_CPU_2 7
ns_sketch_CPU_2 10.2041
pdt_nsk_c_CPU_2 0
ns_dpdk_CPU_2 10.2041
pdt_nsc_dpdk_CPU_2 71.4286
ns_CPU_2 10.2041
--------------------------------------------------

VARIABLES ------------------------------
Objective: 6.756756756756757
mem_tot_P4_1 29.7288
ns_P4_1 6.75676
--------------------------------------------------

VARIABLES ------------------------------
Objective: 10.204081632653063
mem_tot_CPU_0 0
m_access_time_CPU_0 0
ns_single_CPU_0 0
pdt_m_rows_CPU_0 0
cores_sketch_CPU_0 0
cores_dpdk_CPU_0 7
ns_sketch_CPU_0 10.2041
pdt_nsk_c_CPU_0 0
ns_dpdk_CPU_0 10.2041
pdt_nsc_dpdk_CPU_0 71.4286
ns_CPU_0 10.2041
--------------------------------------------------

VARIABLES ------------------------------
Objective: 10.204081632653063
mem_tot_CPU_1 0
m_access_time_CPU_1 0
ns_single_CPU_1 0
pdt_m_rows_CPU_1 0
cores_sketch_CPU_1 0
cores_dpdk_CPU_1 7
ns_sketch_CPU_1 10.2041
pdt_nsk_c_CPU_1 0
ns_dpdk_CPU_1 10.2041
pdt_nsc_dpdk_CPU_1 71.4286
ns_CPU_1 10.2041
--------------------------------------------------

VARIABLES ------------------------------
Objective: 10.204081632653063
mem_tot_CPU_2 0
m_access_time_CPU_2 0
ns_single_CPU_2 0
pdt_m_rows_CPU_2 0
cores_sketch_CPU_2 0
cores_dpdk_CPU_2 7
ns_sketch_CPU_2 10.2041
pdt_nsk_c_CPU_2 0
ns_dpdk_CPU_2 10.2041
pdt_nsc_dpdk_CPU_2 71.4286
ns_CPU_2 10.2041
--------------------------------------------------

Throughput: 97.99999999999999 Mpps, ns per packet: 10.204081632653063
Resources: 214.99323549474232
Used Cores: 20.999999999999922, Total CPUS: 3, Switch Memory: 29.728758804587482

Sketch (14) (cm: eps0: 0.00625, del0: 0.05, min_mem: 1.69921875)
Par0 id: 14, Rows: 3
(0.500,3)    
Total frac: 0.500

Sketch (7) (cm: eps0: 0.00625, del0: 0.05, min_mem: 1.69921875)
Par0 id: 7, Rows: 3
(0.750,3)    
Total frac: 0.750

Sketch (16) (cm: eps0: 0.00625, del0: 0.05, min_mem: 1.69921875)
Par0 id: 16, Rows: 3
(0.250,3)    
Total frac: 0.250

Sketch (10) (cm: eps0: 0.00625, del0: 0.05, min_mem: 1.69921875)
Par0 id: 10, Rows: 3
(0.250,3)    
Total frac: 0.250

Sketch (3) (cm: eps0: 0.00625, del0: 0.05, min_mem: 1.69921875)
Par0 id: 3, Rows: 3
(0.167,3)    
Total frac: 0.167

Sketch (15) (cm: eps0: 0.00625, del0: 0.05, min_mem: 1.69921875)
Par0 id: 15, Rows: 3
(0.250,3)    
Total frac: 0.250

Sketch (4) (cm: eps0: 0.00625, del0: 0.05, min_mem: 1.69921875)
Par0 id: 4, Rows: 3
(0.167,3)    
Total frac: 0.167

Sketch (0) (cm: eps0: 0.00625, del0: 0.05, min_mem: 1.69921875)
Par0 id: 0, Rows: 3
(0.000,0)    (1.000,3)    (0.000,1)    
Total frac: 1.000

Sketch (18) (cm: eps0: 0.00625, del0: 0.05, min_mem: 1.69921875)
Par0 id: 18, Rows: 3
(0.167,3)    
Total frac: 0.167

Sketch (1) (cm: eps0: 0.00625, del0: 0.05, min_mem: 1.69921875)
Par0 id: 1, Rows: 3
(0.000,2)    (1.000,3)    (0.000,1)    
Total frac: 1.000

Sketch (19) (cm: eps0: 0.00625, del0: 0.05, min_mem: 1.69921875)
Par0 id: 19, Rows: 3
(0.000,0)    (0.167,3)    
Total frac: 0.167

Sketch (6) (cm: eps0: 0.00625, del0: 0.05, min_mem: 1.69921875)
Par0 id: 6, Rows: 3
(0.750,3)    
Total frac: 0.750

Sketch (9) (cm: eps0: 0.00625, del0: 0.05, min_mem: 1.69921875)
Par0 id: 9, Rows: 3
(0.250,3)    
Total frac: 0.250

Sketch (2) (cm: eps0: 0.00625, del0: 0.05, min_mem: 1.69921875)
Par0 id: 2, Rows: 3
(0.000,2)    (0.167,3)    
Total frac: 0.167

Device (0) CPU_0:
cores_sketch: 0.0, cores_dpdk: 6.999999999999973
Rows total: 5.885645977011494e-07
Mem total: 1.0001e-06
Throughput: 97.99999999999999

Device (1) CPU_1:
cores_sketch: 0.0, cores_dpdk: 6.999999999999973
Rows total: 0.0
Mem total: 0.0
Throughput: 97.99999999999999

Device (2) CPU_2:
cores_sketch: 0.0, cores_dpdk: 6.999999999999973
Rows total: 0.0
Mem total: 0.0
Throughput: 97.99999999999999

Device (3) P4_1:
Rows total: 17.49554541143539
Mem total: 29.728758804587482
Throughput: 148.0

Flow 0:
partitions: [(7, 1.0)]
path: {0, 1, 3}
Flow 1:
partitions: [(9, 1.0)]
path: {1, 2, 3}
Flow 2:
partitions: [(13, 0.16657933333333308)]
path: {2, 3}
Flow 3:
partitions: [(4, 0.16657933333333308)]
path: {3}
Flow 4:
partitions: [(6, 0.16657933333333308)]
path: {3}
Flow 5:
partitions: [(11, 0.7498689999999998)]
path: {3}
Flow 6:
partitions: [(1, 0.7498689999999998)]
path: {3}
Flow 7:
partitions: [(12, 0.24986899999999979)]
path: {3}
Flow 8:
partitions: [(3, 0.24986899999999979)]
path: {3}
Flow 9:
partitions: [(0, 0.49973799999999957)]
path: {3}
Flow 10:
partitions: [(5, 0.24986899999999979)]
path: {3}
Flow 11:
partitions: [(2, 0.24986899999999979)]
path: {3}
Flow 12:
partitions: [(8, 0.16657933333333308)]
path: {3}
Flow 13:
partitions: [(10, 0.16657933333333308)]
path: {0, 3}
--------------------------------------------------
Function: MIP.solve took 0.01973104476928711 seconds
Building model with:
3 devices, 3 partitions and 3 flows
Function: MIP.add_frac_mem_var took 6.341934204101562e-05 seconds
Function: MIP.add_coverage_constraints took 3.743171691894531e-05 seconds
Function: MIP.add_accuracy_constraints took 6.246566772460938e-05 seconds
Function: MIP.add_capacity_constraints took 0.00022411346435546875 seconds
--------------------------------------------------
Starting model update
Model update took: 2.47955322265625e-05 s
--------------------------------------------------
Starting model optimize
Model optimize took: 0.0022542476654052734 seconds
--------------------------------------------------

VARIABLES ------------------------------
Objective: 7.500786
frac[0,1] 0.833421
frac[1,2] 0.000174684
frac[0,0] 8.73421e-05
frac[2,2] 0.833246
frac[1,0] 0.833333
mem[0,1] 4.24849
mem[1,2] 0.00089048
mem[0,0] 0.00044524
mem[2,2] 4.2476
mem[1,0] 4.24805
mem_tot_CPU_3 4.24894
normalized_mem_tot_CPU_3 0.000129667
rows_tot_CPU_3 2.50052
normalized_rows_tot_CPU_3 0.208377
mem_tot_CPU_4 4.24894
normalized_mem_tot_CPU_4 0.000129667
rows_tot_CPU_4 2.50052
normalized_rows_tot_CPU_4 0.208377
mem_tot_CPU_5 4.2476
normalized_mem_tot_CPU_5 0.000129627
rows_tot_CPU_5 2.49974
normalized_rows_tot_CPU_5 0.208311
max_mem_CPU_Cluster 0.000129627
max_rows_CPU_Cluster 0.208377
--------------------------------------------------

Sketch (3) (cm: eps0: 0.00625, del0: 0.05, min_mem: 1.69921875)
Par0 id: 3, Rows: 3
(0.000,0)    (0.833,1)    
Total frac: 0.833

Sketch (2) (cm: eps0: 0.00625, del0: 0.05, min_mem: 1.69921875)
Par0 id: 2, Rows: 3
(0.833,0)    
Total frac: 0.833

Sketch (4) (cm: eps0: 0.00625, del0: 0.05, min_mem: 1.69921875)
Par0 id: 4, Rows: 3
(0.000,1)    (0.833,2)    
Total frac: 0.833

Device (0) CPU_3:
Rows total: 2.5005240262000012
Mem total: 4.248937310144534

Device (1) CPU_4:
Rows total: 2.500524026200001
Mem total: 4.248937310144533

Device (2) CPU_5:
Rows total: 2.499737947599998
Mem total: 4.247601590648435

Flow 0:
partitions: [(1, 0.8334206666666668)]
path: {0}
Flow 1:
partitions: [(0, 0.8334206666666668)]
path: {0, 1}
Flow 2:
partitions: [(2, 0.8334206666666668)]
path: {1, 2}
--------------------------------------------------

VARIABLES ------------------------------
Objective: 10.714285714285715
mem_tot_CPU_3 4.24894
m_access_time_CPU_3 0.536891
ns_single_CPU_3 10.0943
pdt_m_rows_CPU_3 1.34251
cores_sketch_CPU_3 1
cores_dpdk_CPU_3 6
ns_sketch_CPU_3 10.0943
pdt_nsk_c_CPU_3 10.0943
ns_dpdk_CPU_3 10.7143
pdt_nsc_dpdk_CPU_3 64.2857
ns_CPU_3 10.7143
--------------------------------------------------

VARIABLES ------------------------------
Objective: 10.714285714285715
mem_tot_CPU_4 4.24894
m_access_time_CPU_4 0.536891
ns_single_CPU_4 10.0943
pdt_m_rows_CPU_4 1.34251
cores_sketch_CPU_4 1
cores_dpdk_CPU_4 6
ns_sketch_CPU_4 10.0943
pdt_nsk_c_CPU_4 10.0943
ns_dpdk_CPU_4 10.7143
pdt_nsc_dpdk_CPU_4 64.2857
ns_CPU_4 10.7143
--------------------------------------------------

VARIABLES ------------------------------
Objective: 10.714285714285715
mem_tot_CPU_5 4.2476
m_access_time_CPU_5 0.536892
ns_single_CPU_5 10.0912
pdt_m_rows_CPU_5 1.34209
cores_sketch_CPU_5 1
cores_dpdk_CPU_5 6
ns_sketch_CPU_5 10.0912
pdt_nsk_c_CPU_5 10.0912
ns_dpdk_CPU_5 10.7143
pdt_nsc_dpdk_CPU_5 64.2857
ns_CPU_5 10.7143
--------------------------------------------------

VARIABLES ------------------------------
Objective: 10.714285714285715
mem_tot_CPU_3 4.24894
m_access_time_CPU_3 0.536891
ns_single_CPU_3 10.0943
pdt_m_rows_CPU_3 1.34251
cores_sketch_CPU_3 1
cores_dpdk_CPU_3 6
ns_sketch_CPU_3 10.0943
pdt_nsk_c_CPU_3 10.0943
ns_dpdk_CPU_3 10.7143
pdt_nsc_dpdk_CPU_3 64.2857
ns_CPU_3 10.7143
--------------------------------------------------

VARIABLES ------------------------------
Objective: 10.714285714285715
mem_tot_CPU_4 4.24894
m_access_time_CPU_4 0.536891
ns_single_CPU_4 10.0943
pdt_m_rows_CPU_4 1.34251
cores_sketch_CPU_4 1
cores_dpdk_CPU_4 6
ns_sketch_CPU_4 10.0943
pdt_nsk_c_CPU_4 10.0943
ns_dpdk_CPU_4 10.7143
pdt_nsc_dpdk_CPU_4 64.2857
ns_CPU_4 10.7143
--------------------------------------------------

VARIABLES ------------------------------
Objective: 10.714285714285715
mem_tot_CPU_5 4.2476
m_access_time_CPU_5 0.536892
ns_single_CPU_5 10.0912
pdt_m_rows_CPU_5 1.34209
cores_sketch_CPU_5 1
cores_dpdk_CPU_5 6
ns_sketch_CPU_5 10.0912
pdt_nsk_c_CPU_5 10.0912
ns_dpdk_CPU_5 10.7143
pdt_nsc_dpdk_CPU_5 64.2857
ns_CPU_5 10.7143
--------------------------------------------------

Throughput: 93.33333333333333 Mpps, ns per packet: 10.714285714285715
Resources: 210.001555844264
Used Cores: 20.999999999999993, Total CPUS: 3, Switch Memory: 0

Sketch (3) (cm: eps0: 0.00625, del0: 0.05, min_mem: 1.69921875)
Par0 id: 3, Rows: 3
(0.000,0)    (0.833,1)    
Total frac: 0.833

Sketch (2) (cm: eps0: 0.00625, del0: 0.05, min_mem: 1.69921875)
Par0 id: 2, Rows: 3
(0.833,0)    
Total frac: 0.833

Sketch (4) (cm: eps0: 0.00625, del0: 0.05, min_mem: 1.69921875)
Par0 id: 4, Rows: 3
(0.000,1)    (0.833,2)    
Total frac: 0.833

Device (0) CPU_3:
cores_sketch: 1.0, cores_dpdk: 5.999999999999998
Rows total: 2.5005240262000012
Mem total: 4.248937310144534
Throughput: 93.33333333333333

Device (1) CPU_4:
cores_sketch: 1.0, cores_dpdk: 5.999999999999998
Rows total: 2.500524026200001
Mem total: 4.248937310144533
Throughput: 93.33333333333333

Device (2) CPU_5:
cores_sketch: 1.0, cores_dpdk: 5.999999999999998
Rows total: 2.499737947599998
Mem total: 4.247601590648435
Throughput: 93.33333333333333

Flow 0:
partitions: [(1, 0.8334206666666668)]
path: {0}
Flow 1:
partitions: [(0, 0.8334206666666668)]
path: {0, 1}
Flow 2:
partitions: [(2, 0.8334206666666668)]
path: {1, 2}
--------------------------------------------------
Function: MIP.solve took 0.017657756805419922 seconds
Building model with:
3 devices, 4 partitions and 4 flows
Function: MIP.add_frac_mem_var took 6.4849853515625e-05 seconds
Function: MIP.add_coverage_constraints took 4.4345855712890625e-05 seconds
Function: MIP.add_accuracy_constraints took 7.2479248046875e-05 seconds
Function: MIP.add_capacity_constraints took 0.0002288818359375 seconds
--------------------------------------------------
Starting model update
Model update took: 2.5033950805664062e-05 s
--------------------------------------------------
Starting model optimize
Model optimize took: 0.0011286735534667969 seconds
--------------------------------------------------

VARIABLES ------------------------------
Objective: 7.5007860000000015
frac[0,1] 1
frac[1,2] 0.250131
frac[1,3] 0.250131
frac[2,0] 1
frac[2,3] 0
frac[0,2] 0
mem[0,1] 5.09766
mem[1,2] 1.27508
mem[1,3] 1.27508
mem[2,0] 5.09766
mem[2,3] 0
mem[0,2] 0
mem_tot_CPU_6 5.09766
normalized_mem_tot_CPU_6 0.000155568
rows_tot_CPU_6 3
normalized_rows_tot_CPU_6 0.25
mem_tot_CPU_7 2.55016
normalized_mem_tot_CPU_7 7.78248e-05
rows_tot_CPU_7 1.50079
normalized_rows_tot_CPU_7 0.125066
mem_tot_CPU_8 5.09766
normalized_mem_tot_CPU_8 0.000155568
rows_tot_CPU_8 3
normalized_rows_tot_CPU_8 0.25
max_mem_CPU_Cluster 0.000155568
max_rows_CPU_Cluster 0.25
--------------------------------------------------

Sketch (8) (cm: eps0: 0.00625, del0: 0.05, min_mem: 1.69921875)
Par0 id: 8, Rows: 3
(1.000,2)    
Total frac: 1.000

Sketch (5) (cm: eps0: 0.00625, del0: 0.05, min_mem: 1.69921875)
Par0 id: 5, Rows: 3
(1.000,0)    
Total frac: 1.000

Sketch (6) (cm: eps0: 0.00625, del0: 0.05, min_mem: 1.69921875)
Par0 id: 6, Rows: 3
(0.250,1)    (0.000,0)    
Total frac: 0.250

Sketch (7) (cm: eps0: 0.00625, del0: 0.05, min_mem: 1.69921875)
Par0 id: 7, Rows: 3
(0.250,1)    (0.000,2)    
Total frac: 0.250

Device (0) CPU_6:
Rows total: 3.0
Mem total: 5.09765625

Device (1) CPU_7:
Rows total: 1.5007860000000013
Mem total: 2.550163710937502

Device (2) CPU_8:
Rows total: 3.0
Mem total: 5.09765625

Flow 0:
partitions: [(1, 1.0)]
path: {0}
Flow 1:
partitions: [(2, 0.2501310000000002)]
path: {0, 1}
Flow 2:
partitions: [(3, 0.2501310000000002)]
path: {1, 2}
Flow 3:
partitions: [(0, 1.0)]
path: {2}
--------------------------------------------------

VARIABLES ------------------------------
Objective: 11.42857142857143
mem_tot_CPU_6 5.09766
m_access_time_CPU_6 0.536096
ns_single_CPU_6 12.1083
pdt_m_rows_CPU_6 1.60829
cores_sketch_CPU_6 2
cores_dpdk_CPU_6 5
ns_sketch_CPU_6 6.05414
pdt_nsk_c_CPU_6 12.1083
ns_dpdk_CPU_6 11.4286
pdt_nsc_dpdk_CPU_6 57.1429
ns_CPU_6 11.4286
--------------------------------------------------

VARIABLES ------------------------------
Objective: 10.714285714285715
mem_tot_CPU_7 2.55016
m_access_time_CPU_7 0.538482
ns_single_CPU_7 6.0609
pdt_m_rows_CPU_7 0.808147
cores_sketch_CPU_7 1
cores_dpdk_CPU_7 6
ns_sketch_CPU_7 6.0609
pdt_nsk_c_CPU_7 6.0609
ns_dpdk_CPU_7 10.7143
pdt_nsc_dpdk_CPU_7 64.2857
ns_CPU_7 10.7143
--------------------------------------------------

VARIABLES ------------------------------
Objective: 11.42857142857143
mem_tot_CPU_8 5.09766
m_access_time_CPU_8 0.536096
ns_single_CPU_8 12.1083
pdt_m_rows_CPU_8 1.60829
cores_sketch_CPU_8 2
cores_dpdk_CPU_8 5
ns_sketch_CPU_8 6.05414
pdt_nsk_c_CPU_8 12.1083
ns_dpdk_CPU_8 11.4286
pdt_nsc_dpdk_CPU_8 57.1429
ns_CPU_8 11.4286
--------------------------------------------------

VARIABLES ------------------------------
Objective: 11.42857142857143
mem_tot_CPU_6 5.09766
m_access_time_CPU_6 0.536096
ns_single_CPU_6 12.1083
pdt_m_rows_CPU_6 1.60829
cores_sketch_CPU_6 2
cores_dpdk_CPU_6 5
ns_sketch_CPU_6 6.05414
pdt_nsk_c_CPU_6 12.1083
ns_dpdk_CPU_6 11.4286
pdt_nsc_dpdk_CPU_6 57.1429
ns_CPU_6 11.4286
--------------------------------------------------

VARIABLES ------------------------------
Objective: 11.42857142857143
mem_tot_CPU_7 2.55016
m_access_time_CPU_7 0.538482
ns_single_CPU_7 6.0609
pdt_m_rows_CPU_7 0.808147
cores_sketch_CPU_7 1
cores_dpdk_CPU_7 5
ns_sketch_CPU_7 6.0609
pdt_nsk_c_CPU_7 6.0609
ns_dpdk_CPU_7 11.4286
pdt_nsc_dpdk_CPU_7 57.1429
ns_CPU_7 11.4286
--------------------------------------------------

VARIABLES ------------------------------
Objective: 11.42857142857143
mem_tot_CPU_8 5.09766
m_access_time_CPU_8 0.536096
ns_single_CPU_8 12.1083
pdt_m_rows_CPU_8 1.60829
cores_sketch_CPU_8 2
cores_dpdk_CPU_8 5
ns_sketch_CPU_8 6.05414
pdt_nsk_c_CPU_8 12.1083
ns_dpdk_CPU_8 11.4286
pdt_nsc_dpdk_CPU_8 57.1429
ns_CPU_8 11.4286
--------------------------------------------------

Throughput: 87.49999999999999 Mpps, ns per packet: 11.42857142857143
Resources: 200.00155584426398
Used Cores: 19.999999999999993, Total CPUS: 3, Switch Memory: 0

Sketch (8) (cm: eps0: 0.00625, del0: 0.05, min_mem: 1.69921875)
Par0 id: 8, Rows: 3
(1.000,2)    
Total frac: 1.000

Sketch (5) (cm: eps0: 0.00625, del0: 0.05, min_mem: 1.69921875)
Par0 id: 5, Rows: 3
(1.000,0)    
Total frac: 1.000

Sketch (6) (cm: eps0: 0.00625, del0: 0.05, min_mem: 1.69921875)
Par0 id: 6, Rows: 3
(0.250,1)    (0.000,0)    
Total frac: 0.250

Sketch (7) (cm: eps0: 0.00625, del0: 0.05, min_mem: 1.69921875)
Par0 id: 7, Rows: 3
(0.250,1)    (0.000,2)    
Total frac: 0.250

Device (0) CPU_6:
cores_sketch: 2.0, cores_dpdk: 4.9999999999999964
Rows total: 3.0
Mem total: 5.09765625
Throughput: 87.49999999999999

Device (1) CPU_7:
cores_sketch: 1.0, cores_dpdk: 5.0
Rows total: 1.5007860000000013
Mem total: 2.550163710937502
Throughput: 87.49999999999999

Device (2) CPU_8:
cores_sketch: 2.0, cores_dpdk: 4.9999999999999964
Rows total: 3.0
Mem total: 5.09765625
Throughput: 87.49999999999999

Flow 0:
partitions: [(1, 1.0)]
path: {0}
Flow 1:
partitions: [(2, 0.2501310000000002)]
path: {0, 1}
Flow 2:
partitions: [(3, 0.2501310000000002)]
path: {1, 2}
Flow 3:
partitions: [(0, 1.0)]
path: {2}
--------------------------------------------------
Function: MIP.solve took 0.01702260971069336 seconds
Building model with:
3 devices, 3 partitions and 3 flows
Function: MIP.add_frac_mem_var took 6.723403930664062e-05 seconds
Function: MIP.add_coverage_constraints took 3.7670135498046875e-05 seconds
Function: MIP.add_accuracy_constraints took 6.246566772460938e-05 seconds
Function: MIP.add_capacity_constraints took 0.00023603439331054688 seconds
--------------------------------------------------
Starting model update
Model update took: 2.47955322265625e-05 s
--------------------------------------------------
Starting model optimize
Model optimize took: 0.0016355514526367188 seconds
--------------------------------------------------

VARIABLES ------------------------------
Objective: 7.5007860000000015
frac[1,2] 0.249869
frac[0,2] 0.500262
frac[2,1] 0
frac[2,0] 1
frac[1,1] 0.750131
mem[1,2] 1.27375
mem[0,2] 2.55016
mem[2,1] 0
mem[2,0] 5.09766
mem[1,1] 3.82391
mem_tot_CPU_9 2.55016
normalized_mem_tot_CPU_9 7.78248e-05
rows_tot_CPU_9 1.50079
normalized_rows_tot_CPU_9 0.125066
mem_tot_CPU_10 5.09766
normalized_mem_tot_CPU_10 0.000155568
rows_tot_CPU_10 3
normalized_rows_tot_CPU_10 0.25
mem_tot_CPU_11 5.09766
normalized_mem_tot_CPU_11 0.000155568
rows_tot_CPU_11 3
normalized_rows_tot_CPU_11 0.25
max_mem_CPU_Cluster 0.000155568
max_rows_CPU_Cluster 0.25
--------------------------------------------------

Sketch (11) (cm: eps0: 0.00625, del0: 0.05, min_mem: 1.69921875)
Par0 id: 11, Rows: 3
(1.000,2)    
Total frac: 1.000

Sketch (10) (cm: eps0: 0.00625, del0: 0.05, min_mem: 1.69921875)
Par0 id: 10, Rows: 3
(0.000,2)    (0.750,1)    
Total frac: 0.750

Sketch (9) (cm: eps0: 0.00625, del0: 0.05, min_mem: 1.69921875)
Par0 id: 9, Rows: 3
(0.250,1)    (0.500,0)    
Total frac: 0.750

Device (0) CPU_9:
Rows total: 1.5007860000000013
Mem total: 2.550163710937502

Device (1) CPU_10:
Rows total: 3.0
Mem total: 5.09765625

Device (2) CPU_11:
Rows total: 3.0
Mem total: 5.09765625

Flow 0:
partitions: [(2, 0.7501310000000002)]
path: {0, 1}
Flow 1:
partitions: [(1, 0.7501310000000002)]
path: {1, 2}
Flow 2:
partitions: [(0, 1.0)]
path: {2}
--------------------------------------------------

VARIABLES ------------------------------
Objective: 10.714285714285715
mem_tot_CPU_9 2.55016
m_access_time_CPU_9 0.538482
ns_single_CPU_9 6.0609
pdt_m_rows_CPU_9 0.808147
cores_sketch_CPU_9 1
cores_dpdk_CPU_9 6
ns_sketch_CPU_9 6.0609
pdt_nsk_c_CPU_9 6.0609
ns_dpdk_CPU_9 10.7143
pdt_nsc_dpdk_CPU_9 64.2857
ns_CPU_9 10.7143
--------------------------------------------------

VARIABLES ------------------------------
Objective: 11.42857142857143
mem_tot_CPU_10 5.09766
m_access_time_CPU_10 0.536096
ns_single_CPU_10 12.1083
pdt_m_rows_CPU_10 1.60829
cores_sketch_CPU_10 2
cores_dpdk_CPU_10 5
ns_sketch_CPU_10 6.05414
pdt_nsk_c_CPU_10 12.1083
ns_dpdk_CPU_10 11.4286
pdt_nsc_dpdk_CPU_10 57.1429
ns_CPU_10 11.4286
--------------------------------------------------

VARIABLES ------------------------------
Objective: 11.42857142857143
mem_tot_CPU_11 5.09766
m_access_time_CPU_11 0.536096
ns_single_CPU_11 12.1083
pdt_m_rows_CPU_11 1.60829
cores_sketch_CPU_11 2
cores_dpdk_CPU_11 5
ns_sketch_CPU_11 6.05414
pdt_nsk_c_CPU_11 12.1083
ns_dpdk_CPU_11 11.4286
pdt_nsc_dpdk_CPU_11 57.1429
ns_CPU_11 11.4286
--------------------------------------------------

VARIABLES ------------------------------
Objective: 11.42857142857143
mem_tot_CPU_9 2.55016
m_access_time_CPU_9 0.538482
ns_single_CPU_9 6.0609
pdt_m_rows_CPU_9 0.808147
cores_sketch_CPU_9 1
cores_dpdk_CPU_9 5
ns_sketch_CPU_9 6.0609
pdt_nsk_c_CPU_9 6.0609
ns_dpdk_CPU_9 11.4286
pdt_nsc_dpdk_CPU_9 57.1429
ns_CPU_9 11.4286
--------------------------------------------------

VARIABLES ------------------------------
Objective: 11.42857142857143
mem_tot_CPU_10 5.09766
m_access_time_CPU_10 0.536096
ns_single_CPU_10 12.1083
pdt_m_rows_CPU_10 1.60829
cores_sketch_CPU_10 2
cores_dpdk_CPU_10 5
ns_sketch_CPU_10 6.05414
pdt_nsk_c_CPU_10 12.1083
ns_dpdk_CPU_10 11.4286
pdt_nsc_dpdk_CPU_10 57.1429
ns_CPU_10 11.4286
--------------------------------------------------

VARIABLES ------------------------------
Objective: 11.42857142857143
mem_tot_CPU_11 5.09766
m_access_time_CPU_11 0.536096
ns_single_CPU_11 12.1083
pdt_m_rows_CPU_11 1.60829
cores_sketch_CPU_11 2
cores_dpdk_CPU_11 5
ns_sketch_CPU_11 6.05414
pdt_nsk_c_CPU_11 12.1083
ns_dpdk_CPU_11 11.4286
pdt_nsc_dpdk_CPU_11 57.1429
ns_CPU_11 11.4286
--------------------------------------------------

Throughput: 87.49999999999999 Mpps, ns per packet: 11.42857142857143
Resources: 200.00155584426398
Used Cores: 19.999999999999993, Total CPUS: 3, Switch Memory: 0

Sketch (11) (cm: eps0: 0.00625, del0: 0.05, min_mem: 1.69921875)
Par0 id: 11, Rows: 3
(1.000,2)    
Total frac: 1.000

Sketch (10) (cm: eps0: 0.00625, del0: 0.05, min_mem: 1.69921875)
Par0 id: 10, Rows: 3
(0.000,2)    (0.750,1)    
Total frac: 0.750

Sketch (9) (cm: eps0: 0.00625, del0: 0.05, min_mem: 1.69921875)
Par0 id: 9, Rows: 3
(0.250,1)    (0.500,0)    
Total frac: 0.750

Device (0) CPU_9:
cores_sketch: 1.0, cores_dpdk: 5.0
Rows total: 1.5007860000000013
Mem total: 2.550163710937502
Throughput: 87.49999999999999

Device (1) CPU_10:
cores_sketch: 2.0, cores_dpdk: 4.9999999999999964
Rows total: 3.0
Mem total: 5.09765625
Throughput: 87.49999999999999

Device (2) CPU_11:
cores_sketch: 2.0, cores_dpdk: 4.9999999999999964
Rows total: 3.0
Mem total: 5.09765625
Throughput: 87.49999999999999

Flow 0:
partitions: [(2, 0.7501310000000002)]
path: {0, 1}
Flow 1:
partitions: [(1, 0.7501310000000002)]
path: {1, 2}
Flow 2:
partitions: [(0, 1.0)]
path: {2}
--------------------------------------------------
Function: MIP.solve took 0.0174410343170166 seconds
Building model with:
3 devices, 3 partitions and 3 flows
Function: MIP.add_frac_mem_var took 6.246566772460938e-05 seconds
Function: MIP.add_coverage_constraints took 3.814697265625e-05 seconds
Function: MIP.add_accuracy_constraints took 6.794929504394531e-05 seconds
Function: MIP.add_capacity_constraints took 0.00022912025451660156 seconds
--------------------------------------------------
Starting model update
Model update took: 2.4318695068359375e-05 s
--------------------------------------------------
Starting model optimize
Model optimize took: 0.0022306442260742188 seconds
--------------------------------------------------

VARIABLES ------------------------------
Objective: 7.5007860000000015
frac[0,0] 0.833508
frac[2,1] 0.332984
frac[2,2] 0.500262
frac[1,0] 0.166492
frac[1,1] 0.667016
mem[0,0] 4.24894
mem[2,1] 1.69744
mem[2,2] 2.55016
mem[1,0] 0.848719
mem[1,1] 3.40022
mem_tot_CPU_12 4.24894
normalized_mem_tot_CPU_12 0.000129667
rows_tot_CPU_12 2.50052
normalized_rows_tot_CPU_12 0.208377
mem_tot_CPU_13 4.24894
normalized_mem_tot_CPU_13 0.000129667
rows_tot_CPU_13 2.50052
normalized_rows_tot_CPU_13 0.208377
mem_tot_CPU_14 4.2476
normalized_mem_tot_CPU_14 0.000129627
rows_tot_CPU_14 2.49974
normalized_rows_tot_CPU_14 0.208311
max_mem_CPU_Cluster 0.000129627
max_rows_CPU_Cluster 0.208377
--------------------------------------------------

Sketch (12) (cm: eps0: 0.00625, del0: 0.05, min_mem: 1.69921875)
Par0 id: 12, Rows: 3
(0.834,0)    (0.166,1)    
Total frac: 1.000

Sketch (13) (cm: eps0: 0.00625, del0: 0.05, min_mem: 1.69921875)
Par0 id: 13, Rows: 3
(0.333,2)    (0.667,1)    
Total frac: 1.000

Sketch (14) (cm: eps0: 0.00625, del0: 0.05, min_mem: 1.69921875)
Par0 id: 14, Rows: 3
(0.500,2)    
Total frac: 0.500

Device (0) CPU_12:
Rows total: 2.5005240262000012
Mem total: 4.248937310144534

Device (1) CPU_13:
Rows total: 2.5005240262000004
Mem total: 4.248937310144532

Device (2) CPU_14:
Rows total: 2.4997379475999995
Mem total: 4.247601590648436

Flow 0:
partitions: [(0, 1.0)]
path: {0, 1}
Flow 1:
partitions: [(1, 1.0)]
path: {1, 2}
Flow 2:
partitions: [(2, 0.5002620000000004)]
path: {2}
--------------------------------------------------

VARIABLES ------------------------------
Objective: 10.714285714285715
mem_tot_CPU_12 4.24894
m_access_time_CPU_12 0.536891
ns_single_CPU_12 10.0943
pdt_m_rows_CPU_12 1.34251
cores_sketch_CPU_12 1
cores_dpdk_CPU_12 6
ns_sketch_CPU_12 10.0943
pdt_nsk_c_CPU_12 10.0943
ns_dpdk_CPU_12 10.7143
pdt_nsc_dpdk_CPU_12 64.2857
ns_CPU_12 10.7143
--------------------------------------------------

VARIABLES ------------------------------
Objective: 10.714285714285715
mem_tot_CPU_13 4.24894
m_access_time_CPU_13 0.536891
ns_single_CPU_13 10.0943
pdt_m_rows_CPU_13 1.34251
cores_sketch_CPU_13 1
cores_dpdk_CPU_13 6
ns_sketch_CPU_13 10.0943
pdt_nsk_c_CPU_13 10.0943
ns_dpdk_CPU_13 10.7143
pdt_nsc_dpdk_CPU_13 64.2857
ns_CPU_13 10.7143
--------------------------------------------------

VARIABLES ------------------------------
Objective: 10.714285714285715
mem_tot_CPU_14 4.2476
m_access_time_CPU_14 0.536892
ns_single_CPU_14 10.0912
pdt_m_rows_CPU_14 1.34209
cores_sketch_CPU_14 1
cores_dpdk_CPU_14 6
ns_sketch_CPU_14 10.0912
pdt_nsk_c_CPU_14 10.0912
ns_dpdk_CPU_14 10.7143
pdt_nsc_dpdk_CPU_14 64.2857
ns_CPU_14 10.7143
--------------------------------------------------

VARIABLES ------------------------------
Objective: 10.714285714285715
mem_tot_CPU_12 4.24894
m_access_time_CPU_12 0.536891
ns_single_CPU_12 10.0943
pdt_m_rows_CPU_12 1.34251
cores_sketch_CPU_12 1
cores_dpdk_CPU_12 6
ns_sketch_CPU_12 10.0943
pdt_nsk_c_CPU_12 10.0943
ns_dpdk_CPU_12 10.7143
pdt_nsc_dpdk_CPU_12 64.2857
ns_CPU_12 10.7143
--------------------------------------------------

VARIABLES ------------------------------
Objective: 10.714285714285715
mem_tot_CPU_13 4.24894
m_access_time_CPU_13 0.536891
ns_single_CPU_13 10.0943
pdt_m_rows_CPU_13 1.34251
cores_sketch_CPU_13 1
cores_dpdk_CPU_13 6
ns_sketch_CPU_13 10.0943
pdt_nsk_c_CPU_13 10.0943
ns_dpdk_CPU_13 10.7143
pdt_nsc_dpdk_CPU_13 64.2857
ns_CPU_13 10.7143
--------------------------------------------------

VARIABLES ------------------------------
Objective: 10.714285714285715
mem_tot_CPU_14 4.2476
m_access_time_CPU_14 0.536892
ns_single_CPU_14 10.0912
pdt_m_rows_CPU_14 1.34209
cores_sketch_CPU_14 1
cores_dpdk_CPU_14 6
ns_sketch_CPU_14 10.0912
pdt_nsk_c_CPU_14 10.0912
ns_dpdk_CPU_14 10.7143
pdt_nsc_dpdk_CPU_14 64.2857
ns_CPU_14 10.7143
--------------------------------------------------

Throughput: 93.33333333333333 Mpps, ns per packet: 10.714285714285715
Resources: 210.001555844264
Used Cores: 20.999999999999993, Total CPUS: 3, Switch Memory: 0

Sketch (12) (cm: eps0: 0.00625, del0: 0.05, min_mem: 1.69921875)
Par0 id: 12, Rows: 3
(0.834,0)    (0.166,1)    
Total frac: 1.000

Sketch (13) (cm: eps0: 0.00625, del0: 0.05, min_mem: 1.69921875)
Par0 id: 13, Rows: 3
(0.333,2)    (0.667,1)    
Total frac: 1.000

Sketch (14) (cm: eps0: 0.00625, del0: 0.05, min_mem: 1.69921875)
Par0 id: 14, Rows: 3
(0.500,2)    
Total frac: 0.500

Device (0) CPU_12:
cores_sketch: 1.0, cores_dpdk: 5.999999999999998
Rows total: 2.5005240262000012
Mem total: 4.248937310144534
Throughput: 93.33333333333333

Device (1) CPU_13:
cores_sketch: 1.0, cores_dpdk: 5.999999999999998
Rows total: 2.5005240262000004
Mem total: 4.248937310144532
Throughput: 93.33333333333333

Device (2) CPU_14:
cores_sketch: 1.0, cores_dpdk: 5.999999999999998
Rows total: 2.4997379475999995
Mem total: 4.247601590648436
Throughput: 93.33333333333333

Flow 0:
partitions: [(0, 1.0)]
path: {0, 1}
Flow 1:
partitions: [(1, 1.0)]
path: {1, 2}
Flow 2:
partitions: [(2, 0.5002620000000004)]
path: {2}
--------------------------------------------------
Function: MIP.solve took 0.017266511917114258 seconds
Building model with:
3 devices, 3 partitions and 3 flows
Function: MIP.add_frac_mem_var took 6.151199340820312e-05 seconds
Function: MIP.add_coverage_constraints took 3.743171691894531e-05 seconds
Function: MIP.add_accuracy_constraints took 6.246566772460938e-05 seconds
Function: MIP.add_capacity_constraints took 0.0002281665802001953 seconds
--------------------------------------------------
Starting model update
Model update took: 2.4318695068359375e-05 s
--------------------------------------------------
Starting model optimize
Model optimize took: 0.001581430435180664 seconds
--------------------------------------------------

VARIABLES ------------------------------
Objective: 7.5007860000000015
frac[0,1] 0.500262
frac[1,2] 0.750131
frac[2,0] 1
frac[2,2] 0
frac[1,1] 0.249869
mem[0,1] 2.55016
mem[1,2] 3.82391
mem[2,0] 5.09766
mem[2,2] 0
mem[1,1] 1.27375
mem_tot_CPU_15 2.55016
normalized_mem_tot_CPU_15 7.78248e-05
rows_tot_CPU_15 1.50079
normalized_rows_tot_CPU_15 0.125066
mem_tot_CPU_16 5.09766
normalized_mem_tot_CPU_16 0.000155568
rows_tot_CPU_16 3
normalized_rows_tot_CPU_16 0.25
mem_tot_CPU_17 5.09766
normalized_mem_tot_CPU_17 0.000155568
rows_tot_CPU_17 3
normalized_rows_tot_CPU_17 0.25
max_mem_CPU_Cluster 0.000155568
max_rows_CPU_Cluster 0.25
--------------------------------------------------

Sketch (17) (cm: eps0: 0.00625, del0: 0.05, min_mem: 1.69921875)
Par0 id: 17, Rows: 3
(1.000,2)    
Total frac: 1.000

Sketch (15) (cm: eps0: 0.00625, del0: 0.05, min_mem: 1.69921875)
Par0 id: 15, Rows: 3
(0.500,0)    (0.250,1)    
Total frac: 0.750

Sketch (16) (cm: eps0: 0.00625, del0: 0.05, min_mem: 1.69921875)
Par0 id: 16, Rows: 3
(0.750,1)    (0.000,2)    
Total frac: 0.750

Device (0) CPU_15:
Rows total: 1.5007860000000013
Mem total: 2.550163710937502

Device (1) CPU_16:
Rows total: 3.0
Mem total: 5.09765625

Device (2) CPU_17:
Rows total: 3.0
Mem total: 5.09765625

Flow 0:
partitions: [(1, 0.7501310000000002)]
path: {0, 1}
Flow 1:
partitions: [(2, 0.7501310000000002)]
path: {1, 2}
Flow 2:
partitions: [(0, 1.0)]
path: {2}
--------------------------------------------------

VARIABLES ------------------------------
Objective: 10.714285714285715
mem_tot_CPU_15 2.55016
m_access_time_CPU_15 0.538482
ns_single_CPU_15 6.0609
pdt_m_rows_CPU_15 0.808147
cores_sketch_CPU_15 1
cores_dpdk_CPU_15 6
ns_sketch_CPU_15 6.0609
pdt_nsk_c_CPU_15 6.0609
ns_dpdk_CPU_15 10.7143
pdt_nsc_dpdk_CPU_15 64.2857
ns_CPU_15 10.7143
--------------------------------------------------

VARIABLES ------------------------------
Objective: 11.42857142857143
mem_tot_CPU_16 5.09766
m_access_time_CPU_16 0.536096
ns_single_CPU_16 12.1083
pdt_m_rows_CPU_16 1.60829
cores_sketch_CPU_16 2
cores_dpdk_CPU_16 5
ns_sketch_CPU_16 6.05414
pdt_nsk_c_CPU_16 12.1083
ns_dpdk_CPU_16 11.4286
pdt_nsc_dpdk_CPU_16 57.1429
ns_CPU_16 11.4286
--------------------------------------------------

VARIABLES ------------------------------
Objective: 11.42857142857143
mem_tot_CPU_17 5.09766
m_access_time_CPU_17 0.536096
ns_single_CPU_17 12.1083
pdt_m_rows_CPU_17 1.60829
cores_sketch_CPU_17 2
cores_dpdk_CPU_17 5
ns_sketch_CPU_17 6.05414
pdt_nsk_c_CPU_17 12.1083
ns_dpdk_CPU_17 11.4286
pdt_nsc_dpdk_CPU_17 57.1429
ns_CPU_17 11.4286
--------------------------------------------------

VARIABLES ------------------------------
Objective: 11.42857142857143
mem_tot_CPU_15 2.55016
m_access_time_CPU_15 0.538482
ns_single_CPU_15 6.0609
pdt_m_rows_CPU_15 0.808147
cores_sketch_CPU_15 1
cores_dpdk_CPU_15 5
ns_sketch_CPU_15 6.0609
pdt_nsk_c_CPU_15 6.0609
ns_dpdk_CPU_15 11.4286
pdt_nsc_dpdk_CPU_15 57.1429
ns_CPU_15 11.4286
--------------------------------------------------

VARIABLES ------------------------------
Objective: 11.42857142857143
mem_tot_CPU_16 5.09766
m_access_time_CPU_16 0.536096
ns_single_CPU_16 12.1083
pdt_m_rows_CPU_16 1.60829
cores_sketch_CPU_16 2
cores_dpdk_CPU_16 5
ns_sketch_CPU_16 6.05414
pdt_nsk_c_CPU_16 12.1083
ns_dpdk_CPU_16 11.4286
pdt_nsc_dpdk_CPU_16 57.1429
ns_CPU_16 11.4286
--------------------------------------------------

VARIABLES ------------------------------
Objective: 11.42857142857143
mem_tot_CPU_17 5.09766
m_access_time_CPU_17 0.536096
ns_single_CPU_17 12.1083
pdt_m_rows_CPU_17 1.60829
cores_sketch_CPU_17 2
cores_dpdk_CPU_17 5
ns_sketch_CPU_17 6.05414
pdt_nsk_c_CPU_17 12.1083
ns_dpdk_CPU_17 11.4286
pdt_nsc_dpdk_CPU_17 57.1429
ns_CPU_17 11.4286
--------------------------------------------------

Throughput: 87.49999999999999 Mpps, ns per packet: 11.42857142857143
Resources: 200.00155584426398
Used Cores: 19.999999999999993, Total CPUS: 3, Switch Memory: 0

Sketch (17) (cm: eps0: 0.00625, del0: 0.05, min_mem: 1.69921875)
Par0 id: 17, Rows: 3
(1.000,2)    
Total frac: 1.000

Sketch (15) (cm: eps0: 0.00625, del0: 0.05, min_mem: 1.69921875)
Par0 id: 15, Rows: 3
(0.500,0)    (0.250,1)    
Total frac: 0.750

Sketch (16) (cm: eps0: 0.00625, del0: 0.05, min_mem: 1.69921875)
Par0 id: 16, Rows: 3
(0.750,1)    (0.000,2)    
Total frac: 0.750

Device (0) CPU_15:
cores_sketch: 1.0, cores_dpdk: 5.0
Rows total: 1.5007860000000013
Mem total: 2.550163710937502
Throughput: 87.49999999999999

Device (1) CPU_16:
cores_sketch: 2.0, cores_dpdk: 4.9999999999999964
Rows total: 3.0
Mem total: 5.09765625
Throughput: 87.49999999999999

Device (2) CPU_17:
cores_sketch: 2.0, cores_dpdk: 4.9999999999999964
Rows total: 3.0
Mem total: 5.09765625
Throughput: 87.49999999999999

Flow 0:
partitions: [(1, 0.7501310000000002)]
path: {0, 1}
Flow 1:
partitions: [(2, 0.7501310000000002)]
path: {1, 2}
Flow 2:
partitions: [(0, 1.0)]
path: {2}
--------------------------------------------------
Function: MIP.solve took 0.017229795455932617 seconds
Building model with:
2 devices, 2 partitions and 2 flows
Function: MIP.add_frac_mem_var took 5.459785461425781e-05 seconds
Function: MIP.add_coverage_constraints took 2.8371810913085938e-05 seconds
Function: MIP.add_accuracy_constraints took 4.124641418457031e-05 seconds
Function: MIP.add_capacity_constraints took 0.00015878677368164062 seconds
--------------------------------------------------
Starting model update
Model update took: 2.09808349609375e-05 s
--------------------------------------------------
Starting model optimize
Model optimize took: 0.0013511180877685547 seconds
--------------------------------------------------

VARIABLES ------------------------------
Objective: 5.000524000000001
frac[0,1] 0.833421
frac[1,0] 0.833421
frac[0,0] 0
mem[0,1] 4.24849
mem[1,0] 4.24849
mem[0,0] 0
mem_tot_CPU_19 4.24849
normalized_mem_tot_CPU_19 0.000129654
rows_tot_CPU_19 2.50026
normalized_rows_tot_CPU_19 0.208355
mem_tot_CPU_18 4.24849
normalized_mem_tot_CPU_18 0.000129654
rows_tot_CPU_18 2.50026
normalized_rows_tot_CPU_18 0.208355
max_mem_CPU_Cluster 0.000129654
max_rows_CPU_Cluster 0.208355
--------------------------------------------------

Sketch (18) (cm: eps0: 0.00625, del0: 0.05, min_mem: 1.69921875)
Par0 id: 18, Rows: 3
(0.833,1)    (0.000,0)    
Total frac: 0.833

Sketch (19) (cm: eps0: 0.00625, del0: 0.05, min_mem: 1.69921875)
Par0 id: 19, Rows: 3
(0.833,0)    
Total frac: 0.833

Device (0) CPU_19:
Rows total: 2.5002620000000007
Mem total: 4.248492070312501

Device (1) CPU_18:
Rows total: 2.5002620000000007
Mem total: 4.248492070312501

Flow 0:
partitions: [(0, 0.8334206666666669)]
path: {0, 1}
Flow 1:
partitions: [(1, 0.8334206666666669)]
path: {0}
--------------------------------------------------

VARIABLES ------------------------------
Objective: 10.714285714285715
mem_tot_CPU_19 4.24849
m_access_time_CPU_19 0.536891
ns_single_CPU_19 10.0933
pdt_m_rows_CPU_19 1.34237
cores_sketch_CPU_19 1
cores_dpdk_CPU_19 6
ns_sketch_CPU_19 10.0933
pdt_nsk_c_CPU_19 10.0933
ns_dpdk_CPU_19 10.7143
pdt_nsc_dpdk_CPU_19 64.2857
ns_CPU_19 10.7143
--------------------------------------------------

VARIABLES ------------------------------
Objective: 10.714285714285715
mem_tot_CPU_18 4.24849
m_access_time_CPU_18 0.536891
ns_single_CPU_18 10.0933
pdt_m_rows_CPU_18 1.34237
cores_sketch_CPU_18 1
cores_dpdk_CPU_18 6
ns_sketch_CPU_18 10.0933
pdt_nsk_c_CPU_18 10.0933
ns_dpdk_CPU_18 10.7143
pdt_nsc_dpdk_CPU_18 64.2857
ns_CPU_18 10.7143
--------------------------------------------------

VARIABLES ------------------------------
Objective: 10.714285714285715
mem_tot_CPU_19 4.24849
m_access_time_CPU_19 0.536891
ns_single_CPU_19 10.0933
pdt_m_rows_CPU_19 1.34237
cores_sketch_CPU_19 1
cores_dpdk_CPU_19 6
ns_sketch_CPU_19 10.0933
pdt_nsk_c_CPU_19 10.0933
ns_dpdk_CPU_19 10.7143
pdt_nsc_dpdk_CPU_19 64.2857
ns_CPU_19 10.7143
--------------------------------------------------

VARIABLES ------------------------------
Objective: 10.714285714285715
mem_tot_CPU_18 4.24849
m_access_time_CPU_18 0.536891
ns_single_CPU_18 10.0933
pdt_m_rows_CPU_18 1.34237
cores_sketch_CPU_18 1
cores_dpdk_CPU_18 6
ns_sketch_CPU_18 10.0933
pdt_nsk_c_CPU_18 10.0933
ns_dpdk_CPU_18 10.7143
pdt_nsc_dpdk_CPU_18 64.2857
ns_CPU_18 10.7143
--------------------------------------------------

Throughput: 93.33333333333333 Mpps, ns per packet: 10.714285714285715
Resources: 140.00103722950934
Used Cores: 13.999999999999996, Total CPUS: 2, Switch Memory: 0

Sketch (18) (cm: eps0: 0.00625, del0: 0.05, min_mem: 1.69921875)
Par0 id: 18, Rows: 3
(0.833,1)    (0.000,0)    
Total frac: 0.833

Sketch (19) (cm: eps0: 0.00625, del0: 0.05, min_mem: 1.69921875)
Par0 id: 19, Rows: 3
(0.833,0)    
Total frac: 0.833

Device (0) CPU_19:
cores_sketch: 1.0, cores_dpdk: 5.999999999999998
Rows total: 2.5002620000000007
Mem total: 4.248492070312501
Throughput: 93.33333333333333

Device (1) CPU_18:
cores_sketch: 1.0, cores_dpdk: 5.999999999999998
Rows total: 2.5002620000000007
Mem total: 4.248492070312501
Throughput: 93.33333333333333

Flow 0:
partitions: [(0, 0.8334206666666669)]
path: {0, 1}
Flow 1:
partitions: [(1, 0.8334206666666669)]
path: {0}
--------------------------------------------------
Function: MIP.solve took 0.011784076690673828 seconds
--------------------------------------------------
Clustered Optimization complete
--------------------------------------------------

VARIABLES ------------------------------
Objective: 10.204081632653063
mem_tot_CPU_0 0
m_access_time_CPU_0 0
ns_single_CPU_0 0
pdt_m_rows_CPU_0 0
cores_sketch_CPU_0 0
cores_dpdk_CPU_0 7
ns_sketch_CPU_0 10.2041
pdt_nsk_c_CPU_0 0
ns_dpdk_CPU_0 10.2041
pdt_nsc_dpdk_CPU_0 71.4286
ns_CPU_0 10.2041
--------------------------------------------------

VARIABLES ------------------------------
Objective: 10.204081632653063
mem_tot_CPU_1 0
m_access_time_CPU_1 0
ns_single_CPU_1 0
pdt_m_rows_CPU_1 0
cores_sketch_CPU_1 0
cores_dpdk_CPU_1 7
ns_sketch_CPU_1 10.2041
pdt_nsk_c_CPU_1 0
ns_dpdk_CPU_1 10.2041
pdt_nsc_dpdk_CPU_1 71.4286
ns_CPU_1 10.2041
--------------------------------------------------

VARIABLES ------------------------------
Objective: 10.204081632653063
mem_tot_CPU_2 0
m_access_time_CPU_2 0
ns_single_CPU_2 0
pdt_m_rows_CPU_2 0
cores_sketch_CPU_2 0
cores_dpdk_CPU_2 7
ns_sketch_CPU_2 10.2041
pdt_nsk_c_CPU_2 0
ns_dpdk_CPU_2 10.2041
pdt_nsc_dpdk_CPU_2 71.4286
ns_CPU_2 10.2041
--------------------------------------------------

VARIABLES ------------------------------
Objective: 10.714285714285715
mem_tot_CPU_3 4.24894
m_access_time_CPU_3 0.536891
ns_single_CPU_3 10.0943
pdt_m_rows_CPU_3 1.34251
cores_sketch_CPU_3 1
cores_dpdk_CPU_3 6
ns_sketch_CPU_3 10.0943
pdt_nsk_c_CPU_3 10.0943
ns_dpdk_CPU_3 10.7143
pdt_nsc_dpdk_CPU_3 64.2857
ns_CPU_3 10.7143
--------------------------------------------------

VARIABLES ------------------------------
Objective: 10.714285714285715
mem_tot_CPU_4 4.24894
m_access_time_CPU_4 0.536891
ns_single_CPU_4 10.0943
pdt_m_rows_CPU_4 1.34251
cores_sketch_CPU_4 1
cores_dpdk_CPU_4 6
ns_sketch_CPU_4 10.0943
pdt_nsk_c_CPU_4 10.0943
ns_dpdk_CPU_4 10.7143
pdt_nsc_dpdk_CPU_4 64.2857
ns_CPU_4 10.7143
--------------------------------------------------

VARIABLES ------------------------------
Objective: 10.714285714285715
mem_tot_CPU_5 4.2476
m_access_time_CPU_5 0.536892
ns_single_CPU_5 10.0912
pdt_m_rows_CPU_5 1.34209
cores_sketch_CPU_5 1
cores_dpdk_CPU_5 6
ns_sketch_CPU_5 10.0912
pdt_nsk_c_CPU_5 10.0912
ns_dpdk_CPU_5 10.7143
pdt_nsc_dpdk_CPU_5 64.2857
ns_CPU_5 10.7143
--------------------------------------------------

VARIABLES ------------------------------
Objective: 11.42857142857143
mem_tot_CPU_6 5.09766
m_access_time_CPU_6 0.536096
ns_single_CPU_6 12.1083
pdt_m_rows_CPU_6 1.60829
cores_sketch_CPU_6 2
cores_dpdk_CPU_6 5
ns_sketch_CPU_6 6.05414
pdt_nsk_c_CPU_6 12.1083
ns_dpdk_CPU_6 11.4286
pdt_nsc_dpdk_CPU_6 57.1429
ns_CPU_6 11.4286
--------------------------------------------------

VARIABLES ------------------------------
Objective: 10.714285714285715
mem_tot_CPU_7 2.55016
m_access_time_CPU_7 0.538482
ns_single_CPU_7 6.0609
pdt_m_rows_CPU_7 0.808147
cores_sketch_CPU_7 1
cores_dpdk_CPU_7 6
ns_sketch_CPU_7 6.0609
pdt_nsk_c_CPU_7 6.0609
ns_dpdk_CPU_7 10.7143
pdt_nsc_dpdk_CPU_7 64.2857
ns_CPU_7 10.7143
--------------------------------------------------

VARIABLES ------------------------------
Objective: 11.42857142857143
mem_tot_CPU_8 5.09766
m_access_time_CPU_8 0.536096
ns_single_CPU_8 12.1083
pdt_m_rows_CPU_8 1.60829
cores_sketch_CPU_8 2
cores_dpdk_CPU_8 5
ns_sketch_CPU_8 6.05414
pdt_nsk_c_CPU_8 12.1083
ns_dpdk_CPU_8 11.4286
pdt_nsc_dpdk_CPU_8 57.1429
ns_CPU_8 11.4286
--------------------------------------------------

VARIABLES ------------------------------
Objective: 10.714285714285715
mem_tot_CPU_9 2.55016
m_access_time_CPU_9 0.538482
ns_single_CPU_9 6.0609
pdt_m_rows_CPU_9 0.808147
cores_sketch_CPU_9 1
cores_dpdk_CPU_9 6
ns_sketch_CPU_9 6.0609
pdt_nsk_c_CPU_9 6.0609
ns_dpdk_CPU_9 10.7143
pdt_nsc_dpdk_CPU_9 64.2857
ns_CPU_9 10.7143
--------------------------------------------------

VARIABLES ------------------------------
Objective: 11.42857142857143
mem_tot_CPU_10 5.09766
m_access_time_CPU_10 0.536096
ns_single_CPU_10 12.1083
pdt_m_rows_CPU_10 1.60829
cores_sketch_CPU_10 2
cores_dpdk_CPU_10 5
ns_sketch_CPU_10 6.05414
pdt_nsk_c_CPU_10 12.1083
ns_dpdk_CPU_10 11.4286
pdt_nsc_dpdk_CPU_10 57.1429
ns_CPU_10 11.4286
--------------------------------------------------

VARIABLES ------------------------------
Objective: 11.42857142857143
mem_tot_CPU_11 5.09766
m_access_time_CPU_11 0.536096
ns_single_CPU_11 12.1083
pdt_m_rows_CPU_11 1.60829
cores_sketch_CPU_11 2
cores_dpdk_CPU_11 5
ns_sketch_CPU_11 6.05414
pdt_nsk_c_CPU_11 12.1083
ns_dpdk_CPU_11 11.4286
pdt_nsc_dpdk_CPU_11 57.1429
ns_CPU_11 11.4286
--------------------------------------------------

VARIABLES ------------------------------
Objective: 10.714285714285715
mem_tot_CPU_12 4.24894
m_access_time_CPU_12 0.536891
ns_single_CPU_12 10.0943
pdt_m_rows_CPU_12 1.34251
cores_sketch_CPU_12 1
cores_dpdk_CPU_12 6
ns_sketch_CPU_12 10.0943
pdt_nsk_c_CPU_12 10.0943
ns_dpdk_CPU_12 10.7143
pdt_nsc_dpdk_CPU_12 64.2857
ns_CPU_12 10.7143
--------------------------------------------------

VARIABLES ------------------------------
Objective: 10.714285714285715
mem_tot_CPU_13 4.24894
m_access_time_CPU_13 0.536891
ns_single_CPU_13 10.0943
pdt_m_rows_CPU_13 1.34251
cores_sketch_CPU_13 1
cores_dpdk_CPU_13 6
ns_sketch_CPU_13 10.0943
pdt_nsk_c_CPU_13 10.0943
ns_dpdk_CPU_13 10.7143
pdt_nsc_dpdk_CPU_13 64.2857
ns_CPU_13 10.7143
--------------------------------------------------

VARIABLES ------------------------------
Objective: 10.714285714285715
mem_tot_CPU_14 4.2476
m_access_time_CPU_14 0.536892
ns_single_CPU_14 10.0912
pdt_m_rows_CPU_14 1.34209
cores_sketch_CPU_14 1
cores_dpdk_CPU_14 6
ns_sketch_CPU_14 10.0912
pdt_nsk_c_CPU_14 10.0912
ns_dpdk_CPU_14 10.7143
pdt_nsc_dpdk_CPU_14 64.2857
ns_CPU_14 10.7143
--------------------------------------------------

VARIABLES ------------------------------
Objective: 10.714285714285715
mem_tot_CPU_15 2.55016
m_access_time_CPU_15 0.538482
ns_single_CPU_15 6.0609
pdt_m_rows_CPU_15 0.808147
cores_sketch_CPU_15 1
cores_dpdk_CPU_15 6
ns_sketch_CPU_15 6.0609
pdt_nsk_c_CPU_15 6.0609
ns_dpdk_CPU_15 10.7143
pdt_nsc_dpdk_CPU_15 64.2857
ns_CPU_15 10.7143
--------------------------------------------------

VARIABLES ------------------------------
Objective: 11.42857142857143
mem_tot_CPU_16 5.09766
m_access_time_CPU_16 0.536096
ns_single_CPU_16 12.1083
pdt_m_rows_CPU_16 1.60829
cores_sketch_CPU_16 2
cores_dpdk_CPU_16 5
ns_sketch_CPU_16 6.05414
pdt_nsk_c_CPU_16 12.1083
ns_dpdk_CPU_16 11.4286
pdt_nsc_dpdk_CPU_16 57.1429
ns_CPU_16 11.4286
--------------------------------------------------

VARIABLES ------------------------------
Objective: 11.42857142857143
mem_tot_CPU_17 5.09766
m_access_time_CPU_17 0.536096
ns_single_CPU_17 12.1083
pdt_m_rows_CPU_17 1.60829
cores_sketch_CPU_17 2
cores_dpdk_CPU_17 5
ns_sketch_CPU_17 6.05414
pdt_nsk_c_CPU_17 12.1083
ns_dpdk_CPU_17 11.4286
pdt_nsc_dpdk_CPU_17 57.1429
ns_CPU_17 11.4286
--------------------------------------------------

VARIABLES ------------------------------
Objective: 10.714285714285715
mem_tot_CPU_18 4.24849
m_access_time_CPU_18 0.536891
ns_single_CPU_18 10.0933
pdt_m_rows_CPU_18 1.34237
cores_sketch_CPU_18 1
cores_dpdk_CPU_18 6
ns_sketch_CPU_18 10.0933
pdt_nsk_c_CPU_18 10.0933
ns_dpdk_CPU_18 10.7143
pdt_nsc_dpdk_CPU_18 64.2857
ns_CPU_18 10.7143
--------------------------------------------------

VARIABLES ------------------------------
Objective: 10.714285714285715
mem_tot_CPU_19 4.24849
m_access_time_CPU_19 0.536891
ns_single_CPU_19 10.0933
pdt_m_rows_CPU_19 1.34237
cores_sketch_CPU_19 1
cores_dpdk_CPU_19 6
ns_sketch_CPU_19 10.0933
pdt_nsk_c_CPU_19 10.0933
ns_dpdk_CPU_19 10.7143
pdt_nsc_dpdk_CPU_19 64.2857
ns_CPU_19 10.7143
--------------------------------------------------

VARIABLES ------------------------------
Objective: 6.756756756756757
mem_tot_P4_1 29.7288
ns_P4_1 6.75676
--------------------------------------------------

VARIABLES ------------------------------
Objective: 11.42857142857143
mem_tot_CPU_0 0
m_access_time_CPU_0 0
ns_single_CPU_0 0
pdt_m_rows_CPU_0 0
cores_sketch_CPU_0 0
cores_dpdk_CPU_0 5
ns_sketch_CPU_0 11.4286
pdt_nsk_c_CPU_0 0
ns_dpdk_CPU_0 11.4286
pdt_nsc_dpdk_CPU_0 57.1429
ns_CPU_0 11.4286
--------------------------------------------------

VARIABLES ------------------------------
Objective: 11.42857142857143
mem_tot_CPU_1 0
m_access_time_CPU_1 0
ns_single_CPU_1 0
pdt_m_rows_CPU_1 0
cores_sketch_CPU_1 0
cores_dpdk_CPU_1 5
ns_sketch_CPU_1 11.4286
pdt_nsk_c_CPU_1 0
ns_dpdk_CPU_1 11.4286
pdt_nsc_dpdk_CPU_1 57.1429
ns_CPU_1 11.4286
--------------------------------------------------

VARIABLES ------------------------------
Objective: 11.42857142857143
mem_tot_CPU_2 0
m_access_time_CPU_2 0
ns_single_CPU_2 0
pdt_m_rows_CPU_2 0
cores_sketch_CPU_2 0
cores_dpdk_CPU_2 5
ns_sketch_CPU_2 11.4286
pdt_nsk_c_CPU_2 0
ns_dpdk_CPU_2 11.4286
pdt_nsc_dpdk_CPU_2 57.1429
ns_CPU_2 11.4286
--------------------------------------------------

VARIABLES ------------------------------
Objective: 11.42857142857143
mem_tot_CPU_3 4.24894
m_access_time_CPU_3 0.536891
ns_single_CPU_3 10.0943
pdt_m_rows_CPU_3 1.34251
cores_sketch_CPU_3 1
cores_dpdk_CPU_3 5
ns_sketch_CPU_3 10.0943
pdt_nsk_c_CPU_3 10.0943
ns_dpdk_CPU_3 11.4286
pdt_nsc_dpdk_CPU_3 57.1429
ns_CPU_3 11.4286
--------------------------------------------------

VARIABLES ------------------------------
Objective: 11.42857142857143
mem_tot_CPU_4 4.24894
m_access_time_CPU_4 0.536891
ns_single_CPU_4 10.0943
pdt_m_rows_CPU_4 1.34251
cores_sketch_CPU_4 1
cores_dpdk_CPU_4 5
ns_sketch_CPU_4 10.0943
pdt_nsk_c_CPU_4 10.0943
ns_dpdk_CPU_4 11.4286
pdt_nsc_dpdk_CPU_4 57.1429
ns_CPU_4 11.4286
--------------------------------------------------

VARIABLES ------------------------------
Objective: 11.42857142857143
mem_tot_CPU_5 4.2476
m_access_time_CPU_5 0.536892
ns_single_CPU_5 10.0912
pdt_m_rows_CPU_5 1.34209
cores_sketch_CPU_5 1
cores_dpdk_CPU_5 5
ns_sketch_CPU_5 10.0912
pdt_nsk_c_CPU_5 10.0912
ns_dpdk_CPU_5 11.4286
pdt_nsc_dpdk_CPU_5 57.1429
ns_CPU_5 11.4286
--------------------------------------------------

VARIABLES ------------------------------
Objective: 11.42857142857143
mem_tot_CPU_6 5.09766
m_access_time_CPU_6 0.536096
ns_single_CPU_6 12.1083
pdt_m_rows_CPU_6 1.60829
cores_sketch_CPU_6 2
cores_dpdk_CPU_6 5
ns_sketch_CPU_6 6.05414
pdt_nsk_c_CPU_6 12.1083
ns_dpdk_CPU_6 11.4286
pdt_nsc_dpdk_CPU_6 57.1429
ns_CPU_6 11.4286
--------------------------------------------------

VARIABLES ------------------------------
Objective: 11.42857142857143
mem_tot_CPU_7 2.55016
m_access_time_CPU_7 0.538482
ns_single_CPU_7 6.0609
pdt_m_rows_CPU_7 0.808147
cores_sketch_CPU_7 1
cores_dpdk_CPU_7 5
ns_sketch_CPU_7 6.0609
pdt_nsk_c_CPU_7 6.0609
ns_dpdk_CPU_7 11.4286
pdt_nsc_dpdk_CPU_7 57.1429
ns_CPU_7 11.4286
--------------------------------------------------

VARIABLES ------------------------------
Objective: 11.42857142857143
mem_tot_CPU_8 5.09766
m_access_time_CPU_8 0.536096
ns_single_CPU_8 12.1083
pdt_m_rows_CPU_8 1.60829
cores_sketch_CPU_8 2
cores_dpdk_CPU_8 5
ns_sketch_CPU_8 6.05414
pdt_nsk_c_CPU_8 12.1083
ns_dpdk_CPU_8 11.4286
pdt_nsc_dpdk_CPU_8 57.1429
ns_CPU_8 11.4286
--------------------------------------------------

VARIABLES ------------------------------
Objective: 11.42857142857143
mem_tot_CPU_9 2.55016
m_access_time_CPU_9 0.538482
ns_single_CPU_9 6.0609
pdt_m_rows_CPU_9 0.808147
cores_sketch_CPU_9 1
cores_dpdk_CPU_9 5
ns_sketch_CPU_9 6.0609
pdt_nsk_c_CPU_9 6.0609
ns_dpdk_CPU_9 11.4286
pdt_nsc_dpdk_CPU_9 57.1429
ns_CPU_9 11.4286
--------------------------------------------------

VARIABLES ------------------------------
Objective: 11.42857142857143
mem_tot_CPU_10 5.09766
m_access_time_CPU_10 0.536096
ns_single_CPU_10 12.1083
pdt_m_rows_CPU_10 1.60829
cores_sketch_CPU_10 2
cores_dpdk_CPU_10 5
ns_sketch_CPU_10 6.05414
pdt_nsk_c_CPU_10 12.1083
ns_dpdk_CPU_10 11.4286
pdt_nsc_dpdk_CPU_10 57.1429
ns_CPU_10 11.4286
--------------------------------------------------

VARIABLES ------------------------------
Objective: 11.42857142857143
mem_tot_CPU_11 5.09766
m_access_time_CPU_11 0.536096
ns_single_CPU_11 12.1083
pdt_m_rows_CPU_11 1.60829
cores_sketch_CPU_11 2
cores_dpdk_CPU_11 5
ns_sketch_CPU_11 6.05414
pdt_nsk_c_CPU_11 12.1083
ns_dpdk_CPU_11 11.4286
pdt_nsc_dpdk_CPU_11 57.1429
ns_CPU_11 11.4286
--------------------------------------------------

VARIABLES ------------------------------
Objective: 11.42857142857143
mem_tot_CPU_12 4.24894
m_access_time_CPU_12 0.536891
ns_single_CPU_12 10.0943
pdt_m_rows_CPU_12 1.34251
cores_sketch_CPU_12 1
cores_dpdk_CPU_12 5
ns_sketch_CPU_12 10.0943
pdt_nsk_c_CPU_12 10.0943
ns_dpdk_CPU_12 11.4286
pdt_nsc_dpdk_CPU_12 57.1429
ns_CPU_12 11.4286
--------------------------------------------------

VARIABLES ------------------------------
Objective: 11.42857142857143
mem_tot_CPU_13 4.24894
m_access_time_CPU_13 0.536891
ns_single_CPU_13 10.0943
pdt_m_rows_CPU_13 1.34251
cores_sketch_CPU_13 1
cores_dpdk_CPU_13 5
ns_sketch_CPU_13 10.0943
pdt_nsk_c_CPU_13 10.0943
ns_dpdk_CPU_13 11.4286
pdt_nsc_dpdk_CPU_13 57.1429
ns_CPU_13 11.4286
--------------------------------------------------

VARIABLES ------------------------------
Objective: 11.42857142857143
mem_tot_CPU_14 4.2476
m_access_time_CPU_14 0.536892
ns_single_CPU_14 10.0912
pdt_m_rows_CPU_14 1.34209
cores_sketch_CPU_14 1
cores_dpdk_CPU_14 5
ns_sketch_CPU_14 10.0912
pdt_nsk_c_CPU_14 10.0912
ns_dpdk_CPU_14 11.4286
pdt_nsc_dpdk_CPU_14 57.1429
ns_CPU_14 11.4286
--------------------------------------------------

VARIABLES ------------------------------
Objective: 11.42857142857143
mem_tot_CPU_15 2.55016
m_access_time_CPU_15 0.538482
ns_single_CPU_15 6.0609
pdt_m_rows_CPU_15 0.808147
cores_sketch_CPU_15 1
cores_dpdk_CPU_15 5
ns_sketch_CPU_15 6.0609
pdt_nsk_c_CPU_15 6.0609
ns_dpdk_CPU_15 11.4286
pdt_nsc_dpdk_CPU_15 57.1429
ns_CPU_15 11.4286
--------------------------------------------------

VARIABLES ------------------------------
Objective: 11.42857142857143
mem_tot_CPU_16 5.09766
m_access_time_CPU_16 0.536096
ns_single_CPU_16 12.1083
pdt_m_rows_CPU_16 1.60829
cores_sketch_CPU_16 2
cores_dpdk_CPU_16 5
ns_sketch_CPU_16 6.05414
pdt_nsk_c_CPU_16 12.1083
ns_dpdk_CPU_16 11.4286
pdt_nsc_dpdk_CPU_16 57.1429
ns_CPU_16 11.4286
--------------------------------------------------

VARIABLES ------------------------------
Objective: 11.42857142857143
mem_tot_CPU_17 5.09766
m_access_time_CPU_17 0.536096
ns_single_CPU_17 12.1083
pdt_m_rows_CPU_17 1.60829
cores_sketch_CPU_17 2
cores_dpdk_CPU_17 5
ns_sketch_CPU_17 6.05414
pdt_nsk_c_CPU_17 12.1083
ns_dpdk_CPU_17 11.4286
pdt_nsc_dpdk_CPU_17 57.1429
ns_CPU_17 11.4286
--------------------------------------------------

VARIABLES ------------------------------
Objective: 11.42857142857143
mem_tot_CPU_18 4.24849
m_access_time_CPU_18 0.536891
ns_single_CPU_18 10.0933
pdt_m_rows_CPU_18 1.34237
cores_sketch_CPU_18 1
cores_dpdk_CPU_18 5
ns_sketch_CPU_18 10.0933
pdt_nsk_c_CPU_18 10.0933
ns_dpdk_CPU_18 11.4286
pdt_nsc_dpdk_CPU_18 57.1429
ns_CPU_18 11.4286
--------------------------------------------------

VARIABLES ------------------------------
Objective: 11.42857142857143
mem_tot_CPU_19 4.24849
m_access_time_CPU_19 0.536891
ns_single_CPU_19 10.0933
pdt_m_rows_CPU_19 1.34237
cores_sketch_CPU_19 1
cores_dpdk_CPU_19 5
ns_sketch_CPU_19 10.0933
pdt_nsk_c_CPU_19 10.0933
ns_dpdk_CPU_19 11.4286
pdt_nsc_dpdk_CPU_19 57.1429
ns_CPU_19 11.4286
--------------------------------------------------

Throughput: 87.49999999999999 Mpps, ns per packet: 11.42857142857143
Resources: 1235.0020519455722
Used Cores: 123.0, Total CPUS: 20, Switch Memory: 29.728758804587482

Sketch (0) (cm: eps0: 0.00625, del0: 0.05, min_mem: 1.69921875)
Par0 id: 0, Rows: 3
(0.000,0)    (0.000,1)    (1.000,20)    
Total frac: 1.000

Sketch (1) (cm: eps0: 0.00625, del0: 0.05, min_mem: 1.69921875)
Par0 id: 1, Rows: 3
(0.000,1)    (0.000,2)    (1.000,20)    
Total frac: 1.000

Sketch (2) (cm: eps0: 0.00625, del0: 0.05, min_mem: 1.69921875)
Par0 id: 2, Rows: 3
(0.000,2)    (0.167,20)    (0.833,3)    
Total frac: 1.000

Sketch (3) (cm: eps0: 0.00625, del0: 0.05, min_mem: 1.69921875)
Par0 id: 3, Rows: 3
(0.167,20)    (0.000,3)    (0.833,4)    
Total frac: 1.000

Sketch (4) (cm: eps0: 0.00625, del0: 0.05, min_mem: 1.69921875)
Par0 id: 4, Rows: 3
(0.167,20)    (0.000,4)    (0.833,5)    
Total frac: 1.000

Sketch (5) (cm: eps0: 0.00625, del0: 0.05, min_mem: 1.69921875)
Par0 id: 5, Rows: 3
(1.000,6)    
Total frac: 1.000

Sketch (6) (cm: eps0: 0.00625, del0: 0.05, min_mem: 1.69921875)
Par0 id: 6, Rows: 3
(0.750,20)    (0.000,6)    (0.250,7)    
Total frac: 1.000

Sketch (7) (cm: eps0: 0.00625, del0: 0.05, min_mem: 1.69921875)
Par0 id: 7, Rows: 3
(0.750,20)    (0.250,7)    (0.000,8)    
Total frac: 1.000

Sketch (8) (cm: eps0: 0.00625, del0: 0.05, min_mem: 1.69921875)
Par0 id: 8, Rows: 3
(1.000,8)    
Total frac: 1.000

Sketch (9) (cm: eps0: 0.00625, del0: 0.05, min_mem: 1.69921875)
Par0 id: 9, Rows: 3
(0.250,20)    (0.500,9)    (0.250,10)    
Total frac: 1.000

Sketch (10) (cm: eps0: 0.00625, del0: 0.05, min_mem: 1.69921875)
Par0 id: 10, Rows: 3
(0.250,20)    (0.750,10)    (0.000,11)    
Total frac: 1.000

Sketch (11) (cm: eps0: 0.00625, del0: 0.05, min_mem: 1.69921875)
Par0 id: 11, Rows: 3
(1.000,11)    
Total frac: 1.000

Sketch (12) (cm: eps0: 0.00625, del0: 0.05, min_mem: 1.69921875)
Par0 id: 12, Rows: 3
(0.834,12)    (0.166,13)    
Total frac: 1.000

Sketch (13) (cm: eps0: 0.00625, del0: 0.05, min_mem: 1.69921875)
Par0 id: 13, Rows: 3
(0.667,13)    (0.333,14)    
Total frac: 1.000

Sketch (14) (cm: eps0: 0.00625, del0: 0.05, min_mem: 1.69921875)
Par0 id: 14, Rows: 3
(0.500,20)    (0.500,14)    
Total frac: 1.000

Sketch (15) (cm: eps0: 0.00625, del0: 0.05, min_mem: 1.69921875)
Par0 id: 15, Rows: 3
(0.250,20)    (0.500,15)    (0.250,16)    
Total frac: 1.000

Sketch (16) (cm: eps0: 0.00625, del0: 0.05, min_mem: 1.69921875)
Par0 id: 16, Rows: 3
(0.250,20)    (0.750,16)    (0.000,17)    
Total frac: 1.000

Sketch (17) (cm: eps0: 0.00625, del0: 0.05, min_mem: 1.69921875)
Par0 id: 17, Rows: 3
(1.000,17)    
Total frac: 1.000

Sketch (18) (cm: eps0: 0.00625, del0: 0.05, min_mem: 1.69921875)
Par0 id: 18, Rows: 3
(0.167,20)    (0.000,19)    (0.833,18)    
Total frac: 1.000

Sketch (19) (cm: eps0: 0.00625, del0: 0.05, min_mem: 1.69921875)
Par0 id: 19, Rows: 3
(0.000,0)    (0.167,20)    (0.833,19)    
Total frac: 1.000

Device (0) CPU_0:
cores_sketch: 0.0, cores_dpdk: 5.0
Rows total: 5.885645977011494e-07
Mem total: 1.0001e-06
Throughput: 87.49999999999999

Device (1) CPU_1:
cores_sketch: 0.0, cores_dpdk: 5.0
Rows total: 0.0
Mem total: 0.0
Throughput: 87.49999999999999

Device (2) CPU_2:
cores_sketch: 0.0, cores_dpdk: 5.0
Rows total: 0.0
Mem total: 0.0
Throughput: 87.49999999999999

Device (3) CPU_3:
cores_sketch: 1.0, cores_dpdk: 5.0
Rows total: 2.5005240262000012
Mem total: 4.248937310144534
Throughput: 87.49999999999999

Device (4) CPU_4:
cores_sketch: 1.0, cores_dpdk: 5.0
Rows total: 2.500524026200001
Mem total: 4.248937310144533
Throughput: 87.49999999999999

Device (5) CPU_5:
cores_sketch: 1.0, cores_dpdk: 5.0
Rows total: 2.499737947599998
Mem total: 4.247601590648435
Throughput: 87.49999999999999

Device (6) CPU_6:
cores_sketch: 2.0, cores_dpdk: 4.9999999999999964
Rows total: 3.0
Mem total: 5.09765625
Throughput: 87.49999999999999

Device (7) CPU_7:
cores_sketch: 1.0, cores_dpdk: 5.0
Rows total: 1.5007860000000013
Mem total: 2.550163710937502
Throughput: 87.49999999999999

Device (8) CPU_8:
cores_sketch: 2.0, cores_dpdk: 4.9999999999999964
Rows total: 3.0
Mem total: 5.09765625
Throughput: 87.49999999999999

Device (9) CPU_9:
cores_sketch: 1.0, cores_dpdk: 5.0
Rows total: 1.5007860000000013
Mem total: 2.550163710937502
Throughput: 87.49999999999999

Device (10) CPU_10:
cores_sketch: 2.0, cores_dpdk: 4.9999999999999964
Rows total: 3.0
Mem total: 5.09765625
Throughput: 87.49999999999999

Device (11) CPU_11:
cores_sketch: 2.0, cores_dpdk: 4.9999999999999964
Rows total: 3.0
Mem total: 5.09765625
Throughput: 87.49999999999999

Device (12) CPU_12:
cores_sketch: 1.0, cores_dpdk: 5.0
Rows total: 2.5005240262000012
Mem total: 4.248937310144534
Throughput: 87.49999999999999

Device (13) CPU_13:
cores_sketch: 1.0, cores_dpdk: 5.0
Rows total: 2.5005240262000004
Mem total: 4.248937310144532
Throughput: 87.49999999999999

Device (14) CPU_14:
cores_sketch: 1.0, cores_dpdk: 5.0
Rows total: 2.4997379475999995
Mem total: 4.247601590648436
Throughput: 87.49999999999999

Device (15) CPU_15:
cores_sketch: 1.0, cores_dpdk: 5.0
Rows total: 1.5007860000000013
Mem total: 2.550163710937502
Throughput: 87.49999999999999

Device (16) CPU_16:
cores_sketch: 2.0, cores_dpdk: 4.9999999999999964
Rows total: 3.0
Mem total: 5.09765625
Throughput: 87.49999999999999

Device (17) CPU_17:
cores_sketch: 2.0, cores_dpdk: 4.9999999999999964
Rows total: 3.0
Mem total: 5.09765625
Throughput: 87.49999999999999

Device (18) CPU_18:
cores_sketch: 1.0, cores_dpdk: 5.0
Rows total: 2.5002620000000007
Mem total: 4.248492070312501
Throughput: 87.49999999999999

Device (19) CPU_19:
cores_sketch: 1.0, cores_dpdk: 5.0
Rows total: 2.5002620000000007
Mem total: 4.248492070312501
Throughput: 87.49999999999999

Device (20) P4_1:
Rows total: 17.49554541143539
Mem total: 29.728758804587482
Throughput: 148.0

Flow 0:
partitions: [(0, 1)]
path: (0, 20, 1)
Flow 1:
partitions: [(1, 1)]
path: (1, 20, 2)
Flow 2:
partitions: [(2, 1)]
path: (2, 20, 3)
Flow 3:
partitions: [(3, 1)]
path: (3, 20, 4)
Flow 4:
partitions: [(4, 1)]
path: (4, 20, 5)
Flow 5:
partitions: [(5, 1)]
path: (5, 20, 6)
Flow 6:
partitions: [(6, 1)]
path: (6, 20, 7)
Flow 7:
partitions: [(7, 1)]
path: (7, 20, 8)
Flow 8:
partitions: [(8, 1)]
path: (8, 20, 9)
Flow 9:
partitions: [(9, 1)]
path: (9, 20, 10)
Flow 10:
partitions: [(10, 1)]
path: (10, 20, 11)
Flow 11:
partitions: [(11, 1)]
path: (11, 20, 12)
Flow 12:
partitions: [(12, 1)]
path: (12, 20, 13)
Flow 13:
partitions: [(13, 1)]
path: (13, 20, 14)
Flow 14:
partitions: [(14, 1)]
path: (14, 20, 15)
Flow 15:
partitions: [(15, 1)]
path: (15, 20, 16)
Flow 16:
partitions: [(16, 1)]
path: (16, 20, 17)
Flow 17:
partitions: [(17, 1)]
path: (17, 20, 18)
Flow 18:
partitions: [(18, 1)]
path: (18, 20, 19)
Flow 19:
partitions: [(19, 1)]
path: (19, 20, 0)
--------------------------------------------------
Function: solve took 0.22144389152526855 seconds
