Function: get_partitions took 3.0517578125e-05 seconds
Function: map_flows_partitions took 8.344650268554688e-06 seconds
Function: map_flows_to_cluster took 3.6716461181640625e-05 seconds
Building model with:
2 devices, 20 partitions and 20 flows
Function: MIP.add_frac_mem_var took 0.00014472007751464844 seconds
Function: MIP.add_coverage_constraints took 0.0001742839813232422 seconds
Function: MIP.add_accuracy_constraints took 0.0002586841583251953 seconds
Function: MIP.add_capacity_constraints took 0.0003352165222167969 seconds
--------------------------------------------------
Starting model update
Model update took: 4.076957702636719e-05 s
--------------------------------------------------
Starting model optimize
Model optimize took: 0.002282857894897461 seconds
--------------------------------------------------

VARIABLES ------------------------------
Objective: 59.99999999999999
frac[0,14] 1
frac[1,17] 0.555614
frac[0,7] 1
frac[0,16] 1
frac[0,10] 1
frac[0,3] 1
frac[0,15] 1
frac[0,17] 0.444386
frac[0,11] 1
frac[0,4] 1
frac[0,0] 1
frac[0,18] 0.444386
frac[0,12] 1
frac[1,19] 0.555614
frac[0,5] 1
frac[0,8] 1
frac[0,1] 1
frac[0,19] 0.444386
frac[0,13] 1
frac[1,18] 0.555614
frac[0,6] 1
frac[0,9] 1
frac[0,2] 1
mem[0,14] 5.09766
mem[1,17] 2.83233
mem[0,7] 5.09766
mem[0,16] 5.09766
mem[0,10] 5.09766
mem[0,3] 5.09766
mem[0,15] 5.09766
mem[0,17] 2.26533
mem[0,11] 5.09766
mem[0,4] 5.09766
mem[0,0] 5.09766
mem[0,18] 2.26533
mem[0,12] 5.09766
mem[1,19] 2.83233
mem[0,5] 5.09766
mem[0,8] 5.09766
mem[0,1] 5.09766
mem[0,19] 2.26533
mem[0,13] 5.09766
mem[1,18] 2.83233
mem[0,6] 5.09766
mem[0,9] 5.09766
mem[0,2] 5.09766
mem_tot_{CPU_0,CPU_1,CPU_2,CPU_3,CPU_4,CPU_5,CPU_6,CPU_7,CPU_8,CPU_9,CPU_10,CPU_11,CPU_12,CPU_13,CPU_14,CPU_15,CPU_16,CPU_17,P4_1} 93.4561
normalized_mem_tot_{CPU_0,CPU_1,CPU_2,CPU_3,CPU_4,CPU_5,CPU_6,CPU_7,CPU_8,CPU_9,CPU_10,CPU_11,CPU_12,CPU_13,CPU_14,CPU_15,CPU_16,CPU_17,P4_1} 0.000158293
rows_tot_{CPU_0,CPU_1,CPU_2,CPU_3,CPU_4,CPU_5,CPU_6,CPU_7,CPU_8,CPU_9,CPU_10,CPU_11,CPU_12,CPU_13,CPU_14,CPU_15,CPU_16,CPU_17,P4_1} 54.9995
normalized_rows_tot_{CPU_0,CPU_1,CPU_2,CPU_3,CPU_4,CPU_5,CPU_6,CPU_7,CPU_8,CPU_9,CPU_10,CPU_11,CPU_12,CPU_13,CPU_14,CPU_15,CPU_16,CPU_17,P4_1} 0.208331
mem_tot_{CPU_19,CPU_18} 8.49698
normalized_mem_tot_{CPU_19,CPU_18} 0.000129654
rows_tot_{CPU_19,CPU_18} 5.00052
normalized_rows_tot_{CPU_19,CPU_18} 0.208355
max_mem_CPU_Cluster 0.000158293
max_rows_CPU_Cluster 0.208355
--------------------------------------------------

Sketch (0) (cm: eps0: 0.00625, del0: 0.05, min_mem: 1.69921875)
Par0 id: 0, Rows: 3
(1.000,0)    
Total frac: 1.000

Sketch (1) (cm: eps0: 0.00625, del0: 0.05, min_mem: 1.69921875)
Par0 id: 1, Rows: 3
(1.000,0)    
Total frac: 1.000

Sketch (2) (cm: eps0: 0.00625, del0: 0.05, min_mem: 1.69921875)
Par0 id: 2, Rows: 3
(1.000,0)    
Total frac: 1.000

Sketch (3) (cm: eps0: 0.00625, del0: 0.05, min_mem: 1.69921875)
Par0 id: 3, Rows: 3
(1.000,0)    
Total frac: 1.000

Sketch (4) (cm: eps0: 0.00625, del0: 0.05, min_mem: 1.69921875)
Par0 id: 4, Rows: 3
(1.000,0)    
Total frac: 1.000

Sketch (5) (cm: eps0: 0.00625, del0: 0.05, min_mem: 1.69921875)
Par0 id: 5, Rows: 3
(1.000,0)    
Total frac: 1.000

Sketch (6) (cm: eps0: 0.00625, del0: 0.05, min_mem: 1.69921875)
Par0 id: 6, Rows: 3
(1.000,0)    
Total frac: 1.000

Sketch (7) (cm: eps0: 0.00625, del0: 0.05, min_mem: 1.69921875)
Par0 id: 7, Rows: 3
(1.000,0)    
Total frac: 1.000

Sketch (8) (cm: eps0: 0.00625, del0: 0.05, min_mem: 1.69921875)
Par0 id: 8, Rows: 3
(1.000,0)    
Total frac: 1.000

Sketch (9) (cm: eps0: 0.00625, del0: 0.05, min_mem: 1.69921875)
Par0 id: 9, Rows: 3
(1.000,0)    
Total frac: 1.000

Sketch (10) (cm: eps0: 0.00625, del0: 0.05, min_mem: 1.69921875)
Par0 id: 10, Rows: 3
(1.000,0)    
Total frac: 1.000

Sketch (11) (cm: eps0: 0.00625, del0: 0.05, min_mem: 1.69921875)
Par0 id: 11, Rows: 3
(1.000,0)    
Total frac: 1.000

Sketch (12) (cm: eps0: 0.00625, del0: 0.05, min_mem: 1.69921875)
Par0 id: 12, Rows: 3
(1.000,0)    
Total frac: 1.000

Sketch (13) (cm: eps0: 0.00625, del0: 0.05, min_mem: 1.69921875)
Par0 id: 13, Rows: 3
(1.000,0)    
Total frac: 1.000

Sketch (14) (cm: eps0: 0.00625, del0: 0.05, min_mem: 1.69921875)
Par0 id: 14, Rows: 3
(1.000,0)    
Total frac: 1.000

Sketch (15) (cm: eps0: 0.00625, del0: 0.05, min_mem: 1.69921875)
Par0 id: 15, Rows: 3
(1.000,0)    
Total frac: 1.000

Sketch (16) (cm: eps0: 0.00625, del0: 0.05, min_mem: 1.69921875)
Par0 id: 16, Rows: 3
(1.000,0)    
Total frac: 1.000

Sketch (17) (cm: eps0: 0.00625, del0: 0.05, min_mem: 1.69921875)
Par0 id: 17, Rows: 3
(0.556,1)    (0.444,0)    
Total frac: 1.000

Sketch (18) (cm: eps0: 0.00625, del0: 0.05, min_mem: 1.69921875)
Par0 id: 18, Rows: 3
(0.444,0)    (0.556,1)    
Total frac: 1.000

Sketch (19) (cm: eps0: 0.00625, del0: 0.05, min_mem: 1.69921875)
Par0 id: 19, Rows: 3
(0.556,1)    (0.444,0)    
Total frac: 1.000

Device (0) {CPU_0,CPU_1,CPU_2,CPU_3,CPU_4,CPU_5,CPU_6,CPU_7,CPU_8,CPU_9,CPU_10,CPU_11,CPU_12,CPU_13,CPU_14,CPU_15,CPU_16,CPU_17,P4_1}:
Rows total: 54.99947599999999
Mem total: 93.45614085937498

Device (1) {CPU_19,CPU_18}:
Rows total: 5.000524000000008
Mem total: 8.496984140625015

Flow 0:
partitions: [(0, 1)]
path: {0}
Flow 1:
partitions: [(1, 1)]
path: {0}
Flow 2:
partitions: [(2, 1)]
path: {0}
Flow 3:
partitions: [(3, 1)]
path: {0}
Flow 4:
partitions: [(4, 1)]
path: {0}
Flow 5:
partitions: [(5, 1)]
path: {0}
Flow 6:
partitions: [(6, 1)]
path: {0}
Flow 7:
partitions: [(7, 1)]
path: {0}
Flow 8:
partitions: [(8, 1)]
path: {0}
Flow 9:
partitions: [(9, 1)]
path: {0}
Flow 10:
partitions: [(10, 1)]
path: {0}
Flow 11:
partitions: [(11, 1)]
path: {0}
Flow 12:
partitions: [(12, 1)]
path: {0}
Flow 13:
partitions: [(13, 1)]
path: {0}
Flow 14:
partitions: [(14, 1)]
path: {0}
Flow 15:
partitions: [(15, 1)]
path: {0}
Flow 16:
partitions: [(16, 1)]
path: {0}
Flow 17:
partitions: [(17, 1)]
path: {0, 1}
Flow 18:
partitions: [(18, 1)]
path: {0, 1}
Flow 19:
partitions: [(19, 1)]
path: {0, 1}
--------------------------------------------------

VARIABLES ------------------------------
Objective: 6.756756756756757
mem_tot_{CPU_0,CPU_1,CPU_2,CPU_3,CPU_4,CPU_5,CPU_6,CPU_7,CPU_8,CPU_9,CPU_10,CPU_11,CPU_12,CPU_13,CPU_14,CPU_15,CPU_16,CPU_17,P4_1} 93.4561
ns_{CPU_0,CPU_1,CPU_2,CPU_3,CPU_4,CPU_5,CPU_6,CPU_7,CPU_8,CPU_9,CPU_10,CPU_11,CPU_12,CPU_13,CPU_14,CPU_15,CPU_16,CPU_17,P4_1} 6.75676
--------------------------------------------------

VARIABLES ------------------------------
Objective: 10.204081632653061
mem_tot_{CPU_19,CPU_18} 8.49698
ns_{CPU_19,CPU_18} 10.2041
--------------------------------------------------

Throughput: 98.0 Mpps, ns per packet: 10.204081632653061
Resources: 101.953125
Used Cores: 0, Total CPUS: 0, Switch Memory: 0

Sketch (0) (cm: eps0: 0.00625, del0: 0.05, min_mem: 1.69921875)
Par0 id: 0, Rows: 3
(1.000,0)    
Total frac: 1.000

Sketch (1) (cm: eps0: 0.00625, del0: 0.05, min_mem: 1.69921875)
Par0 id: 1, Rows: 3
(1.000,0)    
Total frac: 1.000

Sketch (2) (cm: eps0: 0.00625, del0: 0.05, min_mem: 1.69921875)
Par0 id: 2, Rows: 3
(1.000,0)    
Total frac: 1.000

Sketch (3) (cm: eps0: 0.00625, del0: 0.05, min_mem: 1.69921875)
Par0 id: 3, Rows: 3
(1.000,0)    
Total frac: 1.000

Sketch (4) (cm: eps0: 0.00625, del0: 0.05, min_mem: 1.69921875)
Par0 id: 4, Rows: 3
(1.000,0)    
Total frac: 1.000

Sketch (5) (cm: eps0: 0.00625, del0: 0.05, min_mem: 1.69921875)
Par0 id: 5, Rows: 3
(1.000,0)    
Total frac: 1.000

Sketch (6) (cm: eps0: 0.00625, del0: 0.05, min_mem: 1.69921875)
Par0 id: 6, Rows: 3
(1.000,0)    
Total frac: 1.000

Sketch (7) (cm: eps0: 0.00625, del0: 0.05, min_mem: 1.69921875)
Par0 id: 7, Rows: 3
(1.000,0)    
Total frac: 1.000

Sketch (8) (cm: eps0: 0.00625, del0: 0.05, min_mem: 1.69921875)
Par0 id: 8, Rows: 3
(1.000,0)    
Total frac: 1.000

Sketch (9) (cm: eps0: 0.00625, del0: 0.05, min_mem: 1.69921875)
Par0 id: 9, Rows: 3
(1.000,0)    
Total frac: 1.000

Sketch (10) (cm: eps0: 0.00625, del0: 0.05, min_mem: 1.69921875)
Par0 id: 10, Rows: 3
(1.000,0)    
Total frac: 1.000

Sketch (11) (cm: eps0: 0.00625, del0: 0.05, min_mem: 1.69921875)
Par0 id: 11, Rows: 3
(1.000,0)    
Total frac: 1.000

Sketch (12) (cm: eps0: 0.00625, del0: 0.05, min_mem: 1.69921875)
Par0 id: 12, Rows: 3
(1.000,0)    
Total frac: 1.000

Sketch (13) (cm: eps0: 0.00625, del0: 0.05, min_mem: 1.69921875)
Par0 id: 13, Rows: 3
(1.000,0)    
Total frac: 1.000

Sketch (14) (cm: eps0: 0.00625, del0: 0.05, min_mem: 1.69921875)
Par0 id: 14, Rows: 3
(1.000,0)    
Total frac: 1.000

Sketch (15) (cm: eps0: 0.00625, del0: 0.05, min_mem: 1.69921875)
Par0 id: 15, Rows: 3
(1.000,0)    
Total frac: 1.000

Sketch (16) (cm: eps0: 0.00625, del0: 0.05, min_mem: 1.69921875)
Par0 id: 16, Rows: 3
(1.000,0)    
Total frac: 1.000

Sketch (17) (cm: eps0: 0.00625, del0: 0.05, min_mem: 1.69921875)
Par0 id: 17, Rows: 3
(0.556,1)    (0.444,0)    
Total frac: 1.000

Sketch (18) (cm: eps0: 0.00625, del0: 0.05, min_mem: 1.69921875)
Par0 id: 18, Rows: 3
(0.444,0)    (0.556,1)    
Total frac: 1.000

Sketch (19) (cm: eps0: 0.00625, del0: 0.05, min_mem: 1.69921875)
Par0 id: 19, Rows: 3
(0.556,1)    (0.444,0)    
Total frac: 1.000

Device (0) {CPU_0,CPU_1,CPU_2,CPU_3,CPU_4,CPU_5,CPU_6,CPU_7,CPU_8,CPU_9,CPU_10,CPU_11,CPU_12,CPU_13,CPU_14,CPU_15,CPU_16,CPU_17,P4_1}:
Rows total: 54.99947599999999
Mem total: 93.45614085937498
Throughput: 148.0

Device (1) {CPU_19,CPU_18}:
Rows total: 5.000524000000008
Mem total: 8.496984140625015
Throughput: 98.0

Flow 0:
partitions: [(0, 1)]
path: {0}
Flow 1:
partitions: [(1, 1)]
path: {0}
Flow 2:
partitions: [(2, 1)]
path: {0}
Flow 3:
partitions: [(3, 1)]
path: {0}
Flow 4:
partitions: [(4, 1)]
path: {0}
Flow 5:
partitions: [(5, 1)]
path: {0}
Flow 6:
partitions: [(6, 1)]
path: {0}
Flow 7:
partitions: [(7, 1)]
path: {0}
Flow 8:
partitions: [(8, 1)]
path: {0}
Flow 9:
partitions: [(9, 1)]
path: {0}
Flow 10:
partitions: [(10, 1)]
path: {0}
Flow 11:
partitions: [(11, 1)]
path: {0}
Flow 12:
partitions: [(12, 1)]
path: {0}
Flow 13:
partitions: [(13, 1)]
path: {0}
Flow 14:
partitions: [(14, 1)]
path: {0}
Flow 15:
partitions: [(15, 1)]
path: {0}
Flow 16:
partitions: [(16, 1)]
path: {0}
Flow 17:
partitions: [(17, 1)]
path: {0, 1}
Flow 18:
partitions: [(18, 1)]
path: {0, 1}
Flow 19:
partitions: [(19, 1)]
path: {0, 1}
--------------------------------------------------
Function: MIP.solve took 0.013599872589111328 seconds
Function: get_partitions_flows took 0.0001316070556640625 seconds
Function: get_partitions_flows took 4.410743713378906e-05 seconds
Building model with:
19 devices, 20 partitions and 20 flows
Function: MIP.add_frac_mem_var took 0.0002834796905517578 seconds
Function: MIP.add_coverage_constraints took 0.00018858909606933594 seconds
Function: MIP.add_accuracy_constraints took 0.00061798095703125 seconds
Function: MIP.add_capacity_constraints took 0.0014014244079589844 seconds
--------------------------------------------------
Starting model update
Model update took: 9.465217590332031e-05 s
--------------------------------------------------
Starting model optimize
Model optimize took: 0.011551856994628906 seconds
--------------------------------------------------

VARIABLES ------------------------------
Objective: 7.000176536105735
frac[18,0] 0.870367
frac[8,13] 0
frac[4,8] 0.129633
frac[18,15] 0.314753
frac[18,4] 1
frac[16,2] 0
frac[18,19] 0.740734
frac[14,0] 0.129633
frac[9,18] 0.129633
frac[18,8] 0.870367
frac[6,17] 0
frac[15,5] 0.129633
frac[10,3] 0
frac[5,8] 0
frac[18,1] 0.740734
frac[2,19] 0.129633
frac[18,12] 0.740734
frac[17,6] 0
frac[0,15] 0.129633
frac[8,1] 0.129633
frac[5,12] 0.129633
frac[4,4] 0
frac[1,14] 0
frac[15,0] 0
frac[13,16] 0
frac[10,18] 0.129633
frac[18,5] 0.740734
frac[18,16] 1
frac[17,2] 0.129633
frac[18,9] 0.870367
frac[13,11] 0.129633
frac[18,13] 1
frac[7,1] 0.129633
frac[18,2] 0.870367
frac[12,7] 0.129633
frac[18,17] 1
frac[18,6] 0.444386
frac[18,11] 0.870367
frac[1,9] 0.129633
frac[3,19] 0.129633
frac[12,11] 0
frac[6,12] 0.129633
frac[2,14] 0
frac[18,10] 0.444386
frac[9,13] 0
frac[11,7] 0.129633
frac[18,3] 1
frac[14,16] 0
frac[16,5] 0.129633
frac[18,14] 1
frac[11,3] 0
frac[18,18] 0.740734
frac[18,7] 0.740734
frac[7,17] 0
frac[0,9] 0
frac[3,4] 0
mem[18,0] 4.43683
mem[8,13] 0
mem[4,8] 0.660824
mem[18,15] 1.6045
mem[18,4] 5.09766
mem[16,2] 0
mem[18,19] 3.77601
mem[14,0] 0.660824
mem[9,18] 0.660824
mem[18,8] 4.43683
mem[6,17] 0
mem[15,5] 0.660824
mem[10,3] 0
mem[5,8] 0
mem[18,1] 3.77601
mem[2,19] 0.660824
mem[18,12] 3.77601
mem[17,6] 0
mem[0,15] 0.660824
mem[8,1] 0.660824
mem[5,12] 0.660824
mem[4,4] 0
mem[1,14] 0
mem[15,0] 0
mem[13,16] 0
mem[10,18] 0.660824
mem[18,5] 3.77601
mem[18,16] 5.09766
mem[17,2] 0.660824
mem[18,9] 4.43683
mem[13,11] 0.660824
mem[18,13] 5.09766
mem[7,1] 0.660824
mem[18,2] 4.43683
mem[12,7] 0.660824
mem[18,17] 5.09766
mem[18,6] 2.26533
mem[18,11] 4.43683
mem[1,9] 0.660824
mem[3,19] 0.660824
mem[12,11] 0
mem[6,12] 0.660824
mem[2,14] 0
mem[18,10] 2.26533
mem[9,13] 0
mem[11,7] 0.660824
mem[18,3] 5.09766
mem[14,16] 0
mem[16,5] 0.660824
mem[18,14] 5.09766
mem[11,3] 0
mem[18,18] 3.77601
mem[18,7] 3.77601
mem[7,17] 0
mem[0,9] 0
mem[3,4] 0
mem_tot_CPU_0 0.660824
normalized_mem_tot_CPU_0 2.01667e-05
rows_tot_CPU_0 0.388899
normalized_rows_tot_CPU_0 0.0324082
mem_tot_CPU_1 0.660824
normalized_mem_tot_CPU_1 2.01667e-05
rows_tot_CPU_1 0.388899
normalized_rows_tot_CPU_1 0.0324082
mem_tot_CPU_2 0.660824
normalized_mem_tot_CPU_2 2.01667e-05
rows_tot_CPU_2 0.388899
normalized_rows_tot_CPU_2 0.0324082
mem_tot_CPU_3 0.660824
normalized_mem_tot_CPU_3 2.01667e-05
rows_tot_CPU_3 0.388899
normalized_rows_tot_CPU_3 0.0324082
mem_tot_CPU_4 0.660824
normalized_mem_tot_CPU_4 2.01667e-05
rows_tot_CPU_4 0.388899
normalized_rows_tot_CPU_4 0.0324082
mem_tot_CPU_5 0.660824
normalized_mem_tot_CPU_5 2.01667e-05
rows_tot_CPU_5 0.388899
normalized_rows_tot_CPU_5 0.0324082
mem_tot_CPU_6 0.660824
normalized_mem_tot_CPU_6 2.01667e-05
rows_tot_CPU_6 0.388899
normalized_rows_tot_CPU_6 0.0324082
mem_tot_CPU_7 0.660824
normalized_mem_tot_CPU_7 2.01667e-05
rows_tot_CPU_7 0.388899
normalized_rows_tot_CPU_7 0.0324082
mem_tot_CPU_8 0.660824
normalized_mem_tot_CPU_8 2.01667e-05
rows_tot_CPU_8 0.388899
normalized_rows_tot_CPU_8 0.0324082
mem_tot_CPU_9 0.660824
normalized_mem_tot_CPU_9 2.01667e-05
rows_tot_CPU_9 0.388899
normalized_rows_tot_CPU_9 0.0324082
mem_tot_CPU_10 0.660824
normalized_mem_tot_CPU_10 2.01667e-05
rows_tot_CPU_10 0.388899
normalized_rows_tot_CPU_10 0.0324082
mem_tot_CPU_11 0.660824
normalized_mem_tot_CPU_11 2.01667e-05
rows_tot_CPU_11 0.388899
normalized_rows_tot_CPU_11 0.0324082
mem_tot_CPU_12 0.660824
normalized_mem_tot_CPU_12 2.01667e-05
rows_tot_CPU_12 0.388899
normalized_rows_tot_CPU_12 0.0324082
mem_tot_CPU_13 0.660824
normalized_mem_tot_CPU_13 2.01667e-05
rows_tot_CPU_13 0.388899
normalized_rows_tot_CPU_13 0.0324082
mem_tot_CPU_14 0.660824
normalized_mem_tot_CPU_14 2.01667e-05
rows_tot_CPU_14 0.388899
normalized_rows_tot_CPU_14 0.0324082
mem_tot_CPU_15 0.660824
normalized_mem_tot_CPU_15 2.01667e-05
rows_tot_CPU_15 0.388899
normalized_rows_tot_CPU_15 0.0324082
mem_tot_CPU_16 0.660824
normalized_mem_tot_CPU_16 2.01667e-05
rows_tot_CPU_16 0.388899
normalized_rows_tot_CPU_16 0.0324082
mem_tot_CPU_17 0.660824
normalized_mem_tot_CPU_17 2.01667e-05
rows_tot_CPU_17 0.388899
normalized_rows_tot_CPU_17 0.0324082
mem_tot_P4_1 81.5613
normalized_mem_tot_P4_1 0.141599
rows_tot_P4_1 47.9993
normalized_rows_tot_P4_1 0.999985
max_mem_P4 81.5613
max_mem_CPU_Cluster 2.01199e-05
max_rows_P4 47.9993
max_rows_CPU_Cluster 0.0324082
--------------------------------------------------

Sketch (14) (cm: eps0: 0.00625, del0: 0.05, min_mem: 1.69921875)
Par0 id: 14, Rows: 3
(0.870,18)    (0.130,14)    (0.000,15)    
Total frac: 1.000

Sketch (7) (cm: eps0: 0.00625, del0: 0.05, min_mem: 1.69921875)
Par0 id: 7, Rows: 3
(0.741,18)    (0.130,8)    (0.130,7)    
Total frac: 1.000

Sketch (16) (cm: eps0: 0.00625, del0: 0.05, min_mem: 1.69921875)
Par0 id: 16, Rows: 3
(0.000,16)    (0.130,17)    (0.870,18)    
Total frac: 1.000

Sketch (10) (cm: eps0: 0.00625, del0: 0.05, min_mem: 1.69921875)
Par0 id: 10, Rows: 3
(0.000,10)    (1.000,18)    (0.000,11)    
Total frac: 1.000

Sketch (3) (cm: eps0: 0.00625, del0: 0.05, min_mem: 1.69921875)
Par0 id: 3, Rows: 3
(1.000,18)    (0.000,4)    (0.000,3)    
Total frac: 1.000

Sketch (15) (cm: eps0: 0.00625, del0: 0.05, min_mem: 1.69921875)
Par0 id: 15, Rows: 3
(0.130,15)    (0.741,18)    (0.130,16)    
Total frac: 1.000

Sketch (17) (cm: eps0: 0.00625, del0: 0.05, min_mem: 1.69921875)
Par0 id: 17, Rows: 3
(0.000,17)    (0.444,18)    
Total frac: 0.444

Sketch (11) (cm: eps0: 0.00625, del0: 0.05, min_mem: 1.69921875)
Par0 id: 11, Rows: 3
(0.130,12)    (0.130,11)    (0.741,18)    
Total frac: 1.000

Sketch (4) (cm: eps0: 0.00625, del0: 0.05, min_mem: 1.69921875)
Par0 id: 4, Rows: 3
(0.130,4)    (0.870,18)    (0.000,5)    
Total frac: 1.000

Sketch (0) (cm: eps0: 0.00625, del0: 0.05, min_mem: 1.69921875)
Par0 id: 0, Rows: 3
(0.870,18)    (0.130,1)    (0.000,0)    
Total frac: 1.000

Sketch (18) (cm: eps0: 0.00625, del0: 0.05, min_mem: 1.69921875)
Par0 id: 18, Rows: 3
(0.444,18)    
Total frac: 0.444

Sketch (12) (cm: eps0: 0.00625, del0: 0.05, min_mem: 1.69921875)
Par0 id: 12, Rows: 3
(0.130,13)    (0.870,18)    (0.000,12)    
Total frac: 1.000

Sketch (5) (cm: eps0: 0.00625, del0: 0.05, min_mem: 1.69921875)
Par0 id: 5, Rows: 3
(0.741,18)    (0.130,5)    (0.130,6)    
Total frac: 1.000

Sketch (8) (cm: eps0: 0.00625, del0: 0.05, min_mem: 1.69921875)
Par0 id: 8, Rows: 3
(0.000,8)    (1.000,18)    (0.000,9)    
Total frac: 1.000

Sketch (1) (cm: eps0: 0.00625, del0: 0.05, min_mem: 1.69921875)
Par0 id: 1, Rows: 3
(0.000,1)    (0.000,2)    (1.000,18)    
Total frac: 1.000

Sketch (19) (cm: eps0: 0.00625, del0: 0.05, min_mem: 1.69921875)
Par0 id: 19, Rows: 3
(0.315,18)    (0.130,0)    
Total frac: 0.444

Sketch (13) (cm: eps0: 0.00625, del0: 0.05, min_mem: 1.69921875)
Par0 id: 13, Rows: 3
(0.000,13)    (1.000,18)    (0.000,14)    
Total frac: 1.000

Sketch (6) (cm: eps0: 0.00625, del0: 0.05, min_mem: 1.69921875)
Par0 id: 6, Rows: 3
(0.000,6)    (1.000,18)    (0.000,7)    
Total frac: 1.000

Sketch (9) (cm: eps0: 0.00625, del0: 0.05, min_mem: 1.69921875)
Par0 id: 9, Rows: 3
(0.130,9)    (0.130,10)    (0.741,18)    
Total frac: 1.000

Sketch (2) (cm: eps0: 0.00625, del0: 0.05, min_mem: 1.69921875)
Par0 id: 2, Rows: 3
(0.741,18)    (0.130,2)    (0.130,3)    
Total frac: 1.000

Device (0) CPU_0:
Rows total: 0.38889869645031866
Mem total: 0.6608239568589399

Device (1) CPU_1:
Rows total: 0.38889869645031866
Mem total: 0.6608239568589399

Device (2) CPU_2:
Rows total: 0.38889869645031866
Mem total: 0.6608239568589399

Device (3) CPU_3:
Rows total: 0.38889869645031866
Mem total: 0.6608239568589399

Device (4) CPU_4:
Rows total: 0.38889869645031866
Mem total: 0.6608239568589399

Device (5) CPU_5:
Rows total: 0.38889869645031866
Mem total: 0.6608239568589399

Device (6) CPU_6:
Rows total: 0.38889869645031866
Mem total: 0.6608239568589399

Device (7) CPU_7:
Rows total: 0.38889869645031866
Mem total: 0.6608239568589399

Device (8) CPU_8:
Rows total: 0.38889869645031866
Mem total: 0.6608239568589399

Device (9) CPU_9:
Rows total: 0.38889869645031866
Mem total: 0.6608239568589399

Device (10) CPU_10:
Rows total: 0.38889869645031866
Mem total: 0.6608239568589399

Device (11) CPU_11:
Rows total: 0.38889869645031866
Mem total: 0.6608239568589399

Device (12) CPU_12:
Rows total: 0.38889869645031866
Mem total: 0.6608239568589399

Device (13) CPU_13:
Rows total: 0.38889869645031866
Mem total: 0.6608239568589399

Device (14) CPU_14:
Rows total: 0.38889869645031866
Mem total: 0.6608239568589399

Device (15) CPU_15:
Rows total: 0.38889869645031866
Mem total: 0.6608239568589399

Device (16) CPU_16:
Rows total: 0.38889869645031866
Mem total: 0.6608239568589399

Device (17) CPU_17:
Rows total: 0.38889869645031866
Mem total: 0.6608239568589399

Device (18) P4_1:
Rows total: 47.99929946389425
Mem total: 81.56130963591406

Flow 0:
partitions: [(9, 1.0)]
path: {0, 1, 18}
Flow 1:
partitions: [(14, 1.0)]
path: {1, 18, 2}
Flow 2:
partitions: [(19, 1.0)]
path: {3, 2, 18}
Flow 3:
partitions: [(4, 1.0)]
path: {18, 3, 4}
Flow 4:
partitions: [(8, 1.0)]
path: {18, 4, 5}
Flow 5:
partitions: [(12, 1.0)]
path: {18, 5, 6}
Flow 6:
partitions: [(17, 1.0)]
path: {18, 6, 7}
Flow 7:
partitions: [(1, 1.0)]
path: {8, 18, 7}
Flow 8:
partitions: [(13, 1.0)]
path: {8, 9, 18}
Flow 9:
partitions: [(18, 1.0)]
path: {9, 18, 10}
Flow 10:
partitions: [(3, 1.0)]
path: {11, 10, 18}
Flow 11:
partitions: [(7, 1.0)]
path: {18, 11, 12}
Flow 12:
partitions: [(11, 1.0)]
path: {18, 12, 13}
Flow 13:
partitions: [(16, 1.0)]
path: {18, 13, 14}
Flow 14:
partitions: [(0, 1.0)]
path: {18, 14, 15}
Flow 15:
partitions: [(5, 1.0)]
path: {16, 18, 15}
Flow 16:
partitions: [(2, 1.0)]
path: {16, 17, 18}
Flow 17:
partitions: [(6, 0.44438622222222113)]
path: {17, 18}
Flow 18:
partitions: [(10, 0.44438622222222113)]
path: {18}
Flow 19:
partitions: [(15, 0.44438622222222113)]
path: {0, 18}
--------------------------------------------------

VARIABLES ------------------------------
Objective: 10.714285714285715
mem_tot_CPU_0 0.660824
m_access_time_CPU_0 0.300367
ns_single_CPU_0 1.47796
pdt_m_rows_CPU_0 0.116812
cores_sketch_CPU_0 1
cores_dpdk_CPU_0 6
ns_sketch_CPU_0 1.47796
pdt_nsk_c_CPU_0 1.47796
ns_dpdk_CPU_0 10.7143
pdt_nsc_dpdk_CPU_0 64.2857
ns_CPU_0 10.7143
--------------------------------------------------

VARIABLES ------------------------------
Objective: 10.714285714285715
mem_tot_CPU_1 0.660824
m_access_time_CPU_1 0.300367
ns_single_CPU_1 1.47796
pdt_m_rows_CPU_1 0.116812
cores_sketch_CPU_1 1
cores_dpdk_CPU_1 6
ns_sketch_CPU_1 1.47796
pdt_nsk_c_CPU_1 1.47796
ns_dpdk_CPU_1 10.7143
pdt_nsc_dpdk_CPU_1 64.2857
ns_CPU_1 10.7143
--------------------------------------------------

VARIABLES ------------------------------
Objective: 10.714285714285715
mem_tot_CPU_2 0.660824
m_access_time_CPU_2 0.300367
ns_single_CPU_2 1.47796
pdt_m_rows_CPU_2 0.116812
cores_sketch_CPU_2 1
cores_dpdk_CPU_2 6
ns_sketch_CPU_2 1.47796
pdt_nsk_c_CPU_2 1.47796
ns_dpdk_CPU_2 10.7143
pdt_nsc_dpdk_CPU_2 64.2857
ns_CPU_2 10.7143
--------------------------------------------------

VARIABLES ------------------------------
Objective: 10.714285714285715
mem_tot_CPU_3 0.660824
m_access_time_CPU_3 0.300367
ns_single_CPU_3 1.47796
pdt_m_rows_CPU_3 0.116812
cores_sketch_CPU_3 1
cores_dpdk_CPU_3 6
ns_sketch_CPU_3 1.47796
pdt_nsk_c_CPU_3 1.47796
ns_dpdk_CPU_3 10.7143
pdt_nsc_dpdk_CPU_3 64.2857
ns_CPU_3 10.7143
--------------------------------------------------

VARIABLES ------------------------------
Objective: 10.714285714285715
mem_tot_CPU_4 0.660824
m_access_time_CPU_4 0.300367
ns_single_CPU_4 1.47796
pdt_m_rows_CPU_4 0.116812
cores_sketch_CPU_4 1
cores_dpdk_CPU_4 6
ns_sketch_CPU_4 1.47796
pdt_nsk_c_CPU_4 1.47796
ns_dpdk_CPU_4 10.7143
pdt_nsc_dpdk_CPU_4 64.2857
ns_CPU_4 10.7143
--------------------------------------------------

VARIABLES ------------------------------
Objective: 10.714285714285715
mem_tot_CPU_5 0.660824
m_access_time_CPU_5 0.300367
ns_single_CPU_5 1.47796
pdt_m_rows_CPU_5 0.116812
cores_sketch_CPU_5 1
cores_dpdk_CPU_5 6
ns_sketch_CPU_5 1.47796
pdt_nsk_c_CPU_5 1.47796
ns_dpdk_CPU_5 10.7143
pdt_nsc_dpdk_CPU_5 64.2857
ns_CPU_5 10.7143
--------------------------------------------------

VARIABLES ------------------------------
Objective: 10.714285714285715
mem_tot_CPU_6 0.660824
m_access_time_CPU_6 0.300367
ns_single_CPU_6 1.47796
pdt_m_rows_CPU_6 0.116812
cores_sketch_CPU_6 1
cores_dpdk_CPU_6 6
ns_sketch_CPU_6 1.47796
pdt_nsk_c_CPU_6 1.47796
ns_dpdk_CPU_6 10.7143
pdt_nsc_dpdk_CPU_6 64.2857
ns_CPU_6 10.7143
--------------------------------------------------

VARIABLES ------------------------------
Objective: 10.714285714285715
mem_tot_CPU_7 0.660824
m_access_time_CPU_7 0.300367
ns_single_CPU_7 1.47796
pdt_m_rows_CPU_7 0.116812
cores_sketch_CPU_7 1
cores_dpdk_CPU_7 6
ns_sketch_CPU_7 1.47796
pdt_nsk_c_CPU_7 1.47796
ns_dpdk_CPU_7 10.7143
pdt_nsc_dpdk_CPU_7 64.2857
ns_CPU_7 10.7143
--------------------------------------------------

VARIABLES ------------------------------
Objective: 10.714285714285715
mem_tot_CPU_8 0.660824
m_access_time_CPU_8 0.300367
ns_single_CPU_8 1.47796
pdt_m_rows_CPU_8 0.116812
cores_sketch_CPU_8 1
cores_dpdk_CPU_8 6
ns_sketch_CPU_8 1.47796
pdt_nsk_c_CPU_8 1.47796
ns_dpdk_CPU_8 10.7143
pdt_nsc_dpdk_CPU_8 64.2857
ns_CPU_8 10.7143
--------------------------------------------------

VARIABLES ------------------------------
Objective: 10.714285714285715
mem_tot_CPU_9 0.660824
m_access_time_CPU_9 0.300367
ns_single_CPU_9 1.47796
pdt_m_rows_CPU_9 0.116812
cores_sketch_CPU_9 1
cores_dpdk_CPU_9 6
ns_sketch_CPU_9 1.47796
pdt_nsk_c_CPU_9 1.47796
ns_dpdk_CPU_9 10.7143
pdt_nsc_dpdk_CPU_9 64.2857
ns_CPU_9 10.7143
--------------------------------------------------

VARIABLES ------------------------------
Objective: 10.714285714285715
mem_tot_CPU_10 0.660824
m_access_time_CPU_10 0.300367
ns_single_CPU_10 1.47796
pdt_m_rows_CPU_10 0.116812
cores_sketch_CPU_10 1
cores_dpdk_CPU_10 6
ns_sketch_CPU_10 1.47796
pdt_nsk_c_CPU_10 1.47796
ns_dpdk_CPU_10 10.7143
pdt_nsc_dpdk_CPU_10 64.2857
ns_CPU_10 10.7143
--------------------------------------------------

VARIABLES ------------------------------
Objective: 10.714285714285715
mem_tot_CPU_11 0.660824
m_access_time_CPU_11 0.300367
ns_single_CPU_11 1.47796
pdt_m_rows_CPU_11 0.116812
cores_sketch_CPU_11 1
cores_dpdk_CPU_11 6
ns_sketch_CPU_11 1.47796
pdt_nsk_c_CPU_11 1.47796
ns_dpdk_CPU_11 10.7143
pdt_nsc_dpdk_CPU_11 64.2857
ns_CPU_11 10.7143
--------------------------------------------------

VARIABLES ------------------------------
Objective: 10.714285714285715
mem_tot_CPU_12 0.660824
m_access_time_CPU_12 0.300367
ns_single_CPU_12 1.47796
pdt_m_rows_CPU_12 0.116812
cores_sketch_CPU_12 1
cores_dpdk_CPU_12 6
ns_sketch_CPU_12 1.47796
pdt_nsk_c_CPU_12 1.47796
ns_dpdk_CPU_12 10.7143
pdt_nsc_dpdk_CPU_12 64.2857
ns_CPU_12 10.7143
--------------------------------------------------

VARIABLES ------------------------------
Objective: 10.714285714285715
mem_tot_CPU_13 0.660824
m_access_time_CPU_13 0.300367
ns_single_CPU_13 1.47796
pdt_m_rows_CPU_13 0.116812
cores_sketch_CPU_13 1
cores_dpdk_CPU_13 6
ns_sketch_CPU_13 1.47796
pdt_nsk_c_CPU_13 1.47796
ns_dpdk_CPU_13 10.7143
pdt_nsc_dpdk_CPU_13 64.2857
ns_CPU_13 10.7143
--------------------------------------------------

VARIABLES ------------------------------
Objective: 10.714285714285715
mem_tot_CPU_14 0.660824
m_access_time_CPU_14 0.300367
ns_single_CPU_14 1.47796
pdt_m_rows_CPU_14 0.116812
cores_sketch_CPU_14 1
cores_dpdk_CPU_14 6
ns_sketch_CPU_14 1.47796
pdt_nsk_c_CPU_14 1.47796
ns_dpdk_CPU_14 10.7143
pdt_nsc_dpdk_CPU_14 64.2857
ns_CPU_14 10.7143
--------------------------------------------------

VARIABLES ------------------------------
Objective: 10.714285714285715
mem_tot_CPU_15 0.660824
m_access_time_CPU_15 0.300367
ns_single_CPU_15 1.47796
pdt_m_rows_CPU_15 0.116812
cores_sketch_CPU_15 1
cores_dpdk_CPU_15 6
ns_sketch_CPU_15 1.47796
pdt_nsk_c_CPU_15 1.47796
ns_dpdk_CPU_15 10.7143
pdt_nsc_dpdk_CPU_15 64.2857
ns_CPU_15 10.7143
--------------------------------------------------

VARIABLES ------------------------------
Objective: 10.714285714285715
mem_tot_CPU_16 0.660824
m_access_time_CPU_16 0.300367
ns_single_CPU_16 1.47796
pdt_m_rows_CPU_16 0.116812
cores_sketch_CPU_16 1
cores_dpdk_CPU_16 6
ns_sketch_CPU_16 1.47796
pdt_nsk_c_CPU_16 1.47796
ns_dpdk_CPU_16 10.7143
pdt_nsc_dpdk_CPU_16 64.2857
ns_CPU_16 10.7143
--------------------------------------------------

VARIABLES ------------------------------
Objective: 10.714285714285715
mem_tot_CPU_17 0.660824
m_access_time_CPU_17 0.300367
ns_single_CPU_17 1.47796
pdt_m_rows_CPU_17 0.116812
cores_sketch_CPU_17 1
cores_dpdk_CPU_17 6
ns_sketch_CPU_17 1.47796
pdt_nsk_c_CPU_17 1.47796
ns_dpdk_CPU_17 10.7143
pdt_nsc_dpdk_CPU_17 64.2857
ns_CPU_17 10.7143
--------------------------------------------------

VARIABLES ------------------------------
Objective: 6.756756756756757
mem_tot_P4_1 81.5613
ns_P4_1 6.75676
--------------------------------------------------

VARIABLES ------------------------------
Objective: 10.714285714285715
mem_tot_CPU_0 0.660824
m_access_time_CPU_0 0.300367
ns_single_CPU_0 1.47796
pdt_m_rows_CPU_0 0.116812
cores_sketch_CPU_0 1
cores_dpdk_CPU_0 6
ns_sketch_CPU_0 1.47796
pdt_nsk_c_CPU_0 1.47796
ns_dpdk_CPU_0 10.7143
pdt_nsc_dpdk_CPU_0 64.2857
ns_CPU_0 10.7143
--------------------------------------------------

VARIABLES ------------------------------
Objective: 10.714285714285715
mem_tot_CPU_1 0.660824
m_access_time_CPU_1 0.300367
ns_single_CPU_1 1.47796
pdt_m_rows_CPU_1 0.116812
cores_sketch_CPU_1 1
cores_dpdk_CPU_1 6
ns_sketch_CPU_1 1.47796
pdt_nsk_c_CPU_1 1.47796
ns_dpdk_CPU_1 10.7143
pdt_nsc_dpdk_CPU_1 64.2857
ns_CPU_1 10.7143
--------------------------------------------------

VARIABLES ------------------------------
Objective: 10.714285714285715
mem_tot_CPU_2 0.660824
m_access_time_CPU_2 0.300367
ns_single_CPU_2 1.47796
pdt_m_rows_CPU_2 0.116812
cores_sketch_CPU_2 1
cores_dpdk_CPU_2 6
ns_sketch_CPU_2 1.47796
pdt_nsk_c_CPU_2 1.47796
ns_dpdk_CPU_2 10.7143
pdt_nsc_dpdk_CPU_2 64.2857
ns_CPU_2 10.7143
--------------------------------------------------

VARIABLES ------------------------------
Objective: 10.714285714285715
mem_tot_CPU_3 0.660824
m_access_time_CPU_3 0.300367
ns_single_CPU_3 1.47796
pdt_m_rows_CPU_3 0.116812
cores_sketch_CPU_3 1
cores_dpdk_CPU_3 6
ns_sketch_CPU_3 1.47796
pdt_nsk_c_CPU_3 1.47796
ns_dpdk_CPU_3 10.7143
pdt_nsc_dpdk_CPU_3 64.2857
ns_CPU_3 10.7143
--------------------------------------------------

VARIABLES ------------------------------
Objective: 10.714285714285715
mem_tot_CPU_4 0.660824
m_access_time_CPU_4 0.300367
ns_single_CPU_4 1.47796
pdt_m_rows_CPU_4 0.116812
cores_sketch_CPU_4 1
cores_dpdk_CPU_4 6
ns_sketch_CPU_4 1.47796
pdt_nsk_c_CPU_4 1.47796
ns_dpdk_CPU_4 10.7143
pdt_nsc_dpdk_CPU_4 64.2857
ns_CPU_4 10.7143
--------------------------------------------------

VARIABLES ------------------------------
Objective: 10.714285714285715
mem_tot_CPU_5 0.660824
m_access_time_CPU_5 0.300367
ns_single_CPU_5 1.47796
pdt_m_rows_CPU_5 0.116812
cores_sketch_CPU_5 1
cores_dpdk_CPU_5 6
ns_sketch_CPU_5 1.47796
pdt_nsk_c_CPU_5 1.47796
ns_dpdk_CPU_5 10.7143
pdt_nsc_dpdk_CPU_5 64.2857
ns_CPU_5 10.7143
--------------------------------------------------

VARIABLES ------------------------------
Objective: 10.714285714285715
mem_tot_CPU_6 0.660824
m_access_time_CPU_6 0.300367
ns_single_CPU_6 1.47796
pdt_m_rows_CPU_6 0.116812
cores_sketch_CPU_6 1
cores_dpdk_CPU_6 6
ns_sketch_CPU_6 1.47796
pdt_nsk_c_CPU_6 1.47796
ns_dpdk_CPU_6 10.7143
pdt_nsc_dpdk_CPU_6 64.2857
ns_CPU_6 10.7143
--------------------------------------------------

VARIABLES ------------------------------
Objective: 10.714285714285715
mem_tot_CPU_7 0.660824
m_access_time_CPU_7 0.300367
ns_single_CPU_7 1.47796
pdt_m_rows_CPU_7 0.116812
cores_sketch_CPU_7 1
cores_dpdk_CPU_7 6
ns_sketch_CPU_7 1.47796
pdt_nsk_c_CPU_7 1.47796
ns_dpdk_CPU_7 10.7143
pdt_nsc_dpdk_CPU_7 64.2857
ns_CPU_7 10.7143
--------------------------------------------------

VARIABLES ------------------------------
Objective: 10.714285714285715
mem_tot_CPU_8 0.660824
m_access_time_CPU_8 0.300367
ns_single_CPU_8 1.47796
pdt_m_rows_CPU_8 0.116812
cores_sketch_CPU_8 1
cores_dpdk_CPU_8 6
ns_sketch_CPU_8 1.47796
pdt_nsk_c_CPU_8 1.47796
ns_dpdk_CPU_8 10.7143
pdt_nsc_dpdk_CPU_8 64.2857
ns_CPU_8 10.7143
--------------------------------------------------

VARIABLES ------------------------------
Objective: 10.714285714285715
mem_tot_CPU_9 0.660824
m_access_time_CPU_9 0.300367
ns_single_CPU_9 1.47796
pdt_m_rows_CPU_9 0.116812
cores_sketch_CPU_9 1
cores_dpdk_CPU_9 6
ns_sketch_CPU_9 1.47796
pdt_nsk_c_CPU_9 1.47796
ns_dpdk_CPU_9 10.7143
pdt_nsc_dpdk_CPU_9 64.2857
ns_CPU_9 10.7143
--------------------------------------------------

VARIABLES ------------------------------
Objective: 10.714285714285715
mem_tot_CPU_10 0.660824
m_access_time_CPU_10 0.300367
ns_single_CPU_10 1.47796
pdt_m_rows_CPU_10 0.116812
cores_sketch_CPU_10 1
cores_dpdk_CPU_10 6
ns_sketch_CPU_10 1.47796
pdt_nsk_c_CPU_10 1.47796
ns_dpdk_CPU_10 10.7143
pdt_nsc_dpdk_CPU_10 64.2857
ns_CPU_10 10.7143
--------------------------------------------------

VARIABLES ------------------------------
Objective: 10.714285714285715
mem_tot_CPU_11 0.660824
m_access_time_CPU_11 0.300367
ns_single_CPU_11 1.47796
pdt_m_rows_CPU_11 0.116812
cores_sketch_CPU_11 1
cores_dpdk_CPU_11 6
ns_sketch_CPU_11 1.47796
pdt_nsk_c_CPU_11 1.47796
ns_dpdk_CPU_11 10.7143
pdt_nsc_dpdk_CPU_11 64.2857
ns_CPU_11 10.7143
--------------------------------------------------

VARIABLES ------------------------------
Objective: 10.714285714285715
mem_tot_CPU_12 0.660824
m_access_time_CPU_12 0.300367
ns_single_CPU_12 1.47796
pdt_m_rows_CPU_12 0.116812
cores_sketch_CPU_12 1
cores_dpdk_CPU_12 6
ns_sketch_CPU_12 1.47796
pdt_nsk_c_CPU_12 1.47796
ns_dpdk_CPU_12 10.7143
pdt_nsc_dpdk_CPU_12 64.2857
ns_CPU_12 10.7143
--------------------------------------------------

VARIABLES ------------------------------
Objective: 10.714285714285715
mem_tot_CPU_13 0.660824
m_access_time_CPU_13 0.300367
ns_single_CPU_13 1.47796
pdt_m_rows_CPU_13 0.116812
cores_sketch_CPU_13 1
cores_dpdk_CPU_13 6
ns_sketch_CPU_13 1.47796
pdt_nsk_c_CPU_13 1.47796
ns_dpdk_CPU_13 10.7143
pdt_nsc_dpdk_CPU_13 64.2857
ns_CPU_13 10.7143
--------------------------------------------------

VARIABLES ------------------------------
Objective: 10.714285714285715
mem_tot_CPU_14 0.660824
m_access_time_CPU_14 0.300367
ns_single_CPU_14 1.47796
pdt_m_rows_CPU_14 0.116812
cores_sketch_CPU_14 1
cores_dpdk_CPU_14 6
ns_sketch_CPU_14 1.47796
pdt_nsk_c_CPU_14 1.47796
ns_dpdk_CPU_14 10.7143
pdt_nsc_dpdk_CPU_14 64.2857
ns_CPU_14 10.7143
--------------------------------------------------

VARIABLES ------------------------------
Objective: 10.714285714285715
mem_tot_CPU_15 0.660824
m_access_time_CPU_15 0.300367
ns_single_CPU_15 1.47796
pdt_m_rows_CPU_15 0.116812
cores_sketch_CPU_15 1
cores_dpdk_CPU_15 6
ns_sketch_CPU_15 1.47796
pdt_nsk_c_CPU_15 1.47796
ns_dpdk_CPU_15 10.7143
pdt_nsc_dpdk_CPU_15 64.2857
ns_CPU_15 10.7143
--------------------------------------------------

VARIABLES ------------------------------
Objective: 10.714285714285715
mem_tot_CPU_16 0.660824
m_access_time_CPU_16 0.300367
ns_single_CPU_16 1.47796
pdt_m_rows_CPU_16 0.116812
cores_sketch_CPU_16 1
cores_dpdk_CPU_16 6
ns_sketch_CPU_16 1.47796
pdt_nsk_c_CPU_16 1.47796
ns_dpdk_CPU_16 10.7143
pdt_nsc_dpdk_CPU_16 64.2857
ns_CPU_16 10.7143
--------------------------------------------------

VARIABLES ------------------------------
Objective: 10.714285714285715
mem_tot_CPU_17 0.660824
m_access_time_CPU_17 0.300367
ns_single_CPU_17 1.47796
pdt_m_rows_CPU_17 0.116812
cores_sketch_CPU_17 1
cores_dpdk_CPU_17 6
ns_sketch_CPU_17 1.47796
pdt_nsk_c_CPU_17 1.47796
ns_dpdk_CPU_17 10.7143
pdt_nsc_dpdk_CPU_17 64.2857
ns_CPU_17 10.7143
--------------------------------------------------

Throughput: 93.33333333333333 Mpps, ns per packet: 10.714285714285715
Resources: 1273.700470822486
Used Cores: 125.99999999999999, Total CPUS: 18, Switch Memory: 81.56130963591406

Sketch (14) (cm: eps0: 0.00625, del0: 0.05, min_mem: 1.69921875)
Par0 id: 14, Rows: 3
(0.870,18)    (0.130,14)    (0.000,15)    
Total frac: 1.000

Sketch (7) (cm: eps0: 0.00625, del0: 0.05, min_mem: 1.69921875)
Par0 id: 7, Rows: 3
(0.741,18)    (0.130,8)    (0.130,7)    
Total frac: 1.000

Sketch (16) (cm: eps0: 0.00625, del0: 0.05, min_mem: 1.69921875)
Par0 id: 16, Rows: 3
(0.000,16)    (0.130,17)    (0.870,18)    
Total frac: 1.000

Sketch (10) (cm: eps0: 0.00625, del0: 0.05, min_mem: 1.69921875)
Par0 id: 10, Rows: 3
(0.000,10)    (1.000,18)    (0.000,11)    
Total frac: 1.000

Sketch (3) (cm: eps0: 0.00625, del0: 0.05, min_mem: 1.69921875)
Par0 id: 3, Rows: 3
(1.000,18)    (0.000,4)    (0.000,3)    
Total frac: 1.000

Sketch (15) (cm: eps0: 0.00625, del0: 0.05, min_mem: 1.69921875)
Par0 id: 15, Rows: 3
(0.130,15)    (0.741,18)    (0.130,16)    
Total frac: 1.000

Sketch (17) (cm: eps0: 0.00625, del0: 0.05, min_mem: 1.69921875)
Par0 id: 17, Rows: 3
(0.000,17)    (0.444,18)    
Total frac: 0.444

Sketch (11) (cm: eps0: 0.00625, del0: 0.05, min_mem: 1.69921875)
Par0 id: 11, Rows: 3
(0.130,12)    (0.130,11)    (0.741,18)    
Total frac: 1.000

Sketch (4) (cm: eps0: 0.00625, del0: 0.05, min_mem: 1.69921875)
Par0 id: 4, Rows: 3
(0.130,4)    (0.870,18)    (0.000,5)    
Total frac: 1.000

Sketch (0) (cm: eps0: 0.00625, del0: 0.05, min_mem: 1.69921875)
Par0 id: 0, Rows: 3
(0.870,18)    (0.130,1)    (0.000,0)    
Total frac: 1.000

Sketch (18) (cm: eps0: 0.00625, del0: 0.05, min_mem: 1.69921875)
Par0 id: 18, Rows: 3
(0.444,18)    
Total frac: 0.444

Sketch (12) (cm: eps0: 0.00625, del0: 0.05, min_mem: 1.69921875)
Par0 id: 12, Rows: 3
(0.130,13)    (0.870,18)    (0.000,12)    
Total frac: 1.000

Sketch (5) (cm: eps0: 0.00625, del0: 0.05, min_mem: 1.69921875)
Par0 id: 5, Rows: 3
(0.741,18)    (0.130,5)    (0.130,6)    
Total frac: 1.000

Sketch (8) (cm: eps0: 0.00625, del0: 0.05, min_mem: 1.69921875)
Par0 id: 8, Rows: 3
(0.000,8)    (1.000,18)    (0.000,9)    
Total frac: 1.000

Sketch (1) (cm: eps0: 0.00625, del0: 0.05, min_mem: 1.69921875)
Par0 id: 1, Rows: 3
(0.000,1)    (0.000,2)    (1.000,18)    
Total frac: 1.000

Sketch (19) (cm: eps0: 0.00625, del0: 0.05, min_mem: 1.69921875)
Par0 id: 19, Rows: 3
(0.315,18)    (0.130,0)    
Total frac: 0.444

Sketch (13) (cm: eps0: 0.00625, del0: 0.05, min_mem: 1.69921875)
Par0 id: 13, Rows: 3
(0.000,13)    (1.000,18)    (0.000,14)    
Total frac: 1.000

Sketch (6) (cm: eps0: 0.00625, del0: 0.05, min_mem: 1.69921875)
Par0 id: 6, Rows: 3
(0.000,6)    (1.000,18)    (0.000,7)    
Total frac: 1.000

Sketch (9) (cm: eps0: 0.00625, del0: 0.05, min_mem: 1.69921875)
Par0 id: 9, Rows: 3
(0.130,9)    (0.130,10)    (0.741,18)    
Total frac: 1.000

Sketch (2) (cm: eps0: 0.00625, del0: 0.05, min_mem: 1.69921875)
Par0 id: 2, Rows: 3
(0.741,18)    (0.130,2)    (0.130,3)    
Total frac: 1.000

Device (0) CPU_0:
cores_sketch: 1.0, cores_dpdk: 5.999999999999998
Rows total: 0.38889869645031866
Mem total: 0.6608239568589399
Throughput: 93.33333333333333

Device (1) CPU_1:
cores_sketch: 1.0, cores_dpdk: 5.999999999999998
Rows total: 0.38889869645031866
Mem total: 0.6608239568589399
Throughput: 93.33333333333333

Device (2) CPU_2:
cores_sketch: 1.0, cores_dpdk: 5.999999999999998
Rows total: 0.38889869645031866
Mem total: 0.6608239568589399
Throughput: 93.33333333333333

Device (3) CPU_3:
cores_sketch: 1.0, cores_dpdk: 5.999999999999998
Rows total: 0.38889869645031866
Mem total: 0.6608239568589399
Throughput: 93.33333333333333

Device (4) CPU_4:
cores_sketch: 1.0, cores_dpdk: 5.999999999999998
Rows total: 0.38889869645031866
Mem total: 0.6608239568589399
Throughput: 93.33333333333333

Device (5) CPU_5:
cores_sketch: 1.0, cores_dpdk: 5.999999999999998
Rows total: 0.38889869645031866
Mem total: 0.6608239568589399
Throughput: 93.33333333333333

Device (6) CPU_6:
cores_sketch: 1.0, cores_dpdk: 5.999999999999998
Rows total: 0.38889869645031866
Mem total: 0.6608239568589399
Throughput: 93.33333333333333

Device (7) CPU_7:
cores_sketch: 1.0, cores_dpdk: 5.999999999999998
Rows total: 0.38889869645031866
Mem total: 0.6608239568589399
Throughput: 93.33333333333333

Device (8) CPU_8:
cores_sketch: 1.0, cores_dpdk: 5.999999999999998
Rows total: 0.38889869645031866
Mem total: 0.6608239568589399
Throughput: 93.33333333333333

Device (9) CPU_9:
cores_sketch: 1.0, cores_dpdk: 5.999999999999998
Rows total: 0.38889869645031866
Mem total: 0.6608239568589399
Throughput: 93.33333333333333

Device (10) CPU_10:
cores_sketch: 1.0, cores_dpdk: 5.999999999999998
Rows total: 0.38889869645031866
Mem total: 0.6608239568589399
Throughput: 93.33333333333333

Device (11) CPU_11:
cores_sketch: 1.0, cores_dpdk: 5.999999999999998
Rows total: 0.38889869645031866
Mem total: 0.6608239568589399
Throughput: 93.33333333333333

Device (12) CPU_12:
cores_sketch: 1.0, cores_dpdk: 5.999999999999998
Rows total: 0.38889869645031866
Mem total: 0.6608239568589399
Throughput: 93.33333333333333

Device (13) CPU_13:
cores_sketch: 1.0, cores_dpdk: 5.999999999999998
Rows total: 0.38889869645031866
Mem total: 0.6608239568589399
Throughput: 93.33333333333333

Device (14) CPU_14:
cores_sketch: 1.0, cores_dpdk: 5.999999999999998
Rows total: 0.38889869645031866
Mem total: 0.6608239568589399
Throughput: 93.33333333333333

Device (15) CPU_15:
cores_sketch: 1.0, cores_dpdk: 5.999999999999998
Rows total: 0.38889869645031866
Mem total: 0.6608239568589399
Throughput: 93.33333333333333

Device (16) CPU_16:
cores_sketch: 1.0, cores_dpdk: 5.999999999999998
Rows total: 0.38889869645031866
Mem total: 0.6608239568589399
Throughput: 93.33333333333333

Device (17) CPU_17:
cores_sketch: 1.0, cores_dpdk: 5.999999999999998
Rows total: 0.38889869645031866
Mem total: 0.6608239568589399
Throughput: 93.33333333333333

Device (18) P4_1:
Rows total: 47.99929946389425
Mem total: 81.56130963591406
Throughput: 148.0

Flow 0:
partitions: [(9, 1.0)]
path: {0, 1, 18}
Flow 1:
partitions: [(14, 1.0)]
path: {1, 18, 2}
Flow 2:
partitions: [(19, 1.0)]
path: {3, 2, 18}
Flow 3:
partitions: [(4, 1.0)]
path: {18, 3, 4}
Flow 4:
partitions: [(8, 1.0)]
path: {18, 4, 5}
Flow 5:
partitions: [(12, 1.0)]
path: {18, 5, 6}
Flow 6:
partitions: [(17, 1.0)]
path: {18, 6, 7}
Flow 7:
partitions: [(1, 1.0)]
path: {8, 18, 7}
Flow 8:
partitions: [(13, 1.0)]
path: {8, 9, 18}
Flow 9:
partitions: [(18, 1.0)]
path: {9, 18, 10}
Flow 10:
partitions: [(3, 1.0)]
path: {11, 10, 18}
Flow 11:
partitions: [(7, 1.0)]
path: {18, 11, 12}
Flow 12:
partitions: [(11, 1.0)]
path: {18, 12, 13}
Flow 13:
partitions: [(16, 1.0)]
path: {18, 13, 14}
Flow 14:
partitions: [(0, 1.0)]
path: {18, 14, 15}
Flow 15:
partitions: [(5, 1.0)]
path: {16, 18, 15}
Flow 16:
partitions: [(2, 1.0)]
path: {16, 17, 18}
Flow 17:
partitions: [(6, 0.44438622222222113)]
path: {17, 18}
Flow 18:
partitions: [(10, 0.44438622222222113)]
path: {18}
Flow 19:
partitions: [(15, 0.44438622222222113)]
path: {0, 18}
--------------------------------------------------
Function: MIP.solve took 0.10405492782592773 seconds
Building model with:
2 devices, 3 partitions and 3 flows
Function: MIP.add_frac_mem_var took 6.723403930664062e-05 seconds
Function: MIP.add_coverage_constraints took 3.9577484130859375e-05 seconds
Function: MIP.add_accuracy_constraints took 5.650520324707031e-05 seconds
Function: MIP.add_capacity_constraints took 0.00017547607421875 seconds
--------------------------------------------------
Starting model update
Model update took: 2.3365020751953125e-05 s
--------------------------------------------------
Starting model optimize
Model optimize took: 0.001897573471069336 seconds
--------------------------------------------------

VARIABLES ------------------------------
Objective: 5.0005240000000075
frac[1,2] 0.277894
frac[1,0] 0.555614
frac[0,1] 0.555614
frac[0,2] 0.27772
mem[1,2] 1.41661
mem[1,0] 2.83233
mem[0,1] 2.83233
mem[0,2] 1.41572
mem_tot_CPU_19 4.24805
normalized_mem_tot_CPU_19 0.00012964
rows_tot_CPU_19 2.5
normalized_rows_tot_CPU_19 0.208333
mem_tot_CPU_18 4.24894
normalized_mem_tot_CPU_18 0.000129667
rows_tot_CPU_18 2.50052
normalized_rows_tot_CPU_18 0.208377
max_mem_CPU_Cluster 0.000129642
max_rows_CPU_Cluster 0.208377
--------------------------------------------------

Sketch (17) (cm: eps0: 0.00625, del0: 0.05, min_mem: 1.69921875)
Par0 id: 17, Rows: 3
(0.556,1)    
Total frac: 0.556

Sketch (19) (cm: eps0: 0.00625, del0: 0.05, min_mem: 1.69921875)
Par0 id: 19, Rows: 3
(0.556,0)    
Total frac: 0.556

Sketch (18) (cm: eps0: 0.00625, del0: 0.05, min_mem: 1.69921875)
Par0 id: 18, Rows: 3
(0.278,1)    (0.278,0)    
Total frac: 0.556

Device (0) CPU_19:
Rows total: 2.499999973800004
Mem total: 4.248046830480476

Device (1) CPU_18:
Rows total: 2.500524026200004
Mem total: 4.248937310144538

Flow 0:
partitions: [(0, 0.5556137777777788)]
path: {1}
Flow 1:
partitions: [(2, 0.5556137777777788)]
path: {0, 1}
Flow 2:
partitions: [(1, 0.5556137777777788)]
path: {0}
--------------------------------------------------

VARIABLES ------------------------------
Objective: 10.714285714285715
mem_tot_CPU_19 4.24805
m_access_time_CPU_19 0.536892
ns_single_CPU_19 10.0922
pdt_m_rows_CPU_19 1.34223
cores_sketch_CPU_19 1
cores_dpdk_CPU_19 6
ns_sketch_CPU_19 10.0922
pdt_nsk_c_CPU_19 10.0922
ns_dpdk_CPU_19 10.7143
pdt_nsc_dpdk_CPU_19 64.2857
ns_CPU_19 10.7143
--------------------------------------------------

VARIABLES ------------------------------
Objective: 10.714285714285715
mem_tot_CPU_18 4.24894
m_access_time_CPU_18 0.536891
ns_single_CPU_18 10.0943
pdt_m_rows_CPU_18 1.34251
cores_sketch_CPU_18 1
cores_dpdk_CPU_18 6
ns_sketch_CPU_18 10.0943
pdt_nsk_c_CPU_18 10.0943
ns_dpdk_CPU_18 10.7143
pdt_nsc_dpdk_CPU_18 64.2857
ns_CPU_18 10.7143
--------------------------------------------------

VARIABLES ------------------------------
Objective: 10.714285714285715
mem_tot_CPU_19 4.24805
m_access_time_CPU_19 0.536892
ns_single_CPU_19 10.0922
pdt_m_rows_CPU_19 1.34223
cores_sketch_CPU_19 1
cores_dpdk_CPU_19 6
ns_sketch_CPU_19 10.0922
pdt_nsk_c_CPU_19 10.0922
ns_dpdk_CPU_19 10.7143
pdt_nsc_dpdk_CPU_19 64.2857
ns_CPU_19 10.7143
--------------------------------------------------

VARIABLES ------------------------------
Objective: 10.714285714285715
mem_tot_CPU_18 4.24894
m_access_time_CPU_18 0.536891
ns_single_CPU_18 10.0943
pdt_m_rows_CPU_18 1.34251
cores_sketch_CPU_18 1
cores_dpdk_CPU_18 6
ns_sketch_CPU_18 10.0943
pdt_nsk_c_CPU_18 10.0943
ns_dpdk_CPU_18 10.7143
pdt_nsc_dpdk_CPU_18 64.2857
ns_CPU_18 10.7143
--------------------------------------------------

Throughput: 93.33333333333333 Mpps, ns per packet: 10.714285714285715
Resources: 140.00103722950934
Used Cores: 13.999999999999996, Total CPUS: 2, Switch Memory: 0

Sketch (17) (cm: eps0: 0.00625, del0: 0.05, min_mem: 1.69921875)
Par0 id: 17, Rows: 3
(0.556,1)    
Total frac: 0.556

Sketch (19) (cm: eps0: 0.00625, del0: 0.05, min_mem: 1.69921875)
Par0 id: 19, Rows: 3
(0.556,0)    
Total frac: 0.556

Sketch (18) (cm: eps0: 0.00625, del0: 0.05, min_mem: 1.69921875)
Par0 id: 18, Rows: 3
(0.278,1)    (0.278,0)    
Total frac: 0.556

Device (0) CPU_19:
cores_sketch: 1.0, cores_dpdk: 5.999999999999998
Rows total: 2.499999973800004
Mem total: 4.248046830480476
Throughput: 93.33333333333333

Device (1) CPU_18:
cores_sketch: 1.0, cores_dpdk: 5.999999999999998
Rows total: 2.500524026200004
Mem total: 4.248937310144538
Throughput: 93.33333333333333

Flow 0:
partitions: [(0, 0.5556137777777788)]
path: {1}
Flow 1:
partitions: [(2, 0.5556137777777788)]
path: {0, 1}
Flow 2:
partitions: [(1, 0.5556137777777788)]
path: {0}
--------------------------------------------------
Function: MIP.solve took 0.013116121292114258 seconds
--------------------------------------------------
Clustered Optimization complete
--------------------------------------------------

VARIABLES ------------------------------
Objective: 10.714285714285715
mem_tot_CPU_0 0.660824
m_access_time_CPU_0 0.300367
ns_single_CPU_0 1.47796
pdt_m_rows_CPU_0 0.116812
cores_sketch_CPU_0 1
cores_dpdk_CPU_0 6
ns_sketch_CPU_0 1.47796
pdt_nsk_c_CPU_0 1.47796
ns_dpdk_CPU_0 10.7143
pdt_nsc_dpdk_CPU_0 64.2857
ns_CPU_0 10.7143
--------------------------------------------------

VARIABLES ------------------------------
Objective: 10.714285714285715
mem_tot_CPU_1 0.660824
m_access_time_CPU_1 0.300367
ns_single_CPU_1 1.47796
pdt_m_rows_CPU_1 0.116812
cores_sketch_CPU_1 1
cores_dpdk_CPU_1 6
ns_sketch_CPU_1 1.47796
pdt_nsk_c_CPU_1 1.47796
ns_dpdk_CPU_1 10.7143
pdt_nsc_dpdk_CPU_1 64.2857
ns_CPU_1 10.7143
--------------------------------------------------

VARIABLES ------------------------------
Objective: 10.714285714285715
mem_tot_CPU_2 0.660824
m_access_time_CPU_2 0.300367
ns_single_CPU_2 1.47796
pdt_m_rows_CPU_2 0.116812
cores_sketch_CPU_2 1
cores_dpdk_CPU_2 6
ns_sketch_CPU_2 1.47796
pdt_nsk_c_CPU_2 1.47796
ns_dpdk_CPU_2 10.7143
pdt_nsc_dpdk_CPU_2 64.2857
ns_CPU_2 10.7143
--------------------------------------------------

VARIABLES ------------------------------
Objective: 10.714285714285715
mem_tot_CPU_3 0.660824
m_access_time_CPU_3 0.300367
ns_single_CPU_3 1.47796
pdt_m_rows_CPU_3 0.116812
cores_sketch_CPU_3 1
cores_dpdk_CPU_3 6
ns_sketch_CPU_3 1.47796
pdt_nsk_c_CPU_3 1.47796
ns_dpdk_CPU_3 10.7143
pdt_nsc_dpdk_CPU_3 64.2857
ns_CPU_3 10.7143
--------------------------------------------------

VARIABLES ------------------------------
Objective: 10.714285714285715
mem_tot_CPU_4 0.660824
m_access_time_CPU_4 0.300367
ns_single_CPU_4 1.47796
pdt_m_rows_CPU_4 0.116812
cores_sketch_CPU_4 1
cores_dpdk_CPU_4 6
ns_sketch_CPU_4 1.47796
pdt_nsk_c_CPU_4 1.47796
ns_dpdk_CPU_4 10.7143
pdt_nsc_dpdk_CPU_4 64.2857
ns_CPU_4 10.7143
--------------------------------------------------

VARIABLES ------------------------------
Objective: 10.714285714285715
mem_tot_CPU_5 0.660824
m_access_time_CPU_5 0.300367
ns_single_CPU_5 1.47796
pdt_m_rows_CPU_5 0.116812
cores_sketch_CPU_5 1
cores_dpdk_CPU_5 6
ns_sketch_CPU_5 1.47796
pdt_nsk_c_CPU_5 1.47796
ns_dpdk_CPU_5 10.7143
pdt_nsc_dpdk_CPU_5 64.2857
ns_CPU_5 10.7143
--------------------------------------------------

VARIABLES ------------------------------
Objective: 10.714285714285715
mem_tot_CPU_6 0.660824
m_access_time_CPU_6 0.300367
ns_single_CPU_6 1.47796
pdt_m_rows_CPU_6 0.116812
cores_sketch_CPU_6 1
cores_dpdk_CPU_6 6
ns_sketch_CPU_6 1.47796
pdt_nsk_c_CPU_6 1.47796
ns_dpdk_CPU_6 10.7143
pdt_nsc_dpdk_CPU_6 64.2857
ns_CPU_6 10.7143
--------------------------------------------------

VARIABLES ------------------------------
Objective: 10.714285714285715
mem_tot_CPU_7 0.660824
m_access_time_CPU_7 0.300367
ns_single_CPU_7 1.47796
pdt_m_rows_CPU_7 0.116812
cores_sketch_CPU_7 1
cores_dpdk_CPU_7 6
ns_sketch_CPU_7 1.47796
pdt_nsk_c_CPU_7 1.47796
ns_dpdk_CPU_7 10.7143
pdt_nsc_dpdk_CPU_7 64.2857
ns_CPU_7 10.7143
--------------------------------------------------

VARIABLES ------------------------------
Objective: 10.714285714285715
mem_tot_CPU_8 0.660824
m_access_time_CPU_8 0.300367
ns_single_CPU_8 1.47796
pdt_m_rows_CPU_8 0.116812
cores_sketch_CPU_8 1
cores_dpdk_CPU_8 6
ns_sketch_CPU_8 1.47796
pdt_nsk_c_CPU_8 1.47796
ns_dpdk_CPU_8 10.7143
pdt_nsc_dpdk_CPU_8 64.2857
ns_CPU_8 10.7143
--------------------------------------------------

VARIABLES ------------------------------
Objective: 10.714285714285715
mem_tot_CPU_9 0.660824
m_access_time_CPU_9 0.300367
ns_single_CPU_9 1.47796
pdt_m_rows_CPU_9 0.116812
cores_sketch_CPU_9 1
cores_dpdk_CPU_9 6
ns_sketch_CPU_9 1.47796
pdt_nsk_c_CPU_9 1.47796
ns_dpdk_CPU_9 10.7143
pdt_nsc_dpdk_CPU_9 64.2857
ns_CPU_9 10.7143
--------------------------------------------------

VARIABLES ------------------------------
Objective: 10.714285714285715
mem_tot_CPU_10 0.660824
m_access_time_CPU_10 0.300367
ns_single_CPU_10 1.47796
pdt_m_rows_CPU_10 0.116812
cores_sketch_CPU_10 1
cores_dpdk_CPU_10 6
ns_sketch_CPU_10 1.47796
pdt_nsk_c_CPU_10 1.47796
ns_dpdk_CPU_10 10.7143
pdt_nsc_dpdk_CPU_10 64.2857
ns_CPU_10 10.7143
--------------------------------------------------

VARIABLES ------------------------------
Objective: 10.714285714285715
mem_tot_CPU_11 0.660824
m_access_time_CPU_11 0.300367
ns_single_CPU_11 1.47796
pdt_m_rows_CPU_11 0.116812
cores_sketch_CPU_11 1
cores_dpdk_CPU_11 6
ns_sketch_CPU_11 1.47796
pdt_nsk_c_CPU_11 1.47796
ns_dpdk_CPU_11 10.7143
pdt_nsc_dpdk_CPU_11 64.2857
ns_CPU_11 10.7143
--------------------------------------------------

VARIABLES ------------------------------
Objective: 10.714285714285715
mem_tot_CPU_12 0.660824
m_access_time_CPU_12 0.300367
ns_single_CPU_12 1.47796
pdt_m_rows_CPU_12 0.116812
cores_sketch_CPU_12 1
cores_dpdk_CPU_12 6
ns_sketch_CPU_12 1.47796
pdt_nsk_c_CPU_12 1.47796
ns_dpdk_CPU_12 10.7143
pdt_nsc_dpdk_CPU_12 64.2857
ns_CPU_12 10.7143
--------------------------------------------------

VARIABLES ------------------------------
Objective: 10.714285714285715
mem_tot_CPU_13 0.660824
m_access_time_CPU_13 0.300367
ns_single_CPU_13 1.47796
pdt_m_rows_CPU_13 0.116812
cores_sketch_CPU_13 1
cores_dpdk_CPU_13 6
ns_sketch_CPU_13 1.47796
pdt_nsk_c_CPU_13 1.47796
ns_dpdk_CPU_13 10.7143
pdt_nsc_dpdk_CPU_13 64.2857
ns_CPU_13 10.7143
--------------------------------------------------

VARIABLES ------------------------------
Objective: 10.714285714285715
mem_tot_CPU_14 0.660824
m_access_time_CPU_14 0.300367
ns_single_CPU_14 1.47796
pdt_m_rows_CPU_14 0.116812
cores_sketch_CPU_14 1
cores_dpdk_CPU_14 6
ns_sketch_CPU_14 1.47796
pdt_nsk_c_CPU_14 1.47796
ns_dpdk_CPU_14 10.7143
pdt_nsc_dpdk_CPU_14 64.2857
ns_CPU_14 10.7143
--------------------------------------------------

VARIABLES ------------------------------
Objective: 10.714285714285715
mem_tot_CPU_15 0.660824
m_access_time_CPU_15 0.300367
ns_single_CPU_15 1.47796
pdt_m_rows_CPU_15 0.116812
cores_sketch_CPU_15 1
cores_dpdk_CPU_15 6
ns_sketch_CPU_15 1.47796
pdt_nsk_c_CPU_15 1.47796
ns_dpdk_CPU_15 10.7143
pdt_nsc_dpdk_CPU_15 64.2857
ns_CPU_15 10.7143
--------------------------------------------------

VARIABLES ------------------------------
Objective: 10.714285714285715
mem_tot_CPU_16 0.660824
m_access_time_CPU_16 0.300367
ns_single_CPU_16 1.47796
pdt_m_rows_CPU_16 0.116812
cores_sketch_CPU_16 1
cores_dpdk_CPU_16 6
ns_sketch_CPU_16 1.47796
pdt_nsk_c_CPU_16 1.47796
ns_dpdk_CPU_16 10.7143
pdt_nsc_dpdk_CPU_16 64.2857
ns_CPU_16 10.7143
--------------------------------------------------

VARIABLES ------------------------------
Objective: 10.714285714285715
mem_tot_CPU_17 0.660824
m_access_time_CPU_17 0.300367
ns_single_CPU_17 1.47796
pdt_m_rows_CPU_17 0.116812
cores_sketch_CPU_17 1
cores_dpdk_CPU_17 6
ns_sketch_CPU_17 1.47796
pdt_nsk_c_CPU_17 1.47796
ns_dpdk_CPU_17 10.7143
pdt_nsc_dpdk_CPU_17 64.2857
ns_CPU_17 10.7143
--------------------------------------------------

VARIABLES ------------------------------
Objective: 10.714285714285715
mem_tot_CPU_18 4.24894
m_access_time_CPU_18 0.536891
ns_single_CPU_18 10.0943
pdt_m_rows_CPU_18 1.34251
cores_sketch_CPU_18 1
cores_dpdk_CPU_18 6
ns_sketch_CPU_18 10.0943
pdt_nsk_c_CPU_18 10.0943
ns_dpdk_CPU_18 10.7143
pdt_nsc_dpdk_CPU_18 64.2857
ns_CPU_18 10.7143
--------------------------------------------------

VARIABLES ------------------------------
Objective: 10.714285714285715
mem_tot_CPU_19 4.24805
m_access_time_CPU_19 0.536892
ns_single_CPU_19 10.0922
pdt_m_rows_CPU_19 1.34223
cores_sketch_CPU_19 1
cores_dpdk_CPU_19 6
ns_sketch_CPU_19 10.0922
pdt_nsk_c_CPU_19 10.0922
ns_dpdk_CPU_19 10.7143
pdt_nsc_dpdk_CPU_19 64.2857
ns_CPU_19 10.7143
--------------------------------------------------

VARIABLES ------------------------------
Objective: 6.756756756756757
mem_tot_P4_1 81.5613
ns_P4_1 6.75676
--------------------------------------------------

VARIABLES ------------------------------
Objective: 10.714285714285715
mem_tot_CPU_0 0.660824
m_access_time_CPU_0 0.300367
ns_single_CPU_0 1.47796
pdt_m_rows_CPU_0 0.116812
cores_sketch_CPU_0 1
cores_dpdk_CPU_0 6
ns_sketch_CPU_0 1.47796
pdt_nsk_c_CPU_0 1.47796
ns_dpdk_CPU_0 10.7143
pdt_nsc_dpdk_CPU_0 64.2857
ns_CPU_0 10.7143
--------------------------------------------------

VARIABLES ------------------------------
Objective: 10.714285714285715
mem_tot_CPU_1 0.660824
m_access_time_CPU_1 0.300367
ns_single_CPU_1 1.47796
pdt_m_rows_CPU_1 0.116812
cores_sketch_CPU_1 1
cores_dpdk_CPU_1 6
ns_sketch_CPU_1 1.47796
pdt_nsk_c_CPU_1 1.47796
ns_dpdk_CPU_1 10.7143
pdt_nsc_dpdk_CPU_1 64.2857
ns_CPU_1 10.7143
--------------------------------------------------

VARIABLES ------------------------------
Objective: 10.714285714285715
mem_tot_CPU_2 0.660824
m_access_time_CPU_2 0.300367
ns_single_CPU_2 1.47796
pdt_m_rows_CPU_2 0.116812
cores_sketch_CPU_2 1
cores_dpdk_CPU_2 6
ns_sketch_CPU_2 1.47796
pdt_nsk_c_CPU_2 1.47796
ns_dpdk_CPU_2 10.7143
pdt_nsc_dpdk_CPU_2 64.2857
ns_CPU_2 10.7143
--------------------------------------------------

VARIABLES ------------------------------
Objective: 10.714285714285715
mem_tot_CPU_3 0.660824
m_access_time_CPU_3 0.300367
ns_single_CPU_3 1.47796
pdt_m_rows_CPU_3 0.116812
cores_sketch_CPU_3 1
cores_dpdk_CPU_3 6
ns_sketch_CPU_3 1.47796
pdt_nsk_c_CPU_3 1.47796
ns_dpdk_CPU_3 10.7143
pdt_nsc_dpdk_CPU_3 64.2857
ns_CPU_3 10.7143
--------------------------------------------------

VARIABLES ------------------------------
Objective: 10.714285714285715
mem_tot_CPU_4 0.660824
m_access_time_CPU_4 0.300367
ns_single_CPU_4 1.47796
pdt_m_rows_CPU_4 0.116812
cores_sketch_CPU_4 1
cores_dpdk_CPU_4 6
ns_sketch_CPU_4 1.47796
pdt_nsk_c_CPU_4 1.47796
ns_dpdk_CPU_4 10.7143
pdt_nsc_dpdk_CPU_4 64.2857
ns_CPU_4 10.7143
--------------------------------------------------

VARIABLES ------------------------------
Objective: 10.714285714285715
mem_tot_CPU_5 0.660824
m_access_time_CPU_5 0.300367
ns_single_CPU_5 1.47796
pdt_m_rows_CPU_5 0.116812
cores_sketch_CPU_5 1
cores_dpdk_CPU_5 6
ns_sketch_CPU_5 1.47796
pdt_nsk_c_CPU_5 1.47796
ns_dpdk_CPU_5 10.7143
pdt_nsc_dpdk_CPU_5 64.2857
ns_CPU_5 10.7143
--------------------------------------------------

VARIABLES ------------------------------
Objective: 10.714285714285715
mem_tot_CPU_6 0.660824
m_access_time_CPU_6 0.300367
ns_single_CPU_6 1.47796
pdt_m_rows_CPU_6 0.116812
cores_sketch_CPU_6 1
cores_dpdk_CPU_6 6
ns_sketch_CPU_6 1.47796
pdt_nsk_c_CPU_6 1.47796
ns_dpdk_CPU_6 10.7143
pdt_nsc_dpdk_CPU_6 64.2857
ns_CPU_6 10.7143
--------------------------------------------------

VARIABLES ------------------------------
Objective: 10.714285714285715
mem_tot_CPU_7 0.660824
m_access_time_CPU_7 0.300367
ns_single_CPU_7 1.47796
pdt_m_rows_CPU_7 0.116812
cores_sketch_CPU_7 1
cores_dpdk_CPU_7 6
ns_sketch_CPU_7 1.47796
pdt_nsk_c_CPU_7 1.47796
ns_dpdk_CPU_7 10.7143
pdt_nsc_dpdk_CPU_7 64.2857
ns_CPU_7 10.7143
--------------------------------------------------

VARIABLES ------------------------------
Objective: 10.714285714285715
mem_tot_CPU_8 0.660824
m_access_time_CPU_8 0.300367
ns_single_CPU_8 1.47796
pdt_m_rows_CPU_8 0.116812
cores_sketch_CPU_8 1
cores_dpdk_CPU_8 6
ns_sketch_CPU_8 1.47796
pdt_nsk_c_CPU_8 1.47796
ns_dpdk_CPU_8 10.7143
pdt_nsc_dpdk_CPU_8 64.2857
ns_CPU_8 10.7143
--------------------------------------------------

VARIABLES ------------------------------
Objective: 10.714285714285715
mem_tot_CPU_9 0.660824
m_access_time_CPU_9 0.300367
ns_single_CPU_9 1.47796
pdt_m_rows_CPU_9 0.116812
cores_sketch_CPU_9 1
cores_dpdk_CPU_9 6
ns_sketch_CPU_9 1.47796
pdt_nsk_c_CPU_9 1.47796
ns_dpdk_CPU_9 10.7143
pdt_nsc_dpdk_CPU_9 64.2857
ns_CPU_9 10.7143
--------------------------------------------------

VARIABLES ------------------------------
Objective: 10.714285714285715
mem_tot_CPU_10 0.660824
m_access_time_CPU_10 0.300367
ns_single_CPU_10 1.47796
pdt_m_rows_CPU_10 0.116812
cores_sketch_CPU_10 1
cores_dpdk_CPU_10 6
ns_sketch_CPU_10 1.47796
pdt_nsk_c_CPU_10 1.47796
ns_dpdk_CPU_10 10.7143
pdt_nsc_dpdk_CPU_10 64.2857
ns_CPU_10 10.7143
--------------------------------------------------

VARIABLES ------------------------------
Objective: 10.714285714285715
mem_tot_CPU_11 0.660824
m_access_time_CPU_11 0.300367
ns_single_CPU_11 1.47796
pdt_m_rows_CPU_11 0.116812
cores_sketch_CPU_11 1
cores_dpdk_CPU_11 6
ns_sketch_CPU_11 1.47796
pdt_nsk_c_CPU_11 1.47796
ns_dpdk_CPU_11 10.7143
pdt_nsc_dpdk_CPU_11 64.2857
ns_CPU_11 10.7143
--------------------------------------------------

VARIABLES ------------------------------
Objective: 10.714285714285715
mem_tot_CPU_12 0.660824
m_access_time_CPU_12 0.300367
ns_single_CPU_12 1.47796
pdt_m_rows_CPU_12 0.116812
cores_sketch_CPU_12 1
cores_dpdk_CPU_12 6
ns_sketch_CPU_12 1.47796
pdt_nsk_c_CPU_12 1.47796
ns_dpdk_CPU_12 10.7143
pdt_nsc_dpdk_CPU_12 64.2857
ns_CPU_12 10.7143
--------------------------------------------------

VARIABLES ------------------------------
Objective: 10.714285714285715
mem_tot_CPU_13 0.660824
m_access_time_CPU_13 0.300367
ns_single_CPU_13 1.47796
pdt_m_rows_CPU_13 0.116812
cores_sketch_CPU_13 1
cores_dpdk_CPU_13 6
ns_sketch_CPU_13 1.47796
pdt_nsk_c_CPU_13 1.47796
ns_dpdk_CPU_13 10.7143
pdt_nsc_dpdk_CPU_13 64.2857
ns_CPU_13 10.7143
--------------------------------------------------

VARIABLES ------------------------------
Objective: 10.714285714285715
mem_tot_CPU_14 0.660824
m_access_time_CPU_14 0.300367
ns_single_CPU_14 1.47796
pdt_m_rows_CPU_14 0.116812
cores_sketch_CPU_14 1
cores_dpdk_CPU_14 6
ns_sketch_CPU_14 1.47796
pdt_nsk_c_CPU_14 1.47796
ns_dpdk_CPU_14 10.7143
pdt_nsc_dpdk_CPU_14 64.2857
ns_CPU_14 10.7143
--------------------------------------------------

VARIABLES ------------------------------
Objective: 10.714285714285715
mem_tot_CPU_15 0.660824
m_access_time_CPU_15 0.300367
ns_single_CPU_15 1.47796
pdt_m_rows_CPU_15 0.116812
cores_sketch_CPU_15 1
cores_dpdk_CPU_15 6
ns_sketch_CPU_15 1.47796
pdt_nsk_c_CPU_15 1.47796
ns_dpdk_CPU_15 10.7143
pdt_nsc_dpdk_CPU_15 64.2857
ns_CPU_15 10.7143
--------------------------------------------------

VARIABLES ------------------------------
Objective: 10.714285714285715
mem_tot_CPU_16 0.660824
m_access_time_CPU_16 0.300367
ns_single_CPU_16 1.47796
pdt_m_rows_CPU_16 0.116812
cores_sketch_CPU_16 1
cores_dpdk_CPU_16 6
ns_sketch_CPU_16 1.47796
pdt_nsk_c_CPU_16 1.47796
ns_dpdk_CPU_16 10.7143
pdt_nsc_dpdk_CPU_16 64.2857
ns_CPU_16 10.7143
--------------------------------------------------

VARIABLES ------------------------------
Objective: 10.714285714285715
mem_tot_CPU_17 0.660824
m_access_time_CPU_17 0.300367
ns_single_CPU_17 1.47796
pdt_m_rows_CPU_17 0.116812
cores_sketch_CPU_17 1
cores_dpdk_CPU_17 6
ns_sketch_CPU_17 1.47796
pdt_nsk_c_CPU_17 1.47796
ns_dpdk_CPU_17 10.7143
pdt_nsc_dpdk_CPU_17 64.2857
ns_CPU_17 10.7143
--------------------------------------------------

VARIABLES ------------------------------
Objective: 10.714285714285715
mem_tot_CPU_18 4.24894
m_access_time_CPU_18 0.536891
ns_single_CPU_18 10.0943
pdt_m_rows_CPU_18 1.34251
cores_sketch_CPU_18 1
cores_dpdk_CPU_18 6
ns_sketch_CPU_18 10.0943
pdt_nsk_c_CPU_18 10.0943
ns_dpdk_CPU_18 10.7143
pdt_nsc_dpdk_CPU_18 64.2857
ns_CPU_18 10.7143
--------------------------------------------------

VARIABLES ------------------------------
Objective: 10.714285714285715
mem_tot_CPU_19 4.24805
m_access_time_CPU_19 0.536892
ns_single_CPU_19 10.0922
pdt_m_rows_CPU_19 1.34223
cores_sketch_CPU_19 1
cores_dpdk_CPU_19 6
ns_sketch_CPU_19 10.0922
pdt_nsk_c_CPU_19 10.0922
ns_dpdk_CPU_19 10.7143
pdt_nsc_dpdk_CPU_19 64.2857
ns_CPU_19 10.7143
--------------------------------------------------

Throughput: 93.33333333333333 Mpps, ns per packet: 10.714285714285715
Resources: 1413.7015080519955
Used Cores: 139.99999999999997, Total CPUS: 20, Switch Memory: 81.56130963591406

Sketch (0) (cm: eps0: 0.00625, del0: 0.05, min_mem: 1.69921875)
Par0 id: 0, Rows: 3
(0.000,0)    (0.130,1)    (0.870,20)    
Total frac: 1.000

Sketch (1) (cm: eps0: 0.00625, del0: 0.05, min_mem: 1.69921875)
Par0 id: 1, Rows: 3
(0.000,1)    (0.000,2)    (1.000,20)    
Total frac: 1.000

Sketch (2) (cm: eps0: 0.00625, del0: 0.05, min_mem: 1.69921875)
Par0 id: 2, Rows: 3
(0.130,2)    (0.130,3)    (0.741,20)    
Total frac: 1.000

Sketch (3) (cm: eps0: 0.00625, del0: 0.05, min_mem: 1.69921875)
Par0 id: 3, Rows: 3
(0.000,3)    (0.000,4)    (1.000,20)    
Total frac: 1.000

Sketch (4) (cm: eps0: 0.00625, del0: 0.05, min_mem: 1.69921875)
Par0 id: 4, Rows: 3
(0.130,4)    (0.000,5)    (0.870,20)    
Total frac: 1.000

Sketch (5) (cm: eps0: 0.00625, del0: 0.05, min_mem: 1.69921875)
Par0 id: 5, Rows: 3
(0.130,5)    (0.130,6)    (0.741,20)    
Total frac: 1.000

Sketch (6) (cm: eps0: 0.00625, del0: 0.05, min_mem: 1.69921875)
Par0 id: 6, Rows: 3
(0.000,6)    (0.000,7)    (1.000,20)    
Total frac: 1.000

Sketch (7) (cm: eps0: 0.00625, del0: 0.05, min_mem: 1.69921875)
Par0 id: 7, Rows: 3
(0.130,7)    (0.130,8)    (0.741,20)    
Total frac: 1.000

Sketch (8) (cm: eps0: 0.00625, del0: 0.05, min_mem: 1.69921875)
Par0 id: 8, Rows: 3
(0.000,8)    (0.000,9)    (1.000,20)    
Total frac: 1.000

Sketch (9) (cm: eps0: 0.00625, del0: 0.05, min_mem: 1.69921875)
Par0 id: 9, Rows: 3
(0.130,9)    (0.130,10)    (0.741,20)    
Total frac: 1.000

Sketch (10) (cm: eps0: 0.00625, del0: 0.05, min_mem: 1.69921875)
Par0 id: 10, Rows: 3
(0.000,10)    (0.000,11)    (1.000,20)    
Total frac: 1.000

Sketch (11) (cm: eps0: 0.00625, del0: 0.05, min_mem: 1.69921875)
Par0 id: 11, Rows: 3
(0.130,11)    (0.130,12)    (0.741,20)    
Total frac: 1.000

Sketch (12) (cm: eps0: 0.00625, del0: 0.05, min_mem: 1.69921875)
Par0 id: 12, Rows: 3
(0.000,12)    (0.130,13)    (0.870,20)    
Total frac: 1.000

Sketch (13) (cm: eps0: 0.00625, del0: 0.05, min_mem: 1.69921875)
Par0 id: 13, Rows: 3
(0.000,13)    (0.000,14)    (1.000,20)    
Total frac: 1.000

Sketch (14) (cm: eps0: 0.00625, del0: 0.05, min_mem: 1.69921875)
Par0 id: 14, Rows: 3
(0.130,14)    (0.000,15)    (0.870,20)    
Total frac: 1.000

Sketch (15) (cm: eps0: 0.00625, del0: 0.05, min_mem: 1.69921875)
Par0 id: 15, Rows: 3
(0.130,15)    (0.130,16)    (0.741,20)    
Total frac: 1.000

Sketch (16) (cm: eps0: 0.00625, del0: 0.05, min_mem: 1.69921875)
Par0 id: 16, Rows: 3
(0.000,16)    (0.130,17)    (0.870,20)    
Total frac: 1.000

Sketch (17) (cm: eps0: 0.00625, del0: 0.05, min_mem: 1.69921875)
Par0 id: 17, Rows: 3
(0.000,17)    (0.444,20)    (0.556,18)    
Total frac: 1.000

Sketch (18) (cm: eps0: 0.00625, del0: 0.05, min_mem: 1.69921875)
Par0 id: 18, Rows: 3
(0.444,20)    (0.278,19)    (0.278,18)    
Total frac: 1.000

Sketch (19) (cm: eps0: 0.00625, del0: 0.05, min_mem: 1.69921875)
Par0 id: 19, Rows: 3
(0.130,0)    (0.315,20)    (0.556,19)    
Total frac: 1.000

Device (0) CPU_0:
cores_sketch: 1.0, cores_dpdk: 5.999999999999998
Rows total: 0.38889869645031866
Mem total: 0.6608239568589399
Throughput: 93.33333333333333

Device (1) CPU_1:
cores_sketch: 1.0, cores_dpdk: 5.999999999999998
Rows total: 0.38889869645031866
Mem total: 0.6608239568589399
Throughput: 93.33333333333333

Device (2) CPU_2:
cores_sketch: 1.0, cores_dpdk: 5.999999999999998
Rows total: 0.38889869645031866
Mem total: 0.6608239568589399
Throughput: 93.33333333333333

Device (3) CPU_3:
cores_sketch: 1.0, cores_dpdk: 5.999999999999998
Rows total: 0.38889869645031866
Mem total: 0.6608239568589399
Throughput: 93.33333333333333

Device (4) CPU_4:
cores_sketch: 1.0, cores_dpdk: 5.999999999999998
Rows total: 0.38889869645031866
Mem total: 0.6608239568589399
Throughput: 93.33333333333333

Device (5) CPU_5:
cores_sketch: 1.0, cores_dpdk: 5.999999999999998
Rows total: 0.38889869645031866
Mem total: 0.6608239568589399
Throughput: 93.33333333333333

Device (6) CPU_6:
cores_sketch: 1.0, cores_dpdk: 5.999999999999998
Rows total: 0.38889869645031866
Mem total: 0.6608239568589399
Throughput: 93.33333333333333

Device (7) CPU_7:
cores_sketch: 1.0, cores_dpdk: 5.999999999999998
Rows total: 0.38889869645031866
Mem total: 0.6608239568589399
Throughput: 93.33333333333333

Device (8) CPU_8:
cores_sketch: 1.0, cores_dpdk: 5.999999999999998
Rows total: 0.38889869645031866
Mem total: 0.6608239568589399
Throughput: 93.33333333333333

Device (9) CPU_9:
cores_sketch: 1.0, cores_dpdk: 5.999999999999998
Rows total: 0.38889869645031866
Mem total: 0.6608239568589399
Throughput: 93.33333333333333

Device (10) CPU_10:
cores_sketch: 1.0, cores_dpdk: 5.999999999999998
Rows total: 0.38889869645031866
Mem total: 0.6608239568589399
Throughput: 93.33333333333333

Device (11) CPU_11:
cores_sketch: 1.0, cores_dpdk: 5.999999999999998
Rows total: 0.38889869645031866
Mem total: 0.6608239568589399
Throughput: 93.33333333333333

Device (12) CPU_12:
cores_sketch: 1.0, cores_dpdk: 5.999999999999998
Rows total: 0.38889869645031866
Mem total: 0.6608239568589399
Throughput: 93.33333333333333

Device (13) CPU_13:
cores_sketch: 1.0, cores_dpdk: 5.999999999999998
Rows total: 0.38889869645031866
Mem total: 0.6608239568589399
Throughput: 93.33333333333333

Device (14) CPU_14:
cores_sketch: 1.0, cores_dpdk: 5.999999999999998
Rows total: 0.38889869645031866
Mem total: 0.6608239568589399
Throughput: 93.33333333333333

Device (15) CPU_15:
cores_sketch: 1.0, cores_dpdk: 5.999999999999998
Rows total: 0.38889869645031866
Mem total: 0.6608239568589399
Throughput: 93.33333333333333

Device (16) CPU_16:
cores_sketch: 1.0, cores_dpdk: 5.999999999999998
Rows total: 0.38889869645031866
Mem total: 0.6608239568589399
Throughput: 93.33333333333333

Device (17) CPU_17:
cores_sketch: 1.0, cores_dpdk: 5.999999999999998
Rows total: 0.38889869645031866
Mem total: 0.6608239568589399
Throughput: 93.33333333333333

Device (18) CPU_18:
cores_sketch: 1.0, cores_dpdk: 5.999999999999998
Rows total: 2.500524026200004
Mem total: 4.248937310144538
Throughput: 93.33333333333333

Device (19) CPU_19:
cores_sketch: 1.0, cores_dpdk: 5.999999999999998
Rows total: 2.499999973800004
Mem total: 4.248046830480476
Throughput: 93.33333333333333

Device (20) P4_1:
Rows total: 47.99929946389425
Mem total: 81.56130963591406
Throughput: 148.0

Flow 0:
partitions: [(0, 1)]
path: (0, 20, 1)
Flow 1:
partitions: [(1, 1)]
path: (1, 20, 2)
Flow 2:
partitions: [(2, 1)]
path: (2, 20, 3)
Flow 3:
partitions: [(3, 1)]
path: (3, 20, 4)
Flow 4:
partitions: [(4, 1)]
path: (4, 20, 5)
Flow 5:
partitions: [(5, 1)]
path: (5, 20, 6)
Flow 6:
partitions: [(6, 1)]
path: (6, 20, 7)
Flow 7:
partitions: [(7, 1)]
path: (7, 20, 8)
Flow 8:
partitions: [(8, 1)]
path: (8, 20, 9)
Flow 9:
partitions: [(9, 1)]
path: (9, 20, 10)
Flow 10:
partitions: [(10, 1)]
path: (10, 20, 11)
Flow 11:
partitions: [(11, 1)]
path: (11, 20, 12)
Flow 12:
partitions: [(12, 1)]
path: (12, 20, 13)
Flow 13:
partitions: [(13, 1)]
path: (13, 20, 14)
Flow 14:
partitions: [(14, 1)]
path: (14, 20, 15)
Flow 15:
partitions: [(15, 1)]
path: (15, 20, 16)
Flow 16:
partitions: [(16, 1)]
path: (16, 20, 17)
Flow 17:
partitions: [(17, 1)]
path: (17, 20, 18)
Flow 18:
partitions: [(18, 1)]
path: (18, 20, 19)
Flow 19:
partitions: [(19, 1)]
path: (19, 20, 0)
--------------------------------------------------
Function: solve took 0.21749091148376465 seconds
