Function: get_partitions took 3.147125244140625e-05 seconds
Function: map_flows_partitions took 9.059906005859375e-06 seconds
Function: map_flows_to_cluster took 3.7670135498046875e-05 seconds
Building model with:
4 devices, 20 partitions and 20 flows
Function: MIP.add_frac_mem_var took 0.0002117156982421875 seconds
Function: MIP.add_coverage_constraints took 0.00018930435180664062 seconds
Function: MIP.add_accuracy_constraints took 0.00042128562927246094 seconds
Function: MIP.add_capacity_constraints took 0.0005373954772949219 seconds
--------------------------------------------------
Starting model update
Model update took: 5.7697296142578125e-05 s
--------------------------------------------------
Starting model optimize
Model optimize took: 0.0028769969940185547 seconds
--------------------------------------------------

VARIABLES ------------------------------
Objective: 59.99999999999999
frac[0,14] 0.199895
frac[0,7] 0.333246
frac[0,16] 0.199895
frac[1,6] 0.666754
frac[0,10] 0.333246
frac[2,12] 0.800105
frac[0,3] 1
frac[1,11] 1
frac[3,17] 0
frac[0,15] 0.199895
frac[0,17] 0
frac[1,5] 0.666754
frac[0,11] 0
frac[2,13] 0.800105
frac[0,4] 1
frac[1,10] 0.666754
frac[2,15] 0.800105
frac[2,16] 0.800105
frac[0,0] 1
frac[0,18] 0.166579
frac[0,12] 0.199895
frac[0,5] 0.333246
frac[1,9] 0.666754
frac[3,19] 0.833421
frac[0,8] 0.333246
frac[2,14] 0.800105
frac[2,17] 1
frac[0,1] 1
frac[0,19] 0.166579
frac[2,11] 0
frac[0,13] 0.199895
frac[0,6] 0.333246
frac[1,8] 0.666754
frac[3,18] 0.833421
frac[1,7] 0.666754
frac[0,9] 0.333246
frac[0,2] 1
mem[0,14] 1.019
mem[0,7] 1.69877
mem[0,16] 1.019
mem[1,6] 3.39888
mem[0,10] 1.69877
mem[2,12] 4.07866
mem[0,3] 5.09766
mem[1,11] 5.09766
mem[3,17] 0
mem[0,15] 1.019
mem[0,17] 0
mem[1,5] 3.39888
mem[0,11] 0
mem[2,13] 4.07866
mem[0,4] 5.09766
mem[1,10] 3.39888
mem[2,15] 4.07866
mem[2,16] 4.07866
mem[0,0] 5.09766
mem[0,18] 0.849164
mem[0,12] 1.019
mem[0,5] 1.69877
mem[1,9] 3.39888
mem[3,19] 4.24849
mem[0,8] 1.69877
mem[2,14] 4.07866
mem[2,17] 5.09766
mem[0,1] 5.09766
mem[0,19] 0.849164
mem[2,11] 0
mem[0,13] 1.019
mem[0,6] 1.69877
mem[1,8] 3.39888
mem[3,18] 4.24849
mem[1,7] 3.39888
mem[0,9] 1.69877
mem[0,2] 5.09766
mem_tot_{CPU_0,CPU_1,CPU_2,CPU_3,CPU_4,CPU_5,P4_1} 42.4742
normalized_mem_tot_{CPU_0,CPU_1,CPU_2,CPU_3,CPU_4,CPU_5,P4_1} 0.000215404
rows_tot_{CPU_0,CPU_1,CPU_2,CPU_3,CPU_4,CPU_5,P4_1} 24.9963
normalized_rows_tot_{CPU_0,CPU_1,CPU_2,CPU_3,CPU_4,CPU_5,P4_1} 0.208303
mem_tot_{CPU_6,CPU_7,CPU_8,CPU_9,CPU_10,CPU_11} 25.491
normalized_mem_tot_{CPU_6,CPU_7,CPU_8,CPU_9,CPU_10,CPU_11} 0.000129654
rows_tot_{CPU_6,CPU_7,CPU_8,CPU_9,CPU_10,CPU_11} 15.0016
normalized_rows_tot_{CPU_6,CPU_7,CPU_8,CPU_9,CPU_10,CPU_11} 0.208355
mem_tot_{CPU_12,CPU_13,CPU_14,CPU_15,CPU_16,CPU_17} 25.491
normalized_mem_tot_{CPU_12,CPU_13,CPU_14,CPU_15,CPU_16,CPU_17} 0.000129654
rows_tot_{CPU_12,CPU_13,CPU_14,CPU_15,CPU_16,CPU_17} 15.0016
normalized_rows_tot_{CPU_12,CPU_13,CPU_14,CPU_15,CPU_16,CPU_17} 0.208355
mem_tot_{CPU_19,CPU_18} 8.49698
normalized_mem_tot_{CPU_19,CPU_18} 0.000129654
rows_tot_{CPU_19,CPU_18} 5.00052
normalized_rows_tot_{CPU_19,CPU_18} 0.208355
max_mem_CPU_Cluster 0.000215404
max_rows_CPU_Cluster 0.208355
--------------------------------------------------

Sketch (0) (cm: eps0: 0.00625, del0: 0.05, min_mem: 1.69921875)
Par0 id: 0, Rows: 3
(1.000,0)    
Total frac: 1.000

Sketch (1) (cm: eps0: 0.00625, del0: 0.05, min_mem: 1.69921875)
Par0 id: 1, Rows: 3
(1.000,0)    
Total frac: 1.000

Sketch (2) (cm: eps0: 0.00625, del0: 0.05, min_mem: 1.69921875)
Par0 id: 2, Rows: 3
(1.000,0)    
Total frac: 1.000

Sketch (3) (cm: eps0: 0.00625, del0: 0.05, min_mem: 1.69921875)
Par0 id: 3, Rows: 3
(1.000,0)    
Total frac: 1.000

Sketch (4) (cm: eps0: 0.00625, del0: 0.05, min_mem: 1.69921875)
Par0 id: 4, Rows: 3
(1.000,0)    
Total frac: 1.000

Sketch (5) (cm: eps0: 0.00625, del0: 0.05, min_mem: 1.69921875)
Par0 id: 5, Rows: 3
(0.667,1)    (0.333,0)    
Total frac: 1.000

Sketch (6) (cm: eps0: 0.00625, del0: 0.05, min_mem: 1.69921875)
Par0 id: 6, Rows: 3
(0.667,1)    (0.333,0)    
Total frac: 1.000

Sketch (7) (cm: eps0: 0.00625, del0: 0.05, min_mem: 1.69921875)
Par0 id: 7, Rows: 3
(0.333,0)    (0.667,1)    
Total frac: 1.000

Sketch (8) (cm: eps0: 0.00625, del0: 0.05, min_mem: 1.69921875)
Par0 id: 8, Rows: 3
(0.333,0)    (0.667,1)    
Total frac: 1.000

Sketch (9) (cm: eps0: 0.00625, del0: 0.05, min_mem: 1.69921875)
Par0 id: 9, Rows: 3
(0.667,1)    (0.333,0)    
Total frac: 1.000

Sketch (10) (cm: eps0: 0.00625, del0: 0.05, min_mem: 1.69921875)
Par0 id: 10, Rows: 3
(0.333,0)    (0.667,1)    
Total frac: 1.000

Sketch (11) (cm: eps0: 0.00625, del0: 0.05, min_mem: 1.69921875)
Par0 id: 11, Rows: 3
(1.000,1)    (0.000,0)    (0.000,2)    
Total frac: 1.000

Sketch (12) (cm: eps0: 0.00625, del0: 0.05, min_mem: 1.69921875)
Par0 id: 12, Rows: 3
(0.800,2)    (0.200,0)    
Total frac: 1.000

Sketch (13) (cm: eps0: 0.00625, del0: 0.05, min_mem: 1.69921875)
Par0 id: 13, Rows: 3
(0.800,2)    (0.200,0)    
Total frac: 1.000

Sketch (14) (cm: eps0: 0.00625, del0: 0.05, min_mem: 1.69921875)
Par0 id: 14, Rows: 3
(0.200,0)    (0.800,2)    
Total frac: 1.000

Sketch (15) (cm: eps0: 0.00625, del0: 0.05, min_mem: 1.69921875)
Par0 id: 15, Rows: 3
(0.200,0)    (0.800,2)    
Total frac: 1.000

Sketch (16) (cm: eps0: 0.00625, del0: 0.05, min_mem: 1.69921875)
Par0 id: 16, Rows: 3
(0.200,0)    (0.800,2)    
Total frac: 1.000

Sketch (17) (cm: eps0: 0.00625, del0: 0.05, min_mem: 1.69921875)
Par0 id: 17, Rows: 3
(0.000,3)    (0.000,0)    (1.000,2)    
Total frac: 1.000

Sketch (18) (cm: eps0: 0.00625, del0: 0.05, min_mem: 1.69921875)
Par0 id: 18, Rows: 3
(0.167,0)    (0.833,3)    
Total frac: 1.000

Sketch (19) (cm: eps0: 0.00625, del0: 0.05, min_mem: 1.69921875)
Par0 id: 19, Rows: 3
(0.833,3)    (0.167,0)    
Total frac: 1.000

Device (0) {CPU_0,CPU_1,CPU_2,CPU_3,CPU_4,CPU_5,P4_1}:
Rows total: 24.996331999999992
Mem total: 42.47423601562499

Device (1) {CPU_6,CPU_7,CPU_8,CPU_9,CPU_10,CPU_11}:
Rows total: 15.001572000000003
Mem total: 25.490952421875004

Device (2) {CPU_12,CPU_13,CPU_14,CPU_15,CPU_16,CPU_17}:
Rows total: 15.001572000000003
Mem total: 25.490952421875004

Device (3) {CPU_19,CPU_18}:
Rows total: 5.000524000000001
Mem total: 8.496984140625003

Flow 0:
partitions: [(0, 1)]
path: {0}
Flow 1:
partitions: [(1, 1)]
path: {0}
Flow 2:
partitions: [(2, 1)]
path: {0}
Flow 3:
partitions: [(3, 1)]
path: {0}
Flow 4:
partitions: [(4, 1)]
path: {0}
Flow 5:
partitions: [(5, 1)]
path: {0, 1}
Flow 6:
partitions: [(6, 1)]
path: {0, 1}
Flow 7:
partitions: [(7, 1)]
path: {0, 1}
Flow 8:
partitions: [(8, 1)]
path: {0, 1}
Flow 9:
partitions: [(9, 1)]
path: {0, 1}
Flow 10:
partitions: [(10, 1)]
path: {0, 1}
Flow 11:
partitions: [(11, 1)]
path: {0, 1, 2}
Flow 12:
partitions: [(12, 1)]
path: {0, 2}
Flow 13:
partitions: [(13, 1)]
path: {0, 2}
Flow 14:
partitions: [(14, 1)]
path: {0, 2}
Flow 15:
partitions: [(15, 1)]
path: {0, 2}
Flow 16:
partitions: [(16, 1)]
path: {0, 2}
Flow 17:
partitions: [(17, 1)]
path: {0, 2, 3}
Flow 18:
partitions: [(18, 1)]
path: {0, 3}
Flow 19:
partitions: [(19, 1)]
path: {0, 3}
--------------------------------------------------

VARIABLES ------------------------------
Objective: 6.756756756756757
mem_tot_{CPU_0,CPU_1,CPU_2,CPU_3,CPU_4,CPU_5,P4_1} 42.4742
ns_{CPU_0,CPU_1,CPU_2,CPU_3,CPU_4,CPU_5,P4_1} 6.75676
--------------------------------------------------

VARIABLES ------------------------------
Objective: 10.204081632653061
mem_tot_{CPU_6,CPU_7,CPU_8,CPU_9,CPU_10,CPU_11} 25.491
ns_{CPU_6,CPU_7,CPU_8,CPU_9,CPU_10,CPU_11} 10.2041
--------------------------------------------------

VARIABLES ------------------------------
Objective: 10.204081632653061
mem_tot_{CPU_12,CPU_13,CPU_14,CPU_15,CPU_16,CPU_17} 25.491
ns_{CPU_12,CPU_13,CPU_14,CPU_15,CPU_16,CPU_17} 10.2041
--------------------------------------------------

VARIABLES ------------------------------
Objective: 10.204081632653061
mem_tot_{CPU_19,CPU_18} 8.49698
ns_{CPU_19,CPU_18} 10.2041
--------------------------------------------------

Throughput: 98.0 Mpps, ns per packet: 10.204081632653061
Resources: 101.953125
Used Cores: 0, Total CPUS: 0, Switch Memory: 0

Sketch (0) (cm: eps0: 0.00625, del0: 0.05, min_mem: 1.69921875)
Par0 id: 0, Rows: 3
(1.000,0)    
Total frac: 1.000

Sketch (1) (cm: eps0: 0.00625, del0: 0.05, min_mem: 1.69921875)
Par0 id: 1, Rows: 3
(1.000,0)    
Total frac: 1.000

Sketch (2) (cm: eps0: 0.00625, del0: 0.05, min_mem: 1.69921875)
Par0 id: 2, Rows: 3
(1.000,0)    
Total frac: 1.000

Sketch (3) (cm: eps0: 0.00625, del0: 0.05, min_mem: 1.69921875)
Par0 id: 3, Rows: 3
(1.000,0)    
Total frac: 1.000

Sketch (4) (cm: eps0: 0.00625, del0: 0.05, min_mem: 1.69921875)
Par0 id: 4, Rows: 3
(1.000,0)    
Total frac: 1.000

Sketch (5) (cm: eps0: 0.00625, del0: 0.05, min_mem: 1.69921875)
Par0 id: 5, Rows: 3
(0.667,1)    (0.333,0)    
Total frac: 1.000

Sketch (6) (cm: eps0: 0.00625, del0: 0.05, min_mem: 1.69921875)
Par0 id: 6, Rows: 3
(0.667,1)    (0.333,0)    
Total frac: 1.000

Sketch (7) (cm: eps0: 0.00625, del0: 0.05, min_mem: 1.69921875)
Par0 id: 7, Rows: 3
(0.333,0)    (0.667,1)    
Total frac: 1.000

Sketch (8) (cm: eps0: 0.00625, del0: 0.05, min_mem: 1.69921875)
Par0 id: 8, Rows: 3
(0.333,0)    (0.667,1)    
Total frac: 1.000

Sketch (9) (cm: eps0: 0.00625, del0: 0.05, min_mem: 1.69921875)
Par0 id: 9, Rows: 3
(0.667,1)    (0.333,0)    
Total frac: 1.000

Sketch (10) (cm: eps0: 0.00625, del0: 0.05, min_mem: 1.69921875)
Par0 id: 10, Rows: 3
(0.333,0)    (0.667,1)    
Total frac: 1.000

Sketch (11) (cm: eps0: 0.00625, del0: 0.05, min_mem: 1.69921875)
Par0 id: 11, Rows: 3
(1.000,1)    (0.000,0)    (0.000,2)    
Total frac: 1.000

Sketch (12) (cm: eps0: 0.00625, del0: 0.05, min_mem: 1.69921875)
Par0 id: 12, Rows: 3
(0.800,2)    (0.200,0)    
Total frac: 1.000

Sketch (13) (cm: eps0: 0.00625, del0: 0.05, min_mem: 1.69921875)
Par0 id: 13, Rows: 3
(0.800,2)    (0.200,0)    
Total frac: 1.000

Sketch (14) (cm: eps0: 0.00625, del0: 0.05, min_mem: 1.69921875)
Par0 id: 14, Rows: 3
(0.200,0)    (0.800,2)    
Total frac: 1.000

Sketch (15) (cm: eps0: 0.00625, del0: 0.05, min_mem: 1.69921875)
Par0 id: 15, Rows: 3
(0.200,0)    (0.800,2)    
Total frac: 1.000

Sketch (16) (cm: eps0: 0.00625, del0: 0.05, min_mem: 1.69921875)
Par0 id: 16, Rows: 3
(0.200,0)    (0.800,2)    
Total frac: 1.000

Sketch (17) (cm: eps0: 0.00625, del0: 0.05, min_mem: 1.69921875)
Par0 id: 17, Rows: 3
(0.000,3)    (0.000,0)    (1.000,2)    
Total frac: 1.000

Sketch (18) (cm: eps0: 0.00625, del0: 0.05, min_mem: 1.69921875)
Par0 id: 18, Rows: 3
(0.167,0)    (0.833,3)    
Total frac: 1.000

Sketch (19) (cm: eps0: 0.00625, del0: 0.05, min_mem: 1.69921875)
Par0 id: 19, Rows: 3
(0.833,3)    (0.167,0)    
Total frac: 1.000

Device (0) {CPU_0,CPU_1,CPU_2,CPU_3,CPU_4,CPU_5,P4_1}:
Rows total: 24.996331999999992
Mem total: 42.47423601562499
Throughput: 148.0

Device (1) {CPU_6,CPU_7,CPU_8,CPU_9,CPU_10,CPU_11}:
Rows total: 15.001572000000003
Mem total: 25.490952421875004
Throughput: 98.0

Device (2) {CPU_12,CPU_13,CPU_14,CPU_15,CPU_16,CPU_17}:
Rows total: 15.001572000000003
Mem total: 25.490952421875004
Throughput: 98.0

Device (3) {CPU_19,CPU_18}:
Rows total: 5.000524000000001
Mem total: 8.496984140625003
Throughput: 98.0

Flow 0:
partitions: [(0, 1)]
path: {0}
Flow 1:
partitions: [(1, 1)]
path: {0}
Flow 2:
partitions: [(2, 1)]
path: {0}
Flow 3:
partitions: [(3, 1)]
path: {0}
Flow 4:
partitions: [(4, 1)]
path: {0}
Flow 5:
partitions: [(5, 1)]
path: {0, 1}
Flow 6:
partitions: [(6, 1)]
path: {0, 1}
Flow 7:
partitions: [(7, 1)]
path: {0, 1}
Flow 8:
partitions: [(8, 1)]
path: {0, 1}
Flow 9:
partitions: [(9, 1)]
path: {0, 1}
Flow 10:
partitions: [(10, 1)]
path: {0, 1}
Flow 11:
partitions: [(11, 1)]
path: {0, 1, 2}
Flow 12:
partitions: [(12, 1)]
path: {0, 2}
Flow 13:
partitions: [(13, 1)]
path: {0, 2}
Flow 14:
partitions: [(14, 1)]
path: {0, 2}
Flow 15:
partitions: [(15, 1)]
path: {0, 2}
Flow 16:
partitions: [(16, 1)]
path: {0, 2}
Flow 17:
partitions: [(17, 1)]
path: {0, 2, 3}
Flow 18:
partitions: [(18, 1)]
path: {0, 3}
Flow 19:
partitions: [(19, 1)]
path: {0, 3}
--------------------------------------------------
Function: MIP.solve took 0.01675248146057129 seconds
Function: get_partitions_flows took 0.000125885009765625 seconds
Function: get_partitions_flows took 6.437301635742188e-05 seconds
Function: get_partitions_flows took 8.106231689453125e-05 seconds
Function: get_partitions_flows took 4.00543212890625e-05 seconds
Building model with:
7 devices, 18 partitions and 18 flows
Function: MIP.add_frac_mem_var took 0.00016379356384277344 seconds
Function: MIP.add_coverage_constraints took 0.00015425682067871094 seconds
Function: MIP.add_accuracy_constraints took 0.0003337860107421875 seconds
Function: MIP.add_capacity_constraints took 0.0005834102630615234 seconds
--------------------------------------------------
Starting model update
Model update took: 5.364418029785156e-05 s
--------------------------------------------------
Starting model optimize
Model optimize took: 0.0036182403564453125 seconds
--------------------------------------------------

VARIABLES ------------------------------
Objective: 1.1771291954022988e-06
frac[6,9] 0.199895
frac[6,6] 1
frac[5,6] 0
frac[0,7] 0
frac[6,2] 0.199895
frac[2,12] 0
frac[6,17] 1
frac[3,17] 0
frac[6,14] 0.199895
frac[6,7] 1
frac[4,4] 0
frac[6,10] 0.333246
frac[6,3] 0.333246
frac[6,15] 0.333246
frac[6,4] 1
frac[6,11] 0.333246
frac[6,0] 0.199895
frac[6,12] 1
frac[2,17] 0
frac[6,5] 0.199895
frac[5,10] 1.96188e-07
frac[4,6] 0
frac[1,12] 0
frac[6,8] 0.166579
frac[6,1] 0.333246
frac[0,13] 1.96188e-07
frac[6,13] 0.166579
frac[1,7] 0
frac[3,4] 0
frac[6,16] 0.333246
mem[6,9] 1.019
mem[6,6] 5.09766
mem[5,6] 0
mem[0,7] 0
mem[6,2] 1.019
mem[2,12] 0
mem[6,17] 5.09766
mem[3,17] 0
mem[6,14] 1.019
mem[6,7] 5.09766
mem[4,4] 0
mem[6,10] 1.69877
mem[6,3] 1.69877
mem[6,15] 1.69877
mem[6,4] 5.09766
mem[6,11] 1.69877
mem[6,0] 1.019
mem[6,12] 5.09766
mem[2,17] 0
mem[6,5] 1.019
mem[5,10] 1.0001e-06
mem[4,6] 0
mem[1,12] 0
mem[6,8] 0.849164
mem[6,1] 1.69877
mem[0,13] 1.0001e-06
mem[6,13] 0.849163
mem[1,7] 0
mem[3,4] 0
mem[6,16] 1.69877
mem_tot_CPU_0 1.0001e-06
normalized_mem_tot_CPU_0 3.05206e-11
rows_tot_CPU_0 5.88565e-07
normalized_rows_tot_CPU_0 4.9047e-08
mem_tot_CPU_1 0
normalized_mem_tot_CPU_1 0
rows_tot_CPU_1 0
normalized_rows_tot_CPU_1 0
mem_tot_CPU_2 0
normalized_mem_tot_CPU_2 0
rows_tot_CPU_2 0
normalized_rows_tot_CPU_2 0
mem_tot_CPU_3 0
normalized_mem_tot_CPU_3 0
rows_tot_CPU_3 0
normalized_rows_tot_CPU_3 0
mem_tot_CPU_4 0
normalized_mem_tot_CPU_4 0
rows_tot_CPU_4 0
normalized_rows_tot_CPU_4 0
mem_tot_CPU_5 1.0001e-06
normalized_mem_tot_CPU_5 3.05206e-11
rows_tot_CPU_5 5.88565e-07
normalized_rows_tot_CPU_5 4.9047e-08
mem_tot_P4_1 42.4742
normalized_mem_tot_P4_1 0.07374
rows_tot_P4_1 24.9963
normalized_rows_tot_P4_1 0.520757
max_mem_P4 42.4742
max_mem_CPU_Cluster 0
max_rows_P4 24.9963
max_rows_CPU_Cluster 0
--------------------------------------------------

Sketch (14) (cm: eps0: 0.00625, del0: 0.05, min_mem: 1.69921875)
Par0 id: 14, Rows: 3
(0.200,6)    
Total frac: 0.200

Sketch (7) (cm: eps0: 0.00625, del0: 0.05, min_mem: 1.69921875)
Par0 id: 7, Rows: 3
(0.333,6)    
Total frac: 0.333

Sketch (16) (cm: eps0: 0.00625, del0: 0.05, min_mem: 1.69921875)
Par0 id: 16, Rows: 3
(0.200,6)    
Total frac: 0.200

Sketch (10) (cm: eps0: 0.00625, del0: 0.05, min_mem: 1.69921875)
Par0 id: 10, Rows: 3
(0.333,6)    
Total frac: 0.333

Sketch (3) (cm: eps0: 0.00625, del0: 0.05, min_mem: 1.69921875)
Par0 id: 3, Rows: 3
(0.000,4)    (1.000,6)    (0.000,3)    
Total frac: 1.000

Sketch (15) (cm: eps0: 0.00625, del0: 0.05, min_mem: 1.69921875)
Par0 id: 15, Rows: 3
(0.200,6)    
Total frac: 0.200

Sketch (4) (cm: eps0: 0.00625, del0: 0.05, min_mem: 1.69921875)
Par0 id: 4, Rows: 3
(1.000,6)    (0.000,5)    (0.000,4)    
Total frac: 1.000

Sketch (0) (cm: eps0: 0.00625, del0: 0.05, min_mem: 1.69921875)
Par0 id: 0, Rows: 3
(0.000,0)    (1.000,6)    (0.000,1)    
Total frac: 1.000

Sketch (18) (cm: eps0: 0.00625, del0: 0.05, min_mem: 1.69921875)
Par0 id: 18, Rows: 3
(0.167,6)    
Total frac: 0.167

Sketch (12) (cm: eps0: 0.00625, del0: 0.05, min_mem: 1.69921875)
Par0 id: 12, Rows: 3
(0.200,6)    
Total frac: 0.200

Sketch (5) (cm: eps0: 0.00625, del0: 0.05, min_mem: 1.69921875)
Par0 id: 5, Rows: 3
(0.333,6)    (0.000,5)    
Total frac: 0.333

Sketch (8) (cm: eps0: 0.00625, del0: 0.05, min_mem: 1.69921875)
Par0 id: 8, Rows: 3
(0.333,6)    
Total frac: 0.333

Sketch (1) (cm: eps0: 0.00625, del0: 0.05, min_mem: 1.69921875)
Par0 id: 1, Rows: 3
(0.000,2)    (1.000,6)    (0.000,1)    
Total frac: 1.000

Sketch (19) (cm: eps0: 0.00625, del0: 0.05, min_mem: 1.69921875)
Par0 id: 19, Rows: 3
(0.000,0)    (0.167,6)    
Total frac: 0.167

Sketch (13) (cm: eps0: 0.00625, del0: 0.05, min_mem: 1.69921875)
Par0 id: 13, Rows: 3
(0.200,6)    
Total frac: 0.200

Sketch (6) (cm: eps0: 0.00625, del0: 0.05, min_mem: 1.69921875)
Par0 id: 6, Rows: 3
(0.333,6)    
Total frac: 0.333

Sketch (9) (cm: eps0: 0.00625, del0: 0.05, min_mem: 1.69921875)
Par0 id: 9, Rows: 3
(0.333,6)    
Total frac: 0.333

Sketch (2) (cm: eps0: 0.00625, del0: 0.05, min_mem: 1.69921875)
Par0 id: 2, Rows: 3
(1.000,6)    (0.000,3)    (0.000,2)    
Total frac: 1.000

Device (0) CPU_0:
Rows total: 5.885645977011494e-07
Mem total: 1.0001e-06

Device (1) CPU_1:
Rows total: 0.0
Mem total: 0.0

Device (2) CPU_2:
Rows total: 0.0
Mem total: 0.0

Device (3) CPU_3:
Rows total: 0.0
Mem total: 0.0

Device (4) CPU_4:
Rows total: 0.0
Mem total: 0.0

Device (5) CPU_5:
Rows total: 5.885645977011494e-07
Mem total: 1.0001e-06

Device (6) P4_1:
Rows total: 24.9963278800478
Mem total: 42.47422901492497

Flow 0:
partitions: [(7, 1.0)]
path: {0, 1, 6}
Flow 1:
partitions: [(12, 1.0)]
path: {1, 2, 6}
Flow 2:
partitions: [(17, 1.0)]
path: {2, 3, 6}
Flow 3:
partitions: [(4, 1.0)]
path: {3, 4, 6}
Flow 4:
partitions: [(6, 1.0)]
path: {4, 5, 6}
Flow 5:
partitions: [(10, 0.3332459999999998)]
path: {5, 6}
Flow 6:
partitions: [(15, 0.3332459999999998)]
path: {6}
Flow 7:
partitions: [(1, 0.3332459999999998)]
path: {6}
Flow 8:
partitions: [(11, 0.3332459999999998)]
path: {6}
Flow 9:
partitions: [(16, 0.3332459999999998)]
path: {6}
Flow 10:
partitions: [(3, 0.3332459999999998)]
path: {6}
Flow 11:
partitions: [(9, 0.19989519999999983)]
path: {6}
Flow 12:
partitions: [(14, 0.19989519999999983)]
path: {6}
Flow 13:
partitions: [(0, 0.19989519999999983)]
path: {6}
Flow 14:
partitions: [(5, 0.19989519999999983)]
path: {6}
Flow 15:
partitions: [(2, 0.19989519999999983)]
path: {6}
Flow 16:
partitions: [(8, 0.16657933333333286)]
path: {6}
Flow 17:
partitions: [(13, 0.16657933333333286)]
path: {0, 6}
--------------------------------------------------

VARIABLES ------------------------------
Objective: 10.204081632653063
mem_tot_CPU_0 0
m_access_time_CPU_0 0
ns_single_CPU_0 0
pdt_m_rows_CPU_0 0
cores_sketch_CPU_0 0
cores_dpdk_CPU_0 7
ns_sketch_CPU_0 10.2041
pdt_nsk_c_CPU_0 0
ns_dpdk_CPU_0 10.2041
pdt_nsc_dpdk_CPU_0 71.4286
ns_CPU_0 10.2041
--------------------------------------------------

VARIABLES ------------------------------
Objective: 10.204081632653063
mem_tot_CPU_1 0
m_access_time_CPU_1 0
ns_single_CPU_1 0
pdt_m_rows_CPU_1 0
cores_sketch_CPU_1 0
cores_dpdk_CPU_1 7
ns_sketch_CPU_1 10.2041
pdt_nsk_c_CPU_1 0
ns_dpdk_CPU_1 10.2041
pdt_nsc_dpdk_CPU_1 71.4286
ns_CPU_1 10.2041
--------------------------------------------------

VARIABLES ------------------------------
Objective: 10.204081632653063
mem_tot_CPU_2 0
m_access_time_CPU_2 0
ns_single_CPU_2 0
pdt_m_rows_CPU_2 0
cores_sketch_CPU_2 0
cores_dpdk_CPU_2 7
ns_sketch_CPU_2 10.2041
pdt_nsk_c_CPU_2 0
ns_dpdk_CPU_2 10.2041
pdt_nsc_dpdk_CPU_2 71.4286
ns_CPU_2 10.2041
--------------------------------------------------

VARIABLES ------------------------------
Objective: 10.204081632653063
mem_tot_CPU_3 0
m_access_time_CPU_3 0
ns_single_CPU_3 0
pdt_m_rows_CPU_3 0
cores_sketch_CPU_3 0
cores_dpdk_CPU_3 7
ns_sketch_CPU_3 10.2041
pdt_nsk_c_CPU_3 0
ns_dpdk_CPU_3 10.2041
pdt_nsc_dpdk_CPU_3 71.4286
ns_CPU_3 10.2041
--------------------------------------------------

VARIABLES ------------------------------
Objective: 10.204081632653063
mem_tot_CPU_4 0
m_access_time_CPU_4 0
ns_single_CPU_4 0
pdt_m_rows_CPU_4 0
cores_sketch_CPU_4 0
cores_dpdk_CPU_4 7
ns_sketch_CPU_4 10.2041
pdt_nsk_c_CPU_4 0
ns_dpdk_CPU_4 10.2041
pdt_nsc_dpdk_CPU_4 71.4286
ns_CPU_4 10.2041
--------------------------------------------------

VARIABLES ------------------------------
Objective: 10.204081632653063
mem_tot_CPU_5 0
m_access_time_CPU_5 0
ns_single_CPU_5 0
pdt_m_rows_CPU_5 0
cores_sketch_CPU_5 0
cores_dpdk_CPU_5 7
ns_sketch_CPU_5 10.2041
pdt_nsk_c_CPU_5 0
ns_dpdk_CPU_5 10.2041
pdt_nsc_dpdk_CPU_5 71.4286
ns_CPU_5 10.2041
--------------------------------------------------

VARIABLES ------------------------------
Objective: 6.756756756756757
mem_tot_P4_1 42.4742
ns_P4_1 6.75676
--------------------------------------------------

VARIABLES ------------------------------
Objective: 10.204081632653063
mem_tot_CPU_0 0
m_access_time_CPU_0 0
ns_single_CPU_0 0
pdt_m_rows_CPU_0 0
cores_sketch_CPU_0 0
cores_dpdk_CPU_0 7
ns_sketch_CPU_0 10.2041
pdt_nsk_c_CPU_0 0
ns_dpdk_CPU_0 10.2041
pdt_nsc_dpdk_CPU_0 71.4286
ns_CPU_0 10.2041
--------------------------------------------------

VARIABLES ------------------------------
Objective: 10.204081632653063
mem_tot_CPU_1 0
m_access_time_CPU_1 0
ns_single_CPU_1 0
pdt_m_rows_CPU_1 0
cores_sketch_CPU_1 0
cores_dpdk_CPU_1 7
ns_sketch_CPU_1 10.2041
pdt_nsk_c_CPU_1 0
ns_dpdk_CPU_1 10.2041
pdt_nsc_dpdk_CPU_1 71.4286
ns_CPU_1 10.2041
--------------------------------------------------

VARIABLES ------------------------------
Objective: 10.204081632653063
mem_tot_CPU_2 0
m_access_time_CPU_2 0
ns_single_CPU_2 0
pdt_m_rows_CPU_2 0
cores_sketch_CPU_2 0
cores_dpdk_CPU_2 7
ns_sketch_CPU_2 10.2041
pdt_nsk_c_CPU_2 0
ns_dpdk_CPU_2 10.2041
pdt_nsc_dpdk_CPU_2 71.4286
ns_CPU_2 10.2041
--------------------------------------------------

VARIABLES ------------------------------
Objective: 10.204081632653063
mem_tot_CPU_3 0
m_access_time_CPU_3 0
ns_single_CPU_3 0
pdt_m_rows_CPU_3 0
cores_sketch_CPU_3 0
cores_dpdk_CPU_3 7
ns_sketch_CPU_3 10.2041
pdt_nsk_c_CPU_3 0
ns_dpdk_CPU_3 10.2041
pdt_nsc_dpdk_CPU_3 71.4286
ns_CPU_3 10.2041
--------------------------------------------------

VARIABLES ------------------------------
Objective: 10.204081632653063
mem_tot_CPU_4 0
m_access_time_CPU_4 0
ns_single_CPU_4 0
pdt_m_rows_CPU_4 0
cores_sketch_CPU_4 0
cores_dpdk_CPU_4 7
ns_sketch_CPU_4 10.2041
pdt_nsk_c_CPU_4 0
ns_dpdk_CPU_4 10.2041
pdt_nsc_dpdk_CPU_4 71.4286
ns_CPU_4 10.2041
--------------------------------------------------

VARIABLES ------------------------------
Objective: 10.204081632653063
mem_tot_CPU_5 0
m_access_time_CPU_5 0
ns_single_CPU_5 0
pdt_m_rows_CPU_5 0
cores_sketch_CPU_5 0
cores_dpdk_CPU_5 7
ns_sketch_CPU_5 10.2041
pdt_nsk_c_CPU_5 0
ns_dpdk_CPU_5 10.2041
pdt_nsc_dpdk_CPU_5 71.4286
ns_CPU_5 10.2041
--------------------------------------------------

Throughput: 97.99999999999999 Mpps, ns per packet: 10.204081632653063
Resources: 427.1339617413987
Used Cores: 41.99999999999984, Total CPUS: 6, Switch Memory: 42.47422901492497

Sketch (14) (cm: eps0: 0.00625, del0: 0.05, min_mem: 1.69921875)
Par0 id: 14, Rows: 3
(0.200,6)    
Total frac: 0.200

Sketch (7) (cm: eps0: 0.00625, del0: 0.05, min_mem: 1.69921875)
Par0 id: 7, Rows: 3
(0.333,6)    
Total frac: 0.333

Sketch (16) (cm: eps0: 0.00625, del0: 0.05, min_mem: 1.69921875)
Par0 id: 16, Rows: 3
(0.200,6)    
Total frac: 0.200

Sketch (10) (cm: eps0: 0.00625, del0: 0.05, min_mem: 1.69921875)
Par0 id: 10, Rows: 3
(0.333,6)    
Total frac: 0.333

Sketch (3) (cm: eps0: 0.00625, del0: 0.05, min_mem: 1.69921875)
Par0 id: 3, Rows: 3
(0.000,4)    (1.000,6)    (0.000,3)    
Total frac: 1.000

Sketch (15) (cm: eps0: 0.00625, del0: 0.05, min_mem: 1.69921875)
Par0 id: 15, Rows: 3
(0.200,6)    
Total frac: 0.200

Sketch (4) (cm: eps0: 0.00625, del0: 0.05, min_mem: 1.69921875)
Par0 id: 4, Rows: 3
(1.000,6)    (0.000,5)    (0.000,4)    
Total frac: 1.000

Sketch (0) (cm: eps0: 0.00625, del0: 0.05, min_mem: 1.69921875)
Par0 id: 0, Rows: 3
(0.000,0)    (1.000,6)    (0.000,1)    
Total frac: 1.000

Sketch (18) (cm: eps0: 0.00625, del0: 0.05, min_mem: 1.69921875)
Par0 id: 18, Rows: 3
(0.167,6)    
Total frac: 0.167

Sketch (12) (cm: eps0: 0.00625, del0: 0.05, min_mem: 1.69921875)
Par0 id: 12, Rows: 3
(0.200,6)    
Total frac: 0.200

Sketch (5) (cm: eps0: 0.00625, del0: 0.05, min_mem: 1.69921875)
Par0 id: 5, Rows: 3
(0.333,6)    (0.000,5)    
Total frac: 0.333

Sketch (8) (cm: eps0: 0.00625, del0: 0.05, min_mem: 1.69921875)
Par0 id: 8, Rows: 3
(0.333,6)    
Total frac: 0.333

Sketch (1) (cm: eps0: 0.00625, del0: 0.05, min_mem: 1.69921875)
Par0 id: 1, Rows: 3
(0.000,2)    (1.000,6)    (0.000,1)    
Total frac: 1.000

Sketch (19) (cm: eps0: 0.00625, del0: 0.05, min_mem: 1.69921875)
Par0 id: 19, Rows: 3
(0.000,0)    (0.167,6)    
Total frac: 0.167

Sketch (13) (cm: eps0: 0.00625, del0: 0.05, min_mem: 1.69921875)
Par0 id: 13, Rows: 3
(0.200,6)    
Total frac: 0.200

Sketch (6) (cm: eps0: 0.00625, del0: 0.05, min_mem: 1.69921875)
Par0 id: 6, Rows: 3
(0.333,6)    
Total frac: 0.333

Sketch (9) (cm: eps0: 0.00625, del0: 0.05, min_mem: 1.69921875)
Par0 id: 9, Rows: 3
(0.333,6)    
Total frac: 0.333

Sketch (2) (cm: eps0: 0.00625, del0: 0.05, min_mem: 1.69921875)
Par0 id: 2, Rows: 3
(1.000,6)    (0.000,3)    (0.000,2)    
Total frac: 1.000

Device (0) CPU_0:
cores_sketch: 0.0, cores_dpdk: 6.999999999999973
Rows total: 5.885645977011494e-07
Mem total: 1.0001e-06
Throughput: 97.99999999999999

Device (1) CPU_1:
cores_sketch: 0.0, cores_dpdk: 6.999999999999973
Rows total: 0.0
Mem total: 0.0
Throughput: 97.99999999999999

Device (2) CPU_2:
cores_sketch: 0.0, cores_dpdk: 6.999999999999973
Rows total: 0.0
Mem total: 0.0
Throughput: 97.99999999999999

Device (3) CPU_3:
cores_sketch: 0.0, cores_dpdk: 6.999999999999973
Rows total: 0.0
Mem total: 0.0
Throughput: 97.99999999999999

Device (4) CPU_4:
cores_sketch: 0.0, cores_dpdk: 6.999999999999973
Rows total: 0.0
Mem total: 0.0
Throughput: 97.99999999999999

Device (5) CPU_5:
cores_sketch: 0.0, cores_dpdk: 6.999999999999973
Rows total: 5.885645977011494e-07
Mem total: 1.0001e-06
Throughput: 97.99999999999999

Device (6) P4_1:
Rows total: 24.9963278800478
Mem total: 42.47422901492497
Throughput: 148.0

Flow 0:
partitions: [(7, 1.0)]
path: {0, 1, 6}
Flow 1:
partitions: [(12, 1.0)]
path: {1, 2, 6}
Flow 2:
partitions: [(17, 1.0)]
path: {2, 3, 6}
Flow 3:
partitions: [(4, 1.0)]
path: {3, 4, 6}
Flow 4:
partitions: [(6, 1.0)]
path: {4, 5, 6}
Flow 5:
partitions: [(10, 0.3332459999999998)]
path: {5, 6}
Flow 6:
partitions: [(15, 0.3332459999999998)]
path: {6}
Flow 7:
partitions: [(1, 0.3332459999999998)]
path: {6}
Flow 8:
partitions: [(11, 0.3332459999999998)]
path: {6}
Flow 9:
partitions: [(16, 0.3332459999999998)]
path: {6}
Flow 10:
partitions: [(3, 0.3332459999999998)]
path: {6}
Flow 11:
partitions: [(9, 0.19989519999999983)]
path: {6}
Flow 12:
partitions: [(14, 0.19989519999999983)]
path: {6}
Flow 13:
partitions: [(0, 0.19989519999999983)]
path: {6}
Flow 14:
partitions: [(5, 0.19989519999999983)]
path: {6}
Flow 15:
partitions: [(2, 0.19989519999999983)]
path: {6}
Flow 16:
partitions: [(8, 0.16657933333333286)]
path: {6}
Flow 17:
partitions: [(13, 0.16657933333333286)]
path: {0, 6}
--------------------------------------------------
Function: MIP.solve took 0.029929637908935547 seconds
Building model with:
6 devices, 7 partitions and 7 flows
Function: MIP.add_frac_mem_var took 9.1552734375e-05 seconds
Function: MIP.add_coverage_constraints took 6.914138793945312e-05 seconds
Function: MIP.add_accuracy_constraints took 0.00013947486877441406 seconds
Function: MIP.add_capacity_constraints took 0.0004360675811767578 seconds
--------------------------------------------------
Starting model update
Model update took: 3.647804260253906e-05 s
--------------------------------------------------
Starting model optimize
Model optimize took: 0.0025742053985595703 seconds
--------------------------------------------------

VARIABLES ------------------------------
Objective: 15.001572000000003
frac[0,0] 0.333246
frac[2,6] 0.333246
frac[4,4] 0.333246
frac[2,5] 0.666754
frac[1,6] 0.333508
frac[4,3] 0.666754
frac[5,3] 0
frac[5,1] 1
frac[1,0] 0.333508
frac[3,4] 0.333508
frac[0,2] 0.666754
frac[3,5] 0
mem[0,0] 1.69877
mem[2,6] 1.69877
mem[4,4] 1.69877
mem[2,5] 3.39888
mem[1,6] 1.70011
mem[4,3] 3.39888
mem[5,3] 0
mem[5,1] 5.09766
mem[1,0] 1.70011
mem[3,4] 1.70011
mem[0,2] 3.39888
mem[3,5] 0
mem_tot_CPU_6 5.09766
normalized_mem_tot_CPU_6 0.000155568
rows_tot_CPU_6 3
normalized_rows_tot_CPU_6 0.25
mem_tot_CPU_7 3.40022
normalized_mem_tot_CPU_7 0.000103766
rows_tot_CPU_7 2.00105
normalized_rows_tot_CPU_7 0.166754
mem_tot_CPU_8 5.09766
normalized_mem_tot_CPU_8 0.000155568
rows_tot_CPU_8 3
normalized_rows_tot_CPU_8 0.25
mem_tot_CPU_9 1.70011
normalized_mem_tot_CPU_9 5.18832e-05
rows_tot_CPU_9 1.00052
normalized_rows_tot_CPU_9 0.083377
mem_tot_CPU_10 5.09766
normalized_mem_tot_CPU_10 0.000155568
rows_tot_CPU_10 3
normalized_rows_tot_CPU_10 0.25
mem_tot_CPU_11 5.09766
normalized_mem_tot_CPU_11 0.000155568
rows_tot_CPU_11 3
normalized_rows_tot_CPU_11 0.25
max_mem_CPU_Cluster 0.000155568
max_rows_CPU_Cluster 0.25
--------------------------------------------------

Sketch (6) (cm: eps0: 0.00625, del0: 0.05, min_mem: 1.69921875)
Par0 id: 6, Rows: 3
(0.333,0)    (0.334,1)    
Total frac: 0.667

Sketch (11) (cm: eps0: 0.00625, del0: 0.05, min_mem: 1.69921875)
Par0 id: 11, Rows: 3
(1.000,5)    
Total frac: 1.000

Sketch (5) (cm: eps0: 0.00625, del0: 0.05, min_mem: 1.69921875)
Par0 id: 5, Rows: 3
(0.667,0)    
Total frac: 0.667

Sketch (10) (cm: eps0: 0.00625, del0: 0.05, min_mem: 1.69921875)
Par0 id: 10, Rows: 3
(0.667,4)    (0.000,5)    
Total frac: 0.667

Sketch (9) (cm: eps0: 0.00625, del0: 0.05, min_mem: 1.69921875)
Par0 id: 9, Rows: 3
(0.333,4)    (0.334,3)    
Total frac: 0.667

Sketch (8) (cm: eps0: 0.00625, del0: 0.05, min_mem: 1.69921875)
Par0 id: 8, Rows: 3
(0.667,2)    (0.000,3)    
Total frac: 0.667

Sketch (7) (cm: eps0: 0.00625, del0: 0.05, min_mem: 1.69921875)
Par0 id: 7, Rows: 3
(0.333,2)    (0.334,1)    
Total frac: 0.667

Device (0) CPU_6:
Rows total: 3.0000000000000004
Mem total: 5.097656250000001

Device (1) CPU_7:
Rows total: 2.0010480000000013
Mem total: 3.400218281250002

Device (2) CPU_8:
Rows total: 3.0000000000000004
Mem total: 5.097656250000001

Device (3) CPU_9:
Rows total: 1.0005240000000006
Mem total: 1.700109140625001

Device (4) CPU_10:
Rows total: 3.0000000000000004
Mem total: 5.097656250000001

Device (5) CPU_11:
Rows total: 3.0
Mem total: 5.09765625

Flow 0:
partitions: [(2, 0.6667540000000002)]
path: {0}
Flow 1:
partitions: [(0, 0.6667540000000002)]
path: {0, 1}
Flow 2:
partitions: [(6, 0.6667540000000002)]
path: {1, 2}
Flow 3:
partitions: [(5, 0.6667540000000002)]
path: {2, 3}
Flow 4:
partitions: [(4, 0.6667540000000002)]
path: {3, 4}
Flow 5:
partitions: [(3, 0.6667540000000002)]
path: {4, 5}
Flow 6:
partitions: [(1, 1.0)]
path: {5}
--------------------------------------------------

VARIABLES ------------------------------
Objective: 11.42857142857143
mem_tot_CPU_6 5.09766
m_access_time_CPU_6 0.536096
ns_single_CPU_6 12.1083
pdt_m_rows_CPU_6 1.60829
cores_sketch_CPU_6 2
cores_dpdk_CPU_6 5
ns_sketch_CPU_6 6.05414
pdt_nsk_c_CPU_6 12.1083
ns_dpdk_CPU_6 11.4286
pdt_nsc_dpdk_CPU_6 57.1429
ns_CPU_6 11.4286
--------------------------------------------------

VARIABLES ------------------------------
Objective: 10.714285714285715
mem_tot_CPU_7 3.40022
m_access_time_CPU_7 0.537686
ns_single_CPU_7 8.0796
pdt_m_rows_CPU_7 1.07594
cores_sketch_CPU_7 1
cores_dpdk_CPU_7 6
ns_sketch_CPU_7 8.0796
pdt_nsk_c_CPU_7 8.0796
ns_dpdk_CPU_7 10.7143
pdt_nsc_dpdk_CPU_7 64.2857
ns_CPU_7 10.7143
--------------------------------------------------

VARIABLES ------------------------------
Objective: 11.42857142857143
mem_tot_CPU_8 5.09766
m_access_time_CPU_8 0.536096
ns_single_CPU_8 12.1083
pdt_m_rows_CPU_8 1.60829
cores_sketch_CPU_8 2
cores_dpdk_CPU_8 5
ns_sketch_CPU_8 6.05414
pdt_nsk_c_CPU_8 12.1083
ns_dpdk_CPU_8 11.4286
pdt_nsc_dpdk_CPU_8 57.1429
ns_CPU_8 11.4286
--------------------------------------------------

VARIABLES ------------------------------
Objective: 10.714285714285715
mem_tot_CPU_9 1.70011
m_access_time_CPU_9 0.539279
ns_single_CPU_9 4.0414
pdt_m_rows_CPU_9 0.539561
cores_sketch_CPU_9 1
cores_dpdk_CPU_9 6
ns_sketch_CPU_9 4.0414
pdt_nsk_c_CPU_9 4.0414
ns_dpdk_CPU_9 10.7143
pdt_nsc_dpdk_CPU_9 64.2857
ns_CPU_9 10.7143
--------------------------------------------------

VARIABLES ------------------------------
Objective: 11.42857142857143
mem_tot_CPU_10 5.09766
m_access_time_CPU_10 0.536096
ns_single_CPU_10 12.1083
pdt_m_rows_CPU_10 1.60829
cores_sketch_CPU_10 2
cores_dpdk_CPU_10 5
ns_sketch_CPU_10 6.05414
pdt_nsk_c_CPU_10 12.1083
ns_dpdk_CPU_10 11.4286
pdt_nsc_dpdk_CPU_10 57.1429
ns_CPU_10 11.4286
--------------------------------------------------

VARIABLES ------------------------------
Objective: 11.42857142857143
mem_tot_CPU_11 5.09766
m_access_time_CPU_11 0.536096
ns_single_CPU_11 12.1083
pdt_m_rows_CPU_11 1.60829
cores_sketch_CPU_11 2
cores_dpdk_CPU_11 5
ns_sketch_CPU_11 6.05414
pdt_nsk_c_CPU_11 12.1083
ns_dpdk_CPU_11 11.4286
pdt_nsc_dpdk_CPU_11 57.1429
ns_CPU_11 11.4286
--------------------------------------------------

VARIABLES ------------------------------
Objective: 11.42857142857143
mem_tot_CPU_6 5.09766
m_access_time_CPU_6 0.536096
ns_single_CPU_6 12.1083
pdt_m_rows_CPU_6 1.60829
cores_sketch_CPU_6 2
cores_dpdk_CPU_6 5
ns_sketch_CPU_6 6.05414
pdt_nsk_c_CPU_6 12.1083
ns_dpdk_CPU_6 11.4286
pdt_nsc_dpdk_CPU_6 57.1429
ns_CPU_6 11.4286
--------------------------------------------------

VARIABLES ------------------------------
Objective: 11.42857142857143
mem_tot_CPU_7 3.40022
m_access_time_CPU_7 0.537686
ns_single_CPU_7 8.0796
pdt_m_rows_CPU_7 1.07594
cores_sketch_CPU_7 1
cores_dpdk_CPU_7 5
ns_sketch_CPU_7 8.0796
pdt_nsk_c_CPU_7 8.0796
ns_dpdk_CPU_7 11.4286
pdt_nsc_dpdk_CPU_7 57.1429
ns_CPU_7 11.4286
--------------------------------------------------

VARIABLES ------------------------------
Objective: 11.42857142857143
mem_tot_CPU_8 5.09766
m_access_time_CPU_8 0.536096
ns_single_CPU_8 12.1083
pdt_m_rows_CPU_8 1.60829
cores_sketch_CPU_8 2
cores_dpdk_CPU_8 5
ns_sketch_CPU_8 6.05414
pdt_nsk_c_CPU_8 12.1083
ns_dpdk_CPU_8 11.4286
pdt_nsc_dpdk_CPU_8 57.1429
ns_CPU_8 11.4286
--------------------------------------------------

VARIABLES ------------------------------
Objective: 11.42857142857143
mem_tot_CPU_9 1.70011
m_access_time_CPU_9 0.539279
ns_single_CPU_9 4.0414
pdt_m_rows_CPU_9 0.539561
cores_sketch_CPU_9 1
cores_dpdk_CPU_9 5
ns_sketch_CPU_9 4.0414
pdt_nsk_c_CPU_9 4.0414
ns_dpdk_CPU_9 11.4286
pdt_nsc_dpdk_CPU_9 57.1429
ns_CPU_9 11.4286
--------------------------------------------------

VARIABLES ------------------------------
Objective: 11.42857142857143
mem_tot_CPU_10 5.09766
m_access_time_CPU_10 0.536096
ns_single_CPU_10 12.1083
pdt_m_rows_CPU_10 1.60829
cores_sketch_CPU_10 2
cores_dpdk_CPU_10 5
ns_sketch_CPU_10 6.05414
pdt_nsk_c_CPU_10 12.1083
ns_dpdk_CPU_10 11.4286
pdt_nsc_dpdk_CPU_10 57.1429
ns_CPU_10 11.4286
--------------------------------------------------

VARIABLES ------------------------------
Objective: 11.42857142857143
mem_tot_CPU_11 5.09766
m_access_time_CPU_11 0.536096
ns_single_CPU_11 12.1083
pdt_m_rows_CPU_11 1.60829
cores_sketch_CPU_11 2
cores_dpdk_CPU_11 5
ns_sketch_CPU_11 6.05414
pdt_nsk_c_CPU_11 12.1083
ns_dpdk_CPU_11 11.4286
pdt_nsc_dpdk_CPU_11 57.1429
ns_CPU_11 11.4286
--------------------------------------------------

Throughput: 87.49999999999999 Mpps, ns per packet: 11.42857142857143
Resources: 400.00311168852795
Used Cores: 39.999999999999986, Total CPUS: 6, Switch Memory: 0

Sketch (6) (cm: eps0: 0.00625, del0: 0.05, min_mem: 1.69921875)
Par0 id: 6, Rows: 3
(0.333,0)    (0.334,1)    
Total frac: 0.667

Sketch (11) (cm: eps0: 0.00625, del0: 0.05, min_mem: 1.69921875)
Par0 id: 11, Rows: 3
(1.000,5)    
Total frac: 1.000

Sketch (5) (cm: eps0: 0.00625, del0: 0.05, min_mem: 1.69921875)
Par0 id: 5, Rows: 3
(0.667,0)    
Total frac: 0.667

Sketch (10) (cm: eps0: 0.00625, del0: 0.05, min_mem: 1.69921875)
Par0 id: 10, Rows: 3
(0.667,4)    (0.000,5)    
Total frac: 0.667

Sketch (9) (cm: eps0: 0.00625, del0: 0.05, min_mem: 1.69921875)
Par0 id: 9, Rows: 3
(0.333,4)    (0.334,3)    
Total frac: 0.667

Sketch (8) (cm: eps0: 0.00625, del0: 0.05, min_mem: 1.69921875)
Par0 id: 8, Rows: 3
(0.667,2)    (0.000,3)    
Total frac: 0.667

Sketch (7) (cm: eps0: 0.00625, del0: 0.05, min_mem: 1.69921875)
Par0 id: 7, Rows: 3
(0.333,2)    (0.334,1)    
Total frac: 0.667

Device (0) CPU_6:
cores_sketch: 2.0000000000000004, cores_dpdk: 4.9999999999999964
Rows total: 3.0000000000000004
Mem total: 5.097656250000001
Throughput: 87.49999999999999

Device (1) CPU_7:
cores_sketch: 1.0, cores_dpdk: 5.0
Rows total: 2.0010480000000013
Mem total: 3.400218281250002
Throughput: 87.49999999999999

Device (2) CPU_8:
cores_sketch: 2.0000000000000004, cores_dpdk: 4.9999999999999964
Rows total: 3.0000000000000004
Mem total: 5.097656250000001
Throughput: 87.49999999999999

Device (3) CPU_9:
cores_sketch: 1.0, cores_dpdk: 5.0
Rows total: 1.0005240000000006
Mem total: 1.700109140625001
Throughput: 87.49999999999999

Device (4) CPU_10:
cores_sketch: 2.0000000000000004, cores_dpdk: 4.9999999999999964
Rows total: 3.0000000000000004
Mem total: 5.097656250000001
Throughput: 87.49999999999999

Device (5) CPU_11:
cores_sketch: 2.0, cores_dpdk: 4.9999999999999964
Rows total: 3.0
Mem total: 5.09765625
Throughput: 87.49999999999999

Flow 0:
partitions: [(2, 0.6667540000000002)]
path: {0}
Flow 1:
partitions: [(0, 0.6667540000000002)]
path: {0, 1}
Flow 2:
partitions: [(6, 0.6667540000000002)]
path: {1, 2}
Flow 3:
partitions: [(5, 0.6667540000000002)]
path: {2, 3}
Flow 4:
partitions: [(4, 0.6667540000000002)]
path: {3, 4}
Flow 5:
partitions: [(3, 0.6667540000000002)]
path: {4, 5}
Flow 6:
partitions: [(1, 1.0)]
path: {5}
--------------------------------------------------
Function: MIP.solve took 0.03217768669128418 seconds
Building model with:
6 devices, 6 partitions and 6 flows
Function: MIP.add_frac_mem_var took 9.131431579589844e-05 seconds
Function: MIP.add_coverage_constraints took 6.270408630371094e-05 seconds
Function: MIP.add_accuracy_constraints took 0.00012826919555664062 seconds
Function: MIP.add_capacity_constraints took 0.0004436969757080078 seconds
--------------------------------------------------
Starting model update
Model update took: 3.504753112792969e-05 s
--------------------------------------------------
Starting model optimize
Model optimize took: 0.0038709640502929688 seconds
--------------------------------------------------

VARIABLES ------------------------------
Objective: 15.001572000000001
frac[3,2] 0.800105
frac[0,0] 0.800105
frac[5,5] 1
frac[2,1] 0.199895
frac[4,3] 0.800105
frac[2,4] 0.800105
frac[4,2] 0
frac[1,0] 0
frac[3,4] 0
frac[1,1] 0.60021
frac[5,3] 0
mem[3,2] 4.07866
mem[0,0] 4.07866
mem[5,5] 5.09766
mem[2,1] 1.019
mem[4,3] 4.07866
mem[2,4] 4.07866
mem[4,2] 0
mem[1,0] 0
mem[3,4] 0
mem[1,1] 3.05966
mem[5,3] 0
mem_tot_CPU_12 4.07866
normalized_mem_tot_CPU_12 0.000124471
rows_tot_CPU_12 2.40031
normalized_rows_tot_CPU_12 0.200026
mem_tot_CPU_13 3.05966
normalized_mem_tot_CPU_13 9.33735e-05
rows_tot_CPU_13 1.80063
normalized_rows_tot_CPU_13 0.150052
mem_tot_CPU_14 5.09766
normalized_mem_tot_CPU_14 0.000155568
rows_tot_CPU_14 3
normalized_rows_tot_CPU_14 0.25
mem_tot_CPU_15 4.07866
normalized_mem_tot_CPU_15 0.000124471
rows_tot_CPU_15 2.40031
normalized_rows_tot_CPU_15 0.200026
mem_tot_CPU_16 4.07866
normalized_mem_tot_CPU_16 0.000124471
rows_tot_CPU_16 2.40031
normalized_rows_tot_CPU_16 0.200026
mem_tot_CPU_17 5.09766
normalized_mem_tot_CPU_17 0.000155568
rows_tot_CPU_17 3
normalized_rows_tot_CPU_17 0.25
max_mem_CPU_Cluster 0.000155568
max_rows_CPU_Cluster 0.25
--------------------------------------------------

Sketch (12) (cm: eps0: 0.00625, del0: 0.05, min_mem: 1.69921875)
Par0 id: 12, Rows: 3
(0.800,0)    (0.000,1)    
Total frac: 0.800

Sketch (13) (cm: eps0: 0.00625, del0: 0.05, min_mem: 1.69921875)
Par0 id: 13, Rows: 3
(0.200,2)    (0.600,1)    
Total frac: 0.800

Sketch (15) (cm: eps0: 0.00625, del0: 0.05, min_mem: 1.69921875)
Par0 id: 15, Rows: 3
(0.800,3)    (0.000,4)    
Total frac: 0.800

Sketch (16) (cm: eps0: 0.00625, del0: 0.05, min_mem: 1.69921875)
Par0 id: 16, Rows: 3
(0.800,4)    (0.000,5)    
Total frac: 0.800

Sketch (14) (cm: eps0: 0.00625, del0: 0.05, min_mem: 1.69921875)
Par0 id: 14, Rows: 3
(0.800,2)    (0.000,3)    
Total frac: 0.800

Sketch (17) (cm: eps0: 0.00625, del0: 0.05, min_mem: 1.69921875)
Par0 id: 17, Rows: 3
(1.000,5)    
Total frac: 1.000

Device (0) CPU_12:
Rows total: 2.4003144000000005
Mem total: 4.078659234375001

Device (1) CPU_13:
Rows total: 1.8006288000000004
Mem total: 3.0596622187500007

Device (2) CPU_14:
Rows total: 3.0000000000000004
Mem total: 5.097656250000001

Device (3) CPU_15:
Rows total: 2.4003144
Mem total: 4.078659234375

Device (4) CPU_16:
Rows total: 2.4003144
Mem total: 4.078659234375

Device (5) CPU_17:
Rows total: 3.0
Mem total: 5.09765625

Flow 0:
partitions: [(0, 0.8001048000000002)]
path: {0, 1}
Flow 1:
partitions: [(1, 0.8001048000000002)]
path: {1, 2}
Flow 2:
partitions: [(4, 0.8001048000000002)]
path: {2, 3}
Flow 3:
partitions: [(2, 0.8001048000000002)]
path: {3, 4}
Flow 4:
partitions: [(3, 0.8001048000000002)]
path: {4, 5}
Flow 5:
partitions: [(5, 1.0)]
path: {5}
--------------------------------------------------

VARIABLES ------------------------------
Objective: 10.714285714285715
mem_tot_CPU_12 4.07866
m_access_time_CPU_12 0.53705
ns_single_CPU_12 9.69019
pdt_m_rows_CPU_12 1.28909
cores_sketch_CPU_12 1
cores_dpdk_CPU_12 6
ns_sketch_CPU_12 9.69019
pdt_nsk_c_CPU_12 9.69019
ns_dpdk_CPU_12 10.7143
pdt_nsc_dpdk_CPU_12 64.2857
ns_CPU_12 10.7143
--------------------------------------------------

VARIABLES ------------------------------
Objective: 10.714285714285715
mem_tot_CPU_13 3.05966
m_access_time_CPU_13 0.538005
ns_single_CPU_13 7.27095
pdt_m_rows_CPU_13 0.968747
cores_sketch_CPU_13 1
cores_dpdk_CPU_13 6
ns_sketch_CPU_13 7.27095
pdt_nsk_c_CPU_13 7.27095
ns_dpdk_CPU_13 10.7143
pdt_nsc_dpdk_CPU_13 64.2857
ns_CPU_13 10.7143
--------------------------------------------------

VARIABLES ------------------------------
Objective: 11.42857142857143
mem_tot_CPU_14 5.09766
m_access_time_CPU_14 0.536096
ns_single_CPU_14 12.1083
pdt_m_rows_CPU_14 1.60829
cores_sketch_CPU_14 2
cores_dpdk_CPU_14 5
ns_sketch_CPU_14 6.05414
pdt_nsk_c_CPU_14 12.1083
ns_dpdk_CPU_14 11.4286
pdt_nsc_dpdk_CPU_14 57.1429
ns_CPU_14 11.4286
--------------------------------------------------

VARIABLES ------------------------------
Objective: 10.714285714285715
mem_tot_CPU_15 4.07866
m_access_time_CPU_15 0.53705
ns_single_CPU_15 9.69019
pdt_m_rows_CPU_15 1.28909
cores_sketch_CPU_15 1
cores_dpdk_CPU_15 6
ns_sketch_CPU_15 9.69019
pdt_nsk_c_CPU_15 9.69019
ns_dpdk_CPU_15 10.7143
pdt_nsc_dpdk_CPU_15 64.2857
ns_CPU_15 10.7143
--------------------------------------------------

VARIABLES ------------------------------
Objective: 10.714285714285715
mem_tot_CPU_16 4.07866
m_access_time_CPU_16 0.53705
ns_single_CPU_16 9.69019
pdt_m_rows_CPU_16 1.28909
cores_sketch_CPU_16 1
cores_dpdk_CPU_16 6
ns_sketch_CPU_16 9.69019
pdt_nsk_c_CPU_16 9.69019
ns_dpdk_CPU_16 10.7143
pdt_nsc_dpdk_CPU_16 64.2857
ns_CPU_16 10.7143
--------------------------------------------------

VARIABLES ------------------------------
Objective: 11.42857142857143
mem_tot_CPU_17 5.09766
m_access_time_CPU_17 0.536096
ns_single_CPU_17 12.1083
pdt_m_rows_CPU_17 1.60829
cores_sketch_CPU_17 2
cores_dpdk_CPU_17 5
ns_sketch_CPU_17 6.05414
pdt_nsk_c_CPU_17 12.1083
ns_dpdk_CPU_17 11.4286
pdt_nsc_dpdk_CPU_17 57.1429
ns_CPU_17 11.4286
--------------------------------------------------

VARIABLES ------------------------------
Objective: 11.42857142857143
mem_tot_CPU_12 4.07866
m_access_time_CPU_12 0.53705
ns_single_CPU_12 9.69019
pdt_m_rows_CPU_12 1.28909
cores_sketch_CPU_12 1
cores_dpdk_CPU_12 5
ns_sketch_CPU_12 9.69019
pdt_nsk_c_CPU_12 9.69019
ns_dpdk_CPU_12 11.4286
pdt_nsc_dpdk_CPU_12 57.1429
ns_CPU_12 11.4286
--------------------------------------------------

VARIABLES ------------------------------
Objective: 11.42857142857143
mem_tot_CPU_13 3.05966
m_access_time_CPU_13 0.538005
ns_single_CPU_13 7.27095
pdt_m_rows_CPU_13 0.968747
cores_sketch_CPU_13 1
cores_dpdk_CPU_13 5
ns_sketch_CPU_13 7.27095
pdt_nsk_c_CPU_13 7.27095
ns_dpdk_CPU_13 11.4286
pdt_nsc_dpdk_CPU_13 57.1429
ns_CPU_13 11.4286
--------------------------------------------------

VARIABLES ------------------------------
Objective: 11.42857142857143
mem_tot_CPU_14 5.09766
m_access_time_CPU_14 0.536096
ns_single_CPU_14 12.1083
pdt_m_rows_CPU_14 1.60829
cores_sketch_CPU_14 2
cores_dpdk_CPU_14 5
ns_sketch_CPU_14 6.05414
pdt_nsk_c_CPU_14 12.1083
ns_dpdk_CPU_14 11.4286
pdt_nsc_dpdk_CPU_14 57.1429
ns_CPU_14 11.4286
--------------------------------------------------

VARIABLES ------------------------------
Objective: 11.42857142857143
mem_tot_CPU_15 4.07866
m_access_time_CPU_15 0.53705
ns_single_CPU_15 9.69019
pdt_m_rows_CPU_15 1.28909
cores_sketch_CPU_15 1
cores_dpdk_CPU_15 5
ns_sketch_CPU_15 9.69019
pdt_nsk_c_CPU_15 9.69019
ns_dpdk_CPU_15 11.4286
pdt_nsc_dpdk_CPU_15 57.1429
ns_CPU_15 11.4286
--------------------------------------------------

VARIABLES ------------------------------
Objective: 11.42857142857143
mem_tot_CPU_16 4.07866
m_access_time_CPU_16 0.53705
ns_single_CPU_16 9.69019
pdt_m_rows_CPU_16 1.28909
cores_sketch_CPU_16 1
cores_dpdk_CPU_16 5
ns_sketch_CPU_16 9.69019
pdt_nsk_c_CPU_16 9.69019
ns_dpdk_CPU_16 11.4286
pdt_nsc_dpdk_CPU_16 57.1429
ns_CPU_16 11.4286
--------------------------------------------------

VARIABLES ------------------------------
Objective: 11.42857142857143
mem_tot_CPU_17 5.09766
m_access_time_CPU_17 0.536096
ns_single_CPU_17 12.1083
pdt_m_rows_CPU_17 1.60829
cores_sketch_CPU_17 2
cores_dpdk_CPU_17 5
ns_sketch_CPU_17 6.05414
pdt_nsk_c_CPU_17 12.1083
ns_dpdk_CPU_17 11.4286
pdt_nsc_dpdk_CPU_17 57.1429
ns_CPU_17 11.4286
--------------------------------------------------

Throughput: 87.49999999999999 Mpps, ns per packet: 11.42857142857143
Resources: 380.00311168852795
Used Cores: 37.99999999999999, Total CPUS: 6, Switch Memory: 0

Sketch (12) (cm: eps0: 0.00625, del0: 0.05, min_mem: 1.69921875)
Par0 id: 12, Rows: 3
(0.800,0)    (0.000,1)    
Total frac: 0.800

Sketch (13) (cm: eps0: 0.00625, del0: 0.05, min_mem: 1.69921875)
Par0 id: 13, Rows: 3
(0.200,2)    (0.600,1)    
Total frac: 0.800

Sketch (15) (cm: eps0: 0.00625, del0: 0.05, min_mem: 1.69921875)
Par0 id: 15, Rows: 3
(0.800,3)    (0.000,4)    
Total frac: 0.800

Sketch (16) (cm: eps0: 0.00625, del0: 0.05, min_mem: 1.69921875)
Par0 id: 16, Rows: 3
(0.800,4)    (0.000,5)    
Total frac: 0.800

Sketch (14) (cm: eps0: 0.00625, del0: 0.05, min_mem: 1.69921875)
Par0 id: 14, Rows: 3
(0.800,2)    (0.000,3)    
Total frac: 0.800

Sketch (17) (cm: eps0: 0.00625, del0: 0.05, min_mem: 1.69921875)
Par0 id: 17, Rows: 3
(1.000,5)    
Total frac: 1.000

Device (0) CPU_12:
cores_sketch: 1.0, cores_dpdk: 5.0
Rows total: 2.4003144000000005
Mem total: 4.078659234375001
Throughput: 87.49999999999999

Device (1) CPU_13:
cores_sketch: 1.0, cores_dpdk: 5.0
Rows total: 1.8006288000000004
Mem total: 3.0596622187500007
Throughput: 87.49999999999999

Device (2) CPU_14:
cores_sketch: 2.0000000000000004, cores_dpdk: 4.9999999999999964
Rows total: 3.0000000000000004
Mem total: 5.097656250000001
Throughput: 87.49999999999999

Device (3) CPU_15:
cores_sketch: 1.0, cores_dpdk: 5.0
Rows total: 2.4003144
Mem total: 4.078659234375
Throughput: 87.49999999999999

Device (4) CPU_16:
cores_sketch: 1.0, cores_dpdk: 5.0
Rows total: 2.4003144
Mem total: 4.078659234375
Throughput: 87.49999999999999

Device (5) CPU_17:
cores_sketch: 2.0, cores_dpdk: 4.9999999999999964
Rows total: 3.0
Mem total: 5.09765625
Throughput: 87.49999999999999

Flow 0:
partitions: [(0, 0.8001048000000002)]
path: {0, 1}
Flow 1:
partitions: [(1, 0.8001048000000002)]
path: {1, 2}
Flow 2:
partitions: [(4, 0.8001048000000002)]
path: {2, 3}
Flow 3:
partitions: [(2, 0.8001048000000002)]
path: {3, 4}
Flow 4:
partitions: [(3, 0.8001048000000002)]
path: {4, 5}
Flow 5:
partitions: [(5, 1.0)]
path: {5}
--------------------------------------------------
Function: MIP.solve took 0.03285932540893555 seconds
Building model with:
2 devices, 2 partitions and 2 flows
Function: MIP.add_frac_mem_var took 6.0558319091796875e-05 seconds
Function: MIP.add_coverage_constraints took 3.0279159545898438e-05 seconds
Function: MIP.add_accuracy_constraints took 4.2438507080078125e-05 seconds
Function: MIP.add_capacity_constraints took 0.00016617774963378906 seconds
--------------------------------------------------
Starting model update
Model update took: 2.193450927734375e-05 s
--------------------------------------------------
Starting model optimize
Model optimize took: 0.0016369819641113281 seconds
--------------------------------------------------

VARIABLES ------------------------------
Objective: 5.000524000000002
frac[0,1] 0
frac[0,0] 0.833421
frac[1,1] 0.833421
mem[0,1] 0
mem[0,0] 4.24849
mem[1,1] 4.24849
mem_tot_CPU_19 4.24849
normalized_mem_tot_CPU_19 0.000129654
rows_tot_CPU_19 2.50026
normalized_rows_tot_CPU_19 0.208355
mem_tot_CPU_18 4.24849
normalized_mem_tot_CPU_18 0.000129654
rows_tot_CPU_18 2.50026
normalized_rows_tot_CPU_18 0.208355
max_mem_CPU_Cluster 0.000129654
max_rows_CPU_Cluster 0.208355
--------------------------------------------------

Sketch (19) (cm: eps0: 0.00625, del0: 0.05, min_mem: 1.69921875)
Par0 id: 19, Rows: 3
(0.833,0)    
Total frac: 0.833

Sketch (18) (cm: eps0: 0.00625, del0: 0.05, min_mem: 1.69921875)
Par0 id: 18, Rows: 3
(0.000,0)    (0.833,1)    
Total frac: 0.833

Device (0) CPU_19:
Rows total: 2.500262000000001
Mem total: 4.248492070312502

Device (1) CPU_18:
Rows total: 2.500262000000001
Mem total: 4.248492070312502

Flow 0:
partitions: [(1, 0.8334206666666671)]
path: {0, 1}
Flow 1:
partitions: [(0, 0.8334206666666671)]
path: {0}
--------------------------------------------------

VARIABLES ------------------------------
Objective: 10.714285714285715
mem_tot_CPU_19 4.24849
m_access_time_CPU_19 0.536891
ns_single_CPU_19 10.0933
pdt_m_rows_CPU_19 1.34237
cores_sketch_CPU_19 1
cores_dpdk_CPU_19 6
ns_sketch_CPU_19 10.0933
pdt_nsk_c_CPU_19 10.0933
ns_dpdk_CPU_19 10.7143
pdt_nsc_dpdk_CPU_19 64.2857
ns_CPU_19 10.7143
--------------------------------------------------

VARIABLES ------------------------------
Objective: 10.714285714285715
mem_tot_CPU_18 4.24849
m_access_time_CPU_18 0.536891
ns_single_CPU_18 10.0933
pdt_m_rows_CPU_18 1.34237
cores_sketch_CPU_18 1
cores_dpdk_CPU_18 6
ns_sketch_CPU_18 10.0933
pdt_nsk_c_CPU_18 10.0933
ns_dpdk_CPU_18 10.7143
pdt_nsc_dpdk_CPU_18 64.2857
ns_CPU_18 10.7143
--------------------------------------------------

VARIABLES ------------------------------
Objective: 10.714285714285715
mem_tot_CPU_19 4.24849
m_access_time_CPU_19 0.536891
ns_single_CPU_19 10.0933
pdt_m_rows_CPU_19 1.34237
cores_sketch_CPU_19 1
cores_dpdk_CPU_19 6
ns_sketch_CPU_19 10.0933
pdt_nsk_c_CPU_19 10.0933
ns_dpdk_CPU_19 10.7143
pdt_nsc_dpdk_CPU_19 64.2857
ns_CPU_19 10.7143
--------------------------------------------------

VARIABLES ------------------------------
Objective: 10.714285714285715
mem_tot_CPU_18 4.24849
m_access_time_CPU_18 0.536891
ns_single_CPU_18 10.0933
pdt_m_rows_CPU_18 1.34237
cores_sketch_CPU_18 1
cores_dpdk_CPU_18 6
ns_sketch_CPU_18 10.0933
pdt_nsk_c_CPU_18 10.0933
ns_dpdk_CPU_18 10.7143
pdt_nsc_dpdk_CPU_18 64.2857
ns_CPU_18 10.7143
--------------------------------------------------

Throughput: 93.33333333333333 Mpps, ns per packet: 10.714285714285715
Resources: 140.00103722950934
Used Cores: 13.999999999999996, Total CPUS: 2, Switch Memory: 0

Sketch (19) (cm: eps0: 0.00625, del0: 0.05, min_mem: 1.69921875)
Par0 id: 19, Rows: 3
(0.833,0)    
Total frac: 0.833

Sketch (18) (cm: eps0: 0.00625, del0: 0.05, min_mem: 1.69921875)
Par0 id: 18, Rows: 3
(0.000,0)    (0.833,1)    
Total frac: 0.833

Device (0) CPU_19:
cores_sketch: 1.0, cores_dpdk: 5.999999999999998
Rows total: 2.500262000000001
Mem total: 4.248492070312502
Throughput: 93.33333333333333

Device (1) CPU_18:
cores_sketch: 1.0, cores_dpdk: 5.999999999999998
Rows total: 2.500262000000001
Mem total: 4.248492070312502
Throughput: 93.33333333333333

Flow 0:
partitions: [(1, 0.8334206666666671)]
path: {0, 1}
Flow 1:
partitions: [(0, 0.8334206666666671)]
path: {0}
--------------------------------------------------
Function: MIP.solve took 0.01230478286743164 seconds
--------------------------------------------------
Clustered Optimization complete
--------------------------------------------------

VARIABLES ------------------------------
Objective: 10.204081632653063
mem_tot_CPU_0 0
m_access_time_CPU_0 0
ns_single_CPU_0 0
pdt_m_rows_CPU_0 0
cores_sketch_CPU_0 0
cores_dpdk_CPU_0 7
ns_sketch_CPU_0 10.2041
pdt_nsk_c_CPU_0 0
ns_dpdk_CPU_0 10.2041
pdt_nsc_dpdk_CPU_0 71.4286
ns_CPU_0 10.2041
--------------------------------------------------

VARIABLES ------------------------------
Objective: 10.204081632653063
mem_tot_CPU_1 0
m_access_time_CPU_1 0
ns_single_CPU_1 0
pdt_m_rows_CPU_1 0
cores_sketch_CPU_1 0
cores_dpdk_CPU_1 7
ns_sketch_CPU_1 10.2041
pdt_nsk_c_CPU_1 0
ns_dpdk_CPU_1 10.2041
pdt_nsc_dpdk_CPU_1 71.4286
ns_CPU_1 10.2041
--------------------------------------------------

VARIABLES ------------------------------
Objective: 10.204081632653063
mem_tot_CPU_2 0
m_access_time_CPU_2 0
ns_single_CPU_2 0
pdt_m_rows_CPU_2 0
cores_sketch_CPU_2 0
cores_dpdk_CPU_2 7
ns_sketch_CPU_2 10.2041
pdt_nsk_c_CPU_2 0
ns_dpdk_CPU_2 10.2041
pdt_nsc_dpdk_CPU_2 71.4286
ns_CPU_2 10.2041
--------------------------------------------------

VARIABLES ------------------------------
Objective: 10.204081632653063
mem_tot_CPU_3 0
m_access_time_CPU_3 0
ns_single_CPU_3 0
pdt_m_rows_CPU_3 0
cores_sketch_CPU_3 0
cores_dpdk_CPU_3 7
ns_sketch_CPU_3 10.2041
pdt_nsk_c_CPU_3 0
ns_dpdk_CPU_3 10.2041
pdt_nsc_dpdk_CPU_3 71.4286
ns_CPU_3 10.2041
--------------------------------------------------

VARIABLES ------------------------------
Objective: 10.204081632653063
mem_tot_CPU_4 0
m_access_time_CPU_4 0
ns_single_CPU_4 0
pdt_m_rows_CPU_4 0
cores_sketch_CPU_4 0
cores_dpdk_CPU_4 7
ns_sketch_CPU_4 10.2041
pdt_nsk_c_CPU_4 0
ns_dpdk_CPU_4 10.2041
pdt_nsc_dpdk_CPU_4 71.4286
ns_CPU_4 10.2041
--------------------------------------------------

VARIABLES ------------------------------
Objective: 10.204081632653063
mem_tot_CPU_5 0
m_access_time_CPU_5 0
ns_single_CPU_5 0
pdt_m_rows_CPU_5 0
cores_sketch_CPU_5 0
cores_dpdk_CPU_5 7
ns_sketch_CPU_5 10.2041
pdt_nsk_c_CPU_5 0
ns_dpdk_CPU_5 10.2041
pdt_nsc_dpdk_CPU_5 71.4286
ns_CPU_5 10.2041
--------------------------------------------------

VARIABLES ------------------------------
Objective: 11.42857142857143
mem_tot_CPU_6 5.09766
m_access_time_CPU_6 0.536096
ns_single_CPU_6 12.1083
pdt_m_rows_CPU_6 1.60829
cores_sketch_CPU_6 2
cores_dpdk_CPU_6 5
ns_sketch_CPU_6 6.05414
pdt_nsk_c_CPU_6 12.1083
ns_dpdk_CPU_6 11.4286
pdt_nsc_dpdk_CPU_6 57.1429
ns_CPU_6 11.4286
--------------------------------------------------

VARIABLES ------------------------------
Objective: 10.714285714285715
mem_tot_CPU_7 3.40022
m_access_time_CPU_7 0.537686
ns_single_CPU_7 8.0796
pdt_m_rows_CPU_7 1.07594
cores_sketch_CPU_7 1
cores_dpdk_CPU_7 6
ns_sketch_CPU_7 8.0796
pdt_nsk_c_CPU_7 8.0796
ns_dpdk_CPU_7 10.7143
pdt_nsc_dpdk_CPU_7 64.2857
ns_CPU_7 10.7143
--------------------------------------------------

VARIABLES ------------------------------
Objective: 11.42857142857143
mem_tot_CPU_8 5.09766
m_access_time_CPU_8 0.536096
ns_single_CPU_8 12.1083
pdt_m_rows_CPU_8 1.60829
cores_sketch_CPU_8 2
cores_dpdk_CPU_8 5
ns_sketch_CPU_8 6.05414
pdt_nsk_c_CPU_8 12.1083
ns_dpdk_CPU_8 11.4286
pdt_nsc_dpdk_CPU_8 57.1429
ns_CPU_8 11.4286
--------------------------------------------------

VARIABLES ------------------------------
Objective: 10.714285714285715
mem_tot_CPU_9 1.70011
m_access_time_CPU_9 0.539279
ns_single_CPU_9 4.0414
pdt_m_rows_CPU_9 0.539561
cores_sketch_CPU_9 1
cores_dpdk_CPU_9 6
ns_sketch_CPU_9 4.0414
pdt_nsk_c_CPU_9 4.0414
ns_dpdk_CPU_9 10.7143
pdt_nsc_dpdk_CPU_9 64.2857
ns_CPU_9 10.7143
--------------------------------------------------

VARIABLES ------------------------------
Objective: 11.42857142857143
mem_tot_CPU_10 5.09766
m_access_time_CPU_10 0.536096
ns_single_CPU_10 12.1083
pdt_m_rows_CPU_10 1.60829
cores_sketch_CPU_10 2
cores_dpdk_CPU_10 5
ns_sketch_CPU_10 6.05414
pdt_nsk_c_CPU_10 12.1083
ns_dpdk_CPU_10 11.4286
pdt_nsc_dpdk_CPU_10 57.1429
ns_CPU_10 11.4286
--------------------------------------------------

VARIABLES ------------------------------
Objective: 11.42857142857143
mem_tot_CPU_11 5.09766
m_access_time_CPU_11 0.536096
ns_single_CPU_11 12.1083
pdt_m_rows_CPU_11 1.60829
cores_sketch_CPU_11 2
cores_dpdk_CPU_11 5
ns_sketch_CPU_11 6.05414
pdt_nsk_c_CPU_11 12.1083
ns_dpdk_CPU_11 11.4286
pdt_nsc_dpdk_CPU_11 57.1429
ns_CPU_11 11.4286
--------------------------------------------------

VARIABLES ------------------------------
Objective: 10.714285714285715
mem_tot_CPU_12 4.07866
m_access_time_CPU_12 0.53705
ns_single_CPU_12 9.69019
pdt_m_rows_CPU_12 1.28909
cores_sketch_CPU_12 1
cores_dpdk_CPU_12 6
ns_sketch_CPU_12 9.69019
pdt_nsk_c_CPU_12 9.69019
ns_dpdk_CPU_12 10.7143
pdt_nsc_dpdk_CPU_12 64.2857
ns_CPU_12 10.7143
--------------------------------------------------

VARIABLES ------------------------------
Objective: 10.714285714285715
mem_tot_CPU_13 3.05966
m_access_time_CPU_13 0.538005
ns_single_CPU_13 7.27095
pdt_m_rows_CPU_13 0.968747
cores_sketch_CPU_13 1
cores_dpdk_CPU_13 6
ns_sketch_CPU_13 7.27095
pdt_nsk_c_CPU_13 7.27095
ns_dpdk_CPU_13 10.7143
pdt_nsc_dpdk_CPU_13 64.2857
ns_CPU_13 10.7143
--------------------------------------------------

VARIABLES ------------------------------
Objective: 11.42857142857143
mem_tot_CPU_14 5.09766
m_access_time_CPU_14 0.536096
ns_single_CPU_14 12.1083
pdt_m_rows_CPU_14 1.60829
cores_sketch_CPU_14 2
cores_dpdk_CPU_14 5
ns_sketch_CPU_14 6.05414
pdt_nsk_c_CPU_14 12.1083
ns_dpdk_CPU_14 11.4286
pdt_nsc_dpdk_CPU_14 57.1429
ns_CPU_14 11.4286
--------------------------------------------------

VARIABLES ------------------------------
Objective: 10.714285714285715
mem_tot_CPU_15 4.07866
m_access_time_CPU_15 0.53705
ns_single_CPU_15 9.69019
pdt_m_rows_CPU_15 1.28909
cores_sketch_CPU_15 1
cores_dpdk_CPU_15 6
ns_sketch_CPU_15 9.69019
pdt_nsk_c_CPU_15 9.69019
ns_dpdk_CPU_15 10.7143
pdt_nsc_dpdk_CPU_15 64.2857
ns_CPU_15 10.7143
--------------------------------------------------

VARIABLES ------------------------------
Objective: 10.714285714285715
mem_tot_CPU_16 4.07866
m_access_time_CPU_16 0.53705
ns_single_CPU_16 9.69019
pdt_m_rows_CPU_16 1.28909
cores_sketch_CPU_16 1
cores_dpdk_CPU_16 6
ns_sketch_CPU_16 9.69019
pdt_nsk_c_CPU_16 9.69019
ns_dpdk_CPU_16 10.7143
pdt_nsc_dpdk_CPU_16 64.2857
ns_CPU_16 10.7143
--------------------------------------------------

VARIABLES ------------------------------
Objective: 11.42857142857143
mem_tot_CPU_17 5.09766
m_access_time_CPU_17 0.536096
ns_single_CPU_17 12.1083
pdt_m_rows_CPU_17 1.60829
cores_sketch_CPU_17 2
cores_dpdk_CPU_17 5
ns_sketch_CPU_17 6.05414
pdt_nsk_c_CPU_17 12.1083
ns_dpdk_CPU_17 11.4286
pdt_nsc_dpdk_CPU_17 57.1429
ns_CPU_17 11.4286
--------------------------------------------------

VARIABLES ------------------------------
Objective: 10.714285714285715
mem_tot_CPU_18 4.24849
m_access_time_CPU_18 0.536891
ns_single_CPU_18 10.0933
pdt_m_rows_CPU_18 1.34237
cores_sketch_CPU_18 1
cores_dpdk_CPU_18 6
ns_sketch_CPU_18 10.0933
pdt_nsk_c_CPU_18 10.0933
ns_dpdk_CPU_18 10.7143
pdt_nsc_dpdk_CPU_18 64.2857
ns_CPU_18 10.7143
--------------------------------------------------

VARIABLES ------------------------------
Objective: 10.714285714285715
mem_tot_CPU_19 4.24849
m_access_time_CPU_19 0.536891
ns_single_CPU_19 10.0933
pdt_m_rows_CPU_19 1.34237
cores_sketch_CPU_19 1
cores_dpdk_CPU_19 6
ns_sketch_CPU_19 10.0933
pdt_nsk_c_CPU_19 10.0933
ns_dpdk_CPU_19 10.7143
pdt_nsc_dpdk_CPU_19 64.2857
ns_CPU_19 10.7143
--------------------------------------------------

VARIABLES ------------------------------
Objective: 6.756756756756757
mem_tot_P4_1 42.4742
ns_P4_1 6.75676
--------------------------------------------------

VARIABLES ------------------------------
Objective: 11.42857142857143
mem_tot_CPU_0 0
m_access_time_CPU_0 0
ns_single_CPU_0 0
pdt_m_rows_CPU_0 0
cores_sketch_CPU_0 0
cores_dpdk_CPU_0 5
ns_sketch_CPU_0 11.4286
pdt_nsk_c_CPU_0 0
ns_dpdk_CPU_0 11.4286
pdt_nsc_dpdk_CPU_0 57.1429
ns_CPU_0 11.4286
--------------------------------------------------

VARIABLES ------------------------------
Objective: 11.42857142857143
mem_tot_CPU_1 0
m_access_time_CPU_1 0
ns_single_CPU_1 0
pdt_m_rows_CPU_1 0
cores_sketch_CPU_1 0
cores_dpdk_CPU_1 5
ns_sketch_CPU_1 11.4286
pdt_nsk_c_CPU_1 0
ns_dpdk_CPU_1 11.4286
pdt_nsc_dpdk_CPU_1 57.1429
ns_CPU_1 11.4286
--------------------------------------------------

VARIABLES ------------------------------
Objective: 11.42857142857143
mem_tot_CPU_2 0
m_access_time_CPU_2 0
ns_single_CPU_2 0
pdt_m_rows_CPU_2 0
cores_sketch_CPU_2 0
cores_dpdk_CPU_2 5
ns_sketch_CPU_2 11.4286
pdt_nsk_c_CPU_2 0
ns_dpdk_CPU_2 11.4286
pdt_nsc_dpdk_CPU_2 57.1429
ns_CPU_2 11.4286
--------------------------------------------------

VARIABLES ------------------------------
Objective: 11.42857142857143
mem_tot_CPU_3 0
m_access_time_CPU_3 0
ns_single_CPU_3 0
pdt_m_rows_CPU_3 0
cores_sketch_CPU_3 0
cores_dpdk_CPU_3 5
ns_sketch_CPU_3 11.4286
pdt_nsk_c_CPU_3 0
ns_dpdk_CPU_3 11.4286
pdt_nsc_dpdk_CPU_3 57.1429
ns_CPU_3 11.4286
--------------------------------------------------

VARIABLES ------------------------------
Objective: 11.42857142857143
mem_tot_CPU_4 0
m_access_time_CPU_4 0
ns_single_CPU_4 0
pdt_m_rows_CPU_4 0
cores_sketch_CPU_4 0
cores_dpdk_CPU_4 5
ns_sketch_CPU_4 11.4286
pdt_nsk_c_CPU_4 0
ns_dpdk_CPU_4 11.4286
pdt_nsc_dpdk_CPU_4 57.1429
ns_CPU_4 11.4286
--------------------------------------------------

VARIABLES ------------------------------
Objective: 11.42857142857143
mem_tot_CPU_5 0
m_access_time_CPU_5 0
ns_single_CPU_5 0
pdt_m_rows_CPU_5 0
cores_sketch_CPU_5 0
cores_dpdk_CPU_5 5
ns_sketch_CPU_5 11.4286
pdt_nsk_c_CPU_5 0
ns_dpdk_CPU_5 11.4286
pdt_nsc_dpdk_CPU_5 57.1429
ns_CPU_5 11.4286
--------------------------------------------------

VARIABLES ------------------------------
Objective: 11.42857142857143
mem_tot_CPU_6 5.09766
m_access_time_CPU_6 0.536096
ns_single_CPU_6 12.1083
pdt_m_rows_CPU_6 1.60829
cores_sketch_CPU_6 2
cores_dpdk_CPU_6 5
ns_sketch_CPU_6 6.05414
pdt_nsk_c_CPU_6 12.1083
ns_dpdk_CPU_6 11.4286
pdt_nsc_dpdk_CPU_6 57.1429
ns_CPU_6 11.4286
--------------------------------------------------

VARIABLES ------------------------------
Objective: 11.42857142857143
mem_tot_CPU_7 3.40022
m_access_time_CPU_7 0.537686
ns_single_CPU_7 8.0796
pdt_m_rows_CPU_7 1.07594
cores_sketch_CPU_7 1
cores_dpdk_CPU_7 5
ns_sketch_CPU_7 8.0796
pdt_nsk_c_CPU_7 8.0796
ns_dpdk_CPU_7 11.4286
pdt_nsc_dpdk_CPU_7 57.1429
ns_CPU_7 11.4286
--------------------------------------------------

VARIABLES ------------------------------
Objective: 11.42857142857143
mem_tot_CPU_8 5.09766
m_access_time_CPU_8 0.536096
ns_single_CPU_8 12.1083
pdt_m_rows_CPU_8 1.60829
cores_sketch_CPU_8 2
cores_dpdk_CPU_8 5
ns_sketch_CPU_8 6.05414
pdt_nsk_c_CPU_8 12.1083
ns_dpdk_CPU_8 11.4286
pdt_nsc_dpdk_CPU_8 57.1429
ns_CPU_8 11.4286
--------------------------------------------------

VARIABLES ------------------------------
Objective: 11.42857142857143
mem_tot_CPU_9 1.70011
m_access_time_CPU_9 0.539279
ns_single_CPU_9 4.0414
pdt_m_rows_CPU_9 0.539561
cores_sketch_CPU_9 1
cores_dpdk_CPU_9 5
ns_sketch_CPU_9 4.0414
pdt_nsk_c_CPU_9 4.0414
ns_dpdk_CPU_9 11.4286
pdt_nsc_dpdk_CPU_9 57.1429
ns_CPU_9 11.4286
--------------------------------------------------

VARIABLES ------------------------------
Objective: 11.42857142857143
mem_tot_CPU_10 5.09766
m_access_time_CPU_10 0.536096
ns_single_CPU_10 12.1083
pdt_m_rows_CPU_10 1.60829
cores_sketch_CPU_10 2
cores_dpdk_CPU_10 5
ns_sketch_CPU_10 6.05414
pdt_nsk_c_CPU_10 12.1083
ns_dpdk_CPU_10 11.4286
pdt_nsc_dpdk_CPU_10 57.1429
ns_CPU_10 11.4286
--------------------------------------------------

VARIABLES ------------------------------
Objective: 11.42857142857143
mem_tot_CPU_11 5.09766
m_access_time_CPU_11 0.536096
ns_single_CPU_11 12.1083
pdt_m_rows_CPU_11 1.60829
cores_sketch_CPU_11 2
cores_dpdk_CPU_11 5
ns_sketch_CPU_11 6.05414
pdt_nsk_c_CPU_11 12.1083
ns_dpdk_CPU_11 11.4286
pdt_nsc_dpdk_CPU_11 57.1429
ns_CPU_11 11.4286
--------------------------------------------------

VARIABLES ------------------------------
Objective: 11.42857142857143
mem_tot_CPU_12 4.07866
m_access_time_CPU_12 0.53705
ns_single_CPU_12 9.69019
pdt_m_rows_CPU_12 1.28909
cores_sketch_CPU_12 1
cores_dpdk_CPU_12 5
ns_sketch_CPU_12 9.69019
pdt_nsk_c_CPU_12 9.69019
ns_dpdk_CPU_12 11.4286
pdt_nsc_dpdk_CPU_12 57.1429
ns_CPU_12 11.4286
--------------------------------------------------

VARIABLES ------------------------------
Objective: 11.42857142857143
mem_tot_CPU_13 3.05966
m_access_time_CPU_13 0.538005
ns_single_CPU_13 7.27095
pdt_m_rows_CPU_13 0.968747
cores_sketch_CPU_13 1
cores_dpdk_CPU_13 5
ns_sketch_CPU_13 7.27095
pdt_nsk_c_CPU_13 7.27095
ns_dpdk_CPU_13 11.4286
pdt_nsc_dpdk_CPU_13 57.1429
ns_CPU_13 11.4286
--------------------------------------------------

VARIABLES ------------------------------
Objective: 11.42857142857143
mem_tot_CPU_14 5.09766
m_access_time_CPU_14 0.536096
ns_single_CPU_14 12.1083
pdt_m_rows_CPU_14 1.60829
cores_sketch_CPU_14 2
cores_dpdk_CPU_14 5
ns_sketch_CPU_14 6.05414
pdt_nsk_c_CPU_14 12.1083
ns_dpdk_CPU_14 11.4286
pdt_nsc_dpdk_CPU_14 57.1429
ns_CPU_14 11.4286
--------------------------------------------------

VARIABLES ------------------------------
Objective: 11.42857142857143
mem_tot_CPU_15 4.07866
m_access_time_CPU_15 0.53705
ns_single_CPU_15 9.69019
pdt_m_rows_CPU_15 1.28909
cores_sketch_CPU_15 1
cores_dpdk_CPU_15 5
ns_sketch_CPU_15 9.69019
pdt_nsk_c_CPU_15 9.69019
ns_dpdk_CPU_15 11.4286
pdt_nsc_dpdk_CPU_15 57.1429
ns_CPU_15 11.4286
--------------------------------------------------

VARIABLES ------------------------------
Objective: 11.42857142857143
mem_tot_CPU_16 4.07866
m_access_time_CPU_16 0.53705
ns_single_CPU_16 9.69019
pdt_m_rows_CPU_16 1.28909
cores_sketch_CPU_16 1
cores_dpdk_CPU_16 5
ns_sketch_CPU_16 9.69019
pdt_nsk_c_CPU_16 9.69019
ns_dpdk_CPU_16 11.4286
pdt_nsc_dpdk_CPU_16 57.1429
ns_CPU_16 11.4286
--------------------------------------------------

VARIABLES ------------------------------
Objective: 11.42857142857143
mem_tot_CPU_17 5.09766
m_access_time_CPU_17 0.536096
ns_single_CPU_17 12.1083
pdt_m_rows_CPU_17 1.60829
cores_sketch_CPU_17 2
cores_dpdk_CPU_17 5
ns_sketch_CPU_17 6.05414
pdt_nsk_c_CPU_17 12.1083
ns_dpdk_CPU_17 11.4286
pdt_nsc_dpdk_CPU_17 57.1429
ns_CPU_17 11.4286
--------------------------------------------------

VARIABLES ------------------------------
Objective: 11.42857142857143
mem_tot_CPU_18 4.24849
m_access_time_CPU_18 0.536891
ns_single_CPU_18 10.0933
pdt_m_rows_CPU_18 1.34237
cores_sketch_CPU_18 1
cores_dpdk_CPU_18 5
ns_sketch_CPU_18 10.0933
pdt_nsk_c_CPU_18 10.0933
ns_dpdk_CPU_18 11.4286
pdt_nsc_dpdk_CPU_18 57.1429
ns_CPU_18 11.4286
--------------------------------------------------

VARIABLES ------------------------------
Objective: 11.42857142857143
mem_tot_CPU_19 4.24849
m_access_time_CPU_19 0.536891
ns_single_CPU_19 10.0933
pdt_m_rows_CPU_19 1.34237
cores_sketch_CPU_19 1
cores_dpdk_CPU_19 5
ns_sketch_CPU_19 10.0933
pdt_nsk_c_CPU_19 10.0933
ns_dpdk_CPU_19 11.4286
pdt_nsc_dpdk_CPU_19 57.1429
ns_CPU_19 11.4286
--------------------------------------------------

Throughput: 87.49999999999999 Mpps, ns per packet: 11.42857142857143
Resources: 1207.1412223479658
Used Cores: 120.0, Total CPUS: 20, Switch Memory: 42.47422901492497

Sketch (0) (cm: eps0: 0.00625, del0: 0.05, min_mem: 1.69921875)
Par0 id: 0, Rows: 3
(0.000,0)    (0.000,1)    (1.000,20)    
Total frac: 1.000

Sketch (1) (cm: eps0: 0.00625, del0: 0.05, min_mem: 1.69921875)
Par0 id: 1, Rows: 3
(0.000,1)    (0.000,2)    (1.000,20)    
Total frac: 1.000

Sketch (2) (cm: eps0: 0.00625, del0: 0.05, min_mem: 1.69921875)
Par0 id: 2, Rows: 3
(0.000,2)    (0.000,3)    (1.000,20)    
Total frac: 1.000

Sketch (3) (cm: eps0: 0.00625, del0: 0.05, min_mem: 1.69921875)
Par0 id: 3, Rows: 3
(0.000,3)    (0.000,4)    (1.000,20)    
Total frac: 1.000

Sketch (4) (cm: eps0: 0.00625, del0: 0.05, min_mem: 1.69921875)
Par0 id: 4, Rows: 3
(0.000,4)    (0.000,5)    (1.000,20)    
Total frac: 1.000

Sketch (5) (cm: eps0: 0.00625, del0: 0.05, min_mem: 1.69921875)
Par0 id: 5, Rows: 3
(0.000,5)    (0.333,20)    (0.667,6)    
Total frac: 1.000

Sketch (6) (cm: eps0: 0.00625, del0: 0.05, min_mem: 1.69921875)
Par0 id: 6, Rows: 3
(0.333,20)    (0.333,6)    (0.334,7)    
Total frac: 1.000

Sketch (7) (cm: eps0: 0.00625, del0: 0.05, min_mem: 1.69921875)
Par0 id: 7, Rows: 3
(0.333,20)    (0.334,7)    (0.333,8)    
Total frac: 1.000

Sketch (8) (cm: eps0: 0.00625, del0: 0.05, min_mem: 1.69921875)
Par0 id: 8, Rows: 3
(0.333,20)    (0.667,8)    (0.000,9)    
Total frac: 1.000

Sketch (9) (cm: eps0: 0.00625, del0: 0.05, min_mem: 1.69921875)
Par0 id: 9, Rows: 3
(0.333,20)    (0.334,9)    (0.333,10)    
Total frac: 1.000

Sketch (10) (cm: eps0: 0.00625, del0: 0.05, min_mem: 1.69921875)
Par0 id: 10, Rows: 3
(0.333,20)    (0.667,10)    (0.000,11)    
Total frac: 1.000

Sketch (11) (cm: eps0: 0.00625, del0: 0.05, min_mem: 1.69921875)
Par0 id: 11, Rows: 3
(1.000,11)    
Total frac: 1.000

Sketch (12) (cm: eps0: 0.00625, del0: 0.05, min_mem: 1.69921875)
Par0 id: 12, Rows: 3
(0.200,20)    (0.800,12)    (0.000,13)    
Total frac: 1.000

Sketch (13) (cm: eps0: 0.00625, del0: 0.05, min_mem: 1.69921875)
Par0 id: 13, Rows: 3
(0.200,20)    (0.600,13)    (0.200,14)    
Total frac: 1.000

Sketch (14) (cm: eps0: 0.00625, del0: 0.05, min_mem: 1.69921875)
Par0 id: 14, Rows: 3
(0.200,20)    (0.800,14)    (0.000,15)    
Total frac: 1.000

Sketch (15) (cm: eps0: 0.00625, del0: 0.05, min_mem: 1.69921875)
Par0 id: 15, Rows: 3
(0.200,20)    (0.800,15)    (0.000,16)    
Total frac: 1.000

Sketch (16) (cm: eps0: 0.00625, del0: 0.05, min_mem: 1.69921875)
Par0 id: 16, Rows: 3
(0.200,20)    (0.800,16)    (0.000,17)    
Total frac: 1.000

Sketch (17) (cm: eps0: 0.00625, del0: 0.05, min_mem: 1.69921875)
Par0 id: 17, Rows: 3
(1.000,17)    
Total frac: 1.000

Sketch (18) (cm: eps0: 0.00625, del0: 0.05, min_mem: 1.69921875)
Par0 id: 18, Rows: 3
(0.167,20)    (0.000,19)    (0.833,18)    
Total frac: 1.000

Sketch (19) (cm: eps0: 0.00625, del0: 0.05, min_mem: 1.69921875)
Par0 id: 19, Rows: 3
(0.000,0)    (0.167,20)    (0.833,19)    
Total frac: 1.000

Device (0) CPU_0:
cores_sketch: 0.0, cores_dpdk: 5.0
Rows total: 5.885645977011494e-07
Mem total: 1.0001e-06
Throughput: 87.49999999999999

Device (1) CPU_1:
cores_sketch: 0.0, cores_dpdk: 5.0
Rows total: 0.0
Mem total: 0.0
Throughput: 87.49999999999999

Device (2) CPU_2:
cores_sketch: 0.0, cores_dpdk: 5.0
Rows total: 0.0
Mem total: 0.0
Throughput: 87.49999999999999

Device (3) CPU_3:
cores_sketch: 0.0, cores_dpdk: 5.0
Rows total: 0.0
Mem total: 0.0
Throughput: 87.49999999999999

Device (4) CPU_4:
cores_sketch: 0.0, cores_dpdk: 5.0
Rows total: 0.0
Mem total: 0.0
Throughput: 87.49999999999999

Device (5) CPU_5:
cores_sketch: 0.0, cores_dpdk: 5.0
Rows total: 5.885645977011494e-07
Mem total: 1.0001e-06
Throughput: 87.49999999999999

Device (6) CPU_6:
cores_sketch: 2.0000000000000004, cores_dpdk: 4.9999999999999964
Rows total: 3.0000000000000004
Mem total: 5.097656250000001
Throughput: 87.49999999999999

Device (7) CPU_7:
cores_sketch: 1.0, cores_dpdk: 5.0
Rows total: 2.0010480000000013
Mem total: 3.400218281250002
Throughput: 87.49999999999999

Device (8) CPU_8:
cores_sketch: 2.0000000000000004, cores_dpdk: 4.9999999999999964
Rows total: 3.0000000000000004
Mem total: 5.097656250000001
Throughput: 87.49999999999999

Device (9) CPU_9:
cores_sketch: 1.0, cores_dpdk: 5.0
Rows total: 1.0005240000000006
Mem total: 1.700109140625001
Throughput: 87.49999999999999

Device (10) CPU_10:
cores_sketch: 2.0000000000000004, cores_dpdk: 4.9999999999999964
Rows total: 3.0000000000000004
Mem total: 5.097656250000001
Throughput: 87.49999999999999

Device (11) CPU_11:
cores_sketch: 2.0, cores_dpdk: 4.9999999999999964
Rows total: 3.0
Mem total: 5.09765625
Throughput: 87.49999999999999

Device (12) CPU_12:
cores_sketch: 1.0, cores_dpdk: 5.0
Rows total: 2.4003144000000005
Mem total: 4.078659234375001
Throughput: 87.49999999999999

Device (13) CPU_13:
cores_sketch: 1.0, cores_dpdk: 5.0
Rows total: 1.8006288000000004
Mem total: 3.0596622187500007
Throughput: 87.49999999999999

Device (14) CPU_14:
cores_sketch: 2.0000000000000004, cores_dpdk: 4.9999999999999964
Rows total: 3.0000000000000004
Mem total: 5.097656250000001
Throughput: 87.49999999999999

Device (15) CPU_15:
cores_sketch: 1.0, cores_dpdk: 5.0
Rows total: 2.4003144
Mem total: 4.078659234375
Throughput: 87.49999999999999

Device (16) CPU_16:
cores_sketch: 1.0, cores_dpdk: 5.0
Rows total: 2.4003144
Mem total: 4.078659234375
Throughput: 87.49999999999999

Device (17) CPU_17:
cores_sketch: 2.0, cores_dpdk: 4.9999999999999964
Rows total: 3.0
Mem total: 5.09765625
Throughput: 87.49999999999999

Device (18) CPU_18:
cores_sketch: 1.0, cores_dpdk: 5.0
Rows total: 2.500262000000001
Mem total: 4.248492070312502
Throughput: 87.49999999999999

Device (19) CPU_19:
cores_sketch: 1.0, cores_dpdk: 5.0
Rows total: 2.500262000000001
Mem total: 4.248492070312502
Throughput: 87.49999999999999

Device (20) P4_1:
Rows total: 24.9963278800478
Mem total: 42.47422901492497
Throughput: 148.0

Flow 0:
partitions: [(0, 1)]
path: (0, 20, 1)
Flow 1:
partitions: [(1, 1)]
path: (1, 20, 2)
Flow 2:
partitions: [(2, 1)]
path: (2, 20, 3)
Flow 3:
partitions: [(3, 1)]
path: (3, 20, 4)
Flow 4:
partitions: [(4, 1)]
path: (4, 20, 5)
Flow 5:
partitions: [(5, 1)]
path: (5, 20, 6)
Flow 6:
partitions: [(6, 1)]
path: (6, 20, 7)
Flow 7:
partitions: [(7, 1)]
path: (7, 20, 8)
Flow 8:
partitions: [(8, 1)]
path: (8, 20, 9)
Flow 9:
partitions: [(9, 1)]
path: (9, 20, 10)
Flow 10:
partitions: [(10, 1)]
path: (10, 20, 11)
Flow 11:
partitions: [(11, 1)]
path: (11, 20, 12)
Flow 12:
partitions: [(12, 1)]
path: (12, 20, 13)
Flow 13:
partitions: [(13, 1)]
path: (13, 20, 14)
Flow 14:
partitions: [(14, 1)]
path: (14, 20, 15)
Flow 15:
partitions: [(15, 1)]
path: (15, 20, 16)
Flow 16:
partitions: [(16, 1)]
path: (16, 20, 17)
Flow 17:
partitions: [(17, 1)]
path: (17, 20, 18)
Flow 18:
partitions: [(18, 1)]
path: (18, 20, 19)
Flow 19:
partitions: [(19, 1)]
path: (19, 20, 0)
--------------------------------------------------
Function: solve took 0.20850419998168945 seconds
