Function: get_partitions took 0.0002899169921875 seconds
Function: map_flows_partitions took 0.0003681182861328125 seconds
Building model with:
15 devices, 192 partitions and 320 flows
Using license file /home/anup/gurobi.lic
Academic license - for non-commercial use only
Function: MIP.add_frac_mem_var took 0.04087543487548828 seconds
Function: MIP.add_coverage_constraints took 0.017173290252685547 seconds
Function: MIP.add_accuracy_constraints took 0.03982877731323242 seconds
Function: MIP.add_capacity_constraints took 0.013673067092895508 seconds
Changed value of parameter TimeLimit to 120.0
   Prev: inf  Min: 0.0  Max: inf  Default: inf
--------------------------------------------------
Starting model update
Model update took: 0.002585887908935547 s
--------------------------------------------------
Starting model optimize
Gurobi Optimizer version 9.0.0 build v9.0.0rc2 (linux64)
Optimize a model with 3307 rows, 4665 columns and 15022 nonzeros
Model fingerprint: 0x4d53ae9a
Model has 2 general constraints
Variable types: 2349 continuous, 2316 integer (2316 binary)
Coefficient statistics:
  Matrix range     [1e+00, 2e+00]
  Objective range  [1e+00, 1e+00]
  Bounds range     [1e+00, 3e+04]
  RHS range        [7e-01, 1e+00]

---------------------------------------------------------------------------
Multi-objectives: starting optimization with 4 objectives ... 
---------------------------------------------------------------------------

Multi-objectives: applying initial presolve ...
---------------------------------------------------------------------------

Presolve removed 2417 rows and 2317 columns
Presolve time: 0.01s
Presolved: 890 rows and 2348 columns
---------------------------------------------------------------------------

Multi-objectives: optimize objective 1 (tot_mem_CPU) ...
---------------------------------------------------------------------------

Presolve time: 0.01s
Presolved: 890 rows, 2348 columns, 7530 nonzeros
Presolved model has 15 SOS constraint(s)
Variable types: 17 continuous, 2331 integer (2331 binary)

Root relaxation: objective 0.000000e+00, 639 iterations, 0.01 seconds

    Nodes    |    Current Node    |     Objective Bounds      |     Work
 Expl Unexpl |  Obj  Depth IntInf | Incumbent    BestBd   Gap | It/Node Time

H    0     0                       0.0000000    0.00000  0.00%     -    0s
     0     0    0.00000    0   31    0.00000    0.00000  0.00%     -    0s

Explored 0 nodes (639 simplex iterations) in 0.03 seconds
Thread count was 8 (of 8 available processors)

Solution count 1: 0 

Optimal solution found (tolerance 1.00e-04)
Best objective 0.000000000000e+00, best bound 0.000000000000e+00, gap 0.0000%
---------------------------------------------------------------------------

Multi-objectives: optimize objective 2 (CPU_mem_load) ...
---------------------------------------------------------------------------


Loaded user MIP start with objective 0


Explored 0 nodes (0 simplex iterations) in 0.03 seconds
Thread count was 1 (of 8 available processors)

Solution count 1: 0 

Optimal solution found (tolerance 1.00e-04)
Best objective 0.000000000000e+00, best bound 0.000000000000e+00, gap 0.0000%
---------------------------------------------------------------------------

Multi-objectives: optimize objective 3 (tot_mem_P4) ...
---------------------------------------------------------------------------


Loaded user MIP start with objective 581.133

Presolve removed 455 rows and 1303 columns
Presolve time: 0.01s
Presolved: 437 rows, 1045 columns, 2902 nonzeros
Presolved model has 7 SOS constraint(s)
Variable types: 8 continuous, 1037 integer (1030 binary)

Root relaxation: objective 5.352539e+02, 420 iterations, 0.00 seconds

    Nodes    |    Current Node    |     Objective Bounds      |     Work
 Expl Unexpl |  Obj  Depth IntInf | Incumbent    BestBd   Gap | It/Node Time

     0     0  535.25391    0    1  581.13281  535.25391  7.89%     -    0s
H    0     0                     535.2539062  535.25391  0.00%     -    0s
     0     0  535.25391    0    1  535.25391  535.25391  0.00%     -    0s

Explored 1 nodes (655 simplex iterations) in 0.05 seconds
Thread count was 8 (of 8 available processors)

Solution count 2: 535.254 581.133 

Optimal solution found (tolerance 1.00e-04)
Best objective 5.352539062500e+02, best bound 5.352539062500e+02, gap 0.0000%
---------------------------------------------------------------------------

Multi-objectives: optimize objective 4 (P4_mem_load) ...
---------------------------------------------------------------------------


Loaded user MIP start with objective 117.246

Presolve removed 455 rows and 1303 columns
Presolve time: 0.01s
Presolved: 438 rows, 1045 columns, 3932 nonzeros
Presolved model has 7 SOS constraint(s)
Variable types: 8 continuous, 1037 integer (1030 binary)

Root relaxation: objective 8.156250e+01, 432 iterations, 0.00 seconds

    Nodes    |    Current Node    |     Objective Bounds      |     Work
 Expl Unexpl |  Obj  Depth IntInf | Incumbent    BestBd   Gap | It/Node Time

     0     0   81.56250    0    9  117.24609   81.56250  30.4%     -    0s
H    0     0                      83.2617187   81.56250  2.04%     -    0s
H    0     0                      81.5625000   81.56250  0.00%     -    0s

Explored 1 nodes (982 simplex iterations) in 0.09 seconds
Thread count was 8 (of 8 available processors)

Solution count 3: 81.5625 83.2617 117.246 

Optimal solution found (tolerance 1.00e-04)
Best objective 8.156250000000e+01, best bound 8.156250000000e+01, gap 0.0000%

---------------------------------------------------------------------------
Multi-objectives: solved in 0.09 seconds, solution count 4

Model optimize took: 0.08868765830993652 seconds
--------------------------------------------------

Solution quality statistics for model UnivmonGreedy :
  Maximum violation:
    Bound       : 0.00000000e+00
    Constraint  : 0.00000000e+00
    Integrality : 0.00000000e+00

Sketch (0) (cm: eps0: 0.00625, del0: 0.05, min_mem: 1.69921875)
Par: 1, Rows: 1
(-0.000,9)    (0.000,6)    (0.000,4)    (-0.000,14)    (-0.000,12)    (1.000,10)    (0.000,8)    (0.000,5)    (0.000,3)    (0.000,1)    (-0.000,13)    (1.000,11)    
Total frac: 2.000
Par: 2, Rows: 1
(0.000,6)    (0.000,4)    (1.000,14)    (0.000,5)    (-0.000,12)    (0.000,3)    (1.000,10)    (0.000,1)    (0.000,8)    (-0.000,13)    (-0.000,11)    (-0.000,9)    
Total frac: 2.000
Par: 3, Rows: 1
(0.000,3)    (-0.000,14)    (1.000,10)    (1.000,11)    (0.000,5)    (0.000,4)    (0.000,1)    (-0.000,13)    (-0.000,12)    (0.000,9)    (0.000,8)    (0.000,6)    
Total frac: 2.000

Sketch (1) (cm: eps0: 0.00625, del0: 0.05, min_mem: 1.69921875)
Par: 1, Rows: 1
(0.000,11)    (0.000,5)    (-0.000,10)    (0.000,1)    (1.000,13)    (-0.000,9)    (0.000,4)    (0.000,7)    (-0.000,12)    (0.000,3)    (1.000,8)    (0.000,6)    
Total frac: 2.000
Par: 2, Rows: 1
(0.000,7)    (0.000,5)    (1.000,8)    (0.000,3)    (-0.000,13)    (0.000,1)    (1.000,11)    (-0.000,9)    (0.000,4)    (0.000,6)    (-0.000,12)    (-0.000,10)    
Total frac: 2.000
Par: 3, Rows: 1
(-0.000,10)    (0.000,3)    (-0.000,13)    (0.000,1)    (1.000,8)    (1.000,11)    (0.000,9)    (0.000,4)    (0.000,6)    (0.000,7)    (0.000,5)    (-0.000,12)    
Total frac: 2.000

Sketch (2) (cm: eps0: 0.00625, del0: 0.05, min_mem: 1.69921875)
Par: 1, Rows: 1
(-0.000,13)    (-0.000,12)    (0.000,0)    (-0.000,9)    (0.000,7)    (0.000,8)    (0.000,6)    (0.000,3)    (-0.000,10)    (1.000,14)    (0.000,5)    (1.000,11)    (0.000,4)    
Total frac: 2.000
Par: 2, Rows: 1
(0.000,4)    (0.000,9)    (0.000,7)    (-0.000,12)    (0.000,0)    (0.000,3)    (0.000,8)    (0.000,6)    (0.000,5)    (1.000,11)    (-0.000,10)    (1.000,14)    (-0.000,13)    
Total frac: 2.000
Par: 3, Rows: 1
(0.000,0)    (-0.000,9)    (-0.000,12)    (0.000,4)    (0.000,7)    (1.000,14)    (-0.000,10)    (0.000,8)    (-0.000,13)    (1.000,11)    (0.000,5)    (0.000,3)    (0.000,6)    
Total frac: 2.000

Sketch (3) (cm: eps0: 0.00625, del0: 0.05, min_mem: 1.69921875)
Par: 1, Rows: 1
(-0.000,9)    (0.000,2)    (0.000,0)    (0.000,7)    (1.000,12)    (0.000,1)    (0.000,4)    (-0.000,13)    (1.000,11)    (-0.000,14)    (0.000,5)    (0.000,3)    (-0.000,10)    (-0.000,8)    
Total frac: 2.000
Par: 2, Rows: 1
(0.000,11)    (0.000,3)    (-0.000,14)    (0.000,1)    (-0.000,10)    (0.000,0)    (1.000,13)    (0.000,5)    (-0.000,12)    (0.000,4)    (0.000,7)    (0.000,2)    (-0.000,9)    (1.000,8)    
Total frac: 2.000
Par: 3, Rows: 1
(0.000,3)    (-0.000,8)    (0.000,1)    (1.000,13)    (-0.000,14)    (0.000,5)    (-0.000,10)    (0.000,0)    (0.000,7)    (1.000,12)    (-0.000,9)    (0.000,4)    (-0.000,11)    (0.000,2)    
Total frac: 2.000

Sketch (4) (cm: eps0: 0.00625, del0: 0.05, min_mem: 1.69921875)
Par: 1, Rows: 1
(1.000,10)    (-0.000,14)    (-0.000,13)    (0.000,1)    (0.000,5)    (-0.000,8)    (-0.000,11)    (0.000,3)    (0.000,2)    (0.000,6)    (-0.000,12)    (0.000,0)    (1.000,9)    (0.000,4)    (0.000,7)    
Total frac: 2.000
Par: 2, Rows: 1
(-0.000,13)    (0.000,1)    (0.000,5)    (1.000,10)    (-0.000,11)    (0.000,14)    (0.000,3)    (-0.000,8)    (-0.000,9)    (0.000,2)    (0.000,6)    (0.000,7)    (1.000,12)    (0.000,0)    (0.000,4)    
Total frac: 2.000
Par: 3, Rows: 1
(0.000,0)    (0.000,4)    (0.000,7)    (0.000,2)    (0.000,6)    (-0.000,9)    (-0.000,8)    (-0.000,11)    (0.000,3)    (1.000,10)    (0.000,14)    (-0.000,13)    (0.000,1)    (0.000,5)    (1.000,12)    
Total frac: 2.000

Sketch (5) (cm: eps0: 0.00625, del0: 0.05, min_mem: 1.69921875)
Par: 1, Rows: 1
(-0.000,12)    (0.000,0)    (-0.000,9)    (0.000,2)    (0.000,6)    (-0.000,11)    (-0.000,8)    (-0.000,13)    (0.000,1)    (0.000,5)    (-0.000,10)    (1.000,14)    
Total frac: 1.000
Par: 2, Rows: 1
(0.000,1)    (-0.000,12)    (-0.000,10)    (-0.000,8)    (0.000,5)    (0.000,2)    (-0.000,13)    (0.000,0)    (-0.000,11)    (1.000,14)    (0.000,9)    (0.000,6)    
Total frac: 1.000
Par: 3, Rows: 1
(0.000,5)    (-0.000,12)    (-0.000,10)    (-0.000,8)    (-0.000,13)    (-0.000,11)    (-0.000,9)    (0.000,2)    (0.000,0)    (1.000,14)    (0.000,1)    (0.000,6)    
Total frac: 1.000

Sketch (6) (cm: eps0: 0.00625, del0: 0.05, min_mem: 1.69921875)
Par: 1, Rows: 1
(0.000,5)    (1.000,13)    (0.000,7)    (-0.000,10)    (-0.000,11)    
Total frac: 1.000
Par: 2, Rows: 1
(-0.000,10)    (0.000,13)    (0.000,7)    (1.000,11)    (0.000,5)    
Total frac: 1.000
Par: 3, Rows: 1
(1.000,13)    (-0.000,11)    (-0.000,10)    (0.000,7)    (0.000,5)    
Total frac: 1.000

Sketch (7) (cm: eps0: 0.00625, del0: 0.05, min_mem: 1.69921875)
Par: 1, Rows: 1
(-0.000,11)    (0.000,2)    (0.000,9)    (-0.000,14)    (0.000,4)    (0.000,1)    (0.000,6)    (0.000,7)    (-0.000,12)    (-0.000,10)    (0.000,3)    (1.000,13)    (-0.000,8)    
Total frac: 1.000
Par: 2, Rows: 1
(0.000,7)    (-0.000,8)    (0.000,6)    (0.000,3)    (0.000,10)    (0.000,1)    (0.000,11)    (0.000,4)    (0.000,2)    (1.000,13)    (-0.000,12)    (-0.000,14)    (-0.000,9)    
Total frac: 1.000
Par: 3, Rows: 1
(0.000,14)    (0.000,3)    (0.000,1)    (-0.000,8)    (0.000,6)    (-0.000,11)    (-0.000,10)    (1.000,13)    (0.000,4)    (0.000,2)    (-0.000,9)    (0.000,7)    (-0.000,12)    
Total frac: 1.000

Sketch (8) (cm: eps0: 0.00625, del0: 0.05, min_mem: 1.69921875)
Par: 1, Rows: 1
(0.000,4)    (0.000,7)    (-0.000,10)    (-0.000,8)    (1.000,13)    (0.000,11)    (0.000,5)    (0.000,3)    (-0.000,14)    (-0.000,9)    (0.000,1)    (-0.000,12)    
Total frac: 1.000
Par: 2, Rows: 1
(0.000,7)    (-0.000,12)    (0.000,4)    (1.000,13)    (0.000,11)    (0.000,5)    (0.000,3)    (0.000,10)    (-0.000,8)    (-0.000,9)    (0.000,1)    (0.000,14)    
Total frac: 1.000
Par: 3, Rows: 1
(-0.000,10)    (1.000,13)    (0.000,5)    (-0.000,12)    (0.000,4)    (0.000,7)    (-0.000,14)    (-0.000,9)    (0.000,1)    (-0.000,8)    (-0.000,11)    (0.000,3)    
Total frac: 1.000

Sketch (9) (cm: eps0: 0.00625, del0: 0.05, min_mem: 1.69921875)
Par: 1, Rows: 1
(0.000,5)    (0.000,10)    (0.000,2)    (0.000,7)    (-0.000,12)    (1.000,9)    (0.000,1)    (0.000,6)    (1.000,11)    (-0.000,14)    (0.000,3)    (-0.000,8)    (0.000,0)    (-0.000,13)    
Total frac: 2.000
Par: 2, Rows: 1
(0.000,0)    (-0.000,11)    (0.000,3)    (0.000,6)    (1.000,12)    (-0.000,14)    (1.000,9)    (0.000,1)    (0.000,7)    (0.000,10)    (0.000,2)    (-0.000,13)    (0.000,5)    (-0.000,8)    
Total frac: 2.000
Par: 3, Rows: 1
(-0.000,8)    (0.000,0)    (1.000,9)    (0.000,1)    (0.000,6)    (0.000,7)    (1.000,12)    (-0.000,14)    (-0.000,13)    (0.000,5)    (0.000,10)    (-0.000,11)    (0.000,2)    (0.000,3)    
Total frac: 2.000

Sketch (10) (cm: eps0: 0.00625, del0: 0.05, min_mem: 1.69921875)
Par: 1, Rows: 1
(0.000,14)    (1.000,9)    (0.000,1)    (-0.000,8)    (-0.000,11)    (1.000,10)    (0.000,2)    (-0.000,13)    (0.000,5)    (-0.000,12)    (0.000,4)    (0.000,7)    
Total frac: 2.000
Par: 2, Rows: 1
(0.000,1)    (-0.000,11)    (0.000,14)    (-0.000,8)    (-0.000,13)    (0.000,5)    (1.000,10)    (0.000,2)    (0.000,7)    (1.000,12)    (0.000,4)    (-0.000,9)    
Total frac: 2.000
Par: 3, Rows: 1
(1.000,12)    (0.000,5)    (1.000,10)    (-0.000,8)    (0.000,1)    (-0.000,13)    (-0.000,11)    (0.000,4)    (0.000,9)    (0.000,2)    (-0.000,14)    (0.000,7)    
Total frac: 2.000

Sketch (11) (cm: eps0: 0.00625, del0: 0.05, min_mem: 1.69921875)
Par: 1, Rows: 1
(-0.000,10)    (1.000,13)    (-0.000,11)    (0.000,6)    (0.000,4)    (0.000,5)    
Total frac: 1.000
Par: 2, Rows: 1
(-0.000,13)    (0.000,6)    (0.000,5)    (-0.000,10)    (1.000,11)    (0.000,4)    
Total frac: 1.000
Par: 3, Rows: 1
(0.000,4)    (1.000,13)    (0.000,6)    (0.000,5)    (-0.000,11)    (-0.000,10)    
Total frac: 1.000

Sketch (12) (cm: eps0: 0.00625, del0: 0.05, min_mem: 1.69921875)
Par: 1, Rows: 1
(0.000,4)    (0.000,2)    (0.000,6)    (-0.000,11)    (0.000,9)    (-0.000,14)    (0.000,7)    (-0.000,12)    (-0.000,10)    (0.000,3)    (1.000,8)    (0.000,1)    (1.000,13)    
Total frac: 2.000
Par: 2, Rows: 1
(0.000,9)    (0.000,4)    (0.000,2)    (0.000,6)    (0.000,7)    (-0.000,14)    (0.000,3)    (0.000,1)    (-0.000,12)    (-0.000,10)    (-0.000,13)    (1.000,8)    (1.000,11)    
Total frac: 2.000
Par: 3, Rows: 1
(1.000,8)    (-0.000,14)    (-0.000,10)    (0.000,4)    (1.000,11)    (0.000,1)    (-0.000,13)    (0.000,7)    (-0.000,12)    (0.000,2)    (0.000,6)    (0.000,9)    (0.000,3)    
Total frac: 2.000

Sketch (13) (cm: eps0: 0.00625, del0: 0.05, min_mem: 1.69921875)
Par: 1, Rows: 1
(0.000,5)    (1.000,8)    (1.000,14)    (0.000,1)    (-0.000,10)    (0.000,4)    (-0.000,13)    (0.000,0)    (-0.000,9)    (-0.000,12)    (0.000,2)    
Total frac: 2.000
Par: 2, Rows: 1
(0.000,1)    (0.000,5)    (-0.000,10)    (1.000,8)    (-0.000,13)    (0.000,2)    (0.000,0)    (0.000,4)    (1.000,9)    (-0.000,12)    (-0.000,14)    
Total frac: 2.000
Par: 3, Rows: 1
(-0.000,12)    (-0.000,14)    (0.000,5)    (-0.000,13)    (-0.000,10)    (1.000,8)    (0.000,2)    (1.000,9)    (0.000,0)    (0.000,1)    (0.000,4)    
Total frac: 2.000

Sketch (14) (cm: eps0: 0.00625, del0: 0.05, min_mem: 1.69921875)
Par: 1, Rows: 1
(0.000,4)    (0.000,13)    (0.000,6)    (0.000,12)    (0.000,2)    (1.000,9)    (0.000,3)    (1.000,8)    (0.000,14)    (0.000,11)    (0.000,1)    (0.000,0)    (-0.000,10)    
Total frac: 2.000
Par: 2, Rows: 1
(0.000,10)    (0.000,4)    (0.000,6)    (0.000,12)    (0.000,2)    (1.000,9)    (0.000,3)    (0.000,11)    (0.000,1)    (1.000,8)    (0.000,14)    (0.000,13)    (0.000,0)    
Total frac: 2.000
Par: 3, Rows: 1
(0.000,0)    (0.000,4)    (0.000,12)    (1.000,9)    (0.000,14)    (0.000,1)    (0.000,10)    (0.000,13)    (0.000,3)    (1.000,8)    (0.000,2)    (0.000,6)    (0.000,11)    
Total frac: 2.000

Sketch (15) (cm: eps0: 0.00625, del0: 0.05, min_mem: 1.69921875)
Par: 1, Rows: 1
(-0.000,8)    (0.000,2)    (0.000,6)    (1.000,9)    (0.000,0)    (0.000,12)    (0.000,14)    (0.000,13)    (0.000,3)    (0.000,11)    
Total frac: 1.000
Par: 2, Rows: 1
(1.000,9)    (0.000,3)    (0.000,8)    (0.000,14)    (0.000,11)    (0.000,0)    (0.000,13)    (0.000,12)    (0.000,2)    (0.000,6)    
Total frac: 1.000
Par: 3, Rows: 1
(0.000,11)    (0.000,8)    (-0.000,14)    (0.000,13)    (0.000,0)    (0.000,12)    (0.000,2)    (0.000,6)    (1.000,9)    (0.000,3)    
Total frac: 1.000

Sketch (16) (cm: eps0: 0.00625, del0: 0.05, min_mem: 1.69921875)
Par: 1, Rows: 1
(0.000,14)    (0.000,13)    (0.000,6)    (1.000,11)    (0.000,4)    (1.000,9)    (0.000,1)    (0.000,7)    (-0.000,12)    (0.000,5)    (1.000,10)    (-0.000,8)    (0.000,2)    (0.000,0)    
Total frac: 3.000
Par: 2, Rows: 1
(0.000,13)    (0.000,2)    (1.000,11)    (0.000,0)    (-0.000,9)    (0.000,14)    (0.000,1)    (0.000,6)    (0.000,4)    (0.000,7)    (0.000,5)    (1.000,12)    (1.000,10)    (-0.000,8)    
Total frac: 3.000
Par: 3, Rows: 1
(0.000,12)    (-0.000,9)    (1.000,8)    (0.000,1)    (0.000,0)    (0.000,5)    (1.000,10)    (1.000,11)    (0.000,4)    (0.000,2)    (0.000,14)    (0.000,13)    (0.000,6)    (0.000,7)    
Total frac: 3.000

Sketch (17) (cm: eps0: 0.00625, del0: 0.05, min_mem: 1.69921875)
Par: 1, Rows: 1
(0.000,1)    (0.000,6)    (1.000,12)    (-0.000,8)    (0.000,5)    (-0.000,11)    (0.000,0)    (-0.000,10)    (-0.000,13)    (0.000,2)    (0.000,7)    (-0.000,9)    (0.000,14)    (0.000,3)    
Total frac: 1.000
Par: 2, Rows: 1
(0.000,1)    (0.000,7)    (1.000,12)    (0.000,5)    (-0.000,10)    (0.000,2)    (0.000,3)    (-0.000,8)    (0.000,0)    (-0.000,13)    (-0.000,14)    (0.000,6)    (-0.000,11)    (0.000,9)    
Total frac: 1.000
Par: 3, Rows: 1
(0.000,5)    (0.000,3)    (1.000,12)    (-0.000,10)    (-0.000,13)    (0.000,2)    (-0.000,8)    (-0.000,11)    (0.000,0)    (-0.000,9)    (-0.000,14)    (0.000,1)    (0.000,6)    (0.000,7)    
Total frac: 1.000

Sketch (18) (cm: eps0: 0.00625, del0: 0.05, min_mem: 1.69921875)
Par: 1, Rows: 1
(0.000,2)    (1.000,11)    (-0.000,13)    (-0.000,14)    (1.000,12)    (0.000,6)    (0.000,9)    (0.000,3)    (0.000,8)    (0.000,1)    (0.000,0)    (0.000,5)    (-0.000,10)    (0.000,4)    
Total frac: 2.000
Par: 2, Rows: 1
(0.000,0)    (-0.000,10)    (0.000,4)    (1.000,13)    (0.000,2)    (-0.000,9)    (-0.000,14)    (0.000,3)    (1.000,12)    (0.000,1)    (0.000,6)    (0.000,5)    (-0.000,8)    (-0.000,11)    
Total frac: 2.000
Par: 3, Rows: 1
(1.000,13)    (0.000,6)    (0.000,11)    (-0.000,14)    (0.000,1)    (0.000,4)    (0.000,9)    (-0.000,12)    (0.000,2)    (0.000,0)    (0.000,5)    (-0.000,10)    (0.000,3)    (1.000,8)    
Total frac: 2.000

Sketch (19) (cm: eps0: 0.00625, del0: 0.05, min_mem: 1.69921875)
Par: 1, Rows: 1
(1.000,10)    (-0.000,8)    (0.000,1)    (0.000,6)    (-0.000,9)    (0.000,4)    (1.000,12)    (0.000,5)    (0.000,3)    (0.000,13)    (0.000,11)    
Total frac: 2.000
Par: 2, Rows: 1
(0.000,1)    (0.000,9)    (0.000,3)    (1.000,8)    (0.000,11)    (0.000,5)    (1.000,10)    (0.000,4)    (0.000,13)    (0.000,6)    (0.000,12)    
Total frac: 2.000
Par: 3, Rows: 1
(-0.000,12)    (0.000,9)    (0.000,3)    (0.000,11)    (1.000,8)    (0.000,5)    (-0.000,13)    (1.000,10)    (0.000,4)    (0.000,1)    (0.000,6)    
Total frac: 2.000

Sketch (20) (cm: eps0: 0.00625, del0: 0.05, min_mem: 1.69921875)
Par: 1, Rows: 1
(-0.000,10)    (0.000,0)    (-0.000,13)    (1.000,8)    (0.000,6)    (-0.000,11)    (-0.000,14)    (0.000,4)    (0.000,1)    (-0.000,12)    
Total frac: 1.000
Par: 2, Rows: 1
(-0.000,12)    (-0.000,13)    (-0.000,10)    (-0.000,11)    (0.000,0)    (0.000,8)    (0.000,1)    (0.000,6)    (1.000,14)    (0.000,4)    
Total frac: 1.000
Par: 3, Rows: 1
(-0.000,10)    (0.000,4)    (-0.000,13)    (-0.000,12)    (0.000,6)    (1.000,14)    (0.000,1)    (0.000,0)    (-0.000,8)    (-0.000,11)    
Total frac: 1.000

Sketch (21) (cm: eps0: 0.00625, del0: 0.05, min_mem: 1.69921875)
Par: 1, Rows: 1
(0.000,8)    (-0.000,13)    (0.000,2)    (0.000,7)    (-0.000,10)    (1.000,12)    (0.000,1)    (0.000,6)    (-0.000,9)    (-0.000,14)    (0.000,3)    (-0.000,11)    (0.000,0)    (0.000,5)    
Total frac: 1.000
Par: 2, Rows: 1
(0.000,1)    (0.000,2)    (0.000,0)    (-0.000,13)    (0.000,14)    (-0.000,11)    (1.000,12)    (0.000,9)    (-0.000,10)    (0.000,8)    (0.000,7)    (0.000,5)    (0.000,6)    (0.000,3)    
Total frac: 1.000
Par: 3, Rows: 1
(-0.000,11)    (0.000,6)    (-0.000,9)    (0.000,2)    (0.000,0)    (-0.000,14)    (1.000,12)    (-0.000,10)    (-0.000,8)    (0.000,7)    (0.000,5)    (0.000,3)    (0.000,1)    (-0.000,13)    
Total frac: 1.000

Sketch (22) (cm: eps0: 0.00625, del0: 0.05, min_mem: 1.69921875)
Par: 1, Rows: 1
(0.000,7)    (0.000,3)    (0.000,4)    (0.000,0)    (-0.000,11)    (1.000,12)    (-0.000,8)    (0.000,6)    (0.000,2)    (-0.000,13)    (-0.000,14)    (0.000,9)    (-0.000,10)    
Total frac: 1.000
Par: 2, Rows: 1
(0.000,3)    (-0.000,10)    (-0.000,11)    (0.000,4)    (0.000,0)    (0.000,12)    (-0.000,13)    (-0.000,8)    (0.000,6)    (-0.000,9)    (0.000,2)    (0.000,7)    (1.000,14)    
Total frac: 1.000
Par: 3, Rows: 1
(0.000,7)    (0.000,4)    (0.000,2)    (0.000,6)    (0.000,3)    (-0.000,13)    (1.000,12)    (0.000,0)    (-0.000,10)    (0.000,14)    (-0.000,11)    (-0.000,9)    (-0.000,8)    
Total frac: 1.000

Sketch (23) (cm: eps0: 0.00625, del0: 0.05, min_mem: 1.69921875)
Par: 1, Rows: 1
(0.000,8)    (0.000,5)    (0.000,3)    (1.000,13)    (0.000,1)    (0.000,4)    (-0.000,11)    (0.000,6)    (-0.000,9)    (-0.000,12)    (0.000,0)    (0.000,10)    (-0.000,14)    
Total frac: 1.000
Par: 2, Rows: 1
(0.000,5)    (-0.000,11)    (-0.000,8)    (0.000,6)    (1.000,13)    (0.000,1)    (-0.000,10)    (0.000,14)    (-0.000,9)    (0.000,4)    (0.000,3)    (-0.000,12)    (0.000,0)    
Total frac: 1.000
Par: 3, Rows: 1
(-0.000,12)    (0.000,0)    (1.000,13)    (0.000,1)    (-0.000,8)    (0.000,6)    (-0.000,9)    (0.000,10)    (0.000,14)    (0.000,3)    (0.000,4)    (0.000,5)    (0.000,11)    
Total frac: 1.000

Sketch (24) (cm: eps0: 0.00625, del0: 0.05, min_mem: 1.69921875)
Par: 1, Rows: 1
(-0.000,11)    (0.000,12)    (0.000,5)    (0.000,3)    (-0.000,14)    (-0.000,9)    (-0.000,10)    (1.000,8)    (0.000,7)    (0.000,1)    (0.000,2)    (0.000,0)    (1.000,13)    
Total frac: 2.000
Par: 2, Rows: 1
(0.000,2)    (0.000,0)    (-0.000,12)    (0.000,9)    (-0.000,14)    (0.000,7)    (0.000,10)    (1.000,8)    (0.000,1)    (1.000,13)    (0.000,11)    (0.000,5)    (0.000,3)    
Total frac: 2.000
Par: 3, Rows: 1
(-0.000,14)    (-0.000,9)    (0.000,10)    (0.000,0)    (0.000,11)    (0.000,12)    (0.000,3)    (0.000,1)    (0.000,2)    (1.000,13)    (1.000,8)    (0.000,5)    (0.000,7)    
Total frac: 2.000

Sketch (25) (cm: eps0: 0.00625, del0: 0.05, min_mem: 1.69921875)
Par: 1, Rows: 1
(-0.000,14)    (0.000,11)    (0.000,3)    (-0.000,10)    (0.000,0)    (-0.000,12)    (1.000,13)    (0.000,5)    (0.000,6)    (0.000,2)    (0.000,7)    (1.000,8)    (0.000,9)    
Total frac: 2.000
Par: 2, Rows: 1
(1.000,8)    (0.000,7)    (0.000,2)    (0.000,6)    (1.000,13)    (-0.000,12)    (0.000,5)    (0.000,0)    (-0.000,11)    (0.000,3)    (-0.000,10)    (-0.000,14)    (0.000,9)    
Total frac: 2.000
Par: 3, Rows: 1
(-0.000,14)    (0.000,8)    (1.000,13)    (0.000,5)    (0.000,2)    (0.000,11)    (0.000,6)    (0.000,3)    (-0.000,12)    (0.000,0)    (1.000,9)    (0.000,7)    (-0.000,10)    
Total frac: 2.000

Sketch (26) (cm: eps0: 0.00625, del0: 0.05, min_mem: 1.69921875)
Par: 1, Rows: 1
(0.000,2)    (-0.000,13)    (-0.000,10)    (-0.000,14)    (-0.000,9)    (1.000,12)    (0.000,4)    
Total frac: 1.000
Par: 2, Rows: 1
(0.000,2)    (1.000,9)    (-0.000,10)    (-0.000,14)    (0.000,12)    (-0.000,13)    (0.000,4)    
Total frac: 1.000
Par: 3, Rows: 1
(0.000,2)    (0.000,14)    (0.000,4)    (-0.000,13)    (-0.000,12)    (1.000,9)    (-0.000,10)    
Total frac: 1.000

Sketch (27) (cm: eps0: 0.00625, del0: 0.05, min_mem: 1.69921875)
Par: 1, Rows: 1
(-0.000,12)    (0.000,10)    (0.000,7)    (0.000,5)    (0.000,3)    (0.000,14)    (0.000,13)    (1.000,11)    (0.000,6)    (0.000,9)    
Total frac: 1.000
Par: 2, Rows: 1
(0.000,14)    (1.000,11)    (0.000,12)    (0.000,5)    (0.000,6)    (0.000,13)    (0.000,9)    (0.000,10)    (0.000,7)    (0.000,3)    
Total frac: 1.000
Par: 3, Rows: 1
(1.000,11)    (0.000,5)    (0.000,14)    (0.000,12)    (0.000,13)    (0.000,6)    (0.000,9)    (0.000,7)    (0.000,3)    (0.000,10)    
Total frac: 1.000

Sketch (28) (cm: eps0: 0.00625, del0: 0.05, min_mem: 1.69921875)
Par: 1, Rows: 1
(0.000,5)    (1.000,14)    (0.000,4)    (0.000,6)    (0.000,3)    (-0.000,13)    (-0.000,12)    (-0.000,10)    (1.000,11)    (0.000,9)    (0.000,8)    (0.000,7)    (0.000,0)    
Total frac: 2.000
Par: 2, Rows: 1
(0.000,3)    (-0.000,13)    (0.000,0)    (1.000,14)    (0.000,4)    (1.000,11)    (0.000,6)    (0.000,9)    (-0.000,12)    (-0.000,10)    (-0.000,8)    (0.000,7)    (0.000,5)    
Total frac: 2.000
Par: 3, Rows: 1
(-0.000,10)    (0.000,9)    (0.000,7)    (0.000,0)    (0.000,4)    (0.000,3)    (-0.000,12)    (0.000,5)    (-0.000,14)    (1.000,11)    (1.000,8)    (0.000,6)    (-0.000,13)    
Total frac: 2.000

Sketch (29) (cm: eps0: 0.00625, del0: 0.05, min_mem: 1.69921875)
Par: 1, Rows: 1
(-0.000,8)    (0.000,6)    (1.000,9)    (0.000,7)    (1.000,10)    (0.000,3)    (0.000,0)    (0.000,1)    (0.000,4)    (0.000,5)    (-0.000,11)    (0.000,2)    (1.000,12)    (-0.000,13)    (-0.000,14)    
Total frac: 3.000
Par: 2, Rows: 1
(1.000,9)    (1.000,10)    (-0.000,8)    (0.000,1)    (0.000,2)    (0.000,0)    (0.000,7)    (0.000,6)    (1.000,14)    (0.000,13)    (-0.000,11)    (-0.000,12)    (0.000,5)    (0.000,3)    (0.000,4)    
Total frac: 3.000
Par: 3, Rows: 1
(0.000,1)    (0.000,7)    (1.000,10)    (1.000,8)    (0.000,2)    (0.000,0)    (-0.000,13)    (-0.000,11)    (0.000,5)    (0.000,6)    (0.000,3)    (-0.000,14)    (-0.000,12)    (1.000,9)    (0.000,4)    
Total frac: 3.000

Sketch (30) (cm: eps0: 0.00625, del0: 0.05, min_mem: 1.69921875)
Par: 1, Rows: 1
(-0.000,11)    (1.000,12)    (0.000,3)    (0.000,4)    (0.000,6)    (-0.000,14)    (-0.000,13)    (-0.000,8)    (0.000,5)    (0.000,0)    (0.000,7)    (-0.000,9)    (1.000,10)    (0.000,1)    
Total frac: 2.000
Par: 2, Rows: 1
(-0.000,12)    (-0.000,13)    (0.000,4)    (0.000,5)    (0.000,6)    (1.000,14)    (0.000,7)    (0.000,8)    (-0.000,9)    (0.000,0)    (0.000,1)    (-0.000,11)    (0.000,3)    (1.000,10)    
Total frac: 2.000
Par: 3, Rows: 1
(0.000,6)    (-0.000,13)    (-0.000,12)    (0.000,5)    (1.000,14)    (0.000,4)    (-0.000,11)    (0.000,3)    (1.000,10)    (-0.000,9)    (-0.000,8)    (0.000,1)    (0.000,7)    (0.000,0)    
Total frac: 2.000

Sketch (31) (cm: eps0: 0.00625, del0: 0.05, min_mem: 1.69921875)
Par: 1, Rows: 1
(0.000,5)    (-0.000,11)    (0.000,3)    (0.000,12)    (-0.000,14)    (0.000,4)    (-0.000,9)    (0.000,1)    (0.000,7)    (-0.000,10)    (0.000,2)    (0.000,8)    (1.000,13)    (0.000,0)    
Total frac: 1.000
Par: 2, Rows: 1
(-0.000,8)    (0.000,7)    (0.000,0)    (-0.000,10)    (0.000,2)    (-0.000,9)    (0.000,12)    (0.000,1)    (0.000,4)    (-0.000,11)    (0.000,3)    (1.000,13)    (0.000,5)    (-0.000,14)    
Total frac: 1.000
Par: 3, Rows: 1
(-0.000,14)    (-0.000,8)    (-0.000,9)    (0.000,0)    (0.000,1)    (-0.000,10)    (0.000,11)    (0.000,2)    (0.000,3)    (0.000,12)    (1.000,13)    (0.000,4)    (0.000,5)    (0.000,7)    
Total frac: 1.000

Sketch (32) (cm: eps0: 0.00625, del0: 0.05, min_mem: 1.69921875)
Par: 1, Rows: 1
(0.000,7)    (0.000,5)    (0.000,6)    (-0.000,13)    (1.000,11)    (0.000,10)    
Total frac: 1.000
Par: 2, Rows: 1
(-0.000,10)    (0.000,7)    (0.000,5)    (0.000,6)    (-0.000,13)    (1.000,11)    
Total frac: 1.000
Par: 3, Rows: 1
(0.000,6)    (1.000,11)    (0.000,13)    (0.000,7)    (-0.000,10)    (0.000,5)    
Total frac: 1.000

Sketch (33) (cm: eps0: 0.00625, del0: 0.05, min_mem: 1.69921875)
Par: 1, Rows: 1
(0.000,6)    (-0.000,12)    (0.000,2)    (-0.000,13)    (1.000,8)    (0.000,7)    (-0.000,14)    (1.000,9)    (0.000,3)    (-0.000,11)    (0.000,1)    
Total frac: 2.000
Par: 2, Rows: 1
(0.000,14)    (-0.000,13)    (-0.000,12)    (-0.000,11)    (1.000,9)    (1.000,8)    (0.000,7)    (0.000,2)    (0.000,6)    (0.000,3)    (0.000,1)    
Total frac: 2.000
Par: 3, Rows: 1
(-0.000,13)    (0.000,6)    (0.000,11)    (1.000,14)    (1.000,9)    (-0.000,12)    (0.000,7)    (-0.000,8)    (0.000,3)    (0.000,1)    (0.000,2)    
Total frac: 2.000

Sketch (34) (cm: eps0: 0.00625, del0: 0.05, min_mem: 1.69921875)
Par: 1, Rows: 1
(0.000,4)    (-0.000,9)    (0.000,3)    (0.000,0)    (0.000,5)    (0.000,12)    (0.000,6)    (1.000,11)    (0.000,1)    (1.000,8)    (0.000,14)    (0.000,13)    (0.000,7)    (1.000,10)    
Total frac: 3.000
Par: 2, Rows: 1
(0.000,3)    (1.000,10)    (0.000,4)    (0.000,5)    (0.000,0)    (1.000,11)    (0.000,1)    (0.000,12)    (0.000,13)    (0.000,6)    (0.000,7)    (1.000,8)    (0.000,14)    (0.000,9)    
Total frac: 3.000
Par: 3, Rows: 1
(1.000,10)    (0.000,7)    (1.000,8)    (0.000,6)    (0.000,1)    (0.000,0)    (0.000,5)    (0.000,3)    (0.000,4)    (0.000,13)    (1.000,11)    (0.000,12)    (0.000,14)    (0.000,9)    
Total frac: 3.000

Sketch (35) (cm: eps0: 0.00625, del0: 0.05, min_mem: 1.69921875)
Par: 1, Rows: 1
(1.000,10)    (0.000,8)    (0.000,5)    (0.000,6)    (0.000,3)    (-0.000,13)    (0.000,0)    (-0.000,11)    (0.000,4)    (1.000,12)    (0.000,14)    (0.000,9)    (0.000,7)    
Total frac: 2.000
Par: 2, Rows: 1
(0.000,5)    (-0.000,13)    (0.000,7)    (0.000,8)    (0.000,14)    (0.000,0)    (-0.000,9)    (1.000,10)    (0.000,3)    (0.000,4)    (0.000,6)    (-0.000,11)    (1.000,12)    
Total frac: 2.000
Par: 3, Rows: 1
(1.000,12)    (-0.000,13)    (0.000,7)    (0.000,8)    (0.000,14)    (-0.000,9)    (0.000,3)    (0.000,0)    (-0.000,11)    (1.000,10)    (0.000,4)    (0.000,5)    (0.000,6)    
Total frac: 2.000

Sketch (36) (cm: eps0: 0.00625, del0: 0.05, min_mem: 1.69921875)
Par: 1, Rows: 1
(0.000,13)    (0.000,3)    (-0.000,12)    (1.000,11)    (0.000,14)    (1.000,10)    (0.000,7)    (1.000,9)    (-0.000,8)    (0.000,2)    (0.000,6)    (0.000,1)    (0.000,5)    (0.000,0)    (0.000,4)    
Total frac: 3.000
Par: 2, Rows: 1
(0.000,0)    (1.000,11)    (0.000,4)    (-0.000,12)    (0.000,7)    (0.000,14)    (-0.000,9)    (1.000,10)    (0.000,1)    (0.000,5)    (1.000,8)    (0.000,2)    (0.000,13)    (0.000,6)    (0.000,3)    
Total frac: 3.000
Par: 3, Rows: 1
(1.000,10)    (0.000,0)    (0.000,4)    (-0.000,9)    (0.000,3)    (-0.000,12)    (0.000,2)    (0.000,6)    (1.000,11)    (0.000,1)    (0.000,5)    (0.000,13)    (0.000,7)    (1.000,8)    (0.000,14)    
Total frac: 3.000

Sketch (37) (cm: eps0: 0.00625, del0: 0.05, min_mem: 1.69921875)
Par: 1, Rows: 1
(0.000,8)    (0.000,14)    (-0.000,9)    (0.000,3)    (-0.000,10)    (0.000,0)    (-0.000,11)    (0.000,4)    (0.000,5)    (1.000,12)    (0.000,2)    (-0.000,13)    (0.000,7)    
Total frac: 1.000
Par: 2, Rows: 1
(0.000,3)    (0.000,4)    (-0.000,13)    (-0.000,11)    (-0.000,12)    (-0.000,9)    (-0.000,10)    (0.000,8)    (0.000,2)    (0.000,0)    (1.000,14)    (0.000,7)    (0.000,5)    
Total frac: 1.000
Par: 3, Rows: 1
(0.000,4)    (-0.000,13)    (-0.000,11)    (-0.000,9)    (1.000,12)    (-0.000,10)    (0.000,8)    (0.000,7)    (0.000,5)    (0.000,2)    (0.000,3)    (0.000,0)    (-0.000,14)    
Total frac: 1.000

Sketch (38) (cm: eps0: 0.00625, del0: 0.05, min_mem: 1.69921875)
Par: 1, Rows: 1
(-0.000,13)    (1.000,9)    (-0.000,10)    (0.000,3)    (0.000,4)    (0.000,1)    (0.000,2)    (-0.000,14)    (0.000,5)    (-0.000,12)    (-0.000,8)    
Total frac: 1.000
Par: 2, Rows: 1
(0.000,8)    (1.000,9)    (0.000,3)    (0.000,1)    (-0.000,10)    (0.000,4)    (0.000,5)    (0.000,2)    (-0.000,14)    (0.000,12)    (-0.000,13)    
Total frac: 1.000
Par: 3, Rows: 1
(1.000,9)    (0.000,2)    (-0.000,8)    (0.000,1)    (0.000,5)    (-0.000,14)    (0.000,4)    (0.000,3)    (-0.000,13)    (-0.000,12)    (-0.000,10)    
Total frac: 1.000

Sketch (39) (cm: eps0: 0.00625, del0: 0.05, min_mem: 1.69921875)
Par: 1, Rows: 1
(-0.000,12)    (0.000,10)    (0.000,1)    (0.000,5)    (0.000,8)    (0.000,3)    (0.000,0)    (-0.000,14)    (1.000,13)    (0.000,6)    (-0.000,11)    (-0.000,9)    
Total frac: 1.000
Par: 2, Rows: 1
(0.000,5)    (-0.000,14)    (-0.000,12)    (0.000,6)    (0.000,11)    (-0.000,8)    (1.000,13)    (0.000,0)    (0.000,10)    (-0.000,9)    (0.000,3)    (0.000,1)    
Total frac: 1.000
Par: 3, Rows: 1
(-0.000,11)    (0.000,14)    (-0.000,12)    (1.000,13)    (0.000,6)    (0.000,8)    (-0.000,9)    (0.000,3)    (0.000,0)    (-0.000,10)    (0.000,1)    (0.000,5)    
Total frac: 1.000

Sketch (40) (cm: eps0: 0.00625, del0: 0.05, min_mem: 1.69921875)
Par: 1, Rows: 1
(0.000,3)    (-0.000,13)    (-0.000,11)    (1.000,12)    (0.000,1)    (0.000,2)    (-0.000,9)    (0.000,7)    (-0.000,8)    (0.000,14)    
Total frac: 1.000
Par: 2, Rows: 1
(0.000,3)    (-0.000,13)    (-0.000,14)    (-0.000,11)    (0.000,1)    (0.000,12)    (1.000,9)    (0.000,7)    (0.000,2)    (-0.000,8)    
Total frac: 1.000
Par: 3, Rows: 1
(0.000,7)    (-0.000,8)    (0.000,1)    (0.000,2)    (0.000,9)    (0.000,3)    (-0.000,11)    (1.000,12)    (-0.000,14)    (-0.000,13)    
Total frac: 1.000

Sketch (41) (cm: eps0: 0.00625, del0: 0.05, min_mem: 1.69921875)
Par: 1, Rows: 1
(0.000,0)    (1.000,8)    (0.000,9)    (0.000,3)    (0.000,2)    (1.000,11)    (1.000,10)    (0.000,4)    (0.000,5)    (0.000,6)    (-0.000,12)    (0.000,13)    (0.000,14)    (0.000,7)    
Total frac: 3.000
Par: 2, Rows: 1
(1.000,10)    (0.000,7)    (0.000,0)    (0.000,9)    (1.000,8)    (0.000,6)    (0.000,5)    (0.000,14)    (0.000,4)    (0.000,13)    (0.000,3)    (-0.000,12)    (1.000,11)    (0.000,2)    
Total frac: 3.000
Par: 3, Rows: 1
(0.000,7)    (0.000,9)    (0.000,2)    (1.000,10)    (0.000,0)    (0.000,5)    (1.000,8)    (0.000,13)    (0.000,6)    (0.000,3)    (0.000,14)    (1.000,11)    (0.000,4)    (-0.000,12)    
Total frac: 3.000

Sketch (42) (cm: eps0: 0.00625, del0: 0.05, min_mem: 1.69921875)
Par: 1, Rows: 1
(0.000,3)    (0.000,12)    (0.000,6)    (1.000,11)    (0.000,5)    (-0.000,14)    (-0.000,13)    (0.000,7)    (0.000,0)    (1.000,8)    (0.000,2)    (0.000,1)    (-0.000,10)    (0.000,4)    (-0.000,9)    
Total frac: 2.000
Par: 2, Rows: 1
(-0.000,11)    (0.000,4)    (0.000,5)    (0.000,12)    (1.000,13)    (0.000,6)    (0.000,7)    (-0.000,14)    (0.000,0)    (0.000,1)    (1.000,8)    (-0.000,9)    (0.000,2)    (0.000,3)    (-0.000,10)    
Total frac: 2.000
Par: 3, Rows: 1
(-0.000,10)    (0.000,7)    (0.000,3)    (0.000,5)    (0.000,1)    (-0.000,11)    (1.000,13)    (1.000,9)    (0.000,4)    (0.000,6)    (0.000,0)    (0.000,2)    (-0.000,12)    (-0.000,14)    (0.000,8)    
Total frac: 2.000

Sketch (43) (cm: eps0: 0.00625, del0: 0.05, min_mem: 1.69921875)
Par: 1, Rows: 1
(-0.000,12)    (0.000,3)    (-0.000,14)    (0.000,5)    (-0.000,8)    (-0.000,10)    (0.000,1)    (-0.000,11)    (1.000,13)    (-0.000,9)    (0.000,7)    
Total frac: 1.000
Par: 2, Rows: 1
(0.000,1)    (1.000,13)    (-0.000,12)    (-0.000,9)    (-0.000,8)    (0.000,7)    (0.000,3)    (-0.000,14)    (0.000,11)    (-0.000,10)    (0.000,5)    
Total frac: 1.000
Par: 3, Rows: 1
(1.000,13)    (-0.000,9)    (0.000,7)    (-0.000,12)    (0.000,3)    (0.000,8)    (-0.000,11)    (-0.000,14)    (0.000,5)    (0.000,10)    (0.000,1)    
Total frac: 1.000

Sketch (44) (cm: eps0: 0.00625, del0: 0.05, min_mem: 1.69921875)
Par: 1, Rows: 1
(0.000,4)    (-0.000,12)    (0.000,0)    (-0.000,10)    (0.000,7)    (-0.000,14)    (-0.000,8)    (0.000,5)    (1.000,13)    (0.000,11)    
Total frac: 1.000
Par: 2, Rows: 1
(0.000,4)    (0.000,7)    (-0.000,12)    (0.000,0)    (0.000,5)    (0.000,10)    (-0.000,14)    (-0.000,8)    (1.000,13)    (0.000,11)    
Total frac: 1.000
Par: 3, Rows: 1
(0.000,10)    (-0.000,14)    (-0.000,11)    (0.000,5)    (0.000,4)    (1.000,13)    (-0.000,12)    (0.000,0)    (0.000,7)    (0.000,8)    
Total frac: 1.000

Sketch (45) (cm: eps0: 0.00625, del0: 0.05, min_mem: 1.69921875)
Par: 1, Rows: 1
(0.000,2)    (-0.000,10)    (0.000,14)    (-0.000,13)    (0.000,4)    (1.000,9)    (-0.000,12)    (0.000,0)    (-0.000,8)    
Total frac: 1.000
Par: 2, Rows: 1
(-0.000,14)    (-0.000,8)    (-0.000,10)    (-0.000,13)    (0.000,0)    (0.000,2)    (-0.000,9)    (1.000,12)    (0.000,4)    
Total frac: 1.000
Par: 3, Rows: 1
(-0.000,13)    (-0.000,14)    (-0.000,8)    (-0.000,10)    (-0.000,9)    (0.000,0)    (0.000,2)    (1.000,12)    (0.000,4)    
Total frac: 1.000

Sketch (46) (cm: eps0: 0.00625, del0: 0.05, min_mem: 1.69921875)
Par: 1, Rows: 1
(-0.000,12)    (0.000,5)    (0.000,7)    (0.000,6)    (0.000,2)    (-0.000,9)    (1.000,8)    (1.000,11)    (0.000,3)    (0.000,14)    (0.000,1)    (-0.000,10)    (0.000,0)    (-0.000,13)    
Total frac: 2.000
Par: 2, Rows: 1
(-0.000,10)    (0.000,0)    (0.000,7)    (-0.000,12)    (0.000,9)    (0.000,6)    (1.000,11)    (0.000,3)    (0.000,2)    (1.000,8)    (0.000,1)    (-0.000,13)    (-0.000,14)    (0.000,5)    
Total frac: 2.000
Par: 3, Rows: 1
(0.000,2)    (0.000,6)    (-0.000,12)    (0.000,0)    (-0.000,9)    (0.000,7)    (-0.000,10)    (-0.000,14)    (-0.000,13)    (1.000,8)    (0.000,1)    (0.000,5)    (1.000,11)    (0.000,3)    
Total frac: 2.000

Sketch (47) (cm: eps0: 0.00625, del0: 0.05, min_mem: 1.69921875)
Par: 1, Rows: 1
(1.000,9)    (0.000,7)    (0.000,2)    (0.000,6)    (-0.000,12)    (0.000,13)    (0.000,1)    (0.000,5)    (1.000,11)    (-0.000,10)    (-0.000,14)    (-0.000,8)    
Total frac: 2.000
Par: 2, Rows: 1
(-0.000,8)    (0.000,11)    (-0.000,10)    (-0.000,14)    (1.000,13)    (1.000,12)    (0.000,1)    (0.000,5)    (0.000,7)    (0.000,2)    (0.000,6)    (-0.000,9)    
Total frac: 2.000
Par: 3, Rows: 1
(1.000,8)    (0.000,13)    (0.000,1)    (0.000,5)    (-0.000,10)    (0.000,7)    (-0.000,14)    (-0.000,12)    (0.000,9)    (0.000,2)    (0.000,6)    (1.000,11)    
Total frac: 2.000

Sketch (48) (cm: eps0: 0.00625, del0: 0.05, min_mem: 1.69921875)
Par: 1, Rows: 1
(-0.000,11)    (0.000,2)    (1.000,13)    (0.000,14)    (1.000,9)    (0.000,4)    (0.000,6)    (-0.000,12)    (0.000,1)    (-0.000,8)    (0.000,10)    (0.000,7)    (0.000,3)    (0.000,5)    
Total frac: 2.000
Par: 2, Rows: 1
(1.000,9)    (0.000,2)    (0.000,14)    (0.000,4)    (0.000,1)    (0.000,6)    (0.000,7)    (-0.000,12)    (0.000,3)    (0.000,5)    (-0.000,8)    (-0.000,10)    (0.000,11)    (1.000,13)    
Total frac: 2.000
Par: 3, Rows: 1
(0.000,7)    (0.000,6)    (0.000,3)    (0.000,1)    (0.000,11)    (-0.000,10)    (0.000,5)    (0.000,4)    (0.000,2)    (1.000,13)    (-0.000,12)    (0.000,14)    (1.000,9)    (-0.000,8)    
Total frac: 2.000

Sketch (49) (cm: eps0: 0.00625, del0: 0.05, min_mem: 1.69921875)
Par: 1, Rows: 1
(0.000,3)    (1.000,14)    (-0.000,8)    (0.000,6)    (-0.000,11)    (0.000,5)    (0.000,0)    (1.000,10)    (-0.000,13)    (0.000,4)    (1.000,9)    (0.000,7)    (0.000,2)    (-0.000,12)    
Total frac: 3.000
Par: 2, Rows: 1
(1.000,10)    (0.000,7)    (0.000,8)    (0.000,5)    (0.000,3)    (0.000,2)    (-0.000,13)    (0.000,0)    (-0.000,11)    (0.000,4)    (1.000,14)    (1.000,9)    (0.000,6)    (-0.000,12)    
Total frac: 3.000
Par: 3, Rows: 1
(0.000,7)    (0.000,6)    (-0.000,12)    (0.000,5)    (1.000,10)    (0.000,3)    (-0.000,8)    (-0.000,13)    (-0.000,11)    (0.000,2)    (1.000,9)    (0.000,0)    (0.000,4)    (1.000,14)    
Total frac: 3.000

Sketch (50) (cm: eps0: 0.00625, del0: 0.05, min_mem: 1.69921875)
Par: 1, Rows: 1
(0.000,5)    (0.000,2)    (-0.000,13)    (1.000,12)    (0.000,14)    (0.000,9)    (-0.000,8)    (0.000,3)    (-0.000,10)    (0.000,1)    (0.000,0)    
Total frac: 1.000
Par: 2, Rows: 1
(0.000,0)    (-0.000,13)    (0.000,2)    (0.000,9)    (1.000,12)    (0.000,3)    (0.000,14)    (0.000,8)    (0.000,1)    (0.000,5)    (-0.000,10)    
Total frac: 1.000
Par: 3, Rows: 1
(0.000,3)    (0.000,5)    (0.000,14)    (0.000,9)    (1.000,12)    (0.000,1)    (0.000,8)    (-0.000,10)    (0.000,0)    (0.000,2)    (-0.000,13)    
Total frac: 1.000

Sketch (51) (cm: eps0: 0.00625, del0: 0.05, min_mem: 1.69921875)
Par: 1, Rows: 1
(-0.000,10)    (0.000,0)    (-0.000,9)    (0.000,1)    (0.000,7)    (-0.000,14)    (-0.000,12)    (0.000,4)    (0.000,11)    (1.000,13)    (0.000,3)    (0.000,5)    (-0.000,8)    
Total frac: 1.000
Par: 2, Rows: 1
(-0.000,14)    (-0.000,9)    (-0.000,8)    (0.000,1)    (0.000,0)    (-0.000,11)    (0.000,3)    (-0.000,10)    (1.000,13)    (-0.000,12)    (0.000,5)    (0.000,4)    (0.000,7)    
Total frac: 1.000
Par: 3, Rows: 1
(0.000,1)    (0.000,11)    (0.000,3)    (-0.000,14)    (-0.000,8)    (0.000,0)    (1.000,13)    (0.000,5)    (0.000,10)    (0.000,7)    (0.000,12)    (0.000,4)    (-0.000,9)    
Total frac: 1.000

Sketch (52) (cm: eps0: 0.00625, del0: 0.05, min_mem: 1.69921875)
Par: 1, Rows: 1
(0.000,7)    (0.000,1)    (1.000,10)    (0.000,2)    (-0.000,13)    (0.000,8)    (0.000,5)    (-0.000,11)    (0.000,3)    (-0.000,12)    (0.000,4)    (1.000,14)    (-0.000,9)    
Total frac: 2.000
Par: 2, Rows: 1
(0.000,4)    (0.000,14)    (-0.000,13)    (0.000,5)    (-0.000,11)    (1.000,10)    (0.000,3)    (0.000,2)    (-0.000,8)    (-0.000,9)    (0.000,7)    (0.000,1)    (1.000,12)    
Total frac: 2.000
Par: 3, Rows: 1
(1.000,10)    (0.000,2)    (-0.000,13)    (0.000,12)    (0.000,5)    (0.000,4)    (0.000,7)    (1.000,14)    (-0.000,9)    (-0.000,8)    (0.000,1)    (-0.000,11)    (0.000,3)    
Total frac: 2.000

Sketch (53) (cm: eps0: 0.00625, del0: 0.05, min_mem: 1.69921875)
Par: 1, Rows: 1
(-0.000,10)    (0.000,7)    (0.000,2)    (1.000,12)    (0.000,4)    (0.000,9)    (0.000,6)    (-0.000,11)    (0.000,3)    (0.000,14)    (0.000,8)    (0.000,0)    (-0.000,13)    
Total frac: 1.000
Par: 2, Rows: 1
(-0.000,11)    (0.000,4)    (-0.000,13)    (0.000,6)    (0.000,0)    (-0.000,9)    (0.000,2)    (0.000,14)    (0.000,7)    (1.000,12)    (0.000,3)    (-0.000,8)    (-0.000,10)    
Total frac: 1.000
Par: 3, Rows: 1
(-0.000,9)    (0.000,4)    (0.000,6)    (0.000,0)    (0.000,7)    (0.000,2)    (0.000,3)    (-0.000,14)    (1.000,12)    (0.000,8)    (-0.000,10)    (-0.000,11)    (-0.000,13)    
Total frac: 1.000

Sketch (54) (cm: eps0: 0.00625, del0: 0.05, min_mem: 1.69921875)
Par: 1, Rows: 1
(0.000,14)    (0.000,11)    (0.000,5)    (0.000,4)    (1.000,10)    (0.000,1)    (0.000,13)    (0.000,12)    (0.000,6)    (0.000,3)    (0.000,9)    (0.000,8)    
Total frac: 1.000
Par: 2, Rows: 1
(0.000,8)    (0.000,14)    (0.000,11)    (0.000,5)    (0.000,1)    (0.000,4)    (1.000,10)    (0.000,13)    (0.000,3)    (0.000,9)    (0.000,12)    (0.000,6)    
Total frac: 1.000
Par: 3, Rows: 1
(0.000,5)    (1.000,10)    (0.000,3)    (0.000,8)    (0.000,1)    (0.000,4)    (0.000,13)    (-0.000,11)    (0.000,6)    (0.000,9)    (0.000,14)    (0.000,12)    
Total frac: 1.000

Sketch (55) (cm: eps0: 0.00625, del0: 0.05, min_mem: 1.69921875)
Par: 1, Rows: 1
(-0.000,14)    (-0.000,12)    (0.000,1)    (-0.000,10)    (1.000,8)    (-0.000,13)    (1.000,11)    (-0.000,9)    (0.000,4)    (0.000,7)    (0.000,2)    (0.000,6)    
Total frac: 2.000
Par: 2, Rows: 1
(0.000,7)    (-0.000,13)    (1.000,12)    (0.000,2)    (0.000,6)    (-0.000,9)    (-0.000,8)    (-0.000,14)    (0.000,4)    (-0.000,10)    (1.000,11)    (0.000,1)    
Total frac: 2.000
Par: 3, Rows: 1
(0.000,7)    (1.000,13)    (-0.000,9)    (-0.000,12)    (0.000,2)    (0.000,6)    (1.000,8)    (-0.000,14)    (-0.000,11)    (0.000,1)    (0.000,4)    (-0.000,10)    
Total frac: 2.000

Sketch (56) (cm: eps0: 0.00625, del0: 0.05, min_mem: 1.69921875)
Par: 1, Rows: 1
(0.000,2)    (0.000,4)    (0.000,7)    (0.000,9)    (1.000,12)    (0.000,14)    (0.000,1)    (0.000,3)    (0.000,5)    (0.000,8)    (-0.000,10)    (-0.000,11)    (-0.000,13)    (0.000,6)    (0.000,0)    
Total frac: 1.000
Par: 2, Rows: 1
(0.000,6)    (0.000,0)    (0.000,7)    (0.000,2)    (0.000,9)    (0.000,4)    (0.000,1)    (1.000,12)    (0.000,3)    (0.000,14)    (0.000,5)    (-0.000,11)    (-0.000,13)    (0.000,8)    (-0.000,10)    
Total frac: 1.000
Par: 3, Rows: 1
(0.000,3)    (0.000,9)    (0.000,8)    (-0.000,11)    (-0.000,14)    (0.000,1)    (0.000,0)    (0.000,5)    (0.000,4)    (-0.000,10)    (0.000,7)    (-0.000,13)    (1.000,12)    (0.000,6)    (0.000,2)    
Total frac: 1.000

Sketch (57) (cm: eps0: 0.00625, del0: 0.05, min_mem: 1.69921875)
Par: 1, Rows: 1
(-0.000,11)    (0.000,1)    (1.000,8)    (-0.000,14)    (0.000,5)    (0.000,7)    (-0.000,13)    (0.000,4)    (1.000,10)    (-0.000,12)    (0.000,3)    (0.000,2)    (1.000,9)    
Total frac: 3.000
Par: 2, Rows: 1
(0.000,14)    (0.000,1)    (0.000,5)    (1.000,10)    (0.000,3)    (-0.000,13)    (1.000,8)    (-0.000,11)    (0.000,2)    (0.000,4)    (0.000,7)    (-0.000,12)    (1.000,9)    
Total frac: 3.000
Par: 3, Rows: 1
(0.000,5)    (0.000,3)    (1.000,14)    (-0.000,13)    (-0.000,11)    (1.000,10)    (-0.000,8)    (0.000,7)    (0.000,2)    (1.000,9)    (0.000,4)    (-0.000,12)    (0.000,1)    
Total frac: 3.000

Sketch (58) (cm: eps0: 0.00625, del0: 0.05, min_mem: 1.69921875)
Par: 1, Rows: 1
(0.000,7)    (-0.000,13)    (-0.000,12)    (0.000,2)    (0.000,6)    (0.000,3)    (-0.000,9)    (-0.000,8)    (0.000,11)    (1.000,14)    (0.000,1)    (0.000,0)    
Total frac: 1.000
Par: 2, Rows: 1
(0.000,0)    (1.000,12)    (0.000,2)    (0.000,6)    (0.000,3)    (-0.000,9)    (-0.000,11)    (0.000,1)    (0.000,8)    (0.000,7)    (-0.000,14)    (-0.000,13)    
Total frac: 1.000
Par: 3, Rows: 1
(0.000,1)    (0.000,7)    (-0.000,12)    (0.000,3)    (-0.000,8)    (0.000,0)    (0.000,2)    (1.000,14)    (0.000,11)    (-0.000,13)    (0.000,6)    (-0.000,9)    
Total frac: 1.000

Sketch (59) (cm: eps0: 0.00625, del0: 0.05, min_mem: 1.69921875)
Par: 1, Rows: 1
(0.000,5)    (-0.000,12)    (-0.000,10)    (-0.000,11)    (-0.000,13)    (0.000,2)    (-0.000,9)    (1.000,14)    (0.000,6)    
Total frac: 1.000
Par: 2, Rows: 1
(0.000,5)    (-0.000,10)    (0.000,2)    (-0.000,14)    (-0.000,13)    (-0.000,12)    (0.000,6)    (1.000,9)    (-0.000,11)    
Total frac: 1.000
Par: 3, Rows: 1
(-0.000,10)    (-0.000,13)    (0.000,2)    (-0.000,9)    (1.000,14)    (0.000,12)    (0.000,6)    (-0.000,11)    (0.000,5)    
Total frac: 1.000

Sketch (60) (cm: eps0: 0.00625, del0: 0.05, min_mem: 1.69921875)
Par: 1, Rows: 1
(0.000,0)    (0.000,4)    (-0.000,13)    (-0.000,14)    (-0.000,11)    (-0.000,9)    (0.000,7)    (1.000,12)    (0.000,5)    (1.000,10)    (0.000,3)    (-0.000,8)    (0.000,2)    
Total frac: 2.000
Par: 2, Rows: 1
(-0.000,8)    (-0.000,13)    (0.000,2)    (-0.000,11)    (0.000,0)    (1.000,9)    (0.000,4)    (-0.000,14)    (0.000,7)    (0.000,5)    (0.000,3)    (-0.000,12)    (1.000,10)    
Total frac: 2.000
Par: 3, Rows: 1
(0.000,3)    (0.000,9)    (0.000,8)    (0.000,0)    (0.000,5)    (0.000,4)    (1.000,10)    (-0.000,11)    (0.000,2)    (0.000,7)    (-0.000,13)    (1.000,12)    (-0.000,14)    
Total frac: 2.000

Sketch (61) (cm: eps0: 0.00625, del0: 0.05, min_mem: 1.69921875)
Par: 1, Rows: 1
(1.000,9)    (-0.000,12)    (-0.000,14)    (0.000,6)    (-0.000,8)    (-0.000,11)    (0.000,0)    (-0.000,13)    (0.000,2)    (0.000,3)    
Total frac: 1.000
Par: 2, Rows: 1
(-0.000,9)    (1.000,12)    (0.000,0)    (0.000,2)    (0.000,3)    (0.000,8)    (-0.000,11)    (-0.000,13)    (0.000,6)    (-0.000,14)    
Total frac: 1.000
Par: 3, Rows: 1
(-0.000,12)    (0.000,3)    (-0.000,11)    (0.000,0)    (-0.000,13)    (0.000,2)    (-0.000,8)    (0.000,6)    (1.000,9)    (-0.000,14)    
Total frac: 1.000

Sketch (62) (cm: eps0: 0.00625, del0: 0.05, min_mem: 1.69921875)
Par: 1, Rows: 1
(0.000,2)    (0.000,5)    (0.000,4)    (-0.000,10)    (0.000,7)    (-0.000,13)    (0.000,12)    (0.000,6)    (-0.000,14)    (0.000,0)    (0.000,3)    (1.000,9)    (1.000,8)    (1.000,11)    
Total frac: 3.000
Par: 2, Rows: 1
(0.000,5)    (0.000,7)    (-0.000,13)    (0.000,2)    (0.000,4)    (-0.000,10)    (-0.000,12)    (0.000,6)    (0.000,3)    (1.000,9)    (-0.000,14)    (1.000,11)    (0.000,0)    (1.000,8)    
Total frac: 3.000
Par: 3, Rows: 1
(-0.000,13)    (1.000,8)    (1.000,11)    (0.000,6)    (0.000,4)    (0.000,14)    (0.000,7)    (-0.000,12)    (1.000,9)    (0.000,2)    (0.000,5)    (0.000,0)    (-0.000,10)    (0.000,3)    
Total frac: 3.000

Sketch (63) (cm: eps0: 0.00625, del0: 0.05, min_mem: 1.69921875)
Par: 1, Rows: 1
(-0.000,10)    (0.000,6)    (0.000,5)    (1.000,13)    (-0.000,11)    
Total frac: 1.000
Par: 2, Rows: 1
(1.000,11)    (0.000,5)    (-0.000,10)    (-0.000,13)    (0.000,6)    
Total frac: 1.000
Par: 3, Rows: 1
(0.000,6)    (1.000,11)    (0.000,5)    (0.000,13)    (-0.000,10)    
Total frac: 1.000

Device (0) CPU1:
Rows total: 0.0
Mem total: 0.0

Device (1) CPU2:
Rows total: 0.0
Mem total: 0.0

Device (2) CPU3:
Rows total: 0.0
Mem total: 0.0

Device (3) CPU4:
Rows total: 0.0
Mem total: 0.0

Device (4) CPU5:
Rows total: 0.0
Mem total: 0.0

Device (5) CPU6:
Rows total: 0.0
Mem total: 0.0

Device (6) CPU7:
Rows total: 0.0
Mem total: 0.0

Device (7) CPU8:
Rows total: 0.0
Mem total: 0.0

Device (8) tor_P41:
Rows total: 48.0
Mem total: 81.5625

Device (9) tor_P42:
Rows total: 47.0
Mem total: 79.86328125

Device (10) tor_P43:
Rows total: 48.0
Mem total: 81.5625

Device (11) tor_P44:
Rows total: 48.0
Mem total: 81.5625

Device (12) l1_P41:
Rows total: 48.0
Mem total: 81.5625

Device (13) l1_P42:
Rows total: 48.0
Mem total: 81.5625

Device (14) l2_P4:
Rows total: 28.0
Mem total: 47.578125
--------------------------------------------------
Changed value of parameter NonConvex to 2
   Prev: -1  Min: -1  Max: 2  Default: -1
Changed value of parameter NonConvex to 2
   Prev: -1  Min: -1  Max: 2  Default: -1
Changed value of parameter NonConvex to 2
   Prev: -1  Min: -1  Max: 2  Default: -1
Changed value of parameter NonConvex to 2
   Prev: -1  Min: -1  Max: 2  Default: -1
Changed value of parameter NonConvex to 2
   Prev: -1  Min: -1  Max: 2  Default: -1
Changed value of parameter NonConvex to 2
   Prev: -1  Min: -1  Max: 2  Default: -1
Changed value of parameter NonConvex to 2
   Prev: -1  Min: -1  Max: 2  Default: -1
Changed value of parameter NonConvex to 2
   Prev: -1  Min: -1  Max: 2  Default: -1

Throughput: 97.99999999999999 Mpps, ns per packet: 10.204081632653063
Resources: 649.9011230468728
Used Cores: 55.99999999999978, Total CPUS: 8, Switch Memory: 535.25390625

Sketch (0) (cm: eps0: 0.00625, del0: 0.05, min_mem: 1.69921875)
Par: 1, Rows: 1
(-0.000,9)    (0.000,6)    (0.000,4)    (-0.000,14)    (-0.000,12)    (1.000,10)    (0.000,8)    (0.000,5)    (0.000,3)    (0.000,1)    (-0.000,13)    (1.000,11)    
Total frac: 2.000
Par: 2, Rows: 1
(0.000,6)    (0.000,4)    (1.000,14)    (0.000,5)    (-0.000,12)    (0.000,3)    (1.000,10)    (0.000,1)    (0.000,8)    (-0.000,13)    (-0.000,11)    (-0.000,9)    
Total frac: 2.000
Par: 3, Rows: 1
(0.000,3)    (-0.000,14)    (1.000,10)    (1.000,11)    (0.000,5)    (0.000,4)    (0.000,1)    (-0.000,13)    (-0.000,12)    (0.000,9)    (0.000,8)    (0.000,6)    
Total frac: 2.000

Sketch (1) (cm: eps0: 0.00625, del0: 0.05, min_mem: 1.69921875)
Par: 1, Rows: 1
(0.000,11)    (0.000,5)    (-0.000,10)    (0.000,1)    (1.000,13)    (-0.000,9)    (0.000,4)    (0.000,7)    (-0.000,12)    (0.000,3)    (1.000,8)    (0.000,6)    
Total frac: 2.000
Par: 2, Rows: 1
(0.000,7)    (0.000,5)    (1.000,8)    (0.000,3)    (-0.000,13)    (0.000,1)    (1.000,11)    (-0.000,9)    (0.000,4)    (0.000,6)    (-0.000,12)    (-0.000,10)    
Total frac: 2.000
Par: 3, Rows: 1
(-0.000,10)    (0.000,3)    (-0.000,13)    (0.000,1)    (1.000,8)    (1.000,11)    (0.000,9)    (0.000,4)    (0.000,6)    (0.000,7)    (0.000,5)    (-0.000,12)    
Total frac: 2.000

Sketch (2) (cm: eps0: 0.00625, del0: 0.05, min_mem: 1.69921875)
Par: 1, Rows: 1
(-0.000,13)    (-0.000,12)    (0.000,0)    (-0.000,9)    (0.000,7)    (0.000,8)    (0.000,6)    (0.000,3)    (-0.000,10)    (1.000,14)    (0.000,5)    (1.000,11)    (0.000,4)    
Total frac: 2.000
Par: 2, Rows: 1
(0.000,4)    (0.000,9)    (0.000,7)    (-0.000,12)    (0.000,0)    (0.000,3)    (0.000,8)    (0.000,6)    (0.000,5)    (1.000,11)    (-0.000,10)    (1.000,14)    (-0.000,13)    
Total frac: 2.000
Par: 3, Rows: 1
(0.000,0)    (-0.000,9)    (-0.000,12)    (0.000,4)    (0.000,7)    (1.000,14)    (-0.000,10)    (0.000,8)    (-0.000,13)    (1.000,11)    (0.000,5)    (0.000,3)    (0.000,6)    
Total frac: 2.000

Sketch (3) (cm: eps0: 0.00625, del0: 0.05, min_mem: 1.69921875)
Par: 1, Rows: 1
(-0.000,9)    (0.000,2)    (0.000,0)    (0.000,7)    (1.000,12)    (0.000,1)    (0.000,4)    (-0.000,13)    (1.000,11)    (-0.000,14)    (0.000,5)    (0.000,3)    (-0.000,10)    (-0.000,8)    
Total frac: 2.000
Par: 2, Rows: 1
(0.000,11)    (0.000,3)    (-0.000,14)    (0.000,1)    (-0.000,10)    (0.000,0)    (1.000,13)    (0.000,5)    (-0.000,12)    (0.000,4)    (0.000,7)    (0.000,2)    (-0.000,9)    (1.000,8)    
Total frac: 2.000
Par: 3, Rows: 1
(0.000,3)    (-0.000,8)    (0.000,1)    (1.000,13)    (-0.000,14)    (0.000,5)    (-0.000,10)    (0.000,0)    (0.000,7)    (1.000,12)    (-0.000,9)    (0.000,4)    (-0.000,11)    (0.000,2)    
Total frac: 2.000

Sketch (4) (cm: eps0: 0.00625, del0: 0.05, min_mem: 1.69921875)
Par: 1, Rows: 1
(1.000,10)    (-0.000,14)    (-0.000,13)    (0.000,1)    (0.000,5)    (-0.000,8)    (-0.000,11)    (0.000,3)    (0.000,2)    (0.000,6)    (-0.000,12)    (0.000,0)    (1.000,9)    (0.000,4)    (0.000,7)    
Total frac: 2.000
Par: 2, Rows: 1
(-0.000,13)    (0.000,1)    (0.000,5)    (1.000,10)    (-0.000,11)    (0.000,14)    (0.000,3)    (-0.000,8)    (-0.000,9)    (0.000,2)    (0.000,6)    (0.000,7)    (1.000,12)    (0.000,0)    (0.000,4)    
Total frac: 2.000
Par: 3, Rows: 1
(0.000,0)    (0.000,4)    (0.000,7)    (0.000,2)    (0.000,6)    (-0.000,9)    (-0.000,8)    (-0.000,11)    (0.000,3)    (1.000,10)    (0.000,14)    (-0.000,13)    (0.000,1)    (0.000,5)    (1.000,12)    
Total frac: 2.000

Sketch (5) (cm: eps0: 0.00625, del0: 0.05, min_mem: 1.69921875)
Par: 1, Rows: 1
(-0.000,12)    (0.000,0)    (-0.000,9)    (0.000,2)    (0.000,6)    (-0.000,11)    (-0.000,8)    (-0.000,13)    (0.000,1)    (0.000,5)    (-0.000,10)    (1.000,14)    
Total frac: 1.000
Par: 2, Rows: 1
(0.000,1)    (-0.000,12)    (-0.000,10)    (-0.000,8)    (0.000,5)    (0.000,2)    (-0.000,13)    (0.000,0)    (-0.000,11)    (1.000,14)    (0.000,9)    (0.000,6)    
Total frac: 1.000
Par: 3, Rows: 1
(0.000,5)    (-0.000,12)    (-0.000,10)    (-0.000,8)    (-0.000,13)    (-0.000,11)    (-0.000,9)    (0.000,2)    (0.000,0)    (1.000,14)    (0.000,1)    (0.000,6)    
Total frac: 1.000

Sketch (6) (cm: eps0: 0.00625, del0: 0.05, min_mem: 1.69921875)
Par: 1, Rows: 1
(0.000,5)    (1.000,13)    (0.000,7)    (-0.000,10)    (-0.000,11)    
Total frac: 1.000
Par: 2, Rows: 1
(-0.000,10)    (0.000,13)    (0.000,7)    (1.000,11)    (0.000,5)    
Total frac: 1.000
Par: 3, Rows: 1
(1.000,13)    (-0.000,11)    (-0.000,10)    (0.000,7)    (0.000,5)    
Total frac: 1.000

Sketch (7) (cm: eps0: 0.00625, del0: 0.05, min_mem: 1.69921875)
Par: 1, Rows: 1
(-0.000,11)    (0.000,2)    (0.000,9)    (-0.000,14)    (0.000,4)    (0.000,1)    (0.000,6)    (0.000,7)    (-0.000,12)    (-0.000,10)    (0.000,3)    (1.000,13)    (-0.000,8)    
Total frac: 1.000
Par: 2, Rows: 1
(0.000,7)    (-0.000,8)    (0.000,6)    (0.000,3)    (0.000,10)    (0.000,1)    (0.000,11)    (0.000,4)    (0.000,2)    (1.000,13)    (-0.000,12)    (-0.000,14)    (-0.000,9)    
Total frac: 1.000
Par: 3, Rows: 1
(0.000,14)    (0.000,3)    (0.000,1)    (-0.000,8)    (0.000,6)    (-0.000,11)    (-0.000,10)    (1.000,13)    (0.000,4)    (0.000,2)    (-0.000,9)    (0.000,7)    (-0.000,12)    
Total frac: 1.000

Sketch (8) (cm: eps0: 0.00625, del0: 0.05, min_mem: 1.69921875)
Par: 1, Rows: 1
(0.000,4)    (0.000,7)    (-0.000,10)    (-0.000,8)    (1.000,13)    (0.000,11)    (0.000,5)    (0.000,3)    (-0.000,14)    (-0.000,9)    (0.000,1)    (-0.000,12)    
Total frac: 1.000
Par: 2, Rows: 1
(0.000,7)    (-0.000,12)    (0.000,4)    (1.000,13)    (0.000,11)    (0.000,5)    (0.000,3)    (0.000,10)    (-0.000,8)    (-0.000,9)    (0.000,1)    (0.000,14)    
Total frac: 1.000
Par: 3, Rows: 1
(-0.000,10)    (1.000,13)    (0.000,5)    (-0.000,12)    (0.000,4)    (0.000,7)    (-0.000,14)    (-0.000,9)    (0.000,1)    (-0.000,8)    (-0.000,11)    (0.000,3)    
Total frac: 1.000

Sketch (9) (cm: eps0: 0.00625, del0: 0.05, min_mem: 1.69921875)
Par: 1, Rows: 1
(0.000,5)    (0.000,10)    (0.000,2)    (0.000,7)    (-0.000,12)    (1.000,9)    (0.000,1)    (0.000,6)    (1.000,11)    (-0.000,14)    (0.000,3)    (-0.000,8)    (0.000,0)    (-0.000,13)    
Total frac: 2.000
Par: 2, Rows: 1
(0.000,0)    (-0.000,11)    (0.000,3)    (0.000,6)    (1.000,12)    (-0.000,14)    (1.000,9)    (0.000,1)    (0.000,7)    (0.000,10)    (0.000,2)    (-0.000,13)    (0.000,5)    (-0.000,8)    
Total frac: 2.000
Par: 3, Rows: 1
(-0.000,8)    (0.000,0)    (1.000,9)    (0.000,1)    (0.000,6)    (0.000,7)    (1.000,12)    (-0.000,14)    (-0.000,13)    (0.000,5)    (0.000,10)    (-0.000,11)    (0.000,2)    (0.000,3)    
Total frac: 2.000

Sketch (10) (cm: eps0: 0.00625, del0: 0.05, min_mem: 1.69921875)
Par: 1, Rows: 1
(0.000,14)    (1.000,9)    (0.000,1)    (-0.000,8)    (-0.000,11)    (1.000,10)    (0.000,2)    (-0.000,13)    (0.000,5)    (-0.000,12)    (0.000,4)    (0.000,7)    
Total frac: 2.000
Par: 2, Rows: 1
(0.000,1)    (-0.000,11)    (0.000,14)    (-0.000,8)    (-0.000,13)    (0.000,5)    (1.000,10)    (0.000,2)    (0.000,7)    (1.000,12)    (0.000,4)    (-0.000,9)    
Total frac: 2.000
Par: 3, Rows: 1
(1.000,12)    (0.000,5)    (1.000,10)    (-0.000,8)    (0.000,1)    (-0.000,13)    (-0.000,11)    (0.000,4)    (0.000,9)    (0.000,2)    (-0.000,14)    (0.000,7)    
Total frac: 2.000

Sketch (11) (cm: eps0: 0.00625, del0: 0.05, min_mem: 1.69921875)
Par: 1, Rows: 1
(-0.000,10)    (1.000,13)    (-0.000,11)    (0.000,6)    (0.000,4)    (0.000,5)    
Total frac: 1.000
Par: 2, Rows: 1
(-0.000,13)    (0.000,6)    (0.000,5)    (-0.000,10)    (1.000,11)    (0.000,4)    
Total frac: 1.000
Par: 3, Rows: 1
(0.000,4)    (1.000,13)    (0.000,6)    (0.000,5)    (-0.000,11)    (-0.000,10)    
Total frac: 1.000

Sketch (12) (cm: eps0: 0.00625, del0: 0.05, min_mem: 1.69921875)
Par: 1, Rows: 1
(0.000,4)    (0.000,2)    (0.000,6)    (-0.000,11)    (0.000,9)    (-0.000,14)    (0.000,7)    (-0.000,12)    (-0.000,10)    (0.000,3)    (1.000,8)    (0.000,1)    (1.000,13)    
Total frac: 2.000
Par: 2, Rows: 1
(0.000,9)    (0.000,4)    (0.000,2)    (0.000,6)    (0.000,7)    (-0.000,14)    (0.000,3)    (0.000,1)    (-0.000,12)    (-0.000,10)    (-0.000,13)    (1.000,8)    (1.000,11)    
Total frac: 2.000
Par: 3, Rows: 1
(1.000,8)    (-0.000,14)    (-0.000,10)    (0.000,4)    (1.000,11)    (0.000,1)    (-0.000,13)    (0.000,7)    (-0.000,12)    (0.000,2)    (0.000,6)    (0.000,9)    (0.000,3)    
Total frac: 2.000

Sketch (13) (cm: eps0: 0.00625, del0: 0.05, min_mem: 1.69921875)
Par: 1, Rows: 1
(0.000,5)    (1.000,8)    (1.000,14)    (0.000,1)    (-0.000,10)    (0.000,4)    (-0.000,13)    (0.000,0)    (-0.000,9)    (-0.000,12)    (0.000,2)    
Total frac: 2.000
Par: 2, Rows: 1
(0.000,1)    (0.000,5)    (-0.000,10)    (1.000,8)    (-0.000,13)    (0.000,2)    (0.000,0)    (0.000,4)    (1.000,9)    (-0.000,12)    (-0.000,14)    
Total frac: 2.000
Par: 3, Rows: 1
(-0.000,12)    (-0.000,14)    (0.000,5)    (-0.000,13)    (-0.000,10)    (1.000,8)    (0.000,2)    (1.000,9)    (0.000,0)    (0.000,1)    (0.000,4)    
Total frac: 2.000

Sketch (14) (cm: eps0: 0.00625, del0: 0.05, min_mem: 1.69921875)
Par: 1, Rows: 1
(0.000,4)    (0.000,13)    (0.000,6)    (0.000,12)    (0.000,2)    (1.000,9)    (0.000,3)    (1.000,8)    (0.000,14)    (0.000,11)    (0.000,1)    (0.000,0)    (-0.000,10)    
Total frac: 2.000
Par: 2, Rows: 1
(0.000,10)    (0.000,4)    (0.000,6)    (0.000,12)    (0.000,2)    (1.000,9)    (0.000,3)    (0.000,11)    (0.000,1)    (1.000,8)    (0.000,14)    (0.000,13)    (0.000,0)    
Total frac: 2.000
Par: 3, Rows: 1
(0.000,0)    (0.000,4)    (0.000,12)    (1.000,9)    (0.000,14)    (0.000,1)    (0.000,10)    (0.000,13)    (0.000,3)    (1.000,8)    (0.000,2)    (0.000,6)    (0.000,11)    
Total frac: 2.000

Sketch (15) (cm: eps0: 0.00625, del0: 0.05, min_mem: 1.69921875)
Par: 1, Rows: 1
(-0.000,8)    (0.000,2)    (0.000,6)    (1.000,9)    (0.000,0)    (0.000,12)    (0.000,14)    (0.000,13)    (0.000,3)    (0.000,11)    
Total frac: 1.000
Par: 2, Rows: 1
(1.000,9)    (0.000,3)    (0.000,8)    (0.000,14)    (0.000,11)    (0.000,0)    (0.000,13)    (0.000,12)    (0.000,2)    (0.000,6)    
Total frac: 1.000
Par: 3, Rows: 1
(0.000,11)    (0.000,8)    (-0.000,14)    (0.000,13)    (0.000,0)    (0.000,12)    (0.000,2)    (0.000,6)    (1.000,9)    (0.000,3)    
Total frac: 1.000

Sketch (16) (cm: eps0: 0.00625, del0: 0.05, min_mem: 1.69921875)
Par: 1, Rows: 1
(0.000,14)    (0.000,13)    (0.000,6)    (1.000,11)    (0.000,4)    (1.000,9)    (0.000,1)    (0.000,7)    (-0.000,12)    (0.000,5)    (1.000,10)    (-0.000,8)    (0.000,2)    (0.000,0)    
Total frac: 3.000
Par: 2, Rows: 1
(0.000,13)    (0.000,2)    (1.000,11)    (0.000,0)    (-0.000,9)    (0.000,14)    (0.000,1)    (0.000,6)    (0.000,4)    (0.000,7)    (0.000,5)    (1.000,12)    (1.000,10)    (-0.000,8)    
Total frac: 3.000
Par: 3, Rows: 1
(0.000,12)    (-0.000,9)    (1.000,8)    (0.000,1)    (0.000,0)    (0.000,5)    (1.000,10)    (1.000,11)    (0.000,4)    (0.000,2)    (0.000,14)    (0.000,13)    (0.000,6)    (0.000,7)    
Total frac: 3.000

Sketch (17) (cm: eps0: 0.00625, del0: 0.05, min_mem: 1.69921875)
Par: 1, Rows: 1
(0.000,1)    (0.000,6)    (1.000,12)    (-0.000,8)    (0.000,5)    (-0.000,11)    (0.000,0)    (-0.000,10)    (-0.000,13)    (0.000,2)    (0.000,7)    (-0.000,9)    (0.000,14)    (0.000,3)    
Total frac: 1.000
Par: 2, Rows: 1
(0.000,1)    (0.000,7)    (1.000,12)    (0.000,5)    (-0.000,10)    (0.000,2)    (0.000,3)    (-0.000,8)    (0.000,0)    (-0.000,13)    (-0.000,14)    (0.000,6)    (-0.000,11)    (0.000,9)    
Total frac: 1.000
Par: 3, Rows: 1
(0.000,5)    (0.000,3)    (1.000,12)    (-0.000,10)    (-0.000,13)    (0.000,2)    (-0.000,8)    (-0.000,11)    (0.000,0)    (-0.000,9)    (-0.000,14)    (0.000,1)    (0.000,6)    (0.000,7)    
Total frac: 1.000

Sketch (18) (cm: eps0: 0.00625, del0: 0.05, min_mem: 1.69921875)
Par: 1, Rows: 1
(0.000,2)    (1.000,11)    (-0.000,13)    (-0.000,14)    (1.000,12)    (0.000,6)    (0.000,9)    (0.000,3)    (0.000,8)    (0.000,1)    (0.000,0)    (0.000,5)    (-0.000,10)    (0.000,4)    
Total frac: 2.000
Par: 2, Rows: 1
(0.000,0)    (-0.000,10)    (0.000,4)    (1.000,13)    (0.000,2)    (-0.000,9)    (-0.000,14)    (0.000,3)    (1.000,12)    (0.000,1)    (0.000,6)    (0.000,5)    (-0.000,8)    (-0.000,11)    
Total frac: 2.000
Par: 3, Rows: 1
(1.000,13)    (0.000,6)    (0.000,11)    (-0.000,14)    (0.000,1)    (0.000,4)    (0.000,9)    (-0.000,12)    (0.000,2)    (0.000,0)    (0.000,5)    (-0.000,10)    (0.000,3)    (1.000,8)    
Total frac: 2.000

Sketch (19) (cm: eps0: 0.00625, del0: 0.05, min_mem: 1.69921875)
Par: 1, Rows: 1
(1.000,10)    (-0.000,8)    (0.000,1)    (0.000,6)    (-0.000,9)    (0.000,4)    (1.000,12)    (0.000,5)    (0.000,3)    (0.000,13)    (0.000,11)    
Total frac: 2.000
Par: 2, Rows: 1
(0.000,1)    (0.000,9)    (0.000,3)    (1.000,8)    (0.000,11)    (0.000,5)    (1.000,10)    (0.000,4)    (0.000,13)    (0.000,6)    (0.000,12)    
Total frac: 2.000
Par: 3, Rows: 1
(-0.000,12)    (0.000,9)    (0.000,3)    (0.000,11)    (1.000,8)    (0.000,5)    (-0.000,13)    (1.000,10)    (0.000,4)    (0.000,1)    (0.000,6)    
Total frac: 2.000

Sketch (20) (cm: eps0: 0.00625, del0: 0.05, min_mem: 1.69921875)
Par: 1, Rows: 1
(-0.000,10)    (0.000,0)    (-0.000,13)    (1.000,8)    (0.000,6)    (-0.000,11)    (-0.000,14)    (0.000,4)    (0.000,1)    (-0.000,12)    
Total frac: 1.000
Par: 2, Rows: 1
(-0.000,12)    (-0.000,13)    (-0.000,10)    (-0.000,11)    (0.000,0)    (0.000,8)    (0.000,1)    (0.000,6)    (1.000,14)    (0.000,4)    
Total frac: 1.000
Par: 3, Rows: 1
(-0.000,10)    (0.000,4)    (-0.000,13)    (-0.000,12)    (0.000,6)    (1.000,14)    (0.000,1)    (0.000,0)    (-0.000,8)    (-0.000,11)    
Total frac: 1.000

Sketch (21) (cm: eps0: 0.00625, del0: 0.05, min_mem: 1.69921875)
Par: 1, Rows: 1
(0.000,8)    (-0.000,13)    (0.000,2)    (0.000,7)    (-0.000,10)    (1.000,12)    (0.000,1)    (0.000,6)    (-0.000,9)    (-0.000,14)    (0.000,3)    (-0.000,11)    (0.000,0)    (0.000,5)    
Total frac: 1.000
Par: 2, Rows: 1
(0.000,1)    (0.000,2)    (0.000,0)    (-0.000,13)    (0.000,14)    (-0.000,11)    (1.000,12)    (0.000,9)    (-0.000,10)    (0.000,8)    (0.000,7)    (0.000,5)    (0.000,6)    (0.000,3)    
Total frac: 1.000
Par: 3, Rows: 1
(-0.000,11)    (0.000,6)    (-0.000,9)    (0.000,2)    (0.000,0)    (-0.000,14)    (1.000,12)    (-0.000,10)    (-0.000,8)    (0.000,7)    (0.000,5)    (0.000,3)    (0.000,1)    (-0.000,13)    
Total frac: 1.000

Sketch (22) (cm: eps0: 0.00625, del0: 0.05, min_mem: 1.69921875)
Par: 1, Rows: 1
(0.000,7)    (0.000,3)    (0.000,4)    (0.000,0)    (-0.000,11)    (1.000,12)    (-0.000,8)    (0.000,6)    (0.000,2)    (-0.000,13)    (-0.000,14)    (0.000,9)    (-0.000,10)    
Total frac: 1.000
Par: 2, Rows: 1
(0.000,3)    (-0.000,10)    (-0.000,11)    (0.000,4)    (0.000,0)    (0.000,12)    (-0.000,13)    (-0.000,8)    (0.000,6)    (-0.000,9)    (0.000,2)    (0.000,7)    (1.000,14)    
Total frac: 1.000
Par: 3, Rows: 1
(0.000,7)    (0.000,4)    (0.000,2)    (0.000,6)    (0.000,3)    (-0.000,13)    (1.000,12)    (0.000,0)    (-0.000,10)    (0.000,14)    (-0.000,11)    (-0.000,9)    (-0.000,8)    
Total frac: 1.000

Sketch (23) (cm: eps0: 0.00625, del0: 0.05, min_mem: 1.69921875)
Par: 1, Rows: 1
(0.000,8)    (0.000,5)    (0.000,3)    (1.000,13)    (0.000,1)    (0.000,4)    (-0.000,11)    (0.000,6)    (-0.000,9)    (-0.000,12)    (0.000,0)    (0.000,10)    (-0.000,14)    
Total frac: 1.000
Par: 2, Rows: 1
(0.000,5)    (-0.000,11)    (-0.000,8)    (0.000,6)    (1.000,13)    (0.000,1)    (-0.000,10)    (0.000,14)    (-0.000,9)    (0.000,4)    (0.000,3)    (-0.000,12)    (0.000,0)    
Total frac: 1.000
Par: 3, Rows: 1
(-0.000,12)    (0.000,0)    (1.000,13)    (0.000,1)    (-0.000,8)    (0.000,6)    (-0.000,9)    (0.000,10)    (0.000,14)    (0.000,3)    (0.000,4)    (0.000,5)    (0.000,11)    
Total frac: 1.000

Sketch (24) (cm: eps0: 0.00625, del0: 0.05, min_mem: 1.69921875)
Par: 1, Rows: 1
(-0.000,11)    (0.000,12)    (0.000,5)    (0.000,3)    (-0.000,14)    (-0.000,9)    (-0.000,10)    (1.000,8)    (0.000,7)    (0.000,1)    (0.000,2)    (0.000,0)    (1.000,13)    
Total frac: 2.000
Par: 2, Rows: 1
(0.000,2)    (0.000,0)    (-0.000,12)    (0.000,9)    (-0.000,14)    (0.000,7)    (0.000,10)    (1.000,8)    (0.000,1)    (1.000,13)    (0.000,11)    (0.000,5)    (0.000,3)    
Total frac: 2.000
Par: 3, Rows: 1
(-0.000,14)    (-0.000,9)    (0.000,10)    (0.000,0)    (0.000,11)    (0.000,12)    (0.000,3)    (0.000,1)    (0.000,2)    (1.000,13)    (1.000,8)    (0.000,5)    (0.000,7)    
Total frac: 2.000

Sketch (25) (cm: eps0: 0.00625, del0: 0.05, min_mem: 1.69921875)
Par: 1, Rows: 1
(-0.000,14)    (0.000,11)    (0.000,3)    (-0.000,10)    (0.000,0)    (-0.000,12)    (1.000,13)    (0.000,5)    (0.000,6)    (0.000,2)    (0.000,7)    (1.000,8)    (0.000,9)    
Total frac: 2.000
Par: 2, Rows: 1
(1.000,8)    (0.000,7)    (0.000,2)    (0.000,6)    (1.000,13)    (-0.000,12)    (0.000,5)    (0.000,0)    (-0.000,11)    (0.000,3)    (-0.000,10)    (-0.000,14)    (0.000,9)    
Total frac: 2.000
Par: 3, Rows: 1
(-0.000,14)    (0.000,8)    (1.000,13)    (0.000,5)    (0.000,2)    (0.000,11)    (0.000,6)    (0.000,3)    (-0.000,12)    (0.000,0)    (1.000,9)    (0.000,7)    (-0.000,10)    
Total frac: 2.000

Sketch (26) (cm: eps0: 0.00625, del0: 0.05, min_mem: 1.69921875)
Par: 1, Rows: 1
(0.000,2)    (-0.000,13)    (-0.000,10)    (-0.000,14)    (-0.000,9)    (1.000,12)    (0.000,4)    
Total frac: 1.000
Par: 2, Rows: 1
(0.000,2)    (1.000,9)    (-0.000,10)    (-0.000,14)    (0.000,12)    (-0.000,13)    (0.000,4)    
Total frac: 1.000
Par: 3, Rows: 1
(0.000,2)    (0.000,14)    (0.000,4)    (-0.000,13)    (-0.000,12)    (1.000,9)    (-0.000,10)    
Total frac: 1.000

Sketch (27) (cm: eps0: 0.00625, del0: 0.05, min_mem: 1.69921875)
Par: 1, Rows: 1
(-0.000,12)    (0.000,10)    (0.000,7)    (0.000,5)    (0.000,3)    (0.000,14)    (0.000,13)    (1.000,11)    (0.000,6)    (0.000,9)    
Total frac: 1.000
Par: 2, Rows: 1
(0.000,14)    (1.000,11)    (0.000,12)    (0.000,5)    (0.000,6)    (0.000,13)    (0.000,9)    (0.000,10)    (0.000,7)    (0.000,3)    
Total frac: 1.000
Par: 3, Rows: 1
(1.000,11)    (0.000,5)    (0.000,14)    (0.000,12)    (0.000,13)    (0.000,6)    (0.000,9)    (0.000,7)    (0.000,3)    (0.000,10)    
Total frac: 1.000

Sketch (28) (cm: eps0: 0.00625, del0: 0.05, min_mem: 1.69921875)
Par: 1, Rows: 1
(0.000,5)    (1.000,14)    (0.000,4)    (0.000,6)    (0.000,3)    (-0.000,13)    (-0.000,12)    (-0.000,10)    (1.000,11)    (0.000,9)    (0.000,8)    (0.000,7)    (0.000,0)    
Total frac: 2.000
Par: 2, Rows: 1
(0.000,3)    (-0.000,13)    (0.000,0)    (1.000,14)    (0.000,4)    (1.000,11)    (0.000,6)    (0.000,9)    (-0.000,12)    (-0.000,10)    (-0.000,8)    (0.000,7)    (0.000,5)    
Total frac: 2.000
Par: 3, Rows: 1
(-0.000,10)    (0.000,9)    (0.000,7)    (0.000,0)    (0.000,4)    (0.000,3)    (-0.000,12)    (0.000,5)    (-0.000,14)    (1.000,11)    (1.000,8)    (0.000,6)    (-0.000,13)    
Total frac: 2.000

Sketch (29) (cm: eps0: 0.00625, del0: 0.05, min_mem: 1.69921875)
Par: 1, Rows: 1
(-0.000,8)    (0.000,6)    (1.000,9)    (0.000,7)    (1.000,10)    (0.000,3)    (0.000,0)    (0.000,1)    (0.000,4)    (0.000,5)    (-0.000,11)    (0.000,2)    (1.000,12)    (-0.000,13)    (-0.000,14)    
Total frac: 3.000
Par: 2, Rows: 1
(1.000,9)    (1.000,10)    (-0.000,8)    (0.000,1)    (0.000,2)    (0.000,0)    (0.000,7)    (0.000,6)    (1.000,14)    (0.000,13)    (-0.000,11)    (-0.000,12)    (0.000,5)    (0.000,3)    (0.000,4)    
Total frac: 3.000
Par: 3, Rows: 1
(0.000,1)    (0.000,7)    (1.000,10)    (1.000,8)    (0.000,2)    (0.000,0)    (-0.000,13)    (-0.000,11)    (0.000,5)    (0.000,6)    (0.000,3)    (-0.000,14)    (-0.000,12)    (1.000,9)    (0.000,4)    
Total frac: 3.000

Sketch (30) (cm: eps0: 0.00625, del0: 0.05, min_mem: 1.69921875)
Par: 1, Rows: 1
(-0.000,11)    (1.000,12)    (0.000,3)    (0.000,4)    (0.000,6)    (-0.000,14)    (-0.000,13)    (-0.000,8)    (0.000,5)    (0.000,0)    (0.000,7)    (-0.000,9)    (1.000,10)    (0.000,1)    
Total frac: 2.000
Par: 2, Rows: 1
(-0.000,12)    (-0.000,13)    (0.000,4)    (0.000,5)    (0.000,6)    (1.000,14)    (0.000,7)    (0.000,8)    (-0.000,9)    (0.000,0)    (0.000,1)    (-0.000,11)    (0.000,3)    (1.000,10)    
Total frac: 2.000
Par: 3, Rows: 1
(0.000,6)    (-0.000,13)    (-0.000,12)    (0.000,5)    (1.000,14)    (0.000,4)    (-0.000,11)    (0.000,3)    (1.000,10)    (-0.000,9)    (-0.000,8)    (0.000,1)    (0.000,7)    (0.000,0)    
Total frac: 2.000

Sketch (31) (cm: eps0: 0.00625, del0: 0.05, min_mem: 1.69921875)
Par: 1, Rows: 1
(0.000,5)    (-0.000,11)    (0.000,3)    (0.000,12)    (-0.000,14)    (0.000,4)    (-0.000,9)    (0.000,1)    (0.000,7)    (-0.000,10)    (0.000,2)    (0.000,8)    (1.000,13)    (0.000,0)    
Total frac: 1.000
Par: 2, Rows: 1
(-0.000,8)    (0.000,7)    (0.000,0)    (-0.000,10)    (0.000,2)    (-0.000,9)    (0.000,12)    (0.000,1)    (0.000,4)    (-0.000,11)    (0.000,3)    (1.000,13)    (0.000,5)    (-0.000,14)    
Total frac: 1.000
Par: 3, Rows: 1
(-0.000,14)    (-0.000,8)    (-0.000,9)    (0.000,0)    (0.000,1)    (-0.000,10)    (0.000,11)    (0.000,2)    (0.000,3)    (0.000,12)    (1.000,13)    (0.000,4)    (0.000,5)    (0.000,7)    
Total frac: 1.000

Sketch (32) (cm: eps0: 0.00625, del0: 0.05, min_mem: 1.69921875)
Par: 1, Rows: 1
(0.000,7)    (0.000,5)    (0.000,6)    (-0.000,13)    (1.000,11)    (0.000,10)    
Total frac: 1.000
Par: 2, Rows: 1
(-0.000,10)    (0.000,7)    (0.000,5)    (0.000,6)    (-0.000,13)    (1.000,11)    
Total frac: 1.000
Par: 3, Rows: 1
(0.000,6)    (1.000,11)    (0.000,13)    (0.000,7)    (-0.000,10)    (0.000,5)    
Total frac: 1.000

Sketch (33) (cm: eps0: 0.00625, del0: 0.05, min_mem: 1.69921875)
Par: 1, Rows: 1
(0.000,6)    (-0.000,12)    (0.000,2)    (-0.000,13)    (1.000,8)    (0.000,7)    (-0.000,14)    (1.000,9)    (0.000,3)    (-0.000,11)    (0.000,1)    
Total frac: 2.000
Par: 2, Rows: 1
(0.000,14)    (-0.000,13)    (-0.000,12)    (-0.000,11)    (1.000,9)    (1.000,8)    (0.000,7)    (0.000,2)    (0.000,6)    (0.000,3)    (0.000,1)    
Total frac: 2.000
Par: 3, Rows: 1
(-0.000,13)    (0.000,6)    (0.000,11)    (1.000,14)    (1.000,9)    (-0.000,12)    (0.000,7)    (-0.000,8)    (0.000,3)    (0.000,1)    (0.000,2)    
Total frac: 2.000

Sketch (34) (cm: eps0: 0.00625, del0: 0.05, min_mem: 1.69921875)
Par: 1, Rows: 1
(0.000,4)    (-0.000,9)    (0.000,3)    (0.000,0)    (0.000,5)    (0.000,12)    (0.000,6)    (1.000,11)    (0.000,1)    (1.000,8)    (0.000,14)    (0.000,13)    (0.000,7)    (1.000,10)    
Total frac: 3.000
Par: 2, Rows: 1
(0.000,3)    (1.000,10)    (0.000,4)    (0.000,5)    (0.000,0)    (1.000,11)    (0.000,1)    (0.000,12)    (0.000,13)    (0.000,6)    (0.000,7)    (1.000,8)    (0.000,14)    (0.000,9)    
Total frac: 3.000
Par: 3, Rows: 1
(1.000,10)    (0.000,7)    (1.000,8)    (0.000,6)    (0.000,1)    (0.000,0)    (0.000,5)    (0.000,3)    (0.000,4)    (0.000,13)    (1.000,11)    (0.000,12)    (0.000,14)    (0.000,9)    
Total frac: 3.000

Sketch (35) (cm: eps0: 0.00625, del0: 0.05, min_mem: 1.69921875)
Par: 1, Rows: 1
(1.000,10)    (0.000,8)    (0.000,5)    (0.000,6)    (0.000,3)    (-0.000,13)    (0.000,0)    (-0.000,11)    (0.000,4)    (1.000,12)    (0.000,14)    (0.000,9)    (0.000,7)    
Total frac: 2.000
Par: 2, Rows: 1
(0.000,5)    (-0.000,13)    (0.000,7)    (0.000,8)    (0.000,14)    (0.000,0)    (-0.000,9)    (1.000,10)    (0.000,3)    (0.000,4)    (0.000,6)    (-0.000,11)    (1.000,12)    
Total frac: 2.000
Par: 3, Rows: 1
(1.000,12)    (-0.000,13)    (0.000,7)    (0.000,8)    (0.000,14)    (-0.000,9)    (0.000,3)    (0.000,0)    (-0.000,11)    (1.000,10)    (0.000,4)    (0.000,5)    (0.000,6)    
Total frac: 2.000

Sketch (36) (cm: eps0: 0.00625, del0: 0.05, min_mem: 1.69921875)
Par: 1, Rows: 1
(0.000,13)    (0.000,3)    (-0.000,12)    (1.000,11)    (0.000,14)    (1.000,10)    (0.000,7)    (1.000,9)    (-0.000,8)    (0.000,2)    (0.000,6)    (0.000,1)    (0.000,5)    (0.000,0)    (0.000,4)    
Total frac: 3.000
Par: 2, Rows: 1
(0.000,0)    (1.000,11)    (0.000,4)    (-0.000,12)    (0.000,7)    (0.000,14)    (-0.000,9)    (1.000,10)    (0.000,1)    (0.000,5)    (1.000,8)    (0.000,2)    (0.000,13)    (0.000,6)    (0.000,3)    
Total frac: 3.000
Par: 3, Rows: 1
(1.000,10)    (0.000,0)    (0.000,4)    (-0.000,9)    (0.000,3)    (-0.000,12)    (0.000,2)    (0.000,6)    (1.000,11)    (0.000,1)    (0.000,5)    (0.000,13)    (0.000,7)    (1.000,8)    (0.000,14)    
Total frac: 3.000

Sketch (37) (cm: eps0: 0.00625, del0: 0.05, min_mem: 1.69921875)
Par: 1, Rows: 1
(0.000,8)    (0.000,14)    (-0.000,9)    (0.000,3)    (-0.000,10)    (0.000,0)    (-0.000,11)    (0.000,4)    (0.000,5)    (1.000,12)    (0.000,2)    (-0.000,13)    (0.000,7)    
Total frac: 1.000
Par: 2, Rows: 1
(0.000,3)    (0.000,4)    (-0.000,13)    (-0.000,11)    (-0.000,12)    (-0.000,9)    (-0.000,10)    (0.000,8)    (0.000,2)    (0.000,0)    (1.000,14)    (0.000,7)    (0.000,5)    
Total frac: 1.000
Par: 3, Rows: 1
(0.000,4)    (-0.000,13)    (-0.000,11)    (-0.000,9)    (1.000,12)    (-0.000,10)    (0.000,8)    (0.000,7)    (0.000,5)    (0.000,2)    (0.000,3)    (0.000,0)    (-0.000,14)    
Total frac: 1.000

Sketch (38) (cm: eps0: 0.00625, del0: 0.05, min_mem: 1.69921875)
Par: 1, Rows: 1
(-0.000,13)    (1.000,9)    (-0.000,10)    (0.000,3)    (0.000,4)    (0.000,1)    (0.000,2)    (-0.000,14)    (0.000,5)    (-0.000,12)    (-0.000,8)    
Total frac: 1.000
Par: 2, Rows: 1
(0.000,8)    (1.000,9)    (0.000,3)    (0.000,1)    (-0.000,10)    (0.000,4)    (0.000,5)    (0.000,2)    (-0.000,14)    (0.000,12)    (-0.000,13)    
Total frac: 1.000
Par: 3, Rows: 1
(1.000,9)    (0.000,2)    (-0.000,8)    (0.000,1)    (0.000,5)    (-0.000,14)    (0.000,4)    (0.000,3)    (-0.000,13)    (-0.000,12)    (-0.000,10)    
Total frac: 1.000

Sketch (39) (cm: eps0: 0.00625, del0: 0.05, min_mem: 1.69921875)
Par: 1, Rows: 1
(-0.000,12)    (0.000,10)    (0.000,1)    (0.000,5)    (0.000,8)    (0.000,3)    (0.000,0)    (-0.000,14)    (1.000,13)    (0.000,6)    (-0.000,11)    (-0.000,9)    
Total frac: 1.000
Par: 2, Rows: 1
(0.000,5)    (-0.000,14)    (-0.000,12)    (0.000,6)    (0.000,11)    (-0.000,8)    (1.000,13)    (0.000,0)    (0.000,10)    (-0.000,9)    (0.000,3)    (0.000,1)    
Total frac: 1.000
Par: 3, Rows: 1
(-0.000,11)    (0.000,14)    (-0.000,12)    (1.000,13)    (0.000,6)    (0.000,8)    (-0.000,9)    (0.000,3)    (0.000,0)    (-0.000,10)    (0.000,1)    (0.000,5)    
Total frac: 1.000

Sketch (40) (cm: eps0: 0.00625, del0: 0.05, min_mem: 1.69921875)
Par: 1, Rows: 1
(0.000,3)    (-0.000,13)    (-0.000,11)    (1.000,12)    (0.000,1)    (0.000,2)    (-0.000,9)    (0.000,7)    (-0.000,8)    (0.000,14)    
Total frac: 1.000
Par: 2, Rows: 1
(0.000,3)    (-0.000,13)    (-0.000,14)    (-0.000,11)    (0.000,1)    (0.000,12)    (1.000,9)    (0.000,7)    (0.000,2)    (-0.000,8)    
Total frac: 1.000
Par: 3, Rows: 1
(0.000,7)    (-0.000,8)    (0.000,1)    (0.000,2)    (0.000,9)    (0.000,3)    (-0.000,11)    (1.000,12)    (-0.000,14)    (-0.000,13)    
Total frac: 1.000

Sketch (41) (cm: eps0: 0.00625, del0: 0.05, min_mem: 1.69921875)
Par: 1, Rows: 1
(0.000,0)    (1.000,8)    (0.000,9)    (0.000,3)    (0.000,2)    (1.000,11)    (1.000,10)    (0.000,4)    (0.000,5)    (0.000,6)    (-0.000,12)    (0.000,13)    (0.000,14)    (0.000,7)    
Total frac: 3.000
Par: 2, Rows: 1
(1.000,10)    (0.000,7)    (0.000,0)    (0.000,9)    (1.000,8)    (0.000,6)    (0.000,5)    (0.000,14)    (0.000,4)    (0.000,13)    (0.000,3)    (-0.000,12)    (1.000,11)    (0.000,2)    
Total frac: 3.000
Par: 3, Rows: 1
(0.000,7)    (0.000,9)    (0.000,2)    (1.000,10)    (0.000,0)    (0.000,5)    (1.000,8)    (0.000,13)    (0.000,6)    (0.000,3)    (0.000,14)    (1.000,11)    (0.000,4)    (-0.000,12)    
Total frac: 3.000

Sketch (42) (cm: eps0: 0.00625, del0: 0.05, min_mem: 1.69921875)
Par: 1, Rows: 1
(0.000,3)    (0.000,12)    (0.000,6)    (1.000,11)    (0.000,5)    (-0.000,14)    (-0.000,13)    (0.000,7)    (0.000,0)    (1.000,8)    (0.000,2)    (0.000,1)    (-0.000,10)    (0.000,4)    (-0.000,9)    
Total frac: 2.000
Par: 2, Rows: 1
(-0.000,11)    (0.000,4)    (0.000,5)    (0.000,12)    (1.000,13)    (0.000,6)    (0.000,7)    (-0.000,14)    (0.000,0)    (0.000,1)    (1.000,8)    (-0.000,9)    (0.000,2)    (0.000,3)    (-0.000,10)    
Total frac: 2.000
Par: 3, Rows: 1
(-0.000,10)    (0.000,7)    (0.000,3)    (0.000,5)    (0.000,1)    (-0.000,11)    (1.000,13)    (1.000,9)    (0.000,4)    (0.000,6)    (0.000,0)    (0.000,2)    (-0.000,12)    (-0.000,14)    (0.000,8)    
Total frac: 2.000

Sketch (43) (cm: eps0: 0.00625, del0: 0.05, min_mem: 1.69921875)
Par: 1, Rows: 1
(-0.000,12)    (0.000,3)    (-0.000,14)    (0.000,5)    (-0.000,8)    (-0.000,10)    (0.000,1)    (-0.000,11)    (1.000,13)    (-0.000,9)    (0.000,7)    
Total frac: 1.000
Par: 2, Rows: 1
(0.000,1)    (1.000,13)    (-0.000,12)    (-0.000,9)    (-0.000,8)    (0.000,7)    (0.000,3)    (-0.000,14)    (0.000,11)    (-0.000,10)    (0.000,5)    
Total frac: 1.000
Par: 3, Rows: 1
(1.000,13)    (-0.000,9)    (0.000,7)    (-0.000,12)    (0.000,3)    (0.000,8)    (-0.000,11)    (-0.000,14)    (0.000,5)    (0.000,10)    (0.000,1)    
Total frac: 1.000

Sketch (44) (cm: eps0: 0.00625, del0: 0.05, min_mem: 1.69921875)
Par: 1, Rows: 1
(0.000,4)    (-0.000,12)    (0.000,0)    (-0.000,10)    (0.000,7)    (-0.000,14)    (-0.000,8)    (0.000,5)    (1.000,13)    (0.000,11)    
Total frac: 1.000
Par: 2, Rows: 1
(0.000,4)    (0.000,7)    (-0.000,12)    (0.000,0)    (0.000,5)    (0.000,10)    (-0.000,14)    (-0.000,8)    (1.000,13)    (0.000,11)    
Total frac: 1.000
Par: 3, Rows: 1
(0.000,10)    (-0.000,14)    (-0.000,11)    (0.000,5)    (0.000,4)    (1.000,13)    (-0.000,12)    (0.000,0)    (0.000,7)    (0.000,8)    
Total frac: 1.000

Sketch (45) (cm: eps0: 0.00625, del0: 0.05, min_mem: 1.69921875)
Par: 1, Rows: 1
(0.000,2)    (-0.000,10)    (0.000,14)    (-0.000,13)    (0.000,4)    (1.000,9)    (-0.000,12)    (0.000,0)    (-0.000,8)    
Total frac: 1.000
Par: 2, Rows: 1
(-0.000,14)    (-0.000,8)    (-0.000,10)    (-0.000,13)    (0.000,0)    (0.000,2)    (-0.000,9)    (1.000,12)    (0.000,4)    
Total frac: 1.000
Par: 3, Rows: 1
(-0.000,13)    (-0.000,14)    (-0.000,8)    (-0.000,10)    (-0.000,9)    (0.000,0)    (0.000,2)    (1.000,12)    (0.000,4)    
Total frac: 1.000

Sketch (46) (cm: eps0: 0.00625, del0: 0.05, min_mem: 1.69921875)
Par: 1, Rows: 1
(-0.000,12)    (0.000,5)    (0.000,7)    (0.000,6)    (0.000,2)    (-0.000,9)    (1.000,8)    (1.000,11)    (0.000,3)    (0.000,14)    (0.000,1)    (-0.000,10)    (0.000,0)    (-0.000,13)    
Total frac: 2.000
Par: 2, Rows: 1
(-0.000,10)    (0.000,0)    (0.000,7)    (-0.000,12)    (0.000,9)    (0.000,6)    (1.000,11)    (0.000,3)    (0.000,2)    (1.000,8)    (0.000,1)    (-0.000,13)    (-0.000,14)    (0.000,5)    
Total frac: 2.000
Par: 3, Rows: 1
(0.000,2)    (0.000,6)    (-0.000,12)    (0.000,0)    (-0.000,9)    (0.000,7)    (-0.000,10)    (-0.000,14)    (-0.000,13)    (1.000,8)    (0.000,1)    (0.000,5)    (1.000,11)    (0.000,3)    
Total frac: 2.000

Sketch (47) (cm: eps0: 0.00625, del0: 0.05, min_mem: 1.69921875)
Par: 1, Rows: 1
(1.000,9)    (0.000,7)    (0.000,2)    (0.000,6)    (-0.000,12)    (0.000,13)    (0.000,1)    (0.000,5)    (1.000,11)    (-0.000,10)    (-0.000,14)    (-0.000,8)    
Total frac: 2.000
Par: 2, Rows: 1
(-0.000,8)    (0.000,11)    (-0.000,10)    (-0.000,14)    (1.000,13)    (1.000,12)    (0.000,1)    (0.000,5)    (0.000,7)    (0.000,2)    (0.000,6)    (-0.000,9)    
Total frac: 2.000
Par: 3, Rows: 1
(1.000,8)    (0.000,13)    (0.000,1)    (0.000,5)    (-0.000,10)    (0.000,7)    (-0.000,14)    (-0.000,12)    (0.000,9)    (0.000,2)    (0.000,6)    (1.000,11)    
Total frac: 2.000

Sketch (48) (cm: eps0: 0.00625, del0: 0.05, min_mem: 1.69921875)
Par: 1, Rows: 1
(-0.000,11)    (0.000,2)    (1.000,13)    (0.000,14)    (1.000,9)    (0.000,4)    (0.000,6)    (-0.000,12)    (0.000,1)    (-0.000,8)    (0.000,10)    (0.000,7)    (0.000,3)    (0.000,5)    
Total frac: 2.000
Par: 2, Rows: 1
(1.000,9)    (0.000,2)    (0.000,14)    (0.000,4)    (0.000,1)    (0.000,6)    (0.000,7)    (-0.000,12)    (0.000,3)    (0.000,5)    (-0.000,8)    (-0.000,10)    (0.000,11)    (1.000,13)    
Total frac: 2.000
Par: 3, Rows: 1
(0.000,7)    (0.000,6)    (0.000,3)    (0.000,1)    (0.000,11)    (-0.000,10)    (0.000,5)    (0.000,4)    (0.000,2)    (1.000,13)    (-0.000,12)    (0.000,14)    (1.000,9)    (-0.000,8)    
Total frac: 2.000

Sketch (49) (cm: eps0: 0.00625, del0: 0.05, min_mem: 1.69921875)
Par: 1, Rows: 1
(0.000,3)    (1.000,14)    (-0.000,8)    (0.000,6)    (-0.000,11)    (0.000,5)    (0.000,0)    (1.000,10)    (-0.000,13)    (0.000,4)    (1.000,9)    (0.000,7)    (0.000,2)    (-0.000,12)    
Total frac: 3.000
Par: 2, Rows: 1
(1.000,10)    (0.000,7)    (0.000,8)    (0.000,5)    (0.000,3)    (0.000,2)    (-0.000,13)    (0.000,0)    (-0.000,11)    (0.000,4)    (1.000,14)    (1.000,9)    (0.000,6)    (-0.000,12)    
Total frac: 3.000
Par: 3, Rows: 1
(0.000,7)    (0.000,6)    (-0.000,12)    (0.000,5)    (1.000,10)    (0.000,3)    (-0.000,8)    (-0.000,13)    (-0.000,11)    (0.000,2)    (1.000,9)    (0.000,0)    (0.000,4)    (1.000,14)    
Total frac: 3.000

Sketch (50) (cm: eps0: 0.00625, del0: 0.05, min_mem: 1.69921875)
Par: 1, Rows: 1
(0.000,5)    (0.000,2)    (-0.000,13)    (1.000,12)    (0.000,14)    (0.000,9)    (-0.000,8)    (0.000,3)    (-0.000,10)    (0.000,1)    (0.000,0)    
Total frac: 1.000
Par: 2, Rows: 1
(0.000,0)    (-0.000,13)    (0.000,2)    (0.000,9)    (1.000,12)    (0.000,3)    (0.000,14)    (0.000,8)    (0.000,1)    (0.000,5)    (-0.000,10)    
Total frac: 1.000
Par: 3, Rows: 1
(0.000,3)    (0.000,5)    (0.000,14)    (0.000,9)    (1.000,12)    (0.000,1)    (0.000,8)    (-0.000,10)    (0.000,0)    (0.000,2)    (-0.000,13)    
Total frac: 1.000

Sketch (51) (cm: eps0: 0.00625, del0: 0.05, min_mem: 1.69921875)
Par: 1, Rows: 1
(-0.000,10)    (0.000,0)    (-0.000,9)    (0.000,1)    (0.000,7)    (-0.000,14)    (-0.000,12)    (0.000,4)    (0.000,11)    (1.000,13)    (0.000,3)    (0.000,5)    (-0.000,8)    
Total frac: 1.000
Par: 2, Rows: 1
(-0.000,14)    (-0.000,9)    (-0.000,8)    (0.000,1)    (0.000,0)    (-0.000,11)    (0.000,3)    (-0.000,10)    (1.000,13)    (-0.000,12)    (0.000,5)    (0.000,4)    (0.000,7)    
Total frac: 1.000
Par: 3, Rows: 1
(0.000,1)    (0.000,11)    (0.000,3)    (-0.000,14)    (-0.000,8)    (0.000,0)    (1.000,13)    (0.000,5)    (0.000,10)    (0.000,7)    (0.000,12)    (0.000,4)    (-0.000,9)    
Total frac: 1.000

Sketch (52) (cm: eps0: 0.00625, del0: 0.05, min_mem: 1.69921875)
Par: 1, Rows: 1
(0.000,7)    (0.000,1)    (1.000,10)    (0.000,2)    (-0.000,13)    (0.000,8)    (0.000,5)    (-0.000,11)    (0.000,3)    (-0.000,12)    (0.000,4)    (1.000,14)    (-0.000,9)    
Total frac: 2.000
Par: 2, Rows: 1
(0.000,4)    (0.000,14)    (-0.000,13)    (0.000,5)    (-0.000,11)    (1.000,10)    (0.000,3)    (0.000,2)    (-0.000,8)    (-0.000,9)    (0.000,7)    (0.000,1)    (1.000,12)    
Total frac: 2.000
Par: 3, Rows: 1
(1.000,10)    (0.000,2)    (-0.000,13)    (0.000,12)    (0.000,5)    (0.000,4)    (0.000,7)    (1.000,14)    (-0.000,9)    (-0.000,8)    (0.000,1)    (-0.000,11)    (0.000,3)    
Total frac: 2.000

Sketch (53) (cm: eps0: 0.00625, del0: 0.05, min_mem: 1.69921875)
Par: 1, Rows: 1
(-0.000,10)    (0.000,7)    (0.000,2)    (1.000,12)    (0.000,4)    (0.000,9)    (0.000,6)    (-0.000,11)    (0.000,3)    (0.000,14)    (0.000,8)    (0.000,0)    (-0.000,13)    
Total frac: 1.000
Par: 2, Rows: 1
(-0.000,11)    (0.000,4)    (-0.000,13)    (0.000,6)    (0.000,0)    (-0.000,9)    (0.000,2)    (0.000,14)    (0.000,7)    (1.000,12)    (0.000,3)    (-0.000,8)    (-0.000,10)    
Total frac: 1.000
Par: 3, Rows: 1
(-0.000,9)    (0.000,4)    (0.000,6)    (0.000,0)    (0.000,7)    (0.000,2)    (0.000,3)    (-0.000,14)    (1.000,12)    (0.000,8)    (-0.000,10)    (-0.000,11)    (-0.000,13)    
Total frac: 1.000

Sketch (54) (cm: eps0: 0.00625, del0: 0.05, min_mem: 1.69921875)
Par: 1, Rows: 1
(0.000,14)    (0.000,11)    (0.000,5)    (0.000,4)    (1.000,10)    (0.000,1)    (0.000,13)    (0.000,12)    (0.000,6)    (0.000,3)    (0.000,9)    (0.000,8)    
Total frac: 1.000
Par: 2, Rows: 1
(0.000,8)    (0.000,14)    (0.000,11)    (0.000,5)    (0.000,1)    (0.000,4)    (1.000,10)    (0.000,13)    (0.000,3)    (0.000,9)    (0.000,12)    (0.000,6)    
Total frac: 1.000
Par: 3, Rows: 1
(0.000,5)    (1.000,10)    (0.000,3)    (0.000,8)    (0.000,1)    (0.000,4)    (0.000,13)    (-0.000,11)    (0.000,6)    (0.000,9)    (0.000,14)    (0.000,12)    
Total frac: 1.000

Sketch (55) (cm: eps0: 0.00625, del0: 0.05, min_mem: 1.69921875)
Par: 1, Rows: 1
(-0.000,14)    (-0.000,12)    (0.000,1)    (-0.000,10)    (1.000,8)    (-0.000,13)    (1.000,11)    (-0.000,9)    (0.000,4)    (0.000,7)    (0.000,2)    (0.000,6)    
Total frac: 2.000
Par: 2, Rows: 1
(0.000,7)    (-0.000,13)    (1.000,12)    (0.000,2)    (0.000,6)    (-0.000,9)    (-0.000,8)    (-0.000,14)    (0.000,4)    (-0.000,10)    (1.000,11)    (0.000,1)    
Total frac: 2.000
Par: 3, Rows: 1
(0.000,7)    (1.000,13)    (-0.000,9)    (-0.000,12)    (0.000,2)    (0.000,6)    (1.000,8)    (-0.000,14)    (-0.000,11)    (0.000,1)    (0.000,4)    (-0.000,10)    
Total frac: 2.000

Sketch (56) (cm: eps0: 0.00625, del0: 0.05, min_mem: 1.69921875)
Par: 1, Rows: 1
(0.000,2)    (0.000,4)    (0.000,7)    (0.000,9)    (1.000,12)    (0.000,14)    (0.000,1)    (0.000,3)    (0.000,5)    (0.000,8)    (-0.000,10)    (-0.000,11)    (-0.000,13)    (0.000,6)    (0.000,0)    
Total frac: 1.000
Par: 2, Rows: 1
(0.000,6)    (0.000,0)    (0.000,7)    (0.000,2)    (0.000,9)    (0.000,4)    (0.000,1)    (1.000,12)    (0.000,3)    (0.000,14)    (0.000,5)    (-0.000,11)    (-0.000,13)    (0.000,8)    (-0.000,10)    
Total frac: 1.000
Par: 3, Rows: 1
(0.000,3)    (0.000,9)    (0.000,8)    (-0.000,11)    (-0.000,14)    (0.000,1)    (0.000,0)    (0.000,5)    (0.000,4)    (-0.000,10)    (0.000,7)    (-0.000,13)    (1.000,12)    (0.000,6)    (0.000,2)    
Total frac: 1.000

Sketch (57) (cm: eps0: 0.00625, del0: 0.05, min_mem: 1.69921875)
Par: 1, Rows: 1
(-0.000,11)    (0.000,1)    (1.000,8)    (-0.000,14)    (0.000,5)    (0.000,7)    (-0.000,13)    (0.000,4)    (1.000,10)    (-0.000,12)    (0.000,3)    (0.000,2)    (1.000,9)    
Total frac: 3.000
Par: 2, Rows: 1
(0.000,14)    (0.000,1)    (0.000,5)    (1.000,10)    (0.000,3)    (-0.000,13)    (1.000,8)    (-0.000,11)    (0.000,2)    (0.000,4)    (0.000,7)    (-0.000,12)    (1.000,9)    
Total frac: 3.000
Par: 3, Rows: 1
(0.000,5)    (0.000,3)    (1.000,14)    (-0.000,13)    (-0.000,11)    (1.000,10)    (-0.000,8)    (0.000,7)    (0.000,2)    (1.000,9)    (0.000,4)    (-0.000,12)    (0.000,1)    
Total frac: 3.000

Sketch (58) (cm: eps0: 0.00625, del0: 0.05, min_mem: 1.69921875)
Par: 1, Rows: 1
(0.000,7)    (-0.000,13)    (-0.000,12)    (0.000,2)    (0.000,6)    (0.000,3)    (-0.000,9)    (-0.000,8)    (0.000,11)    (1.000,14)    (0.000,1)    (0.000,0)    
Total frac: 1.000
Par: 2, Rows: 1
(0.000,0)    (1.000,12)    (0.000,2)    (0.000,6)    (0.000,3)    (-0.000,9)    (-0.000,11)    (0.000,1)    (0.000,8)    (0.000,7)    (-0.000,14)    (-0.000,13)    
Total frac: 1.000
Par: 3, Rows: 1
(0.000,1)    (0.000,7)    (-0.000,12)    (0.000,3)    (-0.000,8)    (0.000,0)    (0.000,2)    (1.000,14)    (0.000,11)    (-0.000,13)    (0.000,6)    (-0.000,9)    
Total frac: 1.000

Sketch (59) (cm: eps0: 0.00625, del0: 0.05, min_mem: 1.69921875)
Par: 1, Rows: 1
(0.000,5)    (-0.000,12)    (-0.000,10)    (-0.000,11)    (-0.000,13)    (0.000,2)    (-0.000,9)    (1.000,14)    (0.000,6)    
Total frac: 1.000
Par: 2, Rows: 1
(0.000,5)    (-0.000,10)    (0.000,2)    (-0.000,14)    (-0.000,13)    (-0.000,12)    (0.000,6)    (1.000,9)    (-0.000,11)    
Total frac: 1.000
Par: 3, Rows: 1
(-0.000,10)    (-0.000,13)    (0.000,2)    (-0.000,9)    (1.000,14)    (0.000,12)    (0.000,6)    (-0.000,11)    (0.000,5)    
Total frac: 1.000

Sketch (60) (cm: eps0: 0.00625, del0: 0.05, min_mem: 1.69921875)
Par: 1, Rows: 1
(0.000,0)    (0.000,4)    (-0.000,13)    (-0.000,14)    (-0.000,11)    (-0.000,9)    (0.000,7)    (1.000,12)    (0.000,5)    (1.000,10)    (0.000,3)    (-0.000,8)    (0.000,2)    
Total frac: 2.000
Par: 2, Rows: 1
(-0.000,8)    (-0.000,13)    (0.000,2)    (-0.000,11)    (0.000,0)    (1.000,9)    (0.000,4)    (-0.000,14)    (0.000,7)    (0.000,5)    (0.000,3)    (-0.000,12)    (1.000,10)    
Total frac: 2.000
Par: 3, Rows: 1
(0.000,3)    (0.000,9)    (0.000,8)    (0.000,0)    (0.000,5)    (0.000,4)    (1.000,10)    (-0.000,11)    (0.000,2)    (0.000,7)    (-0.000,13)    (1.000,12)    (-0.000,14)    
Total frac: 2.000

Sketch (61) (cm: eps0: 0.00625, del0: 0.05, min_mem: 1.69921875)
Par: 1, Rows: 1
(1.000,9)    (-0.000,12)    (-0.000,14)    (0.000,6)    (-0.000,8)    (-0.000,11)    (0.000,0)    (-0.000,13)    (0.000,2)    (0.000,3)    
Total frac: 1.000
Par: 2, Rows: 1
(-0.000,9)    (1.000,12)    (0.000,0)    (0.000,2)    (0.000,3)    (0.000,8)    (-0.000,11)    (-0.000,13)    (0.000,6)    (-0.000,14)    
Total frac: 1.000
Par: 3, Rows: 1
(-0.000,12)    (0.000,3)    (-0.000,11)    (0.000,0)    (-0.000,13)    (0.000,2)    (-0.000,8)    (0.000,6)    (1.000,9)    (-0.000,14)    
Total frac: 1.000

Sketch (62) (cm: eps0: 0.00625, del0: 0.05, min_mem: 1.69921875)
Par: 1, Rows: 1
(0.000,2)    (0.000,5)    (0.000,4)    (-0.000,10)    (0.000,7)    (-0.000,13)    (0.000,12)    (0.000,6)    (-0.000,14)    (0.000,0)    (0.000,3)    (1.000,9)    (1.000,8)    (1.000,11)    
Total frac: 3.000
Par: 2, Rows: 1
(0.000,5)    (0.000,7)    (-0.000,13)    (0.000,2)    (0.000,4)    (-0.000,10)    (-0.000,12)    (0.000,6)    (0.000,3)    (1.000,9)    (-0.000,14)    (1.000,11)    (0.000,0)    (1.000,8)    
Total frac: 3.000
Par: 3, Rows: 1
(-0.000,13)    (1.000,8)    (1.000,11)    (0.000,6)    (0.000,4)    (0.000,14)    (0.000,7)    (-0.000,12)    (1.000,9)    (0.000,2)    (0.000,5)    (0.000,0)    (-0.000,10)    (0.000,3)    
Total frac: 3.000

Sketch (63) (cm: eps0: 0.00625, del0: 0.05, min_mem: 1.69921875)
Par: 1, Rows: 1
(-0.000,10)    (0.000,6)    (0.000,5)    (1.000,13)    (-0.000,11)    
Total frac: 1.000
Par: 2, Rows: 1
(1.000,11)    (0.000,5)    (-0.000,10)    (-0.000,13)    (0.000,6)    
Total frac: 1.000
Par: 3, Rows: 1
(0.000,6)    (1.000,11)    (0.000,5)    (0.000,13)    (-0.000,10)    
Total frac: 1.000

Device (0) CPU1:
cores_sketch: 0.0, cores_dpdk: 6.999999999999973
Rows total: 0
Mem total: 0.0
Throughput: 97.99999999999999

Device (1) CPU2:
cores_sketch: 0.0, cores_dpdk: 6.999999999999973
Rows total: 0
Mem total: 0.0
Throughput: 97.99999999999999

Device (2) CPU3:
cores_sketch: 0.0, cores_dpdk: 6.999999999999973
Rows total: 0
Mem total: 0.0
Throughput: 97.99999999999999

Device (3) CPU4:
cores_sketch: 0.0, cores_dpdk: 6.999999999999973
Rows total: 0
Mem total: 0.0
Throughput: 97.99999999999999

Device (4) CPU5:
cores_sketch: 0.0, cores_dpdk: 6.999999999999973
Rows total: 0
Mem total: 0.0
Throughput: 97.99999999999999

Device (5) CPU6:
cores_sketch: 0.0, cores_dpdk: 6.999999999999973
Rows total: 0
Mem total: 0.0
Throughput: 97.99999999999999

Device (6) CPU7:
cores_sketch: 0.0, cores_dpdk: 6.999999999999973
Rows total: 0
Mem total: 0.0
Throughput: 97.99999999999999

Device (7) CPU8:
cores_sketch: 0.0, cores_dpdk: 6.999999999999973
Rows total: 0
Mem total: 0.0
Throughput: 97.99999999999999

Device (8) tor_P41:
Rows total: 48.0
Mem total: 81.5625
Throughput: 148.0

Device (9) tor_P42:
Rows total: 47.0
Mem total: 79.86328125
Throughput: 148.0

Device (10) tor_P43:
Rows total: 48.0
Mem total: 81.5625
Throughput: 148.0

Device (11) tor_P44:
Rows total: 48.0
Mem total: 81.5625
Throughput: 148.0

Device (12) l1_P41:
Rows total: 48.0
Mem total: 81.5625
Throughput: 148.0

Device (13) l1_P42:
Rows total: 48.0
Mem total: 81.5625
Throughput: 148.0

Device (14) l2_P4:
Rows total: 28.0
Mem total: 47.578125
Throughput: 148.0
--------------------------------------------------
Function: MIP.solve took 0.373089075088501 seconds
Function: solve took 0.3771493434906006 seconds
