Function: get_partitions took 0.00029349327087402344 seconds
Function: map_flows_partitions took 0.0003788471221923828 seconds
Building model with:
15 devices, 192 partitions and 320 flows
Using license file /home/anup/gurobi.lic
Academic license - for non-commercial use only
Function: MIP.add_frac_mem_var took 0.040308475494384766 seconds
Function: MIP.add_coverage_constraints took 0.01925063133239746 seconds
Function: MIP.add_accuracy_constraints took 0.04404783248901367 seconds
Function: MIP.add_capacity_constraints took 0.013196468353271484 seconds
Changed value of parameter TimeLimit to 120.0
   Prev: inf  Min: 0.0  Max: inf  Default: inf
Changed value of parameter NonConvex to 2
   Prev: -1  Min: -1  Max: 2  Default: -1
Parameter NonConvex unchanged
   Value: 2  Min: -1  Max: 2  Default: -1
Parameter NonConvex unchanged
   Value: 2  Min: -1  Max: 2  Default: -1
Parameter NonConvex unchanged
   Value: 2  Min: -1  Max: 2  Default: -1
Parameter NonConvex unchanged
   Value: 2  Min: -1  Max: 2  Default: -1
Parameter NonConvex unchanged
   Value: 2  Min: -1  Max: 2  Default: -1
Parameter NonConvex unchanged
   Value: 2  Min: -1  Max: 2  Default: -1
Parameter NonConvex unchanged
   Value: 2  Min: -1  Max: 2  Default: -1
--------------------------------------------------
Starting model update
Model update took: 0.00025844573974609375 s
--------------------------------------------------
Starting model optimize
Gurobi Optimizer version 9.0.0 build v9.0.0rc2 (linux64)
Optimize a model with 3346 rows, 4751 columns and 15124 nonzeros
Model fingerprint: 0x3567851c
Model has 24 quadratic constraints
Model has 17 general constraints
Variable types: 2419 continuous, 2332 integer (2316 binary)
Coefficient statistics:
  Matrix range     [1e-04, 1e+01]
  QMatrix range    [1e+00, 1e+00]
  QLMatrix range   [1e+00, 1e+00]
  Objective range  [1e+00, 1e+00]
  Bounds range     [1e+00, 3e+04]
  RHS range        [7e-01, 2e+01]

---------------------------------------------------------------------------
Multi-objectives: starting optimization with 2 objectives ... 
---------------------------------------------------------------------------

Multi-objectives: applying initial presolve ...
---------------------------------------------------------------------------

Presolve removed 2376 rows and 2273 columns
Presolve time: 0.02s
Presolved: 1066 rows and 2479 columns
---------------------------------------------------------------------------

Multi-objectives: optimize objective 1 (ns) ...
---------------------------------------------------------------------------

Presolve removed 913 rows and 2318 columns
Presolve time: 0.00s
Presolved: 249 rows, 162 columns, 632 nonzeros
Presolved model has 24 SOS constraint(s)
Presolved model has 24 bilinear constraint(s)
Variable types: 98 continuous, 64 integer (40 binary)

Root relaxation: objective 1.020408e+01, 50 iterations, 0.00 seconds

    Nodes    |    Current Node    |     Objective Bounds      |     Work
 Expl Unexpl |  Obj  Depth IntInf | Incumbent    BestBd   Gap | It/Node Time

*    0     0               0      10.2040816   10.20408  0.00%     -    0s

Explored 0 nodes (50 simplex iterations) in 0.02 seconds
Thread count was 8 (of 8 available processors)

Solution count 1: 10.2041 

Optimal solution found (tolerance 1.00e-04)
Best objective 1.020408163265e+01, best bound 1.020408163265e+01, gap 0.0000%
---------------------------------------------------------------------------

Multi-objectives: optimize objective 2 (res) ...
---------------------------------------------------------------------------


Loaded user MIP start with objective 915.323

Presolve removed 1067 rows and 2479 columns
Presolve time: 0.02s
Presolve: All rows and columns removed

Explored 0 nodes (0 simplex iterations) in 0.04 seconds
Thread count was 1 (of 8 available processors)

Solution count 2: 649.901 

Optimal solution found (tolerance 1.00e-04)
Best objective 6.499011230469e+02, best bound 6.499011230469e+02, gap 0.0000%

---------------------------------------------------------------------------
Multi-objectives: solved in 0.04 seconds, solution count 2

Model optimize took: 0.040589094161987305 seconds
--------------------------------------------------

Solution quality statistics for model Netmon :
  Maximum violation:
    Bound       : 0.00000000e+00
    Constraint  : 4.26325641e-14
    Integrality : 0.00000000e+00

Throughput: 97.99019137782346 Mpps, ns per packet: 10.205103040816326
Resources: 649.901123046875
Used Cores: 56.0, Total CPUS: 8, Switch Memory: 535.25390625

Sketch (0) (cm: eps0: 0.00625, del0: 0.05, min_mem: 1.69921875)
Par: 1, Rows: 1
(0.000,9)    (0.000,6)    (0.000,4)    (0.000,14)    (0.000,12)    (1.000,10)    (0.000,8)    (0.000,5)    (0.000,3)    (0.000,1)    (1.000,13)    (0.000,11)    
Total frac: 2.000
Par: 2, Rows: 1
(0.000,6)    (0.000,4)    (0.000,14)    (0.000,5)    (1.000,12)    (0.000,3)    (1.000,10)    (0.000,1)    (0.000,8)    (0.000,13)    (0.000,11)    (0.000,9)    
Total frac: 2.000
Par: 3, Rows: 1
(0.000,3)    (0.000,14)    (1.000,10)    (0.000,11)    (0.000,5)    (0.000,4)    (0.000,1)    (1.000,13)    (0.000,12)    (0.000,9)    (0.000,8)    (0.000,6)    
Total frac: 2.000

Sketch (1) (cm: eps0: 0.00625, del0: 0.05, min_mem: 1.69921875)
Par: 1, Rows: 1
(0.000,11)    (0.000,5)    (0.000,10)    (0.000,1)    (1.000,13)    (0.000,9)    (0.000,4)    (0.000,7)    (1.000,12)    (0.000,3)    (0.000,8)    (0.000,6)    
Total frac: 2.000
Par: 2, Rows: 1
(0.000,7)    (0.000,5)    (1.000,8)    (0.000,3)    (0.000,13)    (0.000,1)    (0.000,11)    (0.000,9)    (0.000,4)    (0.000,6)    (0.000,12)    (1.000,10)    
Total frac: 2.000
Par: 3, Rows: 1
(0.000,10)    (0.000,3)    (1.000,13)    (0.000,1)    (0.000,8)    (0.000,11)    (0.000,9)    (0.000,4)    (0.000,6)    (0.000,7)    (0.000,5)    (1.000,12)    
Total frac: 2.000

Sketch (2) (cm: eps0: 0.00625, del0: 0.05, min_mem: 1.69921875)
Par: 1, Rows: 1
(1.000,13)    (0.000,12)    (0.000,0)    (0.000,9)    (0.000,7)    (0.000,8)    (0.000,6)    (0.000,3)    (0.000,10)    (0.000,14)    (0.000,5)    (1.000,11)    (0.000,4)    
Total frac: 2.000
Par: 2, Rows: 1
(0.000,4)    (0.000,9)    (0.000,7)    (0.000,12)    (0.000,0)    (0.000,3)    (0.000,8)    (0.000,6)    (0.000,5)    (1.000,11)    (0.000,10)    (0.000,14)    (1.000,13)    
Total frac: 2.000
Par: 3, Rows: 1
(0.000,0)    (0.000,9)    (0.000,12)    (0.000,4)    (0.000,7)    (0.000,14)    (0.000,10)    (0.000,8)    (1.000,13)    (1.000,11)    (0.000,5)    (0.000,3)    (0.000,6)    
Total frac: 2.000

Sketch (3) (cm: eps0: 0.00625, del0: 0.05, min_mem: 1.69921875)
Par: 1, Rows: 1
(0.000,9)    (0.000,2)    (0.000,0)    (0.000,7)    (1.000,12)    (0.000,1)    (0.000,4)    (1.000,13)    (0.000,11)    (0.000,14)    (0.000,5)    (0.000,3)    (0.000,10)    (0.000,8)    
Total frac: 2.000
Par: 2, Rows: 1
(0.000,11)    (0.000,3)    (0.000,14)    (0.000,1)    (0.000,10)    (0.000,0)    (1.000,13)    (0.000,5)    (1.000,12)    (0.000,4)    (0.000,7)    (0.000,2)    (0.000,9)    (0.000,8)    
Total frac: 2.000
Par: 3, Rows: 1
(0.000,3)    (0.000,8)    (0.000,1)    (1.000,13)    (0.000,14)    (0.000,5)    (0.000,10)    (0.000,0)    (0.000,7)    (1.000,12)    (0.000,9)    (0.000,4)    (0.000,11)    (0.000,2)    
Total frac: 2.000

Sketch (4) (cm: eps0: 0.00625, del0: 0.05, min_mem: 1.69921875)
Par: 1, Rows: 1
(1.000,10)    (0.000,14)    (0.000,13)    (0.000,1)    (0.000,5)    (0.000,8)    (0.000,11)    (0.000,3)    (0.000,2)    (0.000,6)    (0.000,12)    (0.000,0)    (1.000,9)    (0.000,4)    (0.000,7)    
Total frac: 2.000
Par: 2, Rows: 1
(0.000,13)    (0.000,1)    (0.000,5)    (1.000,10)    (0.000,11)    (0.000,14)    (0.000,3)    (0.000,8)    (0.000,9)    (0.000,2)    (0.000,6)    (0.000,7)    (1.000,12)    (0.000,0)    (0.000,4)    
Total frac: 2.000
Par: 3, Rows: 1
(0.000,0)    (0.000,4)    (0.000,7)    (0.000,2)    (0.000,6)    (0.000,9)    (0.000,8)    (0.000,11)    (0.000,3)    (1.000,10)    (0.000,14)    (0.000,13)    (0.000,1)    (0.000,5)    (1.000,12)    
Total frac: 2.000

Sketch (5) (cm: eps0: 0.00625, del0: 0.05, min_mem: 1.69921875)
Par: 1, Rows: 1
(0.000,12)    (0.000,0)    (0.000,9)    (0.000,2)    (0.000,6)    (0.000,11)    (0.000,8)    (1.000,13)    (0.000,1)    (0.000,5)    (0.000,10)    (0.000,14)    
Total frac: 1.000
Par: 2, Rows: 1
(0.000,1)    (0.000,12)    (0.000,10)    (0.000,8)    (0.000,5)    (0.000,2)    (0.000,13)    (0.000,0)    (0.000,11)    (1.000,14)    (0.000,9)    (0.000,6)    
Total frac: 1.000
Par: 3, Rows: 1
(0.000,5)    (1.000,12)    (0.000,10)    (0.000,8)    (0.000,13)    (0.000,11)    (0.000,9)    (0.000,2)    (0.000,0)    (0.000,14)    (0.000,1)    (0.000,6)    
Total frac: 1.000

Sketch (6) (cm: eps0: 0.00625, del0: 0.05, min_mem: 1.69921875)
Par: 1, Rows: 1
(0.000,5)    (1.000,13)    (0.000,7)    (0.000,10)    (0.000,11)    
Total frac: 1.000
Par: 2, Rows: 1
(0.000,10)    (0.000,13)    (0.000,7)    (1.000,11)    (0.000,5)    
Total frac: 1.000
Par: 3, Rows: 1
(1.000,13)    (0.000,11)    (0.000,10)    (0.000,7)    (0.000,5)    
Total frac: 1.000

Sketch (7) (cm: eps0: 0.00625, del0: 0.05, min_mem: 1.69921875)
Par: 1, Rows: 1
(0.000,11)    (0.000,2)    (0.000,9)    (0.000,14)    (0.000,4)    (0.000,1)    (0.000,6)    (0.000,7)    (0.000,12)    (0.000,10)    (0.000,3)    (1.000,13)    (0.000,8)    
Total frac: 1.000
Par: 2, Rows: 1
(0.000,7)    (0.000,8)    (0.000,6)    (0.000,3)    (0.000,10)    (0.000,1)    (0.000,11)    (0.000,4)    (0.000,2)    (1.000,13)    (0.000,12)    (0.000,14)    (0.000,9)    
Total frac: 1.000
Par: 3, Rows: 1
(0.000,14)    (0.000,3)    (0.000,1)    (0.000,8)    (0.000,6)    (0.000,11)    (0.000,10)    (1.000,13)    (0.000,4)    (0.000,2)    (0.000,9)    (0.000,7)    (0.000,12)    
Total frac: 1.000

Sketch (8) (cm: eps0: 0.00625, del0: 0.05, min_mem: 1.69921875)
Par: 1, Rows: 1
(0.000,4)    (0.000,7)    (0.000,10)    (0.000,8)    (1.000,13)    (0.000,11)    (0.000,5)    (0.000,3)    (0.000,14)    (0.000,9)    (0.000,1)    (0.000,12)    
Total frac: 1.000
Par: 2, Rows: 1
(0.000,7)    (0.000,12)    (0.000,4)    (1.000,13)    (0.000,11)    (0.000,5)    (0.000,3)    (0.000,10)    (0.000,8)    (0.000,9)    (0.000,1)    (0.000,14)    
Total frac: 1.000
Par: 3, Rows: 1
(0.000,10)    (1.000,13)    (0.000,5)    (0.000,12)    (0.000,4)    (0.000,7)    (0.000,14)    (0.000,9)    (0.000,1)    (0.000,8)    (0.000,11)    (0.000,3)    
Total frac: 1.000

Sketch (9) (cm: eps0: 0.00625, del0: 0.05, min_mem: 1.69921875)
Par: 1, Rows: 1
(0.000,5)    (0.000,10)    (0.000,2)    (0.000,7)    (1.000,12)    (1.000,9)    (0.000,1)    (0.000,6)    (0.000,11)    (0.000,14)    (0.000,3)    (0.000,8)    (0.000,0)    (0.000,13)    
Total frac: 2.000
Par: 2, Rows: 1
(0.000,0)    (0.000,11)    (0.000,3)    (0.000,6)    (1.000,12)    (0.000,14)    (1.000,9)    (0.000,1)    (0.000,7)    (0.000,10)    (0.000,2)    (0.000,13)    (0.000,5)    (0.000,8)    
Total frac: 2.000
Par: 3, Rows: 1
(0.000,8)    (0.000,0)    (1.000,9)    (0.000,1)    (0.000,6)    (0.000,7)    (1.000,12)    (0.000,14)    (0.000,13)    (0.000,5)    (0.000,10)    (0.000,11)    (0.000,2)    (0.000,3)    
Total frac: 2.000

Sketch (10) (cm: eps0: 0.00625, del0: 0.05, min_mem: 1.69921875)
Par: 1, Rows: 1
(0.000,14)    (1.000,9)    (0.000,1)    (0.000,8)    (0.000,11)    (1.000,10)    (0.000,2)    (0.000,13)    (0.000,5)    (0.000,12)    (0.000,4)    (0.000,7)    
Total frac: 2.000
Par: 2, Rows: 1
(0.000,1)    (0.000,11)    (0.000,14)    (0.000,8)    (0.000,13)    (0.000,5)    (1.000,10)    (0.000,2)    (0.000,7)    (1.000,12)    (0.000,4)    (0.000,9)    
Total frac: 2.000
Par: 3, Rows: 1
(0.000,12)    (0.000,5)    (1.000,10)    (0.000,8)    (0.000,1)    (0.000,13)    (0.000,11)    (0.000,4)    (1.000,9)    (0.000,2)    (0.000,14)    (0.000,7)    
Total frac: 2.000

Sketch (11) (cm: eps0: 0.00625, del0: 0.05, min_mem: 1.69921875)
Par: 1, Rows: 1
(0.000,10)    (0.000,13)    (1.000,11)    (0.000,6)    (0.000,4)    (0.000,5)    
Total frac: 1.000
Par: 2, Rows: 1
(0.000,13)    (0.000,6)    (0.000,5)    (1.000,10)    (0.000,11)    (0.000,4)    
Total frac: 1.000
Par: 3, Rows: 1
(0.000,4)    (1.000,13)    (0.000,6)    (0.000,5)    (0.000,11)    (0.000,10)    
Total frac: 1.000

Sketch (12) (cm: eps0: 0.00625, del0: 0.05, min_mem: 1.69921875)
Par: 1, Rows: 1
(0.000,4)    (0.000,2)    (0.000,6)    (0.000,11)    (0.000,9)    (0.000,14)    (0.000,7)    (1.000,12)    (0.000,10)    (0.000,3)    (0.000,8)    (0.000,1)    (1.000,13)    
Total frac: 2.000
Par: 2, Rows: 1
(1.000,9)    (0.000,4)    (0.000,2)    (0.000,6)    (0.000,7)    (0.000,14)    (0.000,3)    (0.000,1)    (0.000,12)    (0.000,10)    (0.000,13)    (0.000,8)    (1.000,11)    
Total frac: 2.000
Par: 3, Rows: 1
(0.000,8)    (0.000,14)    (0.000,10)    (0.000,4)    (1.000,11)    (0.000,1)    (0.000,13)    (0.000,7)    (1.000,12)    (0.000,2)    (0.000,6)    (0.000,9)    (0.000,3)    
Total frac: 2.000

Sketch (13) (cm: eps0: 0.00625, del0: 0.05, min_mem: 1.69921875)
Par: 1, Rows: 1
(0.000,5)    (1.000,8)    (0.000,14)    (0.000,1)    (0.000,10)    (0.000,4)    (0.000,13)    (0.000,0)    (0.000,9)    (1.000,12)    (0.000,2)    
Total frac: 2.000
Par: 2, Rows: 1
(0.000,1)    (0.000,5)    (0.000,10)    (1.000,8)    (1.000,13)    (0.000,2)    (0.000,0)    (0.000,4)    (0.000,9)    (0.000,12)    (0.000,14)    
Total frac: 2.000
Par: 3, Rows: 1
(0.000,12)    (1.000,14)    (0.000,5)    (0.000,13)    (0.000,10)    (1.000,8)    (0.000,2)    (0.000,9)    (0.000,0)    (0.000,1)    (0.000,4)    
Total frac: 2.000

Sketch (14) (cm: eps0: 0.00625, del0: 0.05, min_mem: 1.69921875)
Par: 1, Rows: 1
(0.000,4)    (0.000,13)    (0.000,6)    (0.000,12)    (0.000,2)    (1.000,9)    (0.000,3)    (1.000,8)    (0.000,14)    (0.000,11)    (0.000,1)    (0.000,0)    (0.000,10)    
Total frac: 2.000
Par: 2, Rows: 1
(0.000,10)    (0.000,4)    (0.000,6)    (0.000,12)    (0.000,2)    (1.000,9)    (0.000,3)    (0.000,11)    (0.000,1)    (1.000,8)    (0.000,14)    (0.000,13)    (0.000,0)    
Total frac: 2.000
Par: 3, Rows: 1
(0.000,0)    (0.000,4)    (0.000,12)    (1.000,9)    (0.000,14)    (0.000,1)    (0.000,10)    (0.000,13)    (0.000,3)    (1.000,8)    (0.000,2)    (0.000,6)    (0.000,11)    
Total frac: 2.000

Sketch (15) (cm: eps0: 0.00625, del0: 0.05, min_mem: 1.69921875)
Par: 1, Rows: 1
(0.000,8)    (0.000,2)    (0.000,6)    (1.000,9)    (0.000,0)    (0.000,12)    (0.000,14)    (0.000,13)    (0.000,3)    (0.000,11)    
Total frac: 1.000
Par: 2, Rows: 1
(1.000,9)    (0.000,3)    (0.000,8)    (0.000,14)    (0.000,11)    (0.000,0)    (0.000,13)    (0.000,12)    (0.000,2)    (0.000,6)    
Total frac: 1.000
Par: 3, Rows: 1
(0.000,11)    (0.000,8)    (0.000,14)    (0.000,13)    (0.000,0)    (0.000,12)    (0.000,2)    (0.000,6)    (1.000,9)    (0.000,3)    
Total frac: 1.000

Sketch (16) (cm: eps0: 0.00625, del0: 0.05, min_mem: 1.69921875)
Par: 1, Rows: 1
(0.000,14)    (0.000,13)    (0.000,6)    (1.000,11)    (0.000,4)    (0.000,9)    (0.000,1)    (0.000,7)    (1.000,12)    (0.000,5)    (1.000,10)    (0.000,8)    (0.000,2)    (0.000,0)    
Total frac: 3.000
Par: 2, Rows: 1
(0.000,13)    (0.000,2)    (1.000,11)    (0.000,0)    (0.000,9)    (0.000,14)    (0.000,1)    (0.000,6)    (0.000,4)    (0.000,7)    (0.000,5)    (1.000,12)    (1.000,10)    (0.000,8)    
Total frac: 3.000
Par: 3, Rows: 1
(1.000,12)    (0.000,9)    (0.000,8)    (0.000,1)    (0.000,0)    (0.000,5)    (1.000,10)    (1.000,11)    (0.000,4)    (0.000,2)    (0.000,14)    (0.000,13)    (0.000,6)    (0.000,7)    
Total frac: 3.000

Sketch (17) (cm: eps0: 0.00625, del0: 0.05, min_mem: 1.69921875)
Par: 1, Rows: 1
(0.000,1)    (0.000,6)    (1.000,12)    (0.000,8)    (0.000,5)    (0.000,11)    (0.000,0)    (0.000,10)    (0.000,13)    (0.000,2)    (0.000,7)    (0.000,9)    (0.000,14)    (0.000,3)    
Total frac: 1.000
Par: 2, Rows: 1
(0.000,1)    (0.000,7)    (1.000,12)    (0.000,5)    (0.000,10)    (0.000,2)    (0.000,3)    (0.000,8)    (0.000,0)    (0.000,13)    (0.000,14)    (0.000,6)    (0.000,11)    (0.000,9)    
Total frac: 1.000
Par: 3, Rows: 1
(0.000,5)    (0.000,3)    (1.000,12)    (0.000,10)    (0.000,13)    (0.000,2)    (0.000,8)    (0.000,11)    (0.000,0)    (0.000,9)    (0.000,14)    (0.000,1)    (0.000,6)    (0.000,7)    
Total frac: 1.000

Sketch (18) (cm: eps0: 0.00625, del0: 0.05, min_mem: 1.69921875)
Par: 1, Rows: 1
(0.000,2)    (0.000,11)    (1.000,13)    (0.000,14)    (1.000,12)    (0.000,6)    (0.000,9)    (0.000,3)    (0.000,8)    (0.000,1)    (0.000,0)    (0.000,5)    (0.000,10)    (0.000,4)    
Total frac: 2.000
Par: 2, Rows: 1
(0.000,0)    (0.000,10)    (0.000,4)    (1.000,13)    (0.000,2)    (0.000,9)    (0.000,14)    (0.000,3)    (1.000,12)    (0.000,1)    (0.000,6)    (0.000,5)    (0.000,8)    (0.000,11)    
Total frac: 2.000
Par: 3, Rows: 1
(1.000,13)    (0.000,6)    (0.000,11)    (0.000,14)    (0.000,1)    (0.000,4)    (0.000,9)    (1.000,12)    (0.000,2)    (0.000,0)    (0.000,5)    (0.000,10)    (0.000,3)    (0.000,8)    
Total frac: 2.000

Sketch (19) (cm: eps0: 0.00625, del0: 0.05, min_mem: 1.69921875)
Par: 1, Rows: 1
(1.000,10)    (0.000,8)    (0.000,1)    (0.000,6)    (1.000,9)    (0.000,4)    (0.000,12)    (0.000,5)    (0.000,3)    (0.000,13)    (0.000,11)    
Total frac: 2.000
Par: 2, Rows: 1
(0.000,1)    (0.000,9)    (0.000,3)    (1.000,8)    (0.000,11)    (0.000,5)    (1.000,10)    (0.000,4)    (0.000,13)    (0.000,6)    (0.000,12)    
Total frac: 2.000
Par: 3, Rows: 1
(1.000,12)    (0.000,9)    (0.000,3)    (0.000,11)    (0.000,8)    (0.000,5)    (0.000,13)    (1.000,10)    (0.000,4)    (0.000,1)    (0.000,6)    
Total frac: 2.000

Sketch (20) (cm: eps0: 0.00625, del0: 0.05, min_mem: 1.69921875)
Par: 1, Rows: 1
(0.000,10)    (0.000,0)    (0.000,13)    (1.000,8)    (0.000,6)    (0.000,11)    (0.000,14)    (0.000,4)    (0.000,1)    (0.000,12)    
Total frac: 1.000
Par: 2, Rows: 1
(1.000,12)    (0.000,13)    (0.000,10)    (0.000,11)    (0.000,0)    (0.000,8)    (0.000,1)    (0.000,6)    (0.000,14)    (0.000,4)    
Total frac: 1.000
Par: 3, Rows: 1
(0.000,10)    (0.000,4)    (0.000,13)    (0.000,12)    (0.000,6)    (0.000,14)    (0.000,1)    (0.000,0)    (1.000,8)    (0.000,11)    
Total frac: 1.000

Sketch (21) (cm: eps0: 0.00625, del0: 0.05, min_mem: 1.69921875)
Par: 1, Rows: 1
(0.000,8)    (0.000,13)    (0.000,2)    (0.000,7)    (0.000,10)    (1.000,12)    (0.000,1)    (0.000,6)    (0.000,9)    (0.000,14)    (0.000,3)    (0.000,11)    (0.000,0)    (0.000,5)    
Total frac: 1.000
Par: 2, Rows: 1
(0.000,1)    (0.000,2)    (0.000,0)    (0.000,13)    (0.000,14)    (0.000,11)    (1.000,12)    (0.000,9)    (0.000,10)    (0.000,8)    (0.000,7)    (0.000,5)    (0.000,6)    (0.000,3)    
Total frac: 1.000
Par: 3, Rows: 1
(0.000,11)    (0.000,6)    (0.000,9)    (0.000,2)    (0.000,0)    (0.000,14)    (1.000,12)    (0.000,10)    (0.000,8)    (0.000,7)    (0.000,5)    (0.000,3)    (0.000,1)    (0.000,13)    
Total frac: 1.000

Sketch (22) (cm: eps0: 0.00625, del0: 0.05, min_mem: 1.69921875)
Par: 1, Rows: 1
(0.000,7)    (0.000,3)    (0.000,4)    (0.000,0)    (0.000,11)    (0.000,12)    (0.000,8)    (0.000,6)    (0.000,2)    (1.000,13)    (0.000,14)    (0.000,9)    (0.000,10)    
Total frac: 1.000
Par: 2, Rows: 1
(0.000,3)    (0.000,10)    (0.000,11)    (0.000,4)    (0.000,0)    (1.000,12)    (0.000,13)    (0.000,8)    (0.000,6)    (0.000,9)    (0.000,2)    (0.000,7)    (0.000,14)    
Total frac: 1.000
Par: 3, Rows: 1
(0.000,7)    (0.000,4)    (0.000,2)    (0.000,6)    (0.000,3)    (0.000,13)    (0.000,12)    (0.000,0)    (0.000,10)    (1.000,14)    (0.000,11)    (0.000,9)    (0.000,8)    
Total frac: 1.000

Sketch (23) (cm: eps0: 0.00625, del0: 0.05, min_mem: 1.69921875)
Par: 1, Rows: 1
(0.000,8)    (0.000,5)    (0.000,3)    (1.000,13)    (0.000,1)    (0.000,4)    (0.000,11)    (0.000,6)    (0.000,9)    (0.000,12)    (0.000,0)    (0.000,10)    (0.000,14)    
Total frac: 1.000
Par: 2, Rows: 1
(0.000,5)    (0.000,11)    (0.000,8)    (0.000,6)    (1.000,13)    (0.000,1)    (0.000,10)    (0.000,14)    (0.000,9)    (0.000,4)    (0.000,3)    (0.000,12)    (0.000,0)    
Total frac: 1.000
Par: 3, Rows: 1
(0.000,12)    (0.000,0)    (1.000,13)    (0.000,1)    (0.000,8)    (0.000,6)    (0.000,9)    (0.000,10)    (0.000,14)    (0.000,3)    (0.000,4)    (0.000,5)    (0.000,11)    
Total frac: 1.000

Sketch (24) (cm: eps0: 0.00625, del0: 0.05, min_mem: 1.69921875)
Par: 1, Rows: 1
(0.000,11)    (1.000,12)    (0.000,5)    (0.000,3)    (0.000,14)    (0.000,9)    (0.000,10)    (0.000,8)    (0.000,7)    (0.000,1)    (0.000,2)    (0.000,0)    (1.000,13)    
Total frac: 2.000
Par: 2, Rows: 1
(0.000,2)    (0.000,0)    (1.000,12)    (0.000,9)    (0.000,14)    (0.000,7)    (0.000,10)    (0.000,8)    (0.000,1)    (1.000,13)    (0.000,11)    (0.000,5)    (0.000,3)    
Total frac: 2.000
Par: 3, Rows: 1
(0.000,14)    (0.000,9)    (0.000,10)    (0.000,0)    (0.000,11)    (1.000,12)    (0.000,3)    (0.000,1)    (0.000,2)    (1.000,13)    (0.000,8)    (0.000,5)    (0.000,7)    
Total frac: 2.000

Sketch (25) (cm: eps0: 0.00625, del0: 0.05, min_mem: 1.69921875)
Par: 1, Rows: 1
(0.000,14)    (0.000,11)    (0.000,3)    (0.000,10)    (0.000,0)    (1.000,12)    (1.000,13)    (0.000,5)    (0.000,6)    (0.000,2)    (0.000,7)    (0.000,8)    (0.000,9)    
Total frac: 2.000
Par: 2, Rows: 1
(0.000,8)    (0.000,7)    (0.000,2)    (0.000,6)    (1.000,13)    (1.000,12)    (0.000,5)    (0.000,0)    (0.000,11)    (0.000,3)    (0.000,10)    (0.000,14)    (0.000,9)    
Total frac: 2.000
Par: 3, Rows: 1
(0.000,14)    (0.000,8)    (1.000,13)    (0.000,5)    (0.000,2)    (0.000,11)    (0.000,6)    (0.000,3)    (1.000,12)    (0.000,0)    (0.000,9)    (0.000,7)    (0.000,10)    
Total frac: 2.000

Sketch (26) (cm: eps0: 0.00625, del0: 0.05, min_mem: 1.69921875)
Par: 1, Rows: 1
(0.000,2)    (0.000,13)    (0.000,10)    (0.000,14)    (1.000,9)    (0.000,12)    (0.000,4)    
Total frac: 1.000
Par: 2, Rows: 1
(0.000,2)    (0.000,9)    (0.000,10)    (0.000,14)    (1.000,12)    (0.000,13)    (0.000,4)    
Total frac: 1.000
Par: 3, Rows: 1
(0.000,2)    (1.000,14)    (0.000,4)    (0.000,13)    (0.000,12)    (0.000,9)    (0.000,10)    
Total frac: 1.000

Sketch (27) (cm: eps0: 0.00625, del0: 0.05, min_mem: 1.69921875)
Par: 1, Rows: 1
(0.000,12)    (0.000,10)    (0.000,7)    (0.000,5)    (0.000,3)    (0.000,14)    (0.000,13)    (1.000,11)    (0.000,6)    (0.000,9)    
Total frac: 1.000
Par: 2, Rows: 1
(0.000,14)    (1.000,11)    (0.000,12)    (0.000,5)    (0.000,6)    (0.000,13)    (0.000,9)    (0.000,10)    (0.000,7)    (0.000,3)    
Total frac: 1.000
Par: 3, Rows: 1
(1.000,11)    (0.000,5)    (0.000,14)    (0.000,12)    (0.000,13)    (0.000,6)    (0.000,9)    (0.000,7)    (0.000,3)    (0.000,10)    
Total frac: 1.000

Sketch (28) (cm: eps0: 0.00625, del0: 0.05, min_mem: 1.69921875)
Par: 1, Rows: 1
(0.000,5)    (0.000,14)    (0.000,4)    (0.000,6)    (0.000,3)    (1.000,13)    (0.000,12)    (0.000,10)    (1.000,11)    (0.000,9)    (0.000,8)    (0.000,7)    (0.000,0)    
Total frac: 2.000
Par: 2, Rows: 1
(0.000,3)    (1.000,13)    (0.000,0)    (0.000,14)    (0.000,4)    (1.000,11)    (0.000,6)    (0.000,9)    (0.000,12)    (0.000,10)    (0.000,8)    (0.000,7)    (0.000,5)    
Total frac: 2.000
Par: 3, Rows: 1
(0.000,10)    (0.000,9)    (0.000,7)    (0.000,0)    (0.000,4)    (0.000,3)    (0.000,12)    (0.000,5)    (0.000,14)    (1.000,11)    (0.000,8)    (0.000,6)    (1.000,13)    
Total frac: 2.000

Sketch (29) (cm: eps0: 0.00625, del0: 0.05, min_mem: 1.69921875)
Par: 1, Rows: 1
(0.000,8)    (0.000,6)    (1.000,9)    (0.000,7)    (1.000,10)    (0.000,3)    (0.000,0)    (0.000,1)    (0.000,4)    (0.000,5)    (0.000,11)    (0.000,2)    (1.000,12)    (0.000,13)    (0.000,14)    
Total frac: 3.000
Par: 2, Rows: 1
(1.000,9)    (1.000,10)    (0.000,8)    (0.000,1)    (0.000,2)    (0.000,0)    (0.000,7)    (0.000,6)    (0.000,14)    (0.000,13)    (0.000,11)    (1.000,12)    (0.000,5)    (0.000,3)    (0.000,4)    
Total frac: 3.000
Par: 3, Rows: 1
(0.000,1)    (0.000,7)    (1.000,10)    (0.000,8)    (0.000,2)    (0.000,0)    (0.000,13)    (0.000,11)    (0.000,5)    (0.000,6)    (0.000,3)    (0.000,14)    (1.000,12)    (1.000,9)    (0.000,4)    
Total frac: 3.000

Sketch (30) (cm: eps0: 0.00625, del0: 0.05, min_mem: 1.69921875)
Par: 1, Rows: 1
(0.000,11)    (0.000,12)    (0.000,3)    (0.000,4)    (0.000,6)    (0.000,14)    (1.000,13)    (0.000,8)    (0.000,5)    (0.000,0)    (0.000,7)    (0.000,9)    (1.000,10)    (0.000,1)    
Total frac: 2.000
Par: 2, Rows: 1
(0.000,12)    (1.000,13)    (0.000,4)    (0.000,5)    (0.000,6)    (0.000,14)    (0.000,7)    (0.000,8)    (0.000,9)    (0.000,0)    (0.000,1)    (0.000,11)    (0.000,3)    (1.000,10)    
Total frac: 2.000
Par: 3, Rows: 1
(0.000,6)    (1.000,13)    (0.000,12)    (0.000,5)    (0.000,14)    (0.000,4)    (0.000,11)    (0.000,3)    (1.000,10)    (0.000,9)    (0.000,8)    (0.000,1)    (0.000,7)    (0.000,0)    
Total frac: 2.000

Sketch (31) (cm: eps0: 0.00625, del0: 0.05, min_mem: 1.69921875)
Par: 1, Rows: 1
(0.000,5)    (0.000,11)    (0.000,3)    (0.000,12)    (0.000,14)    (0.000,4)    (0.000,9)    (0.000,1)    (0.000,7)    (0.000,10)    (0.000,2)    (0.000,8)    (1.000,13)    (0.000,0)    
Total frac: 1.000
Par: 2, Rows: 1
(0.000,8)    (0.000,7)    (0.000,0)    (0.000,10)    (0.000,2)    (0.000,9)    (0.000,12)    (0.000,1)    (0.000,4)    (0.000,11)    (0.000,3)    (1.000,13)    (0.000,5)    (0.000,14)    
Total frac: 1.000
Par: 3, Rows: 1
(0.000,14)    (0.000,8)    (0.000,9)    (0.000,0)    (0.000,1)    (0.000,10)    (0.000,11)    (0.000,2)    (0.000,3)    (0.000,12)    (1.000,13)    (0.000,4)    (0.000,5)    (0.000,7)    
Total frac: 1.000

Sketch (32) (cm: eps0: 0.00625, del0: 0.05, min_mem: 1.69921875)
Par: 1, Rows: 1
(0.000,7)    (0.000,5)    (0.000,6)    (0.000,13)    (1.000,11)    (0.000,10)    
Total frac: 1.000
Par: 2, Rows: 1
(0.000,10)    (0.000,7)    (0.000,5)    (0.000,6)    (0.000,13)    (1.000,11)    
Total frac: 1.000
Par: 3, Rows: 1
(0.000,6)    (0.000,11)    (1.000,13)    (0.000,7)    (0.000,10)    (0.000,5)    
Total frac: 1.000

Sketch (33) (cm: eps0: 0.00625, del0: 0.05, min_mem: 1.69921875)
Par: 1, Rows: 1
(0.000,6)    (0.000,12)    (0.000,2)    (0.000,13)    (0.000,8)    (0.000,7)    (1.000,14)    (1.000,9)    (0.000,3)    (0.000,11)    (0.000,1)    
Total frac: 2.000
Par: 2, Rows: 1
(0.000,14)    (0.000,13)    (0.000,12)    (1.000,11)    (1.000,9)    (0.000,8)    (0.000,7)    (0.000,2)    (0.000,6)    (0.000,3)    (0.000,1)    
Total frac: 2.000
Par: 3, Rows: 1
(0.000,13)    (0.000,6)    (1.000,11)    (0.000,14)    (1.000,9)    (0.000,12)    (0.000,7)    (0.000,8)    (0.000,3)    (0.000,1)    (0.000,2)    
Total frac: 2.000

Sketch (34) (cm: eps0: 0.00625, del0: 0.05, min_mem: 1.69921875)
Par: 1, Rows: 1
(0.000,4)    (0.000,9)    (0.000,3)    (0.000,0)    (0.000,5)    (0.000,12)    (0.000,6)    (1.000,11)    (0.000,1)    (1.000,8)    (0.000,14)    (0.000,13)    (0.000,7)    (1.000,10)    
Total frac: 3.000
Par: 2, Rows: 1
(0.000,3)    (1.000,10)    (0.000,4)    (0.000,5)    (0.000,0)    (1.000,11)    (0.000,1)    (0.000,12)    (0.000,13)    (0.000,6)    (0.000,7)    (1.000,8)    (0.000,14)    (0.000,9)    
Total frac: 3.000
Par: 3, Rows: 1
(1.000,10)    (0.000,7)    (1.000,8)    (0.000,6)    (0.000,1)    (0.000,0)    (0.000,5)    (0.000,3)    (0.000,4)    (0.000,13)    (1.000,11)    (0.000,12)    (0.000,14)    (0.000,9)    
Total frac: 3.000

Sketch (35) (cm: eps0: 0.00625, del0: 0.05, min_mem: 1.69921875)
Par: 1, Rows: 1
(1.000,10)    (0.000,8)    (0.000,5)    (0.000,6)    (0.000,3)    (0.000,13)    (0.000,0)    (0.000,11)    (0.000,4)    (1.000,12)    (0.000,14)    (0.000,9)    (0.000,7)    
Total frac: 2.000
Par: 2, Rows: 1
(0.000,5)    (0.000,13)    (0.000,7)    (0.000,8)    (0.000,14)    (0.000,0)    (0.000,9)    (1.000,10)    (0.000,3)    (0.000,4)    (0.000,6)    (0.000,11)    (1.000,12)    
Total frac: 2.000
Par: 3, Rows: 1
(1.000,12)    (0.000,13)    (0.000,7)    (0.000,8)    (0.000,14)    (0.000,9)    (0.000,3)    (0.000,0)    (0.000,11)    (1.000,10)    (0.000,4)    (0.000,5)    (0.000,6)    
Total frac: 2.000

Sketch (36) (cm: eps0: 0.00625, del0: 0.05, min_mem: 1.69921875)
Par: 1, Rows: 1
(0.000,13)    (0.000,3)    (1.000,12)    (1.000,11)    (0.000,14)    (1.000,10)    (0.000,7)    (0.000,9)    (0.000,8)    (0.000,2)    (0.000,6)    (0.000,1)    (0.000,5)    (0.000,0)    (0.000,4)    
Total frac: 3.000
Par: 2, Rows: 1
(0.000,0)    (1.000,11)    (0.000,4)    (1.000,12)    (0.000,7)    (0.000,14)    (0.000,9)    (1.000,10)    (0.000,1)    (0.000,5)    (0.000,8)    (0.000,2)    (0.000,13)    (0.000,6)    (0.000,3)    
Total frac: 3.000
Par: 3, Rows: 1
(1.000,10)    (0.000,0)    (0.000,4)    (0.000,9)    (0.000,3)    (1.000,12)    (0.000,2)    (0.000,6)    (1.000,11)    (0.000,1)    (0.000,5)    (0.000,13)    (0.000,7)    (0.000,8)    (0.000,14)    
Total frac: 3.000

Sketch (37) (cm: eps0: 0.00625, del0: 0.05, min_mem: 1.69921875)
Par: 1, Rows: 1
(0.000,8)    (0.000,14)    (0.000,9)    (0.000,3)    (0.000,10)    (0.000,0)    (0.000,11)    (0.000,4)    (0.000,5)    (1.000,12)    (0.000,2)    (0.000,13)    (0.000,7)    
Total frac: 1.000
Par: 2, Rows: 1
(0.000,3)    (0.000,4)    (0.000,13)    (0.000,11)    (0.000,12)    (0.000,9)    (0.000,10)    (0.000,8)    (0.000,2)    (0.000,0)    (1.000,14)    (0.000,7)    (0.000,5)    
Total frac: 1.000
Par: 3, Rows: 1
(0.000,4)    (0.000,13)    (0.000,11)    (0.000,9)    (0.000,12)    (0.000,10)    (0.000,8)    (0.000,7)    (0.000,5)    (0.000,2)    (0.000,3)    (0.000,0)    (1.000,14)    
Total frac: 1.000

Sketch (38) (cm: eps0: 0.00625, del0: 0.05, min_mem: 1.69921875)
Par: 1, Rows: 1
(0.000,13)    (1.000,9)    (0.000,10)    (0.000,3)    (0.000,4)    (0.000,1)    (0.000,2)    (0.000,14)    (0.000,5)    (0.000,12)    (0.000,8)    
Total frac: 1.000
Par: 2, Rows: 1
(0.000,8)    (1.000,9)    (0.000,3)    (0.000,1)    (0.000,10)    (0.000,4)    (0.000,5)    (0.000,2)    (0.000,14)    (0.000,12)    (0.000,13)    
Total frac: 1.000
Par: 3, Rows: 1
(0.000,9)    (0.000,2)    (0.000,8)    (0.000,1)    (0.000,5)    (0.000,14)    (0.000,4)    (0.000,3)    (0.000,13)    (1.000,12)    (0.000,10)    
Total frac: 1.000

Sketch (39) (cm: eps0: 0.00625, del0: 0.05, min_mem: 1.69921875)
Par: 1, Rows: 1
(0.000,12)    (0.000,10)    (0.000,1)    (0.000,5)    (0.000,8)    (0.000,3)    (0.000,0)    (0.000,14)    (1.000,13)    (0.000,6)    (0.000,11)    (0.000,9)    
Total frac: 1.000
Par: 2, Rows: 1
(0.000,5)    (0.000,14)    (0.000,12)    (0.000,6)    (0.000,11)    (0.000,8)    (0.000,13)    (0.000,0)    (1.000,10)    (0.000,9)    (0.000,3)    (0.000,1)    
Total frac: 1.000
Par: 3, Rows: 1
(0.000,11)    (0.000,14)    (0.000,12)    (0.000,13)    (0.000,6)    (0.000,8)    (0.000,9)    (0.000,3)    (0.000,0)    (1.000,10)    (0.000,1)    (0.000,5)    
Total frac: 1.000

Sketch (40) (cm: eps0: 0.00625, del0: 0.05, min_mem: 1.69921875)
Par: 1, Rows: 1
(0.000,3)    (0.000,13)    (0.000,11)    (1.000,12)    (0.000,1)    (0.000,2)    (0.000,9)    (0.000,7)    (0.000,8)    (0.000,14)    
Total frac: 1.000
Par: 2, Rows: 1
(0.000,3)    (0.000,13)    (0.000,14)    (0.000,11)    (0.000,1)    (0.000,12)    (1.000,9)    (0.000,7)    (0.000,2)    (0.000,8)    
Total frac: 1.000
Par: 3, Rows: 1
(0.000,7)    (0.000,8)    (0.000,1)    (0.000,2)    (1.000,9)    (0.000,3)    (0.000,11)    (0.000,12)    (0.000,14)    (0.000,13)    
Total frac: 1.000

Sketch (41) (cm: eps0: 0.00625, del0: 0.05, min_mem: 1.69921875)
Par: 1, Rows: 1
(0.000,0)    (0.000,8)    (1.000,9)    (0.000,3)    (0.000,2)    (1.000,11)    (1.000,10)    (0.000,4)    (0.000,5)    (0.000,6)    (0.000,12)    (0.000,13)    (0.000,14)    (0.000,7)    
Total frac: 3.000
Par: 2, Rows: 1
(1.000,10)    (0.000,7)    (0.000,0)    (0.000,9)    (0.000,8)    (0.000,6)    (0.000,5)    (0.000,14)    (0.000,4)    (0.000,13)    (0.000,3)    (1.000,12)    (1.000,11)    (0.000,2)    
Total frac: 3.000
Par: 3, Rows: 1
(0.000,7)    (1.000,9)    (0.000,2)    (1.000,10)    (0.000,0)    (0.000,5)    (0.000,8)    (0.000,13)    (0.000,6)    (0.000,3)    (0.000,14)    (1.000,11)    (0.000,4)    (0.000,12)    
Total frac: 3.000

Sketch (42) (cm: eps0: 0.00625, del0: 0.05, min_mem: 1.69921875)
Par: 1, Rows: 1
(0.000,3)    (1.000,12)    (0.000,6)    (0.000,11)    (0.000,5)    (0.000,14)    (1.000,13)    (0.000,7)    (0.000,0)    (0.000,8)    (0.000,2)    (0.000,1)    (0.000,10)    (0.000,4)    (0.000,9)    
Total frac: 2.000
Par: 2, Rows: 1
(0.000,11)    (0.000,4)    (0.000,5)    (1.000,12)    (1.000,13)    (0.000,6)    (0.000,7)    (0.000,14)    (0.000,0)    (0.000,1)    (0.000,8)    (0.000,9)    (0.000,2)    (0.000,3)    (0.000,10)    
Total frac: 2.000
Par: 3, Rows: 1
(0.000,10)    (0.000,7)    (0.000,3)    (0.000,5)    (0.000,1)    (0.000,11)    (1.000,13)    (0.000,9)    (0.000,4)    (0.000,6)    (0.000,0)    (0.000,2)    (1.000,12)    (0.000,14)    (0.000,8)    
Total frac: 2.000

Sketch (43) (cm: eps0: 0.00625, del0: 0.05, min_mem: 1.69921875)
Par: 1, Rows: 1
(0.000,12)    (0.000,3)    (0.000,14)    (0.000,5)    (0.000,8)    (0.000,10)    (0.000,1)    (0.000,11)    (1.000,13)    (0.000,9)    (0.000,7)    
Total frac: 1.000
Par: 2, Rows: 1
(0.000,1)    (1.000,13)    (0.000,12)    (0.000,9)    (0.000,8)    (0.000,7)    (0.000,3)    (0.000,14)    (0.000,11)    (0.000,10)    (0.000,5)    
Total frac: 1.000
Par: 3, Rows: 1
(1.000,13)    (0.000,9)    (0.000,7)    (0.000,12)    (0.000,3)    (0.000,8)    (0.000,11)    (0.000,14)    (0.000,5)    (0.000,10)    (0.000,1)    
Total frac: 1.000

Sketch (44) (cm: eps0: 0.00625, del0: 0.05, min_mem: 1.69921875)
Par: 1, Rows: 1
(0.000,4)    (0.000,12)    (0.000,0)    (0.000,10)    (0.000,7)    (0.000,14)    (0.000,8)    (0.000,5)    (1.000,13)    (0.000,11)    
Total frac: 1.000
Par: 2, Rows: 1
(0.000,4)    (0.000,7)    (0.000,12)    (0.000,0)    (0.000,5)    (1.000,10)    (0.000,14)    (0.000,8)    (0.000,13)    (0.000,11)    
Total frac: 1.000
Par: 3, Rows: 1
(0.000,10)    (0.000,14)    (0.000,11)    (0.000,5)    (0.000,4)    (1.000,13)    (0.000,12)    (0.000,0)    (0.000,7)    (0.000,8)    
Total frac: 1.000

Sketch (45) (cm: eps0: 0.00625, del0: 0.05, min_mem: 1.69921875)
Par: 1, Rows: 1
(0.000,2)    (0.000,10)    (0.000,14)    (0.000,13)    (0.000,4)    (0.000,9)    (1.000,12)    (0.000,0)    (0.000,8)    
Total frac: 1.000
Par: 2, Rows: 1
(0.000,14)    (0.000,8)    (0.000,10)    (0.000,13)    (0.000,0)    (0.000,2)    (0.000,9)    (1.000,12)    (0.000,4)    
Total frac: 1.000
Par: 3, Rows: 1
(0.000,13)    (0.000,14)    (0.000,8)    (0.000,10)    (0.000,9)    (0.000,0)    (0.000,2)    (1.000,12)    (0.000,4)    
Total frac: 1.000

Sketch (46) (cm: eps0: 0.00625, del0: 0.05, min_mem: 1.69921875)
Par: 1, Rows: 1
(1.000,12)    (0.000,5)    (0.000,7)    (0.000,6)    (0.000,2)    (0.000,9)    (0.000,8)    (1.000,11)    (0.000,3)    (0.000,14)    (0.000,1)    (0.000,10)    (0.000,0)    (0.000,13)    
Total frac: 2.000
Par: 2, Rows: 1
(0.000,10)    (0.000,0)    (0.000,7)    (1.000,12)    (0.000,9)    (0.000,6)    (1.000,11)    (0.000,3)    (0.000,2)    (0.000,8)    (0.000,1)    (0.000,13)    (0.000,14)    (0.000,5)    
Total frac: 2.000
Par: 3, Rows: 1
(0.000,2)    (0.000,6)    (1.000,12)    (0.000,0)    (0.000,9)    (0.000,7)    (0.000,10)    (0.000,14)    (0.000,13)    (0.000,8)    (0.000,1)    (0.000,5)    (1.000,11)    (0.000,3)    
Total frac: 2.000

Sketch (47) (cm: eps0: 0.00625, del0: 0.05, min_mem: 1.69921875)
Par: 1, Rows: 1
(0.000,9)    (0.000,7)    (0.000,2)    (0.000,6)    (0.000,12)    (0.000,13)    (0.000,1)    (0.000,5)    (1.000,11)    (0.000,10)    (0.000,14)    (1.000,8)    
Total frac: 2.000
Par: 2, Rows: 1
(1.000,8)    (0.000,11)    (0.000,10)    (0.000,14)    (1.000,13)    (0.000,12)    (0.000,1)    (0.000,5)    (0.000,7)    (0.000,2)    (0.000,6)    (0.000,9)    
Total frac: 2.000
Par: 3, Rows: 1
(0.000,8)    (0.000,13)    (0.000,1)    (0.000,5)    (0.000,10)    (0.000,7)    (0.000,14)    (1.000,12)    (0.000,9)    (0.000,2)    (0.000,6)    (1.000,11)    
Total frac: 2.000

Sketch (48) (cm: eps0: 0.00625, del0: 0.05, min_mem: 1.69921875)
Par: 1, Rows: 1
(0.000,11)    (0.000,2)    (1.000,13)    (0.000,14)    (1.000,9)    (0.000,4)    (0.000,6)    (0.000,12)    (0.000,1)    (0.000,8)    (0.000,10)    (0.000,7)    (0.000,3)    (0.000,5)    
Total frac: 2.000
Par: 2, Rows: 1
(1.000,9)    (0.000,2)    (0.000,14)    (0.000,4)    (0.000,1)    (0.000,6)    (0.000,7)    (0.000,12)    (0.000,3)    (0.000,5)    (0.000,8)    (0.000,10)    (0.000,11)    (1.000,13)    
Total frac: 2.000
Par: 3, Rows: 1
(0.000,7)    (0.000,6)    (0.000,3)    (0.000,1)    (0.000,11)    (0.000,10)    (0.000,5)    (0.000,4)    (0.000,2)    (1.000,13)    (0.000,12)    (0.000,14)    (1.000,9)    (0.000,8)    
Total frac: 2.000

Sketch (49) (cm: eps0: 0.00625, del0: 0.05, min_mem: 1.69921875)
Par: 1, Rows: 1
(0.000,3)    (0.000,14)    (0.000,8)    (0.000,6)    (0.000,11)    (0.000,5)    (0.000,0)    (1.000,10)    (0.000,13)    (0.000,4)    (1.000,9)    (0.000,7)    (0.000,2)    (1.000,12)    
Total frac: 3.000
Par: 2, Rows: 1
(1.000,10)    (0.000,7)    (0.000,8)    (0.000,5)    (0.000,3)    (0.000,2)    (0.000,13)    (0.000,0)    (0.000,11)    (0.000,4)    (0.000,14)    (1.000,9)    (0.000,6)    (1.000,12)    
Total frac: 3.000
Par: 3, Rows: 1
(0.000,7)    (0.000,6)    (1.000,12)    (0.000,5)    (1.000,10)    (0.000,3)    (0.000,8)    (0.000,13)    (0.000,11)    (0.000,2)    (1.000,9)    (0.000,0)    (0.000,4)    (0.000,14)    
Total frac: 3.000

Sketch (50) (cm: eps0: 0.00625, del0: 0.05, min_mem: 1.69921875)
Par: 1, Rows: 1
(0.000,5)    (0.000,2)    (0.000,13)    (1.000,12)    (0.000,14)    (0.000,9)    (0.000,8)    (0.000,3)    (0.000,10)    (0.000,1)    (0.000,0)    
Total frac: 1.000
Par: 2, Rows: 1
(0.000,0)    (0.000,13)    (0.000,2)    (0.000,9)    (1.000,12)    (0.000,3)    (0.000,14)    (0.000,8)    (0.000,1)    (0.000,5)    (0.000,10)    
Total frac: 1.000
Par: 3, Rows: 1
(0.000,3)    (0.000,5)    (0.000,14)    (0.000,9)    (1.000,12)    (0.000,1)    (0.000,8)    (0.000,10)    (0.000,0)    (0.000,2)    (0.000,13)    
Total frac: 1.000

Sketch (51) (cm: eps0: 0.00625, del0: 0.05, min_mem: 1.69921875)
Par: 1, Rows: 1
(0.000,10)    (0.000,0)    (0.000,9)    (0.000,1)    (0.000,7)    (0.000,14)    (0.000,12)    (0.000,4)    (0.000,11)    (1.000,13)    (0.000,3)    (0.000,5)    (0.000,8)    
Total frac: 1.000
Par: 2, Rows: 1
(0.000,14)    (0.000,9)    (0.000,8)    (0.000,1)    (0.000,0)    (0.000,11)    (0.000,3)    (0.000,10)    (1.000,13)    (0.000,12)    (0.000,5)    (0.000,4)    (0.000,7)    
Total frac: 1.000
Par: 3, Rows: 1
(0.000,1)    (0.000,11)    (0.000,3)    (0.000,14)    (0.000,8)    (0.000,0)    (1.000,13)    (0.000,5)    (0.000,10)    (0.000,7)    (0.000,12)    (0.000,4)    (0.000,9)    
Total frac: 1.000

Sketch (52) (cm: eps0: 0.00625, del0: 0.05, min_mem: 1.69921875)
Par: 1, Rows: 1
(0.000,7)    (0.000,1)    (1.000,10)    (0.000,2)    (1.000,13)    (0.000,8)    (0.000,5)    (0.000,11)    (0.000,3)    (0.000,12)    (0.000,4)    (0.000,14)    (0.000,9)    
Total frac: 2.000
Par: 2, Rows: 1
(0.000,4)    (1.000,14)    (0.000,13)    (0.000,5)    (0.000,11)    (1.000,10)    (0.000,3)    (0.000,2)    (0.000,8)    (0.000,9)    (0.000,7)    (0.000,1)    (0.000,12)    
Total frac: 2.000
Par: 3, Rows: 1
(1.000,10)    (0.000,2)    (0.000,13)    (1.000,12)    (0.000,5)    (0.000,4)    (0.000,7)    (0.000,14)    (0.000,9)    (0.000,8)    (0.000,1)    (0.000,11)    (0.000,3)    
Total frac: 2.000

Sketch (53) (cm: eps0: 0.00625, del0: 0.05, min_mem: 1.69921875)
Par: 1, Rows: 1
(0.000,10)    (0.000,7)    (0.000,2)    (1.000,12)    (0.000,4)    (0.000,9)    (0.000,6)    (0.000,11)    (0.000,3)    (0.000,14)    (0.000,8)    (0.000,0)    (0.000,13)    
Total frac: 1.000
Par: 2, Rows: 1
(0.000,11)    (0.000,4)    (0.000,13)    (0.000,6)    (0.000,0)    (0.000,9)    (0.000,2)    (0.000,14)    (0.000,7)    (1.000,12)    (0.000,3)    (0.000,8)    (0.000,10)    
Total frac: 1.000
Par: 3, Rows: 1
(0.000,9)    (0.000,4)    (0.000,6)    (0.000,0)    (0.000,7)    (0.000,2)    (0.000,3)    (0.000,14)    (1.000,12)    (0.000,8)    (0.000,10)    (0.000,11)    (0.000,13)    
Total frac: 1.000

Sketch (54) (cm: eps0: 0.00625, del0: 0.05, min_mem: 1.69921875)
Par: 1, Rows: 1
(0.000,14)    (0.000,11)    (0.000,5)    (0.000,4)    (1.000,10)    (0.000,1)    (0.000,13)    (0.000,12)    (0.000,6)    (0.000,3)    (0.000,9)    (0.000,8)    
Total frac: 1.000
Par: 2, Rows: 1
(0.000,8)    (0.000,14)    (0.000,11)    (0.000,5)    (0.000,1)    (0.000,4)    (1.000,10)    (0.000,13)    (0.000,3)    (0.000,9)    (0.000,12)    (0.000,6)    
Total frac: 1.000
Par: 3, Rows: 1
(0.000,5)    (1.000,10)    (0.000,3)    (0.000,8)    (0.000,1)    (0.000,4)    (0.000,13)    (0.000,11)    (0.000,6)    (0.000,9)    (0.000,14)    (0.000,12)    
Total frac: 1.000

Sketch (55) (cm: eps0: 0.00625, del0: 0.05, min_mem: 1.69921875)
Par: 1, Rows: 1
(0.000,14)    (1.000,12)    (0.000,1)    (0.000,10)    (0.000,8)    (0.000,13)    (1.000,11)    (0.000,9)    (0.000,4)    (0.000,7)    (0.000,2)    (0.000,6)    
Total frac: 2.000
Par: 2, Rows: 1
(0.000,7)    (1.000,13)    (1.000,12)    (0.000,2)    (0.000,6)    (0.000,9)    (0.000,8)    (0.000,14)    (0.000,4)    (0.000,10)    (0.000,11)    (0.000,1)    
Total frac: 2.000
Par: 3, Rows: 1
(0.000,7)    (0.000,13)    (0.000,9)    (1.000,12)    (0.000,2)    (0.000,6)    (0.000,8)    (0.000,14)    (1.000,11)    (0.000,1)    (0.000,4)    (0.000,10)    
Total frac: 2.000

Sketch (56) (cm: eps0: 0.00625, del0: 0.05, min_mem: 1.69921875)
Par: 1, Rows: 1
(0.000,2)    (0.000,4)    (0.000,7)    (0.000,9)    (1.000,12)    (0.000,14)    (0.000,1)    (0.000,3)    (0.000,5)    (0.000,8)    (0.000,10)    (0.000,11)    (0.000,13)    (0.000,6)    (0.000,0)    
Total frac: 1.000
Par: 2, Rows: 1
(0.000,6)    (0.000,0)    (0.000,7)    (0.000,2)    (0.000,9)    (0.000,4)    (0.000,1)    (1.000,12)    (0.000,3)    (0.000,14)    (0.000,5)    (0.000,11)    (0.000,13)    (0.000,8)    (0.000,10)    
Total frac: 1.000
Par: 3, Rows: 1
(0.000,3)    (0.000,9)    (0.000,8)    (0.000,11)    (0.000,14)    (0.000,1)    (0.000,0)    (0.000,5)    (0.000,4)    (0.000,10)    (0.000,7)    (0.000,13)    (1.000,12)    (0.000,6)    (0.000,2)    
Total frac: 1.000

Sketch (57) (cm: eps0: 0.00625, del0: 0.05, min_mem: 1.69921875)
Par: 1, Rows: 1
(0.000,11)    (0.000,1)    (1.000,8)    (0.000,14)    (0.000,5)    (0.000,7)    (0.000,13)    (0.000,4)    (1.000,10)    (0.000,12)    (0.000,3)    (0.000,2)    (1.000,9)    
Total frac: 3.000
Par: 2, Rows: 1
(0.000,14)    (0.000,1)    (0.000,5)    (1.000,10)    (0.000,3)    (0.000,13)    (0.000,8)    (0.000,11)    (0.000,2)    (0.000,4)    (0.000,7)    (1.000,12)    (1.000,9)    
Total frac: 3.000
Par: 3, Rows: 1
(0.000,5)    (0.000,3)    (0.000,14)    (0.000,13)    (0.000,11)    (1.000,10)    (1.000,8)    (0.000,7)    (0.000,2)    (1.000,9)    (0.000,4)    (0.000,12)    (0.000,1)    
Total frac: 3.000

Sketch (58) (cm: eps0: 0.00625, del0: 0.05, min_mem: 1.69921875)
Par: 1, Rows: 1
(0.000,7)    (0.000,13)    (1.000,12)    (0.000,2)    (0.000,6)    (0.000,3)    (0.000,9)    (0.000,8)    (0.000,11)    (0.000,14)    (0.000,1)    (0.000,0)    
Total frac: 1.000
Par: 2, Rows: 1
(0.000,0)    (0.000,12)    (0.000,2)    (0.000,6)    (0.000,3)    (0.000,9)    (0.000,11)    (0.000,1)    (0.000,8)    (0.000,7)    (1.000,14)    (0.000,13)    
Total frac: 1.000
Par: 3, Rows: 1
(0.000,1)    (0.000,7)    (0.000,12)    (0.000,3)    (0.000,8)    (0.000,0)    (0.000,2)    (0.000,14)    (0.000,11)    (1.000,13)    (0.000,6)    (0.000,9)    
Total frac: 1.000

Sketch (59) (cm: eps0: 0.00625, del0: 0.05, min_mem: 1.69921875)
Par: 1, Rows: 1
(0.000,5)    (0.000,12)    (0.000,10)    (0.000,11)    (1.000,13)    (0.000,2)    (0.000,9)    (0.000,14)    (0.000,6)    
Total frac: 1.000
Par: 2, Rows: 1
(0.000,5)    (0.000,10)    (0.000,2)    (1.000,14)    (0.000,13)    (0.000,12)    (0.000,6)    (0.000,9)    (0.000,11)    
Total frac: 1.000
Par: 3, Rows: 1
(0.000,10)    (0.000,13)    (0.000,2)    (0.000,9)    (1.000,14)    (0.000,12)    (0.000,6)    (0.000,11)    (0.000,5)    
Total frac: 1.000

Sketch (60) (cm: eps0: 0.00625, del0: 0.05, min_mem: 1.69921875)
Par: 1, Rows: 1
(0.000,0)    (0.000,4)    (0.000,13)    (0.000,14)    (0.000,11)    (0.000,9)    (0.000,7)    (1.000,12)    (0.000,5)    (1.000,10)    (0.000,3)    (0.000,8)    (0.000,2)    
Total frac: 2.000
Par: 2, Rows: 1
(0.000,8)    (0.000,13)    (0.000,2)    (0.000,11)    (0.000,0)    (0.000,9)    (0.000,4)    (0.000,14)    (0.000,7)    (0.000,5)    (0.000,3)    (1.000,12)    (1.000,10)    
Total frac: 2.000
Par: 3, Rows: 1
(0.000,3)    (0.000,9)    (0.000,8)    (0.000,0)    (0.000,5)    (0.000,4)    (1.000,10)    (0.000,11)    (0.000,2)    (0.000,7)    (0.000,13)    (1.000,12)    (0.000,14)    
Total frac: 2.000

Sketch (61) (cm: eps0: 0.00625, del0: 0.05, min_mem: 1.69921875)
Par: 1, Rows: 1
(1.000,9)    (0.000,12)    (0.000,14)    (0.000,6)    (0.000,8)    (0.000,11)    (0.000,0)    (0.000,13)    (0.000,2)    (0.000,3)    
Total frac: 1.000
Par: 2, Rows: 1
(0.000,9)    (1.000,12)    (0.000,0)    (0.000,2)    (0.000,3)    (0.000,8)    (0.000,11)    (0.000,13)    (0.000,6)    (0.000,14)    
Total frac: 1.000
Par: 3, Rows: 1
(1.000,12)    (0.000,3)    (0.000,11)    (0.000,0)    (0.000,13)    (0.000,2)    (0.000,8)    (0.000,6)    (0.000,9)    (0.000,14)    
Total frac: 1.000

Sketch (62) (cm: eps0: 0.00625, del0: 0.05, min_mem: 1.69921875)
Par: 1, Rows: 1
(0.000,2)    (0.000,5)    (0.000,4)    (0.000,10)    (0.000,7)    (0.000,13)    (1.000,12)    (0.000,6)    (0.000,14)    (0.000,0)    (0.000,3)    (1.000,9)    (0.000,8)    (1.000,11)    
Total frac: 3.000
Par: 2, Rows: 1
(0.000,5)    (0.000,7)    (0.000,13)    (0.000,2)    (0.000,4)    (0.000,10)    (1.000,12)    (0.000,6)    (0.000,3)    (1.000,9)    (0.000,14)    (1.000,11)    (0.000,0)    (0.000,8)    
Total frac: 3.000
Par: 3, Rows: 1
(0.000,13)    (0.000,8)    (1.000,11)    (0.000,6)    (0.000,4)    (0.000,14)    (0.000,7)    (1.000,12)    (1.000,9)    (0.000,2)    (0.000,5)    (0.000,0)    (0.000,10)    (0.000,3)    
Total frac: 3.000

Sketch (63) (cm: eps0: 0.00625, del0: 0.05, min_mem: 1.69921875)
Par: 1, Rows: 1
(0.000,10)    (0.000,6)    (0.000,5)    (0.000,13)    (1.000,11)    
Total frac: 1.000
Par: 2, Rows: 1
(0.000,11)    (0.000,5)    (1.000,10)    (0.000,13)    (0.000,6)    
Total frac: 1.000
Par: 3, Rows: 1
(0.000,6)    (1.000,11)    (0.000,5)    (0.000,13)    (0.000,10)    
Total frac: 1.000

Device (0) CPU1:
cores_sketch: 0.0, cores_dpdk: 7.0
Rows total: -0.0
Mem total: 0.0
Throughput: 97.99019137782346

Device (1) CPU2:
cores_sketch: 0.0, cores_dpdk: 7.0
Rows total: -0.0
Mem total: 0.0
Throughput: 97.99019137782346

Device (2) CPU3:
cores_sketch: 0.0, cores_dpdk: 7.0
Rows total: -0.0
Mem total: 0.0
Throughput: 97.99019137782346

Device (3) CPU4:
cores_sketch: 0.0, cores_dpdk: 7.0
Rows total: -0.0
Mem total: 0.0
Throughput: 97.99019137782346

Device (4) CPU5:
cores_sketch: 0.0, cores_dpdk: 7.0
Rows total: -0.0
Mem total: 0.0
Throughput: 97.99019137782346

Device (5) CPU6:
cores_sketch: 0.0, cores_dpdk: 7.0
Rows total: -0.0
Mem total: 0.0
Throughput: 97.99019137782346

Device (6) CPU7:
cores_sketch: 0.0, cores_dpdk: 7.0
Rows total: -0.0
Mem total: 0.0
Throughput: 97.99019137782346

Device (7) CPU8:
cores_sketch: 0.0, cores_dpdk: 7.0
Rows total: -0.0
Mem total: 0.0
Throughput: 97.99019137782346

Device (8) tor_P41:
Rows total: 17.0
Mem total: 28.88671875
Throughput: 148.0

Device (9) tor_P42:
Rows total: 40.0
Mem total: 67.96875
Throughput: 148.0

Device (10) tor_P43:
Rows total: 54.0
Mem total: 91.7578125
Throughput: 148.0

Device (11) tor_P44:
Rows total: 41.0
Mem total: 69.66796875
Throughput: 148.0

Device (12) l1_P41:
Rows total: 87.0
Mem total: 147.83203125
Throughput: 148.0

Device (13) l1_P42:
Rows total: 65.0
Mem total: 110.44921875
Throughput: 148.0

Device (14) l2_P4:
Rows total: 11.0
Mem total: 18.69140625
Throughput: 148.0
--------------------------------------------------
Function: MIP.solve took 0.2570946216583252 seconds
Function: solve took 0.26120924949645996 seconds
