Function: get_partitions took 0.00037360191345214844 seconds
Function: map_flows_partitions took 0.0004570484161376953 seconds
Building model with:
15 devices, 192 partitions and 320 flows
Using license file /home/anup/gurobi.lic
Academic license - for non-commercial use only
Function: MIP.add_frac_mem_var took 0.014246225357055664 seconds
Function: MIP.add_coverage_constraints took 0.014806985855102539 seconds
Function: MIP.add_accuracy_constraints took 0.03676319122314453 seconds
Function: MIP.add_capacity_constraints took 0.014066219329833984 seconds
Changed value of parameter TimeLimit to 120.0
   Prev: inf  Min: 0.0  Max: inf  Default: inf
--------------------------------------------------
Starting model update
Model update took: 0.0025207996368408203 s
--------------------------------------------------
Starting model optimize
Gurobi Optimizer version 9.0.0 build v9.0.0rc2 (linux64)
Optimize a model with 3307 rows, 4664 columns and 15022 nonzeros
Model fingerprint: 0x1ce3aff9
Model has 1 general constraint
Variable types: 2348 continuous, 2316 integer (2316 binary)
Coefficient statistics:
  Matrix range     [1e+00, 2e+00]
  Objective range  [1e+00, 1e+00]
  Bounds range     [1e+00, 3e+04]
  RHS range        [7e-01, 1e+00]

---------------------------------------------------------------------------
Multi-objectives: starting optimization with 2 objectives ... 
---------------------------------------------------------------------------

Multi-objectives: applying initial presolve ...
---------------------------------------------------------------------------

Presolve removed 2418 rows and 2317 columns
Presolve time: 0.01s
Presolved: 889 rows and 2347 columns
---------------------------------------------------------------------------

Multi-objectives: optimize objective 1 (max_mem) ...
---------------------------------------------------------------------------

Presolve time: 0.01s
Presolved: 889 rows, 2347 columns, 7530 nonzeros
Presolved model has 15 SOS constraint(s)
Variable types: 16 continuous, 2331 integer (2331 binary)

Root relaxation: objective 3.568359e+01, 1305 iterations, 0.03 seconds

    Nodes    |    Current Node    |     Objective Bounds      |     Work
 Expl Unexpl |  Obj  Depth IntInf | Incumbent    BestBd   Gap | It/Node Time

     0     0   35.68359    0   67          -   35.68359      -     -    0s
H    0     0                      40.7812500   35.68359  12.5%     -    0s
H    0     0                      37.3828125   35.68359  4.55%     -    0s
     0     0   35.80326    0   58   37.38281   35.80326  4.23%     -    0s
     0     0   35.81522    0   55   37.38281   35.81522  4.19%     -    0s
     0     0   35.81522    0   60   37.38281   35.81522  4.19%     -    0s
     0     0   35.85142    0   44   37.38281   35.85142  4.10%     -    0s
     0     0   35.87240    0   45   37.38281   35.87240  4.04%     -    0s
     0     0   35.87240    0   42   37.38281   35.87240  4.04%     -    0s
     0     0   35.87240    0   48   37.38281   35.87240  4.04%     -    0s
     0     0   35.87240    0   52   37.38281   35.87240  4.04%     -    0s
     0     0   35.87240    0   45   37.38281   35.87240  4.04%     -    0s
     0     0   35.87240    0   45   37.38281   35.87240  4.04%     -    0s
     0     2   35.87240    0   44   37.38281   35.87240  4.04%     -    0s
   750   805   36.14702  180   24   37.38281   35.89325  3.98%  48.1    5s
H  946   961                      37.3828122   35.89325  3.98%  46.0    6s
H 1447  1442                      37.3828121   35.89325  3.98%  41.2    9s
H 1448  1442                      37.3828121   35.89325  3.98%  41.2    9s
H 1449  1442                      37.3828121   35.89325  3.98%  41.2    9s
  1490  1516   37.07386  316   34   37.38281   35.89325  3.98%  40.4   10s
H 1693  1536                      37.3828110   35.89547  3.98%  42.2   10s
  2064  1814   36.07201   38   37   37.38281   35.94041  3.86%  43.7   15s
H 2730  2156                      37.3828110   35.94041  3.86%  40.7   17s
H 2734  2082                      37.3828107   35.94041  3.86%  40.7   17s
  4363  3077   36.10313  176   30   37.38281   35.94041  3.86%  39.9   20s
  6724  4868   36.54866  308   31   37.38281   35.94041  3.86%  42.1   25s
  9947  7726   36.16785   82   38   37.38281   35.94882  3.84%  39.7   30s
 12835 10547   36.31350  190   31   37.38281   35.95095  3.83%  39.5   35s
 15937 13715   36.15692   89   34   37.38281   35.95116  3.83%  40.2   40s
 19630 16641   37.06746  373   28   37.38281   35.95724  3.81%  40.5   45s
 23656 20414   36.64493   94   37   37.38281   35.96206  3.80%  39.8   50s
 28464 24818   36.00416   72   31   37.38281   35.96884  3.78%  37.1   55s
 29495 24819   36.09356  107   45   37.38281   35.96884  3.78%  36.8   62s
 29508 24828   36.31916  253   47   37.38281   35.96884  3.78%  36.8   65s
 29526 24840   36.66811  113   58   37.38281   35.96884  3.78%  36.8   70s
 29539 24853   36.09666   26   53   37.38281   35.96970  3.78%  37.0   75s
 29708 24980   36.09939   41   48   37.38281   35.96970  3.78%  37.0   80s
 30186 25337   36.14615   75   35   37.38281   35.96970  3.78%  37.0   85s
 31007 25914   36.34398  124   35   37.38281   35.96970  3.78%  37.2   90s
 31916 26598   36.50522  172   46   37.38281   35.96970  3.78%  37.8   95s
 33616 27497   36.88133  250   26   37.38281   35.96970  3.78%  38.6  100s
 35626 28639   36.06973   90   38   37.38281   35.96970  3.78%  39.5  105s
 38003 29930   36.32553  183   29   37.38281   35.96970  3.78%  40.8  110s
 40230 31344   37.25374  290   22   37.38281   35.96970  3.78%  42.3  116s
 43295 32685   36.42706  153   32   37.38281   35.98728  3.73%  43.0  120s

Cutting planes:
  Gomory: 8
  MIR: 30
  Flow cover: 37
  Zero half: 21

Explored 43314 nodes (1867990 simplex iterations) in 120.00 seconds
Thread count was 8 (of 8 available processors)

Solution count 10: 37.3828 37.3828 37.3828 ... 40.7812

Time limit reached
Best objective 3.738281066481e+01, best bound 3.598728398454e+01, gap 3.7331%

---------------------------------------------------------------------------
Multi-objectives: stopped in 120.02 seconds, solution count 10
Time Limit reached

Model optimize took: 120.02366256713867 seconds
--------------------------------------------------

Solution quality statistics for model Univmon :
  Maximum violation:
    Bound       : 0.00000000e+00
    Constraint  : 1.42857459e-09
    Integrality : 2.16003695e-06 (frac[11,75])

Sketch (0) (cm: eps0: 0.00625, del0: 0.05, min_mem: 1.69921875)
Par: 1, Rows: 1
(-0.000,9)    (-0.000,6)    (1.000,4)    (-0.000,14)    (-0.000,12)    (-0.000,10)    (1.000,8)    (-0.000,5)    (1.000,3)    (-0.000,1)    (-0.000,13)    (-0.000,11)    
Total frac: 3.000
Par: 2, Rows: 1
(-0.000,6)    (-0.000,4)    (-0.000,14)    (-0.000,5)    (-0.000,12)    (1.000,3)    (1.000,10)    (-0.000,1)    (-0.000,8)    (-0.000,13)    (-0.000,11)    (-0.000,9)    
Total frac: 2.000
Par: 3, Rows: 1
(1.000,3)    (-0.000,14)    (1.000,10)    (-0.000,11)    (-0.000,5)    (0.000,4)    (-0.000,1)    (-0.000,13)    (-0.000,12)    (-0.000,9)    (-0.000,8)    (-0.000,6)    
Total frac: 2.000

Sketch (1) (cm: eps0: 0.00625, del0: 0.05, min_mem: 1.69921875)
Par: 1, Rows: 1
(-0.000,11)    (0.000,5)    (1.000,10)    (1.000,1)    (-0.000,13)    (0.000,9)    (-0.000,4)    (-0.000,7)    (0.000,12)    (0.000,3)    (-0.000,8)    (0.000,6)    
Total frac: 2.000
Par: 2, Rows: 1
(-0.000,7)    (0.000,5)    (1.000,8)    (0.000,3)    (-0.000,13)    (-0.000,1)    (-0.000,11)    (0.000,9)    (-0.000,4)    (0.000,6)    (0.000,12)    (1.000,10)    
Total frac: 2.000
Par: 3, Rows: 1
(-0.000,10)    (0.000,3)    (-0.000,13)    (1.000,1)    (-0.000,8)    (1.000,11)    (0.000,9)    (-0.000,4)    (0.000,6)    (-0.000,7)    (0.000,5)    (0.000,12)    
Total frac: 2.000

Sketch (2) (cm: eps0: 0.00625, del0: 0.05, min_mem: 1.69921875)
Par: 1, Rows: 1
(-0.000,13)    (-0.000,12)    (-0.000,0)    (-0.000,9)    (-0.000,7)    (-0.000,8)    (-0.000,6)    (1.000,3)    (-0.000,10)    (-0.000,14)    (-0.000,5)    (1.000,11)    (0.000,4)    
Total frac: 2.000
Par: 2, Rows: 1
(0.000,4)    (-0.000,9)    (-0.000,7)    (-0.000,12)    (-0.000,0)    (1.000,3)    (-0.000,8)    (-0.000,6)    (-0.000,5)    (1.000,11)    (-0.000,10)    (-0.000,14)    (-0.000,13)    
Total frac: 2.000
Par: 3, Rows: 1
(-0.000,0)    (-0.000,9)    (-0.000,12)    (0.000,4)    (-0.000,7)    (-0.000,14)    (-0.000,10)    (-0.000,8)    (-0.000,13)    (1.000,11)    (-0.000,5)    (1.000,3)    (-0.000,6)    
Total frac: 2.000

Sketch (3) (cm: eps0: 0.00625, del0: 0.05, min_mem: 1.69921875)
Par: 1, Rows: 1
(-0.000,9)    (-0.000,2)    (-0.000,0)    (0.000,7)    (-0.000,12)    (-0.000,1)    (-0.000,4)    (-0.000,13)    (0.000,11)    (-0.000,14)    (0.000,5)    (0.000,3)    (1.000,10)    (1.000,8)    
Total frac: 2.000
Par: 2, Rows: 1
(-0.000,11)    (0.000,3)    (-0.000,14)    (-0.000,1)    (1.000,10)    (-0.000,0)    (0.000,13)    (-0.000,5)    (-0.000,12)    (-0.000,4)    (-0.000,7)    (-0.000,2)    (-0.000,9)    (1.000,8)    
Total frac: 2.000
Par: 3, Rows: 1
(0.000,3)    (1.000,8)    (-0.000,1)    (-0.000,13)    (-0.000,14)    (0.000,5)    (1.000,10)    (-0.000,0)    (0.000,7)    (-0.000,12)    (-0.000,9)    (-0.000,4)    (0.000,11)    (-0.000,2)    
Total frac: 2.000

Sketch (4) (cm: eps0: 0.00625, del0: 0.05, min_mem: 1.69921875)
Par: 1, Rows: 1
(-0.000,10)    (-0.000,14)    (-0.000,13)    (-0.000,1)    (1.000,5)    (-0.000,8)    (-0.000,11)    (-0.000,3)    (0.000,2)    (0.000,6)    (-0.000,12)    (-0.000,0)    (1.000,9)    (-0.000,4)    (-0.000,7)    
Total frac: 2.000
Par: 2, Rows: 1
(-0.000,13)    (-0.000,1)    (1.000,5)    (-0.000,10)    (-0.000,11)    (-0.000,14)    (-0.000,3)    (-0.000,8)    (1.000,9)    (0.000,2)    (0.000,6)    (-0.000,7)    (-0.000,12)    (-0.000,0)    (-0.000,4)    
Total frac: 2.000
Par: 3, Rows: 1
(-0.000,0)    (-0.000,4)    (-0.000,7)    (0.000,2)    (0.000,6)    (1.000,9)    (-0.000,8)    (-0.000,11)    (-0.000,3)    (-0.000,10)    (-0.000,14)    (-0.000,13)    (-0.000,1)    (1.000,5)    (-0.000,12)    
Total frac: 2.000

Sketch (5) (cm: eps0: 0.00625, del0: 0.05, min_mem: 1.69921875)
Par: 1, Rows: 1
(-0.000,12)    (-0.000,0)    (-0.000,9)    (-0.000,2)    (0.000,6)    (0.000,11)    (-0.000,8)    (-0.000,13)    (-0.000,1)    (-0.000,5)    (-0.000,10)    (1.000,14)    
Total frac: 1.000
Par: 2, Rows: 1
(-0.000,1)    (-0.000,12)    (-0.000,10)    (-0.000,8)    (-0.000,5)    (-0.000,2)    (-0.000,13)    (-0.000,0)    (0.000,11)    (1.000,14)    (-0.000,9)    (0.000,6)    
Total frac: 1.000
Par: 3, Rows: 1
(-0.000,5)    (-0.000,12)    (-0.000,10)    (-0.000,8)    (-0.000,13)    (0.000,11)    (-0.000,9)    (-0.000,2)    (-0.000,0)    (1.000,14)    (-0.000,1)    (0.000,6)    
Total frac: 1.000

Sketch (6) (cm: eps0: 0.00625, del0: 0.05, min_mem: 1.69921875)
Par: 1, Rows: 1
(-0.000,5)    (-0.000,13)    (1.000,7)    (-0.000,10)    (-0.000,11)    
Total frac: 1.000
Par: 2, Rows: 1
(-0.000,10)    (-0.000,13)    (1.000,7)    (-0.000,11)    (-0.000,5)    
Total frac: 1.000
Par: 3, Rows: 1
(-0.000,13)    (-0.000,11)    (-0.000,10)    (1.000,7)    (-0.000,5)    
Total frac: 1.000

Sketch (7) (cm: eps0: 0.00625, del0: 0.05, min_mem: 1.69921875)
Par: 1, Rows: 1
(-0.000,11)    (-0.000,2)    (-0.000,9)    (-0.000,14)    (-0.000,4)    (-0.000,1)    (-0.000,6)    (0.000,7)    (-0.000,12)    (-0.000,10)    (-0.000,3)    (1.000,13)    (-0.000,8)    
Total frac: 1.000
Par: 2, Rows: 1
(0.000,7)    (-0.000,8)    (-0.000,6)    (0.000,3)    (-0.000,10)    (-0.000,1)    (-0.000,11)    (-0.000,4)    (0.000,2)    (1.000,13)    (0.000,12)    (-0.000,14)    (0.000,9)    
Total frac: 1.000
Par: 3, Rows: 1
(-0.000,14)    (-0.000,3)    (-0.000,1)    (-0.000,8)    (-0.000,6)    (-0.000,11)    (-0.000,10)    (1.000,13)    (-0.000,4)    (-0.000,2)    (-0.000,9)    (0.000,7)    (-0.000,12)    
Total frac: 1.000

Sketch (8) (cm: eps0: 0.00625, del0: 0.05, min_mem: 1.69921875)
Par: 1, Rows: 1
(-0.000,4)    (-0.000,7)    (-0.000,10)    (-0.000,8)    (1.000,13)    (-0.000,11)    (-0.000,5)    (0.000,3)    (-0.000,14)    (0.000,9)    (-0.000,1)    (0.000,12)    
Total frac: 1.000
Par: 2, Rows: 1
(-0.000,7)    (-0.000,12)    (-0.000,4)    (1.000,13)    (-0.000,11)    (0.000,5)    (0.000,3)    (-0.000,10)    (-0.000,8)    (0.000,9)    (-0.000,1)    (0.000,14)    
Total frac: 1.000
Par: 3, Rows: 1
(-0.000,10)    (1.000,13)    (0.000,5)    (0.000,12)    (-0.000,4)    (-0.000,7)    (-0.000,14)    (0.000,9)    (-0.000,1)    (-0.000,8)    (-0.000,11)    (0.000,3)    
Total frac: 1.000

Sketch (9) (cm: eps0: 0.00625, del0: 0.05, min_mem: 1.69921875)
Par: 1, Rows: 1
(0.000,5)    (0.000,10)    (-0.000,2)    (0.000,7)    (-0.000,12)    (-0.000,9)    (-0.000,1)    (-0.000,6)    (-0.000,11)    (1.000,14)    (1.000,3)    (-0.000,8)    (-0.000,0)    (-0.000,13)    
Total frac: 2.000
Par: 2, Rows: 1
(-0.000,0)    (-0.000,11)    (1.000,3)    (-0.000,6)    (-0.000,12)    (1.000,14)    (0.000,9)    (-0.000,1)    (-0.000,7)    (-0.000,10)    (-0.000,2)    (-0.000,13)    (0.000,5)    (-0.000,8)    
Total frac: 2.000
Par: 3, Rows: 1
(-0.000,8)    (-0.000,0)    (0.000,9)    (-0.000,1)    (-0.000,6)    (-0.000,7)    (-0.000,12)    (1.000,14)    (-0.000,13)    (0.000,5)    (0.000,10)    (-0.000,11)    (-0.000,2)    (1.000,3)    
Total frac: 2.000

Sketch (10) (cm: eps0: 0.00625, del0: 0.05, min_mem: 1.69921875)
Par: 1, Rows: 1
(-0.000,14)    (-0.000,9)    (-0.000,1)    (-0.000,8)    (-0.000,11)    (-0.000,10)    (1.000,2)    (-0.000,13)    (0.000,5)    (-0.000,12)    (1.000,4)    (-0.000,7)    
Total frac: 2.000
Par: 2, Rows: 1
(-0.000,1)    (-0.000,11)    (-0.000,14)    (-0.000,8)    (-0.000,13)    (1.000,5)    (-0.000,10)    (1.000,2)    (-0.000,7)    (-0.000,12)    (-0.000,4)    (-0.000,9)    
Total frac: 2.000
Par: 3, Rows: 1
(-0.000,12)    (1.000,5)    (-0.000,10)    (-0.000,8)    (-0.000,1)    (-0.000,13)    (-0.000,11)    (-0.000,4)    (-0.000,9)    (1.000,2)    (-0.000,14)    (-0.000,7)    
Total frac: 2.000

Sketch (11) (cm: eps0: 0.00625, del0: 0.05, min_mem: 1.69921875)
Par: 1, Rows: 1
(-0.000,10)    (-0.000,13)    (-0.000,11)    (1.000,6)    (-0.000,4)    (0.000,5)    
Total frac: 1.000
Par: 2, Rows: 1
(-0.000,13)    (1.000,6)    (0.000,5)    (-0.000,10)    (-0.000,11)    (-0.000,4)    
Total frac: 1.000
Par: 3, Rows: 1
(-0.000,4)    (-0.000,13)    (1.000,6)    (0.000,5)    (-0.000,11)    (-0.000,10)    
Total frac: 1.000

Sketch (12) (cm: eps0: 0.00625, del0: 0.05, min_mem: 1.69921875)
Par: 1, Rows: 1
(0.000,4)    (0.000,2)    (0.000,6)    (1.000,11)    (-0.000,9)    (-0.000,14)    (-0.000,7)    (-0.000,12)    (0.000,10)    (-0.000,3)    (-0.000,8)    (1.000,1)    (-0.000,13)    
Total frac: 2.000
Par: 2, Rows: 1
(0.000,9)    (-0.000,4)    (0.000,2)    (-0.000,6)    (0.000,7)    (0.000,14)    (0.000,3)    (0.000,1)    (0.000,12)    (-0.000,10)    (-0.000,13)    (1.000,8)    (1.000,11)    
Total frac: 2.000
Par: 3, Rows: 1
(-0.000,8)    (0.000,14)    (-0.000,10)    (-0.000,4)    (1.000,11)    (1.000,1)    (-0.000,13)    (0.000,7)    (0.000,12)    (0.000,2)    (-0.000,6)    (0.000,9)    (0.000,3)    
Total frac: 2.000

Sketch (13) (cm: eps0: 0.00625, del0: 0.05, min_mem: 1.69921875)
Par: 1, Rows: 1
(0.000,5)    (-0.000,8)    (1.000,14)    (-0.000,1)    (-0.000,10)    (-0.000,4)    (-0.000,13)    (1.000,0)    (-0.000,9)    (-0.000,12)    (-0.000,2)    
Total frac: 2.000
Par: 2, Rows: 1
(-0.000,1)    (0.000,5)    (-0.000,10)    (-0.000,8)    (-0.000,13)    (-0.000,2)    (1.000,0)    (-0.000,4)    (-0.000,9)    (-0.000,12)    (1.000,14)    
Total frac: 2.000
Par: 3, Rows: 1
(-0.000,12)    (1.000,14)    (0.000,5)    (-0.000,13)    (-0.000,10)    (-0.000,8)    (-0.000,2)    (-0.000,9)    (1.000,0)    (-0.000,1)    (-0.000,4)    
Total frac: 2.000

Sketch (14) (cm: eps0: 0.00625, del0: 0.05, min_mem: 1.69921875)
Par: 1, Rows: 1
(0.000,4)    (0.000,13)    (0.000,6)    (0.000,12)    (-0.000,2)    (-0.000,9)    (1.000,3)    (-0.000,8)    (0.000,14)    (-0.000,11)    (1.000,1)    (-0.000,0)    (-0.000,10)    
Total frac: 2.000
Par: 2, Rows: 1
(0.000,10)    (0.000,4)    (0.000,6)    (0.000,12)    (-0.000,2)    (-0.000,9)    (1.000,3)    (0.000,11)    (0.000,1)    (1.000,8)    (0.000,14)    (0.000,13)    (-0.000,0)    
Total frac: 2.000
Par: 3, Rows: 1
(-0.000,0)    (0.000,4)    (0.000,12)    (-0.000,9)    (0.000,14)    (1.000,1)    (0.000,10)    (0.000,13)    (1.000,3)    (-0.000,8)    (-0.000,2)    (0.000,6)    (0.000,11)    
Total frac: 2.000

Sketch (15) (cm: eps0: 0.00625, del0: 0.05, min_mem: 1.69921875)
Par: 1, Rows: 1
(-0.000,8)    (1.000,2)    (-0.000,6)    (-0.000,9)    (-0.000,0)    (-0.000,12)    (-0.000,14)    (-0.000,13)    (0.000,3)    (-0.000,11)    
Total frac: 1.000
Par: 2, Rows: 1
(-0.000,9)    (0.000,3)    (-0.000,8)    (-0.000,14)    (-0.000,11)    (-0.000,0)    (-0.000,13)    (-0.000,12)    (1.000,2)    (-0.000,6)    
Total frac: 1.000
Par: 3, Rows: 1
(-0.000,11)    (-0.000,8)    (-0.000,14)    (-0.000,13)    (-0.000,0)    (-0.000,12)    (0.000,2)    (-0.000,6)    (1.000,9)    (0.000,3)    
Total frac: 1.000

Sketch (16) (cm: eps0: 0.00625, del0: 0.05, min_mem: 1.69921875)
Par: 1, Rows: 1
(0.000,14)    (0.000,13)    (-0.000,6)    (-0.000,11)    (-0.000,4)    (0.000,9)    (-0.000,1)    (1.000,7)    (0.000,12)    (-0.000,5)    (1.000,10)    (-0.000,8)    (0.000,2)    (1.000,0)    
Total frac: 3.000
Par: 2, Rows: 1
(-0.000,13)    (-0.000,2)    (-0.000,11)    (1.000,0)    (-0.000,9)    (-0.000,14)    (-0.000,1)    (-0.000,6)    (0.000,4)    (1.000,7)    (-0.000,5)    (-0.000,12)    (1.000,10)    (-0.000,8)    
Total frac: 3.000
Par: 3, Rows: 1
(0.000,12)    (0.000,9)    (-0.000,8)    (-0.000,1)    (1.000,0)    (-0.000,5)    (1.000,10)    (-0.000,11)    (-0.000,4)    (0.000,2)    (0.000,14)    (0.000,13)    (-0.000,6)    (1.000,7)    
Total frac: 3.000

Sketch (17) (cm: eps0: 0.00625, del0: 0.05, min_mem: 1.69921875)
Par: 1, Rows: 1
(-0.000,1)    (0.000,6)    (1.000,12)    (-0.000,8)    (-0.000,5)    (0.000,11)    (-0.000,0)    (-0.000,10)    (-0.000,13)    (0.000,2)    (0.000,7)    (-0.000,9)    (-0.000,14)    (-0.000,3)    
Total frac: 1.000
Par: 2, Rows: 1
(-0.000,1)    (0.000,7)    (1.000,12)    (-0.000,5)    (-0.000,10)    (-0.000,2)    (0.000,3)    (-0.000,8)    (-0.000,0)    (-0.000,13)    (-0.000,14)    (0.000,6)    (0.000,11)    (-0.000,9)    
Total frac: 1.000
Par: 3, Rows: 1
(-0.000,5)    (0.000,3)    (1.000,12)    (-0.000,10)    (-0.000,13)    (-0.000,2)    (-0.000,8)    (0.000,11)    (-0.000,0)    (-0.000,9)    (-0.000,14)    (-0.000,1)    (0.000,6)    (0.000,7)    
Total frac: 1.000

Sketch (18) (cm: eps0: 0.00625, del0: 0.05, min_mem: 1.69921875)
Par: 1, Rows: 1
(0.000,2)    (-0.000,11)    (-0.000,13)    (0.000,14)    (1.000,12)    (1.000,6)    (0.000,9)    (0.000,3)    (-0.000,8)    (-0.000,1)    (-0.000,0)    (-0.000,5)    (-0.000,10)    (0.000,4)    
Total frac: 2.000
Par: 2, Rows: 1
(-0.000,0)    (-0.000,10)    (-0.000,4)    (0.000,13)    (0.000,2)    (-0.000,9)    (1.000,14)    (-0.000,3)    (-0.000,12)    (1.000,1)    (1.000,6)    (0.000,5)    (-0.000,8)    (-0.000,11)    
Total frac: 3.000
Par: 3, Rows: 1
(-0.000,13)    (1.000,6)    (-0.000,11)    (-0.000,14)    (-0.000,1)    (-0.000,4)    (-0.000,9)    (1.000,12)    (0.000,2)    (-0.000,0)    (0.000,5)    (-0.000,10)    (-0.000,3)    (-0.000,8)    
Total frac: 2.000

Sketch (19) (cm: eps0: 0.00625, del0: 0.05, min_mem: 1.69921875)
Par: 1, Rows: 1
(1.000,10)    (-0.000,8)    (1.000,1)    (-0.000,6)    (0.000,9)    (-0.000,4)    (0.000,12)    (0.000,5)    (0.000,3)    (-0.000,13)    (-0.000,11)    
Total frac: 2.000
Par: 2, Rows: 1
(-0.000,1)    (0.000,9)    (0.000,3)    (1.000,8)    (-0.000,11)    (0.000,5)    (-0.000,10)    (1.000,4)    (-0.000,13)    (-0.000,6)    (0.000,12)    
Total frac: 2.000
Par: 3, Rows: 1
(0.000,12)    (0.000,9)    (0.000,3)    (-0.000,11)    (-0.000,8)    (-0.000,5)    (-0.000,13)    (-0.000,10)    (1.000,4)    (1.000,1)    (-0.000,6)    
Total frac: 2.000

Sketch (20) (cm: eps0: 0.00625, del0: 0.05, min_mem: 1.69921875)
Par: 1, Rows: 1
(0.000,10)    (-0.000,0)    (0.000,13)    (1.000,8)    (0.000,6)    (0.000,11)    (0.000,14)    (0.000,4)    (-0.000,1)    (0.000,12)    
Total frac: 1.000
Par: 2, Rows: 1
(0.000,12)    (0.000,13)    (-0.000,10)    (0.000,11)    (-0.000,0)    (1.000,8)    (-0.000,1)    (0.000,6)    (0.000,14)    (-0.000,4)    
Total frac: 1.000
Par: 3, Rows: 1
(0.000,10)    (0.000,4)    (0.000,13)    (0.000,12)    (0.000,6)    (0.000,14)    (-0.000,1)    (-0.000,0)    (1.000,8)    (0.000,11)    
Total frac: 1.000

Sketch (21) (cm: eps0: 0.00625, del0: 0.05, min_mem: 1.69921875)
Par: 1, Rows: 1
(-0.000,8)    (-0.000,13)    (0.000,2)    (0.000,7)    (0.000,10)    (1.000,12)    (-0.000,1)    (-0.000,6)    (-0.000,9)    (-0.000,14)    (-0.000,3)    (-0.000,11)    (-0.000,0)    (-0.000,5)    
Total frac: 1.000
Par: 2, Rows: 1
(-0.000,1)    (0.000,2)    (-0.000,0)    (-0.000,13)    (-0.000,14)    (-0.000,11)    (-0.000,12)    (-0.000,9)    (0.000,10)    (1.000,8)    (0.000,7)    (0.000,5)    (1.000,6)    (-0.000,3)    
Total frac: 2.000
Par: 3, Rows: 1
(-0.000,11)    (-0.000,6)    (-0.000,9)    (0.000,2)    (-0.000,0)    (-0.000,14)    (1.000,12)    (0.000,10)    (-0.000,8)    (-0.000,7)    (0.000,5)    (-0.000,3)    (-0.000,1)    (-0.000,13)    
Total frac: 1.000

Sketch (22) (cm: eps0: 0.00625, del0: 0.05, min_mem: 1.69921875)
Par: 1, Rows: 1
(0.000,7)    (-0.000,3)    (0.000,4)    (-0.000,0)    (-0.000,11)    (-0.000,12)    (-0.000,8)    (-0.000,6)    (0.000,2)    (-0.000,13)    (1.000,14)    (-0.000,9)    (0.000,10)    
Total frac: 1.000
Par: 2, Rows: 1
(-0.000,3)    (0.000,10)    (-0.000,11)    (0.000,4)    (-0.000,0)    (-0.000,12)    (-0.000,13)    (-0.000,8)    (-0.000,6)    (-0.000,9)    (0.000,2)    (0.000,7)    (1.000,14)    
Total frac: 1.000
Par: 3, Rows: 1
(0.000,7)    (0.000,4)    (0.000,2)    (-0.000,6)    (-0.000,3)    (-0.000,13)    (-0.000,12)    (-0.000,0)    (0.000,10)    (1.000,14)    (-0.000,11)    (-0.000,9)    (-0.000,8)    
Total frac: 1.000

Sketch (23) (cm: eps0: 0.00625, del0: 0.05, min_mem: 1.69921875)
Par: 1, Rows: 1
(-0.000,8)    (0.000,5)    (-0.000,3)    (1.000,13)    (-0.000,1)    (0.000,4)    (-0.000,11)    (-0.000,6)    (-0.000,9)    (-0.000,12)    (-0.000,0)    (0.000,10)    (-0.000,14)    
Total frac: 1.000
Par: 2, Rows: 1
(0.000,5)    (-0.000,11)    (-0.000,8)    (-0.000,6)    (1.000,13)    (-0.000,1)    (-0.000,10)    (0.000,14)    (0.000,9)    (-0.000,4)    (0.000,3)    (-0.000,12)    (-0.000,0)    
Total frac: 1.000
Par: 3, Rows: 1
(0.000,12)    (-0.000,0)    (1.000,13)    (-0.000,1)    (-0.000,8)    (-0.000,6)    (0.000,9)    (-0.000,10)    (0.000,14)    (0.000,3)    (-0.000,4)    (0.000,5)    (-0.000,11)    
Total frac: 1.000

Sketch (24) (cm: eps0: 0.00625, del0: 0.05, min_mem: 1.69921875)
Par: 1, Rows: 1
(-0.000,11)    (-0.000,12)    (-0.000,5)    (-0.000,3)    (-0.000,14)    (1.000,9)    (-0.000,10)    (-0.000,8)    (1.000,7)    (-0.000,1)    (0.000,2)    (-0.000,0)    (0.000,13)    
Total frac: 2.000
Par: 2, Rows: 1
(0.000,2)    (-0.000,0)    (-0.000,12)    (1.000,9)    (-0.000,14)    (1.000,7)    (-0.000,10)    (-0.000,8)    (-0.000,1)    (0.000,13)    (-0.000,11)    (-0.000,5)    (-0.000,3)    
Total frac: 2.000
Par: 3, Rows: 1
(0.000,14)    (1.000,9)    (-0.000,10)    (-0.000,0)    (-0.000,11)    (0.000,12)    (0.000,3)    (-0.000,1)    (0.000,2)    (-0.000,13)    (-0.000,8)    (-0.000,5)    (1.000,7)    
Total frac: 2.000

Sketch (25) (cm: eps0: 0.00625, del0: 0.05, min_mem: 1.69921875)
Par: 1, Rows: 1
(-0.000,14)    (0.000,11)    (-0.000,3)    (-0.000,10)    (-0.000,0)    (1.000,12)    (0.000,13)    (-0.000,5)    (1.000,6)    (0.000,2)    (0.000,7)    (-0.000,8)    (-0.000,9)    
Total frac: 2.000
Par: 2, Rows: 1
(-0.000,8)    (0.000,7)    (0.000,2)    (0.000,6)    (0.000,13)    (1.000,12)    (1.000,5)    (-0.000,0)    (-0.000,11)    (-0.000,3)    (-0.000,10)    (-0.000,14)    (-0.000,9)    
Total frac: 2.000
Par: 3, Rows: 1
(-0.000,14)    (-0.000,8)    (0.000,13)    (-0.000,5)    (0.000,2)    (-0.000,11)    (1.000,6)    (-0.000,3)    (1.000,12)    (-0.000,0)    (-0.000,9)    (0.000,7)    (-0.000,10)    
Total frac: 2.000

Sketch (26) (cm: eps0: 0.00625, del0: 0.05, min_mem: 1.69921875)
Par: 1, Rows: 1
(1.000,2)    (-0.000,13)    (-0.000,10)    (-0.000,14)    (-0.000,9)    (-0.000,12)    (-0.000,4)    
Total frac: 1.000
Par: 2, Rows: 1
(1.000,2)    (-0.000,9)    (-0.000,10)    (-0.000,14)    (-0.000,12)    (-0.000,13)    (-0.000,4)    
Total frac: 1.000
Par: 3, Rows: 1
(1.000,2)    (-0.000,14)    (-0.000,4)    (-0.000,13)    (-0.000,12)    (-0.000,9)    (-0.000,10)    
Total frac: 1.000

Sketch (27) (cm: eps0: 0.00625, del0: 0.05, min_mem: 1.69921875)
Par: 1, Rows: 1
(-0.000,12)    (0.000,10)    (1.000,7)    (0.000,5)    (-0.000,3)    (-0.000,14)    (-0.000,13)    (-0.000,11)    (0.000,6)    (-0.000,9)    
Total frac: 1.000
Par: 2, Rows: 1
(-0.000,14)    (-0.000,11)    (-0.000,12)    (0.000,5)    (0.000,6)    (-0.000,13)    (-0.000,9)    (-0.000,10)    (1.000,7)    (-0.000,3)    
Total frac: 1.000
Par: 3, Rows: 1
(-0.000,11)    (0.000,5)    (-0.000,14)    (-0.000,12)    (-0.000,13)    (0.000,6)    (-0.000,9)    (1.000,7)    (-0.000,3)    (0.000,10)    
Total frac: 1.000

Sketch (28) (cm: eps0: 0.00625, del0: 0.05, min_mem: 1.69921875)
Par: 1, Rows: 1
(-0.000,5)    (-0.000,14)    (0.000,4)    (-0.000,6)    (-0.000,3)    (-0.000,13)    (-0.000,12)    (-0.000,10)    (1.000,11)    (-0.000,9)    (-0.000,8)    (-0.000,7)    (1.000,0)    
Total frac: 2.000
Par: 2, Rows: 1
(-0.000,3)    (-0.000,13)    (1.000,0)    (-0.000,14)    (0.000,4)    (1.000,11)    (-0.000,6)    (-0.000,9)    (-0.000,12)    (0.000,10)    (-0.000,8)    (0.000,7)    (0.000,5)    
Total frac: 2.000
Par: 3, Rows: 1
(-0.000,10)    (0.000,9)    (-0.000,7)    (1.000,0)    (0.000,4)    (-0.000,3)    (0.000,12)    (-0.000,5)    (0.000,14)    (1.000,11)    (-0.000,8)    (0.000,6)    (-0.000,13)    
Total frac: 2.000

Sketch (29) (cm: eps0: 0.00625, del0: 0.05, min_mem: 1.69921875)
Par: 1, Rows: 1
(-0.000,8)    (1.000,6)    (0.000,9)    (-0.000,7)    (-0.000,10)    (1.000,3)    (-0.000,0)    (-0.000,1)    (1.000,4)    (-0.000,5)    (-0.000,11)    (-0.000,2)    (-0.000,12)    (-0.000,13)    (-0.000,14)    
Total frac: 3.000
Par: 2, Rows: 1
(-0.000,9)    (-0.000,10)    (-0.000,8)    (-0.000,1)    (-0.000,2)    (-0.000,0)    (-0.000,7)    (1.000,6)    (-0.000,14)    (-0.000,13)    (-0.000,11)    (-0.000,12)    (-0.000,5)    (1.000,3)    (1.000,4)    
Total frac: 3.000
Par: 3, Rows: 1
(-0.000,1)    (-0.000,7)    (-0.000,10)    (-0.000,8)    (-0.000,2)    (-0.000,0)    (-0.000,13)    (-0.000,11)    (1.000,5)    (1.000,6)    (1.000,3)    (-0.000,14)    (-0.000,12)    (-0.000,9)    (-0.000,4)    
Total frac: 3.000

Sketch (30) (cm: eps0: 0.00625, del0: 0.05, min_mem: 1.69921875)
Par: 1, Rows: 1
(0.000,11)    (-0.000,12)    (-0.000,3)    (1.000,4)    (-0.000,6)    (1.000,14)    (-0.000,13)    (-0.000,8)    (-0.000,5)    (-0.000,0)    (0.000,7)    (-0.000,9)    (0.000,10)    (-0.000,1)    
Total frac: 2.000
Par: 2, Rows: 1
(-0.000,12)    (-0.000,13)    (0.000,4)    (-0.000,5)    (-0.000,6)    (1.000,14)    (0.000,7)    (-0.000,8)    (-0.000,9)    (-0.000,0)    (-0.000,1)    (0.000,11)    (-0.000,3)    (1.000,10)    
Total frac: 2.000
Par: 3, Rows: 1
(-0.000,6)    (-0.000,13)    (-0.000,12)    (-0.000,5)    (1.000,14)    (1.000,4)    (-0.000,11)    (-0.000,3)    (-0.000,10)    (-0.000,9)    (-0.000,8)    (-0.000,1)    (0.000,7)    (-0.000,0)    
Total frac: 2.000

Sketch (31) (cm: eps0: 0.00625, del0: 0.05, min_mem: 1.69921875)
Par: 1, Rows: 1
(-0.000,5)    (-0.000,11)    (0.000,3)    (0.000,12)    (0.000,14)    (0.000,4)    (0.000,9)    (-0.000,1)    (-0.000,7)    (-0.000,10)    (0.000,2)    (-0.000,8)    (1.000,13)    (-0.000,0)    
Total frac: 1.000
Par: 2, Rows: 1
(-0.000,8)    (-0.000,7)    (-0.000,0)    (-0.000,10)    (-0.000,2)    (0.000,9)    (0.000,12)    (-0.000,1)    (0.000,4)    (-0.000,11)    (0.000,3)    (1.000,13)    (-0.000,5)    (0.000,14)    
Total frac: 1.000
Par: 3, Rows: 1
(0.000,14)    (-0.000,8)    (0.000,9)    (-0.000,0)    (-0.000,1)    (-0.000,10)    (-0.000,11)    (0.000,2)    (0.000,3)    (0.000,12)    (1.000,13)    (0.000,4)    (-0.000,5)    (-0.000,7)    
Total frac: 1.000

Sketch (32) (cm: eps0: 0.00625, del0: 0.05, min_mem: 1.69921875)
Par: 1, Rows: 1
(0.000,7)    (1.000,5)    (-0.000,6)    (-0.000,13)    (-0.000,11)    (-0.000,10)    
Total frac: 1.000
Par: 2, Rows: 1
(-0.000,10)    (0.000,7)    (1.000,5)    (-0.000,6)    (-0.000,13)    (-0.000,11)    
Total frac: 1.000
Par: 3, Rows: 1
(-0.000,6)    (-0.000,11)    (-0.000,13)    (0.000,7)    (-0.000,10)    (1.000,5)    
Total frac: 1.000

Sketch (33) (cm: eps0: 0.00625, del0: 0.05, min_mem: 1.69921875)
Par: 1, Rows: 1
(0.000,6)    (0.000,12)    (1.000,2)    (0.000,13)    (1.000,8)    (0.000,7)    (0.000,14)    (-0.000,9)    (-0.000,3)    (0.000,11)    (0.000,1)    
Total frac: 2.000
Par: 2, Rows: 1
(0.000,14)    (0.000,13)    (0.000,12)    (0.000,11)    (-0.000,9)    (-0.000,8)    (-0.000,7)    (1.000,2)    (0.000,6)    (-0.000,3)    (1.000,1)    
Total frac: 2.000
Par: 3, Rows: 1
(0.000,13)    (0.000,6)    (0.000,11)    (-0.000,14)    (-0.000,9)    (0.000,12)    (0.000,7)    (-0.000,8)    (-0.000,3)    (1.000,1)    (1.000,2)    
Total frac: 2.000

Sketch (34) (cm: eps0: 0.00625, del0: 0.05, min_mem: 1.69921875)
Par: 1, Rows: 1
(1.000,4)    (-0.000,9)    (-0.000,3)    (-0.000,0)    (0.000,5)    (-0.000,12)    (1.000,6)    (-0.000,11)    (1.000,1)    (-0.000,8)    (-0.000,14)    (-0.000,13)    (1.000,7)    (-0.000,10)    
Total frac: 4.000
Par: 2, Rows: 1
(-0.000,3)    (-0.000,10)    (1.000,4)    (0.000,5)    (1.000,0)    (1.000,11)    (-0.000,1)    (-0.000,12)    (-0.000,13)    (-0.000,6)    (-0.000,7)    (-0.000,8)    (-0.000,14)    (-0.000,9)    
Total frac: 3.000
Par: 3, Rows: 1
(-0.000,10)    (0.000,7)    (-0.000,8)    (-0.000,6)    (0.000,1)    (1.000,0)    (0.000,5)    (-0.000,3)    (1.000,4)    (-0.000,13)    (1.000,11)    (-0.000,12)    (-0.000,14)    (-0.000,9)    
Total frac: 3.000

Sketch (35) (cm: eps0: 0.00625, del0: 0.05, min_mem: 1.69921875)
Par: 1, Rows: 1
(-0.000,10)    (-0.000,8)    (-0.000,5)    (0.000,6)    (1.000,3)    (-0.000,13)    (1.000,0)    (-0.000,11)    (1.000,4)    (-0.000,12)    (-0.000,14)    (-0.000,9)    (-0.000,7)    
Total frac: 3.000
Par: 2, Rows: 1
(-0.000,5)    (-0.000,13)    (-0.000,7)    (-0.000,8)    (-0.000,14)    (-0.000,0)    (-0.000,9)    (-0.000,10)    (-0.000,3)    (1.000,4)    (-0.000,6)    (-0.000,11)    (1.000,12)    
Total frac: 2.000
Par: 3, Rows: 1
(1.000,12)    (-0.000,13)    (-0.000,7)    (-0.000,8)    (-0.000,14)    (-0.000,9)    (0.000,3)    (-0.000,0)    (-0.000,11)    (-0.000,10)    (1.000,4)    (-0.000,5)    (0.000,6)    
Total frac: 2.000

Sketch (36) (cm: eps0: 0.00625, del0: 0.05, min_mem: 1.69921875)
Par: 1, Rows: 1
(-0.000,13)    (0.000,3)    (-0.000,12)    (1.000,11)    (-0.000,14)    (-0.000,10)    (0.000,7)    (-0.000,9)    (1.000,8)    (-0.000,2)    (-0.000,6)    (-0.000,1)    (1.000,5)    (-0.000,0)    (-0.000,4)    
Total frac: 3.000
Par: 2, Rows: 1
(-0.000,0)    (1.000,11)    (-0.000,4)    (-0.000,12)    (0.000,7)    (-0.000,14)    (-0.000,9)    (-0.000,10)    (-0.000,1)    (1.000,5)    (1.000,8)    (-0.000,2)    (-0.000,13)    (-0.000,6)    (0.000,3)    
Total frac: 3.000
Par: 3, Rows: 1
(-0.000,10)    (-0.000,0)    (-0.000,4)    (0.000,9)    (0.000,3)    (0.000,12)    (0.000,2)    (-0.000,6)    (1.000,11)    (-0.000,1)    (1.000,5)    (0.000,13)    (-0.000,7)    (1.000,8)    (0.000,14)    
Total frac: 3.000

Sketch (37) (cm: eps0: 0.00625, del0: 0.05, min_mem: 1.69921875)
Par: 1, Rows: 1
(-0.000,8)    (1.000,14)    (-0.000,9)    (-0.000,3)    (-0.000,10)    (-0.000,0)    (0.000,11)    (-0.000,4)    (-0.000,5)    (-0.000,12)    (0.000,2)    (-0.000,13)    (-0.000,7)    
Total frac: 1.000
Par: 2, Rows: 1
(-0.000,3)    (-0.000,4)    (-0.000,13)    (0.000,11)    (-0.000,12)    (-0.000,9)    (-0.000,10)    (-0.000,8)    (0.000,2)    (-0.000,0)    (1.000,14)    (0.000,7)    (0.000,5)    
Total frac: 1.000
Par: 3, Rows: 1
(-0.000,4)    (-0.000,13)    (0.000,11)    (-0.000,9)    (-0.000,12)    (-0.000,10)    (-0.000,8)    (0.000,7)    (0.000,5)    (0.000,2)    (-0.000,3)    (-0.000,0)    (1.000,14)    
Total frac: 1.000

Sketch (38) (cm: eps0: 0.00625, del0: 0.05, min_mem: 1.69921875)
Par: 1, Rows: 1
(-0.000,13)    (1.000,9)    (-0.000,10)    (-0.000,3)    (-0.000,4)    (-0.000,1)    (0.000,2)    (-0.000,14)    (0.000,5)    (-0.000,12)    (-0.000,8)    
Total frac: 1.000
Par: 2, Rows: 1
(-0.000,8)    (1.000,9)    (-0.000,3)    (-0.000,1)    (-0.000,10)    (-0.000,4)    (0.000,5)    (0.000,2)    (-0.000,14)    (-0.000,12)    (-0.000,13)    
Total frac: 1.000
Par: 3, Rows: 1
(1.000,9)    (0.000,2)    (-0.000,8)    (-0.000,1)    (0.000,5)    (-0.000,14)    (-0.000,4)    (-0.000,3)    (-0.000,13)    (-0.000,12)    (-0.000,10)    
Total frac: 1.000

Sketch (39) (cm: eps0: 0.00625, del0: 0.05, min_mem: 1.69921875)
Par: 1, Rows: 1
(-0.000,12)    (-0.000,10)    (-0.000,1)    (1.000,5)    (-0.000,8)    (-0.000,3)    (-0.000,0)    (-0.000,14)    (-0.000,13)    (0.000,6)    (0.000,11)    (-0.000,9)    
Total frac: 1.000
Par: 2, Rows: 1
(1.000,5)    (-0.000,14)    (-0.000,12)    (0.000,6)    (0.000,11)    (-0.000,8)    (-0.000,13)    (-0.000,0)    (-0.000,10)    (-0.000,9)    (-0.000,3)    (-0.000,1)    
Total frac: 1.000
Par: 3, Rows: 1
(0.000,11)    (-0.000,14)    (-0.000,12)    (-0.000,13)    (0.000,6)    (-0.000,8)    (-0.000,9)    (-0.000,3)    (-0.000,0)    (-0.000,10)    (-0.000,1)    (1.000,5)    
Total frac: 1.000

Sketch (40) (cm: eps0: 0.00625, del0: 0.05, min_mem: 1.69921875)
Par: 1, Rows: 1
(0.000,3)    (-0.000,13)    (-0.000,11)    (-0.000,12)    (-0.000,1)    (-0.000,2)    (1.000,9)    (-0.000,7)    (-0.000,8)    (-0.000,14)    
Total frac: 1.000
Par: 2, Rows: 1
(0.000,3)    (-0.000,13)    (-0.000,14)    (-0.000,11)    (-0.000,1)    (-0.000,12)    (1.000,9)    (-0.000,7)    (-0.000,2)    (-0.000,8)    
Total frac: 1.000
Par: 3, Rows: 1
(-0.000,7)    (-0.000,8)    (-0.000,1)    (-0.000,2)    (1.000,9)    (0.000,3)    (-0.000,11)    (-0.000,12)    (-0.000,14)    (-0.000,13)    
Total frac: 1.000

Sketch (41) (cm: eps0: 0.00625, del0: 0.05, min_mem: 1.69921875)
Par: 1, Rows: 1
(1.000,0)    (-0.000,8)    (-0.000,9)    (0.000,3)    (-0.000,2)    (-0.000,11)    (0.000,10)    (1.000,4)    (0.000,5)    (-0.000,6)    (-0.000,12)    (-0.000,13)    (-0.000,14)    (1.000,7)    
Total frac: 3.000
Par: 2, Rows: 1
(1.000,10)    (-0.000,7)    (1.000,0)    (0.000,9)    (-0.000,8)    (1.000,6)    (-0.000,5)    (0.000,14)    (-0.000,4)    (0.000,13)    (0.000,3)    (0.000,12)    (-0.000,11)    (0.000,2)    
Total frac: 3.000
Par: 3, Rows: 1
(-0.000,7)    (0.000,9)    (0.000,2)    (1.000,10)    (1.000,0)    (-0.000,5)    (-0.000,8)    (-0.000,13)    (1.000,6)    (0.000,3)    (0.000,14)    (-0.000,11)    (-0.000,4)    (0.000,12)    
Total frac: 3.000

Sketch (42) (cm: eps0: 0.00625, del0: 0.05, min_mem: 1.69921875)
Par: 1, Rows: 1
(0.000,3)    (-0.000,12)    (0.000,6)    (1.000,11)    (0.000,5)    (-0.000,14)    (-0.000,13)    (-0.000,7)    (-0.000,0)    (1.000,8)    (-0.000,2)    (-0.000,1)    (0.000,10)    (0.000,4)    (-0.000,9)    
Total frac: 2.000
Par: 2, Rows: 1
(1.000,11)    (0.000,4)    (-0.000,5)    (-0.000,12)    (-0.000,13)    (-0.000,6)    (0.000,7)    (0.000,14)    (-0.000,0)    (-0.000,1)    (1.000,8)    (0.000,9)    (0.000,2)    (0.000,3)    (-0.000,10)    
Total frac: 2.000
Par: 3, Rows: 1
(-0.000,10)    (0.000,7)    (0.000,3)    (-0.000,5)    (-0.000,1)    (1.000,11)    (-0.000,13)    (-0.000,9)    (0.000,4)    (-0.000,6)    (-0.000,0)    (0.000,2)    (0.000,12)    (0.000,14)    (1.000,8)    
Total frac: 2.000

Sketch (43) (cm: eps0: 0.00625, del0: 0.05, min_mem: 1.69921875)
Par: 1, Rows: 1
(0.000,12)    (0.000,3)    (0.000,14)    (-0.000,5)    (-0.000,8)    (-0.000,10)    (-0.000,1)    (-0.000,11)    (1.000,13)    (0.000,9)    (-0.000,7)    
Total frac: 1.000
Par: 2, Rows: 1
(-0.000,1)    (1.000,13)    (-0.000,12)    (-0.000,9)    (-0.000,8)    (-0.000,7)    (-0.000,3)    (-0.000,14)    (-0.000,11)    (0.000,10)    (0.000,5)    
Total frac: 1.000
Par: 3, Rows: 1
(1.000,13)    (-0.000,9)    (-0.000,7)    (-0.000,12)    (-0.000,3)    (-0.000,8)    (-0.000,11)    (-0.000,14)    (-0.000,5)    (0.000,10)    (-0.000,1)    
Total frac: 1.000

Sketch (44) (cm: eps0: 0.00625, del0: 0.05, min_mem: 1.69921875)
Par: 1, Rows: 1
(-0.000,4)    (0.000,12)    (-0.000,0)    (1.000,10)    (-0.000,7)    (0.000,14)    (-0.000,8)    (0.000,5)    (-0.000,13)    (-0.000,11)    
Total frac: 1.000
Par: 2, Rows: 1
(-0.000,4)    (-0.000,7)    (0.000,12)    (-0.000,0)    (0.000,5)    (1.000,10)    (0.000,14)    (-0.000,8)    (-0.000,13)    (-0.000,11)    
Total frac: 1.000
Par: 3, Rows: 1
(1.000,10)    (0.000,14)    (-0.000,11)    (0.000,5)    (-0.000,4)    (-0.000,13)    (0.000,12)    (-0.000,0)    (-0.000,7)    (-0.000,8)    
Total frac: 1.000

Sketch (45) (cm: eps0: 0.00625, del0: 0.05, min_mem: 1.69921875)
Par: 1, Rows: 1
(1.000,2)    (-0.000,10)    (-0.000,14)    (-0.000,13)    (-0.000,4)    (-0.000,9)    (-0.000,12)    (-0.000,0)    (-0.000,8)    
Total frac: 1.000
Par: 2, Rows: 1
(-0.000,14)    (-0.000,8)    (-0.000,10)    (-0.000,13)    (-0.000,0)    (1.000,2)    (-0.000,9)    (-0.000,12)    (-0.000,4)    
Total frac: 1.000
Par: 3, Rows: 1
(-0.000,13)    (-0.000,14)    (-0.000,8)    (-0.000,10)    (-0.000,9)    (-0.000,0)    (1.000,2)    (-0.000,12)    (-0.000,4)    
Total frac: 1.000

Sketch (46) (cm: eps0: 0.00625, del0: 0.05, min_mem: 1.69921875)
Par: 1, Rows: 1
(0.000,12)    (0.000,5)    (1.000,7)    (-0.000,6)    (0.000,2)    (-0.000,9)    (1.000,8)    (-0.000,11)    (0.000,3)    (0.000,14)    (-0.000,1)    (0.000,10)    (-0.000,0)    (0.000,13)    
Total frac: 2.000
Par: 2, Rows: 1
(0.000,10)    (-0.000,0)    (1.000,7)    (0.000,12)    (0.000,9)    (-0.000,6)    (-0.000,11)    (0.000,3)    (0.000,2)    (1.000,8)    (-0.000,1)    (0.000,13)    (0.000,14)    (0.000,5)    
Total frac: 2.000
Par: 3, Rows: 1
(-0.000,2)    (0.000,6)    (-0.000,12)    (-0.000,0)    (-0.000,9)    (1.000,7)    (0.000,10)    (-0.000,14)    (-0.000,13)    (1.000,8)    (-0.000,1)    (0.000,5)    (-0.000,11)    (0.000,3)    
Total frac: 2.000

Sketch (47) (cm: eps0: 0.00625, del0: 0.05, min_mem: 1.69921875)
Par: 1, Rows: 1
(0.000,9)    (0.000,7)    (0.000,2)    (1.000,6)    (0.000,12)    (-0.000,13)    (1.000,1)    (-0.000,5)    (-0.000,11)    (-0.000,10)    (0.000,14)    (-0.000,8)    
Total frac: 2.000
Par: 2, Rows: 1
(-0.000,8)    (-0.000,11)    (-0.000,10)    (0.000,14)    (-0.000,13)    (0.000,12)    (1.000,1)    (1.000,5)    (0.000,7)    (0.000,2)    (0.000,6)    (0.000,9)    
Total frac: 2.000
Par: 3, Rows: 1
(-0.000,8)    (-0.000,13)    (1.000,1)    (-0.000,5)    (-0.000,10)    (0.000,7)    (0.000,14)    (0.000,12)    (0.000,9)    (0.000,2)    (1.000,6)    (-0.000,11)    
Total frac: 2.000

Sketch (48) (cm: eps0: 0.00625, del0: 0.05, min_mem: 1.69921875)
Par: 1, Rows: 1
(-0.000,11)    (-0.000,2)    (1.000,13)    (-0.000,14)    (-0.000,9)    (-0.000,4)    (0.000,6)    (0.000,12)    (-0.000,1)    (-0.000,8)    (-0.000,10)    (-0.000,7)    (1.000,3)    (0.000,5)    
Total frac: 2.000
Par: 2, Rows: 1
(-0.000,9)    (0.000,2)    (0.000,14)    (-0.000,4)    (-0.000,1)    (0.000,6)    (-0.000,7)    (0.000,12)    (1.000,3)    (0.000,5)    (-0.000,8)    (-0.000,10)    (-0.000,11)    (1.000,13)    
Total frac: 2.000
Par: 3, Rows: 1
(-0.000,7)    (0.000,6)    (1.000,3)    (-0.000,1)    (-0.000,11)    (-0.000,10)    (0.000,5)    (-0.000,4)    (-0.000,2)    (1.000,13)    (0.000,12)    (0.000,14)    (-0.000,9)    (-0.000,8)    
Total frac: 2.000

Sketch (49) (cm: eps0: 0.00625, del0: 0.05, min_mem: 1.69921875)
Par: 1, Rows: 1
(-0.000,3)    (-0.000,14)    (-0.000,8)    (-0.000,6)    (-0.000,11)    (1.000,5)    (1.000,0)    (-0.000,10)    (-0.000,13)    (-0.000,4)    (1.000,9)    (-0.000,7)    (-0.000,2)    (-0.000,12)    
Total frac: 3.000
Par: 2, Rows: 1
(-0.000,10)    (0.000,7)    (-0.000,8)    (-0.000,5)    (-0.000,3)    (-0.000,2)    (-0.000,13)    (1.000,0)    (-0.000,11)    (1.000,4)    (-0.000,14)    (1.000,9)    (-0.000,6)    (-0.000,12)    
Total frac: 3.000
Par: 3, Rows: 1
(-0.000,7)    (0.000,6)    (1.000,12)    (1.000,5)    (-0.000,10)    (-0.000,3)    (-0.000,8)    (-0.000,13)    (-0.000,11)    (1.000,2)    (-0.000,9)    (-0.000,0)    (-0.000,4)    (-0.000,14)    
Total frac: 3.000

Sketch (50) (cm: eps0: 0.00625, del0: 0.05, min_mem: 1.69921875)
Par: 1, Rows: 1
(-0.000,5)    (0.000,2)    (-0.000,13)    (1.000,12)    (-0.000,14)    (-0.000,9)    (-0.000,8)    (-0.000,3)    (-0.000,10)    (-0.000,1)    (-0.000,0)    
Total frac: 1.000
Par: 2, Rows: 1
(-0.000,0)    (-0.000,13)    (0.000,2)    (-0.000,9)    (1.000,12)    (-0.000,3)    (-0.000,14)    (-0.000,8)    (-0.000,1)    (-0.000,5)    (-0.000,10)    
Total frac: 1.000
Par: 3, Rows: 1
(-0.000,3)    (-0.000,5)    (-0.000,14)    (-0.000,9)    (1.000,12)    (-0.000,1)    (-0.000,8)    (-0.000,10)    (-0.000,0)    (0.000,2)    (-0.000,13)    
Total frac: 1.000

Sketch (51) (cm: eps0: 0.00625, del0: 0.05, min_mem: 1.69921875)
Par: 1, Rows: 1
(-0.000,10)    (-0.000,0)    (0.000,9)    (-0.000,1)    (-0.000,7)    (-0.000,14)    (0.000,12)    (-0.000,4)    (-0.000,11)    (1.000,13)    (0.000,3)    (0.000,5)    (-0.000,8)    
Total frac: 1.000
Par: 2, Rows: 1
(0.000,14)    (0.000,9)    (-0.000,8)    (0.000,1)    (-0.000,0)    (-0.000,11)    (0.000,3)    (-0.000,10)    (1.000,13)    (-0.000,12)    (0.000,5)    (-0.000,4)    (0.000,7)    
Total frac: 1.000
Par: 3, Rows: 1
(-0.000,1)    (-0.000,11)    (-0.000,3)    (-0.000,14)    (-0.000,8)    (-0.000,0)    (1.000,13)    (0.000,5)    (0.000,10)    (-0.000,7)    (-0.000,12)    (0.000,4)    (-0.000,9)    
Total frac: 1.000

Sketch (52) (cm: eps0: 0.00625, del0: 0.05, min_mem: 1.69921875)
Par: 1, Rows: 1
(1.000,7)    (-0.000,1)    (-0.000,10)    (-0.000,2)    (-0.000,13)    (-0.000,8)    (-0.000,5)    (-0.000,11)    (0.000,3)    (-0.000,12)    (1.000,4)    (-0.000,14)    (-0.000,9)    
Total frac: 2.000
Par: 2, Rows: 1
(1.000,4)    (-0.000,14)    (-0.000,13)    (-0.000,5)    (-0.000,11)    (-0.000,10)    (0.000,3)    (-0.000,2)    (-0.000,8)    (-0.000,9)    (1.000,7)    (-0.000,1)    (-0.000,12)    
Total frac: 2.000
Par: 3, Rows: 1
(-0.000,10)    (-0.000,2)    (-0.000,13)    (-0.000,12)    (-0.000,5)    (1.000,4)    (1.000,7)    (-0.000,14)    (-0.000,9)    (-0.000,8)    (-0.000,1)    (-0.000,11)    (0.000,3)    
Total frac: 2.000

Sketch (53) (cm: eps0: 0.00625, del0: 0.05, min_mem: 1.69921875)
Par: 1, Rows: 1
(0.000,10)    (0.000,7)    (0.000,2)    (1.000,12)    (0.000,4)    (-0.000,9)    (-0.000,6)    (-0.000,11)    (-0.000,3)    (-0.000,14)    (-0.000,8)    (-0.000,0)    (-0.000,13)    
Total frac: 1.000
Par: 2, Rows: 1
(-0.000,11)    (0.000,4)    (-0.000,13)    (1.000,6)    (1.000,0)    (-0.000,9)    (0.000,2)    (-0.000,14)    (0.000,7)    (-0.000,12)    (-0.000,3)    (-0.000,8)    (0.000,10)    
Total frac: 2.000
Par: 3, Rows: 1
(-0.000,9)    (-0.000,4)    (-0.000,6)    (-0.000,0)    (0.000,7)    (0.000,2)    (-0.000,3)    (-0.000,14)    (1.000,12)    (-0.000,8)    (0.000,10)    (-0.000,11)    (-0.000,13)    
Total frac: 1.000

Sketch (54) (cm: eps0: 0.00625, del0: 0.05, min_mem: 1.69921875)
Par: 1, Rows: 1
(-0.000,14)    (0.000,11)    (0.000,5)    (-0.000,4)    (1.000,10)    (-0.000,1)    (-0.000,13)    (-0.000,12)    (0.000,6)    (-0.000,3)    (-0.000,9)    (-0.000,8)    
Total frac: 1.000
Par: 2, Rows: 1
(-0.000,8)    (-0.000,14)    (0.000,11)    (0.000,5)    (-0.000,1)    (-0.000,4)    (1.000,10)    (-0.000,13)    (-0.000,3)    (-0.000,9)    (-0.000,12)    (0.000,6)    
Total frac: 1.000
Par: 3, Rows: 1
(0.000,5)    (1.000,10)    (-0.000,3)    (-0.000,8)    (-0.000,1)    (-0.000,4)    (-0.000,13)    (0.000,11)    (0.000,6)    (-0.000,9)    (-0.000,14)    (-0.000,12)    
Total frac: 1.000

Sketch (55) (cm: eps0: 0.00625, del0: 0.05, min_mem: 1.69921875)
Par: 1, Rows: 1
(0.000,14)    (0.000,12)    (1.000,1)    (-0.000,10)    (-0.000,8)    (-0.000,13)    (1.000,11)    (0.000,9)    (-0.000,4)    (0.000,7)    (0.000,2)    (-0.000,6)    
Total frac: 2.000
Par: 2, Rows: 1
(0.000,7)    (-0.000,13)    (0.000,12)    (0.000,2)    (-0.000,6)    (0.000,9)    (-0.000,8)    (0.000,14)    (-0.000,4)    (-0.000,10)    (1.000,11)    (1.000,1)    
Total frac: 2.000
Par: 3, Rows: 1
(-0.000,7)    (-0.000,13)    (-0.000,9)    (-0.000,12)    (-0.000,2)    (0.000,6)    (-0.000,8)    (-0.000,14)    (1.000,11)    (1.000,1)    (0.000,4)    (0.000,10)    
Total frac: 2.000

Sketch (56) (cm: eps0: 0.00625, del0: 0.05, min_mem: 1.69921875)
Par: 1, Rows: 1
(-0.000,2)    (-0.000,4)    (0.000,7)    (-0.000,9)    (1.000,12)    (-0.000,14)    (-0.000,1)    (0.000,3)    (0.000,5)    (-0.000,8)    (-0.000,10)    (0.000,11)    (-0.000,13)    (0.000,6)    (-0.000,0)    
Total frac: 1.000
Par: 2, Rows: 1
(0.000,6)    (-0.000,0)    (0.000,7)    (-0.000,2)    (-0.000,9)    (-0.000,4)    (-0.000,1)    (1.000,12)    (0.000,3)    (-0.000,14)    (0.000,5)    (0.000,11)    (-0.000,13)    (-0.000,8)    (-0.000,10)    
Total frac: 1.000
Par: 3, Rows: 1
(0.000,3)    (-0.000,9)    (-0.000,8)    (0.000,11)    (-0.000,14)    (-0.000,1)    (-0.000,0)    (0.000,5)    (-0.000,4)    (-0.000,10)    (0.000,7)    (-0.000,13)    (1.000,12)    (0.000,6)    (-0.000,2)    
Total frac: 1.000

Sketch (57) (cm: eps0: 0.00625, del0: 0.05, min_mem: 1.69921875)
Par: 1, Rows: 1
(0.000,11)    (1.000,1)    (-0.000,8)    (0.000,14)    (1.000,5)    (0.000,7)    (0.000,13)    (-0.000,4)    (-0.000,10)    (0.000,12)    (1.000,3)    (-0.000,2)    (-0.000,9)    
Total frac: 3.000
Par: 2, Rows: 1
(0.000,14)    (1.000,1)    (1.000,5)    (-0.000,10)    (1.000,3)    (0.000,13)    (-0.000,8)    (0.000,11)    (-0.000,2)    (-0.000,4)    (0.000,7)    (0.000,12)    (-0.000,9)    
Total frac: 3.000
Par: 3, Rows: 1
(1.000,5)    (1.000,3)    (0.000,14)    (0.000,13)    (0.000,11)    (-0.000,10)    (-0.000,8)    (0.000,7)    (-0.000,2)    (-0.000,9)    (-0.000,4)    (0.000,12)    (1.000,1)    
Total frac: 3.000

Sketch (58) (cm: eps0: 0.00625, del0: 0.05, min_mem: 1.69921875)
Par: 1, Rows: 1
(-0.000,7)    (-0.000,13)    (-0.000,12)    (-0.000,2)    (0.000,6)    (0.000,3)    (-0.000,9)    (-0.000,8)    (-0.000,11)    (1.000,14)    (-0.000,1)    (-0.000,0)    
Total frac: 1.000
Par: 2, Rows: 1
(-0.000,0)    (-0.000,12)    (-0.000,2)    (0.000,6)    (0.000,3)    (-0.000,9)    (-0.000,11)    (-0.000,1)    (-0.000,8)    (-0.000,7)    (1.000,14)    (-0.000,13)    
Total frac: 1.000
Par: 3, Rows: 1
(-0.000,1)    (-0.000,7)    (-0.000,12)    (0.000,3)    (-0.000,8)    (-0.000,0)    (-0.000,2)    (1.000,14)    (-0.000,11)    (-0.000,13)    (0.000,6)    (-0.000,9)    
Total frac: 1.000

Sketch (59) (cm: eps0: 0.00625, del0: 0.05, min_mem: 1.69921875)
Par: 1, Rows: 1
(-0.000,5)    (-0.000,12)    (-0.000,10)    (0.000,11)    (-0.000,13)    (1.000,2)    (-0.000,9)    (-0.000,14)    (-0.000,6)    
Total frac: 1.000
Par: 2, Rows: 1
(-0.000,5)    (-0.000,10)    (1.000,2)    (-0.000,14)    (-0.000,13)    (-0.000,12)    (0.000,6)    (-0.000,9)    (0.000,11)    
Total frac: 1.000
Par: 3, Rows: 1
(-0.000,10)    (-0.000,13)    (1.000,2)    (-0.000,9)    (-0.000,14)    (-0.000,12)    (0.000,6)    (0.000,11)    (-0.000,5)    
Total frac: 1.000

Sketch (60) (cm: eps0: 0.00625, del0: 0.05, min_mem: 1.69921875)
Par: 1, Rows: 1
(-0.000,0)    (1.000,4)    (-0.000,13)    (-0.000,14)    (-0.000,11)    (1.000,9)    (-0.000,7)    (-0.000,12)    (-0.000,5)    (-0.000,10)    (0.000,3)    (-0.000,8)    (-0.000,2)    
Total frac: 2.000
Par: 2, Rows: 1
(-0.000,8)    (-0.000,13)    (-0.000,2)    (-0.000,11)    (-0.000,0)    (1.000,9)    (1.000,4)    (-0.000,14)    (-0.000,7)    (-0.000,5)    (0.000,3)    (-0.000,12)    (-0.000,10)    
Total frac: 2.000
Par: 3, Rows: 1
(0.000,3)    (1.000,9)    (-0.000,8)    (-0.000,0)    (-0.000,5)    (1.000,4)    (-0.000,10)    (-0.000,11)    (-0.000,2)    (-0.000,7)    (-0.000,13)    (-0.000,12)    (-0.000,14)    
Total frac: 2.000

Sketch (61) (cm: eps0: 0.00625, del0: 0.05, min_mem: 1.69921875)
Par: 1, Rows: 1
(1.000,9)    (-0.000,12)    (-0.000,14)    (-0.000,6)    (-0.000,8)    (-0.000,11)    (-0.000,0)    (-0.000,13)    (-0.000,2)    (0.000,3)    
Total frac: 1.000
Par: 2, Rows: 1
(1.000,9)    (-0.000,12)    (-0.000,0)    (-0.000,2)    (0.000,3)    (-0.000,8)    (-0.000,11)    (-0.000,13)    (-0.000,6)    (-0.000,14)    
Total frac: 1.000
Par: 3, Rows: 1
(-0.000,12)    (0.000,3)    (-0.000,11)    (-0.000,0)    (-0.000,13)    (-0.000,2)    (-0.000,8)    (-0.000,6)    (1.000,9)    (-0.000,14)    
Total frac: 1.000

Sketch (62) (cm: eps0: 0.00625, del0: 0.05, min_mem: 1.69921875)
Par: 1, Rows: 1
(1.000,2)    (0.000,5)    (-0.000,4)    (-0.000,10)    (1.000,7)    (-0.000,13)    (-0.000,12)    (0.000,6)    (-0.000,14)    (1.000,0)    (-0.000,3)    (-0.000,9)    (-0.000,8)    (-0.000,11)    
Total frac: 3.000
Par: 2, Rows: 1
(0.000,5)    (1.000,7)    (0.000,13)    (1.000,2)    (0.000,4)    (0.000,10)    (0.000,12)    (-0.000,6)    (-0.000,3)    (-0.000,9)    (0.000,14)    (-0.000,11)    (1.000,0)    (-0.000,8)    
Total frac: 3.000
Par: 3, Rows: 1
(0.000,13)    (-0.000,8)    (-0.000,11)    (1.000,6)    (0.000,4)    (0.000,14)    (-0.000,7)    (0.000,12)    (-0.000,9)    (1.000,2)    (0.000,5)    (1.000,0)    (0.000,10)    (-0.000,3)    
Total frac: 3.000

Sketch (63) (cm: eps0: 0.00625, del0: 0.05, min_mem: 1.69921875)
Par: 1, Rows: 1
(-0.000,10)    (1.000,6)    (-0.000,5)    (-0.000,13)    (-0.000,11)    
Total frac: 1.000
Par: 2, Rows: 1
(-0.000,11)    (-0.000,5)    (-0.000,10)    (-0.000,13)    (1.000,6)    
Total frac: 1.000
Par: 3, Rows: 1
(1.000,6)    (-0.000,11)    (-0.000,5)    (-0.000,13)    (-0.000,10)    
Total frac: 1.000

Device (0) CPU1:
Rows total: 21.0
Mem total: 35.68359375

Device (1) CPU2:
Rows total: 21.000001079598114
Mem total: 35.68359558447336

Device (2) CPU3:
Rows total: 21.000001079037634
Mem total: 35.68359558352098

Device (3) CPU4:
Rows total: 21.999998920822247
Mem total: 37.38281066624093

Device (4) CPU5:
Rows total: 21.999998742025106
Mem total: 37.382810362425474

Device (5) CPU6:
Rows total: 21.999998920471945
Mem total: 37.382810665645685

Device (6) CPU7:
Rows total: 21.999998919528828
Mem total: 37.38281066404313

Device (7) CPU8:
Rows total: 21.99999892057003
Mem total: 37.38281066581235

Device (8) tor_P41:
Rows total: 21.999998920373862
Mem total: 37.38281066547902

Device (9) tor_P42:
Rows total: 21.0
Mem total: 35.68359375

Device (10) tor_P43:
Rows total: 20.000001257881486
Mem total: 33.984377137415805

Device (11) tor_P44:
Rows total: 21.000003239401536
Mem total: 35.68359925445183

Device (12) l1_P41:
Rows total: 21.0
Mem total: 35.68359375

Device (13) l1_P42:
Rows total: 21.0
Mem total: 35.68359375

Device (14) l2_P4:
Rows total: 21.999998920717154
Mem total: 37.382810666062355
--------------------------------------------------
Infeasible placement
Function: MIP.solve took 120.1991605758667 seconds
Function: solve took 120.20336318016052 seconds
