Function: get_partitions took 0.0003724098205566406 seconds
Function: map_flows_partitions took 0.0003502368927001953 seconds
Building model with:
15 devices, 192 partitions and 320 flows
Using license file /home/anup/gurobi.lic
Academic license - for non-commercial use only
Function: MIP.add_frac_mem_var took 0.01397705078125 seconds
Function: MIP.add_coverage_constraints took 0.017584562301635742 seconds
Function: MIP.add_accuracy_constraints took 0.046877384185791016 seconds
Function: MIP.add_capacity_constraints took 0.015685319900512695 seconds
Changed value of parameter TimeLimit to 120.0
   Prev: inf  Min: 0.0  Max: inf  Default: inf
--------------------------------------------------
Starting model update
Model update took: 0.0025887489318847656 s
--------------------------------------------------
Starting model optimize
Gurobi Optimizer version 9.0.0 build v9.0.0rc2 (linux64)
Optimize a model with 3307 rows, 4664 columns and 14908 nonzeros
Model fingerprint: 0x78baf3e0
Model has 1 general constraint
Variable types: 2348 continuous, 2316 integer (2316 binary)
Coefficient statistics:
  Matrix range     [1e+00, 2e+01]
  Objective range  [1e+00, 1e+00]
  Bounds range     [1e+00, 3e+04]
  RHS range        [7e-01, 1e+00]

---------------------------------------------------------------------------
Multi-objectives: starting optimization with 2 objectives ... 
---------------------------------------------------------------------------

Multi-objectives: applying initial presolve ...
---------------------------------------------------------------------------

Presolve removed 2408 rows and 2310 columns
Presolve time: 0.01s
Presolved: 899 rows and 2354 columns
---------------------------------------------------------------------------

Multi-objectives: optimize objective 1 (max_mem) ...
---------------------------------------------------------------------------

Presolve time: 0.01s
Presolved: 899 rows, 2354 columns, 7511 nonzeros
Presolved model has 15 SOS constraint(s)
Variable types: 16 continuous, 2338 integer (2331 binary)

Root relaxation: objective 3.568359e+02, 1153 iterations, 0.02 seconds

    Nodes    |    Current Node    |     Objective Bounds      |     Work
 Expl Unexpl |  Obj  Depth IntInf | Incumbent    BestBd   Gap | It/Node Time

     0     0  356.83594    0   40          -  356.83594      -     -    0s
H    0     0                     407.8125000  356.83594  12.5%     -    0s
H    0     0                     373.8281250  356.83594  4.55%     -    0s
     0     0  356.83594    0   63  373.82812  356.83594  4.55%     -    0s
     0     0  356.83594    0   36  373.82812  356.83594  4.55%     -    0s
     0     0  356.83594    0   18  373.82812  356.83594  4.55%     -    0s
     0     0  357.89795    0   61  373.82812  357.89795  4.26%     -    0s
     0     0  360.02197    0   27  373.82812  360.02197  3.69%     -    0s
     0     0  363.20801    0   16  373.82812  363.20801  2.84%     -    0s
     0     0  363.20801    0   16  373.82812  363.20801  2.84%     -    0s
     0     2  363.20801    0   16  373.82812  363.20801  2.84%     -    0s
   639  1043  363.40110   93   39  373.82812  363.20801  2.84%   151    5s
H 1899  1752                     373.8281204  364.11830  2.60%  87.1    7s
  1918  1765  368.44446   88   29  373.82812  368.44446  1.44%  86.3   10s
H 1966  1708                     373.8281190  369.16903  1.25%   105   15s
H 2009  1643                     373.8281183  369.16903  1.25%   104   16s
  2305  1881  369.29337   58   33  373.82812  369.16903  1.25%   108   20s
  2932  2509  369.29337   88   35  373.82812  369.16903  1.25%   122   25s
  3733  3031  369.48099  113   33  373.82812  369.16903  1.25%   125   30s
  4805  3792  370.20032  162   19  373.82812  369.16903  1.25%   123   35s
  6703  4975  370.68813  240   14  373.82812  369.16903  1.25%   115   42s
  8336  6495  372.35208  311   27  373.82812  369.16903  1.25%   112   47s
H 8532  6495                     373.8281130  369.16903  1.25%   113   47s
  9376  7454  369.16903  106   17  373.82811  369.16903  1.25%   110   50s
 11634  9079  372.57312  198   18  373.82811  369.16903  1.25%   104   55s
 13341 10519  369.45422  149   29  373.82811  369.16903  1.25%   103   61s
 15161 12487  370.25534  244   27  373.82811  369.16903  1.25%   103   66s
 17975 14893  369.67289  269   15  373.82811  369.16903  1.25%  98.7   72s
 19257 15893  369.16903  110   24  373.82811  369.16903  1.25%  98.7   75s
 22359 18893  372.89631  157   38  373.82811  369.16903  1.25%  95.9   81s
 24218 19134  369.16903   99   20  373.82811  369.16903  1.25%  93.4   85s
 26035 21258     cutoff  142       373.82811  369.16903  1.25%  92.6   91s
 28441 23012  369.45422  138   28  373.82811  369.16903  1.25%  92.3   96s

Cutting planes:
  Gomory: 21
  MIR: 13
  Flow cover: 12
  Zero half: 10
  RLT: 1

Explored 30317 nodes (2879513 simplex iterations) in 100.91 seconds
Thread count was 8 (of 8 available processors)

Solution count 6: 373.828 373.828 373.828 ... 407.812

Optimal solution found (tolerance 1.00e-04)
Warning: max constraint violation (1.7894e-05) exceeds tolerance
Warning: max SOS violation (1.7894e-05) exceeds tolerance
Best objective 3.738281129663e+02, best bound 3.738281129663e+02, gap 0.0000%
---------------------------------------------------------------------------

Multi-objectives: optimize objective 2 (tot_mem) ...
---------------------------------------------------------------------------


Loaded user MIP start with objective 5437.5

Presolve added 14 rows and 0 columns
Presolve time: 0.02s
Presolved: 914 rows, 2354 columns, 7541 nonzeros
Found heuristic solution: objective 5403.5156250
Variable types: 16 continuous, 2338 integer (2331 binary)

Root simplex log...

Iteration    Objective       Primal Inf.    Dual Inf.      Time
       0    0.0000000e+00   1.324000e+03   0.000000e+00    101s
    1237    5.3440430e+03   0.000000e+00   0.000000e+00    101s

Root relaxation: objective 5.344043e+03, 1237 iterations, 0.02 seconds

    Nodes    |    Current Node    |     Objective Bounds      |     Work
 Expl Unexpl |  Obj  Depth IntInf | Incumbent    BestBd   Gap | It/Node Time

     0     0 5344.04297    0   25 5403.51563 5344.04297  1.10%     -  101s
     0     0 5344.04297    0   54 5403.51563 5344.04297  1.10%     -  101s
H    0     0                    5386.5234375 5344.04297  0.79%     -  101s
     0     0 5344.04297    0   18 5386.52344 5344.04297  0.79%     -  101s
     0     0 5344.04297    0   21 5386.52344 5344.04297  0.79%     -  101s
     0     0 5344.04297    0   18 5386.52344 5344.04297  0.79%     -  101s
     0     0 5344.04297    0   21 5386.52344 5344.04297  0.79%     -  101s
     0     0 5352.53906    0   12 5386.52344 5352.53906  0.63%     -  101s
     0     0     cutoff    0      5386.52344 5386.52344  0.00%     -  101s

Cutting planes:
  Gomory: 2
  Implied bound: 1
  MIR: 20
  Flow cover: 1
  Zero half: 9

Explored 1 nodes (7990 simplex iterations) in 101.36 seconds
Thread count was 8 (of 8 available processors)

Solution count 3: 5386.52 5403.52 5437.5 

Optimal solution found (tolerance 1.00e-04)
Best objective 5.386523437500e+03, best bound 5.386523437500e+03, gap 0.0000%

---------------------------------------------------------------------------
Multi-objectives: solved in 101.37 seconds, solution count 8

Model optimize took: 101.36876320838928 seconds
--------------------------------------------------

Solution quality statistics for model Univmon :
  Maximum violation:
    Bound       : 0.00000000e+00
    Constraint  : 0.00000000e+00
    Integrality : 0.00000000e+00

Sketch (0) (cm: eps0: 0.000625, del0: 0.05, min_mem: 16.9921875)
Par: 1, Rows: 1
(0.000,4)    (-0.000,14)    (-0.000,12)    (-0.000,10)    (-0.000,8)    (-0.000,5)    (1.000,1)    (-0.000,13)    
Total frac: 1.000
Par: 2, Rows: 1
(0.000,4)    (0.000,14)    (-0.000,5)    (-0.000,12)    (-0.000,10)    (1.000,1)    (-0.000,8)    (-0.000,13)    
Total frac: 1.000
Par: 3, Rows: 1
(-0.000,14)    (-0.000,10)    (-0.000,5)    (0.000,4)    (1.000,1)    (-0.000,13)    (-0.000,12)    (-0.000,8)    
Total frac: 1.000

Sketch (1) (cm: eps0: 0.000625, del0: 0.05, min_mem: 16.9921875)
Par: 1, Rows: 1
(-0.000,11)    (0.000,14)    (0.000,5)    (1.000,10)    (0.000,1)    (-0.000,13)    (-0.000,9)    (0.000,4)    (1.000,0)    (-0.000,7)    (-0.000,12)    (-0.000,3)    (-0.000,8)    
Total frac: 2.000
Par: 2, Rows: 1
(-0.000,7)    (1.000,5)    (-0.000,8)    (-0.000,3)    (-0.000,13)    (0.000,1)    (-0.000,11)    (-0.000,9)    (0.000,4)    (-0.000,12)    (1.000,0)    (-0.000,10)    (0.000,14)    
Total frac: 2.000
Par: 3, Rows: 1
(0.000,0)    (-0.000,10)    (0.000,14)    (-0.000,3)    (-0.000,13)    (0.000,1)    (1.000,8)    (-0.000,11)    (-0.000,9)    (0.000,4)    (1.000,7)    (0.000,5)    (-0.000,12)    
Total frac: 2.000

Sketch (2) (cm: eps0: 0.000625, del0: 0.05, min_mem: 16.9921875)
Par: 1, Rows: 1
(0.000,13)    (0.000,1)    (-0.000,12)    (-0.000,0)    (1.000,9)    (-0.000,2)    (-0.000,8)    (0.000,3)    (0.000,10)    (0.000,14)    (0.000,5)    
Total frac: 1.000
Par: 2, Rows: 1
(1.000,9)    (-0.000,12)    (-0.000,0)    (0.000,3)    (-0.000,2)    (-0.000,8)    (0.000,5)    (0.000,10)    (0.000,14)    (0.000,13)    (0.000,1)    
Total frac: 1.000
Par: 3, Rows: 1
(-0.000,2)    (-0.000,0)    (1.000,9)    (-0.000,12)    (0.000,14)    (0.000,1)    (0.000,10)    (-0.000,8)    (0.000,13)    (0.000,5)    (0.000,3)    
Total frac: 1.000

Sketch (3) (cm: eps0: 0.000625, del0: 0.05, min_mem: 16.9921875)
Par: 1, Rows: 1
(-0.000,9)    (0.000,6)    (0.000,2)    (-0.000,0)    (1.000,7)    (1.000,12)    (0.000,1)    (0.000,4)    (-0.000,13)    (-0.000,11)    (0.000,14)    (-0.000,5)    (-0.000,3)    (-0.000,10)    (-0.000,8)    
Total frac: 2.000
Par: 2, Rows: 1
(-0.000,11)    (-0.000,3)    (0.000,14)    (0.000,1)    (0.000,10)    (-0.000,0)    (-0.000,13)    (0.000,5)    (1.000,12)    (-0.000,4)    (0.000,6)    (1.000,7)    (0.000,2)    (-0.000,9)    (-0.000,8)    
Total frac: 2.000
Par: 3, Rows: 1
(-0.000,3)    (-0.000,8)    (0.000,1)    (-0.000,13)    (0.000,14)    (0.000,5)    (-0.000,10)    (-0.000,0)    (0.000,7)    (1.000,12)    (-0.000,9)    (-0.000,4)    (0.000,6)    (1.000,11)    (0.000,2)    
Total frac: 2.000

Sketch (4) (cm: eps0: 0.000625, del0: 0.05, min_mem: 16.9921875)
Par: 1, Rows: 1
(-0.000,10)    (-0.000,14)    (-0.000,13)    (1.000,1)    (-0.000,8)    (-0.000,11)    (-0.000,3)    (1.000,2)    (1.000,6)    (-0.000,12)    (0.000,9)    (-0.000,4)    (0.000,7)    
Total frac: 3.000
Par: 2, Rows: 1
(-0.000,13)    (-0.000,1)    (-0.000,10)    (-0.000,11)    (0.000,14)    (0.000,3)    (-0.000,8)    (-0.000,9)    (1.000,2)    (1.000,6)    (0.000,7)    (-0.000,12)    (1.000,4)    
Total frac: 3.000
Par: 3, Rows: 1
(-0.000,4)    (-0.000,7)    (1.000,2)    (1.000,6)    (-0.000,9)    (-0.000,8)    (-0.000,11)    (-0.000,3)    (-0.000,10)    (-0.000,14)    (-0.000,13)    (1.000,1)    (-0.000,12)    
Total frac: 3.000

Sketch (5) (cm: eps0: 0.000625, del0: 0.05, min_mem: 16.9921875)
Par: 1, Rows: 1
(0.000,7)    (-0.000,12)    (1.000,0)    (1.000,4)    (-0.000,9)    (-0.000,11)    (-0.000,3)    (-0.000,8)    (-0.000,13)    (-0.000,10)    
Total frac: 2.000
Par: 2, Rows: 1
(-0.000,12)    (-0.000,10)    (0.000,8)    (0.000,7)    (1.000,3)    (-0.000,13)    (-0.000,0)    (-0.000,11)    (-0.000,9)    (1.000,4)    
Total frac: 2.000
Par: 3, Rows: 1
(1.000,4)    (0.000,7)    (-0.000,12)    (1.000,3)    (-0.000,10)    (-0.000,8)    (-0.000,13)    (-0.000,11)    (-0.000,9)    (0.000,0)    
Total frac: 2.000

Sketch (6) (cm: eps0: 0.000625, del0: 0.05, min_mem: 16.9921875)
Par: 1, Rows: 1
(-0.000,4)    (-0.000,2)    (-0.000,13)    (0.000,12)    (1.000,9)    (0.000,8)    (1.000,6)    (0.000,3)    (-0.000,10)    (0.000,0)    (-0.000,11)    
Total frac: 2.000
Par: 2, Rows: 1
(-0.000,10)    (0.000,0)    (-0.000,13)    (-0.000,9)    (1.000,4)    (-0.000,2)    (0.000,12)    (1.000,3)    (0.000,8)    (0.000,6)    (-0.000,11)    
Total frac: 2.000
Par: 3, Rows: 1
(-0.000,13)    (0.000,0)    (-0.000,11)    (-0.000,9)    (1.000,4)    (0.000,6)    (0.000,12)    (-0.000,10)    (0.000,8)    (-0.000,2)    (1.000,3)    
Total frac: 2.000

Sketch (7) (cm: eps0: 0.000625, del0: 0.05, min_mem: 16.9921875)
Par: 1, Rows: 1
(1.000,11)    (-0.000,9)    (-0.000,0)    (-0.000,14)    (0.000,4)    (-0.000,1)    (-0.000,6)    (0.000,7)    (-0.000,12)    (0.000,10)    (-0.000,3)    (-0.000,13)    (1.000,8)    
Total frac: 2.000
Par: 2, Rows: 1
(-0.000,7)    (1.000,8)    (-0.000,6)    (-0.000,3)    (-0.000,10)    (-0.000,1)    (-0.000,0)    (1.000,11)    (-0.000,4)    (-0.000,13)    (-0.000,12)    (-0.000,14)    (-0.000,9)    
Total frac: 2.000
Par: 3, Rows: 1
(-0.000,14)    (-0.000,3)    (-0.000,1)    (1.000,8)    (-0.000,6)    (1.000,11)    (0.000,10)    (-0.000,13)    (-0.000,0)    (0.000,4)    (-0.000,9)    (0.000,7)    (-0.000,12)    
Total frac: 2.000

Sketch (8) (cm: eps0: 0.000625, del0: 0.05, min_mem: 16.9921875)
Par: 1, Rows: 1
(0.000,4)    (-0.000,7)    (0.000,10)    (0.000,8)    (-0.000,13)    (0.000,0)    (-0.000,11)    (-0.000,3)    (0.000,6)    (1.000,14)    (-0.000,9)    (-0.000,12)    
Total frac: 1.000
Par: 2, Rows: 1
(-0.000,7)    (-0.000,12)    (0.000,4)    (-0.000,13)    (-0.000,11)    (-0.000,3)    (0.000,10)    (0.000,8)    (0.000,0)    (-0.000,9)    (0.000,6)    (1.000,14)    
Total frac: 1.000
Par: 3, Rows: 1
(0.000,10)    (-0.000,13)    (-0.000,12)    (0.000,4)    (0.000,6)    (-0.000,7)    (1.000,14)    (-0.000,9)    (0.000,8)    (0.000,0)    (-0.000,11)    (-0.000,3)    
Total frac: 1.000

Sketch (9) (cm: eps0: 0.000625, del0: 0.05, min_mem: 16.9921875)
Par: 1, Rows: 1
(0.000,7)    (-0.000,12)    (1.000,9)    (-0.000,1)    (0.000,11)    (0.000,14)    (0.000,3)    (-0.000,8)    (0.000,13)    
Total frac: 1.000
Par: 2, Rows: 1
(0.000,11)    (1.000,3)    (-0.000,12)    (0.000,14)    (-0.000,9)    (-0.000,1)    (0.000,7)    (0.000,13)    (-0.000,8)    
Total frac: 1.000
Par: 3, Rows: 1
(0.000,8)    (-0.000,9)    (0.000,1)    (-0.000,7)    (-0.000,12)    (-0.000,14)    (-0.000,13)    (-0.000,11)    (1.000,3)    
Total frac: 1.000

Sketch (10) (cm: eps0: 0.000625, del0: 0.05, min_mem: 16.9921875)
Par: 1, Rows: 1
(-0.000,14)    (0.000,9)    (-0.000,8)    (1.000,0)    (-0.000,11)    (0.000,3)    (-0.000,10)    (0.000,2)    (-0.000,13)    (0.000,5)    (-0.000,12)    (-0.000,4)    (1.000,7)    (-0.000,6)    
Total frac: 2.000
Par: 2, Rows: 1
(-0.000,6)    (-0.000,11)    (-0.000,14)    (0.000,3)    (-0.000,8)    (-0.000,13)    (1.000,0)    (0.000,5)    (-0.000,10)    (0.000,2)    (1.000,7)    (-0.000,12)    (-0.000,4)    (0.000,9)    
Total frac: 2.000
Par: 3, Rows: 1
(-0.000,12)    (0.000,5)    (-0.000,10)    (0.000,3)    (-0.000,8)    (-0.000,13)    (-0.000,6)    (-0.000,11)    (-0.000,4)    (0.000,9)    (0.000,2)    (1.000,0)    (-0.000,14)    (1.000,7)    
Total frac: 2.000

Sketch (11) (cm: eps0: 0.000625, del0: 0.05, min_mem: 16.9921875)
Par: 1, Rows: 1

Total frac: 0.000
Par: 2, Rows: 1

Total frac: 0.000
Par: 3, Rows: 1

Total frac: 0.000

Sketch (12) (cm: eps0: 0.000625, del0: 0.05, min_mem: 16.9921875)
Par: 1, Rows: 1
(0.000,4)    (-0.000,2)    (0.000,11)    (-0.000,9)    (0.000,0)    (0.000,14)    (0.000,7)    (1.000,12)    (0.000,10)    (0.000,3)    (-0.000,8)    (-0.000,1)    (0.000,13)    
Total frac: 1.000
Par: 2, Rows: 1
(-0.000,9)    (0.000,4)    (-0.000,2)    (0.000,7)    (0.000,0)    (0.000,14)    (0.000,3)    (-0.000,1)    (1.000,12)    (0.000,10)    (0.000,13)    (-0.000,8)    (0.000,11)    
Total frac: 1.000
Par: 3, Rows: 1
(-0.000,8)    (0.000,14)    (0.000,10)    (0.000,4)    (0.000,11)    (-0.000,1)    (0.000,0)    (0.000,13)    (0.000,7)    (1.000,12)    (-0.000,2)    (-0.000,9)    (0.000,3)    
Total frac: 1.000

Sketch (13) (cm: eps0: 0.000625, del0: 0.05, min_mem: 16.9921875)
Par: 1, Rows: 1
(0.000,5)    (-0.000,8)    (-0.000,14)    (-0.000,11)    (-0.000,1)    (0.000,10)    (0.000,4)    (-0.000,13)    (-0.000,7)    (0.000,0)    (0.000,9)    (0.000,3)    (1.000,12)    (0.000,2)    (0.000,6)    
Total frac: 1.000
Par: 2, Rows: 1
(-0.000,1)    (0.000,5)    (0.000,10)    (0.000,3)    (-0.000,8)    (-0.000,13)    (0.000,6)    (-0.000,11)    (0.000,2)    (0.000,0)    (0.000,4)    (0.000,9)    (-0.000,7)    (1.000,12)    (-0.000,14)    
Total frac: 1.000
Par: 3, Rows: 1
(1.000,12)    (-0.000,14)    (0.000,5)    (0.000,3)    (-0.000,13)    (-0.000,11)    (0.000,10)    (-0.000,8)    (0.000,6)    (0.000,2)    (0.000,9)    (0.000,0)    (-0.000,7)    (-0.000,1)    (0.000,4)    
Total frac: 1.000

Sketch (14) (cm: eps0: 0.000625, del0: 0.05, min_mem: 16.9921875)
Par: 1, Rows: 1
(0.000,4)    (-0.000,13)    (-0.000,6)    (0.000,7)    (-0.000,12)    (-0.000,8)    (-0.000,14)    (1.000,11)    (-0.000,1)    (0.000,10)    
Total frac: 1.000
Par: 2, Rows: 1
(-0.000,10)    (-0.000,4)    (-0.000,6)    (-0.000,12)    (1.000,11)    (-0.000,1)    (-0.000,8)    (-0.000,14)    (-0.000,13)    (-0.000,7)    
Total frac: 1.000
Par: 3, Rows: 1
(-0.000,4)    (-0.000,7)    (-0.000,12)    (-0.000,14)    (-0.000,1)    (-0.000,10)    (-0.000,13)    (-0.000,8)    (-0.000,6)    (1.000,11)    
Total frac: 1.000

Sketch (15) (cm: eps0: 0.000625, del0: 0.05, min_mem: 16.9921875)
Par: 1, Rows: 1
(-0.000,8)    (0.000,2)    (-0.000,6)    (-0.000,7)    (-0.000,9)    (1.000,0)    (-0.000,12)    (0.000,5)    (0.000,14)    (0.000,13)    (0.000,3)    (0.000,10)    (1.000,11)    
Total frac: 2.000
Par: 2, Rows: 1
(-0.000,9)    (0.000,3)    (-0.000,8)    (0.000,14)    (1.000,11)    (0.000,5)    (0.000,10)    (-0.000,0)    (0.000,13)    (-0.000,7)    (-0.000,12)    (1.000,2)    (-0.000,6)    
Total frac: 2.000
Par: 3, Rows: 1
(1.000,11)    (0.000,5)    (-0.000,8)    (0.000,14)    (0.000,13)    (-0.000,7)    (0.000,10)    (1.000,0)    (-0.000,12)    (-0.000,2)    (-0.000,6)    (-0.000,9)    (0.000,3)    
Total frac: 2.000

Sketch (16) (cm: eps0: 0.000625, del0: 0.05, min_mem: 16.9921875)
Par: 1, Rows: 1
(1.000,14)    (-0.000,13)    (-0.000,11)    (0.000,4)    (0.000,1)    (-0.000,7)    (-0.000,12)    (0.000,10)    (0.000,8)    (-0.000,0)    
Total frac: 1.000
Par: 2, Rows: 1
(-0.000,13)    (-0.000,11)    (-0.000,0)    (-0.000,14)    (0.000,1)    (0.000,4)    (-0.000,7)    (-0.000,12)    (0.000,10)    (1.000,8)    
Total frac: 1.000
Par: 3, Rows: 1
(-0.000,12)    (1.000,8)    (0.000,1)    (-0.000,0)    (0.000,10)    (-0.000,11)    (0.000,4)    (0.000,14)    (-0.000,13)    (-0.000,7)    
Total frac: 1.000

Sketch (17) (cm: eps0: 0.000625, del0: 0.05, min_mem: 16.9921875)
Par: 1, Rows: 1
(1.000,1)    (-0.000,6)    (-0.000,12)    (0.000,8)    (-0.000,5)    (-0.000,11)    (-0.000,0)    (-0.000,10)    (-0.000,4)    (1.000,13)    (-0.000,2)    (-0.000,7)    (-0.000,9)    (-0.000,14)    (-0.000,3)    
Total frac: 2.000
Par: 2, Rows: 1
(1.000,1)    (0.000,7)    (-0.000,12)    (-0.000,5)    (-0.000,10)    (-0.000,2)    (-0.000,3)    (-0.000,8)    (-0.000,0)    (1.000,13)    (-0.000,14)    (-0.000,4)    (-0.000,6)    (-0.000,11)    (-0.000,9)    
Total frac: 2.000
Par: 3, Rows: 1
(-0.000,5)    (-0.000,3)    (-0.000,12)    (-0.000,10)    (1.000,13)    (-0.000,2)    (-0.000,8)    (-0.000,11)    (1.000,0)    (-0.000,9)    (-0.000,14)    (-0.000,4)    (0.000,1)    (-0.000,6)    (0.000,7)    
Total frac: 2.000

Sketch (18) (cm: eps0: 0.000625, del0: 0.05, min_mem: 16.9921875)
Par: 1, Rows: 1
(0.000,2)    (-0.000,11)    (-0.000,13)    (0.000,14)    (1.000,7)    (-0.000,12)    (1.000,9)    (-0.000,3)    (-0.000,8)    (-0.000,1)    (-0.000,5)    (-0.000,10)    (0.000,4)    
Total frac: 2.000
Par: 2, Rows: 1
(1.000,10)    (0.000,4)    (-0.000,13)    (0.000,2)    (0.000,7)    (0.000,9)    (0.000,14)    (1.000,3)    (-0.000,12)    (-0.000,1)    (-0.000,5)    (-0.000,8)    (-0.000,11)    
Total frac: 2.000
Par: 3, Rows: 1
(-0.000,13)    (-0.000,11)    (0.000,14)    (-0.000,1)    (0.000,4)    (1.000,9)    (-0.000,7)    (-0.000,12)    (0.000,2)    (1.000,5)    (0.000,10)    (0.000,3)    (-0.000,8)    
Total frac: 2.000

Sketch (19) (cm: eps0: 0.000625, del0: 0.05, min_mem: 16.9921875)
Par: 1, Rows: 1
(-0.000,10)    (-0.000,8)    (-0.000,1)    (0.000,6)    (-0.000,9)    (0.000,14)    (1.000,7)    (-0.000,4)    (0.000,12)    (1.000,3)    (-0.000,13)    (-0.000,2)    (-0.000,11)    (1.000,0)    
Total frac: 3.000
Par: 2, Rows: 1
(-0.000,1)    (1.000,0)    (-0.000,9)    (-0.000,3)    (-0.000,8)    (-0.000,11)    (1.000,2)    (-0.000,10)    (1.000,4)    (-0.000,13)    (0.000,6)    (-0.000,7)    (0.000,12)    (0.000,14)    
Total frac: 3.000
Par: 3, Rows: 1
(0.000,12)    (-0.000,9)    (0.000,14)    (1.000,3)    (-0.000,11)    (1.000,0)    (-0.000,8)    (0.000,13)    (0.000,2)    (1.000,7)    (-0.000,10)    (0.000,4)    (-0.000,1)    (0.000,6)    
Total frac: 3.000

Sketch (20) (cm: eps0: 0.000625, del0: 0.05, min_mem: 16.9921875)
Par: 1, Rows: 1
(-0.000,9)    (-0.000,2)    (0.000,0)    (-0.000,13)    (0.000,8)    (-0.000,6)    (-0.000,11)    (1.000,14)    (0.000,7)    (-0.000,12)    
Total frac: 1.000
Par: 2, Rows: 1
(-0.000,12)    (-0.000,13)    (-0.000,2)    (-0.000,11)    (0.000,0)    (0.000,8)    (-0.000,6)    (0.000,7)    (-0.000,9)    (1.000,14)    
Total frac: 1.000
Par: 3, Rows: 1
(-0.000,13)    (0.000,7)    (-0.000,12)    (-0.000,6)    (1.000,14)    (0.000,0)    (-0.000,9)    (0.000,8)    (-0.000,2)    (-0.000,11)    
Total frac: 1.000

Sketch (21) (cm: eps0: 0.000625, del0: 0.05, min_mem: 16.9921875)
Par: 1, Rows: 1
(-0.000,8)    (-0.000,13)    (0.000,2)    (0.000,7)    (1.000,10)    (0.000,4)    (-0.000,12)    (0.000,9)    (-0.000,14)    (0.000,3)    (0.000,11)    (-0.000,0)    (-0.000,5)    
Total frac: 1.000
Par: 2, Rows: 1
(0.000,2)    (-0.000,0)    (-0.000,13)    (-0.000,14)    (0.000,11)    (-0.000,12)    (0.000,9)    (1.000,10)    (-0.000,8)    (0.000,7)    (-0.000,5)    (0.000,3)    (0.000,4)    
Total frac: 1.000
Par: 3, Rows: 1
(0.000,11)    (0.000,9)    (0.000,4)    (0.000,2)    (-0.000,0)    (-0.000,14)    (-0.000,12)    (1.000,10)    (-0.000,8)    (0.000,7)    (-0.000,5)    (0.000,3)    (-0.000,13)    
Total frac: 1.000

Sketch (22) (cm: eps0: 0.000625, del0: 0.05, min_mem: 16.9921875)
Par: 1, Rows: 1
(1.000,3)    (1.000,4)    (0.000,11)    (-0.000,12)    (-0.000,8)    (-0.000,5)    (0.000,6)    (0.000,1)    (0.000,13)    (-0.000,9)    (-0.000,10)    
Total frac: 2.000
Par: 2, Rows: 1
(-0.000,3)    (-0.000,10)    (0.000,11)    (1.000,4)    (-0.000,5)    (1.000,1)    (-0.000,12)    (0.000,13)    (-0.000,8)    (0.000,6)    (-0.000,9)    
Total frac: 2.000
Par: 3, Rows: 1
(-0.000,5)    (1.000,4)    (0.000,6)    (-0.000,3)    (0.000,13)    (1.000,1)    (-0.000,12)    (-0.000,10)    (0.000,11)    (-0.000,9)    (-0.000,8)    
Total frac: 2.000

Sketch (23) (cm: eps0: 0.000625, del0: 0.05, min_mem: 16.9921875)
Par: 1, Rows: 1
(0.000,5)    (1.000,3)    (-0.000,13)    (-0.000,9)    (-0.000,12)    (-0.000,10)    (-0.000,14)    
Total frac: 1.000
Par: 2, Rows: 1
(-0.000,5)    (-0.000,13)    (-0.000,10)    (-0.000,14)    (-0.000,9)    (1.000,3)    (-0.000,12)    
Total frac: 1.000
Par: 3, Rows: 1
(-0.000,12)    (-0.000,13)    (-0.000,9)    (-0.000,10)    (0.000,14)    (-0.000,3)    (1.000,5)    
Total frac: 1.000

Sketch (24) (cm: eps0: 0.000625, del0: 0.05, min_mem: 16.9921875)
Par: 1, Rows: 1
(1.000,11)    (-0.000,12)    (-0.000,3)    (-0.000,14)    (-0.000,9)    (0.000,8)    (-0.000,7)    (0.000,6)    (0.000,1)    (0.000,0)    (-0.000,13)    
Total frac: 1.000
Par: 2, Rows: 1
(0.000,0)    (-0.000,12)    (-0.000,9)    (-0.000,14)    (-0.000,7)    (0.000,8)    (0.000,1)    (-0.000,13)    (1.000,11)    (0.000,6)    (-0.000,3)    
Total frac: 1.000
Par: 3, Rows: 1
(-0.000,14)    (-0.000,9)    (0.000,0)    (1.000,11)    (-0.000,12)    (-0.000,3)    (0.000,6)    (0.000,1)    (-0.000,13)    (0.000,8)    (-0.000,7)    
Total frac: 1.000

Sketch (25) (cm: eps0: 0.000625, del0: 0.05, min_mem: 16.9921875)
Par: 1, Rows: 1
(-0.000,14)    (-0.000,11)    (0.000,3)    (-0.000,10)    (0.000,0)    (-0.000,12)    (1.000,13)    (0.000,4)    (-0.000,5)    (0.000,6)    (-0.000,2)    (-0.000,7)    (0.000,8)    (-0.000,9)    
Total frac: 1.000
Par: 2, Rows: 1
(0.000,8)    (-0.000,7)    (-0.000,2)    (0.000,6)    (0.000,13)    (-0.000,12)    (-0.000,5)    (0.000,0)    (-0.000,4)    (1.000,11)    (-0.000,3)    (0.000,10)    (1.000,14)    (-0.000,9)    
Total frac: 2.000
Par: 3, Rows: 1
(1.000,14)    (0.000,8)    (-0.000,13)    (0.000,5)    (-0.000,2)    (1.000,11)    (0.000,6)    (0.000,3)    (-0.000,12)    (0.000,0)    (0.000,4)    (-0.000,9)    (-0.000,7)    (0.000,10)    
Total frac: 2.000

Sketch (26) (cm: eps0: 0.000625, del0: 0.05, min_mem: 16.9921875)
Par: 1, Rows: 1
(1.000,6)    (-0.000,13)    (0.000,5)    (0.000,8)    (-0.000,7)    (-0.000,10)    (-0.000,14)    (-0.000,9)    (-0.000,12)    (0.000,0)    (-0.000,11)    (1.000,3)    
Total frac: 2.000
Par: 2, Rows: 1
(-0.000,5)    (1.000,6)    (-0.000,7)    (0.000,8)    (1.000,9)    (-0.000,10)    (-0.000,14)    (-0.000,11)    (0.000,3)    (-0.000,12)    (0.000,0)    (-0.000,13)    
Total frac: 2.000
Par: 3, Rows: 1
(0.000,0)    (0.000,14)    (0.000,7)    (0.000,5)    (1.000,6)    (1.000,3)    (-0.000,13)    (-0.000,11)    (-0.000,12)    (-0.000,9)    (-0.000,10)    (0.000,8)    
Total frac: 2.000

Sketch (27) (cm: eps0: 0.000625, del0: 0.05, min_mem: 16.9921875)
Par: 1, Rows: 1
(-0.000,12)    (-0.000,10)    (1.000,8)    (-0.000,1)    (0.000,7)    (-0.000,5)    (0.000,3)    (0.000,0)    (0.000,14)    (-0.000,13)    (1.000,11)    (0.000,6)    (-0.000,9)    
Total frac: 2.000
Par: 2, Rows: 1
(-0.000,1)    (0.000,14)    (0.000,11)    (-0.000,12)    (1.000,8)    (-0.000,5)    (1.000,6)    (-0.000,13)    (-0.000,9)    (-0.000,10)    (0.000,0)    (0.000,7)    (0.000,3)    
Total frac: 2.000
Par: 3, Rows: 1
(-0.000,11)    (-0.000,5)    (0.000,14)    (-0.000,12)    (-0.000,13)    (1.000,8)    (1.000,6)    (-0.000,9)    (0.000,7)    (-0.000,3)    (-0.000,10)    (0.000,0)    (-0.000,1)    
Total frac: 2.000

Sketch (28) (cm: eps0: 0.000625, del0: 0.05, min_mem: 16.9921875)
Par: 1, Rows: 1
(-0.000,5)    (0.000,14)    (-0.000,4)    (0.000,13)    (0.000,12)    (1.000,10)    (0.000,11)    (0.000,8)    (0.000,1)    (0.000,7)    (0.000,0)    
Total frac: 1.000
Par: 2, Rows: 1
(0.000,13)    (0.000,0)    (0.000,14)    (-0.000,4)    (0.000,11)    (0.000,12)    (1.000,10)    (0.000,8)    (0.000,1)    (0.000,7)    (-0.000,5)    
Total frac: 1.000
Par: 3, Rows: 1
(1.000,10)    (0.000,7)    (0.000,0)    (-0.000,4)    (0.000,12)    (0.000,1)    (-0.000,5)    (0.000,14)    (0.000,11)    (0.000,8)    (0.000,13)    
Total frac: 1.000

Sketch (29) (cm: eps0: 0.000625, del0: 0.05, min_mem: 16.9921875)
Par: 1, Rows: 1
(-0.000,8)    (1.000,6)    (0.000,9)    (0.000,10)    (-0.000,0)    (0.000,5)    (-0.000,11)    (0.000,2)    (-0.000,12)    (-0.000,13)    (-0.000,14)    
Total frac: 1.000
Par: 2, Rows: 1
(0.000,9)    (0.000,10)    (-0.000,8)    (0.000,2)    (-0.000,0)    (1.000,6)    (-0.000,14)    (-0.000,13)    (-0.000,11)    (-0.000,12)    (0.000,5)    
Total frac: 1.000
Par: 3, Rows: 1
(0.000,10)    (-0.000,8)    (0.000,2)    (-0.000,0)    (-0.000,13)    (-0.000,11)    (0.000,5)    (1.000,6)    (-0.000,14)    (-0.000,12)    (0.000,9)    
Total frac: 1.000

Sketch (30) (cm: eps0: 0.000625, del0: 0.05, min_mem: 16.9921875)
Par: 1, Rows: 1
(0.000,11)    (1.000,12)    (0.000,3)    (-0.000,4)    (0.000,6)    (-0.000,14)    (-0.000,13)    (-0.000,8)    (0.000,5)    (-0.000,0)    (0.000,9)    (-0.000,10)    (0.000,1)    (0.000,2)    
Total frac: 1.000
Par: 2, Rows: 1
(0.000,2)    (1.000,12)    (-0.000,13)    (-0.000,4)    (0.000,5)    (0.000,6)    (-0.000,14)    (-0.000,8)    (0.000,9)    (-0.000,0)    (0.000,1)    (0.000,11)    (0.000,3)    (-0.000,10)    
Total frac: 1.000
Par: 3, Rows: 1
(-0.000,6)    (-0.000,13)    (1.000,12)    (0.000,5)    (-0.000,14)    (0.000,4)    (-0.000,11)    (0.000,3)    (0.000,10)    (0.000,2)    (0.000,9)    (-0.000,8)    (0.000,1)    (-0.000,0)    
Total frac: 1.000

Sketch (31) (cm: eps0: 0.000625, del0: 0.05, min_mem: 16.9921875)
Par: 1, Rows: 1
(-0.000,5)    (-0.000,11)    (-0.000,6)    (0.000,3)    (-0.000,12)    (-0.000,14)    (0.000,4)    (-0.000,9)    (-0.000,1)    (-0.000,10)    (-0.000,2)    (1.000,8)    (1.000,13)    (-0.000,0)    
Total frac: 2.000
Par: 2, Rows: 1
(1.000,8)    (-0.000,0)    (-0.000,10)    (-0.000,2)    (0.000,9)    (-0.000,12)    (-0.000,1)    (0.000,4)    (-0.000,11)    (0.000,3)    (0.000,6)    (1.000,13)    (-0.000,5)    (-0.000,14)    
Total frac: 2.000
Par: 3, Rows: 1
(-0.000,14)    (1.000,8)    (0.000,9)    (-0.000,0)    (0.000,1)    (-0.000,10)    (-0.000,11)    (-0.000,2)    (0.000,3)    (-0.000,12)    (1.000,13)    (0.000,4)    (-0.000,5)    (0.000,6)    
Total frac: 2.000

Sketch (32) (cm: eps0: 0.000625, del0: 0.05, min_mem: 16.9921875)
Par: 1, Rows: 1
(0.000,6)    (-0.000,2)    (0.000,0)    (0.000,14)    (0.000,13)    (0.000,11)    (-0.000,12)    (-0.000,9)    (1.000,8)    
Total frac: 1.000
Par: 2, Rows: 1
(-0.000,8)    (0.000,6)    (-0.000,2)    (0.000,13)    (1.000,0)    (0.000,11)    (0.000,14)    (-0.000,9)    (-0.000,12)    
Total frac: 1.000
Par: 3, Rows: 1
(0.000,6)    (0.000,11)    (-0.000,12)    (-0.000,2)    (1.000,8)    (0.000,14)    (0.000,13)    (-0.000,9)    (0.000,0)    
Total frac: 1.000

Sketch (33) (cm: eps0: 0.000625, del0: 0.05, min_mem: 16.9921875)
Par: 1, Rows: 1
(-0.000,6)    (-0.000,12)    (0.000,2)    (1.000,13)    (-0.000,8)    (0.000,7)    (-0.000,14)    (-0.000,9)    (-0.000,3)    (-0.000,10)    (-0.000,4)    (-0.000,5)    (-0.000,0)    (-0.000,11)    (0.000,1)    
Total frac: 1.000
Par: 2, Rows: 1
(0.000,0)    (-0.000,14)    (1.000,13)    (-0.000,12)    (-0.000,10)    (-0.000,11)    (-0.000,9)    (0.000,8)    (0.000,7)    (-0.000,5)    (-0.000,4)    (0.000,2)    (-0.000,6)    (-0.000,3)    (0.000,1)    
Total frac: 1.000
Par: 3, Rows: 1
(1.000,13)    (-0.000,6)    (-0.000,0)    (-0.000,11)    (-0.000,14)    (-0.000,9)    (-0.000,12)    (-0.000,10)    (0.000,7)    (-0.000,5)    (-0.000,8)    (-0.000,3)    (0.000,1)    (-0.000,4)    (0.000,2)    
Total frac: 1.000

Sketch (34) (cm: eps0: 0.000625, del0: 0.05, min_mem: 16.9921875)
Par: 1, Rows: 1
(0.000,4)    (-0.000,9)    (-0.000,0)    (1.000,5)    (1.000,12)    (0.000,2)    (0.000,6)    (0.000,11)    (0.000,1)    (-0.000,8)    (0.000,14)    (-0.000,13)    (-0.000,7)    (-0.000,10)    
Total frac: 2.000
Par: 2, Rows: 1
(-0.000,10)    (0.000,4)    (1.000,5)    (-0.000,0)    (0.000,11)    (0.000,1)    (1.000,12)    (-0.000,2)    (-0.000,13)    (0.000,6)    (-0.000,7)    (-0.000,8)    (0.000,14)    (-0.000,9)    
Total frac: 2.000
Par: 3, Rows: 1
(1.000,10)    (-0.000,7)    (1.000,8)    (0.000,6)    (0.000,1)    (-0.000,2)    (-0.000,0)    (-0.000,5)    (0.000,4)    (-0.000,13)    (0.000,11)    (-0.000,12)    (0.000,14)    (0.000,9)    
Total frac: 2.000

Sketch (35) (cm: eps0: 0.000625, del0: 0.05, min_mem: 16.9921875)
Par: 1, Rows: 1
(1.000,1)    (1.000,10)    (-0.000,8)    (-0.000,5)    (-0.000,3)    (-0.000,2)    (0.000,13)    (-0.000,0)    (-0.000,11)    (-0.000,4)    (-0.000,12)    (0.000,14)    (-0.000,9)    (1.000,7)    
Total frac: 3.000
Par: 2, Rows: 1
(-0.000,5)    (0.000,13)    (1.000,7)    (-0.000,8)    (0.000,14)    (-0.000,0)    (-0.000,9)    (1.000,10)    (-0.000,3)    (-0.000,4)    (-0.000,11)    (-0.000,12)    (1.000,1)    (-0.000,2)    
Total frac: 3.000
Par: 3, Rows: 1
(-0.000,12)    (-0.000,2)    (1.000,13)    (-0.000,7)    (-0.000,8)    (-0.000,14)    (-0.000,9)    (-0.000,3)    (-0.000,0)    (-0.000,11)    (1.000,1)    (-0.000,10)    (-0.000,4)    (-0.000,5)    
Total frac: 2.000

Sketch (36) (cm: eps0: 0.000625, del0: 0.05, min_mem: 16.9921875)
Par: 1, Rows: 1
(-0.000,13)    (-0.000,3)    (-0.000,11)    (-0.000,10)    (1.000,7)    (-0.000,9)    (1.000,2)    (0.000,5)    
Total frac: 2.000
Par: 2, Rows: 1
(-0.000,11)    (1.000,7)    (-0.000,9)    (-0.000,10)    (-0.000,5)    (1.000,2)    (-0.000,13)    (0.000,3)    
Total frac: 2.000
Par: 3, Rows: 1
(-0.000,10)    (-0.000,9)    (-0.000,3)    (1.000,2)    (-0.000,11)    (-0.000,5)    (-0.000,13)    (1.000,7)    
Total frac: 2.000

Sketch (37) (cm: eps0: 0.000625, del0: 0.05, min_mem: 16.9921875)
Par: 1, Rows: 1
(0.000,14)    (-0.000,9)    (1.000,3)    (0.000,11)    (0.000,12)    (-0.000,2)    (0.000,13)    (0.000,7)    
Total frac: 1.000
Par: 2, Rows: 1
(1.000,3)    (0.000,13)    (0.000,11)    (0.000,12)    (-0.000,9)    (-0.000,2)    (0.000,14)    (0.000,7)    
Total frac: 1.000
Par: 3, Rows: 1
(0.000,13)    (0.000,11)    (-0.000,9)    (0.000,12)    (0.000,7)    (-0.000,2)    (1.000,3)    (0.000,14)    
Total frac: 1.000

Sketch (38) (cm: eps0: 0.000625, del0: 0.05, min_mem: 16.9921875)
Par: 1, Rows: 1
(-0.000,0)    (-0.000,13)    (-0.000,7)    (-0.000,10)    (-0.000,14)    (-0.000,5)    (-0.000,6)    (1.000,11)    (-0.000,12)    (-0.000,8)    
Total frac: 1.000
Par: 2, Rows: 1
(0.000,8)    (0.000,7)    (0.000,0)    (-0.000,10)    (-0.000,5)    (1.000,11)    (0.000,14)    (-0.000,6)    (0.000,12)    (-0.000,13)    
Total frac: 1.000
Par: 3, Rows: 1
(1.000,11)    (-0.000,8)    (-0.000,7)    (-0.000,0)    (-0.000,5)    (-0.000,14)    (-0.000,6)    (-0.000,13)    (-0.000,12)    (-0.000,10)    
Total frac: 1.000

Sketch (39) (cm: eps0: 0.000625, del0: 0.05, min_mem: 16.9921875)
Par: 1, Rows: 1
(-0.000,12)    (0.000,10)    (0.000,1)    (-0.000,7)    (-0.000,5)    (-0.000,2)    (-0.000,8)    (-0.000,14)    (-0.000,4)    (1.000,13)    (0.000,6)    (-0.000,11)    (-0.000,9)    
Total frac: 1.000
Par: 2, Rows: 1
(-0.000,5)    (-0.000,14)    (-0.000,12)    (0.000,6)    (-0.000,11)    (-0.000,8)    (1.000,13)    (-0.000,7)    (-0.000,10)    (-0.000,4)    (-0.000,9)    (-0.000,2)    (-0.000,1)    
Total frac: 1.000
Par: 3, Rows: 1
(-0.000,11)    (-0.000,14)    (-0.000,12)    (1.000,13)    (0.000,6)    (-0.000,7)    (-0.000,8)    (-0.000,9)    (-0.000,10)    (-0.000,1)    (-0.000,4)    (-0.000,5)    (-0.000,2)    
Total frac: 1.000

Sketch (40) (cm: eps0: 0.000625, del0: 0.05, min_mem: 16.9921875)
Par: 1, Rows: 1
(0.000,5)    (-0.000,3)    (-0.000,4)    (-0.000,13)    (-0.000,11)    (-0.000,12)    (0.000,1)    (-0.000,2)    (-0.000,0)    (1.000,9)    (1.000,10)    (0.000,8)    (1.000,6)    (-0.000,14)    
Total frac: 3.000
Par: 2, Rows: 1
(-0.000,3)    (-0.000,13)    (-0.000,14)    (-0.000,11)    (-0.000,4)    (0.000,1)    (-0.000,12)    (-0.000,9)    (1.000,2)    (-0.000,0)    (-0.000,10)    (1.000,8)    (1.000,5)    (-0.000,6)    
Total frac: 3.000
Par: 3, Rows: 1
(1.000,8)    (0.000,1)    (1.000,2)    (-0.000,9)    (-0.000,10)    (-0.000,3)    (-0.000,4)    (-0.000,6)    (-0.000,11)    (-0.000,12)    (-0.000,14)    (1.000,5)    (-0.000,0)    (-0.000,13)    
Total frac: 3.000

Sketch (41) (cm: eps0: 0.000625, del0: 0.05, min_mem: 16.9921875)
Par: 1, Rows: 1
(0.000,0)    (-0.000,1)    (-0.000,8)    (-0.000,9)    (0.000,3)    (-0.000,2)    (0.000,11)    (-0.000,10)    (1.000,4)    (0.000,5)    (0.000,6)    (1.000,12)    (0.000,13)    (0.000,14)    (0.000,7)    
Total frac: 2.000
Par: 2, Rows: 1
(-0.000,1)    (-0.000,10)    (0.000,7)    (0.000,0)    (-0.000,9)    (-0.000,8)    (0.000,6)    (-0.000,5)    (0.000,14)    (1.000,4)    (0.000,13)    (0.000,3)    (1.000,12)    (0.000,11)    (-0.000,2)    
Total frac: 2.000
Par: 3, Rows: 1
(0.000,7)    (-0.000,9)    (-0.000,2)    (-0.000,10)    (0.000,0)    (1.000,5)    (-0.000,8)    (0.000,13)    (0.000,6)    (0.000,3)    (0.000,14)    (0.000,11)    (0.000,4)    (1.000,12)    (-0.000,1)    
Total frac: 2.000

Sketch (42) (cm: eps0: 0.000625, del0: 0.05, min_mem: 16.9921875)
Par: 1, Rows: 1
(-0.000,3)    (-0.000,12)    (0.000,6)    (-0.000,11)    (1.000,5)    (1.000,14)    (-0.000,13)    (-0.000,7)    (-0.000,0)    (-0.000,8)    (1.000,2)    (0.000,1)    (-0.000,10)    (0.000,4)    (-0.000,9)    
Total frac: 3.000
Par: 2, Rows: 1
(-0.000,11)    (1.000,4)    (0.000,5)    (-0.000,12)    (-0.000,13)    (0.000,6)    (-0.000,7)    (1.000,14)    (-0.000,0)    (0.000,1)    (0.000,8)    (-0.000,9)    (1.000,2)    (0.000,3)    (-0.000,10)    
Total frac: 3.000
Par: 3, Rows: 1
(-0.000,10)    (-0.000,7)    (-0.000,3)    (1.000,5)    (0.000,1)    (-0.000,11)    (-0.000,13)    (0.000,9)    (0.000,4)    (0.000,6)    (0.000,0)    (1.000,2)    (-0.000,12)    (1.000,14)    (-0.000,8)    
Total frac: 3.000

Sketch (43) (cm: eps0: 0.000625, del0: 0.05, min_mem: 16.9921875)
Par: 1, Rows: 1
(-0.000,12)    (1.000,3)    (-0.000,14)    (1.000,5)    (1.000,8)    (0.000,10)    (-0.000,1)    (-0.000,11)    (-0.000,13)    (0.000,9)    (-0.000,4)    (0.000,0)    (0.000,7)    (-0.000,2)    
Total frac: 3.000
Par: 2, Rows: 1
(1.000,1)    (0.000,0)    (0.000,13)    (-0.000,12)    (1.000,9)    (0.000,8)    (-0.000,7)    (-0.000,3)    (-0.000,2)    (-0.000,14)    (-0.000,11)    (-0.000,10)    (1.000,5)    (-0.000,4)    
Total frac: 3.000
Par: 3, Rows: 1
(-0.000,13)    (1.000,4)    (1.000,9)    (0.000,0)    (1.000,7)    (-0.000,12)    (-0.000,3)    (-0.000,8)    (-0.000,11)    (-0.000,2)    (-0.000,14)    (-0.000,5)    (0.000,10)    (0.000,1)    
Total frac: 3.000

Sketch (44) (cm: eps0: 0.000625, del0: 0.05, min_mem: 16.9921875)
Par: 1, Rows: 1
(0.000,4)    (-0.000,0)    (-0.000,10)    (-0.000,8)    (1.000,5)    (1.000,1)    
Total frac: 2.000
Par: 2, Rows: 1
(0.000,4)    (-0.000,0)    (1.000,5)    (-0.000,10)    (-0.000,8)    (1.000,1)    
Total frac: 2.000
Par: 3, Rows: 1
(-0.000,10)    (1.000,5)    (-0.000,4)    (0.000,1)    (1.000,0)    (-0.000,8)    
Total frac: 2.000

Sketch (45) (cm: eps0: 0.000625, del0: 0.05, min_mem: 16.9921875)
Par: 1, Rows: 1
(-0.000,2)    (-0.000,6)    (-0.000,11)    (1.000,5)    (-0.000,10)    (0.000,14)    (-0.000,13)    (-0.000,4)    (0.000,7)    (1.000,9)    (-0.000,12)    (0.000,3)    
Total frac: 2.000
Par: 2, Rows: 1
(-0.000,14)    (-0.000,10)    (-0.000,11)    (-0.000,13)    (0.000,3)    (1.000,5)    (-0.000,6)    (-0.000,2)    (1.000,9)    (-0.000,12)    (0.000,4)    (0.000,7)    
Total frac: 2.000
Par: 3, Rows: 1
(-0.000,11)    (-0.000,13)    (0.000,3)    (-0.000,14)    (1.000,5)    (-0.000,10)    (1.000,9)    (-0.000,6)    (0.000,7)    (-0.000,2)    (-0.000,12)    (0.000,4)    
Total frac: 2.000

Sketch (46) (cm: eps0: 0.000625, del0: 0.05, min_mem: 16.9921875)
Par: 1, Rows: 1
(0.000,12)    (-0.000,5)    (-0.000,4)    (0.000,6)    (0.000,9)    (0.000,11)    (0.000,3)    (0.000,14)    (1.000,10)    (0.000,13)    
Total frac: 1.000
Par: 2, Rows: 1
(1.000,10)    (0.000,12)    (-0.000,4)    (0.000,9)    (0.000,6)    (0.000,11)    (0.000,3)    (0.000,13)    (0.000,14)    (-0.000,5)    
Total frac: 1.000
Par: 3, Rows: 1
(0.000,6)    (0.000,12)    (-0.000,4)    (0.000,9)    (1.000,10)    (0.000,14)    (0.000,13)    (-0.000,5)    (0.000,11)    (0.000,3)    
Total frac: 1.000

Sketch (47) (cm: eps0: 0.000625, del0: 0.05, min_mem: 16.9921875)
Par: 1, Rows: 1
(1.000,9)    (-0.000,7)    (0.000,2)    (0.000,6)    (-0.000,12)    (1.000,0)    (1.000,4)    (-0.000,13)    (-0.000,1)    (-0.000,5)    (-0.000,11)    (-0.000,10)    (0.000,3)    (-0.000,14)    (0.000,8)    
Total frac: 3.000
Par: 2, Rows: 1
(1.000,8)    (-0.000,11)    (0.000,3)    (-0.000,10)    (-0.000,14)    (0.000,13)    (-0.000,12)    (-0.000,1)    (-0.000,0)    (-0.000,5)    (1.000,4)    (1.000,7)    (0.000,2)    (0.000,6)    (-0.000,9)    
Total frac: 3.000
Par: 3, Rows: 1
(0.000,3)    (-0.000,8)    (-0.000,13)    (-0.000,1)    (1.000,5)    (-0.000,10)    (-0.000,7)    (-0.000,14)    (-0.000,12)    (1.000,0)    (-0.000,4)    (1.000,9)    (-0.000,2)    (0.000,6)    (-0.000,11)    
Total frac: 3.000

Sketch (48) (cm: eps0: 0.000625, del0: 0.05, min_mem: 16.9921875)
Par: 1, Rows: 1
(-0.000,0)    (-0.000,11)    (0.000,2)    (0.000,13)    (0.000,14)    (-0.000,9)    (0.000,4)    (1.000,12)    (0.000,1)    (-0.000,8)    (0.000,10)    (1.000,7)    (0.000,3)    (-0.000,5)    
Total frac: 2.000
Par: 2, Rows: 1
(-0.000,9)    (-0.000,0)    (1.000,2)    (0.000,14)    (0.000,4)    (0.000,1)    (-0.000,7)    (-0.000,12)    (0.000,3)    (-0.000,5)    (-0.000,8)    (1.000,10)    (-0.000,11)    (-0.000,13)    
Total frac: 2.000
Par: 3, Rows: 1
(-0.000,7)    (0.000,3)    (0.000,1)    (-0.000,0)    (-0.000,11)    (1.000,10)    (-0.000,5)    (0.000,4)    (1.000,2)    (-0.000,13)    (-0.000,12)    (0.000,14)    (-0.000,9)    (-0.000,8)    
Total frac: 2.000

Sketch (49) (cm: eps0: 0.000625, del0: 0.05, min_mem: 16.9921875)
Par: 1, Rows: 1
(0.000,3)    (-0.000,14)    (-0.000,8)    (-0.000,6)    (-0.000,11)    (1.000,0)    (-0.000,13)    (0.000,9)    (-0.000,12)    
Total frac: 1.000
Par: 2, Rows: 1
(-0.000,8)    (0.000,3)    (-0.000,13)    (1.000,0)    (-0.000,11)    (-0.000,14)    (0.000,9)    (-0.000,6)    (-0.000,12)    
Total frac: 1.000
Par: 3, Rows: 1
(-0.000,6)    (-0.000,12)    (0.000,3)    (-0.000,8)    (-0.000,13)    (-0.000,11)    (0.000,9)    (1.000,0)    (-0.000,14)    
Total frac: 1.000

Sketch (50) (cm: eps0: 0.000625, del0: 0.05, min_mem: 16.9921875)
Par: 1, Rows: 1
(0.000,5)    (1.000,4)    (-0.000,2)    (-0.000,13)    (1.000,12)    (-0.000,7)    (0.000,14)    (-0.000,9)    (-0.000,8)    (0.000,6)    (0.000,3)    (-0.000,10)    (-0.000,1)    (0.000,0)    (-0.000,11)    
Total frac: 2.000
Par: 2, Rows: 1
(0.000,0)    (-0.000,13)    (1.000,4)    (0.000,7)    (0.000,2)    (-0.000,9)    (1.000,12)    (-0.000,3)    (-0.000,14)    (0.000,8)    (0.000,1)    (-0.000,6)    (-0.000,11)    (-0.000,5)    (-0.000,10)    
Total frac: 2.000
Par: 3, Rows: 1
(0.000,3)    (0.000,5)    (0.000,6)    (0.000,14)    (-0.000,9)    (1.000,12)    (-0.000,1)    (0.000,4)    (-0.000,7)    (-0.000,8)    (1.000,10)    (0.000,0)    (-0.000,11)    (-0.000,2)    (-0.000,13)    
Total frac: 2.000

Sketch (51) (cm: eps0: 0.000625, del0: 0.05, min_mem: 16.9921875)
Par: 1, Rows: 1
(-0.000,10)    (1.000,0)    (-0.000,9)    (-0.000,12)    (1.000,4)    (-0.000,3)    (-0.000,5)    (-0.000,8)    
Total frac: 2.000
Par: 2, Rows: 1
(-0.000,9)    (-0.000,8)    (0.000,0)    (1.000,3)    (-0.000,10)    (-0.000,12)    (1.000,5)    (0.000,4)    
Total frac: 2.000
Par: 3, Rows: 1
(1.000,3)    (-0.000,8)    (-0.000,0)    (0.000,5)    (1.000,10)    (-0.000,12)    (-0.000,4)    (-0.000,9)    
Total frac: 2.000

Sketch (52) (cm: eps0: 0.000625, del0: 0.05, min_mem: 16.9921875)
Par: 1, Rows: 1
(-0.000,1)    (-0.000,10)    (-0.000,2)    (-0.000,13)    (-0.000,8)    (0.000,5)    (0.000,0)    (-0.000,11)    (0.000,3)    (1.000,6)    (1.000,12)    (-0.000,4)    (0.000,14)    (-0.000,9)    
Total frac: 2.000
Par: 2, Rows: 1
(-0.000,4)    (0.000,14)    (-0.000,13)    (0.000,5)    (-0.000,11)    (1.000,10)    (-0.000,3)    (0.000,2)    (0.000,8)    (-0.000,0)    (1.000,9)    (0.000,1)    (-0.000,6)    (-0.000,12)    
Total frac: 2.000
Par: 3, Rows: 1
(1.000,10)    (0.000,2)    (-0.000,13)    (-0.000,12)    (0.000,5)    (-0.000,4)    (0.000,6)    (0.000,14)    (1.000,9)    (0.000,8)    (0.000,1)    (-0.000,0)    (-0.000,11)    (-0.000,3)    
Total frac: 2.000

Sketch (53) (cm: eps0: 0.000625, del0: 0.05, min_mem: 16.9921875)
Par: 1, Rows: 1
(-0.000,5)    (-0.000,10)    (0.000,7)    (0.000,2)    (-0.000,12)    (-0.000,9)    (0.000,1)    (-0.000,6)    (1.000,11)    (1.000,3)    (0.000,14)    (-0.000,8)    (-0.000,0)    (-0.000,13)    
Total frac: 2.000
Par: 2, Rows: 1
(1.000,11)    (-0.000,13)    (0.000,6)    (-0.000,0)    (-0.000,9)    (0.000,2)    (0.000,14)    (0.000,7)    (0.000,12)    (1.000,3)    (-0.000,5)    (-0.000,8)    (-0.000,10)    (0.000,1)    
Total frac: 2.000
Par: 3, Rows: 1
(1.000,9)    (-0.000,6)    (-0.000,0)    (0.000,7)    (0.000,2)    (0.000,3)    (0.000,14)    (-0.000,5)    (0.000,1)    (-0.000,12)    (-0.000,8)    (-0.000,10)    (1.000,11)    (0.000,13)    
Total frac: 2.000

Sketch (54) (cm: eps0: 0.000625, del0: 0.05, min_mem: 16.9921875)
Par: 1, Rows: 1
(-0.000,14)    (-0.000,11)    (0.000,4)    (0.000,10)    (0.000,1)    (0.000,0)    (0.000,7)    (-0.000,13)    (-0.000,12)    (-0.000,6)    (0.000,3)    (1.000,9)    (0.000,8)    (-0.000,2)    
Total frac: 1.000
Par: 2, Rows: 1
(0.000,8)    (-0.000,2)    (-0.000,14)    (-0.000,11)    (0.000,1)    (0.000,4)    (0.000,10)    (0.000,0)    (0.000,7)    (-0.000,13)    (0.000,3)    (1.000,9)    (-0.000,12)    (-0.000,6)    
Total frac: 1.000
Par: 3, Rows: 1
(0.000,10)    (0.000,3)    (0.000,8)    (0.000,1)    (0.000,4)    (-0.000,13)    (-0.000,11)    (-0.000,2)    (-0.000,6)    (0.000,0)    (1.000,9)    (0.000,7)    (-0.000,14)    (-0.000,12)    
Total frac: 1.000

Sketch (55) (cm: eps0: 0.000625, del0: 0.05, min_mem: 16.9921875)
Par: 1, Rows: 1
(1.000,14)    (-0.000,12)    (-0.000,1)    (-0.000,10)    (-0.000,8)    (-0.000,13)    (-0.000,11)    (0.000,9)    (1.000,4)    (0.000,7)    (0.000,2)    (-0.000,6)    (-0.000,5)    (0.000,3)    
Total frac: 2.000
Par: 2, Rows: 1
(0.000,7)    (-0.000,13)    (-0.000,12)    (0.000,2)    (-0.000,6)    (0.000,3)    (0.000,9)    (-0.000,8)    (1.000,14)    (1.000,5)    (-0.000,4)    (-0.000,10)    (-0.000,11)    (-0.000,1)    
Total frac: 2.000
Par: 3, Rows: 1
(0.000,7)    (-0.000,13)    (0.000,3)    (0.000,9)    (-0.000,12)    (0.000,2)    (-0.000,6)    (-0.000,5)    (-0.000,8)    (1.000,14)    (-0.000,11)    (-0.000,1)    (1.000,4)    (-0.000,10)    
Total frac: 2.000

Sketch (56) (cm: eps0: 0.000625, del0: 0.05, min_mem: 16.9921875)
Par: 1, Rows: 1
(1.000,2)    (-0.000,7)    (-0.000,9)    (-0.000,12)    (1.000,14)    (-0.000,1)    (-0.000,3)    (1.000,5)    (-0.000,8)    (-0.000,10)    (0.000,11)    (-0.000,13)    (0.000,6)    
Total frac: 3.000
Par: 2, Rows: 1
(0.000,6)    (-0.000,7)    (1.000,2)    (-0.000,9)    (-0.000,1)    (-0.000,12)    (-0.000,3)    (-0.000,14)    (-0.000,5)    (-0.000,11)    (1.000,13)    (-0.000,8)    (0.000,10)    
Total frac: 2.000
Par: 3, Rows: 1
(0.000,3)    (-0.000,9)    (-0.000,8)    (-0.000,11)    (-0.000,14)    (-0.000,1)    (-0.000,5)    (-0.000,10)    (-0.000,7)    (1.000,13)    (-0.000,12)    (-0.000,6)    (1.000,2)    
Total frac: 2.000

Sketch (57) (cm: eps0: 0.000625, del0: 0.05, min_mem: 16.9921875)
Par: 1, Rows: 1
(-0.000,11)    (-0.000,8)    (0.000,14)    (1.000,0)    (1.000,7)    (-0.000,13)    (-0.000,4)    (-0.000,10)    (-0.000,12)    (0.000,2)    (-0.000,9)    
Total frac: 2.000
Par: 2, Rows: 1
(0.000,14)    (-0.000,10)    (-0.000,13)    (-0.000,8)    (-0.000,11)    (1.000,2)    (-0.000,0)    (1.000,4)    (0.000,7)    (-0.000,12)    (-0.000,9)    
Total frac: 2.000
Par: 3, Rows: 1
(0.000,14)    (-0.000,13)    (-0.000,11)    (-0.000,10)    (-0.000,8)    (1.000,7)    (0.000,2)    (1.000,0)    (-0.000,9)    (0.000,4)    (-0.000,12)    
Total frac: 2.000

Sketch (58) (cm: eps0: 0.000625, del0: 0.05, min_mem: 16.9921875)
Par: 1, Rows: 1
(-0.000,7)    (1.000,13)    (-0.000,12)    (0.000,2)    (-0.000,6)    (0.000,9)    (-0.000,8)    (-0.000,11)    (-0.000,14)    (0.000,1)    (-0.000,0)    (-0.000,5)    (-0.000,4)    (-0.000,10)    
Total frac: 1.000
Par: 2, Rows: 1
(-0.000,0)    (-0.000,4)    (-0.000,10)    (-0.000,12)    (0.000,2)    (-0.000,6)    (0.000,9)    (-0.000,11)    (0.000,1)    (-0.000,5)    (-0.000,8)    (-0.000,7)    (-0.000,14)    (1.000,13)    
Total frac: 1.000
Par: 3, Rows: 1
(0.000,1)    (-0.000,7)    (-0.000,12)    (-0.000,5)    (-0.000,8)    (-0.000,10)    (-0.000,0)    (0.000,2)    (-0.000,14)    (-0.000,11)    (-0.000,4)    (1.000,13)    (-0.000,6)    (0.000,9)    
Total frac: 1.000

Sketch (59) (cm: eps0: 0.000625, del0: 0.05, min_mem: 16.9921875)
Par: 1, Rows: 1
(-0.000,3)    (0.000,5)    (-0.000,12)    (-0.000,8)    (1.000,10)    (-0.000,11)    (-0.000,13)    (-0.000,9)    (0.000,14)    (0.000,4)    (1.000,1)    (-0.000,7)    
Total frac: 2.000
Par: 2, Rows: 1
(0.000,5)    (0.000,4)    (-0.000,10)    (0.000,14)    (1.000,7)    (0.000,13)    (-0.000,12)    (-0.000,3)    (-0.000,9)    (-0.000,8)    (1.000,1)    (-0.000,11)    
Total frac: 2.000
Par: 3, Rows: 1
(0.000,4)    (-0.000,10)    (1.000,7)    (-0.000,13)    (-0.000,3)    (-0.000,9)    (0.000,14)    (1.000,1)    (-0.000,12)    (-0.000,8)    (-0.000,11)    (-0.000,5)    
Total frac: 2.000

Sketch (60) (cm: eps0: 0.000625, del0: 0.05, min_mem: 16.9921875)
Par: 1, Rows: 1
(0.000,0)    (0.000,4)    (-0.000,13)    (-0.000,14)    (0.000,11)    (0.000,9)    (0.000,7)    (-0.000,1)    (-0.000,12)    (-0.000,5)    (-0.000,10)    (0.000,3)    (1.000,8)    
Total frac: 1.000
Par: 2, Rows: 1
(1.000,8)    (-0.000,13)    (0.000,11)    (0.000,0)    (0.000,9)    (0.000,4)    (-0.000,14)    (0.000,7)    (-0.000,1)    (-0.000,5)    (0.000,3)    (-0.000,12)    (-0.000,10)    
Total frac: 1.000
Par: 3, Rows: 1
(0.000,3)    (0.000,9)    (1.000,8)    (-0.000,1)    (0.000,0)    (-0.000,5)    (0.000,4)    (-0.000,10)    (0.000,11)    (0.000,7)    (-0.000,13)    (-0.000,12)    (-0.000,14)    
Total frac: 1.000

Sketch (61) (cm: eps0: 0.000625, del0: 0.05, min_mem: 16.9921875)
Par: 1, Rows: 1
(-0.000,9)    (-0.000,12)    (1.000,14)    (-0.000,5)    (0.000,8)    (0.000,11)    (0.000,0)    (0.000,4)    (-0.000,10)    (0.000,7)    (-0.000,13)    (-0.000,2)    (0.000,3)    
Total frac: 1.000
Par: 2, Rows: 1
(-0.000,9)    (-0.000,12)    (0.000,0)    (-0.000,2)    (0.000,3)    (-0.000,5)    (0.000,8)    (-0.000,10)    (0.000,11)    (-0.000,13)    (1.000,14)    (0.000,4)    (0.000,7)    
Total frac: 1.000
Par: 3, Rows: 1
(0.000,4)    (-0.000,12)    (0.000,3)    (-0.000,5)    (0.000,11)    (0.000,0)    (-0.000,13)    (-0.000,2)    (0.000,8)    (-0.000,10)    (0.000,7)    (-0.000,9)    (1.000,14)    
Total frac: 1.000

Sketch (62) (cm: eps0: 0.000625, del0: 0.05, min_mem: 16.9921875)
Par: 1, Rows: 1
(0.000,2)    (-0.000,5)    (0.000,4)    (-0.000,10)    (-0.000,7)    (1.000,13)    (-0.000,12)    (-0.000,6)    (-0.000,14)    (-0.000,1)    (-0.000,3)    (-0.000,9)    (-0.000,8)    (-0.000,11)    
Total frac: 1.000
Par: 2, Rows: 1
(-0.000,5)    (0.000,7)    (1.000,13)    (0.000,2)    (0.000,4)    (-0.000,10)    (-0.000,1)    (-0.000,12)    (-0.000,6)    (-0.000,3)    (-0.000,9)    (-0.000,14)    (-0.000,11)    (-0.000,8)    
Total frac: 1.000
Par: 3, Rows: 1
(1.000,13)    (-0.000,8)    (-0.000,11)    (0.000,6)    (-0.000,4)    (-0.000,14)    (-0.000,7)    (-0.000,1)    (-0.000,12)    (-0.000,9)    (-0.000,2)    (0.000,5)    (-0.000,10)    (0.000,3)    
Total frac: 1.000

Sketch (63) (cm: eps0: 0.000625, del0: 0.05, min_mem: 16.9921875)
Par: 1, Rows: 1
(-0.000,0)    (-0.000,10)    (-0.000,8)    (0.000,7)    (0.000,1)    (1.000,6)    (0.000,9)    (0.000,4)    (1.000,14)    (-0.000,12)    (-0.000,5)    (0.000,3)    (-0.000,13)    (0.000,2)    (-0.000,11)    
Total frac: 2.000
Par: 2, Rows: 1
(1.000,14)    (0.000,1)    (-0.000,0)    (0.000,3)    (0.000,9)    (-0.000,8)    (-0.000,11)    (0.000,2)    (-0.000,5)    (0.000,4)    (-0.000,10)    (1.000,7)    (-0.000,13)    (-0.000,12)    (-0.000,6)    
Total frac: 2.000
Par: 3, Rows: 1
(0.000,1)    (1.000,6)    (0.000,3)    (0.000,9)    (1.000,14)    (-0.000,11)    (-0.000,0)    (-0.000,5)    (-0.000,8)    (0.000,7)    (-0.000,13)    (0.000,2)    (0.000,4)    (0.000,10)    (-0.000,12)    
Total frac: 2.000

Device (0) CPU1:
Rows total: 22.0
Mem total: 373.828125

Device (1) CPU2:
Rows total: 18.0
Mem total: 305.859375

Device (2) CPU3:
Rows total: 19.0
Mem total: 322.8515625

Device (3) CPU4:
Rows total: 22.0
Mem total: 373.828125

Device (4) CPU5:
Rows total: 22.0
Mem total: 373.828125

Device (5) CPU6:
Rows total: 22.0
Mem total: 373.828125

Device (6) CPU7:
Rows total: 16.0
Mem total: 271.875

Device (7) CPU8:
Rows total: 22.0
Mem total: 373.828125

Device (8) tor_P41:
Rows total: 22.0
Mem total: 373.828125

Device (9) tor_P42:
Rows total: 22.0
Mem total: 373.828125

Device (10) tor_P43:
Rows total: 22.0
Mem total: 373.828125

Device (11) tor_P44:
Rows total: 22.0
Mem total: 373.828125

Device (12) l1_P41:
Rows total: 22.0
Mem total: 373.828125

Device (13) l1_P42:
Rows total: 22.0
Mem total: 373.828125

Device (14) l2_P4:
Rows total: 22.0
Mem total: 373.828125
--------------------------------------------------
Infeasible placement
Function: MIP.solve took 101.5556161403656 seconds
Function: solve took 101.55972337722778 seconds
