Function: get_partitions took 0.00010371208190917969 seconds
Function: map_flows_partitions took 1.8358230590820312e-05 seconds
Building model with:
21 devices, 60 partitions and 20 flows
Using license file /home/anup/gurobi.lic
Academic license - for non-commercial use only
Function: MIP.add_frac_mem_var took 0.0012841224670410156 seconds
Function: MIP.add_coverage_constraints took 0.0010933876037597656 seconds
Function: MIP.add_accuracy_constraints took 0.0033431053161621094 seconds
Function: MIP.add_capacity_constraints took 0.0027208328247070312 seconds
Changed value of parameter TimeLimit to 120.0
   Prev: inf  Min: 0.0  Max: inf  Default: inf
--------------------------------------------------
Starting model update
Model update took: 0.0002758502960205078 s
--------------------------------------------------
Starting model optimize
Gurobi Optimizer version 9.0.0 build v9.0.0rc2 (linux64)
Optimize a model with 283 rows, 405 columns and 964 nonzeros
Model fingerprint: 0xcbf242df
Model has 2 general constraints
Variable types: 405 continuous, 0 integer (0 binary)
Coefficient statistics:
  Matrix range     [1e+00, 2e+00]
  Objective range  [1e+00, 1e+00]
  Bounds range     [1e+00, 3e+04]
  RHS range        [1e+00, 1e+00]

---------------------------------------------------------------------------
Multi-objectives: starting optimization with 4 objectives ... 
---------------------------------------------------------------------------

Multi-objectives: applying initial presolve ...
---------------------------------------------------------------------------

Presolve removed 202 rows and 184 columns
Presolve time: 0.00s
Presolved: 81 rows and 221 columns
---------------------------------------------------------------------------

Multi-objectives: optimize objective 1 (tot_mem_CPU) ...
---------------------------------------------------------------------------

Presolve removed 60 rows and 160 columns
Presolve time: 0.00s
Presolved: 21 rows, 61 columns, 80 nonzeros
Presolved model has 20 SOS constraint(s)
Variable types: 41 continuous, 20 integer (20 binary)

Root relaxation: objective 0.000000e+00, 21 iterations, 0.00 seconds

    Nodes    |    Current Node    |     Objective Bounds      |     Work
 Expl Unexpl |  Obj  Depth IntInf | Incumbent    BestBd   Gap | It/Node Time

*    0     0               0       0.0000000    0.00000  0.00%     -    0s

Explored 0 nodes (21 simplex iterations) in 0.00 seconds
Thread count was 8 (of 8 available processors)

Solution count 1: 0 

Optimal solution found (tolerance 1.00e-04)
Best objective 0.000000000000e+00, best bound 0.000000000000e+00, gap 0.0000%
---------------------------------------------------------------------------

Multi-objectives: optimize objective 2 (CPU_mem_load) ...
---------------------------------------------------------------------------


Loaded user MIP start with objective 0


Explored 0 nodes (0 simplex iterations) in 0.00 seconds
Thread count was 1 (of 8 available processors)

Solution count 1: 0 

Optimal solution found (tolerance 1.00e-04)
Best objective 0.000000000000e+00, best bound 0.000000000000e+00, gap 0.0000%
---------------------------------------------------------------------------

Multi-objectives: optimize objective 3 (tot_mem_P4) ...
---------------------------------------------------------------------------


Loaded user MIP start with objective 101.953

Presolve removed 21 rows and 120 columns
Presolve time: 0.00s
Presolved: 62 rows, 101 columns, 221 nonzeros
Variable types: 81 continuous, 20 integer (20 binary)

Root relaxation: objective 1.019531e+02, 19 iterations, 0.00 seconds

    Nodes    |    Current Node    |     Objective Bounds      |     Work
 Expl Unexpl |  Obj  Depth IntInf | Incumbent    BestBd   Gap | It/Node Time

*    0     0               0     101.9530850  101.95308  0.00%     -    0s

Explored 0 nodes (19 simplex iterations) in 0.01 seconds
Thread count was 8 (of 8 available processors)

Solution count 2: 101.953 101.953 

Optimal solution found (tolerance 1.00e-04)
Best objective 1.019530849960e+02, best bound 1.019530849960e+02, gap 0.0000%
---------------------------------------------------------------------------

Multi-objectives: optimize objective 4 (P4_mem_load) ...
---------------------------------------------------------------------------


Loaded user MIP start with objective 101.953

Presolve removed 22 rows and 120 columns
Presolve time: 0.00s
Presolved: 62 rows, 101 columns, 221 nonzeros
Variable types: 81 continuous, 20 integer (20 binary)

Explored 0 nodes (0 simplex iterations) in 0.01 seconds
Thread count was 8 (of 8 available processors)

Solution count 1: 101.953 

Optimal solution found (tolerance 1.00e-04)
Best objective 1.019530849960e+02, best bound 1.019530849960e+02, gap 0.0000%

---------------------------------------------------------------------------
Multi-objectives: solved in 0.01 seconds, solution count 2

Model optimize took: 0.008130311965942383 seconds
--------------------------------------------------

Solution quality statistics for model UnivmonGreedy :
  Maximum violation:
    Bound       : 0.00000000e+00
    Constraint  : 3.92376399e-07 (cov_0_0)
    Integrality : 0.00000000e+00

Sketch (0) (cm: eps0: 0.00625, del0: 0.05, min_mem: 1.69921875)
Par: 1, Rows: 1
(1.000,20)    (0.000,1)    (0.000,0)    
Total frac: 1.000
Par: 2, Rows: 1
(0.000,1)    (0.000,0)    (1.000,20)    
Total frac: 1.000
Par: 3, Rows: 1
(0.000,0)    (0.000,1)    (1.000,20)    
Total frac: 1.000

Sketch (1) (cm: eps0: 0.00625, del0: 0.05, min_mem: 1.69921875)
Par: 1, Rows: 1
(1.000,20)    (0.000,1)    (0.000,2)    
Total frac: 1.000
Par: 2, Rows: 1
(1.000,20)    (0.000,1)    (0.000,2)    
Total frac: 1.000
Par: 3, Rows: 1
(0.000,2)    (0.000,1)    (1.000,20)    
Total frac: 1.000

Sketch (2) (cm: eps0: 0.00625, del0: 0.05, min_mem: 1.69921875)
Par: 1, Rows: 1
(0.000,2)    (0.000,3)    (1.000,20)    
Total frac: 1.000
Par: 2, Rows: 1
(1.000,20)    (0.000,3)    (0.000,2)    
Total frac: 1.000
Par: 3, Rows: 1
(0.000,2)    (1.000,20)    (0.000,3)    
Total frac: 1.000

Sketch (3) (cm: eps0: 0.00625, del0: 0.05, min_mem: 1.69921875)
Par: 1, Rows: 1
(1.000,20)    (0.000,3)    (0.000,4)    
Total frac: 1.000
Par: 2, Rows: 1
(0.000,4)    (1.000,20)    (0.000,3)    
Total frac: 1.000
Par: 3, Rows: 1
(0.000,3)    (0.000,4)    (1.000,20)    
Total frac: 1.000

Sketch (4) (cm: eps0: 0.00625, del0: 0.05, min_mem: 1.69921875)
Par: 1, Rows: 1
(0.000,4)    (1.000,20)    (0.000,5)    
Total frac: 1.000
Par: 2, Rows: 1
(0.000,5)    (0.000,4)    (1.000,20)    
Total frac: 1.000
Par: 3, Rows: 1
(1.000,20)    (0.000,5)    (0.000,4)    
Total frac: 1.000

Sketch (5) (cm: eps0: 0.00625, del0: 0.05, min_mem: 1.69921875)
Par: 1, Rows: 1
(1.000,20)    (0.000,6)    (0.000,5)    
Total frac: 1.000
Par: 2, Rows: 1
(0.000,6)    (1.000,20)    (0.000,5)    
Total frac: 1.000
Par: 3, Rows: 1
(0.000,5)    (0.000,6)    (1.000,20)    
Total frac: 1.000

Sketch (6) (cm: eps0: 0.00625, del0: 0.05, min_mem: 1.69921875)
Par: 1, Rows: 1
(0.000,7)    (0.000,6)    (1.000,20)    
Total frac: 1.000
Par: 2, Rows: 1
(0.000,7)    (1.000,20)    (0.000,6)    
Total frac: 1.000
Par: 3, Rows: 1
(1.000,20)    (0.000,6)    (0.000,7)    
Total frac: 1.000

Sketch (7) (cm: eps0: 0.00625, del0: 0.05, min_mem: 1.69921875)
Par: 1, Rows: 1
(0.000,8)    (0.000,7)    (1.000,20)    
Total frac: 1.000
Par: 2, Rows: 1
(0.000,7)    (0.000,8)    (1.000,20)    
Total frac: 1.000
Par: 3, Rows: 1
(0.000,8)    (0.000,7)    (1.000,20)    
Total frac: 1.000

Sketch (8) (cm: eps0: 0.00625, del0: 0.05, min_mem: 1.69921875)
Par: 1, Rows: 1
(0.000,8)    (0.000,9)    (1.000,20)    
Total frac: 1.000
Par: 2, Rows: 1
(1.000,20)    (0.000,9)    (0.000,8)    
Total frac: 1.000
Par: 3, Rows: 1
(0.000,9)    (1.000,20)    (0.000,8)    
Total frac: 1.000

Sketch (9) (cm: eps0: 0.00625, del0: 0.05, min_mem: 1.69921875)
Par: 1, Rows: 1
(1.000,20)    (0.000,9)    (0.000,10)    
Total frac: 1.000
Par: 2, Rows: 1
(1.000,20)    (0.000,9)    (0.000,10)    
Total frac: 1.000
Par: 3, Rows: 1
(0.000,10)    (0.000,9)    (1.000,20)    
Total frac: 1.000

Sketch (10) (cm: eps0: 0.00625, del0: 0.05, min_mem: 1.69921875)
Par: 1, Rows: 1
(1.000,20)    (0.000,10)    (0.000,11)    
Total frac: 1.000
Par: 2, Rows: 1
(0.000,11)    (1.000,20)    (0.000,10)    
Total frac: 1.000
Par: 3, Rows: 1
(1.000,20)    (0.000,10)    (0.000,11)    
Total frac: 1.000

Sketch (11) (cm: eps0: 0.00625, del0: 0.05, min_mem: 1.69921875)
Par: 1, Rows: 1
(1.000,20)    (0.000,11)    (0.000,12)    
Total frac: 1.000
Par: 2, Rows: 1
(0.000,12)    (0.000,11)    (1.000,20)    
Total frac: 1.000
Par: 3, Rows: 1
(1.000,20)    (0.000,11)    (0.000,12)    
Total frac: 1.000

Sketch (12) (cm: eps0: 0.00625, del0: 0.05, min_mem: 1.69921875)
Par: 1, Rows: 1
(0.000,12)    (0.000,13)    (1.000,20)    
Total frac: 1.000
Par: 2, Rows: 1
(1.000,20)    (0.000,13)    (0.000,12)    
Total frac: 1.000
Par: 3, Rows: 1
(0.000,13)    (1.000,20)    (0.000,12)    
Total frac: 1.000

Sketch (13) (cm: eps0: 0.00625, del0: 0.05, min_mem: 1.69921875)
Par: 1, Rows: 1
(1.000,20)    (0.000,14)    (0.000,13)    
Total frac: 1.000
Par: 2, Rows: 1
(0.000,14)    (0.000,13)    (1.000,20)    
Total frac: 1.000
Par: 3, Rows: 1
(0.000,13)    (0.000,14)    (1.000,20)    
Total frac: 1.000

Sketch (14) (cm: eps0: 0.00625, del0: 0.05, min_mem: 1.69921875)
Par: 1, Rows: 1
(1.000,20)    (0.000,15)    (0.000,14)    
Total frac: 1.000
Par: 2, Rows: 1
(0.000,14)    (0.000,15)    (1.000,20)    
Total frac: 1.000
Par: 3, Rows: 1
(1.000,20)    (0.000,14)    (0.000,15)    
Total frac: 1.000

Sketch (15) (cm: eps0: 0.00625, del0: 0.05, min_mem: 1.69921875)
Par: 1, Rows: 1
(0.000,16)    (0.000,15)    (1.000,20)    
Total frac: 1.000
Par: 2, Rows: 1
(0.000,15)    (0.000,16)    (1.000,20)    
Total frac: 1.000
Par: 3, Rows: 1
(0.000,16)    (0.000,15)    (1.000,20)    
Total frac: 1.000

Sketch (16) (cm: eps0: 0.00625, del0: 0.05, min_mem: 1.69921875)
Par: 1, Rows: 1
(1.000,20)    (0.000,16)    (0.000,17)    
Total frac: 1.000
Par: 2, Rows: 1
(1.000,20)    (0.000,17)    (0.000,16)    
Total frac: 1.000
Par: 3, Rows: 1
(0.000,16)    (0.000,17)    (1.000,20)    
Total frac: 1.000

Sketch (17) (cm: eps0: 0.00625, del0: 0.05, min_mem: 1.69921875)
Par: 1, Rows: 1
(0.000,17)    (0.000,18)    (1.000,20)    
Total frac: 1.000
Par: 2, Rows: 1
(0.000,17)    (0.000,18)    (1.000,20)    
Total frac: 1.000
Par: 3, Rows: 1
(1.000,20)    (0.000,18)    (0.000,17)    
Total frac: 1.000

Sketch (18) (cm: eps0: 0.00625, del0: 0.05, min_mem: 1.69921875)
Par: 1, Rows: 1
(0.000,19)    (1.000,20)    (0.000,18)    
Total frac: 1.000
Par: 2, Rows: 1
(0.000,18)    (0.000,19)    (1.000,20)    
Total frac: 1.000
Par: 3, Rows: 1
(0.000,18)    (1.000,20)    (0.000,19)    
Total frac: 1.000

Sketch (19) (cm: eps0: 0.00625, del0: 0.05, min_mem: 1.69921875)
Par: 1, Rows: 1
(0.000,19)    (1.000,20)    (0.000,0)    
Total frac: 1.000
Par: 2, Rows: 1
(1.000,20)    (0.000,0)    (0.000,19)    
Total frac: 1.000
Par: 3, Rows: 1
(0.000,19)    (1.000,20)    (0.000,0)    
Total frac: 1.000

Device (0) CPU_0:
Rows total: 0.0
Mem total: 0.0

Device (1) CPU_1:
Rows total: 0.0
Mem total: 0.0

Device (2) CPU_2:
Rows total: 0.0
Mem total: 0.0

Device (3) CPU_3:
Rows total: 0.0
Mem total: 0.0

Device (4) CPU_4:
Rows total: 0.0
Mem total: 0.0

Device (5) CPU_5:
Rows total: 0.0
Mem total: 0.0

Device (6) CPU_6:
Rows total: 0.0
Mem total: 0.0

Device (7) CPU_7:
Rows total: 0.0
Mem total: 0.0

Device (8) CPU_8:
Rows total: 0.0
Mem total: 0.0

Device (9) CPU_9:
Rows total: 0.0
Mem total: 0.0

Device (10) CPU_10:
Rows total: 0.0
Mem total: 0.0

Device (11) CPU_11:
Rows total: 0.0
Mem total: 0.0

Device (12) CPU_12:
Rows total: 0.0
Mem total: 0.0

Device (13) CPU_13:
Rows total: 0.0
Mem total: 0.0

Device (14) CPU_14:
Rows total: 0.0
Mem total: 0.0

Device (15) CPU_15:
Rows total: 0.0
Mem total: 0.0

Device (16) CPU_16:
Rows total: 0.0
Mem total: 0.0

Device (17) CPU_17:
Rows total: 0.0
Mem total: 0.0

Device (18) CPU_18:
Rows total: 0.0
Mem total: 0.0

Device (19) CPU_19:
Rows total: 0.0
Mem total: 0.0

Device (20) P4_1:
Rows total: 59.99997645741608
Mem total: 101.95308499599999
--------------------------------------------------
Infeasible placement
Function: MIP.solve took 0.03662467002868652 seconds
Function: solve took 0.037377357482910156 seconds
