Function: get_partitions took 1.8358230590820312e-05 seconds
Function: map_flows_partitions took 2.86102294921875e-05 seconds
Building model with:
21 devices, 3 partitions and 20 flows
Using license file /home/anup/gurobi.lic
Academic license - for non-commercial use only
Function: MIP.add_frac_mem_var took 0.0005955696105957031 seconds
Function: MIP.add_coverage_constraints took 0.001041412353515625 seconds
Function: MIP.add_accuracy_constraints took 0.001125335693359375 seconds
Function: MIP.add_capacity_constraints took 0.001924753189086914 seconds
Changed value of parameter TimeLimit to 120.0
   Prev: inf  Min: 0.0  Max: inf  Default: inf
Changed value of parameter NonConvex to 2
   Prev: -1  Min: -1  Max: 2  Default: -1
--------------------------------------------------
Starting model update
Model update took: 4.76837158203125e-05 s
--------------------------------------------------
Starting model optimize
Gurobi Optimizer version 9.0.0 build v9.0.0rc2 (linux64)
Optimize a model with 190 rows, 200 columns and 547 nonzeros
Model fingerprint: 0xb1d23c87
Model has 3 quadratic constraints
Model has 3 general constraints
Variable types: 198 continuous, 2 integer (0 binary)
Coefficient statistics:
  Matrix range     [1e-04, 1e+01]
  QMatrix range    [1e+00, 1e+00]
  QLMatrix range   [1e+00, 1e+00]
  Objective range  [1e+00, 1e+00]
  Bounds range     [1e+00, 3e+04]
  RHS range        [1e+00, 2e+01]

---------------------------------------------------------------------------
Multi-objectives: starting optimization with 2 objectives ... 
---------------------------------------------------------------------------

Multi-objectives: applying initial presolve ...
---------------------------------------------------------------------------

Presolve removed 113 rows and 114 columns
Presolve time: 0.00s
Presolved: 89 rows and 87 columns
---------------------------------------------------------------------------

Multi-objectives: optimize objective 1 (ns) ...
---------------------------------------------------------------------------

Presolve removed 71 rows and 71 columns
Presolve time: 0.00s
Presolved: 30 rows, 17 columns, 71 nonzeros
Presolved model has 1 SOS constraint(s)
Presolved model has 3 bilinear constraint(s)
Variable types: 13 continuous, 4 integer (2 binary)

Root relaxation: objective 1.020408e+01, 6 iterations, 0.00 seconds

    Nodes    |    Current Node    |     Objective Bounds      |     Work
 Expl Unexpl |  Obj  Depth IntInf | Incumbent    BestBd   Gap | It/Node Time

*    0     0               0      10.2040816   10.20408  0.00%     -    0s

Explored 0 nodes (6 simplex iterations) in 0.00 seconds
Thread count was 8 (of 8 available processors)

Solution count 1: 10.2041 

Optimal solution found (tolerance 1.00e-04)
Best objective 1.020408163265e+01, best bound 1.020408163265e+01, gap 0.0000%
---------------------------------------------------------------------------

Multi-objectives: optimize objective 2 (res) ...
---------------------------------------------------------------------------


Loaded user MIP start with objective 87.124

Presolve removed 89 rows and 86 columns
Presolve time: 0.00s
Presolved: 1 rows, 1 columns, 1 nonzeros
Found heuristic solution: objective 78.5620117
Variable types: 1 continuous, 0 integer (0 binary)

Explored 0 nodes (0 simplex iterations) in 0.00 seconds
Thread count was 8 (of 8 available processors)

Solution count 2: 78.562 87.124 

Optimal solution found (tolerance 1.00e-04)
Best objective 7.856201171875e+01, best bound 7.856201171875e+01, gap 0.0000%

---------------------------------------------------------------------------
Multi-objectives: solved in 0.00 seconds, solution count 2

Model optimize took: 0.00432586669921875 seconds
--------------------------------------------------

Solution quality statistics for model Netmon :
  Maximum violation:
    Bound       : 0.00000000e+00
    Constraint  : 0.00000000e+00
    Integrality : 0.00000000e+00

Throughput: 98.0 Mpps, ns per packet: 10.204081632653061
Resources: 78.56201171875
Used Cores: 7.0, Total CPUS: 1, Switch Memory: 50.9765625

Sketch (0) (cm: eps0: 0.00625, del0: 0.05, min_mem: 1.69921875)
Par: 1, Rows: 1
(0.500,18)    (0.500,3)    (0.500,8)    (0.500,14)    (0.500,19)    (0.500,4)    (0.500,9)    (0.500,15)    (0.000,20)    (0.500,5)    (0.500,10)    (0.500,0)    (0.500,6)    (0.500,11)    (0.500,16)    (0.500,1)    (0.500,7)    (0.500,12)    (0.500,17)    (0.500,2)    (0.500,13)    
Total frac: 10.000
Par: 2, Rows: 1
(0.500,12)    (0.500,9)    (0.500,2)    (0.500,15)    (0.500,5)    (0.500,18)    (0.500,8)    (0.500,14)    (0.500,11)    (0.500,4)    (0.500,1)    (0.500,7)    (0.000,20)    (0.500,17)    (0.500,10)    (0.500,0)    (0.500,13)    (0.500,6)    (0.500,3)    (0.500,16)    (0.500,19)    
Total frac: 10.000
Par: 3, Rows: 1
(0.500,11)    (0.500,16)    (0.500,6)    (0.500,7)    (0.500,1)    (0.500,12)    (0.500,17)    (0.500,2)    (0.500,3)    (0.500,13)    (0.500,8)    (0.500,18)    (0.500,19)    (0.500,4)    (0.500,14)    (0.500,15)    (0.500,9)    (0.000,20)    (0.500,5)    (0.500,0)    (0.500,10)    
Total frac: 10.000

Device (0) P4_0:
Rows total: 1.5
Mem total: 2.548828125
Throughput: 148.0

Device (1) P4_1:
Rows total: 1.5
Mem total: 2.548828125
Throughput: 148.0

Device (2) P4_2:
Rows total: 1.5
Mem total: 2.548828125
Throughput: 148.0

Device (3) P4_3:
Rows total: 1.5
Mem total: 2.548828125
Throughput: 148.0

Device (4) P4_4:
Rows total: 1.5
Mem total: 2.548828125
Throughput: 148.0

Device (5) P4_5:
Rows total: 1.5
Mem total: 2.548828125
Throughput: 148.0

Device (6) P4_6:
Rows total: 1.5
Mem total: 2.548828125
Throughput: 148.0

Device (7) P4_7:
Rows total: 1.5
Mem total: 2.548828125
Throughput: 148.0

Device (8) P4_8:
Rows total: 1.5
Mem total: 2.548828125
Throughput: 148.0

Device (9) P4_9:
Rows total: 1.5
Mem total: 2.548828125
Throughput: 148.0

Device (10) P4_10:
Rows total: 1.5
Mem total: 2.548828125
Throughput: 148.0

Device (11) P4_11:
Rows total: 1.5
Mem total: 2.548828125
Throughput: 148.0

Device (12) P4_12:
Rows total: 1.5
Mem total: 2.548828125
Throughput: 148.0

Device (13) P4_13:
Rows total: 1.5
Mem total: 2.548828125
Throughput: 148.0

Device (14) P4_14:
Rows total: 1.5
Mem total: 2.548828125
Throughput: 148.0

Device (15) P4_15:
Rows total: 1.5
Mem total: 2.548828125
Throughput: 148.0

Device (16) P4_16:
Rows total: 1.5
Mem total: 2.548828125
Throughput: 148.0

Device (17) P4_17:
Rows total: 1.5
Mem total: 2.548828125
Throughput: 148.0

Device (18) P4_18:
Rows total: 1.5
Mem total: 2.548828125
Throughput: 148.0

Device (19) P4_19:
Rows total: 1.5
Mem total: 2.548828125
Throughput: 148.0

Device (20) CPU_1:
cores_sketch: 0.0, cores_dpdk: 7.0
Rows total: 0.0
Mem total: 0.0
Throughput: 98.0
--------------------------------------------------
Function: MIP.solve took 0.019411325454711914 seconds
Function: solve took 0.019857406616210938 seconds
