Function: get_partitions took 0.0002880096435546875 seconds
Function: map_flows_partitions took 0.0003299713134765625 seconds
Building model with:
15 devices, 192 partitions and 320 flows
Using license file /home/anup/gurobi.lic
Academic license - for non-commercial use only
Function: MIP.add_frac_mem_var took 0.04214310646057129 seconds
Function: MIP.add_coverage_constraints took 0.017027854919433594 seconds
Function: MIP.add_accuracy_constraints took 0.0418248176574707 seconds
Function: MIP.add_capacity_constraints took 0.014390707015991211 seconds
Changed value of parameter TimeLimit to 120.0
   Prev: inf  Min: 0.0  Max: inf  Default: inf
--------------------------------------------------
Starting model update
Model update took: 0.0027430057525634766 s
--------------------------------------------------
Starting model optimize
Gurobi Optimizer version 9.0.0 build v9.0.0rc2 (linux64)
Optimize a model with 3368 rows, 4788 columns and 15290 nonzeros
Model fingerprint: 0x0b5b8ba7
Model has 4 general constraints
Variable types: 4788 continuous, 0 integer (0 binary)
Coefficient statistics:
  Matrix range     [1e+00, 2e+00]
  Objective range  [1e+00, 1e+00]
  Bounds range     [1e+00, 3e+04]
  RHS range        [7e-01, 1e+00]

---------------------------------------------------------------------------
Multi-objectives: starting optimization with 8 objectives ... 
---------------------------------------------------------------------------

Multi-objectives: applying initial presolve ...
---------------------------------------------------------------------------

Presolve removed 2443 rows and 2348 columns
Presolve time: 0.01s
Presolved: 925 rows and 2440 columns
---------------------------------------------------------------------------

Multi-objectives: optimize objective 1 (tot_rows_CPU) ...
---------------------------------------------------------------------------

Presolve removed 594 rows and 1584 columns
Presolve time: 0.01s
Presolved: 331 rows, 856 columns, 2691 nonzeros
Presolved model has 30 SOS constraint(s)
Variable types: 826 continuous, 30 integer (30 binary)

Root relaxation: objective 0.000000e+00, 256 iterations, 0.00 seconds

    Nodes    |    Current Node    |     Objective Bounds      |     Work
 Expl Unexpl |  Obj  Depth IntInf | Incumbent    BestBd   Gap | It/Node Time

*    0     0               0       0.0000000    0.00000  0.00%     -    0s

Explored 0 nodes (256 simplex iterations) in 0.02 seconds
Thread count was 8 (of 8 available processors)

Solution count 1: 0 

Optimal solution found (tolerance 1.00e-04)
Best objective 0.000000000000e+00, best bound 0.000000000000e+00, gap 0.0000%
---------------------------------------------------------------------------

Multi-objectives: optimize objective 2 (CPU_rows_load) ...
---------------------------------------------------------------------------


Loaded user MIP start with objective 0


Explored 0 nodes (0 simplex iterations) in 0.02 seconds
Thread count was 1 (of 8 available processors)

Solution count 1: 0 

Optimal solution found (tolerance 1.00e-04)
Best objective 0.000000000000e+00, best bound 0.000000000000e+00, gap 0.0000%
---------------------------------------------------------------------------

Multi-objectives: optimize objective 3 (tot_rows_P4) ...
---------------------------------------------------------------------------


Loaded user MIP start with objective 283.35

Presolve removed 595 rows and 1584 columns
Presolve time: 0.06s
Presolved: 332 rows, 856 columns, 2968 nonzeros
Presolved model has 30 SOS constraint(s)
Variable types: 826 continuous, 30 integer (30 binary)

Root relaxation: objective 2.811000e+02, 375 iterations, 0.00 seconds

    Nodes    |    Current Node    |     Objective Bounds      |     Work
 Expl Unexpl |  Obj  Depth IntInf | Incumbent    BestBd   Gap | It/Node Time

*    0     0               0     281.0999920  281.09999  0.00%     -    0s

Explored 0 nodes (375 simplex iterations) in 0.09 seconds
Thread count was 8 (of 8 available processors)

Solution count 2: 281.1 283.35 

Optimal solution found (tolerance 1.00e-04)
Warning: max constraint violation (7.0007e-06) exceeds tolerance
Best objective 2.810999919992e+02, best bound 2.810999919992e+02, gap 0.0000%
---------------------------------------------------------------------------

Multi-objectives: optimize objective 4 (P4_rows_load) ...
---------------------------------------------------------------------------


Loaded user MIP start with objective 40.1571

Presolve removed 595 rows and 1584 columns
Presolve time: 0.02s
Presolved: 333 rows, 856 columns, 2708 nonzeros
Presolved model has 30 SOS constraint(s)
Variable types: 826 continuous, 30 integer (30 binary)

Root relaxation: cutoff, 375 iterations, 0.00 seconds

    Nodes    |    Current Node    |     Objective Bounds      |     Work
 Expl Unexpl |  Obj  Depth IntInf | Incumbent    BestBd   Gap | It/Node Time

     0     0     cutoff    0        40.15714   40.15714  0.00%     -    0s

Explored 0 nodes (375 simplex iterations) in 0.11 seconds
Thread count was 8 (of 8 available processors)

Solution count 1: 40.1571 

Optimal solution found (tolerance 1.00e-04)
Warning: max constraint violation (7.0007e-06) exceeds tolerance
Best objective 4.015714171417e+01, best bound 4.015714171417e+01, gap 0.0000%
---------------------------------------------------------------------------

Multi-objectives: optimize objective 5 (tot_mem_CPU) ...
---------------------------------------------------------------------------


Loaded user MIP start with objective 1.35951e-05

Presolve removed 596 rows and 1584 columns
Presolve time: 0.06s
Presolved: 333 rows, 856 columns, 2976 nonzeros
Presolved model has 30 SOS constraint(s)
Variable types: 826 continuous, 30 integer (30 binary)

Root relaxation: objective 0.000000e+00, 261 iterations, 0.00 seconds

    Nodes    |    Current Node    |     Objective Bounds      |     Work
 Expl Unexpl |  Obj  Depth IntInf | Incumbent    BestBd   Gap | It/Node Time

*    0     0               0       0.0000000    0.00000  0.00%     -    0s

Explored 0 nodes (261 simplex iterations) in 0.17 seconds
Thread count was 8 (of 8 available processors)

Solution count 2: 0 1.35951e-05 

Optimal solution found (tolerance 1.00e-04)
Best objective 0.000000000000e+00, best bound 0.000000000000e+00, gap 0.0000%
---------------------------------------------------------------------------

Multi-objectives: optimize objective 6 (CPU_load_mem) ...
---------------------------------------------------------------------------


Loaded user MIP start with objective 0


Explored 0 nodes (0 simplex iterations) in 0.17 seconds
Thread count was 1 (of 8 available processors)

Solution count 1: 0 

Optimal solution found (tolerance 1.00e-04)
Best objective 0.000000000000e+00, best bound 0.000000000000e+00, gap 0.0000%
---------------------------------------------------------------------------

Multi-objectives: optimize objective 7 (tot_mem_P4) ...
---------------------------------------------------------------------------


Loaded user MIP start with objective 477.698

Presolve removed 599 rows and 1601 columns
Presolve time: 0.02s
Presolved: 332 rows, 839 columns, 2684 nonzeros
Presolved model has 14 SOS constraint(s)
Variable types: 817 continuous, 22 integer (22 binary)

Root relaxation: objective 4.776503e+02, 394 iterations, 0.00 seconds

    Nodes    |    Current Node    |     Objective Bounds      |     Work
 Expl Unexpl |  Obj  Depth IntInf | Incumbent    BestBd   Gap | It/Node Time

*    0     0               0     477.6503166  477.65032  0.00%     -    0s

Explored 0 nodes (394 simplex iterations) in 0.20 seconds
Thread count was 8 (of 8 available processors)

Solution count 2: 477.65 477.698 

Optimal solution found (tolerance 1.00e-04)
Warning: max constraint violation (7.0007e-06) exceeds tolerance
Best objective 4.776503166176e+02, best bound 4.776503166176e+02, gap 0.0000%
---------------------------------------------------------------------------

Multi-objectives: optimize objective 8 (P4_load_mem) ...
---------------------------------------------------------------------------


Loaded user MIP start with objective 68.2426

Presolve removed 600 rows and 1601 columns
Presolve time: 0.02s
Presolved: 332 rows, 839 columns, 2684 nonzeros
Presolved model has 14 SOS constraint(s)
Variable types: 817 continuous, 22 integer (22 binary)

Root relaxation: objective 6.823576e+01, 209 iterations, 0.00 seconds

    Nodes    |    Current Node    |     Objective Bounds      |     Work
 Expl Unexpl |  Obj  Depth IntInf | Incumbent    BestBd   Gap | It/Node Time

*    0     0               0      68.2357595   68.23576  0.00%     -    0s

Explored 0 nodes (209 simplex iterations) in 0.23 seconds
Thread count was 8 (of 8 available processors)

Solution count 2: 68.2358 68.2426 

Optimal solution found (tolerance 1.00e-04)
Warning: max constraint violation (7.0007e-06) exceeds tolerance
Best objective 6.823575951680e+01, best bound 6.823575951680e+01, gap 0.0000%

---------------------------------------------------------------------------
Multi-objectives: solved in 0.23 seconds, solution count 5

Model optimize took: 0.23471736907958984 seconds
--------------------------------------------------

Solution quality statistics for model UnivmonGreedyRows :
  Maximum violation:
    Bound       : 1.33346667e-06 (mem[3,164])
    Constraint  : 5.88564598e-07
    Integrality : 0.00000000e+00

Sketch (0) (cm: eps0: 0.00625, del0: 0.05, min_mem: 1.69921875)
Par: 1, Rows: 1
(0.000,9)    (0.000,6)    (0.000,4)    (0.000,2)    (0.000,0)    (0.200,14)    (0.000,12)    (0.200,10)    (0.000,8)    (0.000,7)    (0.000,5)    (0.000,1)    (0.600,13)    (0.000,11)    
Total frac: 1.000
Par: 2, Rows: 1
(0.000,6)    (0.000,4)    (0.000,2)    (0.000,0)    (0.000,7)    (0.200,14)    (0.000,5)    (0.000,12)    (0.200,10)    (0.000,1)    (0.000,8)    (0.600,13)    (0.000,11)    (0.000,9)    
Total frac: 1.000
Par: 3, Rows: 1
(0.200,14)    (0.200,10)    (0.000,11)    (0.000,5)    (0.000,4)    (0.000,1)    (0.000,0)    (0.600,13)    (0.000,12)    (0.000,9)    (0.000,8)    (0.000,6)    (0.000,7)    (0.000,2)    
Total frac: 1.000

Sketch (1) (cm: eps0: 0.00625, del0: 0.05, min_mem: 1.69921875)
Par: 1, Rows: 1
(0.000,11)    (0.000,2)    (0.000,14)    (0.000,5)    (0.900,10)    (0.000,1)    (0.000,13)    (0.671,9)    (0.000,4)    (0.000,0)    (0.000,7)    (0.129,12)    (0.000,3)    (0.000,8)    
Total frac: 1.700
Par: 2, Rows: 1
(0.000,7)    (0.000,5)    (0.000,8)    (0.000,3)    (0.000,13)    (0.000,1)    (0.000,11)    (0.671,9)    (0.000,4)    (0.000,2)    (0.129,12)    (0.000,0)    (0.900,10)    (0.000,14)    
Total frac: 1.700
Par: 3, Rows: 1
(0.000,0)    (0.900,10)    (0.000,14)    (0.000,3)    (0.000,13)    (0.000,1)    (0.000,8)    (0.000,11)    (0.671,9)    (0.000,4)    (0.000,2)    (0.000,7)    (0.000,5)    (0.129,12)    
Total frac: 1.700

Sketch (2) (cm: eps0: 0.00625, del0: 0.05, min_mem: 1.69921875)
Par: 1, Rows: 1
(0.000,13)    (0.000,1)    (0.800,12)    (0.000,0)    (0.000,9)    (0.000,7)    (0.000,2)    (0.000,8)    (0.000,6)    (0.000,10)    (0.000,14)    (0.900,11)    (0.000,4)    
Total frac: 1.700
Par: 2, Rows: 1
(0.000,4)    (0.000,9)    (0.000,7)    (0.800,12)    (0.000,0)    (0.000,2)    (0.000,8)    (0.000,6)    (0.900,11)    (0.000,10)    (0.000,14)    (0.000,13)    (0.000,1)    
Total frac: 1.700
Par: 3, Rows: 1
(0.000,2)    (0.000,0)    (0.000,9)    (0.800,12)    (0.000,4)    (0.000,7)    (0.000,14)    (0.000,1)    (0.000,10)    (0.000,8)    (0.000,13)    (0.900,11)    (0.000,6)    
Total frac: 1.700

Sketch (3) (cm: eps0: 0.00625, del0: 0.05, min_mem: 1.69921875)
Par: 1, Rows: 1
(0.000,9)    (0.000,6)    (0.000,0)    (0.000,7)    (0.000,12)    (0.000,1)    (0.000,13)    (0.800,11)    (0.100,14)    (0.000,5)    (0.000,3)    (0.000,10)    (0.900,8)    
Total frac: 1.800
Par: 2, Rows: 1
(0.800,11)    (0.000,3)    (0.100,14)    (0.000,1)    (0.000,10)    (0.000,0)    (0.000,13)    (0.000,5)    (0.000,12)    (0.000,6)    (0.000,7)    (0.000,9)    (0.900,8)    
Total frac: 1.800
Par: 3, Rows: 1
(0.000,3)    (0.900,8)    (0.000,1)    (0.000,13)    (0.100,14)    (0.000,5)    (0.000,10)    (0.000,0)    (0.000,7)    (0.000,12)    (0.000,9)    (0.000,6)    (0.800,11)    
Total frac: 1.800

Sketch (4) (cm: eps0: 0.00625, del0: 0.05, min_mem: 1.69921875)
Par: 1, Rows: 1
(0.800,10)    (0.200,14)    (0.000,13)    (0.000,5)    (1.000,11)    (0.000,3)    (0.000,2)    (0.000,6)    (0.000,12)    (0.000,9)    (0.000,4)    (0.000,7)    
Total frac: 2.000
Par: 2, Rows: 1
(0.000,13)    (0.000,5)    (0.800,10)    (1.000,11)    (0.200,14)    (0.000,3)    (0.000,9)    (0.000,2)    (0.000,6)    (0.000,7)    (0.000,12)    (0.000,4)    
Total frac: 2.000
Par: 3, Rows: 1
(0.000,4)    (0.000,7)    (0.000,2)    (0.000,6)    (0.000,9)    (1.000,11)    (0.000,3)    (0.800,10)    (0.200,14)    (0.000,13)    (0.000,5)    (0.000,12)    
Total frac: 2.000

Sketch (5) (cm: eps0: 0.00625, del0: 0.05, min_mem: 1.69921875)
Par: 1, Rows: 1
(0.000,12)    (0.000,9)    (0.000,6)    (0.471,11)    (0.000,3)    (0.429,13)    (0.000,5)    (0.000,10)    (0.000,14)    
Total frac: 0.900
Par: 2, Rows: 1
(0.000,12)    (0.000,10)    (0.000,5)    (0.000,3)    (0.429,13)    (0.471,11)    (0.000,14)    (0.000,9)    (0.000,6)    
Total frac: 0.900
Par: 3, Rows: 1
(0.000,5)    (0.000,12)    (0.000,3)    (0.000,10)    (0.429,13)    (0.471,11)    (0.000,9)    (0.000,14)    (0.000,6)    
Total frac: 0.900

Sketch (6) (cm: eps0: 0.00625, del0: 0.05, min_mem: 1.69921875)
Par: 1, Rows: 1
(0.000,2)    (0.700,13)    (0.000,14)    (0.000,12)    (0.000,9)    (1.000,8)    (0.000,7)    (0.000,3)    (0.000,1)    (0.000,0)    (0.000,11)    
Total frac: 1.700
Par: 2, Rows: 1
(0.000,0)    (0.700,13)    (0.000,9)    (0.000,2)    (0.000,7)    (0.000,14)    (0.000,12)    (0.000,3)    (0.000,1)    (1.000,8)    (0.000,11)    
Total frac: 1.700
Par: 3, Rows: 1
(0.700,13)    (0.000,0)    (0.000,11)    (0.000,14)    (0.000,9)    (0.000,12)    (0.000,1)    (0.000,7)    (1.000,8)    (0.000,2)    (0.000,3)    
Total frac: 1.700

Sketch (7) (cm: eps0: 0.00625, del0: 0.05, min_mem: 1.69921875)
Par: 1, Rows: 1
(0.100,11)    (0.000,2)    (0.000,9)    (0.000,14)    (0.000,4)    (0.000,1)    (0.000,6)    (0.000,7)    (0.000,5)    (0.000,12)    (0.000,10)    (0.800,13)    (0.000,8)    
Total frac: 0.900
Par: 2, Rows: 1
(0.000,7)    (0.000,8)    (0.000,6)    (0.000,10)    (0.000,1)    (0.000,5)    (0.100,11)    (0.000,4)    (0.000,2)    (0.800,13)    (0.000,12)    (0.000,14)    (0.000,9)    
Total frac: 0.900
Par: 3, Rows: 1
(0.000,14)    (0.000,1)    (0.000,8)    (0.000,6)    (0.000,5)    (0.100,11)    (0.000,10)    (0.800,13)    (0.000,4)    (0.000,2)    (0.000,9)    (0.000,7)    (0.000,12)    
Total frac: 0.900

Sketch (8) (cm: eps0: 0.00625, del0: 0.05, min_mem: 1.69921875)
Par: 1, Rows: 1
(0.000,4)    (0.000,7)    (0.000,10)    (0.000,8)    (0.000,2)    (0.000,13)    (0.000,0)    (0.000,11)    (0.000,5)    (0.000,3)    (0.000,14)    (0.000,9)    (0.000,1)    (1.000,12)    
Total frac: 1.000
Par: 2, Rows: 1
(0.000,7)    (1.000,12)    (0.000,4)    (0.000,13)    (0.000,11)    (0.000,5)    (0.000,3)    (0.000,10)    (0.000,8)    (0.000,2)    (0.000,0)    (0.000,9)    (0.000,1)    (0.000,14)    
Total frac: 1.000
Par: 3, Rows: 1
(0.000,10)    (0.000,2)    (0.000,13)    (0.000,5)    (1.000,12)    (0.000,4)    (0.000,7)    (0.000,14)    (0.000,9)    (0.000,1)    (0.000,8)    (0.000,0)    (0.000,11)    (0.000,3)    
Total frac: 1.000

Sketch (9) (cm: eps0: 0.00625, del0: 0.05, min_mem: 1.69921875)
Par: 1, Rows: 1
(0.000,5)    (0.600,10)    (0.000,2)    (0.200,12)    (0.000,9)    (0.000,1)    (0.000,6)    (0.000,11)    (0.000,14)    (0.000,3)    (0.800,8)    (0.000,0)    (0.000,13)    
Total frac: 1.600
Par: 2, Rows: 1
(0.000,0)    (0.000,11)    (0.000,3)    (0.000,6)    (0.200,12)    (0.000,14)    (0.000,9)    (0.000,1)    (0.600,10)    (0.000,2)    (0.000,13)    (0.000,5)    (0.800,8)    
Total frac: 1.600
Par: 3, Rows: 1
(0.800,8)    (0.000,0)    (0.000,9)    (0.000,1)    (0.000,6)    (0.200,12)    (0.000,14)    (0.000,13)    (0.000,5)    (0.600,10)    (0.000,11)    (0.000,2)    (0.000,3)    
Total frac: 1.600

Sketch (10) (cm: eps0: 0.00625, del0: 0.05, min_mem: 1.69921875)
Par: 1, Rows: 1
(0.000,14)    (0.800,9)    (0.000,1)    (0.000,8)    (0.000,0)    (0.000,11)    (0.000,3)    (0.000,2)    (0.457,13)    (0.343,12)    (0.000,7)    (0.000,6)    
Total frac: 1.600
Par: 2, Rows: 1
(0.000,1)    (0.000,6)    (0.000,11)    (0.000,14)    (0.000,3)    (0.000,8)    (0.457,13)    (0.000,0)    (0.000,2)    (0.000,7)    (0.343,12)    (0.800,9)    
Total frac: 1.600
Par: 3, Rows: 1
(0.343,12)    (0.000,3)    (0.000,8)    (0.000,1)    (0.457,13)    (0.000,6)    (0.000,11)    (0.800,9)    (0.000,2)    (0.000,0)    (0.000,14)    (0.000,7)    
Total frac: 1.600

Sketch (11) (cm: eps0: 0.00625, del0: 0.05, min_mem: 1.69921875)
Par: 1, Rows: 1
(0.000,1)    (0.000,12)    (0.000,10)    (0.800,8)    (0.000,13)    (1.000,11)    (0.200,9)    (0.000,6)    (0.000,4)    (0.000,2)    (0.000,0)    (0.000,7)    (0.700,14)    (0.000,5)    (0.000,3)    
Total frac: 2.700
Par: 2, Rows: 1
(0.000,13)    (0.000,6)    (0.000,7)    (0.000,12)    (0.200,9)    (0.000,2)    (0.000,3)    (0.800,8)    (0.700,14)    (0.000,5)    (0.000,10)    (1.000,11)    (0.000,4)    (0.000,1)    (0.000,0)    
Total frac: 2.700
Par: 3, Rows: 1
(0.000,4)    (0.000,13)    (0.000,0)    (0.000,7)    (0.200,9)    (0.000,3)    (0.000,6)    (0.000,12)    (0.000,2)    (0.800,8)    (0.700,14)    (0.000,5)    (1.000,11)    (0.000,1)    (0.000,10)    
Total frac: 2.700

Sketch (12) (cm: eps0: 0.00625, del0: 0.05, min_mem: 1.69921875)
Par: 1, Rows: 1
(0.000,2)    (0.000,11)    (0.700,9)    (0.000,0)    (0.886,14)    (0.000,7)    (0.014,12)    (0.000,5)    (0.000,10)    (0.000,3)    (0.000,8)    (0.000,1)    (0.000,13)    
Total frac: 1.600
Par: 2, Rows: 1
(0.700,9)    (0.000,2)    (0.000,7)    (0.000,5)    (0.000,0)    (0.886,14)    (0.000,3)    (0.000,1)    (0.014,12)    (0.000,10)    (0.000,13)    (0.000,8)    (0.000,11)    
Total frac: 1.600
Par: 3, Rows: 1
(0.000,8)    (0.886,14)    (0.000,5)    (0.000,10)    (0.000,11)    (0.000,1)    (0.000,0)    (0.000,13)    (0.000,7)    (0.014,12)    (0.000,2)    (0.700,9)    (0.000,3)    
Total frac: 1.600

Sketch (13) (cm: eps0: 0.00625, del0: 0.05, min_mem: 1.69921875)
Par: 1, Rows: 1
(0.000,5)    (0.000,8)    (0.000,14)    (0.000,11)    (0.000,1)    (0.000,10)    (0.000,4)    (0.000,13)    (0.000,7)    (0.000,0)    (0.100,9)    (0.900,12)    (0.000,2)    (0.000,6)    
Total frac: 1.000
Par: 2, Rows: 1
(0.000,1)    (0.000,5)    (0.000,10)    (0.000,8)    (0.000,13)    (0.000,6)    (0.000,11)    (0.000,2)    (0.000,0)    (0.000,4)    (0.100,9)    (0.000,7)    (0.900,12)    (0.000,14)    
Total frac: 1.000
Par: 3, Rows: 1
(0.900,12)    (0.000,14)    (0.000,5)    (0.000,13)    (0.000,11)    (0.000,10)    (0.000,8)    (0.000,6)    (0.000,2)    (0.100,9)    (0.000,0)    (0.000,7)    (0.000,1)    (0.000,4)    
Total frac: 1.000

Sketch (14) (cm: eps0: 0.00625, del0: 0.05, min_mem: 1.69921875)
Par: 1, Rows: 1
(0.000,4)    (0.000,13)    (0.000,6)    (0.000,7)    (0.000,12)    (0.000,2)    (0.000,9)    (0.000,8)    (1.000,14)    (0.900,11)    (0.000,1)    (0.000,10)    
Total frac: 1.900
Par: 2, Rows: 1
(0.000,10)    (0.000,4)    (0.000,6)    (0.000,12)    (0.000,2)    (0.000,9)    (0.900,11)    (0.000,1)    (0.000,8)    (1.000,14)    (0.000,13)    (0.000,7)    
Total frac: 1.900
Par: 3, Rows: 1
(0.000,4)    (0.000,7)    (0.000,12)    (0.000,9)    (1.000,14)    (0.000,1)    (0.000,10)    (0.000,13)    (0.000,8)    (0.000,2)    (0.000,6)    (0.900,11)    
Total frac: 1.900

Sketch (15) (cm: eps0: 0.00625, del0: 0.05, min_mem: 1.69921875)
Par: 1, Rows: 1
(0.000,8)    (0.000,6)    (0.000,7)    (0.000,9)    (0.000,0)    (0.000,4)    (0.000,1)    (1.000,12)    (0.000,5)    (0.000,14)    (0.000,13)    (0.000,3)    (0.000,10)    (0.000,11)    
Total frac: 1.000
Par: 2, Rows: 1
(0.000,9)    (0.000,3)    (0.000,8)    (0.000,14)    (0.000,11)    (0.000,1)    (0.000,5)    (0.000,10)    (0.000,0)    (0.000,4)    (0.000,13)    (0.000,7)    (1.000,12)    (0.000,6)    
Total frac: 1.000
Par: 3, Rows: 1
(0.000,11)    (0.000,1)    (0.000,5)    (0.000,8)    (0.000,14)    (0.000,13)    (0.000,7)    (0.000,10)    (0.000,0)    (0.000,4)    (1.000,12)    (0.000,6)    (0.000,9)    (0.000,3)    
Total frac: 1.000

Sketch (16) (cm: eps0: 0.00625, del0: 0.05, min_mem: 1.69921875)
Par: 1, Rows: 1
(0.000,14)    (0.000,13)    (0.000,6)    (0.000,11)    (0.800,9)    (0.000,1)    (0.100,12)    (0.000,5)    (0.900,10)    (0.000,3)    (0.000,8)    (0.000,2)    (0.000,0)    
Total frac: 1.800
Par: 2, Rows: 1
(0.000,13)    (0.000,2)    (0.000,11)    (0.000,0)    (0.800,9)    (0.000,14)    (0.000,1)    (0.000,6)    (0.000,5)    (0.000,3)    (0.100,12)    (0.900,10)    (0.000,8)    
Total frac: 1.800
Par: 3, Rows: 1
(0.100,12)    (0.800,9)    (0.000,3)    (0.000,8)    (0.000,1)    (0.000,0)    (0.000,5)    (0.900,10)    (0.000,11)    (0.000,2)    (0.000,14)    (0.000,13)    (0.000,6)    
Total frac: 1.800

Sketch (17) (cm: eps0: 0.00625, del0: 0.05, min_mem: 1.69921875)
Par: 1, Rows: 1
(0.000,1)    (0.000,6)    (0.700,12)    (0.000,8)    (0.000,11)    (0.000,0)    (0.000,13)    (0.200,9)    (0.000,14)    (0.000,3)    
Total frac: 0.900
Par: 2, Rows: 1
(0.000,1)    (0.700,12)    (0.000,3)    (0.000,8)    (0.000,0)    (0.000,13)    (0.000,14)    (0.000,6)    (0.000,11)    (0.200,9)    
Total frac: 0.900
Par: 3, Rows: 1
(0.000,3)    (0.700,12)    (0.000,13)    (0.000,8)    (0.000,11)    (0.000,0)    (0.200,9)    (0.000,14)    (0.000,1)    (0.000,6)    
Total frac: 0.900

Sketch (18) (cm: eps0: 0.00625, del0: 0.05, min_mem: 1.69921875)
Par: 1, Rows: 1
(0.000,2)    (0.000,11)    (0.000,13)    (0.000,14)    (0.000,7)    (0.000,12)    (0.000,6)    (0.900,9)    (0.000,3)    (1.000,8)    (0.000,1)    (0.000,0)    (0.000,10)    (0.000,4)    
Total frac: 1.900
Par: 2, Rows: 1
(0.000,0)    (0.000,10)    (0.000,4)    (0.000,13)    (0.000,2)    (0.000,7)    (0.900,9)    (0.000,14)    (0.000,3)    (0.000,12)    (0.000,1)    (0.000,6)    (1.000,8)    (0.000,11)    
Total frac: 1.900
Par: 3, Rows: 1
(0.000,13)    (0.000,6)    (0.000,11)    (0.000,14)    (0.000,1)    (0.000,4)    (0.900,9)    (0.000,7)    (0.000,12)    (0.000,2)    (0.000,0)    (0.000,10)    (0.000,3)    (1.000,8)    
Total frac: 1.900

Sketch (19) (cm: eps0: 0.00625, del0: 0.05, min_mem: 1.69921875)
Par: 1, Rows: 1
(0.000,10)    (0.000,8)    (0.700,14)    (0.000,12)    (0.000,5)    (0.000,13)    (0.000,0)    
Total frac: 0.700
Par: 2, Rows: 1
(0.000,0)    (0.000,8)    (0.000,5)    (0.000,10)    (0.000,13)    (0.000,12)    (0.700,14)    
Total frac: 0.700
Par: 3, Rows: 1
(0.000,12)    (0.700,14)    (0.000,0)    (0.000,8)    (0.000,5)    (0.000,13)    (0.000,10)    
Total frac: 0.700

Sketch (20) (cm: eps0: 0.00625, del0: 0.05, min_mem: 1.69921875)
Par: 1, Rows: 1
(0.000,9)    (0.000,2)    (0.000,0)    (0.000,13)    (0.000,8)    (0.000,6)    (0.000,11)    (0.800,14)    (0.000,7)    (0.000,12)    
Total frac: 0.800
Par: 2, Rows: 1
(0.000,12)    (0.000,13)    (0.000,2)    (0.000,11)    (0.000,0)    (0.000,8)    (0.000,6)    (0.000,7)    (0.000,9)    (0.800,14)    
Total frac: 0.800
Par: 3, Rows: 1
(0.000,13)    (0.000,7)    (0.000,12)    (0.000,6)    (0.800,14)    (0.000,0)    (0.000,9)    (0.000,8)    (0.000,2)    (0.000,11)    
Total frac: 0.800

Sketch (21) (cm: eps0: 0.00625, del0: 0.05, min_mem: 1.69921875)
Par: 1, Rows: 1
(0.000,8)    (0.000,13)    (0.000,2)    (0.000,7)    (0.000,10)    (0.000,12)    (0.000,1)    (0.000,6)    (0.000,9)    (1.000,14)    (0.000,11)    (0.000,0)    (0.000,5)    
Total frac: 1.000
Par: 2, Rows: 1
(0.000,1)    (0.000,2)    (0.000,0)    (0.000,13)    (1.000,14)    (0.000,11)    (0.000,12)    (0.000,9)    (0.000,10)    (0.000,8)    (0.000,7)    (0.000,5)    (0.000,6)    
Total frac: 1.000
Par: 3, Rows: 1
(0.000,11)    (0.000,6)    (0.000,9)    (0.000,2)    (0.000,0)    (1.000,14)    (0.000,12)    (0.000,10)    (0.000,8)    (0.000,7)    (0.000,5)    (0.000,1)    (0.000,13)    
Total frac: 1.000

Sketch (22) (cm: eps0: 0.00625, del0: 0.05, min_mem: 1.69921875)
Par: 1, Rows: 1
(0.000,7)    (0.000,4)    (0.000,11)    (0.000,12)    (0.000,8)    (0.000,5)    (0.000,1)    (0.000,2)    (0.900,13)    (0.000,14)    (0.000,9)    (0.800,10)    
Total frac: 1.700
Par: 2, Rows: 1
(0.800,10)    (0.000,11)    (0.000,4)    (0.000,5)    (0.000,1)    (0.000,12)    (0.900,13)    (0.000,8)    (0.000,9)    (0.000,2)    (0.000,7)    (0.000,14)    
Total frac: 1.700
Par: 3, Rows: 1
(0.000,7)    (0.000,5)    (0.000,4)    (0.000,2)    (0.900,13)    (0.000,1)    (0.000,12)    (0.800,10)    (0.000,14)    (0.000,11)    (0.000,9)    (0.000,8)    
Total frac: 1.700

Sketch (23) (cm: eps0: 0.00625, del0: 0.05, min_mem: 1.69921875)
Par: 1, Rows: 1
(0.800,8)    (0.000,7)    (0.000,5)    (0.000,3)    (0.900,13)    (0.000,1)    (0.000,2)    (0.000,11)    (0.000,6)    (0.000,9)    (0.000,12)    (0.000,0)    (0.000,10)    (0.000,14)    
Total frac: 1.700
Par: 2, Rows: 1
(0.000,5)    (0.000,11)    (0.000,2)    (0.800,8)    (0.000,6)    (0.900,13)    (0.000,1)    (0.000,10)    (0.000,14)    (0.000,9)    (0.000,7)    (0.000,3)    (0.000,12)    (0.000,0)    
Total frac: 1.700
Par: 3, Rows: 1
(0.000,12)    (0.000,0)    (0.900,13)    (0.000,1)    (0.000,2)    (0.800,8)    (0.000,6)    (0.000,9)    (0.000,7)    (0.000,10)    (0.000,14)    (0.000,3)    (0.000,5)    (0.000,11)    
Total frac: 1.700

Sketch (24) (cm: eps0: 0.00625, del0: 0.05, min_mem: 1.69921875)
Par: 1, Rows: 1
(0.000,11)    (0.000,12)    (0.000,5)    (0.000,3)    (0.800,14)    (0.900,9)    (0.000,10)    (0.000,8)    (0.000,7)    (0.000,1)    (0.000,2)    (0.000,13)    
Total frac: 1.700
Par: 2, Rows: 1
(0.000,2)    (0.000,12)    (0.900,9)    (0.800,14)    (0.000,7)    (0.000,10)    (0.000,8)    (0.000,1)    (0.000,13)    (0.000,11)    (0.000,5)    (0.000,3)    
Total frac: 1.700
Par: 3, Rows: 1
(0.800,14)    (0.900,9)    (0.000,10)    (0.000,11)    (0.000,12)    (0.000,3)    (0.000,1)    (0.000,2)    (0.000,13)    (0.000,8)    (0.000,5)    (0.000,7)    
Total frac: 1.700

Sketch (25) (cm: eps0: 0.00625, del0: 0.05, min_mem: 1.69921875)
Par: 1, Rows: 1
(0.700,14)    (0.000,11)    (0.000,3)    (1.000,10)    (0.000,1)    (0.000,12)    (0.000,13)    (0.000,4)    (0.000,5)    (0.000,6)    (0.000,7)    (0.000,8)    (0.000,9)    
Total frac: 1.700
Par: 2, Rows: 1
(0.000,8)    (0.000,7)    (0.000,6)    (0.000,13)    (0.000,1)    (0.000,12)    (0.000,5)    (0.000,4)    (0.000,11)    (0.000,3)    (1.000,10)    (0.700,14)    (0.000,9)    
Total frac: 1.700
Par: 3, Rows: 1
(0.700,14)    (0.000,8)    (0.000,13)    (0.000,1)    (0.000,5)    (0.000,11)    (0.000,6)    (0.000,3)    (0.000,12)    (0.000,4)    (0.000,9)    (0.000,7)    (1.000,10)    
Total frac: 1.700

Sketch (26) (cm: eps0: 0.00625, del0: 0.05, min_mem: 1.69921875)
Par: 1, Rows: 1
(0.000,6)    (0.000,13)    (0.000,1)    (0.000,5)    (0.800,8)    (0.000,7)    (1.000,10)    (0.000,14)    (0.000,12)    (0.000,0)    (0.000,4)    (0.000,11)    
Total frac: 1.800
Par: 2, Rows: 1
(0.000,5)    (0.000,6)    (0.000,7)    (0.800,8)    (1.000,10)    (0.000,14)    (0.000,11)    (0.000,12)    (0.000,0)    (0.000,13)    (0.000,4)    (0.000,1)    
Total frac: 1.800
Par: 3, Rows: 1
(0.000,1)    (0.000,0)    (0.000,14)    (0.000,7)    (0.000,5)    (0.000,6)    (0.000,4)    (0.000,13)    (0.000,11)    (0.000,12)    (1.000,10)    (0.800,8)    
Total frac: 1.800

Sketch (27) (cm: eps0: 0.00625, del0: 0.05, min_mem: 1.69921875)
Par: 1, Rows: 1
(0.000,12)    (0.900,8)    (0.000,7)    (0.000,2)    (0.000,0)    (0.000,14)    (0.000,13)    (0.000,11)    (0.100,9)    
Total frac: 1.000
Par: 2, Rows: 1
(0.000,2)    (0.000,14)    (0.000,11)    (0.000,12)    (0.900,8)    (0.000,13)    (0.100,9)    (0.000,0)    (0.000,7)    
Total frac: 1.000
Par: 3, Rows: 1
(0.000,11)    (0.000,2)    (0.000,14)    (0.000,12)    (0.000,13)    (0.900,8)    (0.100,9)    (0.000,7)    (0.000,0)    
Total frac: 1.000

Sketch (28) (cm: eps0: 0.00625, del0: 0.05, min_mem: 1.69921875)
Par: 1, Rows: 1
(0.000,5)    (0.000,14)    (0.000,4)    (0.000,6)    (0.000,3)    (1.000,13)    (0.800,12)    (0.000,10)    (0.000,11)    (0.000,9)    (0.000,8)    (0.000,1)    (0.000,0)    
Total frac: 1.800
Par: 2, Rows: 1
(0.000,3)    (1.000,13)    (0.000,0)    (0.000,14)    (0.000,4)    (0.000,11)    (0.000,6)    (0.000,9)    (0.800,12)    (0.000,10)    (0.000,8)    (0.000,1)    (0.000,5)    
Total frac: 1.800
Par: 3, Rows: 1
(0.000,10)    (0.000,9)    (0.000,0)    (0.000,4)    (0.000,3)    (0.800,12)    (0.000,1)    (0.000,5)    (0.000,14)    (0.000,11)    (0.000,8)    (0.000,6)    (1.000,13)    
Total frac: 1.800

Sketch (29) (cm: eps0: 0.00625, del0: 0.05, min_mem: 1.69921875)
Par: 1, Rows: 1
(0.000,8)    (0.000,6)    (0.000,9)    (0.000,7)    (0.800,10)    (0.000,3)    (0.000,0)    (0.000,4)    (0.000,5)    (0.000,11)    (0.000,2)    (0.900,12)    (0.000,13)    (0.000,14)    
Total frac: 1.700
Par: 2, Rows: 1
(0.000,9)    (0.800,10)    (0.000,8)    (0.000,2)    (0.000,0)    (0.000,7)    (0.000,6)    (0.000,14)    (0.000,13)    (0.000,11)    (0.900,12)    (0.000,5)    (0.000,3)    (0.000,4)    
Total frac: 1.700
Par: 3, Rows: 1
(0.000,7)    (0.800,10)    (0.000,8)    (0.000,2)    (0.000,0)    (0.000,13)    (0.000,11)    (0.000,5)    (0.000,6)    (0.000,3)    (0.000,14)    (0.900,12)    (0.000,9)    (0.000,4)    
Total frac: 1.700

Sketch (30) (cm: eps0: 0.00625, del0: 0.05, min_mem: 1.69921875)
Par: 1, Rows: 1
(0.000,11)    (0.100,12)    (0.000,3)    (0.000,14)    (0.900,13)    (0.000,8)    (0.000,5)    (0.000,0)    (0.000,7)    (0.800,9)    (0.000,10)    (0.000,1)    (0.000,2)    
Total frac: 1.800
Par: 2, Rows: 1
(0.000,2)    (0.100,12)    (0.900,13)    (0.000,5)    (0.000,14)    (0.000,7)    (0.000,8)    (0.800,9)    (0.000,0)    (0.000,1)    (0.000,11)    (0.000,3)    (0.000,10)    
Total frac: 1.800
Par: 3, Rows: 1
(0.900,13)    (0.100,12)    (0.000,5)    (0.000,14)    (0.000,11)    (0.000,3)    (0.000,10)    (0.000,2)    (0.800,9)    (0.000,8)    (0.000,1)    (0.000,7)    (0.000,0)    
Total frac: 1.800

Sketch (31) (cm: eps0: 0.00625, del0: 0.05, min_mem: 1.69921875)
Par: 1, Rows: 1
(0.000,11)    (0.000,3)    (0.000,12)    (0.000,14)    (0.000,4)    (0.700,9)    (0.000,1)    (0.000,7)    (0.000,10)    (0.000,2)    (0.900,8)    (0.000,13)    (0.000,0)    
Total frac: 1.600
Par: 2, Rows: 1
(0.900,8)    (0.000,7)    (0.000,0)    (0.000,10)    (0.000,2)    (0.700,9)    (0.000,12)    (0.000,1)    (0.000,4)    (0.000,11)    (0.000,3)    (0.000,13)    (0.000,14)    
Total frac: 1.600
Par: 3, Rows: 1
(0.000,14)    (0.900,8)    (0.700,9)    (0.000,0)    (0.000,1)    (0.000,10)    (0.000,11)    (0.000,2)    (0.000,3)    (0.000,12)    (0.000,13)    (0.000,4)    (0.000,7)    
Total frac: 1.600

Sketch (32) (cm: eps0: 0.00625, del0: 0.05, min_mem: 1.69921875)
Par: 1, Rows: 1
(0.000,7)    (0.000,5)    (0.000,6)    (0.000,3)    (0.000,4)    (0.000,1)    (0.000,2)    (0.000,0)    (0.000,14)    (0.000,13)    (0.200,11)    (0.000,12)    (0.800,9)    (0.700,10)    (0.700,8)    
Total frac: 2.400
Par: 2, Rows: 1
(0.700,10)    (0.700,8)    (0.000,7)    (0.000,5)    (0.000,3)    (0.000,1)    (0.000,6)    (0.000,4)    (0.000,2)    (0.000,13)    (0.000,0)    (0.200,11)    (0.000,14)    (0.800,9)    (0.000,12)    
Total frac: 2.400
Par: 3, Rows: 1
(0.000,6)    (0.200,11)    (0.000,12)    (0.000,1)    (0.000,2)    (0.700,8)    (0.000,14)    (0.000,13)    (0.000,7)    (0.800,9)    (0.700,10)    (0.000,3)    (0.000,4)    (0.000,0)    (0.000,5)    
Total frac: 2.400

Sketch (33) (cm: eps0: 0.00625, del0: 0.05, min_mem: 1.69921875)
Par: 1, Rows: 1
(0.000,6)    (0.800,12)    (0.000,2)    (0.700,13)    (0.000,8)    (0.000,7)    (0.000,14)    (0.000,9)    (0.000,3)    (0.000,10)    (0.000,4)    (0.000,5)    (0.000,0)    (0.000,11)    (0.000,1)    
Total frac: 1.500
Par: 2, Rows: 1
(0.000,0)    (0.000,14)    (0.700,13)    (0.800,12)    (0.000,10)    (0.000,11)    (0.000,9)    (0.000,8)    (0.000,7)    (0.000,5)    (0.000,4)    (0.000,2)    (0.000,6)    (0.000,3)    (0.000,1)    
Total frac: 1.500
Par: 3, Rows: 1
(0.700,13)    (0.000,6)    (0.000,0)    (0.000,11)    (0.000,14)    (0.000,9)    (0.800,12)    (0.000,10)    (0.000,7)    (0.000,5)    (0.000,8)    (0.000,3)    (0.000,1)    (0.000,4)    (0.000,2)    
Total frac: 1.500

Sketch (34) (cm: eps0: 0.00625, del0: 0.05, min_mem: 1.69921875)
Par: 1, Rows: 1
(0.000,4)    (0.000,9)    (0.000,3)    (0.000,5)    (0.000,12)    (0.000,2)    (0.000,6)    (1.000,11)    (0.000,1)    (0.000,8)    (0.000,14)    (0.800,13)    (0.000,7)    (0.000,10)    
Total frac: 1.800
Par: 2, Rows: 1
(0.000,3)    (0.000,10)    (0.000,4)    (0.000,5)    (1.000,11)    (0.000,1)    (0.000,12)    (0.000,2)    (0.800,13)    (0.000,6)    (0.000,7)    (0.000,8)    (0.000,14)    (0.000,9)    
Total frac: 1.800
Par: 3, Rows: 1
(0.000,10)    (0.000,7)    (0.000,8)    (0.000,6)    (0.000,1)    (0.000,2)    (0.000,5)    (0.000,3)    (0.000,4)    (0.800,13)    (1.000,11)    (0.000,12)    (0.000,14)    (0.000,9)    
Total frac: 1.800

Sketch (35) (cm: eps0: 0.00625, del0: 0.05, min_mem: 1.69921875)
Par: 1, Rows: 1
(0.000,8)    (0.000,13)    (0.000,0)    (0.000,11)    (0.900,12)    (0.000,14)    (0.000,7)    
Total frac: 0.900
Par: 2, Rows: 1
(0.000,13)    (0.000,7)    (0.000,8)    (0.000,14)    (0.000,0)    (0.000,11)    (0.900,12)    
Total frac: 0.900
Par: 3, Rows: 1
(0.900,12)    (0.000,13)    (0.000,7)    (0.000,8)    (0.000,14)    (0.000,0)    (0.000,11)    
Total frac: 0.900

Sketch (36) (cm: eps0: 0.00625, del0: 0.05, min_mem: 1.69921875)
Par: 1, Rows: 1
(0.900,13)    (0.000,12)    (0.000,11)    (0.000,14)    (0.000,10)    (0.000,7)    (0.000,8)    (0.000,6)    (0.000,1)    (0.000,5)    (0.000,0)    (0.000,4)    
Total frac: 0.900
Par: 2, Rows: 1
(0.000,0)    (0.000,11)    (0.000,4)    (0.000,12)    (0.000,7)    (0.000,14)    (0.000,10)    (0.000,1)    (0.000,5)    (0.000,8)    (0.900,13)    (0.000,6)    
Total frac: 0.900
Par: 3, Rows: 1
(0.000,10)    (0.000,0)    (0.000,4)    (0.000,12)    (0.000,6)    (0.000,11)    (0.000,1)    (0.000,5)    (0.900,13)    (0.000,7)    (0.000,8)    (0.000,14)    
Total frac: 0.900

Sketch (37) (cm: eps0: 0.00625, del0: 0.05, min_mem: 1.69921875)
Par: 1, Rows: 1
(0.000,8)    (0.000,14)    (0.600,9)    (0.000,3)    (0.000,10)    (0.000,0)    (0.000,11)    (0.000,4)    (0.000,1)    (0.000,5)    (0.300,12)    (0.000,2)    (0.700,13)    (0.000,7)    
Total frac: 1.600
Par: 2, Rows: 1
(0.000,3)    (0.000,4)    (0.700,13)    (0.000,11)    (0.300,12)    (0.600,9)    (0.000,10)    (0.000,8)    (0.000,1)    (0.000,2)    (0.000,0)    (0.000,14)    (0.000,7)    (0.000,5)    
Total frac: 1.600
Par: 3, Rows: 1
(0.000,4)    (0.700,13)    (0.000,11)    (0.600,9)    (0.000,1)    (0.300,12)    (0.000,10)    (0.000,8)    (0.000,7)    (0.000,5)    (0.000,2)    (0.000,3)    (0.000,0)    (0.000,14)    
Total frac: 1.600

Sketch (38) (cm: eps0: 0.00625, del0: 0.05, min_mem: 1.69921875)
Par: 1, Rows: 1
(0.000,0)    (0.000,13)    (0.000,7)    (0.700,9)    (0.800,10)    (0.000,2)    (0.000,14)    (0.000,5)    (0.000,6)    (0.100,11)    (0.000,12)    (0.000,8)    
Total frac: 1.600
Par: 2, Rows: 1
(0.000,8)    (0.000,7)    (0.700,9)    (0.000,0)    (0.800,10)    (0.000,5)    (0.000,2)    (0.100,11)    (0.000,14)    (0.000,6)    (0.000,12)    (0.000,13)    
Total frac: 1.600
Par: 3, Rows: 1
(0.100,11)    (0.700,9)    (0.000,2)    (0.000,8)    (0.000,7)    (0.000,0)    (0.000,5)    (0.000,14)    (0.000,6)    (0.000,13)    (0.000,12)    (0.800,10)    
Total frac: 1.600

Sketch (39) (cm: eps0: 0.00625, del0: 0.05, min_mem: 1.69921875)
Par: 1, Rows: 1
(0.000,12)    (0.000,10)    (0.000,1)    (0.000,7)    (0.000,5)    (0.000,2)    (0.900,8)    (0.000,3)    (0.000,0)    (0.000,14)    (0.000,4)    (0.000,13)    (0.000,6)    (0.900,11)    (0.000,9)    
Total frac: 1.800
Par: 2, Rows: 1
(0.000,5)    (0.000,14)    (0.000,12)    (0.000,6)    (0.900,11)    (0.900,8)    (0.000,13)    (0.000,7)    (0.000,0)    (0.000,10)    (0.000,4)    (0.000,9)    (0.000,2)    (0.000,3)    (0.000,1)    
Total frac: 1.800
Par: 3, Rows: 1
(0.900,11)    (0.000,14)    (0.000,12)    (0.000,13)    (0.000,6)    (0.000,7)    (0.900,8)    (0.000,9)    (0.000,3)    (0.000,0)    (0.000,10)    (0.000,1)    (0.000,4)    (0.000,5)    (0.000,2)    
Total frac: 1.800

Sketch (40) (cm: eps0: 0.00625, del0: 0.05, min_mem: 1.69921875)
Par: 1, Rows: 1
(0.000,5)    (0.000,3)    (0.000,4)    (0.800,13)    (0.000,11)    (0.000,12)    (0.000,1)    (0.000,9)    (0.000,10)    (0.000,7)    (0.000,8)    (0.000,6)    (0.200,14)    
Total frac: 1.000
Par: 2, Rows: 1
(0.000,3)    (0.800,13)    (0.200,14)    (0.000,11)    (0.000,4)    (0.000,1)    (0.000,12)    (0.000,9)    (0.000,7)    (0.000,10)    (0.000,8)    (0.000,5)    (0.000,6)    
Total frac: 1.000
Par: 3, Rows: 1
(0.000,7)    (0.000,8)    (0.000,1)    (0.000,9)    (0.000,10)    (0.000,3)    (0.000,4)    (0.000,6)    (0.000,11)    (0.000,12)    (0.200,14)    (0.000,5)    (0.800,13)    
Total frac: 1.000

Sketch (41) (cm: eps0: 0.00625, del0: 0.05, min_mem: 1.69921875)
Par: 1, Rows: 1
(0.000,9)    (0.000,3)    (0.900,11)    (0.000,6)    (0.000,12)    (0.000,13)    (0.000,14)    (0.000,7)    
Total frac: 0.900
Par: 2, Rows: 1
(0.000,7)    (0.000,9)    (0.000,6)    (0.000,14)    (0.000,13)    (0.000,3)    (0.000,12)    (0.900,11)    
Total frac: 0.900
Par: 3, Rows: 1
(0.000,7)    (0.000,9)    (0.000,13)    (0.000,6)    (0.000,3)    (0.000,14)    (0.900,11)    (0.000,12)    
Total frac: 0.900

Sketch (42) (cm: eps0: 0.00625, del0: 0.05, min_mem: 1.69921875)
Par: 1, Rows: 1
(0.000,12)    (0.000,6)    (0.000,11)    (0.000,5)    (0.700,14)    (0.000,13)    (0.000,0)    (0.000,8)    (0.000,2)    (0.100,10)    (0.000,9)    
Total frac: 0.800
Par: 2, Rows: 1
(0.000,11)    (0.000,5)    (0.000,12)    (0.000,13)    (0.000,6)    (0.700,14)    (0.000,0)    (0.000,8)    (0.000,9)    (0.000,2)    (0.100,10)    
Total frac: 0.800
Par: 3, Rows: 1
(0.100,10)    (0.000,5)    (0.000,11)    (0.000,13)    (0.000,9)    (0.000,6)    (0.000,0)    (0.000,2)    (0.000,12)    (0.700,14)    (0.000,8)    
Total frac: 0.800

Sketch (43) (cm: eps0: 0.00625, del0: 0.05, min_mem: 1.69921875)
Par: 1, Rows: 1
(0.000,12)    (0.000,3)    (1.000,14)    (0.000,5)    (0.000,8)    (0.000,10)    (0.000,1)    (0.000,11)    (0.000,13)    (0.000,9)    (0.000,4)    (0.000,6)    (0.000,7)    (0.000,2)    
Total frac: 1.000
Par: 2, Rows: 1
(0.000,1)    (0.000,13)    (0.000,12)    (0.000,9)    (0.000,8)    (0.000,7)    (0.000,6)    (0.000,3)    (0.000,2)    (1.000,14)    (0.000,11)    (0.000,10)    (0.000,5)    (0.000,4)    
Total frac: 1.000
Par: 3, Rows: 1
(0.000,13)    (0.000,4)    (0.000,9)    (0.000,7)    (0.000,12)    (0.000,3)    (0.000,8)    (0.000,6)    (0.000,11)    (0.000,2)    (1.000,14)    (0.000,5)    (0.000,10)    (0.000,1)    
Total frac: 1.000

Sketch (44) (cm: eps0: 0.00625, del0: 0.05, min_mem: 1.69921875)
Par: 1, Rows: 1
(0.000,4)    (0.100,9)    (0.000,6)    (0.900,12)    (0.000,0)    (0.800,10)    (0.000,7)    (0.000,14)    (0.000,8)    (0.000,5)    (0.000,3)    (0.000,13)    (0.000,1)    (0.000,11)    
Total frac: 1.800
Par: 2, Rows: 1
(0.000,4)    (0.000,7)    (0.000,6)    (0.900,12)    (0.000,0)    (0.000,5)    (0.800,10)    (0.000,3)    (0.000,14)    (0.000,8)    (0.000,13)    (0.000,1)    (0.000,11)    (0.100,9)    
Total frac: 1.800
Par: 3, Rows: 1
(0.000,3)    (0.800,10)    (0.000,14)    (0.000,11)    (0.000,5)    (0.000,4)    (0.000,13)    (0.900,12)    (0.000,1)    (0.000,0)    (0.000,7)    (0.100,9)    (0.000,8)    (0.000,6)    
Total frac: 1.800

Sketch (45) (cm: eps0: 0.00625, del0: 0.05, min_mem: 1.69921875)
Par: 1, Rows: 1
(0.000,2)    (0.000,11)    (0.000,10)    (0.800,14)    (0.000,13)    (0.000,1)    (0.000,4)    (0.000,7)    (0.000,9)    (0.000,12)    (0.000,8)    
Total frac: 0.800
Par: 2, Rows: 1
(0.800,14)    (0.000,8)    (0.000,1)    (0.000,10)    (0.000,11)    (0.000,13)    (0.000,2)    (0.000,9)    (0.000,12)    (0.000,4)    (0.000,7)    
Total frac: 0.800
Par: 3, Rows: 1
(0.000,1)    (0.000,11)    (0.000,13)    (0.800,14)    (0.000,8)    (0.000,10)    (0.000,9)    (0.000,7)    (0.000,2)    (0.000,12)    (0.000,4)    
Total frac: 0.800

Sketch (46) (cm: eps0: 0.00625, del0: 0.05, min_mem: 1.69921875)
Par: 1, Rows: 1
(0.000,12)    (0.000,5)    (0.000,4)    (0.000,7)    (0.000,6)    (0.000,9)    (0.900,8)    (0.200,11)    (0.000,3)    (0.000,14)    (0.000,1)    (0.800,10)    (0.000,0)    (0.000,13)    
Total frac: 1.900
Par: 2, Rows: 1
(0.800,10)    (0.000,0)    (0.000,7)    (0.000,12)    (0.000,4)    (0.000,9)    (0.000,6)    (0.200,11)    (0.000,3)    (0.900,8)    (0.000,1)    (0.000,13)    (0.000,14)    (0.000,5)    
Total frac: 1.900
Par: 3, Rows: 1
(0.000,6)    (0.000,12)    (0.000,0)    (0.000,4)    (0.000,9)    (0.000,7)    (0.800,10)    (0.000,14)    (0.000,13)    (0.900,8)    (0.000,1)    (0.000,5)    (0.200,11)    (0.000,3)    
Total frac: 1.900

Sketch (47) (cm: eps0: 0.00625, del0: 0.05, min_mem: 1.69921875)
Par: 1, Rows: 1
(0.000,7)    (0.000,12)    (0.000,0)    (0.000,4)    (0.000,13)    (0.000,1)    (-0.000,5)    (0.000,11)    (1.000,10)    (0.000,14)    (0.000,8)    
Total frac: 1.000
Par: 2, Rows: 1
(0.000,8)    (0.000,11)    (1.000,10)    (0.000,14)    (0.000,13)    (0.000,12)    (0.000,1)    (0.000,0)    (-0.000,5)    (0.000,4)    (0.000,7)    
Total frac: 1.000
Par: 3, Rows: 1
(0.000,8)    (0.000,13)    (0.000,1)    (-0.000,5)    (1.000,10)    (0.000,7)    (0.000,14)    (0.000,12)    (0.000,0)    (0.000,4)    (0.000,11)    
Total frac: 1.000

Sketch (48) (cm: eps0: 0.00625, del0: 0.05, min_mem: 1.69921875)
Par: 1, Rows: 1
(0.000,0)    (0.000,11)    (0.600,13)    (0.100,14)    (0.000,12)    (0.000,1)    (0.000,8)    (0.300,10)    (0.000,7)    (0.000,5)    
Total frac: 1.000
Par: 2, Rows: 1
(0.000,0)    (0.100,14)    (0.000,1)    (0.000,7)    (0.000,12)    (0.000,5)    (0.000,8)    (0.300,10)    (0.000,11)    (0.600,13)    
Total frac: 1.000
Par: 3, Rows: 1
(0.000,7)    (0.000,1)    (0.000,0)    (0.000,11)    (0.300,10)    (0.000,5)    (0.600,13)    (0.000,12)    (0.100,14)    (0.000,8)    
Total frac: 1.000

Sketch (49) (cm: eps0: 0.00625, del0: 0.05, min_mem: 1.69921875)
Par: 1, Rows: 1
(0.000,3)    (0.000,14)    (0.686,8)    (0.000,1)    (0.000,6)    (0.314,11)    (0.000,5)    (0.000,0)    (0.686,10)    (0.000,13)    (0.000,4)    (0.314,9)    (0.000,7)    (0.000,2)    (0.000,12)    
Total frac: 2.000
Par: 2, Rows: 1
(0.686,10)    (0.000,7)    (0.000,1)    (0.686,8)    (0.000,5)    (0.000,3)    (0.000,2)    (0.000,13)    (0.000,0)    (0.314,11)    (0.000,4)    (0.000,14)    (0.314,9)    (0.000,6)    (0.000,12)    
Total frac: 2.000
Par: 3, Rows: 1
(0.000,7)    (0.000,1)    (0.000,6)    (0.000,12)    (0.000,5)    (0.686,10)    (0.000,3)    (0.686,8)    (0.000,13)    (0.314,11)    (0.000,2)    (0.314,9)    (0.000,0)    (0.000,4)    (0.000,14)    
Total frac: 2.000

Sketch (50) (cm: eps0: 0.00625, del0: 0.05, min_mem: 1.69921875)
Par: 1, Rows: 1
(0.000,5)    (0.800,13)    (0.000,12)    (0.000,7)    (0.000,14)    (0.900,9)    (0.000,8)    (0.000,3)    (0.000,10)    (0.000,1)    (0.000,0)    (0.000,11)    
Total frac: 1.700
Par: 2, Rows: 1
(0.000,0)    (0.800,13)    (0.000,7)    (0.900,9)    (0.000,12)    (0.000,3)    (0.000,14)    (0.000,8)    (0.000,1)    (0.000,11)    (0.000,5)    (0.000,10)    
Total frac: 1.700
Par: 3, Rows: 1
(0.000,3)    (0.000,5)    (0.000,14)    (0.900,9)    (0.000,12)    (0.000,1)    (0.000,7)    (0.000,8)    (0.000,10)    (0.000,0)    (0.000,11)    (0.800,13)    
Total frac: 1.700

Sketch (51) (cm: eps0: 0.00625, del0: 0.05, min_mem: 1.69921875)
Par: 1, Rows: 1
(0.000,2)    (0.200,9)    (0.000,1)    (0.000,7)    (0.000,14)    (0.800,12)    (0.000,11)    (0.000,13)    (0.000,8)    
Total frac: 1.000
Par: 2, Rows: 1
(0.000,14)    (0.200,9)    (0.000,8)    (0.000,1)    (0.000,11)    (0.000,2)    (0.000,13)    (0.800,12)    (0.000,7)    
Total frac: 1.000
Par: 3, Rows: 1
(0.000,1)    (0.000,11)    (0.000,14)    (0.000,8)    (0.000,13)    (0.000,7)    (0.000,2)    (0.800,12)    (0.200,9)    
Total frac: 1.000

Sketch (52) (cm: eps0: 0.00625, del0: 0.05, min_mem: 1.69921875)
Par: 1, Rows: 1
(0.000,7)    (0.000,1)    (0.100,10)    (0.000,2)    (0.000,13)    (0.900,8)    (0.000,0)    (0.900,11)    (0.000,3)    (0.000,6)    (0.000,12)    (0.000,4)    (0.000,14)    (0.000,9)    
Total frac: 1.900
Par: 2, Rows: 1
(0.000,4)    (0.000,14)    (0.000,13)    (0.900,11)    (0.100,10)    (0.000,3)    (0.000,2)    (0.900,8)    (0.000,0)    (0.000,9)    (0.000,7)    (0.000,1)    (0.000,6)    (0.000,12)    
Total frac: 1.900
Par: 3, Rows: 1
(0.100,10)    (0.000,2)    (0.000,13)    (0.000,12)    (0.000,4)    (0.000,7)    (0.000,6)    (0.000,14)    (0.000,9)    (0.900,8)    (0.000,1)    (0.000,0)    (0.900,11)    (0.000,3)    
Total frac: 1.900

Sketch (53) (cm: eps0: 0.00625, del0: 0.05, min_mem: 1.69921875)
Par: 1, Rows: 1
(0.000,7)    (0.000,2)    (1.000,12)    (0.000,9)    (0.000,1)    (0.000,11)    (0.000,3)    (0.000,14)    (0.000,8)    (0.000,13)    
Total frac: 1.000
Par: 2, Rows: 1
(0.000,11)    (0.000,13)    (0.000,9)    (0.000,2)    (0.000,14)    (0.000,7)    (1.000,12)    (0.000,3)    (0.000,8)    (0.000,1)    
Total frac: 1.000
Par: 3, Rows: 1
(0.000,9)    (0.000,7)    (0.000,2)    (0.000,3)    (0.000,14)    (0.000,1)    (1.000,12)    (0.000,8)    (0.000,11)    (0.000,13)    
Total frac: 1.000

Sketch (54) (cm: eps0: 0.00625, del0: 0.05, min_mem: 1.69921875)
Par: 1, Rows: 1
(0.800,14)    (0.000,11)    (0.000,5)    (0.000,4)    (0.000,10)    (0.000,1)    (0.000,0)    (0.000,7)    (0.000,13)    (0.000,12)    (-0.000,3)    (0.200,9)    (0.000,8)    
Total frac: 1.000
Par: 2, Rows: 1
(0.000,8)    (0.800,14)    (0.000,11)    (0.000,5)    (0.000,1)    (0.000,4)    (0.000,10)    (0.000,0)    (0.000,7)    (0.000,13)    (-0.000,3)    (0.200,9)    (0.000,12)    
Total frac: 1.000
Par: 3, Rows: 1
(0.000,5)    (0.000,10)    (-0.000,3)    (0.000,8)    (0.000,1)    (0.000,4)    (0.000,13)    (0.000,11)    (0.000,0)    (0.200,9)    (0.000,7)    (0.800,14)    (0.000,12)    
Total frac: 1.000

Sketch (55) (cm: eps0: 0.00625, del0: 0.05, min_mem: 1.69921875)
Par: 1, Rows: 1
(0.000,14)    (0.000,12)    (0.000,1)    (0.100,10)    (0.000,8)    (0.800,13)    (0.000,11)    (0.900,9)    (0.000,4)    (0.000,7)    (0.000,2)    (0.000,6)    (0.000,3)    
Total frac: 1.800
Par: 2, Rows: 1
(0.000,7)    (0.800,13)    (0.000,12)    (0.000,2)    (0.000,6)    (0.000,3)    (0.900,9)    (0.000,8)    (0.000,14)    (0.000,4)    (0.100,10)    (0.000,11)    (0.000,1)    
Total frac: 1.800
Par: 3, Rows: 1
(0.000,7)    (0.800,13)    (0.000,3)    (0.900,9)    (0.000,12)    (0.000,2)    (0.000,6)    (0.000,8)    (0.000,14)    (0.000,11)    (0.000,1)    (0.000,4)    (0.100,10)    
Total frac: 1.800

Sketch (56) (cm: eps0: 0.00625, del0: 0.05, min_mem: 1.69921875)
Par: 1, Rows: 1
(0.000,2)    (0.000,4)    (0.000,7)    (0.800,9)    (0.100,12)    (0.000,14)    (0.000,1)    (0.000,8)    (0.000,10)    (0.600,11)    (0.100,13)    (0.000,0)    
Total frac: 1.600
Par: 2, Rows: 1
(0.000,0)    (0.000,7)    (0.000,2)    (0.800,9)    (0.000,4)    (0.000,1)    (0.100,12)    (0.000,14)    (0.600,11)    (0.100,13)    (0.000,8)    (0.000,10)    
Total frac: 1.600
Par: 3, Rows: 1
(0.800,9)    (0.000,8)    (0.600,11)    (0.000,14)    (0.000,1)    (0.000,0)    (0.000,4)    (0.000,10)    (0.000,7)    (0.100,13)    (0.100,12)    (0.000,2)    
Total frac: 1.600

Sketch (57) (cm: eps0: 0.00625, del0: 0.05, min_mem: 1.69921875)
Par: 1, Rows: 1
(0.800,11)    (0.000,14)    (0.000,5)    (0.000,7)    (0.200,13)    (0.000,4)    (1.000,10)    (0.000,12)    (0.000,6)    (0.000,2)    (0.000,9)    
Total frac: 2.000
Par: 2, Rows: 1
(0.000,14)    (0.000,5)    (1.000,10)    (0.200,13)    (0.800,11)    (0.000,2)    (0.000,6)    (0.000,4)    (0.000,7)    (0.000,12)    (0.000,9)    
Total frac: 2.000
Par: 3, Rows: 1
(0.000,5)    (0.000,14)    (0.200,13)    (0.800,11)    (1.000,10)    (0.000,7)    (0.000,2)    (0.000,6)    (0.000,9)    (0.000,4)    (0.000,12)    
Total frac: 2.000

Sketch (58) (cm: eps0: 0.00625, del0: 0.05, min_mem: 1.69921875)
Par: 1, Rows: 1
(0.000,7)    (0.300,13)    (0.700,12)    (0.000,2)    (0.000,6)    (0.000,9)    (0.000,8)    (0.700,11)    (0.000,14)    (0.000,1)    (0.000,5)    (0.000,4)    (0.000,10)    
Total frac: 1.700
Par: 2, Rows: 1
(0.000,4)    (0.000,10)    (0.700,12)    (0.000,2)    (0.000,6)    (0.000,9)    (0.700,11)    (0.000,1)    (0.000,5)    (0.000,8)    (0.000,7)    (0.000,14)    (0.300,13)    
Total frac: 1.700
Par: 3, Rows: 1
(0.000,1)    (0.000,7)    (0.700,12)    (0.000,5)    (0.000,8)    (0.000,10)    (0.000,2)    (0.000,14)    (0.700,11)    (0.000,4)    (0.300,13)    (0.000,6)    (0.000,9)    
Total frac: 1.700

Sketch (59) (cm: eps0: 0.00625, del0: 0.05, min_mem: 1.69921875)
Par: 1, Rows: 1
(0.000,3)    (0.000,5)    (0.000,12)    (0.700,8)    (0.000,10)    (0.800,11)    (0.000,0)    (0.000,13)    (0.000,2)    (1.000,9)    (0.000,14)    (0.000,1)    (0.000,6)    (0.000,7)    
Total frac: 2.500
Par: 2, Rows: 1
(0.000,5)    (0.000,10)    (0.000,2)    (0.000,14)    (0.000,7)    (0.000,13)    (0.000,12)    (0.000,6)    (0.000,3)    (1.000,9)    (0.700,8)    (0.000,1)    (0.000,0)    (0.800,11)    
Total frac: 2.500
Par: 3, Rows: 1
(0.000,10)    (0.000,7)    (0.000,13)    (0.000,2)    (0.000,3)    (1.000,9)    (0.000,14)    (0.000,1)    (0.000,12)    (0.000,6)    (0.700,8)    (0.800,11)    (0.000,5)    (0.000,0)    
Total frac: 2.500

Sketch (60) (cm: eps0: 0.00625, del0: 0.05, min_mem: 1.69921875)
Par: 1, Rows: 1
(0.000,0)    (0.000,13)    (0.800,14)    (0.800,11)    (0.000,6)    (0.000,9)    (0.000,7)    (0.000,1)    (0.000,12)    (0.000,5)    (0.000,10)    (0.000,3)    (0.700,8)    (0.000,2)    
Total frac: 2.300
Par: 2, Rows: 1
(0.700,8)    (0.000,13)    (0.000,2)    (0.800,11)    (0.000,0)    (0.000,9)    (0.800,14)    (0.000,7)    (0.000,1)    (0.000,6)    (0.000,5)    (0.000,3)    (0.000,12)    (0.000,10)    
Total frac: 2.300
Par: 3, Rows: 1
(0.000,6)    (0.000,3)    (0.000,9)    (0.700,8)    (0.000,1)    (0.000,0)    (0.000,5)    (0.000,10)    (0.800,11)    (0.000,2)    (0.000,7)    (0.000,13)    (0.000,12)    (0.800,14)    
Total frac: 2.300

Sketch (61) (cm: eps0: 0.00625, del0: 0.05, min_mem: 1.69921875)
Par: 1, Rows: 1
(0.000,9)    (0.900,12)    (0.100,14)    (0.000,1)    (0.000,6)    (0.000,5)    (0.000,8)    (0.000,11)    (0.000,0)    (0.000,4)    (0.000,10)    (0.000,7)    (0.000,13)    (0.000,2)    
Total frac: 1.000
Par: 2, Rows: 1
(0.000,9)    (0.900,12)    (0.000,0)    (0.000,2)    (0.000,5)    (0.000,8)    (0.000,10)    (0.000,11)    (0.000,13)    (0.000,6)    (0.100,14)    (0.000,1)    (0.000,4)    (0.000,7)    
Total frac: 1.000
Par: 3, Rows: 1
(0.000,4)    (0.900,12)    (0.000,5)    (0.000,11)    (0.000,0)    (0.000,13)    (0.000,2)    (0.000,8)    (0.000,10)    (0.000,1)    (0.000,6)    (0.000,7)    (0.000,9)    (0.100,14)    
Total frac: 1.000

Sketch (62) (cm: eps0: 0.00625, del0: 0.05, min_mem: 1.69921875)
Par: 1, Rows: 1
(0.000,5)    (0.000,4)    (0.000,10)    (0.000,13)    (0.000,12)    (0.800,14)    (0.000,1)    (0.000,3)    (0.000,9)    (0.000,8)    
Total frac: 0.800
Par: 2, Rows: 1
(0.000,5)    (0.000,13)    (0.000,4)    (0.000,10)    (0.000,1)    (0.000,12)    (0.000,3)    (0.000,9)    (0.800,14)    (0.000,8)    
Total frac: 0.800
Par: 3, Rows: 1
(0.000,13)    (0.000,8)    (0.000,4)    (0.800,14)    (0.000,1)    (0.000,12)    (0.000,9)    (0.000,5)    (0.000,10)    (0.000,3)    
Total frac: 0.800

Sketch (63) (cm: eps0: 0.00625, del0: 0.05, min_mem: 1.69921875)
Par: 1, Rows: 1
(0.000,0)    (0.000,10)    (0.000,8)    (0.000,9)    (-0.000,4)    (1.000,14)    (0.000,12)    (0.000,5)    (0.000,13)    (-0.000,2)    
Total frac: 1.000
Par: 2, Rows: 1
(1.000,14)    (0.000,0)    (0.000,9)    (0.000,8)    (-0.000,2)    (0.000,5)    (-0.000,4)    (0.000,10)    (0.000,13)    (0.000,12)    
Total frac: 1.000
Par: 3, Rows: 1
(0.000,9)    (1.000,14)    (0.000,0)    (0.000,5)    (0.000,8)    (0.000,13)    (-0.000,2)    (-0.000,4)    (0.000,10)    (0.000,12)    
Total frac: 1.000

Device (0) CPU1:
Rows total: 5.885645977011494e-07
Mem total: 1.0001e-06

Device (1) CPU2:
Rows total: 5.885645977011494e-07
Mem total: 1.0001e-06

Device (2) CPU3:
Rows total: 5.885645977011494e-07
Mem total: 1.0001e-06

Device (3) CPU4:
Rows total: 5.885645977011494e-07
Mem total: 1.0001e-06

Device (4) CPU5:
Rows total: 5.885645977011494e-07
Mem total: 1.0001e-06

Device (5) CPU6:
Rows total: 5.885645977011494e-07
Mem total: 1.0001e-06

Device (6) CPU7:
Rows total: 5.885645977011494e-07
Mem total: 1.0001e-06

Device (7) CPU8:
Rows total: 5.885645977011494e-07
Mem total: 1.0001e-06

Device (8) tor_P41:
Rows total: 40.15713663517425
Mem total: 68.23575951679999

Device (9) tor_P42:
Rows total: 40.15713663517425
Mem total: 68.23575951679999

Device (10) tor_P43:
Rows total: 40.15713663517425
Mem total: 68.23575951679999

Device (11) tor_P44:
Rows total: 40.15713663517425
Mem total: 68.23575951679999

Device (12) l1_P41:
Rows total: 40.15713663517425
Mem total: 68.23575951679999

Device (13) l1_P42:
Rows total: 40.15713663517425
Mem total: 68.23575951679999

Device (14) l2_P4:
Rows total: 40.15713663517425
Mem total: 68.23575951679999
--------------------------------------------------
Changed value of parameter NonConvex to 2
   Prev: -1  Min: -1  Max: 2  Default: -1
Changed value of parameter NonConvex to 2
   Prev: -1  Min: -1  Max: 2  Default: -1
Changed value of parameter NonConvex to 2
   Prev: -1  Min: -1  Max: 2  Default: -1
Changed value of parameter NonConvex to 2
   Prev: -1  Min: -1  Max: 2  Default: -1
Changed value of parameter NonConvex to 2
   Prev: -1  Min: -1  Max: 2  Default: -1
Changed value of parameter NonConvex to 2
   Prev: -1  Min: -1  Max: 2  Default: -1
Changed value of parameter NonConvex to 2
   Prev: -1  Min: -1  Max: 2  Default: -1
Changed value of parameter NonConvex to 2
   Prev: -1  Min: -1  Max: 2  Default: -1

Throughput: 97.99999999999999 Mpps, ns per packet: 10.204081632653063
Resources: 640.2260373744191
Used Cores: 55.99999999999978, Total CPUS: 8, Switch Memory: 477.6503166175999

Sketch (0) (cm: eps0: 0.00625, del0: 0.05, min_mem: 1.69921875)
Par: 1, Rows: 1
(0.000,9)    (0.000,6)    (0.000,4)    (0.000,2)    (0.000,0)    (0.200,14)    (0.000,12)    (0.200,10)    (0.000,8)    (0.000,7)    (0.000,5)    (0.000,1)    (0.600,13)    (0.000,11)    
Total frac: 1.000
Par: 2, Rows: 1
(0.000,6)    (0.000,4)    (0.000,2)    (0.000,0)    (0.000,7)    (0.200,14)    (0.000,5)    (0.000,12)    (0.200,10)    (0.000,1)    (0.000,8)    (0.600,13)    (0.000,11)    (0.000,9)    
Total frac: 1.000
Par: 3, Rows: 1
(0.200,14)    (0.200,10)    (0.000,11)    (0.000,5)    (0.000,4)    (0.000,1)    (0.000,0)    (0.600,13)    (0.000,12)    (0.000,9)    (0.000,8)    (0.000,6)    (0.000,7)    (0.000,2)    
Total frac: 1.000

Sketch (1) (cm: eps0: 0.00625, del0: 0.05, min_mem: 1.69921875)
Par: 1, Rows: 1
(0.000,11)    (0.000,2)    (0.000,14)    (0.000,5)    (0.900,10)    (0.000,1)    (0.000,13)    (0.671,9)    (0.000,4)    (0.000,0)    (0.000,7)    (0.129,12)    (0.000,3)    (0.000,8)    
Total frac: 1.700
Par: 2, Rows: 1
(0.000,7)    (0.000,5)    (0.000,8)    (0.000,3)    (0.000,13)    (0.000,1)    (0.000,11)    (0.671,9)    (0.000,4)    (0.000,2)    (0.129,12)    (0.000,0)    (0.900,10)    (0.000,14)    
Total frac: 1.700
Par: 3, Rows: 1
(0.000,0)    (0.900,10)    (0.000,14)    (0.000,3)    (0.000,13)    (0.000,1)    (0.000,8)    (0.000,11)    (0.671,9)    (0.000,4)    (0.000,2)    (0.000,7)    (0.000,5)    (0.129,12)    
Total frac: 1.700

Sketch (2) (cm: eps0: 0.00625, del0: 0.05, min_mem: 1.69921875)
Par: 1, Rows: 1
(0.000,13)    (0.000,1)    (0.800,12)    (0.000,0)    (0.000,9)    (0.000,7)    (0.000,2)    (0.000,8)    (0.000,6)    (0.000,10)    (0.000,14)    (0.900,11)    (0.000,4)    
Total frac: 1.700
Par: 2, Rows: 1
(0.000,4)    (0.000,9)    (0.000,7)    (0.800,12)    (0.000,0)    (0.000,2)    (0.000,8)    (0.000,6)    (0.900,11)    (0.000,10)    (0.000,14)    (0.000,13)    (0.000,1)    
Total frac: 1.700
Par: 3, Rows: 1
(0.000,2)    (0.000,0)    (0.000,9)    (0.800,12)    (0.000,4)    (0.000,7)    (0.000,14)    (0.000,1)    (0.000,10)    (0.000,8)    (0.000,13)    (0.900,11)    (0.000,6)    
Total frac: 1.700

Sketch (3) (cm: eps0: 0.00625, del0: 0.05, min_mem: 1.69921875)
Par: 1, Rows: 1
(0.000,9)    (0.000,6)    (0.000,0)    (0.000,7)    (0.000,12)    (0.000,1)    (0.000,13)    (0.800,11)    (0.100,14)    (0.000,5)    (0.000,3)    (0.000,10)    (0.900,8)    
Total frac: 1.800
Par: 2, Rows: 1
(0.800,11)    (0.000,3)    (0.100,14)    (0.000,1)    (0.000,10)    (0.000,0)    (0.000,13)    (0.000,5)    (0.000,12)    (0.000,6)    (0.000,7)    (0.000,9)    (0.900,8)    
Total frac: 1.800
Par: 3, Rows: 1
(0.000,3)    (0.900,8)    (0.000,1)    (0.000,13)    (0.100,14)    (0.000,5)    (0.000,10)    (0.000,0)    (0.000,7)    (0.000,12)    (0.000,9)    (0.000,6)    (0.800,11)    
Total frac: 1.800

Sketch (4) (cm: eps0: 0.00625, del0: 0.05, min_mem: 1.69921875)
Par: 1, Rows: 1
(0.800,10)    (0.200,14)    (0.000,13)    (0.000,5)    (1.000,11)    (0.000,3)    (0.000,2)    (0.000,6)    (0.000,12)    (0.000,9)    (0.000,4)    (0.000,7)    
Total frac: 2.000
Par: 2, Rows: 1
(0.000,13)    (0.000,5)    (0.800,10)    (1.000,11)    (0.200,14)    (0.000,3)    (0.000,9)    (0.000,2)    (0.000,6)    (0.000,7)    (0.000,12)    (0.000,4)    
Total frac: 2.000
Par: 3, Rows: 1
(0.000,4)    (0.000,7)    (0.000,2)    (0.000,6)    (0.000,9)    (1.000,11)    (0.000,3)    (0.800,10)    (0.200,14)    (0.000,13)    (0.000,5)    (0.000,12)    
Total frac: 2.000

Sketch (5) (cm: eps0: 0.00625, del0: 0.05, min_mem: 1.69921875)
Par: 1, Rows: 1
(0.000,12)    (0.000,9)    (0.000,6)    (0.471,11)    (0.000,3)    (0.429,13)    (0.000,5)    (0.000,10)    (0.000,14)    
Total frac: 0.900
Par: 2, Rows: 1
(0.000,12)    (0.000,10)    (0.000,5)    (0.000,3)    (0.429,13)    (0.471,11)    (0.000,14)    (0.000,9)    (0.000,6)    
Total frac: 0.900
Par: 3, Rows: 1
(0.000,5)    (0.000,12)    (0.000,3)    (0.000,10)    (0.429,13)    (0.471,11)    (0.000,9)    (0.000,14)    (0.000,6)    
Total frac: 0.900

Sketch (6) (cm: eps0: 0.00625, del0: 0.05, min_mem: 1.69921875)
Par: 1, Rows: 1
(0.000,2)    (0.700,13)    (0.000,14)    (0.000,12)    (0.000,9)    (1.000,8)    (0.000,7)    (0.000,3)    (0.000,1)    (0.000,0)    (0.000,11)    
Total frac: 1.700
Par: 2, Rows: 1
(0.000,0)    (0.700,13)    (0.000,9)    (0.000,2)    (0.000,7)    (0.000,14)    (0.000,12)    (0.000,3)    (0.000,1)    (1.000,8)    (0.000,11)    
Total frac: 1.700
Par: 3, Rows: 1
(0.700,13)    (0.000,0)    (0.000,11)    (0.000,14)    (0.000,9)    (0.000,12)    (0.000,1)    (0.000,7)    (1.000,8)    (0.000,2)    (0.000,3)    
Total frac: 1.700

Sketch (7) (cm: eps0: 0.00625, del0: 0.05, min_mem: 1.69921875)
Par: 1, Rows: 1
(0.100,11)    (0.000,2)    (0.000,9)    (0.000,14)    (0.000,4)    (0.000,1)    (0.000,6)    (0.000,7)    (0.000,5)    (0.000,12)    (0.000,10)    (0.800,13)    (0.000,8)    
Total frac: 0.900
Par: 2, Rows: 1
(0.000,7)    (0.000,8)    (0.000,6)    (0.000,10)    (0.000,1)    (0.000,5)    (0.100,11)    (0.000,4)    (0.000,2)    (0.800,13)    (0.000,12)    (0.000,14)    (0.000,9)    
Total frac: 0.900
Par: 3, Rows: 1
(0.000,14)    (0.000,1)    (0.000,8)    (0.000,6)    (0.000,5)    (0.100,11)    (0.000,10)    (0.800,13)    (0.000,4)    (0.000,2)    (0.000,9)    (0.000,7)    (0.000,12)    
Total frac: 0.900

Sketch (8) (cm: eps0: 0.00625, del0: 0.05, min_mem: 1.69921875)
Par: 1, Rows: 1
(0.000,4)    (0.000,7)    (0.000,10)    (0.000,8)    (0.000,2)    (0.000,13)    (0.000,0)    (0.000,11)    (0.000,5)    (0.000,3)    (0.000,14)    (0.000,9)    (0.000,1)    (1.000,12)    
Total frac: 1.000
Par: 2, Rows: 1
(0.000,7)    (1.000,12)    (0.000,4)    (0.000,13)    (0.000,11)    (0.000,5)    (0.000,3)    (0.000,10)    (0.000,8)    (0.000,2)    (0.000,0)    (0.000,9)    (0.000,1)    (0.000,14)    
Total frac: 1.000
Par: 3, Rows: 1
(0.000,10)    (0.000,2)    (0.000,13)    (0.000,5)    (1.000,12)    (0.000,4)    (0.000,7)    (0.000,14)    (0.000,9)    (0.000,1)    (0.000,8)    (0.000,0)    (0.000,11)    (0.000,3)    
Total frac: 1.000

Sketch (9) (cm: eps0: 0.00625, del0: 0.05, min_mem: 1.69921875)
Par: 1, Rows: 1
(0.000,5)    (0.600,10)    (0.000,2)    (0.200,12)    (0.000,9)    (0.000,1)    (0.000,6)    (0.000,11)    (0.000,14)    (0.000,3)    (0.800,8)    (0.000,0)    (0.000,13)    
Total frac: 1.600
Par: 2, Rows: 1
(0.000,0)    (0.000,11)    (0.000,3)    (0.000,6)    (0.200,12)    (0.000,14)    (0.000,9)    (0.000,1)    (0.600,10)    (0.000,2)    (0.000,13)    (0.000,5)    (0.800,8)    
Total frac: 1.600
Par: 3, Rows: 1
(0.800,8)    (0.000,0)    (0.000,9)    (0.000,1)    (0.000,6)    (0.200,12)    (0.000,14)    (0.000,13)    (0.000,5)    (0.600,10)    (0.000,11)    (0.000,2)    (0.000,3)    
Total frac: 1.600

Sketch (10) (cm: eps0: 0.00625, del0: 0.05, min_mem: 1.69921875)
Par: 1, Rows: 1
(0.000,14)    (0.800,9)    (0.000,1)    (0.000,8)    (0.000,0)    (0.000,11)    (0.000,3)    (0.000,2)    (0.457,13)    (0.343,12)    (0.000,7)    (0.000,6)    
Total frac: 1.600
Par: 2, Rows: 1
(0.000,1)    (0.000,6)    (0.000,11)    (0.000,14)    (0.000,3)    (0.000,8)    (0.457,13)    (0.000,0)    (0.000,2)    (0.000,7)    (0.343,12)    (0.800,9)    
Total frac: 1.600
Par: 3, Rows: 1
(0.343,12)    (0.000,3)    (0.000,8)    (0.000,1)    (0.457,13)    (0.000,6)    (0.000,11)    (0.800,9)    (0.000,2)    (0.000,0)    (0.000,14)    (0.000,7)    
Total frac: 1.600

Sketch (11) (cm: eps0: 0.00625, del0: 0.05, min_mem: 1.69921875)
Par: 1, Rows: 1
(0.000,1)    (0.000,12)    (0.000,10)    (0.800,8)    (0.000,13)    (1.000,11)    (0.200,9)    (0.000,6)    (0.000,4)    (0.000,2)    (0.000,0)    (0.000,7)    (0.700,14)    (0.000,5)    (0.000,3)    
Total frac: 2.700
Par: 2, Rows: 1
(0.000,13)    (0.000,6)    (0.000,7)    (0.000,12)    (0.200,9)    (0.000,2)    (0.000,3)    (0.800,8)    (0.700,14)    (0.000,5)    (0.000,10)    (1.000,11)    (0.000,4)    (0.000,1)    (0.000,0)    
Total frac: 2.700
Par: 3, Rows: 1
(0.000,4)    (0.000,13)    (0.000,0)    (0.000,7)    (0.200,9)    (0.000,3)    (0.000,6)    (0.000,12)    (0.000,2)    (0.800,8)    (0.700,14)    (0.000,5)    (1.000,11)    (0.000,1)    (0.000,10)    
Total frac: 2.700

Sketch (12) (cm: eps0: 0.00625, del0: 0.05, min_mem: 1.69921875)
Par: 1, Rows: 1
(0.000,2)    (0.000,11)    (0.700,9)    (0.000,0)    (0.886,14)    (0.000,7)    (0.014,12)    (0.000,5)    (0.000,10)    (0.000,3)    (0.000,8)    (0.000,1)    (0.000,13)    
Total frac: 1.600
Par: 2, Rows: 1
(0.700,9)    (0.000,2)    (0.000,7)    (0.000,5)    (0.000,0)    (0.886,14)    (0.000,3)    (0.000,1)    (0.014,12)    (0.000,10)    (0.000,13)    (0.000,8)    (0.000,11)    
Total frac: 1.600
Par: 3, Rows: 1
(0.000,8)    (0.886,14)    (0.000,5)    (0.000,10)    (0.000,11)    (0.000,1)    (0.000,0)    (0.000,13)    (0.000,7)    (0.014,12)    (0.000,2)    (0.700,9)    (0.000,3)    
Total frac: 1.600

Sketch (13) (cm: eps0: 0.00625, del0: 0.05, min_mem: 1.69921875)
Par: 1, Rows: 1
(0.000,5)    (0.000,8)    (0.000,14)    (0.000,11)    (0.000,1)    (0.000,10)    (0.000,4)    (0.000,13)    (0.000,7)    (0.000,0)    (0.100,9)    (0.900,12)    (0.000,2)    (0.000,6)    
Total frac: 1.000
Par: 2, Rows: 1
(0.000,1)    (0.000,5)    (0.000,10)    (0.000,8)    (0.000,13)    (0.000,6)    (0.000,11)    (0.000,2)    (0.000,0)    (0.000,4)    (0.100,9)    (0.000,7)    (0.900,12)    (0.000,14)    
Total frac: 1.000
Par: 3, Rows: 1
(0.900,12)    (0.000,14)    (0.000,5)    (0.000,13)    (0.000,11)    (0.000,10)    (0.000,8)    (0.000,6)    (0.000,2)    (0.100,9)    (0.000,0)    (0.000,7)    (0.000,1)    (0.000,4)    
Total frac: 1.000

Sketch (14) (cm: eps0: 0.00625, del0: 0.05, min_mem: 1.69921875)
Par: 1, Rows: 1
(0.000,4)    (0.000,13)    (0.000,6)    (0.000,7)    (0.000,12)    (0.000,2)    (0.000,9)    (0.000,8)    (1.000,14)    (0.900,11)    (0.000,1)    (0.000,10)    
Total frac: 1.900
Par: 2, Rows: 1
(0.000,10)    (0.000,4)    (0.000,6)    (0.000,12)    (0.000,2)    (0.000,9)    (0.900,11)    (0.000,1)    (0.000,8)    (1.000,14)    (0.000,13)    (0.000,7)    
Total frac: 1.900
Par: 3, Rows: 1
(0.000,4)    (0.000,7)    (0.000,12)    (0.000,9)    (1.000,14)    (0.000,1)    (0.000,10)    (0.000,13)    (0.000,8)    (0.000,2)    (0.000,6)    (0.900,11)    
Total frac: 1.900

Sketch (15) (cm: eps0: 0.00625, del0: 0.05, min_mem: 1.69921875)
Par: 1, Rows: 1
(0.000,8)    (0.000,6)    (0.000,7)    (0.000,9)    (0.000,0)    (0.000,4)    (0.000,1)    (1.000,12)    (0.000,5)    (0.000,14)    (0.000,13)    (0.000,3)    (0.000,10)    (0.000,11)    
Total frac: 1.000
Par: 2, Rows: 1
(0.000,9)    (0.000,3)    (0.000,8)    (0.000,14)    (0.000,11)    (0.000,1)    (0.000,5)    (0.000,10)    (0.000,0)    (0.000,4)    (0.000,13)    (0.000,7)    (1.000,12)    (0.000,6)    
Total frac: 1.000
Par: 3, Rows: 1
(0.000,11)    (0.000,1)    (0.000,5)    (0.000,8)    (0.000,14)    (0.000,13)    (0.000,7)    (0.000,10)    (0.000,0)    (0.000,4)    (1.000,12)    (0.000,6)    (0.000,9)    (0.000,3)    
Total frac: 1.000

Sketch (16) (cm: eps0: 0.00625, del0: 0.05, min_mem: 1.69921875)
Par: 1, Rows: 1
(0.000,14)    (0.000,13)    (0.000,6)    (0.000,11)    (0.800,9)    (0.000,1)    (0.100,12)    (0.000,5)    (0.900,10)    (0.000,3)    (0.000,8)    (0.000,2)    (0.000,0)    
Total frac: 1.800
Par: 2, Rows: 1
(0.000,13)    (0.000,2)    (0.000,11)    (0.000,0)    (0.800,9)    (0.000,14)    (0.000,1)    (0.000,6)    (0.000,5)    (0.000,3)    (0.100,12)    (0.900,10)    (0.000,8)    
Total frac: 1.800
Par: 3, Rows: 1
(0.100,12)    (0.800,9)    (0.000,3)    (0.000,8)    (0.000,1)    (0.000,0)    (0.000,5)    (0.900,10)    (0.000,11)    (0.000,2)    (0.000,14)    (0.000,13)    (0.000,6)    
Total frac: 1.800

Sketch (17) (cm: eps0: 0.00625, del0: 0.05, min_mem: 1.69921875)
Par: 1, Rows: 1
(0.000,1)    (0.000,6)    (0.700,12)    (0.000,8)    (0.000,11)    (0.000,0)    (0.000,13)    (0.200,9)    (0.000,14)    (0.000,3)    
Total frac: 0.900
Par: 2, Rows: 1
(0.000,1)    (0.700,12)    (0.000,3)    (0.000,8)    (0.000,0)    (0.000,13)    (0.000,14)    (0.000,6)    (0.000,11)    (0.200,9)    
Total frac: 0.900
Par: 3, Rows: 1
(0.000,3)    (0.700,12)    (0.000,13)    (0.000,8)    (0.000,11)    (0.000,0)    (0.200,9)    (0.000,14)    (0.000,1)    (0.000,6)    
Total frac: 0.900

Sketch (18) (cm: eps0: 0.00625, del0: 0.05, min_mem: 1.69921875)
Par: 1, Rows: 1
(0.000,2)    (0.000,11)    (0.000,13)    (0.000,14)    (0.000,7)    (0.000,12)    (0.000,6)    (0.900,9)    (0.000,3)    (1.000,8)    (0.000,1)    (0.000,0)    (0.000,10)    (0.000,4)    
Total frac: 1.900
Par: 2, Rows: 1
(0.000,0)    (0.000,10)    (0.000,4)    (0.000,13)    (0.000,2)    (0.000,7)    (0.900,9)    (0.000,14)    (0.000,3)    (0.000,12)    (0.000,1)    (0.000,6)    (1.000,8)    (0.000,11)    
Total frac: 1.900
Par: 3, Rows: 1
(0.000,13)    (0.000,6)    (0.000,11)    (0.000,14)    (0.000,1)    (0.000,4)    (0.900,9)    (0.000,7)    (0.000,12)    (0.000,2)    (0.000,0)    (0.000,10)    (0.000,3)    (1.000,8)    
Total frac: 1.900

Sketch (19) (cm: eps0: 0.00625, del0: 0.05, min_mem: 1.69921875)
Par: 1, Rows: 1
(0.000,10)    (0.000,8)    (0.700,14)    (0.000,12)    (0.000,5)    (0.000,13)    (0.000,0)    
Total frac: 0.700
Par: 2, Rows: 1
(0.000,0)    (0.000,8)    (0.000,5)    (0.000,10)    (0.000,13)    (0.000,12)    (0.700,14)    
Total frac: 0.700
Par: 3, Rows: 1
(0.000,12)    (0.700,14)    (0.000,0)    (0.000,8)    (0.000,5)    (0.000,13)    (0.000,10)    
Total frac: 0.700

Sketch (20) (cm: eps0: 0.00625, del0: 0.05, min_mem: 1.69921875)
Par: 1, Rows: 1
(0.000,9)    (0.000,2)    (0.000,0)    (0.000,13)    (0.000,8)    (0.000,6)    (0.000,11)    (0.800,14)    (0.000,7)    (0.000,12)    
Total frac: 0.800
Par: 2, Rows: 1
(0.000,12)    (0.000,13)    (0.000,2)    (0.000,11)    (0.000,0)    (0.000,8)    (0.000,6)    (0.000,7)    (0.000,9)    (0.800,14)    
Total frac: 0.800
Par: 3, Rows: 1
(0.000,13)    (0.000,7)    (0.000,12)    (0.000,6)    (0.800,14)    (0.000,0)    (0.000,9)    (0.000,8)    (0.000,2)    (0.000,11)    
Total frac: 0.800

Sketch (21) (cm: eps0: 0.00625, del0: 0.05, min_mem: 1.69921875)
Par: 1, Rows: 1
(0.000,8)    (0.000,13)    (0.000,2)    (0.000,7)    (0.000,10)    (0.000,12)    (0.000,1)    (0.000,6)    (0.000,9)    (1.000,14)    (0.000,11)    (0.000,0)    (0.000,5)    
Total frac: 1.000
Par: 2, Rows: 1
(0.000,1)    (0.000,2)    (0.000,0)    (0.000,13)    (1.000,14)    (0.000,11)    (0.000,12)    (0.000,9)    (0.000,10)    (0.000,8)    (0.000,7)    (0.000,5)    (0.000,6)    
Total frac: 1.000
Par: 3, Rows: 1
(0.000,11)    (0.000,6)    (0.000,9)    (0.000,2)    (0.000,0)    (1.000,14)    (0.000,12)    (0.000,10)    (0.000,8)    (0.000,7)    (0.000,5)    (0.000,1)    (0.000,13)    
Total frac: 1.000

Sketch (22) (cm: eps0: 0.00625, del0: 0.05, min_mem: 1.69921875)
Par: 1, Rows: 1
(0.000,7)    (0.000,4)    (0.000,11)    (0.000,12)    (0.000,8)    (0.000,5)    (0.000,1)    (0.000,2)    (0.900,13)    (0.000,14)    (0.000,9)    (0.800,10)    
Total frac: 1.700
Par: 2, Rows: 1
(0.800,10)    (0.000,11)    (0.000,4)    (0.000,5)    (0.000,1)    (0.000,12)    (0.900,13)    (0.000,8)    (0.000,9)    (0.000,2)    (0.000,7)    (0.000,14)    
Total frac: 1.700
Par: 3, Rows: 1
(0.000,7)    (0.000,5)    (0.000,4)    (0.000,2)    (0.900,13)    (0.000,1)    (0.000,12)    (0.800,10)    (0.000,14)    (0.000,11)    (0.000,9)    (0.000,8)    
Total frac: 1.700

Sketch (23) (cm: eps0: 0.00625, del0: 0.05, min_mem: 1.69921875)
Par: 1, Rows: 1
(0.800,8)    (0.000,7)    (0.000,5)    (0.000,3)    (0.900,13)    (0.000,1)    (0.000,2)    (0.000,11)    (0.000,6)    (0.000,9)    (0.000,12)    (0.000,0)    (0.000,10)    (0.000,14)    
Total frac: 1.700
Par: 2, Rows: 1
(0.000,5)    (0.000,11)    (0.000,2)    (0.800,8)    (0.000,6)    (0.900,13)    (0.000,1)    (0.000,10)    (0.000,14)    (0.000,9)    (0.000,7)    (0.000,3)    (0.000,12)    (0.000,0)    
Total frac: 1.700
Par: 3, Rows: 1
(0.000,12)    (0.000,0)    (0.900,13)    (0.000,1)    (0.000,2)    (0.800,8)    (0.000,6)    (0.000,9)    (0.000,7)    (0.000,10)    (0.000,14)    (0.000,3)    (0.000,5)    (0.000,11)    
Total frac: 1.700

Sketch (24) (cm: eps0: 0.00625, del0: 0.05, min_mem: 1.69921875)
Par: 1, Rows: 1
(0.000,11)    (0.000,12)    (0.000,5)    (0.000,3)    (0.800,14)    (0.900,9)    (0.000,10)    (0.000,8)    (0.000,7)    (0.000,1)    (0.000,2)    (0.000,13)    
Total frac: 1.700
Par: 2, Rows: 1
(0.000,2)    (0.000,12)    (0.900,9)    (0.800,14)    (0.000,7)    (0.000,10)    (0.000,8)    (0.000,1)    (0.000,13)    (0.000,11)    (0.000,5)    (0.000,3)    
Total frac: 1.700
Par: 3, Rows: 1
(0.800,14)    (0.900,9)    (0.000,10)    (0.000,11)    (0.000,12)    (0.000,3)    (0.000,1)    (0.000,2)    (0.000,13)    (0.000,8)    (0.000,5)    (0.000,7)    
Total frac: 1.700

Sketch (25) (cm: eps0: 0.00625, del0: 0.05, min_mem: 1.69921875)
Par: 1, Rows: 1
(0.700,14)    (0.000,11)    (0.000,3)    (1.000,10)    (0.000,1)    (0.000,12)    (0.000,13)    (0.000,4)    (0.000,5)    (0.000,6)    (0.000,7)    (0.000,8)    (0.000,9)    
Total frac: 1.700
Par: 2, Rows: 1
(0.000,8)    (0.000,7)    (0.000,6)    (0.000,13)    (0.000,1)    (0.000,12)    (0.000,5)    (0.000,4)    (0.000,11)    (0.000,3)    (1.000,10)    (0.700,14)    (0.000,9)    
Total frac: 1.700
Par: 3, Rows: 1
(0.700,14)    (0.000,8)    (0.000,13)    (0.000,1)    (0.000,5)    (0.000,11)    (0.000,6)    (0.000,3)    (0.000,12)    (0.000,4)    (0.000,9)    (0.000,7)    (1.000,10)    
Total frac: 1.700

Sketch (26) (cm: eps0: 0.00625, del0: 0.05, min_mem: 1.69921875)
Par: 1, Rows: 1
(0.000,6)    (0.000,13)    (0.000,1)    (0.000,5)    (0.800,8)    (0.000,7)    (1.000,10)    (0.000,14)    (0.000,12)    (0.000,0)    (0.000,4)    (0.000,11)    
Total frac: 1.800
Par: 2, Rows: 1
(0.000,5)    (0.000,6)    (0.000,7)    (0.800,8)    (1.000,10)    (0.000,14)    (0.000,11)    (0.000,12)    (0.000,0)    (0.000,13)    (0.000,4)    (0.000,1)    
Total frac: 1.800
Par: 3, Rows: 1
(0.000,1)    (0.000,0)    (0.000,14)    (0.000,7)    (0.000,5)    (0.000,6)    (0.000,4)    (0.000,13)    (0.000,11)    (0.000,12)    (1.000,10)    (0.800,8)    
Total frac: 1.800

Sketch (27) (cm: eps0: 0.00625, del0: 0.05, min_mem: 1.69921875)
Par: 1, Rows: 1
(0.000,12)    (0.900,8)    (0.000,7)    (0.000,2)    (0.000,0)    (0.000,14)    (0.000,13)    (0.000,11)    (0.100,9)    
Total frac: 1.000
Par: 2, Rows: 1
(0.000,2)    (0.000,14)    (0.000,11)    (0.000,12)    (0.900,8)    (0.000,13)    (0.100,9)    (0.000,0)    (0.000,7)    
Total frac: 1.000
Par: 3, Rows: 1
(0.000,11)    (0.000,2)    (0.000,14)    (0.000,12)    (0.000,13)    (0.900,8)    (0.100,9)    (0.000,7)    (0.000,0)    
Total frac: 1.000

Sketch (28) (cm: eps0: 0.00625, del0: 0.05, min_mem: 1.69921875)
Par: 1, Rows: 1
(0.000,5)    (0.000,14)    (0.000,4)    (0.000,6)    (0.000,3)    (1.000,13)    (0.800,12)    (0.000,10)    (0.000,11)    (0.000,9)    (0.000,8)    (0.000,1)    (0.000,0)    
Total frac: 1.800
Par: 2, Rows: 1
(0.000,3)    (1.000,13)    (0.000,0)    (0.000,14)    (0.000,4)    (0.000,11)    (0.000,6)    (0.000,9)    (0.800,12)    (0.000,10)    (0.000,8)    (0.000,1)    (0.000,5)    
Total frac: 1.800
Par: 3, Rows: 1
(0.000,10)    (0.000,9)    (0.000,0)    (0.000,4)    (0.000,3)    (0.800,12)    (0.000,1)    (0.000,5)    (0.000,14)    (0.000,11)    (0.000,8)    (0.000,6)    (1.000,13)    
Total frac: 1.800

Sketch (29) (cm: eps0: 0.00625, del0: 0.05, min_mem: 1.69921875)
Par: 1, Rows: 1
(0.000,8)    (0.000,6)    (0.000,9)    (0.000,7)    (0.800,10)    (0.000,3)    (0.000,0)    (0.000,4)    (0.000,5)    (0.000,11)    (0.000,2)    (0.900,12)    (0.000,13)    (0.000,14)    
Total frac: 1.700
Par: 2, Rows: 1
(0.000,9)    (0.800,10)    (0.000,8)    (0.000,2)    (0.000,0)    (0.000,7)    (0.000,6)    (0.000,14)    (0.000,13)    (0.000,11)    (0.900,12)    (0.000,5)    (0.000,3)    (0.000,4)    
Total frac: 1.700
Par: 3, Rows: 1
(0.000,7)    (0.800,10)    (0.000,8)    (0.000,2)    (0.000,0)    (0.000,13)    (0.000,11)    (0.000,5)    (0.000,6)    (0.000,3)    (0.000,14)    (0.900,12)    (0.000,9)    (0.000,4)    
Total frac: 1.700

Sketch (30) (cm: eps0: 0.00625, del0: 0.05, min_mem: 1.69921875)
Par: 1, Rows: 1
(0.000,11)    (0.100,12)    (0.000,3)    (0.000,14)    (0.900,13)    (0.000,8)    (0.000,5)    (0.000,0)    (0.000,7)    (0.800,9)    (0.000,10)    (0.000,1)    (0.000,2)    
Total frac: 1.800
Par: 2, Rows: 1
(0.000,2)    (0.100,12)    (0.900,13)    (0.000,5)    (0.000,14)    (0.000,7)    (0.000,8)    (0.800,9)    (0.000,0)    (0.000,1)    (0.000,11)    (0.000,3)    (0.000,10)    
Total frac: 1.800
Par: 3, Rows: 1
(0.900,13)    (0.100,12)    (0.000,5)    (0.000,14)    (0.000,11)    (0.000,3)    (0.000,10)    (0.000,2)    (0.800,9)    (0.000,8)    (0.000,1)    (0.000,7)    (0.000,0)    
Total frac: 1.800

Sketch (31) (cm: eps0: 0.00625, del0: 0.05, min_mem: 1.69921875)
Par: 1, Rows: 1
(0.000,11)    (0.000,3)    (0.000,12)    (0.000,14)    (0.000,4)    (0.700,9)    (0.000,1)    (0.000,7)    (0.000,10)    (0.000,2)    (0.900,8)    (0.000,13)    (0.000,0)    
Total frac: 1.600
Par: 2, Rows: 1
(0.900,8)    (0.000,7)    (0.000,0)    (0.000,10)    (0.000,2)    (0.700,9)    (0.000,12)    (0.000,1)    (0.000,4)    (0.000,11)    (0.000,3)    (0.000,13)    (0.000,14)    
Total frac: 1.600
Par: 3, Rows: 1
(0.000,14)    (0.900,8)    (0.700,9)    (0.000,0)    (0.000,1)    (0.000,10)    (0.000,11)    (0.000,2)    (0.000,3)    (0.000,12)    (0.000,13)    (0.000,4)    (0.000,7)    
Total frac: 1.600

Sketch (32) (cm: eps0: 0.00625, del0: 0.05, min_mem: 1.69921875)
Par: 1, Rows: 1
(0.000,7)    (0.000,5)    (0.000,6)    (0.000,3)    (0.000,4)    (0.000,1)    (0.000,2)    (0.000,0)    (0.000,14)    (0.000,13)    (0.200,11)    (0.000,12)    (0.800,9)    (0.700,10)    (0.700,8)    
Total frac: 2.400
Par: 2, Rows: 1
(0.700,10)    (0.700,8)    (0.000,7)    (0.000,5)    (0.000,3)    (0.000,1)    (0.000,6)    (0.000,4)    (0.000,2)    (0.000,13)    (0.000,0)    (0.200,11)    (0.000,14)    (0.800,9)    (0.000,12)    
Total frac: 2.400
Par: 3, Rows: 1
(0.000,6)    (0.200,11)    (0.000,12)    (0.000,1)    (0.000,2)    (0.700,8)    (0.000,14)    (0.000,13)    (0.000,7)    (0.800,9)    (0.700,10)    (0.000,3)    (0.000,4)    (0.000,0)    (0.000,5)    
Total frac: 2.400

Sketch (33) (cm: eps0: 0.00625, del0: 0.05, min_mem: 1.69921875)
Par: 1, Rows: 1
(0.000,6)    (0.800,12)    (0.000,2)    (0.700,13)    (0.000,8)    (0.000,7)    (0.000,14)    (0.000,9)    (0.000,3)    (0.000,10)    (0.000,4)    (0.000,5)    (0.000,0)    (0.000,11)    (0.000,1)    
Total frac: 1.500
Par: 2, Rows: 1
(0.000,0)    (0.000,14)    (0.700,13)    (0.800,12)    (0.000,10)    (0.000,11)    (0.000,9)    (0.000,8)    (0.000,7)    (0.000,5)    (0.000,4)    (0.000,2)    (0.000,6)    (0.000,3)    (0.000,1)    
Total frac: 1.500
Par: 3, Rows: 1
(0.700,13)    (0.000,6)    (0.000,0)    (0.000,11)    (0.000,14)    (0.000,9)    (0.800,12)    (0.000,10)    (0.000,7)    (0.000,5)    (0.000,8)    (0.000,3)    (0.000,1)    (0.000,4)    (0.000,2)    
Total frac: 1.500

Sketch (34) (cm: eps0: 0.00625, del0: 0.05, min_mem: 1.69921875)
Par: 1, Rows: 1
(0.000,4)    (0.000,9)    (0.000,3)    (0.000,5)    (0.000,12)    (0.000,2)    (0.000,6)    (1.000,11)    (0.000,1)    (0.000,8)    (0.000,14)    (0.800,13)    (0.000,7)    (0.000,10)    
Total frac: 1.800
Par: 2, Rows: 1
(0.000,3)    (0.000,10)    (0.000,4)    (0.000,5)    (1.000,11)    (0.000,1)    (0.000,12)    (0.000,2)    (0.800,13)    (0.000,6)    (0.000,7)    (0.000,8)    (0.000,14)    (0.000,9)    
Total frac: 1.800
Par: 3, Rows: 1
(0.000,10)    (0.000,7)    (0.000,8)    (0.000,6)    (0.000,1)    (0.000,2)    (0.000,5)    (0.000,3)    (0.000,4)    (0.800,13)    (1.000,11)    (0.000,12)    (0.000,14)    (0.000,9)    
Total frac: 1.800

Sketch (35) (cm: eps0: 0.00625, del0: 0.05, min_mem: 1.69921875)
Par: 1, Rows: 1
(0.000,8)    (0.000,13)    (0.000,0)    (0.000,11)    (0.900,12)    (0.000,14)    (0.000,7)    
Total frac: 0.900
Par: 2, Rows: 1
(0.000,13)    (0.000,7)    (0.000,8)    (0.000,14)    (0.000,0)    (0.000,11)    (0.900,12)    
Total frac: 0.900
Par: 3, Rows: 1
(0.900,12)    (0.000,13)    (0.000,7)    (0.000,8)    (0.000,14)    (0.000,0)    (0.000,11)    
Total frac: 0.900

Sketch (36) (cm: eps0: 0.00625, del0: 0.05, min_mem: 1.69921875)
Par: 1, Rows: 1
(0.900,13)    (0.000,12)    (0.000,11)    (0.000,14)    (0.000,10)    (0.000,7)    (0.000,8)    (0.000,6)    (0.000,1)    (0.000,5)    (0.000,0)    (0.000,4)    
Total frac: 0.900
Par: 2, Rows: 1
(0.000,0)    (0.000,11)    (0.000,4)    (0.000,12)    (0.000,7)    (0.000,14)    (0.000,10)    (0.000,1)    (0.000,5)    (0.000,8)    (0.900,13)    (0.000,6)    
Total frac: 0.900
Par: 3, Rows: 1
(0.000,10)    (0.000,0)    (0.000,4)    (0.000,12)    (0.000,6)    (0.000,11)    (0.000,1)    (0.000,5)    (0.900,13)    (0.000,7)    (0.000,8)    (0.000,14)    
Total frac: 0.900

Sketch (37) (cm: eps0: 0.00625, del0: 0.05, min_mem: 1.69921875)
Par: 1, Rows: 1
(0.000,8)    (0.000,14)    (0.600,9)    (0.000,3)    (0.000,10)    (0.000,0)    (0.000,11)    (0.000,4)    (0.000,1)    (0.000,5)    (0.300,12)    (0.000,2)    (0.700,13)    (0.000,7)    
Total frac: 1.600
Par: 2, Rows: 1
(0.000,3)    (0.000,4)    (0.700,13)    (0.000,11)    (0.300,12)    (0.600,9)    (0.000,10)    (0.000,8)    (0.000,1)    (0.000,2)    (0.000,0)    (0.000,14)    (0.000,7)    (0.000,5)    
Total frac: 1.600
Par: 3, Rows: 1
(0.000,4)    (0.700,13)    (0.000,11)    (0.600,9)    (0.000,1)    (0.300,12)    (0.000,10)    (0.000,8)    (0.000,7)    (0.000,5)    (0.000,2)    (0.000,3)    (0.000,0)    (0.000,14)    
Total frac: 1.600

Sketch (38) (cm: eps0: 0.00625, del0: 0.05, min_mem: 1.69921875)
Par: 1, Rows: 1
(0.000,0)    (0.000,13)    (0.000,7)    (0.700,9)    (0.800,10)    (0.000,2)    (0.000,14)    (0.000,5)    (0.000,6)    (0.100,11)    (0.000,12)    (0.000,8)    
Total frac: 1.600
Par: 2, Rows: 1
(0.000,8)    (0.000,7)    (0.700,9)    (0.000,0)    (0.800,10)    (0.000,5)    (0.000,2)    (0.100,11)    (0.000,14)    (0.000,6)    (0.000,12)    (0.000,13)    
Total frac: 1.600
Par: 3, Rows: 1
(0.100,11)    (0.700,9)    (0.000,2)    (0.000,8)    (0.000,7)    (0.000,0)    (0.000,5)    (0.000,14)    (0.000,6)    (0.000,13)    (0.000,12)    (0.800,10)    
Total frac: 1.600

Sketch (39) (cm: eps0: 0.00625, del0: 0.05, min_mem: 1.69921875)
Par: 1, Rows: 1
(0.000,12)    (0.000,10)    (0.000,1)    (0.000,7)    (0.000,5)    (0.000,2)    (0.900,8)    (0.000,3)    (0.000,0)    (0.000,14)    (0.000,4)    (0.000,13)    (0.000,6)    (0.900,11)    (0.000,9)    
Total frac: 1.800
Par: 2, Rows: 1
(0.000,5)    (0.000,14)    (0.000,12)    (0.000,6)    (0.900,11)    (0.900,8)    (0.000,13)    (0.000,7)    (0.000,0)    (0.000,10)    (0.000,4)    (0.000,9)    (0.000,2)    (0.000,3)    (0.000,1)    
Total frac: 1.800
Par: 3, Rows: 1
(0.900,11)    (0.000,14)    (0.000,12)    (0.000,13)    (0.000,6)    (0.000,7)    (0.900,8)    (0.000,9)    (0.000,3)    (0.000,0)    (0.000,10)    (0.000,1)    (0.000,4)    (0.000,5)    (0.000,2)    
Total frac: 1.800

Sketch (40) (cm: eps0: 0.00625, del0: 0.05, min_mem: 1.69921875)
Par: 1, Rows: 1
(0.000,5)    (0.000,3)    (0.000,4)    (0.800,13)    (0.000,11)    (0.000,12)    (0.000,1)    (0.000,9)    (0.000,10)    (0.000,7)    (0.000,8)    (0.000,6)    (0.200,14)    
Total frac: 1.000
Par: 2, Rows: 1
(0.000,3)    (0.800,13)    (0.200,14)    (0.000,11)    (0.000,4)    (0.000,1)    (0.000,12)    (0.000,9)    (0.000,7)    (0.000,10)    (0.000,8)    (0.000,5)    (0.000,6)    
Total frac: 1.000
Par: 3, Rows: 1
(0.000,7)    (0.000,8)    (0.000,1)    (0.000,9)    (0.000,10)    (0.000,3)    (0.000,4)    (0.000,6)    (0.000,11)    (0.000,12)    (0.200,14)    (0.000,5)    (0.800,13)    
Total frac: 1.000

Sketch (41) (cm: eps0: 0.00625, del0: 0.05, min_mem: 1.69921875)
Par: 1, Rows: 1
(0.000,9)    (0.000,3)    (0.900,11)    (0.000,6)    (0.000,12)    (0.000,13)    (0.000,14)    (0.000,7)    
Total frac: 0.900
Par: 2, Rows: 1
(0.000,7)    (0.000,9)    (0.000,6)    (0.000,14)    (0.000,13)    (0.000,3)    (0.000,12)    (0.900,11)    
Total frac: 0.900
Par: 3, Rows: 1
(0.000,7)    (0.000,9)    (0.000,13)    (0.000,6)    (0.000,3)    (0.000,14)    (0.900,11)    (0.000,12)    
Total frac: 0.900

Sketch (42) (cm: eps0: 0.00625, del0: 0.05, min_mem: 1.69921875)
Par: 1, Rows: 1
(0.000,12)    (0.000,6)    (0.000,11)    (0.000,5)    (0.700,14)    (0.000,13)    (0.000,0)    (0.000,8)    (0.000,2)    (0.100,10)    (0.000,9)    
Total frac: 0.800
Par: 2, Rows: 1
(0.000,11)    (0.000,5)    (0.000,12)    (0.000,13)    (0.000,6)    (0.700,14)    (0.000,0)    (0.000,8)    (0.000,9)    (0.000,2)    (0.100,10)    
Total frac: 0.800
Par: 3, Rows: 1
(0.100,10)    (0.000,5)    (0.000,11)    (0.000,13)    (0.000,9)    (0.000,6)    (0.000,0)    (0.000,2)    (0.000,12)    (0.700,14)    (0.000,8)    
Total frac: 0.800

Sketch (43) (cm: eps0: 0.00625, del0: 0.05, min_mem: 1.69921875)
Par: 1, Rows: 1
(0.000,12)    (0.000,3)    (1.000,14)    (0.000,5)    (0.000,8)    (0.000,10)    (0.000,1)    (0.000,11)    (0.000,13)    (0.000,9)    (0.000,4)    (0.000,6)    (0.000,7)    (0.000,2)    
Total frac: 1.000
Par: 2, Rows: 1
(0.000,1)    (0.000,13)    (0.000,12)    (0.000,9)    (0.000,8)    (0.000,7)    (0.000,6)    (0.000,3)    (0.000,2)    (1.000,14)    (0.000,11)    (0.000,10)    (0.000,5)    (0.000,4)    
Total frac: 1.000
Par: 3, Rows: 1
(0.000,13)    (0.000,4)    (0.000,9)    (0.000,7)    (0.000,12)    (0.000,3)    (0.000,8)    (0.000,6)    (0.000,11)    (0.000,2)    (1.000,14)    (0.000,5)    (0.000,10)    (0.000,1)    
Total frac: 1.000

Sketch (44) (cm: eps0: 0.00625, del0: 0.05, min_mem: 1.69921875)
Par: 1, Rows: 1
(0.000,4)    (0.100,9)    (0.000,6)    (0.900,12)    (0.000,0)    (0.800,10)    (0.000,7)    (0.000,14)    (0.000,8)    (0.000,5)    (0.000,3)    (0.000,13)    (0.000,1)    (0.000,11)    
Total frac: 1.800
Par: 2, Rows: 1
(0.000,4)    (0.000,7)    (0.000,6)    (0.900,12)    (0.000,0)    (0.000,5)    (0.800,10)    (0.000,3)    (0.000,14)    (0.000,8)    (0.000,13)    (0.000,1)    (0.000,11)    (0.100,9)    
Total frac: 1.800
Par: 3, Rows: 1
(0.000,3)    (0.800,10)    (0.000,14)    (0.000,11)    (0.000,5)    (0.000,4)    (0.000,13)    (0.900,12)    (0.000,1)    (0.000,0)    (0.000,7)    (0.100,9)    (0.000,8)    (0.000,6)    
Total frac: 1.800

Sketch (45) (cm: eps0: 0.00625, del0: 0.05, min_mem: 1.69921875)
Par: 1, Rows: 1
(0.000,2)    (0.000,11)    (0.000,10)    (0.800,14)    (0.000,13)    (0.000,1)    (0.000,4)    (0.000,7)    (0.000,9)    (0.000,12)    (0.000,8)    
Total frac: 0.800
Par: 2, Rows: 1
(0.800,14)    (0.000,8)    (0.000,1)    (0.000,10)    (0.000,11)    (0.000,13)    (0.000,2)    (0.000,9)    (0.000,12)    (0.000,4)    (0.000,7)    
Total frac: 0.800
Par: 3, Rows: 1
(0.000,1)    (0.000,11)    (0.000,13)    (0.800,14)    (0.000,8)    (0.000,10)    (0.000,9)    (0.000,7)    (0.000,2)    (0.000,12)    (0.000,4)    
Total frac: 0.800

Sketch (46) (cm: eps0: 0.00625, del0: 0.05, min_mem: 1.69921875)
Par: 1, Rows: 1
(0.000,12)    (0.000,5)    (0.000,4)    (0.000,7)    (0.000,6)    (0.000,9)    (0.900,8)    (0.200,11)    (0.000,3)    (0.000,14)    (0.000,1)    (0.800,10)    (0.000,0)    (0.000,13)    
Total frac: 1.900
Par: 2, Rows: 1
(0.800,10)    (0.000,0)    (0.000,7)    (0.000,12)    (0.000,4)    (0.000,9)    (0.000,6)    (0.200,11)    (0.000,3)    (0.900,8)    (0.000,1)    (0.000,13)    (0.000,14)    (0.000,5)    
Total frac: 1.900
Par: 3, Rows: 1
(0.000,6)    (0.000,12)    (0.000,0)    (0.000,4)    (0.000,9)    (0.000,7)    (0.800,10)    (0.000,14)    (0.000,13)    (0.900,8)    (0.000,1)    (0.000,5)    (0.200,11)    (0.000,3)    
Total frac: 1.900

Sketch (47) (cm: eps0: 0.00625, del0: 0.05, min_mem: 1.69921875)
Par: 1, Rows: 1
(0.000,7)    (0.000,12)    (0.000,0)    (0.000,4)    (0.000,13)    (0.000,1)    (-0.000,5)    (0.000,11)    (1.000,10)    (0.000,14)    (0.000,8)    
Total frac: 1.000
Par: 2, Rows: 1
(0.000,8)    (0.000,11)    (1.000,10)    (0.000,14)    (0.000,13)    (0.000,12)    (0.000,1)    (0.000,0)    (-0.000,5)    (0.000,4)    (0.000,7)    
Total frac: 1.000
Par: 3, Rows: 1
(0.000,8)    (0.000,13)    (0.000,1)    (-0.000,5)    (1.000,10)    (0.000,7)    (0.000,14)    (0.000,12)    (0.000,0)    (0.000,4)    (0.000,11)    
Total frac: 1.000

Sketch (48) (cm: eps0: 0.00625, del0: 0.05, min_mem: 1.69921875)
Par: 1, Rows: 1
(0.000,0)    (0.000,11)    (0.600,13)    (0.100,14)    (0.000,12)    (0.000,1)    (0.000,8)    (0.300,10)    (0.000,7)    (0.000,5)    
Total frac: 1.000
Par: 2, Rows: 1
(0.000,0)    (0.100,14)    (0.000,1)    (0.000,7)    (0.000,12)    (0.000,5)    (0.000,8)    (0.300,10)    (0.000,11)    (0.600,13)    
Total frac: 1.000
Par: 3, Rows: 1
(0.000,7)    (0.000,1)    (0.000,0)    (0.000,11)    (0.300,10)    (0.000,5)    (0.600,13)    (0.000,12)    (0.100,14)    (0.000,8)    
Total frac: 1.000

Sketch (49) (cm: eps0: 0.00625, del0: 0.05, min_mem: 1.69921875)
Par: 1, Rows: 1
(0.000,3)    (0.000,14)    (0.686,8)    (0.000,1)    (0.000,6)    (0.314,11)    (0.000,5)    (0.000,0)    (0.686,10)    (0.000,13)    (0.000,4)    (0.314,9)    (0.000,7)    (0.000,2)    (0.000,12)    
Total frac: 2.000
Par: 2, Rows: 1
(0.686,10)    (0.000,7)    (0.000,1)    (0.686,8)    (0.000,5)    (0.000,3)    (0.000,2)    (0.000,13)    (0.000,0)    (0.314,11)    (0.000,4)    (0.000,14)    (0.314,9)    (0.000,6)    (0.000,12)    
Total frac: 2.000
Par: 3, Rows: 1
(0.000,7)    (0.000,1)    (0.000,6)    (0.000,12)    (0.000,5)    (0.686,10)    (0.000,3)    (0.686,8)    (0.000,13)    (0.314,11)    (0.000,2)    (0.314,9)    (0.000,0)    (0.000,4)    (0.000,14)    
Total frac: 2.000

Sketch (50) (cm: eps0: 0.00625, del0: 0.05, min_mem: 1.69921875)
Par: 1, Rows: 1
(0.000,5)    (0.800,13)    (0.000,12)    (0.000,7)    (0.000,14)    (0.900,9)    (0.000,8)    (0.000,3)    (0.000,10)    (0.000,1)    (0.000,0)    (0.000,11)    
Total frac: 1.700
Par: 2, Rows: 1
(0.000,0)    (0.800,13)    (0.000,7)    (0.900,9)    (0.000,12)    (0.000,3)    (0.000,14)    (0.000,8)    (0.000,1)    (0.000,11)    (0.000,5)    (0.000,10)    
Total frac: 1.700
Par: 3, Rows: 1
(0.000,3)    (0.000,5)    (0.000,14)    (0.900,9)    (0.000,12)    (0.000,1)    (0.000,7)    (0.000,8)    (0.000,10)    (0.000,0)    (0.000,11)    (0.800,13)    
Total frac: 1.700

Sketch (51) (cm: eps0: 0.00625, del0: 0.05, min_mem: 1.69921875)
Par: 1, Rows: 1
(0.000,2)    (0.200,9)    (0.000,1)    (0.000,7)    (0.000,14)    (0.800,12)    (0.000,11)    (0.000,13)    (0.000,8)    
Total frac: 1.000
Par: 2, Rows: 1
(0.000,14)    (0.200,9)    (0.000,8)    (0.000,1)    (0.000,11)    (0.000,2)    (0.000,13)    (0.800,12)    (0.000,7)    
Total frac: 1.000
Par: 3, Rows: 1
(0.000,1)    (0.000,11)    (0.000,14)    (0.000,8)    (0.000,13)    (0.000,7)    (0.000,2)    (0.800,12)    (0.200,9)    
Total frac: 1.000

Sketch (52) (cm: eps0: 0.00625, del0: 0.05, min_mem: 1.69921875)
Par: 1, Rows: 1
(0.000,7)    (0.000,1)    (0.100,10)    (0.000,2)    (0.000,13)    (0.900,8)    (0.000,0)    (0.900,11)    (0.000,3)    (0.000,6)    (0.000,12)    (0.000,4)    (0.000,14)    (0.000,9)    
Total frac: 1.900
Par: 2, Rows: 1
(0.000,4)    (0.000,14)    (0.000,13)    (0.900,11)    (0.100,10)    (0.000,3)    (0.000,2)    (0.900,8)    (0.000,0)    (0.000,9)    (0.000,7)    (0.000,1)    (0.000,6)    (0.000,12)    
Total frac: 1.900
Par: 3, Rows: 1
(0.100,10)    (0.000,2)    (0.000,13)    (0.000,12)    (0.000,4)    (0.000,7)    (0.000,6)    (0.000,14)    (0.000,9)    (0.900,8)    (0.000,1)    (0.000,0)    (0.900,11)    (0.000,3)    
Total frac: 1.900

Sketch (53) (cm: eps0: 0.00625, del0: 0.05, min_mem: 1.69921875)
Par: 1, Rows: 1
(0.000,7)    (0.000,2)    (1.000,12)    (0.000,9)    (0.000,1)    (0.000,11)    (0.000,3)    (0.000,14)    (0.000,8)    (0.000,13)    
Total frac: 1.000
Par: 2, Rows: 1
(0.000,11)    (0.000,13)    (0.000,9)    (0.000,2)    (0.000,14)    (0.000,7)    (1.000,12)    (0.000,3)    (0.000,8)    (0.000,1)    
Total frac: 1.000
Par: 3, Rows: 1
(0.000,9)    (0.000,7)    (0.000,2)    (0.000,3)    (0.000,14)    (0.000,1)    (1.000,12)    (0.000,8)    (0.000,11)    (0.000,13)    
Total frac: 1.000

Sketch (54) (cm: eps0: 0.00625, del0: 0.05, min_mem: 1.69921875)
Par: 1, Rows: 1
(0.800,14)    (0.000,11)    (0.000,5)    (0.000,4)    (0.000,10)    (0.000,1)    (0.000,0)    (0.000,7)    (0.000,13)    (0.000,12)    (-0.000,3)    (0.200,9)    (0.000,8)    
Total frac: 1.000
Par: 2, Rows: 1
(0.000,8)    (0.800,14)    (0.000,11)    (0.000,5)    (0.000,1)    (0.000,4)    (0.000,10)    (0.000,0)    (0.000,7)    (0.000,13)    (-0.000,3)    (0.200,9)    (0.000,12)    
Total frac: 1.000
Par: 3, Rows: 1
(0.000,5)    (0.000,10)    (-0.000,3)    (0.000,8)    (0.000,1)    (0.000,4)    (0.000,13)    (0.000,11)    (0.000,0)    (0.200,9)    (0.000,7)    (0.800,14)    (0.000,12)    
Total frac: 1.000

Sketch (55) (cm: eps0: 0.00625, del0: 0.05, min_mem: 1.69921875)
Par: 1, Rows: 1
(0.000,14)    (0.000,12)    (0.000,1)    (0.100,10)    (0.000,8)    (0.800,13)    (0.000,11)    (0.900,9)    (0.000,4)    (0.000,7)    (0.000,2)    (0.000,6)    (0.000,3)    
Total frac: 1.800
Par: 2, Rows: 1
(0.000,7)    (0.800,13)    (0.000,12)    (0.000,2)    (0.000,6)    (0.000,3)    (0.900,9)    (0.000,8)    (0.000,14)    (0.000,4)    (0.100,10)    (0.000,11)    (0.000,1)    
Total frac: 1.800
Par: 3, Rows: 1
(0.000,7)    (0.800,13)    (0.000,3)    (0.900,9)    (0.000,12)    (0.000,2)    (0.000,6)    (0.000,8)    (0.000,14)    (0.000,11)    (0.000,1)    (0.000,4)    (0.100,10)    
Total frac: 1.800

Sketch (56) (cm: eps0: 0.00625, del0: 0.05, min_mem: 1.69921875)
Par: 1, Rows: 1
(0.000,2)    (0.000,4)    (0.000,7)    (0.800,9)    (0.100,12)    (0.000,14)    (0.000,1)    (0.000,8)    (0.000,10)    (0.600,11)    (0.100,13)    (0.000,0)    
Total frac: 1.600
Par: 2, Rows: 1
(0.000,0)    (0.000,7)    (0.000,2)    (0.800,9)    (0.000,4)    (0.000,1)    (0.100,12)    (0.000,14)    (0.600,11)    (0.100,13)    (0.000,8)    (0.000,10)    
Total frac: 1.600
Par: 3, Rows: 1
(0.800,9)    (0.000,8)    (0.600,11)    (0.000,14)    (0.000,1)    (0.000,0)    (0.000,4)    (0.000,10)    (0.000,7)    (0.100,13)    (0.100,12)    (0.000,2)    
Total frac: 1.600

Sketch (57) (cm: eps0: 0.00625, del0: 0.05, min_mem: 1.69921875)
Par: 1, Rows: 1
(0.800,11)    (0.000,14)    (0.000,5)    (0.000,7)    (0.200,13)    (0.000,4)    (1.000,10)    (0.000,12)    (0.000,6)    (0.000,2)    (0.000,9)    
Total frac: 2.000
Par: 2, Rows: 1
(0.000,14)    (0.000,5)    (1.000,10)    (0.200,13)    (0.800,11)    (0.000,2)    (0.000,6)    (0.000,4)    (0.000,7)    (0.000,12)    (0.000,9)    
Total frac: 2.000
Par: 3, Rows: 1
(0.000,5)    (0.000,14)    (0.200,13)    (0.800,11)    (1.000,10)    (0.000,7)    (0.000,2)    (0.000,6)    (0.000,9)    (0.000,4)    (0.000,12)    
Total frac: 2.000

Sketch (58) (cm: eps0: 0.00625, del0: 0.05, min_mem: 1.69921875)
Par: 1, Rows: 1
(0.000,7)    (0.300,13)    (0.700,12)    (0.000,2)    (0.000,6)    (0.000,9)    (0.000,8)    (0.700,11)    (0.000,14)    (0.000,1)    (0.000,5)    (0.000,4)    (0.000,10)    
Total frac: 1.700
Par: 2, Rows: 1
(0.000,4)    (0.000,10)    (0.700,12)    (0.000,2)    (0.000,6)    (0.000,9)    (0.700,11)    (0.000,1)    (0.000,5)    (0.000,8)    (0.000,7)    (0.000,14)    (0.300,13)    
Total frac: 1.700
Par: 3, Rows: 1
(0.000,1)    (0.000,7)    (0.700,12)    (0.000,5)    (0.000,8)    (0.000,10)    (0.000,2)    (0.000,14)    (0.700,11)    (0.000,4)    (0.300,13)    (0.000,6)    (0.000,9)    
Total frac: 1.700

Sketch (59) (cm: eps0: 0.00625, del0: 0.05, min_mem: 1.69921875)
Par: 1, Rows: 1
(0.000,3)    (0.000,5)    (0.000,12)    (0.700,8)    (0.000,10)    (0.800,11)    (0.000,0)    (0.000,13)    (0.000,2)    (1.000,9)    (0.000,14)    (0.000,1)    (0.000,6)    (0.000,7)    
Total frac: 2.500
Par: 2, Rows: 1
(0.000,5)    (0.000,10)    (0.000,2)    (0.000,14)    (0.000,7)    (0.000,13)    (0.000,12)    (0.000,6)    (0.000,3)    (1.000,9)    (0.700,8)    (0.000,1)    (0.000,0)    (0.800,11)    
Total frac: 2.500
Par: 3, Rows: 1
(0.000,10)    (0.000,7)    (0.000,13)    (0.000,2)    (0.000,3)    (1.000,9)    (0.000,14)    (0.000,1)    (0.000,12)    (0.000,6)    (0.700,8)    (0.800,11)    (0.000,5)    (0.000,0)    
Total frac: 2.500

Sketch (60) (cm: eps0: 0.00625, del0: 0.05, min_mem: 1.69921875)
Par: 1, Rows: 1
(0.000,0)    (0.000,13)    (0.800,14)    (0.800,11)    (0.000,6)    (0.000,9)    (0.000,7)    (0.000,1)    (0.000,12)    (0.000,5)    (0.000,10)    (0.000,3)    (0.700,8)    (0.000,2)    
Total frac: 2.300
Par: 2, Rows: 1
(0.700,8)    (0.000,13)    (0.000,2)    (0.800,11)    (0.000,0)    (0.000,9)    (0.800,14)    (0.000,7)    (0.000,1)    (0.000,6)    (0.000,5)    (0.000,3)    (0.000,12)    (0.000,10)    
Total frac: 2.300
Par: 3, Rows: 1
(0.000,6)    (0.000,3)    (0.000,9)    (0.700,8)    (0.000,1)    (0.000,0)    (0.000,5)    (0.000,10)    (0.800,11)    (0.000,2)    (0.000,7)    (0.000,13)    (0.000,12)    (0.800,14)    
Total frac: 2.300

Sketch (61) (cm: eps0: 0.00625, del0: 0.05, min_mem: 1.69921875)
Par: 1, Rows: 1
(0.000,9)    (0.900,12)    (0.100,14)    (0.000,1)    (0.000,6)    (0.000,5)    (0.000,8)    (0.000,11)    (0.000,0)    (0.000,4)    (0.000,10)    (0.000,7)    (0.000,13)    (0.000,2)    
Total frac: 1.000
Par: 2, Rows: 1
(0.000,9)    (0.900,12)    (0.000,0)    (0.000,2)    (0.000,5)    (0.000,8)    (0.000,10)    (0.000,11)    (0.000,13)    (0.000,6)    (0.100,14)    (0.000,1)    (0.000,4)    (0.000,7)    
Total frac: 1.000
Par: 3, Rows: 1
(0.000,4)    (0.900,12)    (0.000,5)    (0.000,11)    (0.000,0)    (0.000,13)    (0.000,2)    (0.000,8)    (0.000,10)    (0.000,1)    (0.000,6)    (0.000,7)    (0.000,9)    (0.100,14)    
Total frac: 1.000

Sketch (62) (cm: eps0: 0.00625, del0: 0.05, min_mem: 1.69921875)
Par: 1, Rows: 1
(0.000,5)    (0.000,4)    (0.000,10)    (0.000,13)    (0.000,12)    (0.800,14)    (0.000,1)    (0.000,3)    (0.000,9)    (0.000,8)    
Total frac: 0.800
Par: 2, Rows: 1
(0.000,5)    (0.000,13)    (0.000,4)    (0.000,10)    (0.000,1)    (0.000,12)    (0.000,3)    (0.000,9)    (0.800,14)    (0.000,8)    
Total frac: 0.800
Par: 3, Rows: 1
(0.000,13)    (0.000,8)    (0.000,4)    (0.800,14)    (0.000,1)    (0.000,12)    (0.000,9)    (0.000,5)    (0.000,10)    (0.000,3)    
Total frac: 0.800

Sketch (63) (cm: eps0: 0.00625, del0: 0.05, min_mem: 1.69921875)
Par: 1, Rows: 1
(0.000,0)    (0.000,10)    (0.000,8)    (0.000,9)    (-0.000,4)    (1.000,14)    (0.000,12)    (0.000,5)    (0.000,13)    (-0.000,2)    
Total frac: 1.000
Par: 2, Rows: 1
(1.000,14)    (0.000,0)    (0.000,9)    (0.000,8)    (-0.000,2)    (0.000,5)    (-0.000,4)    (0.000,10)    (0.000,13)    (0.000,12)    
Total frac: 1.000
Par: 3, Rows: 1
(0.000,9)    (1.000,14)    (0.000,0)    (0.000,5)    (0.000,8)    (0.000,13)    (-0.000,2)    (-0.000,4)    (0.000,10)    (0.000,12)    
Total frac: 1.000

Device (0) CPU1:
cores_sketch: 0.0, cores_dpdk: 6.999999999999973
Rows total: 0
Mem total: 0.0
Throughput: 97.99999999999999

Device (1) CPU2:
cores_sketch: 0.0, cores_dpdk: 6.999999999999973
Rows total: 0
Mem total: 0.0
Throughput: 97.99999999999999

Device (2) CPU3:
cores_sketch: 0.0, cores_dpdk: 6.999999999999973
Rows total: 0
Mem total: 0.0
Throughput: 97.99999999999999

Device (3) CPU4:
cores_sketch: 0.0, cores_dpdk: 6.999999999999973
Rows total: 0
Mem total: 0.0
Throughput: 97.99999999999999

Device (4) CPU5:
cores_sketch: 0.0, cores_dpdk: 6.999999999999973
Rows total: 0
Mem total: 0.0
Throughput: 97.99999999999999

Device (5) CPU6:
cores_sketch: 0.0, cores_dpdk: 6.999999999999973
Rows total: 0
Mem total: 0.0
Throughput: 97.99999999999999

Device (6) CPU7:
cores_sketch: 0.0, cores_dpdk: 6.999999999999973
Rows total: 0
Mem total: 0.0
Throughput: 97.99999999999999

Device (7) CPU8:
cores_sketch: 0.0, cores_dpdk: 6.999999999999973
Rows total: 0
Mem total: 0.0
Throughput: 97.99999999999999

Device (8) tor_P41:
Rows total: 40.15713663517425
Mem total: 68.23575951679999
Throughput: 148.0

Device (9) tor_P42:
Rows total: 40.15713663517425
Mem total: 68.23575951679999
Throughput: 148.0

Device (10) tor_P43:
Rows total: 40.15713663517425
Mem total: 68.23575951679999
Throughput: 148.0

Device (11) tor_P44:
Rows total: 40.15713663517425
Mem total: 68.23575951679999
Throughput: 148.0

Device (12) l1_P41:
Rows total: 40.15713663517425
Mem total: 68.23575951679999
Throughput: 148.0

Device (13) l1_P42:
Rows total: 40.15713663517425
Mem total: 68.23575951679999
Throughput: 148.0

Device (14) l2_P4:
Rows total: 40.15713663517425
Mem total: 68.23575951679999
Throughput: 148.0
--------------------------------------------------
Function: MIP.solve took 0.5099015235900879 seconds
Function: solve took 0.5144786834716797 seconds
