Function: get_partitions took 3.0517578125e-05 seconds
Function: map_flows_partitions took 5.245208740234375e-06 seconds
Building model with:
3 devices, 10 partitions and 1 flows
Using license file /home/anup/gurobi.lic
Academic license - for non-commercial use only
Function: MIP.add_frac_mem_var took 0.0003650188446044922 seconds
Function: MIP.add_coverage_constraints took 0.00035262107849121094 seconds
Function: MIP.add_accuracy_constraints took 0.0006284713745117188 seconds
Function: MIP.add_capacity_constraints took 0.0006153583526611328 seconds
Changed value of parameter TimeLimit to 120.0
   Prev: inf  Min: 0.0  Max: inf  Default: inf
Changed value of parameter NonConvex to 2
   Prev: -1  Min: -1  Max: 2  Default: -1
Parameter NonConvex unchanged
   Value: 2  Min: -1  Max: 2  Default: -1
--------------------------------------------------
Starting model update
Model update took: 5.0067901611328125e-05 s
--------------------------------------------------
Starting model optimize
Gurobi Optimizer version 9.0.0 build v9.0.0rc2 (linux64)
Optimize a model with 56 rows, 89 columns and 184 nonzeros
Model fingerprint: 0x48071008
Model has 6 quadratic constraints
Model has 5 general constraints
Variable types: 85 continuous, 4 integer (0 binary)
Coefficient statistics:
  Matrix range     [1e-04, 3e+03]
  QMatrix range    [1e+00, 1e+00]
  QLMatrix range   [1e+00, 1e+00]
  Objective range  [1e+00, 1e+00]
  Bounds range     [1e+00, 3e+04]
  RHS range        [1e+00, 2e+01]

---------------------------------------------------------------------------
Multi-objectives: starting optimization with 2 objectives ... 
---------------------------------------------------------------------------

Multi-objectives: applying initial presolve ...
---------------------------------------------------------------------------

Presolve removed 22 rows and 12 columns
Presolve time: 0.00s
Presolved: 58 rows and 78 columns
---------------------------------------------------------------------------

Multi-objectives: optimize objective 1 (ns) ...
---------------------------------------------------------------------------

Presolve removed 7 rows and 16 columns
Presolve time: 0.00s
Presolved: 75 rows, 63 columns, 216 nonzeros
Presolved model has 6 SOS constraint(s)
Presolved model has 6 bilinear constraint(s)
Variable types: 43 continuous, 20 integer (16 binary)

Root relaxation: objective 1.020408e+01, 29 iterations, 0.00 seconds

    Nodes    |    Current Node    |     Objective Bounds      |     Work
 Expl Unexpl |  Obj  Depth IntInf | Incumbent    BestBd   Gap | It/Node Time

     0     0   10.20408    0    6          -   10.20408      -     -    0s
     0     0   10.20408    0    4          -   10.20408      -     -    0s
     0     0   10.20408    0    3          -   10.20408      -     -    0s
     0     0   10.20408    0    3          -   10.20408      -     -    0s
     0     2   10.26655    0    3          -   10.26655      -     -    0s
*   80   128              18      12.5000000   10.26655  17.9%   3.4    0s
*  104   128              18      11.8645964   10.26655  13.5%   3.0    0s
*  185   132              15      11.4285714   10.26655  10.2%   3.1    0s

Cutting planes:
  Gomory: 1
  Implied bound: 3
  Flow cover: 3
  RLT: 4
  Relax-and-lift: 2

Explored 540 nodes (1574 simplex iterations) in 0.04 seconds
Thread count was 8 (of 8 available processors)

Solution count 3: 11.4286 11.8646 12.5 

Optimal solution found (tolerance 1.00e-04)
Best objective 1.142857142857e+01, best bound 1.142857142857e+01, gap 0.0000%
---------------------------------------------------------------------------

Multi-objectives: optimize objective 2 (res) ...
---------------------------------------------------------------------------


Loaded user MIP start with objective 154.966

Presolve removed 9 rows and 18 columns
Presolve time: 0.00s
Presolved: 74 rows, 60 columns, 227 nonzeros
Presolved model has 6 bilinear constraint(s)
Variable types: 43 continuous, 17 integer (13 binary)

Root relaxation: objective 1.122038e+02, 43 iterations, 0.00 seconds

    Nodes    |    Current Node    |     Objective Bounds      |     Work
 Expl Unexpl |  Obj  Depth IntInf | Incumbent    BestBd   Gap | It/Node Time

     0     0  112.20378    0   10  154.96646  112.20378  27.6%     -    0s
     0     0  116.96743    0    6  154.96646  116.96743  24.5%     -    0s
     0     0  122.34398    0    6  154.96646  122.34398  21.1%     -    0s
     0     0  122.44785    0    6  154.96646  122.44785  21.0%     -    0s
     0     0  122.59142    0    6  154.96646  122.59142  20.9%     -    0s
H    0     0                     142.8343184  122.59142  14.2%     -    0s
     0     0  122.61415    0    6  142.83432  122.61415  14.2%     -    0s
H    0     0                     142.7849211  122.61415  14.1%     -    0s
     0     0  122.61415    0    6  142.78492  122.61415  14.1%     -    0s
     0     2  122.61415    0    6  142.78492  122.61415  14.1%     -    0s
*   38    19               8     135.2620748  131.70509  2.63%   3.1    0s
*   45    18               8     135.2539863  132.24731  2.22%   2.8    0s
*   61    20              12     132.8481971  132.24731  0.45%   2.7    0s
*   62    20              12     132.8471647  132.24731  0.45%   2.7    0s
*   74    18              15     132.8425668  132.64755  0.15%   2.6    0s
*   76    18              16     132.8423751  132.64755  0.15%   2.5    0s
*   85     2              15     132.8423492  132.64755  0.15%   2.4    0s
*   89     2              16     132.8423468  132.84029  0.00%   2.3    0s

Cutting planes:
  Gomory: 1
  Implied bound: 1
  MIR: 2
  Flow cover: 1
  RLT: 13
  Relax-and-lift: 2

Explored 101 nodes (332 simplex iterations) in 0.07 seconds
Thread count was 8 (of 8 available processors)

Solution count 10: 132.842 132.842 132.842 ... 142.834

Optimal solution found (tolerance 1.00e-04)
Best objective 1.328423467681e+02, best bound 1.328423467681e+02, gap 0.0000%

---------------------------------------------------------------------------
Multi-objectives: solved in 0.07 seconds, solution count 10

Model optimize took: 0.06909871101379395 seconds
--------------------------------------------------

Solution quality statistics for model Netmon :
  Maximum violation:
    Bound       : 0.00000000e+00
    Constraint  : 6.81835225e-07
    Integrality : 1.71418435e-13 (cores_sketch_CPU_1)

Throughput: 87.49124322019418 Mpps, ns per packet: 11.429715285714288
Resources: 132.84234676812332
Used Cores: 13.00000000000017, Total CPUS: 2, Switch Memory: 0.8664743605680433

Sketch (0) (cm: eps0: 0.03125, del0: 0.05, min_mem: 0.33984375)
Par: 1, Rows: 1
(0.227,0)    (0.773,1)    (0.000,2)    
Total frac: 1.000
Par: 2, Rows: 1
(0.000,2)    (0.773,1)    (0.227,0)    
Total frac: 1.000
Par: 3, Rows: 1
(0.773,1)    (0.000,2)    (0.227,0)    
Total frac: 1.000

Sketch (1) (cm: eps0: 3.125e-06, del0: 0.05, min_mem: 3397.85546875)
Par: 1, Rows: 1
(0.000,1)    (0.580,0)    (0.420,2)    
Total frac: 1.000
Par: 2, Rows: 1
(0.420,2)    (0.580,0)    (0.000,1)    
Total frac: 1.000
Par: 3, Rows: 1
(0.420,2)    (0.000,1)    (0.580,0)    
Total frac: 1.000

Sketch (2) (cm: eps0: 0.625, del0: 0.025, min_mem: 0.01953125)
Par: 1, Rows: 1
(1.000,1)    (0.000,2)    (0.000,0)    
Total frac: 1.000
Par: 2, Rows: 1
(0.000,0)    (0.000,2)    (1.000,1)    
Total frac: 1.000
Par: 3, Rows: 1
(0.000,2)    (0.000,0)    (1.000,1)    
Total frac: 1.000
Par: 4, Rows: 1
(0.000,2)    (1.000,1)    (0.000,0)    
Total frac: 1.000

Device (0) CPU_1:
cores_sketch: 2.0000000000001714, cores_dpdk: 5.0
Rows total: 2.4193476545573795
Mem total: 5909.401878616584
Throughput: 87.49124322019418

Device (1) P4_1:
Rows total: 6.319740647188725
Mem total: 0.8664743605680433
Throughput: 148.0

Device (2) CPU_2:
cores_sketch: 1.0, cores_dpdk: 5.0
Rows total: 1.260911698253895
Mem total: 4284.395709522847
Throughput: 87.49124322019418
--------------------------------------------------
Function: MIP.solve took 0.07954049110412598 seconds
Function: solve took 0.07988095283508301 seconds
