Function: get_partitions took 3.123283386230469e-05 seconds
Function: map_flows_partitions took 2.002716064453125e-05 seconds
Building model with:
3 devices, 10 partitions and 1 flows
Using license file /home/anup/gurobi.lic
Academic license - for non-commercial use only
Function: MIP.add_frac_mem_var took 0.00043892860412597656 seconds
Function: MIP.add_coverage_constraints took 0.00031113624572753906 seconds
Function: MIP.add_accuracy_constraints took 0.0005970001220703125 seconds
Function: MIP.add_capacity_constraints took 0.0005578994750976562 seconds
Changed value of parameter TimeLimit to 120.0
   Prev: inf  Min: 0.0  Max: inf  Default: inf
--------------------------------------------------
Starting model update
Model update took: 0.00016832351684570312 s
--------------------------------------------------
Starting model optimize
Gurobi Optimizer version 9.0.0 build v9.0.0rc2 (linux64)
Optimize a model with 48 rows, 72 columns and 164 nonzeros
Model fingerprint: 0xf1604124
Model has 4 general constraints
Variable types: 72 continuous, 0 integer (0 binary)
Coefficient statistics:
  Matrix range     [2e-02, 3e+03]
  Objective range  [1e+00, 1e+00]
  Bounds range     [1e+00, 3e+04]
  RHS range        [1e+00, 1e+00]

---------------------------------------------------------------------------
Multi-objectives: starting optimization with 8 objectives ... 
---------------------------------------------------------------------------

Multi-objectives: applying initial presolve ...
---------------------------------------------------------------------------

Presolve removed 29 rows and 31 columns
Presolve time: 0.00s
Presolved: 19 rows and 41 columns
---------------------------------------------------------------------------

Multi-objectives: optimize objective 1 (tot_rows_CPU) ...
---------------------------------------------------------------------------

Presolve removed 10 rows and 25 columns
Presolve time: 0.00s
Presolved: 9 rows, 16 columns, 34 nonzeros
Presolved model has 2 SOS constraint(s)
Variable types: 13 continuous, 3 integer (3 binary)
Found heuristic solution: objective 2.8308044

Root relaxation: cutoff, 7 iterations, 0.00 seconds

    Nodes    |    Current Node    |     Objective Bounds      |     Work
 Expl Unexpl |  Obj  Depth IntInf | Incumbent    BestBd   Gap | It/Node Time

     0     0     cutoff    0         2.83080    2.83080  0.00%     -    0s

Explored 0 nodes (7 simplex iterations) in 0.00 seconds
Thread count was 8 (of 8 available processors)

Solution count 1: 2.8308 

Optimal solution found (tolerance 1.00e-04)
Best objective 2.830804356148e+00, best bound 2.830804356148e+00, gap 0.0000%
---------------------------------------------------------------------------

Multi-objectives: optimize objective 2 (CPU_rows_load) ...
---------------------------------------------------------------------------


Loaded user MIP start with objective 2.8308

Presolve removed 10 rows and 25 columns
Presolve time: 0.00s
Presolved: 10 rows, 16 columns, 39 nonzeros
Presolved model has 2 SOS constraint(s)
Variable types: 13 continuous, 3 integer (3 binary)

Root relaxation: objective 1.415402e+00, 6 iterations, 0.00 seconds

    Nodes    |    Current Node    |     Objective Bounds      |     Work
 Expl Unexpl |  Obj  Depth IntInf | Incumbent    BestBd   Gap | It/Node Time

*    0     0               0       1.4154022    1.41540  0.00%     -    0s

Explored 0 nodes (6 simplex iterations) in 0.00 seconds
Thread count was 8 (of 8 available processors)

Solution count 2: 1.4154 2.8308 

Optimal solution found (tolerance 1.00e-04)
Best objective 1.415402178074e+00, best bound 1.415402178074e+00, gap 0.0000%
---------------------------------------------------------------------------

Multi-objectives: optimize objective 3 (tot_rows_P4) ...
---------------------------------------------------------------------------


Loaded user MIP start with objective 7.1692

Presolve removed 10 rows and 25 columns
Presolve time: 0.00s
Presolved: 11 rows, 16 columns, 43 nonzeros
Presolved model has 2 SOS constraint(s)
Variable types: 13 continuous, 3 integer (3 binary)

Root relaxation: objective 7.168911e+00, 10 iterations, 0.00 seconds

    Nodes    |    Current Node    |     Objective Bounds      |     Work
 Expl Unexpl |  Obj  Depth IntInf | Incumbent    BestBd   Gap | It/Node Time

*    0     0               0       7.1689106    7.16891  0.00%     -    0s

Explored 0 nodes (10 simplex iterations) in 0.00 seconds
Thread count was 8 (of 8 available processors)

Solution count 2: 7.16891 7.1692 

Optimal solution found (tolerance 1.00e-04)
Best objective 7.168910563416e+00, best bound 7.168910563416e+00, gap 0.0000%
---------------------------------------------------------------------------

Multi-objectives: optimize objective 4 (P4_rows_load) ...
---------------------------------------------------------------------------


Loaded user MIP start with objective 7.16891

Presolve removed 11 rows and 25 columns
Presolve time: 0.00s
Presolved: 11 rows, 16 columns, 43 nonzeros
Presolved model has 2 SOS constraint(s)
Variable types: 13 continuous, 3 integer (3 binary)

Root relaxation: cutoff, 6 iterations, 0.00 seconds

    Nodes    |    Current Node    |     Objective Bounds      |     Work
 Expl Unexpl |  Obj  Depth IntInf | Incumbent    BestBd   Gap | It/Node Time

     0     0     cutoff    0         7.16891    7.16891  0.00%     -    0s

Explored 0 nodes (6 simplex iterations) in 0.01 seconds
Thread count was 8 (of 8 available processors)

Solution count 1: 7.16891 

Optimal solution found (tolerance 1.00e-04)
Best objective 7.168910563416e+00, best bound 7.168910563416e+00, gap 0.0000%
---------------------------------------------------------------------------

Multi-objectives: optimize objective 5 (tot_mem_CPU) ...
---------------------------------------------------------------------------


Loaded user MIP start with objective 9618.66

Presolve removed 12 rows and 25 columns
Presolve time: 0.00s
Presolved: 11 rows, 16 columns, 43 nonzeros
Presolved model has 2 SOS constraint(s)
Variable types: 13 continuous, 3 integer (3 binary)

Root relaxation: cutoff, 3 iterations, 0.00 seconds

    Nodes    |    Current Node    |     Objective Bounds      |     Work
 Expl Unexpl |  Obj  Depth IntInf | Incumbent    BestBd   Gap | It/Node Time

     0     0     cutoff    0      9618.66406 9618.66406  0.00%     -    0s

Explored 0 nodes (3 simplex iterations) in 0.01 seconds
Thread count was 8 (of 8 available processors)

Solution count 1: 9618.66 

Optimal solution found (tolerance 1.00e-04)
Best objective 9.618664062500e+03, best bound 9.618664062500e+03, gap 0.0000%
---------------------------------------------------------------------------

Multi-objectives: optimize objective 6 (CPU_load_mem) ...
---------------------------------------------------------------------------


Loaded user MIP start with objective 4809.82

Presolve removed 12 rows and 25 columns
Presolve time: 0.00s
Presolved: 12 rows, 16 columns, 48 nonzeros
Presolved model has 2 SOS constraint(s)
Variable types: 13 continuous, 3 integer (3 binary)

Root relaxation: objective 4.809332e+03, 10 iterations, 0.00 seconds

    Nodes    |    Current Node    |     Objective Bounds      |     Work
 Expl Unexpl |  Obj  Depth IntInf | Incumbent    BestBd   Gap | It/Node Time

*    0     0               0    4809.3320312 4809.33203  0.00%     -    0s

Explored 0 nodes (10 simplex iterations) in 0.01 seconds
Thread count was 8 (of 8 available processors)

Solution count 2: 4809.33 4809.82 

Optimal solution found (tolerance 1.00e-04)
Best objective 4.809332031250e+03, best bound 4.809332031250e+03, gap 0.0000%
---------------------------------------------------------------------------

Multi-objectives: optimize objective 7 (tot_mem_P4) ...
---------------------------------------------------------------------------


Loaded user MIP start with objective 576

Presolve removed 12 rows and 24 columns
Presolve time: 0.00s
Presolved: 13 rows, 17 columns, 53 nonzeros
Presolved model has 2 SOS constraint(s)
Variable types: 14 continuous, 3 integer (3 binary)

Root relaxation: objective 5.750381e+02, 10 iterations, 0.00 seconds

    Nodes    |    Current Node    |     Objective Bounds      |     Work
 Expl Unexpl |  Obj  Depth IntInf | Incumbent    BestBd   Gap | It/Node Time

*    0     0               0     575.0381316  575.03813  0.00%     -    0s

Explored 0 nodes (10 simplex iterations) in 0.01 seconds
Thread count was 8 (of 8 available processors)

Solution count 2: 575.038 576 

Optimal solution found (tolerance 1.00e-04)
Warning: max constraint violation (1.0000e-06) exceeds tolerance
Best objective 5.750381315938e+02, best bound 5.750381315938e+02, gap 0.0000%
---------------------------------------------------------------------------

Multi-objectives: optimize objective 8 (P4_load_mem) ...
---------------------------------------------------------------------------


Loaded user MIP start with objective 575.038

Presolve removed 13 rows and 24 columns
Presolve time: 0.00s
Presolved: 13 rows, 17 columns, 53 nonzeros
Presolved model has 2 SOS constraint(s)
Variable types: 14 continuous, 3 integer (3 binary)

Root relaxation: cutoff, 6 iterations, 0.00 seconds

    Nodes    |    Current Node    |     Objective Bounds      |     Work
 Expl Unexpl |  Obj  Depth IntInf | Incumbent    BestBd   Gap | It/Node Time

     0     0     cutoff    0       575.03813  575.03813  0.00%     -    0s

Explored 0 nodes (6 simplex iterations) in 0.01 seconds
Thread count was 8 (of 8 available processors)

Solution count 1: 575.038 

Optimal solution found (tolerance 1.00e-04)
Warning: max constraint violation (1.0000e-06) exceeds tolerance
Best objective 5.750381315938e+02, best bound 5.750381315938e+02, gap 0.0000%

---------------------------------------------------------------------------
Multi-objectives: solved in 0.01 seconds, solution count 5

Model optimize took: 0.010149002075195312 seconds
--------------------------------------------------

Solution quality statistics for model UnivmonGreedyRows :
  Maximum violation:
    Bound       : 0.00000000e+00
    Constraint  : 9.09494702e-13 (mem_tot_CPU_1)
    Integrality : 0.00000000e+00

Sketch (0) (cm: eps0: 0.03125, del0: 0.05, min_mem: 0.33984375)
Par: 1, Rows: 1
(0.000,0)    (1.000,1)    (0.000,2)    
Total frac: 1.000
Par: 2, Rows: 1
(0.000,2)    (1.000,1)    (0.000,0)    
Total frac: 1.000
Par: 3, Rows: 1
(1.000,1)    (0.000,2)    (0.000,0)    
Total frac: 1.000

Sketch (1) (cm: eps0: 3.125e-06, del0: 0.05, min_mem: 3397.85546875)
Par: 1, Rows: 1
(0.056,1)    (0.472,0)    (0.472,2)    
Total frac: 1.000
Par: 2, Rows: 1
(0.472,2)    (0.472,0)    (0.056,1)    
Total frac: 1.000
Par: 3, Rows: 1
(0.472,2)    (0.056,1)    (0.472,0)    
Total frac: 1.000

Sketch (2) (cm: eps0: 0.625, del0: 0.025, min_mem: 0.01953125)
Par: 1, Rows: 1
(1.000,1)    (0.000,2)    (0.000,0)    
Total frac: 1.000
Par: 2, Rows: 1
(0.000,0)    (0.000,2)    (1.000,1)    
Total frac: 1.000
Par: 3, Rows: 1
(0.000,2)    (0.000,0)    (1.000,1)    
Total frac: 1.000
Par: 4, Rows: 1
(0.000,2)    (1.000,1)    (0.000,0)    
Total frac: 1.000

Device (0) CPU_1:
Rows total: 1.4155447182919831
Mem total: 4809.812965453125

Device (1) P4_1:
Rows total: 7.168911563121731
Mem total: 575.0381315937508

Device (2) CPU_2:
Rows total: 1.4155437185862867
Mem total: 4809.812965453125
--------------------------------------------------
Changed value of parameter NonConvex to 2
   Prev: -1  Min: -1  Max: 2  Default: -1
Changed value of parameter NonConvex to 2
   Prev: -1  Min: -1  Max: 2  Default: -1

Throughput: 87.49999999999999 Mpps, ns per packet: 11.42857142857143
Resources: 154.946459709169
Used Cores: 13.999999999999993, Total CPUS: 2, Switch Memory: 575.0381315937508

Sketch (0) (cm: eps0: 0.03125, del0: 0.05, min_mem: 0.33984375)
Par: 1, Rows: 1
(0.000,0)    (1.000,1)    (0.000,2)    
Total frac: 1.000
Par: 2, Rows: 1
(0.000,2)    (1.000,1)    (0.000,0)    
Total frac: 1.000
Par: 3, Rows: 1
(1.000,1)    (0.000,2)    (0.000,0)    
Total frac: 1.000

Sketch (1) (cm: eps0: 3.125e-06, del0: 0.05, min_mem: 3397.85546875)
Par: 1, Rows: 1
(0.056,1)    (0.472,0)    (0.472,2)    
Total frac: 1.000
Par: 2, Rows: 1
(0.472,2)    (0.472,0)    (0.056,1)    
Total frac: 1.000
Par: 3, Rows: 1
(0.472,2)    (0.056,1)    (0.472,0)    
Total frac: 1.000

Sketch (2) (cm: eps0: 0.625, del0: 0.025, min_mem: 0.01953125)
Par: 1, Rows: 1
(1.000,1)    (0.000,2)    (0.000,0)    
Total frac: 1.000
Par: 2, Rows: 1
(0.000,0)    (0.000,2)    (1.000,1)    
Total frac: 1.000
Par: 3, Rows: 1
(0.000,2)    (0.000,0)    (1.000,1)    
Total frac: 1.000
Par: 4, Rows: 1
(0.000,2)    (1.000,1)    (0.000,0)    
Total frac: 1.000

Device (0) CPU_1:
cores_sketch: 1.9999999999999998, cores_dpdk: 4.9999999999999964
Rows total: 1.4155447182919831
Mem total: 4809.812965453125
Throughput: 87.49999999999999

Device (1) P4_1:
Rows total: 7.168911563121731
Mem total: 575.0381315937508
Throughput: 148.0

Device (2) CPU_2:
cores_sketch: 1.9999999999999998, cores_dpdk: 4.9999999999999964
Rows total: 1.4155437185862867
Mem total: 4809.812965453125
Throughput: 87.49999999999999
--------------------------------------------------
Function: MIP.solve took 0.032476186752319336 seconds
Function: solve took 0.03282284736633301 seconds
