Function: get_partitions took 3.266334533691406e-05 seconds
Function: map_flows_partitions took 5.245208740234375e-06 seconds
Building model with:
4 devices, 10 partitions and 1 flows
Using license file /home/anup/gurobi.lic
Academic license - for non-commercial use only
Function: MIP.add_frac_mem_var took 0.0006222724914550781 seconds
Function: MIP.add_coverage_constraints took 0.00034809112548828125 seconds
Function: MIP.add_accuracy_constraints took 0.0010309219360351562 seconds
Function: MIP.add_capacity_constraints took 0.0007107257843017578 seconds
Changed value of parameter TimeLimit to 120.0
   Prev: inf  Min: 0.0  Max: inf  Default: inf
--------------------------------------------------
Starting model update
Model update took: 0.00010561943054199219 s
--------------------------------------------------
Starting model optimize
Gurobi Optimizer version 9.0.0 build v9.0.0rc2 (linux64)
Optimize a model with 59 rows, 90 columns and 213 nonzeros
Model fingerprint: 0x8fbed23e
Model has 1 general constraint
Variable types: 90 continuous, 0 integer (0 binary)
Coefficient statistics:
  Matrix range     [1e+00, 8e+03]
  Objective range  [1e+00, 1e+00]
  Bounds range     [1e+00, 3e+04]
  RHS range        [1e+00, 1e+00]

---------------------------------------------------------------------------
Multi-objectives: starting optimization with 2 objectives ... 
---------------------------------------------------------------------------

Multi-objectives: applying initial presolve ...
---------------------------------------------------------------------------

Presolve removed 42 rows and 39 columns
Presolve time: 0.00s
Presolved: 17 rows and 51 columns
---------------------------------------------------------------------------

Multi-objectives: optimize objective 1 (max_mem) ...
---------------------------------------------------------------------------

Presolve removed 9 rows and 36 columns
Presolve time: 0.00s
Presolved: 8 rows, 15 columns, 27 nonzeros
Presolved model has 2 SOS constraint(s)
Variable types: 13 continuous, 2 integer (2 binary)

Root relaxation: objective 1.241230e+04, 6 iterations, 0.00 seconds

    Nodes    |    Current Node    |     Objective Bounds      |     Work
 Expl Unexpl |  Obj  Depth IntInf | Incumbent    BestBd   Gap | It/Node Time

*    0     0               0    12412.300781 12412.3008  0.00%     -    0s

Explored 0 nodes (6 simplex iterations) in 0.00 seconds
Thread count was 8 (of 8 available processors)

Solution count 1: 12412.3 

Optimal solution found (tolerance 1.00e-04)
Best objective 1.241230078125e+04, best bound 1.241230078125e+04, gap 0.0000%
---------------------------------------------------------------------------

Multi-objectives: optimize objective 2 (tot_mem) ...
---------------------------------------------------------------------------


Loaded user MIP start with objective 25976.6

Presolve removed 10 rows and 36 columns
Presolve time: 0.00s
Presolved: 8 rows, 15 columns, 27 nonzeros
Presolved model has 2 SOS constraint(s)
Variable types: 13 continuous, 2 integer (2 binary)

Root relaxation: cutoff, 6 iterations, 0.00 seconds

    Nodes    |    Current Node    |     Objective Bounds      |     Work
 Expl Unexpl |  Obj  Depth IntInf | Incumbent    BestBd   Gap | It/Node Time

     0     0     cutoff    0      25976.6016 25976.6016  0.00%     -    0s

Explored 0 nodes (6 simplex iterations) in 0.00 seconds
Thread count was 8 (of 8 available processors)

Solution count 1: 25976.6 

Optimal solution found (tolerance 1.00e-04)
Best objective 2.597660156250e+04, best bound 2.597660156250e+04, gap 0.0000%

---------------------------------------------------------------------------
Multi-objectives: solved in 0.00 seconds, solution count 1

Model optimize took: 0.004177570343017578 seconds
--------------------------------------------------

Solution quality statistics for model Univmon :
  Maximum violation:
    Bound       : 0.00000000e+00
    Constraint  : 1.77635684e-15 (rows_tot_CPU_2)
    Integrality : 0.00000000e+00

Sketch (0) (cm: eps0: 7.500000000000001e-05, del0: 0.05, min_mem: 141.578125)
Par: 1, Rows: 1
(0.000,3)    (0.000,0)    (1.000,1)    (0.000,2)    
Total frac: 1.000
Par: 2, Rows: 1
(0.000,2)    (1.000,1)    (0.000,0)    (0.000,3)    
Total frac: 1.000
Par: 3, Rows: 1
(1.000,1)    (0.000,2)    (0.000,3)    (0.000,0)    
Total frac: 1.000

Sketch (1) (cm: eps0: 1.25e-06, del0: 0.05, min_mem: 8494.6328125)
Par: 1, Rows: 1
(0.468,1)    (0.487,0)    (0.023,3)    (0.023,2)    
Total frac: 1.000
Par: 2, Rows: 1
(0.023,2)    (0.487,0)    (0.468,1)    (0.023,3)    
Total frac: 1.000
Par: 3, Rows: 1
(0.023,2)    (0.468,1)    (0.487,0)    (0.023,3)    
Total frac: 1.000

Sketch (2) (cm: eps0: 0.000625, del0: 0.025, min_mem: 16.9921875)
Par: 1, Rows: 1
(1.000,1)    (0.000,3)    (0.000,2)    (0.000,0)    
Total frac: 1.000
Par: 2, Rows: 1
(0.000,0)    (0.000,3)    (0.000,2)    (1.000,1)    
Total frac: 1.000
Par: 3, Rows: 1
(0.000,2)    (0.000,0)    (0.000,3)    (1.000,1)    
Total frac: 1.000
Par: 4, Rows: 1
(0.000,2)    (0.000,3)    (1.000,1)    (0.000,0)    
Total frac: 1.000

Device (0) CPU_1:
Rows total: 1.461193327036465
Mem total: 12412.30078125

Device (1) CPU_2:
Rows total: 8.403191629273262
Mem total: 12412.30078125

Device (2) P4_1:
Rows total: 0.06780752184513567
Mem total: 576.0

Device (3) P4_2:
Rows total: 0.06780752184513567
Mem total: 576.0
--------------------------------------------------
Changed value of parameter NonConvex to 2
   Prev: -1  Min: -1  Max: 2  Default: -1
Changed value of parameter NonConvex to 2
   Prev: -1  Min: -1  Max: 2  Default: -1

Throughput: 35.0 Mpps, ns per packet: 28.571428571428573
Resources: 107.06425063134492
Used Cores: 8.0, Total CPUS: 2, Switch Memory: 1152.0

Sketch (0) (cm: eps0: 7.500000000000001e-05, del0: 0.05, min_mem: 141.578125)
Par: 1, Rows: 1
(0.000,3)    (0.000,0)    (1.000,1)    (0.000,2)    
Total frac: 1.000
Par: 2, Rows: 1
(0.000,2)    (1.000,1)    (0.000,0)    (0.000,3)    
Total frac: 1.000
Par: 3, Rows: 1
(1.000,1)    (0.000,2)    (0.000,3)    (0.000,0)    
Total frac: 1.000

Sketch (1) (cm: eps0: 1.25e-06, del0: 0.05, min_mem: 8494.6328125)
Par: 1, Rows: 1
(0.468,1)    (0.487,0)    (0.023,3)    (0.023,2)    
Total frac: 1.000
Par: 2, Rows: 1
(0.023,2)    (0.487,0)    (0.468,1)    (0.023,3)    
Total frac: 1.000
Par: 3, Rows: 1
(0.023,2)    (0.468,1)    (0.487,0)    (0.023,3)    
Total frac: 1.000

Sketch (2) (cm: eps0: 0.000625, del0: 0.025, min_mem: 16.9921875)
Par: 1, Rows: 1
(1.000,1)    (0.000,3)    (0.000,2)    (0.000,0)    
Total frac: 1.000
Par: 2, Rows: 1
(0.000,0)    (0.000,3)    (0.000,2)    (1.000,1)    
Total frac: 1.000
Par: 3, Rows: 1
(0.000,2)    (0.000,0)    (0.000,3)    (1.000,1)    
Total frac: 1.000
Par: 4, Rows: 1
(0.000,2)    (0.000,3)    (1.000,1)    (0.000,0)    
Total frac: 1.000

Device (0) CPU_1:
cores_sketch: 1.0, cores_dpdk: 1.0
Rows total: 1.461193327036465
Mem total: 12412.30078125
Throughput: 35.0

Device (1) CPU_2:
cores_sketch: 5.0, cores_dpdk: 1.0
Rows total: 8.403191629273262
Mem total: 12412.30078125
Throughput: 35.0

Device (2) P4_1:
Rows total: 0.06780752184513567
Mem total: 576.0
Throughput: 148.0

Device (3) P4_2:
Rows total: 0.06780752184513567
Mem total: 576.0
Throughput: 148.0
--------------------------------------------------
Function: MIP.solve took 0.037184953689575195 seconds
Function: solve took 0.03761601448059082 seconds
