Function: get_partitions took 0.0003066062927246094 seconds
Function: map_flows_partitions took 0.00036454200744628906 seconds
Building model with:
15 devices, 192 partitions and 320 flows
Using license file /home/anup/gurobi.lic
Academic license - for non-commercial use only
Function: MIP.add_frac_mem_var took 0.043007850646972656 seconds
Function: MIP.add_coverage_constraints took 0.01849985122680664 seconds
Function: MIP.add_accuracy_constraints took 0.04159855842590332 seconds
Function: MIP.add_capacity_constraints took 0.014203548431396484 seconds
Changed value of parameter TimeLimit to 120.0
   Prev: inf  Min: 0.0  Max: inf  Default: inf
Changed value of parameter NonConvex to 2
   Prev: -1  Min: -1  Max: 2  Default: -1
Parameter NonConvex unchanged
   Value: 2  Min: -1  Max: 2  Default: -1
Parameter NonConvex unchanged
   Value: 2  Min: -1  Max: 2  Default: -1
Parameter NonConvex unchanged
   Value: 2  Min: -1  Max: 2  Default: -1
Parameter NonConvex unchanged
   Value: 2  Min: -1  Max: 2  Default: -1
Parameter NonConvex unchanged
   Value: 2  Min: -1  Max: 2  Default: -1
Parameter NonConvex unchanged
   Value: 2  Min: -1  Max: 2  Default: -1
Parameter NonConvex unchanged
   Value: 2  Min: -1  Max: 2  Default: -1
--------------------------------------------------
Starting model update
Model update took: 0.00019598007202148438 s
--------------------------------------------------
Starting model optimize
Gurobi Optimizer version 9.0.0 build v9.0.0rc2 (linux64)
Optimize a model with 3382 rows, 4823 columns and 15124 nonzeros
Model fingerprint: 0xb1d11082
Model has 24 quadratic constraints
Model has 17 general constraints
Variable types: 4807 continuous, 16 integer (0 binary)
Coefficient statistics:
  Matrix range     [1e-04, 2e+01]
  QMatrix range    [1e+00, 1e+00]
  QLMatrix range   [1e+00, 1e+00]
  Objective range  [1e+00, 1e+00]
  Bounds range     [1e+00, 3e+04]
  RHS range        [7e-01, 2e+01]

---------------------------------------------------------------------------
Multi-objectives: starting optimization with 2 objectives ... 
---------------------------------------------------------------------------

Multi-objectives: applying initial presolve ...
---------------------------------------------------------------------------

Presolve removed 2367 rows and 2270 columns
Presolve time: 0.01s
Presolved: 1111 rows and 2554 columns
---------------------------------------------------------------------------

Multi-objectives: optimize objective 1 (ns) ...
---------------------------------------------------------------------------

Presolve removed 626 rows and 1585 columns
Presolve time: 0.02s
Presolved: 581 rows, 970 columns, 3231 nonzeros
Presolved model has 24 SOS constraint(s)
Presolved model has 24 bilinear constraint(s)
Variable types: 906 continuous, 64 integer (48 binary)

Root relaxation: objective 1.020408e+01, 675 iterations, 0.01 seconds

    Nodes    |    Current Node    |     Objective Bounds      |     Work
 Expl Unexpl |  Obj  Depth IntInf | Incumbent    BestBd   Gap | It/Node Time

     0     0   10.20408    0   25          -   10.20408      -     -    0s
     0     0   10.20408    0   27          -   10.20408      -     -    0s
     0     0   10.20408    0   19          -   10.20408      -     -    0s
     0     0   10.20408    0   24          -   10.20408      -     -    0s
     0     0   10.20408    0   25          -   10.20408      -     -    0s
     0     0   10.20408    0   25          -   10.20408      -     -    0s
     0     0   10.20408    0   25          -   10.20408      -     -    0s
     0     2   10.20408    0   25          -   10.20408      -     -    0s
*  467   262              65      21.0991086   10.20408  51.6%  20.1    0s
*  661   301              57      21.0233543   10.20408  51.5%  30.8    0s
*  662   301              57      21.0194757   10.20408  51.5%  30.7    0s
*  663   301              55      21.0174112   10.20408  51.4%  30.7    0s
*  761   295              33      20.5738438   10.20408  50.4%  30.0    0s
*  765   295              36      20.5468290   10.20408  50.3%  29.8    0s
*  768   295              38      20.5457988   10.20408  50.3%  29.7    0s
*  805   295              66      17.8571429   10.20408  42.9%  29.2    0s
*  985   253              61      17.7153882   10.20408  42.4%  29.6    0s
* 1514   570             110      16.2780003   11.42857  29.8%  32.3    2s
* 1659   564             111      15.7890112   11.42857  27.6%  30.3    2s
* 1660   547             111      15.7882800   11.42857  27.6%  30.3    2s
* 1761   566             114      15.7200553   11.42857  27.3%  29.3    2s
* 1762   551             114      15.7146818   11.42857  27.3%  29.3    2s
* 1764   537             114      15.7113122   11.42857  27.3%  29.3    2s
* 1766   524             111      15.7061423   11.42857  27.2%  29.2    2s
* 1922   504             115      13.6195167   11.57272  15.0%  28.8    2s
* 2250   471             108      13.4727187   11.57333  14.1%  26.4    2s
* 2251   471             108      13.4723173   11.57333  14.1%  26.4    2s
* 2365   469             100      13.4313241   12.03941  10.4%  25.8    3s
* 2367   469              99      13.4290053   12.03941  10.3%  25.8    3s
* 2368   469              99      13.4285869   12.03941  10.3%  25.8    3s
* 2484   430             108      13.4099953   12.50000  6.79%  25.6    3s
* 2488   430             109      13.3868430   12.50000  6.62%  25.5    3s
* 2563   430             104      12.6938377   12.50000  1.53%  25.3    3s
* 2601   490             105      12.6717018   12.50000  1.36%  25.2    3s
* 2606   490             106      12.6651438   12.50000  1.30%  25.2    3s
* 2607   490             105      12.6631458   12.50000  1.29%  25.1    3s
* 2641   490              97      12.6629316   12.50000  1.29%  25.0    3s
* 2665   490             108      12.5917629   12.50000  0.73%  24.8    3s
* 2669   490             109      12.5744535   12.50000  0.59%  24.8    3s
* 2670   490             109      12.5744435   12.50000  0.59%  24.8    3s
* 2753   490              95      12.5000000   12.50000  0.00%  25.0    3s

Cutting planes:
  MIR: 21
  Flow cover: 36
  RLT: 20
  Relax-and-lift: 1

Explored 2834 nodes (70697 simplex iterations) in 3.17 seconds
Thread count was 8 (of 8 available processors)

Solution count 10: 12.5 12.5744 12.5745 ... 13.3868

Optimal solution found (tolerance 1.00e-04)
Best objective 1.250000000000e+01, best bound 1.250000000000e+01, gap 0.0000%
---------------------------------------------------------------------------

Multi-objectives: optimize objective 2 (res) ...
---------------------------------------------------------------------------


Loaded user MIP start with objective 703.443

Presolve removed 643 rows and 1602 columns
Presolve time: 0.02s
Presolved: 565 rows, 952 columns, 3166 nonzeros
Presolved model has 24 bilinear constraint(s)
Variable types: 904 continuous, 48 integer (32 binary)

Root relaxation: objective 6.482955e+02, 946 iterations, 0.02 seconds

    Nodes    |    Current Node    |     Objective Bounds      |     Work
 Expl Unexpl |  Obj  Depth IntInf | Incumbent    BestBd   Gap | It/Node Time

     0     0  648.29550    0   25  703.44333  648.29550  7.84%     -    3s
     0     0  650.67807    0   26  703.44333  650.67807  7.50%     -    3s
     0     0  652.68356    0   26  703.44333  652.68356  7.22%     -    3s
     0     0  653.49869    0   30  703.44333  653.49869  7.10%     -    3s
     0     0  655.15648    0   19  703.44333  655.15648  6.86%     -    3s
     0     0  655.59299    0   18  703.44333  655.59299  6.80%     -    3s
H    0     0                     702.9130603  655.59299  6.73%     -    3s
     0     0  655.59306    0   19  702.91306  655.59306  6.73%     -    3s
     0     0  655.68445    0   16  702.91306  655.68445  6.72%     -    3s
     0     0  655.69607    0   17  702.91306  655.69607  6.72%     -    3s
     0     0  655.69627    0   17  702.91306  655.69627  6.72%     -    3s
     0     0  655.69627    0   17  702.91306  655.69627  6.72%     -    3s
     0     0  655.69627    0   17  702.91306  655.69627  6.72%     -    3s
     0     0  655.69627    0   17  702.91306  655.69627  6.72%     -    3s
     0     0  655.69627    0   17  702.91306  655.69627  6.72%     -    3s
     0     0  655.69627    0   17  702.91306  655.69627  6.72%     -    3s
     0     2  655.69627    0   17  702.91306  655.69627  6.72%     -    3s
*  244   224              38     673.3874725  656.10448  2.57%   9.1    3s
*  245   224              38     673.3872927  656.10448  2.57%   9.0    3s
*  314   269              45     663.4298858  656.10448  1.10%   9.3    3s

Cutting planes:
  Gomory: 10
  Implied bound: 7
  MIR: 9
  Flow cover: 2
  RLT: 20

Explored 1657 nodes (43475 simplex iterations) in 4.40 seconds
Thread count was 8 (of 8 available processors)

Solution count 4: 663.43 673.387 673.387 702.913 

Optimal solution found (tolerance 1.00e-04)
Best objective 6.634298858073e+02, best bound 6.634298858073e+02, gap 0.0000%

---------------------------------------------------------------------------
Multi-objectives: solved in 4.40 seconds, solution count 10

Model optimize took: 4.3978188037872314 seconds
--------------------------------------------------

Solution quality statistics for model Netmon :
  Maximum violation:
    Bound       : 0.00000000e+00
    Constraint  : 6.20643521e-07
    Integrality : 3.64686059e-12 (cores_sketch_CPU2)

Throughput: 79.99199440120033 Mpps, ns per packet: 12.501251
Resources: 663.429885807288
Used Cores: 52.00000000001115, Total CPUS: 8, Switch Memory: 4031.6719126758426

Sketch (0) (cm: eps0: 0.000625, del0: 0.05, min_mem: 16.9921875)
Par: 1, Rows: 1
(0.900,14)    (0.000,12)    (0.000,10)    (0.000,8)    (0.000,5)    (0.000,1)    (0.000,13)    
Total frac: 0.900
Par: 2, Rows: 1
(0.900,14)    (0.000,5)    (0.000,12)    (0.000,10)    (0.000,1)    (0.000,8)    (0.000,13)    
Total frac: 0.900
Par: 3, Rows: 1
(0.900,14)    (0.000,10)    (0.000,5)    (0.000,1)    (0.000,13)    (0.000,12)    (0.000,8)    
Total frac: 0.900

Sketch (1) (cm: eps0: 0.000625, del0: 0.05, min_mem: 16.9921875)
Par: 1, Rows: 1
(0.000,11)    (0.000,14)    (0.000,5)    (1.000,10)    (0.000,13)    (0.000,4)    (0.000,0)    (0.000,12)    (0.000,8)    (0.000,6)    
Total frac: 1.000
Par: 2, Rows: 1
(0.000,5)    (0.000,8)    (0.000,13)    (0.000,11)    (0.000,4)    (0.000,6)    (0.000,12)    (0.000,0)    (1.000,10)    (0.000,14)    
Total frac: 1.000
Par: 3, Rows: 1
(0.000,0)    (1.000,10)    (0.000,14)    (0.000,13)    (0.000,8)    (0.000,11)    (0.000,4)    (0.000,6)    (0.000,5)    (0.000,12)    
Total frac: 1.000

Sketch (2) (cm: eps0: 0.000625, del0: 0.05, min_mem: 16.9921875)
Par: 1, Rows: 1
(0.000,13)    (0.000,1)    (1.000,12)    (0.000,9)    (0.000,2)    (0.000,8)    (0.000,6)    (0.000,10)    (0.000,14)    (0.000,5)    (0.000,11)    (0.000,4)    
Total frac: 1.000
Par: 2, Rows: 1
(0.000,4)    (0.000,9)    (1.000,12)    (0.000,2)    (0.000,8)    (0.000,6)    (0.000,5)    (0.000,11)    (0.000,10)    (0.000,14)    (0.000,13)    (0.000,1)    
Total frac: 1.000
Par: 3, Rows: 1
(0.000,2)    (0.000,9)    (1.000,12)    (0.000,4)    (0.000,14)    (0.000,1)    (0.000,10)    (0.000,8)    (0.000,13)    (0.000,11)    (0.000,5)    (0.000,6)    
Total frac: 1.000

Sketch (3) (cm: eps0: 0.000625, del0: 0.05, min_mem: 16.9921875)
Par: 1, Rows: 1
(0.000,9)    (0.000,2)    (0.000,7)    (0.000,12)    (0.000,4)    (0.000,13)    (0.000,11)    (0.000,14)    (0.000,5)    (1.000,10)    
Total frac: 1.000
Par: 2, Rows: 1
(0.000,11)    (0.000,14)    (1.000,10)    (0.000,13)    (0.000,5)    (0.000,12)    (0.000,4)    (0.000,7)    (0.000,2)    (0.000,9)    
Total frac: 1.000
Par: 3, Rows: 1
(0.000,13)    (0.000,14)    (0.000,5)    (1.000,10)    (0.000,7)    (0.000,12)    (0.000,9)    (0.000,4)    (0.000,11)    (0.000,2)    
Total frac: 1.000

Sketch (4) (cm: eps0: 0.000625, del0: 0.05, min_mem: 16.9921875)
Par: 1, Rows: 1
(0.000,10)    (0.000,14)    (0.000,13)    (0.000,1)    (0.000,5)    (1.000,8)    (1.000,11)    (0.000,3)    (0.000,6)    (0.000,12)    (0.000,0)    (0.000,9)    (0.000,4)    (0.000,7)    
Total frac: 2.000
Par: 2, Rows: 1
(0.000,13)    (0.000,1)    (0.000,5)    (0.000,10)    (1.000,11)    (0.000,14)    (0.000,3)    (1.000,8)    (0.000,9)    (0.000,6)    (0.000,7)    (0.000,12)    (0.000,0)    (0.000,4)    
Total frac: 2.000
Par: 3, Rows: 1
(0.000,0)    (0.000,4)    (0.000,7)    (0.000,6)    (0.000,9)    (1.000,8)    (1.000,11)    (0.000,3)    (0.000,10)    (0.000,14)    (0.000,13)    (0.000,1)    (0.000,5)    (0.000,12)    
Total frac: 2.000

Sketch (5) (cm: eps0: 0.000625, del0: 0.05, min_mem: 16.9921875)
Par: 1, Rows: 1
(0.274,7)    (0.000,12)    (0.000,0)    (0.370,9)    (0.000,2)    (0.000,6)    (0.000,11)    (0.000,3)    (0.000,8)    (0.000,13)    (0.700,1)    (0.257,14)    
Total frac: 1.600
Par: 2, Rows: 1
(0.700,1)    (0.000,12)    (0.000,8)    (0.274,7)    (0.000,3)    (0.000,2)    (0.000,13)    (0.000,0)    (0.000,11)    (0.257,14)    (0.370,9)    (0.000,6)    
Total frac: 1.600
Par: 3, Rows: 1
(0.274,7)    (0.000,12)    (0.000,3)    (0.000,8)    (0.000,13)    (0.000,11)    (0.370,9)    (0.000,2)    (0.000,0)    (0.257,14)    (0.700,1)    (0.000,6)    
Total frac: 1.600

Sketch (6) (cm: eps0: 0.000625, del0: 0.05, min_mem: 16.9921875)
Par: 1, Rows: 1
(0.100,5)    (0.900,4)    (0.000,2)    (0.000,13)    (0.000,14)    (0.800,12)    (0.000,9)    (0.000,8)    (0.000,6)    (0.000,3)    (0.000,10)    (0.000,0)    (0.000,11)    
Total frac: 1.800
Par: 2, Rows: 1
(0.000,10)    (0.000,0)    (0.000,13)    (0.000,9)    (0.900,4)    (0.000,2)    (0.000,14)    (0.800,12)    (0.000,3)    (0.000,8)    (0.000,6)    (0.000,11)    (0.100,5)    
Total frac: 1.800
Par: 3, Rows: 1
(0.000,13)    (0.000,0)    (0.000,11)    (0.000,14)    (0.000,9)    (0.900,4)    (0.000,6)    (0.800,12)    (0.000,10)    (0.100,5)    (0.000,8)    (0.000,2)    (0.000,3)    
Total frac: 1.800

Sketch (7) (cm: eps0: 0.000625, del0: 0.05, min_mem: 16.9921875)
Par: 1, Rows: 1
(0.700,11)    (0.800,2)    (0.000,9)    (0.000,14)    (0.100,4)    (0.000,1)    (0.000,7)    (0.000,12)    (0.000,10)    (0.000,13)    (0.000,8)    
Total frac: 1.600
Par: 2, Rows: 1
(0.000,7)    (0.000,8)    (0.000,10)    (0.000,1)    (0.700,11)    (0.100,4)    (0.800,2)    (0.000,13)    (0.000,12)    (0.000,14)    (0.000,9)    
Total frac: 1.600
Par: 3, Rows: 1
(0.000,14)    (0.000,1)    (0.000,8)    (0.700,11)    (0.000,10)    (0.000,13)    (0.100,4)    (0.800,2)    (0.000,9)    (0.000,7)    (0.000,12)    
Total frac: 1.600

Sketch (8) (cm: eps0: 0.000625, del0: 0.05, min_mem: 16.9921875)
Par: 1, Rows: 1
(0.000,4)    (0.000,10)    (0.000,8)    (0.000,2)    (0.000,13)    (0.000,0)    (0.000,11)    (0.000,3)    (0.000,6)    (0.000,14)    (0.000,9)    (1.000,12)    
Total frac: 1.000
Par: 2, Rows: 1
(1.000,12)    (0.000,4)    (0.000,13)    (0.000,11)    (0.000,3)    (0.000,10)    (0.000,8)    (0.000,2)    (0.000,0)    (0.000,9)    (0.000,6)    (0.000,14)    
Total frac: 1.000
Par: 3, Rows: 1
(0.000,10)    (0.000,2)    (0.000,13)    (1.000,12)    (0.000,4)    (0.000,6)    (0.000,14)    (0.000,9)    (0.000,8)    (0.000,0)    (0.000,11)    (0.000,3)    
Total frac: 1.000

Sketch (9) (cm: eps0: 0.000625, del0: 0.05, min_mem: 16.9921875)
Par: 1, Rows: 1
(0.000,10)    (0.000,2)    (0.000,12)    (1.000,9)    (0.000,4)    (0.000,1)    (1.000,6)    (0.000,11)    (0.000,14)    (0.000,3)    (0.000,8)    (0.000,0)    (0.000,13)    
Total frac: 2.000
Par: 2, Rows: 1
(0.000,0)    (0.000,11)    (0.000,3)    (1.000,6)    (0.000,12)    (0.000,14)    (1.000,9)    (0.000,4)    (0.000,1)    (0.000,10)    (0.000,2)    (0.000,13)    (0.000,8)    
Total frac: 2.000
Par: 3, Rows: 1
(0.000,8)    (0.000,0)    (1.000,9)    (0.000,1)    (1.000,6)    (0.000,12)    (0.000,14)    (0.000,4)    (0.000,13)    (0.000,10)    (0.000,11)    (0.000,2)    (0.000,3)    
Total frac: 2.000

Sketch (10) (cm: eps0: 0.000625, del0: 0.05, min_mem: 16.9921875)
Par: 1, Rows: 1
(0.900,14)    (0.000,9)    (0.000,1)    (0.000,8)    (0.000,0)    (0.100,11)    (0.000,3)    (0.900,10)    (0.000,2)    (0.000,13)    (0.000,5)    (0.000,12)    (0.000,4)    (0.000,7)    (0.000,6)    
Total frac: 1.900
Par: 2, Rows: 1
(0.000,1)    (0.000,6)    (0.100,11)    (0.900,14)    (0.000,3)    (0.000,8)    (0.000,13)    (0.000,0)    (0.000,5)    (0.900,10)    (0.000,2)    (0.000,7)    (0.000,12)    (0.000,4)    (0.000,9)    
Total frac: 1.900
Par: 3, Rows: 1
(0.000,12)    (0.000,5)    (0.900,10)    (0.000,3)    (0.000,8)    (0.000,1)    (0.000,13)    (0.000,6)    (0.100,11)    (0.000,4)    (0.000,9)    (0.000,2)    (0.000,0)    (0.900,14)    (0.000,7)    
Total frac: 1.900

Sketch (11) (cm: eps0: 0.000625, del0: 0.05, min_mem: 16.9921875)
Par: 1, Rows: 1
(0.000,1)    (0.000,12)    (0.000,10)    (1.000,8)    (0.000,13)    (0.172,9)    (0.000,4)    (0.000,2)    (0.000,0)    (0.000,14)    (0.000,5)    (0.628,3)    
Total frac: 1.800
Par: 2, Rows: 1
(0.000,13)    (0.000,12)    (0.172,9)    (0.000,2)    (0.628,3)    (1.000,8)    (0.000,14)    (0.000,5)    (0.000,10)    (0.000,4)    (0.000,1)    (0.000,0)    
Total frac: 1.800
Par: 3, Rows: 1
(0.000,4)    (0.000,13)    (0.000,0)    (0.172,9)    (0.628,3)    (0.000,12)    (0.000,2)    (1.000,8)    (0.000,14)    (0.000,5)    (0.000,1)    (0.000,10)    
Total frac: 1.800

Sketch (12) (cm: eps0: 0.000625, del0: 0.05, min_mem: 16.9921875)
Par: 1, Rows: 1
(0.000,4)    (0.000,6)    (0.000,11)    (0.000,9)    (0.000,0)    (0.000,14)    (0.000,7)    (0.000,12)    (0.000,5)    (0.000,10)    (0.000,3)    (0.000,8)    (1.000,13)    
Total frac: 1.000
Par: 2, Rows: 1
(0.000,9)    (0.000,4)    (0.000,6)    (0.000,7)    (0.000,5)    (0.000,0)    (0.000,14)    (0.000,3)    (0.000,12)    (0.000,10)    (1.000,13)    (0.000,8)    (0.000,11)    
Total frac: 1.000
Par: 3, Rows: 1
(0.000,8)    (0.000,14)    (0.000,5)    (0.000,10)    (0.000,4)    (0.000,11)    (0.000,0)    (1.000,13)    (0.000,7)    (0.000,12)    (0.000,6)    (0.000,9)    (0.000,3)    
Total frac: 1.000

Sketch (13) (cm: eps0: 0.000625, del0: 0.05, min_mem: 16.9921875)
Par: 1, Rows: 1
(0.000,5)    (0.000,8)    (0.700,14)    (0.000,10)    (0.000,13)    (0.000,0)    (0.000,12)    
Total frac: 0.700
Par: 2, Rows: 1
(0.000,5)    (0.000,10)    (0.000,8)    (0.000,13)    (0.000,0)    (0.000,12)    (0.700,14)    
Total frac: 0.700
Par: 3, Rows: 1
(0.000,12)    (0.700,14)    (0.000,5)    (0.000,13)    (0.000,10)    (0.000,8)    (0.000,0)    
Total frac: 0.700

Sketch (14) (cm: eps0: 0.000625, del0: 0.05, min_mem: 16.9921875)
Par: 1, Rows: 1
(0.000,4)    (0.000,13)    (0.000,6)    (0.000,7)    (0.000,12)    (0.900,2)    (0.000,9)    (0.000,3)    (0.000,8)    (0.000,14)    (1.000,11)    (0.000,1)    (0.000,10)    
Total frac: 1.900
Par: 2, Rows: 1
(0.000,10)    (0.000,4)    (0.000,6)    (0.000,12)    (0.900,2)    (0.000,9)    (0.000,3)    (1.000,11)    (0.000,1)    (0.000,8)    (0.000,14)    (0.000,13)    (0.000,7)    
Total frac: 1.900
Par: 3, Rows: 1
(0.000,4)    (0.000,7)    (0.000,12)    (0.000,9)    (0.000,14)    (0.000,1)    (0.000,10)    (0.000,13)    (0.000,3)    (0.000,8)    (0.900,2)    (0.000,6)    (1.000,11)    
Total frac: 1.900

Sketch (15) (cm: eps0: 0.000625, del0: 0.05, min_mem: 16.9921875)
Par: 1, Rows: 1
(0.000,8)    (0.000,7)    (0.000,4)    (0.000,1)    (0.000,12)    (1.000,5)    (0.900,14)    (0.000,13)    (0.000,10)    (0.000,11)    
Total frac: 1.900
Par: 2, Rows: 1
(0.000,8)    (0.900,14)    (0.000,11)    (0.000,1)    (1.000,5)    (0.000,10)    (0.000,4)    (0.000,13)    (0.000,7)    (0.000,12)    
Total frac: 1.900
Par: 3, Rows: 1
(0.000,11)    (0.000,1)    (1.000,5)    (0.000,8)    (0.900,14)    (0.000,13)    (0.000,7)    (0.000,10)    (0.000,4)    (0.000,12)    
Total frac: 1.900

Sketch (16) (cm: eps0: 0.000625, del0: 0.05, min_mem: 16.9921875)
Par: 1, Rows: 1
(0.000,14)    (0.000,13)    (0.000,6)    (0.000,11)    (0.000,4)    (0.000,9)    (0.000,1)    (0.000,7)    (1.000,12)    (0.000,5)    (0.000,10)    (0.000,3)    (0.000,8)    (0.000,2)    (0.000,0)    
Total frac: 1.000
Par: 2, Rows: 1
(0.000,13)    (0.000,2)    (0.000,11)    (0.000,0)    (0.000,9)    (0.000,14)    (0.000,1)    (0.000,6)    (0.000,4)    (0.000,7)    (0.000,5)    (0.000,3)    (1.000,12)    (0.000,10)    (0.000,8)    
Total frac: 1.000
Par: 3, Rows: 1
(1.000,12)    (0.000,9)    (0.000,3)    (0.000,8)    (0.000,1)    (0.000,0)    (0.000,5)    (0.000,10)    (0.000,11)    (0.000,4)    (0.000,2)    (0.000,14)    (0.000,13)    (0.000,6)    (0.000,7)    
Total frac: 1.000

Sketch (17) (cm: eps0: 0.000625, del0: 0.05, min_mem: 16.9921875)
Par: 1, Rows: 1
(0.000,1)    (0.000,6)    (0.000,12)    (0.000,8)    (0.000,5)    (0.000,11)    (0.000,0)    (0.000,10)    (0.000,4)    (1.000,13)    (0.000,2)    (0.000,7)    (0.000,9)    (0.000,14)    (0.800,3)    
Total frac: 1.800
Par: 2, Rows: 1
(0.000,1)    (0.000,7)    (0.000,12)    (0.000,5)    (0.000,10)    (0.000,2)    (0.800,3)    (0.000,8)    (0.000,0)    (1.000,13)    (0.000,14)    (0.000,4)    (0.000,6)    (0.000,11)    (0.000,9)    
Total frac: 1.800
Par: 3, Rows: 1
(0.000,5)    (0.800,3)    (0.000,12)    (0.000,10)    (1.000,13)    (0.000,2)    (0.000,8)    (0.000,11)    (0.000,0)    (0.000,9)    (0.000,14)    (0.000,4)    (0.000,1)    (0.000,6)    (0.000,7)    
Total frac: 1.800

Sketch (18) (cm: eps0: 0.000625, del0: 0.05, min_mem: 16.9921875)
Par: 1, Rows: 1
(0.000,2)    (0.000,11)    (0.000,13)    (0.000,14)    (0.000,7)    (0.700,12)    (0.000,9)    (0.000,3)    (0.000,8)    (0.000,1)    
Total frac: 0.700
Par: 2, Rows: 1
(0.000,13)    (0.000,2)    (0.000,7)    (0.000,9)    (0.000,14)    (0.000,3)    (0.700,12)    (0.000,1)    (0.000,8)    (0.000,11)    
Total frac: 0.700
Par: 3, Rows: 1
(0.000,13)    (0.000,11)    (0.000,14)    (0.000,1)    (0.000,9)    (0.000,7)    (0.700,12)    (0.000,2)    (0.000,3)    (0.000,8)    
Total frac: 0.700

Sketch (19) (cm: eps0: 0.000625, del0: 0.05, min_mem: 16.9921875)
Par: 1, Rows: 1
(0.000,8)    (0.700,1)    (0.100,9)    (0.700,14)    (0.000,7)    (0.000,12)    (0.000,3)    (0.000,13)    (0.000,2)    (0.000,11)    (0.000,0)    
Total frac: 1.500
Par: 2, Rows: 1
(0.700,1)    (0.000,0)    (0.100,9)    (0.000,3)    (0.000,8)    (0.000,11)    (0.000,2)    (0.000,13)    (0.000,7)    (0.000,12)    (0.700,14)    
Total frac: 1.500
Par: 3, Rows: 1
(0.000,12)    (0.100,9)    (0.700,14)    (0.000,3)    (0.000,11)    (0.000,0)    (0.000,8)    (0.000,13)    (0.000,2)    (0.000,7)    (0.700,1)    
Total frac: 1.500

Sketch (20) (cm: eps0: 0.000625, del0: 0.05, min_mem: 16.9921875)
Par: 1, Rows: 1
(0.000,9)    (0.000,2)    (0.000,10)    (0.000,0)    (0.899,13)    (0.000,8)    (0.000,6)    (0.000,11)    (0.000,14)    (0.000,4)    (0.101,12)    
Total frac: 1.000
Par: 2, Rows: 1
(0.101,12)    (0.899,13)    (0.000,2)    (0.000,10)    (0.000,11)    (0.000,0)    (0.000,8)    (0.000,6)    (0.000,9)    (0.000,14)    (0.000,4)    
Total frac: 1.000
Par: 3, Rows: 1
(0.000,10)    (0.000,4)    (0.899,13)    (0.101,12)    (0.000,6)    (0.000,14)    (0.000,0)    (0.000,9)    (0.000,8)    (0.000,2)    (0.000,11)    
Total frac: 1.000

Sketch (21) (cm: eps0: 0.000625, del0: 0.05, min_mem: 16.9921875)
Par: 1, Rows: 1
(0.800,8)    (1.000,13)    (0.000,2)    (0.000,10)    (0.000,4)    (0.000,12)    (0.000,1)    (0.000,6)    (0.000,9)    (0.000,14)    (0.000,3)    (0.000,11)    (0.000,0)    (0.000,5)    
Total frac: 1.800
Par: 2, Rows: 1
(0.000,1)    (0.000,2)    (0.000,0)    (1.000,13)    (0.000,14)    (0.000,11)    (0.000,12)    (0.000,9)    (0.000,10)    (0.800,8)    (0.000,5)    (0.000,6)    (0.000,3)    (0.000,4)    
Total frac: 1.800
Par: 3, Rows: 1
(0.000,11)    (0.000,6)    (0.000,9)    (0.000,4)    (0.000,2)    (0.000,0)    (0.000,14)    (0.000,12)    (0.000,10)    (0.800,8)    (0.000,5)    (0.000,3)    (0.000,1)    (1.000,13)    
Total frac: 1.800

Sketch (22) (cm: eps0: 0.000625, del0: 0.05, min_mem: 16.9921875)
Par: 1, Rows: 1
(0.000,7)    (0.000,3)    (0.000,4)    (0.000,0)    (0.000,11)    (0.000,12)    (0.000,8)    (0.000,5)    (0.000,6)    (0.000,1)    (0.000,2)    (1.000,13)    (0.000,14)    (0.000,9)    (0.000,10)    
Total frac: 1.000
Par: 2, Rows: 1
(0.000,3)    (0.000,10)    (0.000,11)    (0.000,4)    (0.000,5)    (0.000,0)    (0.000,1)    (0.000,12)    (1.000,13)    (0.000,8)    (0.000,6)    (0.000,9)    (0.000,2)    (0.000,7)    (0.000,14)    
Total frac: 1.000
Par: 3, Rows: 1
(0.000,7)    (0.000,5)    (0.000,4)    (0.000,2)    (0.000,6)    (0.000,3)    (1.000,13)    (0.000,1)    (0.000,12)    (0.000,0)    (0.000,10)    (0.000,14)    (0.000,11)    (0.000,9)    (0.000,8)    
Total frac: 1.000

Sketch (23) (cm: eps0: 0.000625, del0: 0.05, min_mem: 16.9921875)
Par: 1, Rows: 1
(0.000,8)    (0.000,1)    (0.800,2)    (0.000,9)    (0.000,12)    
Total frac: 0.800
Par: 2, Rows: 1
(0.800,2)    (0.000,8)    (0.000,1)    (0.000,9)    (0.000,12)    
Total frac: 0.800
Par: 3, Rows: 1
(0.000,12)    (0.000,1)    (0.800,2)    (0.000,8)    (0.000,9)    
Total frac: 0.800

Sketch (24) (cm: eps0: 0.000625, del0: 0.05, min_mem: 16.9921875)
Par: 1, Rows: 1
(0.900,11)    (0.000,12)    (0.000,5)    (0.000,3)    (0.000,14)    (0.100,9)    (0.000,10)    (0.000,8)    (0.000,7)    (0.000,6)    (0.000,2)    (0.600,0)    (0.000,13)    
Total frac: 1.600
Par: 2, Rows: 1
(0.000,2)    (0.600,0)    (0.000,12)    (0.100,9)    (0.000,14)    (0.000,7)    (0.000,10)    (0.000,8)    (0.000,13)    (0.900,11)    (0.000,5)    (0.000,6)    (0.000,3)    
Total frac: 1.600
Par: 3, Rows: 1
(0.000,14)    (0.100,9)    (0.000,10)    (0.600,0)    (0.900,11)    (0.000,12)    (0.000,3)    (0.000,6)    (0.000,2)    (0.000,13)    (0.000,8)    (0.000,5)    (0.000,7)    
Total frac: 1.600

Sketch (25) (cm: eps0: 0.000625, del0: 0.05, min_mem: 16.9921875)
Par: 1, Rows: 1
(0.200,14)    (0.000,11)    (0.000,3)    (0.000,10)    (0.000,0)    (0.000,1)    (0.000,12)    (0.700,13)    (0.000,4)    (0.000,5)    (0.000,6)    (0.000,2)    (0.000,7)    (0.000,8)    (1.000,9)    
Total frac: 1.900
Par: 2, Rows: 1
(0.000,8)    (0.000,7)    (0.000,2)    (0.000,6)    (0.700,13)    (0.000,1)    (0.000,12)    (0.000,5)    (0.000,0)    (0.000,4)    (0.000,11)    (0.000,3)    (0.000,10)    (0.200,14)    (1.000,9)    
Total frac: 1.900
Par: 3, Rows: 1
(0.200,14)    (0.000,8)    (0.700,13)    (0.000,1)    (0.000,5)    (0.000,2)    (0.000,11)    (0.000,6)    (0.000,3)    (0.000,12)    (0.000,0)    (0.000,4)    (1.000,9)    (0.000,7)    (0.000,10)    
Total frac: 1.900

Sketch (26) (cm: eps0: 0.000625, del0: 0.05, min_mem: 16.9921875)
Par: 1, Rows: 1
(1.000,6)    (0.000,13)    (0.000,5)    (0.000,8)    (0.000,7)    (0.000,10)    (0.800,14)    (0.000,9)    (0.000,12)    (0.000,0)    (0.000,4)    (0.000,11)    (0.000,3)    
Total frac: 1.800
Par: 2, Rows: 1
(0.000,5)    (1.000,6)    (0.000,7)    (0.000,8)    (0.000,9)    (0.000,10)    (0.800,14)    (0.000,11)    (0.000,3)    (0.000,12)    (0.000,0)    (0.000,13)    (0.000,4)    
Total frac: 1.800
Par: 3, Rows: 1
(0.000,0)    (0.800,14)    (0.000,7)    (0.000,5)    (1.000,6)    (0.000,3)    (0.000,4)    (0.000,13)    (0.000,11)    (0.000,12)    (0.000,9)    (0.000,10)    (0.000,8)    
Total frac: 1.800

Sketch (27) (cm: eps0: 0.000625, del0: 0.05, min_mem: 16.9921875)
Par: 1, Rows: 1
(1.000,12)    (0.900,10)    (0.000,8)    (0.000,7)    (0.000,5)    (0.000,2)    (0.000,3)    (0.000,0)    (0.000,14)    (0.000,13)    (0.000,11)    (0.000,6)    (0.000,9)    
Total frac: 1.900
Par: 2, Rows: 1
(0.000,2)    (0.000,14)    (0.000,11)    (1.000,12)    (0.000,8)    (0.000,5)    (0.000,6)    (0.000,13)    (0.000,9)    (0.900,10)    (0.000,0)    (0.000,7)    (0.000,3)    
Total frac: 1.900
Par: 3, Rows: 1
(0.000,11)    (0.000,5)    (0.000,2)    (0.000,14)    (1.000,12)    (0.000,13)    (0.000,8)    (0.000,6)    (0.000,9)    (0.000,7)    (0.000,3)    (0.900,10)    (0.000,0)    
Total frac: 1.900

Sketch (28) (cm: eps0: 0.000625, del0: 0.05, min_mem: 16.9921875)
Par: 1, Rows: 1
(0.000,5)    (0.000,14)    (0.000,4)    (0.158,6)    (0.000,13)    (0.000,12)    (0.000,10)    (0.742,11)    (0.258,9)    (0.742,8)    (0.000,2)    (0.000,1)    (0.000,7)    (0.000,0)    
Total frac: 1.900
Par: 2, Rows: 1
(0.000,13)    (0.000,0)    (0.000,14)    (0.000,4)    (0.742,11)    (0.158,6)    (0.258,9)    (0.000,12)    (0.000,10)    (0.742,8)    (0.000,1)    (0.000,7)    (0.000,5)    (0.000,2)    
Total frac: 1.900
Par: 3, Rows: 1
(0.000,10)    (0.258,9)    (0.000,7)    (0.000,0)    (0.000,4)    (0.000,2)    (0.000,12)    (0.000,1)    (0.000,5)    (0.000,14)    (0.742,11)    (0.742,8)    (0.158,6)    (0.000,13)    
Total frac: 1.900

Sketch (29) (cm: eps0: 0.000625, del0: 0.05, min_mem: 16.9921875)
Par: 1, Rows: 1
(0.000,8)    (0.000,6)    (0.000,9)    (0.000,7)    (0.000,10)    (0.000,3)    (0.000,0)    (0.000,1)    (0.800,4)    (0.000,5)    (0.000,11)    (0.000,2)    (1.000,12)    (0.000,13)    (0.000,14)    
Total frac: 1.800
Par: 2, Rows: 1
(0.000,9)    (0.000,10)    (0.000,8)    (0.000,1)    (0.000,2)    (0.000,0)    (0.000,7)    (0.000,6)    (0.000,14)    (0.000,13)    (0.000,11)    (1.000,12)    (0.000,5)    (0.000,3)    (0.800,4)    
Total frac: 1.800
Par: 3, Rows: 1
(0.000,1)    (0.000,7)    (0.000,10)    (0.000,8)    (0.000,2)    (0.000,0)    (0.000,13)    (0.000,11)    (0.000,5)    (0.000,6)    (0.000,3)    (0.000,14)    (1.000,12)    (0.000,9)    (0.800,4)    
Total frac: 1.800

Sketch (30) (cm: eps0: 0.000625, del0: 0.05, min_mem: 16.9921875)
Par: 1, Rows: 1
(0.000,11)    (0.000,12)    (0.000,3)    (0.700,6)    (0.000,14)    (0.000,13)    (1.000,8)    (0.000,5)    (0.000,9)    (0.000,10)    (0.000,1)    
Total frac: 1.700
Par: 2, Rows: 1
(0.000,12)    (0.000,13)    (0.000,5)    (0.700,6)    (0.000,14)    (1.000,8)    (0.000,9)    (0.000,1)    (0.000,11)    (0.000,3)    (0.000,10)    
Total frac: 1.700
Par: 3, Rows: 1
(0.700,6)    (0.000,13)    (0.000,12)    (0.000,5)    (0.000,14)    (0.000,11)    (0.000,3)    (0.000,10)    (0.000,9)    (1.000,8)    (0.000,1)    
Total frac: 1.700

Sketch (31) (cm: eps0: 0.000625, del0: 0.05, min_mem: 16.9921875)
Par: 1, Rows: 1
(0.000,5)    (0.700,11)    (0.000,6)    (0.000,3)    (0.000,12)    (0.000,14)    (0.000,9)    (0.000,1)    (0.000,7)    (0.000,10)    (0.000,2)    (0.800,8)    (0.000,13)    (0.000,0)    
Total frac: 1.500
Par: 2, Rows: 1
(0.800,8)    (0.000,7)    (0.000,0)    (0.000,10)    (0.000,2)    (0.000,9)    (0.000,12)    (0.000,1)    (0.700,11)    (0.000,3)    (0.000,6)    (0.000,13)    (0.000,5)    (0.000,14)    
Total frac: 1.500
Par: 3, Rows: 1
(0.000,14)    (0.800,8)    (0.000,9)    (0.000,0)    (0.000,1)    (0.000,10)    (0.700,11)    (0.000,2)    (0.000,3)    (0.000,12)    (0.000,13)    (0.000,5)    (0.000,6)    (0.000,7)    
Total frac: 1.500

Sketch (32) (cm: eps0: 0.000625, del0: 0.05, min_mem: 16.9921875)
Par: 1, Rows: 1
(0.000,7)    (0.000,6)    (0.000,4)    (0.000,1)    (0.000,2)    (0.000,14)    (1.000,13)    (0.000,11)    (0.000,12)    (0.000,9)    (0.000,10)    (0.000,8)    
Total frac: 1.000
Par: 2, Rows: 1
(0.000,10)    (0.000,8)    (0.000,7)    (0.000,1)    (0.000,6)    (0.000,4)    (0.000,2)    (1.000,13)    (0.000,11)    (0.000,14)    (0.000,9)    (0.000,12)    
Total frac: 1.000
Par: 3, Rows: 1
(0.000,6)    (0.000,11)    (0.000,12)    (0.000,1)    (0.000,2)    (0.000,8)    (0.000,14)    (1.000,13)    (0.000,7)    (0.000,9)    (0.000,10)    (0.000,4)    
Total frac: 1.000

Sketch (33) (cm: eps0: 0.000625, del0: 0.05, min_mem: 16.9921875)
Par: 1, Rows: 1
(0.000,6)    (0.000,12)    (0.000,2)    (0.000,13)    (0.900,8)    (0.000,14)    (0.000,9)    (1.000,10)    (0.000,4)    (0.000,5)    (0.000,0)    (0.000,11)    (0.000,1)    
Total frac: 1.900
Par: 2, Rows: 1
(0.000,0)    (0.000,14)    (0.000,13)    (0.000,12)    (1.000,10)    (0.000,11)    (0.000,9)    (0.900,8)    (0.000,5)    (0.000,4)    (0.000,2)    (0.000,6)    (0.000,1)    
Total frac: 1.900
Par: 3, Rows: 1
(0.000,13)    (0.000,6)    (0.000,0)    (0.000,11)    (0.000,14)    (0.000,9)    (0.000,12)    (1.000,10)    (0.000,5)    (0.900,8)    (0.000,1)    (0.000,4)    (0.000,2)    
Total frac: 1.900

Sketch (34) (cm: eps0: 0.000625, del0: 0.05, min_mem: 16.9921875)
Par: 1, Rows: 1
(0.000,4)    (0.000,9)    (0.000,3)    (0.000,0)    (0.000,5)    (0.000,12)    (0.000,2)    (0.000,11)    (0.000,1)    (0.000,8)    (0.000,14)    (0.900,13)    (0.000,7)    (0.000,10)    
Total frac: 0.900
Par: 2, Rows: 1
(0.000,3)    (0.000,10)    (0.000,4)    (0.000,5)    (0.000,0)    (0.000,11)    (0.000,1)    (0.000,12)    (0.000,2)    (0.900,13)    (0.000,7)    (0.000,8)    (0.000,14)    (0.000,9)    
Total frac: 0.900
Par: 3, Rows: 1
(0.000,10)    (0.000,7)    (0.000,8)    (0.000,1)    (0.000,2)    (0.000,0)    (0.000,5)    (0.000,3)    (0.000,4)    (0.900,13)    (0.000,11)    (0.000,12)    (0.000,14)    (0.000,9)    
Total frac: 0.900

Sketch (35) (cm: eps0: 0.000625, del0: 0.05, min_mem: 16.9921875)
Par: 1, Rows: 1
(0.000,1)    (0.000,8)    (0.000,6)    (0.000,13)    (0.000,0)    (0.000,11)    (0.000,12)    (1.000,14)    (0.000,7)    
Total frac: 1.000
Par: 2, Rows: 1
(0.000,13)    (0.000,7)    (0.000,8)    (1.000,14)    (0.000,0)    (0.000,6)    (0.000,11)    (0.000,12)    (0.000,1)    
Total frac: 1.000
Par: 3, Rows: 1
(0.000,12)    (0.000,13)    (0.000,7)    (0.000,8)    (1.000,14)    (0.000,0)    (0.000,11)    (0.000,1)    (0.000,6)    
Total frac: 1.000

Sketch (36) (cm: eps0: 0.000625, del0: 0.05, min_mem: 16.9921875)
Par: 1, Rows: 1
(0.000,13)    (0.000,3)    (0.000,12)    (0.000,14)    (0.000,10)    (1.000,9)    (0.000,8)    (0.000,2)    (0.000,1)    (0.000,5)    
Total frac: 1.000
Par: 2, Rows: 1
(0.000,12)    (0.000,14)    (1.000,9)    (0.000,10)    (0.000,1)    (0.000,5)    (0.000,8)    (0.000,2)    (0.000,13)    (0.000,3)    
Total frac: 1.000
Par: 3, Rows: 1
(0.000,10)    (1.000,9)    (0.000,3)    (0.000,12)    (0.000,2)    (0.000,1)    (0.000,5)    (0.000,13)    (0.000,8)    (0.000,14)    
Total frac: 1.000

Sketch (37) (cm: eps0: 0.000625, del0: 0.05, min_mem: 16.9921875)
Par: 1, Rows: 1
(0.700,8)    (0.000,14)    (0.000,9)    (0.000,3)    (0.000,10)    (0.000,0)    (0.800,11)    (0.000,4)    (0.000,1)    (0.000,12)    (0.000,13)    (0.000,6)    (0.000,7)    
Total frac: 1.500
Par: 2, Rows: 1
(0.000,3)    (0.000,4)    (0.000,13)    (0.800,11)    (0.000,12)    (0.000,9)    (0.000,10)    (0.700,8)    (0.000,1)    (0.000,0)    (0.000,14)    (0.000,7)    (0.000,6)    
Total frac: 1.500
Par: 3, Rows: 1
(0.000,6)    (0.000,4)    (0.000,13)    (0.800,11)    (0.000,9)    (0.000,1)    (0.000,12)    (0.000,10)    (0.700,8)    (0.000,7)    (0.000,3)    (0.000,0)    (0.000,14)    
Total frac: 1.500

Sketch (38) (cm: eps0: 0.000625, del0: 0.05, min_mem: 16.9921875)
Par: 1, Rows: 1
(0.000,0)    (0.000,13)    (0.000,7)    (0.700,9)    (0.000,10)    (0.000,3)    (0.000,4)    (0.000,1)    (0.000,2)    (0.700,14)    (0.000,5)    (0.000,6)    (0.000,11)    (0.000,12)    (0.300,8)    
Total frac: 1.700
Par: 2, Rows: 1
(0.300,8)    (0.000,7)    (0.700,9)    (0.000,3)    (0.000,0)    (0.000,1)    (0.000,10)    (0.000,4)    (0.000,5)    (0.000,2)    (0.000,11)    (0.700,14)    (0.000,6)    (0.000,12)    (0.000,13)    
Total frac: 1.700
Par: 3, Rows: 1
(0.000,11)    (0.700,9)    (0.000,2)    (0.300,8)    (0.000,1)    (0.000,7)    (0.000,0)    (0.000,5)    (0.700,14)    (0.000,4)    (0.000,6)    (0.000,3)    (0.000,13)    (0.000,12)    (0.000,10)    
Total frac: 1.700

Sketch (39) (cm: eps0: 0.000625, del0: 0.05, min_mem: 16.9921875)
Par: 1, Rows: 1
(0.000,12)    (0.000,10)    (0.000,1)    (0.700,7)    (0.000,2)    (0.500,8)    (0.000,3)    (0.200,0)    (0.000,14)    (0.000,4)    (0.500,13)    (0.000,6)    (0.000,11)    (0.500,9)    
Total frac: 2.400
Par: 2, Rows: 1
(0.000,14)    (0.000,12)    (0.000,6)    (0.000,11)    (0.500,8)    (0.500,13)    (0.700,7)    (0.200,0)    (0.000,10)    (0.000,4)    (0.500,9)    (0.000,2)    (0.000,3)    (0.000,1)    
Total frac: 2.400
Par: 3, Rows: 1
(0.000,11)    (0.000,14)    (0.000,12)    (0.500,13)    (0.000,6)    (0.700,7)    (0.500,8)    (0.500,9)    (0.000,3)    (0.200,0)    (0.000,10)    (0.000,1)    (0.000,4)    (0.000,2)    
Total frac: 2.400

Sketch (40) (cm: eps0: 0.000625, del0: 0.05, min_mem: 16.9921875)
Par: 1, Rows: 1
(0.000,5)    (0.000,3)    (0.000,4)    (0.000,13)    (1.000,11)    (0.000,12)    (0.000,1)    (0.000,2)    (0.000,0)    (0.800,9)    (0.798,10)    (0.000,7)    (0.202,8)    (0.000,6)    (0.000,14)    
Total frac: 2.800
Par: 2, Rows: 1
(0.000,3)    (0.000,13)    (0.000,14)    (1.000,11)    (0.000,4)    (0.000,1)    (0.000,12)    (0.800,9)    (0.000,7)    (0.000,2)    (0.000,0)    (0.798,10)    (0.202,8)    (0.000,5)    (0.000,6)    
Total frac: 2.800
Par: 3, Rows: 1
(0.000,7)    (0.202,8)    (0.000,1)    (0.000,2)    (0.800,9)    (0.798,10)    (0.000,3)    (0.000,4)    (0.000,6)    (1.000,11)    (0.000,12)    (0.000,14)    (0.000,5)    (0.000,0)    (0.000,13)    
Total frac: 2.800

Sketch (41) (cm: eps0: 0.000625, del0: 0.05, min_mem: 16.9921875)
Par: 1, Rows: 1
(0.000,1)    (0.000,8)    (0.000,9)    (0.000,3)    (0.000,11)    (0.900,10)    (0.000,4)    (0.000,5)    (0.000,6)    (0.800,12)    (0.000,13)    
Total frac: 1.700
Par: 2, Rows: 1
(0.000,1)    (0.900,10)    (0.000,9)    (0.000,8)    (0.000,6)    (0.000,5)    (0.000,4)    (0.000,13)    (0.000,3)    (0.800,12)    (0.000,11)    
Total frac: 1.700
Par: 3, Rows: 1
(0.000,9)    (0.900,10)    (0.000,5)    (0.000,8)    (0.000,13)    (0.000,6)    (0.000,3)    (0.000,11)    (0.000,4)    (0.800,12)    (0.000,1)    
Total frac: 1.700

Sketch (42) (cm: eps0: 0.000625, del0: 0.05, min_mem: 16.9921875)
Par: 1, Rows: 1
(0.000,12)    (0.642,14)    (0.000,13)    (0.000,0)    (0.000,8)    (0.000,10)    (0.158,4)    
Total frac: 0.800
Par: 2, Rows: 1
(0.158,4)    (0.000,12)    (0.000,13)    (0.642,14)    (0.000,0)    (0.000,8)    (0.000,10)    
Total frac: 0.800
Par: 3, Rows: 1
(0.000,10)    (0.000,13)    (0.158,4)    (0.000,0)    (0.000,12)    (0.642,14)    (0.000,8)    
Total frac: 0.800

Sketch (43) (cm: eps0: 0.000625, del0: 0.05, min_mem: 16.9921875)
Par: 1, Rows: 1
(1.000,12)    (0.000,3)    (0.000,14)    (0.000,5)    (0.000,8)    (0.000,10)    (0.000,1)    (0.000,13)    (0.000,9)    (0.000,4)    
Total frac: 1.000
Par: 2, Rows: 1
(0.000,1)    (0.000,13)    (1.000,12)    (0.000,9)    (0.000,8)    (0.000,3)    (0.000,14)    (0.000,10)    (0.000,5)    (0.000,4)    
Total frac: 1.000
Par: 3, Rows: 1
(0.000,13)    (0.000,4)    (0.000,9)    (1.000,12)    (0.000,3)    (0.000,8)    (0.000,14)    (0.000,5)    (0.000,10)    (0.000,1)    
Total frac: 1.000

Sketch (44) (cm: eps0: 0.000625, del0: 0.05, min_mem: 16.9921875)
Par: 1, Rows: 1
(0.000,6)    (0.000,12)    (0.000,0)    (0.000,10)    (0.900,14)    (0.000,8)    (0.000,5)    (0.000,13)    (0.000,11)    
Total frac: 0.900
Par: 2, Rows: 1
(0.000,6)    (0.000,12)    (0.000,0)    (0.000,5)    (0.000,10)    (0.900,14)    (0.000,8)    (0.000,13)    (0.000,11)    
Total frac: 0.900
Par: 3, Rows: 1
(0.000,10)    (0.900,14)    (0.000,11)    (0.000,5)    (0.000,13)    (0.000,12)    (0.000,0)    (0.000,8)    (0.000,6)    
Total frac: 0.900

Sketch (45) (cm: eps0: 0.000625, del0: 0.05, min_mem: 16.9921875)
Par: 1, Rows: 1
(0.358,2)    (0.000,6)    (0.000,11)    (0.000,5)    (0.800,10)    (0.000,14)    (0.000,13)    (0.528,1)    (0.000,4)    (0.000,7)    (0.000,9)    (0.000,12)    (0.000,0)    (0.542,3)    (0.172,8)    
Total frac: 2.400
Par: 2, Rows: 1
(0.000,14)    (0.172,8)    (0.528,1)    (0.800,10)    (0.000,11)    (0.000,13)    (0.542,3)    (0.000,5)    (0.000,6)    (0.000,0)    (0.358,2)    (0.000,9)    (0.000,12)    (0.000,4)    (0.000,7)    
Total frac: 2.400
Par: 3, Rows: 1
(0.528,1)    (0.000,11)    (0.000,13)    (0.542,3)    (0.000,14)    (0.000,5)    (0.172,8)    (0.800,10)    (0.000,9)    (0.000,6)    (0.000,0)    (0.000,7)    (0.358,2)    (0.000,12)    (0.000,4)    
Total frac: 2.400

Sketch (46) (cm: eps0: 0.000625, del0: 0.05, min_mem: 16.9921875)
Par: 1, Rows: 1
(0.700,12)    (0.870,5)    (0.000,6)    (0.000,2)    (0.000,9)    (0.000,8)    (0.130,11)    (0.000,1)    (0.000,10)    (0.000,13)    
Total frac: 1.700
Par: 2, Rows: 1
(0.000,10)    (0.700,12)    (0.000,9)    (0.000,6)    (0.130,11)    (0.000,2)    (0.000,8)    (0.000,1)    (0.000,13)    (0.870,5)    
Total frac: 1.700
Par: 3, Rows: 1
(0.000,2)    (0.000,6)    (0.700,12)    (0.000,9)    (0.000,10)    (0.000,13)    (0.000,8)    (0.000,1)    (0.870,5)    (0.130,11)    
Total frac: 1.700

Sketch (47) (cm: eps0: 0.000625, del0: 0.05, min_mem: 16.9921875)
Par: 1, Rows: 1
(1.000,9)    (0.024,7)    (0.000,2)    (0.000,12)    (0.000,0)    (0.000,4)    (0.000,13)    (0.000,1)    (0.000,11)    (0.000,10)    (0.000,3)    (0.000,14)    (0.776,8)    
Total frac: 1.800
Par: 2, Rows: 1
(0.776,8)    (0.000,11)    (0.000,3)    (0.000,10)    (0.000,14)    (0.000,13)    (0.000,12)    (0.000,1)    (0.000,0)    (0.000,4)    (0.024,7)    (0.000,2)    (1.000,9)    
Total frac: 1.800
Par: 3, Rows: 1
(0.000,3)    (0.776,8)    (0.000,13)    (0.000,1)    (0.000,10)    (0.024,7)    (0.000,14)    (0.000,12)    (0.000,0)    (0.000,4)    (1.000,9)    (0.000,2)    (0.000,11)    
Total frac: 1.800

Sketch (48) (cm: eps0: 0.000625, del0: 0.05, min_mem: 16.9921875)
Par: 1, Rows: 1
(0.000,0)    (0.000,11)    (0.000,13)    (1.000,14)    (0.000,9)    (0.000,6)    (0.000,12)    (0.000,1)    (0.000,8)    (0.000,10)    (0.000,7)    (0.000,3)    (0.000,5)    
Total frac: 1.000
Par: 2, Rows: 1
(0.000,9)    (0.000,0)    (1.000,14)    (0.000,1)    (0.000,6)    (0.000,7)    (0.000,12)    (0.000,3)    (0.000,5)    (0.000,8)    (0.000,10)    (0.000,11)    (0.000,13)    
Total frac: 1.000
Par: 3, Rows: 1
(0.000,7)    (0.000,6)    (0.000,3)    (0.000,1)    (0.000,0)    (0.000,11)    (0.000,10)    (0.000,5)    (0.000,13)    (0.000,12)    (1.000,14)    (0.000,9)    (0.000,8)    
Total frac: 1.000

Sketch (49) (cm: eps0: 0.000625, del0: 0.05, min_mem: 16.9921875)
Par: 1, Rows: 1
(0.000,3)    (0.000,14)    (0.000,6)    (0.000,11)    (0.000,10)    (1.000,13)    (0.000,4)    (0.000,9)    (0.000,2)    (0.000,12)    
Total frac: 1.000
Par: 2, Rows: 1
(0.000,10)    (0.000,3)    (0.000,2)    (1.000,13)    (0.000,11)    (0.000,4)    (0.000,14)    (0.000,9)    (0.000,6)    (0.000,12)    
Total frac: 1.000
Par: 3, Rows: 1
(0.000,6)    (0.000,12)    (0.000,10)    (0.000,3)    (1.000,13)    (0.000,11)    (0.000,2)    (0.000,9)    (0.000,4)    (0.000,14)    
Total frac: 1.000

Sketch (50) (cm: eps0: 0.000625, del0: 0.05, min_mem: 16.9921875)
Par: 1, Rows: 1
(0.000,5)    (0.000,4)    (0.000,2)    (0.000,13)    (0.000,12)    (0.000,14)    (1.000,9)    (0.000,8)    (0.000,6)    (0.000,3)    (1.000,10)    (0.000,1)    (0.000,0)    (0.000,11)    
Total frac: 2.000
Par: 2, Rows: 1
(0.000,0)    (0.000,13)    (0.000,4)    (0.000,2)    (1.000,9)    (0.000,12)    (0.000,3)    (0.000,14)    (0.000,8)    (0.000,1)    (0.000,6)    (0.000,11)    (0.000,5)    (1.000,10)    
Total frac: 2.000
Par: 3, Rows: 1
(0.000,3)    (0.000,5)    (0.000,6)    (0.000,14)    (1.000,9)    (0.000,12)    (0.000,1)    (0.000,4)    (0.000,8)    (1.000,10)    (0.000,0)    (0.000,11)    (0.000,2)    (0.000,13)    
Total frac: 2.000

Sketch (51) (cm: eps0: 0.000625, del0: 0.05, min_mem: 16.9921875)
Par: 1, Rows: 1
(0.000,10)    (0.000,0)    (0.000,2)    (0.700,9)    (0.000,6)    (0.000,14)    (0.000,12)    (0.900,4)    (0.600,11)    (0.300,13)    (0.000,3)    (0.000,5)    (0.000,8)    
Total frac: 2.500
Par: 2, Rows: 1
(0.000,14)    (0.700,9)    (0.000,8)    (0.000,0)    (0.600,11)    (0.000,3)    (0.000,10)    (0.000,2)    (0.300,13)    (0.000,12)    (0.000,5)    (0.900,4)    (0.000,6)    
Total frac: 2.500
Par: 3, Rows: 1
(0.000,6)    (0.600,11)    (0.000,3)    (0.000,14)    (0.000,8)    (0.000,0)    (0.300,13)    (0.000,5)    (0.000,10)    (0.000,2)    (0.000,12)    (0.900,4)    (0.700,9)    
Total frac: 2.500

Sketch (52) (cm: eps0: 0.000625, del0: 0.05, min_mem: 16.9921875)
Par: 1, Rows: 1
(0.000,7)    (0.000,1)    (0.000,10)    (0.000,2)    (0.000,13)    (0.000,8)    (0.000,5)    (0.900,11)    (0.000,3)    (0.000,6)    (0.000,12)    (0.000,4)    (0.000,14)    (1.000,9)    
Total frac: 1.900
Par: 2, Rows: 1
(0.000,4)    (0.000,14)    (0.000,13)    (0.000,5)    (0.900,11)    (0.000,10)    (0.000,3)    (0.000,2)    (0.000,8)    (1.000,9)    (0.000,7)    (0.000,1)    (0.000,6)    (0.000,12)    
Total frac: 1.900
Par: 3, Rows: 1
(0.000,10)    (0.000,2)    (0.000,13)    (0.000,12)    (0.000,5)    (0.000,4)    (0.000,7)    (0.000,6)    (0.000,14)    (1.000,9)    (0.000,8)    (0.000,1)    (0.900,11)    (0.000,3)    
Total frac: 1.900

Sketch (53) (cm: eps0: 0.000625, del0: 0.05, min_mem: 16.9921875)
Par: 1, Rows: 1
(0.000,5)    (0.800,10)    (0.000,7)    (0.000,2)    (0.800,12)    (0.000,4)    (0.000,9)    (0.000,1)    (0.000,11)    (0.000,14)    (0.000,8)    (0.000,0)    (0.000,13)    
Total frac: 1.600
Par: 2, Rows: 1
(0.000,11)    (0.000,4)    (0.000,13)    (0.000,0)    (0.000,9)    (0.000,2)    (0.000,14)    (0.000,7)    (0.800,12)    (0.000,5)    (0.000,8)    (0.800,10)    (0.000,1)    
Total frac: 1.600
Par: 3, Rows: 1
(0.000,9)    (0.000,4)    (0.000,0)    (0.000,7)    (0.000,2)    (0.000,14)    (0.000,5)    (0.000,1)    (0.800,12)    (0.000,8)    (0.800,10)    (0.000,11)    (0.000,13)    
Total frac: 1.600

Sketch (54) (cm: eps0: 0.000625, del0: 0.05, min_mem: 16.9921875)
Par: 1, Rows: 1
(0.200,14)    (0.000,11)    (0.000,1)    (0.000,0)    (0.000,7)    (0.000,13)    (0.800,12)    (0.000,3)    (0.000,9)    (0.000,8)    (0.000,2)    
Total frac: 1.000
Par: 2, Rows: 1
(0.000,8)    (0.000,2)    (0.200,14)    (0.000,11)    (0.000,1)    (0.000,0)    (0.000,7)    (0.000,13)    (0.000,3)    (0.000,9)    (0.800,12)    
Total frac: 1.000
Par: 3, Rows: 1
(0.000,3)    (0.000,8)    (0.000,1)    (0.000,13)    (0.000,11)    (0.000,2)    (0.000,0)    (0.000,9)    (0.000,7)    (0.200,14)    (0.800,12)    
Total frac: 1.000

Sketch (55) (cm: eps0: 0.000625, del0: 0.05, min_mem: 16.9921875)
Par: 1, Rows: 1
(0.000,14)    (0.000,12)    (0.000,1)    (0.000,10)    (0.700,8)    (0.000,13)    (0.127,11)    (0.000,4)    (0.873,7)    (0.000,0)    (0.000,5)    
Total frac: 1.700
Par: 2, Rows: 1
(0.000,0)    (0.873,7)    (0.000,13)    (0.000,12)    (0.700,8)    (0.000,14)    (0.000,5)    (0.000,4)    (0.000,10)    (0.127,11)    (0.000,1)    
Total frac: 1.700
Par: 3, Rows: 1
(0.873,7)    (0.000,13)    (0.000,0)    (0.000,12)    (0.000,5)    (0.700,8)    (0.000,14)    (0.127,11)    (0.000,1)    (0.000,4)    (0.000,10)    
Total frac: 1.700

Sketch (56) (cm: eps0: 0.000625, del0: 0.05, min_mem: 16.9921875)
Par: 1, Rows: 1
(0.000,2)    (0.000,4)    (0.000,7)    (0.000,9)    (0.000,12)    (0.000,14)    (0.430,1)    (0.000,3)    (0.000,5)    (0.000,8)    (0.000,10)    (0.000,11)    (1.000,13)    (0.000,6)    (0.470,0)    
Total frac: 1.900
Par: 2, Rows: 1
(0.000,6)    (0.470,0)    (0.000,7)    (0.000,2)    (0.000,9)    (0.000,4)    (0.430,1)    (0.000,12)    (0.000,3)    (0.000,14)    (0.000,5)    (0.000,11)    (1.000,13)    (0.000,8)    (0.000,10)    
Total frac: 1.900
Par: 3, Rows: 1
(0.000,3)    (0.000,9)    (0.000,8)    (0.000,11)    (0.000,14)    (0.430,1)    (0.470,0)    (0.000,5)    (0.000,4)    (0.000,10)    (0.000,7)    (1.000,13)    (0.000,12)    (0.000,6)    (0.000,2)    
Total frac: 1.900

Sketch (57) (cm: eps0: 0.000625, del0: 0.05, min_mem: 16.9921875)
Par: 1, Rows: 1
(0.900,11)    (0.000,1)    (1.000,8)    (0.000,14)    (0.000,5)    (0.000,0)    (0.100,7)    (0.000,13)    (0.000,10)    (0.000,12)    (0.000,6)    (0.000,3)    (0.000,2)    (0.000,9)    
Total frac: 2.000
Par: 2, Rows: 1
(0.000,14)    (0.000,1)    (0.000,5)    (0.000,10)    (0.000,3)    (0.000,13)    (1.000,8)    (0.900,11)    (0.000,2)    (0.000,6)    (0.000,0)    (0.100,7)    (0.000,12)    (0.000,9)    
Total frac: 2.000
Par: 3, Rows: 1
(0.000,5)    (0.000,3)    (0.000,14)    (0.000,13)    (0.900,11)    (0.000,10)    (1.000,8)    (0.100,7)    (0.000,2)    (0.000,6)    (0.000,0)    (0.000,9)    (0.000,12)    (0.000,1)    
Total frac: 2.000

Sketch (58) (cm: eps0: 0.000625, del0: 0.05, min_mem: 16.9921875)
Par: 1, Rows: 1
(0.000,7)    (0.000,13)    (0.000,12)    (0.000,2)    (0.000,6)    (0.000,3)    (0.800,9)    (0.000,8)    (0.000,11)    (0.600,14)    (0.100,1)    (0.000,0)    (0.000,5)    (0.000,4)    (1.000,10)    
Total frac: 2.500
Par: 2, Rows: 1
(0.000,0)    (0.000,4)    (1.000,10)    (0.000,12)    (0.000,2)    (0.000,6)    (0.000,3)    (0.800,9)    (0.000,11)    (0.100,1)    (0.000,5)    (0.000,8)    (0.000,7)    (0.600,14)    (0.000,13)    
Total frac: 2.500
Par: 3, Rows: 1
(0.100,1)    (0.000,7)    (0.000,12)    (0.000,3)    (0.000,5)    (0.000,8)    (1.000,10)    (0.000,0)    (0.000,2)    (0.600,14)    (0.000,11)    (0.000,4)    (0.000,13)    (0.000,6)    (0.800,9)    
Total frac: 2.500

Sketch (59) (cm: eps0: 0.000625, del0: 0.05, min_mem: 16.9921875)
Par: 1, Rows: 1
(0.000,3)    (0.000,12)    (0.000,8)    (0.000,10)    (0.000,11)    (0.000,0)    (0.000,13)    (0.000,2)    (0.800,9)    (0.900,14)    (0.000,4)    (0.000,1)    (0.000,6)    
Total frac: 1.700
Par: 2, Rows: 1
(0.000,4)    (0.000,10)    (0.000,2)    (0.900,14)    (0.000,13)    (0.000,12)    (0.000,6)    (0.000,3)    (0.800,9)    (0.000,8)    (0.000,1)    (0.000,0)    (0.000,11)    
Total frac: 1.700
Par: 3, Rows: 1
(0.000,4)    (0.000,10)    (0.000,13)    (0.000,2)    (0.000,3)    (0.800,9)    (0.900,14)    (0.000,1)    (0.000,12)    (0.000,6)    (0.000,8)    (0.000,11)    (0.000,0)    
Total frac: 1.700

Sketch (60) (cm: eps0: 0.000625, del0: 0.05, min_mem: 16.9921875)
Par: 1, Rows: 1
(0.000,0)    (1.000,13)    (0.000,14)    (0.000,11)    (0.000,6)    (0.000,9)    (0.000,7)    (0.000,12)    (0.000,5)    (0.000,10)    (0.000,8)    (0.000,2)    
Total frac: 1.000
Par: 2, Rows: 1
(0.000,8)    (1.000,13)    (0.000,2)    (0.000,11)    (0.000,0)    (0.000,9)    (0.000,14)    (0.000,7)    (0.000,6)    (0.000,5)    (0.000,12)    (0.000,10)    
Total frac: 1.000
Par: 3, Rows: 1
(0.000,6)    (0.000,9)    (0.000,8)    (0.000,0)    (0.000,5)    (0.000,10)    (0.000,11)    (0.000,2)    (0.000,7)    (1.000,13)    (0.000,12)    (0.000,14)    
Total frac: 1.000

Sketch (61) (cm: eps0: 0.000625, del0: 0.05, min_mem: 16.9921875)
Par: 1, Rows: 1
(0.000,9)    (0.599,12)    (0.000,14)    (0.000,1)    (0.000,6)    (0.000,5)    (0.000,8)    (0.700,11)    (0.000,0)    (0.401,10)    (0.000,7)    (0.000,13)    (0.000,2)    
Total frac: 1.700
Par: 2, Rows: 1
(0.000,9)    (0.599,12)    (0.000,0)    (0.000,2)    (0.000,5)    (0.000,8)    (0.401,10)    (0.700,11)    (0.000,13)    (0.000,6)    (0.000,14)    (0.000,1)    (0.000,7)    
Total frac: 1.700
Par: 3, Rows: 1
(0.599,12)    (0.000,5)    (0.700,11)    (0.000,0)    (0.000,13)    (0.000,2)    (0.000,8)    (0.401,10)    (0.000,1)    (0.000,6)    (0.000,7)    (0.000,9)    (0.000,14)    
Total frac: 1.700

Sketch (62) (cm: eps0: 0.000625, del0: 0.05, min_mem: 16.9921875)
Par: 1, Rows: 1
(0.000,2)    (0.000,5)    (0.000,4)    (0.800,10)    (0.000,13)    (0.000,12)    (0.000,6)    (0.000,14)    (0.200,1)    (0.700,0)    (0.000,3)    (0.000,9)    (0.000,8)    (0.000,11)    
Total frac: 1.700
Par: 2, Rows: 1
(0.000,5)    (0.000,13)    (0.000,2)    (0.000,4)    (0.800,10)    (0.200,1)    (0.000,12)    (0.000,6)    (0.000,3)    (0.000,9)    (0.000,14)    (0.000,11)    (0.700,0)    (0.000,8)    
Total frac: 1.700
Par: 3, Rows: 1
(0.000,13)    (0.000,8)    (0.000,11)    (0.000,6)    (0.000,4)    (0.000,14)    (0.200,1)    (0.000,12)    (0.000,9)    (0.000,2)    (0.000,5)    (0.700,0)    (0.800,10)    (0.000,3)    
Total frac: 1.700

Sketch (63) (cm: eps0: 0.000625, del0: 0.05, min_mem: 16.9921875)
Par: 1, Rows: 1
(0.000,0)    (0.000,10)    (0.700,8)    (0.000,7)    (0.200,1)    (0.000,6)    (0.000,14)    (0.000,12)    (0.000,5)    (0.000,13)    (1.000,11)    
Total frac: 1.900
Par: 2, Rows: 1
(0.000,14)    (0.200,1)    (0.000,0)    (0.700,8)    (1.000,11)    (0.000,5)    (0.000,10)    (0.000,7)    (0.000,13)    (0.000,12)    (0.000,6)    
Total frac: 1.900
Par: 3, Rows: 1
(0.200,1)    (0.000,6)    (0.000,14)    (1.000,11)    (0.000,0)    (0.000,5)    (0.700,8)    (0.000,7)    (0.000,13)    (0.000,10)    (0.000,12)    
Total frac: 1.900

Device (0) CPU1:
cores_sketch: 2.0, cores_dpdk: 4.0
Rows total: 5.910769045719079
Mem total: 100.43689589405467
Throughput: 79.99199440120033

Device (1) CPU2:
cores_sketch: 3.000000000003647, cores_dpdk: 4.0
Rows total: 8.572678684878694
Mem total: 145.66856359071218
Throughput: 79.99199440120033

Device (2) CPU3:
cores_sketch: 3.000000000003647, cores_dpdk: 4.0
Rows total: 8.572678684878694
Mem total: 145.66856359071218
Throughput: 79.99199440120033

Device (3) CPU4:
cores_sketch: 2.0, cores_dpdk: 4.0
Rows total: 5.910769045719079
Mem total: 100.43689589405467
Throughput: 79.99199440120033

Device (4) CPU5:
cores_sketch: 3.000000000000474, cores_dpdk: 4.0
Rows total: 8.572678687802316
Mem total: 145.66856364039091
Throughput: 79.99199440120033

Device (5) CPU6:
cores_sketch: 2.0, cores_dpdk: 4.0
Rows total: 5.910768988675915
Mem total: 100.43689492476653
Throughput: 79.99199440120033

Device (6) CPU7:
cores_sketch: 3.0000000000033804, cores_dpdk: 4.0
Rows total: 8.572678687809821
Mem total: 145.66856364051844
Throughput: 79.99199440120033

Device (7) CPU8:
cores_sketch: 2.0, cores_dpdk: 4.0
Rows total: 5.910769060719689
Mem total: 100.43689614894784
Throughput: 79.99199440120033

Device (8) tor_P41:
Rows total: 33.87862290690017
Mem total: 575.6719126758427
Throughput: 148.0

Device (9) tor_P42:
Rows total: 33.89793103448276
Mem total: 576.0
Throughput: 148.0

Device (10) tor_P43:
Rows total: 33.89793103448276
Mem total: 576.0
Throughput: 148.0

Device (11) tor_P44:
Rows total: 33.89793103448276
Mem total: 576.0
Throughput: 148.0

Device (12) l1_P41:
Rows total: 33.89793103448276
Mem total: 576.0
Throughput: 148.0

Device (13) l1_P42:
Rows total: 33.89793103448276
Mem total: 576.0
Throughput: 148.0

Device (14) l2_P4:
Rows total: 33.89793103448276
Mem total: 576.0
Throughput: 148.0
--------------------------------------------------
Function: MIP.solve took 4.620082855224609 seconds
Function: solve took 4.624233722686768 seconds
