Function: get_partitions took 0.00039386749267578125 seconds
Function: map_flows_partitions took 0.0003349781036376953 seconds
Building model with:
15 devices, 192 partitions and 320 flows
Using license file /home/anup/gurobi.lic
Academic license - for non-commercial use only
Function: MIP.add_frac_mem_var took 0.015609264373779297 seconds
Function: MIP.add_coverage_constraints took 0.015609979629516602 seconds
Function: MIP.add_accuracy_constraints took 0.03907895088195801 seconds
Function: MIP.add_capacity_constraints took 0.013298749923706055 seconds
Changed value of parameter TimeLimit to 120.0
   Prev: inf  Min: 0.0  Max: inf  Default: inf
--------------------------------------------------
Starting model update
Model update took: 0.002588987350463867 s
--------------------------------------------------
Starting model optimize
Gurobi Optimizer version 9.0.0 build v9.0.0rc2 (linux64)
Optimize a model with 3343 rows, 4736 columns and 15022 nonzeros
Model fingerprint: 0x527b6adf
Model has 1 general constraint
Variable types: 4736 continuous, 0 integer (0 binary)
Coefficient statistics:
  Matrix range     [1e+00, 2e+01]
  Objective range  [1e+00, 1e+00]
  Bounds range     [1e+00, 3e+04]
  RHS range        [7e-01, 1e+00]

---------------------------------------------------------------------------
Multi-objectives: starting optimization with 2 objectives ... 
---------------------------------------------------------------------------

Multi-objectives: applying initial presolve ...
---------------------------------------------------------------------------

Presolve removed 2441 rows and 2346 columns
Presolve time: 0.01s
Presolved: 902 rows and 2390 columns
---------------------------------------------------------------------------

Multi-objectives: optimize objective 1 (max_mem) ...
---------------------------------------------------------------------------

Presolve removed 586 rows and 1568 columns
Presolve time: 0.01s
Presolved: 316 rows, 822 columns, 2546 nonzeros
Presolved model has 15 SOS constraint(s)
Variable types: 807 continuous, 15 integer (15 binary)

Root relaxation: objective 3.344062e+02, 450 iterations, 0.01 seconds

    Nodes    |    Current Node    |     Objective Bounds      |     Work
 Expl Unexpl |  Obj  Depth IntInf | Incumbent    BestBd   Gap | It/Node Time

*    0     0               0     334.4062500  334.40625  0.00%     -    0s

Explored 0 nodes (450 simplex iterations) in 0.03 seconds
Thread count was 8 (of 8 available processors)

Solution count 1: 334.406 

Optimal solution found (tolerance 1.00e-04)
Best objective 3.344062500000e+02, best bound 3.344062500000e+02, gap 0.0000%
---------------------------------------------------------------------------

Multi-objectives: optimize objective 2 (tot_mem) ...
---------------------------------------------------------------------------


Loaded user MIP start with objective 5016.09

Presolve removed 579 rows and 1575 columns
Presolve time: 0.01s
Presolved: 324 rows, 815 columns, 2562 nonzeros
Variable types: 800 continuous, 15 integer (15 binary)

Root relaxation: cutoff, 580 iterations, 0.01 seconds

    Nodes    |    Current Node    |     Objective Bounds      |     Work
 Expl Unexpl |  Obj  Depth IntInf | Incumbent    BestBd   Gap | It/Node Time

     0     0     cutoff    0      5016.09375 5016.09375  0.00%     -    0s

Explored 0 nodes (580 simplex iterations) in 0.04 seconds
Thread count was 8 (of 8 available processors)

Solution count 1: 5016.09 

Optimal solution found (tolerance 1.00e-04)
Best objective 5.016093750000e+03, best bound 5.016093750000e+03, gap 0.0000%

---------------------------------------------------------------------------
Multi-objectives: solved in 0.05 seconds, solution count 1

Model optimize took: 0.045654296875 seconds
--------------------------------------------------

Solution quality statistics for model Univmon :
  Maximum violation:
    Bound       : 0.00000000e+00
    Constraint  : 1.06581410e-14 (rows_tot_l1_P41)
    Integrality : 0.00000000e+00

Sketch (0) (cm: eps0: 0.000625, del0: 0.05, min_mem: 16.9921875)
Par: 1, Rows: 1
(0.900,14)    (0.000,12)    (0.000,10)    (0.000,8)    (0.000,5)    (0.000,1)    (0.000,13)    
Total frac: 0.900
Par: 2, Rows: 1
(0.900,14)    (0.000,5)    (0.000,12)    (0.000,10)    (0.000,1)    (0.000,8)    (0.000,13)    
Total frac: 0.900
Par: 3, Rows: 1
(0.900,14)    (0.000,10)    (0.000,5)    (0.000,1)    (0.000,13)    (0.000,12)    (0.000,8)    
Total frac: 0.900

Sketch (1) (cm: eps0: 0.000625, del0: 0.05, min_mem: 16.9921875)
Par: 1, Rows: 1
(0.000,11)    (0.000,14)    (0.000,5)    (0.000,10)    (0.000,13)    (1.000,4)    (0.000,0)    (0.000,12)    (0.000,8)    (0.000,6)    
Total frac: 1.000
Par: 2, Rows: 1
(0.000,5)    (0.000,8)    (0.000,13)    (0.000,11)    (1.000,4)    (0.000,6)    (0.000,12)    (0.000,0)    (0.000,10)    (0.000,14)    
Total frac: 1.000
Par: 3, Rows: 1
(0.000,0)    (0.000,10)    (0.000,14)    (0.000,13)    (0.000,8)    (0.000,11)    (1.000,4)    (0.000,6)    (0.000,5)    (0.000,12)    
Total frac: 1.000

Sketch (2) (cm: eps0: 0.000625, del0: 0.05, min_mem: 16.9921875)
Par: 1, Rows: 1
(0.000,13)    (0.000,1)    (1.000,12)    (0.000,9)    (0.000,2)    (0.000,8)    (0.000,6)    (0.000,10)    (0.000,14)    (0.000,5)    (0.000,11)    (0.000,4)    
Total frac: 1.000
Par: 2, Rows: 1
(0.000,4)    (0.000,9)    (1.000,12)    (0.000,2)    (0.000,8)    (0.000,6)    (0.000,5)    (0.000,11)    (0.000,10)    (0.000,14)    (0.000,13)    (0.000,1)    
Total frac: 1.000
Par: 3, Rows: 1
(0.000,2)    (0.000,9)    (1.000,12)    (0.000,4)    (0.000,14)    (0.000,1)    (0.000,10)    (0.000,8)    (0.000,13)    (0.000,11)    (0.000,5)    (0.000,6)    
Total frac: 1.000

Sketch (3) (cm: eps0: 0.000625, del0: 0.05, min_mem: 16.9921875)
Par: 1, Rows: 1
(0.000,9)    (0.000,2)    (0.000,7)    (0.000,12)    (0.900,4)    (0.000,13)    (0.000,11)    (0.000,14)    (0.100,5)    (0.000,10)    
Total frac: 1.000
Par: 2, Rows: 1
(0.000,11)    (0.000,14)    (0.000,10)    (0.000,13)    (0.100,5)    (0.000,12)    (0.900,4)    (0.000,7)    (0.000,2)    (0.000,9)    
Total frac: 1.000
Par: 3, Rows: 1
(0.000,13)    (0.000,14)    (0.100,5)    (0.000,10)    (0.000,7)    (0.000,12)    (0.000,9)    (0.900,4)    (0.000,11)    (0.000,2)    
Total frac: 1.000

Sketch (4) (cm: eps0: 0.000625, del0: 0.05, min_mem: 16.9921875)
Par: 1, Rows: 1
(0.000,10)    (0.000,14)    (0.000,13)    (0.100,1)    (0.000,5)    (0.000,8)    (0.800,11)    (0.000,3)    (0.000,6)    (0.000,12)    (0.900,0)    (0.000,9)    (0.000,4)    (0.200,7)    
Total frac: 2.000
Par: 2, Rows: 1
(0.000,13)    (0.100,1)    (0.000,5)    (0.000,10)    (0.800,11)    (0.000,14)    (0.000,3)    (0.000,8)    (0.000,9)    (0.000,6)    (0.200,7)    (0.000,12)    (0.900,0)    (0.000,4)    
Total frac: 2.000
Par: 3, Rows: 1
(0.900,0)    (0.000,4)    (0.200,7)    (0.000,6)    (0.000,9)    (0.000,8)    (0.800,11)    (0.000,3)    (0.000,10)    (0.000,14)    (0.000,13)    (0.100,1)    (0.000,5)    (0.000,12)    
Total frac: 2.000

Sketch (5) (cm: eps0: 0.000625, del0: 0.05, min_mem: 16.9921875)
Par: 1, Rows: 1
(0.760,7)    (0.000,12)    (0.000,0)    (0.100,9)    (0.000,2)    (0.000,6)    (0.000,11)    (0.040,3)    (0.000,8)    (0.000,13)    (0.700,1)    (0.000,14)    
Total frac: 1.600
Par: 2, Rows: 1
(0.700,1)    (0.000,12)    (0.000,8)    (0.760,7)    (0.040,3)    (0.000,2)    (0.000,13)    (0.000,0)    (0.000,11)    (0.000,14)    (0.100,9)    (0.000,6)    
Total frac: 1.600
Par: 3, Rows: 1
(0.760,7)    (0.000,12)    (0.040,3)    (0.000,8)    (0.000,13)    (0.000,11)    (0.100,9)    (0.000,2)    (0.000,0)    (0.000,14)    (0.700,1)    (0.000,6)    
Total frac: 1.600

Sketch (6) (cm: eps0: 0.000625, del0: 0.05, min_mem: 16.9921875)
Par: 1, Rows: 1
(0.550,5)    (0.450,4)    (0.000,2)    (0.000,13)    (0.000,14)    (0.350,12)    (0.450,9)    (0.000,8)    (0.000,6)    (0.000,3)    (0.000,10)    (0.000,0)    (0.000,11)    
Total frac: 1.800
Par: 2, Rows: 1
(0.000,10)    (0.000,0)    (0.000,13)    (0.450,9)    (0.450,4)    (0.000,2)    (0.000,14)    (0.350,12)    (0.000,3)    (0.000,8)    (0.000,6)    (0.000,11)    (0.550,5)    
Total frac: 1.800
Par: 3, Rows: 1
(0.000,13)    (0.000,0)    (0.000,11)    (0.000,14)    (0.450,9)    (0.450,4)    (0.000,6)    (0.350,12)    (0.000,10)    (0.550,5)    (0.000,8)    (0.000,2)    (0.000,3)    
Total frac: 1.800

Sketch (7) (cm: eps0: 0.000625, del0: 0.05, min_mem: 16.9921875)
Par: 1, Rows: 1
(0.000,11)    (0.800,2)    (0.000,9)    (0.000,14)    (0.000,4)    (0.000,1)    (0.800,7)    (0.000,12)    (0.000,10)    (0.000,13)    (0.000,8)    
Total frac: 1.600
Par: 2, Rows: 1
(0.800,7)    (0.000,8)    (0.000,10)    (0.000,1)    (0.000,11)    (0.000,4)    (0.800,2)    (0.000,13)    (0.000,12)    (0.000,14)    (0.000,9)    
Total frac: 1.600
Par: 3, Rows: 1
(0.000,14)    (0.000,1)    (0.000,8)    (0.000,11)    (0.000,10)    (0.000,13)    (0.000,4)    (0.800,2)    (0.000,9)    (0.800,7)    (0.000,12)    
Total frac: 1.600

Sketch (8) (cm: eps0: 0.000625, del0: 0.05, min_mem: 16.9921875)
Par: 1, Rows: 1
(0.200,4)    (0.000,10)    (0.000,8)    (0.000,2)    (0.000,13)    (0.000,0)    (0.000,11)    (0.000,3)    (0.000,6)    (0.000,14)    (0.000,9)    (0.800,12)    
Total frac: 1.000
Par: 2, Rows: 1
(0.800,12)    (0.200,4)    (0.000,13)    (0.000,11)    (0.000,3)    (0.000,10)    (0.000,8)    (0.000,2)    (0.000,0)    (0.000,9)    (0.000,6)    (0.000,14)    
Total frac: 1.000
Par: 3, Rows: 1
(0.000,10)    (0.000,2)    (0.000,13)    (0.800,12)    (0.200,4)    (0.000,6)    (0.000,14)    (0.000,9)    (0.000,8)    (0.000,0)    (0.000,11)    (0.000,3)    
Total frac: 1.000

Sketch (9) (cm: eps0: 0.000625, del0: 0.05, min_mem: 16.9921875)
Par: 1, Rows: 1
(0.000,10)    (0.245,2)    (0.145,12)    (0.610,9)    (0.145,4)    (0.000,1)    (0.000,6)    (0.855,11)    (0.000,14)    (0.000,3)    (0.000,8)    (0.000,0)    (0.000,13)    
Total frac: 2.000
Par: 2, Rows: 1
(0.000,0)    (0.855,11)    (0.000,3)    (0.000,6)    (0.145,12)    (0.000,14)    (0.610,9)    (0.145,4)    (0.000,1)    (0.000,10)    (0.245,2)    (0.000,13)    (0.000,8)    
Total frac: 2.000
Par: 3, Rows: 1
(0.000,8)    (0.000,0)    (0.610,9)    (0.000,1)    (0.000,6)    (0.145,12)    (0.000,14)    (0.145,4)    (0.000,13)    (0.000,10)    (0.855,11)    (0.245,2)    (0.000,3)    
Total frac: 2.000

Sketch (10) (cm: eps0: 0.000625, del0: 0.05, min_mem: 16.9921875)
Par: 1, Rows: 1
(0.900,14)    (0.000,9)    (0.000,1)    (0.000,8)    (0.000,0)    (0.000,11)    (0.000,3)    (0.000,10)    (0.000,2)    (0.100,13)    (0.900,5)    (0.000,12)    (0.000,4)    (0.000,7)    (0.000,6)    
Total frac: 1.900
Par: 2, Rows: 1
(0.000,1)    (0.000,6)    (0.000,11)    (0.900,14)    (0.000,3)    (0.000,8)    (0.100,13)    (0.000,0)    (0.900,5)    (0.000,10)    (0.000,2)    (0.000,7)    (0.000,12)    (0.000,4)    (0.000,9)    
Total frac: 1.900
Par: 3, Rows: 1
(0.000,12)    (0.900,5)    (0.000,10)    (0.000,3)    (0.000,8)    (0.000,1)    (0.100,13)    (0.000,6)    (0.000,11)    (0.000,4)    (0.000,9)    (0.000,2)    (0.000,0)    (0.900,14)    (0.000,7)    
Total frac: 1.900

Sketch (11) (cm: eps0: 0.000625, del0: 0.05, min_mem: 16.9921875)
Par: 1, Rows: 1
(0.000,1)    (0.000,12)    (0.200,10)    (0.800,8)    (0.000,13)    (0.000,9)    (0.000,4)    (0.300,2)    (0.000,0)    (0.000,14)    (0.000,5)    (0.500,3)    
Total frac: 1.800
Par: 2, Rows: 1
(0.000,13)    (0.000,12)    (0.000,9)    (0.300,2)    (0.500,3)    (0.800,8)    (0.000,14)    (0.000,5)    (0.200,10)    (0.000,4)    (0.000,1)    (0.000,0)    
Total frac: 1.800
Par: 3, Rows: 1
(0.000,4)    (0.000,13)    (0.000,0)    (0.000,9)    (0.500,3)    (0.000,12)    (0.300,2)    (0.800,8)    (0.000,14)    (0.000,5)    (0.000,1)    (0.200,10)    
Total frac: 1.800

Sketch (12) (cm: eps0: 0.000625, del0: 0.05, min_mem: 16.9921875)
Par: 1, Rows: 1
(0.000,4)    (0.200,6)    (0.000,11)    (0.000,9)    (0.000,0)    (0.000,14)    (0.000,7)    (0.000,12)    (0.100,5)    (0.000,10)    (0.000,3)    (0.000,8)    (0.700,13)    
Total frac: 1.000
Par: 2, Rows: 1
(0.000,9)    (0.000,4)    (0.200,6)    (0.000,7)    (0.100,5)    (0.000,0)    (0.000,14)    (0.000,3)    (0.000,12)    (0.000,10)    (0.700,13)    (0.000,8)    (0.000,11)    
Total frac: 1.000
Par: 3, Rows: 1
(0.000,8)    (0.000,14)    (0.100,5)    (0.000,10)    (0.000,4)    (0.000,11)    (0.000,0)    (0.700,13)    (0.000,7)    (0.000,12)    (0.200,6)    (0.000,9)    (0.000,3)    
Total frac: 1.000

Sketch (13) (cm: eps0: 0.000625, del0: 0.05, min_mem: 16.9921875)
Par: 1, Rows: 1
(0.650,5)    (0.000,8)    (0.050,14)    (0.000,10)    (0.000,13)    (0.000,0)    (0.000,12)    
Total frac: 0.700
Par: 2, Rows: 1
(0.650,5)    (0.000,10)    (0.000,8)    (0.000,13)    (0.000,0)    (0.000,12)    (0.050,14)    
Total frac: 0.700
Par: 3, Rows: 1
(0.000,12)    (0.050,14)    (0.650,5)    (0.000,13)    (0.000,10)    (0.000,8)    (0.000,0)    
Total frac: 0.700

Sketch (14) (cm: eps0: 0.000625, del0: 0.05, min_mem: 16.9921875)
Par: 1, Rows: 1
(0.000,4)    (0.000,13)    (0.000,6)    (0.100,7)    (0.000,12)    (0.000,2)    (0.000,9)    (0.900,3)    (0.000,8)    (0.000,14)    (0.900,11)    (0.000,1)    (0.000,10)    
Total frac: 1.900
Par: 2, Rows: 1
(0.000,10)    (0.000,4)    (0.000,6)    (0.000,12)    (0.000,2)    (0.000,9)    (0.900,3)    (0.900,11)    (0.000,1)    (0.000,8)    (0.000,14)    (0.000,13)    (0.100,7)    
Total frac: 1.900
Par: 3, Rows: 1
(0.000,4)    (0.100,7)    (0.000,12)    (0.000,9)    (0.000,14)    (0.000,1)    (0.000,10)    (0.000,13)    (0.900,3)    (0.000,8)    (0.000,2)    (0.000,6)    (0.900,11)    
Total frac: 1.900

Sketch (15) (cm: eps0: 0.000625, del0: 0.05, min_mem: 16.9921875)
Par: 1, Rows: 1
(0.000,8)    (0.900,7)    (1.000,4)    (0.000,1)    (0.000,12)    (0.000,5)    (0.000,14)    (0.000,13)    (0.000,10)    (0.000,11)    
Total frac: 1.900
Par: 2, Rows: 1
(0.000,8)    (0.000,14)    (0.000,11)    (0.000,1)    (0.000,5)    (0.000,10)    (1.000,4)    (0.000,13)    (0.900,7)    (0.000,12)    
Total frac: 1.900
Par: 3, Rows: 1
(0.000,11)    (0.000,1)    (0.000,5)    (0.000,8)    (0.000,14)    (0.000,13)    (0.900,7)    (0.000,10)    (1.000,4)    (0.000,12)    
Total frac: 1.900

Sketch (16) (cm: eps0: 0.000625, del0: 0.05, min_mem: 16.9921875)
Par: 1, Rows: 1
(0.000,14)    (0.000,13)    (0.000,6)    (0.000,11)    (0.000,4)    (0.000,9)    (0.000,1)    (0.000,7)    (0.900,12)    (0.100,5)    (0.000,10)    (0.000,3)    (0.000,8)    (0.000,2)    (0.000,0)    
Total frac: 1.000
Par: 2, Rows: 1
(0.000,13)    (0.000,2)    (0.000,11)    (0.000,0)    (0.000,9)    (0.000,14)    (0.000,1)    (0.000,6)    (0.000,4)    (0.000,7)    (0.100,5)    (0.000,3)    (0.900,12)    (0.000,10)    (0.000,8)    
Total frac: 1.000
Par: 3, Rows: 1
(0.900,12)    (0.000,9)    (0.000,3)    (0.000,8)    (0.000,1)    (0.000,0)    (0.100,5)    (0.000,10)    (0.000,11)    (0.000,4)    (0.000,2)    (0.000,14)    (0.000,13)    (0.000,6)    (0.000,7)    
Total frac: 1.000

Sketch (17) (cm: eps0: 0.000625, del0: 0.05, min_mem: 16.9921875)
Par: 1, Rows: 1
(0.000,1)    (0.000,6)    (0.000,12)    (0.000,8)    (0.000,5)    (0.000,11)    (0.000,0)    (0.300,10)    (0.000,4)    (0.600,13)    (0.000,2)    (0.000,7)    (0.000,9)    (0.100,14)    (0.800,3)    
Total frac: 1.800
Par: 2, Rows: 1
(0.000,1)    (0.000,7)    (0.000,12)    (0.000,5)    (0.300,10)    (0.000,2)    (0.800,3)    (0.000,8)    (0.000,0)    (0.600,13)    (0.100,14)    (0.000,4)    (0.000,6)    (0.000,11)    (0.000,9)    
Total frac: 1.800
Par: 3, Rows: 1
(0.000,5)    (0.800,3)    (0.000,12)    (0.300,10)    (0.600,13)    (0.000,2)    (0.000,8)    (0.000,11)    (0.000,0)    (0.000,9)    (0.100,14)    (0.000,4)    (0.000,1)    (0.000,6)    (0.000,7)    
Total frac: 1.800

Sketch (18) (cm: eps0: 0.000625, del0: 0.05, min_mem: 16.9921875)
Par: 1, Rows: 1
(0.000,2)    (0.000,11)    (0.000,13)    (0.000,14)    (0.000,7)    (0.000,12)    (0.700,9)    (0.000,3)    (0.000,8)    (0.000,1)    
Total frac: 0.700
Par: 2, Rows: 1
(0.000,13)    (0.000,2)    (0.000,7)    (0.700,9)    (0.000,14)    (0.000,3)    (0.000,12)    (0.000,1)    (0.000,8)    (0.000,11)    
Total frac: 0.700
Par: 3, Rows: 1
(0.000,13)    (0.000,11)    (0.000,14)    (0.000,1)    (0.700,9)    (0.000,7)    (0.000,12)    (0.000,2)    (0.000,3)    (0.000,8)    
Total frac: 0.700

Sketch (19) (cm: eps0: 0.000625, del0: 0.05, min_mem: 16.9921875)
Par: 1, Rows: 1
(0.700,8)    (0.000,1)    (0.000,9)    (0.000,14)    (0.700,7)    (0.100,12)    (0.000,3)    (0.000,13)    (0.000,2)    (0.000,11)    (0.000,0)    
Total frac: 1.500
Par: 2, Rows: 1
(0.000,1)    (0.000,0)    (0.000,9)    (0.000,3)    (0.700,8)    (0.000,11)    (0.000,2)    (0.000,13)    (0.700,7)    (0.100,12)    (0.000,14)    
Total frac: 1.500
Par: 3, Rows: 1
(0.100,12)    (0.000,9)    (0.000,14)    (0.000,3)    (0.000,11)    (0.000,0)    (0.700,8)    (0.000,13)    (0.000,2)    (0.700,7)    (0.000,1)    
Total frac: 1.500

Sketch (20) (cm: eps0: 0.000625, del0: 0.05, min_mem: 16.9921875)
Par: 1, Rows: 1
(0.000,9)    (0.000,2)    (0.000,10)    (0.300,0)    (0.000,13)    (0.000,8)    (0.100,6)    (0.000,11)    (0.600,14)    (0.000,4)    (0.000,12)    
Total frac: 1.000
Par: 2, Rows: 1
(0.000,12)    (0.000,13)    (0.000,2)    (0.000,10)    (0.000,11)    (0.300,0)    (0.000,8)    (0.100,6)    (0.000,9)    (0.600,14)    (0.000,4)    
Total frac: 1.000
Par: 3, Rows: 1
(0.000,10)    (0.000,4)    (0.000,13)    (0.000,12)    (0.100,6)    (0.600,14)    (0.300,0)    (0.000,9)    (0.000,8)    (0.000,2)    (0.000,11)    
Total frac: 1.000

Sketch (21) (cm: eps0: 0.000625, del0: 0.05, min_mem: 16.9921875)
Par: 1, Rows: 1
(0.100,8)    (0.600,13)    (0.000,2)    (0.100,10)    (0.000,4)    (0.100,12)    (0.600,1)    (0.300,6)    (0.000,9)    (0.000,14)    (0.000,3)    (0.000,11)    (0.000,0)    (0.000,5)    
Total frac: 1.800
Par: 2, Rows: 1
(0.600,1)    (0.000,2)    (0.000,0)    (0.600,13)    (0.000,14)    (0.000,11)    (0.100,12)    (0.000,9)    (0.100,10)    (0.100,8)    (0.000,5)    (0.300,6)    (0.000,3)    (0.000,4)    
Total frac: 1.800
Par: 3, Rows: 1
(0.000,11)    (0.300,6)    (0.000,9)    (0.000,4)    (0.000,2)    (0.000,0)    (0.000,14)    (0.100,12)    (0.100,10)    (0.100,8)    (0.000,5)    (0.000,3)    (0.600,1)    (0.600,13)    
Total frac: 1.800

Sketch (22) (cm: eps0: 0.000625, del0: 0.05, min_mem: 16.9921875)
Par: 1, Rows: 1
(0.000,7)    (0.000,3)    (0.000,4)    (0.000,0)    (0.200,11)    (0.000,12)    (0.000,8)    (0.000,5)    (0.000,6)    (0.000,1)    (0.000,2)    (0.800,13)    (0.000,14)    (0.000,9)    (0.000,10)    
Total frac: 1.000
Par: 2, Rows: 1
(0.000,3)    (0.000,10)    (0.200,11)    (0.000,4)    (0.000,5)    (0.000,0)    (0.000,1)    (0.000,12)    (0.800,13)    (0.000,8)    (0.000,6)    (0.000,9)    (0.000,2)    (0.000,7)    (0.000,14)    
Total frac: 1.000
Par: 3, Rows: 1
(0.000,7)    (0.000,5)    (0.000,4)    (0.000,2)    (0.000,6)    (0.000,3)    (0.800,13)    (0.000,1)    (0.000,12)    (0.000,0)    (0.000,10)    (0.000,14)    (0.200,11)    (0.000,9)    (0.000,8)    
Total frac: 1.000

Sketch (23) (cm: eps0: 0.000625, del0: 0.05, min_mem: 16.9921875)
Par: 1, Rows: 1
(0.000,8)    (0.000,1)    (0.800,2)    (0.000,9)    (0.000,12)    
Total frac: 0.800
Par: 2, Rows: 1
(0.800,2)    (0.000,8)    (0.000,1)    (0.000,9)    (0.000,12)    
Total frac: 0.800
Par: 3, Rows: 1
(0.000,12)    (0.000,1)    (0.800,2)    (0.000,8)    (0.000,9)    
Total frac: 0.800

Sketch (24) (cm: eps0: 0.000625, del0: 0.05, min_mem: 16.9921875)
Par: 1, Rows: 1
(0.000,11)    (0.000,12)    (0.000,5)    (0.000,3)    (0.000,14)    (0.100,9)    (0.000,10)    (0.000,8)    (0.900,7)    (0.000,6)    (0.000,2)    (0.600,0)    (0.000,13)    
Total frac: 1.600
Par: 2, Rows: 1
(0.000,2)    (0.600,0)    (0.000,12)    (0.100,9)    (0.000,14)    (0.900,7)    (0.000,10)    (0.000,8)    (0.000,13)    (0.000,11)    (0.000,5)    (0.000,6)    (0.000,3)    
Total frac: 1.600
Par: 3, Rows: 1
(0.000,14)    (0.100,9)    (0.000,10)    (0.600,0)    (0.000,11)    (0.000,12)    (0.000,3)    (0.000,6)    (0.000,2)    (0.000,13)    (0.000,8)    (0.000,5)    (0.900,7)    
Total frac: 1.600

Sketch (25) (cm: eps0: 0.000625, del0: 0.05, min_mem: 16.9921875)
Par: 1, Rows: 1
(0.000,14)    (0.200,11)    (0.500,3)    (0.000,10)    (0.000,0)    (0.000,1)    (0.200,12)    (0.500,13)    (0.000,4)    (0.000,5)    (0.000,6)    (0.400,2)    (0.000,7)    (0.000,8)    (0.100,9)    
Total frac: 1.900
Par: 2, Rows: 1
(0.000,8)    (0.000,7)    (0.400,2)    (0.000,6)    (0.500,13)    (0.000,1)    (0.200,12)    (0.000,5)    (0.000,0)    (0.000,4)    (0.200,11)    (0.500,3)    (0.000,10)    (0.000,14)    (0.100,9)    
Total frac: 1.900
Par: 3, Rows: 1
(0.000,14)    (0.000,8)    (0.500,13)    (0.000,1)    (0.000,5)    (0.400,2)    (0.200,11)    (0.000,6)    (0.500,3)    (0.200,12)    (0.000,0)    (0.000,4)    (0.100,9)    (0.000,7)    (0.000,10)    
Total frac: 1.900

Sketch (26) (cm: eps0: 0.000625, del0: 0.05, min_mem: 16.9921875)
Par: 1, Rows: 1
(1.000,6)    (0.000,13)    (0.100,5)    (0.000,8)    (0.000,7)    (0.000,10)    (0.700,14)    (0.000,9)    (0.000,12)    (0.000,0)    (0.000,4)    (0.000,11)    (0.000,3)    
Total frac: 1.800
Par: 2, Rows: 1
(0.100,5)    (1.000,6)    (0.000,7)    (0.000,8)    (0.000,9)    (0.000,10)    (0.700,14)    (0.000,11)    (0.000,3)    (0.000,12)    (0.000,0)    (0.000,13)    (0.000,4)    
Total frac: 1.800
Par: 3, Rows: 1
(0.000,0)    (0.700,14)    (0.000,7)    (0.100,5)    (1.000,6)    (0.000,3)    (0.000,4)    (0.000,13)    (0.000,11)    (0.000,12)    (0.000,9)    (0.000,10)    (0.000,8)    
Total frac: 1.800

Sketch (27) (cm: eps0: 0.000625, del0: 0.05, min_mem: 16.9921875)
Par: 1, Rows: 1
(0.000,12)    (0.425,10)    (0.000,8)    (0.000,7)    (0.375,5)    (0.000,2)    (0.100,3)    (0.200,0)    (0.000,14)    (0.000,13)    (0.000,11)    (0.100,6)    (0.700,9)    
Total frac: 1.900
Par: 2, Rows: 1
(0.000,2)    (0.000,14)    (0.000,11)    (0.000,12)    (0.000,8)    (0.375,5)    (0.100,6)    (0.000,13)    (0.700,9)    (0.425,10)    (0.200,0)    (0.000,7)    (0.100,3)    
Total frac: 1.900
Par: 3, Rows: 1
(0.000,11)    (0.375,5)    (0.000,2)    (0.000,14)    (0.000,12)    (0.000,13)    (0.000,8)    (0.100,6)    (0.700,9)    (0.000,7)    (0.100,3)    (0.425,10)    (0.200,0)    
Total frac: 1.900

Sketch (28) (cm: eps0: 0.000625, del0: 0.05, min_mem: 16.9921875)
Par: 1, Rows: 1
(0.000,5)    (0.000,14)    (0.000,4)    (0.200,6)    (0.700,13)    (0.000,12)    (0.000,10)    (0.000,11)    (0.000,9)    (0.200,8)    (0.300,2)    (0.000,1)    (0.000,7)    (0.500,0)    
Total frac: 1.900
Par: 2, Rows: 1
(0.700,13)    (0.500,0)    (0.000,14)    (0.000,4)    (0.000,11)    (0.200,6)    (0.000,9)    (0.000,12)    (0.000,10)    (0.200,8)    (0.000,1)    (0.000,7)    (0.000,5)    (0.300,2)    
Total frac: 1.900
Par: 3, Rows: 1
(0.000,10)    (0.000,9)    (0.000,7)    (0.500,0)    (0.000,4)    (0.300,2)    (0.000,12)    (0.000,1)    (0.000,5)    (0.000,14)    (0.000,11)    (0.200,8)    (0.200,6)    (0.700,13)    
Total frac: 1.900

Sketch (29) (cm: eps0: 0.000625, del0: 0.05, min_mem: 16.9921875)
Par: 1, Rows: 1
(0.000,8)    (0.000,6)    (0.100,9)    (0.200,7)    (0.000,10)    (0.000,3)    (0.000,0)    (0.000,1)    (0.700,4)    (0.100,5)    (0.000,11)    (0.000,2)    (0.700,12)    (0.000,13)    (0.000,14)    
Total frac: 1.800
Par: 2, Rows: 1
(0.100,9)    (0.000,10)    (0.000,8)    (0.000,1)    (0.000,2)    (0.000,0)    (0.200,7)    (0.000,6)    (0.000,14)    (0.000,13)    (0.000,11)    (0.700,12)    (0.100,5)    (0.000,3)    (0.700,4)    
Total frac: 1.800
Par: 3, Rows: 1
(0.000,1)    (0.200,7)    (0.000,10)    (0.000,8)    (0.000,2)    (0.000,0)    (0.000,13)    (0.000,11)    (0.100,5)    (0.000,6)    (0.000,3)    (0.000,14)    (0.700,12)    (0.100,9)    (0.700,4)    
Total frac: 1.800

Sketch (30) (cm: eps0: 0.000625, del0: 0.05, min_mem: 16.9921875)
Par: 1, Rows: 1
(0.000,11)    (0.000,12)    (1.000,3)    (0.700,6)    (0.000,14)    (0.000,13)    (0.000,8)    (0.000,5)    (0.000,9)    (0.000,10)    (0.000,1)    
Total frac: 1.700
Par: 2, Rows: 1
(0.000,12)    (0.000,13)    (0.000,5)    (0.700,6)    (0.000,14)    (0.000,8)    (0.000,9)    (0.000,1)    (0.000,11)    (1.000,3)    (0.000,10)    
Total frac: 1.700
Par: 3, Rows: 1
(0.700,6)    (0.000,13)    (0.000,12)    (0.000,5)    (0.000,14)    (0.000,11)    (1.000,3)    (0.000,10)    (0.000,9)    (0.000,8)    (0.000,1)    
Total frac: 1.700

Sketch (31) (cm: eps0: 0.000625, del0: 0.05, min_mem: 16.9921875)
Par: 1, Rows: 1
(0.000,5)    (0.000,11)    (0.460,6)    (0.000,3)    (0.000,12)    (0.000,14)    (0.000,9)    (0.040,1)    (0.000,7)    (0.000,10)    (0.000,2)    (0.760,8)    (0.240,13)    (0.000,0)    
Total frac: 1.500
Par: 2, Rows: 1
(0.760,8)    (0.000,7)    (0.000,0)    (0.000,10)    (0.000,2)    (0.000,9)    (0.000,12)    (0.040,1)    (0.000,11)    (0.000,3)    (0.460,6)    (0.240,13)    (0.000,5)    (0.000,14)    
Total frac: 1.500
Par: 3, Rows: 1
(0.000,14)    (0.760,8)    (0.000,9)    (0.000,0)    (0.040,1)    (0.000,10)    (0.000,11)    (0.000,2)    (0.000,3)    (0.000,12)    (0.240,13)    (0.000,5)    (0.460,6)    (0.000,7)    
Total frac: 1.500

Sketch (32) (cm: eps0: 0.000625, del0: 0.05, min_mem: 16.9921875)
Par: 1, Rows: 1
(0.000,7)    (0.000,6)    (0.000,4)    (0.100,1)    (0.000,2)    (0.000,14)    (0.000,13)    (0.900,11)    (0.000,12)    (0.000,9)    (0.000,10)    (0.000,8)    
Total frac: 1.000
Par: 2, Rows: 1
(0.000,10)    (0.000,8)    (0.000,7)    (0.100,1)    (0.000,6)    (0.000,4)    (0.000,2)    (0.000,13)    (0.900,11)    (0.000,14)    (0.000,9)    (0.000,12)    
Total frac: 1.000
Par: 3, Rows: 1
(0.000,6)    (0.900,11)    (0.000,12)    (0.100,1)    (0.000,2)    (0.000,8)    (0.000,14)    (0.000,13)    (0.000,7)    (0.000,9)    (0.000,10)    (0.000,4)    
Total frac: 1.000

Sketch (33) (cm: eps0: 0.000625, del0: 0.05, min_mem: 16.9921875)
Par: 1, Rows: 1
(0.000,6)    (0.000,12)    (0.200,2)    (0.000,13)    (0.700,8)    (0.000,14)    (0.000,9)    (0.500,10)    (0.200,4)    (0.300,5)    (0.000,0)    (0.000,11)    (0.000,1)    
Total frac: 1.900
Par: 2, Rows: 1
(0.000,0)    (0.000,14)    (0.000,13)    (0.000,12)    (0.500,10)    (0.000,11)    (0.000,9)    (0.700,8)    (0.300,5)    (0.200,4)    (0.200,2)    (0.000,6)    (0.000,1)    
Total frac: 1.900
Par: 3, Rows: 1
(0.000,13)    (0.000,6)    (0.000,0)    (0.000,11)    (0.000,14)    (0.000,9)    (0.000,12)    (0.500,10)    (0.300,5)    (0.700,8)    (0.000,1)    (0.200,4)    (0.200,2)    
Total frac: 1.900

Sketch (34) (cm: eps0: 0.000625, del0: 0.05, min_mem: 16.9921875)
Par: 1, Rows: 1
(0.000,4)    (0.000,9)    (0.000,3)    (0.000,0)    (0.000,5)    (0.000,12)    (0.000,2)    (0.000,11)    (0.000,1)    (0.000,8)    (0.000,14)    (0.800,13)    (0.000,7)    (0.100,10)    
Total frac: 0.900
Par: 2, Rows: 1
(0.000,3)    (0.100,10)    (0.000,4)    (0.000,5)    (0.000,0)    (0.000,11)    (0.000,1)    (0.000,12)    (0.000,2)    (0.800,13)    (0.000,7)    (0.000,8)    (0.000,14)    (0.000,9)    
Total frac: 0.900
Par: 3, Rows: 1
(0.100,10)    (0.000,7)    (0.000,8)    (0.000,1)    (0.000,2)    (0.000,0)    (0.000,5)    (0.000,3)    (0.000,4)    (0.800,13)    (0.000,11)    (0.000,12)    (0.000,14)    (0.000,9)    
Total frac: 0.900

Sketch (35) (cm: eps0: 0.000625, del0: 0.05, min_mem: 16.9921875)
Par: 1, Rows: 1
(0.000,1)    (0.000,8)    (0.200,6)    (0.000,13)    (0.000,0)    (0.000,11)    (0.000,12)    (0.800,14)    (0.000,7)    
Total frac: 1.000
Par: 2, Rows: 1
(0.000,13)    (0.000,7)    (0.000,8)    (0.800,14)    (0.000,0)    (0.200,6)    (0.000,11)    (0.000,12)    (0.000,1)    
Total frac: 1.000
Par: 3, Rows: 1
(0.000,12)    (0.000,13)    (0.000,7)    (0.000,8)    (0.800,14)    (0.000,0)    (0.000,11)    (0.000,1)    (0.200,6)    
Total frac: 1.000

Sketch (36) (cm: eps0: 0.000625, del0: 0.05, min_mem: 16.9921875)
Par: 1, Rows: 1
(0.000,13)    (0.100,3)    (0.000,12)    (0.000,14)    (0.000,10)    (0.900,9)    (0.000,8)    (0.000,2)    (0.000,1)    (0.000,5)    
Total frac: 1.000
Par: 2, Rows: 1
(0.000,12)    (0.000,14)    (0.900,9)    (0.000,10)    (0.000,1)    (0.000,5)    (0.000,8)    (0.000,2)    (0.000,13)    (0.100,3)    
Total frac: 1.000
Par: 3, Rows: 1
(0.000,10)    (0.900,9)    (0.100,3)    (0.000,12)    (0.000,2)    (0.000,1)    (0.000,5)    (0.000,13)    (0.000,8)    (0.000,14)    
Total frac: 1.000

Sketch (37) (cm: eps0: 0.000625, del0: 0.05, min_mem: 16.9921875)
Par: 1, Rows: 1
(0.700,8)    (0.000,14)    (0.000,9)    (0.000,3)    (0.000,10)    (0.000,0)    (0.300,11)    (0.000,4)    (0.000,1)    (0.000,12)    (0.000,13)    (0.000,6)    (0.500,7)    
Total frac: 1.500
Par: 2, Rows: 1
(0.000,3)    (0.000,4)    (0.000,13)    (0.300,11)    (0.000,12)    (0.000,9)    (0.000,10)    (0.700,8)    (0.000,1)    (0.000,0)    (0.000,14)    (0.500,7)    (0.000,6)    
Total frac: 1.500
Par: 3, Rows: 1
(0.000,6)    (0.000,4)    (0.000,13)    (0.300,11)    (0.000,9)    (0.000,1)    (0.000,12)    (0.000,10)    (0.700,8)    (0.500,7)    (0.000,3)    (0.000,0)    (0.000,14)    
Total frac: 1.500

Sketch (38) (cm: eps0: 0.000625, del0: 0.05, min_mem: 16.9921875)
Par: 1, Rows: 1
(0.000,0)    (0.200,13)    (0.000,7)    (0.600,9)    (0.200,10)    (0.000,3)    (0.000,4)    (0.200,1)    (0.100,2)    (0.000,14)    (0.000,5)    (0.000,6)    (0.000,11)    (0.000,12)    (0.400,8)    
Total frac: 1.700
Par: 2, Rows: 1
(0.400,8)    (0.000,7)    (0.600,9)    (0.000,3)    (0.000,0)    (0.200,1)    (0.200,10)    (0.000,4)    (0.000,5)    (0.100,2)    (0.000,11)    (0.000,14)    (0.000,6)    (0.000,12)    (0.200,13)    
Total frac: 1.700
Par: 3, Rows: 1
(0.000,11)    (0.600,9)    (0.100,2)    (0.400,8)    (0.200,1)    (0.000,7)    (0.000,0)    (0.000,5)    (0.000,14)    (0.000,4)    (0.000,6)    (0.000,3)    (0.200,13)    (0.000,12)    (0.200,10)    
Total frac: 1.700

Sketch (39) (cm: eps0: 0.000625, del0: 0.05, min_mem: 16.9921875)
Par: 1, Rows: 1
(0.000,12)    (0.000,10)    (0.700,1)    (0.000,7)    (0.200,2)    (0.000,8)    (0.000,3)    (0.000,0)    (0.000,14)    (0.500,4)    (0.000,13)    (0.700,6)    (0.000,11)    (0.300,9)    
Total frac: 2.400
Par: 2, Rows: 1
(0.000,14)    (0.000,12)    (0.700,6)    (0.000,11)    (0.000,8)    (0.000,13)    (0.000,7)    (0.000,0)    (0.000,10)    (0.500,4)    (0.300,9)    (0.200,2)    (0.000,3)    (0.700,1)    
Total frac: 2.400
Par: 3, Rows: 1
(0.000,11)    (0.000,14)    (0.000,12)    (0.000,13)    (0.700,6)    (0.000,7)    (0.000,8)    (0.300,9)    (0.000,3)    (0.000,0)    (0.000,10)    (0.700,1)    (0.500,4)    (0.200,2)    
Total frac: 2.400

Sketch (40) (cm: eps0: 0.000625, del0: 0.05, min_mem: 16.9921875)
Par: 1, Rows: 1
(0.000,5)    (0.000,3)    (0.000,4)    (0.000,13)    (0.000,11)    (0.200,12)    (0.000,1)    (0.800,2)    (0.800,0)    (0.000,9)    (0.000,10)    (0.000,7)    (0.000,8)    (1.000,6)    (0.000,14)    
Total frac: 2.800
Par: 2, Rows: 1
(0.000,3)    (0.000,13)    (0.000,14)    (0.000,11)    (0.000,4)    (0.000,1)    (0.200,12)    (0.000,9)    (0.000,7)    (0.800,2)    (0.800,0)    (0.000,10)    (0.000,8)    (0.000,5)    (1.000,6)    
Total frac: 2.800
Par: 3, Rows: 1
(0.000,7)    (0.000,8)    (0.000,1)    (0.800,2)    (0.000,9)    (0.000,10)    (0.000,3)    (0.000,4)    (1.000,6)    (0.000,11)    (0.200,12)    (0.000,14)    (0.000,5)    (0.800,0)    (0.000,13)    
Total frac: 2.800

Sketch (41) (cm: eps0: 0.000625, del0: 0.05, min_mem: 16.9921875)
Par: 1, Rows: 1
(0.480,1)    (0.000,8)    (0.000,9)    (0.320,3)    (0.000,11)    (0.000,10)    (0.000,4)    (0.900,5)    (0.000,6)    (0.000,12)    (0.000,13)    
Total frac: 1.700
Par: 2, Rows: 1
(0.480,1)    (0.000,10)    (0.000,9)    (0.000,8)    (0.000,6)    (0.900,5)    (0.000,4)    (0.000,13)    (0.320,3)    (0.000,12)    (0.000,11)    
Total frac: 1.700
Par: 3, Rows: 1
(0.000,9)    (0.000,10)    (0.900,5)    (0.000,8)    (0.000,13)    (0.000,6)    (0.320,3)    (0.000,11)    (0.000,4)    (0.000,12)    (0.480,1)    
Total frac: 1.700

Sketch (42) (cm: eps0: 0.000625, del0: 0.05, min_mem: 16.9921875)
Par: 1, Rows: 1
(0.000,12)    (0.000,14)    (0.000,13)    (0.000,0)    (0.000,8)    (0.035,10)    (0.765,4)    
Total frac: 0.800
Par: 2, Rows: 1
(0.765,4)    (0.000,12)    (0.000,13)    (0.000,14)    (0.000,0)    (0.000,8)    (0.035,10)    
Total frac: 0.800
Par: 3, Rows: 1
(0.035,10)    (0.000,13)    (0.765,4)    (0.000,0)    (0.000,12)    (0.000,14)    (0.000,8)    
Total frac: 0.800

Sketch (43) (cm: eps0: 0.000625, del0: 0.05, min_mem: 16.9921875)
Par: 1, Rows: 1
(0.800,12)    (0.100,3)    (0.000,14)    (0.000,5)    (0.000,8)    (0.100,10)    (0.000,1)    (0.000,13)    (0.000,9)    (0.000,4)    
Total frac: 1.000
Par: 2, Rows: 1
(0.000,1)    (0.000,13)    (0.800,12)    (0.000,9)    (0.000,8)    (0.100,3)    (0.000,14)    (0.100,10)    (0.000,5)    (0.000,4)    
Total frac: 1.000
Par: 3, Rows: 1
(0.000,13)    (0.000,4)    (0.000,9)    (0.800,12)    (0.100,3)    (0.000,8)    (0.000,14)    (0.000,5)    (0.100,10)    (0.000,1)    
Total frac: 1.000

Sketch (44) (cm: eps0: 0.000625, del0: 0.05, min_mem: 16.9921875)
Par: 1, Rows: 1
(0.000,6)    (0.000,12)    (0.000,0)    (0.000,10)    (0.700,14)    (0.000,8)    (0.200,5)    (0.000,13)    (0.000,11)    
Total frac: 0.900
Par: 2, Rows: 1
(0.000,6)    (0.000,12)    (0.000,0)    (0.200,5)    (0.000,10)    (0.700,14)    (0.000,8)    (0.000,13)    (0.000,11)    
Total frac: 0.900
Par: 3, Rows: 1
(0.000,10)    (0.700,14)    (0.000,11)    (0.200,5)    (0.000,13)    (0.000,12)    (0.000,0)    (0.000,8)    (0.000,6)    
Total frac: 0.900

Sketch (45) (cm: eps0: 0.000625, del0: 0.05, min_mem: 16.9921875)
Par: 1, Rows: 1
(0.900,2)    (0.000,6)    (0.000,11)    (0.100,5)    (0.700,10)    (0.000,14)    (0.000,13)    (0.600,1)    (0.000,4)    (0.000,7)    (0.000,9)    (0.000,12)    (0.100,0)    (0.000,3)    (0.000,8)    
Total frac: 2.400
Par: 2, Rows: 1
(0.000,14)    (0.000,8)    (0.600,1)    (0.700,10)    (0.000,11)    (0.000,13)    (0.000,3)    (0.100,5)    (0.000,6)    (0.100,0)    (0.900,2)    (0.000,9)    (0.000,12)    (0.000,4)    (0.000,7)    
Total frac: 2.400
Par: 3, Rows: 1
(0.600,1)    (0.000,11)    (0.000,13)    (0.000,3)    (0.000,14)    (0.100,5)    (0.000,8)    (0.700,10)    (0.000,9)    (0.000,6)    (0.100,0)    (0.000,7)    (0.900,2)    (0.000,12)    (0.000,4)    
Total frac: 2.400

Sketch (46) (cm: eps0: 0.000625, del0: 0.05, min_mem: 16.9921875)
Par: 1, Rows: 1
(0.000,12)    (1.000,5)    (0.000,6)    (0.000,2)    (0.000,9)    (0.000,8)    (0.000,11)    (0.700,1)    (0.000,10)    (0.000,13)    
Total frac: 1.700
Par: 2, Rows: 1
(0.000,10)    (0.000,12)    (0.000,9)    (0.000,6)    (0.000,11)    (0.000,2)    (0.000,8)    (0.700,1)    (0.000,13)    (1.000,5)    
Total frac: 1.700
Par: 3, Rows: 1
(0.000,2)    (0.000,6)    (0.000,12)    (0.000,9)    (0.000,10)    (0.000,13)    (0.000,8)    (0.700,1)    (1.000,5)    (0.000,11)    
Total frac: 1.700

Sketch (47) (cm: eps0: 0.000625, del0: 0.05, min_mem: 16.9921875)
Par: 1, Rows: 1
(0.300,9)    (0.100,7)    (0.000,2)    (0.000,12)    (0.000,0)    (0.000,4)    (0.000,13)    (0.000,1)    (0.000,11)    (0.000,10)    (0.700,3)    (0.000,14)    (0.700,8)    
Total frac: 1.800
Par: 2, Rows: 1
(0.700,8)    (0.000,11)    (0.700,3)    (0.000,10)    (0.000,14)    (0.000,13)    (0.000,12)    (0.000,1)    (0.000,0)    (0.000,4)    (0.100,7)    (0.000,2)    (0.300,9)    
Total frac: 1.800
Par: 3, Rows: 1
(0.700,3)    (0.700,8)    (0.000,13)    (0.000,1)    (0.000,10)    (0.100,7)    (0.000,14)    (0.000,12)    (0.000,0)    (0.000,4)    (0.300,9)    (0.000,2)    (0.000,11)    
Total frac: 1.800

Sketch (48) (cm: eps0: 0.000625, del0: 0.05, min_mem: 16.9921875)
Par: 1, Rows: 1
(0.000,0)    (0.000,11)    (0.325,13)    (0.675,14)    (0.000,9)    (0.000,6)    (0.000,12)    (0.000,1)    (0.000,8)    (0.000,10)    (0.000,7)    (0.000,3)    (0.000,5)    
Total frac: 1.000
Par: 2, Rows: 1
(0.000,9)    (0.000,0)    (0.675,14)    (0.000,1)    (0.000,6)    (0.000,7)    (0.000,12)    (0.000,3)    (0.000,5)    (0.000,8)    (0.000,10)    (0.000,11)    (0.325,13)    
Total frac: 1.000
Par: 3, Rows: 1
(0.000,7)    (0.000,6)    (0.000,3)    (0.000,1)    (0.000,0)    (0.000,11)    (0.000,10)    (0.000,5)    (0.325,13)    (0.000,12)    (0.675,14)    (0.000,9)    (0.000,8)    
Total frac: 1.000

Sketch (49) (cm: eps0: 0.000625, del0: 0.05, min_mem: 16.9921875)
Par: 1, Rows: 1
(0.300,3)    (0.700,14)    (0.000,6)    (0.000,11)    (0.000,10)    (0.000,13)    (0.000,4)    (0.000,9)    (0.000,2)    (0.000,12)    
Total frac: 1.000
Par: 2, Rows: 1
(0.000,10)    (0.300,3)    (0.000,2)    (0.000,13)    (0.000,11)    (0.000,4)    (0.700,14)    (0.000,9)    (0.000,6)    (0.000,12)    
Total frac: 1.000
Par: 3, Rows: 1
(0.000,6)    (0.000,12)    (0.000,10)    (0.300,3)    (0.000,13)    (0.000,11)    (0.000,2)    (0.000,9)    (0.000,4)    (0.700,14)    
Total frac: 1.000

Sketch (50) (cm: eps0: 0.000625, del0: 0.05, min_mem: 16.9921875)
Par: 1, Rows: 1
(0.000,5)    (0.000,4)    (0.000,2)    (0.000,13)    (0.100,12)    (0.000,14)    (0.800,9)    (0.000,8)    (0.100,6)    (0.100,3)    (0.900,10)    (0.000,1)    (0.000,0)    (0.000,11)    
Total frac: 2.000
Par: 2, Rows: 1
(0.000,0)    (0.000,13)    (0.000,4)    (0.000,2)    (0.800,9)    (0.100,12)    (0.100,3)    (0.000,14)    (0.000,8)    (0.000,1)    (0.100,6)    (0.000,11)    (0.000,5)    (0.900,10)    
Total frac: 2.000
Par: 3, Rows: 1
(0.100,3)    (0.000,5)    (0.100,6)    (0.000,14)    (0.800,9)    (0.100,12)    (0.000,1)    (0.000,4)    (0.000,8)    (0.900,10)    (0.000,0)    (0.000,11)    (0.000,2)    (0.000,13)    
Total frac: 2.000

Sketch (51) (cm: eps0: 0.000625, del0: 0.05, min_mem: 16.9921875)
Par: 1, Rows: 1
(0.300,10)    (0.000,0)    (0.700,2)    (0.000,9)    (0.400,6)    (0.100,14)    (0.000,12)    (0.000,4)    (0.000,11)    (0.000,13)    (0.000,3)    (0.600,5)    (0.400,8)    
Total frac: 2.500
Par: 2, Rows: 1
(0.100,14)    (0.000,9)    (0.400,8)    (0.000,0)    (0.000,11)    (0.000,3)    (0.300,10)    (0.700,2)    (0.000,13)    (0.000,12)    (0.600,5)    (0.000,4)    (0.400,6)    
Total frac: 2.500
Par: 3, Rows: 1
(0.400,6)    (0.000,11)    (0.000,3)    (0.100,14)    (0.400,8)    (0.000,0)    (0.000,13)    (0.600,5)    (0.300,10)    (0.700,2)    (0.000,12)    (0.000,4)    (0.000,9)    
Total frac: 2.500

Sketch (52) (cm: eps0: 0.000625, del0: 0.05, min_mem: 16.9921875)
Par: 1, Rows: 1
(0.100,7)    (0.000,1)    (0.000,10)    (0.000,2)    (0.000,13)    (0.100,8)    (0.000,5)    (0.800,11)    (0.200,3)    (0.000,6)    (0.000,12)    (0.000,4)    (0.000,14)    (0.700,9)    
Total frac: 1.900
Par: 2, Rows: 1
(0.000,4)    (0.000,14)    (0.000,13)    (0.000,5)    (0.800,11)    (0.000,10)    (0.200,3)    (0.000,2)    (0.100,8)    (0.700,9)    (0.100,7)    (0.000,1)    (0.000,6)    (0.000,12)    
Total frac: 1.900
Par: 3, Rows: 1
(0.000,10)    (0.000,2)    (0.000,13)    (0.000,12)    (0.000,5)    (0.000,4)    (0.100,7)    (0.000,6)    (0.000,14)    (0.700,9)    (0.100,8)    (0.000,1)    (0.800,11)    (0.200,3)    
Total frac: 1.900

Sketch (53) (cm: eps0: 0.000625, del0: 0.05, min_mem: 16.9921875)
Par: 1, Rows: 1
(0.000,5)    (0.800,10)    (0.000,7)    (0.000,2)    (0.200,12)    (0.000,4)    (0.000,9)    (0.000,1)    (0.000,11)    (0.000,14)    (0.000,8)    (0.600,0)    (0.000,13)    
Total frac: 1.600
Par: 2, Rows: 1
(0.000,11)    (0.000,4)    (0.000,13)    (0.600,0)    (0.000,9)    (0.000,2)    (0.000,14)    (0.000,7)    (0.200,12)    (0.000,5)    (0.000,8)    (0.800,10)    (0.000,1)    
Total frac: 1.600
Par: 3, Rows: 1
(0.000,9)    (0.000,4)    (0.600,0)    (0.000,7)    (0.000,2)    (0.000,14)    (0.000,5)    (0.000,1)    (0.200,12)    (0.000,8)    (0.800,10)    (0.000,11)    (0.000,13)    
Total frac: 1.600

Sketch (54) (cm: eps0: 0.000625, del0: 0.05, min_mem: 16.9921875)
Par: 1, Rows: 1
(0.000,14)    (0.000,11)    (0.000,1)    (0.000,0)    (0.200,7)    (0.000,13)    (0.800,12)    (0.000,3)    (0.000,9)    (0.000,8)    (0.000,2)    
Total frac: 1.000
Par: 2, Rows: 1
(0.000,8)    (0.000,2)    (0.000,14)    (0.000,11)    (0.000,1)    (0.000,0)    (0.200,7)    (0.000,13)    (0.000,3)    (0.000,9)    (0.800,12)    
Total frac: 1.000
Par: 3, Rows: 1
(0.000,3)    (0.000,8)    (0.000,1)    (0.000,13)    (0.000,11)    (0.000,2)    (0.000,0)    (0.000,9)    (0.200,7)    (0.000,14)    (0.800,12)    
Total frac: 1.000

Sketch (55) (cm: eps0: 0.000625, del0: 0.05, min_mem: 16.9921875)
Par: 1, Rows: 1
(0.000,14)    (0.000,12)    (0.700,1)    (0.000,10)    (0.000,8)    (0.000,13)    (0.000,11)    (0.700,4)    (0.300,7)    (0.000,0)    (0.000,5)    
Total frac: 1.700
Par: 2, Rows: 1
(0.000,0)    (0.300,7)    (0.000,13)    (0.000,12)    (0.000,8)    (0.000,14)    (0.000,5)    (0.700,4)    (0.000,10)    (0.000,11)    (0.700,1)    
Total frac: 1.700
Par: 3, Rows: 1
(0.300,7)    (0.000,13)    (0.000,0)    (0.000,12)    (0.000,5)    (0.000,8)    (0.000,14)    (0.000,11)    (0.700,1)    (0.700,4)    (0.000,10)    
Total frac: 1.700

Sketch (56) (cm: eps0: 0.000625, del0: 0.05, min_mem: 16.9921875)
Par: 1, Rows: 1
(0.000,2)    (0.000,4)    (0.000,7)    (0.000,9)    (0.000,12)    (0.000,14)    (0.900,1)    (0.000,3)    (0.000,5)    (0.000,8)    (0.100,10)    (0.605,11)    (0.295,13)    (0.000,6)    (0.000,0)    
Total frac: 1.900
Par: 2, Rows: 1
(0.000,6)    (0.000,0)    (0.000,7)    (0.000,2)    (0.000,9)    (0.000,4)    (0.900,1)    (0.000,12)    (0.000,3)    (0.000,14)    (0.000,5)    (0.605,11)    (0.295,13)    (0.000,8)    (0.100,10)    
Total frac: 1.900
Par: 3, Rows: 1
(0.000,3)    (0.000,9)    (0.000,8)    (0.605,11)    (0.000,14)    (0.900,1)    (0.000,0)    (0.000,5)    (0.000,4)    (0.100,10)    (0.000,7)    (0.295,13)    (0.000,12)    (0.000,6)    (0.000,2)    
Total frac: 1.900

Sketch (57) (cm: eps0: 0.000625, del0: 0.05, min_mem: 16.9921875)
Par: 1, Rows: 1
(0.900,11)    (0.000,1)    (0.000,8)    (0.000,14)    (0.000,5)    (1.000,0)    (0.100,7)    (0.000,13)    (0.000,10)    (0.000,12)    (0.000,6)    (0.000,3)    (0.000,2)    (0.000,9)    
Total frac: 2.000
Par: 2, Rows: 1
(0.000,14)    (0.000,1)    (0.000,5)    (0.000,10)    (0.000,3)    (0.000,13)    (0.000,8)    (0.900,11)    (0.000,2)    (0.000,6)    (1.000,0)    (0.100,7)    (0.000,12)    (0.000,9)    
Total frac: 2.000
Par: 3, Rows: 1
(0.000,5)    (0.000,3)    (0.000,14)    (0.000,13)    (0.900,11)    (0.000,10)    (0.000,8)    (0.100,7)    (0.000,2)    (0.000,6)    (1.000,0)    (0.000,9)    (0.000,12)    (0.000,1)    
Total frac: 2.000

Sketch (58) (cm: eps0: 0.000625, del0: 0.05, min_mem: 16.9921875)
Par: 1, Rows: 1
(0.000,7)    (0.000,13)    (0.000,12)    (0.600,2)    (0.000,6)    (0.100,3)    (0.100,9)    (0.000,8)    (0.000,11)    (0.000,14)    (0.700,1)    (0.000,0)    (0.000,5)    (0.000,4)    (1.000,10)    
Total frac: 2.500
Par: 2, Rows: 1
(0.000,0)    (0.000,4)    (1.000,10)    (0.000,12)    (0.600,2)    (0.000,6)    (0.100,3)    (0.100,9)    (0.000,11)    (0.700,1)    (0.000,5)    (0.000,8)    (0.000,7)    (0.000,14)    (0.000,13)    
Total frac: 2.500
Par: 3, Rows: 1
(0.700,1)    (0.000,7)    (0.000,12)    (0.100,3)    (0.000,5)    (0.000,8)    (1.000,10)    (0.000,0)    (0.600,2)    (0.000,14)    (0.000,11)    (0.000,4)    (0.000,13)    (0.000,6)    (0.100,9)    
Total frac: 2.500

Sketch (59) (cm: eps0: 0.000625, del0: 0.05, min_mem: 16.9921875)
Par: 1, Rows: 1
(0.800,3)    (0.000,12)    (0.800,8)    (0.000,10)    (0.000,11)    (0.000,0)    (0.000,13)    (0.000,2)    (0.000,9)    (0.000,14)    (0.000,4)    (0.000,1)    (0.100,6)    
Total frac: 1.700
Par: 2, Rows: 1
(0.000,4)    (0.000,10)    (0.000,2)    (0.000,14)    (0.000,13)    (0.000,12)    (0.100,6)    (0.800,3)    (0.000,9)    (0.800,8)    (0.000,1)    (0.000,0)    (0.000,11)    
Total frac: 1.700
Par: 3, Rows: 1
(0.000,4)    (0.000,10)    (0.000,13)    (0.000,2)    (0.800,3)    (0.000,9)    (0.000,14)    (0.000,1)    (0.000,12)    (0.100,6)    (0.800,8)    (0.000,11)    (0.000,0)    
Total frac: 1.700

Sketch (60) (cm: eps0: 0.000625, del0: 0.05, min_mem: 16.9921875)
Par: 1, Rows: 1
(0.000,0)    (0.700,13)    (0.200,14)    (0.100,11)    (0.000,6)    (0.000,9)    (0.000,7)    (0.000,12)    (0.000,5)    (0.000,10)    (0.000,8)    (0.000,2)    
Total frac: 1.000
Par: 2, Rows: 1
(0.000,8)    (0.700,13)    (0.000,2)    (0.100,11)    (0.000,0)    (0.000,9)    (0.200,14)    (0.000,7)    (0.000,6)    (0.000,5)    (0.000,12)    (0.000,10)    
Total frac: 1.000
Par: 3, Rows: 1
(0.000,6)    (0.000,9)    (0.000,8)    (0.000,0)    (0.000,5)    (0.000,10)    (0.100,11)    (0.000,2)    (0.000,7)    (0.700,13)    (0.000,12)    (0.200,14)    
Total frac: 1.000

Sketch (61) (cm: eps0: 0.000625, del0: 0.05, min_mem: 16.9921875)
Par: 1, Rows: 1
(0.000,9)    (0.165,12)    (0.135,14)    (0.000,1)    (0.000,6)    (0.485,5)    (0.000,8)    (0.000,11)    (0.000,0)    (0.000,10)    (0.700,7)    (0.000,13)    (0.215,2)    
Total frac: 1.700
Par: 2, Rows: 1
(0.000,9)    (0.165,12)    (0.000,0)    (0.215,2)    (0.485,5)    (0.000,8)    (0.000,10)    (0.000,11)    (0.000,13)    (0.000,6)    (0.135,14)    (0.000,1)    (0.700,7)    
Total frac: 1.700
Par: 3, Rows: 1
(0.165,12)    (0.485,5)    (0.000,11)    (0.000,0)    (0.000,13)    (0.215,2)    (0.000,8)    (0.000,10)    (0.000,1)    (0.000,6)    (0.700,7)    (0.000,9)    (0.135,14)    
Total frac: 1.700

Sketch (62) (cm: eps0: 0.000625, del0: 0.05, min_mem: 16.9921875)
Par: 1, Rows: 1
(0.000,2)    (0.000,5)    (0.000,4)    (0.800,10)    (0.000,13)    (0.000,12)    (0.000,6)    (0.000,14)    (0.000,1)    (0.700,0)    (0.000,3)    (0.000,9)    (0.200,8)    (0.000,11)    
Total frac: 1.700
Par: 2, Rows: 1
(0.000,5)    (0.000,13)    (0.000,2)    (0.000,4)    (0.800,10)    (0.000,1)    (0.000,12)    (0.000,6)    (0.000,3)    (0.000,9)    (0.000,14)    (0.000,11)    (0.700,0)    (0.200,8)    
Total frac: 1.700
Par: 3, Rows: 1
(0.000,13)    (0.200,8)    (0.000,11)    (0.000,6)    (0.000,4)    (0.000,14)    (0.000,1)    (0.000,12)    (0.000,9)    (0.000,2)    (0.000,5)    (0.700,0)    (0.800,10)    (0.000,3)    
Total frac: 1.700

Sketch (63) (cm: eps0: 0.000625, del0: 0.05, min_mem: 16.9921875)
Par: 1, Rows: 1
(0.860,0)    (0.000,10)    (0.000,8)    (0.000,7)    (0.040,1)    (1.000,6)    (0.000,14)    (0.000,12)    (0.000,5)    (0.000,13)    (0.000,11)    
Total frac: 1.900
Par: 2, Rows: 1
(0.000,14)    (0.040,1)    (0.860,0)    (0.000,8)    (0.000,11)    (0.000,5)    (0.000,10)    (0.000,7)    (0.000,13)    (0.000,12)    (1.000,6)    
Total frac: 1.900
Par: 3, Rows: 1
(0.040,1)    (1.000,6)    (0.000,14)    (0.000,11)    (0.860,0)    (0.000,5)    (0.000,8)    (0.000,7)    (0.000,13)    (0.000,10)    (0.000,12)    
Total frac: 1.900

Device (0) CPU1:
Rows total: 19.68
Mem total: 334.40625

Device (1) CPU2:
Rows total: 19.68
Mem total: 334.40625

Device (2) CPU3:
Rows total: 19.68
Mem total: 334.40625

Device (3) CPU4:
Rows total: 19.68
Mem total: 334.40625

Device (4) CPU5:
Rows total: 19.68
Mem total: 334.40625

Device (5) CPU6:
Rows total: 19.68
Mem total: 334.40625

Device (6) CPU7:
Rows total: 19.68
Mem total: 334.40625

Device (7) CPU8:
Rows total: 19.68
Mem total: 334.40625

Device (8) tor_P41:
Rows total: 19.68
Mem total: 334.40625

Device (9) tor_P42:
Rows total: 19.68
Mem total: 334.40625

Device (10) tor_P43:
Rows total: 19.68
Mem total: 334.40625

Device (11) tor_P44:
Rows total: 19.68
Mem total: 334.40625

Device (12) l1_P41:
Rows total: 19.68
Mem total: 334.40625

Device (13) l1_P42:
Rows total: 19.68
Mem total: 334.40625

Device (14) l2_P4:
Rows total: 19.68
Mem total: 334.40625
--------------------------------------------------
Infeasible placement
Function: MIP.solve took 0.22354340553283691 seconds
Function: solve took 0.22751951217651367 seconds
