Function: get_partitions took 0.00018715858459472656 seconds
Function: map_flows_partitions took 0.00024771690368652344 seconds
Building model with:
15 devices, 64 partitions and 320 flows
Using license file /home/anup/gurobi.lic
Academic license - for non-commercial use only
Function: MIP.add_frac_mem_var took 0.005576133728027344 seconds
Function: MIP.add_coverage_constraints took 0.0056040287017822266 seconds
Function: MIP.add_accuracy_constraints took 0.013722658157348633 seconds
Function: MIP.add_capacity_constraints took 0.005097866058349609 seconds
Changed value of parameter TimeLimit to 120.0
   Prev: inf  Min: 0.0  Max: inf  Default: inf
--------------------------------------------------
Starting model update
Model update took: 0.0008842945098876953 s
--------------------------------------------------
Starting model optimize
Gurobi Optimizer version 9.0.0 build v9.0.0rc2 (linux64)
Optimize a model with 1130 rows, 1590 columns and 5060 nonzeros
Model fingerprint: 0x8ed0c315
Model has 1 general constraint
Variable types: 811 continuous, 779 integer (779 binary)
Coefficient statistics:
  Matrix range     [1e+00, 5e+00]
  Objective range  [1e+00, 1e+00]
  Bounds range     [1e+00, 3e+04]
  RHS range        [7e-01, 1e+00]

---------------------------------------------------------------------------
Multi-objectives: starting optimization with 2 objectives ... 
---------------------------------------------------------------------------

Multi-objectives: applying initial presolve ...
---------------------------------------------------------------------------

Presolve removed 821 rows and 780 columns
Presolve time: 0.00s
Presolved: 309 rows and 810 columns
---------------------------------------------------------------------------

Multi-objectives: optimize objective 1 (max_mem) ...
---------------------------------------------------------------------------

Presolve time: 0.00s
Presolved: 309 rows, 810 columns, 2545 nonzeros
Presolved model has 15 SOS constraint(s)
Variable types: 16 continuous, 794 integer (794 binary)

Root relaxation: objective 3.632080e+01, 440 iterations, 0.01 seconds

    Nodes    |    Current Node    |     Objective Bounds      |     Work
 Expl Unexpl |  Obj  Depth IntInf | Incumbent    BestBd   Gap | It/Node Time

     0     0   36.32080    0   26          -   36.32080      -     -    0s
H    0     0                      40.7812500   36.32080  10.9%     -    0s
     0     0   36.43993    0   33   40.78125   36.43993  10.6%     -    0s
     0     0   36.51345    0   33   40.78125   36.51345  10.5%     -    0s
     0     0   36.54758    0   35   40.78125   36.54758  10.4%     -    0s
     0     0   36.56601    0   34   40.78125   36.56601  10.3%     -    0s
     0     0   36.56660    0   35   40.78125   36.56660  10.3%     -    0s
     0     0   36.76720    0   41   40.78125   36.76720  9.84%     -    0s
     0     0   36.82466    0   39   40.78125   36.82466  9.70%     -    0s
     0     0   36.83223    0   42   40.78125   36.83223  9.68%     -    0s
     0     0   36.83230    0   42   40.78125   36.83230  9.68%     -    0s
     0     0   36.87085    0   40   40.78125   36.87085  9.59%     -    0s
     0     0   36.87877    0   45   40.78125   36.87877  9.57%     -    0s
     0     0   36.87877    0   40   40.78125   36.87877  9.57%     -    0s
     0     2   36.87877    0   40   40.78125   36.87877  9.57%     -    0s
H 1468  1281                      40.7812491   36.98505  9.31%  12.0    1s
H 1526  1259                      40.7812490   37.18240  8.82%  14.6    2s
H 1774  1367                      40.7812465   37.18240  8.82%  15.5    3s
  4137  2956   37.83638  143   28   40.78125   37.18240  8.82%  20.1    5s
 15578 12662   38.81290  121   23   40.78125   37.21008  8.76%  20.6   10s
 27341 22821   37.31001   40   29   40.78125   37.21321  8.75%  20.6   15s
 29286 23694   37.27457   54   61   40.78125   37.21965  8.73%  20.6   20s
 29338 23734   37.22693   26   59   40.78125   37.22693  8.72%  20.8   25s
 31441 25225   37.60012  149   23   40.78125   37.23619  8.69%  21.2   30s
 39974 29539   37.60741   82   36   40.78125   37.24070  8.68%  21.2   35s
 50604 35091   37.32815   77   33   40.78125   37.24237  8.68%  20.6   40s
 59794 40941   37.54378   80   38   40.78125   37.24324  8.68%  21.0   45s
 69993 45323   37.24382   51   52   40.78125   37.24351  8.67%  21.0   50s
 77434 50046   37.55916  144   26   40.78125   37.24359  8.67%  21.6   55s
 88286 56234     cutoff  155        40.78125   37.24373  8.67%  21.4   60s
 97811 59653   37.93774  144   30   40.78125   37.24379  8.67%  21.2   65s
 109535 68574   37.64149   58   43   40.78125   37.24382  8.67%  21.0   70s
 117876 76396   37.86439   83   46   40.78125   37.24383  8.67%  21.1   75s
H125011 81980                      40.7812243   37.24384  8.67%  21.2   78s
 126830 83645   37.60427   86   42   40.78122   37.24384  8.67%  21.1   80s
 137709 93293   37.41633   65   35   40.78122   37.24386  8.67%  20.9   85s
 147477 101664   39.14089  137   24   40.78122   37.24387  8.67%  20.9   90s
 155917 108416   38.44512  144   26   40.78122   37.24387  8.67%  20.8   95s
 165117 116357   37.24402   53   41   40.78122   37.24388  8.67%  20.9  100s
 174511 123543   37.90462   66   36   40.78122   37.24389  8.67%  20.8  105s
 183056 130976   37.87963   89   35   40.78122   37.24390  8.67%  20.9  110s
 194010 140340   37.24411   58   39   40.78122   37.24391  8.67%  20.7  115s
 204883 148598   37.36012   76   30   40.78122   37.24391  8.67%  20.6  120s

Cutting planes:
  Gomory: 17
  MIR: 20
  Flow cover: 20
  Zero half: 4

Explored 205684 nodes (4243457 simplex iterations) in 120.03 seconds
Thread count was 8 (of 8 available processors)

Solution count 6: 40.7812 40.7812 40.7812 ... 40.7812

Time limit reached
Best objective 4.078122432900e+01, best bound 3.724390869367e+01, gap 8.6739%

---------------------------------------------------------------------------
Multi-objectives: stopped in 120.23 seconds, solution count 6
Time Limit reached

Model optimize took: 120.22579646110535 seconds
--------------------------------------------------

Solution quality statistics for model Univmon :
  Maximum violation:
    Bound       : 0.00000000e+00
    Constraint  : 1.42856749e-09
    Integrality : 5.84138174e-06 (frac[7,16])

Sketch (0) (cm: eps0: 0.00625, del0: 0.05, min_mem: 1.69921875)
Par: 1, Rows: 3
(-0.000,9)    (-0.000,1)    (-0.000,8)    (1.000,0)    (1.000,7)    (-0.000,14)    (-0.000,6)    (-0.000,13)    (-0.000,5)    (-0.000,12)    (0.000,11)    (-0.000,3)    (-0.000,10)    
Total frac: 2.000

Sketch (1) (cm: eps0: 0.00625, del0: 0.05, min_mem: 1.69921875)
Par: 1, Rows: 3
(-0.000,14)    (-0.000,5)    (0.000,6)    (0.000,11)    (1.000,12)    (-0.000,3)    (-0.000,4)    (-0.000,9)    (-0.000,10)    (-0.000,1)    (0.000,2)    (-0.000,8)    (0.000,0)    (-0.000,7)    (-0.000,13)    
Total frac: 1.000

Sketch (2) (cm: eps0: 0.00625, del0: 0.05, min_mem: 1.69921875)
Par: 1, Rows: 3
(-0.000,8)    (0.000,14)    (0.000,6)    (-0.000,13)    (0.000,10)    (-0.000,12)    (0.000,2)    (-0.000,9)    (1.000,4)    (0.000,11)    (1.000,1)    
Total frac: 2.000

Sketch (3) (cm: eps0: 0.00625, del0: 0.05, min_mem: 1.69921875)
Par: 1, Rows: 3
(0.000,7)    (-0.000,10)    (0.000,11)    (-0.000,1)    (-0.000,12)    (-0.000,4)    (-0.000,13)    (1.000,8)    (-0.000,14)    (-0.000,0)    (-0.000,6)    
Total frac: 1.000

Sketch (4) (cm: eps0: 0.00625, del0: 0.05, min_mem: 1.69921875)
Par: 1, Rows: 3
(0.000,11)    (1.000,7)    (-0.000,13)    (-0.000,9)    (-0.000,12)    (-0.000,2)    (0.000,14)    
Total frac: 1.000

Sketch (5) (cm: eps0: 0.00625, del0: 0.05, min_mem: 1.69921875)
Par: 1, Rows: 3
(-0.000,8)    (-0.000,4)    (0.000,0)    (-0.000,10)    (-0.000,2)    (-0.000,14)    (0.000,6)    (1.000,11)    (0.000,7)    (-0.000,3)    (-0.000,13)    (1.000,9)    (-0.000,5)    (-0.000,1)    (-0.000,12)    
Total frac: 2.000

Sketch (6) (cm: eps0: 0.00625, del0: 0.05, min_mem: 1.69921875)
Par: 1, Rows: 3
(-0.000,13)    (0.000,9)    (0.000,11)    (0.000,1)    (-0.000,7)    (-0.000,3)    (-0.000,10)    (1.000,12)    (0.000,2)    (0.000,8)    (-0.000,14)    (-0.000,4)    (-0.000,0)    
Total frac: 1.000

Sketch (7) (cm: eps0: 0.00625, del0: 0.05, min_mem: 1.69921875)
Par: 1, Rows: 3
(-0.000,10)    (-0.000,12)    (-0.000,8)    (0.000,14)    (0.000,0)    (-0.000,6)    (-0.000,13)    (-0.000,9)    (-0.000,5)    (1.000,11)    (0.000,7)    (1.000,3)    
Total frac: 2.000

Sketch (8) (cm: eps0: 0.00625, del0: 0.05, min_mem: 1.69921875)
Par: 1, Rows: 3
(-0.000,14)    (-0.000,12)    (0.000,11)    (1.000,2)    (-0.000,3)    (1.000,1)    (-0.000,9)    (-0.000,8)    (-0.000,6)    (-0.000,13)    
Total frac: 2.000

Sketch (9) (cm: eps0: 0.00625, del0: 0.05, min_mem: 1.69921875)
Par: 1, Rows: 3
(-0.000,9)    (-0.000,10)    (-0.000,7)    (0.000,8)    (-0.000,13)    (0.000,11)    (1.000,14)    (-0.000,12)    (-0.000,5)    (-0.000,3)    (0.000,1)    (-0.000,2)    
Total frac: 1.000

Sketch (10) (cm: eps0: 0.00625, del0: 0.05, min_mem: 1.69921875)
Par: 1, Rows: 3
(1.000,5)    (0.000,12)    (0.000,11)    (-0.000,10)    (-0.000,9)    (-0.000,3)    (1.000,0)    (-0.000,13)    (0.000,8)    (0.000,14)    (0.000,7)    
Total frac: 2.000

Sketch (11) (cm: eps0: 0.00625, del0: 0.05, min_mem: 1.69921875)
Par: 1, Rows: 3
(1.000,4)    (0.000,5)    (-0.000,10)    
Total frac: 1.000

Sketch (12) (cm: eps0: 0.00625, del0: 0.05, min_mem: 1.69921875)
Par: 1, Rows: 3
(-0.000,8)    (-0.000,4)    (1.000,2)    (1.000,10)    (1.000,6)    (-0.000,14)    (-0.000,11)    (-0.000,7)    (-0.000,13)    (-0.000,12)    (-0.000,3)    (0.000,1)    (1.000,0)    (-0.000,9)    (-0.000,5)    
Total frac: 4.000

Sketch (13) (cm: eps0: 0.00625, del0: 0.05, min_mem: 1.69921875)
Par: 1, Rows: 3
(0.000,13)    (0.000,3)    (0.000,12)    (-0.000,9)    (-0.000,5)    (-0.000,0)    (-0.000,8)    (1.000,4)    (0.000,2)    (-0.000,10)    (-0.000,6)    (1.000,11)    (-0.000,7)    (0.000,14)    
Total frac: 2.000

Sketch (14) (cm: eps0: 0.00625, del0: 0.05, min_mem: 1.69921875)
Par: 1, Rows: 3
(-0.000,10)    (0.000,8)    (1.000,14)    (-0.000,4)    (-0.000,13)    (0.000,11)    (0.000,1)    (0.000,7)    (-0.000,9)    (-0.000,12)    (-0.000,2)    (-0.000,3)    
Total frac: 1.000

Sketch (15) (cm: eps0: 0.00625, del0: 0.05, min_mem: 1.69921875)
Par: 1, Rows: 3
(0.000,11)    (-0.000,9)    (1.000,3)    (-0.000,12)    (-0.000,0)    (0.000,6)    (-0.000,8)    (0.000,14)    (0.000,13)    
Total frac: 1.000

Sketch (16) (cm: eps0: 0.00625, del0: 0.05, min_mem: 1.69921875)
Par: 1, Rows: 3
(0.000,7)    (-0.000,2)    (0.000,6)    (-0.000,1)    (0.000,13)    (-0.000,5)    (0.000,0)    (-0.000,12)    (1.000,11)    (0.000,14)    (0.000,10)    (-0.000,9)    (1.000,8)    
Total frac: 2.000

Sketch (17) (cm: eps0: 0.00625, del0: 0.05, min_mem: 1.69921875)
Par: 1, Rows: 3
(-0.000,0)    (1.000,12)    (-0.000,9)    (-0.000,14)    (-0.000,10)    (-0.000,8)    (0.000,7)    (-0.000,1)    (-0.000,13)    (-0.000,2)    (-0.000,5)    (0.000,11)    
Total frac: 1.000

Sketch (18) (cm: eps0: 0.00625, del0: 0.05, min_mem: 1.69921875)
Par: 1, Rows: 3
(-0.000,8)    (0.000,2)    (-0.000,1)    (-0.000,13)    (-0.000,5)    (-0.000,7)    (1.000,14)    (-0.000,10)    (0.000,0)    (-0.000,12)    (-0.000,9)    (-0.000,4)    (0.000,11)    
Total frac: 1.000

Sketch (19) (cm: eps0: 0.00625, del0: 0.05, min_mem: 1.69921875)
Par: 1, Rows: 3
(1.000,9)    (-0.000,14)    (-0.000,10)    (0.000,11)    (-0.000,12)    (-0.000,3)    (1.000,4)    (0.000,1)    (-0.000,13)    (0.000,8)    (-0.000,2)    (-0.000,5)    (-0.000,7)    
Total frac: 2.000

Sketch (20) (cm: eps0: 0.00625, del0: 0.05, min_mem: 1.69921875)
Par: 1, Rows: 3
(0.000,13)    (1.000,9)    (-0.000,5)    (0.000,12)    (-0.000,10)    (0.000,2)    (-0.000,3)    (0.000,14)    
Total frac: 1.000

Sketch (21) (cm: eps0: 0.00625, del0: 0.05, min_mem: 1.69921875)
Par: 1, Rows: 3
(0.000,1)    (0.000,6)    (1.000,11)    (-0.000,7)    (-0.000,0)    (-0.000,3)    (-0.000,13)    (1.000,2)    (-0.000,9)    (-0.000,5)    (1.000,14)    (-0.000,12)    (-0.000,8)    (-0.000,4)    (-0.000,10)    
Total frac: 3.000

Sketch (22) (cm: eps0: 0.00625, del0: 0.05, min_mem: 1.69921875)
Par: 1, Rows: 3
(0.000,11)    (0.000,7)    (-0.000,3)    (-0.000,10)    (0.000,12)    (-0.000,4)    (0.000,6)    (0.000,2)    (0.000,14)    (1.000,13)    (-0.000,9)    
Total frac: 1.000

Sketch (23) (cm: eps0: 0.00625, del0: 0.05, min_mem: 1.69921875)
Par: 1, Rows: 3
(-0.000,13)    (-0.000,9)    (1.000,5)    (0.000,14)    (0.000,11)    (1.000,7)    (-0.000,3)    (-0.000,10)    (-0.000,12)    (-0.000,1)    (-0.000,8)    (-0.000,4)    
Total frac: 2.000

Sketch (24) (cm: eps0: 0.00625, del0: 0.05, min_mem: 1.69921875)
Par: 1, Rows: 3
(-0.000,5)    (-0.000,3)    (-0.000,14)    (-0.000,10)    (-0.000,9)    (-0.000,8)    (-0.000,7)    (0.000,2)    (1.000,6)    (0.000,1)    (-0.000,13)    (-0.000,0)    (1.000,12)    (0.000,11)    
Total frac: 2.000

Sketch (25) (cm: eps0: 0.00625, del0: 0.05, min_mem: 1.69921875)
Par: 1, Rows: 3
(-0.000,8)    (-0.000,1)    (0.000,2)    (0.000,0)    (-0.000,12)    (1.000,3)    (-0.000,9)    
Total frac: 1.000

Sketch (26) (cm: eps0: 0.00625, del0: 0.05, min_mem: 1.69921875)
Par: 1, Rows: 3
(0.000,11)    (0.000,14)    (-0.000,9)    (-0.000,3)    (-0.000,2)    (0.000,6)    (-0.000,1)    (0.000,13)    (1.000,8)    (0.000,7)    (0.000,0)    (-0.000,12)    
Total frac: 1.000

Sketch (27) (cm: eps0: 0.00625, del0: 0.05, min_mem: 1.69921875)
Par: 1, Rows: 3
(-0.000,7)    (-0.000,8)    (-0.000,5)    (0.000,11)    (0.000,0)    (-0.000,12)    (-0.000,14)    (0.000,10)    (1.000,4)    (1.000,1)    (-0.000,13)    
Total frac: 2.000

Sketch (28) (cm: eps0: 0.00625, del0: 0.05, min_mem: 1.69921875)
Par: 1, Rows: 3
(0.000,1)    (0.000,0)    (0.000,11)    (0.000,7)    (1.000,13)    (0.000,12)    (-0.000,3)    (0.000,14)    (-0.000,9)    (-0.000,5)    (0.000,8)    (-0.000,10)    
Total frac: 1.000

Sketch (29) (cm: eps0: 0.00625, del0: 0.05, min_mem: 1.69921875)
Par: 1, Rows: 3
(1.000,12)    (-0.000,9)    (-0.000,5)    (0.000,14)    (-0.000,8)    (-0.000,4)    (0.000,1)    (-0.000,10)    (0.000,6)    (0.000,11)    (0.000,7)    (0.000,13)    (0.000,2)    (-0.000,3)    
Total frac: 1.000

Sketch (30) (cm: eps0: 0.00625, del0: 0.05, min_mem: 1.69921875)
Par: 1, Rows: 3
(0.000,13)    (-0.000,0)    (-0.000,11)    (0.000,14)    (-0.000,9)    (-0.000,12)    (1.000,3)    (0.000,10)    (1.000,6)    (0.000,1)    (0.000,8)    (-0.000,4)    
Total frac: 2.000

Sketch (31) (cm: eps0: 0.00625, del0: 0.05, min_mem: 1.69921875)
Par: 1, Rows: 3
(-0.000,5)    (0.000,14)    (1.000,3)    (-0.000,12)    (-0.000,1)    (-0.000,10)    (-0.000,6)    (-0.000,8)    (-0.000,13)    (1.000,2)    (1.000,11)    (0.000,7)    (0.000,9)    
Total frac: 3.000

Sketch (32) (cm: eps0: 0.00625, del0: 0.05, min_mem: 1.69921875)
Par: 1, Rows: 3
(-0.000,13)    (1.000,6)    (-0.000,12)    (1.000,5)    (0.000,11)    (-0.000,10)    (-0.000,8)    (-0.000,1)    (-0.000,14)    
Total frac: 2.000

Sketch (33) (cm: eps0: 0.00625, del0: 0.05, min_mem: 1.69921875)
Par: 1, Rows: 3
(-0.000,1)    (-0.000,2)    (-0.000,8)    (1.000,0)    (-0.000,13)    (-0.000,14)    (1.000,5)    (1.000,6)    (0.000,11)    (-0.000,12)    (-0.000,4)    (-0.000,9)    (-0.000,10)    
Total frac: 3.000

Sketch (34) (cm: eps0: 0.00625, del0: 0.05, min_mem: 1.69921875)
Par: 1, Rows: 3
(-0.000,5)    (-0.000,10)    (-0.000,12)    (-0.000,9)    (-0.000,2)    (0.000,11)    (-0.000,4)    (-0.000,3)    (1.000,14)    (-0.000,13)    (-0.000,6)    
Total frac: 1.000

Sketch (35) (cm: eps0: 0.00625, del0: 0.05, min_mem: 1.69921875)
Par: 1, Rows: 3
(1.000,3)    (1.000,4)    (-0.000,13)    (-0.000,14)    (-0.000,5)    (0.000,6)    (0.000,7)    (-0.000,9)    (-0.000,10)    (1.000,11)    (0.000,12)    (0.000,2)    
Total frac: 3.000

Sketch (36) (cm: eps0: 0.00625, del0: 0.05, min_mem: 1.69921875)
Par: 1, Rows: 3
(-0.000,4)    (1.000,10)    (-0.000,0)    (-0.000,2)    (0.000,14)    (-0.000,6)    (0.000,11)    (-0.000,13)    (-0.000,3)    (1.000,9)    (-0.000,12)    (-0.000,8)    (-0.000,5)    
Total frac: 2.000

Sketch (37) (cm: eps0: 0.00625, del0: 0.05, min_mem: 1.69921875)
Par: 1, Rows: 3
(-0.000,13)    (1.000,3)    (-0.000,9)    (-0.000,5)    (-0.000,1)    (0.000,12)    (1.000,8)    (-0.000,4)    (-0.000,10)    (0.000,0)    (0.000,2)    (0.000,14)    (1.000,6)    (0.000,11)    
Total frac: 3.000

Sketch (38) (cm: eps0: 0.00625, del0: 0.05, min_mem: 1.69921875)
Par: 1, Rows: 3
(-0.000,8)    (-0.000,14)    (-0.000,4)    (0.000,0)    (1.000,13)    (0.000,11)    (1.000,5)    (-0.000,7)    (-0.000,10)    (-0.000,12)    
Total frac: 2.000

Sketch (39) (cm: eps0: 0.00625, del0: 0.05, min_mem: 1.69921875)
Par: 1, Rows: 3
(-0.000,9)    (0.000,11)    (1.000,5)    (-0.000,1)    (-0.000,7)    (-0.000,3)    (0.000,10)    (1.000,12)    (-0.000,8)    (-0.000,14)    (-0.000,4)    (0.000,0)    (0.000,6)    (-0.000,13)    
Total frac: 2.000

Sketch (40) (cm: eps0: 0.00625, del0: 0.05, min_mem: 1.69921875)
Par: 1, Rows: 3
(-0.000,3)    (-0.000,1)    (-0.000,9)    (-0.000,0)    (1.000,8)    (0.000,7)    (-0.000,13)    (-0.000,6)    (-0.000,12)    (-0.000,14)    (0.000,11)    (-0.000,5)    (-0.000,4)    (1.000,10)    
Total frac: 2.000

Sketch (41) (cm: eps0: 0.00625, del0: 0.05, min_mem: 1.69921875)
Par: 1, Rows: 3
(0.000,11)    (-0.000,12)    (-0.000,14)    (-0.000,5)    (-0.000,10)    (1.000,0)    (-0.000,8)    (-0.000,7)    (-0.000,13)    
Total frac: 1.000

Sketch (42) (cm: eps0: 0.00625, del0: 0.05, min_mem: 1.69921875)
Par: 1, Rows: 3
(-0.000,4)    (-0.000,3)    (-0.000,13)    (0.000,6)    (-0.000,8)    (0.000,14)    (1.000,7)    (-0.000,5)    (-0.000,12)    (0.000,2)    (0.000,11)    (1.000,10)    (-0.000,1)    (-0.000,9)    
Total frac: 2.000

Sketch (43) (cm: eps0: 0.00625, del0: 0.05, min_mem: 1.69921875)
Par: 1, Rows: 3
(-0.000,14)    (0.000,11)    (0.000,12)    (-0.000,1)    (1.000,2)    (-0.000,9)    (-0.000,10)    (-0.000,4)    (-0.000,13)    (1.000,0)    (-0.000,6)    (-0.000,8)    (-0.000,7)    
Total frac: 2.000

Sketch (44) (cm: eps0: 0.00625, del0: 0.05, min_mem: 1.69921875)
Par: 1, Rows: 3
(0.000,13)    (-0.000,12)    (-0.000,3)    (0.000,1)    (-0.000,9)    (-0.000,0)    (1.000,8)    (0.000,5)    (1.000,4)    (-0.000,2)    (-0.000,10)    (0.000,6)    (0.000,14)    (0.000,11)    
Total frac: 2.000

Sketch (45) (cm: eps0: 0.00625, del0: 0.05, min_mem: 1.69921875)
Par: 1, Rows: 3
(-0.000,8)    (-0.000,4)    (1.000,2)    (-0.000,10)    (-0.000,6)    (0.000,11)    (1.000,7)    (-0.000,14)    (-0.000,13)    (-0.000,3)    (1.000,1)    (-0.000,12)    (-0.000,9)    (-0.000,5)    
Total frac: 3.000

Sketch (46) (cm: eps0: 0.00625, del0: 0.05, min_mem: 1.69921875)
Par: 1, Rows: 3
(0.000,11)    (0.000,1)    (-0.000,7)    (-0.000,9)    (-0.000,5)    (-0.000,12)    (-0.000,2)    (-0.000,3)    (-0.000,10)    (0.000,0)    (0.000,8)    (1.000,14)    (-0.000,4)    (-0.000,13)    
Total frac: 1.000

Sketch (47) (cm: eps0: 0.00625, del0: 0.05, min_mem: 1.69921875)
Par: 1, Rows: 3
(0.000,2)    (1.000,10)    (1.000,0)    (-0.000,6)    (-0.000,8)    (0.000,14)    (-0.000,4)    (-0.000,13)    (0.000,11)    (0.000,1)    (-0.000,9)    (-0.000,5)    (-0.000,3)    (-0.000,12)    
Total frac: 2.000

Sketch (48) (cm: eps0: 0.00625, del0: 0.05, min_mem: 1.69921875)
Par: 1, Rows: 3
(1.000,11)    (-0.000,10)    (-0.000,3)    (0.000,14)    (-0.000,9)    (1.000,8)    (-0.000,7)    (-0.000,13)    (0.000,6)    (0.000,1)    (0.000,12)    (-0.000,5)    (0.000,0)    
Total frac: 2.000

Sketch (49) (cm: eps0: 0.00625, del0: 0.05, min_mem: 1.69921875)
Par: 1, Rows: 3
(0.000,7)    (0.000,13)    (0.000,2)    (0.000,11)    (0.000,12)    (0.000,0)    (-0.000,3)    (1.000,9)    (0.000,14)    (0.000,8)    
Total frac: 1.000

Sketch (50) (cm: eps0: 0.00625, del0: 0.05, min_mem: 1.69921875)
Par: 1, Rows: 3
(-0.000,12)    (-0.000,14)    (-0.000,9)    (-0.000,0)    (0.000,11)    (-0.000,4)    (-0.000,8)    (1.000,2)    (-0.000,13)    (0.000,1)    (1.000,7)    (-0.000,10)    
Total frac: 2.000

Sketch (51) (cm: eps0: 0.00625, del0: 0.05, min_mem: 1.69921875)
Par: 1, Rows: 3
(-0.000,13)    (-0.000,8)    (-0.000,1)    (-0.000,2)    (-0.000,5)    (-0.000,7)    (1.000,9)    (1.000,10)    (0.000,11)    (-0.000,12)    (0.000,14)    (-0.000,3)    (-0.000,4)    
Total frac: 2.000

Sketch (52) (cm: eps0: 0.00625, del0: 0.05, min_mem: 1.69921875)
Par: 1, Rows: 3
(-0.000,1)    (-0.000,0)    (0.000,11)    (1.000,7)    (-0.000,2)    (-0.000,13)    (-0.000,3)    (-0.000,14)    (1.000,9)    (-0.000,12)    (-0.000,8)    (-0.000,4)    (-0.000,10)    
Total frac: 2.000

Sketch (53) (cm: eps0: 0.00625, del0: 0.05, min_mem: 1.69921875)
Par: 1, Rows: 3
(0.000,2)    (1.000,5)    (-0.000,14)    (-0.000,12)    (-0.000,8)    (-0.000,4)    (-0.000,10)    (1.000,1)    (-0.000,6)    (0.000,11)    (-0.000,0)    (-0.000,13)    (1.000,3)    (-0.000,9)    
Total frac: 3.000

Sketch (54) (cm: eps0: 0.00625, del0: 0.05, min_mem: 1.69921875)
Par: 1, Rows: 3
(-0.000,6)    (-0.000,1)    (0.000,2)    (1.000,13)    (-0.000,14)    (-0.000,9)    (-0.000,0)    (0.000,11)    (-0.000,5)    (-0.000,3)    (-0.000,10)    (-0.000,12)    (-0.000,8)    
Total frac: 1.000

Sketch (55) (cm: eps0: 0.00625, del0: 0.05, min_mem: 1.69921875)
Par: 1, Rows: 3
(0.000,7)    (0.000,0)    (-0.000,3)    (-0.000,10)    (0.000,12)    (0.000,8)    (-0.000,4)    (0.000,6)    (1.000,13)    (-0.000,9)    (0.000,2)    (0.000,11)    (-0.000,5)    (0.000,14)    
Total frac: 1.000

Sketch (56) (cm: eps0: 0.00625, del0: 0.05, min_mem: 1.69921875)
Par: 1, Rows: 3
(-0.000,13)    (1.000,6)    (-0.000,1)    (-0.000,12)    (0.000,11)    (-0.000,5)    (-0.000,10)    (-0.000,3)    (-0.000,14)    (-0.000,9)    (-0.000,8)    
Total frac: 1.000

Sketch (57) (cm: eps0: 0.00625, del0: 0.05, min_mem: 1.69921875)
Par: 1, Rows: 3
(-0.000,5)    (-0.000,3)    (-0.000,9)    (-0.000,10)    (-0.000,14)    (0.000,8)    (0.000,7)    (1.000,13)    (-0.000,2)    (-0.000,6)    (0.000,11)    (-0.000,12)    (0.000,0)    
Total frac: 1.000

Sketch (58) (cm: eps0: 0.00625, del0: 0.05, min_mem: 1.69921875)
Par: 1, Rows: 3
(-0.000,13)    (0.000,6)    (-0.000,1)    (-0.000,8)    (0.000,7)    (-0.000,5)    (1.000,12)    (0.000,0)    (0.000,11)    (-0.000,10)    (-0.000,14)    (-0.000,9)    (-0.000,4)    (-0.000,3)    (0.000,2)    
Total frac: 1.000

Sketch (59) (cm: eps0: 0.00625, del0: 0.05, min_mem: 1.69921875)
Par: 1, Rows: 3
(0.000,12)    (-0.000,9)    (1.000,10)    (0.000,14)    (-0.000,3)    (-0.000,4)    (0.000,13)    (1.000,6)    (0.000,7)    (-0.000,5)    (0.000,11)    
Total frac: 2.000

Sketch (60) (cm: eps0: 0.00625, del0: 0.05, min_mem: 1.69921875)
Par: 1, Rows: 3
(0.000,14)    (-0.000,9)    (0.000,8)    (-0.000,5)    (-0.000,4)    (-0.000,10)    (-0.000,6)    (-0.000,1)    (-0.000,11)    (0.000,7)    (0.000,2)    (1.000,13)    (0.000,12)    
Total frac: 1.000

Sketch (61) (cm: eps0: 0.00625, del0: 0.05, min_mem: 1.69921875)
Par: 1, Rows: 3
(-0.000,10)    (0.000,6)    (0.000,11)    (0.000,7)    (-0.000,0)    (-0.000,13)    (-0.000,3)    (-0.000,12)    (-0.000,9)    (1.000,14)    (-0.000,8)    (-0.000,4)    
Total frac: 1.000

Sketch (62) (cm: eps0: 0.00625, del0: 0.05, min_mem: 1.69921875)
Par: 1, Rows: 3
(-0.000,9)    (1.000,5)    (-0.000,12)    (-0.000,3)    (-0.000,10)    (1.000,1)    (0.000,8)    (-0.000,4)    (1.000,2)    (-0.000,13)    (0.000,11)    (-0.000,7)    (-0.000,14)    
Total frac: 3.000

Sketch (63) (cm: eps0: 0.00625, del0: 0.05, min_mem: 1.69921875)
Par: 1, Rows: 3
(-0.000,8)    (1.000,4)    (-0.000,13)    (0.000,11)    (0.000,7)    (-0.000,0)    (-0.000,5)    (0.000,14)    (0.000,12)    (1.000,1)    (-0.000,10)    (-0.000,6)    
Total frac: 2.000

Device (0) CPU1:
Rows total: 21.0
Mem total: 35.68359375

Device (1) CPU2:
Rows total: 21.00001510699407
Mem total: 35.68361942008758

Device (2) CPU3:
Rows total: 23.999984893311648
Mem total: 40.7812243304319

Device (3) CPU4:
Rows total: 23.999984893059434
Mem total: 40.78122433000333

Device (4) CPU5:
Rows total: 23.99998489300593
Mem total: 40.78122432991242

Device (5) CPU6:
Rows total: 23.99998489300593
Mem total: 40.78122432991242

Device (6) CPU7:
Rows total: 23.99998489300593
Mem total: 40.78122432991242

Device (7) CPU8:
Rows total: 21.0000326316743
Mem total: 35.68364919835282

Device (8) tor_P41:
Rows total: 21.0
Mem total: 35.68359375

Device (9) tor_P42:
Rows total: 21.0
Mem total: 35.68359375

Device (10) tor_P43:
Rows total: 21.00001677167977
Mem total: 35.683622248752734

Device (11) tor_P44:
Rows total: 23.999982476001904
Mem total: 40.78122022289386

Device (12) l1_P41:
Rows total: 21.0
Mem total: 35.68359375

Device (13) l1_P42:
Rows total: 21.0
Mem total: 35.68359375

Device (14) l2_P4:
Rows total: 21.0
Mem total: 35.68359375
--------------------------------------------------
Infeasible placement
Function: MIP.solve took 120.29911708831787 seconds
Function: solve took 120.30083322525024 seconds
