Function: get_partitions took 0.00014352798461914062 seconds
Function: map_flows_partitions took 0.0003254413604736328 seconds
Building model with:
15 devices, 64 partitions and 320 flows
Using license file /home/anup/gurobi.lic
Academic license - for non-commercial use only
Function: MIP.add_frac_mem_var took 0.00531458854675293 seconds
Function: MIP.add_coverage_constraints took 0.005654335021972656 seconds
Function: MIP.add_accuracy_constraints took 0.014853239059448242 seconds
Function: MIP.add_capacity_constraints took 0.005823612213134766 seconds
Changed value of parameter TimeLimit to 120.0
   Prev: inf  Min: 0.0  Max: inf  Default: inf
--------------------------------------------------
Starting model update
Model update took: 0.0009665489196777344 s
--------------------------------------------------
Starting model optimize
Gurobi Optimizer version 9.0.0 build v9.0.0rc2 (linux64)
Optimize a model with 1161 rows, 1654 columns and 5214 nonzeros
Model fingerprint: 0x1396c208
Model has 4 general constraints
Variable types: 845 continuous, 809 integer (809 binary)
Coefficient statistics:
  Matrix range     [1e+00, 5e+01]
  Objective range  [1e+00, 1e+00]
  Bounds range     [1e+00, 3e+04]
  RHS range        [7e-01, 1e+00]

---------------------------------------------------------------------------
Multi-objectives: starting optimization with 8 objectives ... 
---------------------------------------------------------------------------

Multi-objectives: applying initial presolve ...
---------------------------------------------------------------------------

Presolve removed 820 rows and 766 columns
Presolve time: 0.00s
Presolved: 341 rows and 888 columns
---------------------------------------------------------------------------

Multi-objectives: optimize objective 1 (tot_rows_CPU) ...
---------------------------------------------------------------------------

Presolve time: 0.00s
Presolved: 341 rows, 888 columns, 2688 nonzeros
Presolved model has 30 SOS constraint(s)
Variable types: 34 continuous, 854 integer (839 binary)

Root relaxation: objective 8.100000e+01, 490 iterations, 0.01 seconds

    Nodes    |    Current Node    |     Objective Bounds      |     Work
 Expl Unexpl |  Obj  Depth IntInf | Incumbent    BestBd   Gap | It/Node Time

     0     0   81.00000    0    2          -   81.00000      -     -    0s
H    0     0                      81.0000000   81.00000  0.00%     -    0s
     0     0   81.00000    0    2   81.00000   81.00000  0.00%     -    0s

Explored 1 nodes (698 simplex iterations) in 0.03 seconds
Thread count was 8 (of 8 available processors)

Solution count 1: 81 

Optimal solution found (tolerance 1.00e-04)
Best objective 8.100000000000e+01, best bound 8.100000000000e+01, gap 0.0000%
---------------------------------------------------------------------------

Multi-objectives: optimize objective 2 (CPU_rows_load) ...
---------------------------------------------------------------------------


Loaded user MIP start with objective 27

Presolve time: 0.00s
Presolved: 342 rows, 888 columns, 2696 nonzeros
Presolved model has 30 SOS constraint(s)
Variable types: 34 continuous, 854 integer (839 binary)

Root relaxation: objective 1.125000e+01, 504 iterations, 0.01 seconds

    Nodes    |    Current Node    |     Objective Bounds      |     Work
 Expl Unexpl |  Obj  Depth IntInf | Incumbent    BestBd   Gap | It/Node Time

     0     0   11.25000    0   27   27.00000   11.25000  58.3%     -    0s
     0     0   12.00000    0   16   27.00000   12.00000  55.6%     -    0s
H    0     0                      12.0000000   12.00000  0.00%     -    0s

Cutting planes:
  Gomory: 2
  MIR: 1
  Zero half: 4

Explored 1 nodes (788 simplex iterations) in 0.07 seconds
Thread count was 8 (of 8 available processors)

Solution count 2: 12 27 

Optimal solution found (tolerance 1.00e-04)
Best objective 1.200000000000e+01, best bound 1.200000000000e+01, gap 0.0000%
---------------------------------------------------------------------------

Multi-objectives: optimize objective 3 (tot_rows_P4) ...
---------------------------------------------------------------------------


Loaded user MIP start with objective 231

Presolve added 7 rows and 0 columns
Presolve time: 0.01s
Presolved: 350 rows, 888 columns, 2712 nonzeros
Presolved model has 22 SOS constraint(s)
Variable types: 34 continuous, 854 integer (839 binary)

Root relaxation: cutoff, 635 iterations, 0.01 seconds

    Nodes    |    Current Node    |     Objective Bounds      |     Work
 Expl Unexpl |  Obj  Depth IntInf | Incumbent    BestBd   Gap | It/Node Time

     0     0     cutoff    0       231.00000  231.00000  0.00%     -    0s

Explored 0 nodes (635 simplex iterations) in 0.09 seconds
Thread count was 8 (of 8 available processors)

Solution count 1: 231 

Optimal solution found (tolerance 1.00e-04)
Best objective 2.310000000000e+02, best bound 2.310000000000e+02, gap 0.0000%
---------------------------------------------------------------------------

Multi-objectives: optimize objective 4 (P4_rows_load) ...
---------------------------------------------------------------------------


Loaded user MIP start with objective 33

Presolve added 6 rows and 0 columns
Presolve time: 0.01s
Presolved: 350 rows, 888 columns, 2712 nonzeros
Presolved model has 22 SOS constraint(s)
Variable types: 34 continuous, 854 integer (839 binary)

Root relaxation: cutoff, 432 iterations, 0.01 seconds

    Nodes    |    Current Node    |     Objective Bounds      |     Work
 Expl Unexpl |  Obj  Depth IntInf | Incumbent    BestBd   Gap | It/Node Time

     0     0     cutoff    0        33.00000   33.00000  0.00%     -    0s

Explored 0 nodes (432 simplex iterations) in 0.11 seconds
Thread count was 8 (of 8 available processors)

Solution count 1: 33 

Optimal solution found (tolerance 1.00e-04)
Best objective 3.300000000000e+01, best bound 3.300000000000e+01, gap 0.0000%
---------------------------------------------------------------------------

Multi-objectives: optimize objective 5 (tot_mem_CPU) ...
---------------------------------------------------------------------------


Loaded user MIP start with objective 1376.37

Presolve added 12 rows and 0 columns
Presolve time: 0.01s
Presolved: 357 rows, 888 columns, 2726 nonzeros
Presolved model has 15 SOS constraint(s)
Variable types: 34 continuous, 854 integer (839 binary)

Root relaxation: cutoff, 479 iterations, 0.01 seconds

    Nodes    |    Current Node    |     Objective Bounds      |     Work
 Expl Unexpl |  Obj  Depth IntInf | Incumbent    BestBd   Gap | It/Node Time

     0     0     cutoff    0      1376.36719 1376.36719  0.00%     -    0s

Explored 0 nodes (479 simplex iterations) in 0.13 seconds
Thread count was 8 (of 8 available processors)

Solution count 1: 1376.37 

Optimal solution found (tolerance 1.00e-04)
Best objective 1.376367187500e+03, best bound 1.376367187500e+03, gap 0.0000%
---------------------------------------------------------------------------

Multi-objectives: optimize objective 6 (CPU_load_mem) ...
---------------------------------------------------------------------------


Loaded user MIP start with objective 203.906

Presolve added 11 rows and 0 columns
Presolve time: 0.01s
Presolved: 357 rows, 888 columns, 2726 nonzeros
Presolved model has 15 SOS constraint(s)
Variable types: 34 continuous, 854 integer (839 binary)

Root relaxation: objective 1.911621e+02, 432 iterations, 0.01 seconds

    Nodes    |    Current Node    |     Objective Bounds      |     Work
 Expl Unexpl |  Obj  Depth IntInf | Incumbent    BestBd   Gap | It/Node Time

     0     0  191.16211    0   23  203.90625  191.16211  6.25%     -    0s

Cutting planes:
  Gomory: 2
  MIR: 1
  Flow cover: 1

Explored 1 nodes (914 simplex iterations) in 0.17 seconds
Thread count was 8 (of 8 available processors)

Solution count 1: 203.906 

Optimal solution found (tolerance 1.00e-04)
Best objective 2.039062500000e+02, best bound 2.039062500000e+02, gap 0.0000%
---------------------------------------------------------------------------

Multi-objectives: optimize objective 7 (tot_mem_P4) ...
---------------------------------------------------------------------------


Loaded user MIP start with objective 3925.2

Presolve added 18 rows and 0 columns
Presolve time: 0.01s
Presolved: 365 rows, 888 columns, 2742 nonzeros
Presolved model has 7 SOS constraint(s)
Variable types: 34 continuous, 854 integer (839 binary)

Root relaxation: cutoff, 511 iterations, 0.01 seconds

    Nodes    |    Current Node    |     Objective Bounds      |     Work
 Expl Unexpl |  Obj  Depth IntInf | Incumbent    BestBd   Gap | It/Node Time

     0     0     cutoff    0      3925.19531 3925.19531  0.00%     -    0s

Explored 0 nodes (511 simplex iterations) in 0.18 seconds
Thread count was 8 (of 8 available processors)

Solution count 1: 3925.2 

Optimal solution found (tolerance 1.00e-04)
Best objective 3.925195312500e+03, best bound 3.925195312500e+03, gap 0.0000%
---------------------------------------------------------------------------

Multi-objectives: optimize objective 8 (P4_load_mem) ...
---------------------------------------------------------------------------


Loaded user MIP start with objective 560.742

Presolve added 17 rows and 0 columns
Presolve time: 0.01s
Presolved: 365 rows, 888 columns, 2742 nonzeros
Presolved model has 7 SOS constraint(s)
Variable types: 34 continuous, 854 integer (839 binary)

Root relaxation: cutoff, 505 iterations, 0.01 seconds

    Nodes    |    Current Node    |     Objective Bounds      |     Work
 Expl Unexpl |  Obj  Depth IntInf | Incumbent    BestBd   Gap | It/Node Time

     0     0     cutoff    0       560.74219  560.74219  0.00%     -    0s

Explored 0 nodes (505 simplex iterations) in 0.20 seconds
Thread count was 8 (of 8 available processors)

Solution count 1: 560.742 

Optimal solution found (tolerance 1.00e-04)
Best objective 5.607421875000e+02, best bound 5.607421875000e+02, gap 0.0000%

---------------------------------------------------------------------------
Multi-objectives: solved in 0.20 seconds, solution count 2

Model optimize took: 0.20162677764892578 seconds
--------------------------------------------------

Solution quality statistics for model UnivmonGreedyRows :
  Maximum violation:
    Bound       : 0.00000000e+00
    Constraint  : 3.69482223e-12
    Integrality : 0.00000000e+00

Sketch (0) (cm: eps0: 0.000625, del0: 0.05, min_mem: 16.9921875)
Par: 1, Rows: 3
(-0.000,9)    (-0.000,1)    (1.000,8)    (-0.000,0)    (-0.000,14)    (-0.000,6)    (-0.000,13)    (-0.000,12)    (-0.000,4)    (1.000,11)    (-0.000,3)    (-0.000,10)    (-0.000,2)    
Total frac: 2.000

Sketch (1) (cm: eps0: 0.000625, del0: 0.05, min_mem: 16.9921875)
Par: 1, Rows: 3
(-0.000,14)    (-0.000,5)    (-0.000,6)    (-0.000,11)    (-0.000,12)    (1.000,3)    (-0.000,4)    (-0.000,9)    (1.000,10)    (-0.000,1)    (-0.000,2)    (-0.000,8)    (-0.000,7)    (-0.000,13)    
Total frac: 2.000

Sketch (2) (cm: eps0: 0.000625, del0: 0.05, min_mem: 16.9921875)
Par: 1, Rows: 3
(-0.000,3)    (-0.000,8)    (-0.000,14)    (-0.000,0)    (-0.000,6)    (-0.000,13)    (-0.000,5)    (-0.000,7)    (1.000,10)    (-0.000,12)    (-0.000,2)    (1.000,9)    (-0.000,4)    (-0.000,11)    
Total frac: 2.000

Sketch (3) (cm: eps0: 0.000625, del0: 0.05, min_mem: 16.9921875)
Par: 1, Rows: 3
(-0.000,7)    (-0.000,9)    (1.000,10)    (-0.000,11)    (-0.000,1)    (1.000,12)    (-0.000,2)    (-0.000,3)    (-0.000,4)    (-0.000,13)    (-0.000,8)    (-0.000,14)    (-0.000,5)    (-0.000,0)    (-0.000,6)    
Total frac: 2.000

Sketch (4) (cm: eps0: 0.000625, del0: 0.05, min_mem: 16.9921875)
Par: 1, Rows: 3
(1.000,11)    (-0.000,7)    (1.000,3)    (-0.000,13)    (-0.000,9)    (-0.000,5)    (-0.000,12)    (-0.000,1)    (1.000,8)    (-0.000,4)    (-0.000,0)    (-0.000,10)    (-0.000,2)    (-0.000,14)    (-0.000,6)    
Total frac: 3.000

Sketch (5) (cm: eps0: 0.000625, del0: 0.05, min_mem: 16.9921875)
Par: 1, Rows: 3
(-0.000,8)    (-0.000,4)    (1.000,0)    (-0.000,10)    (-0.000,2)    (-0.000,14)    (-0.000,6)    (-0.000,11)    (-0.000,7)    (-0.000,3)    (1.000,13)    (-0.000,9)    (-0.000,5)    (-0.000,1)    (-0.000,12)    
Total frac: 2.000

Sketch (6) (cm: eps0: 0.000625, del0: 0.05, min_mem: 16.9921875)
Par: 1, Rows: 3
(-0.000,13)    (-0.000,9)    (-0.000,5)    (-0.000,11)    (-0.000,7)    (1.000,10)    (-0.000,12)    (-0.000,2)    (-0.000,8)    (-0.000,14)    (-0.000,4)    (1.000,0)    (-0.000,6)    
Total frac: 2.000

Sketch (7) (cm: eps0: 0.000625, del0: 0.05, min_mem: 16.9921875)
Par: 1, Rows: 3
(1.000,10)    (-0.000,12)    (-0.000,2)    (-0.000,8)    (-0.000,14)    (-0.000,4)    (-0.000,0)    (-0.000,13)    (1.000,9)    (-0.000,5)    (-0.000,11)    (-0.000,7)    (-0.000,3)    
Total frac: 2.000

Sketch (8) (cm: eps0: 0.000625, del0: 0.05, min_mem: 16.9921875)
Par: 1, Rows: 3
(-0.000,14)    (-0.000,12)    (-0.000,11)    (-0.000,2)    (-0.000,3)    (-0.000,1)    (1.000,9)    (-0.000,8)    (-0.000,6)    (-0.000,13)    
Total frac: 1.000

Sketch (9) (cm: eps0: 0.000625, del0: 0.05, min_mem: 16.9921875)
Par: 1, Rows: 3
(-0.000,9)    (-0.000,10)    (-0.000,7)    (1.000,8)    (-0.000,13)    (1.000,11)    (-0.000,14)    (-0.000,12)    (-0.000,5)    (-0.000,1)    (-0.000,2)    
Total frac: 2.000

Sketch (10) (cm: eps0: 0.000625, del0: 0.05, min_mem: 16.9921875)
Par: 1, Rows: 3
(-0.000,5)    (-0.000,12)    (-0.000,2)    (1.000,11)    (-0.000,1)    (-0.000,10)    (-0.000,9)    (-0.000,4)    (-0.000,3)    (-0.000,0)    (-0.000,6)    (-0.000,13)    (1.000,8)    (-0.000,14)    (-0.000,7)    
Total frac: 2.000

Sketch (11) (cm: eps0: 0.000625, del0: 0.05, min_mem: 16.9921875)
Par: 1, Rows: 3
(-0.000,3)    (-0.000,4)    (1.000,13)    (-0.000,6)    (-0.000,7)    (1.000,8)    (-0.000,14)    (-0.000,5)    (-0.000,11)    (-0.000,1)    (-0.000,12)    (-0.000,2)    (-0.000,9)    (-0.000,10)    
Total frac: 2.000

Sketch (12) (cm: eps0: 0.000625, del0: 0.05, min_mem: 16.9921875)
Par: 1, Rows: 3
(-0.000,8)    (-0.000,4)    (-0.000,2)    (-0.000,10)    (-0.000,6)    (-0.000,14)    (-0.000,11)    (1.000,13)    (-0.000,12)    (-0.000,0)    (-0.000,9)    (-0.000,5)    
Total frac: 1.000

Sketch (13) (cm: eps0: 0.000625, del0: 0.05, min_mem: 16.9921875)
Par: 1, Rows: 3
(-0.000,13)    (-0.000,3)    (-0.000,12)    (-0.000,9)    (-0.000,5)    (-0.000,2)    (-0.000,10)    (-0.000,11)    (-0.000,7)    (1.000,14)    
Total frac: 1.000

Sketch (14) (cm: eps0: 0.000625, del0: 0.05, min_mem: 16.9921875)
Par: 1, Rows: 3
(1.000,10)    (-0.000,0)    (-0.000,6)    (-0.000,8)    (-0.000,14)    (-0.000,13)    (-0.000,11)    (-0.000,5)    (-0.000,12)    
Total frac: 1.000

Sketch (15) (cm: eps0: 0.000625, del0: 0.05, min_mem: 16.9921875)
Par: 1, Rows: 3
(-0.000,11)    (-0.000,1)    (-0.000,7)    (-0.000,9)    (-0.000,5)    (-0.000,3)    (-0.000,12)    (1.000,2)    (1.000,10)    (-0.000,8)    (-0.000,14)    (-0.000,4)    (-0.000,13)    
Total frac: 2.000

Sketch (16) (cm: eps0: 0.000625, del0: 0.05, min_mem: 16.9921875)
Par: 1, Rows: 3
(-0.000,7)    (-0.000,2)    (1.000,6)    (-0.000,1)    (1.000,13)    (-0.000,5)    (-0.000,0)    (-0.000,12)    (-0.000,4)    (-0.000,11)    (-0.000,3)    (-0.000,14)    (-0.000,10)    (-0.000,9)    (-0.000,8)    
Total frac: 2.000

Sketch (17) (cm: eps0: 0.000625, del0: 0.05, min_mem: 16.9921875)
Par: 1, Rows: 3
(-0.000,0)    (1.000,12)    (-0.000,3)    (-0.000,9)    (-0.000,14)    (-0.000,10)    (-0.000,8)    (-0.000,7)    (-0.000,1)    (-0.000,13)    (-0.000,2)    (-0.000,5)    (-0.000,6)    (1.000,11)    
Total frac: 2.000

Sketch (18) (cm: eps0: 0.000625, del0: 0.05, min_mem: 16.9921875)
Par: 1, Rows: 3
(-0.000,8)    (-0.000,2)    (-0.000,6)    (-0.000,1)    (-0.000,13)    (-0.000,5)    (-0.000,7)    (-0.000,14)    (-0.000,10)    (-0.000,0)    (1.000,12)    (-0.000,9)    (-0.000,4)    (-0.000,11)    
Total frac: 1.000

Sketch (19) (cm: eps0: 0.000625, del0: 0.05, min_mem: 16.9921875)
Par: 1, Rows: 3
(1.000,9)    (-0.000,14)    (1.000,10)    (-0.000,11)    (-0.000,12)    (-0.000,3)    (-0.000,4)    (-0.000,1)    (-0.000,13)    (-0.000,8)    (-0.000,5)    (-0.000,6)    (-0.000,7)    
Total frac: 2.000

Sketch (20) (cm: eps0: 0.000625, del0: 0.05, min_mem: 16.9921875)
Par: 1, Rows: 3
(-0.000,13)    (-0.000,9)    (-0.000,5)    (-0.000,12)    (-0.000,8)    (-0.000,4)    (-0.000,10)    (-0.000,6)    (-0.000,1)    (1.000,11)    (-0.000,2)    (1.000,3)    (-0.000,14)    
Total frac: 2.000

Sketch (21) (cm: eps0: 0.000625, del0: 0.05, min_mem: 16.9921875)
Par: 1, Rows: 3
(-0.000,0)    (-0.000,3)    (-0.000,13)    (-0.000,2)    (1.000,9)    (-0.000,5)    (-0.000,14)    (-0.000,12)    (-0.000,8)    (-0.000,10)    
Total frac: 1.000

Sketch (22) (cm: eps0: 0.000625, del0: 0.05, min_mem: 16.9921875)
Par: 1, Rows: 3
(-0.000,3)    (-0.000,10)    (-0.000,12)    (-0.000,8)    (-0.000,4)    (1.000,1)    (-0.000,2)    (-0.000,14)    (-0.000,13)    (-0.000,0)    (1.000,9)    
Total frac: 2.000

Sketch (23) (cm: eps0: 0.000625, del0: 0.05, min_mem: 16.9921875)
Par: 1, Rows: 3
(-0.000,6)    (-0.000,13)    (-0.000,2)    (1.000,9)    (-0.000,5)    (-0.000,14)    (1.000,11)    (-0.000,7)    (-0.000,0)    (-0.000,3)    (-0.000,10)    (-0.000,12)    (-0.000,8)    
Total frac: 2.000

Sketch (24) (cm: eps0: 0.000625, del0: 0.05, min_mem: 16.9921875)
Par: 1, Rows: 3
(-0.000,5)    (-0.000,4)    (-0.000,3)    (-0.000,14)    (-0.000,10)    (1.000,9)    (-0.000,8)    (-0.000,7)    (-0.000,2)    (-0.000,1)    (1.000,13)    (-0.000,12)    (-0.000,11)    
Total frac: 2.000

Sketch (25) (cm: eps0: 0.000625, del0: 0.05, min_mem: 16.9921875)
Par: 1, Rows: 3
(1.000,8)    (-0.000,1)    (-0.000,2)    (-0.000,12)    (-0.000,3)    (-0.000,9)    
Total frac: 1.000

Sketch (26) (cm: eps0: 0.000625, del0: 0.05, min_mem: 16.9921875)
Par: 1, Rows: 3
(-0.000,11)    (-0.000,14)    (-0.000,10)    (-0.000,9)    (-0.000,4)    (-0.000,3)    (-0.000,6)    (1.000,13)    (-0.000,8)    (-0.000,7)    (-0.000,5)    (-0.000,0)    (-0.000,12)    
Total frac: 1.000

Sketch (27) (cm: eps0: 0.000625, del0: 0.05, min_mem: 16.9921875)
Par: 1, Rows: 3
(-0.000,2)    (-0.000,6)    (-0.000,7)    (-0.000,8)    (-0.000,5)    (-0.000,11)    (-0.000,0)    (1.000,12)    (-0.000,9)    (-0.000,14)    (1.000,10)    (-0.000,4)    (-0.000,1)    (-0.000,13)    
Total frac: 2.000

Sketch (28) (cm: eps0: 0.000625, del0: 0.05, min_mem: 16.9921875)
Par: 1, Rows: 3
(-0.000,6)    (-0.000,1)    (-0.000,0)    (-0.000,11)    (-0.000,7)    (-0.000,2)    (1.000,13)    (-0.000,12)    (-0.000,3)    (-0.000,14)    (-0.000,9)    (-0.000,5)    (-0.000,8)    (-0.000,4)    (-0.000,10)    
Total frac: 1.000

Sketch (29) (cm: eps0: 0.000625, del0: 0.05, min_mem: 16.9921875)
Par: 1, Rows: 3
(-0.000,12)    (1.000,9)    (-0.000,14)    (-0.000,8)    (-0.000,4)    (-0.000,1)    (-0.000,10)    (1.000,6)    (-0.000,11)    (-0.000,7)    (1.000,0)    (-0.000,13)    (-0.000,2)    (-0.000,3)    
Total frac: 3.000

Sketch (30) (cm: eps0: 0.000625, del0: 0.05, min_mem: 16.9921875)
Par: 1, Rows: 3
(-0.000,2)    (-0.000,13)    (-0.000,0)    (-0.000,11)    (-0.000,7)    (1.000,14)    (-0.000,9)    (-0.000,5)    (-0.000,12)    (-0.000,3)    (-0.000,10)    (-0.000,6)    (-0.000,1)    (-0.000,8)    
Total frac: 1.000

Sketch (31) (cm: eps0: 0.000625, del0: 0.05, min_mem: 16.9921875)
Par: 1, Rows: 3
(-0.000,5)    (1.000,14)    (-0.000,12)    (-0.000,10)    (-0.000,4)    (-0.000,13)    (-0.000,2)    (-0.000,9)    
Total frac: 1.000

Sketch (32) (cm: eps0: 0.000625, del0: 0.05, min_mem: 16.9921875)
Par: 1, Rows: 3
(-0.000,13)    (1.000,6)    (-0.000,12)    (1.000,5)    (-0.000,11)    (-0.000,4)    (-0.000,10)    (-0.000,3)    (-0.000,9)    (1.000,2)    (-0.000,8)    (-0.000,1)    (-0.000,0)    (-0.000,7)    (-0.000,14)    
Total frac: 3.000

Sketch (33) (cm: eps0: 0.000625, del0: 0.05, min_mem: 16.9921875)
Par: 1, Rows: 3
(-0.000,1)    (-0.000,2)    (1.000,8)    (1.000,7)    (-0.000,13)    (-0.000,14)    (-0.000,6)    (-0.000,11)    (-0.000,12)    (-0.000,4)    (-0.000,9)    (-0.000,10)    
Total frac: 2.000

Sketch (34) (cm: eps0: 0.000625, del0: 0.05, min_mem: 16.9921875)
Par: 1, Rows: 3
(-0.000,5)    (1.000,10)    (-0.000,12)    (-0.000,9)    (-0.000,2)    (-0.000,11)    (-0.000,1)    (-0.000,3)    (1.000,8)    (-0.000,14)    (-0.000,13)    (-0.000,6)    
Total frac: 2.000

Sketch (35) (cm: eps0: 0.000625, del0: 0.05, min_mem: 16.9921875)
Par: 1, Rows: 3
(-0.000,4)    (-0.000,13)    (-0.000,8)    (1.000,14)    (-0.000,5)    (-0.000,0)    (-0.000,6)    (-0.000,7)    (-0.000,9)    (-0.000,10)    (-0.000,11)    (-0.000,12)    (-0.000,1)    (-0.000,2)    
Total frac: 1.000

Sketch (36) (cm: eps0: 0.000625, del0: 0.05, min_mem: 16.9921875)
Par: 1, Rows: 3
(-0.000,10)    (-0.000,2)    (-0.000,14)    (-0.000,6)    (1.000,11)    (-0.000,7)    (-0.000,13)    (1.000,9)    (-0.000,12)    (-0.000,8)    (-0.000,5)    (-0.000,1)    
Total frac: 2.000

Sketch (37) (cm: eps0: 0.000625, del0: 0.05, min_mem: 16.9921875)
Par: 1, Rows: 3
(-0.000,7)    (-0.000,13)    (-0.000,3)    (-0.000,9)    (1.000,5)    (-0.000,1)    (1.000,12)    (-0.000,8)    (-0.000,4)    (-0.000,10)    (-0.000,0)    (-0.000,2)    (-0.000,14)    (-0.000,11)    
Total frac: 2.000

Sketch (38) (cm: eps0: 0.000625, del0: 0.05, min_mem: 16.9921875)
Par: 1, Rows: 3
(-0.000,8)    (1.000,14)    (-0.000,4)    (-0.000,0)    (-0.000,6)    (-0.000,13)    (-0.000,9)    (-0.000,11)    (1.000,1)    (-0.000,7)    (-0.000,3)    (-0.000,10)    (-0.000,12)    
Total frac: 2.000

Sketch (39) (cm: eps0: 0.000625, del0: 0.05, min_mem: 16.9921875)
Par: 1, Rows: 3
(1.000,9)    (-0.000,11)    (-0.000,5)    (-0.000,1)    (-0.000,7)    (-0.000,3)    (-0.000,10)    (-0.000,12)    (-0.000,8)    (-0.000,2)    (-0.000,14)    (-0.000,4)    (1.000,13)    
Total frac: 2.000

Sketch (40) (cm: eps0: 0.000625, del0: 0.05, min_mem: 16.9921875)
Par: 1, Rows: 3
(-0.000,3)    (1.000,1)    (-0.000,9)    (-0.000,0)    (-0.000,8)    (1.000,13)    (-0.000,6)    (-0.000,12)    (-0.000,14)    (-0.000,11)    (-0.000,5)    (-0.000,4)    (-0.000,2)    (-0.000,10)    
Total frac: 2.000

Sketch (41) (cm: eps0: 0.000625, del0: 0.05, min_mem: 16.9921875)
Par: 1, Rows: 3
(-0.000,6)    (-0.000,11)    (-0.000,12)    (1.000,14)    (-0.000,5)    (-0.000,3)    (-0.000,4)    (-0.000,2)    (-0.000,9)    (-0.000,10)    (-0.000,0)    (-0.000,8)    (-0.000,7)    (-0.000,13)    
Total frac: 1.000

Sketch (42) (cm: eps0: 0.000625, del0: 0.05, min_mem: 16.9921875)
Par: 1, Rows: 3
(-0.000,4)    (-0.000,13)    (-0.000,0)    (-0.000,6)    (-0.000,8)    (-0.000,14)    (-0.000,7)    (-0.000,5)    (1.000,12)    (-0.000,2)    (-0.000,11)    (1.000,10)    (-0.000,1)    (-0.000,9)    
Total frac: 2.000

Sketch (43) (cm: eps0: 0.000625, del0: 0.05, min_mem: 16.9921875)
Par: 1, Rows: 3
(1.000,14)    (-0.000,11)    (-0.000,12)    (1.000,2)    (-0.000,9)    (-0.000,10)    (-0.000,3)    (-0.000,4)    (-0.000,13)    (-0.000,0)    (-0.000,6)    (-0.000,8)    
Total frac: 2.000

Sketch (44) (cm: eps0: 0.000625, del0: 0.05, min_mem: 16.9921875)
Par: 1, Rows: 3
(-0.000,7)    (-0.000,13)    (1.000,12)    (-0.000,3)    (-0.000,1)    (-0.000,9)    (-0.000,0)    (-0.000,8)    (-0.000,5)    (-0.000,2)    (-0.000,10)    (-0.000,14)    (-0.000,11)    
Total frac: 1.000

Sketch (45) (cm: eps0: 0.000625, del0: 0.05, min_mem: 16.9921875)
Par: 1, Rows: 3
(-0.000,0)    (-0.000,8)    (-0.000,10)    (-0.000,11)    (-0.000,7)    (-0.000,14)    (-0.000,13)    (-0.000,3)    (1.000,12)    (-0.000,9)    (-0.000,5)    
Total frac: 1.000

Sketch (46) (cm: eps0: 0.000625, del0: 0.05, min_mem: 16.9921875)
Par: 1, Rows: 3
(-0.000,11)    (-0.000,1)    (-0.000,9)    (-0.000,5)    (1.000,12)    (-0.000,2)    (-0.000,3)    (-0.000,10)    (-0.000,0)    (-0.000,6)    (-0.000,8)    (-0.000,14)    (-0.000,4)    (-0.000,13)    
Total frac: 1.000

Sketch (47) (cm: eps0: 0.000625, del0: 0.05, min_mem: 16.9921875)
Par: 1, Rows: 3
(-0.000,10)    (-0.000,0)    (-0.000,6)    (1.000,8)    (-0.000,14)    (-0.000,4)    (-0.000,13)    (-0.000,11)    (-0.000,1)    (-0.000,9)    (1.000,5)    (-0.000,3)    (-0.000,12)    
Total frac: 2.000

Sketch (48) (cm: eps0: 0.000625, del0: 0.05, min_mem: 16.9921875)
Par: 1, Rows: 3
(-0.000,11)    (-0.000,10)    (-0.000,3)    (1.000,14)    (-0.000,9)    (-0.000,8)    (-0.000,7)    (-0.000,2)    (-0.000,13)    (-0.000,6)    (-0.000,1)    (-0.000,12)    (-0.000,5)    (-0.000,0)    
Total frac: 1.000

Sketch (49) (cm: eps0: 0.000625, del0: 0.05, min_mem: 16.9921875)
Par: 1, Rows: 3
(-0.000,13)    (-0.000,1)    (1.000,2)    (-0.000,6)    (-0.000,11)    (-0.000,12)    (1.000,0)    (-0.000,3)    (-0.000,9)    (-0.000,14)    (-0.000,8)    
Total frac: 2.000

Sketch (50) (cm: eps0: 0.000625, del0: 0.05, min_mem: 16.9921875)
Par: 1, Rows: 3
(-0.000,12)    (1.000,14)    (-0.000,9)    (-0.000,11)    (-0.000,3)    (-0.000,8)    (-0.000,13)    (-0.000,1)    (-0.000,5)    (-0.000,7)    (-0.000,10)    
Total frac: 1.000

Sketch (51) (cm: eps0: 0.000625, del0: 0.05, min_mem: 16.9921875)
Par: 1, Rows: 3
(-0.000,13)    (1.000,8)    (-0.000,1)    (-0.000,2)    (-0.000,6)    (-0.000,9)    (-0.000,11)    (-0.000,12)    (-0.000,14)    (-0.000,0)    (-0.000,3)    
Total frac: 1.000

Sketch (52) (cm: eps0: 0.000625, del0: 0.05, min_mem: 16.9921875)
Par: 1, Rows: 3
(-0.000,6)    (-0.000,11)    (-0.000,7)    (-0.000,2)    (1.000,13)    (-0.000,3)    (-0.000,14)    (-0.000,9)    (-0.000,12)    (-0.000,5)    (-0.000,10)    
Total frac: 1.000

Sketch (53) (cm: eps0: 0.000625, del0: 0.05, min_mem: 16.9921875)
Par: 1, Rows: 3
(-0.000,2)    (-0.000,5)    (-0.000,14)    (-0.000,12)    (1.000,8)    (1.000,4)    (-0.000,10)    (-0.000,1)    (-0.000,6)    (-0.000,11)    (-0.000,7)    (-0.000,0)    (-0.000,13)    (-0.000,9)    
Total frac: 2.000

Sketch (54) (cm: eps0: 0.000625, del0: 0.05, min_mem: 16.9921875)
Par: 1, Rows: 3
(-0.000,6)    (-0.000,1)    (-0.000,13)    (1.000,14)    (-0.000,9)    (-0.000,11)    (-0.000,5)    (-0.000,7)    (-0.000,3)    (-0.000,10)    (-0.000,12)    (-0.000,8)    (-0.000,4)    
Total frac: 1.000

Sketch (55) (cm: eps0: 0.000625, del0: 0.05, min_mem: 16.9921875)
Par: 1, Rows: 3
(-0.000,7)    (-0.000,0)    (-0.000,3)    (-0.000,10)    (-0.000,12)    (-0.000,8)    (-0.000,1)    (1.000,4)    (-0.000,6)    (-0.000,13)    (-0.000,9)    (-0.000,2)    (-0.000,11)    (-0.000,5)    (1.000,14)    
Total frac: 2.000

Sketch (56) (cm: eps0: 0.000625, del0: 0.05, min_mem: 16.9921875)
Par: 1, Rows: 3
(1.000,7)    (-0.000,2)    (-0.000,13)    (-0.000,6)    (-0.000,12)    (-0.000,0)    (-0.000,11)    (-0.000,4)    (-0.000,10)    (1.000,3)    (-0.000,9)    (-0.000,8)    
Total frac: 2.000

Sketch (57) (cm: eps0: 0.000625, del0: 0.05, min_mem: 16.9921875)
Par: 1, Rows: 3
(-0.000,5)    (-0.000,4)    (-0.000,10)    (-0.000,14)    (-0.000,8)    (-0.000,7)    (-0.000,13)    (-0.000,1)    (-0.000,6)    (1.000,11)    (-0.000,12)    
Total frac: 1.000

Sketch (58) (cm: eps0: 0.000625, del0: 0.05, min_mem: 16.9921875)
Par: 1, Rows: 3
(1.000,13)    (-0.000,6)    (-0.000,1)    (-0.000,8)    (-0.000,7)    (-0.000,5)    (-0.000,12)    (-0.000,11)    (-0.000,10)    (-0.000,14)    (-0.000,9)    (-0.000,4)    (-0.000,2)    
Total frac: 1.000

Sketch (59) (cm: eps0: 0.000625, del0: 0.05, min_mem: 16.9921875)
Par: 1, Rows: 3
(-0.000,12)    (-0.000,0)    (-0.000,9)    (-0.000,10)    (-0.000,14)    (-0.000,3)    (-0.000,4)    (-0.000,13)    (-0.000,1)    (-0.000,6)    (-0.000,8)    (-0.000,7)    (1.000,5)    (1.000,11)    
Total frac: 2.000

Sketch (60) (cm: eps0: 0.000625, del0: 0.05, min_mem: 16.9921875)
Par: 1, Rows: 3
(-0.000,3)    (-0.000,14)    (-0.000,9)    (-0.000,8)    (-0.000,5)    (-0.000,10)    (-0.000,1)    (-0.000,0)    (-0.000,11)    (-0.000,7)    (-0.000,2)    (-0.000,13)    (1.000,12)    
Total frac: 1.000

Sketch (61) (cm: eps0: 0.000625, del0: 0.05, min_mem: 16.9921875)
Par: 1, Rows: 3
(-0.000,11)    (1.000,7)    (-0.000,13)    (-0.000,2)    (-0.000,12)    (-0.000,9)    (-0.000,14)    
Total frac: 1.000

Sketch (62) (cm: eps0: 0.000625, del0: 0.05, min_mem: 16.9921875)
Par: 1, Rows: 3
(-0.000,9)    (1.000,12)    (-0.000,3)    (-0.000,10)    (-0.000,1)    (-0.000,8)    (-0.000,4)    (-0.000,2)    (-0.000,13)    (-0.000,0)    (-0.000,14)    
Total frac: 1.000

Sketch (63) (cm: eps0: 0.000625, del0: 0.05, min_mem: 16.9921875)
Par: 1, Rows: 3
(-0.000,8)    (-0.000,4)    (-0.000,13)    (-0.000,2)    (1.000,11)    (-0.000,7)    (-0.000,9)    (-0.000,14)    (-0.000,12)    (-0.000,1)    (-0.000,10)    (-0.000,6)    
Total frac: 1.000

Device (0) CPU1:
Rows total: 12.0
Mem total: 203.90625

Device (1) CPU2:
Rows total: 9.0
Mem total: 152.9296875

Device (2) CPU3:
Rows total: 12.0
Mem total: 203.90625

Device (3) CPU4:
Rows total: 12.0
Mem total: 203.90625

Device (4) CPU5:
Rows total: 6.0
Mem total: 101.953125

Device (5) CPU6:
Rows total: 12.0
Mem total: 203.90625

Device (6) CPU7:
Rows total: 9.0
Mem total: 152.9296875

Device (7) CPU8:
Rows total: 9.0
Mem total: 152.9296875

Device (8) tor_P41:
Rows total: 33.0
Mem total: 560.7421875

Device (9) tor_P42:
Rows total: 33.0
Mem total: 560.7421875

Device (10) tor_P43:
Rows total: 33.0
Mem total: 560.7421875

Device (11) tor_P44:
Rows total: 33.0
Mem total: 560.7421875

Device (12) l1_P41:
Rows total: 33.0
Mem total: 560.7421875

Device (13) l1_P42:
Rows total: 33.0
Mem total: 560.7421875

Device (14) l2_P4:
Rows total: 33.0
Mem total: 560.7421875
--------------------------------------------------
Changed value of parameter NonConvex to 2
   Prev: -1  Min: -1  Max: 2  Default: -1
Changed value of parameter NonConvex to 2
   Prev: -1  Min: -1  Max: 2  Default: -1
Changed value of parameter NonConvex to 2
   Prev: -1  Min: -1  Max: 2  Default: -1
Changed value of parameter NonConvex to 2
   Prev: -1  Min: -1  Max: 2  Default: -1
Changed value of parameter NonConvex to 2
   Prev: -1  Min: -1  Max: 2  Default: -1
Changed value of parameter NonConvex to 2
   Prev: -1  Min: -1  Max: 2  Default: -1
Changed value of parameter NonConvex to 2
   Prev: -1  Min: -1  Max: 2  Default: -1
Changed value of parameter NonConvex to 2
   Prev: -1  Min: -1  Max: 2  Default: -1

Throughput: 70.0 Mpps, ns per packet: 14.285714285714286
Resources: 649.6929159164429
Used Cores: 50.99999999999999, Total CPUS: 8, Switch Memory: 3925.1953125

Sketch (0) (cm: eps0: 0.000625, del0: 0.05, min_mem: 16.9921875)
Par: 1, Rows: 3
(-0.000,9)    (-0.000,1)    (1.000,8)    (-0.000,0)    (-0.000,14)    (-0.000,6)    (-0.000,13)    (-0.000,12)    (-0.000,4)    (1.000,11)    (-0.000,3)    (-0.000,10)    (-0.000,2)    
Total frac: 2.000

Sketch (1) (cm: eps0: 0.000625, del0: 0.05, min_mem: 16.9921875)
Par: 1, Rows: 3
(-0.000,14)    (-0.000,5)    (-0.000,6)    (-0.000,11)    (-0.000,12)    (1.000,3)    (-0.000,4)    (-0.000,9)    (1.000,10)    (-0.000,1)    (-0.000,2)    (-0.000,8)    (-0.000,7)    (-0.000,13)    
Total frac: 2.000

Sketch (2) (cm: eps0: 0.000625, del0: 0.05, min_mem: 16.9921875)
Par: 1, Rows: 3
(-0.000,3)    (-0.000,8)    (-0.000,14)    (-0.000,0)    (-0.000,6)    (-0.000,13)    (-0.000,5)    (-0.000,7)    (1.000,10)    (-0.000,12)    (-0.000,2)    (1.000,9)    (-0.000,4)    (-0.000,11)    
Total frac: 2.000

Sketch (3) (cm: eps0: 0.000625, del0: 0.05, min_mem: 16.9921875)
Par: 1, Rows: 3
(-0.000,7)    (-0.000,9)    (1.000,10)    (-0.000,11)    (-0.000,1)    (1.000,12)    (-0.000,2)    (-0.000,3)    (-0.000,4)    (-0.000,13)    (-0.000,8)    (-0.000,14)    (-0.000,5)    (-0.000,0)    (-0.000,6)    
Total frac: 2.000

Sketch (4) (cm: eps0: 0.000625, del0: 0.05, min_mem: 16.9921875)
Par: 1, Rows: 3
(1.000,11)    (-0.000,7)    (1.000,3)    (-0.000,13)    (-0.000,9)    (-0.000,5)    (-0.000,12)    (-0.000,1)    (1.000,8)    (-0.000,4)    (-0.000,0)    (-0.000,10)    (-0.000,2)    (-0.000,14)    (-0.000,6)    
Total frac: 3.000

Sketch (5) (cm: eps0: 0.000625, del0: 0.05, min_mem: 16.9921875)
Par: 1, Rows: 3
(-0.000,8)    (-0.000,4)    (1.000,0)    (-0.000,10)    (-0.000,2)    (-0.000,14)    (-0.000,6)    (-0.000,11)    (-0.000,7)    (-0.000,3)    (1.000,13)    (-0.000,9)    (-0.000,5)    (-0.000,1)    (-0.000,12)    
Total frac: 2.000

Sketch (6) (cm: eps0: 0.000625, del0: 0.05, min_mem: 16.9921875)
Par: 1, Rows: 3
(-0.000,13)    (-0.000,9)    (-0.000,5)    (-0.000,11)    (-0.000,7)    (1.000,10)    (-0.000,12)    (-0.000,2)    (-0.000,8)    (-0.000,14)    (-0.000,4)    (1.000,0)    (-0.000,6)    
Total frac: 2.000

Sketch (7) (cm: eps0: 0.000625, del0: 0.05, min_mem: 16.9921875)
Par: 1, Rows: 3
(1.000,10)    (-0.000,12)    (-0.000,2)    (-0.000,8)    (-0.000,14)    (-0.000,4)    (-0.000,0)    (-0.000,13)    (1.000,9)    (-0.000,5)    (-0.000,11)    (-0.000,7)    (-0.000,3)    
Total frac: 2.000

Sketch (8) (cm: eps0: 0.000625, del0: 0.05, min_mem: 16.9921875)
Par: 1, Rows: 3
(-0.000,14)    (-0.000,12)    (-0.000,11)    (-0.000,2)    (-0.000,3)    (-0.000,1)    (1.000,9)    (-0.000,8)    (-0.000,6)    (-0.000,13)    
Total frac: 1.000

Sketch (9) (cm: eps0: 0.000625, del0: 0.05, min_mem: 16.9921875)
Par: 1, Rows: 3
(-0.000,9)    (-0.000,10)    (-0.000,7)    (1.000,8)    (-0.000,13)    (1.000,11)    (-0.000,14)    (-0.000,12)    (-0.000,5)    (-0.000,1)    (-0.000,2)    
Total frac: 2.000

Sketch (10) (cm: eps0: 0.000625, del0: 0.05, min_mem: 16.9921875)
Par: 1, Rows: 3
(-0.000,5)    (-0.000,12)    (-0.000,2)    (1.000,11)    (-0.000,1)    (-0.000,10)    (-0.000,9)    (-0.000,4)    (-0.000,3)    (-0.000,0)    (-0.000,6)    (-0.000,13)    (1.000,8)    (-0.000,14)    (-0.000,7)    
Total frac: 2.000

Sketch (11) (cm: eps0: 0.000625, del0: 0.05, min_mem: 16.9921875)
Par: 1, Rows: 3
(-0.000,3)    (-0.000,4)    (1.000,13)    (-0.000,6)    (-0.000,7)    (1.000,8)    (-0.000,14)    (-0.000,5)    (-0.000,11)    (-0.000,1)    (-0.000,12)    (-0.000,2)    (-0.000,9)    (-0.000,10)    
Total frac: 2.000

Sketch (12) (cm: eps0: 0.000625, del0: 0.05, min_mem: 16.9921875)
Par: 1, Rows: 3
(-0.000,8)    (-0.000,4)    (-0.000,2)    (-0.000,10)    (-0.000,6)    (-0.000,14)    (-0.000,11)    (1.000,13)    (-0.000,12)    (-0.000,0)    (-0.000,9)    (-0.000,5)    
Total frac: 1.000

Sketch (13) (cm: eps0: 0.000625, del0: 0.05, min_mem: 16.9921875)
Par: 1, Rows: 3
(-0.000,13)    (-0.000,3)    (-0.000,12)    (-0.000,9)    (-0.000,5)    (-0.000,2)    (-0.000,10)    (-0.000,11)    (-0.000,7)    (1.000,14)    
Total frac: 1.000

Sketch (14) (cm: eps0: 0.000625, del0: 0.05, min_mem: 16.9921875)
Par: 1, Rows: 3
(1.000,10)    (-0.000,0)    (-0.000,6)    (-0.000,8)    (-0.000,14)    (-0.000,13)    (-0.000,11)    (-0.000,5)    (-0.000,12)    
Total frac: 1.000

Sketch (15) (cm: eps0: 0.000625, del0: 0.05, min_mem: 16.9921875)
Par: 1, Rows: 3
(-0.000,11)    (-0.000,1)    (-0.000,7)    (-0.000,9)    (-0.000,5)    (-0.000,3)    (-0.000,12)    (1.000,2)    (1.000,10)    (-0.000,8)    (-0.000,14)    (-0.000,4)    (-0.000,13)    
Total frac: 2.000

Sketch (16) (cm: eps0: 0.000625, del0: 0.05, min_mem: 16.9921875)
Par: 1, Rows: 3
(-0.000,7)    (-0.000,2)    (1.000,6)    (-0.000,1)    (1.000,13)    (-0.000,5)    (-0.000,0)    (-0.000,12)    (-0.000,4)    (-0.000,11)    (-0.000,3)    (-0.000,14)    (-0.000,10)    (-0.000,9)    (-0.000,8)    
Total frac: 2.000

Sketch (17) (cm: eps0: 0.000625, del0: 0.05, min_mem: 16.9921875)
Par: 1, Rows: 3
(-0.000,0)    (1.000,12)    (-0.000,3)    (-0.000,9)    (-0.000,14)    (-0.000,10)    (-0.000,8)    (-0.000,7)    (-0.000,1)    (-0.000,13)    (-0.000,2)    (-0.000,5)    (-0.000,6)    (1.000,11)    
Total frac: 2.000

Sketch (18) (cm: eps0: 0.000625, del0: 0.05, min_mem: 16.9921875)
Par: 1, Rows: 3
(-0.000,8)    (-0.000,2)    (-0.000,6)    (-0.000,1)    (-0.000,13)    (-0.000,5)    (-0.000,7)    (-0.000,14)    (-0.000,10)    (-0.000,0)    (1.000,12)    (-0.000,9)    (-0.000,4)    (-0.000,11)    
Total frac: 1.000

Sketch (19) (cm: eps0: 0.000625, del0: 0.05, min_mem: 16.9921875)
Par: 1, Rows: 3
(1.000,9)    (-0.000,14)    (1.000,10)    (-0.000,11)    (-0.000,12)    (-0.000,3)    (-0.000,4)    (-0.000,1)    (-0.000,13)    (-0.000,8)    (-0.000,5)    (-0.000,6)    (-0.000,7)    
Total frac: 2.000

Sketch (20) (cm: eps0: 0.000625, del0: 0.05, min_mem: 16.9921875)
Par: 1, Rows: 3
(-0.000,13)    (-0.000,9)    (-0.000,5)    (-0.000,12)    (-0.000,8)    (-0.000,4)    (-0.000,10)    (-0.000,6)    (-0.000,1)    (1.000,11)    (-0.000,2)    (1.000,3)    (-0.000,14)    
Total frac: 2.000

Sketch (21) (cm: eps0: 0.000625, del0: 0.05, min_mem: 16.9921875)
Par: 1, Rows: 3
(-0.000,0)    (-0.000,3)    (-0.000,13)    (-0.000,2)    (1.000,9)    (-0.000,5)    (-0.000,14)    (-0.000,12)    (-0.000,8)    (-0.000,10)    
Total frac: 1.000

Sketch (22) (cm: eps0: 0.000625, del0: 0.05, min_mem: 16.9921875)
Par: 1, Rows: 3
(-0.000,3)    (-0.000,10)    (-0.000,12)    (-0.000,8)    (-0.000,4)    (1.000,1)    (-0.000,2)    (-0.000,14)    (-0.000,13)    (-0.000,0)    (1.000,9)    
Total frac: 2.000

Sketch (23) (cm: eps0: 0.000625, del0: 0.05, min_mem: 16.9921875)
Par: 1, Rows: 3
(-0.000,6)    (-0.000,13)    (-0.000,2)    (1.000,9)    (-0.000,5)    (-0.000,14)    (1.000,11)    (-0.000,7)    (-0.000,0)    (-0.000,3)    (-0.000,10)    (-0.000,12)    (-0.000,8)    
Total frac: 2.000

Sketch (24) (cm: eps0: 0.000625, del0: 0.05, min_mem: 16.9921875)
Par: 1, Rows: 3
(-0.000,5)    (-0.000,4)    (-0.000,3)    (-0.000,14)    (-0.000,10)    (1.000,9)    (-0.000,8)    (-0.000,7)    (-0.000,2)    (-0.000,1)    (1.000,13)    (-0.000,12)    (-0.000,11)    
Total frac: 2.000

Sketch (25) (cm: eps0: 0.000625, del0: 0.05, min_mem: 16.9921875)
Par: 1, Rows: 3
(1.000,8)    (-0.000,1)    (-0.000,2)    (-0.000,12)    (-0.000,3)    (-0.000,9)    
Total frac: 1.000

Sketch (26) (cm: eps0: 0.000625, del0: 0.05, min_mem: 16.9921875)
Par: 1, Rows: 3
(-0.000,11)    (-0.000,14)    (-0.000,10)    (-0.000,9)    (-0.000,4)    (-0.000,3)    (-0.000,6)    (1.000,13)    (-0.000,8)    (-0.000,7)    (-0.000,5)    (-0.000,0)    (-0.000,12)    
Total frac: 1.000

Sketch (27) (cm: eps0: 0.000625, del0: 0.05, min_mem: 16.9921875)
Par: 1, Rows: 3
(-0.000,2)    (-0.000,6)    (-0.000,7)    (-0.000,8)    (-0.000,5)    (-0.000,11)    (-0.000,0)    (1.000,12)    (-0.000,9)    (-0.000,14)    (1.000,10)    (-0.000,4)    (-0.000,1)    (-0.000,13)    
Total frac: 2.000

Sketch (28) (cm: eps0: 0.000625, del0: 0.05, min_mem: 16.9921875)
Par: 1, Rows: 3
(-0.000,6)    (-0.000,1)    (-0.000,0)    (-0.000,11)    (-0.000,7)    (-0.000,2)    (1.000,13)    (-0.000,12)    (-0.000,3)    (-0.000,14)    (-0.000,9)    (-0.000,5)    (-0.000,8)    (-0.000,4)    (-0.000,10)    
Total frac: 1.000

Sketch (29) (cm: eps0: 0.000625, del0: 0.05, min_mem: 16.9921875)
Par: 1, Rows: 3
(-0.000,12)    (1.000,9)    (-0.000,14)    (-0.000,8)    (-0.000,4)    (-0.000,1)    (-0.000,10)    (1.000,6)    (-0.000,11)    (-0.000,7)    (1.000,0)    (-0.000,13)    (-0.000,2)    (-0.000,3)    
Total frac: 3.000

Sketch (30) (cm: eps0: 0.000625, del0: 0.05, min_mem: 16.9921875)
Par: 1, Rows: 3
(-0.000,2)    (-0.000,13)    (-0.000,0)    (-0.000,11)    (-0.000,7)    (1.000,14)    (-0.000,9)    (-0.000,5)    (-0.000,12)    (-0.000,3)    (-0.000,10)    (-0.000,6)    (-0.000,1)    (-0.000,8)    
Total frac: 1.000

Sketch (31) (cm: eps0: 0.000625, del0: 0.05, min_mem: 16.9921875)
Par: 1, Rows: 3
(-0.000,5)    (1.000,14)    (-0.000,12)    (-0.000,10)    (-0.000,4)    (-0.000,13)    (-0.000,2)    (-0.000,9)    
Total frac: 1.000

Sketch (32) (cm: eps0: 0.000625, del0: 0.05, min_mem: 16.9921875)
Par: 1, Rows: 3
(-0.000,13)    (1.000,6)    (-0.000,12)    (1.000,5)    (-0.000,11)    (-0.000,4)    (-0.000,10)    (-0.000,3)    (-0.000,9)    (1.000,2)    (-0.000,8)    (-0.000,1)    (-0.000,0)    (-0.000,7)    (-0.000,14)    
Total frac: 3.000

Sketch (33) (cm: eps0: 0.000625, del0: 0.05, min_mem: 16.9921875)
Par: 1, Rows: 3
(-0.000,1)    (-0.000,2)    (1.000,8)    (1.000,7)    (-0.000,13)    (-0.000,14)    (-0.000,6)    (-0.000,11)    (-0.000,12)    (-0.000,4)    (-0.000,9)    (-0.000,10)    
Total frac: 2.000

Sketch (34) (cm: eps0: 0.000625, del0: 0.05, min_mem: 16.9921875)
Par: 1, Rows: 3
(-0.000,5)    (1.000,10)    (-0.000,12)    (-0.000,9)    (-0.000,2)    (-0.000,11)    (-0.000,1)    (-0.000,3)    (1.000,8)    (-0.000,14)    (-0.000,13)    (-0.000,6)    
Total frac: 2.000

Sketch (35) (cm: eps0: 0.000625, del0: 0.05, min_mem: 16.9921875)
Par: 1, Rows: 3
(-0.000,4)    (-0.000,13)    (-0.000,8)    (1.000,14)    (-0.000,5)    (-0.000,0)    (-0.000,6)    (-0.000,7)    (-0.000,9)    (-0.000,10)    (-0.000,11)    (-0.000,12)    (-0.000,1)    (-0.000,2)    
Total frac: 1.000

Sketch (36) (cm: eps0: 0.000625, del0: 0.05, min_mem: 16.9921875)
Par: 1, Rows: 3
(-0.000,10)    (-0.000,2)    (-0.000,14)    (-0.000,6)    (1.000,11)    (-0.000,7)    (-0.000,13)    (1.000,9)    (-0.000,12)    (-0.000,8)    (-0.000,5)    (-0.000,1)    
Total frac: 2.000

Sketch (37) (cm: eps0: 0.000625, del0: 0.05, min_mem: 16.9921875)
Par: 1, Rows: 3
(-0.000,7)    (-0.000,13)    (-0.000,3)    (-0.000,9)    (1.000,5)    (-0.000,1)    (1.000,12)    (-0.000,8)    (-0.000,4)    (-0.000,10)    (-0.000,0)    (-0.000,2)    (-0.000,14)    (-0.000,11)    
Total frac: 2.000

Sketch (38) (cm: eps0: 0.000625, del0: 0.05, min_mem: 16.9921875)
Par: 1, Rows: 3
(-0.000,8)    (1.000,14)    (-0.000,4)    (-0.000,0)    (-0.000,6)    (-0.000,13)    (-0.000,9)    (-0.000,11)    (1.000,1)    (-0.000,7)    (-0.000,3)    (-0.000,10)    (-0.000,12)    
Total frac: 2.000

Sketch (39) (cm: eps0: 0.000625, del0: 0.05, min_mem: 16.9921875)
Par: 1, Rows: 3
(1.000,9)    (-0.000,11)    (-0.000,5)    (-0.000,1)    (-0.000,7)    (-0.000,3)    (-0.000,10)    (-0.000,12)    (-0.000,8)    (-0.000,2)    (-0.000,14)    (-0.000,4)    (1.000,13)    
Total frac: 2.000

Sketch (40) (cm: eps0: 0.000625, del0: 0.05, min_mem: 16.9921875)
Par: 1, Rows: 3
(-0.000,3)    (1.000,1)    (-0.000,9)    (-0.000,0)    (-0.000,8)    (1.000,13)    (-0.000,6)    (-0.000,12)    (-0.000,14)    (-0.000,11)    (-0.000,5)    (-0.000,4)    (-0.000,2)    (-0.000,10)    
Total frac: 2.000

Sketch (41) (cm: eps0: 0.000625, del0: 0.05, min_mem: 16.9921875)
Par: 1, Rows: 3
(-0.000,6)    (-0.000,11)    (-0.000,12)    (1.000,14)    (-0.000,5)    (-0.000,3)    (-0.000,4)    (-0.000,2)    (-0.000,9)    (-0.000,10)    (-0.000,0)    (-0.000,8)    (-0.000,7)    (-0.000,13)    
Total frac: 1.000

Sketch (42) (cm: eps0: 0.000625, del0: 0.05, min_mem: 16.9921875)
Par: 1, Rows: 3
(-0.000,4)    (-0.000,13)    (-0.000,0)    (-0.000,6)    (-0.000,8)    (-0.000,14)    (-0.000,7)    (-0.000,5)    (1.000,12)    (-0.000,2)    (-0.000,11)    (1.000,10)    (-0.000,1)    (-0.000,9)    
Total frac: 2.000

Sketch (43) (cm: eps0: 0.000625, del0: 0.05, min_mem: 16.9921875)
Par: 1, Rows: 3
(1.000,14)    (-0.000,11)    (-0.000,12)    (1.000,2)    (-0.000,9)    (-0.000,10)    (-0.000,3)    (-0.000,4)    (-0.000,13)    (-0.000,0)    (-0.000,6)    (-0.000,8)    
Total frac: 2.000

Sketch (44) (cm: eps0: 0.000625, del0: 0.05, min_mem: 16.9921875)
Par: 1, Rows: 3
(-0.000,7)    (-0.000,13)    (1.000,12)    (-0.000,3)    (-0.000,1)    (-0.000,9)    (-0.000,0)    (-0.000,8)    (-0.000,5)    (-0.000,2)    (-0.000,10)    (-0.000,14)    (-0.000,11)    
Total frac: 1.000

Sketch (45) (cm: eps0: 0.000625, del0: 0.05, min_mem: 16.9921875)
Par: 1, Rows: 3
(-0.000,0)    (-0.000,8)    (-0.000,10)    (-0.000,11)    (-0.000,7)    (-0.000,14)    (-0.000,13)    (-0.000,3)    (1.000,12)    (-0.000,9)    (-0.000,5)    
Total frac: 1.000

Sketch (46) (cm: eps0: 0.000625, del0: 0.05, min_mem: 16.9921875)
Par: 1, Rows: 3
(-0.000,11)    (-0.000,1)    (-0.000,9)    (-0.000,5)    (1.000,12)    (-0.000,2)    (-0.000,3)    (-0.000,10)    (-0.000,0)    (-0.000,6)    (-0.000,8)    (-0.000,14)    (-0.000,4)    (-0.000,13)    
Total frac: 1.000

Sketch (47) (cm: eps0: 0.000625, del0: 0.05, min_mem: 16.9921875)
Par: 1, Rows: 3
(-0.000,10)    (-0.000,0)    (-0.000,6)    (1.000,8)    (-0.000,14)    (-0.000,4)    (-0.000,13)    (-0.000,11)    (-0.000,1)    (-0.000,9)    (1.000,5)    (-0.000,3)    (-0.000,12)    
Total frac: 2.000

Sketch (48) (cm: eps0: 0.000625, del0: 0.05, min_mem: 16.9921875)
Par: 1, Rows: 3
(-0.000,11)    (-0.000,10)    (-0.000,3)    (1.000,14)    (-0.000,9)    (-0.000,8)    (-0.000,7)    (-0.000,2)    (-0.000,13)    (-0.000,6)    (-0.000,1)    (-0.000,12)    (-0.000,5)    (-0.000,0)    
Total frac: 1.000

Sketch (49) (cm: eps0: 0.000625, del0: 0.05, min_mem: 16.9921875)
Par: 1, Rows: 3
(-0.000,13)    (-0.000,1)    (1.000,2)    (-0.000,6)    (-0.000,11)    (-0.000,12)    (1.000,0)    (-0.000,3)    (-0.000,9)    (-0.000,14)    (-0.000,8)    
Total frac: 2.000

Sketch (50) (cm: eps0: 0.000625, del0: 0.05, min_mem: 16.9921875)
Par: 1, Rows: 3
(-0.000,12)    (1.000,14)    (-0.000,9)    (-0.000,11)    (-0.000,3)    (-0.000,8)    (-0.000,13)    (-0.000,1)    (-0.000,5)    (-0.000,7)    (-0.000,10)    
Total frac: 1.000

Sketch (51) (cm: eps0: 0.000625, del0: 0.05, min_mem: 16.9921875)
Par: 1, Rows: 3
(-0.000,13)    (1.000,8)    (-0.000,1)    (-0.000,2)    (-0.000,6)    (-0.000,9)    (-0.000,11)    (-0.000,12)    (-0.000,14)    (-0.000,0)    (-0.000,3)    
Total frac: 1.000

Sketch (52) (cm: eps0: 0.000625, del0: 0.05, min_mem: 16.9921875)
Par: 1, Rows: 3
(-0.000,6)    (-0.000,11)    (-0.000,7)    (-0.000,2)    (1.000,13)    (-0.000,3)    (-0.000,14)    (-0.000,9)    (-0.000,12)    (-0.000,5)    (-0.000,10)    
Total frac: 1.000

Sketch (53) (cm: eps0: 0.000625, del0: 0.05, min_mem: 16.9921875)
Par: 1, Rows: 3
(-0.000,2)    (-0.000,5)    (-0.000,14)    (-0.000,12)    (1.000,8)    (1.000,4)    (-0.000,10)    (-0.000,1)    (-0.000,6)    (-0.000,11)    (-0.000,7)    (-0.000,0)    (-0.000,13)    (-0.000,9)    
Total frac: 2.000

Sketch (54) (cm: eps0: 0.000625, del0: 0.05, min_mem: 16.9921875)
Par: 1, Rows: 3
(-0.000,6)    (-0.000,1)    (-0.000,13)    (1.000,14)    (-0.000,9)    (-0.000,11)    (-0.000,5)    (-0.000,7)    (-0.000,3)    (-0.000,10)    (-0.000,12)    (-0.000,8)    (-0.000,4)    
Total frac: 1.000

Sketch (55) (cm: eps0: 0.000625, del0: 0.05, min_mem: 16.9921875)
Par: 1, Rows: 3
(-0.000,7)    (-0.000,0)    (-0.000,3)    (-0.000,10)    (-0.000,12)    (-0.000,8)    (-0.000,1)    (1.000,4)    (-0.000,6)    (-0.000,13)    (-0.000,9)    (-0.000,2)    (-0.000,11)    (-0.000,5)    (1.000,14)    
Total frac: 2.000

Sketch (56) (cm: eps0: 0.000625, del0: 0.05, min_mem: 16.9921875)
Par: 1, Rows: 3
(1.000,7)    (-0.000,2)    (-0.000,13)    (-0.000,6)    (-0.000,12)    (-0.000,0)    (-0.000,11)    (-0.000,4)    (-0.000,10)    (1.000,3)    (-0.000,9)    (-0.000,8)    
Total frac: 2.000

Sketch (57) (cm: eps0: 0.000625, del0: 0.05, min_mem: 16.9921875)
Par: 1, Rows: 3
(-0.000,5)    (-0.000,4)    (-0.000,10)    (-0.000,14)    (-0.000,8)    (-0.000,7)    (-0.000,13)    (-0.000,1)    (-0.000,6)    (1.000,11)    (-0.000,12)    
Total frac: 1.000

Sketch (58) (cm: eps0: 0.000625, del0: 0.05, min_mem: 16.9921875)
Par: 1, Rows: 3
(1.000,13)    (-0.000,6)    (-0.000,1)    (-0.000,8)    (-0.000,7)    (-0.000,5)    (-0.000,12)    (-0.000,11)    (-0.000,10)    (-0.000,14)    (-0.000,9)    (-0.000,4)    (-0.000,2)    
Total frac: 1.000

Sketch (59) (cm: eps0: 0.000625, del0: 0.05, min_mem: 16.9921875)
Par: 1, Rows: 3
(-0.000,12)    (-0.000,0)    (-0.000,9)    (-0.000,10)    (-0.000,14)    (-0.000,3)    (-0.000,4)    (-0.000,13)    (-0.000,1)    (-0.000,6)    (-0.000,8)    (-0.000,7)    (1.000,5)    (1.000,11)    
Total frac: 2.000

Sketch (60) (cm: eps0: 0.000625, del0: 0.05, min_mem: 16.9921875)
Par: 1, Rows: 3
(-0.000,3)    (-0.000,14)    (-0.000,9)    (-0.000,8)    (-0.000,5)    (-0.000,10)    (-0.000,1)    (-0.000,0)    (-0.000,11)    (-0.000,7)    (-0.000,2)    (-0.000,13)    (1.000,12)    
Total frac: 1.000

Sketch (61) (cm: eps0: 0.000625, del0: 0.05, min_mem: 16.9921875)
Par: 1, Rows: 3
(-0.000,11)    (1.000,7)    (-0.000,13)    (-0.000,2)    (-0.000,12)    (-0.000,9)    (-0.000,14)    
Total frac: 1.000

Sketch (62) (cm: eps0: 0.000625, del0: 0.05, min_mem: 16.9921875)
Par: 1, Rows: 3
(-0.000,9)    (1.000,12)    (-0.000,3)    (-0.000,10)    (-0.000,1)    (-0.000,8)    (-0.000,4)    (-0.000,2)    (-0.000,13)    (-0.000,0)    (-0.000,14)    
Total frac: 1.000

Sketch (63) (cm: eps0: 0.000625, del0: 0.05, min_mem: 16.9921875)
Par: 1, Rows: 3
(-0.000,8)    (-0.000,4)    (-0.000,13)    (-0.000,2)    (1.000,11)    (-0.000,7)    (-0.000,9)    (-0.000,14)    (-0.000,12)    (-0.000,1)    (-0.000,10)    (-0.000,6)    
Total frac: 1.000

Device (0) CPU1:
cores_sketch: 3.9999999999999987, cores_dpdk: 2.9999999999999996
Rows total: 12.0
Mem total: 203.90625
Throughput: 70.0

Device (1) CPU2:
cores_sketch: 3.000000000000001, cores_dpdk: 2.9999999999999996
Rows total: 9.0
Mem total: 152.9296875
Throughput: 70.0

Device (2) CPU3:
cores_sketch: 3.9999999999999987, cores_dpdk: 2.9999999999999996
Rows total: 12.0
Mem total: 203.90625
Throughput: 70.0

Device (3) CPU4:
cores_sketch: 3.9999999999999987, cores_dpdk: 2.9999999999999996
Rows total: 12.0
Mem total: 203.90625
Throughput: 70.0

Device (4) CPU5:
cores_sketch: 2.0, cores_dpdk: 2.9999999999999982
Rows total: 6.0
Mem total: 101.953125
Throughput: 70.0

Device (5) CPU6:
cores_sketch: 3.9999999999999987, cores_dpdk: 2.9999999999999996
Rows total: 12.0
Mem total: 203.90625
Throughput: 70.0

Device (6) CPU7:
cores_sketch: 3.000000000000001, cores_dpdk: 2.9999999999999996
Rows total: 9.0
Mem total: 152.9296875
Throughput: 70.0

Device (7) CPU8:
cores_sketch: 3.000000000000001, cores_dpdk: 2.9999999999999996
Rows total: 9.0
Mem total: 152.9296875
Throughput: 70.0

Device (8) tor_P41:
Rows total: 33.0
Mem total: 560.7421875
Throughput: 148.0

Device (9) tor_P42:
Rows total: 33.0
Mem total: 560.7421875
Throughput: 148.0

Device (10) tor_P43:
Rows total: 33.0
Mem total: 560.7421875
Throughput: 148.0

Device (11) tor_P44:
Rows total: 33.0
Mem total: 560.7421875
Throughput: 148.0

Device (12) l1_P41:
Rows total: 33.0
Mem total: 560.7421875
Throughput: 148.0

Device (13) l1_P42:
Rows total: 33.0
Mem total: 560.7421875
Throughput: 148.0

Device (14) l2_P4:
Rows total: 33.0
Mem total: 560.7421875
Throughput: 148.0
--------------------------------------------------
Function: MIP.solve took 0.3940269947052002 seconds
Function: solve took 0.39624762535095215 seconds
