Function: get_partitions took 5.4836273193359375e-05 seconds
Function: map_flows_partitions took 1.33514404296875e-05 seconds
Building model with:
21 devices, 20 partitions and 20 flows
Using license file /home/anup/gurobi.lic
Academic license - for non-commercial use only
Function: MIP.add_frac_mem_var took 0.0005779266357421875 seconds
Function: MIP.add_coverage_constraints took 0.0005364418029785156 seconds
Function: MIP.add_accuracy_constraints took 0.0013248920440673828 seconds
Function: MIP.add_capacity_constraints took 0.0021190643310546875 seconds
Changed value of parameter TimeLimit to 120.0
   Prev: inf  Min: 0.0  Max: inf  Default: inf
--------------------------------------------------
Starting model update
Model update took: 0.00015854835510253906 s
--------------------------------------------------
Starting model optimize
Gurobi Optimizer version 9.0.0 build v9.0.0rc2 (linux64)
Optimize a model with 123 rows, 164 columns and 364 nonzeros
Model fingerprint: 0xb2840fbf
Model has 1 general constraint
Variable types: 164 continuous, 0 integer (0 binary)
Coefficient statistics:
  Matrix range     [1e+00, 5e+00]
  Objective range  [1e+00, 1e+00]
  Bounds range     [1e+00, 3e+04]
  RHS range        [1e+00, 1e+00]

---------------------------------------------------------------------------
Multi-objectives: starting optimization with 2 objectives ... 
---------------------------------------------------------------------------

Multi-objectives: applying initial presolve ...
---------------------------------------------------------------------------

Presolve removed 81 rows and 61 columns
Presolve time: 0.00s
Presolved: 42 rows and 103 columns
---------------------------------------------------------------------------

Multi-objectives: optimize objective 1 (max_mem) ...
---------------------------------------------------------------------------

Presolve time: 0.00s
Presolved: 42 rows, 103 columns, 183 nonzeros
Presolved model has 21 SOS constraint(s)
Variable types: 82 continuous, 21 integer (21 binary)

Root relaxation: objective 4.854911e+00, 49 iterations, 0.00 seconds

    Nodes    |    Current Node    |     Objective Bounds      |     Work
 Expl Unexpl |  Obj  Depth IntInf | Incumbent    BestBd   Gap | It/Node Time

*    0     0               0       4.8549107    4.85491  0.00%     -    0s

Explored 0 nodes (49 simplex iterations) in 0.00 seconds
Thread count was 8 (of 8 available processors)

Solution count 1: 4.85491 

Optimal solution found (tolerance 1.00e-04)
Best objective 4.854910714286e+00, best bound 4.854910714286e+00, gap 0.0000%
---------------------------------------------------------------------------

Multi-objectives: optimize objective 2 (tot_mem) ...
---------------------------------------------------------------------------


Loaded user MIP start with objective 101.953

Presolve added 20 rows and 0 columns
Presolve time: 0.00s
Presolved: 63 rows, 103 columns, 225 nonzeros
Variable types: 82 continuous, 21 integer (21 binary)

Root relaxation: cutoff, 39 iterations, 0.00 seconds

    Nodes    |    Current Node    |     Objective Bounds      |     Work
 Expl Unexpl |  Obj  Depth IntInf | Incumbent    BestBd   Gap | It/Node Time

     0     0     cutoff    0       101.95312  101.95312  0.00%     -    0s

Explored 0 nodes (39 simplex iterations) in 0.01 seconds
Thread count was 8 (of 8 available processors)

Solution count 1: 101.953 

Optimal solution found (tolerance 1.00e-04)
Best objective 1.019531250000e+02, best bound 1.019531250000e+02, gap 0.0000%

---------------------------------------------------------------------------
Multi-objectives: solved in 0.01 seconds, solution count 1

Model optimize took: 0.005779266357421875 seconds
--------------------------------------------------

Solution quality statistics for model Univmon :
  Maximum violation:
    Bound       : 0.00000000e+00
    Constraint  : 1.42108547e-14 (tot_mem)
    Integrality : 0.00000000e+00

Sketch (0) (cm: eps0: 0.00625, del0: 0.05, min_mem: 1.69921875)
Par: 1, Rows: 3
(0.000,20)    (0.667,0)    (0.333,1)    
Total frac: 1.000

Sketch (1) (cm: eps0: 0.00625, del0: 0.05, min_mem: 1.69921875)
Par: 1, Rows: 3
(0.381,2)    (0.619,1)    (0.000,20)    
Total frac: 1.000

Sketch (2) (cm: eps0: 0.00625, del0: 0.05, min_mem: 1.69921875)
Par: 1, Rows: 3
(0.571,2)    (0.429,3)    (0.000,20)    
Total frac: 1.000

Sketch (3) (cm: eps0: 0.00625, del0: 0.05, min_mem: 1.69921875)
Par: 1, Rows: 3
(0.476,20)    (0.524,3)    (0.000,4)    
Total frac: 1.000

Sketch (4) (cm: eps0: 0.00625, del0: 0.05, min_mem: 1.69921875)
Par: 1, Rows: 3
(0.952,4)    (0.048,20)    (0.000,5)    
Total frac: 1.000

Sketch (5) (cm: eps0: 0.00625, del0: 0.05, min_mem: 1.69921875)
Par: 1, Rows: 3
(0.952,5)    (0.048,20)    (0.000,6)    
Total frac: 1.000

Sketch (6) (cm: eps0: 0.00625, del0: 0.05, min_mem: 1.69921875)
Par: 1, Rows: 3
(0.952,6)    (0.000,7)    (0.048,20)    
Total frac: 1.000

Sketch (7) (cm: eps0: 0.00625, del0: 0.05, min_mem: 1.69921875)
Par: 1, Rows: 3
(0.952,7)    (0.000,20)    (0.048,8)    
Total frac: 1.000

Sketch (8) (cm: eps0: 0.00625, del0: 0.05, min_mem: 1.69921875)
Par: 1, Rows: 3
(0.095,9)    (0.000,20)    (0.905,8)    
Total frac: 1.000

Sketch (9) (cm: eps0: 0.00625, del0: 0.05, min_mem: 1.69921875)
Par: 1, Rows: 3
(0.000,20)    (0.143,10)    (0.857,9)    
Total frac: 1.000

Sketch (10) (cm: eps0: 0.00625, del0: 0.05, min_mem: 1.69921875)
Par: 1, Rows: 3
(0.000,11)    (0.190,20)    (0.810,10)    
Total frac: 1.000

Sketch (11) (cm: eps0: 0.00625, del0: 0.05, min_mem: 1.69921875)
Par: 1, Rows: 3
(0.952,11)    (0.000,12)    (0.048,20)    
Total frac: 1.000

Sketch (12) (cm: eps0: 0.00625, del0: 0.05, min_mem: 1.69921875)
Par: 1, Rows: 3
(0.952,12)    (0.048,20)    (0.000,13)    
Total frac: 1.000

Sketch (13) (cm: eps0: 0.00625, del0: 0.05, min_mem: 1.69921875)
Par: 1, Rows: 3
(0.952,13)    (0.000,14)    (0.048,20)    
Total frac: 1.000

Sketch (14) (cm: eps0: 0.00625, del0: 0.05, min_mem: 1.69921875)
Par: 1, Rows: 3
(0.952,14)    (0.048,15)    (0.000,20)    
Total frac: 1.000

Sketch (15) (cm: eps0: 0.00625, del0: 0.05, min_mem: 1.69921875)
Par: 1, Rows: 3
(0.095,16)    (0.905,15)    (0.000,20)    
Total frac: 1.000

Sketch (16) (cm: eps0: 0.00625, del0: 0.05, min_mem: 1.69921875)
Par: 1, Rows: 3
(0.857,16)    (0.143,17)    (0.000,20)    
Total frac: 1.000

Sketch (17) (cm: eps0: 0.00625, del0: 0.05, min_mem: 1.69921875)
Par: 1, Rows: 3
(0.000,20)    (0.190,18)    (0.810,17)    
Total frac: 1.000

Sketch (18) (cm: eps0: 0.00625, del0: 0.05, min_mem: 1.69921875)
Par: 1, Rows: 3
(0.238,19)    (0.000,20)    (0.762,18)    
Total frac: 1.000

Sketch (19) (cm: eps0: 0.00625, del0: 0.05, min_mem: 1.69921875)
Par: 1, Rows: 3
(0.714,19)    (0.000,20)    (0.286,0)    
Total frac: 1.000

Device (0) CPU_0:
Rows total: 2.857142857142857
Mem total: 4.854910714285714

Device (1) CPU_1:
Rows total: 2.857142857142857
Mem total: 4.854910714285714

Device (2) CPU_2:
Rows total: 2.857142857142857
Mem total: 4.854910714285714

Device (3) CPU_3:
Rows total: 2.857142857142857
Mem total: 4.854910714285714

Device (4) CPU_4:
Rows total: 2.857142857142857
Mem total: 4.854910714285714

Device (5) CPU_5:
Rows total: 2.857142857142857
Mem total: 4.854910714285714

Device (6) CPU_6:
Rows total: 2.857142857142857
Mem total: 4.854910714285714

Device (7) CPU_7:
Rows total: 2.857142857142857
Mem total: 4.854910714285714

Device (8) CPU_8:
Rows total: 2.857142857142857
Mem total: 4.854910714285714

Device (9) CPU_9:
Rows total: 2.857142857142857
Mem total: 4.854910714285714

Device (10) CPU_10:
Rows total: 2.857142857142857
Mem total: 4.854910714285714

Device (11) CPU_11:
Rows total: 2.857142857142857
Mem total: 4.854910714285714

Device (12) CPU_12:
Rows total: 2.857142857142857
Mem total: 4.854910714285714

Device (13) CPU_13:
Rows total: 2.857142857142857
Mem total: 4.854910714285714

Device (14) CPU_14:
Rows total: 2.857142857142857
Mem total: 4.854910714285714

Device (15) CPU_15:
Rows total: 2.857142857142857
Mem total: 4.854910714285714

Device (16) CPU_16:
Rows total: 2.857142857142857
Mem total: 4.854910714285714

Device (17) CPU_17:
Rows total: 2.857142857142857
Mem total: 4.854910714285714

Device (18) CPU_18:
Rows total: 2.857142857142857
Mem total: 4.854910714285714

Device (19) CPU_19:
Rows total: 2.857142857142857
Mem total: 4.854910714285714

Device (20) P4_1:
Rows total: 2.857142857142857
Mem total: 4.854910714285714
--------------------------------------------------
Changed value of parameter NonConvex to 2
   Prev: -1  Min: -1  Max: 2  Default: -1
Changed value of parameter NonConvex to 2
   Prev: -1  Min: -1  Max: 2  Default: -1
Changed value of parameter NonConvex to 2
   Prev: -1  Min: -1  Max: 2  Default: -1
Changed value of parameter NonConvex to 2
   Prev: -1  Min: -1  Max: 2  Default: -1
Changed value of parameter NonConvex to 2
   Prev: -1  Min: -1  Max: 2  Default: -1
Changed value of parameter NonConvex to 2
   Prev: -1  Min: -1  Max: 2  Default: -1
Changed value of parameter NonConvex to 2
   Prev: -1  Min: -1  Max: 2  Default: -1
Changed value of parameter NonConvex to 2
   Prev: -1  Min: -1  Max: 2  Default: -1
Changed value of parameter NonConvex to 2
   Prev: -1  Min: -1  Max: 2  Default: -1
Changed value of parameter NonConvex to 2
   Prev: -1  Min: -1  Max: 2  Default: -1
Changed value of parameter NonConvex to 2
   Prev: -1  Min: -1  Max: 2  Default: -1
Changed value of parameter NonConvex to 2
   Prev: -1  Min: -1  Max: 2  Default: -1
Changed value of parameter NonConvex to 2
   Prev: -1  Min: -1  Max: 2  Default: -1
Changed value of parameter NonConvex to 2
   Prev: -1  Min: -1  Max: 2  Default: -1
Changed value of parameter NonConvex to 2
   Prev: -1  Min: -1  Max: 2  Default: -1
Changed value of parameter NonConvex to 2
   Prev: -1  Min: -1  Max: 2  Default: -1
Changed value of parameter NonConvex to 2
   Prev: -1  Min: -1  Max: 2  Default: -1
Changed value of parameter NonConvex to 2
   Prev: -1  Min: -1  Max: 2  Default: -1
Changed value of parameter NonConvex to 2
   Prev: -1  Min: -1  Max: 2  Default: -1
Changed value of parameter NonConvex to 2
   Prev: -1  Min: -1  Max: 2  Default: -1

Throughput: 87.49999999999999 Mpps, ns per packet: 11.42857142857143
Resources: 1400.8272824968603
Used Cores: 139.99999999999997, Total CPUS: 20, Switch Memory: 4.854910714285714

Sketch (0) (cm: eps0: 0.00625, del0: 0.05, min_mem: 1.69921875)
Par: 1, Rows: 3
(0.000,20)    (0.667,0)    (0.333,1)    
Total frac: 1.000

Sketch (1) (cm: eps0: 0.00625, del0: 0.05, min_mem: 1.69921875)
Par: 1, Rows: 3
(0.381,2)    (0.619,1)    (0.000,20)    
Total frac: 1.000

Sketch (2) (cm: eps0: 0.00625, del0: 0.05, min_mem: 1.69921875)
Par: 1, Rows: 3
(0.571,2)    (0.429,3)    (0.000,20)    
Total frac: 1.000

Sketch (3) (cm: eps0: 0.00625, del0: 0.05, min_mem: 1.69921875)
Par: 1, Rows: 3
(0.476,20)    (0.524,3)    (0.000,4)    
Total frac: 1.000

Sketch (4) (cm: eps0: 0.00625, del0: 0.05, min_mem: 1.69921875)
Par: 1, Rows: 3
(0.952,4)    (0.048,20)    (0.000,5)    
Total frac: 1.000

Sketch (5) (cm: eps0: 0.00625, del0: 0.05, min_mem: 1.69921875)
Par: 1, Rows: 3
(0.952,5)    (0.048,20)    (0.000,6)    
Total frac: 1.000

Sketch (6) (cm: eps0: 0.00625, del0: 0.05, min_mem: 1.69921875)
Par: 1, Rows: 3
(0.952,6)    (0.000,7)    (0.048,20)    
Total frac: 1.000

Sketch (7) (cm: eps0: 0.00625, del0: 0.05, min_mem: 1.69921875)
Par: 1, Rows: 3
(0.952,7)    (0.000,20)    (0.048,8)    
Total frac: 1.000

Sketch (8) (cm: eps0: 0.00625, del0: 0.05, min_mem: 1.69921875)
Par: 1, Rows: 3
(0.095,9)    (0.000,20)    (0.905,8)    
Total frac: 1.000

Sketch (9) (cm: eps0: 0.00625, del0: 0.05, min_mem: 1.69921875)
Par: 1, Rows: 3
(0.000,20)    (0.143,10)    (0.857,9)    
Total frac: 1.000

Sketch (10) (cm: eps0: 0.00625, del0: 0.05, min_mem: 1.69921875)
Par: 1, Rows: 3
(0.000,11)    (0.190,20)    (0.810,10)    
Total frac: 1.000

Sketch (11) (cm: eps0: 0.00625, del0: 0.05, min_mem: 1.69921875)
Par: 1, Rows: 3
(0.952,11)    (0.000,12)    (0.048,20)    
Total frac: 1.000

Sketch (12) (cm: eps0: 0.00625, del0: 0.05, min_mem: 1.69921875)
Par: 1, Rows: 3
(0.952,12)    (0.048,20)    (0.000,13)    
Total frac: 1.000

Sketch (13) (cm: eps0: 0.00625, del0: 0.05, min_mem: 1.69921875)
Par: 1, Rows: 3
(0.952,13)    (0.000,14)    (0.048,20)    
Total frac: 1.000

Sketch (14) (cm: eps0: 0.00625, del0: 0.05, min_mem: 1.69921875)
Par: 1, Rows: 3
(0.952,14)    (0.048,15)    (0.000,20)    
Total frac: 1.000

Sketch (15) (cm: eps0: 0.00625, del0: 0.05, min_mem: 1.69921875)
Par: 1, Rows: 3
(0.095,16)    (0.905,15)    (0.000,20)    
Total frac: 1.000

Sketch (16) (cm: eps0: 0.00625, del0: 0.05, min_mem: 1.69921875)
Par: 1, Rows: 3
(0.857,16)    (0.143,17)    (0.000,20)    
Total frac: 1.000

Sketch (17) (cm: eps0: 0.00625, del0: 0.05, min_mem: 1.69921875)
Par: 1, Rows: 3
(0.000,20)    (0.190,18)    (0.810,17)    
Total frac: 1.000

Sketch (18) (cm: eps0: 0.00625, del0: 0.05, min_mem: 1.69921875)
Par: 1, Rows: 3
(0.238,19)    (0.000,20)    (0.762,18)    
Total frac: 1.000

Sketch (19) (cm: eps0: 0.00625, del0: 0.05, min_mem: 1.69921875)
Par: 1, Rows: 3
(0.714,19)    (0.000,20)    (0.286,0)    
Total frac: 1.000

Device (0) CPU_0:
cores_sketch: 2.0, cores_dpdk: 4.9999999999999964
Rows total: 2.857142857142857
Mem total: 4.854910714285714
Throughput: 87.49999999999999

Device (1) CPU_1:
cores_sketch: 2.0, cores_dpdk: 4.9999999999999964
Rows total: 2.857142857142857
Mem total: 4.854910714285714
Throughput: 87.49999999999999

Device (2) CPU_2:
cores_sketch: 2.0, cores_dpdk: 4.9999999999999964
Rows total: 2.857142857142857
Mem total: 4.854910714285714
Throughput: 87.49999999999999

Device (3) CPU_3:
cores_sketch: 2.0, cores_dpdk: 4.9999999999999964
Rows total: 2.857142857142857
Mem total: 4.854910714285714
Throughput: 87.49999999999999

Device (4) CPU_4:
cores_sketch: 2.0, cores_dpdk: 4.9999999999999964
Rows total: 2.857142857142857
Mem total: 4.854910714285714
Throughput: 87.49999999999999

Device (5) CPU_5:
cores_sketch: 2.0, cores_dpdk: 4.9999999999999964
Rows total: 2.857142857142857
Mem total: 4.854910714285714
Throughput: 87.49999999999999

Device (6) CPU_6:
cores_sketch: 2.0, cores_dpdk: 4.9999999999999964
Rows total: 2.857142857142857
Mem total: 4.854910714285714
Throughput: 87.49999999999999

Device (7) CPU_7:
cores_sketch: 2.0, cores_dpdk: 4.9999999999999964
Rows total: 2.857142857142857
Mem total: 4.854910714285714
Throughput: 87.49999999999999

Device (8) CPU_8:
cores_sketch: 2.0, cores_dpdk: 4.9999999999999964
Rows total: 2.857142857142857
Mem total: 4.854910714285714
Throughput: 87.49999999999999

Device (9) CPU_9:
cores_sketch: 2.0, cores_dpdk: 4.9999999999999964
Rows total: 2.857142857142857
Mem total: 4.854910714285714
Throughput: 87.49999999999999

Device (10) CPU_10:
cores_sketch: 2.0, cores_dpdk: 4.9999999999999964
Rows total: 2.857142857142857
Mem total: 4.854910714285714
Throughput: 87.49999999999999

Device (11) CPU_11:
cores_sketch: 2.0, cores_dpdk: 4.9999999999999964
Rows total: 2.857142857142857
Mem total: 4.854910714285714
Throughput: 87.49999999999999

Device (12) CPU_12:
cores_sketch: 2.0, cores_dpdk: 4.9999999999999964
Rows total: 2.857142857142857
Mem total: 4.854910714285714
Throughput: 87.49999999999999

Device (13) CPU_13:
cores_sketch: 2.0, cores_dpdk: 4.9999999999999964
Rows total: 2.857142857142857
Mem total: 4.854910714285714
Throughput: 87.49999999999999

Device (14) CPU_14:
cores_sketch: 2.0, cores_dpdk: 4.9999999999999964
Rows total: 2.857142857142857
Mem total: 4.854910714285714
Throughput: 87.49999999999999

Device (15) CPU_15:
cores_sketch: 2.0, cores_dpdk: 4.9999999999999964
Rows total: 2.857142857142857
Mem total: 4.854910714285714
Throughput: 87.49999999999999

Device (16) CPU_16:
cores_sketch: 2.0, cores_dpdk: 4.9999999999999964
Rows total: 2.857142857142857
Mem total: 4.854910714285714
Throughput: 87.49999999999999

Device (17) CPU_17:
cores_sketch: 2.0, cores_dpdk: 4.9999999999999964
Rows total: 2.857142857142857
Mem total: 4.854910714285714
Throughput: 87.49999999999999

Device (18) CPU_18:
cores_sketch: 2.0, cores_dpdk: 4.9999999999999964
Rows total: 2.857142857142857
Mem total: 4.854910714285714
Throughput: 87.49999999999999

Device (19) CPU_19:
cores_sketch: 2.0, cores_dpdk: 4.9999999999999964
Rows total: 2.857142857142857
Mem total: 4.854910714285714
Throughput: 87.49999999999999

Device (20) P4_1:
Rows total: 2.857142857142857
Mem total: 4.854910714285714
Throughput: 148.0
--------------------------------------------------
Function: MIP.solve took 0.15808939933776855 seconds
Function: solve took 0.15849876403808594 seconds
