Function: get_partitions took 1.3828277587890625e-05 seconds
Function: map_flows_partitions took 1.3589859008789062e-05 seconds
Building model with:
21 devices, 1 partitions and 20 flows
Using license file /home/anup/gurobi.lic
Academic license - for non-commercial use only
Function: MIP.add_frac_mem_var took 0.00032138824462890625 seconds
Function: MIP.add_coverage_constraints took 0.00041222572326660156 seconds
Function: MIP.add_accuracy_constraints took 0.0006892681121826172 seconds
Function: MIP.add_capacity_constraints took 0.0016703605651855469 seconds
Changed value of parameter TimeLimit to 120.0
   Prev: inf  Min: 0.0  Max: inf  Default: inf
--------------------------------------------------
Starting model update
Model update took: 9.369850158691406e-05 s
--------------------------------------------------
Starting model optimize
Gurobi Optimizer version 9.0.0 build v9.0.0rc2 (linux64)
Optimize a model with 85 rows, 90 columns and 230 nonzeros
Model fingerprint: 0x19a604e7
Model has 4 general constraints
Variable types: 90 continuous, 0 integer (0 binary)
Coefficient statistics:
  Matrix range     [1e+00, 5e+00]
  Objective range  [1e+00, 1e+00]
  Bounds range     [1e+00, 3e+04]
  RHS range        [1e+00, 1e+00]

---------------------------------------------------------------------------
Multi-objectives: starting optimization with 8 objectives ... 
---------------------------------------------------------------------------

Multi-objectives: applying initial presolve ...
---------------------------------------------------------------------------

Presolve added 0 rows and 17 columns
Presolve removed 23 rows and 0 columns
Presolve time: 0.00s
Presolved: 62 rows and 107 columns
---------------------------------------------------------------------------

Multi-objectives: optimize objective 1 (tot_rows_CPU) ...
---------------------------------------------------------------------------

Presolve removed 0 rows and 4 columns
Presolve time: 0.00s
Presolved: 62 rows, 103 columns, 220 nonzeros
Presolved model has 40 SOS constraint(s)
Variable types: 63 continuous, 40 integer (40 binary)

Root relaxation: objective 0.000000e+00, 21 iterations, 0.00 seconds

    Nodes    |    Current Node    |     Objective Bounds      |     Work
 Expl Unexpl |  Obj  Depth IntInf | Incumbent    BestBd   Gap | It/Node Time

     0     0    0.00000    0    1          -    0.00000      -     -    0s
H    0     0                       0.0000000    0.00000  0.00%     -    0s
     0     0    0.00000    0    1    0.00000    0.00000  0.00%     -    0s

Explored 1 nodes (21 simplex iterations) in 0.00 seconds
Thread count was 8 (of 8 available processors)

Solution count 1: 0 

Optimal solution found (tolerance 1.00e-04)
Best objective 0.000000000000e+00, best bound 0.000000000000e+00, gap 0.0000%
---------------------------------------------------------------------------

Multi-objectives: optimize objective 2 (CPU_rows_load) ...
---------------------------------------------------------------------------


Loaded user MIP start with objective 0


Explored 0 nodes (0 simplex iterations) in 0.00 seconds
Thread count was 1 (of 8 available processors)

Solution count 1: 0 

Optimal solution found (tolerance 1.00e-04)
Best objective 0.000000000000e+00, best bound 0.000000000000e+00, gap 0.0000%
---------------------------------------------------------------------------

Multi-objectives: optimize objective 3 (tot_rows_P4) ...
---------------------------------------------------------------------------


Loaded user MIP start with objective 36

Presolve removed 2 rows and 5 columns
Presolve time: 0.00s
Presolved: 62 rows, 102 columns, 200 nonzeros
Presolved model has 40 SOS constraint(s)
Variable types: 62 continuous, 40 integer (40 binary)

Root relaxation: objective 2.999999e+01, 25 iterations, 0.00 seconds

    Nodes    |    Current Node    |     Objective Bounds      |     Work
 Expl Unexpl |  Obj  Depth IntInf | Incumbent    BestBd   Gap | It/Node Time

     0     0   29.99999    0    2   36.00000   29.99999  16.7%     -    0s
H    0     0                      29.9999900   29.99999  0.00%     -    0s
     0     0   29.99999    0    2   29.99999   29.99999  0.00%     -    0s

Explored 1 nodes (25 simplex iterations) in 0.01 seconds
Thread count was 8 (of 8 available processors)

Solution count 2: 30 36 

Optimal solution found (tolerance 1.00e-04)
Best objective 2.999998999900e+01, best bound 2.999998999900e+01, gap 0.0000%
---------------------------------------------------------------------------

Multi-objectives: optimize objective 4 (P4_rows_load) ...
---------------------------------------------------------------------------


Loaded user MIP start with objective 1.5

Presolve removed 2 rows and 5 columns
Presolve time: 0.00s
Presolved: 63 rows, 102 columns, 220 nonzeros
Presolved model has 40 SOS constraint(s)
Variable types: 62 continuous, 40 integer (40 binary)

Explored 1 nodes (0 simplex iterations) in 0.01 seconds
Thread count was 8 (of 8 available processors)

Solution count 2: 1.5 1.5 

Optimal solution found (tolerance 1.00e-04)
Best objective 1.499999499700e+00, best bound 1.499999499700e+00, gap 0.0000%
---------------------------------------------------------------------------

Multi-objectives: optimize objective 5 (tot_mem_CPU) ...
---------------------------------------------------------------------------


Loaded user MIP start with objective 1.69939e-06

Presolve added 17 rows and 0 columns
Presolve removed 0 rows and 4 columns
Presolve time: 0.00s
Presolved: 83 rows, 103 columns, 280 nonzeros
Presolved model has 20 SOS constraint(s)
Variable types: 63 continuous, 40 integer (40 binary)

Root relaxation: objective 0.000000e+00, 30 iterations, 0.00 seconds

    Nodes    |    Current Node    |     Objective Bounds      |     Work
 Expl Unexpl |  Obj  Depth IntInf | Incumbent    BestBd   Gap | It/Node Time

*    0     0               0       0.0000000    0.00000  0.00%     -    0s

Explored 0 nodes (30 simplex iterations) in 0.01 seconds
Thread count was 8 (of 8 available processors)

Solution count 2: 0 1.69939e-06 

Optimal solution found (tolerance 1.00e-04)
Best objective 0.000000000000e+00, best bound 0.000000000000e+00, gap 0.0000%
---------------------------------------------------------------------------

Multi-objectives: optimize objective 6 (CPU_load_mem) ...
---------------------------------------------------------------------------


Loaded user MIP start with objective 0


Explored 0 nodes (0 simplex iterations) in 0.01 seconds
Thread count was 1 (of 8 available processors)

Solution count 1: 0 

Optimal solution found (tolerance 1.00e-04)
Best objective 0.000000000000e+00, best bound 0.000000000000e+00, gap 0.0000%
---------------------------------------------------------------------------

Multi-objectives: optimize objective 7 (tot_mem_P4) ...
---------------------------------------------------------------------------


Loaded user MIP start with objective 50.9766

Presolve added 15 rows and 0 columns
Presolve removed 0 rows and 5 columns
Presolve time: 0.00s
Presolved: 83 rows, 102 columns, 260 nonzeros
Presolved model has 20 SOS constraint(s)
Variable types: 62 continuous, 40 integer (40 binary)

Root relaxation: objective 5.097655e+01, 33 iterations, 0.00 seconds

    Nodes    |    Current Node    |     Objective Bounds      |     Work
 Expl Unexpl |  Obj  Depth IntInf | Incumbent    BestBd   Gap | It/Node Time

*    0     0               0      50.9765525   50.97655  0.00%     -    0s

Explored 0 nodes (33 simplex iterations) in 0.01 seconds
Thread count was 8 (of 8 available processors)

Solution count 2: 50.9766 50.9766 

Optimal solution found (tolerance 1.00e-04)
Best objective 5.097655249900e+01, best bound 5.097655249900e+01, gap 0.0000%
---------------------------------------------------------------------------

Multi-objectives: optimize objective 8 (P4_load_mem) ...
---------------------------------------------------------------------------


Loaded user MIP start with objective 2.54883

Presolve added 14 rows and 0 columns
Presolve removed 0 rows and 5 columns
Presolve time: 0.00s
Presolved: 83 rows, 102 columns, 260 nonzeros
Presolved model has 20 SOS constraint(s)
Variable types: 62 continuous, 40 integer (40 binary)

Root relaxation: cutoff, 44 iterations, 0.00 seconds

    Nodes    |    Current Node    |     Objective Bounds      |     Work
 Expl Unexpl |  Obj  Depth IntInf | Incumbent    BestBd   Gap | It/Node Time

     0     0     cutoff    0         2.54883    2.54883  0.00%     -    0s

Explored 0 nodes (44 simplex iterations) in 0.01 seconds
Thread count was 8 (of 8 available processors)

Solution count 1: 2.54883 

Optimal solution found (tolerance 1.00e-04)
Best objective 2.548827624950e+00, best bound 2.548827624950e+00, gap 0.0000%

---------------------------------------------------------------------------
Multi-objectives: solved in 0.01 seconds, solution count 5

Model optimize took: 0.014537334442138672 seconds
--------------------------------------------------

Solution quality statistics for model UnivmonGreedyRows :
  Maximum violation:
    Bound       : 0.00000000e+00
    Constraint  : 7.10542736e-15 (tot_rows)
    Integrality : 0.00000000e+00

Sketch (0) (cm: eps0: 0.00625, del0: 0.05, min_mem: 1.69921875)
Par: 1, Rows: 3
(0.500,18)    (0.500,3)    (0.500,8)    (0.500,14)    (0.500,19)    (0.500,4)    (0.500,9)    (0.500,15)    (0.000,20)    (0.500,5)    (0.500,10)    (0.500,0)    (0.500,6)    (0.500,11)    (0.500,16)    (0.500,1)    (0.500,7)    (0.500,12)    (0.500,17)    (0.500,2)    (0.500,13)    
Total frac: 10.000

Device (0) P4_0:
Rows total: 1.499999705717701
Mem total: 2.5488276249499995

Device (1) P4_1:
Rows total: 1.4999997057177012
Mem total: 2.5488276249500004

Device (2) P4_2:
Rows total: 1.499999705717701
Mem total: 2.5488276249499995

Device (3) P4_3:
Rows total: 1.4999997057177012
Mem total: 2.5488276249500004

Device (4) P4_4:
Rows total: 1.499999705717701
Mem total: 2.5488276249499995

Device (5) P4_5:
Rows total: 1.4999997057177012
Mem total: 2.5488276249500004

Device (6) P4_6:
Rows total: 1.499999705717701
Mem total: 2.5488276249499995

Device (7) P4_7:
Rows total: 1.4999997057177012
Mem total: 2.5488276249500004

Device (8) P4_8:
Rows total: 1.499999705717701
Mem total: 2.5488276249499995

Device (9) P4_9:
Rows total: 1.4999997057177012
Mem total: 2.5488276249500004

Device (10) P4_10:
Rows total: 1.499999705717701
Mem total: 2.5488276249499995

Device (11) P4_11:
Rows total: 1.4999997057177012
Mem total: 2.5488276249500004

Device (12) P4_12:
Rows total: 1.499999705717701
Mem total: 2.5488276249499995

Device (13) P4_13:
Rows total: 1.4999997057177012
Mem total: 2.5488276249500004

Device (14) P4_14:
Rows total: 1.499999705717701
Mem total: 2.5488276249499995

Device (15) P4_15:
Rows total: 1.4999997057177012
Mem total: 2.5488276249500004

Device (16) P4_16:
Rows total: 1.499999705717701
Mem total: 2.5488276249499995

Device (17) P4_17:
Rows total: 1.4999997057177012
Mem total: 2.5488276249500004

Device (18) P4_18:
Rows total: 1.499999705717701
Mem total: 2.5488276249499995

Device (19) P4_19:
Rows total: 1.4999997057177012
Mem total: 2.5488276249500004

Device (20) CPU_1:
Rows total: 5.885645977011494e-07
Mem total: 1.0001e-06
--------------------------------------------------
Changed value of parameter NonConvex to 2
   Prev: -1  Min: -1  Max: 2  Default: -1

Throughput: 97.99999999999999 Mpps, ns per packet: 10.204081632653063
Resources: 78.56201003898407
Used Cores: 6.999999999999973, Total CPUS: 1, Switch Memory: 50.976552499

Sketch (0) (cm: eps0: 0.00625, del0: 0.05, min_mem: 1.69921875)
Par: 1, Rows: 3
(0.500,18)    (0.500,3)    (0.500,8)    (0.500,14)    (0.500,19)    (0.500,4)    (0.500,9)    (0.500,15)    (0.000,20)    (0.500,5)    (0.500,10)    (0.500,0)    (0.500,6)    (0.500,11)    (0.500,16)    (0.500,1)    (0.500,7)    (0.500,12)    (0.500,17)    (0.500,2)    (0.500,13)    
Total frac: 10.000

Device (0) P4_0:
Rows total: 1.499999705717701
Mem total: 2.5488276249499995
Throughput: 148.0

Device (1) P4_1:
Rows total: 1.4999997057177012
Mem total: 2.5488276249500004
Throughput: 148.0

Device (2) P4_2:
Rows total: 1.499999705717701
Mem total: 2.5488276249499995
Throughput: 148.0

Device (3) P4_3:
Rows total: 1.4999997057177012
Mem total: 2.5488276249500004
Throughput: 148.0

Device (4) P4_4:
Rows total: 1.499999705717701
Mem total: 2.5488276249499995
Throughput: 148.0

Device (5) P4_5:
Rows total: 1.4999997057177012
Mem total: 2.5488276249500004
Throughput: 148.0

Device (6) P4_6:
Rows total: 1.499999705717701
Mem total: 2.5488276249499995
Throughput: 148.0

Device (7) P4_7:
Rows total: 1.4999997057177012
Mem total: 2.5488276249500004
Throughput: 148.0

Device (8) P4_8:
Rows total: 1.499999705717701
Mem total: 2.5488276249499995
Throughput: 148.0

Device (9) P4_9:
Rows total: 1.4999997057177012
Mem total: 2.5488276249500004
Throughput: 148.0

Device (10) P4_10:
Rows total: 1.499999705717701
Mem total: 2.5488276249499995
Throughput: 148.0

Device (11) P4_11:
Rows total: 1.4999997057177012
Mem total: 2.5488276249500004
Throughput: 148.0

Device (12) P4_12:
Rows total: 1.499999705717701
Mem total: 2.5488276249499995
Throughput: 148.0

Device (13) P4_13:
Rows total: 1.4999997057177012
Mem total: 2.5488276249500004
Throughput: 148.0

Device (14) P4_14:
Rows total: 1.499999705717701
Mem total: 2.5488276249499995
Throughput: 148.0

Device (15) P4_15:
Rows total: 1.4999997057177012
Mem total: 2.5488276249500004
Throughput: 148.0

Device (16) P4_16:
Rows total: 1.499999705717701
Mem total: 2.5488276249499995
Throughput: 148.0

Device (17) P4_17:
Rows total: 1.4999997057177012
Mem total: 2.5488276249500004
Throughput: 148.0

Device (18) P4_18:
Rows total: 1.499999705717701
Mem total: 2.5488276249499995
Throughput: 148.0

Device (19) P4_19:
Rows total: 1.4999997057177012
Mem total: 2.5488276249500004
Throughput: 148.0

Device (20) CPU_1:
cores_sketch: 0.0, cores_dpdk: 6.999999999999973
Rows total: 0
Mem total: 0.0
Throughput: 97.99999999999999
--------------------------------------------------
Function: MIP.solve took 0.039772748947143555 seconds
Function: solve took 0.04012608528137207 seconds
