Function: get_partitions took 0.0001163482666015625 seconds
Function: map_flows_partitions took 0.00028586387634277344 seconds
Building model with:
15 devices, 64 partitions and 320 flows
Using license file /home/anup/gurobi.lic
Academic license - for non-commercial use only
Function: MIP.add_frac_mem_var took 0.005104780197143555 seconds
Function: MIP.add_coverage_constraints took 0.005255222320556641 seconds
Function: MIP.add_accuracy_constraints took 0.013821601867675781 seconds
Function: MIP.add_capacity_constraints took 0.005080699920654297 seconds
Changed value of parameter TimeLimit to 120.0
   Prev: inf  Min: 0.0  Max: inf  Default: inf
--------------------------------------------------
Starting model update
Model update took: 0.0011951923370361328 s
--------------------------------------------------
Starting model optimize
Gurobi Optimizer version 9.0.0 build v9.0.0rc2 (linux64)
Optimize a model with 1137 rows, 1606 columns and 5090 nonzeros
Model fingerprint: 0x666571c0
Model has 4 general constraints
Variable types: 1606 continuous, 0 integer (0 binary)
Coefficient statistics:
  Matrix range     [1e+00, 5e+00]
  Objective range  [1e+00, 1e+00]
  Bounds range     [1e+00, 3e+04]
  RHS range        [7e-01, 1e+00]

---------------------------------------------------------------------------
Multi-objectives: starting optimization with 8 objectives ... 
---------------------------------------------------------------------------

Multi-objectives: applying initial presolve ...
---------------------------------------------------------------------------

Presolve removed 809 rows and 757 columns
Presolve time: 0.00s
Presolved: 328 rows and 849 columns
---------------------------------------------------------------------------

Multi-objectives: optimize objective 1 (tot_rows_CPU) ...
---------------------------------------------------------------------------

Presolve removed 1 rows and 3 columns
Presolve time: 0.00s
Presolved: 327 rows, 846 columns, 2633 nonzeros
Presolved model has 30 SOS constraint(s)
Variable types: 816 continuous, 30 integer (30 binary)

Root relaxation: objective 0.000000e+00, 274 iterations, 0.00 seconds

    Nodes    |    Current Node    |     Objective Bounds      |     Work
 Expl Unexpl |  Obj  Depth IntInf | Incumbent    BestBd   Gap | It/Node Time

*    0     0               0       0.0000000    0.00000  0.00%     -    0s

Explored 0 nodes (274 simplex iterations) in 0.01 seconds
Thread count was 8 (of 8 available processors)

Solution count 1: 0 

Optimal solution found (tolerance 1.00e-04)
Best objective 0.000000000000e+00, best bound 0.000000000000e+00, gap 0.0000%
---------------------------------------------------------------------------

Multi-objectives: optimize objective 2 (CPU_rows_load) ...
---------------------------------------------------------------------------


Loaded user MIP start with objective 0


Explored 0 nodes (0 simplex iterations) in 0.01 seconds
Thread count was 1 (of 8 available processors)

Solution count 1: 0 

Optimal solution found (tolerance 1.00e-04)
Best objective 0.000000000000e+00, best bound 0.000000000000e+00, gap 0.0000%
---------------------------------------------------------------------------

Multi-objectives: optimize objective 3 (tot_rows_P4) ...
---------------------------------------------------------------------------


Loaded user MIP start with objective 286.3

Presolve removed 2 rows and 3 columns
Presolve time: 0.03s
Presolved: 328 rows, 846 columns, 2759 nonzeros
Presolved model has 30 SOS constraint(s)
Variable types: 816 continuous, 30 integer (30 binary)

Root relaxation: objective 2.781000e+02, 367 iterations, 0.00 seconds

    Nodes    |    Current Node    |     Objective Bounds      |     Work
 Expl Unexpl |  Obj  Depth IntInf | Incumbent    BestBd   Gap | It/Node Time

*    0     0               0     278.0999920  278.09999  0.00%     -    0s

Explored 0 nodes (367 simplex iterations) in 0.05 seconds
Thread count was 8 (of 8 available processors)

Solution count 2: 278.1 286.3 

Optimal solution found (tolerance 1.00e-04)
Warning: max constraint violation (7.0007e-06) exceeds tolerance
Best objective 2.780999919992e+02, best bound 2.780999919992e+02, gap 0.0000%
---------------------------------------------------------------------------

Multi-objectives: optimize objective 4 (P4_rows_load) ...
---------------------------------------------------------------------------


Loaded user MIP start with objective 43.1

Presolve removed 2 rows and 3 columns
Presolve time: 0.01s
Presolved: 329 rows, 846 columns, 2650 nonzeros
Presolved model has 30 SOS constraint(s)
Variable types: 816 continuous, 30 integer (30 binary)

Root relaxation: objective 4.030000e+01, 379 iterations, 0.00 seconds

    Nodes    |    Current Node    |     Objective Bounds      |     Work
 Expl Unexpl |  Obj  Depth IntInf | Incumbent    BestBd   Gap | It/Node Time

*    0     0               0      40.2999987   40.30000  0.00%     -    0s

Explored 0 nodes (379 simplex iterations) in 0.07 seconds
Thread count was 8 (of 8 available processors)

Solution count 2: 40.3 43.1 

Optimal solution found (tolerance 1.00e-04)
Warning: max constraint violation (7.0007e-06) exceeds tolerance
Best objective 4.029999866653e+01, best bound 4.029999866653e+01, gap 0.0000%
---------------------------------------------------------------------------

Multi-objectives: optimize objective 5 (tot_mem_CPU) ...
---------------------------------------------------------------------------


Loaded user MIP start with objective 1.35951e-05

Presolve removed 3 rows and 3 columns
Presolve time: 0.04s
Presolved: 329 rows, 846 columns, 2762 nonzeros
Presolved model has 30 SOS constraint(s)
Variable types: 816 continuous, 30 integer (30 binary)

Root relaxation: objective 0.000000e+00, 292 iterations, 0.00 seconds

    Nodes    |    Current Node    |     Objective Bounds      |     Work
 Expl Unexpl |  Obj  Depth IntInf | Incumbent    BestBd   Gap | It/Node Time

*    0     0               0       0.0000000    0.00000  0.00%     -    0s

Explored 0 nodes (292 simplex iterations) in 0.11 seconds
Thread count was 8 (of 8 available processors)

Solution count 2: 0 1.35951e-05 

Optimal solution found (tolerance 1.00e-04)
Best objective 0.000000000000e+00, best bound 0.000000000000e+00, gap 0.0000%
---------------------------------------------------------------------------

Multi-objectives: optimize objective 6 (CPU_load_mem) ...
---------------------------------------------------------------------------


Loaded user MIP start with objective 0


Explored 0 nodes (0 simplex iterations) in 0.12 seconds
Thread count was 1 (of 8 available processors)

Solution count 1: 0 

Optimal solution found (tolerance 1.00e-04)
Best objective 0.000000000000e+00, best bound 0.000000000000e+00, gap 0.0000%
---------------------------------------------------------------------------

Multi-objectives: optimize objective 7 (tot_mem_P4) ...
---------------------------------------------------------------------------


Loaded user MIP start with objective 472.6

Presolve removed 6 rows and 20 columns
Presolve time: 0.01s
Presolved: 328 rows, 829 columns, 2626 nonzeros
Presolved model has 14 SOS constraint(s)
Variable types: 807 continuous, 22 integer (22 binary)

Root relaxation: objective 4.725527e+02, 357 iterations, 0.00 seconds

    Nodes    |    Current Node    |     Objective Bounds      |     Work
 Expl Unexpl |  Obj  Depth IntInf | Incumbent    BestBd   Gap | It/Node Time

*    0     0               0     472.5526744  472.55267  0.00%     -    0s

Explored 0 nodes (357 simplex iterations) in 0.13 seconds
Thread count was 8 (of 8 available processors)

Solution count 2: 472.553 472.6 

Optimal solution found (tolerance 1.00e-04)
Warning: max constraint violation (7.0007e-06) exceeds tolerance
Best objective 4.725526743690e+02, best bound 4.725526743690e+02, gap 0.0000%
---------------------------------------------------------------------------

Multi-objectives: optimize objective 8 (P4_load_mem) ...
---------------------------------------------------------------------------


Loaded user MIP start with objective 68.4854

Presolve removed 7 rows and 20 columns
Presolve time: 0.01s
Presolved: 328 rows, 829 columns, 2626 nonzeros
Presolved model has 14 SOS constraint(s)
Variable types: 807 continuous, 22 integer (22 binary)

Root relaxation: objective 6.847850e+01, 218 iterations, 0.00 seconds

    Nodes    |    Current Node    |     Objective Bounds      |     Work
 Expl Unexpl |  Obj  Depth IntInf | Incumbent    BestBd   Gap | It/Node Time

*    0     0               0      68.4785030   68.47850  0.00%     -    0s

Explored 0 nodes (218 simplex iterations) in 0.14 seconds
Thread count was 8 (of 8 available processors)

Solution count 2: 68.4785 68.4854 

Optimal solution found (tolerance 1.00e-04)
Warning: max constraint violation (7.0007e-06) exceeds tolerance
Best objective 6.847850295707e+01, best bound 6.847850295707e+01, gap 0.0000%

---------------------------------------------------------------------------
Multi-objectives: solved in 0.14 seconds, solution count 6

Model optimize took: 0.13929986953735352 seconds
--------------------------------------------------

Solution quality statistics for model UnivmonGreedyRows :
  Maximum violation:
    Bound       : 3.00030000e-06 (mem[2,26])
    Constraint  : 5.88564598e-07
    Integrality : 0.00000000e+00

Sketch (0) (cm: eps0: 0.00625, del0: 0.05, min_mem: 1.69921875)
Par: 1, Rows: 3
(0.000,9)    (0.000,8)    (0.000,0)    (0.000,7)    (1.000,14)    (0.000,13)    (0.000,5)    (0.000,12)    (0.000,11)    (0.000,10)    (0.000,2)    
Total frac: 1.000

Sketch (1) (cm: eps0: 0.00625, del0: 0.05, min_mem: 1.69921875)
Par: 1, Rows: 3
(0.700,14)    (0.000,6)    (0.000,11)    (0.000,12)    (0.000,4)    (0.000,9)    (0.000,10)    (0.000,2)    (0.000,8)    (0.000,0)    (0.000,7)    (0.000,13)    
Total frac: 0.700

Sketch (2) (cm: eps0: 0.00625, del0: 0.05, min_mem: 1.69921875)
Par: 1, Rows: 3
(0.000,3)    (0.000,8)    (0.000,14)    (0.800,13)    (0.000,5)    (0.000,7)    (0.000,10)    (0.000,12)    (0.000,2)    (0.000,9)    (0.000,4)    (0.000,11)    (0.000,1)    
Total frac: 0.800

Sketch (3) (cm: eps0: 0.00625, del0: 0.05, min_mem: 1.69921875)
Par: 1, Rows: 3
(0.700,9)    (0.000,10)    (0.000,11)    (0.000,1)    (0.200,12)    (0.000,2)    (0.000,4)    (0.800,13)    (0.000,8)    (0.000,14)    (0.000,5)    (0.000,0)    (0.000,6)    
Total frac: 1.700

Sketch (4) (cm: eps0: 0.00625, del0: 0.05, min_mem: 1.69921875)
Par: 1, Rows: 3
(0.000,11)    (0.000,3)    (0.000,13)    (0.000,9)    (0.000,5)    (0.800,12)    (0.000,1)    (0.000,8)    (0.000,4)    (0.000,0)    (0.000,10)    (0.000,2)    (0.200,14)    (0.000,6)    
Total frac: 1.000

Sketch (5) (cm: eps0: 0.00625, del0: 0.05, min_mem: 1.69921875)
Par: 1, Rows: 3
(0.000,8)    (0.000,0)    (0.000,10)    (1.000,14)    (0.000,6)    (0.000,11)    (0.000,3)    (0.000,13)    (0.000,9)    (0.000,5)    (0.000,12)    
Total frac: 1.000

Sketch (6) (cm: eps0: 0.00625, del0: 0.05, min_mem: 1.69921875)
Par: 1, Rows: 3
(0.300,13)    (0.000,9)    (0.000,5)    (0.600,11)    (0.000,1)    (0.000,3)    (0.000,10)    (0.000,12)    (0.700,8)    (0.000,14)    (0.000,4)    (0.000,0)    (0.000,6)    
Total frac: 1.600

Sketch (7) (cm: eps0: 0.00625, del0: 0.05, min_mem: 1.69921875)
Par: 1, Rows: 3
(0.467,10)    (0.000,12)    (0.900,8)    (0.000,14)    (0.000,4)    (0.000,0)    (0.000,6)    (0.533,13)    (0.000,9)    (0.000,11)    (0.000,1)    (0.000,7)    (0.000,3)    
Total frac: 1.900

Sketch (8) (cm: eps0: 0.00625, del0: 0.05, min_mem: 1.69921875)
Par: 1, Rows: 3
(0.000,14)    (0.700,12)    (0.000,11)    (0.000,5)    (0.000,4)    (0.000,2)    (0.000,3)    (0.000,1)    (0.000,10)    (0.300,9)    (0.000,8)    (0.000,7)    (0.000,6)    (0.000,13)    
Total frac: 1.000

Sketch (9) (cm: eps0: 0.00625, del0: 0.05, min_mem: 1.69921875)
Par: 1, Rows: 3
(0.000,9)    (0.000,10)    (0.000,0)    (1.000,8)    (0.000,13)    (0.000,6)    (0.900,11)    (0.000,12)    (0.000,5)    (0.000,3)    (0.000,1)    (0.000,2)    
Total frac: 1.900

Sketch (10) (cm: eps0: 0.00625, del0: 0.05, min_mem: 1.69921875)
Par: 1, Rows: 3
(0.000,5)    (0.900,12)    (0.000,11)    (0.000,1)    (0.900,10)    (0.000,4)    (0.000,0)    (0.000,6)    (0.000,13)    (0.000,8)    (0.000,14)    (0.000,7)    
Total frac: 1.800

Sketch (11) (cm: eps0: 0.00625, del0: 0.05, min_mem: 1.69921875)
Par: 1, Rows: 3
(0.000,4)    (0.000,13)    (0.000,6)    (0.000,8)    (0.800,14)    (0.000,5)    (0.000,11)    (0.000,1)    (0.000,12)    (0.000,2)    (0.000,9)    (1.000,10)    
Total frac: 1.800

Sketch (12) (cm: eps0: 0.00625, del0: 0.05, min_mem: 1.69921875)
Par: 1, Rows: 3
(0.000,8)    (0.000,2)    (0.000,6)    (1.000,14)    (0.000,11)    (0.000,7)    (0.000,13)    (0.000,12)    (0.000,1)    (0.000,9)    
Total frac: 1.000

Sketch (13) (cm: eps0: 0.00625, del0: 0.05, min_mem: 1.69921875)
Par: 1, Rows: 3
(0.000,13)    (0.000,3)    (0.000,1)    (0.900,12)    (0.000,9)    (0.000,0)    (0.000,8)    (0.000,4)    (0.000,10)    (0.000,6)    (0.900,11)    (0.000,7)    (0.000,14)    
Total frac: 1.800

Sketch (14) (cm: eps0: 0.00625, del0: 0.05, min_mem: 1.69921875)
Par: 1, Rows: 3
(0.733,10)    (0.000,0)    (0.000,6)    (0.733,8)    (0.000,14)    (0.000,4)    (0.000,13)    (0.267,11)    (0.000,1)    (0.000,7)    (0.000,9)    (0.000,5)    (0.267,12)    (0.000,3)    
Total frac: 2.000

Sketch (15) (cm: eps0: 0.00625, del0: 0.05, min_mem: 1.69921875)
Par: 1, Rows: 3
(0.900,11)    (0.000,7)    (0.000,9)    (0.000,3)    (0.000,12)    (0.000,10)    (0.000,6)    (0.000,14)    (0.000,4)    (0.000,13)    
Total frac: 0.900

Sketch (16) (cm: eps0: 0.00625, del0: 0.05, min_mem: 1.69921875)
Par: 1, Rows: 3
(0.000,7)    (0.000,2)    (0.000,13)    (0.000,0)    (0.000,12)    (0.000,4)    (1.000,11)    (0.000,3)    (0.000,14)    (0.000,10)    (0.900,9)    (0.000,8)    
Total frac: 1.900

Sketch (17) (cm: eps0: 0.00625, del0: 0.05, min_mem: 1.69921875)
Par: 1, Rows: 3
(0.000,12)    (0.000,3)    (0.000,4)    (0.000,9)    (0.000,14)    (0.000,10)    (0.000,8)    (0.000,7)    (0.000,1)    (0.000,13)    (0.000,2)    (0.000,6)    (1.000,11)    
Total frac: 1.000

Sketch (18) (cm: eps0: 0.00625, del0: 0.05, min_mem: 1.69921875)
Par: 1, Rows: 3
(0.200,8)    (0.000,2)    (0.000,6)    (0.400,13)    (0.000,7)    (0.000,14)    (0.000,10)    (0.000,0)    (0.000,12)    (0.500,9)    (0.000,4)    (0.400,11)    (0.000,3)    
Total frac: 1.500

Sketch (19) (cm: eps0: 0.00625, del0: 0.05, min_mem: 1.69921875)
Par: 1, Rows: 3
(0.000,9)    (0.000,14)    (0.900,10)    (0.000,11)    (0.000,12)    (0.000,4)    (0.000,13)    (0.000,2)    (0.000,5)    (0.000,6)    
Total frac: 0.900

Sketch (20) (cm: eps0: 0.00625, del0: 0.05, min_mem: 1.69921875)
Par: 1, Rows: 3
(0.000,13)    (0.000,9)    (0.000,5)    (0.900,12)    (0.000,8)    (0.000,4)    (0.000,10)    (0.000,6)    (0.000,0)    (0.000,11)    (0.000,2)    (0.000,3)    (0.000,14)    
Total frac: 0.900

Sketch (21) (cm: eps0: 0.00625, del0: 0.05, min_mem: 1.69921875)
Par: 1, Rows: 3
(0.000,1)    (0.000,6)    (0.800,11)    (0.000,7)    (0.000,0)    (0.000,3)    (0.000,13)    (0.000,2)    (0.000,9)    (0.000,5)    (0.000,14)    (1.000,12)    (0.000,8)    (0.000,10)    
Total frac: 1.800

Sketch (22) (cm: eps0: 0.00625, del0: 0.05, min_mem: 1.69921875)
Par: 1, Rows: 3
(0.000,11)    (0.000,7)    (0.000,10)    (0.900,12)    (0.000,8)    (0.000,1)    (0.000,2)    (0.000,14)    (0.000,13)    (0.000,0)    (0.000,9)    (0.000,5)    
Total frac: 0.900

Sketch (23) (cm: eps0: 0.00625, del0: 0.05, min_mem: 1.69921875)
Par: 1, Rows: 3
(0.000,6)    (0.200,13)    (0.000,9)    (0.000,5)    (0.000,14)    (0.000,11)    (0.000,0)    (0.000,3)    (0.700,10)    (0.000,12)    (0.000,8)    (0.000,4)    
Total frac: 0.900

Sketch (24) (cm: eps0: 0.00625, del0: 0.05, min_mem: 1.69921875)
Par: 1, Rows: 3
(0.000,5)    (0.000,3)    (0.700,14)    (0.000,10)    (0.300,9)    (1.000,8)    (0.000,2)    (0.000,6)    (0.000,1)    (0.000,13)    (0.000,0)    (0.000,12)    (0.000,11)    
Total frac: 2.000

Sketch (25) (cm: eps0: 0.00625, del0: 0.05, min_mem: 1.69921875)
Par: 1, Rows: 3
(0.000,7)    (0.000,8)    (0.000,1)    (0.200,13)    (0.000,6)    (0.800,11)    (0.800,12)    (0.000,5)    (0.000,4)    (0.000,14)    (0.000,10)    
Total frac: 1.800

Sketch (26) (cm: eps0: 0.00625, del0: 0.05, min_mem: 1.69921875)
Par: 1, Rows: 3
(0.000,11)    (0.300,14)    (0.000,10)    (0.000,9)    (0.000,4)    (0.000,3)    (-0.000,2)    (0.000,6)    (0.000,1)    (0.700,13)    (0.000,8)    (0.000,7)    (0.000,5)    (0.000,0)    (0.000,12)    
Total frac: 1.000

Sketch (27) (cm: eps0: 0.00625, del0: 0.05, min_mem: 1.69921875)
Par: 1, Rows: 3
(0.000,2)    (0.000,7)    (0.000,5)    (0.000,11)    (0.000,12)    (1.000,9)    (0.000,14)    (0.800,10)    (0.000,3)    (0.000,4)    (0.000,13)    
Total frac: 1.800

Sketch (28) (cm: eps0: 0.00625, del0: 0.05, min_mem: 1.69921875)
Par: 1, Rows: 3
(0.000,1)    (0.000,0)    (0.000,2)    (0.000,13)    (0.900,12)    (0.000,14)    (0.100,9)    (0.000,5)    (0.000,8)    (0.000,10)    
Total frac: 1.000

Sketch (29) (cm: eps0: 0.00625, del0: 0.05, min_mem: 1.69921875)
Par: 1, Rows: 3
(0.000,12)    (0.900,9)    (0.000,5)    (0.000,14)    (0.000,10)    (0.000,6)    (0.900,11)    (0.000,7)    (0.000,13)    (0.000,2)    (0.000,3)    
Total frac: 1.800

Sketch (30) (cm: eps0: 0.00625, del0: 0.05, min_mem: 1.69921875)
Par: 1, Rows: 3
(0.000,2)    (0.000,13)    (0.700,11)    (0.000,7)    (0.000,14)    (0.100,9)    (0.000,12)    (0.000,3)    (0.000,6)    
Total frac: 0.800

Sketch (31) (cm: eps0: 0.00625, del0: 0.05, min_mem: 1.69921875)
Par: 1, Rows: 3
(0.800,14)    (0.000,3)    (0.000,12)    (0.000,1)    (0.700,8)    (0.000,13)    (0.000,11)    (0.000,7)    (0.000,0)    (0.000,9)    
Total frac: 1.500

Sketch (32) (cm: eps0: 0.00625, del0: 0.05, min_mem: 1.69921875)
Par: 1, Rows: 3
(0.000,13)    (0.000,6)    (0.000,12)    (0.000,5)    (0.800,11)    (0.000,4)    (0.700,10)    (0.100,9)    (0.000,2)    (1.000,8)    (0.000,1)    (0.000,0)    (0.000,7)    (0.000,14)    
Total frac: 2.600

Sketch (33) (cm: eps0: 0.00625, del0: 0.05, min_mem: 1.69921875)
Par: 1, Rows: 3
(0.000,2)    (0.000,13)    (0.900,14)    (0.000,5)    (0.000,6)    (0.000,11)    (0.000,12)    (0.000,9)    (0.000,10)    
Total frac: 0.900

Sketch (34) (cm: eps0: 0.00625, del0: 0.05, min_mem: 1.69921875)
Par: 1, Rows: 3
(0.000,7)    (0.000,10)    (0.000,12)    (0.000,9)    (0.000,11)    (0.000,4)    (0.000,1)    (0.000,3)    (0.000,8)    (0.000,14)    (1.000,13)    (0.000,6)    
Total frac: 1.000

Sketch (35) (cm: eps0: 0.00625, del0: 0.05, min_mem: 1.69921875)
Par: 1, Rows: 3
(0.000,4)    (1.000,13)    (0.000,8)    (0.000,14)    (0.000,5)    (0.000,0)    (0.000,6)    (0.000,7)    (0.900,9)    (0.000,10)    (0.000,11)    (0.000,12)    (0.000,1)    (0.000,2)    
Total frac: 1.900

Sketch (36) (cm: eps0: 0.00625, del0: 0.05, min_mem: 1.69921875)
Par: 1, Rows: 3
(0.000,4)    (0.000,10)    (0.000,0)    (0.000,2)    (0.000,14)    (0.000,6)    (0.900,11)    (0.000,7)    (0.000,13)    (0.000,3)    (0.000,9)    (1.000,12)    (-0.000,8)    (0.000,5)    (0.000,1)    
Total frac: 1.900

Sketch (37) (cm: eps0: 0.00625, del0: 0.05, min_mem: 1.69921875)
Par: 1, Rows: 3
(0.000,7)    (0.000,13)    (0.000,3)    (0.000,9)    (0.000,5)    (0.000,1)    (1.000,12)    (0.000,8)    (0.633,10)    (0.000,0)    (0.000,2)    (0.000,14)    (0.000,6)    (0.067,11)    
Total frac: 1.700

Sketch (38) (cm: eps0: 0.00625, del0: 0.05, min_mem: 1.69921875)
Par: 1, Rows: 3
(0.900,8)    (0.000,2)    (0.000,14)    (0.000,4)    (0.000,0)    (0.000,6)    (1.000,13)    (0.000,9)    (0.000,11)    (0.000,5)    (0.000,1)    (0.000,7)    (0.000,3)    (0.000,10)    (0.000,12)    
Total frac: 1.900

Sketch (39) (cm: eps0: 0.00625, del0: 0.05, min_mem: 1.69921875)
Par: 1, Rows: 3
(0.000,9)    (0.000,11)    (0.000,7)    (0.000,3)    (0.000,10)    (0.200,12)    (0.000,8)    (0.000,2)    (0.000,14)    (0.000,4)    (0.000,0)    (0.000,6)    (0.800,13)    
Total frac: 1.000

Sketch (40) (cm: eps0: 0.00625, del0: 0.05, min_mem: 1.69921875)
Par: 1, Rows: 3
(0.000,1)    (0.000,9)    (0.000,0)    (0.800,8)    (0.700,13)    (0.000,6)    (0.000,12)    (0.200,14)    (0.100,11)    (0.000,5)    (0.000,4)    (0.000,2)    (0.000,10)    
Total frac: 1.800

Sketch (41) (cm: eps0: 0.00625, del0: 0.05, min_mem: 1.69921875)
Par: 1, Rows: 3
(0.000,11)    (0.000,12)    (0.300,14)    (0.000,5)    (0.000,3)    (0.000,1)    (0.000,2)    (0.700,9)    (0.000,10)    (0.000,0)    (0.700,8)    (0.000,7)    (0.000,13)    
Total frac: 1.700

Sketch (42) (cm: eps0: 0.00625, del0: 0.05, min_mem: 1.69921875)
Par: 1, Rows: 3
(0.000,4)    (0.000,3)    (0.700,13)    (0.000,0)    (0.000,6)    (1.000,8)    (0.000,14)    (0.000,7)    (0.000,5)    (0.000,12)    (0.000,2)    (0.200,11)    (0.000,10)    (0.000,1)    (0.000,9)    
Total frac: 1.900

Sketch (43) (cm: eps0: 0.00625, del0: 0.05, min_mem: 1.69921875)
Par: 1, Rows: 3
(0.009,14)    (0.000,5)    (0.000,11)    (0.800,12)    (0.000,1)    (0.000,9)    (0.000,10)    (0.000,3)    (0.000,4)    (0.900,13)    (0.000,6)    (0.000,8)    
Total frac: 1.709

Sketch (44) (cm: eps0: 0.00625, del0: 0.05, min_mem: 1.69921875)
Par: 1, Rows: 3
(0.000,7)    (0.000,13)    (0.000,12)    (0.000,3)    (0.000,1)    (0.000,9)    (0.000,0)    (1.000,8)    (0.000,4)    (0.000,2)    (0.000,10)    (0.000,6)    (0.900,14)    (0.000,11)    
Total frac: 1.900

Sketch (45) (cm: eps0: 0.00625, del0: 0.05, min_mem: 1.69921875)
Par: 1, Rows: 3
(0.000,0)    (0.000,8)    (0.000,4)    (0.000,2)    (0.000,10)    (0.000,6)    (0.800,11)    (0.000,7)    (0.100,14)    (0.000,13)    (0.000,3)    (0.000,1)    (0.100,12)    (0.800,9)    
Total frac: 1.800

Sketch (46) (cm: eps0: 0.00625, del0: 0.05, min_mem: 1.69921875)
Par: 1, Rows: 3
(0.700,11)    (0.000,1)    (0.000,7)    (0.700,9)    (0.200,12)    (0.000,3)    (0.000,0)    (0.000,6)    (0.000,8)    (0.000,14)    (0.000,13)    
Total frac: 1.600

Sketch (47) (cm: eps0: 0.00625, del0: 0.05, min_mem: 1.69921875)
Par: 1, Rows: 3
(0.000,10)    (0.000,0)    (0.100,8)    (0.200,14)    (0.000,4)    (0.000,13)    (0.000,11)    (0.000,1)    (0.000,7)    (0.000,9)    (0.000,5)    (0.000,3)    (0.600,12)    
Total frac: 0.900

Sketch (48) (cm: eps0: 0.00625, del0: 0.05, min_mem: 1.69921875)
Par: 1, Rows: 3
(0.000,11)    (0.000,10)    (0.000,3)    (0.900,14)    (0.000,9)    (0.000,2)    (0.000,13)    (0.000,6)    (0.000,12)    (0.000,5)    
Total frac: 0.900

Sketch (49) (cm: eps0: 0.00625, del0: 0.05, min_mem: 1.69921875)
Par: 1, Rows: 3
(0.000,13)    (0.000,1)    (0.000,5)    (0.000,6)    (0.000,11)    (0.800,12)    (0.000,0)    (0.000,3)    (0.000,4)    (0.100,9)    (1.000,10)    (0.100,14)    (0.000,8)    
Total frac: 2.000

Sketch (50) (cm: eps0: 0.00625, del0: 0.05, min_mem: 1.69921875)
Par: 1, Rows: 3
(0.000,12)    (0.100,14)    (0.000,9)    (0.000,0)    (0.000,11)    (0.000,4)    (0.000,3)    (0.900,8)    (0.000,13)    (0.000,1)    (0.000,7)    (0.000,10)    
Total frac: 1.000

Sketch (51) (cm: eps0: 0.00625, del0: 0.05, min_mem: 1.69921875)
Par: 1, Rows: 3
(0.000,13)    (0.000,8)    (0.000,1)    (0.000,6)    (0.000,7)    (0.000,10)    (0.700,11)    (0.000,12)    (0.700,14)    (0.000,4)    
Total frac: 1.400

Sketch (52) (cm: eps0: 0.00625, del0: 0.05, min_mem: 1.69921875)
Par: 1, Rows: 3
(0.000,1)    (0.000,0)    (0.000,11)    (0.000,7)    (0.000,2)    (0.000,13)    (0.000,3)    (0.000,14)    (0.800,9)    (0.000,12)    (0.000,8)    (0.000,5)    (0.000,4)    (1.000,10)    
Total frac: 1.800

Sketch (53) (cm: eps0: 0.00625, del0: 0.05, min_mem: 1.69921875)
Par: 1, Rows: 3
(0.000,5)    (1.000,14)    (0.000,12)    (0.000,8)    (0.000,4)    (0.000,10)    (0.000,1)    (0.000,0)    (0.000,13)    
Total frac: 1.000

Sketch (54) (cm: eps0: 0.00625, del0: 0.05, min_mem: 1.69921875)
Par: 1, Rows: 3
(-0.000,1)    (0.000,13)    (0.100,14)    (0.000,5)    (0.700,10)    (0.000,12)    (0.000,8)    (0.000,4)    
Total frac: 0.800

Sketch (55) (cm: eps0: 0.00625, del0: 0.05, min_mem: 1.69921875)
Par: 1, Rows: 3
(0.000,7)    (0.000,0)    (0.000,3)    (1.000,10)    (0.000,12)    (0.000,8)    (0.000,4)    (0.000,13)    (0.900,9)    (0.000,11)    (0.000,5)    (0.000,14)    
Total frac: 1.900

Sketch (56) (cm: eps0: 0.00625, del0: 0.05, min_mem: 1.69921875)
Par: 1, Rows: 3
(0.000,7)    (0.700,13)    (0.000,6)    (0.000,1)    (0.300,12)    (0.000,0)    (0.000,11)    (0.000,4)    (0.000,10)    (0.000,3)    (0.000,14)    (0.000,9)    (0.000,8)    
Total frac: 1.000

Sketch (57) (cm: eps0: 0.00625, del0: 0.05, min_mem: 1.69921875)
Par: 1, Rows: 3
(0.000,3)    (0.000,4)    (0.000,9)    (0.000,10)    (0.100,14)    (0.000,8)    (0.000,7)    (0.900,13)    (0.000,1)    (0.000,6)    (0.000,11)    (0.000,12)    (0.000,0)    
Total frac: 1.000

Sketch (58) (cm: eps0: 0.00625, del0: 0.05, min_mem: 1.69921875)
Par: 1, Rows: 3
(0.900,13)    (0.000,1)    (0.000,8)    (0.000,7)    (0.000,5)    (0.167,12)    (0.000,0)    (0.000,11)    (0.000,10)    (0.000,14)    (0.833,9)    (0.000,3)    
Total frac: 1.900

Sketch (59) (cm: eps0: 0.00625, del0: 0.05, min_mem: 1.69921875)
Par: 1, Rows: 3
(0.000,12)    (0.000,0)    (0.900,9)    (1.000,10)    (0.000,14)    (0.000,3)    (0.000,4)    (0.000,13)    (0.000,2)    (0.000,6)    (0.000,8)    (0.000,5)    (0.000,11)    
Total frac: 1.900

Sketch (60) (cm: eps0: 0.00625, del0: 0.05, min_mem: 1.69921875)
Par: 1, Rows: 3
(0.000,14)    (0.100,9)    (0.800,8)    (0.000,5)    (0.000,10)    (0.000,1)    (0.000,0)    (0.000,2)    (0.000,13)    (0.000,12)    
Total frac: 0.900

Sketch (61) (cm: eps0: 0.00625, del0: 0.05, min_mem: 1.69921875)
Par: 1, Rows: 3
(0.000,10)    (0.000,6)    (0.000,11)    (0.000,7)    (0.000,0)    (0.900,13)    (0.000,2)    (0.000,3)    (0.000,12)    (0.000,9)    (0.000,5)    (0.000,14)    (1.000,8)    (0.000,4)    (0.000,1)    
Total frac: 1.900

Sketch (62) (cm: eps0: 0.00625, del0: 0.05, min_mem: 1.69921875)
Par: 1, Rows: 3
(0.900,9)    (0.000,5)    (0.000,12)    (1.000,10)    (0.000,1)    (0.000,8)    (0.000,4)    (0.000,2)    (0.000,13)    (0.000,0)    (0.000,14)    
Total frac: 1.900

Sketch (63) (cm: eps0: 0.00625, del0: 0.05, min_mem: 1.69921875)
Par: 1, Rows: 3
(0.000,8)    (0.000,4)    (0.000,13)    (0.000,2)    (0.000,11)    (0.000,7)    (0.000,0)    (0.900,9)    (0.000,5)    (0.000,14)    (0.000,3)    (0.000,12)    (0.900,10)    
Total frac: 1.800

Device (0) CPU1:
Rows total: 5.885645977011494e-07
Mem total: 1.0001e-06

Device (1) CPU2:
Rows total: 5.885645977011494e-07
Mem total: 1.0001e-06

Device (2) CPU3:
Rows total: 5.885645977011494e-07
Mem total: 1.0001e-06

Device (3) CPU4:
Rows total: 5.885645977011494e-07
Mem total: 1.0001e-06

Device (4) CPU5:
Rows total: 5.885645977011494e-07
Mem total: 1.0001e-06

Device (5) CPU6:
Rows total: 5.885645977011494e-07
Mem total: 1.0001e-06

Device (6) CPU7:
Rows total: 5.885645977011494e-07
Mem total: 1.0001e-06

Device (7) CPU8:
Rows total: 5.885645977011494e-07
Mem total: 1.0001e-06

Device (8) tor_P41:
Rows total: 40.29999254484842
Mem total: 68.47850295706665

Device (9) tor_P42:
Rows total: 40.29999254484842
Mem total: 68.47850295706665

Device (10) tor_P43:
Rows total: 40.29999254484842
Mem total: 68.47850295706665

Device (11) tor_P44:
Rows total: 40.29999254484842
Mem total: 68.47850295706665

Device (12) l1_P41:
Rows total: 40.29999254484842
Mem total: 68.47850295706665

Device (13) l1_P42:
Rows total: 40.29999254484842
Mem total: 68.47850295706665

Device (14) l2_P4:
Rows total: 36.32782000200799
Mem total: 61.72891289403701
--------------------------------------------------
Changed value of parameter NonConvex to 2
   Prev: -1  Min: -1  Max: 2  Default: -1
Changed value of parameter NonConvex to 2
   Prev: -1  Min: -1  Max: 2  Default: -1
Changed value of parameter NonConvex to 2
   Prev: -1  Min: -1  Max: 2  Default: -1
Changed value of parameter NonConvex to 2
   Prev: -1  Min: -1  Max: 2  Default: -1
Changed value of parameter NonConvex to 2
   Prev: -1  Min: -1  Max: 2  Default: -1
Changed value of parameter NonConvex to 2
   Prev: -1  Min: -1  Max: 2  Default: -1
Changed value of parameter NonConvex to 2
   Prev: -1  Min: -1  Max: 2  Default: -1
Changed value of parameter NonConvex to 2
   Prev: -1  Min: -1  Max: 2  Default: -1

Throughput: 97.99999999999999 Mpps, ns per packet: 10.204081632653063
Resources: 639.3777757060319
Used Cores: 55.99999999999978, Total CPUS: 8, Switch Memory: 472.59993063643697

Sketch (0) (cm: eps0: 0.00625, del0: 0.05, min_mem: 1.69921875)
Par: 1, Rows: 3
(0.000,9)    (0.000,8)    (0.000,0)    (0.000,7)    (1.000,14)    (0.000,13)    (0.000,5)    (0.000,12)    (0.000,11)    (0.000,10)    (0.000,2)    
Total frac: 1.000

Sketch (1) (cm: eps0: 0.00625, del0: 0.05, min_mem: 1.69921875)
Par: 1, Rows: 3
(0.700,14)    (0.000,6)    (0.000,11)    (0.000,12)    (0.000,4)    (0.000,9)    (0.000,10)    (0.000,2)    (0.000,8)    (0.000,0)    (0.000,7)    (0.000,13)    
Total frac: 0.700

Sketch (2) (cm: eps0: 0.00625, del0: 0.05, min_mem: 1.69921875)
Par: 1, Rows: 3
(0.000,3)    (0.000,8)    (0.000,14)    (0.800,13)    (0.000,5)    (0.000,7)    (0.000,10)    (0.000,12)    (0.000,2)    (0.000,9)    (0.000,4)    (0.000,11)    (0.000,1)    
Total frac: 0.800

Sketch (3) (cm: eps0: 0.00625, del0: 0.05, min_mem: 1.69921875)
Par: 1, Rows: 3
(0.700,9)    (0.000,10)    (0.000,11)    (0.000,1)    (0.200,12)    (0.000,2)    (0.000,4)    (0.800,13)    (0.000,8)    (0.000,14)    (0.000,5)    (0.000,0)    (0.000,6)    
Total frac: 1.700

Sketch (4) (cm: eps0: 0.00625, del0: 0.05, min_mem: 1.69921875)
Par: 1, Rows: 3
(0.000,11)    (0.000,3)    (0.000,13)    (0.000,9)    (0.000,5)    (0.800,12)    (0.000,1)    (0.000,8)    (0.000,4)    (0.000,0)    (0.000,10)    (0.000,2)    (0.200,14)    (0.000,6)    
Total frac: 1.000

Sketch (5) (cm: eps0: 0.00625, del0: 0.05, min_mem: 1.69921875)
Par: 1, Rows: 3
(0.000,8)    (0.000,0)    (0.000,10)    (1.000,14)    (0.000,6)    (0.000,11)    (0.000,3)    (0.000,13)    (0.000,9)    (0.000,5)    (0.000,12)    
Total frac: 1.000

Sketch (6) (cm: eps0: 0.00625, del0: 0.05, min_mem: 1.69921875)
Par: 1, Rows: 3
(0.300,13)    (0.000,9)    (0.000,5)    (0.600,11)    (0.000,1)    (0.000,3)    (0.000,10)    (0.000,12)    (0.700,8)    (0.000,14)    (0.000,4)    (0.000,0)    (0.000,6)    
Total frac: 1.600

Sketch (7) (cm: eps0: 0.00625, del0: 0.05, min_mem: 1.69921875)
Par: 1, Rows: 3
(0.467,10)    (0.000,12)    (0.900,8)    (0.000,14)    (0.000,4)    (0.000,0)    (0.000,6)    (0.533,13)    (0.000,9)    (0.000,11)    (0.000,1)    (0.000,7)    (0.000,3)    
Total frac: 1.900

Sketch (8) (cm: eps0: 0.00625, del0: 0.05, min_mem: 1.69921875)
Par: 1, Rows: 3
(0.000,14)    (0.700,12)    (0.000,11)    (0.000,5)    (0.000,4)    (0.000,2)    (0.000,3)    (0.000,1)    (0.000,10)    (0.300,9)    (0.000,8)    (0.000,7)    (0.000,6)    (0.000,13)    
Total frac: 1.000

Sketch (9) (cm: eps0: 0.00625, del0: 0.05, min_mem: 1.69921875)
Par: 1, Rows: 3
(0.000,9)    (0.000,10)    (0.000,0)    (1.000,8)    (0.000,13)    (0.000,6)    (0.900,11)    (0.000,12)    (0.000,5)    (0.000,3)    (0.000,1)    (0.000,2)    
Total frac: 1.900

Sketch (10) (cm: eps0: 0.00625, del0: 0.05, min_mem: 1.69921875)
Par: 1, Rows: 3
(0.000,5)    (0.900,12)    (0.000,11)    (0.000,1)    (0.900,10)    (0.000,4)    (0.000,0)    (0.000,6)    (0.000,13)    (0.000,8)    (0.000,14)    (0.000,7)    
Total frac: 1.800

Sketch (11) (cm: eps0: 0.00625, del0: 0.05, min_mem: 1.69921875)
Par: 1, Rows: 3
(0.000,4)    (0.000,13)    (0.000,6)    (0.000,8)    (0.800,14)    (0.000,5)    (0.000,11)    (0.000,1)    (0.000,12)    (0.000,2)    (0.000,9)    (1.000,10)    
Total frac: 1.800

Sketch (12) (cm: eps0: 0.00625, del0: 0.05, min_mem: 1.69921875)
Par: 1, Rows: 3
(0.000,8)    (0.000,2)    (0.000,6)    (1.000,14)    (0.000,11)    (0.000,7)    (0.000,13)    (0.000,12)    (0.000,1)    (0.000,9)    
Total frac: 1.000

Sketch (13) (cm: eps0: 0.00625, del0: 0.05, min_mem: 1.69921875)
Par: 1, Rows: 3
(0.000,13)    (0.000,3)    (0.000,1)    (0.900,12)    (0.000,9)    (0.000,0)    (0.000,8)    (0.000,4)    (0.000,10)    (0.000,6)    (0.900,11)    (0.000,7)    (0.000,14)    
Total frac: 1.800

Sketch (14) (cm: eps0: 0.00625, del0: 0.05, min_mem: 1.69921875)
Par: 1, Rows: 3
(0.733,10)    (0.000,0)    (0.000,6)    (0.733,8)    (0.000,14)    (0.000,4)    (0.000,13)    (0.267,11)    (0.000,1)    (0.000,7)    (0.000,9)    (0.000,5)    (0.267,12)    (0.000,3)    
Total frac: 2.000

Sketch (15) (cm: eps0: 0.00625, del0: 0.05, min_mem: 1.69921875)
Par: 1, Rows: 3
(0.900,11)    (0.000,7)    (0.000,9)    (0.000,3)    (0.000,12)    (0.000,10)    (0.000,6)    (0.000,14)    (0.000,4)    (0.000,13)    
Total frac: 0.900

Sketch (16) (cm: eps0: 0.00625, del0: 0.05, min_mem: 1.69921875)
Par: 1, Rows: 3
(0.000,7)    (0.000,2)    (0.000,13)    (0.000,0)    (0.000,12)    (0.000,4)    (1.000,11)    (0.000,3)    (0.000,14)    (0.000,10)    (0.900,9)    (0.000,8)    
Total frac: 1.900

Sketch (17) (cm: eps0: 0.00625, del0: 0.05, min_mem: 1.69921875)
Par: 1, Rows: 3
(0.000,12)    (0.000,3)    (0.000,4)    (0.000,9)    (0.000,14)    (0.000,10)    (0.000,8)    (0.000,7)    (0.000,1)    (0.000,13)    (0.000,2)    (0.000,6)    (1.000,11)    
Total frac: 1.000

Sketch (18) (cm: eps0: 0.00625, del0: 0.05, min_mem: 1.69921875)
Par: 1, Rows: 3
(0.200,8)    (0.000,2)    (0.000,6)    (0.400,13)    (0.000,7)    (0.000,14)    (0.000,10)    (0.000,0)    (0.000,12)    (0.500,9)    (0.000,4)    (0.400,11)    (0.000,3)    
Total frac: 1.500

Sketch (19) (cm: eps0: 0.00625, del0: 0.05, min_mem: 1.69921875)
Par: 1, Rows: 3
(0.000,9)    (0.000,14)    (0.900,10)    (0.000,11)    (0.000,12)    (0.000,4)    (0.000,13)    (0.000,2)    (0.000,5)    (0.000,6)    
Total frac: 0.900

Sketch (20) (cm: eps0: 0.00625, del0: 0.05, min_mem: 1.69921875)
Par: 1, Rows: 3
(0.000,13)    (0.000,9)    (0.000,5)    (0.900,12)    (0.000,8)    (0.000,4)    (0.000,10)    (0.000,6)    (0.000,0)    (0.000,11)    (0.000,2)    (0.000,3)    (0.000,14)    
Total frac: 0.900

Sketch (21) (cm: eps0: 0.00625, del0: 0.05, min_mem: 1.69921875)
Par: 1, Rows: 3
(0.000,1)    (0.000,6)    (0.800,11)    (0.000,7)    (0.000,0)    (0.000,3)    (0.000,13)    (0.000,2)    (0.000,9)    (0.000,5)    (0.000,14)    (1.000,12)    (0.000,8)    (0.000,10)    
Total frac: 1.800

Sketch (22) (cm: eps0: 0.00625, del0: 0.05, min_mem: 1.69921875)
Par: 1, Rows: 3
(0.000,11)    (0.000,7)    (0.000,10)    (0.900,12)    (0.000,8)    (0.000,1)    (0.000,2)    (0.000,14)    (0.000,13)    (0.000,0)    (0.000,9)    (0.000,5)    
Total frac: 0.900

Sketch (23) (cm: eps0: 0.00625, del0: 0.05, min_mem: 1.69921875)
Par: 1, Rows: 3
(0.000,6)    (0.200,13)    (0.000,9)    (0.000,5)    (0.000,14)    (0.000,11)    (0.000,0)    (0.000,3)    (0.700,10)    (0.000,12)    (0.000,8)    (0.000,4)    
Total frac: 0.900

Sketch (24) (cm: eps0: 0.00625, del0: 0.05, min_mem: 1.69921875)
Par: 1, Rows: 3
(0.000,5)    (0.000,3)    (0.700,14)    (0.000,10)    (0.300,9)    (1.000,8)    (0.000,2)    (0.000,6)    (0.000,1)    (0.000,13)    (0.000,0)    (0.000,12)    (0.000,11)    
Total frac: 2.000

Sketch (25) (cm: eps0: 0.00625, del0: 0.05, min_mem: 1.69921875)
Par: 1, Rows: 3
(0.000,7)    (0.000,8)    (0.000,1)    (0.200,13)    (0.000,6)    (0.800,11)    (0.800,12)    (0.000,5)    (0.000,4)    (0.000,14)    (0.000,10)    
Total frac: 1.800

Sketch (26) (cm: eps0: 0.00625, del0: 0.05, min_mem: 1.69921875)
Par: 1, Rows: 3
(0.000,11)    (0.300,14)    (0.000,10)    (0.000,9)    (0.000,4)    (0.000,3)    (-0.000,2)    (0.000,6)    (0.000,1)    (0.700,13)    (0.000,8)    (0.000,7)    (0.000,5)    (0.000,0)    (0.000,12)    
Total frac: 1.000

Sketch (27) (cm: eps0: 0.00625, del0: 0.05, min_mem: 1.69921875)
Par: 1, Rows: 3
(0.000,2)    (0.000,7)    (0.000,5)    (0.000,11)    (0.000,12)    (1.000,9)    (0.000,14)    (0.800,10)    (0.000,3)    (0.000,4)    (0.000,13)    
Total frac: 1.800

Sketch (28) (cm: eps0: 0.00625, del0: 0.05, min_mem: 1.69921875)
Par: 1, Rows: 3
(0.000,1)    (0.000,0)    (0.000,2)    (0.000,13)    (0.900,12)    (0.000,14)    (0.100,9)    (0.000,5)    (0.000,8)    (0.000,10)    
Total frac: 1.000

Sketch (29) (cm: eps0: 0.00625, del0: 0.05, min_mem: 1.69921875)
Par: 1, Rows: 3
(0.000,12)    (0.900,9)    (0.000,5)    (0.000,14)    (0.000,10)    (0.000,6)    (0.900,11)    (0.000,7)    (0.000,13)    (0.000,2)    (0.000,3)    
Total frac: 1.800

Sketch (30) (cm: eps0: 0.00625, del0: 0.05, min_mem: 1.69921875)
Par: 1, Rows: 3
(0.000,2)    (0.000,13)    (0.700,11)    (0.000,7)    (0.000,14)    (0.100,9)    (0.000,12)    (0.000,3)    (0.000,6)    
Total frac: 0.800

Sketch (31) (cm: eps0: 0.00625, del0: 0.05, min_mem: 1.69921875)
Par: 1, Rows: 3
(0.800,14)    (0.000,3)    (0.000,12)    (0.000,1)    (0.700,8)    (0.000,13)    (0.000,11)    (0.000,7)    (0.000,0)    (0.000,9)    
Total frac: 1.500

Sketch (32) (cm: eps0: 0.00625, del0: 0.05, min_mem: 1.69921875)
Par: 1, Rows: 3
(0.000,13)    (0.000,6)    (0.000,12)    (0.000,5)    (0.800,11)    (0.000,4)    (0.700,10)    (0.100,9)    (0.000,2)    (1.000,8)    (0.000,1)    (0.000,0)    (0.000,7)    (0.000,14)    
Total frac: 2.600

Sketch (33) (cm: eps0: 0.00625, del0: 0.05, min_mem: 1.69921875)
Par: 1, Rows: 3
(0.000,2)    (0.000,13)    (0.900,14)    (0.000,5)    (0.000,6)    (0.000,11)    (0.000,12)    (0.000,9)    (0.000,10)    
Total frac: 0.900

Sketch (34) (cm: eps0: 0.00625, del0: 0.05, min_mem: 1.69921875)
Par: 1, Rows: 3
(0.000,7)    (0.000,10)    (0.000,12)    (0.000,9)    (0.000,11)    (0.000,4)    (0.000,1)    (0.000,3)    (0.000,8)    (0.000,14)    (1.000,13)    (0.000,6)    
Total frac: 1.000

Sketch (35) (cm: eps0: 0.00625, del0: 0.05, min_mem: 1.69921875)
Par: 1, Rows: 3
(0.000,4)    (1.000,13)    (0.000,8)    (0.000,14)    (0.000,5)    (0.000,0)    (0.000,6)    (0.000,7)    (0.900,9)    (0.000,10)    (0.000,11)    (0.000,12)    (0.000,1)    (0.000,2)    
Total frac: 1.900

Sketch (36) (cm: eps0: 0.00625, del0: 0.05, min_mem: 1.69921875)
Par: 1, Rows: 3
(0.000,4)    (0.000,10)    (0.000,0)    (0.000,2)    (0.000,14)    (0.000,6)    (0.900,11)    (0.000,7)    (0.000,13)    (0.000,3)    (0.000,9)    (1.000,12)    (-0.000,8)    (0.000,5)    (0.000,1)    
Total frac: 1.900

Sketch (37) (cm: eps0: 0.00625, del0: 0.05, min_mem: 1.69921875)
Par: 1, Rows: 3
(0.000,7)    (0.000,13)    (0.000,3)    (0.000,9)    (0.000,5)    (0.000,1)    (1.000,12)    (0.000,8)    (0.633,10)    (0.000,0)    (0.000,2)    (0.000,14)    (0.000,6)    (0.067,11)    
Total frac: 1.700

Sketch (38) (cm: eps0: 0.00625, del0: 0.05, min_mem: 1.69921875)
Par: 1, Rows: 3
(0.900,8)    (0.000,2)    (0.000,14)    (0.000,4)    (0.000,0)    (0.000,6)    (1.000,13)    (0.000,9)    (0.000,11)    (0.000,5)    (0.000,1)    (0.000,7)    (0.000,3)    (0.000,10)    (0.000,12)    
Total frac: 1.900

Sketch (39) (cm: eps0: 0.00625, del0: 0.05, min_mem: 1.69921875)
Par: 1, Rows: 3
(0.000,9)    (0.000,11)    (0.000,7)    (0.000,3)    (0.000,10)    (0.200,12)    (0.000,8)    (0.000,2)    (0.000,14)    (0.000,4)    (0.000,0)    (0.000,6)    (0.800,13)    
Total frac: 1.000

Sketch (40) (cm: eps0: 0.00625, del0: 0.05, min_mem: 1.69921875)
Par: 1, Rows: 3
(0.000,1)    (0.000,9)    (0.000,0)    (0.800,8)    (0.700,13)    (0.000,6)    (0.000,12)    (0.200,14)    (0.100,11)    (0.000,5)    (0.000,4)    (0.000,2)    (0.000,10)    
Total frac: 1.800

Sketch (41) (cm: eps0: 0.00625, del0: 0.05, min_mem: 1.69921875)
Par: 1, Rows: 3
(0.000,11)    (0.000,12)    (0.300,14)    (0.000,5)    (0.000,3)    (0.000,1)    (0.000,2)    (0.700,9)    (0.000,10)    (0.000,0)    (0.700,8)    (0.000,7)    (0.000,13)    
Total frac: 1.700

Sketch (42) (cm: eps0: 0.00625, del0: 0.05, min_mem: 1.69921875)
Par: 1, Rows: 3
(0.000,4)    (0.000,3)    (0.700,13)    (0.000,0)    (0.000,6)    (1.000,8)    (0.000,14)    (0.000,7)    (0.000,5)    (0.000,12)    (0.000,2)    (0.200,11)    (0.000,10)    (0.000,1)    (0.000,9)    
Total frac: 1.900

Sketch (43) (cm: eps0: 0.00625, del0: 0.05, min_mem: 1.69921875)
Par: 1, Rows: 3
(0.009,14)    (0.000,5)    (0.000,11)    (0.800,12)    (0.000,1)    (0.000,9)    (0.000,10)    (0.000,3)    (0.000,4)    (0.900,13)    (0.000,6)    (0.000,8)    
Total frac: 1.709

Sketch (44) (cm: eps0: 0.00625, del0: 0.05, min_mem: 1.69921875)
Par: 1, Rows: 3
(0.000,7)    (0.000,13)    (0.000,12)    (0.000,3)    (0.000,1)    (0.000,9)    (0.000,0)    (1.000,8)    (0.000,4)    (0.000,2)    (0.000,10)    (0.000,6)    (0.900,14)    (0.000,11)    
Total frac: 1.900

Sketch (45) (cm: eps0: 0.00625, del0: 0.05, min_mem: 1.69921875)
Par: 1, Rows: 3
(0.000,0)    (0.000,8)    (0.000,4)    (0.000,2)    (0.000,10)    (0.000,6)    (0.800,11)    (0.000,7)    (0.100,14)    (0.000,13)    (0.000,3)    (0.000,1)    (0.100,12)    (0.800,9)    
Total frac: 1.800

Sketch (46) (cm: eps0: 0.00625, del0: 0.05, min_mem: 1.69921875)
Par: 1, Rows: 3
(0.700,11)    (0.000,1)    (0.000,7)    (0.700,9)    (0.200,12)    (0.000,3)    (0.000,0)    (0.000,6)    (0.000,8)    (0.000,14)    (0.000,13)    
Total frac: 1.600

Sketch (47) (cm: eps0: 0.00625, del0: 0.05, min_mem: 1.69921875)
Par: 1, Rows: 3
(0.000,10)    (0.000,0)    (0.100,8)    (0.200,14)    (0.000,4)    (0.000,13)    (0.000,11)    (0.000,1)    (0.000,7)    (0.000,9)    (0.000,5)    (0.000,3)    (0.600,12)    
Total frac: 0.900

Sketch (48) (cm: eps0: 0.00625, del0: 0.05, min_mem: 1.69921875)
Par: 1, Rows: 3
(0.000,11)    (0.000,10)    (0.000,3)    (0.900,14)    (0.000,9)    (0.000,2)    (0.000,13)    (0.000,6)    (0.000,12)    (0.000,5)    
Total frac: 0.900

Sketch (49) (cm: eps0: 0.00625, del0: 0.05, min_mem: 1.69921875)
Par: 1, Rows: 3
(0.000,13)    (0.000,1)    (0.000,5)    (0.000,6)    (0.000,11)    (0.800,12)    (0.000,0)    (0.000,3)    (0.000,4)    (0.100,9)    (1.000,10)    (0.100,14)    (0.000,8)    
Total frac: 2.000

Sketch (50) (cm: eps0: 0.00625, del0: 0.05, min_mem: 1.69921875)
Par: 1, Rows: 3
(0.000,12)    (0.100,14)    (0.000,9)    (0.000,0)    (0.000,11)    (0.000,4)    (0.000,3)    (0.900,8)    (0.000,13)    (0.000,1)    (0.000,7)    (0.000,10)    
Total frac: 1.000

Sketch (51) (cm: eps0: 0.00625, del0: 0.05, min_mem: 1.69921875)
Par: 1, Rows: 3
(0.000,13)    (0.000,8)    (0.000,1)    (0.000,6)    (0.000,7)    (0.000,10)    (0.700,11)    (0.000,12)    (0.700,14)    (0.000,4)    
Total frac: 1.400

Sketch (52) (cm: eps0: 0.00625, del0: 0.05, min_mem: 1.69921875)
Par: 1, Rows: 3
(0.000,1)    (0.000,0)    (0.000,11)    (0.000,7)    (0.000,2)    (0.000,13)    (0.000,3)    (0.000,14)    (0.800,9)    (0.000,12)    (0.000,8)    (0.000,5)    (0.000,4)    (1.000,10)    
Total frac: 1.800

Sketch (53) (cm: eps0: 0.00625, del0: 0.05, min_mem: 1.69921875)
Par: 1, Rows: 3
(0.000,5)    (1.000,14)    (0.000,12)    (0.000,8)    (0.000,4)    (0.000,10)    (0.000,1)    (0.000,0)    (0.000,13)    
Total frac: 1.000

Sketch (54) (cm: eps0: 0.00625, del0: 0.05, min_mem: 1.69921875)
Par: 1, Rows: 3
(-0.000,1)    (0.000,13)    (0.100,14)    (0.000,5)    (0.700,10)    (0.000,12)    (0.000,8)    (0.000,4)    
Total frac: 0.800

Sketch (55) (cm: eps0: 0.00625, del0: 0.05, min_mem: 1.69921875)
Par: 1, Rows: 3
(0.000,7)    (0.000,0)    (0.000,3)    (1.000,10)    (0.000,12)    (0.000,8)    (0.000,4)    (0.000,13)    (0.900,9)    (0.000,11)    (0.000,5)    (0.000,14)    
Total frac: 1.900

Sketch (56) (cm: eps0: 0.00625, del0: 0.05, min_mem: 1.69921875)
Par: 1, Rows: 3
(0.000,7)    (0.700,13)    (0.000,6)    (0.000,1)    (0.300,12)    (0.000,0)    (0.000,11)    (0.000,4)    (0.000,10)    (0.000,3)    (0.000,14)    (0.000,9)    (0.000,8)    
Total frac: 1.000

Sketch (57) (cm: eps0: 0.00625, del0: 0.05, min_mem: 1.69921875)
Par: 1, Rows: 3
(0.000,3)    (0.000,4)    (0.000,9)    (0.000,10)    (0.100,14)    (0.000,8)    (0.000,7)    (0.900,13)    (0.000,1)    (0.000,6)    (0.000,11)    (0.000,12)    (0.000,0)    
Total frac: 1.000

Sketch (58) (cm: eps0: 0.00625, del0: 0.05, min_mem: 1.69921875)
Par: 1, Rows: 3
(0.900,13)    (0.000,1)    (0.000,8)    (0.000,7)    (0.000,5)    (0.167,12)    (0.000,0)    (0.000,11)    (0.000,10)    (0.000,14)    (0.833,9)    (0.000,3)    
Total frac: 1.900

Sketch (59) (cm: eps0: 0.00625, del0: 0.05, min_mem: 1.69921875)
Par: 1, Rows: 3
(0.000,12)    (0.000,0)    (0.900,9)    (1.000,10)    (0.000,14)    (0.000,3)    (0.000,4)    (0.000,13)    (0.000,2)    (0.000,6)    (0.000,8)    (0.000,5)    (0.000,11)    
Total frac: 1.900

Sketch (60) (cm: eps0: 0.00625, del0: 0.05, min_mem: 1.69921875)
Par: 1, Rows: 3
(0.000,14)    (0.100,9)    (0.800,8)    (0.000,5)    (0.000,10)    (0.000,1)    (0.000,0)    (0.000,2)    (0.000,13)    (0.000,12)    
Total frac: 0.900

Sketch (61) (cm: eps0: 0.00625, del0: 0.05, min_mem: 1.69921875)
Par: 1, Rows: 3
(0.000,10)    (0.000,6)    (0.000,11)    (0.000,7)    (0.000,0)    (0.900,13)    (0.000,2)    (0.000,3)    (0.000,12)    (0.000,9)    (0.000,5)    (0.000,14)    (1.000,8)    (0.000,4)    (0.000,1)    
Total frac: 1.900

Sketch (62) (cm: eps0: 0.00625, del0: 0.05, min_mem: 1.69921875)
Par: 1, Rows: 3
(0.900,9)    (0.000,5)    (0.000,12)    (1.000,10)    (0.000,1)    (0.000,8)    (0.000,4)    (0.000,2)    (0.000,13)    (0.000,0)    (0.000,14)    
Total frac: 1.900

Sketch (63) (cm: eps0: 0.00625, del0: 0.05, min_mem: 1.69921875)
Par: 1, Rows: 3
(0.000,8)    (0.000,4)    (0.000,13)    (0.000,2)    (0.000,11)    (0.000,7)    (0.000,0)    (0.900,9)    (0.000,5)    (0.000,14)    (0.000,3)    (0.000,12)    (0.900,10)    
Total frac: 1.800

Device (0) CPU1:
cores_sketch: 0.0, cores_dpdk: 6.999999999999973
Rows total: 0
Mem total: 0.0
Throughput: 97.99999999999999

Device (1) CPU2:
cores_sketch: 0.0, cores_dpdk: 6.999999999999973
Rows total: 0
Mem total: 0.0
Throughput: 97.99999999999999

Device (2) CPU3:
cores_sketch: 0.0, cores_dpdk: 6.999999999999973
Rows total: 0
Mem total: 0.0
Throughput: 97.99999999999999

Device (3) CPU4:
cores_sketch: 0.0, cores_dpdk: 6.999999999999973
Rows total: 0
Mem total: 0.0
Throughput: 97.99999999999999

Device (4) CPU5:
cores_sketch: 0.0, cores_dpdk: 6.999999999999973
Rows total: 0
Mem total: 0.0
Throughput: 97.99999999999999

Device (5) CPU6:
cores_sketch: 0.0, cores_dpdk: 6.999999999999973
Rows total: 0
Mem total: 0.0
Throughput: 97.99999999999999

Device (6) CPU7:
cores_sketch: 0.0, cores_dpdk: 6.999999999999973
Rows total: 0
Mem total: 0.0
Throughput: 97.99999999999999

Device (7) CPU8:
cores_sketch: 0.0, cores_dpdk: 6.999999999999973
Rows total: 0
Mem total: 0.0
Throughput: 97.99999999999999

Device (8) tor_P41:
Rows total: 40.29999254484842
Mem total: 68.47850295706665
Throughput: 148.0

Device (9) tor_P42:
Rows total: 40.29999254484842
Mem total: 68.47850295706665
Throughput: 148.0

Device (10) tor_P43:
Rows total: 40.29999254484842
Mem total: 68.47850295706665
Throughput: 148.0

Device (11) tor_P44:
Rows total: 40.29999254484842
Mem total: 68.47850295706665
Throughput: 148.0

Device (12) l1_P41:
Rows total: 40.29999254484842
Mem total: 68.47850295706665
Throughput: 148.0

Device (13) l1_P42:
Rows total: 40.29999254484842
Mem total: 68.47850295706665
Throughput: 148.0

Device (14) l2_P4:
Rows total: 36.32782000200799
Mem total: 61.72891289403701
Throughput: 148.0
--------------------------------------------------
Function: MIP.solve took 0.2481834888458252 seconds
Function: solve took 0.2510840892791748 seconds
