Function: get_partitions took 3.0040740966796875e-05 seconds
Function: map_flows_partitions took 5.4836273193359375e-06 seconds
Building model with:
3 devices, 3 partitions and 1 flows
Using license file /home/anup/gurobi.lic
Academic license - for non-commercial use only
Function: MIP.add_frac_mem_var took 0.00025463104248046875 seconds
Function: MIP.add_coverage_constraints took 0.00019621849060058594 seconds
Function: MIP.add_accuracy_constraints took 0.00020432472229003906 seconds
Function: MIP.add_capacity_constraints took 0.0003514289855957031 seconds
Changed value of parameter TimeLimit to 120.0
   Prev: inf  Min: 0.0  Max: inf  Default: inf
--------------------------------------------------
Starting model update
Model update took: 5.1975250244140625e-05 s
--------------------------------------------------
Starting model optimize
Gurobi Optimizer version 9.0.0 build v9.0.0rc2 (linux64)
Optimize a model with 19 rows, 27 columns and 55 nonzeros
Model fingerprint: 0x6236c4eb
Model has 2 general constraints
Variable types: 27 continuous, 0 integer (0 binary)
Coefficient statistics:
  Matrix range     [8e-02, 1e+04]
  Objective range  [1e+00, 1e+00]
  Bounds range     [1e+00, 3e+04]
  RHS range        [1e+00, 1e+00]

---------------------------------------------------------------------------
Multi-objectives: starting optimization with 4 objectives ... 
---------------------------------------------------------------------------

Multi-objectives: applying initial presolve ...
---------------------------------------------------------------------------

Presolve removed 13 rows and 13 columns
Presolve time: 0.00s
Presolved: 6 rows and 14 columns
---------------------------------------------------------------------------

Multi-objectives: optimize objective 1 (tot_mem_CPU) ...
---------------------------------------------------------------------------

Presolve removed 1 rows and 2 columns
Presolve time: 0.00s
Presolved: 5 rows, 12 columns, 20 nonzeros
Presolved model has 2 SOS constraint(s)
Variable types: 10 continuous, 2 integer (2 binary)

Root relaxation: objective 9.618664e+03, 4 iterations, 0.00 seconds

    Nodes    |    Current Node    |     Objective Bounds      |     Work
 Expl Unexpl |  Obj  Depth IntInf | Incumbent    BestBd   Gap | It/Node Time

     0     0 9618.66406    0    1          - 9618.66406      -     -    0s
H    0     0                    9618.6640625 9618.66406  0.00%     -    0s
     0     0 9618.66406    0    1 9618.66406 9618.66406  0.00%     -    0s

Explored 1 nodes (4 simplex iterations) in 0.00 seconds
Thread count was 8 (of 8 available processors)

Solution count 1: 9618.66 

Optimal solution found (tolerance 1.00e-04)
Best objective 9.618664062500e+03, best bound 9.618664062500e+03, gap 0.0000%
---------------------------------------------------------------------------

Multi-objectives: optimize objective 2 (CPU_mem_load) ...
---------------------------------------------------------------------------


Loaded user MIP start with objective 9617.64

Presolve removed 1 rows and 2 columns
Presolve time: 0.00s
Presolved: 6 rows, 12 columns, 25 nonzeros
Presolved model has 2 SOS constraint(s)
Variable types: 10 continuous, 2 integer (2 binary)

Root relaxation: objective 4.809332e+03, 5 iterations, 0.00 seconds

    Nodes    |    Current Node    |     Objective Bounds      |     Work
 Expl Unexpl |  Obj  Depth IntInf | Incumbent    BestBd   Gap | It/Node Time

*    0     0               0    4809.3320313 4809.33203  0.00%     -    0s

Explored 0 nodes (5 simplex iterations) in 0.00 seconds
Thread count was 8 (of 8 available processors)

Solution count 2: 4809.33 9617.64 

Optimal solution found (tolerance 1.00e-04)
Best objective 4.809332031250e+03, best bound 4.809332031250e+03, gap 0.0000%
---------------------------------------------------------------------------

Multi-objectives: optimize objective 3 (tot_mem_P4) ...
---------------------------------------------------------------------------


Loaded user MIP start with objective 576

Presolve removed 0 rows and 3 columns
Presolve time: 0.00s
Presolved: 8 rows, 11 columns, 30 nonzeros
Variable types: 10 continuous, 1 integer (1 binary)

Root relaxation: objective 5.750381e+02, 7 iterations, 0.00 seconds

    Nodes    |    Current Node    |     Objective Bounds      |     Work
 Expl Unexpl |  Obj  Depth IntInf | Incumbent    BestBd   Gap | It/Node Time

*    0     0               0     575.0381326  575.03813  0.00%     -    0s

Explored 0 nodes (7 simplex iterations) in 0.00 seconds
Thread count was 8 (of 8 available processors)

Solution count 1: 575.038 

Optimal solution found (tolerance 1.00e-04)
Warning: max constraint violation (1.0000e-06) exceeds tolerance
Best objective 5.750381325938e+02, best bound 5.750381325938e+02, gap 0.0000%
---------------------------------------------------------------------------

Multi-objectives: optimize objective 4 (P4_mem_load) ...
---------------------------------------------------------------------------


Loaded user MIP start with objective 575.038

Presolve removed 1 rows and 3 columns
Presolve time: 0.00s
Presolved: 8 rows, 11 columns, 30 nonzeros
Variable types: 10 continuous, 1 integer (1 binary)

Root relaxation: cutoff, 7 iterations, 0.00 seconds

    Nodes    |    Current Node    |     Objective Bounds      |     Work
 Expl Unexpl |  Obj  Depth IntInf | Incumbent    BestBd   Gap | It/Node Time

     0     0     cutoff    0       575.03813  575.03813  0.00%     -    0s

Explored 0 nodes (7 simplex iterations) in 0.01 seconds
Thread count was 8 (of 8 available processors)

Solution count 1: 575.038 

Optimal solution found (tolerance 1.00e-04)
Warning: max constraint violation (1.0000e-06) exceeds tolerance
Best objective 5.750381325938e+02, best bound 5.750381325938e+02, gap 0.0000%

---------------------------------------------------------------------------
Multi-objectives: solved in 0.01 seconds, solution count 3

Model optimize took: 0.006053447723388672 seconds
--------------------------------------------------

Solution quality statistics for model UnivmonGreedy :
  Maximum violation:
    Bound       : 1.00000216e-06 (mem[2,0])
    Constraint  : 0.00000000e+00
    Integrality : 0.00000000e+00

Sketch (0) (cm: eps0: 0.03125, del0: 0.05, min_mem: 0.33984375)
Par: 1, Rows: 3
(1.000,0)    (-0.000,2)    (0.000,1)    
Total frac: 1.000

Sketch (1) (cm: eps0: 3.125e-06, del0: 0.05, min_mem: 3397.85546875)
Par: 1, Rows: 3
(0.472,0)    (0.472,2)    (0.056,1)    
Total frac: 1.000

Sketch (2) (cm: eps0: 0.625, del0: 0.025, min_mem: 0.01953125)
Par: 1, Rows: 4
(0.000,1)    (1.000,0)    (0.000,2)    
Total frac: 1.000

Device (0) CPU_1:
Rows total: 8.415223616995423
Mem total: 4809.812965453126

Device (1) P4_1:
Rows total: 0.16923560695337503
Mem total: 575.0381325937509

Device (2) CPU_2:
Rows total: 1.4155407760512027
Mem total: 4809.812964453124
--------------------------------------------------
Changed value of parameter NonConvex to 2
   Prev: -1  Min: -1  Max: 2  Default: -1
Changed value of parameter NonConvex to 2
   Prev: -1  Min: -1  Max: 2  Default: -1

Throughput: 56.00000000000043 Mpps, ns per packet: 17.85714285714272
Resources: 113.19654074083824
Used Cores: 10.0, Total CPUS: 2, Switch Memory: 575.0381325937509

Sketch (0) (cm: eps0: 0.03125, del0: 0.05, min_mem: 0.33984375)
Par: 1, Rows: 3
(1.000,0)    (-0.000,2)    (0.000,1)    
Total frac: 1.000

Sketch (1) (cm: eps0: 3.125e-06, del0: 0.05, min_mem: 3397.85546875)
Par: 1, Rows: 3
(0.472,0)    (0.472,2)    (0.056,1)    
Total frac: 1.000

Sketch (2) (cm: eps0: 0.625, del0: 0.025, min_mem: 0.01953125)
Par: 1, Rows: 4
(0.000,1)    (1.000,0)    (0.000,2)    
Total frac: 1.000

Device (0) CPU_1:
cores_sketch: 5.000000000000001, cores_dpdk: 1.9999999999999993
Rows total: 8.415223616995423
Mem total: 4809.812965453126
Throughput: 56.00000000000043

Device (1) P4_1:
Rows total: 0.16923560695337503
Mem total: 575.0381325937509
Throughput: 148.0

Device (2) CPU_2:
cores_sketch: 1.0, cores_dpdk: 2.0
Rows total: 1.4155407760512027
Mem total: 4809.812964453124
Throughput: 56.00000000000043
--------------------------------------------------
Function: MIP.solve took 0.027223825454711914 seconds
Function: solve took 0.027575016021728516 seconds
