Function: get_partitions took 2.0503997802734375e-05 seconds
Function: map_flows_partitions took 3.814697265625e-06 seconds
Building model with:
3 devices, 3 partitions and 1 flows
Using license file /home/anup/gurobi.lic
Academic license - for non-commercial use only
Function: MIP.add_frac_mem_var took 0.00026226043701171875 seconds
Function: MIP.add_coverage_constraints took 0.0002040863037109375 seconds
Function: MIP.add_accuracy_constraints took 0.0002071857452392578 seconds
Function: MIP.add_capacity_constraints took 0.00035572052001953125 seconds
Changed value of parameter TimeLimit to 120.0
   Prev: inf  Min: 0.0  Max: inf  Default: inf
--------------------------------------------------
Starting model update
Model update took: 6.794929504394531e-05 s
--------------------------------------------------
Starting model optimize
Gurobi Optimizer version 9.0.0 build v9.0.0rc2 (linux64)
Optimize a model with 19 rows, 27 columns and 55 nonzeros
Model fingerprint: 0xe1839299
Model has 2 general constraints
Variable types: 27 continuous, 0 integer (0 binary)
Coefficient statistics:
  Matrix range     [8e-02, 3e+04]
  Objective range  [1e+00, 1e+00]
  Bounds range     [1e+00, 3e+04]
  RHS range        [1e+00, 1e+00]

---------------------------------------------------------------------------
Multi-objectives: starting optimization with 4 objectives ... 
---------------------------------------------------------------------------

Multi-objectives: applying initial presolve ...
---------------------------------------------------------------------------

Presolve removed 13 rows and 13 columns
Presolve time: 0.00s
Presolved: 6 rows and 14 columns
---------------------------------------------------------------------------

Multi-objectives: optimize objective 1 (tot_mem_CPU) ...
---------------------------------------------------------------------------

Presolve removed 1 rows and 2 columns
Presolve time: 0.00s
Presolved: 5 rows, 12 columns, 20 nonzeros
Presolved model has 2 SOS constraint(s)
Variable types: 10 continuous, 2 integer (2 binary)

Root relaxation: objective 2.490900e+04, 4 iterations, 0.00 seconds

    Nodes    |    Current Node    |     Objective Bounds      |     Work
 Expl Unexpl |  Obj  Depth IntInf | Incumbent    BestBd   Gap | It/Node Time

     0     0 24908.9961    0    1          - 24908.9961      -     -    0s
H    0     0                    24908.996094 24908.9961  0.00%     -    0s
     0     0 24908.9961    0    1 24908.9961 24908.9961  0.00%     -    0s

Explored 1 nodes (4 simplex iterations) in 0.00 seconds
Thread count was 8 (of 8 available processors)

Solution count 1: 24909 

Optimal solution found (tolerance 1.00e-04)
Best objective 2.490899609375e+04, best bound 2.490899609375e+04, gap 0.0000%
---------------------------------------------------------------------------

Multi-objectives: optimize objective 2 (CPU_mem_load) ...
---------------------------------------------------------------------------


Loaded user MIP start with objective 24909

Presolve removed 1 rows and 2 columns
Presolve time: 0.00s
Presolved: 6 rows, 12 columns, 25 nonzeros
Presolved model has 2 SOS constraint(s)
Variable types: 10 continuous, 2 integer (2 binary)

Root relaxation: objective 1.245450e+04, 5 iterations, 0.00 seconds

    Nodes    |    Current Node    |     Objective Bounds      |     Work
 Expl Unexpl |  Obj  Depth IntInf | Incumbent    BestBd   Gap | It/Node Time

*    0     0               0    12454.498047 12454.4980  0.00%     -    0s

Explored 0 nodes (5 simplex iterations) in 0.00 seconds
Thread count was 8 (of 8 available processors)

Solution count 2: 12454.5 24909 

Optimal solution found (tolerance 1.00e-04)
Best objective 1.245449804688e+04, best bound 1.245449804688e+04, gap 0.0000%
---------------------------------------------------------------------------

Multi-objectives: optimize objective 3 (tot_mem_P4) ...
---------------------------------------------------------------------------


Loaded user MIP start with objective 576

Presolve removed 0 rows and 3 columns
Presolve time: 0.00s
Presolved: 8 rows, 11 columns, 30 nonzeros
Variable types: 10 continuous, 1 integer (1 binary)

Root relaxation: objective 5.735091e+02, 8 iterations, 0.00 seconds

    Nodes    |    Current Node    |     Objective Bounds      |     Work
 Expl Unexpl |  Obj  Depth IntInf | Incumbent    BestBd   Gap | It/Node Time

*    0     0               0     573.5090984  573.50910  0.00%     -    0s

Explored 0 nodes (8 simplex iterations) in 0.00 seconds
Thread count was 8 (of 8 available processors)

Solution count 1: 573.509 

Optimal solution found (tolerance 1.00e-04)
Warning: max constraint violation (1.0000e-06) exceeds tolerance
Best objective 5.735090983906e+02, best bound 5.735090983906e+02, gap 0.0000%
---------------------------------------------------------------------------

Multi-objectives: optimize objective 4 (P4_mem_load) ...
---------------------------------------------------------------------------


Loaded user MIP start with objective 573.509

Presolve removed 1 rows and 3 columns
Presolve time: 0.00s
Presolved: 8 rows, 11 columns, 30 nonzeros
Variable types: 10 continuous, 1 integer (1 binary)

Root relaxation: cutoff, 7 iterations, 0.00 seconds

    Nodes    |    Current Node    |     Objective Bounds      |     Work
 Expl Unexpl |  Obj  Depth IntInf | Incumbent    BestBd   Gap | It/Node Time

     0     0     cutoff    0       573.50910  573.50910  0.00%     -    0s

Explored 0 nodes (7 simplex iterations) in 0.01 seconds
Thread count was 8 (of 8 available processors)

Solution count 1: 573.509 

Optimal solution found (tolerance 1.00e-04)
Warning: max constraint violation (1.0000e-06) exceeds tolerance
Best objective 5.735090983906e+02, best bound 5.735090983906e+02, gap 0.0000%

---------------------------------------------------------------------------
Multi-objectives: solved in 0.01 seconds, solution count 3

Model optimize took: 0.005861043930053711 seconds
--------------------------------------------------

Solution quality statistics for model UnivmonGreedy :
  Maximum violation:
    Bound       : 0.00000000e+00
    Constraint  : 0.00000000e+00
    Integrality : 0.00000000e+00

Sketch (0) (cm: eps0: 0.03125, del0: 0.05, min_mem: 0.33984375)
Par: 1, Rows: 3
(0.000,0)    (1.000,2)    (0.000,1)    
Total frac: 1.000

Sketch (1) (cm: eps0: 1.25e-06, del0: 0.05, min_mem: 8494.6328125)
Par: 1, Rows: 3
(0.489,0)    (0.489,2)    (0.023,1)    
Total frac: 1.000

Sketch (2) (cm: eps0: 0.625, del0: 0.025, min_mem: 0.01953125)
Par: 1, Rows: 4
(1.000,1)    (0.000,0)    (0.000,2)    
Total frac: 1.000

Device (0) CPU_1:
Rows total: 1.466307464090837
Mem total: 12455.743497679689

Device (1) P4_1:
Rows total: 4.067505092456358
Mem total: 573.5090983906234

Device (2) CPU_2:
Rows total: 4.466187443452805
Mem total: 12455.743497679689
--------------------------------------------------
Changed value of parameter NonConvex to 2
   Prev: -1  Min: -1  Max: 2  Default: -1
Changed value of parameter NonConvex to 2
   Prev: -1  Min: -1  Max: 2  Default: -1

Throughput: 56.0 Mpps, ns per packet: 17.857142857142858
Resources: 116.00593549194862
Used Cores: 10.0, Total CPUS: 2, Switch Memory: 573.5090983906234

Sketch (0) (cm: eps0: 0.03125, del0: 0.05, min_mem: 0.33984375)
Par: 1, Rows: 3
(0.000,0)    (1.000,2)    (0.000,1)    
Total frac: 1.000

Sketch (1) (cm: eps0: 1.25e-06, del0: 0.05, min_mem: 8494.6328125)
Par: 1, Rows: 3
(0.489,0)    (0.489,2)    (0.023,1)    
Total frac: 1.000

Sketch (2) (cm: eps0: 0.625, del0: 0.025, min_mem: 0.01953125)
Par: 1, Rows: 4
(1.000,1)    (0.000,0)    (0.000,2)    
Total frac: 1.000

Device (0) CPU_1:
cores_sketch: 2.0, cores_dpdk: 2.0
Rows total: 1.466307464090837
Mem total: 12455.743497679689
Throughput: 56.00000000000004

Device (1) P4_1:
Rows total: 4.067505092456358
Mem total: 573.5090983906234
Throughput: 148.0

Device (2) CPU_2:
cores_sketch: 4.0, cores_dpdk: 2.0
Rows total: 4.466187443452805
Mem total: 12455.743497679689
Throughput: 56.0
--------------------------------------------------
Function: MIP.solve took 0.03264617919921875 seconds
Function: solve took 0.03304624557495117 seconds
