Function: get_partitions took 0.0001227855682373047 seconds
Function: map_flows_partitions took 0.00027871131896972656 seconds
Building model with:
15 devices, 64 partitions and 320 flows
Using license file /home/anup/gurobi.lic
Academic license - for non-commercial use only
Function: MIP.add_frac_mem_var took 0.005021333694458008 seconds
Function: MIP.add_coverage_constraints took 0.005156755447387695 seconds
Function: MIP.add_accuracy_constraints took 0.013906002044677734 seconds
Function: MIP.add_capacity_constraints took 0.005266904830932617 seconds
Changed value of parameter TimeLimit to 120.0
   Prev: inf  Min: 0.0  Max: inf  Default: inf
Changed value of parameter NonConvex to 2
   Prev: -1  Min: -1  Max: 2  Default: -1
Parameter NonConvex unchanged
   Value: 2  Min: -1  Max: 2  Default: -1
Parameter NonConvex unchanged
   Value: 2  Min: -1  Max: 2  Default: -1
Parameter NonConvex unchanged
   Value: 2  Min: -1  Max: 2  Default: -1
Parameter NonConvex unchanged
   Value: 2  Min: -1  Max: 2  Default: -1
Parameter NonConvex unchanged
   Value: 2  Min: -1  Max: 2  Default: -1
Parameter NonConvex unchanged
   Value: 2  Min: -1  Max: 2  Default: -1
Parameter NonConvex unchanged
   Value: 2  Min: -1  Max: 2  Default: -1
--------------------------------------------------
Starting model update
Model update took: 0.0001888275146484375 s
--------------------------------------------------
Starting model optimize
Gurobi Optimizer version 9.0.0 build v9.0.0rc2 (linux64)
Optimize a model with 1194 rows, 1727 columns and 5256 nonzeros
Model fingerprint: 0x2574a1c1
Model has 24 quadratic constraints
Model has 17 general constraints
Variable types: 1711 continuous, 16 integer (0 binary)
Coefficient statistics:
  Matrix range     [1e-04, 5e+01]
  QMatrix range    [1e+00, 1e+00]
  QLMatrix range   [1e+00, 1e+00]
  Objective range  [1e+00, 1e+00]
  Bounds range     [1e+00, 3e+04]
  RHS range        [7e-01, 2e+01]

---------------------------------------------------------------------------
Multi-objectives: starting optimization with 2 objectives ... 
---------------------------------------------------------------------------

Multi-objectives: applying initial presolve ...
---------------------------------------------------------------------------

Presolve removed 762 rows and 722 columns
Presolve time: 0.00s
Presolved: 528 rows and 1006 columns
---------------------------------------------------------------------------

Multi-objectives: optimize objective 1 (ns) ...
---------------------------------------------------------------------------

Presolve removed 40 rows and 17 columns
Presolve time: 0.01s
Presolved: 584 rows, 990 columns, 3304 nonzeros
Presolved model has 24 SOS constraint(s)
Presolved model has 24 bilinear constraint(s)
Variable types: 926 continuous, 64 integer (48 binary)

Root relaxation: objective 1.020408e+01, 542 iterations, 0.01 seconds

    Nodes    |    Current Node    |     Objective Bounds      |     Work
 Expl Unexpl |  Obj  Depth IntInf | Incumbent    BestBd   Gap | It/Node Time

     0     0   10.20408    0   29          -   10.20408      -     -    0s
     0     0   10.20408    0   30          -   10.20408      -     -    0s
     0     0   10.20408    0   18          -   10.20408      -     -    0s
     0     0   10.20408    0   21          -   10.20408      -     -    0s
     0     0   10.20408    0   21          -   10.20408      -     -    0s
     0     0   10.20408    0   20          -   10.20408      -     -    0s
     0     0   10.20408    0   20          -   10.20408      -     -    0s
     0     2   10.20408    0   20          -   10.20408      -     -    0s
*  779   445              45     121.3699553   10.20408  91.6%  12.9    0s
*  807   260              71      14.2857143   10.20408  28.6%  13.0    0s
*  997   262              64      12.5000000   10.20408  18.4%  13.9    0s
* 1364   188              63      12.4679746   11.42857  8.34%  19.0    1s
* 1367   180              63      12.4656113   11.42857  8.32%  19.0    1s
* 1370   173              62      12.4553788   11.42857  8.24%  18.9    1s
* 1371   167              62      12.4530159   11.42857  8.23%  18.9    1s
* 1395   153              71      11.7925036   11.42857  3.09%  18.8    1s
* 1493   141              71      11.7771302   11.42857  2.96%  18.0    1s
* 1494   141              70      11.7645461   11.42857  2.86%  18.0    1s
* 1514   201              70      11.4285714   11.42857  0.00%  17.8    1s

Cutting planes:
  Implied bound: 2
  MIR: 12
  Flow cover: 26
  RLT: 19

Explored 1753 nodes (29632 simplex iterations) in 1.88 seconds
Thread count was 8 (of 8 available processors)

Solution count 10: 11.4286 11.7645 11.7771 ... 12.5

Optimal solution found (tolerance 1.00e-04)
Best objective 1.142857142857e+01, best bound 1.142857142857e+01, gap 0.0000%
---------------------------------------------------------------------------

Multi-objectives: optimize objective 2 (res) ...
---------------------------------------------------------------------------


Loaded user MIP start with objective 703.402

Presolve removed 57 rows and 34 columns
Presolve time: 0.01s
Presolved: 568 rows, 972 columns, 3255 nonzeros
Presolved model has 24 bilinear constraint(s)
Variable types: 924 continuous, 48 integer (32 binary)

Root relaxation: objective 6.775843e+02, 847 iterations, 0.02 seconds

    Nodes    |    Current Node    |     Objective Bounds      |     Work
 Expl Unexpl |  Obj  Depth IntInf | Incumbent    BestBd   Gap | It/Node Time

     0     0  677.58432    0   22  703.40248  677.58432  3.67%     -    1s
     0     0  680.69105    0   23  703.40248  680.69105  3.23%     -    1s
     0     0  681.10862    0   23  703.40248  681.10862  3.17%     -    1s
     0     0  681.12653    0   22  703.40248  681.12653  3.17%     -    1s
     0     0  681.12653    0   23  703.40248  681.12653  3.17%     -    1s
     0     0  681.14109    0   23  703.40248  681.14109  3.16%     -    2s
H    0     0                     703.1707304  681.14109  3.13%     -    2s
     0     0  681.14109    0   23  703.17073  681.14109  3.13%     -    2s
     0     0  681.14109    0   23  703.17073  681.14109  3.13%     -    2s
     0     2  681.14109    0   22  703.17073  681.14109  3.13%     -    2s
*  287   217              44     692.1012983  681.89050  1.48%   7.1    2s

Cutting planes:
  Gomory: 9
  Implied bound: 3
  MIR: 5
  Flow cover: 4
  RLT: 11
  Relax-and-lift: 2

Explored 487 nodes (5187 simplex iterations) in 2.26 seconds
Thread count was 8 (of 8 available processors)

Solution count 2: 692.101 703.171 

Optimal solution found (tolerance 1.00e-04)
Best objective 6.921012983412e+02, best bound 6.921012983412e+02, gap 0.0000%

---------------------------------------------------------------------------
Multi-objectives: solved in 2.26 seconds, solution count 10

Model optimize took: 2.2618236541748047 seconds
--------------------------------------------------

Solution quality statistics for model Netmon :
  Maximum violation:
    Bound       : 0.00000000e+00
    Constraint  : 4.68406383e-07
    Integrality : 2.68673972e-14 (cores_sketch_CPU7)

Throughput: 87.49124322019418 Mpps, ns per packet: 11.429715285714288
Resources: 692.1012983411531
Used Cores: 54.99999999999997, Total CPUS: 8, Switch Memory: 3995.2907750017544

Sketch (0) (cm: eps0: 0.000625, del0: 0.05, min_mem: 16.9921875)
Par: 1, Rows: 3
(0.350,9)    (0.000,1)    (0.000,8)    (0.000,0)    (0.000,14)    (0.038,6)    (0.000,13)    (0.000,5)    (0.450,12)    (0.000,4)    (0.112,11)    (0.000,3)    (0.550,10)    
Total frac: 1.500

Sketch (1) (cm: eps0: 0.000625, del0: 0.05, min_mem: 16.9921875)
Par: 1, Rows: 3
(0.000,14)    (0.325,5)    (0.000,6)    (1.000,11)    (0.000,12)    (0.000,3)    (0.000,4)    (0.800,9)    (0.575,10)    (0.000,1)    (0.000,8)    (0.000,7)    (0.000,13)    
Total frac: 2.700

Sketch (2) (cm: eps0: 0.000625, del0: 0.05, min_mem: 16.9921875)
Par: 1, Rows: 3
(0.000,3)    (0.000,8)    (0.000,14)    (0.000,0)    (0.000,6)    (0.399,13)    (0.000,5)    (0.000,7)    (0.000,10)    (0.000,12)    (0.000,2)    (0.700,9)    (0.000,4)    (0.501,11)    
Total frac: 1.600

Sketch (3) (cm: eps0: 0.000625, del0: 0.05, min_mem: 16.9921875)
Par: 1, Rows: 3
(0.000,9)    (0.700,10)    (0.000,12)    (0.000,3)    (0.000,4)    (0.000,13)    (0.800,8)    (0.000,14)    (0.000,5)    (0.000,0)    
Total frac: 1.500

Sketch (4) (cm: eps0: 0.000625, del0: 0.05, min_mem: 16.9921875)
Par: 1, Rows: 3
(0.000,11)    (0.561,3)    (0.900,13)    (0.000,9)    (0.000,5)    (0.000,12)    (0.000,1)    (0.339,8)    (0.000,4)    (0.000,0)    (0.000,10)    (0.000,14)    (0.000,6)    
Total frac: 1.800

Sketch (5) (cm: eps0: 0.000625, del0: 0.05, min_mem: 16.9921875)
Par: 1, Rows: 3
(0.000,8)    (0.000,0)    (0.000,10)    (0.000,14)    (0.000,3)    (0.000,13)    (0.900,9)    (0.000,5)    (0.000,1)    (0.000,12)    
Total frac: 0.900

Sketch (6) (cm: eps0: 0.000625, del0: 0.05, min_mem: 16.9921875)
Par: 1, Rows: 3
(0.800,13)    (0.900,9)    (0.000,11)    (0.000,1)    (0.000,3)    (0.000,10)    (0.000,12)    (0.000,8)    (0.000,14)    (0.000,4)    (0.000,0)    (0.000,6)    
Total frac: 1.700

Sketch (7) (cm: eps0: 0.000625, del0: 0.05, min_mem: 16.9921875)
Par: 1, Rows: 3
(0.000,10)    (1.000,12)    (0.000,8)    (0.000,14)    (0.000,4)    (0.000,0)    (0.000,13)    (0.000,9)    (0.000,11)    (0.000,1)    (0.000,7)    (0.000,3)    
Total frac: 1.000

Sketch (8) (cm: eps0: 0.000625, del0: 0.05, min_mem: 16.9921875)
Par: 1, Rows: 3
(0.000,14)    (0.000,12)    (0.000,11)    (0.000,5)    (0.000,2)    (0.000,1)    (0.000,10)    (0.000,0)    (0.000,9)    (1.000,8)    (0.000,6)    (0.000,13)    
Total frac: 1.000

Sketch (9) (cm: eps0: 0.000625, del0: 0.05, min_mem: 16.9921875)
Par: 1, Rows: 3
(0.000,10)    (0.000,7)    (0.000,13)    (0.000,6)    (0.800,11)    (0.000,4)    
Total frac: 0.800

Sketch (10) (cm: eps0: 0.000625, del0: 0.05, min_mem: 16.9921875)
Par: 1, Rows: 3
(0.000,12)    (0.000,2)    (0.000,11)    (0.000,1)    (0.000,10)    (0.000,9)    (0.000,4)    (0.000,3)    (0.900,0)    (0.000,6)    (0.000,13)    (0.000,8)    (1.000,14)    (0.000,7)    
Total frac: 1.900

Sketch (11) (cm: eps0: 0.000625, del0: 0.05, min_mem: 16.9921875)
Par: 1, Rows: 3
(0.000,3)    (0.000,4)    (0.000,13)    (0.000,7)    (0.000,8)    (0.000,14)    (0.000,5)    (0.000,11)    (0.000,1)    (0.900,12)    (0.000,2)    (0.000,9)    (0.000,10)    
Total frac: 0.900

Sketch (12) (cm: eps0: 0.000625, del0: 0.05, min_mem: 16.9921875)
Par: 1, Rows: 3
(0.900,8)    (0.000,4)    (0.000,10)    (0.000,6)    (0.000,14)    (0.700,11)    (0.000,13)    (0.000,12)    (0.000,3)    (0.000,1)    (0.000,0)    (0.000,9)    
Total frac: 1.600

Sketch (13) (cm: eps0: 0.000625, del0: 0.05, min_mem: 16.9921875)
Par: 1, Rows: 3
(0.000,13)    (0.000,3)    (0.000,1)    (1.000,12)    (0.000,9)    (0.527,5)    (0.000,0)    (0.000,8)    (0.273,4)    (0.000,2)    (0.000,10)    (0.000,11)    (0.000,7)    (0.000,14)    
Total frac: 1.800

Sketch (14) (cm: eps0: 0.000625, del0: 0.05, min_mem: 16.9921875)
Par: 1, Rows: 3
(0.000,10)    (0.000,0)    (0.000,6)    (0.000,8)    (0.000,14)    (0.000,13)    (1.000,11)    (0.000,1)    (0.000,7)    (0.000,9)    (0.000,5)    (0.000,12)    (0.000,3)    
Total frac: 1.000

Sketch (15) (cm: eps0: 0.000625, del0: 0.05, min_mem: 16.9921875)
Par: 1, Rows: 3
(0.000,11)    (0.000,12)    (0.000,0)    (0.000,6)    (0.000,8)    (0.800,14)    (0.000,13)    
Total frac: 0.800

Sketch (16) (cm: eps0: 0.000625, del0: 0.05, min_mem: 16.9921875)
Par: 1, Rows: 3
(0.000,7)    (0.000,2)    (0.000,6)    (0.000,13)    (0.000,12)    (0.000,4)    (0.900,11)    (0.000,3)    (0.700,14)    (0.000,10)    (0.000,9)    
Total frac: 1.600

Sketch (17) (cm: eps0: 0.000625, del0: 0.05, min_mem: 16.9921875)
Par: 1, Rows: 3
(0.000,0)    (0.100,12)    (0.900,3)    (0.000,9)    (0.000,14)    (0.900,8)    (0.000,1)    (0.000,13)    (0.000,2)    (0.000,6)    (0.000,11)    
Total frac: 1.900

Sketch (18) (cm: eps0: 0.000625, del0: 0.05, min_mem: 16.9921875)
Par: 1, Rows: 3
(0.000,8)    (0.000,2)    (0.800,6)    (0.000,1)    (0.000,13)    (0.000,7)    (1.000,14)    (0.000,10)    (0.000,0)    (0.000,12)    (0.000,9)    (0.000,4)    (0.000,11)    (0.000,3)    
Total frac: 1.800

Sketch (19) (cm: eps0: 0.000625, del0: 0.05, min_mem: 16.9921875)
Par: 1, Rows: 3
(0.000,9)    (0.000,14)    (0.900,10)    (0.000,11)    (0.000,0)    (0.800,12)    (0.000,3)    (0.000,4)    (0.000,1)    (0.000,13)    (0.000,8)    (0.000,2)    (0.000,5)    (0.000,6)    (0.000,7)    
Total frac: 1.700

Sketch (20) (cm: eps0: 0.000625, del0: 0.05, min_mem: 16.9921875)
Par: 1, Rows: 3
(0.800,13)    (0.000,5)    (0.000,12)    (0.000,8)    (0.000,4)    (0.000,10)    (0.000,6)    (0.000,1)    (0.000,0)    (0.000,11)    (0.000,7)    (0.100,14)    
Total frac: 0.900

Sketch (21) (cm: eps0: 0.000625, del0: 0.05, min_mem: 16.9921875)
Par: 1, Rows: 3
(0.000,1)    (0.000,6)    (0.061,11)    (0.000,7)    (0.000,0)    (0.000,3)    (0.000,13)    (0.000,2)    (0.800,9)    (0.061,5)    (0.139,14)    (0.000,12)    (0.800,8)    (0.839,4)    (0.000,10)    
Total frac: 2.700

Sketch (22) (cm: eps0: 0.000625, del0: 0.05, min_mem: 16.9921875)
Par: 1, Rows: 3
(0.000,11)    (0.000,12)    (0.000,8)    (0.000,6)    (0.000,1)    (0.700,14)    (0.000,13)    
Total frac: 0.700

Sketch (23) (cm: eps0: 0.000625, del0: 0.05, min_mem: 16.9921875)
Par: 1, Rows: 3
(0.000,13)    (0.000,2)    (0.000,9)    (0.000,5)    (0.700,14)    (0.000,11)    (0.000,7)    (0.000,0)    (0.000,3)    (1.000,10)    (0.000,12)    (0.000,1)    (0.700,8)    (0.000,4)    
Total frac: 2.400

Sketch (24) (cm: eps0: 0.000625, del0: 0.05, min_mem: 16.9921875)
Par: 1, Rows: 3
(0.000,5)    (0.000,4)    (0.000,3)    (0.000,14)    (0.000,10)    (0.100,9)    (0.000,8)    (0.000,7)    (0.000,6)    (0.000,1)    (0.000,13)    (0.000,0)    (0.900,12)    (0.000,11)    
Total frac: 1.000

Sketch (25) (cm: eps0: 0.000625, del0: 0.05, min_mem: 16.9921875)
Par: 1, Rows: 3
(0.000,7)    (0.000,8)    (0.700,1)    (0.000,13)    (0.000,6)    (1.000,11)    (0.000,12)    (0.000,5)    (0.000,3)    (0.000,9)    (0.000,10)    
Total frac: 1.700

Sketch (26) (cm: eps0: 0.000625, del0: 0.05, min_mem: 16.9921875)
Par: 1, Rows: 3
(0.000,11)    (1.000,14)    (0.000,10)    (0.000,9)    (0.000,4)    (0.000,3)    (0.000,2)    (0.000,13)    (0.000,7)    (0.000,5)    (0.000,12)    
Total frac: 1.000

Sketch (27) (cm: eps0: 0.000625, del0: 0.05, min_mem: 16.9921875)
Par: 1, Rows: 3
(0.000,6)    (0.000,7)    (0.000,8)    (0.000,5)    (0.000,11)    (0.000,0)    (0.000,12)    (0.000,9)    (0.200,14)    (0.000,10)    (0.000,3)    (0.000,4)    (0.800,13)    
Total frac: 1.000

Sketch (28) (cm: eps0: 0.000625, del0: 0.05, min_mem: 16.9921875)
Par: 1, Rows: 3
(0.000,6)    (0.000,1)    (0.000,11)    (0.000,7)    (0.000,2)    (0.900,13)    (0.000,12)    (0.000,3)    (0.000,14)    (1.000,9)    (0.000,5)    (0.000,8)    (0.000,4)    (0.000,10)    
Total frac: 1.900

Sketch (29) (cm: eps0: 0.000625, del0: 0.05, min_mem: 16.9921875)
Par: 1, Rows: 3
(0.000,12)    (1.000,9)    (0.000,5)    (0.800,8)    (0.000,1)    (0.000,10)    (0.900,11)    (0.000,7)    (0.000,0)    (0.000,13)    (0.000,2)    (0.000,3)    
Total frac: 2.700

Sketch (30) (cm: eps0: 0.000625, del0: 0.05, min_mem: 16.9921875)
Par: 1, Rows: 3
(0.000,13)    (0.000,0)    (0.000,11)    (0.000,14)    (0.000,9)    (0.000,12)    (0.000,3)    (0.000,10)    (0.000,6)    (0.000,1)    (1.000,8)    (0.000,4)    
Total frac: 1.000

Sketch (31) (cm: eps0: 0.000625, del0: 0.05, min_mem: 16.9921875)
Par: 1, Rows: 3
(0.000,5)    (0.000,14)    (0.300,12)    (0.000,1)    (0.100,10)    (0.000,6)    (0.000,8)    (0.000,4)    (0.000,13)    (0.400,2)    (0.700,11)    (0.000,7)    (0.000,0)    (0.000,9)    
Total frac: 1.500

Sketch (32) (cm: eps0: 0.000625, del0: 0.05, min_mem: 16.9921875)
Par: 1, Rows: 3
(0.000,13)    (0.000,6)    (0.000,12)    (0.000,5)    (0.000,11)    (0.000,4)    (0.900,10)    (0.000,9)    (0.000,2)    (0.900,8)    (0.000,1)    (0.000,0)    (0.000,7)    (0.000,14)    
Total frac: 1.800

Sketch (33) (cm: eps0: 0.000625, del0: 0.05, min_mem: 16.9921875)
Par: 1, Rows: 3
(0.000,1)    (0.700,8)    (0.000,0)    (0.000,7)    (0.000,13)    (0.700,14)    (0.000,11)    (0.000,12)    (0.000,3)    (0.000,4)    (0.100,9)    (0.000,10)    
Total frac: 1.500

Sketch (34) (cm: eps0: 0.000625, del0: 0.05, min_mem: 16.9921875)
Par: 1, Rows: 3
(0.000,5)    (1.000,10)    (0.000,12)    (0.000,11)    (0.000,8)    (0.000,14)    (0.000,13)    (0.000,0)    (0.000,6)    
Total frac: 1.000

Sketch (35) (cm: eps0: 0.000625, del0: 0.05, min_mem: 16.9921875)
Par: 1, Rows: 3
(0.000,4)    (0.900,13)    (0.000,8)    (0.000,14)    (0.000,5)    (0.000,0)    (0.000,6)    (0.000,7)    (1.000,9)    (0.000,10)    (0.000,11)    (0.000,12)    (0.000,1)    (0.000,2)    
Total frac: 1.900

Sketch (36) (cm: eps0: 0.000625, del0: 0.05, min_mem: 16.9921875)
Par: 1, Rows: 3
(0.000,4)    (0.700,10)    (0.000,0)    (0.000,2)    (0.000,14)    (0.000,6)    (0.300,11)    (0.000,7)    (0.000,13)    (0.000,3)    (0.400,9)    (0.500,12)    (0.000,8)    (0.000,5)    (0.000,1)    
Total frac: 1.900

Sketch (37) (cm: eps0: 0.000625, del0: 0.05, min_mem: 16.9921875)
Par: 1, Rows: 3
(0.000,13)    (0.000,3)    (0.000,9)    (0.000,5)    (0.100,1)    (0.000,12)    (0.000,8)    (0.000,4)    (0.900,10)    (0.000,0)    (0.000,2)    (0.000,14)    (0.000,6)    (0.000,11)    
Total frac: 1.000

Sketch (38) (cm: eps0: 0.000625, del0: 0.05, min_mem: 16.9921875)
Par: 1, Rows: 3
(0.000,8)    (0.064,2)    (0.000,14)    (0.000,4)    (0.000,13)    (0.836,9)    (0.100,11)    (0.900,5)    (0.000,1)    (0.000,7)    (0.000,10)    (0.000,12)    
Total frac: 1.900

Sketch (39) (cm: eps0: 0.000625, del0: 0.05, min_mem: 16.9921875)
Par: 1, Rows: 3
(0.000,9)    (0.000,11)    (0.000,5)    (0.000,1)    (0.000,7)    (0.000,3)    (0.000,10)    (0.000,12)    (0.000,8)    (0.000,2)    (1.000,14)    (0.000,4)    (0.000,0)    (0.000,13)    
Total frac: 1.000

Sketch (40) (cm: eps0: 0.000625, del0: 0.05, min_mem: 16.9921875)
Par: 1, Rows: 3
(0.000,1)    (0.000,9)    (0.000,0)    (0.000,8)    (0.000,7)    (0.000,13)    (0.000,6)    (0.000,12)    (0.000,14)    (0.900,11)    (0.000,5)    (0.000,4)    (0.000,2)    (0.000,10)    
Total frac: 0.900

Sketch (41) (cm: eps0: 0.000625, del0: 0.05, min_mem: 16.9921875)
Par: 1, Rows: 3
(0.000,6)    (0.000,11)    (0.000,12)    (0.000,14)    (0.000,5)    (0.352,3)    (0.000,1)    (0.000,4)    (0.648,2)    (0.000,9)    (0.000,10)    (0.000,0)    (0.200,8)    (0.000,7)    (0.800,13)    
Total frac: 2.000

Sketch (42) (cm: eps0: 0.000625, del0: 0.05, min_mem: 16.9921875)
Par: 1, Rows: 3
(0.000,4)    (0.000,3)    (0.900,13)    (0.000,6)    (0.000,14)    (0.000,7)    (0.000,12)    (0.000,11)    (0.000,10)    (0.000,9)    
Total frac: 0.900

Sketch (43) (cm: eps0: 0.000625, del0: 0.05, min_mem: 16.9921875)
Par: 1, Rows: 3
(0.000,14)    (0.000,5)    (0.000,11)    (0.000,12)    (0.000,1)    (0.088,9)    (0.900,10)    (0.000,3)    (0.000,4)    (0.000,13)    (0.000,0)    (0.000,6)    (0.000,8)    (0.912,7)    
Total frac: 1.900

Sketch (44) (cm: eps0: 0.000625, del0: 0.05, min_mem: 16.9921875)
Par: 1, Rows: 3
(0.000,7)    (0.000,13)    (1.000,12)    (0.000,3)    (0.000,1)    (0.000,9)    (0.000,0)    (0.000,8)    (0.000,5)    (0.000,4)    (0.000,2)    (0.000,10)    (0.000,6)    (0.000,14)    (0.700,11)    
Total frac: 1.700

Sketch (45) (cm: eps0: 0.000625, del0: 0.05, min_mem: 16.9921875)
Par: 1, Rows: 3
(0.000,4)    (0.000,2)    (0.000,10)    (0.000,6)    (0.000,11)    (0.000,7)    (0.100,14)    (0.900,13)    (0.000,3)    (0.000,12)    (0.000,9)    
Total frac: 1.000

Sketch (46) (cm: eps0: 0.000625, del0: 0.05, min_mem: 16.9921875)
Par: 1, Rows: 3
(0.000,11)    (0.000,1)    (0.000,9)    (0.000,5)    (0.000,12)    (0.700,2)    (0.000,3)    (0.900,10)    (0.000,0)    (0.000,6)    (0.000,8)    (0.000,14)    (0.000,4)    (0.000,13)    
Total frac: 1.600

Sketch (47) (cm: eps0: 0.000625, del0: 0.05, min_mem: 16.9921875)
Par: 1, Rows: 3
(0.000,10)    (0.151,0)    (0.000,8)    (0.000,14)    (0.000,13)    (0.000,11)    (0.000,7)    (0.000,9)    (0.000,5)    (0.000,3)    (0.749,12)    
Total frac: 0.900

Sketch (48) (cm: eps0: 0.000625, del0: 0.05, min_mem: 16.9921875)
Par: 1, Rows: 3
(0.000,10)    (0.000,3)    (0.000,14)    (0.000,9)    (1.000,8)    (0.000,13)    (0.000,1)    (0.000,12)    (0.000,5)    (0.000,0)    
Total frac: 1.000

Sketch (49) (cm: eps0: 0.000625, del0: 0.05, min_mem: 16.9921875)
Par: 1, Rows: 3
(0.000,7)    (0.000,13)    (0.174,1)    (0.000,2)    (0.000,5)    (0.426,11)    (0.000,12)    (0.000,3)    (0.000,4)    (0.626,9)    (0.374,10)    (0.000,14)    (0.000,8)    
Total frac: 1.600

Sketch (50) (cm: eps0: 0.000625, del0: 0.05, min_mem: 16.9921875)
Par: 1, Rows: 3
(0.000,12)    (0.000,14)    (0.700,9)    (0.000,0)    (0.000,11)    (0.000,4)    (0.000,3)    (0.100,8)    (0.000,2)    (0.700,13)    (0.000,6)    (0.000,1)    (0.000,5)    (0.000,7)    (0.000,10)    
Total frac: 1.500

Sketch (51) (cm: eps0: 0.000625, del0: 0.05, min_mem: 16.9921875)
Par: 1, Rows: 3
(0.000,13)    (0.000,8)    (0.000,1)    (0.000,2)    (0.000,5)    (0.000,6)    (0.000,7)    (1.000,9)    (0.000,10)    (1.000,11)    (0.000,12)    (0.000,14)    (0.000,0)    (0.000,3)    (0.000,4)    
Total frac: 2.000

Sketch (52) (cm: eps0: 0.000625, del0: 0.05, min_mem: 16.9921875)
Par: 1, Rows: 3
(0.000,6)    (0.038,1)    (0.662,0)    (0.200,11)    (0.000,7)    (0.000,2)    (0.700,13)    (0.000,3)    (0.000,14)    (0.000,9)    (0.000,12)    (0.000,8)    (0.000,5)    (0.000,4)    (0.000,10)    
Total frac: 1.600

Sketch (53) (cm: eps0: 0.000625, del0: 0.05, min_mem: 16.9921875)
Par: 1, Rows: 3
(0.000,5)    (0.000,14)    (0.000,12)    (0.000,8)    (0.000,4)    (0.000,10)    (0.000,11)    (0.900,7)    (0.000,0)    (0.000,13)    
Total frac: 0.900

Sketch (54) (cm: eps0: 0.000625, del0: 0.05, min_mem: 16.9921875)
Par: 1, Rows: 3
(0.100,6)    (0.800,1)    (0.000,2)    (0.800,13)    (0.000,14)    (0.000,9)    (0.000,0)    (0.000,11)    (0.000,5)    (0.000,7)    (0.000,3)    (0.000,10)    (0.000,12)    (0.000,8)    (0.000,4)    
Total frac: 1.700

Sketch (55) (cm: eps0: 0.000625, del0: 0.05, min_mem: 16.9921875)
Par: 1, Rows: 3
(0.000,0)    (0.000,3)    (0.000,10)    (1.000,12)    (0.000,8)    (0.000,1)    (0.000,4)    (0.000,6)    (0.000,13)    (0.000,9)    (0.000,11)    (0.000,5)    (0.000,14)    
Total frac: 1.000

Sketch (56) (cm: eps0: 0.000625, del0: 0.05, min_mem: 16.9921875)
Par: 1, Rows: 3
(0.000,7)    (0.000,13)    (0.000,6)    (0.000,1)    (1.000,12)    (0.000,0)    (0.000,11)    (0.000,5)    (0.700,4)    (0.000,10)    (0.000,3)    (0.000,14)    (0.000,9)    (0.000,8)    
Total frac: 1.700

Sketch (57) (cm: eps0: 0.000625, del0: 0.05, min_mem: 16.9921875)
Par: 1, Rows: 3
(0.000,5)    (0.000,3)    (0.000,4)    (0.000,9)    (0.800,10)    (0.000,14)    (0.000,8)    (0.000,7)    (0.000,13)    (0.000,1)    (0.000,2)    (0.000,6)    (0.000,11)    (0.700,12)    (0.100,0)    
Total frac: 1.600

Sketch (58) (cm: eps0: 0.000625, del0: 0.05, min_mem: 16.9921875)
Par: 1, Rows: 3
(1.000,13)    (0.000,6)    (0.000,7)    (0.000,5)    (0.000,11)    (0.000,10)    (0.000,4)    
Total frac: 1.000

Sketch (59) (cm: eps0: 0.000625, del0: 0.05, min_mem: 16.9921875)
Par: 1, Rows: 3
(0.000,12)    (0.000,0)    (0.000,9)    (1.000,10)    (0.000,14)    (0.000,4)    (0.000,13)    (0.000,1)    (0.000,2)    (0.000,6)    (0.000,8)    (0.000,5)    (0.000,11)    
Total frac: 1.000

Sketch (60) (cm: eps0: 0.000625, del0: 0.05, min_mem: 16.9921875)
Par: 1, Rows: 3
(1.000,14)    (0.000,9)    (0.000,8)    (0.000,5)    (0.000,4)    (0.000,10)    (0.000,6)    (0.000,1)    (0.000,0)    (0.000,11)    (0.000,7)    (0.000,2)    (0.000,13)    (0.000,12)    
Total frac: 1.000

Sketch (61) (cm: eps0: 0.000625, del0: 0.05, min_mem: 16.9921875)
Par: 1, Rows: 3
(0.000,10)    (0.000,6)    (0.000,11)    (0.000,0)    (0.000,13)    (0.000,3)    (0.000,12)    (0.000,9)    (0.700,14)    (0.900,8)    (0.000,4)    (0.000,1)    
Total frac: 1.600

Sketch (62) (cm: eps0: 0.000625, del0: 0.05, min_mem: 16.9921875)
Par: 1, Rows: 3
(0.000,9)    (0.000,5)    (0.000,12)    (0.000,3)    (0.000,10)    (0.000,1)    (0.000,8)    (0.000,4)    (0.000,13)    (0.000,0)    (0.000,11)    (0.000,7)    (1.000,14)    
Total frac: 1.000

Sketch (63) (cm: eps0: 0.000625, del0: 0.05, min_mem: 16.9921875)
Par: 1, Rows: 3
(0.000,8)    (0.000,4)    (0.000,13)    (0.000,2)    (0.000,11)    (0.000,7)    (0.000,0)    (0.000,9)    (0.000,14)    (0.000,3)    (0.900,12)    (0.000,1)    (0.000,10)    (0.000,6)    
Total frac: 0.900

Device (0) CPU1:
cores_sketch: 2.0, cores_dpdk: 5.0
Rows total: 5.437243543343414
Mem total: 92.39066177165567
Throughput: 87.49124322019418

Device (1) CPU2:
cores_sketch: 2.0, cores_dpdk: 5.0
Rows total: 5.437243443211883
Mem total: 92.39066007020192
Throughput: 87.49124322019418

Device (2) CPU3:
cores_sketch: 2.0, cores_dpdk: 5.0
Rows total: 5.4372434572127455
Mem total: 92.3906603081072
Throughput: 87.49124322019418

Device (3) CPU4:
cores_sketch: 2.0, cores_dpdk: 5.0
Rows total: 5.437243543343414
Mem total: 92.39066177165567
Throughput: 87.49124322019418

Device (4) CPU5:
cores_sketch: 2.0, cores_dpdk: 5.0
Rows total: 5.437243443313628
Mem total: 92.3906600719308
Throughput: 87.49124322019418

Device (5) CPU6:
cores_sketch: 2.0, cores_dpdk: 5.0
Rows total: 5.437243443313629
Mem total: 92.39066007193081
Throughput: 87.49124322019418

Device (6) CPU7:
cores_sketch: 0.9999999999999731, cores_dpdk: 5.0
Rows total: 2.814137430072602
Mem total: 47.81835086256179
Throughput: 87.49124322019418

Device (7) CPU8:
cores_sketch: 2.0, cores_dpdk: 5.0
Rows total: 5.437243443211882
Mem total: 92.3906600702019
Throughput: 87.49124322019418

Device (8) tor_P41:
Rows total: 33.11792050071114
Mem total: 562.7459147581776
Throughput: 148.0

Device (9) tor_P42:
Rows total: 33.89793103448276
Mem total: 576.0
Throughput: 148.0

Device (10) tor_P43:
Rows total: 33.89793103448276
Mem total: 576.0
Throughput: 148.0

Device (11) tor_P44:
Rows total: 33.89793103448276
Mem total: 576.0
Throughput: 148.0

Device (12) l1_P41:
Rows total: 33.89793103448276
Mem total: 576.0
Throughput: 148.0

Device (13) l1_P42:
Rows total: 33.89793103448276
Mem total: 576.0
Throughput: 148.0

Device (14) l2_P4:
Rows total: 32.51758257985187
Mem total: 552.5448602435766
Throughput: 148.0
--------------------------------------------------
Function: MIP.solve took 2.334050416946411 seconds
Function: solve took 2.3359858989715576 seconds
