Function: get_partitions took 0.00011801719665527344 seconds
Function: map_flows_partitions took 0.000255584716796875 seconds
Building model with:
15 devices, 64 partitions and 320 flows
Using license file /home/anup/gurobi.lic
Academic license - for non-commercial use only
Function: MIP.add_frac_mem_var took 0.005208015441894531 seconds
Function: MIP.add_coverage_constraints took 0.005728960037231445 seconds
Function: MIP.add_accuracy_constraints took 0.014872074127197266 seconds
Function: MIP.add_capacity_constraints took 0.006038665771484375 seconds
Changed value of parameter TimeLimit to 120.0
   Prev: inf  Min: 0.0  Max: inf  Default: inf
--------------------------------------------------
Starting model update
Model update took: 0.0011720657348632812 s
--------------------------------------------------
Starting model optimize
Gurobi Optimizer version 9.0.0 build v9.0.0rc2 (linux64)
Optimize a model with 1156 rows, 1644 columns and 5170 nonzeros
Model fingerprint: 0xa347365e
Model has 4 general constraints
Variable types: 1644 continuous, 0 integer (0 binary)
Coefficient statistics:
  Matrix range     [1e+00, 5e+01]
  Objective range  [1e+00, 1e+00]
  Bounds range     [1e+00, 3e+04]
  RHS range        [7e-01, 1e+00]

---------------------------------------------------------------------------
Multi-objectives: starting optimization with 8 objectives ... 
---------------------------------------------------------------------------

Multi-objectives: applying initial presolve ...
---------------------------------------------------------------------------

Presolve removed 819 rows and 769 columns
Presolve time: 0.00s
Presolved: 337 rows and 875 columns
---------------------------------------------------------------------------

Multi-objectives: optimize objective 1 (tot_rows_CPU) ...
---------------------------------------------------------------------------

Presolve time: 0.00s
Presolved: 337 rows, 875 columns, 2687 nonzeros
Presolved model has 30 SOS constraint(s)
Variable types: 845 continuous, 30 integer (30 binary)

Root relaxation: objective 3.871448e+01, 385 iterations, 0.00 seconds

    Nodes    |    Current Node    |     Objective Bounds      |     Work
 Expl Unexpl |  Obj  Depth IntInf | Incumbent    BestBd   Gap | It/Node Time

*    0     0               0      38.7144828   38.71448  0.00%     -    0s

Explored 0 nodes (385 simplex iterations) in 0.01 seconds
Thread count was 8 (of 8 available processors)

Solution count 1: 38.7145 

Optimal solution found (tolerance 1.00e-04)
Best objective 3.871448275862e+01, best bound 3.871448275862e+01, gap 0.0000%
---------------------------------------------------------------------------

Multi-objectives: optimize objective 2 (CPU_rows_load) ...
---------------------------------------------------------------------------


Loaded user MIP start with objective 6.1735

Presolve time: 0.00s
Presolved: 338 rows, 875 columns, 2696 nonzeros
Presolved model has 30 SOS constraint(s)
Variable types: 845 continuous, 30 integer (30 binary)

Root relaxation: objective 4.839310e+00, 500 iterations, 0.01 seconds

    Nodes    |    Current Node    |     Objective Bounds      |     Work
 Expl Unexpl |  Obj  Depth IntInf | Incumbent    BestBd   Gap | It/Node Time

*    0     0               0       4.8393103    4.83931  0.00%     -    0s

Explored 0 nodes (500 simplex iterations) in 0.03 seconds
Thread count was 8 (of 8 available processors)

Solution count 2: 4.83931 6.1735 

Optimal solution found (tolerance 1.00e-04)
Best objective 4.839310344828e+00, best bound 4.839310344828e+00, gap 0.0000%
---------------------------------------------------------------------------

Multi-objectives: optimize objective 3 (tot_rows_P4) ...
---------------------------------------------------------------------------


Loaded user MIP start with objective 237.286

Presolve removed 1 rows and 0 columns
Presolve time: 0.00s
Presolved: 338 rows, 875 columns, 2696 nonzeros
Presolved model has 30 SOS constraint(s)
Variable types: 845 continuous, 30 integer (30 binary)

Root relaxation: objective 2.372816e+02, 405 iterations, 0.00 seconds

    Nodes    |    Current Node    |     Objective Bounds      |     Work
 Expl Unexpl |  Obj  Depth IntInf | Incumbent    BestBd   Gap | It/Node Time

*    0     0               0     237.2816448  237.28164  0.00%     -    0s

Explored 0 nodes (405 simplex iterations) in 0.04 seconds
Thread count was 8 (of 8 available processors)

Solution count 2: 237.282 237.286 

Optimal solution found (tolerance 1.00e-04)
Best objective 2.372816447931e+02, best bound 2.372816447931e+02, gap 0.0000%
---------------------------------------------------------------------------

Multi-objectives: optimize objective 4 (P4_rows_load) ...
---------------------------------------------------------------------------


Loaded user MIP start with objective 33.8979

Presolve removed 2 rows and 0 columns
Presolve time: 0.00s
Presolved: 338 rows, 875 columns, 2696 nonzeros
Presolved model has 30 SOS constraint(s)
Variable types: 845 continuous, 30 integer (30 binary)

Root relaxation: objective 3.389738e+01, 437 iterations, 0.01 seconds

    Nodes    |    Current Node    |     Objective Bounds      |     Work
 Expl Unexpl |  Obj  Depth IntInf | Incumbent    BestBd   Gap | It/Node Time

*    0     0               0      33.8973778   33.89738  0.00%     -    0s

Explored 0 nodes (437 simplex iterations) in 0.05 seconds
Thread count was 8 (of 8 available processors)

Solution count 2: 33.8974 33.8979 

Optimal solution found (tolerance 1.00e-04)
Best objective 3.389737782759e+01, best bound 3.389737782759e+01, gap 0.0000%
---------------------------------------------------------------------------

Multi-objectives: optimize objective 5 (tot_mem_CPU) ...
---------------------------------------------------------------------------


Loaded user MIP start with objective 657.91

Presolve added 4 rows and 0 columns
Presolve time: 0.00s
Presolved: 345 rows, 875 columns, 2710 nonzeros
Presolved model has 23 SOS constraint(s)
Variable types: 845 continuous, 30 integer (30 binary)

Root relaxation: objective 6.578438e+02, 380 iterations, 0.00 seconds

    Nodes    |    Current Node    |     Objective Bounds      |     Work
 Expl Unexpl |  Obj  Depth IntInf | Incumbent    BestBd   Gap | It/Node Time

*    0     0               0     657.8437500  657.84375  0.00%     -    0s

Explored 0 nodes (380 simplex iterations) in 0.06 seconds
Thread count was 8 (of 8 available processors)

Solution count 2: 657.844 657.91 

Optimal solution found (tolerance 1.00e-04)
Best objective 6.578437500000e+02, best bound 6.578437500000e+02, gap 0.0000%
---------------------------------------------------------------------------

Multi-objectives: optimize objective 6 (CPU_load_mem) ...
---------------------------------------------------------------------------


Loaded user MIP start with objective 82.2387

Presolve added 3 rows and 0 columns
Presolve time: 0.01s
Presolved: 345 rows, 875 columns, 2710 nonzeros
Presolved model has 23 SOS constraint(s)
Variable types: 845 continuous, 30 integer (30 binary)

Root relaxation: objective 8.223047e+01, 387 iterations, 0.00 seconds

    Nodes    |    Current Node    |     Objective Bounds      |     Work
 Expl Unexpl |  Obj  Depth IntInf | Incumbent    BestBd   Gap | It/Node Time

*    0     0               0      82.2304688   82.23047  0.00%     -    0s

Explored 0 nodes (387 simplex iterations) in 0.07 seconds
Thread count was 8 (of 8 available processors)

Solution count 2: 82.2305 82.2387 

Optimal solution found (tolerance 1.00e-04)
Best objective 8.223046875000e+01, best bound 8.223046875000e+01, gap 0.0000%
---------------------------------------------------------------------------

Multi-objectives: optimize objective 7 (tot_mem_P4) ...
---------------------------------------------------------------------------


Loaded user MIP start with objective 4032

Presolve added 18 rows and 0 columns
Presolve time: 0.00s
Presolved: 361 rows, 875 columns, 2742 nonzeros
Presolved model has 7 SOS constraint(s)
Variable types: 845 continuous, 30 integer (30 binary)

Root relaxation: objective 4.031934e+03, 424 iterations, 0.01 seconds

    Nodes    |    Current Node    |     Objective Bounds      |     Work
 Expl Unexpl |  Obj  Depth IntInf | Incumbent    BestBd   Gap | It/Node Time

*    0     0               0    4031.9342076 4031.93421  0.00%     -    0s

Explored 0 nodes (424 simplex iterations) in 0.08 seconds
Thread count was 8 (of 8 available processors)

Solution count 2: 4031.93 4032 

Optimal solution found (tolerance 1.00e-04)
Warning: max constraint violation (7.0000e-06) exceeds tolerance
Best objective 4.031934207625e+03, best bound 4.031934207625e+03, gap 0.0000%
---------------------------------------------------------------------------

Multi-objectives: optimize objective 8 (P4_load_mem) ...
---------------------------------------------------------------------------


Loaded user MIP start with objective 576

Presolve added 17 rows and 0 columns
Presolve time: 0.00s
Presolved: 361 rows, 875 columns, 2742 nonzeros
Presolved model has 7 SOS constraint(s)
Variable types: 845 continuous, 30 integer (30 binary)

Root relaxation: objective 5.759906e+02, 391 iterations, 0.00 seconds

    Nodes    |    Current Node    |     Objective Bounds      |     Work
 Expl Unexpl |  Obj  Depth IntInf | Incumbent    BestBd   Gap | It/Node Time

*    0     0               0     575.9906011  575.99060  0.00%     -    0s

Explored 0 nodes (391 simplex iterations) in 0.09 seconds
Thread count was 8 (of 8 available processors)

Solution count 2: 575.991 576 

Optimal solution found (tolerance 1.00e-04)
Warning: max constraint violation (7.0000e-06) exceeds tolerance
Best objective 5.759906010893e+02, best bound 5.759906010893e+02, gap 0.0000%

---------------------------------------------------------------------------
Multi-objectives: solved in 0.09 seconds, solution count 8

Model optimize took: 0.09502935409545898 seconds
--------------------------------------------------

Solution quality statistics for model UnivmonGreedyRows :
  Maximum violation:
    Bound       : 0.00000000e+00
    Constraint  : 1.13686838e-13 (mem_tot_tor_P41)
    Integrality : 0.00000000e+00

Sketch (0) (cm: eps0: 0.000625, del0: 0.05, min_mem: 16.9921875)
Par: 1, Rows: 3
(0.000,9)    (0.000,1)    (0.000,8)    (0.100,0)    (0.000,14)    (0.000,6)    (0.200,13)    (0.000,5)    (0.700,12)    (0.000,4)    (0.500,11)    (0.000,3)    (0.000,10)    
Total frac: 1.500

Sketch (1) (cm: eps0: 0.000625, del0: 0.05, min_mem: 16.9921875)
Par: 1, Rows: 3
(0.000,14)    (0.700,5)    (1.000,6)    (0.000,11)    (0.800,12)    (0.000,3)    (0.000,4)    (0.000,9)    (0.200,10)    (0.000,1)    (0.000,8)    (0.000,7)    (0.000,13)    
Total frac: 2.700

Sketch (2) (cm: eps0: 0.000625, del0: 0.05, min_mem: 16.9921875)
Par: 1, Rows: 3
(0.000,3)    (0.000,8)    (0.000,14)    (0.000,0)    (0.000,6)    (0.300,13)    (0.000,5)    (0.000,7)    (0.000,10)    (0.000,12)    (0.000,2)    (0.700,9)    (0.000,4)    (0.600,11)    
Total frac: 1.600

Sketch (3) (cm: eps0: 0.000625, del0: 0.05, min_mem: 16.9921875)
Par: 1, Rows: 3
(0.000,9)    (0.700,10)    (0.000,12)    (0.000,3)    (0.000,4)    (0.000,13)    (0.800,8)    (0.000,14)    (0.000,5)    (0.000,0)    
Total frac: 1.500

Sketch (4) (cm: eps0: 0.000625, del0: 0.05, min_mem: 16.9921875)
Par: 1, Rows: 3
(0.000,11)    (0.000,3)    (0.900,13)    (0.900,9)    (0.000,5)    (0.000,12)    (0.000,1)    (0.000,8)    (0.000,4)    (0.000,0)    (0.000,10)    (0.000,14)    (0.000,6)    
Total frac: 1.800

Sketch (5) (cm: eps0: 0.000625, del0: 0.05, min_mem: 16.9921875)
Par: 1, Rows: 3
(0.200,8)    (0.000,0)    (0.000,10)    (0.000,14)    (0.000,3)    (0.000,13)    (0.000,9)    (0.000,5)    (0.000,1)    (0.700,12)    
Total frac: 0.900

Sketch (6) (cm: eps0: 0.000625, del0: 0.05, min_mem: 16.9921875)
Par: 1, Rows: 3
(0.000,13)    (0.200,9)    (0.800,11)    (0.000,1)    (0.000,3)    (0.000,10)    (0.000,12)    (0.700,8)    (0.000,14)    (0.000,4)    (0.000,0)    (0.000,6)    
Total frac: 1.700

Sketch (7) (cm: eps0: 0.000625, del0: 0.05, min_mem: 16.9921875)
Par: 1, Rows: 3
(0.000,10)    (0.000,12)    (0.900,8)    (0.100,14)    (0.000,4)    (0.000,0)    (0.000,13)    (0.000,9)    (0.000,11)    (0.000,1)    (0.000,7)    (0.000,3)    
Total frac: 1.000

Sketch (8) (cm: eps0: 0.000625, del0: 0.05, min_mem: 16.9921875)
Par: 1, Rows: 3
(0.000,14)    (0.200,12)    (0.000,11)    (0.000,5)    (0.000,2)    (0.000,1)    (0.000,10)    (0.100,0)    (0.000,9)    (0.700,8)    (0.000,6)    (0.000,13)    
Total frac: 1.000

Sketch (9) (cm: eps0: 0.000625, del0: 0.05, min_mem: 16.9921875)
Par: 1, Rows: 3
(0.800,10)    (0.000,7)    (0.000,13)    (0.000,6)    (0.000,11)    (0.000,4)    
Total frac: 0.800

Sketch (10) (cm: eps0: 0.000625, del0: 0.05, min_mem: 16.9921875)
Par: 1, Rows: 3
(0.000,12)    (0.000,2)    (0.000,11)    (0.000,1)    (0.000,10)    (0.000,9)    (0.000,4)    (0.000,3)    (0.000,0)    (0.000,6)    (0.000,13)    (0.900,8)    (1.000,14)    (0.000,7)    
Total frac: 1.900

Sketch (11) (cm: eps0: 0.000625, del0: 0.05, min_mem: 16.9921875)
Par: 1, Rows: 3
(0.000,3)    (0.000,4)    (0.000,13)    (0.000,7)    (0.000,8)    (0.000,14)    (0.000,5)    (0.000,11)    (0.100,1)    (0.800,12)    (0.000,2)    (0.000,9)    (0.000,10)    
Total frac: 0.900

Sketch (12) (cm: eps0: 0.000625, del0: 0.05, min_mem: 16.9921875)
Par: 1, Rows: 3
(0.000,8)    (0.000,4)    (0.000,10)    (0.000,6)    (0.000,14)    (0.700,11)    (0.000,13)    (0.000,12)    (0.000,3)    (0.000,1)    (0.900,0)    (0.000,9)    
Total frac: 1.600

Sketch (13) (cm: eps0: 0.000625, del0: 0.05, min_mem: 16.9921875)
Par: 1, Rows: 3
(0.000,13)    (0.000,3)    (0.000,1)    (0.000,12)    (1.000,9)    (0.000,5)    (0.000,0)    (0.000,8)    (0.000,4)    (0.000,2)    (0.800,10)    (0.000,11)    (0.000,7)    (0.000,14)    
Total frac: 1.800

Sketch (14) (cm: eps0: 0.000625, del0: 0.05, min_mem: 16.9921875)
Par: 1, Rows: 3
(0.000,10)    (0.000,0)    (0.000,6)    (0.000,8)    (0.100,14)    (0.000,13)    (0.900,11)    (0.000,1)    (0.000,7)    (0.000,9)    (0.000,5)    (0.000,12)    (0.000,3)    
Total frac: 1.000

Sketch (15) (cm: eps0: 0.000625, del0: 0.05, min_mem: 16.9921875)
Par: 1, Rows: 3
(0.000,11)    (0.800,12)    (0.000,0)    (0.000,6)    (0.000,8)    (0.000,14)    (0.000,13)    
Total frac: 0.800

Sketch (16) (cm: eps0: 0.000625, del0: 0.05, min_mem: 16.9921875)
Par: 1, Rows: 3
(0.614,7)    (0.000,2)    (0.286,6)    (0.000,13)    (0.000,12)    (0.000,4)    (0.000,11)    (0.000,3)    (0.700,14)    (0.000,10)    (0.000,9)    
Total frac: 1.600

Sketch (17) (cm: eps0: 0.000625, del0: 0.05, min_mem: 16.9921875)
Par: 1, Rows: 3
(0.000,0)    (0.000,12)    (0.600,3)    (0.100,9)    (0.300,14)    (0.900,8)    (0.000,1)    (0.000,13)    (0.000,2)    (0.000,6)    (0.000,11)    
Total frac: 1.900

Sketch (18) (cm: eps0: 0.000625, del0: 0.05, min_mem: 16.9921875)
Par: 1, Rows: 3
(0.000,8)    (0.000,2)    (0.000,6)    (0.000,1)    (0.000,13)    (0.350,7)    (0.550,14)    (0.450,10)    (0.000,0)    (0.000,12)    (0.000,9)    (0.000,4)    (0.450,11)    (0.000,3)    
Total frac: 1.800

Sketch (19) (cm: eps0: 0.000625, del0: 0.05, min_mem: 16.9921875)
Par: 1, Rows: 3
(0.200,9)    (0.000,14)    (0.700,10)    (0.000,11)    (0.000,0)    (0.400,12)    (0.000,3)    (0.000,4)    (0.000,1)    (0.200,13)    (0.200,8)    (0.000,2)    (0.000,5)    (0.000,6)    (0.000,7)    
Total frac: 1.700

Sketch (20) (cm: eps0: 0.000625, del0: 0.05, min_mem: 16.9921875)
Par: 1, Rows: 3
(0.800,13)    (0.000,5)    (0.000,12)    (0.000,8)    (0.000,4)    (0.000,10)    (0.000,6)    (0.000,1)    (0.000,0)    (0.000,11)    (0.000,7)    (0.100,14)    
Total frac: 0.900

Sketch (21) (cm: eps0: 0.000625, del0: 0.05, min_mem: 16.9921875)
Par: 1, Rows: 3
(0.000,1)    (0.000,6)    (0.000,11)    (0.000,7)    (0.000,0)    (0.000,3)    (0.000,13)    (0.413,2)    (0.387,9)    (0.000,5)    (1.000,14)    (0.000,12)    (0.000,8)    (0.900,4)    (0.000,10)    
Total frac: 2.700

Sketch (22) (cm: eps0: 0.000625, del0: 0.05, min_mem: 16.9921875)
Par: 1, Rows: 3
(0.000,11)    (0.000,12)    (0.000,8)    (0.000,6)    (0.000,1)    (0.700,14)    (0.000,13)    
Total frac: 0.700

Sketch (23) (cm: eps0: 0.000625, del0: 0.05, min_mem: 16.9921875)
Par: 1, Rows: 3
(0.000,13)    (0.000,2)    (0.000,9)    (0.013,5)    (0.700,14)    (0.000,11)    (0.000,7)    (0.000,0)    (0.000,3)    (0.287,10)    (0.000,12)    (0.000,1)    (0.700,8)    (0.700,4)    
Total frac: 2.400

Sketch (24) (cm: eps0: 0.000625, del0: 0.05, min_mem: 16.9921875)
Par: 1, Rows: 3
(0.000,5)    (0.000,4)    (0.013,3)    (0.000,14)    (0.000,10)    (0.000,9)    (0.200,8)    (0.000,7)    (0.000,6)    (0.000,1)    (0.000,13)    (0.000,0)    (0.787,12)    (0.000,11)    
Total frac: 1.000

Sketch (25) (cm: eps0: 0.000625, del0: 0.05, min_mem: 16.9921875)
Par: 1, Rows: 3
(0.000,7)    (0.438,8)    (0.000,1)    (0.000,13)    (0.127,6)    (0.873,11)    (0.000,12)    (0.000,5)    (0.000,3)    (0.262,9)    (0.000,10)    
Total frac: 1.700

Sketch (26) (cm: eps0: 0.000625, del0: 0.05, min_mem: 16.9921875)
Par: 1, Rows: 3
(0.000,11)    (1.000,14)    (0.000,10)    (0.000,9)    (0.000,4)    (0.000,3)    (0.000,2)    (0.000,13)    (0.000,7)    (0.000,5)    (0.000,12)    
Total frac: 1.000

Sketch (27) (cm: eps0: 0.000625, del0: 0.05, min_mem: 16.9921875)
Par: 1, Rows: 3
(0.000,6)    (0.000,7)    (0.000,8)    (0.000,5)    (0.000,11)    (0.000,0)    (0.000,12)    (0.000,9)    (0.200,14)    (0.000,10)    (0.000,3)    (0.000,4)    (0.800,13)    
Total frac: 1.000

Sketch (28) (cm: eps0: 0.000625, del0: 0.05, min_mem: 16.9921875)
Par: 1, Rows: 3
(0.000,6)    (0.000,1)    (0.000,11)    (0.000,7)    (0.000,2)    (0.000,13)    (0.000,12)    (0.000,3)    (0.000,14)    (1.000,9)    (0.000,5)    (0.000,8)    (0.000,4)    (0.900,10)    
Total frac: 1.900

Sketch (29) (cm: eps0: 0.000625, del0: 0.05, min_mem: 16.9921875)
Par: 1, Rows: 3
(0.000,12)    (0.000,9)    (0.000,5)    (0.000,8)    (0.800,1)    (0.000,10)    (0.376,11)    (0.000,7)    (0.000,0)    (0.524,13)    (1.000,2)    (0.000,3)    
Total frac: 2.700

Sketch (30) (cm: eps0: 0.000625, del0: 0.05, min_mem: 16.9921875)
Par: 1, Rows: 3
(0.000,13)    (0.000,0)    (0.000,11)    (0.000,14)    (0.100,9)    (0.900,12)    (0.000,3)    (0.000,10)    (0.000,6)    (0.000,1)    (0.000,8)    (0.000,4)    
Total frac: 1.000

Sketch (31) (cm: eps0: 0.000625, del0: 0.05, min_mem: 16.9921875)
Par: 1, Rows: 3
(0.000,5)    (0.000,14)    (0.700,12)    (0.000,1)    (0.100,10)    (0.000,6)    (0.000,8)    (0.000,4)    (0.000,13)    (0.000,2)    (0.300,11)    (0.400,7)    (0.000,0)    (0.000,9)    
Total frac: 1.500

Sketch (32) (cm: eps0: 0.000625, del0: 0.05, min_mem: 16.9921875)
Par: 1, Rows: 3
(0.000,13)    (0.000,6)    (0.000,12)    (0.000,5)    (0.900,11)    (0.000,4)    (0.000,10)    (0.900,9)    (0.000,2)    (0.000,8)    (0.000,1)    (0.000,0)    (0.000,7)    (0.000,14)    
Total frac: 1.800

Sketch (33) (cm: eps0: 0.000625, del0: 0.05, min_mem: 16.9921875)
Par: 1, Rows: 3
(0.000,1)    (0.700,8)    (0.000,0)    (0.000,7)    (0.000,13)    (0.000,14)    (0.000,11)    (0.300,12)    (0.000,3)    (0.000,4)    (0.500,9)    (0.000,10)    
Total frac: 1.500

Sketch (34) (cm: eps0: 0.000625, del0: 0.05, min_mem: 16.9921875)
Par: 1, Rows: 3
(0.000,5)    (0.000,10)    (0.000,12)    (0.000,11)    (0.000,8)    (0.000,14)    (1.000,13)    (0.000,0)    (0.000,6)    
Total frac: 1.000

Sketch (35) (cm: eps0: 0.000625, del0: 0.05, min_mem: 16.9921875)
Par: 1, Rows: 3
(0.000,4)    (0.575,13)    (0.900,8)    (0.000,14)    (0.000,5)    (0.000,0)    (0.000,6)    (0.000,7)    (0.000,9)    (0.325,10)    (0.000,11)    (0.000,12)    (0.000,1)    (0.100,2)    
Total frac: 1.900

Sketch (36) (cm: eps0: 0.000625, del0: 0.05, min_mem: 16.9921875)
Par: 1, Rows: 3
(0.000,4)    (0.700,10)    (0.000,0)    (0.000,2)    (0.000,14)    (0.000,6)    (0.000,11)    (0.000,7)    (0.300,13)    (0.000,3)    (0.400,9)    (0.300,12)    (0.200,8)    (0.000,5)    (0.000,1)    
Total frac: 1.900

Sketch (37) (cm: eps0: 0.000625, del0: 0.05, min_mem: 16.9921875)
Par: 1, Rows: 3
(0.000,13)    (0.000,3)    (0.000,9)    (0.000,5)    (0.000,1)    (0.000,12)    (0.100,8)    (0.000,4)    (0.800,10)    (0.000,0)    (0.000,2)    (0.100,14)    (0.000,6)    (0.000,11)    
Total frac: 1.000

Sketch (38) (cm: eps0: 0.000625, del0: 0.05, min_mem: 16.9921875)
Par: 1, Rows: 3
(0.000,8)    (0.000,2)    (0.000,14)    (0.000,4)    (0.000,13)    (0.900,9)    (0.100,11)    (0.000,5)    (0.000,1)    (0.000,7)    (0.900,10)    (0.000,12)    
Total frac: 1.900

Sketch (39) (cm: eps0: 0.000625, del0: 0.05, min_mem: 16.9921875)
Par: 1, Rows: 3
(0.000,9)    (0.000,11)    (0.000,5)    (0.000,1)    (0.000,7)    (0.000,3)    (0.000,10)    (0.000,12)    (0.000,8)    (0.000,2)    (1.000,14)    (0.000,4)    (0.000,0)    (0.000,13)    
Total frac: 1.000

Sketch (40) (cm: eps0: 0.000625, del0: 0.05, min_mem: 16.9921875)
Par: 1, Rows: 3
(0.000,1)    (0.000,9)    (0.000,0)    (0.000,8)    (0.000,7)    (0.000,13)    (0.100,6)    (0.000,12)    (0.000,14)    (0.800,11)    (0.000,5)    (0.000,4)    (0.000,2)    (0.000,10)    
Total frac: 0.900

Sketch (41) (cm: eps0: 0.000625, del0: 0.05, min_mem: 16.9921875)
Par: 1, Rows: 3
(0.000,6)    (0.000,11)    (0.000,12)    (0.200,14)    (0.000,5)    (1.000,3)    (0.000,1)    (0.000,4)    (0.000,2)    (0.000,9)    (0.000,10)    (0.000,0)    (0.000,8)    (0.000,7)    (0.800,13)    
Total frac: 2.000

Sketch (42) (cm: eps0: 0.000625, del0: 0.05, min_mem: 16.9921875)
Par: 1, Rows: 3
(0.000,4)    (0.000,3)    (0.900,13)    (0.000,6)    (0.000,14)    (0.000,7)    (0.000,12)    (0.000,11)    (0.000,10)    (0.000,9)    
Total frac: 0.900

Sketch (43) (cm: eps0: 0.000625, del0: 0.05, min_mem: 16.9921875)
Par: 1, Rows: 3
(0.000,14)    (0.000,5)    (0.900,11)    (0.000,12)    (0.000,1)    (0.100,9)    (0.900,10)    (0.000,3)    (0.000,4)    (0.000,13)    (0.000,0)    (0.000,6)    (0.000,8)    (0.000,7)    
Total frac: 1.900

Sketch (44) (cm: eps0: 0.000625, del0: 0.05, min_mem: 16.9921875)
Par: 1, Rows: 3
(0.000,7)    (0.000,13)    (0.762,12)    (0.000,3)    (0.000,1)    (0.000,9)    (0.000,0)    (0.238,8)    (0.000,5)    (0.000,4)    (0.000,2)    (0.000,10)    (0.000,6)    (0.000,14)    (0.700,11)    
Total frac: 1.700

Sketch (45) (cm: eps0: 0.000625, del0: 0.05, min_mem: 16.9921875)
Par: 1, Rows: 3
(0.013,4)    (0.000,2)    (0.087,10)    (0.000,6)    (0.000,11)    (0.000,7)    (0.100,14)    (0.800,13)    (0.000,3)    (0.000,12)    (0.000,9)    
Total frac: 1.000

Sketch (46) (cm: eps0: 0.000625, del0: 0.05, min_mem: 16.9921875)
Par: 1, Rows: 3
(0.000,11)    (0.000,1)    (0.700,9)    (0.900,5)    (0.000,12)    (0.000,2)    (0.000,3)    (0.000,10)    (0.000,0)    (0.000,6)    (0.000,8)    (0.000,14)    (0.000,4)    (0.000,13)    
Total frac: 1.600

Sketch (47) (cm: eps0: 0.000625, del0: 0.05, min_mem: 16.9921875)
Par: 1, Rows: 3
(0.000,10)    (0.000,0)    (0.000,8)    (0.900,14)    (0.000,13)    (0.000,11)    (0.000,7)    (0.000,9)    (0.000,5)    (0.000,3)    (0.000,12)    
Total frac: 0.900

Sketch (48) (cm: eps0: 0.000625, del0: 0.05, min_mem: 16.9921875)
Par: 1, Rows: 3
(0.000,10)    (0.000,3)    (0.000,14)    (0.000,9)    (1.000,8)    (0.000,13)    (0.000,1)    (0.000,12)    (0.000,5)    (0.000,0)    
Total frac: 1.000

Sketch (49) (cm: eps0: 0.000625, del0: 0.05, min_mem: 16.9921875)
Par: 1, Rows: 3
(0.000,7)    (0.200,13)    (0.000,1)    (0.000,2)    (0.000,5)    (0.600,11)    (0.000,12)    (0.000,3)    (0.000,4)    (0.800,9)    (0.000,10)    (0.000,14)    (0.000,8)    
Total frac: 1.600

Sketch (50) (cm: eps0: 0.000625, del0: 0.05, min_mem: 16.9921875)
Par: 1, Rows: 3
(0.000,12)    (0.000,14)    (0.450,9)    (0.000,0)    (0.000,11)    (0.000,4)    (0.000,3)    (0.350,8)    (0.000,2)    (0.300,13)    (0.000,6)    (0.000,1)    (0.000,5)    (0.250,7)    (0.150,10)    
Total frac: 1.500

Sketch (51) (cm: eps0: 0.000625, del0: 0.05, min_mem: 16.9921875)
Par: 1, Rows: 3
(0.000,13)    (0.000,8)    (0.000,1)    (0.100,2)    (0.000,5)    (0.100,6)    (0.000,7)    (0.900,9)    (0.000,10)    (0.900,11)    (0.000,12)    (0.000,14)    (0.000,0)    (0.000,3)    (0.000,4)    
Total frac: 2.000

Sketch (52) (cm: eps0: 0.000625, del0: 0.05, min_mem: 16.9921875)
Par: 1, Rows: 3
(0.000,6)    (0.600,1)    (0.100,0)    (0.000,11)    (0.000,7)    (0.000,2)    (0.900,13)    (0.000,3)    (0.000,14)    (0.000,9)    (0.000,12)    (0.000,8)    (0.000,5)    (0.000,4)    (0.000,10)    
Total frac: 1.600

Sketch (53) (cm: eps0: 0.000625, del0: 0.05, min_mem: 16.9921875)
Par: 1, Rows: 3
(0.000,5)    (0.000,14)    (0.000,12)    (0.000,8)    (0.000,4)    (0.000,10)    (0.900,11)    (0.000,7)    (0.000,0)    (0.000,13)    
Total frac: 0.900

Sketch (54) (cm: eps0: 0.000625, del0: 0.05, min_mem: 16.9921875)
Par: 1, Rows: 3
(0.000,6)    (0.000,1)    (0.000,2)    (0.900,13)    (0.000,14)    (0.100,9)    (0.000,0)    (0.000,11)    (0.000,5)    (0.000,7)    (0.000,3)    (0.000,10)    (0.000,12)    (0.700,8)    (0.000,4)    
Total frac: 1.700

Sketch (55) (cm: eps0: 0.000625, del0: 0.05, min_mem: 16.9921875)
Par: 1, Rows: 3
(0.000,0)    (0.000,3)    (0.000,10)    (0.800,12)    (0.000,8)    (0.000,1)    (0.000,4)    (0.000,6)    (0.000,13)    (0.000,9)    (0.000,11)    (0.000,5)    (0.200,14)    
Total frac: 1.000

Sketch (56) (cm: eps0: 0.000625, del0: 0.05, min_mem: 16.9921875)
Par: 1, Rows: 3
(0.000,7)    (0.000,13)    (0.000,6)    (0.000,1)    (0.800,12)    (0.000,0)    (0.000,11)    (0.000,5)    (0.000,4)    (0.700,10)    (0.000,3)    (0.200,14)    (0.000,9)    (0.000,8)    
Total frac: 1.700

Sketch (57) (cm: eps0: 0.000625, del0: 0.05, min_mem: 16.9921875)
Par: 1, Rows: 3
(0.000,5)    (0.000,3)    (0.000,4)    (0.700,9)    (0.800,10)    (0.000,14)    (0.000,8)    (0.000,7)    (0.000,13)    (0.000,1)    (0.000,2)    (0.000,6)    (0.000,11)    (0.000,12)    (0.100,0)    
Total frac: 1.600

Sketch (58) (cm: eps0: 0.000625, del0: 0.05, min_mem: 16.9921875)
Par: 1, Rows: 3
(0.000,13)    (0.000,6)    (0.000,7)    (0.000,5)    (0.000,11)    (1.000,10)    (0.000,4)    
Total frac: 1.000

Sketch (59) (cm: eps0: 0.000625, del0: 0.05, min_mem: 16.9921875)
Par: 1, Rows: 3
(0.000,12)    (0.000,0)    (0.000,9)    (0.000,10)    (0.100,14)    (0.000,4)    (0.900,13)    (0.000,1)    (0.000,2)    (0.000,6)    (0.000,8)    (0.000,5)    (0.000,11)    
Total frac: 1.000

Sketch (60) (cm: eps0: 0.000625, del0: 0.05, min_mem: 16.9921875)
Par: 1, Rows: 3
(1.000,14)    (0.000,9)    (0.000,8)    (0.000,5)    (0.000,4)    (0.000,10)    (0.000,6)    (0.000,1)    (0.000,0)    (0.000,11)    (0.000,7)    (0.000,2)    (0.000,13)    (0.000,12)    
Total frac: 1.000

Sketch (61) (cm: eps0: 0.000625, del0: 0.05, min_mem: 16.9921875)
Par: 1, Rows: 3
(0.000,10)    (0.000,6)    (0.000,11)    (0.313,0)    (0.000,13)    (0.000,3)    (0.113,12)    (0.000,9)    (0.587,14)    (0.473,8)    (0.000,4)    (0.113,1)    
Total frac: 1.600

Sketch (62) (cm: eps0: 0.000625, del0: 0.05, min_mem: 16.9921875)
Par: 1, Rows: 3
(0.000,9)    (0.000,5)    (0.537,12)    (0.000,3)    (0.000,10)    (0.000,1)    (0.000,8)    (0.000,4)    (0.000,13)    (0.000,0)    (0.000,11)    (0.000,7)    (0.463,14)    
Total frac: 1.000

Sketch (63) (cm: eps0: 0.000625, del0: 0.05, min_mem: 16.9921875)
Par: 1, Rows: 3
(0.000,8)    (0.000,4)    (0.000,13)    (0.000,2)    (0.000,11)    (0.000,7)    (0.000,0)    (0.000,9)    (0.000,14)    (0.000,3)    (0.900,12)    (0.000,1)    (0.000,10)    (0.000,6)    
Total frac: 0.900

Device (0) CPU1:
Rows total: 4.839794334712644
Mem total: 82.238692796875

Device (1) CPU2:
Rows total: 4.839794334712644
Mem total: 82.238692796875

Device (2) CPU3:
Rows total: 4.839794334712644
Mem total: 82.238692796875

Device (3) CPU4:
Rows total: 4.839794334712644
Mem total: 82.238692796875

Device (4) CPU5:
Rows total: 4.839794334712644
Mem total: 82.238692796875

Device (5) CPU6:
Rows total: 4.839794334712644
Mem total: 82.238692796875

Device (6) CPU7:
Rows total: 4.839794334712644
Mem total: 82.238692796875

Device (7) CPU8:
Rows total: 4.839794334712644
Mem total: 82.238692796875

Device (8) tor_P41:
Rows total: 33.89737790318554
Mem total: 575.9906010892856

Device (9) tor_P42:
Rows total: 33.89737790318554
Mem total: 575.9906010892856

Device (10) tor_P43:
Rows total: 33.89737790318554
Mem total: 575.9906010892856

Device (11) tor_P44:
Rows total: 33.89737790318554
Mem total: 575.9906010892856

Device (12) l1_P41:
Rows total: 33.89737790318554
Mem total: 575.9906010892856

Device (13) l1_P42:
Rows total: 33.89737790318554
Mem total: 575.9906010892856

Device (14) l2_P4:
Rows total: 33.89737790318554
Mem total: 575.9906010892856
--------------------------------------------------
Changed value of parameter NonConvex to 2
   Prev: -1  Min: -1  Max: 2  Default: -1
Changed value of parameter NonConvex to 2
   Prev: -1  Min: -1  Max: 2  Default: -1
Changed value of parameter NonConvex to 2
   Prev: -1  Min: -1  Max: 2  Default: -1
Changed value of parameter NonConvex to 2
   Prev: -1  Min: -1  Max: 2  Default: -1
Changed value of parameter NonConvex to 2
   Prev: -1  Min: -1  Max: 2  Default: -1
Changed value of parameter NonConvex to 2
   Prev: -1  Min: -1  Max: 2  Default: -1
Changed value of parameter NonConvex to 2
   Prev: -1  Min: -1  Max: 2  Default: -1
Changed value of parameter NonConvex to 2
   Prev: -1  Min: -1  Max: 2  Default: -1

Throughput: 87.49999999999999 Mpps, ns per packet: 11.42857142857143
Resources: 703.3993518795295
Used Cores: 55.999999999999986, Total CPUS: 8, Switch Memory: 4031.934207624999

Sketch (0) (cm: eps0: 0.000625, del0: 0.05, min_mem: 16.9921875)
Par: 1, Rows: 3
(0.000,9)    (0.000,1)    (0.000,8)    (0.100,0)    (0.000,14)    (0.000,6)    (0.200,13)    (0.000,5)    (0.700,12)    (0.000,4)    (0.500,11)    (0.000,3)    (0.000,10)    
Total frac: 1.500

Sketch (1) (cm: eps0: 0.000625, del0: 0.05, min_mem: 16.9921875)
Par: 1, Rows: 3
(0.000,14)    (0.700,5)    (1.000,6)    (0.000,11)    (0.800,12)    (0.000,3)    (0.000,4)    (0.000,9)    (0.200,10)    (0.000,1)    (0.000,8)    (0.000,7)    (0.000,13)    
Total frac: 2.700

Sketch (2) (cm: eps0: 0.000625, del0: 0.05, min_mem: 16.9921875)
Par: 1, Rows: 3
(0.000,3)    (0.000,8)    (0.000,14)    (0.000,0)    (0.000,6)    (0.300,13)    (0.000,5)    (0.000,7)    (0.000,10)    (0.000,12)    (0.000,2)    (0.700,9)    (0.000,4)    (0.600,11)    
Total frac: 1.600

Sketch (3) (cm: eps0: 0.000625, del0: 0.05, min_mem: 16.9921875)
Par: 1, Rows: 3
(0.000,9)    (0.700,10)    (0.000,12)    (0.000,3)    (0.000,4)    (0.000,13)    (0.800,8)    (0.000,14)    (0.000,5)    (0.000,0)    
Total frac: 1.500

Sketch (4) (cm: eps0: 0.000625, del0: 0.05, min_mem: 16.9921875)
Par: 1, Rows: 3
(0.000,11)    (0.000,3)    (0.900,13)    (0.900,9)    (0.000,5)    (0.000,12)    (0.000,1)    (0.000,8)    (0.000,4)    (0.000,0)    (0.000,10)    (0.000,14)    (0.000,6)    
Total frac: 1.800

Sketch (5) (cm: eps0: 0.000625, del0: 0.05, min_mem: 16.9921875)
Par: 1, Rows: 3
(0.200,8)    (0.000,0)    (0.000,10)    (0.000,14)    (0.000,3)    (0.000,13)    (0.000,9)    (0.000,5)    (0.000,1)    (0.700,12)    
Total frac: 0.900

Sketch (6) (cm: eps0: 0.000625, del0: 0.05, min_mem: 16.9921875)
Par: 1, Rows: 3
(0.000,13)    (0.200,9)    (0.800,11)    (0.000,1)    (0.000,3)    (0.000,10)    (0.000,12)    (0.700,8)    (0.000,14)    (0.000,4)    (0.000,0)    (0.000,6)    
Total frac: 1.700

Sketch (7) (cm: eps0: 0.000625, del0: 0.05, min_mem: 16.9921875)
Par: 1, Rows: 3
(0.000,10)    (0.000,12)    (0.900,8)    (0.100,14)    (0.000,4)    (0.000,0)    (0.000,13)    (0.000,9)    (0.000,11)    (0.000,1)    (0.000,7)    (0.000,3)    
Total frac: 1.000

Sketch (8) (cm: eps0: 0.000625, del0: 0.05, min_mem: 16.9921875)
Par: 1, Rows: 3
(0.000,14)    (0.200,12)    (0.000,11)    (0.000,5)    (0.000,2)    (0.000,1)    (0.000,10)    (0.100,0)    (0.000,9)    (0.700,8)    (0.000,6)    (0.000,13)    
Total frac: 1.000

Sketch (9) (cm: eps0: 0.000625, del0: 0.05, min_mem: 16.9921875)
Par: 1, Rows: 3
(0.800,10)    (0.000,7)    (0.000,13)    (0.000,6)    (0.000,11)    (0.000,4)    
Total frac: 0.800

Sketch (10) (cm: eps0: 0.000625, del0: 0.05, min_mem: 16.9921875)
Par: 1, Rows: 3
(0.000,12)    (0.000,2)    (0.000,11)    (0.000,1)    (0.000,10)    (0.000,9)    (0.000,4)    (0.000,3)    (0.000,0)    (0.000,6)    (0.000,13)    (0.900,8)    (1.000,14)    (0.000,7)    
Total frac: 1.900

Sketch (11) (cm: eps0: 0.000625, del0: 0.05, min_mem: 16.9921875)
Par: 1, Rows: 3
(0.000,3)    (0.000,4)    (0.000,13)    (0.000,7)    (0.000,8)    (0.000,14)    (0.000,5)    (0.000,11)    (0.100,1)    (0.800,12)    (0.000,2)    (0.000,9)    (0.000,10)    
Total frac: 0.900

Sketch (12) (cm: eps0: 0.000625, del0: 0.05, min_mem: 16.9921875)
Par: 1, Rows: 3
(0.000,8)    (0.000,4)    (0.000,10)    (0.000,6)    (0.000,14)    (0.700,11)    (0.000,13)    (0.000,12)    (0.000,3)    (0.000,1)    (0.900,0)    (0.000,9)    
Total frac: 1.600

Sketch (13) (cm: eps0: 0.000625, del0: 0.05, min_mem: 16.9921875)
Par: 1, Rows: 3
(0.000,13)    (0.000,3)    (0.000,1)    (0.000,12)    (1.000,9)    (0.000,5)    (0.000,0)    (0.000,8)    (0.000,4)    (0.000,2)    (0.800,10)    (0.000,11)    (0.000,7)    (0.000,14)    
Total frac: 1.800

Sketch (14) (cm: eps0: 0.000625, del0: 0.05, min_mem: 16.9921875)
Par: 1, Rows: 3
(0.000,10)    (0.000,0)    (0.000,6)    (0.000,8)    (0.100,14)    (0.000,13)    (0.900,11)    (0.000,1)    (0.000,7)    (0.000,9)    (0.000,5)    (0.000,12)    (0.000,3)    
Total frac: 1.000

Sketch (15) (cm: eps0: 0.000625, del0: 0.05, min_mem: 16.9921875)
Par: 1, Rows: 3
(0.000,11)    (0.800,12)    (0.000,0)    (0.000,6)    (0.000,8)    (0.000,14)    (0.000,13)    
Total frac: 0.800

Sketch (16) (cm: eps0: 0.000625, del0: 0.05, min_mem: 16.9921875)
Par: 1, Rows: 3
(0.614,7)    (0.000,2)    (0.286,6)    (0.000,13)    (0.000,12)    (0.000,4)    (0.000,11)    (0.000,3)    (0.700,14)    (0.000,10)    (0.000,9)    
Total frac: 1.600

Sketch (17) (cm: eps0: 0.000625, del0: 0.05, min_mem: 16.9921875)
Par: 1, Rows: 3
(0.000,0)    (0.000,12)    (0.600,3)    (0.100,9)    (0.300,14)    (0.900,8)    (0.000,1)    (0.000,13)    (0.000,2)    (0.000,6)    (0.000,11)    
Total frac: 1.900

Sketch (18) (cm: eps0: 0.000625, del0: 0.05, min_mem: 16.9921875)
Par: 1, Rows: 3
(0.000,8)    (0.000,2)    (0.000,6)    (0.000,1)    (0.000,13)    (0.350,7)    (0.550,14)    (0.450,10)    (0.000,0)    (0.000,12)    (0.000,9)    (0.000,4)    (0.450,11)    (0.000,3)    
Total frac: 1.800

Sketch (19) (cm: eps0: 0.000625, del0: 0.05, min_mem: 16.9921875)
Par: 1, Rows: 3
(0.200,9)    (0.000,14)    (0.700,10)    (0.000,11)    (0.000,0)    (0.400,12)    (0.000,3)    (0.000,4)    (0.000,1)    (0.200,13)    (0.200,8)    (0.000,2)    (0.000,5)    (0.000,6)    (0.000,7)    
Total frac: 1.700

Sketch (20) (cm: eps0: 0.000625, del0: 0.05, min_mem: 16.9921875)
Par: 1, Rows: 3
(0.800,13)    (0.000,5)    (0.000,12)    (0.000,8)    (0.000,4)    (0.000,10)    (0.000,6)    (0.000,1)    (0.000,0)    (0.000,11)    (0.000,7)    (0.100,14)    
Total frac: 0.900

Sketch (21) (cm: eps0: 0.000625, del0: 0.05, min_mem: 16.9921875)
Par: 1, Rows: 3
(0.000,1)    (0.000,6)    (0.000,11)    (0.000,7)    (0.000,0)    (0.000,3)    (0.000,13)    (0.413,2)    (0.387,9)    (0.000,5)    (1.000,14)    (0.000,12)    (0.000,8)    (0.900,4)    (0.000,10)    
Total frac: 2.700

Sketch (22) (cm: eps0: 0.000625, del0: 0.05, min_mem: 16.9921875)
Par: 1, Rows: 3
(0.000,11)    (0.000,12)    (0.000,8)    (0.000,6)    (0.000,1)    (0.700,14)    (0.000,13)    
Total frac: 0.700

Sketch (23) (cm: eps0: 0.000625, del0: 0.05, min_mem: 16.9921875)
Par: 1, Rows: 3
(0.000,13)    (0.000,2)    (0.000,9)    (0.013,5)    (0.700,14)    (0.000,11)    (0.000,7)    (0.000,0)    (0.000,3)    (0.287,10)    (0.000,12)    (0.000,1)    (0.700,8)    (0.700,4)    
Total frac: 2.400

Sketch (24) (cm: eps0: 0.000625, del0: 0.05, min_mem: 16.9921875)
Par: 1, Rows: 3
(0.000,5)    (0.000,4)    (0.013,3)    (0.000,14)    (0.000,10)    (0.000,9)    (0.200,8)    (0.000,7)    (0.000,6)    (0.000,1)    (0.000,13)    (0.000,0)    (0.787,12)    (0.000,11)    
Total frac: 1.000

Sketch (25) (cm: eps0: 0.000625, del0: 0.05, min_mem: 16.9921875)
Par: 1, Rows: 3
(0.000,7)    (0.438,8)    (0.000,1)    (0.000,13)    (0.127,6)    (0.873,11)    (0.000,12)    (0.000,5)    (0.000,3)    (0.262,9)    (0.000,10)    
Total frac: 1.700

Sketch (26) (cm: eps0: 0.000625, del0: 0.05, min_mem: 16.9921875)
Par: 1, Rows: 3
(0.000,11)    (1.000,14)    (0.000,10)    (0.000,9)    (0.000,4)    (0.000,3)    (0.000,2)    (0.000,13)    (0.000,7)    (0.000,5)    (0.000,12)    
Total frac: 1.000

Sketch (27) (cm: eps0: 0.000625, del0: 0.05, min_mem: 16.9921875)
Par: 1, Rows: 3
(0.000,6)    (0.000,7)    (0.000,8)    (0.000,5)    (0.000,11)    (0.000,0)    (0.000,12)    (0.000,9)    (0.200,14)    (0.000,10)    (0.000,3)    (0.000,4)    (0.800,13)    
Total frac: 1.000

Sketch (28) (cm: eps0: 0.000625, del0: 0.05, min_mem: 16.9921875)
Par: 1, Rows: 3
(0.000,6)    (0.000,1)    (0.000,11)    (0.000,7)    (0.000,2)    (0.000,13)    (0.000,12)    (0.000,3)    (0.000,14)    (1.000,9)    (0.000,5)    (0.000,8)    (0.000,4)    (0.900,10)    
Total frac: 1.900

Sketch (29) (cm: eps0: 0.000625, del0: 0.05, min_mem: 16.9921875)
Par: 1, Rows: 3
(0.000,12)    (0.000,9)    (0.000,5)    (0.000,8)    (0.800,1)    (0.000,10)    (0.376,11)    (0.000,7)    (0.000,0)    (0.524,13)    (1.000,2)    (0.000,3)    
Total frac: 2.700

Sketch (30) (cm: eps0: 0.000625, del0: 0.05, min_mem: 16.9921875)
Par: 1, Rows: 3
(0.000,13)    (0.000,0)    (0.000,11)    (0.000,14)    (0.100,9)    (0.900,12)    (0.000,3)    (0.000,10)    (0.000,6)    (0.000,1)    (0.000,8)    (0.000,4)    
Total frac: 1.000

Sketch (31) (cm: eps0: 0.000625, del0: 0.05, min_mem: 16.9921875)
Par: 1, Rows: 3
(0.000,5)    (0.000,14)    (0.700,12)    (0.000,1)    (0.100,10)    (0.000,6)    (0.000,8)    (0.000,4)    (0.000,13)    (0.000,2)    (0.300,11)    (0.400,7)    (0.000,0)    (0.000,9)    
Total frac: 1.500

Sketch (32) (cm: eps0: 0.000625, del0: 0.05, min_mem: 16.9921875)
Par: 1, Rows: 3
(0.000,13)    (0.000,6)    (0.000,12)    (0.000,5)    (0.900,11)    (0.000,4)    (0.000,10)    (0.900,9)    (0.000,2)    (0.000,8)    (0.000,1)    (0.000,0)    (0.000,7)    (0.000,14)    
Total frac: 1.800

Sketch (33) (cm: eps0: 0.000625, del0: 0.05, min_mem: 16.9921875)
Par: 1, Rows: 3
(0.000,1)    (0.700,8)    (0.000,0)    (0.000,7)    (0.000,13)    (0.000,14)    (0.000,11)    (0.300,12)    (0.000,3)    (0.000,4)    (0.500,9)    (0.000,10)    
Total frac: 1.500

Sketch (34) (cm: eps0: 0.000625, del0: 0.05, min_mem: 16.9921875)
Par: 1, Rows: 3
(0.000,5)    (0.000,10)    (0.000,12)    (0.000,11)    (0.000,8)    (0.000,14)    (1.000,13)    (0.000,0)    (0.000,6)    
Total frac: 1.000

Sketch (35) (cm: eps0: 0.000625, del0: 0.05, min_mem: 16.9921875)
Par: 1, Rows: 3
(0.000,4)    (0.575,13)    (0.900,8)    (0.000,14)    (0.000,5)    (0.000,0)    (0.000,6)    (0.000,7)    (0.000,9)    (0.325,10)    (0.000,11)    (0.000,12)    (0.000,1)    (0.100,2)    
Total frac: 1.900

Sketch (36) (cm: eps0: 0.000625, del0: 0.05, min_mem: 16.9921875)
Par: 1, Rows: 3
(0.000,4)    (0.700,10)    (0.000,0)    (0.000,2)    (0.000,14)    (0.000,6)    (0.000,11)    (0.000,7)    (0.300,13)    (0.000,3)    (0.400,9)    (0.300,12)    (0.200,8)    (0.000,5)    (0.000,1)    
Total frac: 1.900

Sketch (37) (cm: eps0: 0.000625, del0: 0.05, min_mem: 16.9921875)
Par: 1, Rows: 3
(0.000,13)    (0.000,3)    (0.000,9)    (0.000,5)    (0.000,1)    (0.000,12)    (0.100,8)    (0.000,4)    (0.800,10)    (0.000,0)    (0.000,2)    (0.100,14)    (0.000,6)    (0.000,11)    
Total frac: 1.000

Sketch (38) (cm: eps0: 0.000625, del0: 0.05, min_mem: 16.9921875)
Par: 1, Rows: 3
(0.000,8)    (0.000,2)    (0.000,14)    (0.000,4)    (0.000,13)    (0.900,9)    (0.100,11)    (0.000,5)    (0.000,1)    (0.000,7)    (0.900,10)    (0.000,12)    
Total frac: 1.900

Sketch (39) (cm: eps0: 0.000625, del0: 0.05, min_mem: 16.9921875)
Par: 1, Rows: 3
(0.000,9)    (0.000,11)    (0.000,5)    (0.000,1)    (0.000,7)    (0.000,3)    (0.000,10)    (0.000,12)    (0.000,8)    (0.000,2)    (1.000,14)    (0.000,4)    (0.000,0)    (0.000,13)    
Total frac: 1.000

Sketch (40) (cm: eps0: 0.000625, del0: 0.05, min_mem: 16.9921875)
Par: 1, Rows: 3
(0.000,1)    (0.000,9)    (0.000,0)    (0.000,8)    (0.000,7)    (0.000,13)    (0.100,6)    (0.000,12)    (0.000,14)    (0.800,11)    (0.000,5)    (0.000,4)    (0.000,2)    (0.000,10)    
Total frac: 0.900

Sketch (41) (cm: eps0: 0.000625, del0: 0.05, min_mem: 16.9921875)
Par: 1, Rows: 3
(0.000,6)    (0.000,11)    (0.000,12)    (0.200,14)    (0.000,5)    (1.000,3)    (0.000,1)    (0.000,4)    (0.000,2)    (0.000,9)    (0.000,10)    (0.000,0)    (0.000,8)    (0.000,7)    (0.800,13)    
Total frac: 2.000

Sketch (42) (cm: eps0: 0.000625, del0: 0.05, min_mem: 16.9921875)
Par: 1, Rows: 3
(0.000,4)    (0.000,3)    (0.900,13)    (0.000,6)    (0.000,14)    (0.000,7)    (0.000,12)    (0.000,11)    (0.000,10)    (0.000,9)    
Total frac: 0.900

Sketch (43) (cm: eps0: 0.000625, del0: 0.05, min_mem: 16.9921875)
Par: 1, Rows: 3
(0.000,14)    (0.000,5)    (0.900,11)    (0.000,12)    (0.000,1)    (0.100,9)    (0.900,10)    (0.000,3)    (0.000,4)    (0.000,13)    (0.000,0)    (0.000,6)    (0.000,8)    (0.000,7)    
Total frac: 1.900

Sketch (44) (cm: eps0: 0.000625, del0: 0.05, min_mem: 16.9921875)
Par: 1, Rows: 3
(0.000,7)    (0.000,13)    (0.762,12)    (0.000,3)    (0.000,1)    (0.000,9)    (0.000,0)    (0.238,8)    (0.000,5)    (0.000,4)    (0.000,2)    (0.000,10)    (0.000,6)    (0.000,14)    (0.700,11)    
Total frac: 1.700

Sketch (45) (cm: eps0: 0.000625, del0: 0.05, min_mem: 16.9921875)
Par: 1, Rows: 3
(0.013,4)    (0.000,2)    (0.087,10)    (0.000,6)    (0.000,11)    (0.000,7)    (0.100,14)    (0.800,13)    (0.000,3)    (0.000,12)    (0.000,9)    
Total frac: 1.000

Sketch (46) (cm: eps0: 0.000625, del0: 0.05, min_mem: 16.9921875)
Par: 1, Rows: 3
(0.000,11)    (0.000,1)    (0.700,9)    (0.900,5)    (0.000,12)    (0.000,2)    (0.000,3)    (0.000,10)    (0.000,0)    (0.000,6)    (0.000,8)    (0.000,14)    (0.000,4)    (0.000,13)    
Total frac: 1.600

Sketch (47) (cm: eps0: 0.000625, del0: 0.05, min_mem: 16.9921875)
Par: 1, Rows: 3
(0.000,10)    (0.000,0)    (0.000,8)    (0.900,14)    (0.000,13)    (0.000,11)    (0.000,7)    (0.000,9)    (0.000,5)    (0.000,3)    (0.000,12)    
Total frac: 0.900

Sketch (48) (cm: eps0: 0.000625, del0: 0.05, min_mem: 16.9921875)
Par: 1, Rows: 3
(0.000,10)    (0.000,3)    (0.000,14)    (0.000,9)    (1.000,8)    (0.000,13)    (0.000,1)    (0.000,12)    (0.000,5)    (0.000,0)    
Total frac: 1.000

Sketch (49) (cm: eps0: 0.000625, del0: 0.05, min_mem: 16.9921875)
Par: 1, Rows: 3
(0.000,7)    (0.200,13)    (0.000,1)    (0.000,2)    (0.000,5)    (0.600,11)    (0.000,12)    (0.000,3)    (0.000,4)    (0.800,9)    (0.000,10)    (0.000,14)    (0.000,8)    
Total frac: 1.600

Sketch (50) (cm: eps0: 0.000625, del0: 0.05, min_mem: 16.9921875)
Par: 1, Rows: 3
(0.000,12)    (0.000,14)    (0.450,9)    (0.000,0)    (0.000,11)    (0.000,4)    (0.000,3)    (0.350,8)    (0.000,2)    (0.300,13)    (0.000,6)    (0.000,1)    (0.000,5)    (0.250,7)    (0.150,10)    
Total frac: 1.500

Sketch (51) (cm: eps0: 0.000625, del0: 0.05, min_mem: 16.9921875)
Par: 1, Rows: 3
(0.000,13)    (0.000,8)    (0.000,1)    (0.100,2)    (0.000,5)    (0.100,6)    (0.000,7)    (0.900,9)    (0.000,10)    (0.900,11)    (0.000,12)    (0.000,14)    (0.000,0)    (0.000,3)    (0.000,4)    
Total frac: 2.000

Sketch (52) (cm: eps0: 0.000625, del0: 0.05, min_mem: 16.9921875)
Par: 1, Rows: 3
(0.000,6)    (0.600,1)    (0.100,0)    (0.000,11)    (0.000,7)    (0.000,2)    (0.900,13)    (0.000,3)    (0.000,14)    (0.000,9)    (0.000,12)    (0.000,8)    (0.000,5)    (0.000,4)    (0.000,10)    
Total frac: 1.600

Sketch (53) (cm: eps0: 0.000625, del0: 0.05, min_mem: 16.9921875)
Par: 1, Rows: 3
(0.000,5)    (0.000,14)    (0.000,12)    (0.000,8)    (0.000,4)    (0.000,10)    (0.900,11)    (0.000,7)    (0.000,0)    (0.000,13)    
Total frac: 0.900

Sketch (54) (cm: eps0: 0.000625, del0: 0.05, min_mem: 16.9921875)
Par: 1, Rows: 3
(0.000,6)    (0.000,1)    (0.000,2)    (0.900,13)    (0.000,14)    (0.100,9)    (0.000,0)    (0.000,11)    (0.000,5)    (0.000,7)    (0.000,3)    (0.000,10)    (0.000,12)    (0.700,8)    (0.000,4)    
Total frac: 1.700

Sketch (55) (cm: eps0: 0.000625, del0: 0.05, min_mem: 16.9921875)
Par: 1, Rows: 3
(0.000,0)    (0.000,3)    (0.000,10)    (0.800,12)    (0.000,8)    (0.000,1)    (0.000,4)    (0.000,6)    (0.000,13)    (0.000,9)    (0.000,11)    (0.000,5)    (0.200,14)    
Total frac: 1.000

Sketch (56) (cm: eps0: 0.000625, del0: 0.05, min_mem: 16.9921875)
Par: 1, Rows: 3
(0.000,7)    (0.000,13)    (0.000,6)    (0.000,1)    (0.800,12)    (0.000,0)    (0.000,11)    (0.000,5)    (0.000,4)    (0.700,10)    (0.000,3)    (0.200,14)    (0.000,9)    (0.000,8)    
Total frac: 1.700

Sketch (57) (cm: eps0: 0.000625, del0: 0.05, min_mem: 16.9921875)
Par: 1, Rows: 3
(0.000,5)    (0.000,3)    (0.000,4)    (0.700,9)    (0.800,10)    (0.000,14)    (0.000,8)    (0.000,7)    (0.000,13)    (0.000,1)    (0.000,2)    (0.000,6)    (0.000,11)    (0.000,12)    (0.100,0)    
Total frac: 1.600

Sketch (58) (cm: eps0: 0.000625, del0: 0.05, min_mem: 16.9921875)
Par: 1, Rows: 3
(0.000,13)    (0.000,6)    (0.000,7)    (0.000,5)    (0.000,11)    (1.000,10)    (0.000,4)    
Total frac: 1.000

Sketch (59) (cm: eps0: 0.000625, del0: 0.05, min_mem: 16.9921875)
Par: 1, Rows: 3
(0.000,12)    (0.000,0)    (0.000,9)    (0.000,10)    (0.100,14)    (0.000,4)    (0.900,13)    (0.000,1)    (0.000,2)    (0.000,6)    (0.000,8)    (0.000,5)    (0.000,11)    
Total frac: 1.000

Sketch (60) (cm: eps0: 0.000625, del0: 0.05, min_mem: 16.9921875)
Par: 1, Rows: 3
(1.000,14)    (0.000,9)    (0.000,8)    (0.000,5)    (0.000,4)    (0.000,10)    (0.000,6)    (0.000,1)    (0.000,0)    (0.000,11)    (0.000,7)    (0.000,2)    (0.000,13)    (0.000,12)    
Total frac: 1.000

Sketch (61) (cm: eps0: 0.000625, del0: 0.05, min_mem: 16.9921875)
Par: 1, Rows: 3
(0.000,10)    (0.000,6)    (0.000,11)    (0.313,0)    (0.000,13)    (0.000,3)    (0.113,12)    (0.000,9)    (0.587,14)    (0.473,8)    (0.000,4)    (0.113,1)    
Total frac: 1.600

Sketch (62) (cm: eps0: 0.000625, del0: 0.05, min_mem: 16.9921875)
Par: 1, Rows: 3
(0.000,9)    (0.000,5)    (0.537,12)    (0.000,3)    (0.000,10)    (0.000,1)    (0.000,8)    (0.000,4)    (0.000,13)    (0.000,0)    (0.000,11)    (0.000,7)    (0.463,14)    
Total frac: 1.000

Sketch (63) (cm: eps0: 0.000625, del0: 0.05, min_mem: 16.9921875)
Par: 1, Rows: 3
(0.000,8)    (0.000,4)    (0.000,13)    (0.000,2)    (0.000,11)    (0.000,7)    (0.000,0)    (0.000,9)    (0.000,14)    (0.000,3)    (0.900,12)    (0.000,1)    (0.000,10)    (0.000,6)    
Total frac: 0.900

Device (0) CPU1:
cores_sketch: 1.9999999999999996, cores_dpdk: 4.9999999999999964
Rows total: 4.839794334712644
Mem total: 82.238692796875
Throughput: 87.49999999999999

Device (1) CPU2:
cores_sketch: 1.9999999999999996, cores_dpdk: 4.9999999999999964
Rows total: 4.839794334712644
Mem total: 82.238692796875
Throughput: 87.49999999999999

Device (2) CPU3:
cores_sketch: 1.9999999999999996, cores_dpdk: 4.9999999999999964
Rows total: 4.839794334712644
Mem total: 82.238692796875
Throughput: 87.49999999999999

Device (3) CPU4:
cores_sketch: 1.9999999999999996, cores_dpdk: 4.9999999999999964
Rows total: 4.839794334712644
Mem total: 82.238692796875
Throughput: 87.49999999999999

Device (4) CPU5:
cores_sketch: 1.9999999999999996, cores_dpdk: 4.9999999999999964
Rows total: 4.839794334712644
Mem total: 82.238692796875
Throughput: 87.49999999999999

Device (5) CPU6:
cores_sketch: 1.9999999999999996, cores_dpdk: 4.9999999999999964
Rows total: 4.839794334712644
Mem total: 82.238692796875
Throughput: 87.49999999999999

Device (6) CPU7:
cores_sketch: 1.9999999999999996, cores_dpdk: 4.9999999999999964
Rows total: 4.839794334712644
Mem total: 82.238692796875
Throughput: 87.49999999999999

Device (7) CPU8:
cores_sketch: 1.9999999999999996, cores_dpdk: 4.9999999999999964
Rows total: 4.839794334712644
Mem total: 82.238692796875
Throughput: 87.49999999999999

Device (8) tor_P41:
Rows total: 33.89737790318554
Mem total: 575.9906010892856
Throughput: 148.0

Device (9) tor_P42:
Rows total: 33.89737790318554
Mem total: 575.9906010892856
Throughput: 148.0

Device (10) tor_P43:
Rows total: 33.89737790318554
Mem total: 575.9906010892856
Throughput: 148.0

Device (11) tor_P44:
Rows total: 33.89737790318554
Mem total: 575.9906010892856
Throughput: 148.0

Device (12) l1_P41:
Rows total: 33.89737790318554
Mem total: 575.9906010892856
Throughput: 148.0

Device (13) l1_P42:
Rows total: 33.89737790318554
Mem total: 575.9906010892856
Throughput: 148.0

Device (14) l2_P4:
Rows total: 33.89737790318554
Mem total: 575.9906010892856
Throughput: 148.0
--------------------------------------------------
Function: MIP.solve took 0.23395299911499023 seconds
Function: solve took 0.23566770553588867 seconds
