Using license file /home/anup/gurobi.lic
Academic license - for non-commercial use only

--------------------------------------------------
Model update took: 3.886222839355469e-05 seconds
Model optimize took: 0.0013856887817382812 seconds
--------------------------------------------------

Sketch (0) (cm: eps0: 6.25e-06, del0: 0.05, min_mem: 1698.9296875)
Par: 1, Rows: 3
0.897    0.103    
Total frac: 1.000

Sketch (1) (cm: eps0: 0.000625, del0: 0.05, min_mem: 16.9921875)
Par: 1, Rows: 3
1.000    0.000    
Total frac: 1.000

Sketch (2) (cm: eps0: 0.000625, del0: 0.05, min_mem: 16.9921875)
Par: 1, Rows: 3
0.000    1.000    
Total frac: 1.000

Device (0) cpu_1:
Rows total: 5.691240216625357
Mem total: 4623.204462718751

Device (1) p4_1:
Rows total: 3.3087597833746427
Mem total: 575.5377247812495
--------------------------------------------------
Changed value of parameter NonConvex to 2
   Prev: -1  Min: -1  Max: 2  Default: -1

Throughput: 70.0 Mpps, ns per packet: 14.285714285714286
Resources: 83.38191522563515

Sketch (0) (cm: eps0: 6.25e-06, del0: 0.05, min_mem: 1698.9296875)
Par: 1, Rows: 3
0.897    0.103    
Total frac: 1.000

Sketch (1) (cm: eps0: 0.000625, del0: 0.05, min_mem: 16.9921875)
Par: 1, Rows: 3
1.000    0.000    
Total frac: 1.000

Sketch (2) (cm: eps0: 0.000625, del0: 0.05, min_mem: 16.9921875)
Par: 1, Rows: 3
0.000    1.000    
Total frac: 1.000

Device (0) cpu_1:
cores_sketch: 4.0, cores_dpdk: 2.9999999999999996
Rows total: 5.691240216625357
Mem total: 4623.204462718751
Throughput: 70.0

Device (1) p4_1:
Rows total: 3.3087597833746427
Mem total: 575.5377247812495
Throughput: 148.0
--------------------------------------------------
