Using license file /home/anup/gurobi.lic
Academic license - for non-commercial use only

--------------------------------------------------
Model update took: 8.463859558105469e-05 seconds
Model optimize took: 0.0038156509399414062 seconds
--------------------------------------------------

Sketch (0) (cm: eps0: 7.500000000000001e-05, del0: 0.05, min_mem: 141.578125)
Par: 1, Rows: 1
0.000    0.000    0.500    0.500    
Total frac: 1.000
Par: 2, Rows: 1
0.000    0.000    0.500    0.500    
Total frac: 1.000
Par: 3, Rows: 1
0.000    0.000    0.500    0.500    
Total frac: 1.000

Sketch (1) (cm: eps0: 1.25e-06, del0: 0.05, min_mem: 8494.6328125)
Par: 1, Rows: 1
0.484    0.487    0.014    0.014    
Total frac: 1.000
Par: 2, Rows: 1
0.484    0.487    0.014    0.014    
Total frac: 1.000
Par: 3, Rows: 1
0.484    0.487    0.014    0.014    
Total frac: 1.000

Sketch (2) (cm: eps0: 0.000625, del0: 0.025, min_mem: 16.9921875)
Par: 1, Rows: 1
1.000    0.000    0.000    0.000    
Total frac: 1.000
Par: 2, Rows: 1
1.000    0.000    0.000    0.000    
Total frac: 1.000
Par: 3, Rows: 1
1.000    0.000    0.000    0.000    
Total frac: 1.000
Par: 4, Rows: 1
1.000    0.000    0.000    0.000    
Total frac: 1.000

Device (0) cpu_1:
Rows total: 5.453191951167695
Mem total: 12412.30078125

Device (1) cpu_2:
Rows total: 1.461193327036465
Mem total: 12412.30078125

Device (2) p4_1:
Rows total: 1.5428073608979198
Mem total: 576.0

Device (3) p4_2:
Rows total: 1.5428073608979198
Mem total: 576.0
--------------------------------------------------
Changed value of parameter NonConvex to 2
   Prev: -1  Min: -1  Max: 2  Default: -1
Changed value of parameter NonConvex to 2
   Prev: -1  Min: -1  Max: 2  Default: -1

Throughput: 56.00000000000043 Mpps, ns per packet: 17.85714285714272
Resources: 137.80175055087133

Sketch (0) (cm: eps0: 7.500000000000001e-05, del0: 0.05, min_mem: 141.578125)
Par: 1, Rows: 1
0.000    0.000    0.500    0.500    
Total frac: 1.000
Par: 2, Rows: 1
0.000    0.000    0.500    0.500    
Total frac: 1.000
Par: 3, Rows: 1
0.000    0.000    0.500    0.500    
Total frac: 1.000

Sketch (1) (cm: eps0: 1.25e-06, del0: 0.05, min_mem: 8494.6328125)
Par: 1, Rows: 1
0.484    0.487    0.014    0.014    
Total frac: 1.000
Par: 2, Rows: 1
0.484    0.487    0.014    0.014    
Total frac: 1.000
Par: 3, Rows: 1
0.484    0.487    0.014    0.014    
Total frac: 1.000

Sketch (2) (cm: eps0: 0.000625, del0: 0.025, min_mem: 16.9921875)
Par: 1, Rows: 1
1.000    0.000    0.000    0.000    
Total frac: 1.000
Par: 2, Rows: 1
1.000    0.000    0.000    0.000    
Total frac: 1.000
Par: 3, Rows: 1
1.000    0.000    0.000    0.000    
Total frac: 1.000
Par: 4, Rows: 1
1.000    0.000    0.000    0.000    
Total frac: 1.000

Device (0) cpu_1:
cores_sketch: 5.000000000000001, cores_dpdk: 1.9999999999999993
Rows total: 5.453191951167695
Mem total: 12412.30078125
Throughput: 56.00000000000043

Device (1) cpu_2:
cores_sketch: 1.9999999999999998, cores_dpdk: 2.0
Rows total: 1.461193327036465
Mem total: 12412.30078125
Throughput: 56.00000000000043

Device (2) p4_1:
Rows total: 1.5428073608979198
Mem total: 576.0
Throughput: 148.0

Device (3) p4_2:
Rows total: 1.5428073608979198
Mem total: 576.0
Throughput: 148.0
--------------------------------------------------
