Using license file /home/anup/gurobi.lic
Academic license - for non-commercial use only

--------------------------------------------------
Model update took: 3.4809112548828125e-05 seconds
Model optimize took: 0.0009224414825439453 seconds
--------------------------------------------------

VARIABLES ------------------------------
Objective: 6.756756756756757
frac[0,0] 1
frac[1,0] 0
mem[0,0] 101.941
mem[1,0] 0
mem_tot_p4_1 101.941
rows_tot_p4_1 3
mem_tot_p4_2 0
rows_tot_p4_2 0
ns_p4_1 6.75676
ns_p4_2 6.75676
ns 6.75676
res 2.87378
--------------------------------------------------

Throughput: 148.0 Mpps, ns per packet: 6.756756756756757
Resources: 2.873779296875

Sketch (0) (cm: eps0: 0.0003125, del0: 0.05, min_mem: 33.98046875)
Par: 1, Rows: 3
1.000    0.000    
Total frac: 1.000

Device (0) p4_1:
Rows total: 3.0
Mem total: 101.94140625
Throughput: 148.0

Device (1) p4_2:
Rows total: 0.0
Mem total: 0.0
Throughput: 148.0

Flow 0:
queries: [(0, 1)]
path: (0, 1)
--------------------------------------------------
